<?xml version="1.0" encoding="UTF-8"?>
<testsuite name="tourGuide.TestTourGuideService" tests="1" skipped="0" failures="0" errors="0" timestamp="2022-09-14T16:24:18" hostname="LAPTOP-07K44296" time="0.209">
  <properties/>
  <testcase name="getUserLocation" classname="tourGuide.TestTourGuideService" time="0.209"/>
  <system-out><![CDATA[18:24:18.261 [Test worker] INFO tourGuide.service.TourGuideService - TestMode enabled
18:24:18.266 [Test worker] DEBUG tourGuide.service.TourGuideService - Initializing users
18:24:18.268 [Test worker] DEBUG tourGuide.service.TourGuideService - Created 0 internal test users.
18:24:18.269 [Test worker] DEBUG tourGuide.service.TourGuideService - Finished initializing users
18:24:18.280 [pool-1-thread-1] DEBUG tourGuide.tracker.Tracker - Begin Tracker. Tracking 0 users.
18:24:18.281 [pool-1-thread-1] DEBUG tourGuide.tracker.Tracker - Tracker Time Elapsed: 0 seconds.
18:24:18.281 [pool-1-thread-1] DEBUG tourGuide.tracker.Tracker - Tracker sleeping
]]></system-out>
  <system-err><![CDATA[sept. 14, 2022 6:24:18 PM org.javamoney.moneta.DefaultMonetaryContextFactory createMonetaryContextNonNullConfig
INFOS: Using custom MathContext: precision=256, roundingMode=HALF_EVEN
]]></system-err>
</testsuite>
