<?xml version="1.0" encoding="UTF-8"?>
<testsuite name="tourGuide.TestRewardsService" tests="3" skipped="0" failures="0" errors="0" timestamp="2022-10-09T22:08:10" hostname="LAPTOP-07K44296" time="1.844">
  <properties/>
  <testcase name="nearAllAttractions" classname="tourGuide.TestRewardsService" time="1.034"/>
  <testcase name="userGetRewards" classname="tourGuide.TestRewardsService" time="0.794"/>
  <testcase name="isWithinAttractionProximity" classname="tourGuide.TestRewardsService" time="0.014"/>
  <system-out><![CDATA[2022-10-10 00:08:10.505  INFO 93500 --- [    Test worker] tourGuide.service.TourGuideService       : TestMode enabled
2022-10-10 00:08:10.505 DEBUG 93500 --- [    Test worker] tourGuide.service.TourGuideService       : Initializing users
2022-10-10 00:08:10.505 DEBUG 93500 --- [    Test worker] tourGuide.service.TourGuideService       : Created 1 internal test users.
2022-10-10 00:08:10.505 DEBUG 93500 --- [    Test worker] tourGuide.service.TourGuideService       : Finished initializing users
2022-10-10 00:08:10.506 DEBUG 93500 --- [ool-17-thread-1] tourGuide.tracker.Tracker                : Begin Tracker. Tracking 1 users.
2022-10-10 00:08:10.506  INFO 93500 --- [ool-17-thread-1] tourGuide.service.TourGuideService       : Track Location for user internalUser0
2022-10-10 00:08:10.506 DEBUG 93500 --- [ool-17-thread-1] tourGuide.tracker.Tracker                : Tracker Time Elapsed: 0 seconds.
2022-10-10 00:08:10.506 DEBUG 93500 --- [ool-17-thread-1] tourGuide.tracker.Tracker                : Tracker sleeping
2022-10-10 00:08:11.539  INFO 93500 --- [    Test worker] tourGuide.service.TourGuideService       : TestMode enabled
2022-10-10 00:08:11.539 DEBUG 93500 --- [    Test worker] tourGuide.service.TourGuideService       : Initializing users
2022-10-10 00:08:11.539 DEBUG 93500 --- [    Test worker] tourGuide.service.TourGuideService       : Created 0 internal test users.
2022-10-10 00:08:11.539 DEBUG 93500 --- [    Test worker] tourGuide.service.TourGuideService       : Finished initializing users
2022-10-10 00:08:11.539 DEBUG 93500 --- [ool-20-thread-1] tourGuide.tracker.Tracker                : Begin Tracker. Tracking 0 users.
2022-10-10 00:08:11.540 DEBUG 93500 --- [ool-20-thread-1] tourGuide.tracker.Tracker                : Tracker Time Elapsed: 0 seconds.
2022-10-10 00:08:11.540 DEBUG 93500 --- [ool-20-thread-1] tourGuide.tracker.Tracker                : Tracker sleeping
]]></system-out>
  <system-err><![CDATA[]]></system-err>
</testsuite>
