<?xml version="1.0" encoding="UTF-8"?>
<testsuite name="tourGuide.TestTourGuideService" tests="9" skipped="0" failures="0" errors="0" timestamp="2022-10-09T22:08:12" hostname="LAPTOP-07K44296" time="2.63">
  <properties/>
  <testcase name="getUserLocation" classname="tourGuide.TestTourGuideService" time="0.079"/>
  <testcase name="addUser" classname="tourGuide.TestTourGuideService" time="0.0"/>
  <testcase name="getNearByAttractionsList" classname="tourGuide.TestTourGuideService" time="2.308"/>
  <testcase name="getTripDeals" classname="tourGuide.TestTourGuideService" time="0.023"/>
  <testcase name="getAllUsers" classname="tourGuide.TestTourGuideService" time="0.0"/>
  <testcase name="updateUserPreferences" classname="tourGuide.TestTourGuideService" time="0.002"/>
  <testcase name="trackUser" classname="tourGuide.TestTourGuideService" time="0.085"/>
  <testcase name="getNearbyAttractions" classname="tourGuide.TestTourGuideService" time="0.122"/>
  <testcase name="getAllCurrentLocation" classname="tourGuide.TestTourGuideService" time="0.001"/>
  <system-out><![CDATA[2022-10-10 00:08:12.351  INFO 93500 --- [    Test worker] tourGuide.service.TourGuideService       : TestMode enabled
2022-10-10 00:08:12.351 DEBUG 93500 --- [    Test worker] tourGuide.service.TourGuideService       : Initializing users
2022-10-10 00:08:12.351 DEBUG 93500 --- [    Test worker] tourGuide.service.TourGuideService       : Created 0 internal test users.
2022-10-10 00:08:12.351 DEBUG 93500 --- [    Test worker] tourGuide.service.TourGuideService       : Finished initializing users
2022-10-10 00:08:12.351  INFO 93500 --- [    Test worker] tourGuide.service.TourGuideService       : Track Location for user jon
2022-10-10 00:08:12.351 DEBUG 93500 --- [ool-24-thread-1] tourGuide.tracker.Tracker                : Begin Tracker. Tracking 0 users.
2022-10-10 00:08:12.351 DEBUG 93500 --- [ool-24-thread-1] tourGuide.tracker.Tracker                : Tracker Time Elapsed: 0 seconds.
2022-10-10 00:08:12.351 DEBUG 93500 --- [ool-24-thread-1] tourGuide.tracker.Tracker                : Tracker sleeping
2022-10-10 00:08:12.432  INFO 93500 --- [    Test worker] tourGuide.service.TourGuideService       : TestMode enabled
2022-10-10 00:08:12.432 DEBUG 93500 --- [    Test worker] tourGuide.service.TourGuideService       : Initializing users
2022-10-10 00:08:12.432 DEBUG 93500 --- [    Test worker] tourGuide.service.TourGuideService       : Created 0 internal test users.
2022-10-10 00:08:12.432 DEBUG 93500 --- [    Test worker] tourGuide.service.TourGuideService       : Finished initializing users
2022-10-10 00:08:12.432 DEBUG 93500 --- [ool-27-thread-1] tourGuide.tracker.Tracker                : Begin Tracker. Tracking 2 users.
2022-10-10 00:08:12.432  INFO 93500 --- [ool-27-thread-1] tourGuide.service.TourGuideService       : Track Location for user jon
2022-10-10 00:08:12.432  INFO 93500 --- [    Test worker] tourGuide.service.TourGuideService       : TestMode enabled
2022-10-10 00:08:12.432 DEBUG 93500 --- [    Test worker] tourGuide.service.TourGuideService       : Initializing users
2022-10-10 00:08:12.432  INFO 93500 --- [ool-27-thread-1] tourGuide.service.TourGuideService       : Track Location for user jon2
2022-10-10 00:08:12.432 DEBUG 93500 --- [    Test worker] tourGuide.service.TourGuideService       : Created 1 internal test users.
2022-10-10 00:08:12.432 DEBUG 93500 --- [ool-27-thread-1] tourGuide.tracker.Tracker                : Tracker Time Elapsed: 0 seconds.
2022-10-10 00:08:12.432 DEBUG 93500 --- [    Test worker] tourGuide.service.TourGuideService       : Finished initializing users
2022-10-10 00:08:12.432 DEBUG 93500 --- [ool-27-thread-1] tourGuide.tracker.Tracker                : Tracker sleeping
2022-10-10 00:08:12.434 DEBUG 93500 --- [ool-30-thread-1] tourGuide.tracker.Tracker                : Begin Tracker. Tracking 1 users.
2022-10-10 00:08:12.434  INFO 93500 --- [ool-30-thread-1] tourGuide.service.TourGuideService       : Track Location for user internalUser0
2022-10-10 00:08:12.434 DEBUG 93500 --- [ool-30-thread-1] tourGuide.tracker.Tracker                : Tracker Time Elapsed: 0 seconds.
2022-10-10 00:08:12.434 DEBUG 93500 --- [ool-30-thread-1] tourGuide.tracker.Tracker                : Tracker sleeping
2022-10-10 00:08:12.445  INFO 93500 --- [    Test worker] tourGuide.service.TourGuideService       : [gpsUtil.location.Attraction@4fa0c6d3, gpsUtil.location.Attraction@48c2b403, gpsUtil.location.Attraction@45d71689, gpsUtil.location.Attraction@4eeb988d, gpsUtil.location.Attraction@7b459dd, gpsUtil.location.Attraction@5a0b8784, gpsUtil.location.Attraction@2715b112, gpsUtil.location.Attraction@35286a8d, gpsUtil.location.Attraction@1077a744, gpsUtil.location.Attraction@16463569, gpsUtil.location.Attraction@1c518b92, gpsUtil.location.Attraction@6a5be697, gpsUtil.location.Attraction@47bb311f, gpsUtil.location.Attraction@6071a9fc, gpsUtil.location.Attraction@706cb37b, gpsUtil.location.Attraction@45368cbf, gpsUtil.location.Attraction@5b9b7ecf, gpsUtil.location.Attraction@36481209, gpsUtil.location.Attraction@23aa88d0, gpsUtil.location.Attraction@5208ab6e, gpsUtil.location.Attraction@5265dae6, gpsUtil.location.Attraction@24cb42f9, gpsUtil.location.Attraction@5350b2b8, gpsUtil.location.Attraction@44942067, gpsUtil.location.Attraction@38da70f9, gpsUtil.location.Attraction@46f83191]
2022-10-10 00:08:14.740  INFO 93500 --- [    Test worker] tourGuide.service.TourGuideService       : TestMode enabled
2022-10-10 00:08:14.740 DEBUG 93500 --- [    Test worker] tourGuide.service.TourGuideService       : Initializing users
2022-10-10 00:08:14.740 DEBUG 93500 --- [    Test worker] tourGuide.service.TourGuideService       : Created 0 internal test users.
2022-10-10 00:08:14.740 DEBUG 93500 --- [    Test worker] tourGuide.service.TourGuideService       : Finished initializing users
2022-10-10 00:08:14.741 DEBUG 93500 --- [ool-33-thread-1] tourGuide.tracker.Tracker                : Begin Tracker. Tracking 0 users.
2022-10-10 00:08:14.741 DEBUG 93500 --- [ool-33-thread-1] tourGuide.tracker.Tracker                : Tracker Time Elapsed: 0 seconds.
2022-10-10 00:08:14.741 DEBUG 93500 --- [ool-33-thread-1] tourGuide.tracker.Tracker                : Tracker sleeping
2022-10-10 00:08:14.765  INFO 93500 --- [    Test worker] tourGuide.service.TourGuideService       : TestMode enabled
2022-10-10 00:08:14.765 DEBUG 93500 --- [    Test worker] tourGuide.service.TourGuideService       : Initializing users
2022-10-10 00:08:14.765 DEBUG 93500 --- [    Test worker] tourGuide.service.TourGuideService       : Created 0 internal test users.
2022-10-10 00:08:14.765 DEBUG 93500 --- [    Test worker] tourGuide.service.TourGuideService       : Finished initializing users
2022-10-10 00:08:14.766  INFO 93500 --- [    Test worker] tourGuide.service.TourGuideService       : TestMode enabled
2022-10-10 00:08:14.766 DEBUG 93500 --- [    Test worker] tourGuide.service.TourGuideService       : Initializing users
2022-10-10 00:08:14.766 DEBUG 93500 --- [ool-36-thread-1] tourGuide.tracker.Tracker                : Shutting down tracker
2022-10-10 00:08:14.766 DEBUG 93500 --- [    Test worker] tourGuide.service.TourGuideService       : Created 1 internal test users.
2022-10-10 00:08:14.766 DEBUG 93500 --- [    Test worker] tourGuide.service.TourGuideService       : Finished initializing users
2022-10-10 00:08:14.768 DEBUG 93500 --- [ool-39-thread-1] tourGuide.tracker.Tracker                : Begin Tracker. Tracking 1 users.
2022-10-10 00:08:14.768  INFO 93500 --- [ool-39-thread-1] tourGuide.service.TourGuideService       : Track Location for user internalUser0
2022-10-10 00:08:14.768  INFO 93500 --- [    Test worker] tourGuide.service.TourGuideService       : TestMode enabled
2022-10-10 00:08:14.768 DEBUG 93500 --- [    Test worker] tourGuide.service.TourGuideService       : Initializing users
2022-10-10 00:08:14.768 DEBUG 93500 --- [    Test worker] tourGuide.service.TourGuideService       : Created 0 internal test users.
2022-10-10 00:08:14.768 DEBUG 93500 --- [ool-39-thread-1] tourGuide.tracker.Tracker                : Tracker Time Elapsed: 0 seconds.
2022-10-10 00:08:14.768 DEBUG 93500 --- [    Test worker] tourGuide.service.TourGuideService       : Finished initializing users
2022-10-10 00:08:14.768 DEBUG 93500 --- [ool-39-thread-1] tourGuide.tracker.Tracker                : Tracker sleeping
2022-10-10 00:08:14.769  INFO 93500 --- [    Test worker] tourGuide.service.TourGuideService       : Track Location for user jon
2022-10-10 00:08:14.769 DEBUG 93500 --- [ool-42-thread-1] tourGuide.tracker.Tracker                : Begin Tracker. Tracking 0 users.
2022-10-10 00:08:14.769 DEBUG 93500 --- [ool-42-thread-1] tourGuide.tracker.Tracker                : Tracker Time Elapsed: 0 seconds.
2022-10-10 00:08:14.769 DEBUG 93500 --- [ool-42-thread-1] tourGuide.tracker.Tracker                : Tracker sleeping
2022-10-10 00:08:14.856  INFO 93500 --- [    Test worker] tourGuide.service.TourGuideService       : TestMode enabled
2022-10-10 00:08:14.856 DEBUG 93500 --- [    Test worker] tourGuide.service.TourGuideService       : Initializing users
2022-10-10 00:08:14.856 DEBUG 93500 --- [    Test worker] tourGuide.service.TourGuideService       : Created 0 internal test users.
2022-10-10 00:08:14.856 DEBUG 93500 --- [    Test worker] tourGuide.service.TourGuideService       : Finished initializing users
2022-10-10 00:08:14.856  INFO 93500 --- [    Test worker] tourGuide.service.TourGuideService       : Track Location for user jon
2022-10-10 00:08:14.856 DEBUG 93500 --- [ool-45-thread-1] tourGuide.tracker.Tracker                : Begin Tracker. Tracking 0 users.
2022-10-10 00:08:14.856 DEBUG 93500 --- [ool-45-thread-1] tourGuide.tracker.Tracker                : Tracker Time Elapsed: 0 seconds.
2022-10-10 00:08:14.856 DEBUG 93500 --- [ool-45-thread-1] tourGuide.tracker.Tracker                : Tracker sleeping
2022-10-10 00:08:14.978  INFO 93500 --- [    Test worker] tourGuide.service.TourGuideService       : [gpsUtil.location.Attraction@54ea22, gpsUtil.location.Attraction@75088151, gpsUtil.location.Attraction@33416cc, gpsUtil.location.Attraction@7efbd435, gpsUtil.location.Attraction@59d92432, gpsUtil.location.Attraction@68ea2451, gpsUtil.location.Attraction@4bcbddf6, gpsUtil.location.Attraction@6b31e2c6, gpsUtil.location.Attraction@7b59a326, gpsUtil.location.Attraction@42a8d8b0, gpsUtil.location.Attraction@5719897e, gpsUtil.location.Attraction@33da7689, gpsUtil.location.Attraction@5acb347, gpsUtil.location.Attraction@145961a, gpsUtil.location.Attraction@1a8cbd35, gpsUtil.location.Attraction@7a82fed3, gpsUtil.location.Attraction@1a545c4f, gpsUtil.location.Attraction@378cec59, gpsUtil.location.Attraction@48169a88, gpsUtil.location.Attraction@258f913f, gpsUtil.location.Attraction@1d8107e5, gpsUtil.location.Attraction@4d3fde28, gpsUtil.location.Attraction@3181dfdd, gpsUtil.location.Attraction@68dea6bb, gpsUtil.location.Attraction@7df52a6a, gpsUtil.location.Attraction@4e087562]
2022-10-10 00:08:14.980  INFO 93500 --- [    Test worker] tourGuide.service.TourGuideService       : TestMode enabled
2022-10-10 00:08:14.980 DEBUG 93500 --- [    Test worker] tourGuide.service.TourGuideService       : Initializing users
2022-10-10 00:08:14.980 DEBUG 93500 --- [    Test worker] tourGuide.service.TourGuideService       : Created 1 internal test users.
2022-10-10 00:08:14.980 DEBUG 93500 --- [    Test worker] tourGuide.service.TourGuideService       : Finished initializing users
]]></system-out>
  <system-err><![CDATA[]]></system-err>
</testsuite>
