<?xml version="1.0" encoding="UTF-8"?>
<testsuite name="tourGuide.TestRewardsService" tests="3" skipped="0" failures="0" errors="0" timestamp="2022-10-05T15:54:54" hostname="LAPTOP-07K44296" time="1.464">
  <properties/>
  <testcase name="nearAllAttractions" classname="tourGuide.TestRewardsService" time="1.024"/>
  <testcase name="userGetRewards" classname="tourGuide.TestRewardsService" time="0.423"/>
  <testcase name="isWithinAttractionProximity" classname="tourGuide.TestRewardsService" time="0.017"/>
  <system-out><![CDATA[2022-10-05 17:54:54.453  INFO 110320 --- [    Test worker] tourGuide.service.TourGuideService       : TestMode enabled
2022-10-05 17:54:54.453 DEBUG 110320 --- [    Test worker] tourGuide.service.TourGuideService       : Initializing users
2022-10-05 17:54:54.453 DEBUG 110320 --- [    Test worker] tourGuide.service.TourGuideService       : Created 1 internal test users.
2022-10-05 17:54:54.453 DEBUG 110320 --- [    Test worker] tourGuide.service.TourGuideService       : Finished initializing users
2022-10-05 17:54:54.453 DEBUG 110320 --- [ool-13-thread-1] tourGuide.tracker.Tracker                : Begin Tracker. Tracking 1 users.
2022-10-05 17:54:54.454  INFO 110320 --- [ool-13-thread-1] tourGuide.service.TourGuideService       : Track Location for user internalUser0
2022-10-05 17:54:54.454 DEBUG 110320 --- [ool-13-thread-1] tourGuide.tracker.Tracker                : Tracker Time Elapsed: 0 seconds.
2022-10-05 17:54:54.454 DEBUG 110320 --- [ool-13-thread-1] tourGuide.tracker.Tracker                : Tracker sleeping
2022-10-05 17:54:55.477  INFO 110320 --- [    Test worker] tourGuide.service.TourGuideService       : TestMode enabled
2022-10-05 17:54:55.477 DEBUG 110320 --- [    Test worker] tourGuide.service.TourGuideService       : Initializing users
2022-10-05 17:54:55.477 DEBUG 110320 --- [    Test worker] tourGuide.service.TourGuideService       : Created 0 internal test users.
2022-10-05 17:54:55.477 DEBUG 110320 --- [    Test worker] tourGuide.service.TourGuideService       : Finished initializing users
2022-10-05 17:54:55.477 DEBUG 110320 --- [ool-16-thread-1] tourGuide.tracker.Tracker                : Begin Tracker. Tracking 0 users.
2022-10-05 17:54:55.477 DEBUG 110320 --- [ool-16-thread-1] tourGuide.tracker.Tracker                : Tracker Time Elapsed: 0 seconds.
2022-10-05 17:54:55.477 DEBUG 110320 --- [ool-16-thread-1] tourGuide.tracker.Tracker                : Tracker sleeping
]]></system-out>
  <system-err><![CDATA[]]></system-err>
</testsuite>
