<?xml version="1.0" encoding="UTF-8"?>
<testsuite name="tourGuide.TestTourGuideService" tests="6" skipped="0" failures="0" errors="0" timestamp="2022-10-03T07:47:31" hostname="LAPTOP-BLPUO737" time="0.399">
  <properties/>
  <testcase name="getUserLocation" classname="tourGuide.TestTourGuideService" time="0.108"/>
  <testcase name="addUser" classname="tourGuide.TestTourGuideService" time="0.005"/>
  <testcase name="getTripDeals" classname="tourGuide.TestTourGuideService" time="0.052"/>
  <testcase name="getAllUsers" classname="tourGuide.TestTourGuideService" time="0.003"/>
  <testcase name="trackUser" classname="tourGuide.TestTourGuideService" time="0.083"/>
  <testcase name="getNearbyAttractions" classname="tourGuide.TestTourGuideService" time="0.147"/>
  <system-out><![CDATA[2022-10-03 09:47:31.678  INFO 18340 --- [    Test worker] tourGuide.service.TourGuideService       : TestMode enabled
2022-10-03 09:47:31.678 DEBUG 18340 --- [    Test worker] tourGuide.service.TourGuideService       : Initializing users
2022-10-03 09:47:31.678 DEBUG 18340 --- [    Test worker] tourGuide.service.TourGuideService       : Created 0 internal test users.
2022-10-03 09:47:31.678 DEBUG 18340 --- [    Test worker] tourGuide.service.TourGuideService       : Finished initializing users
2022-10-03 09:47:31.683  INFO 18340 --- [    Test worker] tourGuide.service.TourGuideService       : Track Location for user jon
2022-10-03 09:47:31.689 DEBUG 18340 --- [ool-20-thread-1] tourGuide.tracker.Tracker                : Begin Tracker. Tracking 0 users.
2022-10-03 09:47:31.689 DEBUG 18340 --- [ool-20-thread-1] tourGuide.tracker.Tracker                : Tracker Time Elapsed: 0 seconds.
2022-10-03 09:47:31.690 DEBUG 18340 --- [ool-20-thread-1] tourGuide.tracker.Tracker                : Tracker sleeping
2022-10-03 09:47:31.788  INFO 18340 --- [    Test worker] tourGuide.service.TourGuideService       : TestMode enabled
2022-10-03 09:47:31.788 DEBUG 18340 --- [    Test worker] tourGuide.service.TourGuideService       : Initializing users
2022-10-03 09:47:31.788 DEBUG 18340 --- [    Test worker] tourGuide.service.TourGuideService       : Created 0 internal test users.
2022-10-03 09:47:31.788 DEBUG 18340 --- [    Test worker] tourGuide.service.TourGuideService       : Finished initializing users
2022-10-03 09:47:31.791 DEBUG 18340 --- [ool-23-thread-1] tourGuide.tracker.Tracker                : Shutting down tracker
2022-10-03 09:47:31.792  INFO 18340 --- [    Test worker] tourGuide.service.TourGuideService       : TestMode enabled
2022-10-03 09:47:31.792 DEBUG 18340 --- [    Test worker] tourGuide.service.TourGuideService       : Initializing users
2022-10-03 09:47:31.792 DEBUG 18340 --- [    Test worker] tourGuide.service.TourGuideService       : Created 0 internal test users.
2022-10-03 09:47:31.792 DEBUG 18340 --- [    Test worker] tourGuide.service.TourGuideService       : Finished initializing users
2022-10-03 09:47:31.794 DEBUG 18340 --- [ool-26-thread-1] tourGuide.tracker.Tracker                : Begin Tracker. Tracking 0 users.
2022-10-03 09:47:31.795 DEBUG 18340 --- [ool-26-thread-1] tourGuide.tracker.Tracker                : Tracker Time Elapsed: 0 seconds.
2022-10-03 09:47:31.795 DEBUG 18340 --- [ool-26-thread-1] tourGuide.tracker.Tracker                : Tracker sleeping
2022-10-03 09:47:31.844  INFO 18340 --- [    Test worker] tourGuide.service.TourGuideService       : TestMode enabled
2022-10-03 09:47:31.845 DEBUG 18340 --- [    Test worker] tourGuide.service.TourGuideService       : Initializing users
2022-10-03 09:47:31.845 DEBUG 18340 --- [    Test worker] tourGuide.service.TourGuideService       : Created 0 internal test users.
2022-10-03 09:47:31.845 DEBUG 18340 --- [    Test worker] tourGuide.service.TourGuideService       : Finished initializing users
2022-10-03 09:47:31.847 DEBUG 18340 --- [ool-29-thread-1] tourGuide.tracker.Tracker                : Begin Tracker. Tracking 0 users.
2022-10-03 09:47:31.847 DEBUG 18340 --- [ool-29-thread-1] tourGuide.tracker.Tracker                : Tracker Time Elapsed: 0 seconds.
2022-10-03 09:47:31.847 DEBUG 18340 --- [ool-29-thread-1] tourGuide.tracker.Tracker                : Tracker sleeping
2022-10-03 09:47:31.848  INFO 18340 --- [    Test worker] tourGuide.service.TourGuideService       : TestMode enabled
2022-10-03 09:47:31.848 DEBUG 18340 --- [    Test worker] tourGuide.service.TourGuideService       : Initializing users
2022-10-03 09:47:31.848 DEBUG 18340 --- [    Test worker] tourGuide.service.TourGuideService       : Created 0 internal test users.
2022-10-03 09:47:31.848 DEBUG 18340 --- [    Test worker] tourGuide.service.TourGuideService       : Finished initializing users
2022-10-03 09:47:31.850  INFO 18340 --- [    Test worker] tourGuide.service.TourGuideService       : Track Location for user jon
2022-10-03 09:47:31.850 DEBUG 18340 --- [ool-32-thread-1] tourGuide.tracker.Tracker                : Begin Tracker. Tracking 0 users.
2022-10-03 09:47:31.850 DEBUG 18340 --- [ool-32-thread-1] tourGuide.tracker.Tracker                : Tracker Time Elapsed: 0 seconds.
2022-10-03 09:47:31.850 DEBUG 18340 --- [ool-32-thread-1] tourGuide.tracker.Tracker                : Tracker sleeping
2022-10-03 09:47:31.930  INFO 18340 --- [    Test worker] tourGuide.service.TourGuideService       : TestMode enabled
2022-10-03 09:47:31.931 DEBUG 18340 --- [    Test worker] tourGuide.service.TourGuideService       : Initializing users
2022-10-03 09:47:31.931 DEBUG 18340 --- [    Test worker] tourGuide.service.TourGuideService       : Created 0 internal test users.
2022-10-03 09:47:31.931 DEBUG 18340 --- [    Test worker] tourGuide.service.TourGuideService       : Finished initializing users
2022-10-03 09:47:31.933  INFO 18340 --- [    Test worker] tourGuide.service.TourGuideService       : Track Location for user jon
2022-10-03 09:47:31.933 DEBUG 18340 --- [ool-35-thread-1] tourGuide.tracker.Tracker                : Begin Tracker. Tracking 0 users.
2022-10-03 09:47:31.933 DEBUG 18340 --- [ool-35-thread-1] tourGuide.tracker.Tracker                : Tracker Time Elapsed: 0 seconds.
2022-10-03 09:47:31.934 DEBUG 18340 --- [ool-35-thread-1] tourGuide.tracker.Tracker                : Tracker sleeping
2022-10-03 09:47:32.076  INFO 18340 --- [    Test worker] tourGuide.service.TourGuideService       : [gpsUtil.location.Attraction@1ac68d7d, gpsUtil.location.Attraction@e3863a22, gpsUtil.location.Attraction@4a21cdb8, gpsUtil.location.Attraction@7c2a15f3, gpsUtil.location.Attraction@d79a53b2, gpsUtil.location.Attraction@bebcbc5f, gpsUtil.location.Attraction@df5c2165, gpsUtil.location.Attraction@68e89be, gpsUtil.location.Attraction@79f56418, gpsUtil.location.Attraction@8cb3bc28, gpsUtil.location.Attraction@44985e39, gpsUtil.location.Attraction@1dde0649, gpsUtil.location.Attraction@984c2e6e, gpsUtil.location.Attraction@a7f67d4a, gpsUtil.location.Attraction@e213900f, gpsUtil.location.Attraction@73376f89, gpsUtil.location.Attraction@55375d9, gpsUtil.location.Attraction@a9beb219, gpsUtil.location.Attraction@b57c92de, gpsUtil.location.Attraction@c7e99a04, gpsUtil.location.Attraction@3ccd7a28, gpsUtil.location.Attraction@948867b8, gpsUtil.location.Attraction@85a7afce, gpsUtil.location.Attraction@a86847ca, gpsUtil.location.Attraction@5839f6ce, gpsUtil.location.Attraction@983f676e]
]]></system-out>
  <system-err><![CDATA[]]></system-err>
</testsuite>
