<?xml version="1.0" encoding="UTF-8"?>
<testsuite name="tourGuide.TestPerformance" tests="2" skipped="0" failures="0" errors="0" timestamp="2022-10-02T21:12:31" hostname="LAPTOP-07K44296" time="42.301">
  <properties/>
  <testcase name="highVolumeTrackLocation" classname="tourGuide.TestPerformance" time="30.725"/>
  <testcase name="highVolumeGetRewards" classname="tourGuide.TestPerformance" time="11.576"/>
  <system-out><![CDATA[23:12:28.448 [Test worker] DEBUG org.springframework.test.context.junit4.SpringJUnit4ClassRunner - SpringJUnit4ClassRunner constructor called with [class tourGuide.TestPerformance]
23:12:28.458 [Test worker] DEBUG org.springframework.test.context.BootstrapUtils - Instantiating CacheAwareContextLoaderDelegate from class [org.springframework.test.context.cache.DefaultCacheAwareContextLoaderDelegate]
23:12:28.470 [Test worker] DEBUG org.springframework.test.context.BootstrapUtils - Instantiating BootstrapContext using constructor [public org.springframework.test.context.support.DefaultBootstrapContext(java.lang.Class,org.springframework.test.context.CacheAwareContextLoaderDelegate)]
23:12:28.496 [Test worker] DEBUG org.springframework.test.context.BootstrapUtils - Instantiating TestContextBootstrapper for test class [tourGuide.TestPerformance] from class [org.springframework.boot.test.context.SpringBootTestContextBootstrapper]
23:12:28.511 [Test worker] INFO org.springframework.boot.test.context.SpringBootTestContextBootstrapper - Neither @ContextConfiguration nor @ContextHierarchy found for test class [tourGuide.TestPerformance], using SpringBootContextLoader
23:12:28.518 [Test worker] DEBUG org.springframework.test.context.support.AbstractContextLoader - Did not detect default resource location for test class [tourGuide.TestPerformance]: class path resource [tourGuide/TestPerformance-context.xml] does not exist
23:12:28.518 [Test worker] DEBUG org.springframework.test.context.support.AbstractContextLoader - Did not detect default resource location for test class [tourGuide.TestPerformance]: class path resource [tourGuide/TestPerformanceContext.groovy] does not exist
23:12:28.518 [Test worker] INFO org.springframework.test.context.support.AbstractContextLoader - Could not detect default resource locations for test class [tourGuide.TestPerformance]: no resource found for suffixes {-context.xml, Context.groovy}.
23:12:28.519 [Test worker] INFO org.springframework.test.context.support.AnnotationConfigContextLoaderUtils - Could not detect default configuration classes for test class [tourGuide.TestPerformance]: TestPerformance does not declare any static, non-private, non-final, nested classes annotated with @Configuration.
23:12:28.574 [Test worker] DEBUG org.springframework.test.context.support.ActiveProfilesUtils - Could not find an 'annotation declaring class' for annotation type [org.springframework.test.context.ActiveProfiles] and class [tourGuide.TestPerformance]
23:12:28.736 [Test worker] DEBUG org.springframework.context.annotation.ClassPathScanningCandidateComponentProvider - Identified candidate component class: file [C:\Users\ooBri\3D Objects\#Openclassroom\Projet\OC-JAVA-P8\TourGuide\build\classes\java\main\tourGuide\Application.class]
23:12:28.776 [Test worker] INFO org.springframework.boot.test.context.SpringBootTestContextBootstrapper - Found @SpringBootConfiguration tourGuide.Application for test class tourGuide.TestPerformance
23:12:28.913 [Test worker] DEBUG org.springframework.boot.test.context.SpringBootTestContextBootstrapper - @TestExecutionListeners is not present for class [tourGuide.TestPerformance]: using defaults.
23:12:28.914 [Test worker] INFO org.springframework.boot.test.context.SpringBootTestContextBootstrapper - Loaded default TestExecutionListener class names from location [META-INF/spring.factories]: [org.springframework.boot.test.autoconfigure.restdocs.RestDocsTestExecutionListener, org.springframework.boot.test.autoconfigure.web.client.MockRestServiceServerResetTestExecutionListener, org.springframework.boot.test.autoconfigure.web.servlet.MockMvcPrintOnlyOnFailureTestExecutionListener, org.springframework.boot.test.autoconfigure.web.servlet.WebDriverTestExecutionListener, org.springframework.boot.test.mock.mockito.MockitoTestExecutionListener, org.springframework.boot.test.mock.mockito.ResetMocksTestExecutionListener, org.springframework.test.context.web.ServletTestExecutionListener, org.springframework.test.context.support.DirtiesContextBeforeModesTestExecutionListener, org.springframework.test.context.support.DependencyInjectionTestExecutionListener, org.springframework.test.context.support.DirtiesContextTestExecutionListener, org.springframework.test.context.transaction.TransactionalTestExecutionListener, org.springframework.test.context.jdbc.SqlScriptsTestExecutionListener]
23:12:28.927 [Test worker] DEBUG org.springframework.boot.test.context.SpringBootTestContextBootstrapper - Skipping candidate TestExecutionListener [org.springframework.test.context.transaction.TransactionalTestExecutionListener] due to a missing dependency. Specify custom listener classes or make the default listener classes and their required dependencies available. Offending class: [org/springframework/transaction/interceptor/TransactionAttributeSource]
23:12:28.927 [Test worker] DEBUG org.springframework.boot.test.context.SpringBootTestContextBootstrapper - Skipping candidate TestExecutionListener [org.springframework.test.context.jdbc.SqlScriptsTestExecutionListener] due to a missing dependency. Specify custom listener classes or make the default listener classes and their required dependencies available. Offending class: [org/springframework/transaction/interceptor/TransactionAttribute]
23:12:28.928 [Test worker] INFO org.springframework.boot.test.context.SpringBootTestContextBootstrapper - Using TestExecutionListeners: [org.springframework.test.context.web.ServletTestExecutionListener@3c3e4c0c, org.springframework.test.context.support.DirtiesContextBeforeModesTestExecutionListener@65cb1d72, org.springframework.boot.test.mock.mockito.MockitoTestExecutionListener@10def6f6, org.springframework.boot.test.autoconfigure.SpringBootDependencyInjectionTestExecutionListener@11041765, org.springframework.test.context.support.DirtiesContextTestExecutionListener@5f947765, org.springframework.boot.test.autoconfigure.restdocs.RestDocsTestExecutionListener@6209d168, org.springframework.boot.test.autoconfigure.web.client.MockRestServiceServerResetTestExecutionListener@507e299, org.springframework.boot.test.autoconfigure.web.servlet.MockMvcPrintOnlyOnFailureTestExecutionListener@34097263, org.springframework.boot.test.autoconfigure.web.servlet.WebDriverTestExecutionListener@48da04d8, org.springframework.boot.test.mock.mockito.ResetMocksTestExecutionListener@64f40e3a]
23:12:28.931 [Test worker] DEBUG org.springframework.test.annotation.ProfileValueUtils - Retrieved @ProfileValueSourceConfiguration [null] for test class [tourGuide.TestPerformance]
23:12:28.932 [Test worker] DEBUG org.springframework.test.annotation.ProfileValueUtils - Retrieved ProfileValueSource type [class org.springframework.test.annotation.SystemProfileValueSource] for class [tourGuide.TestPerformance]
23:12:28.932 [Test worker] DEBUG org.springframework.test.annotation.ProfileValueUtils - Retrieved @ProfileValueSourceConfiguration [null] for test class [tourGuide.TestPerformance]
23:12:28.932 [Test worker] DEBUG org.springframework.test.annotation.ProfileValueUtils - Retrieved ProfileValueSource type [class org.springframework.test.annotation.SystemProfileValueSource] for class [tourGuide.TestPerformance]
23:12:28.938 [Test worker] DEBUG org.springframework.test.context.support.AbstractDirtiesContextTestExecutionListener - Before test class: context [DefaultTestContext@2c2067f1 testClass = TestPerformance, testInstance = [null], testMethod = [null], testException = [null], mergedContextConfiguration = [WebMergedContextConfiguration@7834c44f testClass = TestPerformance, locations = '{}', classes = '{class tourGuide.Application}', contextInitializerClasses = '[]', activeProfiles = '{}', propertySourceLocations = '{}', propertySourceProperties = '{org.springframework.boot.test.context.SpringBootTestContextBootstrapper=true}', contextCustomizers = set[org.springframework.boot.test.autoconfigure.properties.PropertyMappingContextCustomizer@0, org.springframework.boot.test.autoconfigure.web.servlet.WebDriverContextCustomizerFactory$Customizer@3f60e233, org.springframework.boot.test.context.filter.ExcludeFilterContextCustomizer@460a1b6a, org.springframework.boot.test.json.DuplicateJsonObjectContextCustomizerFactory$DuplicateJsonObjectContextCustomizer@5b2fe6af, org.springframework.boot.test.mock.mockito.MockitoContextCustomizer@0, org.springframework.boot.test.web.client.TestRestTemplateContextCustomizer@3c3fd8c4], resourceBasePath = 'src/main/webapp', contextLoader = 'org.springframework.boot.test.context.SpringBootContextLoader', parent = [null]], attributes = map['org.springframework.test.context.web.ServletTestExecutionListener.activateListener' -> true]], class annotated with @DirtiesContext [false] with mode [null].
23:12:28.939 [Test worker] DEBUG org.springframework.test.annotation.ProfileValueUtils - Retrieved @ProfileValueSourceConfiguration [null] for test class [tourGuide.TestPerformance]
23:12:28.940 [Test worker] DEBUG org.springframework.test.annotation.ProfileValueUtils - Retrieved ProfileValueSource type [class org.springframework.test.annotation.SystemProfileValueSource] for class [tourGuide.TestPerformance]
23:12:28.973 [Test worker] DEBUG org.springframework.test.context.support.TestPropertySourceUtils - Adding inlined properties to environment: {spring.jmx.enabled=false, org.springframework.boot.test.context.SpringBootTestContextBootstrapper=true, server.port=-1}

  .   ____          _            __ _ _
 /\\ / ___'_ __ _ _(_)_ __  __ _ \ \ \ \
( ( )\___ | '_ | '_| | '_ \/ _` | \ \ \ \
 \\/  ___)| |_)| | | | | || (_| |  ) ) ) )
  '  |____| .__|_| |_|_| |_\__, | / / / /
 =========|_|==============|___/=/_/_/_/
 :: Spring Boot ::        (v2.1.6.RELEASE)

2022-10-02 23:12:29.324  INFO 75568 --- [    Test worker] tourGuide.TestPerformance                : Starting TestPerformance on LAPTOP-07K44296 with PID 75568 (started by ooBri in C:\Users\ooBri\3D Objects\#Openclassroom\Projet\OC-JAVA-P8\TourGuide)
2022-10-02 23:12:29.325 DEBUG 75568 --- [    Test worker] tourGuide.TestPerformance                : Running with Spring Boot v2.1.6.RELEASE, Spring v5.1.8.RELEASE
2022-10-02 23:12:29.326  INFO 75568 --- [    Test worker] tourGuide.TestPerformance                : No active profile set, falling back to default profiles: default
2022-10-02 23:12:30.532  INFO 75568 --- [    Test worker] tourGuide.service.TourGuideService       : TestMode enabled
2022-10-02 23:12:30.532 DEBUG 75568 --- [    Test worker] tourGuide.service.TourGuideService       : Initializing users
2022-10-02 23:12:30.553  INFO 75568 --- [    Test worker] o.j.m.DefaultMonetaryContextFactory      : Using custom MathContext: precision=256, roundingMode=HALF_EVEN
2022-10-02 23:12:30.573 DEBUG 75568 --- [    Test worker] tourGuide.service.TourGuideService       : Created 100 internal test users.
2022-10-02 23:12:30.573 DEBUG 75568 --- [    Test worker] tourGuide.service.TourGuideService       : Finished initializing users
2022-10-02 23:12:30.577 DEBUG 75568 --- [pool-3-thread-1] tourGuide.tracker.Tracker                : Begin Tracker. Tracking 100 users.
2022-10-02 23:12:30.577  INFO 75568 --- [pool-3-thread-1] tourGuide.service.TourGuideService       : Track Location for user internalUser78
2022-10-02 23:12:30.582  INFO 75568 --- [pool-3-thread-1] tourGuide.service.TourGuideService       : Track Location for user internalUser77
2022-10-02 23:12:30.583  INFO 75568 --- [pool-3-thread-1] tourGuide.service.TourGuideService       : Track Location for user internalUser79
2022-10-02 23:12:30.583  INFO 75568 --- [pool-3-thread-1] tourGuide.service.TourGuideService       : Track Location for user internalUser74
2022-10-02 23:12:30.583  INFO 75568 --- [pool-3-thread-1] tourGuide.service.TourGuideService       : Track Location for user internalUser73
2022-10-02 23:12:30.583  INFO 75568 --- [pool-3-thread-1] tourGuide.service.TourGuideService       : Track Location for user internalUser76
2022-10-02 23:12:30.584  INFO 75568 --- [pool-3-thread-1] tourGuide.service.TourGuideService       : Track Location for user internalUser75
2022-10-02 23:12:30.584  INFO 75568 --- [pool-3-thread-1] tourGuide.service.TourGuideService       : Track Location for user internalUser70
2022-10-02 23:12:30.584  INFO 75568 --- [pool-3-thread-1] tourGuide.service.TourGuideService       : Track Location for user internalUser72
2022-10-02 23:12:30.584  INFO 75568 --- [pool-3-thread-1] tourGuide.service.TourGuideService       : Track Location for user internalUser71
2022-10-02 23:12:30.585  INFO 75568 --- [pool-3-thread-1] tourGuide.service.TourGuideService       : Track Location for user internalUser90
2022-10-02 23:12:30.585  INFO 75568 --- [pool-3-thread-1] tourGuide.service.TourGuideService       : Track Location for user internalUser89
2022-10-02 23:12:30.585  INFO 75568 --- [pool-3-thread-1] tourGuide.service.TourGuideService       : Track Location for user internalUser88
2022-10-02 23:12:30.585  INFO 75568 --- [pool-3-thread-1] tourGuide.service.TourGuideService       : Track Location for user internalUser85
2022-10-02 23:12:30.585  INFO 75568 --- [pool-3-thread-1] tourGuide.service.TourGuideService       : Track Location for user internalUser84
2022-10-02 23:12:30.585  INFO 75568 --- [pool-3-thread-1] tourGuide.service.TourGuideService       : Track Location for user internalUser87
2022-10-02 23:12:30.586  INFO 75568 --- [pool-3-thread-1] tourGuide.service.TourGuideService       : Track Location for user internalUser86
2022-10-02 23:12:30.586  INFO 75568 --- [pool-3-thread-1] tourGuide.service.TourGuideService       : Track Location for user internalUser81
2022-10-02 23:12:30.586  INFO 75568 --- [pool-3-thread-1] tourGuide.service.TourGuideService       : Track Location for user internalUser80
2022-10-02 23:12:30.586  INFO 75568 --- [pool-3-thread-1] tourGuide.service.TourGuideService       : Track Location for user internalUser83
2022-10-02 23:12:30.586  INFO 75568 --- [pool-3-thread-1] tourGuide.service.TourGuideService       : Track Location for user internalUser82
2022-10-02 23:12:30.587  INFO 75568 --- [pool-3-thread-1] tourGuide.service.TourGuideService       : Track Location for user internalUser9
2022-10-02 23:12:30.587  INFO 75568 --- [pool-3-thread-1] tourGuide.service.TourGuideService       : Track Location for user internalUser8
2022-10-02 23:12:30.587  INFO 75568 --- [pool-3-thread-1] tourGuide.service.TourGuideService       : Track Location for user internalUser19
2022-10-02 23:12:30.587  INFO 75568 --- [pool-3-thread-1] tourGuide.service.TourGuideService       : Track Location for user internalUser16
2022-10-02 23:12:30.587  INFO 75568 --- [pool-3-thread-1] tourGuide.service.TourGuideService       : Track Location for user internalUser15
2022-10-02 23:12:30.587  INFO 75568 --- [pool-3-thread-1] tourGuide.service.TourGuideService       : Track Location for user internalUser18
2022-10-02 23:12:30.588  INFO 75568 --- [pool-3-thread-1] tourGuide.service.TourGuideService       : Track Location for user internalUser17
2022-10-02 23:12:30.588  INFO 75568 --- [pool-3-thread-1] tourGuide.service.TourGuideService       : Track Location for user internalUser12
2022-10-02 23:12:30.588  INFO 75568 --- [pool-3-thread-1] tourGuide.service.TourGuideService       : Track Location for user internalUser11
2022-10-02 23:12:30.588  INFO 75568 --- [pool-3-thread-1] tourGuide.service.TourGuideService       : Track Location for user internalUser99
2022-10-02 23:12:30.588  INFO 75568 --- [pool-3-thread-1] tourGuide.service.TourGuideService       : Track Location for user internalUser14
2022-10-02 23:12:30.588  INFO 75568 --- [pool-3-thread-1] tourGuide.service.TourGuideService       : Track Location for user internalUser13
2022-10-02 23:12:30.589  INFO 75568 --- [pool-3-thread-1] tourGuide.service.TourGuideService       : Track Location for user internalUser3
2022-10-02 23:12:30.589  INFO 75568 --- [pool-3-thread-1] tourGuide.service.TourGuideService       : Track Location for user internalUser96
2022-10-02 23:12:30.589  INFO 75568 --- [pool-3-thread-1] tourGuide.service.TourGuideService       : Track Location for user internalUser2
2022-10-02 23:12:30.589  INFO 75568 --- [pool-3-thread-1] tourGuide.service.TourGuideService       : Track Location for user internalUser95
2022-10-02 23:12:30.589  INFO 75568 --- [pool-3-thread-1] tourGuide.service.TourGuideService       : Track Location for user internalUser1
2022-10-02 23:12:30.589  INFO 75568 --- [pool-3-thread-1] tourGuide.service.TourGuideService       : Track Location for user internalUser10
2022-10-02 23:12:30.589  INFO 75568 --- [pool-3-thread-1] tourGuide.service.TourGuideService       : Track Location for user internalUser98
2022-10-02 23:12:30.589  INFO 75568 --- [pool-3-thread-1] tourGuide.service.TourGuideService       : Track Location for user internalUser0
2022-10-02 23:12:30.589  INFO 75568 --- [pool-3-thread-1] tourGuide.service.TourGuideService       : Track Location for user internalUser97
2022-10-02 23:12:30.590  INFO 75568 --- [pool-3-thread-1] tourGuide.service.TourGuideService       : Track Location for user internalUser7
2022-10-02 23:12:30.590  INFO 75568 --- [pool-3-thread-1] tourGuide.service.TourGuideService       : Track Location for user internalUser92
2022-10-02 23:12:30.590  INFO 75568 --- [pool-3-thread-1] tourGuide.service.TourGuideService       : Track Location for user internalUser6
2022-10-02 23:12:30.590  INFO 75568 --- [pool-3-thread-1] tourGuide.service.TourGuideService       : Track Location for user internalUser91
2022-10-02 23:12:30.590  INFO 75568 --- [pool-3-thread-1] tourGuide.service.TourGuideService       : Track Location for user internalUser5
2022-10-02 23:12:30.590  INFO 75568 --- [pool-3-thread-1] tourGuide.service.TourGuideService       : Track Location for user internalUser94
2022-10-02 23:12:30.591  INFO 75568 --- [pool-3-thread-1] tourGuide.service.TourGuideService       : Track Location for user internalUser4
2022-10-02 23:12:30.591  INFO 75568 --- [pool-3-thread-1] tourGuide.service.TourGuideService       : Track Location for user internalUser93
2022-10-02 23:12:30.591  INFO 75568 --- [pool-3-thread-1] tourGuide.service.TourGuideService       : Track Location for user internalUser27
2022-10-02 23:12:30.591  INFO 75568 --- [pool-3-thread-1] tourGuide.service.TourGuideService       : Track Location for user internalUser26
2022-10-02 23:12:30.591  INFO 75568 --- [pool-3-thread-1] tourGuide.service.TourGuideService       : Track Location for user internalUser29
2022-10-02 23:12:30.591  INFO 75568 --- [pool-3-thread-1] tourGuide.service.TourGuideService       : Track Location for user internalUser28
2022-10-02 23:12:30.592  INFO 75568 --- [pool-3-thread-1] tourGuide.service.TourGuideService       : Track Location for user internalUser23
2022-10-02 23:12:30.592  INFO 75568 --- [pool-3-thread-1] tourGuide.service.TourGuideService       : Track Location for user internalUser22
2022-10-02 23:12:30.592  INFO 75568 --- [pool-3-thread-1] tourGuide.service.TourGuideService       : Track Location for user internalUser25
2022-10-02 23:12:30.592  INFO 75568 --- [pool-3-thread-1] tourGuide.service.TourGuideService       : Track Location for user internalUser24
2022-10-02 23:12:30.592  INFO 75568 --- [pool-3-thread-1] tourGuide.service.TourGuideService       : Track Location for user internalUser21
2022-10-02 23:12:30.592  INFO 75568 --- [pool-3-thread-1] tourGuide.service.TourGuideService       : Track Location for user internalUser20
2022-10-02 23:12:30.592  INFO 75568 --- [pool-3-thread-1] tourGuide.service.TourGuideService       : Track Location for user internalUser38
2022-10-02 23:12:30.593  INFO 75568 --- [pool-3-thread-1] tourGuide.service.TourGuideService       : Track Location for user internalUser37
2022-10-02 23:12:30.593  INFO 75568 --- [pool-3-thread-1] tourGuide.service.TourGuideService       : Track Location for user internalUser39
2022-10-02 23:12:30.593  INFO 75568 --- [pool-3-thread-1] tourGuide.service.TourGuideService       : Track Location for user internalUser34
2022-10-02 23:12:30.593  INFO 75568 --- [pool-3-thread-1] tourGuide.service.TourGuideService       : Track Location for user internalUser33
2022-10-02 23:12:30.593  INFO 75568 --- [pool-3-thread-1] tourGuide.service.TourGuideService       : Track Location for user internalUser36
2022-10-02 23:12:30.593  INFO 75568 --- [pool-3-thread-1] tourGuide.service.TourGuideService       : Track Location for user internalUser35
2022-10-02 23:12:30.593  INFO 75568 --- [pool-3-thread-1] tourGuide.service.TourGuideService       : Track Location for user internalUser30
2022-10-02 23:12:30.594  INFO 75568 --- [pool-3-thread-1] tourGuide.service.TourGuideService       : Track Location for user internalUser32
2022-10-02 23:12:30.594  INFO 75568 --- [pool-3-thread-1] tourGuide.service.TourGuideService       : Track Location for user internalUser31
2022-10-02 23:12:30.594  INFO 75568 --- [pool-3-thread-1] tourGuide.service.TourGuideService       : Track Location for user internalUser49
2022-10-02 23:12:30.594  INFO 75568 --- [pool-3-thread-1] tourGuide.service.TourGuideService       : Track Location for user internalUser48
2022-10-02 23:12:30.594  INFO 75568 --- [pool-3-thread-1] tourGuide.service.TourGuideService       : Track Location for user internalUser45
2022-10-02 23:12:30.594  INFO 75568 --- [pool-3-thread-1] tourGuide.service.TourGuideService       : Track Location for user internalUser44
2022-10-02 23:12:30.594  INFO 75568 --- [pool-3-thread-1] tourGuide.service.TourGuideService       : Track Location for user internalUser47
2022-10-02 23:12:30.594  INFO 75568 --- [pool-3-thread-1] tourGuide.service.TourGuideService       : Track Location for user internalUser46
2022-10-02 23:12:30.595  INFO 75568 --- [pool-3-thread-1] tourGuide.service.TourGuideService       : Track Location for user internalUser41
2022-10-02 23:12:30.595  INFO 75568 --- [pool-3-thread-1] tourGuide.service.TourGuideService       : Track Location for user internalUser40
2022-10-02 23:12:30.595  INFO 75568 --- [pool-3-thread-1] tourGuide.service.TourGuideService       : Track Location for user internalUser43
2022-10-02 23:12:30.595  INFO 75568 --- [pool-3-thread-1] tourGuide.service.TourGuideService       : Track Location for user internalUser42
2022-10-02 23:12:30.595  INFO 75568 --- [pool-3-thread-1] tourGuide.service.TourGuideService       : Track Location for user internalUser59
2022-10-02 23:12:30.596  INFO 75568 --- [pool-3-thread-1] tourGuide.service.TourGuideService       : Track Location for user internalUser56
2022-10-02 23:12:30.596  INFO 75568 --- [pool-3-thread-1] tourGuide.service.TourGuideService       : Track Location for user internalUser55
2022-10-02 23:12:30.596  INFO 75568 --- [pool-3-thread-1] tourGuide.service.TourGuideService       : Track Location for user internalUser58
2022-10-02 23:12:30.596  INFO 75568 --- [pool-3-thread-1] tourGuide.service.TourGuideService       : Track Location for user internalUser57
2022-10-02 23:12:30.597  INFO 75568 --- [pool-3-thread-1] tourGuide.service.TourGuideService       : Track Location for user internalUser52
2022-10-02 23:12:30.597  INFO 75568 --- [pool-3-thread-1] tourGuide.service.TourGuideService       : Track Location for user internalUser51
2022-10-02 23:12:30.597  INFO 75568 --- [pool-3-thread-1] tourGuide.service.TourGuideService       : Track Location for user internalUser54
2022-10-02 23:12:30.597  INFO 75568 --- [pool-3-thread-1] tourGuide.service.TourGuideService       : Track Location for user internalUser53
2022-10-02 23:12:30.597  INFO 75568 --- [pool-3-thread-1] tourGuide.service.TourGuideService       : Track Location for user internalUser50
2022-10-02 23:12:30.597  INFO 75568 --- [pool-3-thread-1] tourGuide.service.TourGuideService       : Track Location for user internalUser67
2022-10-02 23:12:30.598  INFO 75568 --- [pool-3-thread-1] tourGuide.service.TourGuideService       : Track Location for user internalUser66
2022-10-02 23:12:30.598  INFO 75568 --- [pool-3-thread-1] tourGuide.service.TourGuideService       : Track Location for user internalUser69
2022-10-02 23:12:30.598  INFO 75568 --- [pool-3-thread-1] tourGuide.service.TourGuideService       : Track Location for user internalUser68
2022-10-02 23:12:30.598  INFO 75568 --- [pool-3-thread-1] tourGuide.service.TourGuideService       : Track Location for user internalUser63
2022-10-02 23:12:30.598  INFO 75568 --- [pool-3-thread-1] tourGuide.service.TourGuideService       : Track Location for user internalUser62
2022-10-02 23:12:30.599  INFO 75568 --- [pool-3-thread-1] tourGuide.service.TourGuideService       : Track Location for user internalUser65
2022-10-02 23:12:30.599  INFO 75568 --- [pool-3-thread-1] tourGuide.service.TourGuideService       : Track Location for user internalUser64
2022-10-02 23:12:30.599  INFO 75568 --- [pool-3-thread-1] tourGuide.service.TourGuideService       : Track Location for user internalUser61
2022-10-02 23:12:30.599  INFO 75568 --- [pool-3-thread-1] tourGuide.service.TourGuideService       : Track Location for user internalUser60
2022-10-02 23:12:30.599 DEBUG 75568 --- [pool-3-thread-1] tourGuide.tracker.Tracker                : Tracker Time Elapsed: 0 seconds.
2022-10-02 23:12:30.599 DEBUG 75568 --- [pool-3-thread-1] tourGuide.tracker.Tracker                : Tracker sleeping
2022-10-02 23:12:31.079  INFO 75568 --- [    Test worker] o.s.s.concurrent.ThreadPoolTaskExecutor  : Initializing ExecutorService 'applicationTaskExecutor'
2022-10-02 23:12:31.759  INFO 75568 --- [    Test worker] o.s.b.a.e.web.EndpointLinksResolver      : Exposing 2 endpoint(s) beneath base path '/actuator'
2022-10-02 23:12:31.815  INFO 75568 --- [    Test worker] tourGuide.TestPerformance                : Started TestPerformance in 2.829 seconds (JVM running for 4.118)
2022-10-02 23:12:32.127  INFO 75568 --- [    Test worker] tourGuide.service.TourGuideService       : TestMode enabled
2022-10-02 23:12:32.127 DEBUG 75568 --- [    Test worker] tourGuide.service.TourGuideService       : Initializing users
2022-10-02 23:12:32.197 DEBUG 75568 --- [    Test worker] tourGuide.service.TourGuideService       : Created 10000 internal test users.
2022-10-02 23:12:32.198 DEBUG 75568 --- [    Test worker] tourGuide.service.TourGuideService       : Finished initializing users
2022-10-02 23:12:32.201  INFO 75568 --- [    Test worker] tourGuide.service.TourGuideService       : Track Location for user internalUser1866
2022-10-02 23:12:32.201 DEBUG 75568 --- [pool-7-thread-1] tourGuide.tracker.Tracker                : Begin Tracker. Tracking 10000 users.
2022-10-02 23:12:32.201  INFO 75568 --- [pool-7-thread-1] tourGuide.service.TourGuideService       : Track Location for user internalUser1866
2022-10-02 23:12:32.201  INFO 75568 --- [    Test worker] tourGuide.service.TourGuideService       : Track Location for user internalUser1865
2022-10-02 23:12:32.201  INFO 75568 --- [pool-7-thread-1] tourGuide.service.TourGuideService       : Track Location for user internalUser1865
2022-10-02 23:12:32.201  INFO 75568 --- [    Test worker] tourGuide.service.TourGuideService       : Track Location for user internalUser1864
2022-10-02 23:12:32.201  INFO 75568 --- [pool-7-thread-1] tourGuide.service.TourGuideService       : Track Location for user internalUser1864
2022-10-02 23:12:32.201  INFO 75568 --- [    Test worker] tourGuide.service.TourGuideService       : Track Location for user internalUser1863
2022-10-02 23:12:32.201  INFO 75568 --- [pool-7-thread-1] tourGuide.service.TourGuideService       : Track Location for user internalUser1863
2022-10-02 23:12:32.201  INFO 75568 --- [    Test worker] tourGuide.service.TourGuideService       : Track Location for user internalUser1862
2022-10-02 23:12:32.202  INFO 75568 --- [pool-7-thread-1] tourGuide.service.TourGuideService       : Track Location for user internalUser1862
2022-10-02 23:12:32.202  INFO 75568 --- [    Test worker] tourGuide.service.TourGuideService       : Track Location for user internalUser1861
2022-10-02 23:12:32.202  INFO 75568 --- [pool-7-thread-1] tourGuide.service.TourGuideService       : Track Location for user internalUser1861
2022-10-02 23:12:32.202  INFO 75568 --- [    Test worker] tourGuide.service.TourGuideService       : Track Location for user internalUser1860
2022-10-02 23:12:32.202  INFO 75568 --- [pool-7-thread-1] tourGuide.service.TourGuideService       : Track Location for user internalUser1860
2022-10-02 23:12:32.202  INFO 75568 --- [    Test worker] tourGuide.service.TourGuideService       : Track Location for user internalUser1869
2022-10-02 23:12:32.202  INFO 75568 --- [pool-7-thread-1] tourGuide.service.TourGuideService       : Track Location for user internalUser1869
2022-10-02 23:12:32.202  INFO 75568 --- [    Test worker] tourGuide.service.TourGuideService       : Track Location for user internalUser1868
2022-10-02 23:12:32.202  INFO 75568 --- [pool-7-thread-1] tourGuide.service.TourGuideService       : Track Location for user internalUser1868
2022-10-02 23:12:32.202  INFO 75568 --- [    Test worker] tourGuide.service.TourGuideService       : Track Location for user internalUser1867
2022-10-02 23:12:32.202  INFO 75568 --- [pool-7-thread-1] tourGuide.service.TourGuideService       : Track Location for user internalUser1867
2022-10-02 23:12:32.203  INFO 75568 --- [pool-7-thread-1] tourGuide.service.TourGuideService       : Track Location for user internalUser1877
2022-10-02 23:12:32.203  INFO 75568 --- [pool-7-thread-1] tourGuide.service.TourGuideService       : Track Location for user internalUser1876
2022-10-02 23:12:32.203  INFO 75568 --- [    Test worker] tourGuide.service.TourGuideService       : Track Location for user internalUser1877
2022-10-02 23:12:32.204  INFO 75568 --- [    Test worker] tourGuide.service.TourGuideService       : Track Location for user internalUser1876
2022-10-02 23:12:32.204  INFO 75568 --- [pool-7-thread-1] tourGuide.service.TourGuideService       : Track Location for user internalUser1875
2022-10-02 23:12:32.204  INFO 75568 --- [    Test worker] tourGuide.service.TourGuideService       : Track Location for user internalUser1875
2022-10-02 23:12:32.204  INFO 75568 --- [pool-7-thread-1] tourGuide.service.TourGuideService       : Track Location for user internalUser1874
2022-10-02 23:12:32.204  INFO 75568 --- [    Test worker] tourGuide.service.TourGuideService       : Track Location for user internalUser1874
2022-10-02 23:12:32.204  INFO 75568 --- [pool-7-thread-1] tourGuide.service.TourGuideService       : Track Location for user internalUser1873
2022-10-02 23:12:32.204  INFO 75568 --- [    Test worker] tourGuide.service.TourGuideService       : Track Location for user internalUser1873
2022-10-02 23:12:32.205  INFO 75568 --- [pool-7-thread-1] tourGuide.service.TourGuideService       : Track Location for user internalUser1872
2022-10-02 23:12:32.205  INFO 75568 --- [    Test worker] tourGuide.service.TourGuideService       : Track Location for user internalUser1872
2022-10-02 23:12:32.205  INFO 75568 --- [pool-7-thread-1] tourGuide.service.TourGuideService       : Track Location for user internalUser1871
2022-10-02 23:12:32.205  INFO 75568 --- [    Test worker] tourGuide.service.TourGuideService       : Track Location for user internalUser1871
2022-10-02 23:12:32.205  INFO 75568 --- [pool-7-thread-1] tourGuide.service.TourGuideService       : Track Location for user internalUser1870
2022-10-02 23:12:32.205  INFO 75568 --- [    Test worker] tourGuide.service.TourGuideService       : Track Location for user internalUser1870
2022-10-02 23:12:32.205  INFO 75568 --- [pool-7-thread-1] tourGuide.service.TourGuideService       : Track Location for user internalUser1879
2022-10-02 23:12:32.205  INFO 75568 --- [    Test worker] tourGuide.service.TourGuideService       : Track Location for user internalUser1879
2022-10-02 23:12:32.205  INFO 75568 --- [pool-7-thread-1] tourGuide.service.TourGuideService       : Track Location for user internalUser1878
2022-10-02 23:12:32.205  INFO 75568 --- [    Test worker] tourGuide.service.TourGuideService       : Track Location for user internalUser1878
2022-10-02 23:12:32.205  INFO 75568 --- [pool-7-thread-1] tourGuide.service.TourGuideService       : Track Location for user internalUser1844
2022-10-02 23:12:32.206  INFO 75568 --- [    Test worker] tourGuide.service.TourGuideService       : Track Location for user internalUser1844
2022-10-02 23:12:32.206  INFO 75568 --- [pool-7-thread-1] tourGuide.service.TourGuideService       : Track Location for user internalUser1843
2022-10-02 23:12:32.206  INFO 75568 --- [    Test worker] tourGuide.service.TourGuideService       : Track Location for user internalUser1843
2022-10-02 23:12:32.206  INFO 75568 --- [pool-7-thread-1] tourGuide.service.TourGuideService       : Track Location for user internalUser1842
2022-10-02 23:12:32.206  INFO 75568 --- [    Test worker] tourGuide.service.TourGuideService       : Track Location for user internalUser1842
2022-10-02 23:12:32.206  INFO 75568 --- [pool-7-thread-1] tourGuide.service.TourGuideService       : Track Location for user internalUser1841
2022-10-02 23:12:32.207  INFO 75568 --- [    Test worker] tourGuide.service.TourGuideService       : Track Location for user internalUser1841
2022-10-02 23:12:32.207  INFO 75568 --- [pool-7-thread-1] tourGuide.service.TourGuideService       : Track Location for user internalUser1840
2022-10-02 23:12:32.207  INFO 75568 --- [    Test worker] tourGuide.service.TourGuideService       : Track Location for user internalUser1840
2022-10-02 23:12:32.207  INFO 75568 --- [pool-7-thread-1] tourGuide.service.TourGuideService       : Track Location for user internalUser1849
2022-10-02 23:12:32.207  INFO 75568 --- [    Test worker] tourGuide.service.TourGuideService       : Track Location for user internalUser1849
2022-10-02 23:12:32.207  INFO 75568 --- [pool-7-thread-1] tourGuide.service.TourGuideService       : Track Location for user internalUser1848
2022-10-02 23:12:32.208  INFO 75568 --- [pool-7-thread-1] tourGuide.service.TourGuideService       : Track Location for user internalUser1847
2022-10-02 23:12:32.207  INFO 75568 --- [    Test worker] tourGuide.service.TourGuideService       : Track Location for user internalUser1848
2022-10-02 23:12:32.208  INFO 75568 --- [pool-7-thread-1] tourGuide.service.TourGuideService       : Track Location for user internalUser1846
2022-10-02 23:12:32.208  INFO 75568 --- [    Test worker] tourGuide.service.TourGuideService       : Track Location for user internalUser1847
2022-10-02 23:12:32.208  INFO 75568 --- [    Test worker] tourGuide.service.TourGuideService       : Track Location for user internalUser1846
2022-10-02 23:12:32.208  INFO 75568 --- [    Test worker] tourGuide.service.TourGuideService       : Track Location for user internalUser1845
2022-10-02 23:12:32.208  INFO 75568 --- [    Test worker] tourGuide.service.TourGuideService       : Track Location for user internalUser1855
2022-10-02 23:12:32.209  INFO 75568 --- [    Test worker] tourGuide.service.TourGuideService       : Track Location for user internalUser1854
2022-10-02 23:12:32.209  INFO 75568 --- [    Test worker] tourGuide.service.TourGuideService       : Track Location for user internalUser1853
2022-10-02 23:12:32.209  INFO 75568 --- [    Test worker] tourGuide.service.TourGuideService       : Track Location for user internalUser1852
2022-10-02 23:12:32.209  INFO 75568 --- [pool-7-thread-1] tourGuide.service.TourGuideService       : Track Location for user internalUser1845
2022-10-02 23:12:32.209  INFO 75568 --- [    Test worker] tourGuide.service.TourGuideService       : Track Location for user internalUser1851
2022-10-02 23:12:32.209  INFO 75568 --- [pool-7-thread-1] tourGuide.service.TourGuideService       : Track Location for user internalUser1855
2022-10-02 23:12:32.210  INFO 75568 --- [    Test worker] tourGuide.service.TourGuideService       : Track Location for user internalUser1850
2022-10-02 23:12:32.210  INFO 75568 --- [pool-7-thread-1] tourGuide.service.TourGuideService       : Track Location for user internalUser1854
2022-10-02 23:12:32.210  INFO 75568 --- [    Test worker] tourGuide.service.TourGuideService       : Track Location for user internalUser1859
2022-10-02 23:12:32.210  INFO 75568 --- [pool-7-thread-1] tourGuide.service.TourGuideService       : Track Location for user internalUser1853
2022-10-02 23:12:32.210  INFO 75568 --- [    Test worker] tourGuide.service.TourGuideService       : Track Location for user internalUser1858
2022-10-02 23:12:32.210  INFO 75568 --- [pool-7-thread-1] tourGuide.service.TourGuideService       : Track Location for user internalUser1852
2022-10-02 23:12:32.210  INFO 75568 --- [pool-7-thread-1] tourGuide.service.TourGuideService       : Track Location for user internalUser1851
2022-10-02 23:12:32.210  INFO 75568 --- [    Test worker] tourGuide.service.TourGuideService       : Track Location for user internalUser1857
2022-10-02 23:12:32.211  INFO 75568 --- [pool-7-thread-1] tourGuide.service.TourGuideService       : Track Location for user internalUser1850
2022-10-02 23:12:32.211  INFO 75568 --- [    Test worker] tourGuide.service.TourGuideService       : Track Location for user internalUser1856
2022-10-02 23:12:32.211  INFO 75568 --- [pool-7-thread-1] tourGuide.service.TourGuideService       : Track Location for user internalUser1859
2022-10-02 23:12:32.211  INFO 75568 --- [    Test worker] tourGuide.service.TourGuideService       : Track Location for user internalUser1880
2022-10-02 23:12:32.211  INFO 75568 --- [pool-7-thread-1] tourGuide.service.TourGuideService       : Track Location for user internalUser1858
2022-10-02 23:12:32.211  INFO 75568 --- [    Test worker] tourGuide.service.TourGuideService       : Track Location for user internalUser1888
2022-10-02 23:12:32.211  INFO 75568 --- [pool-7-thread-1] tourGuide.service.TourGuideService       : Track Location for user internalUser1857
2022-10-02 23:12:32.211  INFO 75568 --- [    Test worker] tourGuide.service.TourGuideService       : Track Location for user internalUser1887
2022-10-02 23:12:32.211  INFO 75568 --- [pool-7-thread-1] tourGuide.service.TourGuideService       : Track Location for user internalUser1856
2022-10-02 23:12:32.211  INFO 75568 --- [    Test worker] tourGuide.service.TourGuideService       : Track Location for user internalUser1886
2022-10-02 23:12:32.212  INFO 75568 --- [pool-7-thread-1] tourGuide.service.TourGuideService       : Track Location for user internalUser1880
2022-10-02 23:12:32.212  INFO 75568 --- [    Test worker] tourGuide.service.TourGuideService       : Track Location for user internalUser1885
2022-10-02 23:12:32.212  INFO 75568 --- [pool-7-thread-1] tourGuide.service.TourGuideService       : Track Location for user internalUser1888
2022-10-02 23:12:32.212  INFO 75568 --- [    Test worker] tourGuide.service.TourGuideService       : Track Location for user internalUser1884
2022-10-02 23:12:32.212  INFO 75568 --- [pool-7-thread-1] tourGuide.service.TourGuideService       : Track Location for user internalUser1887
2022-10-02 23:12:32.212  INFO 75568 --- [    Test worker] tourGuide.service.TourGuideService       : Track Location for user internalUser1883
2022-10-02 23:12:32.212  INFO 75568 --- [pool-7-thread-1] tourGuide.service.TourGuideService       : Track Location for user internalUser1886
2022-10-02 23:12:32.212  INFO 75568 --- [    Test worker] tourGuide.service.TourGuideService       : Track Location for user internalUser1882
2022-10-02 23:12:32.212  INFO 75568 --- [pool-7-thread-1] tourGuide.service.TourGuideService       : Track Location for user internalUser1885
2022-10-02 23:12:32.212  INFO 75568 --- [    Test worker] tourGuide.service.TourGuideService       : Track Location for user internalUser1881
2022-10-02 23:12:32.213  INFO 75568 --- [pool-7-thread-1] tourGuide.service.TourGuideService       : Track Location for user internalUser1884
2022-10-02 23:12:32.213  INFO 75568 --- [    Test worker] tourGuide.service.TourGuideService       : Track Location for user internalUser1889
2022-10-02 23:12:32.213  INFO 75568 --- [pool-7-thread-1] tourGuide.service.TourGuideService       : Track Location for user internalUser1883
2022-10-02 23:12:32.214  INFO 75568 --- [    Test worker] tourGuide.service.TourGuideService       : Track Location for user internalUser1891
2022-10-02 23:12:32.214  INFO 75568 --- [pool-7-thread-1] tourGuide.service.TourGuideService       : Track Location for user internalUser1882
2022-10-02 23:12:32.214  INFO 75568 --- [    Test worker] tourGuide.service.TourGuideService       : Track Location for user internalUser1890
2022-10-02 23:12:32.215  INFO 75568 --- [pool-7-thread-1] tourGuide.service.TourGuideService       : Track Location for user internalUser1881
2022-10-02 23:12:32.216  INFO 75568 --- [    Test worker] tourGuide.service.TourGuideService       : Track Location for user internalUser1899
2022-10-02 23:12:32.216  INFO 75568 --- [pool-7-thread-1] tourGuide.service.TourGuideService       : Track Location for user internalUser1889
2022-10-02 23:12:32.216  INFO 75568 --- [    Test worker] tourGuide.service.TourGuideService       : Track Location for user internalUser1898
2022-10-02 23:12:32.218  INFO 75568 --- [pool-7-thread-1] tourGuide.service.TourGuideService       : Track Location for user internalUser1891
2022-10-02 23:12:32.219  INFO 75568 --- [    Test worker] tourGuide.service.TourGuideService       : Track Location for user internalUser1897
2022-10-02 23:12:32.219  INFO 75568 --- [pool-7-thread-1] tourGuide.service.TourGuideService       : Track Location for user internalUser1890
2022-10-02 23:12:32.219  INFO 75568 --- [    Test worker] tourGuide.service.TourGuideService       : Track Location for user internalUser1896
2022-10-02 23:12:32.219  INFO 75568 --- [pool-7-thread-1] tourGuide.service.TourGuideService       : Track Location for user internalUser1899
2022-10-02 23:12:32.219  INFO 75568 --- [    Test worker] tourGuide.service.TourGuideService       : Track Location for user internalUser1895
2022-10-02 23:12:32.219  INFO 75568 --- [pool-7-thread-1] tourGuide.service.TourGuideService       : Track Location for user internalUser1898
2022-10-02 23:12:32.219  INFO 75568 --- [    Test worker] tourGuide.service.TourGuideService       : Track Location for user internalUser1894
2022-10-02 23:12:32.220  INFO 75568 --- [pool-7-thread-1] tourGuide.service.TourGuideService       : Track Location for user internalUser1897
2022-10-02 23:12:32.220  INFO 75568 --- [    Test worker] tourGuide.service.TourGuideService       : Track Location for user internalUser1893
2022-10-02 23:12:32.220  INFO 75568 --- [pool-7-thread-1] tourGuide.service.TourGuideService       : Track Location for user internalUser1896
2022-10-02 23:12:32.220  INFO 75568 --- [    Test worker] tourGuide.service.TourGuideService       : Track Location for user internalUser1892
2022-10-02 23:12:32.220  INFO 75568 --- [pool-7-thread-1] tourGuide.service.TourGuideService       : Track Location for user internalUser1895
2022-10-02 23:12:32.221  INFO 75568 --- [    Test worker] tourGuide.service.TourGuideService       : Track Location for user internalUser4059
2022-10-02 23:12:32.221  INFO 75568 --- [pool-7-thread-1] tourGuide.service.TourGuideService       : Track Location for user internalUser1894
2022-10-02 23:12:32.221  INFO 75568 --- [pool-7-thread-1] tourGuide.service.TourGuideService       : Track Location for user internalUser1893
2022-10-02 23:12:32.221  INFO 75568 --- [    Test worker] tourGuide.service.TourGuideService       : Track Location for user internalUser4051
2022-10-02 23:12:32.221  INFO 75568 --- [pool-7-thread-1] tourGuide.service.TourGuideService       : Track Location for user internalUser1892
2022-10-02 23:12:32.221  INFO 75568 --- [    Test worker] tourGuide.service.TourGuideService       : Track Location for user internalUser5383
2022-10-02 23:12:32.221  INFO 75568 --- [pool-7-thread-1] tourGuide.service.TourGuideService       : Track Location for user internalUser4059
2022-10-02 23:12:32.221  INFO 75568 --- [    Test worker] tourGuide.service.TourGuideService       : Track Location for user internalUser4052
2022-10-02 23:12:32.221  INFO 75568 --- [    Test worker] tourGuide.service.TourGuideService       : Track Location for user internalUser5382
2022-10-02 23:12:32.221  INFO 75568 --- [pool-7-thread-1] tourGuide.service.TourGuideService       : Track Location for user internalUser4051
2022-10-02 23:12:32.221  INFO 75568 --- [    Test worker] tourGuide.service.TourGuideService       : Track Location for user internalUser4053
2022-10-02 23:12:32.222  INFO 75568 --- [pool-7-thread-1] tourGuide.service.TourGuideService       : Track Location for user internalUser5383
2022-10-02 23:12:32.222  INFO 75568 --- [    Test worker] tourGuide.service.TourGuideService       : Track Location for user internalUser5385
2022-10-02 23:12:32.222  INFO 75568 --- [pool-7-thread-1] tourGuide.service.TourGuideService       : Track Location for user internalUser4052
2022-10-02 23:12:32.222  INFO 75568 --- [pool-7-thread-1] tourGuide.service.TourGuideService       : Track Location for user internalUser5382
2022-10-02 23:12:32.222  INFO 75568 --- [pool-7-thread-1] tourGuide.service.TourGuideService       : Track Location for user internalUser4053
2022-10-02 23:12:32.222  INFO 75568 --- [    Test worker] tourGuide.service.TourGuideService       : Track Location for user internalUser4054
2022-10-02 23:12:32.223  INFO 75568 --- [pool-7-thread-1] tourGuide.service.TourGuideService       : Track Location for user internalUser5385
2022-10-02 23:12:32.223  INFO 75568 --- [    Test worker] tourGuide.service.TourGuideService       : Track Location for user internalUser5384
2022-10-02 23:12:32.223  INFO 75568 --- [pool-7-thread-1] tourGuide.service.TourGuideService       : Track Location for user internalUser4054
2022-10-02 23:12:32.223  INFO 75568 --- [    Test worker] tourGuide.service.TourGuideService       : Track Location for user internalUser4055
2022-10-02 23:12:32.223  INFO 75568 --- [pool-7-thread-1] tourGuide.service.TourGuideService       : Track Location for user internalUser5384
2022-10-02 23:12:32.223  INFO 75568 --- [pool-7-thread-1] tourGuide.service.TourGuideService       : Track Location for user internalUser4055
2022-10-02 23:12:32.223  INFO 75568 --- [    Test worker] tourGuide.service.TourGuideService       : Track Location for user internalUser5387
2022-10-02 23:12:32.224  INFO 75568 --- [pool-7-thread-1] tourGuide.service.TourGuideService       : Track Location for user internalUser5387
2022-10-02 23:12:32.224  INFO 75568 --- [    Test worker] tourGuide.service.TourGuideService       : Track Location for user internalUser4056
2022-10-02 23:12:32.224  INFO 75568 --- [pool-7-thread-1] tourGuide.service.TourGuideService       : Track Location for user internalUser4056
2022-10-02 23:12:32.224  INFO 75568 --- [    Test worker] tourGuide.service.TourGuideService       : Track Location for user internalUser5386
2022-10-02 23:12:32.224  INFO 75568 --- [pool-7-thread-1] tourGuide.service.TourGuideService       : Track Location for user internalUser5386
2022-10-02 23:12:32.224  INFO 75568 --- [    Test worker] tourGuide.service.TourGuideService       : Track Location for user internalUser4057
2022-10-02 23:12:32.224  INFO 75568 --- [    Test worker] tourGuide.service.TourGuideService       : Track Location for user internalUser5389
2022-10-02 23:12:32.224  INFO 75568 --- [pool-7-thread-1] tourGuide.service.TourGuideService       : Track Location for user internalUser4057
2022-10-02 23:12:32.225  INFO 75568 --- [    Test worker] tourGuide.service.TourGuideService       : Track Location for user internalUser4058
2022-10-02 23:12:32.225  INFO 75568 --- [pool-7-thread-1] tourGuide.service.TourGuideService       : Track Location for user internalUser5389
2022-10-02 23:12:32.225  INFO 75568 --- [    Test worker] tourGuide.service.TourGuideService       : Track Location for user internalUser5388
2022-10-02 23:12:32.225  INFO 75568 --- [pool-7-thread-1] tourGuide.service.TourGuideService       : Track Location for user internalUser4058
2022-10-02 23:12:32.225  INFO 75568 --- [    Test worker] tourGuide.service.TourGuideService       : Track Location for user internalUser5390
2022-10-02 23:12:32.225  INFO 75568 --- [pool-7-thread-1] tourGuide.service.TourGuideService       : Track Location for user internalUser5388
2022-10-02 23:12:32.225  INFO 75568 --- [    Test worker] tourGuide.service.TourGuideService       : Track Location for user internalUser4060
2022-10-02 23:12:32.225  INFO 75568 --- [pool-7-thread-1] tourGuide.service.TourGuideService       : Track Location for user internalUser5390
2022-10-02 23:12:32.225  INFO 75568 --- [    Test worker] tourGuide.service.TourGuideService       : Track Location for user internalUser5392
2022-10-02 23:12:32.225  INFO 75568 --- [pool-7-thread-1] tourGuide.service.TourGuideService       : Track Location for user internalUser4060
2022-10-02 23:12:32.226  INFO 75568 --- [    Test worker] tourGuide.service.TourGuideService       : Track Location for user internalUser4061
2022-10-02 23:12:32.226  INFO 75568 --- [pool-7-thread-1] tourGuide.service.TourGuideService       : Track Location for user internalUser5392
2022-10-02 23:12:32.226  INFO 75568 --- [    Test worker] tourGuide.service.TourGuideService       : Track Location for user internalUser5391
2022-10-02 23:12:32.226  INFO 75568 --- [pool-7-thread-1] tourGuide.service.TourGuideService       : Track Location for user internalUser4061
2022-10-02 23:12:32.226  INFO 75568 --- [    Test worker] tourGuide.service.TourGuideService       : Track Location for user internalUser4062
2022-10-02 23:12:32.226  INFO 75568 --- [pool-7-thread-1] tourGuide.service.TourGuideService       : Track Location for user internalUser5391
2022-10-02 23:12:32.226  INFO 75568 --- [    Test worker] tourGuide.service.TourGuideService       : Track Location for user internalUser5394
2022-10-02 23:12:32.226  INFO 75568 --- [pool-7-thread-1] tourGuide.service.TourGuideService       : Track Location for user internalUser4062
2022-10-02 23:12:32.226  INFO 75568 --- [    Test worker] tourGuide.service.TourGuideService       : Track Location for user internalUser4063
2022-10-02 23:12:32.226  INFO 75568 --- [pool-7-thread-1] tourGuide.service.TourGuideService       : Track Location for user internalUser5394
2022-10-02 23:12:32.226  INFO 75568 --- [    Test worker] tourGuide.service.TourGuideService       : Track Location for user internalUser5393
2022-10-02 23:12:32.226  INFO 75568 --- [pool-7-thread-1] tourGuide.service.TourGuideService       : Track Location for user internalUser4063
2022-10-02 23:12:32.226  INFO 75568 --- [    Test worker] tourGuide.service.TourGuideService       : Track Location for user internalUser4064
2022-10-02 23:12:32.226  INFO 75568 --- [pool-7-thread-1] tourGuide.service.TourGuideService       : Track Location for user internalUser5393
2022-10-02 23:12:32.227  INFO 75568 --- [    Test worker] tourGuide.service.TourGuideService       : Track Location for user internalUser5396
2022-10-02 23:12:32.227  INFO 75568 --- [pool-7-thread-1] tourGuide.service.TourGuideService       : Track Location for user internalUser4064
2022-10-02 23:12:32.227  INFO 75568 --- [    Test worker] tourGuide.service.TourGuideService       : Track Location for user internalUser4065
2022-10-02 23:12:32.227  INFO 75568 --- [pool-7-thread-1] tourGuide.service.TourGuideService       : Track Location for user internalUser5396
2022-10-02 23:12:32.227  INFO 75568 --- [    Test worker] tourGuide.service.TourGuideService       : Track Location for user internalUser5395
2022-10-02 23:12:32.227  INFO 75568 --- [    Test worker] tourGuide.service.TourGuideService       : Track Location for user internalUser4066
2022-10-02 23:12:32.227  INFO 75568 --- [pool-7-thread-1] tourGuide.service.TourGuideService       : Track Location for user internalUser4065
2022-10-02 23:12:32.227  INFO 75568 --- [    Test worker] tourGuide.service.TourGuideService       : Track Location for user internalUser5398
2022-10-02 23:12:32.227  INFO 75568 --- [    Test worker] tourGuide.service.TourGuideService       : Track Location for user internalUser4067
2022-10-02 23:12:32.227  INFO 75568 --- [pool-7-thread-1] tourGuide.service.TourGuideService       : Track Location for user internalUser5395
2022-10-02 23:12:32.227  INFO 75568 --- [    Test worker] tourGuide.service.TourGuideService       : Track Location for user internalUser5397
2022-10-02 23:12:32.228  INFO 75568 --- [pool-7-thread-1] tourGuide.service.TourGuideService       : Track Location for user internalUser4066
2022-10-02 23:12:32.228  INFO 75568 --- [    Test worker] tourGuide.service.TourGuideService       : Track Location for user internalUser4068
2022-10-02 23:12:32.228  INFO 75568 --- [pool-7-thread-1] tourGuide.service.TourGuideService       : Track Location for user internalUser5398
2022-10-02 23:12:32.228  INFO 75568 --- [    Test worker] tourGuide.service.TourGuideService       : Track Location for user internalUser4069
2022-10-02 23:12:32.228  INFO 75568 --- [pool-7-thread-1] tourGuide.service.TourGuideService       : Track Location for user internalUser4067
2022-10-02 23:12:32.228  INFO 75568 --- [    Test worker] tourGuide.service.TourGuideService       : Track Location for user internalUser5399
2022-10-02 23:12:32.228  INFO 75568 --- [pool-7-thread-1] tourGuide.service.TourGuideService       : Track Location for user internalUser5397
2022-10-02 23:12:32.228  INFO 75568 --- [    Test worker] tourGuide.service.TourGuideService       : Track Location for user internalUser4070
2022-10-02 23:12:32.228  INFO 75568 --- [pool-7-thread-1] tourGuide.service.TourGuideService       : Track Location for user internalUser4068
2022-10-02 23:12:32.228  INFO 75568 --- [    Test worker] tourGuide.service.TourGuideService       : Track Location for user internalUser4071
2022-10-02 23:12:32.228  INFO 75568 --- [pool-7-thread-1] tourGuide.service.TourGuideService       : Track Location for user internalUser4069
2022-10-02 23:12:32.228  INFO 75568 --- [    Test worker] tourGuide.service.TourGuideService       : Track Location for user internalUser4072
2022-10-02 23:12:32.229  INFO 75568 --- [pool-7-thread-1] tourGuide.service.TourGuideService       : Track Location for user internalUser5399
2022-10-02 23:12:32.229  INFO 75568 --- [    Test worker] tourGuide.service.TourGuideService       : Track Location for user internalUser4037
2022-10-02 23:12:32.229  INFO 75568 --- [pool-7-thread-1] tourGuide.service.TourGuideService       : Track Location for user internalUser4070
2022-10-02 23:12:32.229  INFO 75568 --- [    Test worker] tourGuide.service.TourGuideService       : Track Location for user internalUser5369
2022-10-02 23:12:32.229  INFO 75568 --- [pool-7-thread-1] tourGuide.service.TourGuideService       : Track Location for user internalUser4071
2022-10-02 23:12:32.229  INFO 75568 --- [    Test worker] tourGuide.service.TourGuideService       : Track Location for user internalUser4038
2022-10-02 23:12:32.229  INFO 75568 --- [pool-7-thread-1] tourGuide.service.TourGuideService       : Track Location for user internalUser4072
2022-10-02 23:12:32.229  INFO 75568 --- [    Test worker] tourGuide.service.TourGuideService       : Track Location for user internalUser5368
2022-10-02 23:12:32.229  INFO 75568 --- [pool-7-thread-1] tourGuide.service.TourGuideService       : Track Location for user internalUser4037
2022-10-02 23:12:32.229  INFO 75568 --- [    Test worker] tourGuide.service.TourGuideService       : Track Location for user internalUser6699
2022-10-02 23:12:32.229  INFO 75568 --- [pool-7-thread-1] tourGuide.service.TourGuideService       : Track Location for user internalUser5369
2022-10-02 23:12:32.229  INFO 75568 --- [    Test worker] tourGuide.service.TourGuideService       : Track Location for user internalUser4039
2022-10-02 23:12:32.229  INFO 75568 --- [pool-7-thread-1] tourGuide.service.TourGuideService       : Track Location for user internalUser4038
2022-10-02 23:12:32.230  INFO 75568 --- [    Test worker] tourGuide.service.TourGuideService       : Track Location for user internalUser5361
2022-10-02 23:12:32.230  INFO 75568 --- [pool-7-thread-1] tourGuide.service.TourGuideService       : Track Location for user internalUser5368
2022-10-02 23:12:32.230  INFO 75568 --- [    Test worker] tourGuide.service.TourGuideService       : Track Location for user internalUser6692
2022-10-02 23:12:32.230  INFO 75568 --- [pool-7-thread-1] tourGuide.service.TourGuideService       : Track Location for user internalUser6699
2022-10-02 23:12:32.230  INFO 75568 --- [    Test worker] tourGuide.service.TourGuideService       : Track Location for user internalUser4030
2022-10-02 23:12:32.230  INFO 75568 --- [pool-7-thread-1] tourGuide.service.TourGuideService       : Track Location for user internalUser4039
2022-10-02 23:12:32.230  INFO 75568 --- [    Test worker] tourGuide.service.TourGuideService       : Track Location for user internalUser5360
2022-10-02 23:12:32.230  INFO 75568 --- [pool-7-thread-1] tourGuide.service.TourGuideService       : Track Location for user internalUser5361
2022-10-02 23:12:32.230  INFO 75568 --- [    Test worker] tourGuide.service.TourGuideService       : Track Location for user internalUser6691
2022-10-02 23:12:32.230  INFO 75568 --- [pool-7-thread-1] tourGuide.service.TourGuideService       : Track Location for user internalUser6692
2022-10-02 23:12:32.230  INFO 75568 --- [    Test worker] tourGuide.service.TourGuideService       : Track Location for user internalUser4031
2022-10-02 23:12:32.230  INFO 75568 --- [pool-7-thread-1] tourGuide.service.TourGuideService       : Track Location for user internalUser4030
2022-10-02 23:12:32.230  INFO 75568 --- [    Test worker] tourGuide.service.TourGuideService       : Track Location for user internalUser5363
2022-10-02 23:12:32.230  INFO 75568 --- [pool-7-thread-1] tourGuide.service.TourGuideService       : Track Location for user internalUser5360
2022-10-02 23:12:32.230  INFO 75568 --- [    Test worker] tourGuide.service.TourGuideService       : Track Location for user internalUser6694
2022-10-02 23:12:32.230  INFO 75568 --- [pool-7-thread-1] tourGuide.service.TourGuideService       : Track Location for user internalUser6691
2022-10-02 23:12:32.231  INFO 75568 --- [    Test worker] tourGuide.service.TourGuideService       : Track Location for user internalUser4032
2022-10-02 23:12:32.231  INFO 75568 --- [pool-7-thread-1] tourGuide.service.TourGuideService       : Track Location for user internalUser4031
2022-10-02 23:12:32.231  INFO 75568 --- [    Test worker] tourGuide.service.TourGuideService       : Track Location for user internalUser5362
2022-10-02 23:12:32.231  INFO 75568 --- [pool-7-thread-1] tourGuide.service.TourGuideService       : Track Location for user internalUser5363
2022-10-02 23:12:32.231  INFO 75568 --- [    Test worker] tourGuide.service.TourGuideService       : Track Location for user internalUser6693
2022-10-02 23:12:32.231  INFO 75568 --- [pool-7-thread-1] tourGuide.service.TourGuideService       : Track Location for user internalUser6694
2022-10-02 23:12:32.231  INFO 75568 --- [    Test worker] tourGuide.service.TourGuideService       : Track Location for user internalUser4033
2022-10-02 23:12:32.231  INFO 75568 --- [pool-7-thread-1] tourGuide.service.TourGuideService       : Track Location for user internalUser4032
2022-10-02 23:12:32.231  INFO 75568 --- [    Test worker] tourGuide.service.TourGuideService       : Track Location for user internalUser5365
2022-10-02 23:12:32.231  INFO 75568 --- [    Test worker] tourGuide.service.TourGuideService       : Track Location for user internalUser6696
2022-10-02 23:12:32.231  INFO 75568 --- [pool-7-thread-1] tourGuide.service.TourGuideService       : Track Location for user internalUser5362
2022-10-02 23:12:32.231  INFO 75568 --- [    Test worker] tourGuide.service.TourGuideService       : Track Location for user internalUser4034
2022-10-02 23:12:32.232  INFO 75568 --- [pool-7-thread-1] tourGuide.service.TourGuideService       : Track Location for user internalUser6693
2022-10-02 23:12:32.232  INFO 75568 --- [    Test worker] tourGuide.service.TourGuideService       : Track Location for user internalUser5364
2022-10-02 23:12:32.232  INFO 75568 --- [pool-7-thread-1] tourGuide.service.TourGuideService       : Track Location for user internalUser4033
2022-10-02 23:12:32.232  INFO 75568 --- [    Test worker] tourGuide.service.TourGuideService       : Track Location for user internalUser6695
2022-10-02 23:12:32.232  INFO 75568 --- [    Test worker] tourGuide.service.TourGuideService       : Track Location for user internalUser4035
2022-10-02 23:12:32.232  INFO 75568 --- [pool-7-thread-1] tourGuide.service.TourGuideService       : Track Location for user internalUser5365
2022-10-02 23:12:32.232  INFO 75568 --- [    Test worker] tourGuide.service.TourGuideService       : Track Location for user internalUser5367
2022-10-02 23:12:32.233  INFO 75568 --- [pool-7-thread-1] tourGuide.service.TourGuideService       : Track Location for user internalUser6696
2022-10-02 23:12:32.233  INFO 75568 --- [    Test worker] tourGuide.service.TourGuideService       : Track Location for user internalUser6698
2022-10-02 23:12:32.233  INFO 75568 --- [pool-7-thread-1] tourGuide.service.TourGuideService       : Track Location for user internalUser4034
2022-10-02 23:12:32.233  INFO 75568 --- [    Test worker] tourGuide.service.TourGuideService       : Track Location for user internalUser4036
2022-10-02 23:12:32.233  INFO 75568 --- [    Test worker] tourGuide.service.TourGuideService       : Track Location for user internalUser5366
2022-10-02 23:12:32.233  INFO 75568 --- [    Test worker] tourGuide.service.TourGuideService       : Track Location for user internalUser6697
2022-10-02 23:12:32.233  INFO 75568 --- [    Test worker] tourGuide.service.TourGuideService       : Track Location for user internalUser5370
2022-10-02 23:12:32.234  INFO 75568 --- [    Test worker] tourGuide.service.TourGuideService       : Track Location for user internalUser4048
2022-10-02 23:12:32.234  INFO 75568 --- [    Test worker] tourGuide.service.TourGuideService       : Track Location for user internalUser4049
2022-10-02 23:12:32.234  INFO 75568 --- [    Test worker] tourGuide.service.TourGuideService       : Track Location for user internalUser5379
2022-10-02 23:12:32.234  INFO 75568 --- [    Test worker] tourGuide.service.TourGuideService       : Track Location for user internalUser4040
2022-10-02 23:12:32.234  INFO 75568 --- [    Test worker] tourGuide.service.TourGuideService       : Track Location for user internalUser5372
2022-10-02 23:12:32.234  INFO 75568 --- [    Test worker] tourGuide.service.TourGuideService       : Track Location for user internalUser4041
2022-10-02 23:12:32.234  INFO 75568 --- [    Test worker] tourGuide.service.TourGuideService       : Track Location for user internalUser5371
2022-10-02 23:12:32.234  INFO 75568 --- [    Test worker] tourGuide.service.TourGuideService       : Track Location for user internalUser4042
2022-10-02 23:12:32.237  INFO 75568 --- [pool-7-thread-1] tourGuide.service.TourGuideService       : Track Location for user internalUser5364
2022-10-02 23:12:32.237  INFO 75568 --- [pool-7-thread-1] tourGuide.service.TourGuideService       : Track Location for user internalUser6695
2022-10-02 23:12:32.237  INFO 75568 --- [    Test worker] tourGuide.service.TourGuideService       : Track Location for user internalUser5374
2022-10-02 23:12:32.238  INFO 75568 --- [pool-7-thread-1] tourGuide.service.TourGuideService       : Track Location for user internalUser4035
2022-10-02 23:12:32.238  INFO 75568 --- [    Test worker] tourGuide.service.TourGuideService       : Track Location for user internalUser4043
2022-10-02 23:12:32.238  INFO 75568 --- [pool-7-thread-1] tourGuide.service.TourGuideService       : Track Location for user internalUser5367
2022-10-02 23:12:32.238  INFO 75568 --- [    Test worker] tourGuide.service.TourGuideService       : Track Location for user internalUser5373
2022-10-02 23:12:32.238  INFO 75568 --- [    Test worker] tourGuide.service.TourGuideService       : Track Location for user internalUser4044
2022-10-02 23:12:32.239  INFO 75568 --- [pool-7-thread-1] tourGuide.service.TourGuideService       : Track Location for user internalUser6698
2022-10-02 23:12:32.239  INFO 75568 --- [pool-7-thread-1] tourGuide.service.TourGuideService       : Track Location for user internalUser4036
2022-10-02 23:12:32.239  INFO 75568 --- [    Test worker] tourGuide.service.TourGuideService       : Track Location for user internalUser5376
2022-10-02 23:12:32.239  INFO 75568 --- [pool-7-thread-1] tourGuide.service.TourGuideService       : Track Location for user internalUser5366
2022-10-02 23:12:32.239  INFO 75568 --- [    Test worker] tourGuide.service.TourGuideService       : Track Location for user internalUser4045
2022-10-02 23:12:32.240  INFO 75568 --- [pool-7-thread-1] tourGuide.service.TourGuideService       : Track Location for user internalUser6697
2022-10-02 23:12:32.240  INFO 75568 --- [    Test worker] tourGuide.service.TourGuideService       : Track Location for user internalUser5375
2022-10-02 23:12:32.240  INFO 75568 --- [    Test worker] tourGuide.service.TourGuideService       : Track Location for user internalUser4046
2022-10-02 23:12:32.240  INFO 75568 --- [    Test worker] tourGuide.service.TourGuideService       : Track Location for user internalUser5378
2022-10-02 23:12:32.240  INFO 75568 --- [pool-7-thread-1] tourGuide.service.TourGuideService       : Track Location for user internalUser5370
2022-10-02 23:12:32.240  INFO 75568 --- [pool-7-thread-1] tourGuide.service.TourGuideService       : Track Location for user internalUser4048
2022-10-02 23:12:32.240  INFO 75568 --- [    Test worker] tourGuide.service.TourGuideService       : Track Location for user internalUser4047
2022-10-02 23:12:32.241  INFO 75568 --- [pool-7-thread-1] tourGuide.service.TourGuideService       : Track Location for user internalUser4049
2022-10-02 23:12:32.241  INFO 75568 --- [    Test worker] tourGuide.service.TourGuideService       : Track Location for user internalUser5377
2022-10-02 23:12:32.241  INFO 75568 --- [pool-7-thread-1] tourGuide.service.TourGuideService       : Track Location for user internalUser5379
2022-10-02 23:12:32.241  INFO 75568 --- [pool-7-thread-1] tourGuide.service.TourGuideService       : Track Location for user internalUser4040
2022-10-02 23:12:32.241  INFO 75568 --- [    Test worker] tourGuide.service.TourGuideService       : Track Location for user internalUser5381
2022-10-02 23:12:32.241  INFO 75568 --- [pool-7-thread-1] tourGuide.service.TourGuideService       : Track Location for user internalUser5372
2022-10-02 23:12:32.242  INFO 75568 --- [pool-7-thread-1] tourGuide.service.TourGuideService       : Track Location for user internalUser4041
2022-10-02 23:12:32.242  INFO 75568 --- [pool-7-thread-1] tourGuide.service.TourGuideService       : Track Location for user internalUser5371
2022-10-02 23:12:32.242  INFO 75568 --- [    Test worker] tourGuide.service.TourGuideService       : Track Location for user internalUser4050
2022-10-02 23:12:32.242  INFO 75568 --- [pool-7-thread-1] tourGuide.service.TourGuideService       : Track Location for user internalUser4042
2022-10-02 23:12:32.242  INFO 75568 --- [    Test worker] tourGuide.service.TourGuideService       : Track Location for user internalUser5380
2022-10-02 23:12:32.242  INFO 75568 --- [pool-7-thread-1] tourGuide.service.TourGuideService       : Track Location for user internalUser5374
2022-10-02 23:12:32.242  INFO 75568 --- [    Test worker] tourGuide.service.TourGuideService       : Track Location for user internalUser1822
2022-10-02 23:12:32.243  INFO 75568 --- [pool-7-thread-1] tourGuide.service.TourGuideService       : Track Location for user internalUser4043
2022-10-02 23:12:32.243  INFO 75568 --- [    Test worker] tourGuide.service.TourGuideService       : Track Location for user internalUser4095
2022-10-02 23:12:32.243  INFO 75568 --- [pool-7-thread-1] tourGuide.service.TourGuideService       : Track Location for user internalUser5373
2022-10-02 23:12:32.243  INFO 75568 --- [    Test worker] tourGuide.service.TourGuideService       : Track Location for user internalUser1821
2022-10-02 23:12:32.243  INFO 75568 --- [    Test worker] tourGuide.service.TourGuideService       : Track Location for user internalUser4096
2022-10-02 23:12:32.243  INFO 75568 --- [    Test worker] tourGuide.service.TourGuideService       : Track Location for user internalUser1820
2022-10-02 23:12:32.243  INFO 75568 --- [pool-7-thread-1] tourGuide.service.TourGuideService       : Track Location for user internalUser4044
2022-10-02 23:12:32.243  INFO 75568 --- [    Test worker] tourGuide.service.TourGuideService       : Track Location for user internalUser4097
2022-10-02 23:12:32.243  INFO 75568 --- [pool-7-thread-1] tourGuide.service.TourGuideService       : Track Location for user internalUser5376
2022-10-02 23:12:32.243  INFO 75568 --- [    Test worker] tourGuide.service.TourGuideService       : Track Location for user internalUser4098
2022-10-02 23:12:32.243  INFO 75568 --- [pool-7-thread-1] tourGuide.service.TourGuideService       : Track Location for user internalUser4045
2022-10-02 23:12:32.244  INFO 75568 --- [    Test worker] tourGuide.service.TourGuideService       : Track Location for user internalUser4099
2022-10-02 23:12:32.244  INFO 75568 --- [pool-7-thread-1] tourGuide.service.TourGuideService       : Track Location for user internalUser5375
2022-10-02 23:12:32.244  INFO 75568 --- [    Test worker] tourGuide.service.TourGuideService       : Track Location for user internalUser1829
2022-10-02 23:12:32.244  INFO 75568 --- [pool-7-thread-1] tourGuide.service.TourGuideService       : Track Location for user internalUser4046
2022-10-02 23:12:32.244  INFO 75568 --- [pool-7-thread-1] tourGuide.service.TourGuideService       : Track Location for user internalUser5378
2022-10-02 23:12:32.244  INFO 75568 --- [    Test worker] tourGuide.service.TourGuideService       : Track Location for user internalUser1828
2022-10-02 23:12:32.244  INFO 75568 --- [pool-7-thread-1] tourGuide.service.TourGuideService       : Track Location for user internalUser4047
2022-10-02 23:12:32.244  INFO 75568 --- [    Test worker] tourGuide.service.TourGuideService       : Track Location for user internalUser1827
2022-10-02 23:12:32.244  INFO 75568 --- [pool-7-thread-1] tourGuide.service.TourGuideService       : Track Location for user internalUser5377
2022-10-02 23:12:32.244  INFO 75568 --- [    Test worker] tourGuide.service.TourGuideService       : Track Location for user internalUser1826
2022-10-02 23:12:32.244  INFO 75568 --- [pool-7-thread-1] tourGuide.service.TourGuideService       : Track Location for user internalUser5381
2022-10-02 23:12:32.244  INFO 75568 --- [    Test worker] tourGuide.service.TourGuideService       : Track Location for user internalUser1825
2022-10-02 23:12:32.245  INFO 75568 --- [pool-7-thread-1] tourGuide.service.TourGuideService       : Track Location for user internalUser4050
2022-10-02 23:12:32.245  INFO 75568 --- [    Test worker] tourGuide.service.TourGuideService       : Track Location for user internalUser1824
2022-10-02 23:12:32.245  INFO 75568 --- [pool-7-thread-1] tourGuide.service.TourGuideService       : Track Location for user internalUser5380
2022-10-02 23:12:32.245  INFO 75568 --- [    Test worker] tourGuide.service.TourGuideService       : Track Location for user internalUser1823
2022-10-02 23:12:32.245  INFO 75568 --- [pool-7-thread-1] tourGuide.service.TourGuideService       : Track Location for user internalUser1822
2022-10-02 23:12:32.245  INFO 75568 --- [    Test worker] tourGuide.service.TourGuideService       : Track Location for user internalUser1833
2022-10-02 23:12:32.245  INFO 75568 --- [pool-7-thread-1] tourGuide.service.TourGuideService       : Track Location for user internalUser4095
2022-10-02 23:12:32.246  INFO 75568 --- [    Test worker] tourGuide.service.TourGuideService       : Track Location for user internalUser1832
2022-10-02 23:12:32.246  INFO 75568 --- [pool-7-thread-1] tourGuide.service.TourGuideService       : Track Location for user internalUser1821
2022-10-02 23:12:32.246  INFO 75568 --- [    Test worker] tourGuide.service.TourGuideService       : Track Location for user internalUser1831
2022-10-02 23:12:32.246  INFO 75568 --- [pool-7-thread-1] tourGuide.service.TourGuideService       : Track Location for user internalUser4096
2022-10-02 23:12:32.246  INFO 75568 --- [    Test worker] tourGuide.service.TourGuideService       : Track Location for user internalUser1830
2022-10-02 23:12:32.246  INFO 75568 --- [pool-7-thread-1] tourGuide.service.TourGuideService       : Track Location for user internalUser1820
2022-10-02 23:12:32.246  INFO 75568 --- [    Test worker] tourGuide.service.TourGuideService       : Track Location for user internalUser1839
2022-10-02 23:12:32.246  INFO 75568 --- [pool-7-thread-1] tourGuide.service.TourGuideService       : Track Location for user internalUser4097
2022-10-02 23:12:32.246  INFO 75568 --- [    Test worker] tourGuide.service.TourGuideService       : Track Location for user internalUser1838
2022-10-02 23:12:32.246  INFO 75568 --- [    Test worker] tourGuide.service.TourGuideService       : Track Location for user internalUser1837
2022-10-02 23:12:32.247  INFO 75568 --- [pool-7-thread-1] tourGuide.service.TourGuideService       : Track Location for user internalUser4098
2022-10-02 23:12:32.247  INFO 75568 --- [    Test worker] tourGuide.service.TourGuideService       : Track Location for user internalUser1836
2022-10-02 23:12:32.247  INFO 75568 --- [pool-7-thread-1] tourGuide.service.TourGuideService       : Track Location for user internalUser4099
2022-10-02 23:12:32.247  INFO 75568 --- [pool-7-thread-1] tourGuide.service.TourGuideService       : Track Location for user internalUser1829
2022-10-02 23:12:32.247  INFO 75568 --- [pool-7-thread-1] tourGuide.service.TourGuideService       : Track Location for user internalUser1828
2022-10-02 23:12:32.247  INFO 75568 --- [pool-7-thread-1] tourGuide.service.TourGuideService       : Track Location for user internalUser1827
2022-10-02 23:12:32.247  INFO 75568 --- [    Test worker] tourGuide.service.TourGuideService       : Track Location for user internalUser1835
2022-10-02 23:12:32.247  INFO 75568 --- [    Test worker] tourGuide.service.TourGuideService       : Track Location for user internalUser1834
2022-10-02 23:12:32.248  INFO 75568 --- [pool-7-thread-1] tourGuide.service.TourGuideService       : Track Location for user internalUser1826
2022-10-02 23:12:32.248  INFO 75568 --- [    Test worker] tourGuide.service.TourGuideService       : Track Location for user internalUser1800
2022-10-02 23:12:32.248  INFO 75568 --- [pool-7-thread-1] tourGuide.service.TourGuideService       : Track Location for user internalUser1825
2022-10-02 23:12:32.248  INFO 75568 --- [    Test worker] tourGuide.service.TourGuideService       : Track Location for user internalUser4073
2022-10-02 23:12:32.248  INFO 75568 --- [pool-7-thread-1] tourGuide.service.TourGuideService       : Track Location for user internalUser1824
2022-10-02 23:12:32.248  INFO 75568 --- [pool-7-thread-1] tourGuide.service.TourGuideService       : Track Location for user internalUser1823
2022-10-02 23:12:32.248  INFO 75568 --- [pool-7-thread-1] tourGuide.service.TourGuideService       : Track Location for user internalUser1833
2022-10-02 23:12:32.248  INFO 75568 --- [pool-7-thread-1] tourGuide.service.TourGuideService       : Track Location for user internalUser1832
2022-10-02 23:12:32.249  INFO 75568 --- [pool-7-thread-1] tourGuide.service.TourGuideService       : Track Location for user internalUser1831
2022-10-02 23:12:32.249  INFO 75568 --- [pool-7-thread-1] tourGuide.service.TourGuideService       : Track Location for user internalUser1830
2022-10-02 23:12:32.248  INFO 75568 --- [    Test worker] tourGuide.service.TourGuideService       : Track Location for user internalUser4074
2022-10-02 23:12:32.249  INFO 75568 --- [pool-7-thread-1] tourGuide.service.TourGuideService       : Track Location for user internalUser1839
2022-10-02 23:12:32.249  INFO 75568 --- [    Test worker] tourGuide.service.TourGuideService       : Track Location for user internalUser4075
2022-10-02 23:12:32.249  INFO 75568 --- [    Test worker] tourGuide.service.TourGuideService       : Track Location for user internalUser4076
2022-10-02 23:12:32.250  INFO 75568 --- [    Test worker] tourGuide.service.TourGuideService       : Track Location for user internalUser4077
2022-10-02 23:12:32.250  INFO 75568 --- [    Test worker] tourGuide.service.TourGuideService       : Track Location for user internalUser4078
2022-10-02 23:12:32.250  INFO 75568 --- [    Test worker] tourGuide.service.TourGuideService       : Track Location for user internalUser4079
2022-10-02 23:12:32.250  INFO 75568 --- [    Test worker] tourGuide.service.TourGuideService       : Track Location for user internalUser1808
2022-10-02 23:12:32.250  INFO 75568 --- [    Test worker] tourGuide.service.TourGuideService       : Track Location for user internalUser1807
2022-10-02 23:12:32.250  INFO 75568 --- [    Test worker] tourGuide.service.TourGuideService       : Track Location for user internalUser1806
2022-10-02 23:12:32.250  INFO 75568 --- [pool-7-thread-1] tourGuide.service.TourGuideService       : Track Location for user internalUser1838
2022-10-02 23:12:32.250  INFO 75568 --- [pool-7-thread-1] tourGuide.service.TourGuideService       : Track Location for user internalUser1837
2022-10-02 23:12:32.250  INFO 75568 --- [pool-7-thread-1] tourGuide.service.TourGuideService       : Track Location for user internalUser1836
2022-10-02 23:12:32.251  INFO 75568 --- [pool-7-thread-1] tourGuide.service.TourGuideService       : Track Location for user internalUser1835
2022-10-02 23:12:32.251  INFO 75568 --- [pool-7-thread-1] tourGuide.service.TourGuideService       : Track Location for user internalUser1834
2022-10-02 23:12:32.251  INFO 75568 --- [    Test worker] tourGuide.service.TourGuideService       : Track Location for user internalUser1805
2022-10-02 23:12:32.251  INFO 75568 --- [pool-7-thread-1] tourGuide.service.TourGuideService       : Track Location for user internalUser1800
2022-10-02 23:12:32.251  INFO 75568 --- [    Test worker] tourGuide.service.TourGuideService       : Track Location for user internalUser1804
2022-10-02 23:12:32.251  INFO 75568 --- [pool-7-thread-1] tourGuide.service.TourGuideService       : Track Location for user internalUser4073
2022-10-02 23:12:32.251  INFO 75568 --- [    Test worker] tourGuide.service.TourGuideService       : Track Location for user internalUser4080
2022-10-02 23:12:32.251  INFO 75568 --- [pool-7-thread-1] tourGuide.service.TourGuideService       : Track Location for user internalUser4074
2022-10-02 23:12:32.251  INFO 75568 --- [    Test worker] tourGuide.service.TourGuideService       : Track Location for user internalUser1803
2022-10-02 23:12:32.256  INFO 75568 --- [    Test worker] tourGuide.service.TourGuideService       : Track Location for user internalUser4081
2022-10-02 23:12:32.256  INFO 75568 --- [pool-7-thread-1] tourGuide.service.TourGuideService       : Track Location for user internalUser4075
2022-10-02 23:12:32.257  INFO 75568 --- [    Test worker] tourGuide.service.TourGuideService       : Track Location for user internalUser1802
2022-10-02 23:12:32.257  INFO 75568 --- [    Test worker] tourGuide.service.TourGuideService       : Track Location for user internalUser4082
2022-10-02 23:12:32.257  INFO 75568 --- [    Test worker] tourGuide.service.TourGuideService       : Track Location for user internalUser1801
2022-10-02 23:12:32.258  INFO 75568 --- [    Test worker] tourGuide.service.TourGuideService       : Track Location for user internalUser4083
2022-10-02 23:12:32.266  INFO 75568 --- [    Test worker] tourGuide.service.TourGuideService       : Track Location for user internalUser1809
2022-10-02 23:12:32.266  INFO 75568 --- [pool-7-thread-1] tourGuide.service.TourGuideService       : Track Location for user internalUser4076
2022-10-02 23:12:32.269  INFO 75568 --- [    Test worker] tourGuide.service.TourGuideService       : Track Location for user internalUser1811
2022-10-02 23:12:32.269  INFO 75568 --- [pool-7-thread-1] tourGuide.service.TourGuideService       : Track Location for user internalUser4077
2022-10-02 23:12:32.269  INFO 75568 --- [    Test worker] tourGuide.service.TourGuideService       : Track Location for user internalUser4084
2022-10-02 23:12:32.270  INFO 75568 --- [pool-7-thread-1] tourGuide.service.TourGuideService       : Track Location for user internalUser4078
2022-10-02 23:12:32.270  INFO 75568 --- [    Test worker] tourGuide.service.TourGuideService       : Track Location for user internalUser1810
2022-10-02 23:12:32.270  INFO 75568 --- [pool-7-thread-1] tourGuide.service.TourGuideService       : Track Location for user internalUser4079
2022-10-02 23:12:32.273  INFO 75568 --- [pool-7-thread-1] tourGuide.service.TourGuideService       : Track Location for user internalUser1808
2022-10-02 23:12:32.273  INFO 75568 --- [    Test worker] tourGuide.service.TourGuideService       : Track Location for user internalUser4085
2022-10-02 23:12:32.273  INFO 75568 --- [pool-7-thread-1] tourGuide.service.TourGuideService       : Track Location for user internalUser1807
2022-10-02 23:12:32.278  INFO 75568 --- [pool-7-thread-1] tourGuide.service.TourGuideService       : Track Location for user internalUser1806
2022-10-02 23:12:32.279  INFO 75568 --- [    Test worker] tourGuide.service.TourGuideService       : Track Location for user internalUser4086
2022-10-02 23:12:32.286  INFO 75568 --- [    Test worker] tourGuide.service.TourGuideService       : Track Location for user internalUser4087
2022-10-02 23:12:32.286  INFO 75568 --- [pool-7-thread-1] tourGuide.service.TourGuideService       : Track Location for user internalUser1805
2022-10-02 23:12:32.286  INFO 75568 --- [    Test worker] tourGuide.service.TourGuideService       : Track Location for user internalUser4088
2022-10-02 23:12:32.286  INFO 75568 --- [pool-7-thread-1] tourGuide.service.TourGuideService       : Track Location for user internalUser1804
2022-10-02 23:12:32.297  INFO 75568 --- [pool-7-thread-1] tourGuide.service.TourGuideService       : Track Location for user internalUser4080
2022-10-02 23:12:32.297  INFO 75568 --- [    Test worker] tourGuide.service.TourGuideService       : Track Location for user internalUser4089
2022-10-02 23:12:32.313  INFO 75568 --- [    Test worker] tourGuide.service.TourGuideService       : Track Location for user internalUser1819
2022-10-02 23:12:32.313  INFO 75568 --- [pool-7-thread-1] tourGuide.service.TourGuideService       : Track Location for user internalUser1803
2022-10-02 23:12:32.314  INFO 75568 --- [    Test worker] tourGuide.service.TourGuideService       : Track Location for user internalUser1818
2022-10-02 23:12:32.314  INFO 75568 --- [pool-7-thread-1] tourGuide.service.TourGuideService       : Track Location for user internalUser4081
2022-10-02 23:12:32.314  INFO 75568 --- [    Test worker] tourGuide.service.TourGuideService       : Track Location for user internalUser1817
2022-10-02 23:12:32.314  INFO 75568 --- [    Test worker] tourGuide.service.TourGuideService       : Track Location for user internalUser1816
2022-10-02 23:12:32.314  INFO 75568 --- [    Test worker] tourGuide.service.TourGuideService       : Track Location for user internalUser4090
2022-10-02 23:12:32.335  INFO 75568 --- [    Test worker] tourGuide.service.TourGuideService       : Track Location for user internalUser1815
2022-10-02 23:12:32.335  INFO 75568 --- [pool-7-thread-1] tourGuide.service.TourGuideService       : Track Location for user internalUser1802
2022-10-02 23:12:32.336  INFO 75568 --- [    Test worker] tourGuide.service.TourGuideService       : Track Location for user internalUser4091
2022-10-02 23:12:32.336  INFO 75568 --- [    Test worker] tourGuide.service.TourGuideService       : Track Location for user internalUser1814
2022-10-02 23:12:32.336  INFO 75568 --- [pool-7-thread-1] tourGuide.service.TourGuideService       : Track Location for user internalUser4082
2022-10-02 23:12:32.336  INFO 75568 --- [    Test worker] tourGuide.service.TourGuideService       : Track Location for user internalUser4092
2022-10-02 23:12:32.336  INFO 75568 --- [pool-7-thread-1] tourGuide.service.TourGuideService       : Track Location for user internalUser1801
2022-10-02 23:12:32.336  INFO 75568 --- [    Test worker] tourGuide.service.TourGuideService       : Track Location for user internalUser1813
2022-10-02 23:12:32.336  INFO 75568 --- [pool-7-thread-1] tourGuide.service.TourGuideService       : Track Location for user internalUser4083
2022-10-02 23:12:32.336  INFO 75568 --- [    Test worker] tourGuide.service.TourGuideService       : Track Location for user internalUser4093
2022-10-02 23:12:32.336  INFO 75568 --- [pool-7-thread-1] tourGuide.service.TourGuideService       : Track Location for user internalUser1809
2022-10-02 23:12:32.337  INFO 75568 --- [    Test worker] tourGuide.service.TourGuideService       : Track Location for user internalUser1812
2022-10-02 23:12:32.337  INFO 75568 --- [pool-7-thread-1] tourGuide.service.TourGuideService       : Track Location for user internalUser1811
2022-10-02 23:12:32.337  INFO 75568 --- [    Test worker] tourGuide.service.TourGuideService       : Track Location for user internalUser4094
2022-10-02 23:12:32.337  INFO 75568 --- [pool-7-thread-1] tourGuide.service.TourGuideService       : Track Location for user internalUser4084
2022-10-02 23:12:32.337  INFO 75568 --- [    Test worker] tourGuide.service.TourGuideService       : Track Location for user internalUser5303
2022-10-02 23:12:32.337  INFO 75568 --- [pool-7-thread-1] tourGuide.service.TourGuideService       : Track Location for user internalUser1810
2022-10-02 23:12:32.337  INFO 75568 --- [    Test worker] tourGuide.service.TourGuideService       : Track Location for user internalUser6634
2022-10-02 23:12:32.337  INFO 75568 --- [pool-7-thread-1] tourGuide.service.TourGuideService       : Track Location for user internalUser4085
2022-10-02 23:12:32.337  INFO 75568 --- [    Test worker] tourGuide.service.TourGuideService       : Track Location for user internalUser7966
2022-10-02 23:12:32.337  INFO 75568 --- [pool-7-thread-1] tourGuide.service.TourGuideService       : Track Location for user internalUser4086
2022-10-02 23:12:32.337  INFO 75568 --- [    Test worker] tourGuide.service.TourGuideService       : Track Location for user internalUser5302
2022-10-02 23:12:32.338  INFO 75568 --- [pool-7-thread-1] tourGuide.service.TourGuideService       : Track Location for user internalUser4087
2022-10-02 23:12:32.338  INFO 75568 --- [    Test worker] tourGuide.service.TourGuideService       : Track Location for user internalUser6633
2022-10-02 23:12:32.338  INFO 75568 --- [pool-7-thread-1] tourGuide.service.TourGuideService       : Track Location for user internalUser4088
2022-10-02 23:12:32.338  INFO 75568 --- [    Test worker] tourGuide.service.TourGuideService       : Track Location for user internalUser7967
2022-10-02 23:12:32.338  INFO 75568 --- [pool-7-thread-1] tourGuide.service.TourGuideService       : Track Location for user internalUser4089
2022-10-02 23:12:32.338  INFO 75568 --- [    Test worker] tourGuide.service.TourGuideService       : Track Location for user internalUser5305
2022-10-02 23:12:32.338  INFO 75568 --- [pool-7-thread-1] tourGuide.service.TourGuideService       : Track Location for user internalUser1819
2022-10-02 23:12:32.338  INFO 75568 --- [    Test worker] tourGuide.service.TourGuideService       : Track Location for user internalUser6636
2022-10-02 23:12:32.339  INFO 75568 --- [pool-7-thread-1] tourGuide.service.TourGuideService       : Track Location for user internalUser1818
2022-10-02 23:12:32.339  INFO 75568 --- [    Test worker] tourGuide.service.TourGuideService       : Track Location for user internalUser7964
2022-10-02 23:12:32.339  INFO 75568 --- [pool-7-thread-1] tourGuide.service.TourGuideService       : Track Location for user internalUser1817
2022-10-02 23:12:32.339  INFO 75568 --- [    Test worker] tourGuide.service.TourGuideService       : Track Location for user internalUser5304
2022-10-02 23:12:32.339  INFO 75568 --- [    Test worker] tourGuide.service.TourGuideService       : Track Location for user internalUser6635
2022-10-02 23:12:32.339  INFO 75568 --- [    Test worker] tourGuide.service.TourGuideService       : Track Location for user internalUser7965
2022-10-02 23:12:32.339  INFO 75568 --- [    Test worker] tourGuide.service.TourGuideService       : Track Location for user internalUser5307
2022-10-02 23:12:32.339  INFO 75568 --- [pool-7-thread-1] tourGuide.service.TourGuideService       : Track Location for user internalUser1816
2022-10-02 23:12:32.339  INFO 75568 --- [    Test worker] tourGuide.service.TourGuideService       : Track Location for user internalUser6638
2022-10-02 23:12:32.339  INFO 75568 --- [pool-7-thread-1] tourGuide.service.TourGuideService       : Track Location for user internalUser4090
2022-10-02 23:12:32.339  INFO 75568 --- [    Test worker] tourGuide.service.TourGuideService       : Track Location for user internalUser5306
2022-10-02 23:12:32.340  INFO 75568 --- [pool-7-thread-1] tourGuide.service.TourGuideService       : Track Location for user internalUser1815
2022-10-02 23:12:32.340  INFO 75568 --- [    Test worker] tourGuide.service.TourGuideService       : Track Location for user internalUser6637
2022-10-02 23:12:32.340  INFO 75568 --- [    Test worker] tourGuide.service.TourGuideService       : Track Location for user internalUser5309
2022-10-02 23:12:32.340  INFO 75568 --- [pool-7-thread-1] tourGuide.service.TourGuideService       : Track Location for user internalUser4091
2022-10-02 23:12:32.340  INFO 75568 --- [    Test worker] tourGuide.service.TourGuideService       : Track Location for user internalUser7968
2022-10-02 23:12:32.340  INFO 75568 --- [pool-7-thread-1] tourGuide.service.TourGuideService       : Track Location for user internalUser1814
2022-10-02 23:12:32.340  INFO 75568 --- [    Test worker] tourGuide.service.TourGuideService       : Track Location for user internalUser5308
2022-10-02 23:12:32.340  INFO 75568 --- [pool-7-thread-1] tourGuide.service.TourGuideService       : Track Location for user internalUser4092
2022-10-02 23:12:32.340  INFO 75568 --- [    Test worker] tourGuide.service.TourGuideService       : Track Location for user internalUser6639
2022-10-02 23:12:32.340  INFO 75568 --- [pool-7-thread-1] tourGuide.service.TourGuideService       : Track Location for user internalUser1813
2022-10-02 23:12:32.340  INFO 75568 --- [    Test worker] tourGuide.service.TourGuideService       : Track Location for user internalUser7969
2022-10-02 23:12:32.340  INFO 75568 --- [pool-7-thread-1] tourGuide.service.TourGuideService       : Track Location for user internalUser4093
2022-10-02 23:12:32.341  INFO 75568 --- [    Test worker] tourGuide.service.TourGuideService       : Track Location for user internalUser6630
2022-10-02 23:12:32.341  INFO 75568 --- [    Test worker] tourGuide.service.TourGuideService       : Track Location for user internalUser7962
2022-10-02 23:12:32.341  INFO 75568 --- [    Test worker] tourGuide.service.TourGuideService       : Track Location for user internalUser7963
2022-10-02 23:12:32.341  INFO 75568 --- [    Test worker] tourGuide.service.TourGuideService       : Track Location for user internalUser5301
2022-10-02 23:12:32.341  INFO 75568 --- [    Test worker] tourGuide.service.TourGuideService       : Track Location for user internalUser6632
2022-10-02 23:12:32.341  INFO 75568 --- [    Test worker] tourGuide.service.TourGuideService       : Track Location for user internalUser7960
2022-10-02 23:12:32.341  INFO 75568 --- [pool-7-thread-1] tourGuide.service.TourGuideService       : Track Location for user internalUser1812
2022-10-02 23:12:32.342  INFO 75568 --- [    Test worker] tourGuide.service.TourGuideService       : Track Location for user internalUser5300
2022-10-02 23:12:32.342  INFO 75568 --- [    Test worker] tourGuide.service.TourGuideService       : Track Location for user internalUser6631
2022-10-02 23:12:32.342  INFO 75568 --- [pool-7-thread-1] tourGuide.service.TourGuideService       : Track Location for user internalUser4094
2022-10-02 23:12:32.342  INFO 75568 --- [    Test worker] tourGuide.service.TourGuideService       : Track Location for user internalUser7961
2022-10-02 23:12:32.342  INFO 75568 --- [    Test worker] tourGuide.service.TourGuideService       : Track Location for user internalUser5314
2022-10-02 23:12:32.342  INFO 75568 --- [pool-7-thread-1] tourGuide.service.TourGuideService       : Track Location for user internalUser5303
2022-10-02 23:12:32.342  INFO 75568 --- [pool-7-thread-1] tourGuide.service.TourGuideService       : Track Location for user internalUser6634
2022-10-02 23:12:32.342  INFO 75568 --- [pool-7-thread-1] tourGuide.service.TourGuideService       : Track Location for user internalUser7966
2022-10-02 23:12:32.342  INFO 75568 --- [pool-7-thread-1] tourGuide.service.TourGuideService       : Track Location for user internalUser5302
2022-10-02 23:12:32.343  INFO 75568 --- [    Test worker] tourGuide.service.TourGuideService       : Track Location for user internalUser6645
2022-10-02 23:12:32.343  INFO 75568 --- [pool-7-thread-1] tourGuide.service.TourGuideService       : Track Location for user internalUser6633
2022-10-02 23:12:32.343  INFO 75568 --- [    Test worker] tourGuide.service.TourGuideService       : Track Location for user internalUser7977
2022-10-02 23:12:32.343  INFO 75568 --- [pool-7-thread-1] tourGuide.service.TourGuideService       : Track Location for user internalUser7967
2022-10-02 23:12:32.343  INFO 75568 --- [    Test worker] tourGuide.service.TourGuideService       : Track Location for user internalUser5313
2022-10-02 23:12:32.343  INFO 75568 --- [    Test worker] tourGuide.service.TourGuideService       : Track Location for user internalUser6644
2022-10-02 23:12:32.343  INFO 75568 --- [pool-7-thread-1] tourGuide.service.TourGuideService       : Track Location for user internalUser5305
2022-10-02 23:12:32.343  INFO 75568 --- [pool-7-thread-1] tourGuide.service.TourGuideService       : Track Location for user internalUser6636
2022-10-02 23:12:32.343  INFO 75568 --- [    Test worker] tourGuide.service.TourGuideService       : Track Location for user internalUser7978
2022-10-02 23:12:32.343  INFO 75568 --- [pool-7-thread-1] tourGuide.service.TourGuideService       : Track Location for user internalUser7964
2022-10-02 23:12:32.344  INFO 75568 --- [pool-7-thread-1] tourGuide.service.TourGuideService       : Track Location for user internalUser5304
2022-10-02 23:12:32.344  INFO 75568 --- [pool-7-thread-1] tourGuide.service.TourGuideService       : Track Location for user internalUser6635
2022-10-02 23:12:32.344  INFO 75568 --- [pool-7-thread-1] tourGuide.service.TourGuideService       : Track Location for user internalUser7965
2022-10-02 23:12:32.344  INFO 75568 --- [pool-7-thread-1] tourGuide.service.TourGuideService       : Track Location for user internalUser5307
2022-10-02 23:12:32.344  INFO 75568 --- [    Test worker] tourGuide.service.TourGuideService       : Track Location for user internalUser5316
2022-10-02 23:12:32.344  INFO 75568 --- [pool-7-thread-1] tourGuide.service.TourGuideService       : Track Location for user internalUser6638
2022-10-02 23:12:32.344  INFO 75568 --- [pool-7-thread-1] tourGuide.service.TourGuideService       : Track Location for user internalUser5306
2022-10-02 23:12:32.344  INFO 75568 --- [    Test worker] tourGuide.service.TourGuideService       : Track Location for user internalUser6647
2022-10-02 23:12:32.344  INFO 75568 --- [pool-7-thread-1] tourGuide.service.TourGuideService       : Track Location for user internalUser6637
2022-10-02 23:12:32.345  INFO 75568 --- [pool-7-thread-1] tourGuide.service.TourGuideService       : Track Location for user internalUser5309
2022-10-02 23:12:32.345  INFO 75568 --- [pool-7-thread-1] tourGuide.service.TourGuideService       : Track Location for user internalUser7968
2022-10-02 23:12:32.345  INFO 75568 --- [pool-7-thread-1] tourGuide.service.TourGuideService       : Track Location for user internalUser5308
2022-10-02 23:12:32.345  INFO 75568 --- [pool-7-thread-1] tourGuide.service.TourGuideService       : Track Location for user internalUser6639
2022-10-02 23:12:32.345  INFO 75568 --- [pool-7-thread-1] tourGuide.service.TourGuideService       : Track Location for user internalUser7969
2022-10-02 23:12:32.345  INFO 75568 --- [pool-7-thread-1] tourGuide.service.TourGuideService       : Track Location for user internalUser6630
2022-10-02 23:12:32.345  INFO 75568 --- [pool-7-thread-1] tourGuide.service.TourGuideService       : Track Location for user internalUser7962
2022-10-02 23:12:32.345  INFO 75568 --- [pool-7-thread-1] tourGuide.service.TourGuideService       : Track Location for user internalUser7963
2022-10-02 23:12:32.345  INFO 75568 --- [pool-7-thread-1] tourGuide.service.TourGuideService       : Track Location for user internalUser5301
2022-10-02 23:12:32.345  INFO 75568 --- [pool-7-thread-1] tourGuide.service.TourGuideService       : Track Location for user internalUser6632
2022-10-02 23:12:32.346  INFO 75568 --- [pool-7-thread-1] tourGuide.service.TourGuideService       : Track Location for user internalUser7960
2022-10-02 23:12:32.346  INFO 75568 --- [pool-7-thread-1] tourGuide.service.TourGuideService       : Track Location for user internalUser5300
2022-10-02 23:12:32.346  INFO 75568 --- [pool-7-thread-1] tourGuide.service.TourGuideService       : Track Location for user internalUser6631
2022-10-02 23:12:32.346  INFO 75568 --- [    Test worker] tourGuide.service.TourGuideService       : Track Location for user internalUser7975
2022-10-02 23:12:32.346  INFO 75568 --- [    Test worker] tourGuide.service.TourGuideService       : Track Location for user internalUser5315
2022-10-02 23:12:32.347  INFO 75568 --- [    Test worker] tourGuide.service.TourGuideService       : Track Location for user internalUser6646
2022-10-02 23:12:32.347  INFO 75568 --- [    Test worker] tourGuide.service.TourGuideService       : Track Location for user internalUser7976
2022-10-02 23:12:32.347  INFO 75568 --- [pool-7-thread-1] tourGuide.service.TourGuideService       : Track Location for user internalUser7961
2022-10-02 23:12:32.347  INFO 75568 --- [pool-7-thread-1] tourGuide.service.TourGuideService       : Track Location for user internalUser5314
2022-10-02 23:12:32.347  INFO 75568 --- [pool-7-thread-1] tourGuide.service.TourGuideService       : Track Location for user internalUser6645
2022-10-02 23:12:32.347  INFO 75568 --- [pool-7-thread-1] tourGuide.service.TourGuideService       : Track Location for user internalUser7977
2022-10-02 23:12:32.347  INFO 75568 --- [pool-7-thread-1] tourGuide.service.TourGuideService       : Track Location for user internalUser5313
2022-10-02 23:12:32.347  INFO 75568 --- [    Test worker] tourGuide.service.TourGuideService       : Track Location for user internalUser5318
2022-10-02 23:12:32.348  INFO 75568 --- [pool-7-thread-1] tourGuide.service.TourGuideService       : Track Location for user internalUser6644
2022-10-02 23:12:32.348  INFO 75568 --- [    Test worker] tourGuide.service.TourGuideService       : Track Location for user internalUser6649
2022-10-02 23:12:32.348  INFO 75568 --- [    Test worker] tourGuide.service.TourGuideService       : Track Location for user internalUser5317
2022-10-02 23:12:32.348  INFO 75568 --- [pool-7-thread-1] tourGuide.service.TourGuideService       : Track Location for user internalUser7978
2022-10-02 23:12:32.348  INFO 75568 --- [    Test worker] tourGuide.service.TourGuideService       : Track Location for user internalUser6648
2022-10-02 23:12:32.348  INFO 75568 --- [    Test worker] tourGuide.service.TourGuideService       : Track Location for user internalUser7979
2022-10-02 23:12:32.348  INFO 75568 --- [    Test worker] tourGuide.service.TourGuideService       : Track Location for user internalUser5319
2022-10-02 23:12:32.348  INFO 75568 --- [pool-7-thread-1] tourGuide.service.TourGuideService       : Track Location for user internalUser5316
2022-10-02 23:12:32.348  INFO 75568 --- [    Test worker] tourGuide.service.TourGuideService       : Track Location for user internalUser7970
2022-10-02 23:12:32.349  INFO 75568 --- [pool-7-thread-1] tourGuide.service.TourGuideService       : Track Location for user internalUser6647
2022-10-02 23:12:32.349  INFO 75568 --- [pool-7-thread-1] tourGuide.service.TourGuideService       : Track Location for user internalUser7975
2022-10-02 23:12:32.349  INFO 75568 --- [    Test worker] tourGuide.service.TourGuideService       : Track Location for user internalUser5310
2022-10-02 23:12:32.350  INFO 75568 --- [    Test worker] tourGuide.service.TourGuideService       : Track Location for user internalUser6641
2022-10-02 23:12:32.350  INFO 75568 --- [    Test worker] tourGuide.service.TourGuideService       : Track Location for user internalUser7973
2022-10-02 23:12:32.350  INFO 75568 --- [    Test worker] tourGuide.service.TourGuideService       : Track Location for user internalUser6640
2022-10-02 23:12:32.350  INFO 75568 --- [    Test worker] tourGuide.service.TourGuideService       : Track Location for user internalUser7974
2022-10-02 23:12:32.350  INFO 75568 --- [    Test worker] tourGuide.service.TourGuideService       : Track Location for user internalUser5312
2022-10-02 23:12:32.350  INFO 75568 --- [    Test worker] tourGuide.service.TourGuideService       : Track Location for user internalUser6643
2022-10-02 23:12:32.350  INFO 75568 --- [pool-7-thread-1] tourGuide.service.TourGuideService       : Track Location for user internalUser5315
2022-10-02 23:12:32.351  INFO 75568 --- [pool-7-thread-1] tourGuide.service.TourGuideService       : Track Location for user internalUser6646
2022-10-02 23:12:32.351  INFO 75568 --- [    Test worker] tourGuide.service.TourGuideService       : Track Location for user internalUser7971
2022-10-02 23:12:32.351  INFO 75568 --- [pool-7-thread-1] tourGuide.service.TourGuideService       : Track Location for user internalUser7976
2022-10-02 23:12:32.351  INFO 75568 --- [    Test worker] tourGuide.service.TourGuideService       : Track Location for user internalUser5311
2022-10-02 23:12:32.351  INFO 75568 --- [pool-7-thread-1] tourGuide.service.TourGuideService       : Track Location for user internalUser5318
2022-10-02 23:12:32.351  INFO 75568 --- [    Test worker] tourGuide.service.TourGuideService       : Track Location for user internalUser6642
2022-10-02 23:12:32.351  INFO 75568 --- [pool-7-thread-1] tourGuide.service.TourGuideService       : Track Location for user internalUser6649
2022-10-02 23:12:32.351  INFO 75568 --- [    Test worker] tourGuide.service.TourGuideService       : Track Location for user internalUser7972
2022-10-02 23:12:32.351  INFO 75568 --- [pool-7-thread-1] tourGuide.service.TourGuideService       : Track Location for user internalUser5317
2022-10-02 23:12:32.351  INFO 75568 --- [    Test worker] tourGuide.service.TourGuideService       : Track Location for user internalUser6612
2022-10-02 23:12:32.351  INFO 75568 --- [pool-7-thread-1] tourGuide.service.TourGuideService       : Track Location for user internalUser6648
2022-10-02 23:12:32.351  INFO 75568 --- [    Test worker] tourGuide.service.TourGuideService       : Track Location for user internalUser7944
2022-10-02 23:12:32.352  INFO 75568 --- [pool-7-thread-1] tourGuide.service.TourGuideService       : Track Location for user internalUser7979
2022-10-02 23:12:32.352  INFO 75568 --- [    Test worker] tourGuide.service.TourGuideService       : Track Location for user internalUser6611
2022-10-02 23:12:32.352  INFO 75568 --- [pool-7-thread-1] tourGuide.service.TourGuideService       : Track Location for user internalUser5319
2022-10-02 23:12:32.352  INFO 75568 --- [    Test worker] tourGuide.service.TourGuideService       : Track Location for user internalUser7945
2022-10-02 23:12:32.352  INFO 75568 --- [    Test worker] tourGuide.service.TourGuideService       : Track Location for user internalUser6614
2022-10-02 23:12:32.352  INFO 75568 --- [pool-7-thread-1] tourGuide.service.TourGuideService       : Track Location for user internalUser7970
2022-10-02 23:12:32.352  INFO 75568 --- [    Test worker] tourGuide.service.TourGuideService       : Track Location for user internalUser7942
2022-10-02 23:12:32.352  INFO 75568 --- [pool-7-thread-1] tourGuide.service.TourGuideService       : Track Location for user internalUser5310
2022-10-02 23:12:32.352  INFO 75568 --- [    Test worker] tourGuide.service.TourGuideService       : Track Location for user internalUser6613
2022-10-02 23:12:32.352  INFO 75568 --- [pool-7-thread-1] tourGuide.service.TourGuideService       : Track Location for user internalUser6641
2022-10-02 23:12:32.353  INFO 75568 --- [    Test worker] tourGuide.service.TourGuideService       : Track Location for user internalUser7943
2022-10-02 23:12:32.353  INFO 75568 --- [    Test worker] tourGuide.service.TourGuideService       : Track Location for user internalUser6616
2022-10-02 23:12:32.353  INFO 75568 --- [    Test worker] tourGuide.service.TourGuideService       : Track Location for user internalUser7948
2022-10-02 23:12:32.353  INFO 75568 --- [    Test worker] tourGuide.service.TourGuideService       : Track Location for user internalUser6615
2022-10-02 23:12:32.353  INFO 75568 --- [pool-7-thread-1] tourGuide.service.TourGuideService       : Track Location for user internalUser7973
2022-10-02 23:12:32.353  INFO 75568 --- [    Test worker] tourGuide.service.TourGuideService       : Track Location for user internalUser7949
2022-10-02 23:12:32.353  INFO 75568 --- [pool-7-thread-1] tourGuide.service.TourGuideService       : Track Location for user internalUser6640
2022-10-02 23:12:32.353  INFO 75568 --- [    Test worker] tourGuide.service.TourGuideService       : Track Location for user internalUser6618
2022-10-02 23:12:32.353  INFO 75568 --- [pool-7-thread-1] tourGuide.service.TourGuideService       : Track Location for user internalUser7974
2022-10-02 23:12:32.353  INFO 75568 --- [    Test worker] tourGuide.service.TourGuideService       : Track Location for user internalUser7946
2022-10-02 23:12:32.353  INFO 75568 --- [pool-7-thread-1] tourGuide.service.TourGuideService       : Track Location for user internalUser5312
2022-10-02 23:12:32.354  INFO 75568 --- [pool-7-thread-1] tourGuide.service.TourGuideService       : Track Location for user internalUser6643
2022-10-02 23:12:32.354  INFO 75568 --- [pool-7-thread-1] tourGuide.service.TourGuideService       : Track Location for user internalUser7971
2022-10-02 23:12:32.354  INFO 75568 --- [pool-7-thread-1] tourGuide.service.TourGuideService       : Track Location for user internalUser5311
2022-10-02 23:12:32.354  INFO 75568 --- [    Test worker] tourGuide.service.TourGuideService       : Track Location for user internalUser6617
2022-10-02 23:12:32.354  INFO 75568 --- [pool-7-thread-1] tourGuide.service.TourGuideService       : Track Location for user internalUser6642
2022-10-02 23:12:32.354  INFO 75568 --- [pool-7-thread-1] tourGuide.service.TourGuideService       : Track Location for user internalUser7972
2022-10-02 23:12:32.354  INFO 75568 --- [    Test worker] tourGuide.service.TourGuideService       : Track Location for user internalUser7947
2022-10-02 23:12:32.354  INFO 75568 --- [    Test worker] tourGuide.service.TourGuideService       : Track Location for user internalUser7940
2022-10-02 23:12:32.354  INFO 75568 --- [    Test worker] tourGuide.service.TourGuideService       : Track Location for user internalUser19
2022-10-02 23:12:32.354  INFO 75568 --- [    Test worker] tourGuide.service.TourGuideService       : Track Location for user internalUser7941
2022-10-02 23:12:32.354  INFO 75568 --- [    Test worker] tourGuide.service.TourGuideService       : Track Location for user internalUser6610
2022-10-02 23:12:32.355  INFO 75568 --- [    Test worker] tourGuide.service.TourGuideService       : Track Location for user internalUser16
2022-10-02 23:12:32.355  INFO 75568 --- [    Test worker] tourGuide.service.TourGuideService       : Track Location for user internalUser15
2022-10-02 23:12:32.355  INFO 75568 --- [    Test worker] tourGuide.service.TourGuideService       : Track Location for user internalUser18
2022-10-02 23:12:32.355  INFO 75568 --- [    Test worker] tourGuide.service.TourGuideService       : Track Location for user internalUser17
2022-10-02 23:12:32.355  INFO 75568 --- [    Test worker] tourGuide.service.TourGuideService       : Track Location for user internalUser12
2022-10-02 23:12:32.355  INFO 75568 --- [    Test worker] tourGuide.service.TourGuideService       : Track Location for user internalUser11
2022-10-02 23:12:32.355  INFO 75568 --- [    Test worker] tourGuide.service.TourGuideService       : Track Location for user internalUser14
2022-10-02 23:12:32.356  INFO 75568 --- [    Test worker] tourGuide.service.TourGuideService       : Track Location for user internalUser13
2022-10-02 23:12:32.356  INFO 75568 --- [    Test worker] tourGuide.service.TourGuideService       : Track Location for user internalUser6619
2022-10-02 23:12:32.356  INFO 75568 --- [    Test worker] tourGuide.service.TourGuideService       : Track Location for user internalUser10
2022-10-02 23:12:32.356  INFO 75568 --- [    Test worker] tourGuide.service.TourGuideService       : Track Location for user internalUser6623
2022-10-02 23:12:32.356  INFO 75568 --- [pool-7-thread-1] tourGuide.service.TourGuideService       : Track Location for user internalUser6612
2022-10-02 23:12:32.356  INFO 75568 --- [pool-7-thread-1] tourGuide.service.TourGuideService       : Track Location for user internalUser7944
2022-10-02 23:12:32.356  INFO 75568 --- [    Test worker] tourGuide.service.TourGuideService       : Track Location for user internalUser7955
2022-10-02 23:12:32.356  INFO 75568 --- [    Test worker] tourGuide.service.TourGuideService       : Track Location for user internalUser6622
2022-10-02 23:12:32.357  INFO 75568 --- [pool-7-thread-1] tourGuide.service.TourGuideService       : Track Location for user internalUser6611
2022-10-02 23:12:32.357  INFO 75568 --- [pool-7-thread-1] tourGuide.service.TourGuideService       : Track Location for user internalUser7945
2022-10-02 23:12:32.357  INFO 75568 --- [pool-7-thread-1] tourGuide.service.TourGuideService       : Track Location for user internalUser6614
2022-10-02 23:12:32.357  INFO 75568 --- [pool-7-thread-1] tourGuide.service.TourGuideService       : Track Location for user internalUser7942
2022-10-02 23:12:32.358  INFO 75568 --- [pool-7-thread-1] tourGuide.service.TourGuideService       : Track Location for user internalUser6613
2022-10-02 23:12:32.358  INFO 75568 --- [    Test worker] tourGuide.service.TourGuideService       : Track Location for user internalUser7956
2022-10-02 23:12:32.358  INFO 75568 --- [    Test worker] tourGuide.service.TourGuideService       : Track Location for user internalUser6625
2022-10-02 23:12:32.358  INFO 75568 --- [    Test worker] tourGuide.service.TourGuideService       : Track Location for user internalUser7953
2022-10-02 23:12:32.358  INFO 75568 --- [    Test worker] tourGuide.service.TourGuideService       : Track Location for user internalUser6624
2022-10-02 23:12:32.358  INFO 75568 --- [    Test worker] tourGuide.service.TourGuideService       : Track Location for user internalUser7954
2022-10-02 23:12:32.359  INFO 75568 --- [    Test worker] tourGuide.service.TourGuideService       : Track Location for user internalUser6627
2022-10-02 23:12:32.359  INFO 75568 --- [    Test worker] tourGuide.service.TourGuideService       : Track Location for user internalUser7959
2022-10-02 23:12:32.359  INFO 75568 --- [    Test worker] tourGuide.service.TourGuideService       : Track Location for user internalUser6626
2022-10-02 23:12:32.359  INFO 75568 --- [    Test worker] tourGuide.service.TourGuideService       : Track Location for user internalUser6629
2022-10-02 23:12:32.359  INFO 75568 --- [    Test worker] tourGuide.service.TourGuideService       : Track Location for user internalUser7957
2022-10-02 23:12:32.359  INFO 75568 --- [    Test worker] tourGuide.service.TourGuideService       : Track Location for user internalUser6628
2022-10-02 23:12:32.359  INFO 75568 --- [    Test worker] tourGuide.service.TourGuideService       : Track Location for user internalUser7958
2022-10-02 23:12:32.359  INFO 75568 --- [    Test worker] tourGuide.service.TourGuideService       : Track Location for user internalUser7951
2022-10-02 23:12:32.359  INFO 75568 --- [    Test worker] tourGuide.service.TourGuideService       : Track Location for user internalUser7952
2022-10-02 23:12:32.360  INFO 75568 --- [    Test worker] tourGuide.service.TourGuideService       : Track Location for user internalUser6621
2022-10-02 23:12:32.360  INFO 75568 --- [    Test worker] tourGuide.service.TourGuideService       : Track Location for user internalUser6620
2022-10-02 23:12:32.360  INFO 75568 --- [    Test worker] tourGuide.service.TourGuideService       : Track Location for user internalUser7950
2022-10-02 23:12:32.360  INFO 75568 --- [    Test worker] tourGuide.service.TourGuideService       : Track Location for user internalUser27
2022-10-02 23:12:32.360  INFO 75568 --- [    Test worker] tourGuide.service.TourGuideService       : Track Location for user internalUser26
2022-10-02 23:12:32.360  INFO 75568 --- [pool-7-thread-1] tourGuide.service.TourGuideService       : Track Location for user internalUser7943
2022-10-02 23:12:32.361  INFO 75568 --- [    Test worker] tourGuide.service.TourGuideService       : Track Location for user internalUser29
2022-10-02 23:12:32.361  INFO 75568 --- [pool-7-thread-1] tourGuide.service.TourGuideService       : Track Location for user internalUser6616
2022-10-02 23:12:32.361  INFO 75568 --- [    Test worker] tourGuide.service.TourGuideService       : Track Location for user internalUser28
2022-10-02 23:12:32.361  INFO 75568 --- [pool-7-thread-1] tourGuide.service.TourGuideService       : Track Location for user internalUser7948
2022-10-02 23:12:32.361  INFO 75568 --- [    Test worker] tourGuide.service.TourGuideService       : Track Location for user internalUser23
2022-10-02 23:12:32.361  INFO 75568 --- [pool-7-thread-1] tourGuide.service.TourGuideService       : Track Location for user internalUser6615
2022-10-02 23:12:32.361  INFO 75568 --- [    Test worker] tourGuide.service.TourGuideService       : Track Location for user internalUser22
2022-10-02 23:12:32.361  INFO 75568 --- [pool-7-thread-1] tourGuide.service.TourGuideService       : Track Location for user internalUser7949
2022-10-02 23:12:32.361  INFO 75568 --- [    Test worker] tourGuide.service.TourGuideService       : Track Location for user internalUser25
2022-10-02 23:12:32.361  INFO 75568 --- [pool-7-thread-1] tourGuide.service.TourGuideService       : Track Location for user internalUser6618
2022-10-02 23:12:32.362  INFO 75568 --- [    Test worker] tourGuide.service.TourGuideService       : Track Location for user internalUser24
2022-10-02 23:12:32.362  INFO 75568 --- [pool-7-thread-1] tourGuide.service.TourGuideService       : Track Location for user internalUser7946
2022-10-02 23:12:32.362  INFO 75568 --- [    Test worker] tourGuide.service.TourGuideService       : Track Location for user internalUser21
2022-10-02 23:12:32.362  INFO 75568 --- [    Test worker] tourGuide.service.TourGuideService       : Track Location for user internalUser20
2022-10-02 23:12:32.362  INFO 75568 --- [pool-7-thread-1] tourGuide.service.TourGuideService       : Track Location for user internalUser6617
2022-10-02 23:12:32.362  INFO 75568 --- [    Test worker] tourGuide.service.TourGuideService       : Track Location for user internalUser4015
2022-10-02 23:12:32.362  INFO 75568 --- [pool-7-thread-1] tourGuide.service.TourGuideService       : Track Location for user internalUser7947
2022-10-02 23:12:32.362  INFO 75568 --- [    Test worker] tourGuide.service.TourGuideService       : Track Location for user internalUser5347
2022-10-02 23:12:32.362  INFO 75568 --- [pool-7-thread-1] tourGuide.service.TourGuideService       : Track Location for user internalUser7940
2022-10-02 23:12:32.362  INFO 75568 --- [    Test worker] tourGuide.service.TourGuideService       : Track Location for user internalUser6678
2022-10-02 23:12:32.363  INFO 75568 --- [pool-7-thread-1] tourGuide.service.TourGuideService       : Track Location for user internalUser19
2022-10-02 23:12:32.363  INFO 75568 --- [    Test worker] tourGuide.service.TourGuideService       : Track Location for user internalUser4016
2022-10-02 23:12:32.363  INFO 75568 --- [pool-7-thread-1] tourGuide.service.TourGuideService       : Track Location for user internalUser7941
2022-10-02 23:12:32.363  INFO 75568 --- [    Test worker] tourGuide.service.TourGuideService       : Track Location for user internalUser5346
2022-10-02 23:12:32.363  INFO 75568 --- [pool-7-thread-1] tourGuide.service.TourGuideService       : Track Location for user internalUser6610
2022-10-02 23:12:32.363  INFO 75568 --- [    Test worker] tourGuide.service.TourGuideService       : Track Location for user internalUser6677
2022-10-02 23:12:32.363  INFO 75568 --- [pool-7-thread-1] tourGuide.service.TourGuideService       : Track Location for user internalUser16
2022-10-02 23:12:32.363  INFO 75568 --- [pool-7-thread-1] tourGuide.service.TourGuideService       : Track Location for user internalUser15
2022-10-02 23:12:32.363  INFO 75568 --- [    Test worker] tourGuide.service.TourGuideService       : Track Location for user internalUser4017
2022-10-02 23:12:32.363  INFO 75568 --- [pool-7-thread-1] tourGuide.service.TourGuideService       : Track Location for user internalUser18
2022-10-02 23:12:32.363  INFO 75568 --- [    Test worker] tourGuide.service.TourGuideService       : Track Location for user internalUser5349
2022-10-02 23:12:32.363  INFO 75568 --- [pool-7-thread-1] tourGuide.service.TourGuideService       : Track Location for user internalUser17
2022-10-02 23:12:32.364  INFO 75568 --- [    Test worker] tourGuide.service.TourGuideService       : Track Location for user internalUser4018
2022-10-02 23:12:32.364  INFO 75568 --- [pool-7-thread-1] tourGuide.service.TourGuideService       : Track Location for user internalUser12
2022-10-02 23:12:32.364  INFO 75568 --- [    Test worker] tourGuide.service.TourGuideService       : Track Location for user internalUser5348
2022-10-02 23:12:32.364  INFO 75568 --- [pool-7-thread-1] tourGuide.service.TourGuideService       : Track Location for user internalUser11
2022-10-02 23:12:32.364  INFO 75568 --- [    Test worker] tourGuide.service.TourGuideService       : Track Location for user internalUser6679
2022-10-02 23:12:32.364  INFO 75568 --- [pool-7-thread-1] tourGuide.service.TourGuideService       : Track Location for user internalUser14
2022-10-02 23:12:32.364  INFO 75568 --- [    Test worker] tourGuide.service.TourGuideService       : Track Location for user internalUser4019
2022-10-02 23:12:32.364  INFO 75568 --- [pool-7-thread-1] tourGuide.service.TourGuideService       : Track Location for user internalUser13
2022-10-02 23:12:32.365  INFO 75568 --- [    Test worker] tourGuide.service.TourGuideService       : Track Location for user internalUser6670
2022-10-02 23:12:32.365  INFO 75568 --- [pool-7-thread-1] tourGuide.service.TourGuideService       : Track Location for user internalUser6619
2022-10-02 23:12:32.365  INFO 75568 --- [    Test worker] tourGuide.service.TourGuideService       : Track Location for user internalUser5341
2022-10-02 23:12:32.365  INFO 75568 --- [pool-7-thread-1] tourGuide.service.TourGuideService       : Track Location for user internalUser10
2022-10-02 23:12:32.365  INFO 75568 --- [pool-7-thread-1] tourGuide.service.TourGuideService       : Track Location for user internalUser6623
2022-10-02 23:12:32.365  INFO 75568 --- [    Test worker] tourGuide.service.TourGuideService       : Track Location for user internalUser6672
2022-10-02 23:12:32.365  INFO 75568 --- [pool-7-thread-1] tourGuide.service.TourGuideService       : Track Location for user internalUser7955
2022-10-02 23:12:32.365  INFO 75568 --- [    Test worker] tourGuide.service.TourGuideService       : Track Location for user internalUser4010
2022-10-02 23:12:32.365  INFO 75568 --- [pool-7-thread-1] tourGuide.service.TourGuideService       : Track Location for user internalUser6622
2022-10-02 23:12:32.365  INFO 75568 --- [    Test worker] tourGuide.service.TourGuideService       : Track Location for user internalUser5340
2022-10-02 23:12:32.366  INFO 75568 --- [pool-7-thread-1] tourGuide.service.TourGuideService       : Track Location for user internalUser7956
2022-10-02 23:12:32.366  INFO 75568 --- [pool-7-thread-1] tourGuide.service.TourGuideService       : Track Location for user internalUser6625
2022-10-02 23:12:32.366  INFO 75568 --- [    Test worker] tourGuide.service.TourGuideService       : Track Location for user internalUser6671
2022-10-02 23:12:32.366  INFO 75568 --- [    Test worker] tourGuide.service.TourGuideService       : Track Location for user internalUser4011
2022-10-02 23:12:32.366  INFO 75568 --- [    Test worker] tourGuide.service.TourGuideService       : Track Location for user internalUser5343
2022-10-02 23:12:32.366  INFO 75568 --- [pool-7-thread-1] tourGuide.service.TourGuideService       : Track Location for user internalUser7953
2022-10-02 23:12:32.366  INFO 75568 --- [    Test worker] tourGuide.service.TourGuideService       : Track Location for user internalUser6674
2022-10-02 23:12:32.366  INFO 75568 --- [pool-7-thread-1] tourGuide.service.TourGuideService       : Track Location for user internalUser6624
2022-10-02 23:12:32.366  INFO 75568 --- [    Test worker] tourGuide.service.TourGuideService       : Track Location for user internalUser4012
2022-10-02 23:12:32.366  INFO 75568 --- [pool-7-thread-1] tourGuide.service.TourGuideService       : Track Location for user internalUser7954
2022-10-02 23:12:32.366  INFO 75568 --- [    Test worker] tourGuide.service.TourGuideService       : Track Location for user internalUser5342
2022-10-02 23:12:32.367  INFO 75568 --- [pool-7-thread-1] tourGuide.service.TourGuideService       : Track Location for user internalUser6627
2022-10-02 23:12:32.367  INFO 75568 --- [pool-7-thread-1] tourGuide.service.TourGuideService       : Track Location for user internalUser7959
2022-10-02 23:12:32.368  INFO 75568 --- [pool-7-thread-1] tourGuide.service.TourGuideService       : Track Location for user internalUser6626
2022-10-02 23:12:32.368  INFO 75568 --- [    Test worker] tourGuide.service.TourGuideService       : Track Location for user internalUser6673
2022-10-02 23:12:32.368  INFO 75568 --- [    Test worker] tourGuide.service.TourGuideService       : Track Location for user internalUser4013
2022-10-02 23:12:32.368  INFO 75568 --- [    Test worker] tourGuide.service.TourGuideService       : Track Location for user internalUser5345
2022-10-02 23:12:32.368  INFO 75568 --- [pool-7-thread-1] tourGuide.service.TourGuideService       : Track Location for user internalUser6629
2022-10-02 23:12:32.369  INFO 75568 --- [    Test worker] tourGuide.service.TourGuideService       : Track Location for user internalUser6676
2022-10-02 23:12:32.369  INFO 75568 --- [pool-7-thread-1] tourGuide.service.TourGuideService       : Track Location for user internalUser7957
2022-10-02 23:12:32.369  INFO 75568 --- [pool-7-thread-1] tourGuide.service.TourGuideService       : Track Location for user internalUser6628
2022-10-02 23:12:32.369  INFO 75568 --- [pool-7-thread-1] tourGuide.service.TourGuideService       : Track Location for user internalUser7958
2022-10-02 23:12:32.369  INFO 75568 --- [    Test worker] tourGuide.service.TourGuideService       : Track Location for user internalUser4014
2022-10-02 23:12:32.369  INFO 75568 --- [pool-7-thread-1] tourGuide.service.TourGuideService       : Track Location for user internalUser7951
2022-10-02 23:12:32.369  INFO 75568 --- [    Test worker] tourGuide.service.TourGuideService       : Track Location for user internalUser5344
2022-10-02 23:12:32.369  INFO 75568 --- [    Test worker] tourGuide.service.TourGuideService       : Track Location for user internalUser6675
2022-10-02 23:12:32.369  INFO 75568 --- [pool-7-thread-1] tourGuide.service.TourGuideService       : Track Location for user internalUser7952
2022-10-02 23:12:32.369  INFO 75568 --- [    Test worker] tourGuide.service.TourGuideService       : Track Location for user internalUser38
2022-10-02 23:12:32.369  INFO 75568 --- [pool-7-thread-1] tourGuide.service.TourGuideService       : Track Location for user internalUser6621
2022-10-02 23:12:32.369  INFO 75568 --- [    Test worker] tourGuide.service.TourGuideService       : Track Location for user internalUser37
2022-10-02 23:12:32.369  INFO 75568 --- [pool-7-thread-1] tourGuide.service.TourGuideService       : Track Location for user internalUser6620
2022-10-02 23:12:32.369  INFO 75568 --- [    Test worker] tourGuide.service.TourGuideService       : Track Location for user internalUser39
2022-10-02 23:12:32.370  INFO 75568 --- [pool-7-thread-1] tourGuide.service.TourGuideService       : Track Location for user internalUser7950
2022-10-02 23:12:32.370  INFO 75568 --- [    Test worker] tourGuide.service.TourGuideService       : Track Location for user internalUser34
2022-10-02 23:12:32.370  INFO 75568 --- [pool-7-thread-1] tourGuide.service.TourGuideService       : Track Location for user internalUser27
2022-10-02 23:12:32.370  INFO 75568 --- [pool-7-thread-1] tourGuide.service.TourGuideService       : Track Location for user internalUser26
2022-10-02 23:12:32.370  INFO 75568 --- [pool-7-thread-1] tourGuide.service.TourGuideService       : Track Location for user internalUser29
2022-10-02 23:12:32.370  INFO 75568 --- [pool-7-thread-1] tourGuide.service.TourGuideService       : Track Location for user internalUser28
2022-10-02 23:12:32.370  INFO 75568 --- [pool-7-thread-1] tourGuide.service.TourGuideService       : Track Location for user internalUser23
2022-10-02 23:12:32.370  INFO 75568 --- [pool-7-thread-1] tourGuide.service.TourGuideService       : Track Location for user internalUser22
2022-10-02 23:12:32.370  INFO 75568 --- [    Test worker] tourGuide.service.TourGuideService       : Track Location for user internalUser33
2022-10-02 23:12:32.370  INFO 75568 --- [    Test worker] tourGuide.service.TourGuideService       : Track Location for user internalUser36
2022-10-02 23:12:32.371  INFO 75568 --- [    Test worker] tourGuide.service.TourGuideService       : Track Location for user internalUser35
2022-10-02 23:12:32.371  INFO 75568 --- [pool-7-thread-1] tourGuide.service.TourGuideService       : Track Location for user internalUser25
2022-10-02 23:12:32.371  INFO 75568 --- [    Test worker] tourGuide.service.TourGuideService       : Track Location for user internalUser30
2022-10-02 23:12:32.371  INFO 75568 --- [pool-7-thread-1] tourGuide.service.TourGuideService       : Track Location for user internalUser24
2022-10-02 23:12:32.371  INFO 75568 --- [    Test worker] tourGuide.service.TourGuideService       : Track Location for user internalUser32
2022-10-02 23:12:32.371  INFO 75568 --- [    Test worker] tourGuide.service.TourGuideService       : Track Location for user internalUser31
2022-10-02 23:12:32.371  INFO 75568 --- [pool-7-thread-1] tourGuide.service.TourGuideService       : Track Location for user internalUser21
2022-10-02 23:12:32.371  INFO 75568 --- [    Test worker] tourGuide.service.TourGuideService       : Track Location for user internalUser4026
2022-10-02 23:12:32.371  INFO 75568 --- [pool-7-thread-1] tourGuide.service.TourGuideService       : Track Location for user internalUser20
2022-10-02 23:12:32.371  INFO 75568 --- [    Test worker] tourGuide.service.TourGuideService       : Track Location for user internalUser5358
2022-10-02 23:12:32.371  INFO 75568 --- [pool-7-thread-1] tourGuide.service.TourGuideService       : Track Location for user internalUser4015
2022-10-02 23:12:32.371  INFO 75568 --- [    Test worker] tourGuide.service.TourGuideService       : Track Location for user internalUser6689
2022-10-02 23:12:32.371  INFO 75568 --- [pool-7-thread-1] tourGuide.service.TourGuideService       : Track Location for user internalUser5347
2022-10-02 23:12:32.371  INFO 75568 --- [    Test worker] tourGuide.service.TourGuideService       : Track Location for user internalUser4027
2022-10-02 23:12:32.371  INFO 75568 --- [pool-7-thread-1] tourGuide.service.TourGuideService       : Track Location for user internalUser6678
2022-10-02 23:12:32.371  INFO 75568 --- [    Test worker] tourGuide.service.TourGuideService       : Track Location for user internalUser5357
2022-10-02 23:12:32.372  INFO 75568 --- [    Test worker] tourGuide.service.TourGuideService       : Track Location for user internalUser6688
2022-10-02 23:12:32.372  INFO 75568 --- [    Test worker] tourGuide.service.TourGuideService       : Track Location for user internalUser4028
2022-10-02 23:12:32.372  INFO 75568 --- [    Test worker] tourGuide.service.TourGuideService       : Track Location for user internalUser4029
2022-10-02 23:12:32.372  INFO 75568 --- [    Test worker] tourGuide.service.TourGuideService       : Track Location for user internalUser5359
2022-10-02 23:12:32.372  INFO 75568 --- [    Test worker] tourGuide.service.TourGuideService       : Track Location for user internalUser5350
2022-10-02 23:12:32.372  INFO 75568 --- [    Test worker] tourGuide.service.TourGuideService       : Track Location for user internalUser6681
2022-10-02 23:12:32.372  INFO 75568 --- [    Test worker] tourGuide.service.TourGuideService       : Track Location for user internalUser6680
2022-10-02 23:12:32.372  INFO 75568 --- [pool-7-thread-1] tourGuide.service.TourGuideService       : Track Location for user internalUser4016
2022-10-02 23:12:32.372  INFO 75568 --- [pool-7-thread-1] tourGuide.service.TourGuideService       : Track Location for user internalUser5346
2022-10-02 23:12:32.373  INFO 75568 --- [    Test worker] tourGuide.service.TourGuideService       : Track Location for user internalUser4020
2022-10-02 23:12:32.373  INFO 75568 --- [pool-7-thread-1] tourGuide.service.TourGuideService       : Track Location for user internalUser6677
2022-10-02 23:12:32.373  INFO 75568 --- [    Test worker] tourGuide.service.TourGuideService       : Track Location for user internalUser5352
2022-10-02 23:12:32.373  INFO 75568 --- [pool-7-thread-1] tourGuide.service.TourGuideService       : Track Location for user internalUser4017
2022-10-02 23:12:32.373  INFO 75568 --- [    Test worker] tourGuide.service.TourGuideService       : Track Location for user internalUser6683
2022-10-02 23:12:32.373  INFO 75568 --- [pool-7-thread-1] tourGuide.service.TourGuideService       : Track Location for user internalUser5349
2022-10-02 23:12:32.373  INFO 75568 --- [    Test worker] tourGuide.service.TourGuideService       : Track Location for user internalUser4021
2022-10-02 23:12:32.373  INFO 75568 --- [pool-7-thread-1] tourGuide.service.TourGuideService       : Track Location for user internalUser4018
2022-10-02 23:12:32.373  INFO 75568 --- [    Test worker] tourGuide.service.TourGuideService       : Track Location for user internalUser5351
2022-10-02 23:12:32.373  INFO 75568 --- [pool-7-thread-1] tourGuide.service.TourGuideService       : Track Location for user internalUser5348
2022-10-02 23:12:32.373  INFO 75568 --- [    Test worker] tourGuide.service.TourGuideService       : Track Location for user internalUser6682
2022-10-02 23:12:32.373  INFO 75568 --- [    Test worker] tourGuide.service.TourGuideService       : Track Location for user internalUser4022
2022-10-02 23:12:32.374  INFO 75568 --- [    Test worker] tourGuide.service.TourGuideService       : Track Location for user internalUser5354
2022-10-02 23:12:32.374  INFO 75568 --- [pool-7-thread-1] tourGuide.service.TourGuideService       : Track Location for user internalUser6679
2022-10-02 23:12:32.374  INFO 75568 --- [    Test worker] tourGuide.service.TourGuideService       : Track Location for user internalUser6685
2022-10-02 23:12:32.374  INFO 75568 --- [pool-7-thread-1] tourGuide.service.TourGuideService       : Track Location for user internalUser4019
2022-10-02 23:12:32.374  INFO 75568 --- [    Test worker] tourGuide.service.TourGuideService       : Track Location for user internalUser4023
2022-10-02 23:12:32.374  INFO 75568 --- [    Test worker] tourGuide.service.TourGuideService       : Track Location for user internalUser5353
2022-10-02 23:12:32.374  INFO 75568 --- [pool-7-thread-1] tourGuide.service.TourGuideService       : Track Location for user internalUser6670
2022-10-02 23:12:32.374  INFO 75568 --- [pool-7-thread-1] tourGuide.service.TourGuideService       : Track Location for user internalUser5341
2022-10-02 23:12:32.375  INFO 75568 --- [    Test worker] tourGuide.service.TourGuideService       : Track Location for user internalUser6684
2022-10-02 23:12:32.375  INFO 75568 --- [    Test worker] tourGuide.service.TourGuideService       : Track Location for user internalUser4024
2022-10-02 23:12:32.375  INFO 75568 --- [    Test worker] tourGuide.service.TourGuideService       : Track Location for user internalUser5356
2022-10-02 23:12:32.375  INFO 75568 --- [    Test worker] tourGuide.service.TourGuideService       : Track Location for user internalUser6687
2022-10-02 23:12:32.375  INFO 75568 --- [    Test worker] tourGuide.service.TourGuideService       : Track Location for user internalUser4025
2022-10-02 23:12:32.375  INFO 75568 --- [    Test worker] tourGuide.service.TourGuideService       : Track Location for user internalUser5355
2022-10-02 23:12:32.375  INFO 75568 --- [    Test worker] tourGuide.service.TourGuideService       : Track Location for user internalUser6686
2022-10-02 23:12:32.375  INFO 75568 --- [    Test worker] tourGuide.service.TourGuideService       : Track Location for user internalUser49
2022-10-02 23:12:32.375  INFO 75568 --- [    Test worker] tourGuide.service.TourGuideService       : Track Location for user internalUser48
2022-10-02 23:12:32.375  INFO 75568 --- [    Test worker] tourGuide.service.TourGuideService       : Track Location for user internalUser45
2022-10-02 23:12:32.376  INFO 75568 --- [    Test worker] tourGuide.service.TourGuideService       : Track Location for user internalUser44
2022-10-02 23:12:32.376  INFO 75568 --- [    Test worker] tourGuide.service.TourGuideService       : Track Location for user internalUser47
2022-10-02 23:12:32.376  INFO 75568 --- [    Test worker] tourGuide.service.TourGuideService       : Track Location for user internalUser6690
2022-10-02 23:12:32.376  INFO 75568 --- [    Test worker] tourGuide.service.TourGuideService       : Track Location for user internalUser46
2022-10-02 23:12:32.376  INFO 75568 --- [pool-7-thread-1] tourGuide.service.TourGuideService       : Track Location for user internalUser6672
2022-10-02 23:12:32.376  INFO 75568 --- [    Test worker] tourGuide.service.TourGuideService       : Track Location for user internalUser41
2022-10-02 23:12:32.376  INFO 75568 --- [    Test worker] tourGuide.service.TourGuideService       : Track Location for user internalUser40
2022-10-02 23:12:32.376  INFO 75568 --- [pool-7-thread-1] tourGuide.service.TourGuideService       : Track Location for user internalUser4010
2022-10-02 23:12:32.377  INFO 75568 --- [pool-7-thread-1] tourGuide.service.TourGuideService       : Track Location for user internalUser5340
2022-10-02 23:12:32.377  INFO 75568 --- [pool-7-thread-1] tourGuide.service.TourGuideService       : Track Location for user internalUser6671
2022-10-02 23:12:32.377  INFO 75568 --- [    Test worker] tourGuide.service.TourGuideService       : Track Location for user internalUser43
2022-10-02 23:12:32.377  INFO 75568 --- [    Test worker] tourGuide.service.TourGuideService       : Track Location for user internalUser42
2022-10-02 23:12:32.377  INFO 75568 --- [pool-7-thread-1] tourGuide.service.TourGuideService       : Track Location for user internalUser4011
2022-10-02 23:12:32.377  INFO 75568 --- [    Test worker] tourGuide.service.TourGuideService       : Track Location for user internalUser5325
2022-10-02 23:12:32.377  INFO 75568 --- [pool-7-thread-1] tourGuide.service.TourGuideService       : Track Location for user internalUser5343
2022-10-02 23:12:32.378  INFO 75568 --- [pool-7-thread-1] tourGuide.service.TourGuideService       : Track Location for user internalUser6674
2022-10-02 23:12:32.378  INFO 75568 --- [pool-7-thread-1] tourGuide.service.TourGuideService       : Track Location for user internalUser4012
2022-10-02 23:12:32.378  INFO 75568 --- [pool-7-thread-1] tourGuide.service.TourGuideService       : Track Location for user internalUser5342
2022-10-02 23:12:32.378  INFO 75568 --- [pool-7-thread-1] tourGuide.service.TourGuideService       : Track Location for user internalUser6673
2022-10-02 23:12:32.378  INFO 75568 --- [pool-7-thread-1] tourGuide.service.TourGuideService       : Track Location for user internalUser4013
2022-10-02 23:12:32.379  INFO 75568 --- [pool-7-thread-1] tourGuide.service.TourGuideService       : Track Location for user internalUser5345
2022-10-02 23:12:32.379  INFO 75568 --- [    Test worker] tourGuide.service.TourGuideService       : Track Location for user internalUser6656
2022-10-02 23:12:32.379  INFO 75568 --- [    Test worker] tourGuide.service.TourGuideService       : Track Location for user internalUser7988
2022-10-02 23:12:32.379  INFO 75568 --- [    Test worker] tourGuide.service.TourGuideService       : Track Location for user internalUser5324
2022-10-02 23:12:32.379  INFO 75568 --- [pool-7-thread-1] tourGuide.service.TourGuideService       : Track Location for user internalUser6676
2022-10-02 23:12:32.379  INFO 75568 --- [pool-7-thread-1] tourGuide.service.TourGuideService       : Track Location for user internalUser4014
2022-10-02 23:12:32.379  INFO 75568 --- [    Test worker] tourGuide.service.TourGuideService       : Track Location for user internalUser6655
2022-10-02 23:12:32.379  INFO 75568 --- [pool-7-thread-1] tourGuide.service.TourGuideService       : Track Location for user internalUser5344
2022-10-02 23:12:32.379  INFO 75568 --- [    Test worker] tourGuide.service.TourGuideService       : Track Location for user internalUser7989
2022-10-02 23:12:32.379  INFO 75568 --- [    Test worker] tourGuide.service.TourGuideService       : Track Location for user internalUser5327
2022-10-02 23:12:32.380  INFO 75568 --- [    Test worker] tourGuide.service.TourGuideService       : Track Location for user internalUser6658
2022-10-02 23:12:32.380  INFO 75568 --- [    Test worker] tourGuide.service.TourGuideService       : Track Location for user internalUser7986
2022-10-02 23:12:32.380  INFO 75568 --- [    Test worker] tourGuide.service.TourGuideService       : Track Location for user internalUser5326
2022-10-02 23:12:32.380  INFO 75568 --- [pool-7-thread-1] tourGuide.service.TourGuideService       : Track Location for user internalUser6675
2022-10-02 23:12:32.380  INFO 75568 --- [    Test worker] tourGuide.service.TourGuideService       : Track Location for user internalUser6657
2022-10-02 23:12:32.380  INFO 75568 --- [pool-7-thread-1] tourGuide.service.TourGuideService       : Track Location for user internalUser38
2022-10-02 23:12:32.380  INFO 75568 --- [pool-7-thread-1] tourGuide.service.TourGuideService       : Track Location for user internalUser37
2022-10-02 23:12:32.380  INFO 75568 --- [pool-7-thread-1] tourGuide.service.TourGuideService       : Track Location for user internalUser39
2022-10-02 23:12:32.381  INFO 75568 --- [pool-7-thread-1] tourGuide.service.TourGuideService       : Track Location for user internalUser34
2022-10-02 23:12:32.381  INFO 75568 --- [pool-7-thread-1] tourGuide.service.TourGuideService       : Track Location for user internalUser33
2022-10-02 23:12:32.381  INFO 75568 --- [pool-7-thread-1] tourGuide.service.TourGuideService       : Track Location for user internalUser36
2022-10-02 23:12:32.381  INFO 75568 --- [pool-7-thread-1] tourGuide.service.TourGuideService       : Track Location for user internalUser35
2022-10-02 23:12:32.381  INFO 75568 --- [pool-7-thread-1] tourGuide.service.TourGuideService       : Track Location for user internalUser30
2022-10-02 23:12:32.382  INFO 75568 --- [pool-7-thread-1] tourGuide.service.TourGuideService       : Track Location for user internalUser32
2022-10-02 23:12:32.382  INFO 75568 --- [pool-7-thread-1] tourGuide.service.TourGuideService       : Track Location for user internalUser31
2022-10-02 23:12:32.382  INFO 75568 --- [pool-7-thread-1] tourGuide.service.TourGuideService       : Track Location for user internalUser4026
2022-10-02 23:12:32.382  INFO 75568 --- [pool-7-thread-1] tourGuide.service.TourGuideService       : Track Location for user internalUser5358
2022-10-02 23:12:32.382  INFO 75568 --- [pool-7-thread-1] tourGuide.service.TourGuideService       : Track Location for user internalUser6689
2022-10-02 23:12:32.382  INFO 75568 --- [pool-7-thread-1] tourGuide.service.TourGuideService       : Track Location for user internalUser4027
2022-10-02 23:12:32.382  INFO 75568 --- [pool-7-thread-1] tourGuide.service.TourGuideService       : Track Location for user internalUser5357
2022-10-02 23:12:32.382  INFO 75568 --- [    Test worker] tourGuide.service.TourGuideService       : Track Location for user internalUser7987
2022-10-02 23:12:32.382  INFO 75568 --- [    Test worker] tourGuide.service.TourGuideService       : Track Location for user internalUser5329
2022-10-02 23:12:32.383  INFO 75568 --- [    Test worker] tourGuide.service.TourGuideService       : Track Location for user internalUser5328
2022-10-02 23:12:32.383  INFO 75568 --- [    Test worker] tourGuide.service.TourGuideService       : Track Location for user internalUser6659
2022-10-02 23:12:32.383  INFO 75568 --- [    Test worker] tourGuide.service.TourGuideService       : Track Location for user internalUser7980
2022-10-02 23:12:32.383  INFO 75568 --- [    Test worker] tourGuide.service.TourGuideService       : Track Location for user internalUser7981
2022-10-02 23:12:32.383  INFO 75568 --- [    Test worker] tourGuide.service.TourGuideService       : Track Location for user internalUser6650
2022-10-02 23:12:32.383  INFO 75568 --- [    Test worker] tourGuide.service.TourGuideService       : Track Location for user internalUser5321
2022-10-02 23:12:32.383  INFO 75568 --- [    Test worker] tourGuide.service.TourGuideService       : Track Location for user internalUser6652
2022-10-02 23:12:32.383  INFO 75568 --- [    Test worker] tourGuide.service.TourGuideService       : Track Location for user internalUser7984
2022-10-02 23:12:32.384  INFO 75568 --- [    Test worker] tourGuide.service.TourGuideService       : Track Location for user internalUser5320
2022-10-02 23:12:32.384  INFO 75568 --- [    Test worker] tourGuide.service.TourGuideService       : Track Location for user internalUser6651
2022-10-02 23:12:32.384  INFO 75568 --- [    Test worker] tourGuide.service.TourGuideService       : Track Location for user internalUser7985
2022-10-02 23:12:32.384  INFO 75568 --- [    Test worker] tourGuide.service.TourGuideService       : Track Location for user internalUser5323
2022-10-02 23:12:32.384  INFO 75568 --- [    Test worker] tourGuide.service.TourGuideService       : Track Location for user internalUser6654
2022-10-02 23:12:32.384  INFO 75568 --- [    Test worker] tourGuide.service.TourGuideService       : Track Location for user internalUser7982
2022-10-02 23:12:32.385  INFO 75568 --- [    Test worker] tourGuide.service.TourGuideService       : Track Location for user internalUser5322
2022-10-02 23:12:32.385  INFO 75568 --- [    Test worker] tourGuide.service.TourGuideService       : Track Location for user internalUser6653
2022-10-02 23:12:32.385  INFO 75568 --- [    Test worker] tourGuide.service.TourGuideService       : Track Location for user internalUser7983
2022-10-02 23:12:32.385  INFO 75568 --- [    Test worker] tourGuide.service.TourGuideService       : Track Location for user internalUser59
2022-10-02 23:12:32.385  INFO 75568 --- [    Test worker] tourGuide.service.TourGuideService       : Track Location for user internalUser56
2022-10-02 23:12:32.385  INFO 75568 --- [    Test worker] tourGuide.service.TourGuideService       : Track Location for user internalUser55
2022-10-02 23:12:32.385  INFO 75568 --- [    Test worker] tourGuide.service.TourGuideService       : Track Location for user internalUser58
2022-10-02 23:12:32.385  INFO 75568 --- [    Test worker] tourGuide.service.TourGuideService       : Track Location for user internalUser57
2022-10-02 23:12:32.385  INFO 75568 --- [    Test worker] tourGuide.service.TourGuideService       : Track Location for user internalUser52
2022-10-02 23:12:32.385  INFO 75568 --- [    Test worker] tourGuide.service.TourGuideService       : Track Location for user internalUser51
2022-10-02 23:12:32.385  INFO 75568 --- [    Test worker] tourGuide.service.TourGuideService       : Track Location for user internalUser54
2022-10-02 23:12:32.386  INFO 75568 --- [    Test worker] tourGuide.service.TourGuideService       : Track Location for user internalUser53
2022-10-02 23:12:32.386  INFO 75568 --- [    Test worker] tourGuide.service.TourGuideService       : Track Location for user internalUser50
2022-10-02 23:12:32.386  INFO 75568 --- [    Test worker] tourGuide.service.TourGuideService       : Track Location for user internalUser4004
2022-10-02 23:12:32.386  INFO 75568 --- [    Test worker] tourGuide.service.TourGuideService       : Track Location for user internalUser5336
2022-10-02 23:12:32.387  INFO 75568 --- [    Test worker] tourGuide.service.TourGuideService       : Track Location for user internalUser6667
2022-10-02 23:12:32.387  INFO 75568 --- [pool-7-thread-1] tourGuide.service.TourGuideService       : Track Location for user internalUser6688
2022-10-02 23:12:32.388  INFO 75568 --- [pool-7-thread-1] tourGuide.service.TourGuideService       : Track Location for user internalUser4028
2022-10-02 23:12:32.388  INFO 75568 --- [pool-7-thread-1] tourGuide.service.TourGuideService       : Track Location for user internalUser4029
2022-10-02 23:12:32.388  INFO 75568 --- [pool-7-thread-1] tourGuide.service.TourGuideService       : Track Location for user internalUser5359
2022-10-02 23:12:32.388  INFO 75568 --- [pool-7-thread-1] tourGuide.service.TourGuideService       : Track Location for user internalUser5350
2022-10-02 23:12:32.388  INFO 75568 --- [pool-7-thread-1] tourGuide.service.TourGuideService       : Track Location for user internalUser6681
2022-10-02 23:12:32.388  INFO 75568 --- [pool-7-thread-1] tourGuide.service.TourGuideService       : Track Location for user internalUser6680
2022-10-02 23:12:32.388  INFO 75568 --- [pool-7-thread-1] tourGuide.service.TourGuideService       : Track Location for user internalUser4020
2022-10-02 23:12:32.388  INFO 75568 --- [pool-7-thread-1] tourGuide.service.TourGuideService       : Track Location for user internalUser5352
2022-10-02 23:12:32.388  INFO 75568 --- [pool-7-thread-1] tourGuide.service.TourGuideService       : Track Location for user internalUser6683
2022-10-02 23:12:32.389  INFO 75568 --- [pool-7-thread-1] tourGuide.service.TourGuideService       : Track Location for user internalUser4021
2022-10-02 23:12:32.389  INFO 75568 --- [pool-7-thread-1] tourGuide.service.TourGuideService       : Track Location for user internalUser5351
2022-10-02 23:12:32.389  INFO 75568 --- [pool-7-thread-1] tourGuide.service.TourGuideService       : Track Location for user internalUser6682
2022-10-02 23:12:32.389  INFO 75568 --- [pool-7-thread-1] tourGuide.service.TourGuideService       : Track Location for user internalUser4022
2022-10-02 23:12:32.390  INFO 75568 --- [pool-7-thread-1] tourGuide.service.TourGuideService       : Track Location for user internalUser5354
2022-10-02 23:12:32.390  INFO 75568 --- [pool-7-thread-1] tourGuide.service.TourGuideService       : Track Location for user internalUser6685
2022-10-02 23:12:32.390  INFO 75568 --- [pool-7-thread-1] tourGuide.service.TourGuideService       : Track Location for user internalUser4023
2022-10-02 23:12:32.391  INFO 75568 --- [pool-7-thread-1] tourGuide.service.TourGuideService       : Track Location for user internalUser5353
2022-10-02 23:12:32.391  INFO 75568 --- [pool-7-thread-1] tourGuide.service.TourGuideService       : Track Location for user internalUser6684
2022-10-02 23:12:32.391  INFO 75568 --- [pool-7-thread-1] tourGuide.service.TourGuideService       : Track Location for user internalUser4024
2022-10-02 23:12:32.391  INFO 75568 --- [pool-7-thread-1] tourGuide.service.TourGuideService       : Track Location for user internalUser5356
2022-10-02 23:12:32.391  INFO 75568 --- [pool-7-thread-1] tourGuide.service.TourGuideService       : Track Location for user internalUser6687
2022-10-02 23:12:32.391  INFO 75568 --- [pool-7-thread-1] tourGuide.service.TourGuideService       : Track Location for user internalUser4025
2022-10-02 23:12:32.391  INFO 75568 --- [pool-7-thread-1] tourGuide.service.TourGuideService       : Track Location for user internalUser5355
2022-10-02 23:12:32.391  INFO 75568 --- [pool-7-thread-1] tourGuide.service.TourGuideService       : Track Location for user internalUser6686
2022-10-02 23:12:32.392  INFO 75568 --- [pool-7-thread-1] tourGuide.service.TourGuideService       : Track Location for user internalUser49
2022-10-02 23:12:32.392  INFO 75568 --- [pool-7-thread-1] tourGuide.service.TourGuideService       : Track Location for user internalUser48
2022-10-02 23:12:32.392  INFO 75568 --- [pool-7-thread-1] tourGuide.service.TourGuideService       : Track Location for user internalUser45
2022-10-02 23:12:32.392  INFO 75568 --- [pool-7-thread-1] tourGuide.service.TourGuideService       : Track Location for user internalUser44
2022-10-02 23:12:32.392  INFO 75568 --- [pool-7-thread-1] tourGuide.service.TourGuideService       : Track Location for user internalUser47
2022-10-02 23:12:32.392  INFO 75568 --- [pool-7-thread-1] tourGuide.service.TourGuideService       : Track Location for user internalUser6690
2022-10-02 23:12:32.392  INFO 75568 --- [    Test worker] tourGuide.service.TourGuideService       : Track Location for user internalUser7999
2022-10-02 23:12:32.393  INFO 75568 --- [    Test worker] tourGuide.service.TourGuideService       : Track Location for user internalUser4005
2022-10-02 23:12:32.393  INFO 75568 --- [    Test worker] tourGuide.service.TourGuideService       : Track Location for user internalUser5335
2022-10-02 23:12:32.393  INFO 75568 --- [    Test worker] tourGuide.service.TourGuideService       : Track Location for user internalUser6666
2022-10-02 23:12:32.393  INFO 75568 --- [    Test worker] tourGuide.service.TourGuideService       : Track Location for user internalUser4006
2022-10-02 23:12:32.393  INFO 75568 --- [    Test worker] tourGuide.service.TourGuideService       : Track Location for user internalUser5338
2022-10-02 23:12:32.394  INFO 75568 --- [pool-7-thread-1] tourGuide.service.TourGuideService       : Track Location for user internalUser46
2022-10-02 23:12:32.394  INFO 75568 --- [pool-7-thread-1] tourGuide.service.TourGuideService       : Track Location for user internalUser41
2022-10-02 23:12:32.394  INFO 75568 --- [pool-7-thread-1] tourGuide.service.TourGuideService       : Track Location for user internalUser40
2022-10-02 23:12:32.394  INFO 75568 --- [pool-7-thread-1] tourGuide.service.TourGuideService       : Track Location for user internalUser43
2022-10-02 23:12:32.394  INFO 75568 --- [pool-7-thread-1] tourGuide.service.TourGuideService       : Track Location for user internalUser42
2022-10-02 23:12:32.394  INFO 75568 --- [pool-7-thread-1] tourGuide.service.TourGuideService       : Track Location for user internalUser5325
2022-10-02 23:12:32.394  INFO 75568 --- [pool-7-thread-1] tourGuide.service.TourGuideService       : Track Location for user internalUser6656
2022-10-02 23:12:32.394  INFO 75568 --- [pool-7-thread-1] tourGuide.service.TourGuideService       : Track Location for user internalUser7988
2022-10-02 23:12:32.394  INFO 75568 --- [pool-7-thread-1] tourGuide.service.TourGuideService       : Track Location for user internalUser5324
2022-10-02 23:12:32.394  INFO 75568 --- [pool-7-thread-1] tourGuide.service.TourGuideService       : Track Location for user internalUser6655
2022-10-02 23:12:32.395  INFO 75568 --- [pool-7-thread-1] tourGuide.service.TourGuideService       : Track Location for user internalUser7989
2022-10-02 23:12:32.395  INFO 75568 --- [pool-7-thread-1] tourGuide.service.TourGuideService       : Track Location for user internalUser5327
2022-10-02 23:12:32.395  INFO 75568 --- [pool-7-thread-1] tourGuide.service.TourGuideService       : Track Location for user internalUser6658
2022-10-02 23:12:32.395  INFO 75568 --- [pool-7-thread-1] tourGuide.service.TourGuideService       : Track Location for user internalUser7986
2022-10-02 23:12:32.395  INFO 75568 --- [pool-7-thread-1] tourGuide.service.TourGuideService       : Track Location for user internalUser5326
2022-10-02 23:12:32.395  INFO 75568 --- [pool-7-thread-1] tourGuide.service.TourGuideService       : Track Location for user internalUser6657
2022-10-02 23:12:32.396  INFO 75568 --- [pool-7-thread-1] tourGuide.service.TourGuideService       : Track Location for user internalUser7987
2022-10-02 23:12:32.396  INFO 75568 --- [pool-7-thread-1] tourGuide.service.TourGuideService       : Track Location for user internalUser5329
2022-10-02 23:12:32.396  INFO 75568 --- [pool-7-thread-1] tourGuide.service.TourGuideService       : Track Location for user internalUser5328
2022-10-02 23:12:32.396  INFO 75568 --- [pool-7-thread-1] tourGuide.service.TourGuideService       : Track Location for user internalUser6659
2022-10-02 23:12:32.396  INFO 75568 --- [pool-7-thread-1] tourGuide.service.TourGuideService       : Track Location for user internalUser7980
2022-10-02 23:12:32.396  INFO 75568 --- [pool-7-thread-1] tourGuide.service.TourGuideService       : Track Location for user internalUser7981
2022-10-02 23:12:32.396  INFO 75568 --- [pool-7-thread-1] tourGuide.service.TourGuideService       : Track Location for user internalUser6650
2022-10-02 23:12:32.396  INFO 75568 --- [pool-7-thread-1] tourGuide.service.TourGuideService       : Track Location for user internalUser5321
2022-10-02 23:12:32.397  INFO 75568 --- [pool-7-thread-1] tourGuide.service.TourGuideService       : Track Location for user internalUser6652
2022-10-02 23:12:32.397  INFO 75568 --- [pool-7-thread-1] tourGuide.service.TourGuideService       : Track Location for user internalUser7984
2022-10-02 23:12:32.397  INFO 75568 --- [pool-7-thread-1] tourGuide.service.TourGuideService       : Track Location for user internalUser5320
2022-10-02 23:12:32.397  INFO 75568 --- [pool-7-thread-1] tourGuide.service.TourGuideService       : Track Location for user internalUser6651
2022-10-02 23:12:32.397  INFO 75568 --- [pool-7-thread-1] tourGuide.service.TourGuideService       : Track Location for user internalUser7985
2022-10-02 23:12:32.397  INFO 75568 --- [pool-7-thread-1] tourGuide.service.TourGuideService       : Track Location for user internalUser5323
2022-10-02 23:12:32.397  INFO 75568 --- [pool-7-thread-1] tourGuide.service.TourGuideService       : Track Location for user internalUser6654
2022-10-02 23:12:32.397  INFO 75568 --- [pool-7-thread-1] tourGuide.service.TourGuideService       : Track Location for user internalUser7982
2022-10-02 23:12:32.398  INFO 75568 --- [pool-7-thread-1] tourGuide.service.TourGuideService       : Track Location for user internalUser5322
2022-10-02 23:12:32.398  INFO 75568 --- [pool-7-thread-1] tourGuide.service.TourGuideService       : Track Location for user internalUser6653
2022-10-02 23:12:32.398  INFO 75568 --- [pool-7-thread-1] tourGuide.service.TourGuideService       : Track Location for user internalUser7983
2022-10-02 23:12:32.399  INFO 75568 --- [pool-7-thread-1] tourGuide.service.TourGuideService       : Track Location for user internalUser59
2022-10-02 23:12:32.399  INFO 75568 --- [pool-7-thread-1] tourGuide.service.TourGuideService       : Track Location for user internalUser56
2022-10-02 23:12:32.399  INFO 75568 --- [pool-7-thread-1] tourGuide.service.TourGuideService       : Track Location for user internalUser55
2022-10-02 23:12:32.399  INFO 75568 --- [pool-7-thread-1] tourGuide.service.TourGuideService       : Track Location for user internalUser58
2022-10-02 23:12:32.400  INFO 75568 --- [pool-7-thread-1] tourGuide.service.TourGuideService       : Track Location for user internalUser57
2022-10-02 23:12:32.400  INFO 75568 --- [pool-7-thread-1] tourGuide.service.TourGuideService       : Track Location for user internalUser52
2022-10-02 23:12:32.400  INFO 75568 --- [pool-7-thread-1] tourGuide.service.TourGuideService       : Track Location for user internalUser51
2022-10-02 23:12:32.400  INFO 75568 --- [    Test worker] tourGuide.service.TourGuideService       : Track Location for user internalUser6669
2022-10-02 23:12:32.400  INFO 75568 --- [pool-7-thread-1] tourGuide.service.TourGuideService       : Track Location for user internalUser54
2022-10-02 23:12:32.400  INFO 75568 --- [    Test worker] tourGuide.service.TourGuideService       : Track Location for user internalUser7997
2022-10-02 23:12:32.400  INFO 75568 --- [    Test worker] tourGuide.service.TourGuideService       : Track Location for user internalUser4007
2022-10-02 23:12:32.400  INFO 75568 --- [pool-7-thread-1] tourGuide.service.TourGuideService       : Track Location for user internalUser53
2022-10-02 23:12:32.401  INFO 75568 --- [pool-7-thread-1] tourGuide.service.TourGuideService       : Track Location for user internalUser50
2022-10-02 23:12:32.401  INFO 75568 --- [pool-7-thread-1] tourGuide.service.TourGuideService       : Track Location for user internalUser4004
2022-10-02 23:12:32.401  INFO 75568 --- [pool-7-thread-1] tourGuide.service.TourGuideService       : Track Location for user internalUser5336
2022-10-02 23:12:32.401  INFO 75568 --- [    Test worker] tourGuide.service.TourGuideService       : Track Location for user internalUser5337
2022-10-02 23:12:32.401  INFO 75568 --- [pool-7-thread-1] tourGuide.service.TourGuideService       : Track Location for user internalUser6667
2022-10-02 23:12:32.401  INFO 75568 --- [    Test worker] tourGuide.service.TourGuideService       : Track Location for user internalUser6668
2022-10-02 23:12:32.401  INFO 75568 --- [pool-7-thread-1] tourGuide.service.TourGuideService       : Track Location for user internalUser7999
2022-10-02 23:12:32.402  INFO 75568 --- [    Test worker] tourGuide.service.TourGuideService       : Track Location for user internalUser7998
2022-10-02 23:12:32.402  INFO 75568 --- [    Test worker] tourGuide.service.TourGuideService       : Track Location for user internalUser4008
2022-10-02 23:12:32.402  INFO 75568 --- [pool-7-thread-1] tourGuide.service.TourGuideService       : Track Location for user internalUser4005
2022-10-02 23:12:32.402  INFO 75568 --- [    Test worker] tourGuide.service.TourGuideService       : Track Location for user internalUser4009
2022-10-02 23:12:32.402  INFO 75568 --- [pool-7-thread-1] tourGuide.service.TourGuideService       : Track Location for user internalUser5335
2022-10-02 23:12:32.402  INFO 75568 --- [pool-7-thread-1] tourGuide.service.TourGuideService       : Track Location for user internalUser6666
2022-10-02 23:12:32.403  INFO 75568 --- [    Test worker] tourGuide.service.TourGuideService       : Track Location for user internalUser5339
2022-10-02 23:12:32.403  INFO 75568 --- [pool-7-thread-1] tourGuide.service.TourGuideService       : Track Location for user internalUser4006
2022-10-02 23:12:32.403  INFO 75568 --- [    Test worker] tourGuide.service.TourGuideService       : Track Location for user internalUser7991
2022-10-02 23:12:32.403  INFO 75568 --- [pool-7-thread-1] tourGuide.service.TourGuideService       : Track Location for user internalUser5338
2022-10-02 23:12:32.403  INFO 75568 --- [    Test worker] tourGuide.service.TourGuideService       : Track Location for user internalUser7992
2022-10-02 23:12:32.403  INFO 75568 --- [pool-7-thread-1] tourGuide.service.TourGuideService       : Track Location for user internalUser6669
2022-10-02 23:12:32.403  INFO 75568 --- [    Test worker] tourGuide.service.TourGuideService       : Track Location for user internalUser5330
2022-10-02 23:12:32.403  INFO 75568 --- [pool-7-thread-1] tourGuide.service.TourGuideService       : Track Location for user internalUser7997
2022-10-02 23:12:32.404  INFO 75568 --- [    Test worker] tourGuide.service.TourGuideService       : Track Location for user internalUser6661
2022-10-02 23:12:32.404  INFO 75568 --- [pool-7-thread-1] tourGuide.service.TourGuideService       : Track Location for user internalUser4007
2022-10-02 23:12:32.404  INFO 75568 --- [    Test worker] tourGuide.service.TourGuideService       : Track Location for user internalUser6660
2022-10-02 23:12:32.404  INFO 75568 --- [pool-7-thread-1] tourGuide.service.TourGuideService       : Track Location for user internalUser5337
2022-10-02 23:12:32.404  INFO 75568 --- [pool-7-thread-1] tourGuide.service.TourGuideService       : Track Location for user internalUser6668
2022-10-02 23:12:32.404  INFO 75568 --- [    Test worker] tourGuide.service.TourGuideService       : Track Location for user internalUser7990
2022-10-02 23:12:32.404  INFO 75568 --- [pool-7-thread-1] tourGuide.service.TourGuideService       : Track Location for user internalUser7998
2022-10-02 23:12:32.404  INFO 75568 --- [    Test worker] tourGuide.service.TourGuideService       : Track Location for user internalUser4000
2022-10-02 23:12:32.404  INFO 75568 --- [pool-7-thread-1] tourGuide.service.TourGuideService       : Track Location for user internalUser4008
2022-10-02 23:12:32.408  INFO 75568 --- [    Test worker] tourGuide.service.TourGuideService       : Track Location for user internalUser5332
2022-10-02 23:12:32.408  INFO 75568 --- [pool-7-thread-1] tourGuide.service.TourGuideService       : Track Location for user internalUser4009
2022-10-02 23:12:32.408  INFO 75568 --- [    Test worker] tourGuide.service.TourGuideService       : Track Location for user internalUser6663
2022-10-02 23:12:32.409  INFO 75568 --- [pool-7-thread-1] tourGuide.service.TourGuideService       : Track Location for user internalUser5339
2022-10-02 23:12:32.410  INFO 75568 --- [    Test worker] tourGuide.service.TourGuideService       : Track Location for user internalUser7995
2022-10-02 23:12:32.411  INFO 75568 --- [pool-7-thread-1] tourGuide.service.TourGuideService       : Track Location for user internalUser7991
2022-10-02 23:12:32.411  INFO 75568 --- [pool-7-thread-1] tourGuide.service.TourGuideService       : Track Location for user internalUser7992
2022-10-02 23:12:32.411  INFO 75568 --- [    Test worker] tourGuide.service.TourGuideService       : Track Location for user internalUser4001
2022-10-02 23:12:32.411  INFO 75568 --- [pool-7-thread-1] tourGuide.service.TourGuideService       : Track Location for user internalUser5330
2022-10-02 23:12:32.411  INFO 75568 --- [pool-7-thread-1] tourGuide.service.TourGuideService       : Track Location for user internalUser6661
2022-10-02 23:12:32.411  INFO 75568 --- [pool-7-thread-1] tourGuide.service.TourGuideService       : Track Location for user internalUser6660
2022-10-02 23:12:32.412  INFO 75568 --- [pool-7-thread-1] tourGuide.service.TourGuideService       : Track Location for user internalUser7990
2022-10-02 23:12:32.412  INFO 75568 --- [    Test worker] tourGuide.service.TourGuideService       : Track Location for user internalUser5331
2022-10-02 23:12:32.412  INFO 75568 --- [pool-7-thread-1] tourGuide.service.TourGuideService       : Track Location for user internalUser4000
2022-10-02 23:12:32.412  INFO 75568 --- [    Test worker] tourGuide.service.TourGuideService       : Track Location for user internalUser6662
2022-10-02 23:12:32.412  INFO 75568 --- [    Test worker] tourGuide.service.TourGuideService       : Track Location for user internalUser7996
2022-10-02 23:12:32.412  INFO 75568 --- [    Test worker] tourGuide.service.TourGuideService       : Track Location for user internalUser4002
2022-10-02 23:12:32.412  INFO 75568 --- [pool-7-thread-1] tourGuide.service.TourGuideService       : Track Location for user internalUser5332
2022-10-02 23:12:32.412  INFO 75568 --- [    Test worker] tourGuide.service.TourGuideService       : Track Location for user internalUser5334
2022-10-02 23:12:32.412  INFO 75568 --- [pool-7-thread-1] tourGuide.service.TourGuideService       : Track Location for user internalUser6663
2022-10-02 23:12:32.412  INFO 75568 --- [    Test worker] tourGuide.service.TourGuideService       : Track Location for user internalUser6665
2022-10-02 23:12:32.412  INFO 75568 --- [pool-7-thread-1] tourGuide.service.TourGuideService       : Track Location for user internalUser7995
2022-10-02 23:12:32.412  INFO 75568 --- [    Test worker] tourGuide.service.TourGuideService       : Track Location for user internalUser7993
2022-10-02 23:12:32.413  INFO 75568 --- [pool-7-thread-1] tourGuide.service.TourGuideService       : Track Location for user internalUser4001
2022-10-02 23:12:32.413  INFO 75568 --- [    Test worker] tourGuide.service.TourGuideService       : Track Location for user internalUser4003
2022-10-02 23:12:32.413  INFO 75568 --- [pool-7-thread-1] tourGuide.service.TourGuideService       : Track Location for user internalUser5331
2022-10-02 23:12:32.413  INFO 75568 --- [    Test worker] tourGuide.service.TourGuideService       : Track Location for user internalUser5333
2022-10-02 23:12:32.413  INFO 75568 --- [pool-7-thread-1] tourGuide.service.TourGuideService       : Track Location for user internalUser6662
2022-10-02 23:12:32.413  INFO 75568 --- [    Test worker] tourGuide.service.TourGuideService       : Track Location for user internalUser6664
2022-10-02 23:12:32.413  INFO 75568 --- [pool-7-thread-1] tourGuide.service.TourGuideService       : Track Location for user internalUser7996
2022-10-02 23:12:32.413  INFO 75568 --- [    Test worker] tourGuide.service.TourGuideService       : Track Location for user internalUser7994
2022-10-02 23:12:32.414  INFO 75568 --- [    Test worker] tourGuide.service.TourGuideService       : Track Location for user internalUser67
2022-10-02 23:12:32.414  INFO 75568 --- [pool-7-thread-1] tourGuide.service.TourGuideService       : Track Location for user internalUser4002
2022-10-02 23:12:32.414  INFO 75568 --- [    Test worker] tourGuide.service.TourGuideService       : Track Location for user internalUser66
2022-10-02 23:12:32.414  INFO 75568 --- [pool-7-thread-1] tourGuide.service.TourGuideService       : Track Location for user internalUser5334
2022-10-02 23:12:32.414  INFO 75568 --- [    Test worker] tourGuide.service.TourGuideService       : Track Location for user internalUser69
2022-10-02 23:12:32.415  INFO 75568 --- [pool-7-thread-1] tourGuide.service.TourGuideService       : Track Location for user internalUser6665
2022-10-02 23:12:32.415  INFO 75568 --- [    Test worker] tourGuide.service.TourGuideService       : Track Location for user internalUser68
2022-10-02 23:12:32.415  INFO 75568 --- [pool-7-thread-1] tourGuide.service.TourGuideService       : Track Location for user internalUser7993
2022-10-02 23:12:32.415  INFO 75568 --- [    Test worker] tourGuide.service.TourGuideService       : Track Location for user internalUser63
2022-10-02 23:12:32.415  INFO 75568 --- [pool-7-thread-1] tourGuide.service.TourGuideService       : Track Location for user internalUser4003
2022-10-02 23:12:32.415  INFO 75568 --- [    Test worker] tourGuide.service.TourGuideService       : Track Location for user internalUser62
2022-10-02 23:12:32.415  INFO 75568 --- [pool-7-thread-1] tourGuide.service.TourGuideService       : Track Location for user internalUser5333
2022-10-02 23:12:32.415  INFO 75568 --- [    Test worker] tourGuide.service.TourGuideService       : Track Location for user internalUser65
2022-10-02 23:12:32.415  INFO 75568 --- [pool-7-thread-1] tourGuide.service.TourGuideService       : Track Location for user internalUser6664
2022-10-02 23:12:32.416  INFO 75568 --- [    Test worker] tourGuide.service.TourGuideService       : Track Location for user internalUser64
2022-10-02 23:12:32.416  INFO 75568 --- [pool-7-thread-1] tourGuide.service.TourGuideService       : Track Location for user internalUser7994
2022-10-02 23:12:32.416  INFO 75568 --- [    Test worker] tourGuide.service.TourGuideService       : Track Location for user internalUser61
2022-10-02 23:12:32.416  INFO 75568 --- [pool-7-thread-1] tourGuide.service.TourGuideService       : Track Location for user internalUser67
2022-10-02 23:12:32.416  INFO 75568 --- [    Test worker] tourGuide.service.TourGuideService       : Track Location for user internalUser60
2022-10-02 23:12:32.416  INFO 75568 --- [    Test worker] tourGuide.service.TourGuideService       : Track Location for user internalUser78
2022-10-02 23:12:32.416  INFO 75568 --- [pool-7-thread-1] tourGuide.service.TourGuideService       : Track Location for user internalUser66
2022-10-02 23:12:32.416  INFO 75568 --- [    Test worker] tourGuide.service.TourGuideService       : Track Location for user internalUser77
2022-10-02 23:12:32.416  INFO 75568 --- [pool-7-thread-1] tourGuide.service.TourGuideService       : Track Location for user internalUser69
2022-10-02 23:12:32.416  INFO 75568 --- [    Test worker] tourGuide.service.TourGuideService       : Track Location for user internalUser79
2022-10-02 23:12:32.416  INFO 75568 --- [    Test worker] tourGuide.service.TourGuideService       : Track Location for user internalUser74
2022-10-02 23:12:32.417  INFO 75568 --- [    Test worker] tourGuide.service.TourGuideService       : Track Location for user internalUser73
2022-10-02 23:12:32.417  INFO 75568 --- [pool-7-thread-1] tourGuide.service.TourGuideService       : Track Location for user internalUser68
2022-10-02 23:12:32.417  INFO 75568 --- [    Test worker] tourGuide.service.TourGuideService       : Track Location for user internalUser76
2022-10-02 23:12:32.417  INFO 75568 --- [pool-7-thread-1] tourGuide.service.TourGuideService       : Track Location for user internalUser63
2022-10-02 23:12:32.417  INFO 75568 --- [    Test worker] tourGuide.service.TourGuideService       : Track Location for user internalUser75
2022-10-02 23:12:32.417  INFO 75568 --- [pool-7-thread-1] tourGuide.service.TourGuideService       : Track Location for user internalUser62
2022-10-02 23:12:32.417  INFO 75568 --- [pool-7-thread-1] tourGuide.service.TourGuideService       : Track Location for user internalUser65
2022-10-02 23:12:32.417  INFO 75568 --- [    Test worker] tourGuide.service.TourGuideService       : Track Location for user internalUser70
2022-10-02 23:12:32.417  INFO 75568 --- [pool-7-thread-1] tourGuide.service.TourGuideService       : Track Location for user internalUser64
2022-10-02 23:12:32.418  INFO 75568 --- [    Test worker] tourGuide.service.TourGuideService       : Track Location for user internalUser72
2022-10-02 23:12:32.418  INFO 75568 --- [    Test worker] tourGuide.service.TourGuideService       : Track Location for user internalUser71
2022-10-02 23:12:32.418  INFO 75568 --- [pool-7-thread-1] tourGuide.service.TourGuideService       : Track Location for user internalUser61
2022-10-02 23:12:32.418  INFO 75568 --- [pool-7-thread-1] tourGuide.service.TourGuideService       : Track Location for user internalUser60
2022-10-02 23:12:32.418  INFO 75568 --- [    Test worker] tourGuide.service.TourGuideService       : Track Location for user internalUser90
2022-10-02 23:12:32.418  INFO 75568 --- [pool-7-thread-1] tourGuide.service.TourGuideService       : Track Location for user internalUser78
2022-10-02 23:12:32.418  INFO 75568 --- [    Test worker] tourGuide.service.TourGuideService       : Track Location for user internalUser89
2022-10-02 23:12:32.418  INFO 75568 --- [pool-7-thread-1] tourGuide.service.TourGuideService       : Track Location for user internalUser77
2022-10-02 23:12:32.424  INFO 75568 --- [pool-7-thread-1] tourGuide.service.TourGuideService       : Track Location for user internalUser79
2022-10-02 23:12:32.424  INFO 75568 --- [pool-7-thread-1] tourGuide.service.TourGuideService       : Track Location for user internalUser74
2022-10-02 23:12:32.424  INFO 75568 --- [    Test worker] tourGuide.service.TourGuideService       : Track Location for user internalUser88
2022-10-02 23:12:32.425  INFO 75568 --- [pool-7-thread-1] tourGuide.service.TourGuideService       : Track Location for user internalUser73
2022-10-02 23:12:32.425  INFO 75568 --- [    Test worker] tourGuide.service.TourGuideService       : Track Location for user internalUser85
2022-10-02 23:12:32.425  INFO 75568 --- [pool-7-thread-1] tourGuide.service.TourGuideService       : Track Location for user internalUser76
2022-10-02 23:12:32.425  INFO 75568 --- [pool-7-thread-1] tourGuide.service.TourGuideService       : Track Location for user internalUser75
2022-10-02 23:12:32.425  INFO 75568 --- [pool-7-thread-1] tourGuide.service.TourGuideService       : Track Location for user internalUser70
2022-10-02 23:12:32.425  INFO 75568 --- [pool-7-thread-1] tourGuide.service.TourGuideService       : Track Location for user internalUser72
2022-10-02 23:12:32.425  INFO 75568 --- [    Test worker] tourGuide.service.TourGuideService       : Track Location for user internalUser84
2022-10-02 23:12:32.425  INFO 75568 --- [    Test worker] tourGuide.service.TourGuideService       : Track Location for user internalUser87
2022-10-02 23:12:32.425  INFO 75568 --- [    Test worker] tourGuide.service.TourGuideService       : Track Location for user internalUser86
2022-10-02 23:12:32.425  INFO 75568 --- [    Test worker] tourGuide.service.TourGuideService       : Track Location for user internalUser81
2022-10-02 23:12:32.425  INFO 75568 --- [    Test worker] tourGuide.service.TourGuideService       : Track Location for user internalUser80
2022-10-02 23:12:32.426  INFO 75568 --- [    Test worker] tourGuide.service.TourGuideService       : Track Location for user internalUser83
2022-10-02 23:12:32.426  INFO 75568 --- [pool-7-thread-1] tourGuide.service.TourGuideService       : Track Location for user internalUser71
2022-10-02 23:12:32.426  INFO 75568 --- [    Test worker] tourGuide.service.TourGuideService       : Track Location for user internalUser82
2022-10-02 23:12:32.426  INFO 75568 --- [pool-7-thread-1] tourGuide.service.TourGuideService       : Track Location for user internalUser90
2022-10-02 23:12:32.426  INFO 75568 --- [    Test worker] tourGuide.service.TourGuideService       : Track Location for user internalUser99
2022-10-02 23:12:32.426  INFO 75568 --- [pool-7-thread-1] tourGuide.service.TourGuideService       : Track Location for user internalUser89
2022-10-02 23:12:32.426  INFO 75568 --- [    Test worker] tourGuide.service.TourGuideService       : Track Location for user internalUser96
2022-10-02 23:12:32.427  INFO 75568 --- [pool-7-thread-1] tourGuide.service.TourGuideService       : Track Location for user internalUser88
2022-10-02 23:12:32.427  INFO 75568 --- [pool-7-thread-1] tourGuide.service.TourGuideService       : Track Location for user internalUser85
2022-10-02 23:12:32.427  INFO 75568 --- [    Test worker] tourGuide.service.TourGuideService       : Track Location for user internalUser95
2022-10-02 23:12:32.427  INFO 75568 --- [pool-7-thread-1] tourGuide.service.TourGuideService       : Track Location for user internalUser84
2022-10-02 23:12:32.428  INFO 75568 --- [    Test worker] tourGuide.service.TourGuideService       : Track Location for user internalUser98
2022-10-02 23:12:32.428  INFO 75568 --- [pool-7-thread-1] tourGuide.service.TourGuideService       : Track Location for user internalUser87
2022-10-02 23:12:32.428  INFO 75568 --- [pool-7-thread-1] tourGuide.service.TourGuideService       : Track Location for user internalUser86
2022-10-02 23:12:32.428  INFO 75568 --- [pool-7-thread-1] tourGuide.service.TourGuideService       : Track Location for user internalUser81
2022-10-02 23:12:32.428  INFO 75568 --- [pool-7-thread-1] tourGuide.service.TourGuideService       : Track Location for user internalUser80
2022-10-02 23:12:32.428  INFO 75568 --- [pool-7-thread-1] tourGuide.service.TourGuideService       : Track Location for user internalUser83
2022-10-02 23:12:32.428  INFO 75568 --- [pool-7-thread-1] tourGuide.service.TourGuideService       : Track Location for user internalUser82
2022-10-02 23:12:32.428  INFO 75568 --- [pool-7-thread-1] tourGuide.service.TourGuideService       : Track Location for user internalUser99
2022-10-02 23:12:32.428  INFO 75568 --- [pool-7-thread-1] tourGuide.service.TourGuideService       : Track Location for user internalUser96
2022-10-02 23:12:32.431  INFO 75568 --- [pool-7-thread-1] tourGuide.service.TourGuideService       : Track Location for user internalUser95
2022-10-02 23:12:32.431  INFO 75568 --- [pool-7-thread-1] tourGuide.service.TourGuideService       : Track Location for user internalUser98
2022-10-02 23:12:32.432  INFO 75568 --- [pool-7-thread-1] tourGuide.service.TourGuideService       : Track Location for user internalUser97
2022-10-02 23:12:32.432  INFO 75568 --- [pool-7-thread-1] tourGuide.service.TourGuideService       : Track Location for user internalUser92
2022-10-02 23:12:32.432  INFO 75568 --- [pool-7-thread-1] tourGuide.service.TourGuideService       : Track Location for user internalUser91
2022-10-02 23:12:32.432  INFO 75568 --- [pool-7-thread-1] tourGuide.service.TourGuideService       : Track Location for user internalUser94
2022-10-02 23:12:32.432  INFO 75568 --- [pool-7-thread-1] tourGuide.service.TourGuideService       : Track Location for user internalUser93
2022-10-02 23:12:32.432  INFO 75568 --- [pool-7-thread-1] tourGuide.service.TourGuideService       : Track Location for user internalUser7922
2022-10-02 23:12:32.432  INFO 75568 --- [pool-7-thread-1] tourGuide.service.TourGuideService       : Track Location for user internalUser7923
2022-10-02 23:12:32.432  INFO 75568 --- [pool-7-thread-1] tourGuide.service.TourGuideService       : Track Location for user internalUser7920
2022-10-02 23:12:32.433  INFO 75568 --- [pool-7-thread-1] tourGuide.service.TourGuideService       : Track Location for user internalUser7921
2022-10-02 23:12:32.433  INFO 75568 --- [pool-7-thread-1] tourGuide.service.TourGuideService       : Track Location for user internalUser7926
2022-10-02 23:12:32.433  INFO 75568 --- [pool-7-thread-1] tourGuide.service.TourGuideService       : Track Location for user internalUser7927
2022-10-02 23:12:32.433  INFO 75568 --- [    Test worker] tourGuide.service.TourGuideService       : Track Location for user internalUser97
2022-10-02 23:12:32.434  INFO 75568 --- [pool-7-thread-1] tourGuide.service.TourGuideService       : Track Location for user internalUser7924
2022-10-02 23:12:32.435  INFO 75568 --- [    Test worker] tourGuide.service.TourGuideService       : Track Location for user internalUser92
2022-10-02 23:12:32.435  INFO 75568 --- [pool-7-thread-1] tourGuide.service.TourGuideService       : Track Location for user internalUser7925
2022-10-02 23:12:32.435  INFO 75568 --- [    Test worker] tourGuide.service.TourGuideService       : Track Location for user internalUser91
2022-10-02 23:12:32.435  INFO 75568 --- [pool-7-thread-1] tourGuide.service.TourGuideService       : Track Location for user internalUser7928
2022-10-02 23:12:32.435  INFO 75568 --- [pool-7-thread-1] tourGuide.service.TourGuideService       : Track Location for user internalUser7929
2022-10-02 23:12:32.435  INFO 75568 --- [    Test worker] tourGuide.service.TourGuideService       : Track Location for user internalUser94
2022-10-02 23:12:32.435  INFO 75568 --- [pool-7-thread-1] tourGuide.service.TourGuideService       : Track Location for user internalUser6601
2022-10-02 23:12:32.436  INFO 75568 --- [pool-7-thread-1] tourGuide.service.TourGuideService       : Track Location for user internalUser7933
2022-10-02 23:12:32.436  INFO 75568 --- [pool-7-thread-1] tourGuide.service.TourGuideService       : Track Location for user internalUser6600
2022-10-02 23:12:32.436  INFO 75568 --- [pool-7-thread-1] tourGuide.service.TourGuideService       : Track Location for user internalUser7934
2022-10-02 23:12:32.436  INFO 75568 --- [pool-7-thread-1] tourGuide.service.TourGuideService       : Track Location for user internalUser6603
2022-10-02 23:12:32.436  INFO 75568 --- [pool-7-thread-1] tourGuide.service.TourGuideService       : Track Location for user internalUser7931
2022-10-02 23:12:32.436  INFO 75568 --- [pool-7-thread-1] tourGuide.service.TourGuideService       : Track Location for user internalUser6602
2022-10-02 23:12:32.436  INFO 75568 --- [pool-7-thread-1] tourGuide.service.TourGuideService       : Track Location for user internalUser7932
2022-10-02 23:12:32.436  INFO 75568 --- [pool-7-thread-1] tourGuide.service.TourGuideService       : Track Location for user internalUser6605
2022-10-02 23:12:32.437  INFO 75568 --- [pool-7-thread-1] tourGuide.service.TourGuideService       : Track Location for user internalUser7937
2022-10-02 23:12:32.437  INFO 75568 --- [pool-7-thread-1] tourGuide.service.TourGuideService       : Track Location for user internalUser6604
2022-10-02 23:12:32.437  INFO 75568 --- [pool-7-thread-1] tourGuide.service.TourGuideService       : Track Location for user internalUser7938
2022-10-02 23:12:32.437  INFO 75568 --- [pool-7-thread-1] tourGuide.service.TourGuideService       : Track Location for user internalUser6607
2022-10-02 23:12:32.437  INFO 75568 --- [pool-7-thread-1] tourGuide.service.TourGuideService       : Track Location for user internalUser7935
2022-10-02 23:12:32.437  INFO 75568 --- [pool-7-thread-1] tourGuide.service.TourGuideService       : Track Location for user internalUser6606
2022-10-02 23:12:32.437  INFO 75568 --- [pool-7-thread-1] tourGuide.service.TourGuideService       : Track Location for user internalUser7936
2022-10-02 23:12:32.437  INFO 75568 --- [pool-7-thread-1] tourGuide.service.TourGuideService       : Track Location for user internalUser7930
2022-10-02 23:12:32.437  INFO 75568 --- [pool-7-thread-1] tourGuide.service.TourGuideService       : Track Location for user internalUser6609
2022-10-02 23:12:32.437  INFO 75568 --- [pool-7-thread-1] tourGuide.service.TourGuideService       : Track Location for user internalUser6608
2022-10-02 23:12:32.438  INFO 75568 --- [pool-7-thread-1] tourGuide.service.TourGuideService       : Track Location for user internalUser7939
2022-10-02 23:12:32.438  INFO 75568 --- [pool-7-thread-1] tourGuide.service.TourGuideService       : Track Location for user internalUser7900
2022-10-02 23:12:32.438  INFO 75568 --- [pool-7-thread-1] tourGuide.service.TourGuideService       : Track Location for user internalUser7901
2022-10-02 23:12:32.438  INFO 75568 --- [pool-7-thread-1] tourGuide.service.TourGuideService       : Track Location for user internalUser7904
2022-10-02 23:12:32.438  INFO 75568 --- [    Test worker] tourGuide.service.TourGuideService       : Track Location for user internalUser93
2022-10-02 23:12:32.438  INFO 75568 --- [pool-7-thread-1] tourGuide.service.TourGuideService       : Track Location for user internalUser7905
2022-10-02 23:12:32.438  INFO 75568 --- [pool-7-thread-1] tourGuide.service.TourGuideService       : Track Location for user internalUser7902
2022-10-02 23:12:32.438  INFO 75568 --- [pool-7-thread-1] tourGuide.service.TourGuideService       : Track Location for user internalUser7903
2022-10-02 23:12:32.438  INFO 75568 --- [pool-7-thread-1] tourGuide.service.TourGuideService       : Track Location for user internalUser7908
2022-10-02 23:12:32.439  INFO 75568 --- [pool-7-thread-1] tourGuide.service.TourGuideService       : Track Location for user internalUser7909
2022-10-02 23:12:32.439  INFO 75568 --- [    Test worker] tourGuide.service.TourGuideService       : Track Location for user internalUser7922
2022-10-02 23:12:32.439  INFO 75568 --- [pool-7-thread-1] tourGuide.service.TourGuideService       : Track Location for user internalUser7906
2022-10-02 23:12:32.439  INFO 75568 --- [    Test worker] tourGuide.service.TourGuideService       : Track Location for user internalUser7923
2022-10-02 23:12:32.439  INFO 75568 --- [pool-7-thread-1] tourGuide.service.TourGuideService       : Track Location for user internalUser7907
2022-10-02 23:12:32.440  INFO 75568 --- [    Test worker] tourGuide.service.TourGuideService       : Track Location for user internalUser7920
2022-10-02 23:12:32.440  INFO 75568 --- [pool-7-thread-1] tourGuide.service.TourGuideService       : Track Location for user internalUser7911
2022-10-02 23:12:32.440  INFO 75568 --- [    Test worker] tourGuide.service.TourGuideService       : Track Location for user internalUser7921
2022-10-02 23:12:32.440  INFO 75568 --- [pool-7-thread-1] tourGuide.service.TourGuideService       : Track Location for user internalUser7912
2022-10-02 23:12:32.440  INFO 75568 --- [    Test worker] tourGuide.service.TourGuideService       : Track Location for user internalUser7926
2022-10-02 23:12:32.440  INFO 75568 --- [pool-7-thread-1] tourGuide.service.TourGuideService       : Track Location for user internalUser7910
2022-10-02 23:12:32.440  INFO 75568 --- [pool-7-thread-1] tourGuide.service.TourGuideService       : Track Location for user internalUser7915
2022-10-02 23:12:32.440  INFO 75568 --- [    Test worker] tourGuide.service.TourGuideService       : Track Location for user internalUser7927
2022-10-02 23:12:32.440  INFO 75568 --- [pool-7-thread-1] tourGuide.service.TourGuideService       : Track Location for user internalUser7916
2022-10-02 23:12:32.441  INFO 75568 --- [pool-7-thread-1] tourGuide.service.TourGuideService       : Track Location for user internalUser7913
2022-10-02 23:12:32.441  INFO 75568 --- [pool-7-thread-1] tourGuide.service.TourGuideService       : Track Location for user internalUser7914
2022-10-02 23:12:32.441  INFO 75568 --- [pool-7-thread-1] tourGuide.service.TourGuideService       : Track Location for user internalUser7919
2022-10-02 23:12:32.441  INFO 75568 --- [    Test worker] tourGuide.service.TourGuideService       : Track Location for user internalUser7924
2022-10-02 23:12:32.441  INFO 75568 --- [pool-7-thread-1] tourGuide.service.TourGuideService       : Track Location for user internalUser7917
2022-10-02 23:12:32.441  INFO 75568 --- [    Test worker] tourGuide.service.TourGuideService       : Track Location for user internalUser7925
2022-10-02 23:12:32.441  INFO 75568 --- [pool-7-thread-1] tourGuide.service.TourGuideService       : Track Location for user internalUser7918
2022-10-02 23:12:32.441  INFO 75568 --- [    Test worker] tourGuide.service.TourGuideService       : Track Location for user internalUser7928
2022-10-02 23:12:32.441  INFO 75568 --- [pool-7-thread-1] tourGuide.service.TourGuideService       : Track Location for user internalUser1987
2022-10-02 23:12:32.441  INFO 75568 --- [    Test worker] tourGuide.service.TourGuideService       : Track Location for user internalUser7929
2022-10-02 23:12:32.441  INFO 75568 --- [pool-7-thread-1] tourGuide.service.TourGuideService       : Track Location for user internalUser1986
2022-10-02 23:12:32.441  INFO 75568 --- [    Test worker] tourGuide.service.TourGuideService       : Track Location for user internalUser6601
2022-10-02 23:12:32.442  INFO 75568 --- [pool-7-thread-1] tourGuide.service.TourGuideService       : Track Location for user internalUser1985
2022-10-02 23:12:32.442  INFO 75568 --- [    Test worker] tourGuide.service.TourGuideService       : Track Location for user internalUser7933
2022-10-02 23:12:32.442  INFO 75568 --- [pool-7-thread-1] tourGuide.service.TourGuideService       : Track Location for user internalUser1984
2022-10-02 23:12:32.442  INFO 75568 --- [    Test worker] tourGuide.service.TourGuideService       : Track Location for user internalUser6600
2022-10-02 23:12:32.442  INFO 75568 --- [pool-7-thread-1] tourGuide.service.TourGuideService       : Track Location for user internalUser1983
2022-10-02 23:12:32.442  INFO 75568 --- [    Test worker] tourGuide.service.TourGuideService       : Track Location for user internalUser7934
2022-10-02 23:12:32.442  INFO 75568 --- [pool-7-thread-1] tourGuide.service.TourGuideService       : Track Location for user internalUser1982
2022-10-02 23:12:32.442  INFO 75568 --- [    Test worker] tourGuide.service.TourGuideService       : Track Location for user internalUser6603
2022-10-02 23:12:32.442  INFO 75568 --- [pool-7-thread-1] tourGuide.service.TourGuideService       : Track Location for user internalUser1981
2022-10-02 23:12:32.442  INFO 75568 --- [    Test worker] tourGuide.service.TourGuideService       : Track Location for user internalUser7931
2022-10-02 23:12:32.442  INFO 75568 --- [    Test worker] tourGuide.service.TourGuideService       : Track Location for user internalUser6602
2022-10-02 23:12:32.443  INFO 75568 --- [    Test worker] tourGuide.service.TourGuideService       : Track Location for user internalUser7932
2022-10-02 23:12:32.443  INFO 75568 --- [    Test worker] tourGuide.service.TourGuideService       : Track Location for user internalUser6605
2022-10-02 23:12:32.443  INFO 75568 --- [pool-7-thread-1] tourGuide.service.TourGuideService       : Track Location for user internalUser1980
2022-10-02 23:12:32.443  INFO 75568 --- [    Test worker] tourGuide.service.TourGuideService       : Track Location for user internalUser7937
2022-10-02 23:12:32.443  INFO 75568 --- [pool-7-thread-1] tourGuide.service.TourGuideService       : Track Location for user internalUser1989
2022-10-02 23:12:32.443  INFO 75568 --- [    Test worker] tourGuide.service.TourGuideService       : Track Location for user internalUser6604
2022-10-02 23:12:32.443  INFO 75568 --- [pool-7-thread-1] tourGuide.service.TourGuideService       : Track Location for user internalUser1988
2022-10-02 23:12:32.443  INFO 75568 --- [    Test worker] tourGuide.service.TourGuideService       : Track Location for user internalUser7938
2022-10-02 23:12:32.443  INFO 75568 --- [pool-7-thread-1] tourGuide.service.TourGuideService       : Track Location for user internalUser1990
2022-10-02 23:12:32.443  INFO 75568 --- [    Test worker] tourGuide.service.TourGuideService       : Track Location for user internalUser6607
2022-10-02 23:12:32.443  INFO 75568 --- [pool-7-thread-1] tourGuide.service.TourGuideService       : Track Location for user internalUser1998
2022-10-02 23:12:32.443  INFO 75568 --- [    Test worker] tourGuide.service.TourGuideService       : Track Location for user internalUser7935
2022-10-02 23:12:32.444  INFO 75568 --- [pool-7-thread-1] tourGuide.service.TourGuideService       : Track Location for user internalUser1997
2022-10-02 23:12:32.444  INFO 75568 --- [    Test worker] tourGuide.service.TourGuideService       : Track Location for user internalUser6606
2022-10-02 23:12:32.444  INFO 75568 --- [pool-7-thread-1] tourGuide.service.TourGuideService       : Track Location for user internalUser1996
2022-10-02 23:12:32.444  INFO 75568 --- [    Test worker] tourGuide.service.TourGuideService       : Track Location for user internalUser7936
2022-10-02 23:12:32.444  INFO 75568 --- [pool-7-thread-1] tourGuide.service.TourGuideService       : Track Location for user internalUser1995
2022-10-02 23:12:32.444  INFO 75568 --- [    Test worker] tourGuide.service.TourGuideService       : Track Location for user internalUser7930
2022-10-02 23:12:32.444  INFO 75568 --- [pool-7-thread-1] tourGuide.service.TourGuideService       : Track Location for user internalUser1994
2022-10-02 23:12:32.444  INFO 75568 --- [    Test worker] tourGuide.service.TourGuideService       : Track Location for user internalUser6609
2022-10-02 23:12:32.444  INFO 75568 --- [pool-7-thread-1] tourGuide.service.TourGuideService       : Track Location for user internalUser1993
2022-10-02 23:12:32.444  INFO 75568 --- [    Test worker] tourGuide.service.TourGuideService       : Track Location for user internalUser6608
2022-10-02 23:12:32.444  INFO 75568 --- [pool-7-thread-1] tourGuide.service.TourGuideService       : Track Location for user internalUser1992
2022-10-02 23:12:32.444  INFO 75568 --- [    Test worker] tourGuide.service.TourGuideService       : Track Location for user internalUser7939
2022-10-02 23:12:32.445  INFO 75568 --- [pool-7-thread-1] tourGuide.service.TourGuideService       : Track Location for user internalUser1991
2022-10-02 23:12:32.445  INFO 75568 --- [    Test worker] tourGuide.service.TourGuideService       : Track Location for user internalUser7900
2022-10-02 23:12:32.445  INFO 75568 --- [pool-7-thread-1] tourGuide.service.TourGuideService       : Track Location for user internalUser9000
2022-10-02 23:12:32.445  INFO 75568 --- [    Test worker] tourGuide.service.TourGuideService       : Track Location for user internalUser7901
2022-10-02 23:12:32.445  INFO 75568 --- [pool-7-thread-1] tourGuide.service.TourGuideService       : Track Location for user internalUser1999
2022-10-02 23:12:32.445  INFO 75568 --- [    Test worker] tourGuide.service.TourGuideService       : Track Location for user internalUser7904
2022-10-02 23:12:32.445  INFO 75568 --- [pool-7-thread-1] tourGuide.service.TourGuideService       : Track Location for user internalUser1965
2022-10-02 23:12:32.445  INFO 75568 --- [    Test worker] tourGuide.service.TourGuideService       : Track Location for user internalUser7905
2022-10-02 23:12:32.445  INFO 75568 --- [pool-7-thread-1] tourGuide.service.TourGuideService       : Track Location for user internalUser1964
2022-10-02 23:12:32.445  INFO 75568 --- [    Test worker] tourGuide.service.TourGuideService       : Track Location for user internalUser7902
2022-10-02 23:12:32.445  INFO 75568 --- [pool-7-thread-1] tourGuide.service.TourGuideService       : Track Location for user internalUser1963
2022-10-02 23:12:32.445  INFO 75568 --- [    Test worker] tourGuide.service.TourGuideService       : Track Location for user internalUser7903
2022-10-02 23:12:32.445  INFO 75568 --- [pool-7-thread-1] tourGuide.service.TourGuideService       : Track Location for user internalUser1962
2022-10-02 23:12:32.446  INFO 75568 --- [    Test worker] tourGuide.service.TourGuideService       : Track Location for user internalUser7908
2022-10-02 23:12:32.446  INFO 75568 --- [pool-7-thread-1] tourGuide.service.TourGuideService       : Track Location for user internalUser1961
2022-10-02 23:12:32.446  INFO 75568 --- [    Test worker] tourGuide.service.TourGuideService       : Track Location for user internalUser7909
2022-10-02 23:12:32.446  INFO 75568 --- [    Test worker] tourGuide.service.TourGuideService       : Track Location for user internalUser7906
2022-10-02 23:12:32.446  INFO 75568 --- [    Test worker] tourGuide.service.TourGuideService       : Track Location for user internalUser7907
2022-10-02 23:12:32.446  INFO 75568 --- [    Test worker] tourGuide.service.TourGuideService       : Track Location for user internalUser7911
2022-10-02 23:12:32.446  INFO 75568 --- [    Test worker] tourGuide.service.TourGuideService       : Track Location for user internalUser7912
2022-10-02 23:12:32.447  INFO 75568 --- [    Test worker] tourGuide.service.TourGuideService       : Track Location for user internalUser7910
2022-10-02 23:12:32.447  INFO 75568 --- [    Test worker] tourGuide.service.TourGuideService       : Track Location for user internalUser7915
2022-10-02 23:12:32.447  INFO 75568 --- [    Test worker] tourGuide.service.TourGuideService       : Track Location for user internalUser7916
2022-10-02 23:12:32.447  INFO 75568 --- [    Test worker] tourGuide.service.TourGuideService       : Track Location for user internalUser7913
2022-10-02 23:12:32.446  INFO 75568 --- [pool-7-thread-1] tourGuide.service.TourGuideService       : Track Location for user internalUser1960
2022-10-02 23:12:32.447  INFO 75568 --- [    Test worker] tourGuide.service.TourGuideService       : Track Location for user internalUser7914
2022-10-02 23:12:32.447  INFO 75568 --- [    Test worker] tourGuide.service.TourGuideService       : Track Location for user internalUser7919
2022-10-02 23:12:32.447  INFO 75568 --- [    Test worker] tourGuide.service.TourGuideService       : Track Location for user internalUser7917
2022-10-02 23:12:32.447  INFO 75568 --- [    Test worker] tourGuide.service.TourGuideService       : Track Location for user internalUser7918
2022-10-02 23:12:32.447  INFO 75568 --- [    Test worker] tourGuide.service.TourGuideService       : Track Location for user internalUser1987
2022-10-02 23:12:32.447  INFO 75568 --- [pool-7-thread-1] tourGuide.service.TourGuideService       : Track Location for user internalUser1969
2022-10-02 23:12:32.447  INFO 75568 --- [    Test worker] tourGuide.service.TourGuideService       : Track Location for user internalUser1986
2022-10-02 23:12:32.448  INFO 75568 --- [    Test worker] tourGuide.service.TourGuideService       : Track Location for user internalUser1985
2022-10-02 23:12:32.448  INFO 75568 --- [    Test worker] tourGuide.service.TourGuideService       : Track Location for user internalUser1984
2022-10-02 23:12:32.448  INFO 75568 --- [    Test worker] tourGuide.service.TourGuideService       : Track Location for user internalUser1983
2022-10-02 23:12:32.448  INFO 75568 --- [    Test worker] tourGuide.service.TourGuideService       : Track Location for user internalUser1982
2022-10-02 23:12:32.448  INFO 75568 --- [    Test worker] tourGuide.service.TourGuideService       : Track Location for user internalUser1981
2022-10-02 23:12:32.448  INFO 75568 --- [pool-7-thread-1] tourGuide.service.TourGuideService       : Track Location for user internalUser1968
2022-10-02 23:12:32.448  INFO 75568 --- [    Test worker] tourGuide.service.TourGuideService       : Track Location for user internalUser1980
2022-10-02 23:12:32.448  INFO 75568 --- [    Test worker] tourGuide.service.TourGuideService       : Track Location for user internalUser1989
2022-10-02 23:12:32.448  INFO 75568 --- [pool-7-thread-1] tourGuide.service.TourGuideService       : Track Location for user internalUser1967
2022-10-02 23:12:32.448  INFO 75568 --- [    Test worker] tourGuide.service.TourGuideService       : Track Location for user internalUser1988
2022-10-02 23:12:32.449  INFO 75568 --- [pool-7-thread-1] tourGuide.service.TourGuideService       : Track Location for user internalUser1966
2022-10-02 23:12:32.449  INFO 75568 --- [pool-7-thread-1] tourGuide.service.TourGuideService       : Track Location for user internalUser1976
2022-10-02 23:12:32.449  INFO 75568 --- [pool-7-thread-1] tourGuide.service.TourGuideService       : Track Location for user internalUser1975
2022-10-02 23:12:32.449  INFO 75568 --- [pool-7-thread-1] tourGuide.service.TourGuideService       : Track Location for user internalUser1974
2022-10-02 23:12:32.449  INFO 75568 --- [pool-7-thread-1] tourGuide.service.TourGuideService       : Track Location for user internalUser1973
2022-10-02 23:12:32.449  INFO 75568 --- [pool-7-thread-1] tourGuide.service.TourGuideService       : Track Location for user internalUser1972
2022-10-02 23:12:32.449  INFO 75568 --- [pool-7-thread-1] tourGuide.service.TourGuideService       : Track Location for user internalUser1971
2022-10-02 23:12:32.449  INFO 75568 --- [pool-7-thread-1] tourGuide.service.TourGuideService       : Track Location for user internalUser1970
2022-10-02 23:12:32.450  INFO 75568 --- [pool-7-thread-1] tourGuide.service.TourGuideService       : Track Location for user internalUser1979
2022-10-02 23:12:32.450  INFO 75568 --- [pool-7-thread-1] tourGuide.service.TourGuideService       : Track Location for user internalUser1978
2022-10-02 23:12:32.450  INFO 75568 --- [pool-7-thread-1] tourGuide.service.TourGuideService       : Track Location for user internalUser1977
2022-10-02 23:12:32.450  INFO 75568 --- [pool-7-thread-1] tourGuide.service.TourGuideService       : Track Location for user internalUser9025
2022-10-02 23:12:32.450  INFO 75568 --- [pool-7-thread-1] tourGuide.service.TourGuideService       : Track Location for user internalUser9026
2022-10-02 23:12:32.450  INFO 75568 --- [pool-7-thread-1] tourGuide.service.TourGuideService       : Track Location for user internalUser9023
2022-10-02 23:12:32.450  INFO 75568 --- [pool-7-thread-1] tourGuide.service.TourGuideService       : Track Location for user internalUser9024
2022-10-02 23:12:32.450  INFO 75568 --- [pool-7-thread-1] tourGuide.service.TourGuideService       : Track Location for user internalUser9029
2022-10-02 23:12:32.450  INFO 75568 --- [pool-7-thread-1] tourGuide.service.TourGuideService       : Track Location for user internalUser9027
2022-10-02 23:12:32.450  INFO 75568 --- [pool-7-thread-1] tourGuide.service.TourGuideService       : Track Location for user internalUser9028
2022-10-02 23:12:32.451  INFO 75568 --- [pool-7-thread-1] tourGuide.service.TourGuideService       : Track Location for user internalUser9032
2022-10-02 23:12:32.452  INFO 75568 --- [pool-7-thread-1] tourGuide.service.TourGuideService       : Track Location for user internalUser9033
2022-10-02 23:12:32.452  INFO 75568 --- [pool-7-thread-1] tourGuide.service.TourGuideService       : Track Location for user internalUser9030
2022-10-02 23:12:32.452  INFO 75568 --- [pool-7-thread-1] tourGuide.service.TourGuideService       : Track Location for user internalUser9031
2022-10-02 23:12:32.452  INFO 75568 --- [pool-7-thread-1] tourGuide.service.TourGuideService       : Track Location for user internalUser9036
2022-10-02 23:12:32.452  INFO 75568 --- [pool-7-thread-1] tourGuide.service.TourGuideService       : Track Location for user internalUser9037
2022-10-02 23:12:32.452  INFO 75568 --- [pool-7-thread-1] tourGuide.service.TourGuideService       : Track Location for user internalUser9034
2022-10-02 23:12:32.452  INFO 75568 --- [    Test worker] tourGuide.service.TourGuideService       : Track Location for user internalUser1990
2022-10-02 23:12:32.452  INFO 75568 --- [pool-7-thread-1] tourGuide.service.TourGuideService       : Track Location for user internalUser9035
2022-10-02 23:12:32.452  INFO 75568 --- [    Test worker] tourGuide.service.TourGuideService       : Track Location for user internalUser1998
2022-10-02 23:12:32.452  INFO 75568 --- [pool-7-thread-1] tourGuide.service.TourGuideService       : Track Location for user internalUser9038
2022-10-02 23:12:32.452  INFO 75568 --- [    Test worker] tourGuide.service.TourGuideService       : Track Location for user internalUser1997
2022-10-02 23:12:32.453  INFO 75568 --- [pool-7-thread-1] tourGuide.service.TourGuideService       : Track Location for user internalUser9039
2022-10-02 23:12:32.453  INFO 75568 --- [    Test worker] tourGuide.service.TourGuideService       : Track Location for user internalUser1996
2022-10-02 23:12:32.453  INFO 75568 --- [pool-7-thread-1] tourGuide.service.TourGuideService       : Track Location for user internalUser9040
2022-10-02 23:12:32.453  INFO 75568 --- [    Test worker] tourGuide.service.TourGuideService       : Track Location for user internalUser1995
2022-10-02 23:12:32.453  INFO 75568 --- [pool-7-thread-1] tourGuide.service.TourGuideService       : Track Location for user internalUser9043
2022-10-02 23:12:32.453  INFO 75568 --- [    Test worker] tourGuide.service.TourGuideService       : Track Location for user internalUser1994
2022-10-02 23:12:32.453  INFO 75568 --- [pool-7-thread-1] tourGuide.service.TourGuideService       : Track Location for user internalUser9044
2022-10-02 23:12:32.453  INFO 75568 --- [    Test worker] tourGuide.service.TourGuideService       : Track Location for user internalUser1993
2022-10-02 23:12:32.453  INFO 75568 --- [pool-7-thread-1] tourGuide.service.TourGuideService       : Track Location for user internalUser9041
2022-10-02 23:12:32.453  INFO 75568 --- [    Test worker] tourGuide.service.TourGuideService       : Track Location for user internalUser1992
2022-10-02 23:12:32.454  INFO 75568 --- [    Test worker] tourGuide.service.TourGuideService       : Track Location for user internalUser1991
2022-10-02 23:12:32.454  INFO 75568 --- [pool-7-thread-1] tourGuide.service.TourGuideService       : Track Location for user internalUser9042
2022-10-02 23:12:32.454  INFO 75568 --- [    Test worker] tourGuide.service.TourGuideService       : Track Location for user internalUser9000
2022-10-02 23:12:32.454  INFO 75568 --- [pool-7-thread-1] tourGuide.service.TourGuideService       : Track Location for user internalUser9009
2022-10-02 23:12:32.454  INFO 75568 --- [    Test worker] tourGuide.service.TourGuideService       : Track Location for user internalUser1999
2022-10-02 23:12:32.454  INFO 75568 --- [pool-7-thread-1] tourGuide.service.TourGuideService       : Track Location for user internalUser9003
2022-10-02 23:12:32.454  INFO 75568 --- [    Test worker] tourGuide.service.TourGuideService       : Track Location for user internalUser1965
2022-10-02 23:12:32.454  INFO 75568 --- [pool-7-thread-1] tourGuide.service.TourGuideService       : Track Location for user internalUser9004
2022-10-02 23:12:32.454  INFO 75568 --- [    Test worker] tourGuide.service.TourGuideService       : Track Location for user internalUser1964
2022-10-02 23:12:32.454  INFO 75568 --- [pool-7-thread-1] tourGuide.service.TourGuideService       : Track Location for user internalUser9001
2022-10-02 23:12:32.454  INFO 75568 --- [    Test worker] tourGuide.service.TourGuideService       : Track Location for user internalUser1963
2022-10-02 23:12:32.454  INFO 75568 --- [pool-7-thread-1] tourGuide.service.TourGuideService       : Track Location for user internalUser9002
2022-10-02 23:12:32.455  INFO 75568 --- [    Test worker] tourGuide.service.TourGuideService       : Track Location for user internalUser1962
2022-10-02 23:12:32.455  INFO 75568 --- [pool-7-thread-1] tourGuide.service.TourGuideService       : Track Location for user internalUser9007
2022-10-02 23:12:32.455  INFO 75568 --- [    Test worker] tourGuide.service.TourGuideService       : Track Location for user internalUser1961
2022-10-02 23:12:32.455  INFO 75568 --- [pool-7-thread-1] tourGuide.service.TourGuideService       : Track Location for user internalUser9008
2022-10-02 23:12:32.455  INFO 75568 --- [    Test worker] tourGuide.service.TourGuideService       : Track Location for user internalUser1960
2022-10-02 23:12:32.455  INFO 75568 --- [pool-7-thread-1] tourGuide.service.TourGuideService       : Track Location for user internalUser9005
2022-10-02 23:12:32.455  INFO 75568 --- [    Test worker] tourGuide.service.TourGuideService       : Track Location for user internalUser1969
2022-10-02 23:12:32.455  INFO 75568 --- [pool-7-thread-1] tourGuide.service.TourGuideService       : Track Location for user internalUser9006
2022-10-02 23:12:32.455  INFO 75568 --- [    Test worker] tourGuide.service.TourGuideService       : Track Location for user internalUser1968
2022-10-02 23:12:32.455  INFO 75568 --- [pool-7-thread-1] tourGuide.service.TourGuideService       : Track Location for user internalUser9010
2022-10-02 23:12:32.455  INFO 75568 --- [    Test worker] tourGuide.service.TourGuideService       : Track Location for user internalUser1967
2022-10-02 23:12:32.455  INFO 75568 --- [pool-7-thread-1] tourGuide.service.TourGuideService       : Track Location for user internalUser9011
2022-10-02 23:12:32.455  INFO 75568 --- [    Test worker] tourGuide.service.TourGuideService       : Track Location for user internalUser1966
2022-10-02 23:12:32.456  INFO 75568 --- [pool-7-thread-1] tourGuide.service.TourGuideService       : Track Location for user internalUser9014
2022-10-02 23:12:32.456  INFO 75568 --- [pool-7-thread-1] tourGuide.service.TourGuideService       : Track Location for user internalUser9015
2022-10-02 23:12:32.456  INFO 75568 --- [pool-7-thread-1] tourGuide.service.TourGuideService       : Track Location for user internalUser9012
2022-10-02 23:12:32.456  INFO 75568 --- [pool-7-thread-1] tourGuide.service.TourGuideService       : Track Location for user internalUser9013
2022-10-02 23:12:32.456  INFO 75568 --- [pool-7-thread-1] tourGuide.service.TourGuideService       : Track Location for user internalUser9018
2022-10-02 23:12:32.456  INFO 75568 --- [pool-7-thread-1] tourGuide.service.TourGuideService       : Track Location for user internalUser9019
2022-10-02 23:12:32.456  INFO 75568 --- [pool-7-thread-1] tourGuide.service.TourGuideService       : Track Location for user internalUser9016
2022-10-02 23:12:32.456  INFO 75568 --- [pool-7-thread-1] tourGuide.service.TourGuideService       : Track Location for user internalUser9017
2022-10-02 23:12:32.457  INFO 75568 --- [pool-7-thread-1] tourGuide.service.TourGuideService       : Track Location for user internalUser9021
2022-10-02 23:12:32.457  INFO 75568 --- [pool-7-thread-1] tourGuide.service.TourGuideService       : Track Location for user internalUser9022
2022-10-02 23:12:32.457  INFO 75568 --- [pool-7-thread-1] tourGuide.service.TourGuideService       : Track Location for user internalUser9020
2022-10-02 23:12:32.457  INFO 75568 --- [pool-7-thread-1] tourGuide.service.TourGuideService       : Track Location for user internalUser4172
2022-10-02 23:12:32.457  INFO 75568 --- [pool-7-thread-1] tourGuide.service.TourGuideService       : Track Location for user internalUser4173
2022-10-02 23:12:32.457  INFO 75568 --- [pool-7-thread-1] tourGuide.service.TourGuideService       : Track Location for user internalUser4174
2022-10-02 23:12:32.457  INFO 75568 --- [pool-7-thread-1] tourGuide.service.TourGuideService       : Track Location for user internalUser4175
2022-10-02 23:12:32.457  INFO 75568 --- [pool-7-thread-1] tourGuide.service.TourGuideService       : Track Location for user internalUser4176
2022-10-02 23:12:32.457  INFO 75568 --- [pool-7-thread-1] tourGuide.service.TourGuideService       : Track Location for user internalUser4177
2022-10-02 23:12:32.457  INFO 75568 --- [pool-7-thread-1] tourGuide.service.TourGuideService       : Track Location for user internalUser4178
2022-10-02 23:12:32.458  INFO 75568 --- [pool-7-thread-1] tourGuide.service.TourGuideService       : Track Location for user internalUser4179
2022-10-02 23:12:32.458  INFO 75568 --- [pool-7-thread-1] tourGuide.service.TourGuideService       : Track Location for user internalUser1907
2022-10-02 23:12:32.458  INFO 75568 --- [pool-7-thread-1] tourGuide.service.TourGuideService       : Track Location for user internalUser1906
2022-10-02 23:12:32.458  INFO 75568 --- [pool-7-thread-1] tourGuide.service.TourGuideService       : Track Location for user internalUser1905
2022-10-02 23:12:32.458  INFO 75568 --- [pool-7-thread-1] tourGuide.service.TourGuideService       : Track Location for user internalUser1904
2022-10-02 23:12:32.458  INFO 75568 --- [pool-7-thread-1] tourGuide.service.TourGuideService       : Track Location for user internalUser1903
2022-10-02 23:12:32.456  INFO 75568 --- [    Test worker] tourGuide.service.TourGuideService       : Track Location for user internalUser1976
2022-10-02 23:12:32.459  INFO 75568 --- [    Test worker] tourGuide.service.TourGuideService       : Track Location for user internalUser1975
2022-10-02 23:12:32.459  INFO 75568 --- [    Test worker] tourGuide.service.TourGuideService       : Track Location for user internalUser1974
2022-10-02 23:12:32.459  INFO 75568 --- [    Test worker] tourGuide.service.TourGuideService       : Track Location for user internalUser1973
2022-10-02 23:12:32.459  INFO 75568 --- [    Test worker] tourGuide.service.TourGuideService       : Track Location for user internalUser1972
2022-10-02 23:12:32.459  INFO 75568 --- [    Test worker] tourGuide.service.TourGuideService       : Track Location for user internalUser1971
2022-10-02 23:12:32.459  INFO 75568 --- [    Test worker] tourGuide.service.TourGuideService       : Track Location for user internalUser1970
2022-10-02 23:12:32.459  INFO 75568 --- [    Test worker] tourGuide.service.TourGuideService       : Track Location for user internalUser1979
2022-10-02 23:12:32.460  INFO 75568 --- [    Test worker] tourGuide.service.TourGuideService       : Track Location for user internalUser1978
2022-10-02 23:12:32.460  INFO 75568 --- [    Test worker] tourGuide.service.TourGuideService       : Track Location for user internalUser1977
2022-10-02 23:12:32.460  INFO 75568 --- [    Test worker] tourGuide.service.TourGuideService       : Track Location for user internalUser9025
2022-10-02 23:12:32.460  INFO 75568 --- [    Test worker] tourGuide.service.TourGuideService       : Track Location for user internalUser9026
2022-10-02 23:12:32.460  INFO 75568 --- [    Test worker] tourGuide.service.TourGuideService       : Track Location for user internalUser9023
2022-10-02 23:12:32.460  INFO 75568 --- [    Test worker] tourGuide.service.TourGuideService       : Track Location for user internalUser9024
2022-10-02 23:12:32.460  INFO 75568 --- [    Test worker] tourGuide.service.TourGuideService       : Track Location for user internalUser9029
2022-10-02 23:12:32.460  INFO 75568 --- [    Test worker] tourGuide.service.TourGuideService       : Track Location for user internalUser9027
2022-10-02 23:12:32.460  INFO 75568 --- [    Test worker] tourGuide.service.TourGuideService       : Track Location for user internalUser9028
2022-10-02 23:12:32.460  INFO 75568 --- [    Test worker] tourGuide.service.TourGuideService       : Track Location for user internalUser9032
2022-10-02 23:12:32.461  INFO 75568 --- [    Test worker] tourGuide.service.TourGuideService       : Track Location for user internalUser9033
2022-10-02 23:12:32.461  INFO 75568 --- [    Test worker] tourGuide.service.TourGuideService       : Track Location for user internalUser9030
2022-10-02 23:12:32.461  INFO 75568 --- [    Test worker] tourGuide.service.TourGuideService       : Track Location for user internalUser9031
2022-10-02 23:12:32.461  INFO 75568 --- [    Test worker] tourGuide.service.TourGuideService       : Track Location for user internalUser9036
2022-10-02 23:12:32.461  INFO 75568 --- [    Test worker] tourGuide.service.TourGuideService       : Track Location for user internalUser9037
2022-10-02 23:12:32.462  INFO 75568 --- [    Test worker] tourGuide.service.TourGuideService       : Track Location for user internalUser9034
2022-10-02 23:12:32.462  INFO 75568 --- [    Test worker] tourGuide.service.TourGuideService       : Track Location for user internalUser9035
2022-10-02 23:12:32.462  INFO 75568 --- [    Test worker] tourGuide.service.TourGuideService       : Track Location for user internalUser9038
2022-10-02 23:12:32.462  INFO 75568 --- [    Test worker] tourGuide.service.TourGuideService       : Track Location for user internalUser9039
2022-10-02 23:12:32.462  INFO 75568 --- [    Test worker] tourGuide.service.TourGuideService       : Track Location for user internalUser9040
2022-10-02 23:12:32.462  INFO 75568 --- [    Test worker] tourGuide.service.TourGuideService       : Track Location for user internalUser9043
2022-10-02 23:12:32.462  INFO 75568 --- [    Test worker] tourGuide.service.TourGuideService       : Track Location for user internalUser9044
2022-10-02 23:12:32.463  INFO 75568 --- [    Test worker] tourGuide.service.TourGuideService       : Track Location for user internalUser9041
2022-10-02 23:12:32.463  INFO 75568 --- [    Test worker] tourGuide.service.TourGuideService       : Track Location for user internalUser9042
2022-10-02 23:12:32.463  INFO 75568 --- [    Test worker] tourGuide.service.TourGuideService       : Track Location for user internalUser9009
2022-10-02 23:12:32.463  INFO 75568 --- [    Test worker] tourGuide.service.TourGuideService       : Track Location for user internalUser9003
2022-10-02 23:12:32.463  INFO 75568 --- [    Test worker] tourGuide.service.TourGuideService       : Track Location for user internalUser9004
2022-10-02 23:12:32.463  INFO 75568 --- [    Test worker] tourGuide.service.TourGuideService       : Track Location for user internalUser9001
2022-10-02 23:12:32.463  INFO 75568 --- [    Test worker] tourGuide.service.TourGuideService       : Track Location for user internalUser9002
2022-10-02 23:12:32.463  INFO 75568 --- [    Test worker] tourGuide.service.TourGuideService       : Track Location for user internalUser9007
2022-10-02 23:12:32.464  INFO 75568 --- [    Test worker] tourGuide.service.TourGuideService       : Track Location for user internalUser9008
2022-10-02 23:12:32.464  INFO 75568 --- [    Test worker] tourGuide.service.TourGuideService       : Track Location for user internalUser9005
2022-10-02 23:12:32.464  INFO 75568 --- [    Test worker] tourGuide.service.TourGuideService       : Track Location for user internalUser9006
2022-10-02 23:12:32.464  INFO 75568 --- [    Test worker] tourGuide.service.TourGuideService       : Track Location for user internalUser9010
2022-10-02 23:12:32.464  INFO 75568 --- [    Test worker] tourGuide.service.TourGuideService       : Track Location for user internalUser9011
2022-10-02 23:12:32.464  INFO 75568 --- [    Test worker] tourGuide.service.TourGuideService       : Track Location for user internalUser9014
2022-10-02 23:12:32.464  INFO 75568 --- [    Test worker] tourGuide.service.TourGuideService       : Track Location for user internalUser9015
2022-10-02 23:12:32.465  INFO 75568 --- [    Test worker] tourGuide.service.TourGuideService       : Track Location for user internalUser9012
2022-10-02 23:12:32.465  INFO 75568 --- [    Test worker] tourGuide.service.TourGuideService       : Track Location for user internalUser9013
2022-10-02 23:12:32.465  INFO 75568 --- [    Test worker] tourGuide.service.TourGuideService       : Track Location for user internalUser9018
2022-10-02 23:12:32.465  INFO 75568 --- [    Test worker] tourGuide.service.TourGuideService       : Track Location for user internalUser9019
2022-10-02 23:12:32.465  INFO 75568 --- [    Test worker] tourGuide.service.TourGuideService       : Track Location for user internalUser9016
2022-10-02 23:12:32.465  INFO 75568 --- [    Test worker] tourGuide.service.TourGuideService       : Track Location for user internalUser9017
2022-10-02 23:12:32.465  INFO 75568 --- [    Test worker] tourGuide.service.TourGuideService       : Track Location for user internalUser9021
2022-10-02 23:12:32.465  INFO 75568 --- [    Test worker] tourGuide.service.TourGuideService       : Track Location for user internalUser9022
2022-10-02 23:12:32.465  INFO 75568 --- [    Test worker] tourGuide.service.TourGuideService       : Track Location for user internalUser9020
2022-10-02 23:12:32.466  INFO 75568 --- [    Test worker] tourGuide.service.TourGuideService       : Track Location for user internalUser4172
2022-10-02 23:12:32.467  INFO 75568 --- [    Test worker] tourGuide.service.TourGuideService       : Track Location for user internalUser4173
2022-10-02 23:12:32.467  INFO 75568 --- [    Test worker] tourGuide.service.TourGuideService       : Track Location for user internalUser4174
2022-10-02 23:12:32.468  INFO 75568 --- [pool-7-thread-1] tourGuide.service.TourGuideService       : Track Location for user internalUser1902
2022-10-02 23:12:32.468  INFO 75568 --- [pool-7-thread-1] tourGuide.service.TourGuideService       : Track Location for user internalUser4180
2022-10-02 23:12:32.468  INFO 75568 --- [pool-7-thread-1] tourGuide.service.TourGuideService       : Track Location for user internalUser1901
2022-10-02 23:12:32.468  INFO 75568 --- [pool-7-thread-1] tourGuide.service.TourGuideService       : Track Location for user internalUser4181
2022-10-02 23:12:32.468  INFO 75568 --- [pool-7-thread-1] tourGuide.service.TourGuideService       : Track Location for user internalUser1900
2022-10-02 23:12:32.468  INFO 75568 --- [pool-7-thread-1] tourGuide.service.TourGuideService       : Track Location for user internalUser4182
2022-10-02 23:12:32.468  INFO 75568 --- [pool-7-thread-1] tourGuide.service.TourGuideService       : Track Location for user internalUser1909
2022-10-02 23:12:32.468  INFO 75568 --- [pool-7-thread-1] tourGuide.service.TourGuideService       : Track Location for user internalUser1908
2022-10-02 23:12:32.469  INFO 75568 --- [pool-7-thread-1] tourGuide.service.TourGuideService       : Track Location for user internalUser1910
2022-10-02 23:12:32.469  INFO 75568 --- [pool-7-thread-1] tourGuide.service.TourGuideService       : Track Location for user internalUser4183
2022-10-02 23:12:32.469  INFO 75568 --- [pool-7-thread-1] tourGuide.service.TourGuideService       : Track Location for user internalUser4184
2022-10-02 23:12:32.469  INFO 75568 --- [pool-7-thread-1] tourGuide.service.TourGuideService       : Track Location for user internalUser4185
2022-10-02 23:12:32.469  INFO 75568 --- [pool-7-thread-1] tourGuide.service.TourGuideService       : Track Location for user internalUser4186
2022-10-02 23:12:32.469  INFO 75568 --- [pool-7-thread-1] tourGuide.service.TourGuideService       : Track Location for user internalUser4187
2022-10-02 23:12:32.469  INFO 75568 --- [pool-7-thread-1] tourGuide.service.TourGuideService       : Track Location for user internalUser4188
2022-10-02 23:12:32.469  INFO 75568 --- [pool-7-thread-1] tourGuide.service.TourGuideService       : Track Location for user internalUser4189
2022-10-02 23:12:32.470  INFO 75568 --- [pool-7-thread-1] tourGuide.service.TourGuideService       : Track Location for user internalUser1918
2022-10-02 23:12:32.470  INFO 75568 --- [pool-7-thread-1] tourGuide.service.TourGuideService       : Track Location for user internalUser1917
2022-10-02 23:12:32.470  INFO 75568 --- [pool-7-thread-1] tourGuide.service.TourGuideService       : Track Location for user internalUser1916
2022-10-02 23:12:32.470  INFO 75568 --- [pool-7-thread-1] tourGuide.service.TourGuideService       : Track Location for user internalUser1915
2022-10-02 23:12:32.470  INFO 75568 --- [pool-7-thread-1] tourGuide.service.TourGuideService       : Track Location for user internalUser1914
2022-10-02 23:12:32.470  INFO 75568 --- [pool-7-thread-1] tourGuide.service.TourGuideService       : Track Location for user internalUser4190
2022-10-02 23:12:32.470  INFO 75568 --- [pool-7-thread-1] tourGuide.service.TourGuideService       : Track Location for user internalUser1913
2022-10-02 23:12:32.470  INFO 75568 --- [pool-7-thread-1] tourGuide.service.TourGuideService       : Track Location for user internalUser4191
2022-10-02 23:12:32.471  INFO 75568 --- [pool-7-thread-1] tourGuide.service.TourGuideService       : Track Location for user internalUser1912
2022-10-02 23:12:32.471  INFO 75568 --- [pool-7-thread-1] tourGuide.service.TourGuideService       : Track Location for user internalUser4192
2022-10-02 23:12:32.472  INFO 75568 --- [pool-7-thread-1] tourGuide.service.TourGuideService       : Track Location for user internalUser1911
2022-10-02 23:12:32.472  INFO 75568 --- [    Test worker] tourGuide.service.TourGuideService       : Track Location for user internalUser4175
2022-10-02 23:12:32.472  INFO 75568 --- [pool-7-thread-1] tourGuide.service.TourGuideService       : Track Location for user internalUser4193
2022-10-02 23:12:32.472  INFO 75568 --- [pool-7-thread-1] tourGuide.service.TourGuideService       : Track Location for user internalUser1919
2022-10-02 23:12:32.472  INFO 75568 --- [    Test worker] tourGuide.service.TourGuideService       : Track Location for user internalUser4176
2022-10-02 23:12:32.472  INFO 75568 --- [pool-7-thread-1] tourGuide.service.TourGuideService       : Track Location for user internalUser4158
2022-10-02 23:12:32.472  INFO 75568 --- [    Test worker] tourGuide.service.TourGuideService       : Track Location for user internalUser4177
2022-10-02 23:12:32.473  INFO 75568 --- [pool-7-thread-1] tourGuide.service.TourGuideService       : Track Location for user internalUser4159
2022-10-02 23:12:32.473  INFO 75568 --- [    Test worker] tourGuide.service.TourGuideService       : Track Location for user internalUser4178
2022-10-02 23:12:32.473  INFO 75568 --- [pool-7-thread-1] tourGuide.service.TourGuideService       : Track Location for user internalUser5489
2022-10-02 23:12:32.473  INFO 75568 --- [    Test worker] tourGuide.service.TourGuideService       : Track Location for user internalUser4179
2022-10-02 23:12:32.473  INFO 75568 --- [pool-7-thread-1] tourGuide.service.TourGuideService       : Track Location for user internalUser4150
2022-10-02 23:12:32.473  INFO 75568 --- [    Test worker] tourGuide.service.TourGuideService       : Track Location for user internalUser1907
2022-10-02 23:12:32.473  INFO 75568 --- [pool-7-thread-1] tourGuide.service.TourGuideService       : Track Location for user internalUser5482
2022-10-02 23:12:32.473  INFO 75568 --- [    Test worker] tourGuide.service.TourGuideService       : Track Location for user internalUser1906
2022-10-02 23:12:32.473  INFO 75568 --- [pool-7-thread-1] tourGuide.service.TourGuideService       : Track Location for user internalUser4151
2022-10-02 23:12:32.473  INFO 75568 --- [    Test worker] tourGuide.service.TourGuideService       : Track Location for user internalUser1905
2022-10-02 23:12:32.473  INFO 75568 --- [pool-7-thread-1] tourGuide.service.TourGuideService       : Track Location for user internalUser5481
2022-10-02 23:12:32.473  INFO 75568 --- [    Test worker] tourGuide.service.TourGuideService       : Track Location for user internalUser1904
2022-10-02 23:12:32.473  INFO 75568 --- [pool-7-thread-1] tourGuide.service.TourGuideService       : Track Location for user internalUser4152
2022-10-02 23:12:32.473  INFO 75568 --- [    Test worker] tourGuide.service.TourGuideService       : Track Location for user internalUser1903
2022-10-02 23:12:32.474  INFO 75568 --- [pool-7-thread-1] tourGuide.service.TourGuideService       : Track Location for user internalUser5484
2022-10-02 23:12:32.474  INFO 75568 --- [    Test worker] tourGuide.service.TourGuideService       : Track Location for user internalUser1902
2022-10-02 23:12:32.474  INFO 75568 --- [pool-7-thread-1] tourGuide.service.TourGuideService       : Track Location for user internalUser4153
2022-10-02 23:12:32.474  INFO 75568 --- [    Test worker] tourGuide.service.TourGuideService       : Track Location for user internalUser4180
2022-10-02 23:12:32.474  INFO 75568 --- [pool-7-thread-1] tourGuide.service.TourGuideService       : Track Location for user internalUser5483
2022-10-02 23:12:32.474  INFO 75568 --- [pool-7-thread-1] tourGuide.service.TourGuideService       : Track Location for user internalUser4154
2022-10-02 23:12:32.474  INFO 75568 --- [pool-7-thread-1] tourGuide.service.TourGuideService       : Track Location for user internalUser5486
2022-10-02 23:12:32.474  INFO 75568 --- [pool-7-thread-1] tourGuide.service.TourGuideService       : Track Location for user internalUser4155
2022-10-02 23:12:32.474  INFO 75568 --- [pool-7-thread-1] tourGuide.service.TourGuideService       : Track Location for user internalUser5485
2022-10-02 23:12:32.475  INFO 75568 --- [pool-7-thread-1] tourGuide.service.TourGuideService       : Track Location for user internalUser4156
2022-10-02 23:12:32.475  INFO 75568 --- [pool-7-thread-1] tourGuide.service.TourGuideService       : Track Location for user internalUser5488
2022-10-02 23:12:32.475  INFO 75568 --- [pool-7-thread-1] tourGuide.service.TourGuideService       : Track Location for user internalUser4157
2022-10-02 23:12:32.475  INFO 75568 --- [pool-7-thread-1] tourGuide.service.TourGuideService       : Track Location for user internalUser5487
2022-10-02 23:12:32.475  INFO 75568 --- [pool-7-thread-1] tourGuide.service.TourGuideService       : Track Location for user internalUser5491
2022-10-02 23:12:32.475  INFO 75568 --- [pool-7-thread-1] tourGuide.service.TourGuideService       : Track Location for user internalUser4160
2022-10-02 23:12:32.475  INFO 75568 --- [pool-7-thread-1] tourGuide.service.TourGuideService       : Track Location for user internalUser5490
2022-10-02 23:12:32.475  INFO 75568 --- [pool-7-thread-1] tourGuide.service.TourGuideService       : Track Location for user internalUser4169
2022-10-02 23:12:32.475  INFO 75568 --- [pool-7-thread-1] tourGuide.service.TourGuideService       : Track Location for user internalUser4161
2022-10-02 23:12:32.475  INFO 75568 --- [pool-7-thread-1] tourGuide.service.TourGuideService       : Track Location for user internalUser5493
2022-10-02 23:12:32.476  INFO 75568 --- [pool-7-thread-1] tourGuide.service.TourGuideService       : Track Location for user internalUser4162
2022-10-02 23:12:32.476  INFO 75568 --- [pool-7-thread-1] tourGuide.service.TourGuideService       : Track Location for user internalUser5492
2022-10-02 23:12:32.476  INFO 75568 --- [pool-7-thread-1] tourGuide.service.TourGuideService       : Track Location for user internalUser4163
2022-10-02 23:12:32.476  INFO 75568 --- [pool-7-thread-1] tourGuide.service.TourGuideService       : Track Location for user internalUser5495
2022-10-02 23:12:32.476  INFO 75568 --- [pool-7-thread-1] tourGuide.service.TourGuideService       : Track Location for user internalUser4164
2022-10-02 23:12:32.476  INFO 75568 --- [pool-7-thread-1] tourGuide.service.TourGuideService       : Track Location for user internalUser5494
2022-10-02 23:12:32.476  INFO 75568 --- [pool-7-thread-1] tourGuide.service.TourGuideService       : Track Location for user internalUser4165
2022-10-02 23:12:32.476  INFO 75568 --- [pool-7-thread-1] tourGuide.service.TourGuideService       : Track Location for user internalUser5497
2022-10-02 23:12:32.476  INFO 75568 --- [pool-7-thread-1] tourGuide.service.TourGuideService       : Track Location for user internalUser4166
2022-10-02 23:12:32.477  INFO 75568 --- [pool-7-thread-1] tourGuide.service.TourGuideService       : Track Location for user internalUser5496
2022-10-02 23:12:32.477  INFO 75568 --- [pool-7-thread-1] tourGuide.service.TourGuideService       : Track Location for user internalUser4167
2022-10-02 23:12:32.477  INFO 75568 --- [pool-7-thread-1] tourGuide.service.TourGuideService       : Track Location for user internalUser5499
2022-10-02 23:12:32.477  INFO 75568 --- [pool-7-thread-1] tourGuide.service.TourGuideService       : Track Location for user internalUser4168
2022-10-02 23:12:32.477  INFO 75568 --- [pool-7-thread-1] tourGuide.service.TourGuideService       : Track Location for user internalUser5498
2022-10-02 23:12:32.477  INFO 75568 --- [pool-7-thread-1] tourGuide.service.TourGuideService       : Track Location for user internalUser4170
2022-10-02 23:12:32.477  INFO 75568 --- [pool-7-thread-1] tourGuide.service.TourGuideService       : Track Location for user internalUser4171
2022-10-02 23:12:32.478  INFO 75568 --- [pool-7-thread-1] tourGuide.service.TourGuideService       : Track Location for user internalUser1943
2022-10-02 23:12:32.478  INFO 75568 --- [pool-7-thread-1] tourGuide.service.TourGuideService       : Track Location for user internalUser1942
2022-10-02 23:12:32.478  INFO 75568 --- [pool-7-thread-1] tourGuide.service.TourGuideService       : Track Location for user internalUser1941
2022-10-02 23:12:32.478  INFO 75568 --- [pool-7-thread-1] tourGuide.service.TourGuideService       : Track Location for user internalUser1940
2022-10-02 23:12:32.478  INFO 75568 --- [pool-7-thread-1] tourGuide.service.TourGuideService       : Track Location for user internalUser1949
2022-10-02 23:12:32.478  INFO 75568 --- [pool-7-thread-1] tourGuide.service.TourGuideService       : Track Location for user internalUser1948
2022-10-02 23:12:32.478  INFO 75568 --- [pool-7-thread-1] tourGuide.service.TourGuideService       : Track Location for user internalUser1947
2022-10-02 23:12:32.478  INFO 75568 --- [pool-7-thread-1] tourGuide.service.TourGuideService       : Track Location for user internalUser1946
2022-10-02 23:12:32.478  INFO 75568 --- [pool-7-thread-1] tourGuide.service.TourGuideService       : Track Location for user internalUser1945
2022-10-02 23:12:32.479  INFO 75568 --- [pool-7-thread-1] tourGuide.service.TourGuideService       : Track Location for user internalUser1944
2022-10-02 23:12:32.479  INFO 75568 --- [pool-7-thread-1] tourGuide.service.TourGuideService       : Track Location for user internalUser1954
2022-10-02 23:12:32.479  INFO 75568 --- [pool-7-thread-1] tourGuide.service.TourGuideService       : Track Location for user internalUser1953
2022-10-02 23:12:32.479  INFO 75568 --- [pool-7-thread-1] tourGuide.service.TourGuideService       : Track Location for user internalUser1952
2022-10-02 23:12:32.479  INFO 75568 --- [pool-7-thread-1] tourGuide.service.TourGuideService       : Track Location for user internalUser1951
2022-10-02 23:12:32.479  INFO 75568 --- [pool-7-thread-1] tourGuide.service.TourGuideService       : Track Location for user internalUser1950
2022-10-02 23:12:32.479  INFO 75568 --- [pool-7-thread-1] tourGuide.service.TourGuideService       : Track Location for user internalUser1959
2022-10-02 23:12:32.479  INFO 75568 --- [pool-7-thread-1] tourGuide.service.TourGuideService       : Track Location for user internalUser1958
2022-10-02 23:12:32.479  INFO 75568 --- [pool-7-thread-1] tourGuide.service.TourGuideService       : Track Location for user internalUser1957
2022-10-02 23:12:32.479  INFO 75568 --- [pool-7-thread-1] tourGuide.service.TourGuideService       : Track Location for user internalUser1956
2022-10-02 23:12:32.480  INFO 75568 --- [pool-7-thread-1] tourGuide.service.TourGuideService       : Track Location for user internalUser1955
2022-10-02 23:12:32.480  INFO 75568 --- [pool-7-thread-1] tourGuide.service.TourGuideService       : Track Location for user internalUser1921
2022-10-02 23:12:32.480  INFO 75568 --- [pool-7-thread-1] tourGuide.service.TourGuideService       : Track Location for user internalUser4194
2022-10-02 23:12:32.480  INFO 75568 --- [pool-7-thread-1] tourGuide.service.TourGuideService       : Track Location for user internalUser1920
2022-10-02 23:12:32.480  INFO 75568 --- [pool-7-thread-1] tourGuide.service.TourGuideService       : Track Location for user internalUser4195
2022-10-02 23:12:32.480  INFO 75568 --- [pool-7-thread-1] tourGuide.service.TourGuideService       : Track Location for user internalUser4196
2022-10-02 23:12:32.480  INFO 75568 --- [pool-7-thread-1] tourGuide.service.TourGuideService       : Track Location for user internalUser4197
2022-10-02 23:12:32.480  INFO 75568 --- [pool-7-thread-1] tourGuide.service.TourGuideService       : Track Location for user internalUser4198
2022-10-02 23:12:32.480  INFO 75568 --- [pool-7-thread-1] tourGuide.service.TourGuideService       : Track Location for user internalUser4199
2022-10-02 23:12:32.481  INFO 75568 --- [pool-7-thread-1] tourGuide.service.TourGuideService       : Track Location for user internalUser1929
2022-10-02 23:12:32.481  INFO 75568 --- [pool-7-thread-1] tourGuide.service.TourGuideService       : Track Location for user internalUser1928
2022-10-02 23:12:32.481  INFO 75568 --- [pool-7-thread-1] tourGuide.service.TourGuideService       : Track Location for user internalUser1927
2022-10-02 23:12:32.481  INFO 75568 --- [pool-7-thread-1] tourGuide.service.TourGuideService       : Track Location for user internalUser1926
2022-10-02 23:12:32.481  INFO 75568 --- [pool-7-thread-1] tourGuide.service.TourGuideService       : Track Location for user internalUser1925
2022-10-02 23:12:32.481  INFO 75568 --- [pool-7-thread-1] tourGuide.service.TourGuideService       : Track Location for user internalUser1924
2022-10-02 23:12:32.481  INFO 75568 --- [pool-7-thread-1] tourGuide.service.TourGuideService       : Track Location for user internalUser1923
2022-10-02 23:12:32.481  INFO 75568 --- [pool-7-thread-1] tourGuide.service.TourGuideService       : Track Location for user internalUser1922
2022-10-02 23:12:32.481  INFO 75568 --- [pool-7-thread-1] tourGuide.service.TourGuideService       : Track Location for user internalUser1932
2022-10-02 23:12:32.482  INFO 75568 --- [pool-7-thread-1] tourGuide.service.TourGuideService       : Track Location for user internalUser1931
2022-10-02 23:12:32.482  INFO 75568 --- [pool-7-thread-1] tourGuide.service.TourGuideService       : Track Location for user internalUser1930
2022-10-02 23:12:32.482  INFO 75568 --- [pool-7-thread-1] tourGuide.service.TourGuideService       : Track Location for user internalUser1939
2022-10-02 23:12:32.482  INFO 75568 --- [pool-7-thread-1] tourGuide.service.TourGuideService       : Track Location for user internalUser1938
2022-10-02 23:12:32.482  INFO 75568 --- [pool-7-thread-1] tourGuide.service.TourGuideService       : Track Location for user internalUser1937
2022-10-02 23:12:32.482  INFO 75568 --- [pool-7-thread-1] tourGuide.service.TourGuideService       : Track Location for user internalUser1936
2022-10-02 23:12:32.482  INFO 75568 --- [pool-7-thread-1] tourGuide.service.TourGuideService       : Track Location for user internalUser1935
2022-10-02 23:12:32.483  INFO 75568 --- [pool-7-thread-1] tourGuide.service.TourGuideService       : Track Location for user internalUser1934
2022-10-02 23:12:32.484  INFO 75568 --- [pool-7-thread-1] tourGuide.service.TourGuideService       : Track Location for user internalUser1933
2022-10-02 23:12:32.484  INFO 75568 --- [pool-7-thread-1] tourGuide.service.TourGuideService       : Track Location for user internalUser5424
2022-10-02 23:12:32.484  INFO 75568 --- [pool-7-thread-1] tourGuide.service.TourGuideService       : Track Location for user internalUser6755
2022-10-02 23:12:32.484  INFO 75568 --- [pool-7-thread-1] tourGuide.service.TourGuideService       : Track Location for user internalUser5423
2022-10-02 23:12:32.485  INFO 75568 --- [pool-7-thread-1] tourGuide.service.TourGuideService       : Track Location for user internalUser6754
2022-10-02 23:12:32.483  INFO 75568 --- [    Test worker] tourGuide.service.TourGuideService       : Track Location for user internalUser1901
2022-10-02 23:12:32.485  INFO 75568 --- [pool-7-thread-1] tourGuide.service.TourGuideService       : Track Location for user internalUser5426
2022-10-02 23:12:32.485  INFO 75568 --- [    Test worker] tourGuide.service.TourGuideService       : Track Location for user internalUser4181
2022-10-02 23:12:32.485  INFO 75568 --- [pool-7-thread-1] tourGuide.service.TourGuideService       : Track Location for user internalUser6757
2022-10-02 23:12:32.485  INFO 75568 --- [    Test worker] tourGuide.service.TourGuideService       : Track Location for user internalUser1900
2022-10-02 23:12:32.486  INFO 75568 --- [    Test worker] tourGuide.service.TourGuideService       : Track Location for user internalUser4182
2022-10-02 23:12:32.486  INFO 75568 --- [    Test worker] tourGuide.service.TourGuideService       : Track Location for user internalUser1909
2022-10-02 23:12:32.486  INFO 75568 --- [    Test worker] tourGuide.service.TourGuideService       : Track Location for user internalUser1908
2022-10-02 23:12:32.486  INFO 75568 --- [    Test worker] tourGuide.service.TourGuideService       : Track Location for user internalUser1910
2022-10-02 23:12:32.486  INFO 75568 --- [pool-7-thread-1] tourGuide.service.TourGuideService       : Track Location for user internalUser5425
2022-10-02 23:12:32.488  INFO 75568 --- [pool-7-thread-1] tourGuide.service.TourGuideService       : Track Location for user internalUser6756
2022-10-02 23:12:32.489  INFO 75568 --- [pool-7-thread-1] tourGuide.service.TourGuideService       : Track Location for user internalUser5428
2022-10-02 23:12:32.489  INFO 75568 --- [pool-7-thread-1] tourGuide.service.TourGuideService       : Track Location for user internalUser6759
2022-10-02 23:12:32.489  INFO 75568 --- [pool-7-thread-1] tourGuide.service.TourGuideService       : Track Location for user internalUser5427
2022-10-02 23:12:32.489  INFO 75568 --- [pool-7-thread-1] tourGuide.service.TourGuideService       : Track Location for user internalUser6758
2022-10-02 23:12:32.489  INFO 75568 --- [pool-7-thread-1] tourGuide.service.TourGuideService       : Track Location for user internalUser5429
2022-10-02 23:12:32.489  INFO 75568 --- [pool-7-thread-1] tourGuide.service.TourGuideService       : Track Location for user internalUser5420
2022-10-02 23:12:32.489  INFO 75568 --- [pool-7-thread-1] tourGuide.service.TourGuideService       : Track Location for user internalUser6751
2022-10-02 23:12:32.490  INFO 75568 --- [pool-7-thread-1] tourGuide.service.TourGuideService       : Track Location for user internalUser6750
2022-10-02 23:12:32.490  INFO 75568 --- [pool-7-thread-1] tourGuide.service.TourGuideService       : Track Location for user internalUser5422
2022-10-02 23:12:32.490  INFO 75568 --- [pool-7-thread-1] tourGuide.service.TourGuideService       : Track Location for user internalUser6753
2022-10-02 23:12:32.490  INFO 75568 --- [pool-7-thread-1] tourGuide.service.TourGuideService       : Track Location for user internalUser5421
2022-10-02 23:12:32.490  INFO 75568 --- [    Test worker] tourGuide.service.TourGuideService       : Track Location for user internalUser4183
2022-10-02 23:12:32.490  INFO 75568 --- [pool-7-thread-1] tourGuide.service.TourGuideService       : Track Location for user internalUser6752
2022-10-02 23:12:32.490  INFO 75568 --- [    Test worker] tourGuide.service.TourGuideService       : Track Location for user internalUser4184
2022-10-02 23:12:32.490  INFO 75568 --- [pool-7-thread-1] tourGuide.service.TourGuideService       : Track Location for user internalUser4103
2022-10-02 23:12:32.490  INFO 75568 --- [    Test worker] tourGuide.service.TourGuideService       : Track Location for user internalUser4185
2022-10-02 23:12:32.490  INFO 75568 --- [pool-7-thread-1] tourGuide.service.TourGuideService       : Track Location for user internalUser5435
2022-10-02 23:12:32.490  INFO 75568 --- [    Test worker] tourGuide.service.TourGuideService       : Track Location for user internalUser4186
2022-10-02 23:12:32.491  INFO 75568 --- [    Test worker] tourGuide.service.TourGuideService       : Track Location for user internalUser4187
2022-10-02 23:12:32.491  INFO 75568 --- [pool-7-thread-1] tourGuide.service.TourGuideService       : Track Location for user internalUser6766
2022-10-02 23:12:32.491  INFO 75568 --- [    Test worker] tourGuide.service.TourGuideService       : Track Location for user internalUser4188
2022-10-02 23:12:32.491  INFO 75568 --- [pool-7-thread-1] tourGuide.service.TourGuideService       : Track Location for user internalUser4104
2022-10-02 23:12:32.491  INFO 75568 --- [    Test worker] tourGuide.service.TourGuideService       : Track Location for user internalUser4189
2022-10-02 23:12:32.491  INFO 75568 --- [    Test worker] tourGuide.service.TourGuideService       : Track Location for user internalUser1918
2022-10-02 23:12:32.491  INFO 75568 --- [    Test worker] tourGuide.service.TourGuideService       : Track Location for user internalUser1917
2022-10-02 23:12:32.491  INFO 75568 --- [pool-7-thread-1] tourGuide.service.TourGuideService       : Track Location for user internalUser5434
2022-10-02 23:12:32.492  INFO 75568 --- [    Test worker] tourGuide.service.TourGuideService       : Track Location for user internalUser1916
2022-10-02 23:12:32.492  INFO 75568 --- [pool-7-thread-1] tourGuide.service.TourGuideService       : Track Location for user internalUser6765
2022-10-02 23:12:32.492  INFO 75568 --- [    Test worker] tourGuide.service.TourGuideService       : Track Location for user internalUser1915
2022-10-02 23:12:32.492  INFO 75568 --- [pool-7-thread-1] tourGuide.service.TourGuideService       : Track Location for user internalUser4105
2022-10-02 23:12:32.492  INFO 75568 --- [    Test worker] tourGuide.service.TourGuideService       : Track Location for user internalUser1914
2022-10-02 23:12:32.492  INFO 75568 --- [    Test worker] tourGuide.service.TourGuideService       : Track Location for user internalUser4190
2022-10-02 23:12:32.492  INFO 75568 --- [pool-7-thread-1] tourGuide.service.TourGuideService       : Track Location for user internalUser5437
2022-10-02 23:12:32.493  INFO 75568 --- [    Test worker] tourGuide.service.TourGuideService       : Track Location for user internalUser1913
2022-10-02 23:12:32.493  INFO 75568 --- [pool-7-thread-1] tourGuide.service.TourGuideService       : Track Location for user internalUser6768
2022-10-02 23:12:32.493  INFO 75568 --- [    Test worker] tourGuide.service.TourGuideService       : Track Location for user internalUser4191
2022-10-02 23:12:32.493  INFO 75568 --- [pool-7-thread-1] tourGuide.service.TourGuideService       : Track Location for user internalUser4106
2022-10-02 23:12:32.493  INFO 75568 --- [    Test worker] tourGuide.service.TourGuideService       : Track Location for user internalUser1912
2022-10-02 23:12:32.493  INFO 75568 --- [pool-7-thread-1] tourGuide.service.TourGuideService       : Track Location for user internalUser5436
2022-10-02 23:12:32.493  INFO 75568 --- [    Test worker] tourGuide.service.TourGuideService       : Track Location for user internalUser4192
2022-10-02 23:12:32.493  INFO 75568 --- [pool-7-thread-1] tourGuide.service.TourGuideService       : Track Location for user internalUser6767
2022-10-02 23:12:32.493  INFO 75568 --- [    Test worker] tourGuide.service.TourGuideService       : Track Location for user internalUser1911
2022-10-02 23:12:32.493  INFO 75568 --- [pool-7-thread-1] tourGuide.service.TourGuideService       : Track Location for user internalUser4107
2022-10-02 23:12:32.493  INFO 75568 --- [    Test worker] tourGuide.service.TourGuideService       : Track Location for user internalUser4193
2022-10-02 23:12:32.494  INFO 75568 --- [pool-7-thread-1] tourGuide.service.TourGuideService       : Track Location for user internalUser5439
2022-10-02 23:12:32.494  INFO 75568 --- [    Test worker] tourGuide.service.TourGuideService       : Track Location for user internalUser1919
2022-10-02 23:12:32.494  INFO 75568 --- [    Test worker] tourGuide.service.TourGuideService       : Track Location for user internalUser4158
2022-10-02 23:12:32.494  INFO 75568 --- [    Test worker] tourGuide.service.TourGuideService       : Track Location for user internalUser4159
2022-10-02 23:12:32.494  INFO 75568 --- [pool-7-thread-1] tourGuide.service.TourGuideService       : Track Location for user internalUser4108
2022-10-02 23:12:32.494  INFO 75568 --- [    Test worker] tourGuide.service.TourGuideService       : Track Location for user internalUser5489
2022-10-02 23:12:32.494  INFO 75568 --- [pool-7-thread-1] tourGuide.service.TourGuideService       : Track Location for user internalUser5438
2022-10-02 23:12:32.494  INFO 75568 --- [pool-7-thread-1] tourGuide.service.TourGuideService       : Track Location for user internalUser6769
2022-10-02 23:12:32.494  INFO 75568 --- [pool-7-thread-1] tourGuide.service.TourGuideService       : Track Location for user internalUser4109
2022-10-02 23:12:32.494  INFO 75568 --- [    Test worker] tourGuide.service.TourGuideService       : Track Location for user internalUser4150
2022-10-02 23:12:32.494  INFO 75568 --- [pool-7-thread-1] tourGuide.service.TourGuideService       : Track Location for user internalUser6760
2022-10-02 23:12:32.495  INFO 75568 --- [pool-7-thread-1] tourGuide.service.TourGuideService       : Track Location for user internalUser5431
2022-10-02 23:12:32.495  INFO 75568 --- [pool-7-thread-1] tourGuide.service.TourGuideService       : Track Location for user internalUser6762
2022-10-02 23:12:32.495  INFO 75568 --- [    Test worker] tourGuide.service.TourGuideService       : Track Location for user internalUser5482
2022-10-02 23:12:32.495  INFO 75568 --- [    Test worker] tourGuide.service.TourGuideService       : Track Location for user internalUser4151
2022-10-02 23:12:32.495  INFO 75568 --- [pool-7-thread-1] tourGuide.service.TourGuideService       : Track Location for user internalUser4100
2022-10-02 23:12:32.495  INFO 75568 --- [    Test worker] tourGuide.service.TourGuideService       : Track Location for user internalUser5481
2022-10-02 23:12:32.495  INFO 75568 --- [pool-7-thread-1] tourGuide.service.TourGuideService       : Track Location for user internalUser5430
2022-10-02 23:12:32.495  INFO 75568 --- [    Test worker] tourGuide.service.TourGuideService       : Track Location for user internalUser4152
2022-10-02 23:12:32.495  INFO 75568 --- [pool-7-thread-1] tourGuide.service.TourGuideService       : Track Location for user internalUser6761
2022-10-02 23:12:32.496  INFO 75568 --- [    Test worker] tourGuide.service.TourGuideService       : Track Location for user internalUser5484
2022-10-02 23:12:32.496  INFO 75568 --- [pool-7-thread-1] tourGuide.service.TourGuideService       : Track Location for user internalUser4101
2022-10-02 23:12:32.496  INFO 75568 --- [    Test worker] tourGuide.service.TourGuideService       : Track Location for user internalUser4153
2022-10-02 23:12:32.496  INFO 75568 --- [pool-7-thread-1] tourGuide.service.TourGuideService       : Track Location for user internalUser5433
2022-10-02 23:12:32.496  INFO 75568 --- [    Test worker] tourGuide.service.TourGuideService       : Track Location for user internalUser5483
2022-10-02 23:12:32.496  INFO 75568 --- [pool-7-thread-1] tourGuide.service.TourGuideService       : Track Location for user internalUser6764
2022-10-02 23:12:32.496  INFO 75568 --- [    Test worker] tourGuide.service.TourGuideService       : Track Location for user internalUser4154
2022-10-02 23:12:32.496  INFO 75568 --- [pool-7-thread-1] tourGuide.service.TourGuideService       : Track Location for user internalUser4102
2022-10-02 23:12:32.496  INFO 75568 --- [    Test worker] tourGuide.service.TourGuideService       : Track Location for user internalUser5486
2022-10-02 23:12:32.496  INFO 75568 --- [pool-7-thread-1] tourGuide.service.TourGuideService       : Track Location for user internalUser5432
2022-10-02 23:12:32.496  INFO 75568 --- [    Test worker] tourGuide.service.TourGuideService       : Track Location for user internalUser4155
2022-10-02 23:12:32.496  INFO 75568 --- [pool-7-thread-1] tourGuide.service.TourGuideService       : Track Location for user internalUser6763
2022-10-02 23:12:32.496  INFO 75568 --- [    Test worker] tourGuide.service.TourGuideService       : Track Location for user internalUser5485
2022-10-02 23:12:32.497  INFO 75568 --- [pool-7-thread-1] tourGuide.service.TourGuideService       : Track Location for user internalUser5402
2022-10-02 23:12:32.497  INFO 75568 --- [    Test worker] tourGuide.service.TourGuideService       : Track Location for user internalUser4156
2022-10-02 23:12:32.497  INFO 75568 --- [pool-7-thread-1] tourGuide.service.TourGuideService       : Track Location for user internalUser6733
2022-10-02 23:12:32.497  INFO 75568 --- [    Test worker] tourGuide.service.TourGuideService       : Track Location for user internalUser5488
2022-10-02 23:12:32.497  INFO 75568 --- [pool-7-thread-1] tourGuide.service.TourGuideService       : Track Location for user internalUser5401
2022-10-02 23:12:32.497  INFO 75568 --- [    Test worker] tourGuide.service.TourGuideService       : Track Location for user internalUser4157
2022-10-02 23:12:32.497  INFO 75568 --- [pool-7-thread-1] tourGuide.service.TourGuideService       : Track Location for user internalUser6732
2022-10-02 23:12:32.497  INFO 75568 --- [    Test worker] tourGuide.service.TourGuideService       : Track Location for user internalUser5487
2022-10-02 23:12:32.497  INFO 75568 --- [pool-7-thread-1] tourGuide.service.TourGuideService       : Track Location for user internalUser5404
2022-10-02 23:12:32.497  INFO 75568 --- [    Test worker] tourGuide.service.TourGuideService       : Track Location for user internalUser5491
2022-10-02 23:12:32.497  INFO 75568 --- [pool-7-thread-1] tourGuide.service.TourGuideService       : Track Location for user internalUser6735
2022-10-02 23:12:32.497  INFO 75568 --- [    Test worker] tourGuide.service.TourGuideService       : Track Location for user internalUser4160
2022-10-02 23:12:32.498  INFO 75568 --- [pool-7-thread-1] tourGuide.service.TourGuideService       : Track Location for user internalUser5403
2022-10-02 23:12:32.498  INFO 75568 --- [    Test worker] tourGuide.service.TourGuideService       : Track Location for user internalUser5490
2022-10-02 23:12:32.498  INFO 75568 --- [    Test worker] tourGuide.service.TourGuideService       : Track Location for user internalUser4169
2022-10-02 23:12:32.498  INFO 75568 --- [    Test worker] tourGuide.service.TourGuideService       : Track Location for user internalUser4161
2022-10-02 23:12:32.498  INFO 75568 --- [pool-7-thread-1] tourGuide.service.TourGuideService       : Track Location for user internalUser6734
2022-10-02 23:12:32.499  INFO 75568 --- [pool-7-thread-1] tourGuide.service.TourGuideService       : Track Location for user internalUser5406
2022-10-02 23:12:32.499  INFO 75568 --- [    Test worker] tourGuide.service.TourGuideService       : Track Location for user internalUser5493
2022-10-02 23:12:32.499  INFO 75568 --- [pool-7-thread-1] tourGuide.service.TourGuideService       : Track Location for user internalUser6737
2022-10-02 23:12:32.499  INFO 75568 --- [    Test worker] tourGuide.service.TourGuideService       : Track Location for user internalUser4162
2022-10-02 23:12:32.500  INFO 75568 --- [pool-7-thread-1] tourGuide.service.TourGuideService       : Track Location for user internalUser5405
2022-10-02 23:12:32.500  INFO 75568 --- [    Test worker] tourGuide.service.TourGuideService       : Track Location for user internalUser5492
2022-10-02 23:12:32.500  INFO 75568 --- [pool-7-thread-1] tourGuide.service.TourGuideService       : Track Location for user internalUser6736
2022-10-02 23:12:32.500  INFO 75568 --- [    Test worker] tourGuide.service.TourGuideService       : Track Location for user internalUser4163
2022-10-02 23:12:32.500  INFO 75568 --- [pool-7-thread-1] tourGuide.service.TourGuideService       : Track Location for user internalUser5408
2022-10-02 23:12:32.500  INFO 75568 --- [    Test worker] tourGuide.service.TourGuideService       : Track Location for user internalUser5495
2022-10-02 23:12:32.500  INFO 75568 --- [pool-7-thread-1] tourGuide.service.TourGuideService       : Track Location for user internalUser6739
2022-10-02 23:12:32.500  INFO 75568 --- [    Test worker] tourGuide.service.TourGuideService       : Track Location for user internalUser4164
2022-10-02 23:12:32.500  INFO 75568 --- [pool-7-thread-1] tourGuide.service.TourGuideService       : Track Location for user internalUser5407
2022-10-02 23:12:32.500  INFO 75568 --- [    Test worker] tourGuide.service.TourGuideService       : Track Location for user internalUser5494
2022-10-02 23:12:32.500  INFO 75568 --- [pool-7-thread-1] tourGuide.service.TourGuideService       : Track Location for user internalUser6738
2022-10-02 23:12:32.500  INFO 75568 --- [    Test worker] tourGuide.service.TourGuideService       : Track Location for user internalUser4165
2022-10-02 23:12:32.501  INFO 75568 --- [pool-7-thread-1] tourGuide.service.TourGuideService       : Track Location for user internalUser5400
2022-10-02 23:12:32.501  INFO 75568 --- [pool-7-thread-1] tourGuide.service.TourGuideService       : Track Location for user internalUser6731
2022-10-02 23:12:32.501  INFO 75568 --- [pool-7-thread-1] tourGuide.service.TourGuideService       : Track Location for user internalUser6730
2022-10-02 23:12:32.501  INFO 75568 --- [pool-7-thread-1] tourGuide.service.TourGuideService       : Track Location for user internalUser5409
2022-10-02 23:12:32.501  INFO 75568 --- [pool-7-thread-1] tourGuide.service.TourGuideService       : Track Location for user internalUser5413
2022-10-02 23:12:32.501  INFO 75568 --- [    Test worker] tourGuide.service.TourGuideService       : Track Location for user internalUser5497
2022-10-02 23:12:32.502  INFO 75568 --- [pool-7-thread-1] tourGuide.service.TourGuideService       : Track Location for user internalUser6744
2022-10-02 23:12:32.502  INFO 75568 --- [pool-7-thread-1] tourGuide.service.TourGuideService       : Track Location for user internalUser5412
2022-10-02 23:12:32.502  INFO 75568 --- [    Test worker] tourGuide.service.TourGuideService       : Track Location for user internalUser4166
2022-10-02 23:12:32.502  INFO 75568 --- [    Test worker] tourGuide.service.TourGuideService       : Track Location for user internalUser5496
2022-10-02 23:12:32.502  INFO 75568 --- [pool-7-thread-1] tourGuide.service.TourGuideService       : Track Location for user internalUser6743
2022-10-02 23:12:32.502  INFO 75568 --- [    Test worker] tourGuide.service.TourGuideService       : Track Location for user internalUser4167
2022-10-02 23:12:32.502  INFO 75568 --- [pool-7-thread-1] tourGuide.service.TourGuideService       : Track Location for user internalUser5415
2022-10-02 23:12:32.502  INFO 75568 --- [    Test worker] tourGuide.service.TourGuideService       : Track Location for user internalUser5499
2022-10-02 23:12:32.503  INFO 75568 --- [    Test worker] tourGuide.service.TourGuideService       : Track Location for user internalUser4168
2022-10-02 23:12:32.503  INFO 75568 --- [pool-7-thread-1] tourGuide.service.TourGuideService       : Track Location for user internalUser6746
2022-10-02 23:12:32.503  INFO 75568 --- [    Test worker] tourGuide.service.TourGuideService       : Track Location for user internalUser5498
2022-10-02 23:12:32.503  INFO 75568 --- [pool-7-thread-1] tourGuide.service.TourGuideService       : Track Location for user internalUser5414
2022-10-02 23:12:32.503  INFO 75568 --- [    Test worker] tourGuide.service.TourGuideService       : Track Location for user internalUser4170
2022-10-02 23:12:32.503  INFO 75568 --- [pool-7-thread-1] tourGuide.service.TourGuideService       : Track Location for user internalUser6745
2022-10-02 23:12:32.503  INFO 75568 --- [    Test worker] tourGuide.service.TourGuideService       : Track Location for user internalUser4171
2022-10-02 23:12:32.503  INFO 75568 --- [pool-7-thread-1] tourGuide.service.TourGuideService       : Track Location for user internalUser5417
2022-10-02 23:12:32.503  INFO 75568 --- [    Test worker] tourGuide.service.TourGuideService       : Track Location for user internalUser1943
2022-10-02 23:12:32.504  INFO 75568 --- [pool-7-thread-1] tourGuide.service.TourGuideService       : Track Location for user internalUser6748
2022-10-02 23:12:32.504  INFO 75568 --- [    Test worker] tourGuide.service.TourGuideService       : Track Location for user internalUser1942
2022-10-02 23:12:32.504  INFO 75568 --- [pool-7-thread-1] tourGuide.service.TourGuideService       : Track Location for user internalUser5416
2022-10-02 23:12:32.504  INFO 75568 --- [    Test worker] tourGuide.service.TourGuideService       : Track Location for user internalUser1941
2022-10-02 23:12:32.504  INFO 75568 --- [pool-7-thread-1] tourGuide.service.TourGuideService       : Track Location for user internalUser6747
2022-10-02 23:12:32.504  INFO 75568 --- [    Test worker] tourGuide.service.TourGuideService       : Track Location for user internalUser1940
2022-10-02 23:12:32.504  INFO 75568 --- [    Test worker] tourGuide.service.TourGuideService       : Track Location for user internalUser1949
2022-10-02 23:12:32.505  INFO 75568 --- [pool-7-thread-1] tourGuide.service.TourGuideService       : Track Location for user internalUser5419
2022-10-02 23:12:32.505  INFO 75568 --- [    Test worker] tourGuide.service.TourGuideService       : Track Location for user internalUser1948
2022-10-02 23:12:32.505  INFO 75568 --- [    Test worker] tourGuide.service.TourGuideService       : Track Location for user internalUser1947
2022-10-02 23:12:32.505  INFO 75568 --- [pool-7-thread-1] tourGuide.service.TourGuideService       : Track Location for user internalUser5418
2022-10-02 23:12:32.505  INFO 75568 --- [    Test worker] tourGuide.service.TourGuideService       : Track Location for user internalUser1946
2022-10-02 23:12:32.505  INFO 75568 --- [    Test worker] tourGuide.service.TourGuideService       : Track Location for user internalUser1945
2022-10-02 23:12:32.505  INFO 75568 --- [    Test worker] tourGuide.service.TourGuideService       : Track Location for user internalUser1944
2022-10-02 23:12:32.505  INFO 75568 --- [pool-7-thread-1] tourGuide.service.TourGuideService       : Track Location for user internalUser6749
2022-10-02 23:12:32.505  INFO 75568 --- [    Test worker] tourGuide.service.TourGuideService       : Track Location for user internalUser1954
2022-10-02 23:12:32.505  INFO 75568 --- [pool-7-thread-1] tourGuide.service.TourGuideService       : Track Location for user internalUser6740
2022-10-02 23:12:32.505  INFO 75568 --- [    Test worker] tourGuide.service.TourGuideService       : Track Location for user internalUser1953
2022-10-02 23:12:32.506  INFO 75568 --- [pool-7-thread-1] tourGuide.service.TourGuideService       : Track Location for user internalUser5411
2022-10-02 23:12:32.506  INFO 75568 --- [    Test worker] tourGuide.service.TourGuideService       : Track Location for user internalUser1952
2022-10-02 23:12:32.506  INFO 75568 --- [pool-7-thread-1] tourGuide.service.TourGuideService       : Track Location for user internalUser6742
2022-10-02 23:12:32.506  INFO 75568 --- [    Test worker] tourGuide.service.TourGuideService       : Track Location for user internalUser1951
2022-10-02 23:12:32.506  INFO 75568 --- [pool-7-thread-1] tourGuide.service.TourGuideService       : Track Location for user internalUser5410
2022-10-02 23:12:32.506  INFO 75568 --- [    Test worker] tourGuide.service.TourGuideService       : Track Location for user internalUser1950
2022-10-02 23:12:32.506  INFO 75568 --- [pool-7-thread-1] tourGuide.service.TourGuideService       : Track Location for user internalUser6741
2022-10-02 23:12:32.506  INFO 75568 --- [    Test worker] tourGuide.service.TourGuideService       : Track Location for user internalUser1959
2022-10-02 23:12:32.506  INFO 75568 --- [pool-7-thread-1] tourGuide.service.TourGuideService       : Track Location for user internalUser4136
2022-10-02 23:12:32.506  INFO 75568 --- [    Test worker] tourGuide.service.TourGuideService       : Track Location for user internalUser1958
2022-10-02 23:12:32.507  INFO 75568 --- [pool-7-thread-1] tourGuide.service.TourGuideService       : Track Location for user internalUser5468
2022-10-02 23:12:32.507  INFO 75568 --- [    Test worker] tourGuide.service.TourGuideService       : Track Location for user internalUser1957
2022-10-02 23:12:32.507  INFO 75568 --- [    Test worker] tourGuide.service.TourGuideService       : Track Location for user internalUser1956
2022-10-02 23:12:32.507  INFO 75568 --- [    Test worker] tourGuide.service.TourGuideService       : Track Location for user internalUser1955
2022-10-02 23:12:32.507  INFO 75568 --- [    Test worker] tourGuide.service.TourGuideService       : Track Location for user internalUser1921
2022-10-02 23:12:32.507  INFO 75568 --- [    Test worker] tourGuide.service.TourGuideService       : Track Location for user internalUser4194
2022-10-02 23:12:32.507  INFO 75568 --- [    Test worker] tourGuide.service.TourGuideService       : Track Location for user internalUser1920
2022-10-02 23:12:32.507  INFO 75568 --- [    Test worker] tourGuide.service.TourGuideService       : Track Location for user internalUser4195
2022-10-02 23:12:32.507  INFO 75568 --- [pool-7-thread-1] tourGuide.service.TourGuideService       : Track Location for user internalUser6799
2022-10-02 23:12:32.507  INFO 75568 --- [    Test worker] tourGuide.service.TourGuideService       : Track Location for user internalUser4196
2022-10-02 23:12:32.507  INFO 75568 --- [pool-7-thread-1] tourGuide.service.TourGuideService       : Track Location for user internalUser4137
2022-10-02 23:12:32.508  INFO 75568 --- [    Test worker] tourGuide.service.TourGuideService       : Track Location for user internalUser4197
2022-10-02 23:12:32.508  INFO 75568 --- [pool-7-thread-1] tourGuide.service.TourGuideService       : Track Location for user internalUser5467
2022-10-02 23:12:32.508  INFO 75568 --- [    Test worker] tourGuide.service.TourGuideService       : Track Location for user internalUser4198
2022-10-02 23:12:32.508  INFO 75568 --- [pool-7-thread-1] tourGuide.service.TourGuideService       : Track Location for user internalUser6798
2022-10-02 23:12:32.508  INFO 75568 --- [    Test worker] tourGuide.service.TourGuideService       : Track Location for user internalUser4199
2022-10-02 23:12:32.508  INFO 75568 --- [pool-7-thread-1] tourGuide.service.TourGuideService       : Track Location for user internalUser4138
2022-10-02 23:12:32.508  INFO 75568 --- [    Test worker] tourGuide.service.TourGuideService       : Track Location for user internalUser1929
2022-10-02 23:12:32.508  INFO 75568 --- [    Test worker] tourGuide.service.TourGuideService       : Track Location for user internalUser1928
2022-10-02 23:12:32.508  INFO 75568 --- [pool-7-thread-1] tourGuide.service.TourGuideService       : Track Location for user internalUser4139
2022-10-02 23:12:32.508  INFO 75568 --- [    Test worker] tourGuide.service.TourGuideService       : Track Location for user internalUser1927
2022-10-02 23:12:32.508  INFO 75568 --- [pool-7-thread-1] tourGuide.service.TourGuideService       : Track Location for user internalUser5469
2022-10-02 23:12:32.509  INFO 75568 --- [    Test worker] tourGuide.service.TourGuideService       : Track Location for user internalUser1926
2022-10-02 23:12:32.509  INFO 75568 --- [    Test worker] tourGuide.service.TourGuideService       : Track Location for user internalUser1925
2022-10-02 23:12:32.509  INFO 75568 --- [    Test worker] tourGuide.service.TourGuideService       : Track Location for user internalUser1924
2022-10-02 23:12:32.509  INFO 75568 --- [    Test worker] tourGuide.service.TourGuideService       : Track Location for user internalUser1923
2022-10-02 23:12:32.509  INFO 75568 --- [    Test worker] tourGuide.service.TourGuideService       : Track Location for user internalUser1922
2022-10-02 23:12:32.509  INFO 75568 --- [    Test worker] tourGuide.service.TourGuideService       : Track Location for user internalUser1932
2022-10-02 23:12:32.510  INFO 75568 --- [    Test worker] tourGuide.service.TourGuideService       : Track Location for user internalUser1931
2022-10-02 23:12:32.510  INFO 75568 --- [    Test worker] tourGuide.service.TourGuideService       : Track Location for user internalUser1930
2022-10-02 23:12:32.510  INFO 75568 --- [    Test worker] tourGuide.service.TourGuideService       : Track Location for user internalUser1939
2022-10-02 23:12:32.510  INFO 75568 --- [    Test worker] tourGuide.service.TourGuideService       : Track Location for user internalUser1938
2022-10-02 23:12:32.510  INFO 75568 --- [    Test worker] tourGuide.service.TourGuideService       : Track Location for user internalUser1937
2022-10-02 23:12:32.510  INFO 75568 --- [    Test worker] tourGuide.service.TourGuideService       : Track Location for user internalUser1936
2022-10-02 23:12:32.510  INFO 75568 --- [    Test worker] tourGuide.service.TourGuideService       : Track Location for user internalUser1935
2022-10-02 23:12:32.510  INFO 75568 --- [    Test worker] tourGuide.service.TourGuideService       : Track Location for user internalUser1934
2022-10-02 23:12:32.510  INFO 75568 --- [    Test worker] tourGuide.service.TourGuideService       : Track Location for user internalUser1933
2022-10-02 23:12:32.510  INFO 75568 --- [    Test worker] tourGuide.service.TourGuideService       : Track Location for user internalUser5424
2022-10-02 23:12:32.511  INFO 75568 --- [    Test worker] tourGuide.service.TourGuideService       : Track Location for user internalUser6755
2022-10-02 23:12:32.511  INFO 75568 --- [    Test worker] tourGuide.service.TourGuideService       : Track Location for user internalUser5423
2022-10-02 23:12:32.511  INFO 75568 --- [    Test worker] tourGuide.service.TourGuideService       : Track Location for user internalUser6754
2022-10-02 23:12:32.511  INFO 75568 --- [pool-7-thread-1] tourGuide.service.TourGuideService       : Track Location for user internalUser5460
2022-10-02 23:12:32.511  INFO 75568 --- [    Test worker] tourGuide.service.TourGuideService       : Track Location for user internalUser5426
2022-10-02 23:12:32.511  INFO 75568 --- [    Test worker] tourGuide.service.TourGuideService       : Track Location for user internalUser6757
2022-10-02 23:12:32.511  INFO 75568 --- [    Test worker] tourGuide.service.TourGuideService       : Track Location for user internalUser5425
2022-10-02 23:12:32.511  INFO 75568 --- [    Test worker] tourGuide.service.TourGuideService       : Track Location for user internalUser6756
2022-10-02 23:12:32.512  INFO 75568 --- [    Test worker] tourGuide.service.TourGuideService       : Track Location for user internalUser5428
2022-10-02 23:12:32.512  INFO 75568 --- [    Test worker] tourGuide.service.TourGuideService       : Track Location for user internalUser6759
2022-10-02 23:12:32.512  INFO 75568 --- [pool-7-thread-1] tourGuide.service.TourGuideService       : Track Location for user internalUser6791
2022-10-02 23:12:32.513  INFO 75568 --- [pool-7-thread-1] tourGuide.service.TourGuideService       : Track Location for user internalUser6790
2022-10-02 23:12:32.513  INFO 75568 --- [    Test worker] tourGuide.service.TourGuideService       : Track Location for user internalUser5427
2022-10-02 23:12:32.513  INFO 75568 --- [pool-7-thread-1] tourGuide.service.TourGuideService       : Track Location for user internalUser4130
2022-10-02 23:12:32.513  INFO 75568 --- [    Test worker] tourGuide.service.TourGuideService       : Track Location for user internalUser6758
2022-10-02 23:12:32.513  INFO 75568 --- [pool-7-thread-1] tourGuide.service.TourGuideService       : Track Location for user internalUser5462
2022-10-02 23:12:32.513  INFO 75568 --- [    Test worker] tourGuide.service.TourGuideService       : Track Location for user internalUser5429
2022-10-02 23:12:32.513  INFO 75568 --- [pool-7-thread-1] tourGuide.service.TourGuideService       : Track Location for user internalUser6793
2022-10-02 23:12:32.513  INFO 75568 --- [    Test worker] tourGuide.service.TourGuideService       : Track Location for user internalUser5420
2022-10-02 23:12:32.514  INFO 75568 --- [    Test worker] tourGuide.service.TourGuideService       : Track Location for user internalUser6751
2022-10-02 23:12:32.514  INFO 75568 --- [pool-7-thread-1] tourGuide.service.TourGuideService       : Track Location for user internalUser4131
2022-10-02 23:12:32.514  INFO 75568 --- [pool-7-thread-1] tourGuide.service.TourGuideService       : Track Location for user internalUser5461
2022-10-02 23:12:32.514  INFO 75568 --- [pool-7-thread-1] tourGuide.service.TourGuideService       : Track Location for user internalUser6792
2022-10-02 23:12:32.514  INFO 75568 --- [    Test worker] tourGuide.service.TourGuideService       : Track Location for user internalUser6750
2022-10-02 23:12:32.514  INFO 75568 --- [pool-7-thread-1] tourGuide.service.TourGuideService       : Track Location for user internalUser4132
2022-10-02 23:12:32.514  INFO 75568 --- [pool-7-thread-1] tourGuide.service.TourGuideService       : Track Location for user internalUser5464
2022-10-02 23:12:32.514  INFO 75568 --- [    Test worker] tourGuide.service.TourGuideService       : Track Location for user internalUser5422
2022-10-02 23:12:32.515  INFO 75568 --- [pool-7-thread-1] tourGuide.service.TourGuideService       : Track Location for user internalUser6795
2022-10-02 23:12:32.516  INFO 75568 --- [pool-7-thread-1] tourGuide.service.TourGuideService       : Track Location for user internalUser4133
2022-10-02 23:12:32.516  INFO 75568 --- [pool-7-thread-1] tourGuide.service.TourGuideService       : Track Location for user internalUser5463
2022-10-02 23:12:32.516  INFO 75568 --- [pool-7-thread-1] tourGuide.service.TourGuideService       : Track Location for user internalUser6794
2022-10-02 23:12:32.517  INFO 75568 --- [pool-7-thread-1] tourGuide.service.TourGuideService       : Track Location for user internalUser4134
2022-10-02 23:12:32.517  INFO 75568 --- [pool-7-thread-1] tourGuide.service.TourGuideService       : Track Location for user internalUser5466
2022-10-02 23:12:32.517  INFO 75568 --- [pool-7-thread-1] tourGuide.service.TourGuideService       : Track Location for user internalUser6797
2022-10-02 23:12:32.517  INFO 75568 --- [pool-7-thread-1] tourGuide.service.TourGuideService       : Track Location for user internalUser4135
2022-10-02 23:12:32.517  INFO 75568 --- [pool-7-thread-1] tourGuide.service.TourGuideService       : Track Location for user internalUser5465
2022-10-02 23:12:32.518  INFO 75568 --- [pool-7-thread-1] tourGuide.service.TourGuideService       : Track Location for user internalUser6796
2022-10-02 23:12:32.518  INFO 75568 --- [pool-7-thread-1] tourGuide.service.TourGuideService       : Track Location for user internalUser4147
2022-10-02 23:12:32.518  INFO 75568 --- [pool-7-thread-1] tourGuide.service.TourGuideService       : Track Location for user internalUser5479
2022-10-02 23:12:32.518  INFO 75568 --- [pool-7-thread-1] tourGuide.service.TourGuideService       : Track Location for user internalUser4148
2022-10-02 23:12:32.518  INFO 75568 --- [pool-7-thread-1] tourGuide.service.TourGuideService       : Track Location for user internalUser5478
2022-10-02 23:12:32.519  INFO 75568 --- [    Test worker] tourGuide.service.TourGuideService       : Track Location for user internalUser6753
2022-10-02 23:12:32.519  INFO 75568 --- [    Test worker] tourGuide.service.TourGuideService       : Track Location for user internalUser5421
2022-10-02 23:12:32.519  INFO 75568 --- [    Test worker] tourGuide.service.TourGuideService       : Track Location for user internalUser6752
2022-10-02 23:12:32.519  INFO 75568 --- [    Test worker] tourGuide.service.TourGuideService       : Track Location for user internalUser4103
2022-10-02 23:12:32.519  INFO 75568 --- [    Test worker] tourGuide.service.TourGuideService       : Track Location for user internalUser5435
2022-10-02 23:12:32.519  INFO 75568 --- [    Test worker] tourGuide.service.TourGuideService       : Track Location for user internalUser6766
2022-10-02 23:12:32.519  INFO 75568 --- [    Test worker] tourGuide.service.TourGuideService       : Track Location for user internalUser4104
2022-10-02 23:12:32.519  INFO 75568 --- [    Test worker] tourGuide.service.TourGuideService       : Track Location for user internalUser5434
2022-10-02 23:12:32.520  INFO 75568 --- [    Test worker] tourGuide.service.TourGuideService       : Track Location for user internalUser6765
2022-10-02 23:12:32.520  INFO 75568 --- [    Test worker] tourGuide.service.TourGuideService       : Track Location for user internalUser4105
2022-10-02 23:12:32.520  INFO 75568 --- [pool-7-thread-1] tourGuide.service.TourGuideService       : Track Location for user internalUser4149
2022-10-02 23:12:32.520  INFO 75568 --- [    Test worker] tourGuide.service.TourGuideService       : Track Location for user internalUser5437
2022-10-02 23:12:32.520  INFO 75568 --- [    Test worker] tourGuide.service.TourGuideService       : Track Location for user internalUser6768
2022-10-02 23:12:32.520  INFO 75568 --- [    Test worker] tourGuide.service.TourGuideService       : Track Location for user internalUser4106
2022-10-02 23:12:32.520  INFO 75568 --- [    Test worker] tourGuide.service.TourGuideService       : Track Location for user internalUser5436
2022-10-02 23:12:32.520  INFO 75568 --- [    Test worker] tourGuide.service.TourGuideService       : Track Location for user internalUser6767
2022-10-02 23:12:32.520  INFO 75568 --- [    Test worker] tourGuide.service.TourGuideService       : Track Location for user internalUser4107
2022-10-02 23:12:32.521  INFO 75568 --- [    Test worker] tourGuide.service.TourGuideService       : Track Location for user internalUser5439
2022-10-02 23:12:32.524  INFO 75568 --- [pool-7-thread-1] tourGuide.service.TourGuideService       : Track Location for user internalUser5471
2022-10-02 23:12:32.525  INFO 75568 --- [    Test worker] tourGuide.service.TourGuideService       : Track Location for user internalUser4108
2022-10-02 23:12:32.525  INFO 75568 --- [    Test worker] tourGuide.service.TourGuideService       : Track Location for user internalUser5438
2022-10-02 23:12:32.526  INFO 75568 --- [pool-7-thread-1] tourGuide.service.TourGuideService       : Track Location for user internalUser4140
2022-10-02 23:12:32.526  INFO 75568 --- [    Test worker] tourGuide.service.TourGuideService       : Track Location for user internalUser6769
2022-10-02 23:12:32.526  INFO 75568 --- [pool-7-thread-1] tourGuide.service.TourGuideService       : Track Location for user internalUser5470
2022-10-02 23:12:32.526  INFO 75568 --- [pool-7-thread-1] tourGuide.service.TourGuideService       : Track Location for user internalUser4141
2022-10-02 23:12:32.526  INFO 75568 --- [    Test worker] tourGuide.service.TourGuideService       : Track Location for user internalUser4109
2022-10-02 23:12:32.526  INFO 75568 --- [    Test worker] tourGuide.service.TourGuideService       : Track Location for user internalUser6760
2022-10-02 23:12:32.526  INFO 75568 --- [pool-7-thread-1] tourGuide.service.TourGuideService       : Track Location for user internalUser5473
2022-10-02 23:12:32.526  INFO 75568 --- [    Test worker] tourGuide.service.TourGuideService       : Track Location for user internalUser5431
2022-10-02 23:12:32.527  INFO 75568 --- [    Test worker] tourGuide.service.TourGuideService       : Track Location for user internalUser6762
2022-10-02 23:12:32.527  INFO 75568 --- [pool-7-thread-1] tourGuide.service.TourGuideService       : Track Location for user internalUser4142
2022-10-02 23:12:32.527  INFO 75568 --- [    Test worker] tourGuide.service.TourGuideService       : Track Location for user internalUser4100
2022-10-02 23:12:32.527  INFO 75568 --- [    Test worker] tourGuide.service.TourGuideService       : Track Location for user internalUser5430
2022-10-02 23:12:32.527  INFO 75568 --- [pool-7-thread-1] tourGuide.service.TourGuideService       : Track Location for user internalUser5472
2022-10-02 23:12:32.527  INFO 75568 --- [    Test worker] tourGuide.service.TourGuideService       : Track Location for user internalUser6761
2022-10-02 23:12:32.527  INFO 75568 --- [pool-7-thread-1] tourGuide.service.TourGuideService       : Track Location for user internalUser4143
2022-10-02 23:12:32.527  INFO 75568 --- [    Test worker] tourGuide.service.TourGuideService       : Track Location for user internalUser4101
2022-10-02 23:12:32.527  INFO 75568 --- [pool-7-thread-1] tourGuide.service.TourGuideService       : Track Location for user internalUser5475
2022-10-02 23:12:32.527  INFO 75568 --- [    Test worker] tourGuide.service.TourGuideService       : Track Location for user internalUser5433
2022-10-02 23:12:32.527  INFO 75568 --- [pool-7-thread-1] tourGuide.service.TourGuideService       : Track Location for user internalUser4144
2022-10-02 23:12:32.528  INFO 75568 --- [    Test worker] tourGuide.service.TourGuideService       : Track Location for user internalUser6764
2022-10-02 23:12:32.528  INFO 75568 --- [pool-7-thread-1] tourGuide.service.TourGuideService       : Track Location for user internalUser5474
2022-10-02 23:12:32.528  INFO 75568 --- [    Test worker] tourGuide.service.TourGuideService       : Track Location for user internalUser4102
2022-10-02 23:12:32.528  INFO 75568 --- [pool-7-thread-1] tourGuide.service.TourGuideService       : Track Location for user internalUser4145
2022-10-02 23:12:32.528  INFO 75568 --- [    Test worker] tourGuide.service.TourGuideService       : Track Location for user internalUser5432
2022-10-02 23:12:32.528  INFO 75568 --- [pool-7-thread-1] tourGuide.service.TourGuideService       : Track Location for user internalUser5477
2022-10-02 23:12:32.528  INFO 75568 --- [    Test worker] tourGuide.service.TourGuideService       : Track Location for user internalUser6763
2022-10-02 23:12:32.528  INFO 75568 --- [pool-7-thread-1] tourGuide.service.TourGuideService       : Track Location for user internalUser4146
2022-10-02 23:12:32.528  INFO 75568 --- [    Test worker] tourGuide.service.TourGuideService       : Track Location for user internalUser5402
2022-10-02 23:12:32.528  INFO 75568 --- [pool-7-thread-1] tourGuide.service.TourGuideService       : Track Location for user internalUser5476
2022-10-02 23:12:32.529  INFO 75568 --- [    Test worker] tourGuide.service.TourGuideService       : Track Location for user internalUser6733
2022-10-02 23:12:32.529  INFO 75568 --- [pool-7-thread-1] tourGuide.service.TourGuideService       : Track Location for user internalUser5480
2022-10-02 23:12:32.529  INFO 75568 --- [    Test worker] tourGuide.service.TourGuideService       : Track Location for user internalUser5401
2022-10-02 23:12:32.529  INFO 75568 --- [pool-7-thread-1] tourGuide.service.TourGuideService       : Track Location for user internalUser4114
2022-10-02 23:12:32.529  INFO 75568 --- [    Test worker] tourGuide.service.TourGuideService       : Track Location for user internalUser6732
2022-10-02 23:12:32.530  INFO 75568 --- [pool-7-thread-1] tourGuide.service.TourGuideService       : Track Location for user internalUser5446
2022-10-02 23:12:32.530  INFO 75568 --- [pool-7-thread-1] tourGuide.service.TourGuideService       : Track Location for user internalUser6777
2022-10-02 23:12:32.530  INFO 75568 --- [    Test worker] tourGuide.service.TourGuideService       : Track Location for user internalUser5404
2022-10-02 23:12:32.530  INFO 75568 --- [pool-7-thread-1] tourGuide.service.TourGuideService       : Track Location for user internalUser4115
2022-10-02 23:12:32.530  INFO 75568 --- [    Test worker] tourGuide.service.TourGuideService       : Track Location for user internalUser6735
2022-10-02 23:12:32.530  INFO 75568 --- [pool-7-thread-1] tourGuide.service.TourGuideService       : Track Location for user internalUser5445
2022-10-02 23:12:32.530  INFO 75568 --- [    Test worker] tourGuide.service.TourGuideService       : Track Location for user internalUser5403
2022-10-02 23:12:32.530  INFO 75568 --- [pool-7-thread-1] tourGuide.service.TourGuideService       : Track Location for user internalUser6776
2022-10-02 23:12:32.530  INFO 75568 --- [    Test worker] tourGuide.service.TourGuideService       : Track Location for user internalUser6734
2022-10-02 23:12:32.531  INFO 75568 --- [pool-7-thread-1] tourGuide.service.TourGuideService       : Track Location for user internalUser4116
2022-10-02 23:12:32.531  INFO 75568 --- [    Test worker] tourGuide.service.TourGuideService       : Track Location for user internalUser5406
2022-10-02 23:12:32.531  INFO 75568 --- [pool-7-thread-1] tourGuide.service.TourGuideService       : Track Location for user internalUser5448
2022-10-02 23:12:32.531  INFO 75568 --- [    Test worker] tourGuide.service.TourGuideService       : Track Location for user internalUser6737
2022-10-02 23:12:32.531  INFO 75568 --- [pool-7-thread-1] tourGuide.service.TourGuideService       : Track Location for user internalUser6779
2022-10-02 23:12:32.531  INFO 75568 --- [    Test worker] tourGuide.service.TourGuideService       : Track Location for user internalUser5405
2022-10-02 23:12:32.531  INFO 75568 --- [pool-7-thread-1] tourGuide.service.TourGuideService       : Track Location for user internalUser4117
2022-10-02 23:12:32.531  INFO 75568 --- [    Test worker] tourGuide.service.TourGuideService       : Track Location for user internalUser6736
2022-10-02 23:12:32.531  INFO 75568 --- [pool-7-thread-1] tourGuide.service.TourGuideService       : Track Location for user internalUser5447
2022-10-02 23:12:32.531  INFO 75568 --- [    Test worker] tourGuide.service.TourGuideService       : Track Location for user internalUser5408
2022-10-02 23:12:32.531  INFO 75568 --- [pool-7-thread-1] tourGuide.service.TourGuideService       : Track Location for user internalUser6778
2022-10-02 23:12:32.532  INFO 75568 --- [pool-7-thread-1] tourGuide.service.TourGuideService       : Track Location for user internalUser4118
2022-10-02 23:12:32.532  INFO 75568 --- [    Test worker] tourGuide.service.TourGuideService       : Track Location for user internalUser6739
2022-10-02 23:12:32.532  INFO 75568 --- [pool-7-thread-1] tourGuide.service.TourGuideService       : Track Location for user internalUser4119
2022-10-02 23:12:32.532  INFO 75568 --- [    Test worker] tourGuide.service.TourGuideService       : Track Location for user internalUser5407
2022-10-02 23:12:32.532  INFO 75568 --- [pool-7-thread-1] tourGuide.service.TourGuideService       : Track Location for user internalUser5449
2022-10-02 23:12:32.532  INFO 75568 --- [    Test worker] tourGuide.service.TourGuideService       : Track Location for user internalUser6738
2022-10-02 23:12:32.532  INFO 75568 --- [pool-7-thread-1] tourGuide.service.TourGuideService       : Track Location for user internalUser5440
2022-10-02 23:12:32.533  INFO 75568 --- [pool-7-thread-1] tourGuide.service.TourGuideService       : Track Location for user internalUser6771
2022-10-02 23:12:32.533  INFO 75568 --- [    Test worker] tourGuide.service.TourGuideService       : Track Location for user internalUser5400
2022-10-02 23:12:32.533  INFO 75568 --- [pool-7-thread-1] tourGuide.service.TourGuideService       : Track Location for user internalUser6770
2022-10-02 23:12:32.533  INFO 75568 --- [pool-7-thread-1] tourGuide.service.TourGuideService       : Track Location for user internalUser4110
2022-10-02 23:12:32.533  INFO 75568 --- [    Test worker] tourGuide.service.TourGuideService       : Track Location for user internalUser6731
2022-10-02 23:12:32.533  INFO 75568 --- [pool-7-thread-1] tourGuide.service.TourGuideService       : Track Location for user internalUser5442
2022-10-02 23:12:32.533  INFO 75568 --- [    Test worker] tourGuide.service.TourGuideService       : Track Location for user internalUser6730
2022-10-02 23:12:32.533  INFO 75568 --- [pool-7-thread-1] tourGuide.service.TourGuideService       : Track Location for user internalUser6773
2022-10-02 23:12:32.534  INFO 75568 --- [    Test worker] tourGuide.service.TourGuideService       : Track Location for user internalUser5409
2022-10-02 23:12:32.534  INFO 75568 --- [pool-7-thread-1] tourGuide.service.TourGuideService       : Track Location for user internalUser4111
2022-10-02 23:12:32.534  INFO 75568 --- [    Test worker] tourGuide.service.TourGuideService       : Track Location for user internalUser5413
2022-10-02 23:12:32.534  INFO 75568 --- [pool-7-thread-1] tourGuide.service.TourGuideService       : Track Location for user internalUser5441
2022-10-02 23:12:32.534  INFO 75568 --- [pool-7-thread-1] tourGuide.service.TourGuideService       : Track Location for user internalUser6772
2022-10-02 23:12:32.534  INFO 75568 --- [    Test worker] tourGuide.service.TourGuideService       : Track Location for user internalUser6744
2022-10-02 23:12:32.534  INFO 75568 --- [pool-7-thread-1] tourGuide.service.TourGuideService       : Track Location for user internalUser4112
2022-10-02 23:12:32.534  INFO 75568 --- [    Test worker] tourGuide.service.TourGuideService       : Track Location for user internalUser5412
2022-10-02 23:12:32.534  INFO 75568 --- [pool-7-thread-1] tourGuide.service.TourGuideService       : Track Location for user internalUser5444
2022-10-02 23:12:32.535  INFO 75568 --- [    Test worker] tourGuide.service.TourGuideService       : Track Location for user internalUser6743
2022-10-02 23:12:32.535  INFO 75568 --- [pool-7-thread-1] tourGuide.service.TourGuideService       : Track Location for user internalUser6775
2022-10-02 23:12:32.535  INFO 75568 --- [    Test worker] tourGuide.service.TourGuideService       : Track Location for user internalUser5415
2022-10-02 23:12:32.535  INFO 75568 --- [pool-7-thread-1] tourGuide.service.TourGuideService       : Track Location for user internalUser4113
2022-10-02 23:12:32.535  INFO 75568 --- [    Test worker] tourGuide.service.TourGuideService       : Track Location for user internalUser6746
2022-10-02 23:12:32.535  INFO 75568 --- [pool-7-thread-1] tourGuide.service.TourGuideService       : Track Location for user internalUser5443
2022-10-02 23:12:32.535  INFO 75568 --- [    Test worker] tourGuide.service.TourGuideService       : Track Location for user internalUser5414
2022-10-02 23:12:32.535  INFO 75568 --- [pool-7-thread-1] tourGuide.service.TourGuideService       : Track Location for user internalUser6774
2022-10-02 23:12:32.535  INFO 75568 --- [    Test worker] tourGuide.service.TourGuideService       : Track Location for user internalUser6745
2022-10-02 23:12:32.535  INFO 75568 --- [pool-7-thread-1] tourGuide.service.TourGuideService       : Track Location for user internalUser4125
2022-10-02 23:12:32.536  INFO 75568 --- [    Test worker] tourGuide.service.TourGuideService       : Track Location for user internalUser5417
2022-10-02 23:12:32.536  INFO 75568 --- [    Test worker] tourGuide.service.TourGuideService       : Track Location for user internalUser6748
2022-10-02 23:12:32.536  INFO 75568 --- [    Test worker] tourGuide.service.TourGuideService       : Track Location for user internalUser5416
2022-10-02 23:12:32.536  INFO 75568 --- [pool-7-thread-1] tourGuide.service.TourGuideService       : Track Location for user internalUser5457
2022-10-02 23:12:32.536  INFO 75568 --- [    Test worker] tourGuide.service.TourGuideService       : Track Location for user internalUser6747
2022-10-02 23:12:32.536  INFO 75568 --- [pool-7-thread-1] tourGuide.service.TourGuideService       : Track Location for user internalUser6788
2022-10-02 23:12:32.537  INFO 75568 --- [    Test worker] tourGuide.service.TourGuideService       : Track Location for user internalUser5419
2022-10-02 23:12:32.537  INFO 75568 --- [pool-7-thread-1] tourGuide.service.TourGuideService       : Track Location for user internalUser4126
2022-10-02 23:12:32.537  INFO 75568 --- [    Test worker] tourGuide.service.TourGuideService       : Track Location for user internalUser5418
2022-10-02 23:12:32.537  INFO 75568 --- [pool-7-thread-1] tourGuide.service.TourGuideService       : Track Location for user internalUser5456
2022-10-02 23:12:32.537  INFO 75568 --- [pool-7-thread-1] tourGuide.service.TourGuideService       : Track Location for user internalUser6787
2022-10-02 23:12:32.537  INFO 75568 --- [pool-7-thread-1] tourGuide.service.TourGuideService       : Track Location for user internalUser4127
2022-10-02 23:12:32.537  INFO 75568 --- [    Test worker] tourGuide.service.TourGuideService       : Track Location for user internalUser6749
2022-10-02 23:12:32.538  INFO 75568 --- [pool-7-thread-1] tourGuide.service.TourGuideService       : Track Location for user internalUser5459
2022-10-02 23:12:32.538  INFO 75568 --- [pool-7-thread-1] tourGuide.service.TourGuideService       : Track Location for user internalUser4128
2022-10-02 23:12:32.538  INFO 75568 --- [    Test worker] tourGuide.service.TourGuideService       : Track Location for user internalUser6740
2022-10-02 23:12:32.538  INFO 75568 --- [pool-7-thread-1] tourGuide.service.TourGuideService       : Track Location for user internalUser5458
2022-10-02 23:12:32.538  INFO 75568 --- [pool-7-thread-1] tourGuide.service.TourGuideService       : Track Location for user internalUser6789
2022-10-02 23:12:32.538  INFO 75568 --- [    Test worker] tourGuide.service.TourGuideService       : Track Location for user internalUser5411
2022-10-02 23:12:32.538  INFO 75568 --- [pool-7-thread-1] tourGuide.service.TourGuideService       : Track Location for user internalUser4129
2022-10-02 23:12:32.539  INFO 75568 --- [    Test worker] tourGuide.service.TourGuideService       : Track Location for user internalUser6742
2022-10-02 23:12:32.539  INFO 75568 --- [pool-7-thread-1] tourGuide.service.TourGuideService       : Track Location for user internalUser6780
2022-10-02 23:12:32.539  INFO 75568 --- [    Test worker] tourGuide.service.TourGuideService       : Track Location for user internalUser5410
2022-10-02 23:12:32.539  INFO 75568 --- [pool-7-thread-1] tourGuide.service.TourGuideService       : Track Location for user internalUser5451
2022-10-02 23:12:32.539  INFO 75568 --- [    Test worker] tourGuide.service.TourGuideService       : Track Location for user internalUser6741
2022-10-02 23:12:32.539  INFO 75568 --- [pool-7-thread-1] tourGuide.service.TourGuideService       : Track Location for user internalUser6782
2022-10-02 23:12:32.539  INFO 75568 --- [    Test worker] tourGuide.service.TourGuideService       : Track Location for user internalUser4136
2022-10-02 23:12:32.539  INFO 75568 --- [pool-7-thread-1] tourGuide.service.TourGuideService       : Track Location for user internalUser4120
2022-10-02 23:12:32.539  INFO 75568 --- [    Test worker] tourGuide.service.TourGuideService       : Track Location for user internalUser5468
2022-10-02 23:12:32.539  INFO 75568 --- [pool-7-thread-1] tourGuide.service.TourGuideService       : Track Location for user internalUser5450
2022-10-02 23:12:32.539  INFO 75568 --- [    Test worker] tourGuide.service.TourGuideService       : Track Location for user internalUser6799
2022-10-02 23:12:32.539  INFO 75568 --- [pool-7-thread-1] tourGuide.service.TourGuideService       : Track Location for user internalUser6781
2022-10-02 23:12:32.540  INFO 75568 --- [    Test worker] tourGuide.service.TourGuideService       : Track Location for user internalUser4137
2022-10-02 23:12:32.540  INFO 75568 --- [pool-7-thread-1] tourGuide.service.TourGuideService       : Track Location for user internalUser4121
2022-10-02 23:12:32.540  INFO 75568 --- [pool-7-thread-1] tourGuide.service.TourGuideService       : Track Location for user internalUser5453
2022-10-02 23:12:32.540  INFO 75568 --- [    Test worker] tourGuide.service.TourGuideService       : Track Location for user internalUser5467
2022-10-02 23:12:32.540  INFO 75568 --- [pool-7-thread-1] tourGuide.service.TourGuideService       : Track Location for user internalUser6784
2022-10-02 23:12:32.540  INFO 75568 --- [    Test worker] tourGuide.service.TourGuideService       : Track Location for user internalUser6798
2022-10-02 23:12:32.540  INFO 75568 --- [pool-7-thread-1] tourGuide.service.TourGuideService       : Track Location for user internalUser4122
2022-10-02 23:12:32.540  INFO 75568 --- [    Test worker] tourGuide.service.TourGuideService       : Track Location for user internalUser4138
2022-10-02 23:12:32.540  INFO 75568 --- [pool-7-thread-1] tourGuide.service.TourGuideService       : Track Location for user internalUser5452
2022-10-02 23:12:32.540  INFO 75568 --- [    Test worker] tourGuide.service.TourGuideService       : Track Location for user internalUser4139
2022-10-02 23:12:32.541  INFO 75568 --- [pool-7-thread-1] tourGuide.service.TourGuideService       : Track Location for user internalUser6783
2022-10-02 23:12:32.541  INFO 75568 --- [    Test worker] tourGuide.service.TourGuideService       : Track Location for user internalUser5469
2022-10-02 23:12:32.541  INFO 75568 --- [pool-7-thread-1] tourGuide.service.TourGuideService       : Track Location for user internalUser4123
2022-10-02 23:12:32.541  INFO 75568 --- [    Test worker] tourGuide.service.TourGuideService       : Track Location for user internalUser5460
2022-10-02 23:12:32.541  INFO 75568 --- [pool-7-thread-1] tourGuide.service.TourGuideService       : Track Location for user internalUser5455
2022-10-02 23:12:32.541  INFO 75568 --- [    Test worker] tourGuide.service.TourGuideService       : Track Location for user internalUser6791
2022-10-02 23:12:32.541  INFO 75568 --- [pool-7-thread-1] tourGuide.service.TourGuideService       : Track Location for user internalUser6786
2022-10-02 23:12:32.541  INFO 75568 --- [    Test worker] tourGuide.service.TourGuideService       : Track Location for user internalUser6790
2022-10-02 23:12:32.542  INFO 75568 --- [pool-7-thread-1] tourGuide.service.TourGuideService       : Track Location for user internalUser4124
2022-10-02 23:12:32.542  INFO 75568 --- [    Test worker] tourGuide.service.TourGuideService       : Track Location for user internalUser4130
2022-10-02 23:12:32.542  INFO 75568 --- [pool-7-thread-1] tourGuide.service.TourGuideService       : Track Location for user internalUser5454
2022-10-02 23:12:32.542  INFO 75568 --- [    Test worker] tourGuide.service.TourGuideService       : Track Location for user internalUser5462
2022-10-02 23:12:32.542  INFO 75568 --- [pool-7-thread-1] tourGuide.service.TourGuideService       : Track Location for user internalUser6785
2022-10-02 23:12:32.542  INFO 75568 --- [    Test worker] tourGuide.service.TourGuideService       : Track Location for user internalUser6793
2022-10-02 23:12:32.542  INFO 75568 --- [pool-7-thread-1] tourGuide.service.TourGuideService       : Track Location for user internalUser6711
2022-10-02 23:12:32.542  INFO 75568 --- [    Test worker] tourGuide.service.TourGuideService       : Track Location for user internalUser4131
2022-10-02 23:12:32.542  INFO 75568 --- [pool-7-thread-1] tourGuide.service.TourGuideService       : Track Location for user internalUser6710
2022-10-02 23:12:32.543  INFO 75568 --- [    Test worker] tourGuide.service.TourGuideService       : Track Location for user internalUser5461
2022-10-02 23:12:32.543  INFO 75568 --- [pool-7-thread-1] tourGuide.service.TourGuideService       : Track Location for user internalUser6713
2022-10-02 23:12:32.543  INFO 75568 --- [    Test worker] tourGuide.service.TourGuideService       : Track Location for user internalUser6792
2022-10-02 23:12:32.543  INFO 75568 --- [pool-7-thread-1] tourGuide.service.TourGuideService       : Track Location for user internalUser6712
2022-10-02 23:12:32.543  INFO 75568 --- [    Test worker] tourGuide.service.TourGuideService       : Track Location for user internalUser4132
2022-10-02 23:12:32.543  INFO 75568 --- [pool-7-thread-1] tourGuide.service.TourGuideService       : Track Location for user internalUser6715
2022-10-02 23:12:32.543  INFO 75568 --- [    Test worker] tourGuide.service.TourGuideService       : Track Location for user internalUser5464
2022-10-02 23:12:32.543  INFO 75568 --- [pool-7-thread-1] tourGuide.service.TourGuideService       : Track Location for user internalUser6714
2022-10-02 23:12:32.543  INFO 75568 --- [    Test worker] tourGuide.service.TourGuideService       : Track Location for user internalUser6795
2022-10-02 23:12:32.543  INFO 75568 --- [pool-7-thread-1] tourGuide.service.TourGuideService       : Track Location for user internalUser6717
2022-10-02 23:12:32.543  INFO 75568 --- [    Test worker] tourGuide.service.TourGuideService       : Track Location for user internalUser4133
2022-10-02 23:12:32.544  INFO 75568 --- [pool-7-thread-1] tourGuide.service.TourGuideService       : Track Location for user internalUser6716
2022-10-02 23:12:32.544  INFO 75568 --- [    Test worker] tourGuide.service.TourGuideService       : Track Location for user internalUser5463
2022-10-02 23:12:32.544  INFO 75568 --- [    Test worker] tourGuide.service.TourGuideService       : Track Location for user internalUser6794
2022-10-02 23:12:32.544  INFO 75568 --- [pool-7-thread-1] tourGuide.service.TourGuideService       : Track Location for user internalUser6719
2022-10-02 23:12:32.544  INFO 75568 --- [    Test worker] tourGuide.service.TourGuideService       : Track Location for user internalUser4134
2022-10-02 23:12:32.544  INFO 75568 --- [pool-7-thread-1] tourGuide.service.TourGuideService       : Track Location for user internalUser6718
2022-10-02 23:12:32.544  INFO 75568 --- [    Test worker] tourGuide.service.TourGuideService       : Track Location for user internalUser5466
2022-10-02 23:12:32.544  INFO 75568 --- [pool-7-thread-1] tourGuide.service.TourGuideService       : Track Location for user internalUser6722
2022-10-02 23:12:32.544  INFO 75568 --- [    Test worker] tourGuide.service.TourGuideService       : Track Location for user internalUser6797
2022-10-02 23:12:32.545  INFO 75568 --- [pool-7-thread-1] tourGuide.service.TourGuideService       : Track Location for user internalUser6721
2022-10-02 23:12:32.545  INFO 75568 --- [    Test worker] tourGuide.service.TourGuideService       : Track Location for user internalUser4135
2022-10-02 23:12:32.545  INFO 75568 --- [pool-7-thread-1] tourGuide.service.TourGuideService       : Track Location for user internalUser6724
2022-10-02 23:12:32.545  INFO 75568 --- [    Test worker] tourGuide.service.TourGuideService       : Track Location for user internalUser5465
2022-10-02 23:12:32.545  INFO 75568 --- [pool-7-thread-1] tourGuide.service.TourGuideService       : Track Location for user internalUser6723
2022-10-02 23:12:32.545  INFO 75568 --- [    Test worker] tourGuide.service.TourGuideService       : Track Location for user internalUser6796
2022-10-02 23:12:32.545  INFO 75568 --- [pool-7-thread-1] tourGuide.service.TourGuideService       : Track Location for user internalUser6726
2022-10-02 23:12:32.545  INFO 75568 --- [    Test worker] tourGuide.service.TourGuideService       : Track Location for user internalUser4147
2022-10-02 23:12:32.545  INFO 75568 --- [pool-7-thread-1] tourGuide.service.TourGuideService       : Track Location for user internalUser6725
2022-10-02 23:12:32.545  INFO 75568 --- [    Test worker] tourGuide.service.TourGuideService       : Track Location for user internalUser5479
2022-10-02 23:12:32.545  INFO 75568 --- [pool-7-thread-1] tourGuide.service.TourGuideService       : Track Location for user internalUser6728
2022-10-02 23:12:32.545  INFO 75568 --- [    Test worker] tourGuide.service.TourGuideService       : Track Location for user internalUser4148
2022-10-02 23:12:32.546  INFO 75568 --- [pool-7-thread-1] tourGuide.service.TourGuideService       : Track Location for user internalUser6727
2022-10-02 23:12:32.546  INFO 75568 --- [    Test worker] tourGuide.service.TourGuideService       : Track Location for user internalUser5478
2022-10-02 23:12:32.546  INFO 75568 --- [pool-7-thread-1] tourGuide.service.TourGuideService       : Track Location for user internalUser6720
2022-10-02 23:12:32.546  INFO 75568 --- [    Test worker] tourGuide.service.TourGuideService       : Track Location for user internalUser4149
2022-10-02 23:12:32.546  INFO 75568 --- [pool-7-thread-1] tourGuide.service.TourGuideService       : Track Location for user internalUser6729
2022-10-02 23:12:32.546  INFO 75568 --- [    Test worker] tourGuide.service.TourGuideService       : Track Location for user internalUser5471
2022-10-02 23:12:32.546  INFO 75568 --- [pool-7-thread-1] tourGuide.service.TourGuideService       : Track Location for user internalUser6700
2022-10-02 23:12:32.546  INFO 75568 --- [    Test worker] tourGuide.service.TourGuideService       : Track Location for user internalUser4140
2022-10-02 23:12:32.546  INFO 75568 --- [pool-7-thread-1] tourGuide.service.TourGuideService       : Track Location for user internalUser6702
2022-10-02 23:12:32.547  INFO 75568 --- [    Test worker] tourGuide.service.TourGuideService       : Track Location for user internalUser5470
2022-10-02 23:12:32.547  INFO 75568 --- [pool-7-thread-1] tourGuide.service.TourGuideService       : Track Location for user internalUser6701
2022-10-02 23:12:32.547  INFO 75568 --- [    Test worker] tourGuide.service.TourGuideService       : Track Location for user internalUser4141
2022-10-02 23:12:32.547  INFO 75568 --- [pool-7-thread-1] tourGuide.service.TourGuideService       : Track Location for user internalUser6704
2022-10-02 23:12:32.547  INFO 75568 --- [    Test worker] tourGuide.service.TourGuideService       : Track Location for user internalUser5473
2022-10-02 23:12:32.547  INFO 75568 --- [pool-7-thread-1] tourGuide.service.TourGuideService       : Track Location for user internalUser6703
2022-10-02 23:12:32.547  INFO 75568 --- [    Test worker] tourGuide.service.TourGuideService       : Track Location for user internalUser4142
2022-10-02 23:12:32.547  INFO 75568 --- [pool-7-thread-1] tourGuide.service.TourGuideService       : Track Location for user internalUser6706
2022-10-02 23:12:32.547  INFO 75568 --- [    Test worker] tourGuide.service.TourGuideService       : Track Location for user internalUser5472
2022-10-02 23:12:32.547  INFO 75568 --- [pool-7-thread-1] tourGuide.service.TourGuideService       : Track Location for user internalUser6705
2022-10-02 23:12:32.548  INFO 75568 --- [    Test worker] tourGuide.service.TourGuideService       : Track Location for user internalUser4143
2022-10-02 23:12:32.548  INFO 75568 --- [pool-7-thread-1] tourGuide.service.TourGuideService       : Track Location for user internalUser6708
2022-10-02 23:12:32.548  INFO 75568 --- [    Test worker] tourGuide.service.TourGuideService       : Track Location for user internalUser5475
2022-10-02 23:12:32.548  INFO 75568 --- [pool-7-thread-1] tourGuide.service.TourGuideService       : Track Location for user internalUser6707
2022-10-02 23:12:32.548  INFO 75568 --- [    Test worker] tourGuide.service.TourGuideService       : Track Location for user internalUser4144
2022-10-02 23:12:32.548  INFO 75568 --- [pool-7-thread-1] tourGuide.service.TourGuideService       : Track Location for user internalUser6709
2022-10-02 23:12:32.548  INFO 75568 --- [    Test worker] tourGuide.service.TourGuideService       : Track Location for user internalUser5474
2022-10-02 23:12:32.548  INFO 75568 --- [pool-7-thread-1] tourGuide.service.TourGuideService       : Track Location for user internalUser163
2022-10-02 23:12:32.548  INFO 75568 --- [    Test worker] tourGuide.service.TourGuideService       : Track Location for user internalUser4145
2022-10-02 23:12:32.548  INFO 75568 --- [pool-7-thread-1] tourGuide.service.TourGuideService       : Track Location for user internalUser164
2022-10-02 23:12:32.548  INFO 75568 --- [    Test worker] tourGuide.service.TourGuideService       : Track Location for user internalUser5477
2022-10-02 23:12:32.548  INFO 75568 --- [pool-7-thread-1] tourGuide.service.TourGuideService       : Track Location for user internalUser161
2022-10-02 23:12:32.548  INFO 75568 --- [    Test worker] tourGuide.service.TourGuideService       : Track Location for user internalUser4146
2022-10-02 23:12:32.549  INFO 75568 --- [pool-7-thread-1] tourGuide.service.TourGuideService       : Track Location for user internalUser162
2022-10-02 23:12:32.549  INFO 75568 --- [    Test worker] tourGuide.service.TourGuideService       : Track Location for user internalUser5476
2022-10-02 23:12:32.549  INFO 75568 --- [pool-7-thread-1] tourGuide.service.TourGuideService       : Track Location for user internalUser160
2022-10-02 23:12:32.549  INFO 75568 --- [    Test worker] tourGuide.service.TourGuideService       : Track Location for user internalUser5480
2022-10-02 23:12:32.549  INFO 75568 --- [pool-7-thread-1] tourGuide.service.TourGuideService       : Track Location for user internalUser1624
2022-10-02 23:12:32.549  INFO 75568 --- [    Test worker] tourGuide.service.TourGuideService       : Track Location for user internalUser4114
2022-10-02 23:12:32.549  INFO 75568 --- [pool-7-thread-1] tourGuide.service.TourGuideService       : Track Location for user internalUser2955
2022-10-02 23:12:32.549  INFO 75568 --- [    Test worker] tourGuide.service.TourGuideService       : Track Location for user internalUser5446
2022-10-02 23:12:32.549  INFO 75568 --- [pool-7-thread-1] tourGuide.service.TourGuideService       : Track Location for user internalUser1623
2022-10-02 23:12:32.549  INFO 75568 --- [    Test worker] tourGuide.service.TourGuideService       : Track Location for user internalUser6777
2022-10-02 23:12:32.550  INFO 75568 --- [pool-7-thread-1] tourGuide.service.TourGuideService       : Track Location for user internalUser2954
2022-10-02 23:12:32.550  INFO 75568 --- [    Test worker] tourGuide.service.TourGuideService       : Track Location for user internalUser4115
2022-10-02 23:12:32.550  INFO 75568 --- [pool-7-thread-1] tourGuide.service.TourGuideService       : Track Location for user internalUser169
2022-10-02 23:12:32.550  INFO 75568 --- [    Test worker] tourGuide.service.TourGuideService       : Track Location for user internalUser5445
2022-10-02 23:12:32.550  INFO 75568 --- [pool-7-thread-1] tourGuide.service.TourGuideService       : Track Location for user internalUser1622
2022-10-02 23:12:32.550  INFO 75568 --- [    Test worker] tourGuide.service.TourGuideService       : Track Location for user internalUser6776
2022-10-02 23:12:32.550  INFO 75568 --- [pool-7-thread-1] tourGuide.service.TourGuideService       : Track Location for user internalUser2953
2022-10-02 23:12:32.550  INFO 75568 --- [    Test worker] tourGuide.service.TourGuideService       : Track Location for user internalUser4116
2022-10-02 23:12:32.550  INFO 75568 --- [pool-7-thread-1] tourGuide.service.TourGuideService       : Track Location for user internalUser1621
2022-10-02 23:12:32.550  INFO 75568 --- [    Test worker] tourGuide.service.TourGuideService       : Track Location for user internalUser5448
2022-10-02 23:12:32.550  INFO 75568 --- [pool-7-thread-1] tourGuide.service.TourGuideService       : Track Location for user internalUser2952
2022-10-02 23:12:32.550  INFO 75568 --- [    Test worker] tourGuide.service.TourGuideService       : Track Location for user internalUser6779
2022-10-02 23:12:32.551  INFO 75568 --- [pool-7-thread-1] tourGuide.service.TourGuideService       : Track Location for user internalUser167
2022-10-02 23:12:32.551  INFO 75568 --- [    Test worker] tourGuide.service.TourGuideService       : Track Location for user internalUser4117
2022-10-02 23:12:32.551  INFO 75568 --- [pool-7-thread-1] tourGuide.service.TourGuideService       : Track Location for user internalUser1620
2022-10-02 23:12:32.551  INFO 75568 --- [    Test worker] tourGuide.service.TourGuideService       : Track Location for user internalUser5447
2022-10-02 23:12:32.551  INFO 75568 --- [pool-7-thread-1] tourGuide.service.TourGuideService       : Track Location for user internalUser2951
2022-10-02 23:12:32.551  INFO 75568 --- [    Test worker] tourGuide.service.TourGuideService       : Track Location for user internalUser6778
2022-10-02 23:12:32.551  INFO 75568 --- [pool-7-thread-1] tourGuide.service.TourGuideService       : Track Location for user internalUser168
2022-10-02 23:12:32.551  INFO 75568 --- [    Test worker] tourGuide.service.TourGuideService       : Track Location for user internalUser4118
2022-10-02 23:12:32.551  INFO 75568 --- [pool-7-thread-1] tourGuide.service.TourGuideService       : Track Location for user internalUser2950
2022-10-02 23:12:32.551  INFO 75568 --- [    Test worker] tourGuide.service.TourGuideService       : Track Location for user internalUser4119
2022-10-02 23:12:32.551  INFO 75568 --- [pool-7-thread-1] tourGuide.service.TourGuideService       : Track Location for user internalUser165
2022-10-02 23:12:32.551  INFO 75568 --- [    Test worker] tourGuide.service.TourGuideService       : Track Location for user internalUser5449
2022-10-02 23:12:32.551  INFO 75568 --- [pool-7-thread-1] tourGuide.service.TourGuideService       : Track Location for user internalUser166
2022-10-02 23:12:32.551  INFO 75568 --- [    Test worker] tourGuide.service.TourGuideService       : Track Location for user internalUser5440
2022-10-02 23:12:32.552  INFO 75568 --- [pool-7-thread-1] tourGuide.service.TourGuideService       : Track Location for user internalUser1629
2022-10-02 23:12:32.552  INFO 75568 --- [    Test worker] tourGuide.service.TourGuideService       : Track Location for user internalUser6771
2022-10-02 23:12:32.552  INFO 75568 --- [pool-7-thread-1] tourGuide.service.TourGuideService       : Track Location for user internalUser1628
2022-10-02 23:12:32.552  INFO 75568 --- [    Test worker] tourGuide.service.TourGuideService       : Track Location for user internalUser6770
2022-10-02 23:12:32.552  INFO 75568 --- [pool-7-thread-1] tourGuide.service.TourGuideService       : Track Location for user internalUser2959
2022-10-02 23:12:32.552  INFO 75568 --- [    Test worker] tourGuide.service.TourGuideService       : Track Location for user internalUser4110
2022-10-02 23:12:32.553  INFO 75568 --- [pool-7-thread-1] tourGuide.service.TourGuideService       : Track Location for user internalUser1627
2022-10-02 23:12:32.553  INFO 75568 --- [pool-7-thread-1] tourGuide.service.TourGuideService       : Track Location for user internalUser2958
2022-10-02 23:12:32.553  INFO 75568 --- [    Test worker] tourGuide.service.TourGuideService       : Track Location for user internalUser5442
2022-10-02 23:12:32.553  INFO 75568 --- [pool-7-thread-1] tourGuide.service.TourGuideService       : Track Location for user internalUser1626
2022-10-02 23:12:32.553  INFO 75568 --- [    Test worker] tourGuide.service.TourGuideService       : Track Location for user internalUser6773
2022-10-02 23:12:32.553  INFO 75568 --- [pool-7-thread-1] tourGuide.service.TourGuideService       : Track Location for user internalUser2957
2022-10-02 23:12:32.553  INFO 75568 --- [    Test worker] tourGuide.service.TourGuideService       : Track Location for user internalUser4111
2022-10-02 23:12:32.553  INFO 75568 --- [pool-7-thread-1] tourGuide.service.TourGuideService       : Track Location for user internalUser1625
2022-10-02 23:12:32.553  INFO 75568 --- [    Test worker] tourGuide.service.TourGuideService       : Track Location for user internalUser5441
2022-10-02 23:12:32.554  INFO 75568 --- [pool-7-thread-1] tourGuide.service.TourGuideService       : Track Location for user internalUser2956
2022-10-02 23:12:32.554  INFO 75568 --- [    Test worker] tourGuide.service.TourGuideService       : Track Location for user internalUser6772
2022-10-02 23:12:32.554  INFO 75568 --- [pool-7-thread-1] tourGuide.service.TourGuideService       : Track Location for user internalUser174
2022-10-02 23:12:32.554  INFO 75568 --- [    Test worker] tourGuide.service.TourGuideService       : Track Location for user internalUser4112
2022-10-02 23:12:32.554  INFO 75568 --- [pool-7-thread-1] tourGuide.service.TourGuideService       : Track Location for user internalUser175
2022-10-02 23:12:32.554  INFO 75568 --- [    Test worker] tourGuide.service.TourGuideService       : Track Location for user internalUser5444
2022-10-02 23:12:32.554  INFO 75568 --- [pool-7-thread-1] tourGuide.service.TourGuideService       : Track Location for user internalUser172
2022-10-02 23:12:32.554  INFO 75568 --- [    Test worker] tourGuide.service.TourGuideService       : Track Location for user internalUser6775
2022-10-02 23:12:32.554  INFO 75568 --- [pool-7-thread-1] tourGuide.service.TourGuideService       : Track Location for user internalUser173
2022-10-02 23:12:32.554  INFO 75568 --- [    Test worker] tourGuide.service.TourGuideService       : Track Location for user internalUser4113
2022-10-02 23:12:32.555  INFO 75568 --- [pool-7-thread-1] tourGuide.service.TourGuideService       : Track Location for user internalUser170
2022-10-02 23:12:32.555  INFO 75568 --- [pool-7-thread-1] tourGuide.service.TourGuideService       : Track Location for user internalUser171
2022-10-02 23:12:32.555  INFO 75568 --- [pool-7-thread-1] tourGuide.service.TourGuideService       : Track Location for user internalUser1635
2022-10-02 23:12:32.555  INFO 75568 --- [pool-7-thread-1] tourGuide.service.TourGuideService       : Track Location for user internalUser2966
2022-10-02 23:12:32.555  INFO 75568 --- [pool-7-thread-1] tourGuide.service.TourGuideService       : Track Location for user internalUser1634
2022-10-02 23:12:32.555  INFO 75568 --- [    Test worker] tourGuide.service.TourGuideService       : Track Location for user internalUser5443
2022-10-02 23:12:32.555  INFO 75568 --- [pool-7-thread-1] tourGuide.service.TourGuideService       : Track Location for user internalUser2965
2022-10-02 23:12:32.556  INFO 75568 --- [    Test worker] tourGuide.service.TourGuideService       : Track Location for user internalUser6774
2022-10-02 23:12:32.556  INFO 75568 --- [pool-7-thread-1] tourGuide.service.TourGuideService       : Track Location for user internalUser1633
2022-10-02 23:12:32.556  INFO 75568 --- [    Test worker] tourGuide.service.TourGuideService       : Track Location for user internalUser4125
2022-10-02 23:12:32.556  INFO 75568 --- [pool-7-thread-1] tourGuide.service.TourGuideService       : Track Location for user internalUser2964
2022-10-02 23:12:32.556  INFO 75568 --- [    Test worker] tourGuide.service.TourGuideService       : Track Location for user internalUser5457
2022-10-02 23:12:32.556  INFO 75568 --- [pool-7-thread-1] tourGuide.service.TourGuideService       : Track Location for user internalUser1632
2022-10-02 23:12:32.556  INFO 75568 --- [    Test worker] tourGuide.service.TourGuideService       : Track Location for user internalUser6788
2022-10-02 23:12:32.556  INFO 75568 --- [pool-7-thread-1] tourGuide.service.TourGuideService       : Track Location for user internalUser2963
2022-10-02 23:12:32.556  INFO 75568 --- [    Test worker] tourGuide.service.TourGuideService       : Track Location for user internalUser4126
2022-10-02 23:12:32.556  INFO 75568 --- [pool-7-thread-1] tourGuide.service.TourGuideService       : Track Location for user internalUser178
2022-10-02 23:12:32.557  INFO 75568 --- [    Test worker] tourGuide.service.TourGuideService       : Track Location for user internalUser5456
2022-10-02 23:12:32.557  INFO 75568 --- [pool-7-thread-1] tourGuide.service.TourGuideService       : Track Location for user internalUser1631
2022-10-02 23:12:32.557  INFO 75568 --- [    Test worker] tourGuide.service.TourGuideService       : Track Location for user internalUser6787
2022-10-02 23:12:32.557  INFO 75568 --- [pool-7-thread-1] tourGuide.service.TourGuideService       : Track Location for user internalUser2962
2022-10-02 23:12:32.557  INFO 75568 --- [    Test worker] tourGuide.service.TourGuideService       : Track Location for user internalUser4127
2022-10-02 23:12:32.557  INFO 75568 --- [pool-7-thread-1] tourGuide.service.TourGuideService       : Track Location for user internalUser179
2022-10-02 23:12:32.557  INFO 75568 --- [    Test worker] tourGuide.service.TourGuideService       : Track Location for user internalUser5459
2022-10-02 23:12:32.557  INFO 75568 --- [pool-7-thread-1] tourGuide.service.TourGuideService       : Track Location for user internalUser1630
2022-10-02 23:12:32.557  INFO 75568 --- [    Test worker] tourGuide.service.TourGuideService       : Track Location for user internalUser4128
2022-10-02 23:12:32.557  INFO 75568 --- [pool-7-thread-1] tourGuide.service.TourGuideService       : Track Location for user internalUser2961
2022-10-02 23:12:32.557  INFO 75568 --- [    Test worker] tourGuide.service.TourGuideService       : Track Location for user internalUser5458
2022-10-02 23:12:32.557  INFO 75568 --- [pool-7-thread-1] tourGuide.service.TourGuideService       : Track Location for user internalUser176
2022-10-02 23:12:32.557  INFO 75568 --- [    Test worker] tourGuide.service.TourGuideService       : Track Location for user internalUser6789
2022-10-02 23:12:32.558  INFO 75568 --- [pool-7-thread-1] tourGuide.service.TourGuideService       : Track Location for user internalUser2960
2022-10-02 23:12:32.558  INFO 75568 --- [    Test worker] tourGuide.service.TourGuideService       : Track Location for user internalUser4129
2022-10-02 23:12:32.558  INFO 75568 --- [pool-7-thread-1] tourGuide.service.TourGuideService       : Track Location for user internalUser177
2022-10-02 23:12:32.558  INFO 75568 --- [    Test worker] tourGuide.service.TourGuideService       : Track Location for user internalUser6780
2022-10-02 23:12:32.558  INFO 75568 --- [pool-7-thread-1] tourGuide.service.TourGuideService       : Track Location for user internalUser1639
2022-10-02 23:12:32.558  INFO 75568 --- [    Test worker] tourGuide.service.TourGuideService       : Track Location for user internalUser5451
2022-10-02 23:12:32.558  INFO 75568 --- [pool-7-thread-1] tourGuide.service.TourGuideService       : Track Location for user internalUser1638
2022-10-02 23:12:32.559  INFO 75568 --- [    Test worker] tourGuide.service.TourGuideService       : Track Location for user internalUser6782
2022-10-02 23:12:32.559  INFO 75568 --- [pool-7-thread-1] tourGuide.service.TourGuideService       : Track Location for user internalUser2969
2022-10-02 23:12:32.559  INFO 75568 --- [    Test worker] tourGuide.service.TourGuideService       : Track Location for user internalUser4120
2022-10-02 23:12:32.559  INFO 75568 --- [pool-7-thread-1] tourGuide.service.TourGuideService       : Track Location for user internalUser1637
2022-10-02 23:12:32.559  INFO 75568 --- [pool-7-thread-1] tourGuide.service.TourGuideService       : Track Location for user internalUser2968
2022-10-02 23:12:32.559  INFO 75568 --- [pool-7-thread-1] tourGuide.service.TourGuideService       : Track Location for user internalUser1636
2022-10-02 23:12:32.559  INFO 75568 --- [pool-7-thread-1] tourGuide.service.TourGuideService       : Track Location for user internalUser2967
2022-10-02 23:12:32.559  INFO 75568 --- [pool-7-thread-1] tourGuide.service.TourGuideService       : Track Location for user internalUser185
2022-10-02 23:12:32.560  INFO 75568 --- [pool-7-thread-1] tourGuide.service.TourGuideService       : Track Location for user internalUser186
2022-10-02 23:12:32.560  INFO 75568 --- [pool-7-thread-1] tourGuide.service.TourGuideService       : Track Location for user internalUser183
2022-10-02 23:12:32.560  INFO 75568 --- [pool-7-thread-1] tourGuide.service.TourGuideService       : Track Location for user internalUser184
2022-10-02 23:12:32.560  INFO 75568 --- [pool-7-thread-1] tourGuide.service.TourGuideService       : Track Location for user internalUser181
2022-10-02 23:12:32.561  INFO 75568 --- [    Test worker] tourGuide.service.TourGuideService       : Track Location for user internalUser5450
2022-10-02 23:12:32.561  INFO 75568 --- [    Test worker] tourGuide.service.TourGuideService       : Track Location for user internalUser6781
2022-10-02 23:12:32.561  INFO 75568 --- [    Test worker] tourGuide.service.TourGuideService       : Track Location for user internalUser4121
2022-10-02 23:12:32.562  INFO 75568 --- [    Test worker] tourGuide.service.TourGuideService       : Track Location for user internalUser5453
2022-10-02 23:12:32.562  INFO 75568 --- [    Test worker] tourGuide.service.TourGuideService       : Track Location for user internalUser6784
2022-10-02 23:12:32.562  INFO 75568 --- [    Test worker] tourGuide.service.TourGuideService       : Track Location for user internalUser4122
2022-10-02 23:12:32.562  INFO 75568 --- [pool-7-thread-1] tourGuide.service.TourGuideService       : Track Location for user internalUser182
2022-10-02 23:12:32.562  INFO 75568 --- [pool-7-thread-1] tourGuide.service.TourGuideService       : Track Location for user internalUser180
2022-10-02 23:12:32.562  INFO 75568 --- [    Test worker] tourGuide.service.TourGuideService       : Track Location for user internalUser5452
2022-10-02 23:12:32.563  INFO 75568 --- [    Test worker] tourGuide.service.TourGuideService       : Track Location for user internalUser6783
2022-10-02 23:12:32.563  INFO 75568 --- [    Test worker] tourGuide.service.TourGuideService       : Track Location for user internalUser4123
2022-10-02 23:12:32.563  INFO 75568 --- [    Test worker] tourGuide.service.TourGuideService       : Track Location for user internalUser5455
2022-10-02 23:12:32.563  INFO 75568 --- [    Test worker] tourGuide.service.TourGuideService       : Track Location for user internalUser6786
2022-10-02 23:12:32.563  INFO 75568 --- [pool-7-thread-1] tourGuide.service.TourGuideService       : Track Location for user internalUser1602
2022-10-02 23:12:32.564  INFO 75568 --- [    Test worker] tourGuide.service.TourGuideService       : Track Location for user internalUser4124
2022-10-02 23:12:32.564  INFO 75568 --- [pool-7-thread-1] tourGuide.service.TourGuideService       : Track Location for user internalUser2933
2022-10-02 23:12:32.564  INFO 75568 --- [pool-7-thread-1] tourGuide.service.TourGuideService       : Track Location for user internalUser1601
2022-10-02 23:12:32.564  INFO 75568 --- [pool-7-thread-1] tourGuide.service.TourGuideService       : Track Location for user internalUser2932
2022-10-02 23:12:32.564  INFO 75568 --- [pool-7-thread-1] tourGuide.service.TourGuideService       : Track Location for user internalUser1600
2022-10-02 23:12:32.564  INFO 75568 --- [pool-7-thread-1] tourGuide.service.TourGuideService       : Track Location for user internalUser2931
2022-10-02 23:12:32.565  INFO 75568 --- [pool-7-thread-1] tourGuide.service.TourGuideService       : Track Location for user internalUser2930
2022-10-02 23:12:32.565  INFO 75568 --- [pool-7-thread-1] tourGuide.service.TourGuideService       : Track Location for user internalUser189
2022-10-02 23:12:32.565  INFO 75568 --- [pool-7-thread-1] tourGuide.service.TourGuideService       : Track Location for user internalUser187
2022-10-02 23:12:32.565  INFO 75568 --- [pool-7-thread-1] tourGuide.service.TourGuideService       : Track Location for user internalUser188
2022-10-02 23:12:32.565  INFO 75568 --- [pool-7-thread-1] tourGuide.service.TourGuideService       : Track Location for user internalUser1609
2022-10-02 23:12:32.565  INFO 75568 --- [pool-7-thread-1] tourGuide.service.TourGuideService       : Track Location for user internalUser1608
2022-10-02 23:12:32.566  INFO 75568 --- [pool-7-thread-1] tourGuide.service.TourGuideService       : Track Location for user internalUser2939
2022-10-02 23:12:32.566  INFO 75568 --- [pool-7-thread-1] tourGuide.service.TourGuideService       : Track Location for user internalUser1607
2022-10-02 23:12:32.566  INFO 75568 --- [pool-7-thread-1] tourGuide.service.TourGuideService       : Track Location for user internalUser2938
2022-10-02 23:12:32.566  INFO 75568 --- [    Test worker] tourGuide.service.TourGuideService       : Track Location for user internalUser5454
2022-10-02 23:12:32.566  INFO 75568 --- [pool-7-thread-1] tourGuide.service.TourGuideService       : Track Location for user internalUser1606
2022-10-02 23:12:32.566  INFO 75568 --- [    Test worker] tourGuide.service.TourGuideService       : Track Location for user internalUser6785
2022-10-02 23:12:32.566  INFO 75568 --- [pool-7-thread-1] tourGuide.service.TourGuideService       : Track Location for user internalUser2937
2022-10-02 23:12:32.566  INFO 75568 --- [    Test worker] tourGuide.service.TourGuideService       : Track Location for user internalUser6711
2022-10-02 23:12:32.566  INFO 75568 --- [pool-7-thread-1] tourGuide.service.TourGuideService       : Track Location for user internalUser1605
2022-10-02 23:12:32.567  INFO 75568 --- [pool-7-thread-1] tourGuide.service.TourGuideService       : Track Location for user internalUser2936
2022-10-02 23:12:32.567  INFO 75568 --- [pool-7-thread-1] tourGuide.service.TourGuideService       : Track Location for user internalUser1604
2022-10-02 23:12:32.567  INFO 75568 --- [pool-7-thread-1] tourGuide.service.TourGuideService       : Track Location for user internalUser2935
2022-10-02 23:12:32.567  INFO 75568 --- [    Test worker] tourGuide.service.TourGuideService       : Track Location for user internalUser6710
2022-10-02 23:12:32.567  INFO 75568 --- [pool-7-thread-1] tourGuide.service.TourGuideService       : Track Location for user internalUser1603
2022-10-02 23:12:32.567  INFO 75568 --- [pool-7-thread-1] tourGuide.service.TourGuideService       : Track Location for user internalUser2934
2022-10-02 23:12:32.567  INFO 75568 --- [    Test worker] tourGuide.service.TourGuideService       : Track Location for user internalUser6713
2022-10-02 23:12:32.567  INFO 75568 --- [pool-7-thread-1] tourGuide.service.TourGuideService       : Track Location for user internalUser196
2022-10-02 23:12:32.567  INFO 75568 --- [    Test worker] tourGuide.service.TourGuideService       : Track Location for user internalUser6712
2022-10-02 23:12:32.567  INFO 75568 --- [pool-7-thread-1] tourGuide.service.TourGuideService       : Track Location for user internalUser197
2022-10-02 23:12:32.568  INFO 75568 --- [    Test worker] tourGuide.service.TourGuideService       : Track Location for user internalUser6715
2022-10-02 23:12:32.568  INFO 75568 --- [pool-7-thread-1] tourGuide.service.TourGuideService       : Track Location for user internalUser194
2022-10-02 23:12:32.568  INFO 75568 --- [pool-7-thread-1] tourGuide.service.TourGuideService       : Track Location for user internalUser195
2022-10-02 23:12:32.568  INFO 75568 --- [pool-7-thread-1] tourGuide.service.TourGuideService       : Track Location for user internalUser192
2022-10-02 23:12:32.568  INFO 75568 --- [    Test worker] tourGuide.service.TourGuideService       : Track Location for user internalUser6714
2022-10-02 23:12:32.568  INFO 75568 --- [pool-7-thread-1] tourGuide.service.TourGuideService       : Track Location for user internalUser193
2022-10-02 23:12:32.569  INFO 75568 --- [pool-7-thread-1] tourGuide.service.TourGuideService       : Track Location for user internalUser190
2022-10-02 23:12:32.569  INFO 75568 --- [    Test worker] tourGuide.service.TourGuideService       : Track Location for user internalUser6717
2022-10-02 23:12:32.569  INFO 75568 --- [pool-7-thread-1] tourGuide.service.TourGuideService       : Track Location for user internalUser191
2022-10-02 23:12:32.569  INFO 75568 --- [pool-7-thread-1] tourGuide.service.TourGuideService       : Track Location for user internalUser1613
2022-10-02 23:12:32.569  INFO 75568 --- [    Test worker] tourGuide.service.TourGuideService       : Track Location for user internalUser6716
2022-10-02 23:12:32.569  INFO 75568 --- [pool-7-thread-1] tourGuide.service.TourGuideService       : Track Location for user internalUser2944
2022-10-02 23:12:32.569  INFO 75568 --- [pool-7-thread-1] tourGuide.service.TourGuideService       : Track Location for user internalUser1612
2022-10-02 23:12:32.570  INFO 75568 --- [    Test worker] tourGuide.service.TourGuideService       : Track Location for user internalUser6719
2022-10-02 23:12:32.570  INFO 75568 --- [pool-7-thread-1] tourGuide.service.TourGuideService       : Track Location for user internalUser2943
2022-10-02 23:12:32.570  INFO 75568 --- [    Test worker] tourGuide.service.TourGuideService       : Track Location for user internalUser6718
2022-10-02 23:12:32.570  INFO 75568 --- [pool-7-thread-1] tourGuide.service.TourGuideService       : Track Location for user internalUser1611
2022-10-02 23:12:32.570  INFO 75568 --- [pool-7-thread-1] tourGuide.service.TourGuideService       : Track Location for user internalUser2942
2022-10-02 23:12:32.570  INFO 75568 --- [pool-7-thread-1] tourGuide.service.TourGuideService       : Track Location for user internalUser1610
2022-10-02 23:12:32.570  INFO 75568 --- [pool-7-thread-1] tourGuide.service.TourGuideService       : Track Location for user internalUser2941
2022-10-02 23:12:32.570  INFO 75568 --- [pool-7-thread-1] tourGuide.service.TourGuideService       : Track Location for user internalUser2940
2022-10-02 23:12:32.570  INFO 75568 --- [pool-7-thread-1] tourGuide.service.TourGuideService       : Track Location for user internalUser198
2022-10-02 23:12:32.570  INFO 75568 --- [pool-7-thread-1] tourGuide.service.TourGuideService       : Track Location for user internalUser199
2022-10-02 23:12:32.571  INFO 75568 --- [    Test worker] tourGuide.service.TourGuideService       : Track Location for user internalUser6722
2022-10-02 23:12:32.571  INFO 75568 --- [pool-7-thread-1] tourGuide.service.TourGuideService       : Track Location for user internalUser1619
2022-10-02 23:12:32.571  INFO 75568 --- [    Test worker] tourGuide.service.TourGuideService       : Track Location for user internalUser6721
2022-10-02 23:12:32.571  INFO 75568 --- [pool-7-thread-1] tourGuide.service.TourGuideService       : Track Location for user internalUser1618
2022-10-02 23:12:32.571  INFO 75568 --- [pool-7-thread-1] tourGuide.service.TourGuideService       : Track Location for user internalUser2949
2022-10-02 23:12:32.571  INFO 75568 --- [    Test worker] tourGuide.service.TourGuideService       : Track Location for user internalUser6724
2022-10-02 23:12:32.571  INFO 75568 --- [pool-7-thread-1] tourGuide.service.TourGuideService       : Track Location for user internalUser1617
2022-10-02 23:12:32.571  INFO 75568 --- [    Test worker] tourGuide.service.TourGuideService       : Track Location for user internalUser6723
2022-10-02 23:12:32.571  INFO 75568 --- [pool-7-thread-1] tourGuide.service.TourGuideService       : Track Location for user internalUser2948
2022-10-02 23:12:32.571  INFO 75568 --- [    Test worker] tourGuide.service.TourGuideService       : Track Location for user internalUser6726
2022-10-02 23:12:32.571  INFO 75568 --- [pool-7-thread-1] tourGuide.service.TourGuideService       : Track Location for user internalUser1616
2022-10-02 23:12:32.571  INFO 75568 --- [    Test worker] tourGuide.service.TourGuideService       : Track Location for user internalUser6725
2022-10-02 23:12:32.572  INFO 75568 --- [pool-7-thread-1] tourGuide.service.TourGuideService       : Track Location for user internalUser2947
2022-10-02 23:12:32.572  INFO 75568 --- [    Test worker] tourGuide.service.TourGuideService       : Track Location for user internalUser6728
2022-10-02 23:12:32.572  INFO 75568 --- [pool-7-thread-1] tourGuide.service.TourGuideService       : Track Location for user internalUser1615
2022-10-02 23:12:32.572  INFO 75568 --- [    Test worker] tourGuide.service.TourGuideService       : Track Location for user internalUser6727
2022-10-02 23:12:32.572  INFO 75568 --- [pool-7-thread-1] tourGuide.service.TourGuideService       : Track Location for user internalUser2946
2022-10-02 23:12:32.572  INFO 75568 --- [    Test worker] tourGuide.service.TourGuideService       : Track Location for user internalUser6720
2022-10-02 23:12:32.572  INFO 75568 --- [pool-7-thread-1] tourGuide.service.TourGuideService       : Track Location for user internalUser1614
2022-10-02 23:12:32.572  INFO 75568 --- [    Test worker] tourGuide.service.TourGuideService       : Track Location for user internalUser6729
2022-10-02 23:12:32.572  INFO 75568 --- [pool-7-thread-1] tourGuide.service.TourGuideService       : Track Location for user internalUser2945
2022-10-02 23:12:32.572  INFO 75568 --- [    Test worker] tourGuide.service.TourGuideService       : Track Location for user internalUser6700
2022-10-02 23:12:32.573  INFO 75568 --- [pool-7-thread-1] tourGuide.service.TourGuideService       : Track Location for user internalUser1660
2022-10-02 23:12:32.573  INFO 75568 --- [pool-7-thread-1] tourGuide.service.TourGuideService       : Track Location for user internalUser2991
2022-10-02 23:12:32.573  INFO 75568 --- [pool-7-thread-1] tourGuide.service.TourGuideService       : Track Location for user internalUser120
2022-10-02 23:12:32.573  INFO 75568 --- [pool-7-thread-1] tourGuide.service.TourGuideService       : Track Location for user internalUser2990
2022-10-02 23:12:32.573  INFO 75568 --- [pool-7-thread-1] tourGuide.service.TourGuideService       : Track Location for user internalUser127
2022-10-02 23:12:32.573  INFO 75568 --- [pool-7-thread-1] tourGuide.service.TourGuideService       : Track Location for user internalUser1668
2022-10-02 23:12:32.573  INFO 75568 --- [    Test worker] tourGuide.service.TourGuideService       : Track Location for user internalUser6702
2022-10-02 23:12:32.573  INFO 75568 --- [pool-7-thread-1] tourGuide.service.TourGuideService       : Track Location for user internalUser2999
2022-10-02 23:12:32.573  INFO 75568 --- [    Test worker] tourGuide.service.TourGuideService       : Track Location for user internalUser6701
2022-10-02 23:12:32.573  INFO 75568 --- [pool-7-thread-1] tourGuide.service.TourGuideService       : Track Location for user internalUser128
2022-10-02 23:12:32.573  INFO 75568 --- [    Test worker] tourGuide.service.TourGuideService       : Track Location for user internalUser6704
2022-10-02 23:12:32.574  INFO 75568 --- [pool-7-thread-1] tourGuide.service.TourGuideService       : Track Location for user internalUser1667
2022-10-02 23:12:32.574  INFO 75568 --- [    Test worker] tourGuide.service.TourGuideService       : Track Location for user internalUser6703
2022-10-02 23:12:32.574  INFO 75568 --- [pool-7-thread-1] tourGuide.service.TourGuideService       : Track Location for user internalUser2998
2022-10-02 23:12:32.574  INFO 75568 --- [    Test worker] tourGuide.service.TourGuideService       : Track Location for user internalUser6706
2022-10-02 23:12:32.575  INFO 75568 --- [pool-7-thread-1] tourGuide.service.TourGuideService       : Track Location for user internalUser125
2022-10-02 23:12:32.575  INFO 75568 --- [    Test worker] tourGuide.service.TourGuideService       : Track Location for user internalUser6705
2022-10-02 23:12:32.575  INFO 75568 --- [pool-7-thread-1] tourGuide.service.TourGuideService       : Track Location for user internalUser1666
2022-10-02 23:12:32.575  INFO 75568 --- [    Test worker] tourGuide.service.TourGuideService       : Track Location for user internalUser6708
2022-10-02 23:12:32.575  INFO 75568 --- [pool-7-thread-1] tourGuide.service.TourGuideService       : Track Location for user internalUser2997
2022-10-02 23:12:32.575  INFO 75568 --- [    Test worker] tourGuide.service.TourGuideService       : Track Location for user internalUser6707
2022-10-02 23:12:32.576  INFO 75568 --- [pool-7-thread-1] tourGuide.service.TourGuideService       : Track Location for user internalUser126
2022-10-02 23:12:32.576  INFO 75568 --- [    Test worker] tourGuide.service.TourGuideService       : Track Location for user internalUser6709
2022-10-02 23:12:32.576  INFO 75568 --- [pool-7-thread-1] tourGuide.service.TourGuideService       : Track Location for user internalUser1665
2022-10-02 23:12:32.576  INFO 75568 --- [pool-7-thread-1] tourGuide.service.TourGuideService       : Track Location for user internalUser2996
2022-10-02 23:12:32.576  INFO 75568 --- [    Test worker] tourGuide.service.TourGuideService       : Track Location for user internalUser163
2022-10-02 23:12:32.576  INFO 75568 --- [    Test worker] tourGuide.service.TourGuideService       : Track Location for user internalUser164
2022-10-02 23:12:32.576  INFO 75568 --- [pool-7-thread-1] tourGuide.service.TourGuideService       : Track Location for user internalUser123
2022-10-02 23:12:32.576  INFO 75568 --- [    Test worker] tourGuide.service.TourGuideService       : Track Location for user internalUser161
2022-10-02 23:12:32.577  INFO 75568 --- [pool-7-thread-1] tourGuide.service.TourGuideService       : Track Location for user internalUser1664
2022-10-02 23:12:32.577  INFO 75568 --- [    Test worker] tourGuide.service.TourGuideService       : Track Location for user internalUser162
2022-10-02 23:12:32.577  INFO 75568 --- [pool-7-thread-1] tourGuide.service.TourGuideService       : Track Location for user internalUser2995
2022-10-02 23:12:32.577  INFO 75568 --- [    Test worker] tourGuide.service.TourGuideService       : Track Location for user internalUser160
2022-10-02 23:12:32.577  INFO 75568 --- [pool-7-thread-1] tourGuide.service.TourGuideService       : Track Location for user internalUser124
2022-10-02 23:12:32.577  INFO 75568 --- [    Test worker] tourGuide.service.TourGuideService       : Track Location for user internalUser1624
2022-10-02 23:12:32.577  INFO 75568 --- [pool-7-thread-1] tourGuide.service.TourGuideService       : Track Location for user internalUser1663
2022-10-02 23:12:32.577  INFO 75568 --- [    Test worker] tourGuide.service.TourGuideService       : Track Location for user internalUser2955
2022-10-02 23:12:32.577  INFO 75568 --- [pool-7-thread-1] tourGuide.service.TourGuideService       : Track Location for user internalUser2994
2022-10-02 23:12:32.577  INFO 75568 --- [    Test worker] tourGuide.service.TourGuideService       : Track Location for user internalUser1623
2022-10-02 23:12:32.577  INFO 75568 --- [pool-7-thread-1] tourGuide.service.TourGuideService       : Track Location for user internalUser121
2022-10-02 23:12:32.577  INFO 75568 --- [    Test worker] tourGuide.service.TourGuideService       : Track Location for user internalUser2954
2022-10-02 23:12:32.577  INFO 75568 --- [pool-7-thread-1] tourGuide.service.TourGuideService       : Track Location for user internalUser1662
2022-10-02 23:12:32.578  INFO 75568 --- [    Test worker] tourGuide.service.TourGuideService       : Track Location for user internalUser169
2022-10-02 23:12:32.578  INFO 75568 --- [pool-7-thread-1] tourGuide.service.TourGuideService       : Track Location for user internalUser2993
2022-10-02 23:12:32.578  INFO 75568 --- [    Test worker] tourGuide.service.TourGuideService       : Track Location for user internalUser1622
2022-10-02 23:12:32.578  INFO 75568 --- [pool-7-thread-1] tourGuide.service.TourGuideService       : Track Location for user internalUser122
2022-10-02 23:12:32.578  INFO 75568 --- [    Test worker] tourGuide.service.TourGuideService       : Track Location for user internalUser2953
2022-10-02 23:12:32.578  INFO 75568 --- [pool-7-thread-1] tourGuide.service.TourGuideService       : Track Location for user internalUser1661
2022-10-02 23:12:32.578  INFO 75568 --- [    Test worker] tourGuide.service.TourGuideService       : Track Location for user internalUser1621
2022-10-02 23:12:32.578  INFO 75568 --- [pool-7-thread-1] tourGuide.service.TourGuideService       : Track Location for user internalUser2992
2022-10-02 23:12:32.578  INFO 75568 --- [    Test worker] tourGuide.service.TourGuideService       : Track Location for user internalUser2952
2022-10-02 23:12:32.578  INFO 75568 --- [pool-7-thread-1] tourGuide.service.TourGuideService       : Track Location for user internalUser129
2022-10-02 23:12:32.578  INFO 75568 --- [    Test worker] tourGuide.service.TourGuideService       : Track Location for user internalUser167
2022-10-02 23:12:32.578  INFO 75568 --- [pool-7-thread-1] tourGuide.service.TourGuideService       : Track Location for user internalUser1669
2022-10-02 23:12:32.579  INFO 75568 --- [    Test worker] tourGuide.service.TourGuideService       : Track Location for user internalUser1620
2022-10-02 23:12:32.579  INFO 75568 --- [pool-7-thread-1] tourGuide.service.TourGuideService       : Track Location for user internalUser130
2022-10-02 23:12:32.579  INFO 75568 --- [    Test worker] tourGuide.service.TourGuideService       : Track Location for user internalUser2951
2022-10-02 23:12:32.579  INFO 75568 --- [pool-7-thread-1] tourGuide.service.TourGuideService       : Track Location for user internalUser1671
2022-10-02 23:12:32.579  INFO 75568 --- [    Test worker] tourGuide.service.TourGuideService       : Track Location for user internalUser168
2022-10-02 23:12:32.579  INFO 75568 --- [pool-7-thread-1] tourGuide.service.TourGuideService       : Track Location for user internalUser131
2022-10-02 23:12:32.579  INFO 75568 --- [    Test worker] tourGuide.service.TourGuideService       : Track Location for user internalUser2950
2022-10-02 23:12:32.580  INFO 75568 --- [pool-7-thread-1] tourGuide.service.TourGuideService       : Track Location for user internalUser1670
2022-10-02 23:12:32.580  INFO 75568 --- [    Test worker] tourGuide.service.TourGuideService       : Track Location for user internalUser165
2022-10-02 23:12:32.580  INFO 75568 --- [pool-7-thread-1] tourGuide.service.TourGuideService       : Track Location for user internalUser138
2022-10-02 23:12:32.580  INFO 75568 --- [    Test worker] tourGuide.service.TourGuideService       : Track Location for user internalUser166
2022-10-02 23:12:32.580  INFO 75568 --- [pool-7-thread-1] tourGuide.service.TourGuideService       : Track Location for user internalUser1679
2022-10-02 23:12:32.580  INFO 75568 --- [    Test worker] tourGuide.service.TourGuideService       : Track Location for user internalUser1629
2022-10-02 23:12:32.580  INFO 75568 --- [pool-7-thread-1] tourGuide.service.TourGuideService       : Track Location for user internalUser139
2022-10-02 23:12:32.580  INFO 75568 --- [    Test worker] tourGuide.service.TourGuideService       : Track Location for user internalUser1628
2022-10-02 23:12:32.580  INFO 75568 --- [pool-7-thread-1] tourGuide.service.TourGuideService       : Track Location for user internalUser1678
2022-10-02 23:12:32.580  INFO 75568 --- [    Test worker] tourGuide.service.TourGuideService       : Track Location for user internalUser2959
2022-10-02 23:12:32.581  INFO 75568 --- [pool-7-thread-1] tourGuide.service.TourGuideService       : Track Location for user internalUser136
2022-10-02 23:12:32.581  INFO 75568 --- [    Test worker] tourGuide.service.TourGuideService       : Track Location for user internalUser1627
2022-10-02 23:12:32.582  INFO 75568 --- [pool-7-thread-1] tourGuide.service.TourGuideService       : Track Location for user internalUser1677
2022-10-02 23:12:32.582  INFO 75568 --- [    Test worker] tourGuide.service.TourGuideService       : Track Location for user internalUser2958
2022-10-02 23:12:32.582  INFO 75568 --- [pool-7-thread-1] tourGuide.service.TourGuideService       : Track Location for user internalUser137
2022-10-02 23:12:32.582  INFO 75568 --- [    Test worker] tourGuide.service.TourGuideService       : Track Location for user internalUser1626
2022-10-02 23:12:32.582  INFO 75568 --- [pool-7-thread-1] tourGuide.service.TourGuideService       : Track Location for user internalUser1676
2022-10-02 23:12:32.582  INFO 75568 --- [    Test worker] tourGuide.service.TourGuideService       : Track Location for user internalUser2957
2022-10-02 23:12:32.582  INFO 75568 --- [pool-7-thread-1] tourGuide.service.TourGuideService       : Track Location for user internalUser134
2022-10-02 23:12:32.582  INFO 75568 --- [    Test worker] tourGuide.service.TourGuideService       : Track Location for user internalUser1625
2022-10-02 23:12:32.582  INFO 75568 --- [pool-7-thread-1] tourGuide.service.TourGuideService       : Track Location for user internalUser1675
2022-10-02 23:12:32.583  INFO 75568 --- [    Test worker] tourGuide.service.TourGuideService       : Track Location for user internalUser2956
2022-10-02 23:12:32.583  INFO 75568 --- [pool-7-thread-1] tourGuide.service.TourGuideService       : Track Location for user internalUser135
2022-10-02 23:12:32.583  INFO 75568 --- [    Test worker] tourGuide.service.TourGuideService       : Track Location for user internalUser174
2022-10-02 23:12:32.583  INFO 75568 --- [pool-7-thread-1] tourGuide.service.TourGuideService       : Track Location for user internalUser1674
2022-10-02 23:12:32.583  INFO 75568 --- [    Test worker] tourGuide.service.TourGuideService       : Track Location for user internalUser175
2022-10-02 23:12:32.583  INFO 75568 --- [pool-7-thread-1] tourGuide.service.TourGuideService       : Track Location for user internalUser132
2022-10-02 23:12:32.583  INFO 75568 --- [    Test worker] tourGuide.service.TourGuideService       : Track Location for user internalUser172
2022-10-02 23:12:32.583  INFO 75568 --- [pool-7-thread-1] tourGuide.service.TourGuideService       : Track Location for user internalUser1673
2022-10-02 23:12:32.583  INFO 75568 --- [    Test worker] tourGuide.service.TourGuideService       : Track Location for user internalUser173
2022-10-02 23:12:32.584  INFO 75568 --- [    Test worker] tourGuide.service.TourGuideService       : Track Location for user internalUser170
2022-10-02 23:12:32.584  INFO 75568 --- [    Test worker] tourGuide.service.TourGuideService       : Track Location for user internalUser171
2022-10-02 23:12:32.584  INFO 75568 --- [    Test worker] tourGuide.service.TourGuideService       : Track Location for user internalUser1635
2022-10-02 23:12:32.584  INFO 75568 --- [pool-7-thread-1] tourGuide.service.TourGuideService       : Track Location for user internalUser133
2022-10-02 23:12:32.584  INFO 75568 --- [    Test worker] tourGuide.service.TourGuideService       : Track Location for user internalUser2966
2022-10-02 23:12:32.585  INFO 75568 --- [pool-7-thread-1] tourGuide.service.TourGuideService       : Track Location for user internalUser1672
2022-10-02 23:12:32.585  INFO 75568 --- [    Test worker] tourGuide.service.TourGuideService       : Track Location for user internalUser1634
2022-10-02 23:12:32.585  INFO 75568 --- [pool-7-thread-1] tourGuide.service.TourGuideService       : Track Location for user internalUser141
2022-10-02 23:12:32.585  INFO 75568 --- [    Test worker] tourGuide.service.TourGuideService       : Track Location for user internalUser2965
2022-10-02 23:12:32.585  INFO 75568 --- [pool-7-thread-1] tourGuide.service.TourGuideService       : Track Location for user internalUser142
2022-10-02 23:12:32.585  INFO 75568 --- [    Test worker] tourGuide.service.TourGuideService       : Track Location for user internalUser1633
2022-10-02 23:12:32.585  INFO 75568 --- [pool-7-thread-1] tourGuide.service.TourGuideService       : Track Location for user internalUser140
2022-10-02 23:12:32.585  INFO 75568 --- [    Test worker] tourGuide.service.TourGuideService       : Track Location for user internalUser2964
2022-10-02 23:12:32.585  INFO 75568 --- [pool-7-thread-1] tourGuide.service.TourGuideService       : Track Location for user internalUser149
2022-10-02 23:12:32.585  INFO 75568 --- [    Test worker] tourGuide.service.TourGuideService       : Track Location for user internalUser1632
2022-10-02 23:12:32.585  INFO 75568 --- [pool-7-thread-1] tourGuide.service.TourGuideService       : Track Location for user internalUser1646
2022-10-02 23:12:32.586  INFO 75568 --- [    Test worker] tourGuide.service.TourGuideService       : Track Location for user internalUser2963
2022-10-02 23:12:32.586  INFO 75568 --- [pool-7-thread-1] tourGuide.service.TourGuideService       : Track Location for user internalUser2977
2022-10-02 23:12:32.586  INFO 75568 --- [    Test worker] tourGuide.service.TourGuideService       : Track Location for user internalUser178
2022-10-02 23:12:32.586  INFO 75568 --- [pool-7-thread-1] tourGuide.service.TourGuideService       : Track Location for user internalUser1645
2022-10-02 23:12:32.586  INFO 75568 --- [    Test worker] tourGuide.service.TourGuideService       : Track Location for user internalUser1631
2022-10-02 23:12:32.586  INFO 75568 --- [pool-7-thread-1] tourGuide.service.TourGuideService       : Track Location for user internalUser2976
2022-10-02 23:12:32.586  INFO 75568 --- [    Test worker] tourGuide.service.TourGuideService       : Track Location for user internalUser2962
2022-10-02 23:12:32.586  INFO 75568 --- [pool-7-thread-1] tourGuide.service.TourGuideService       : Track Location for user internalUser147
2022-10-02 23:12:32.586  INFO 75568 --- [    Test worker] tourGuide.service.TourGuideService       : Track Location for user internalUser179
2022-10-02 23:12:32.586  INFO 75568 --- [pool-7-thread-1] tourGuide.service.TourGuideService       : Track Location for user internalUser1644
2022-10-02 23:12:32.586  INFO 75568 --- [    Test worker] tourGuide.service.TourGuideService       : Track Location for user internalUser1630
2022-10-02 23:12:32.587  INFO 75568 --- [pool-7-thread-1] tourGuide.service.TourGuideService       : Track Location for user internalUser2975
2022-10-02 23:12:32.587  INFO 75568 --- [    Test worker] tourGuide.service.TourGuideService       : Track Location for user internalUser2961
2022-10-02 23:12:32.587  INFO 75568 --- [pool-7-thread-1] tourGuide.service.TourGuideService       : Track Location for user internalUser148
2022-10-02 23:12:32.587  INFO 75568 --- [    Test worker] tourGuide.service.TourGuideService       : Track Location for user internalUser176
2022-10-02 23:12:32.587  INFO 75568 --- [pool-7-thread-1] tourGuide.service.TourGuideService       : Track Location for user internalUser1643
2022-10-02 23:12:32.587  INFO 75568 --- [    Test worker] tourGuide.service.TourGuideService       : Track Location for user internalUser2960
2022-10-02 23:12:32.587  INFO 75568 --- [pool-7-thread-1] tourGuide.service.TourGuideService       : Track Location for user internalUser2974
2022-10-02 23:12:32.587  INFO 75568 --- [    Test worker] tourGuide.service.TourGuideService       : Track Location for user internalUser177
2022-10-02 23:12:32.587  INFO 75568 --- [pool-7-thread-1] tourGuide.service.TourGuideService       : Track Location for user internalUser145
2022-10-02 23:12:32.587  INFO 75568 --- [    Test worker] tourGuide.service.TourGuideService       : Track Location for user internalUser1639
2022-10-02 23:12:32.587  INFO 75568 --- [pool-7-thread-1] tourGuide.service.TourGuideService       : Track Location for user internalUser1642
2022-10-02 23:12:32.587  INFO 75568 --- [    Test worker] tourGuide.service.TourGuideService       : Track Location for user internalUser1638
2022-10-02 23:12:32.588  INFO 75568 --- [pool-7-thread-1] tourGuide.service.TourGuideService       : Track Location for user internalUser2973
2022-10-02 23:12:32.588  INFO 75568 --- [    Test worker] tourGuide.service.TourGuideService       : Track Location for user internalUser2969
2022-10-02 23:12:32.588  INFO 75568 --- [pool-7-thread-1] tourGuide.service.TourGuideService       : Track Location for user internalUser146
2022-10-02 23:12:32.588  INFO 75568 --- [    Test worker] tourGuide.service.TourGuideService       : Track Location for user internalUser1637
2022-10-02 23:12:32.588  INFO 75568 --- [pool-7-thread-1] tourGuide.service.TourGuideService       : Track Location for user internalUser1641
2022-10-02 23:12:32.588  INFO 75568 --- [    Test worker] tourGuide.service.TourGuideService       : Track Location for user internalUser2968
2022-10-02 23:12:32.588  INFO 75568 --- [pool-7-thread-1] tourGuide.service.TourGuideService       : Track Location for user internalUser2972
2022-10-02 23:12:32.588  INFO 75568 --- [    Test worker] tourGuide.service.TourGuideService       : Track Location for user internalUser1636
2022-10-02 23:12:32.589  INFO 75568 --- [pool-7-thread-1] tourGuide.service.TourGuideService       : Track Location for user internalUser143
2022-10-02 23:12:32.589  INFO 75568 --- [    Test worker] tourGuide.service.TourGuideService       : Track Location for user internalUser2967
2022-10-02 23:12:32.589  INFO 75568 --- [pool-7-thread-1] tourGuide.service.TourGuideService       : Track Location for user internalUser1640
2022-10-02 23:12:32.589  INFO 75568 --- [    Test worker] tourGuide.service.TourGuideService       : Track Location for user internalUser185
2022-10-02 23:12:32.589  INFO 75568 --- [pool-7-thread-1] tourGuide.service.TourGuideService       : Track Location for user internalUser2971
2022-10-02 23:12:32.589  INFO 75568 --- [pool-7-thread-1] tourGuide.service.TourGuideService       : Track Location for user internalUser144
2022-10-02 23:12:32.589  INFO 75568 --- [    Test worker] tourGuide.service.TourGuideService       : Track Location for user internalUser186
2022-10-02 23:12:32.589  INFO 75568 --- [pool-7-thread-1] tourGuide.service.TourGuideService       : Track Location for user internalUser2970
2022-10-02 23:12:32.589  INFO 75568 --- [    Test worker] tourGuide.service.TourGuideService       : Track Location for user internalUser183
2022-10-02 23:12:32.591  INFO 75568 --- [pool-7-thread-1] tourGuide.service.TourGuideService       : Track Location for user internalUser1649
2022-10-02 23:12:32.591  INFO 75568 --- [    Test worker] tourGuide.service.TourGuideService       : Track Location for user internalUser184
2022-10-02 23:12:32.591  INFO 75568 --- [pool-7-thread-1] tourGuide.service.TourGuideService       : Track Location for user internalUser1648
2022-10-02 23:12:32.591  INFO 75568 --- [    Test worker] tourGuide.service.TourGuideService       : Track Location for user internalUser181
2022-10-02 23:12:32.591  INFO 75568 --- [pool-7-thread-1] tourGuide.service.TourGuideService       : Track Location for user internalUser2979
2022-10-02 23:12:32.591  INFO 75568 --- [    Test worker] tourGuide.service.TourGuideService       : Track Location for user internalUser182
2022-10-02 23:12:32.592  INFO 75568 --- [pool-7-thread-1] tourGuide.service.TourGuideService       : Track Location for user internalUser1647
2022-10-02 23:12:32.592  INFO 75568 --- [    Test worker] tourGuide.service.TourGuideService       : Track Location for user internalUser180
2022-10-02 23:12:32.592  INFO 75568 --- [pool-7-thread-1] tourGuide.service.TourGuideService       : Track Location for user internalUser2978
2022-10-02 23:12:32.592  INFO 75568 --- [pool-7-thread-1] tourGuide.service.TourGuideService       : Track Location for user internalUser152
2022-10-02 23:12:32.592  INFO 75568 --- [pool-7-thread-1] tourGuide.service.TourGuideService       : Track Location for user internalUser2980
2022-10-02 23:12:32.592  INFO 75568 --- [pool-7-thread-1] tourGuide.service.TourGuideService       : Track Location for user internalUser153
2022-10-02 23:12:32.593  INFO 75568 --- [pool-7-thread-1] tourGuide.service.TourGuideService       : Track Location for user internalUser150
2022-10-02 23:12:32.593  INFO 75568 --- [    Test worker] tourGuide.service.TourGuideService       : Track Location for user internalUser1602
2022-10-02 23:12:32.593  INFO 75568 --- [pool-7-thread-1] tourGuide.service.TourGuideService       : Track Location for user internalUser151
2022-10-02 23:12:32.594  INFO 75568 --- [    Test worker] tourGuide.service.TourGuideService       : Track Location for user internalUser2933
2022-10-02 23:12:32.594  INFO 75568 --- [pool-7-thread-1] tourGuide.service.TourGuideService       : Track Location for user internalUser1657
2022-10-02 23:12:32.594  INFO 75568 --- [    Test worker] tourGuide.service.TourGuideService       : Track Location for user internalUser1601
2022-10-02 23:12:32.594  INFO 75568 --- [pool-7-thread-1] tourGuide.service.TourGuideService       : Track Location for user internalUser2988
2022-10-02 23:12:32.594  INFO 75568 --- [    Test worker] tourGuide.service.TourGuideService       : Track Location for user internalUser2932
2022-10-02 23:12:32.594  INFO 75568 --- [pool-7-thread-1] tourGuide.service.TourGuideService       : Track Location for user internalUser1656
2022-10-02 23:12:32.594  INFO 75568 --- [    Test worker] tourGuide.service.TourGuideService       : Track Location for user internalUser1600
2022-10-02 23:12:32.594  INFO 75568 --- [pool-7-thread-1] tourGuide.service.TourGuideService       : Track Location for user internalUser2987
2022-10-02 23:12:32.594  INFO 75568 --- [    Test worker] tourGuide.service.TourGuideService       : Track Location for user internalUser2931
2022-10-02 23:12:32.594  INFO 75568 --- [pool-7-thread-1] tourGuide.service.TourGuideService       : Track Location for user internalUser158
2022-10-02 23:12:32.594  INFO 75568 --- [    Test worker] tourGuide.service.TourGuideService       : Track Location for user internalUser2930
2022-10-02 23:12:32.595  INFO 75568 --- [pool-7-thread-1] tourGuide.service.TourGuideService       : Track Location for user internalUser1655
2022-10-02 23:12:32.595  INFO 75568 --- [    Test worker] tourGuide.service.TourGuideService       : Track Location for user internalUser189
2022-10-02 23:12:32.595  INFO 75568 --- [pool-7-thread-1] tourGuide.service.TourGuideService       : Track Location for user internalUser2986
2022-10-02 23:12:32.595  INFO 75568 --- [    Test worker] tourGuide.service.TourGuideService       : Track Location for user internalUser187
2022-10-02 23:12:32.595  INFO 75568 --- [pool-7-thread-1] tourGuide.service.TourGuideService       : Track Location for user internalUser159
2022-10-02 23:12:32.595  INFO 75568 --- [    Test worker] tourGuide.service.TourGuideService       : Track Location for user internalUser188
2022-10-02 23:12:32.595  INFO 75568 --- [pool-7-thread-1] tourGuide.service.TourGuideService       : Track Location for user internalUser1654
2022-10-02 23:12:32.595  INFO 75568 --- [    Test worker] tourGuide.service.TourGuideService       : Track Location for user internalUser1609
2022-10-02 23:12:32.595  INFO 75568 --- [pool-7-thread-1] tourGuide.service.TourGuideService       : Track Location for user internalUser2985
2022-10-02 23:12:32.595  INFO 75568 --- [    Test worker] tourGuide.service.TourGuideService       : Track Location for user internalUser1608
2022-10-02 23:12:32.595  INFO 75568 --- [pool-7-thread-1] tourGuide.service.TourGuideService       : Track Location for user internalUser156
2022-10-02 23:12:32.595  INFO 75568 --- [    Test worker] tourGuide.service.TourGuideService       : Track Location for user internalUser2939
2022-10-02 23:12:32.596  INFO 75568 --- [pool-7-thread-1] tourGuide.service.TourGuideService       : Track Location for user internalUser1653
2022-10-02 23:12:32.596  INFO 75568 --- [    Test worker] tourGuide.service.TourGuideService       : Track Location for user internalUser1607
2022-10-02 23:12:32.596  INFO 75568 --- [pool-7-thread-1] tourGuide.service.TourGuideService       : Track Location for user internalUser2984
2022-10-02 23:12:32.596  INFO 75568 --- [    Test worker] tourGuide.service.TourGuideService       : Track Location for user internalUser2938
2022-10-02 23:12:32.596  INFO 75568 --- [pool-7-thread-1] tourGuide.service.TourGuideService       : Track Location for user internalUser157
2022-10-02 23:12:32.596  INFO 75568 --- [    Test worker] tourGuide.service.TourGuideService       : Track Location for user internalUser1606
2022-10-02 23:12:32.596  INFO 75568 --- [pool-7-thread-1] tourGuide.service.TourGuideService       : Track Location for user internalUser1652
2022-10-02 23:12:32.596  INFO 75568 --- [    Test worker] tourGuide.service.TourGuideService       : Track Location for user internalUser2937
2022-10-02 23:12:32.596  INFO 75568 --- [pool-7-thread-1] tourGuide.service.TourGuideService       : Track Location for user internalUser2983
2022-10-02 23:12:32.596  INFO 75568 --- [    Test worker] tourGuide.service.TourGuideService       : Track Location for user internalUser1605
2022-10-02 23:12:32.596  INFO 75568 --- [pool-7-thread-1] tourGuide.service.TourGuideService       : Track Location for user internalUser154
2022-10-02 23:12:32.597  INFO 75568 --- [    Test worker] tourGuide.service.TourGuideService       : Track Location for user internalUser2936
2022-10-02 23:12:32.597  INFO 75568 --- [pool-7-thread-1] tourGuide.service.TourGuideService       : Track Location for user internalUser1651
2022-10-02 23:12:32.597  INFO 75568 --- [    Test worker] tourGuide.service.TourGuideService       : Track Location for user internalUser1604
2022-10-02 23:12:32.597  INFO 75568 --- [pool-7-thread-1] tourGuide.service.TourGuideService       : Track Location for user internalUser2982
2022-10-02 23:12:32.597  INFO 75568 --- [    Test worker] tourGuide.service.TourGuideService       : Track Location for user internalUser2935
2022-10-02 23:12:32.597  INFO 75568 --- [pool-7-thread-1] tourGuide.service.TourGuideService       : Track Location for user internalUser155
2022-10-02 23:12:32.597  INFO 75568 --- [    Test worker] tourGuide.service.TourGuideService       : Track Location for user internalUser1603
2022-10-02 23:12:32.597  INFO 75568 --- [pool-7-thread-1] tourGuide.service.TourGuideService       : Track Location for user internalUser1650
2022-10-02 23:12:32.597  INFO 75568 --- [    Test worker] tourGuide.service.TourGuideService       : Track Location for user internalUser2934
2022-10-02 23:12:32.597  INFO 75568 --- [pool-7-thread-1] tourGuide.service.TourGuideService       : Track Location for user internalUser2981
2022-10-02 23:12:32.597  INFO 75568 --- [    Test worker] tourGuide.service.TourGuideService       : Track Location for user internalUser196
2022-10-02 23:12:32.597  INFO 75568 --- [pool-7-thread-1] tourGuide.service.TourGuideService       : Track Location for user internalUser1659
2022-10-02 23:12:32.597  INFO 75568 --- [    Test worker] tourGuide.service.TourGuideService       : Track Location for user internalUser197
2022-10-02 23:12:32.598  INFO 75568 --- [pool-7-thread-1] tourGuide.service.TourGuideService       : Track Location for user internalUser1658
2022-10-02 23:12:32.598  INFO 75568 --- [    Test worker] tourGuide.service.TourGuideService       : Track Location for user internalUser194
2022-10-02 23:12:32.598  INFO 75568 --- [pool-7-thread-1] tourGuide.service.TourGuideService       : Track Location for user internalUser2989
2022-10-02 23:12:32.598  INFO 75568 --- [    Test worker] tourGuide.service.TourGuideService       : Track Location for user internalUser195
2022-10-02 23:12:32.598  INFO 75568 --- [pool-7-thread-1] tourGuide.service.TourGuideService       : Track Location for user internalUser5149
2022-10-02 23:12:32.598  INFO 75568 --- [    Test worker] tourGuide.service.TourGuideService       : Track Location for user internalUser192
2022-10-02 23:12:32.598  INFO 75568 --- [pool-7-thread-1] tourGuide.service.TourGuideService       : Track Location for user internalUser5148
2022-10-02 23:12:32.598  INFO 75568 --- [    Test worker] tourGuide.service.TourGuideService       : Track Location for user internalUser193
2022-10-02 23:12:32.598  INFO 75568 --- [pool-7-thread-1] tourGuide.service.TourGuideService       : Track Location for user internalUser6479
2022-10-02 23:12:32.598  INFO 75568 --- [    Test worker] tourGuide.service.TourGuideService       : Track Location for user internalUser190
2022-10-02 23:12:32.598  INFO 75568 --- [pool-7-thread-1] tourGuide.service.TourGuideService       : Track Location for user internalUser5141
2022-10-02 23:12:32.598  INFO 75568 --- [    Test worker] tourGuide.service.TourGuideService       : Track Location for user internalUser191
2022-10-02 23:12:32.599  INFO 75568 --- [pool-7-thread-1] tourGuide.service.TourGuideService       : Track Location for user internalUser6472
2022-10-02 23:12:32.599  INFO 75568 --- [    Test worker] tourGuide.service.TourGuideService       : Track Location for user internalUser1613
2022-10-02 23:12:32.599  INFO 75568 --- [pool-7-thread-1] tourGuide.service.TourGuideService       : Track Location for user internalUser5140
2022-10-02 23:12:32.599  INFO 75568 --- [    Test worker] tourGuide.service.TourGuideService       : Track Location for user internalUser2944
2022-10-02 23:12:32.599  INFO 75568 --- [pool-7-thread-1] tourGuide.service.TourGuideService       : Track Location for user internalUser6471
2022-10-02 23:12:32.599  INFO 75568 --- [    Test worker] tourGuide.service.TourGuideService       : Track Location for user internalUser1612
2022-10-02 23:12:32.599  INFO 75568 --- [pool-7-thread-1] tourGuide.service.TourGuideService       : Track Location for user internalUser5143
2022-10-02 23:12:32.599  INFO 75568 --- [    Test worker] tourGuide.service.TourGuideService       : Track Location for user internalUser2943
2022-10-02 23:12:32.600  INFO 75568 --- [pool-7-thread-1] tourGuide.service.TourGuideService       : Track Location for user internalUser6474
2022-10-02 23:12:32.600  INFO 75568 --- [    Test worker] tourGuide.service.TourGuideService       : Track Location for user internalUser1611
2022-10-02 23:12:32.600  INFO 75568 --- [pool-7-thread-1] tourGuide.service.TourGuideService       : Track Location for user internalUser5142
2022-10-02 23:12:32.600  INFO 75568 --- [    Test worker] tourGuide.service.TourGuideService       : Track Location for user internalUser2942
2022-10-02 23:12:32.600  INFO 75568 --- [pool-7-thread-1] tourGuide.service.TourGuideService       : Track Location for user internalUser6473
2022-10-02 23:12:32.600  INFO 75568 --- [    Test worker] tourGuide.service.TourGuideService       : Track Location for user internalUser1610
2022-10-02 23:12:32.600  INFO 75568 --- [pool-7-thread-1] tourGuide.service.TourGuideService       : Track Location for user internalUser5145
2022-10-02 23:12:32.600  INFO 75568 --- [    Test worker] tourGuide.service.TourGuideService       : Track Location for user internalUser2941
2022-10-02 23:12:32.600  INFO 75568 --- [pool-7-thread-1] tourGuide.service.TourGuideService       : Track Location for user internalUser6476
2022-10-02 23:12:32.600  INFO 75568 --- [    Test worker] tourGuide.service.TourGuideService       : Track Location for user internalUser2940
2022-10-02 23:12:32.601  INFO 75568 --- [pool-7-thread-1] tourGuide.service.TourGuideService       : Track Location for user internalUser5144
2022-10-02 23:12:32.601  INFO 75568 --- [    Test worker] tourGuide.service.TourGuideService       : Track Location for user internalUser198
2022-10-02 23:12:32.601  INFO 75568 --- [pool-7-thread-1] tourGuide.service.TourGuideService       : Track Location for user internalUser6475
2022-10-02 23:12:32.601  INFO 75568 --- [    Test worker] tourGuide.service.TourGuideService       : Track Location for user internalUser199
2022-10-02 23:12:32.601  INFO 75568 --- [pool-7-thread-1] tourGuide.service.TourGuideService       : Track Location for user internalUser5147
2022-10-02 23:12:32.601  INFO 75568 --- [    Test worker] tourGuide.service.TourGuideService       : Track Location for user internalUser1619
2022-10-02 23:12:32.601  INFO 75568 --- [pool-7-thread-1] tourGuide.service.TourGuideService       : Track Location for user internalUser6478
2022-10-02 23:12:32.601  INFO 75568 --- [    Test worker] tourGuide.service.TourGuideService       : Track Location for user internalUser1618
2022-10-02 23:12:32.601  INFO 75568 --- [pool-7-thread-1] tourGuide.service.TourGuideService       : Track Location for user internalUser5146
2022-10-02 23:12:32.601  INFO 75568 --- [    Test worker] tourGuide.service.TourGuideService       : Track Location for user internalUser2949
2022-10-02 23:12:32.601  INFO 75568 --- [pool-7-thread-1] tourGuide.service.TourGuideService       : Track Location for user internalUser6477
2022-10-02 23:12:32.601  INFO 75568 --- [    Test worker] tourGuide.service.TourGuideService       : Track Location for user internalUser1617
2022-10-02 23:12:32.601  INFO 75568 --- [pool-7-thread-1] tourGuide.service.TourGuideService       : Track Location for user internalUser5150
2022-10-02 23:12:32.602  INFO 75568 --- [    Test worker] tourGuide.service.TourGuideService       : Track Location for user internalUser2948
2022-10-02 23:12:32.602  INFO 75568 --- [pool-7-thread-1] tourGuide.service.TourGuideService       : Track Location for user internalUser6481
2022-10-02 23:12:32.602  INFO 75568 --- [    Test worker] tourGuide.service.TourGuideService       : Track Location for user internalUser1616
2022-10-02 23:12:32.602  INFO 75568 --- [pool-7-thread-1] tourGuide.service.TourGuideService       : Track Location for user internalUser6480
2022-10-02 23:12:32.602  INFO 75568 --- [    Test worker] tourGuide.service.TourGuideService       : Track Location for user internalUser2947
2022-10-02 23:12:32.602  INFO 75568 --- [pool-7-thread-1] tourGuide.service.TourGuideService       : Track Location for user internalUser5159
2022-10-02 23:12:32.602  INFO 75568 --- [    Test worker] tourGuide.service.TourGuideService       : Track Location for user internalUser1615
2022-10-02 23:12:32.602  INFO 75568 --- [pool-7-thread-1] tourGuide.service.TourGuideService       : Track Location for user internalUser5152
2022-10-02 23:12:32.603  INFO 75568 --- [    Test worker] tourGuide.service.TourGuideService       : Track Location for user internalUser2946
2022-10-02 23:12:32.603  INFO 75568 --- [pool-7-thread-1] tourGuide.service.TourGuideService       : Track Location for user internalUser6483
2022-10-02 23:12:32.603  INFO 75568 --- [    Test worker] tourGuide.service.TourGuideService       : Track Location for user internalUser1614
2022-10-02 23:12:32.603  INFO 75568 --- [pool-7-thread-1] tourGuide.service.TourGuideService       : Track Location for user internalUser5151
2022-10-02 23:12:32.603  INFO 75568 --- [    Test worker] tourGuide.service.TourGuideService       : Track Location for user internalUser2945
2022-10-02 23:12:32.603  INFO 75568 --- [pool-7-thread-1] tourGuide.service.TourGuideService       : Track Location for user internalUser6482
2022-10-02 23:12:32.603  INFO 75568 --- [    Test worker] tourGuide.service.TourGuideService       : Track Location for user internalUser1660
2022-10-02 23:12:32.603  INFO 75568 --- [pool-7-thread-1] tourGuide.service.TourGuideService       : Track Location for user internalUser5154
2022-10-02 23:12:32.603  INFO 75568 --- [    Test worker] tourGuide.service.TourGuideService       : Track Location for user internalUser2991
2022-10-02 23:12:32.603  INFO 75568 --- [pool-7-thread-1] tourGuide.service.TourGuideService       : Track Location for user internalUser6485
2022-10-02 23:12:32.603  INFO 75568 --- [    Test worker] tourGuide.service.TourGuideService       : Track Location for user internalUser120
2022-10-02 23:12:32.604  INFO 75568 --- [pool-7-thread-1] tourGuide.service.TourGuideService       : Track Location for user internalUser5153
2022-10-02 23:12:32.604  INFO 75568 --- [    Test worker] tourGuide.service.TourGuideService       : Track Location for user internalUser2990
2022-10-02 23:12:32.604  INFO 75568 --- [pool-7-thread-1] tourGuide.service.TourGuideService       : Track Location for user internalUser6484
2022-10-02 23:12:32.604  INFO 75568 --- [    Test worker] tourGuide.service.TourGuideService       : Track Location for user internalUser127
2022-10-02 23:12:32.604  INFO 75568 --- [pool-7-thread-1] tourGuide.service.TourGuideService       : Track Location for user internalUser5156
2022-10-02 23:12:32.604  INFO 75568 --- [    Test worker] tourGuide.service.TourGuideService       : Track Location for user internalUser1668
2022-10-02 23:12:32.604  INFO 75568 --- [pool-7-thread-1] tourGuide.service.TourGuideService       : Track Location for user internalUser6487
2022-10-02 23:12:32.604  INFO 75568 --- [    Test worker] tourGuide.service.TourGuideService       : Track Location for user internalUser2999
2022-10-02 23:12:32.604  INFO 75568 --- [pool-7-thread-1] tourGuide.service.TourGuideService       : Track Location for user internalUser5155
2022-10-02 23:12:32.604  INFO 75568 --- [    Test worker] tourGuide.service.TourGuideService       : Track Location for user internalUser128
2022-10-02 23:12:32.604  INFO 75568 --- [pool-7-thread-1] tourGuide.service.TourGuideService       : Track Location for user internalUser6486
2022-10-02 23:12:32.604  INFO 75568 --- [    Test worker] tourGuide.service.TourGuideService       : Track Location for user internalUser1667
2022-10-02 23:12:32.605  INFO 75568 --- [pool-7-thread-1] tourGuide.service.TourGuideService       : Track Location for user internalUser5158
2022-10-02 23:12:32.605  INFO 75568 --- [    Test worker] tourGuide.service.TourGuideService       : Track Location for user internalUser2998
2022-10-02 23:12:32.605  INFO 75568 --- [pool-7-thread-1] tourGuide.service.TourGuideService       : Track Location for user internalUser6489
2022-10-02 23:12:32.605  INFO 75568 --- [    Test worker] tourGuide.service.TourGuideService       : Track Location for user internalUser125
2022-10-02 23:12:32.605  INFO 75568 --- [pool-7-thread-1] tourGuide.service.TourGuideService       : Track Location for user internalUser5157
2022-10-02 23:12:32.605  INFO 75568 --- [    Test worker] tourGuide.service.TourGuideService       : Track Location for user internalUser1666
2022-10-02 23:12:32.605  INFO 75568 --- [pool-7-thread-1] tourGuide.service.TourGuideService       : Track Location for user internalUser6488
2022-10-02 23:12:32.605  INFO 75568 --- [    Test worker] tourGuide.service.TourGuideService       : Track Location for user internalUser2997
2022-10-02 23:12:32.605  INFO 75568 --- [pool-7-thread-1] tourGuide.service.TourGuideService       : Track Location for user internalUser6490
2022-10-02 23:12:32.606  INFO 75568 --- [    Test worker] tourGuide.service.TourGuideService       : Track Location for user internalUser126
2022-10-02 23:12:32.606  INFO 75568 --- [pool-7-thread-1] tourGuide.service.TourGuideService       : Track Location for user internalUser5161
2022-10-02 23:12:32.606  INFO 75568 --- [    Test worker] tourGuide.service.TourGuideService       : Track Location for user internalUser1665
2022-10-02 23:12:32.606  INFO 75568 --- [pool-7-thread-1] tourGuide.service.TourGuideService       : Track Location for user internalUser6492
2022-10-02 23:12:32.606  INFO 75568 --- [    Test worker] tourGuide.service.TourGuideService       : Track Location for user internalUser2996
2022-10-02 23:12:32.606  INFO 75568 --- [pool-7-thread-1] tourGuide.service.TourGuideService       : Track Location for user internalUser5160
2022-10-02 23:12:32.606  INFO 75568 --- [    Test worker] tourGuide.service.TourGuideService       : Track Location for user internalUser123
2022-10-02 23:12:32.606  INFO 75568 --- [pool-7-thread-1] tourGuide.service.TourGuideService       : Track Location for user internalUser6491
2022-10-02 23:12:32.606  INFO 75568 --- [    Test worker] tourGuide.service.TourGuideService       : Track Location for user internalUser1664
2022-10-02 23:12:32.606  INFO 75568 --- [pool-7-thread-1] tourGuide.service.TourGuideService       : Track Location for user internalUser5127
2022-10-02 23:12:32.607  INFO 75568 --- [    Test worker] tourGuide.service.TourGuideService       : Track Location for user internalUser2995
2022-10-02 23:12:32.607  INFO 75568 --- [pool-7-thread-1] tourGuide.service.TourGuideService       : Track Location for user internalUser6458
2022-10-02 23:12:32.607  INFO 75568 --- [    Test worker] tourGuide.service.TourGuideService       : Track Location for user internalUser124
2022-10-02 23:12:32.607  INFO 75568 --- [pool-7-thread-1] tourGuide.service.TourGuideService       : Track Location for user internalUser5126
2022-10-02 23:12:32.607  INFO 75568 --- [    Test worker] tourGuide.service.TourGuideService       : Track Location for user internalUser1663
2022-10-02 23:12:32.607  INFO 75568 --- [pool-7-thread-1] tourGuide.service.TourGuideService       : Track Location for user internalUser6457
2022-10-02 23:12:32.607  INFO 75568 --- [    Test worker] tourGuide.service.TourGuideService       : Track Location for user internalUser2994
2022-10-02 23:12:32.607  INFO 75568 --- [pool-7-thread-1] tourGuide.service.TourGuideService       : Track Location for user internalUser5129
2022-10-02 23:12:32.607  INFO 75568 --- [    Test worker] tourGuide.service.TourGuideService       : Track Location for user internalUser121
2022-10-02 23:12:32.607  INFO 75568 --- [pool-7-thread-1] tourGuide.service.TourGuideService       : Track Location for user internalUser7788
2022-10-02 23:12:32.608  INFO 75568 --- [    Test worker] tourGuide.service.TourGuideService       : Track Location for user internalUser1662
2022-10-02 23:12:32.608  INFO 75568 --- [pool-7-thread-1] tourGuide.service.TourGuideService       : Track Location for user internalUser5128
2022-10-02 23:12:32.608  INFO 75568 --- [    Test worker] tourGuide.service.TourGuideService       : Track Location for user internalUser2993
2022-10-02 23:12:32.608  INFO 75568 --- [pool-7-thread-1] tourGuide.service.TourGuideService       : Track Location for user internalUser6459
2022-10-02 23:12:32.608  INFO 75568 --- [    Test worker] tourGuide.service.TourGuideService       : Track Location for user internalUser122
2022-10-02 23:12:32.608  INFO 75568 --- [pool-7-thread-1] tourGuide.service.TourGuideService       : Track Location for user internalUser7789
2022-10-02 23:12:32.608  INFO 75568 --- [    Test worker] tourGuide.service.TourGuideService       : Track Location for user internalUser1661
2022-10-02 23:12:32.608  INFO 75568 --- [pool-7-thread-1] tourGuide.service.TourGuideService       : Track Location for user internalUser105
2022-10-02 23:12:32.608  INFO 75568 --- [    Test worker] tourGuide.service.TourGuideService       : Track Location for user internalUser2992
2022-10-02 23:12:32.608  INFO 75568 --- [pool-7-thread-1] tourGuide.service.TourGuideService       : Track Location for user internalUser6450
2022-10-02 23:12:32.609  INFO 75568 --- [    Test worker] tourGuide.service.TourGuideService       : Track Location for user internalUser129
2022-10-02 23:12:32.609  INFO 75568 --- [pool-7-thread-1] tourGuide.service.TourGuideService       : Track Location for user internalUser7782
2022-10-02 23:12:32.609  INFO 75568 --- [    Test worker] tourGuide.service.TourGuideService       : Track Location for user internalUser1669
2022-10-02 23:12:32.609  INFO 75568 --- [pool-7-thread-1] tourGuide.service.TourGuideService       : Track Location for user internalUser106
2022-10-02 23:12:32.609  INFO 75568 --- [    Test worker] tourGuide.service.TourGuideService       : Track Location for user internalUser130
2022-10-02 23:12:32.609  INFO 75568 --- [pool-7-thread-1] tourGuide.service.TourGuideService       : Track Location for user internalUser7783
2022-10-02 23:12:32.609  INFO 75568 --- [    Test worker] tourGuide.service.TourGuideService       : Track Location for user internalUser1671
2022-10-02 23:12:32.609  INFO 75568 --- [pool-7-thread-1] tourGuide.service.TourGuideService       : Track Location for user internalUser103
2022-10-02 23:12:32.609  INFO 75568 --- [    Test worker] tourGuide.service.TourGuideService       : Track Location for user internalUser131
2022-10-02 23:12:32.609  INFO 75568 --- [pool-7-thread-1] tourGuide.service.TourGuideService       : Track Location for user internalUser5121
2022-10-02 23:12:32.609  INFO 75568 --- [    Test worker] tourGuide.service.TourGuideService       : Track Location for user internalUser1670
2022-10-02 23:12:32.610  INFO 75568 --- [pool-7-thread-1] tourGuide.service.TourGuideService       : Track Location for user internalUser6452
2022-10-02 23:12:32.610  INFO 75568 --- [    Test worker] tourGuide.service.TourGuideService       : Track Location for user internalUser138
2022-10-02 23:12:32.610  INFO 75568 --- [pool-7-thread-1] tourGuide.service.TourGuideService       : Track Location for user internalUser7780
2022-10-02 23:12:32.610  INFO 75568 --- [    Test worker] tourGuide.service.TourGuideService       : Track Location for user internalUser1679
2022-10-02 23:12:32.610  INFO 75568 --- [pool-7-thread-1] tourGuide.service.TourGuideService       : Track Location for user internalUser104
2022-10-02 23:12:32.610  INFO 75568 --- [    Test worker] tourGuide.service.TourGuideService       : Track Location for user internalUser139
2022-10-02 23:12:32.610  INFO 75568 --- [pool-7-thread-1] tourGuide.service.TourGuideService       : Track Location for user internalUser5120
2022-10-02 23:12:32.610  INFO 75568 --- [    Test worker] tourGuide.service.TourGuideService       : Track Location for user internalUser1678
2022-10-02 23:12:32.610  INFO 75568 --- [pool-7-thread-1] tourGuide.service.TourGuideService       : Track Location for user internalUser6451
2022-10-02 23:12:32.610  INFO 75568 --- [    Test worker] tourGuide.service.TourGuideService       : Track Location for user internalUser136
2022-10-02 23:12:32.611  INFO 75568 --- [pool-7-thread-1] tourGuide.service.TourGuideService       : Track Location for user internalUser7781
2022-10-02 23:12:32.611  INFO 75568 --- [    Test worker] tourGuide.service.TourGuideService       : Track Location for user internalUser1677
2022-10-02 23:12:32.611  INFO 75568 --- [pool-7-thread-1] tourGuide.service.TourGuideService       : Track Location for user internalUser101
2022-10-02 23:12:32.611  INFO 75568 --- [    Test worker] tourGuide.service.TourGuideService       : Track Location for user internalUser137
2022-10-02 23:12:32.611  INFO 75568 --- [pool-7-thread-1] tourGuide.service.TourGuideService       : Track Location for user internalUser5123
2022-10-02 23:12:32.612  INFO 75568 --- [    Test worker] tourGuide.service.TourGuideService       : Track Location for user internalUser1676
2022-10-02 23:12:32.612  INFO 75568 --- [    Test worker] tourGuide.service.TourGuideService       : Track Location for user internalUser134
2022-10-02 23:12:32.613  INFO 75568 --- [pool-7-thread-1] tourGuide.service.TourGuideService       : Track Location for user internalUser6454
2022-10-02 23:12:32.613  INFO 75568 --- [    Test worker] tourGuide.service.TourGuideService       : Track Location for user internalUser1675
2022-10-02 23:12:32.613  INFO 75568 --- [pool-7-thread-1] tourGuide.service.TourGuideService       : Track Location for user internalUser7786
2022-10-02 23:12:32.613  INFO 75568 --- [    Test worker] tourGuide.service.TourGuideService       : Track Location for user internalUser135
2022-10-02 23:12:32.613  INFO 75568 --- [pool-7-thread-1] tourGuide.service.TourGuideService       : Track Location for user internalUser102
2022-10-02 23:12:32.613  INFO 75568 --- [    Test worker] tourGuide.service.TourGuideService       : Track Location for user internalUser1674
2022-10-02 23:12:32.613  INFO 75568 --- [pool-7-thread-1] tourGuide.service.TourGuideService       : Track Location for user internalUser5122
2022-10-02 23:12:32.614  INFO 75568 --- [    Test worker] tourGuide.service.TourGuideService       : Track Location for user internalUser132
2022-10-02 23:12:32.614  INFO 75568 --- [pool-7-thread-1] tourGuide.service.TourGuideService       : Track Location for user internalUser6453
2022-10-02 23:12:32.614  INFO 75568 --- [    Test worker] tourGuide.service.TourGuideService       : Track Location for user internalUser1673
2022-10-02 23:12:32.614  INFO 75568 --- [pool-7-thread-1] tourGuide.service.TourGuideService       : Track Location for user internalUser7787
2022-10-02 23:12:32.614  INFO 75568 --- [    Test worker] tourGuide.service.TourGuideService       : Track Location for user internalUser133
2022-10-02 23:12:32.614  INFO 75568 --- [pool-7-thread-1] tourGuide.service.TourGuideService       : Track Location for user internalUser5125
2022-10-02 23:12:32.614  INFO 75568 --- [    Test worker] tourGuide.service.TourGuideService       : Track Location for user internalUser1672
2022-10-02 23:12:32.614  INFO 75568 --- [pool-7-thread-1] tourGuide.service.TourGuideService       : Track Location for user internalUser6456
2022-10-02 23:12:32.614  INFO 75568 --- [    Test worker] tourGuide.service.TourGuideService       : Track Location for user internalUser141
2022-10-02 23:12:32.614  INFO 75568 --- [pool-7-thread-1] tourGuide.service.TourGuideService       : Track Location for user internalUser7784
2022-10-02 23:12:32.615  INFO 75568 --- [    Test worker] tourGuide.service.TourGuideService       : Track Location for user internalUser142
2022-10-02 23:12:32.615  INFO 75568 --- [pool-7-thread-1] tourGuide.service.TourGuideService       : Track Location for user internalUser100
2022-10-02 23:12:32.615  INFO 75568 --- [    Test worker] tourGuide.service.TourGuideService       : Track Location for user internalUser140
2022-10-02 23:12:32.615  INFO 75568 --- [pool-7-thread-1] tourGuide.service.TourGuideService       : Track Location for user internalUser5124
2022-10-02 23:12:32.615  INFO 75568 --- [    Test worker] tourGuide.service.TourGuideService       : Track Location for user internalUser149
2022-10-02 23:12:32.615  INFO 75568 --- [pool-7-thread-1] tourGuide.service.TourGuideService       : Track Location for user internalUser6455
2022-10-02 23:12:32.615  INFO 75568 --- [    Test worker] tourGuide.service.TourGuideService       : Track Location for user internalUser1646
2022-10-02 23:12:32.616  INFO 75568 --- [pool-7-thread-1] tourGuide.service.TourGuideService       : Track Location for user internalUser7785
2022-10-02 23:12:32.616  INFO 75568 --- [    Test worker] tourGuide.service.TourGuideService       : Track Location for user internalUser2977
2022-10-02 23:12:32.616  INFO 75568 --- [pool-7-thread-1] tourGuide.service.TourGuideService       : Track Location for user internalUser109
2022-10-02 23:12:32.616  INFO 75568 --- [    Test worker] tourGuide.service.TourGuideService       : Track Location for user internalUser1645
2022-10-02 23:12:32.616  INFO 75568 --- [pool-7-thread-1] tourGuide.service.TourGuideService       : Track Location for user internalUser7790
2022-10-02 23:12:32.616  INFO 75568 --- [    Test worker] tourGuide.service.TourGuideService       : Track Location for user internalUser2976
2022-10-02 23:12:32.616  INFO 75568 --- [pool-7-thread-1] tourGuide.service.TourGuideService       : Track Location for user internalUser107
2022-10-02 23:12:32.616  INFO 75568 --- [    Test worker] tourGuide.service.TourGuideService       : Track Location for user internalUser147
2022-10-02 23:12:32.616  INFO 75568 --- [pool-7-thread-1] tourGuide.service.TourGuideService       : Track Location for user internalUser108
2022-10-02 23:12:32.616  INFO 75568 --- [    Test worker] tourGuide.service.TourGuideService       : Track Location for user internalUser1644
2022-10-02 23:12:32.617  INFO 75568 --- [pool-7-thread-1] tourGuide.service.TourGuideService       : Track Location for user internalUser5138
2022-10-02 23:12:32.617  INFO 75568 --- [    Test worker] tourGuide.service.TourGuideService       : Track Location for user internalUser2975
2022-10-02 23:12:32.617  INFO 75568 --- [pool-7-thread-1] tourGuide.service.TourGuideService       : Track Location for user internalUser6469
2022-10-02 23:12:32.617  INFO 75568 --- [    Test worker] tourGuide.service.TourGuideService       : Track Location for user internalUser148
2022-10-02 23:12:32.617  INFO 75568 --- [pool-7-thread-1] tourGuide.service.TourGuideService       : Track Location for user internalUser5137
2022-10-02 23:12:32.617  INFO 75568 --- [    Test worker] tourGuide.service.TourGuideService       : Track Location for user internalUser1643
2022-10-02 23:12:32.617  INFO 75568 --- [pool-7-thread-1] tourGuide.service.TourGuideService       : Track Location for user internalUser6468
2022-10-02 23:12:32.617  INFO 75568 --- [    Test worker] tourGuide.service.TourGuideService       : Track Location for user internalUser2974
2022-10-02 23:12:32.617  INFO 75568 --- [pool-7-thread-1] tourGuide.service.TourGuideService       : Track Location for user internalUser7799
2022-10-02 23:12:32.617  INFO 75568 --- [    Test worker] tourGuide.service.TourGuideService       : Track Location for user internalUser145
2022-10-02 23:12:32.617  INFO 75568 --- [pool-7-thread-1] tourGuide.service.TourGuideService       : Track Location for user internalUser5139
2022-10-02 23:12:32.618  INFO 75568 --- [    Test worker] tourGuide.service.TourGuideService       : Track Location for user internalUser1642
2022-10-02 23:12:32.618  INFO 75568 --- [pool-7-thread-1] tourGuide.service.TourGuideService       : Track Location for user internalUser116
2022-10-02 23:12:32.618  INFO 75568 --- [    Test worker] tourGuide.service.TourGuideService       : Track Location for user internalUser2973
2022-10-02 23:12:32.618  INFO 75568 --- [pool-7-thread-1] tourGuide.service.TourGuideService       : Track Location for user internalUser5130
2022-10-02 23:12:32.618  INFO 75568 --- [pool-7-thread-1] tourGuide.service.TourGuideService       : Track Location for user internalUser6461
2022-10-02 23:12:32.618  INFO 75568 --- [    Test worker] tourGuide.service.TourGuideService       : Track Location for user internalUser146
2022-10-02 23:12:32.619  INFO 75568 --- [pool-7-thread-1] tourGuide.service.TourGuideService       : Track Location for user internalUser7793
2022-10-02 23:12:32.619  INFO 75568 --- [    Test worker] tourGuide.service.TourGuideService       : Track Location for user internalUser1641
2022-10-02 23:12:32.619  INFO 75568 --- [pool-7-thread-1] tourGuide.service.TourGuideService       : Track Location for user internalUser117
2022-10-02 23:12:32.619  INFO 75568 --- [    Test worker] tourGuide.service.TourGuideService       : Track Location for user internalUser2972
2022-10-02 23:12:32.619  INFO 75568 --- [pool-7-thread-1] tourGuide.service.TourGuideService       : Track Location for user internalUser6460
2022-10-02 23:12:32.619  INFO 75568 --- [    Test worker] tourGuide.service.TourGuideService       : Track Location for user internalUser143
2022-10-02 23:12:32.619  INFO 75568 --- [pool-7-thread-1] tourGuide.service.TourGuideService       : Track Location for user internalUser7794
2022-10-02 23:12:32.619  INFO 75568 --- [    Test worker] tourGuide.service.TourGuideService       : Track Location for user internalUser1640
2022-10-02 23:12:32.619  INFO 75568 --- [pool-7-thread-1] tourGuide.service.TourGuideService       : Track Location for user internalUser114
2022-10-02 23:12:32.619  INFO 75568 --- [    Test worker] tourGuide.service.TourGuideService       : Track Location for user internalUser2971
2022-10-02 23:12:32.620  INFO 75568 --- [pool-7-thread-1] tourGuide.service.TourGuideService       : Track Location for user internalUser5132
2022-10-02 23:12:32.620  INFO 75568 --- [    Test worker] tourGuide.service.TourGuideService       : Track Location for user internalUser144
2022-10-02 23:12:32.620  INFO 75568 --- [pool-7-thread-1] tourGuide.service.TourGuideService       : Track Location for user internalUser6463
2022-10-02 23:12:32.620  INFO 75568 --- [    Test worker] tourGuide.service.TourGuideService       : Track Location for user internalUser2970
2022-10-02 23:12:32.620  INFO 75568 --- [pool-7-thread-1] tourGuide.service.TourGuideService       : Track Location for user internalUser7791
2022-10-02 23:12:32.620  INFO 75568 --- [    Test worker] tourGuide.service.TourGuideService       : Track Location for user internalUser1649
2022-10-02 23:12:32.620  INFO 75568 --- [pool-7-thread-1] tourGuide.service.TourGuideService       : Track Location for user internalUser115
2022-10-02 23:12:32.620  INFO 75568 --- [    Test worker] tourGuide.service.TourGuideService       : Track Location for user internalUser1648
2022-10-02 23:12:32.621  INFO 75568 --- [pool-7-thread-1] tourGuide.service.TourGuideService       : Track Location for user internalUser5131
2022-10-02 23:12:32.621  INFO 75568 --- [pool-7-thread-1] tourGuide.service.TourGuideService       : Track Location for user internalUser6462
2022-10-02 23:12:32.621  INFO 75568 --- [    Test worker] tourGuide.service.TourGuideService       : Track Location for user internalUser2979
2022-10-02 23:12:32.621  INFO 75568 --- [pool-7-thread-1] tourGuide.service.TourGuideService       : Track Location for user internalUser7792
2022-10-02 23:12:32.621  INFO 75568 --- [    Test worker] tourGuide.service.TourGuideService       : Track Location for user internalUser1647
2022-10-02 23:12:32.621  INFO 75568 --- [pool-7-thread-1] tourGuide.service.TourGuideService       : Track Location for user internalUser112
2022-10-02 23:12:32.621  INFO 75568 --- [    Test worker] tourGuide.service.TourGuideService       : Track Location for user internalUser2978
2022-10-02 23:12:32.621  INFO 75568 --- [pool-7-thread-1] tourGuide.service.TourGuideService       : Track Location for user internalUser5134
2022-10-02 23:12:32.621  INFO 75568 --- [    Test worker] tourGuide.service.TourGuideService       : Track Location for user internalUser152
2022-10-02 23:12:32.621  INFO 75568 --- [pool-7-thread-1] tourGuide.service.TourGuideService       : Track Location for user internalUser6465
2022-10-02 23:12:32.622  INFO 75568 --- [    Test worker] tourGuide.service.TourGuideService       : Track Location for user internalUser2980
2022-10-02 23:12:32.622  INFO 75568 --- [pool-7-thread-1] tourGuide.service.TourGuideService       : Track Location for user internalUser7797
2022-10-02 23:12:32.622  INFO 75568 --- [    Test worker] tourGuide.service.TourGuideService       : Track Location for user internalUser153
2022-10-02 23:12:32.622  INFO 75568 --- [pool-7-thread-1] tourGuide.service.TourGuideService       : Track Location for user internalUser113
2022-10-02 23:12:32.622  INFO 75568 --- [    Test worker] tourGuide.service.TourGuideService       : Track Location for user internalUser150
2022-10-02 23:12:32.622  INFO 75568 --- [pool-7-thread-1] tourGuide.service.TourGuideService       : Track Location for user internalUser5133
2022-10-02 23:12:32.622  INFO 75568 --- [    Test worker] tourGuide.service.TourGuideService       : Track Location for user internalUser151
2022-10-02 23:12:32.622  INFO 75568 --- [pool-7-thread-1] tourGuide.service.TourGuideService       : Track Location for user internalUser6464
2022-10-02 23:12:32.622  INFO 75568 --- [    Test worker] tourGuide.service.TourGuideService       : Track Location for user internalUser1657
2022-10-02 23:12:32.622  INFO 75568 --- [pool-7-thread-1] tourGuide.service.TourGuideService       : Track Location for user internalUser7798
2022-10-02 23:12:32.624  INFO 75568 --- [    Test worker] tourGuide.service.TourGuideService       : Track Location for user internalUser2988
2022-10-02 23:12:32.624  INFO 75568 --- [pool-7-thread-1] tourGuide.service.TourGuideService       : Track Location for user internalUser110
2022-10-02 23:12:32.625  INFO 75568 --- [pool-7-thread-1] tourGuide.service.TourGuideService       : Track Location for user internalUser5136
2022-10-02 23:12:32.625  INFO 75568 --- [    Test worker] tourGuide.service.TourGuideService       : Track Location for user internalUser1656
2022-10-02 23:12:32.625  INFO 75568 --- [pool-7-thread-1] tourGuide.service.TourGuideService       : Track Location for user internalUser6467
2022-10-02 23:12:32.625  INFO 75568 --- [    Test worker] tourGuide.service.TourGuideService       : Track Location for user internalUser2987
2022-10-02 23:12:32.625  INFO 75568 --- [pool-7-thread-1] tourGuide.service.TourGuideService       : Track Location for user internalUser7795
2022-10-02 23:12:32.625  INFO 75568 --- [    Test worker] tourGuide.service.TourGuideService       : Track Location for user internalUser158
2022-10-02 23:12:32.626  INFO 75568 --- [pool-7-thread-1] tourGuide.service.TourGuideService       : Track Location for user internalUser111
2022-10-02 23:12:32.626  INFO 75568 --- [    Test worker] tourGuide.service.TourGuideService       : Track Location for user internalUser1655
2022-10-02 23:12:32.626  INFO 75568 --- [pool-7-thread-1] tourGuide.service.TourGuideService       : Track Location for user internalUser5135
2022-10-02 23:12:32.626  INFO 75568 --- [    Test worker] tourGuide.service.TourGuideService       : Track Location for user internalUser2986
2022-10-02 23:12:32.626  INFO 75568 --- [pool-7-thread-1] tourGuide.service.TourGuideService       : Track Location for user internalUser6466
2022-10-02 23:12:32.626  INFO 75568 --- [    Test worker] tourGuide.service.TourGuideService       : Track Location for user internalUser159
2022-10-02 23:12:32.626  INFO 75568 --- [pool-7-thread-1] tourGuide.service.TourGuideService       : Track Location for user internalUser7796
2022-10-02 23:12:32.626  INFO 75568 --- [    Test worker] tourGuide.service.TourGuideService       : Track Location for user internalUser1654
2022-10-02 23:12:32.626  INFO 75568 --- [pool-7-thread-1] tourGuide.service.TourGuideService       : Track Location for user internalUser118
2022-10-02 23:12:32.627  INFO 75568 --- [    Test worker] tourGuide.service.TourGuideService       : Track Location for user internalUser2985
2022-10-02 23:12:32.627  INFO 75568 --- [pool-7-thread-1] tourGuide.service.TourGuideService       : Track Location for user internalUser6470
2022-10-02 23:12:32.627  INFO 75568 --- [    Test worker] tourGuide.service.TourGuideService       : Track Location for user internalUser156
2022-10-02 23:12:32.627  INFO 75568 --- [pool-7-thread-1] tourGuide.service.TourGuideService       : Track Location for user internalUser119
2022-10-02 23:12:32.627  INFO 75568 --- [    Test worker] tourGuide.service.TourGuideService       : Track Location for user internalUser1653
2022-10-02 23:12:32.627  INFO 75568 --- [pool-7-thread-1] tourGuide.service.TourGuideService       : Track Location for user internalUser2911
2022-10-02 23:12:32.627  INFO 75568 --- [    Test worker] tourGuide.service.TourGuideService       : Track Location for user internalUser2984
2022-10-02 23:12:32.627  INFO 75568 --- [pool-7-thread-1] tourGuide.service.TourGuideService       : Track Location for user internalUser5185
2022-10-02 23:12:32.627  INFO 75568 --- [    Test worker] tourGuide.service.TourGuideService       : Track Location for user internalUser157
2022-10-02 23:12:32.628  INFO 75568 --- [pool-7-thread-1] tourGuide.service.TourGuideService       : Track Location for user internalUser2910
2022-10-02 23:12:32.628  INFO 75568 --- [    Test worker] tourGuide.service.TourGuideService       : Track Location for user internalUser1652
2022-10-02 23:12:32.628  INFO 75568 --- [pool-7-thread-1] tourGuide.service.TourGuideService       : Track Location for user internalUser5184
2022-10-02 23:12:32.628  INFO 75568 --- [    Test worker] tourGuide.service.TourGuideService       : Track Location for user internalUser2983
2022-10-02 23:12:32.628  INFO 75568 --- [pool-7-thread-1] tourGuide.service.TourGuideService       : Track Location for user internalUser5187
2022-10-02 23:12:32.628  INFO 75568 --- [    Test worker] tourGuide.service.TourGuideService       : Track Location for user internalUser154
2022-10-02 23:12:32.628  INFO 75568 --- [pool-7-thread-1] tourGuide.service.TourGuideService       : Track Location for user internalUser5186
2022-10-02 23:12:32.628  INFO 75568 --- [    Test worker] tourGuide.service.TourGuideService       : Track Location for user internalUser1651
2022-10-02 23:12:32.629  INFO 75568 --- [pool-7-thread-1] tourGuide.service.TourGuideService       : Track Location for user internalUser5189
2022-10-02 23:12:32.629  INFO 75568 --- [    Test worker] tourGuide.service.TourGuideService       : Track Location for user internalUser2982
2022-10-02 23:12:32.629  INFO 75568 --- [pool-7-thread-1] tourGuide.service.TourGuideService       : Track Location for user internalUser5188
2022-10-02 23:12:32.629  INFO 75568 --- [    Test worker] tourGuide.service.TourGuideService       : Track Location for user internalUser155
2022-10-02 23:12:32.629  INFO 75568 --- [pool-7-thread-1] tourGuide.service.TourGuideService       : Track Location for user internalUser2919
2022-10-02 23:12:32.629  INFO 75568 --- [    Test worker] tourGuide.service.TourGuideService       : Track Location for user internalUser1650
2022-10-02 23:12:32.629  INFO 75568 --- [pool-7-thread-1] tourGuide.service.TourGuideService       : Track Location for user internalUser2918
2022-10-02 23:12:32.629  INFO 75568 --- [    Test worker] tourGuide.service.TourGuideService       : Track Location for user internalUser2981
2022-10-02 23:12:32.629  INFO 75568 --- [pool-7-thread-1] tourGuide.service.TourGuideService       : Track Location for user internalUser2917
2022-10-02 23:12:32.629  INFO 75568 --- [    Test worker] tourGuide.service.TourGuideService       : Track Location for user internalUser1659
2022-10-02 23:12:32.629  INFO 75568 --- [pool-7-thread-1] tourGuide.service.TourGuideService       : Track Location for user internalUser5190
2022-10-02 23:12:32.629  INFO 75568 --- [    Test worker] tourGuide.service.TourGuideService       : Track Location for user internalUser1658
2022-10-02 23:12:32.630  INFO 75568 --- [pool-7-thread-1] tourGuide.service.TourGuideService       : Track Location for user internalUser2916
2022-10-02 23:12:32.630  INFO 75568 --- [    Test worker] tourGuide.service.TourGuideService       : Track Location for user internalUser2989
2022-10-02 23:12:32.630  INFO 75568 --- [pool-7-thread-1] tourGuide.service.TourGuideService       : Track Location for user internalUser2915
2022-10-02 23:12:32.630  INFO 75568 --- [    Test worker] tourGuide.service.TourGuideService       : Track Location for user internalUser5149
2022-10-02 23:12:32.630  INFO 75568 --- [pool-7-thread-1] tourGuide.service.TourGuideService       : Track Location for user internalUser5192
2022-10-02 23:12:32.630  INFO 75568 --- [    Test worker] tourGuide.service.TourGuideService       : Track Location for user internalUser5148
2022-10-02 23:12:32.630  INFO 75568 --- [pool-7-thread-1] tourGuide.service.TourGuideService       : Track Location for user internalUser2914
2022-10-02 23:12:32.631  INFO 75568 --- [    Test worker] tourGuide.service.TourGuideService       : Track Location for user internalUser6479
2022-10-02 23:12:32.631  INFO 75568 --- [pool-7-thread-1] tourGuide.service.TourGuideService       : Track Location for user internalUser5191
2022-10-02 23:12:32.631  INFO 75568 --- [    Test worker] tourGuide.service.TourGuideService       : Track Location for user internalUser5141
2022-10-02 23:12:32.631  INFO 75568 --- [pool-7-thread-1] tourGuide.service.TourGuideService       : Track Location for user internalUser2913
2022-10-02 23:12:32.631  INFO 75568 --- [    Test worker] tourGuide.service.TourGuideService       : Track Location for user internalUser6472
2022-10-02 23:12:32.631  INFO 75568 --- [pool-7-thread-1] tourGuide.service.TourGuideService       : Track Location for user internalUser5194
2022-10-02 23:12:32.631  INFO 75568 --- [    Test worker] tourGuide.service.TourGuideService       : Track Location for user internalUser5140
2022-10-02 23:12:32.631  INFO 75568 --- [pool-7-thread-1] tourGuide.service.TourGuideService       : Track Location for user internalUser2912
2022-10-02 23:12:32.631  INFO 75568 --- [    Test worker] tourGuide.service.TourGuideService       : Track Location for user internalUser6471
2022-10-02 23:12:32.632  INFO 75568 --- [pool-7-thread-1] tourGuide.service.TourGuideService       : Track Location for user internalUser5193
2022-10-02 23:12:32.632  INFO 75568 --- [    Test worker] tourGuide.service.TourGuideService       : Track Location for user internalUser5143
2022-10-02 23:12:32.632  INFO 75568 --- [pool-7-thread-1] tourGuide.service.TourGuideService       : Track Location for user internalUser2922
2022-10-02 23:12:32.632  INFO 75568 --- [    Test worker] tourGuide.service.TourGuideService       : Track Location for user internalUser6474
2022-10-02 23:12:32.632  INFO 75568 --- [pool-7-thread-1] tourGuide.service.TourGuideService       : Track Location for user internalUser5196
2022-10-02 23:12:32.632  INFO 75568 --- [    Test worker] tourGuide.service.TourGuideService       : Track Location for user internalUser5142
2022-10-02 23:12:32.632  INFO 75568 --- [pool-7-thread-1] tourGuide.service.TourGuideService       : Track Location for user internalUser2921
2022-10-02 23:12:32.632  INFO 75568 --- [    Test worker] tourGuide.service.TourGuideService       : Track Location for user internalUser6473
2022-10-02 23:12:32.632  INFO 75568 --- [pool-7-thread-1] tourGuide.service.TourGuideService       : Track Location for user internalUser5195
2022-10-02 23:12:32.632  INFO 75568 --- [    Test worker] tourGuide.service.TourGuideService       : Track Location for user internalUser5145
2022-10-02 23:12:32.632  INFO 75568 --- [pool-7-thread-1] tourGuide.service.TourGuideService       : Track Location for user internalUser2920
2022-10-02 23:12:32.633  INFO 75568 --- [    Test worker] tourGuide.service.TourGuideService       : Track Location for user internalUser6476
2022-10-02 23:12:32.633  INFO 75568 --- [pool-7-thread-1] tourGuide.service.TourGuideService       : Track Location for user internalUser5198
2022-10-02 23:12:32.633  INFO 75568 --- [    Test worker] tourGuide.service.TourGuideService       : Track Location for user internalUser5144
2022-10-02 23:12:32.633  INFO 75568 --- [pool-7-thread-1] tourGuide.service.TourGuideService       : Track Location for user internalUser5197
2022-10-02 23:12:32.633  INFO 75568 --- [    Test worker] tourGuide.service.TourGuideService       : Track Location for user internalUser6475
2022-10-02 23:12:32.633  INFO 75568 --- [pool-7-thread-1] tourGuide.service.TourGuideService       : Track Location for user internalUser5199
2022-10-02 23:12:32.634  INFO 75568 --- [    Test worker] tourGuide.service.TourGuideService       : Track Location for user internalUser5147
2022-10-02 23:12:32.634  INFO 75568 --- [pool-7-thread-1] tourGuide.service.TourGuideService       : Track Location for user internalUser2929
2022-10-02 23:12:32.634  INFO 75568 --- [    Test worker] tourGuide.service.TourGuideService       : Track Location for user internalUser6478
2022-10-02 23:12:32.634  INFO 75568 --- [pool-7-thread-1] tourGuide.service.TourGuideService       : Track Location for user internalUser2928
2022-10-02 23:12:32.634  INFO 75568 --- [    Test worker] tourGuide.service.TourGuideService       : Track Location for user internalUser5146
2022-10-02 23:12:32.635  INFO 75568 --- [pool-7-thread-1] tourGuide.service.TourGuideService       : Track Location for user internalUser2927
2022-10-02 23:12:32.636  INFO 75568 --- [    Test worker] tourGuide.service.TourGuideService       : Track Location for user internalUser6477
2022-10-02 23:12:32.636  INFO 75568 --- [pool-7-thread-1] tourGuide.service.TourGuideService       : Track Location for user internalUser2926
2022-10-02 23:12:32.636  INFO 75568 --- [    Test worker] tourGuide.service.TourGuideService       : Track Location for user internalUser5150
2022-10-02 23:12:32.636  INFO 75568 --- [pool-7-thread-1] tourGuide.service.TourGuideService       : Track Location for user internalUser2925
2022-10-02 23:12:32.636  INFO 75568 --- [    Test worker] tourGuide.service.TourGuideService       : Track Location for user internalUser6481
2022-10-02 23:12:32.636  INFO 75568 --- [pool-7-thread-1] tourGuide.service.TourGuideService       : Track Location for user internalUser2924
2022-10-02 23:12:32.636  INFO 75568 --- [    Test worker] tourGuide.service.TourGuideService       : Track Location for user internalUser6480
2022-10-02 23:12:32.636  INFO 75568 --- [pool-7-thread-1] tourGuide.service.TourGuideService       : Track Location for user internalUser2923
2022-10-02 23:12:32.637  INFO 75568 --- [    Test worker] tourGuide.service.TourGuideService       : Track Location for user internalUser5159
2022-10-02 23:12:32.637  INFO 75568 --- [pool-7-thread-1] tourGuide.service.TourGuideService       : Track Location for user internalUser5163
2022-10-02 23:12:32.637  INFO 75568 --- [    Test worker] tourGuide.service.TourGuideService       : Track Location for user internalUser5152
2022-10-02 23:12:32.637  INFO 75568 --- [pool-7-thread-1] tourGuide.service.TourGuideService       : Track Location for user internalUser6494
2022-10-02 23:12:32.637  INFO 75568 --- [    Test worker] tourGuide.service.TourGuideService       : Track Location for user internalUser6483
2022-10-02 23:12:32.637  INFO 75568 --- [pool-7-thread-1] tourGuide.service.TourGuideService       : Track Location for user internalUser5162
2022-10-02 23:12:32.637  INFO 75568 --- [    Test worker] tourGuide.service.TourGuideService       : Track Location for user internalUser5151
2022-10-02 23:12:32.637  INFO 75568 --- [pool-7-thread-1] tourGuide.service.TourGuideService       : Track Location for user internalUser6493
2022-10-02 23:12:32.637  INFO 75568 --- [    Test worker] tourGuide.service.TourGuideService       : Track Location for user internalUser6482
2022-10-02 23:12:32.637  INFO 75568 --- [pool-7-thread-1] tourGuide.service.TourGuideService       : Track Location for user internalUser5165
2022-10-02 23:12:32.637  INFO 75568 --- [    Test worker] tourGuide.service.TourGuideService       : Track Location for user internalUser5154
2022-10-02 23:12:32.637  INFO 75568 --- [pool-7-thread-1] tourGuide.service.TourGuideService       : Track Location for user internalUser6496
2022-10-02 23:12:32.638  INFO 75568 --- [    Test worker] tourGuide.service.TourGuideService       : Track Location for user internalUser6485
2022-10-02 23:12:32.638  INFO 75568 --- [pool-7-thread-1] tourGuide.service.TourGuideService       : Track Location for user internalUser5164
2022-10-02 23:12:32.638  INFO 75568 --- [    Test worker] tourGuide.service.TourGuideService       : Track Location for user internalUser5153
2022-10-02 23:12:32.638  INFO 75568 --- [pool-7-thread-1] tourGuide.service.TourGuideService       : Track Location for user internalUser6495
2022-10-02 23:12:32.638  INFO 75568 --- [    Test worker] tourGuide.service.TourGuideService       : Track Location for user internalUser6484
2022-10-02 23:12:32.638  INFO 75568 --- [pool-7-thread-1] tourGuide.service.TourGuideService       : Track Location for user internalUser5167
2022-10-02 23:12:32.638  INFO 75568 --- [    Test worker] tourGuide.service.TourGuideService       : Track Location for user internalUser5156
2022-10-02 23:12:32.638  INFO 75568 --- [pool-7-thread-1] tourGuide.service.TourGuideService       : Track Location for user internalUser6498
2022-10-02 23:12:32.639  INFO 75568 --- [    Test worker] tourGuide.service.TourGuideService       : Track Location for user internalUser6487
2022-10-02 23:12:32.639  INFO 75568 --- [pool-7-thread-1] tourGuide.service.TourGuideService       : Track Location for user internalUser5166
2022-10-02 23:12:32.639  INFO 75568 --- [    Test worker] tourGuide.service.TourGuideService       : Track Location for user internalUser5155
2022-10-02 23:12:32.639  INFO 75568 --- [pool-7-thread-1] tourGuide.service.TourGuideService       : Track Location for user internalUser6497
2022-10-02 23:12:32.639  INFO 75568 --- [    Test worker] tourGuide.service.TourGuideService       : Track Location for user internalUser6486
2022-10-02 23:12:32.639  INFO 75568 --- [pool-7-thread-1] tourGuide.service.TourGuideService       : Track Location for user internalUser5169
2022-10-02 23:12:32.639  INFO 75568 --- [    Test worker] tourGuide.service.TourGuideService       : Track Location for user internalUser5158
2022-10-02 23:12:32.639  INFO 75568 --- [pool-7-thread-1] tourGuide.service.TourGuideService       : Track Location for user internalUser5168
2022-10-02 23:12:32.639  INFO 75568 --- [    Test worker] tourGuide.service.TourGuideService       : Track Location for user internalUser6489
2022-10-02 23:12:32.640  INFO 75568 --- [pool-7-thread-1] tourGuide.service.TourGuideService       : Track Location for user internalUser6499
2022-10-02 23:12:32.640  INFO 75568 --- [    Test worker] tourGuide.service.TourGuideService       : Track Location for user internalUser5157
2022-10-02 23:12:32.640  INFO 75568 --- [pool-7-thread-1] tourGuide.service.TourGuideService       : Track Location for user internalUser5170
2022-10-02 23:12:32.640  INFO 75568 --- [    Test worker] tourGuide.service.TourGuideService       : Track Location for user internalUser6488
2022-10-02 23:12:32.640  INFO 75568 --- [pool-7-thread-1] tourGuide.service.TourGuideService       : Track Location for user internalUser5172
2022-10-02 23:12:32.640  INFO 75568 --- [    Test worker] tourGuide.service.TourGuideService       : Track Location for user internalUser6490
2022-10-02 23:12:32.640  INFO 75568 --- [pool-7-thread-1] tourGuide.service.TourGuideService       : Track Location for user internalUser5171
2022-10-02 23:12:32.640  INFO 75568 --- [    Test worker] tourGuide.service.TourGuideService       : Track Location for user internalUser5161
2022-10-02 23:12:32.640  INFO 75568 --- [pool-7-thread-1] tourGuide.service.TourGuideService       : Track Location for user internalUser2900
2022-10-02 23:12:32.640  INFO 75568 --- [    Test worker] tourGuide.service.TourGuideService       : Track Location for user internalUser6492
2022-10-02 23:12:32.640  INFO 75568 --- [pool-7-thread-1] tourGuide.service.TourGuideService       : Track Location for user internalUser5174
2022-10-02 23:12:32.641  INFO 75568 --- [    Test worker] tourGuide.service.TourGuideService       : Track Location for user internalUser5160
2022-10-02 23:12:32.641  INFO 75568 --- [pool-7-thread-1] tourGuide.service.TourGuideService       : Track Location for user internalUser5173
2022-10-02 23:12:32.641  INFO 75568 --- [    Test worker] tourGuide.service.TourGuideService       : Track Location for user internalUser6491
2022-10-02 23:12:32.641  INFO 75568 --- [pool-7-thread-1] tourGuide.service.TourGuideService       : Track Location for user internalUser5176
2022-10-02 23:12:32.641  INFO 75568 --- [    Test worker] tourGuide.service.TourGuideService       : Track Location for user internalUser5127
2022-10-02 23:12:32.641  INFO 75568 --- [pool-7-thread-1] tourGuide.service.TourGuideService       : Track Location for user internalUser5175
2022-10-02 23:12:32.641  INFO 75568 --- [    Test worker] tourGuide.service.TourGuideService       : Track Location for user internalUser6458
2022-10-02 23:12:32.641  INFO 75568 --- [pool-7-thread-1] tourGuide.service.TourGuideService       : Track Location for user internalUser5178
2022-10-02 23:12:32.641  INFO 75568 --- [    Test worker] tourGuide.service.TourGuideService       : Track Location for user internalUser5126
2022-10-02 23:12:32.641  INFO 75568 --- [pool-7-thread-1] tourGuide.service.TourGuideService       : Track Location for user internalUser5177
2022-10-02 23:12:32.641  INFO 75568 --- [    Test worker] tourGuide.service.TourGuideService       : Track Location for user internalUser6457
2022-10-02 23:12:32.642  INFO 75568 --- [pool-7-thread-1] tourGuide.service.TourGuideService       : Track Location for user internalUser5179
2022-10-02 23:12:32.642  INFO 75568 --- [pool-7-thread-1] tourGuide.service.TourGuideService       : Track Location for user internalUser2908
2022-10-02 23:12:32.642  INFO 75568 --- [    Test worker] tourGuide.service.TourGuideService       : Track Location for user internalUser5129
2022-10-02 23:12:32.642  INFO 75568 --- [pool-7-thread-1] tourGuide.service.TourGuideService       : Track Location for user internalUser2907
2022-10-02 23:12:32.642  INFO 75568 --- [    Test worker] tourGuide.service.TourGuideService       : Track Location for user internalUser7788
2022-10-02 23:12:32.642  INFO 75568 --- [pool-7-thread-1] tourGuide.service.TourGuideService       : Track Location for user internalUser2906
2022-10-02 23:12:32.642  INFO 75568 --- [    Test worker] tourGuide.service.TourGuideService       : Track Location for user internalUser5128
2022-10-02 23:12:32.642  INFO 75568 --- [pool-7-thread-1] tourGuide.service.TourGuideService       : Track Location for user internalUser2905
2022-10-02 23:12:32.642  INFO 75568 --- [    Test worker] tourGuide.service.TourGuideService       : Track Location for user internalUser6459
2022-10-02 23:12:32.642  INFO 75568 --- [pool-7-thread-1] tourGuide.service.TourGuideService       : Track Location for user internalUser2904
2022-10-02 23:12:32.643  INFO 75568 --- [    Test worker] tourGuide.service.TourGuideService       : Track Location for user internalUser7789
2022-10-02 23:12:32.643  INFO 75568 --- [pool-7-thread-1] tourGuide.service.TourGuideService       : Track Location for user internalUser5181
2022-10-02 23:12:32.643  INFO 75568 --- [    Test worker] tourGuide.service.TourGuideService       : Track Location for user internalUser105
2022-10-02 23:12:32.643  INFO 75568 --- [pool-7-thread-1] tourGuide.service.TourGuideService       : Track Location for user internalUser2903
2022-10-02 23:12:32.643  INFO 75568 --- [    Test worker] tourGuide.service.TourGuideService       : Track Location for user internalUser6450
2022-10-02 23:12:32.643  INFO 75568 --- [pool-7-thread-1] tourGuide.service.TourGuideService       : Track Location for user internalUser5180
2022-10-02 23:12:32.643  INFO 75568 --- [    Test worker] tourGuide.service.TourGuideService       : Track Location for user internalUser7782
2022-10-02 23:12:32.643  INFO 75568 --- [pool-7-thread-1] tourGuide.service.TourGuideService       : Track Location for user internalUser2902
2022-10-02 23:12:32.643  INFO 75568 --- [    Test worker] tourGuide.service.TourGuideService       : Track Location for user internalUser106
2022-10-02 23:12:32.643  INFO 75568 --- [pool-7-thread-1] tourGuide.service.TourGuideService       : Track Location for user internalUser5183
2022-10-02 23:12:32.644  INFO 75568 --- [    Test worker] tourGuide.service.TourGuideService       : Track Location for user internalUser7783
2022-10-02 23:12:32.644  INFO 75568 --- [pool-7-thread-1] tourGuide.service.TourGuideService       : Track Location for user internalUser2901
2022-10-02 23:12:32.644  INFO 75568 --- [    Test worker] tourGuide.service.TourGuideService       : Track Location for user internalUser103
2022-10-02 23:12:32.644  INFO 75568 --- [pool-7-thread-1] tourGuide.service.TourGuideService       : Track Location for user internalUser5182
2022-10-02 23:12:32.644  INFO 75568 --- [    Test worker] tourGuide.service.TourGuideService       : Track Location for user internalUser5121
2022-10-02 23:12:32.644  INFO 75568 --- [    Test worker] tourGuide.service.TourGuideService       : Track Location for user internalUser6452
2022-10-02 23:12:32.644  INFO 75568 --- [pool-7-thread-1] tourGuide.service.TourGuideService       : Track Location for user internalUser2909
2022-10-02 23:12:32.644  INFO 75568 --- [    Test worker] tourGuide.service.TourGuideService       : Track Location for user internalUser7780
2022-10-02 23:12:32.644  INFO 75568 --- [    Test worker] tourGuide.service.TourGuideService       : Track Location for user internalUser104
2022-10-02 23:12:32.645  INFO 75568 --- [pool-7-thread-1] tourGuide.service.TourGuideService       : Track Location for user internalUser7724
2022-10-02 23:12:32.645  INFO 75568 --- [    Test worker] tourGuide.service.TourGuideService       : Track Location for user internalUser5120
2022-10-02 23:12:32.645  INFO 75568 --- [pool-7-thread-1] tourGuide.service.TourGuideService       : Track Location for user internalUser7725
2022-10-02 23:12:32.645  INFO 75568 --- [    Test worker] tourGuide.service.TourGuideService       : Track Location for user internalUser6451
2022-10-02 23:12:32.645  INFO 75568 --- [pool-7-thread-1] tourGuide.service.TourGuideService       : Track Location for user internalUser7722
2022-10-02 23:12:32.645  INFO 75568 --- [    Test worker] tourGuide.service.TourGuideService       : Track Location for user internalUser7781
2022-10-02 23:12:32.645  INFO 75568 --- [    Test worker] tourGuide.service.TourGuideService       : Track Location for user internalUser101
2022-10-02 23:12:32.645  INFO 75568 --- [pool-7-thread-1] tourGuide.service.TourGuideService       : Track Location for user internalUser7723
2022-10-02 23:12:32.645  INFO 75568 --- [    Test worker] tourGuide.service.TourGuideService       : Track Location for user internalUser5123
2022-10-02 23:12:32.645  INFO 75568 --- [pool-7-thread-1] tourGuide.service.TourGuideService       : Track Location for user internalUser7728
2022-10-02 23:12:32.646  INFO 75568 --- [    Test worker] tourGuide.service.TourGuideService       : Track Location for user internalUser6454
2022-10-02 23:12:32.646  INFO 75568 --- [pool-7-thread-1] tourGuide.service.TourGuideService       : Track Location for user internalUser7729
2022-10-02 23:12:32.646  INFO 75568 --- [    Test worker] tourGuide.service.TourGuideService       : Track Location for user internalUser7786
2022-10-02 23:12:32.646  INFO 75568 --- [pool-7-thread-1] tourGuide.service.TourGuideService       : Track Location for user internalUser7726
2022-10-02 23:12:32.646  INFO 75568 --- [    Test worker] tourGuide.service.TourGuideService       : Track Location for user internalUser102
2022-10-02 23:12:32.647  INFO 75568 --- [    Test worker] tourGuide.service.TourGuideService       : Track Location for user internalUser5122
2022-10-02 23:12:32.647  INFO 75568 --- [pool-7-thread-1] tourGuide.service.TourGuideService       : Track Location for user internalUser7727
2022-10-02 23:12:32.648  INFO 75568 --- [    Test worker] tourGuide.service.TourGuideService       : Track Location for user internalUser6453
2022-10-02 23:12:32.648  INFO 75568 --- [pool-7-thread-1] tourGuide.service.TourGuideService       : Track Location for user internalUser7720
2022-10-02 23:12:32.648  INFO 75568 --- [    Test worker] tourGuide.service.TourGuideService       : Track Location for user internalUser7787
2022-10-02 23:12:32.648  INFO 75568 --- [pool-7-thread-1] tourGuide.service.TourGuideService       : Track Location for user internalUser7721
2022-10-02 23:12:32.648  INFO 75568 --- [    Test worker] tourGuide.service.TourGuideService       : Track Location for user internalUser5125
2022-10-02 23:12:32.648  INFO 75568 --- [pool-7-thread-1] tourGuide.service.TourGuideService       : Track Location for user internalUser6403
2022-10-02 23:12:32.648  INFO 75568 --- [    Test worker] tourGuide.service.TourGuideService       : Track Location for user internalUser6456
2022-10-02 23:12:32.648  INFO 75568 --- [pool-7-thread-1] tourGuide.service.TourGuideService       : Track Location for user internalUser7735
2022-10-02 23:12:32.649  INFO 75568 --- [    Test worker] tourGuide.service.TourGuideService       : Track Location for user internalUser7784
2022-10-02 23:12:32.649  INFO 75568 --- [    Test worker] tourGuide.service.TourGuideService       : Track Location for user internalUser100
2022-10-02 23:12:32.649  INFO 75568 --- [pool-7-thread-1] tourGuide.service.TourGuideService       : Track Location for user internalUser6402
2022-10-02 23:12:32.649  INFO 75568 --- [pool-7-thread-1] tourGuide.service.TourGuideService       : Track Location for user internalUser7736
2022-10-02 23:12:32.649  INFO 75568 --- [    Test worker] tourGuide.service.TourGuideService       : Track Location for user internalUser5124
2022-10-02 23:12:32.649  INFO 75568 --- [pool-7-thread-1] tourGuide.service.TourGuideService       : Track Location for user internalUser6405
2022-10-02 23:12:32.649  INFO 75568 --- [pool-7-thread-1] tourGuide.service.TourGuideService       : Track Location for user internalUser7733
2022-10-02 23:12:32.649  INFO 75568 --- [    Test worker] tourGuide.service.TourGuideService       : Track Location for user internalUser6455
2022-10-02 23:12:32.650  INFO 75568 --- [pool-7-thread-1] tourGuide.service.TourGuideService       : Track Location for user internalUser6404
2022-10-02 23:12:32.650  INFO 75568 --- [    Test worker] tourGuide.service.TourGuideService       : Track Location for user internalUser7785
2022-10-02 23:12:32.650  INFO 75568 --- [    Test worker] tourGuide.service.TourGuideService       : Track Location for user internalUser109
2022-10-02 23:12:32.650  INFO 75568 --- [pool-7-thread-1] tourGuide.service.TourGuideService       : Track Location for user internalUser7734
2022-10-02 23:12:32.650  INFO 75568 --- [    Test worker] tourGuide.service.TourGuideService       : Track Location for user internalUser7790
2022-10-02 23:12:32.650  INFO 75568 --- [pool-7-thread-1] tourGuide.service.TourGuideService       : Track Location for user internalUser6407
2022-10-02 23:12:32.650  INFO 75568 --- [    Test worker] tourGuide.service.TourGuideService       : Track Location for user internalUser107
2022-10-02 23:12:32.650  INFO 75568 --- [pool-7-thread-1] tourGuide.service.TourGuideService       : Track Location for user internalUser7739
2022-10-02 23:12:32.651  INFO 75568 --- [    Test worker] tourGuide.service.TourGuideService       : Track Location for user internalUser108
2022-10-02 23:12:32.651  INFO 75568 --- [pool-7-thread-1] tourGuide.service.TourGuideService       : Track Location for user internalUser6406
2022-10-02 23:12:32.651  INFO 75568 --- [    Test worker] tourGuide.service.TourGuideService       : Track Location for user internalUser5138
2022-10-02 23:12:32.651  INFO 75568 --- [pool-7-thread-1] tourGuide.service.TourGuideService       : Track Location for user internalUser6409
2022-10-02 23:12:32.651  INFO 75568 --- [    Test worker] tourGuide.service.TourGuideService       : Track Location for user internalUser6469
2022-10-02 23:12:32.651  INFO 75568 --- [pool-7-thread-1] tourGuide.service.TourGuideService       : Track Location for user internalUser7737
2022-10-02 23:12:32.651  INFO 75568 --- [    Test worker] tourGuide.service.TourGuideService       : Track Location for user internalUser5137
2022-10-02 23:12:32.651  INFO 75568 --- [    Test worker] tourGuide.service.TourGuideService       : Track Location for user internalUser6468
2022-10-02 23:12:32.651  INFO 75568 --- [    Test worker] tourGuide.service.TourGuideService       : Track Location for user internalUser7799
2022-10-02 23:12:32.651  INFO 75568 --- [pool-7-thread-1] tourGuide.service.TourGuideService       : Track Location for user internalUser6408
2022-10-02 23:12:32.652  INFO 75568 --- [    Test worker] tourGuide.service.TourGuideService       : Track Location for user internalUser5139
2022-10-02 23:12:32.652  INFO 75568 --- [pool-7-thread-1] tourGuide.service.TourGuideService       : Track Location for user internalUser7738
2022-10-02 23:12:32.652  INFO 75568 --- [    Test worker] tourGuide.service.TourGuideService       : Track Location for user internalUser116
2022-10-02 23:12:32.652  INFO 75568 --- [    Test worker] tourGuide.service.TourGuideService       : Track Location for user internalUser5130
2022-10-02 23:12:32.652  INFO 75568 --- [pool-7-thread-1] tourGuide.service.TourGuideService       : Track Location for user internalUser7731
2022-10-02 23:12:32.652  INFO 75568 --- [    Test worker] tourGuide.service.TourGuideService       : Track Location for user internalUser6461
2022-10-02 23:12:32.652  INFO 75568 --- [pool-7-thread-1] tourGuide.service.TourGuideService       : Track Location for user internalUser7732
2022-10-02 23:12:32.652  INFO 75568 --- [    Test worker] tourGuide.service.TourGuideService       : Track Location for user internalUser7793
2022-10-02 23:12:32.652  INFO 75568 --- [pool-7-thread-1] tourGuide.service.TourGuideService       : Track Location for user internalUser6401
2022-10-02 23:12:32.652  INFO 75568 --- [    Test worker] tourGuide.service.TourGuideService       : Track Location for user internalUser117
2022-10-02 23:12:32.652  INFO 75568 --- [pool-7-thread-1] tourGuide.service.TourGuideService       : Track Location for user internalUser6400
2022-10-02 23:12:32.653  INFO 75568 --- [    Test worker] tourGuide.service.TourGuideService       : Track Location for user internalUser6460
2022-10-02 23:12:32.653  INFO 75568 --- [pool-7-thread-1] tourGuide.service.TourGuideService       : Track Location for user internalUser7730
2022-10-02 23:12:32.653  INFO 75568 --- [    Test worker] tourGuide.service.TourGuideService       : Track Location for user internalUser7794
2022-10-02 23:12:32.653  INFO 75568 --- [pool-7-thread-1] tourGuide.service.TourGuideService       : Track Location for user internalUser7702
2022-10-02 23:12:32.653  INFO 75568 --- [    Test worker] tourGuide.service.TourGuideService       : Track Location for user internalUser114
2022-10-02 23:12:32.653  INFO 75568 --- [pool-7-thread-1] tourGuide.service.TourGuideService       : Track Location for user internalUser7703
2022-10-02 23:12:32.653  INFO 75568 --- [    Test worker] tourGuide.service.TourGuideService       : Track Location for user internalUser5132
2022-10-02 23:12:32.653  INFO 75568 --- [pool-7-thread-1] tourGuide.service.TourGuideService       : Track Location for user internalUser7700
2022-10-02 23:12:32.653  INFO 75568 --- [    Test worker] tourGuide.service.TourGuideService       : Track Location for user internalUser6463
2022-10-02 23:12:32.654  INFO 75568 --- [pool-7-thread-1] tourGuide.service.TourGuideService       : Track Location for user internalUser7701
2022-10-02 23:12:32.654  INFO 75568 --- [pool-7-thread-1] tourGuide.service.TourGuideService       : Track Location for user internalUser7706
2022-10-02 23:12:32.654  INFO 75568 --- [    Test worker] tourGuide.service.TourGuideService       : Track Location for user internalUser7791
2022-10-02 23:12:32.654  INFO 75568 --- [pool-7-thread-1] tourGuide.service.TourGuideService       : Track Location for user internalUser7707
2022-10-02 23:12:32.654  INFO 75568 --- [    Test worker] tourGuide.service.TourGuideService       : Track Location for user internalUser115
2022-10-02 23:12:32.654  INFO 75568 --- [pool-7-thread-1] tourGuide.service.TourGuideService       : Track Location for user internalUser7704
2022-10-02 23:12:32.654  INFO 75568 --- [    Test worker] tourGuide.service.TourGuideService       : Track Location for user internalUser5131
2022-10-02 23:12:32.655  INFO 75568 --- [pool-7-thread-1] tourGuide.service.TourGuideService       : Track Location for user internalUser7705
2022-10-02 23:12:32.655  INFO 75568 --- [pool-7-thread-1] tourGuide.service.TourGuideService       : Track Location for user internalUser7708
2022-10-02 23:12:32.655  INFO 75568 --- [pool-7-thread-1] tourGuide.service.TourGuideService       : Track Location for user internalUser7709
2022-10-02 23:12:32.655  INFO 75568 --- [    Test worker] tourGuide.service.TourGuideService       : Track Location for user internalUser6462
2022-10-02 23:12:32.655  INFO 75568 --- [pool-7-thread-1] tourGuide.service.TourGuideService       : Track Location for user internalUser7713
2022-10-02 23:12:32.655  INFO 75568 --- [    Test worker] tourGuide.service.TourGuideService       : Track Location for user internalUser7792
2022-10-02 23:12:32.656  INFO 75568 --- [pool-7-thread-1] tourGuide.service.TourGuideService       : Track Location for user internalUser7714
2022-10-02 23:12:32.656  INFO 75568 --- [    Test worker] tourGuide.service.TourGuideService       : Track Location for user internalUser112
2022-10-02 23:12:32.656  INFO 75568 --- [pool-7-thread-1] tourGuide.service.TourGuideService       : Track Location for user internalUser7711
2022-10-02 23:12:32.656  INFO 75568 --- [    Test worker] tourGuide.service.TourGuideService       : Track Location for user internalUser5134
2022-10-02 23:12:32.656  INFO 75568 --- [pool-7-thread-1] tourGuide.service.TourGuideService       : Track Location for user internalUser7712
2022-10-02 23:12:32.656  INFO 75568 --- [pool-7-thread-1] tourGuide.service.TourGuideService       : Track Location for user internalUser7717
2022-10-02 23:12:32.656  INFO 75568 --- [pool-7-thread-1] tourGuide.service.TourGuideService       : Track Location for user internalUser7718
2022-10-02 23:12:32.656  INFO 75568 --- [pool-7-thread-1] tourGuide.service.TourGuideService       : Track Location for user internalUser7715
2022-10-02 23:12:32.656  INFO 75568 --- [pool-7-thread-1] tourGuide.service.TourGuideService       : Track Location for user internalUser7716
2022-10-02 23:12:32.657  INFO 75568 --- [pool-7-thread-1] tourGuide.service.TourGuideService       : Track Location for user internalUser7710
2022-10-02 23:12:32.657  INFO 75568 --- [pool-7-thread-1] tourGuide.service.TourGuideService       : Track Location for user internalUser7719
2022-10-02 23:12:32.657  INFO 75568 --- [pool-7-thread-1] tourGuide.service.TourGuideService       : Track Location for user internalUser5105
2022-10-02 23:12:32.657  INFO 75568 --- [pool-7-thread-1] tourGuide.service.TourGuideService       : Track Location for user internalUser6436
2022-10-02 23:12:32.657  INFO 75568 --- [    Test worker] tourGuide.service.TourGuideService       : Track Location for user internalUser6465
2022-10-02 23:12:32.659  INFO 75568 --- [pool-7-thread-1] tourGuide.service.TourGuideService       : Track Location for user internalUser7768
2022-10-02 23:12:32.659  INFO 75568 --- [pool-7-thread-1] tourGuide.service.TourGuideService       : Track Location for user internalUser5104
2022-10-02 23:12:32.659  INFO 75568 --- [pool-7-thread-1] tourGuide.service.TourGuideService       : Track Location for user internalUser6435
2022-10-02 23:12:32.659  INFO 75568 --- [pool-7-thread-1] tourGuide.service.TourGuideService       : Track Location for user internalUser7769
2022-10-02 23:12:32.659  INFO 75568 --- [pool-7-thread-1] tourGuide.service.TourGuideService       : Track Location for user internalUser5107
2022-10-02 23:12:32.660  INFO 75568 --- [pool-7-thread-1] tourGuide.service.TourGuideService       : Track Location for user internalUser6438
2022-10-02 23:12:32.660  INFO 75568 --- [pool-7-thread-1] tourGuide.service.TourGuideService       : Track Location for user internalUser7766
2022-10-02 23:12:32.660  INFO 75568 --- [pool-7-thread-1] tourGuide.service.TourGuideService       : Track Location for user internalUser5106
2022-10-02 23:12:32.660  INFO 75568 --- [    Test worker] tourGuide.service.TourGuideService       : Track Location for user internalUser7797
2022-10-02 23:12:32.660  INFO 75568 --- [pool-7-thread-1] tourGuide.service.TourGuideService       : Track Location for user internalUser6437
2022-10-02 23:12:32.660  INFO 75568 --- [pool-7-thread-1] tourGuide.service.TourGuideService       : Track Location for user internalUser7767
2022-10-02 23:12:32.660  INFO 75568 --- [    Test worker] tourGuide.service.TourGuideService       : Track Location for user internalUser113
2022-10-02 23:12:32.660  INFO 75568 --- [pool-7-thread-1] tourGuide.service.TourGuideService       : Track Location for user internalUser5109
2022-10-02 23:12:32.661  INFO 75568 --- [    Test worker] tourGuide.service.TourGuideService       : Track Location for user internalUser5133
2022-10-02 23:12:32.661  INFO 75568 --- [    Test worker] tourGuide.service.TourGuideService       : Track Location for user internalUser6464
2022-10-02 23:12:32.661  INFO 75568 --- [pool-7-thread-1] tourGuide.service.TourGuideService       : Track Location for user internalUser5108
2022-10-02 23:12:32.661  INFO 75568 --- [pool-7-thread-1] tourGuide.service.TourGuideService       : Track Location for user internalUser6439
2022-10-02 23:12:32.661  INFO 75568 --- [pool-7-thread-1] tourGuide.service.TourGuideService       : Track Location for user internalUser7760
2022-10-02 23:12:32.661  INFO 75568 --- [    Test worker] tourGuide.service.TourGuideService       : Track Location for user internalUser7798
2022-10-02 23:12:32.662  INFO 75568 --- [    Test worker] tourGuide.service.TourGuideService       : Track Location for user internalUser110
2022-10-02 23:12:32.662  INFO 75568 --- [pool-7-thread-1] tourGuide.service.TourGuideService       : Track Location for user internalUser7761
2022-10-02 23:12:32.662  INFO 75568 --- [    Test worker] tourGuide.service.TourGuideService       : Track Location for user internalUser5136
2022-10-02 23:12:32.662  INFO 75568 --- [pool-7-thread-1] tourGuide.service.TourGuideService       : Track Location for user internalUser6430
2022-10-02 23:12:32.662  INFO 75568 --- [pool-7-thread-1] tourGuide.service.TourGuideService       : Track Location for user internalUser5101
2022-10-02 23:12:32.662  INFO 75568 --- [    Test worker] tourGuide.service.TourGuideService       : Track Location for user internalUser6467
2022-10-02 23:12:32.663  INFO 75568 --- [pool-7-thread-1] tourGuide.service.TourGuideService       : Track Location for user internalUser6432
2022-10-02 23:12:32.663  INFO 75568 --- [pool-7-thread-1] tourGuide.service.TourGuideService       : Track Location for user internalUser7764
2022-10-02 23:12:32.663  INFO 75568 --- [    Test worker] tourGuide.service.TourGuideService       : Track Location for user internalUser7795
2022-10-02 23:12:32.663  INFO 75568 --- [pool-7-thread-1] tourGuide.service.TourGuideService       : Track Location for user internalUser5100
2022-10-02 23:12:32.663  INFO 75568 --- [    Test worker] tourGuide.service.TourGuideService       : Track Location for user internalUser111
2022-10-02 23:12:32.663  INFO 75568 --- [pool-7-thread-1] tourGuide.service.TourGuideService       : Track Location for user internalUser6431
2022-10-02 23:12:32.664  INFO 75568 --- [    Test worker] tourGuide.service.TourGuideService       : Track Location for user internalUser5135
2022-10-02 23:12:32.664  INFO 75568 --- [pool-7-thread-1] tourGuide.service.TourGuideService       : Track Location for user internalUser7765
2022-10-02 23:12:32.664  INFO 75568 --- [    Test worker] tourGuide.service.TourGuideService       : Track Location for user internalUser6466
2022-10-02 23:12:32.664  INFO 75568 --- [pool-7-thread-1] tourGuide.service.TourGuideService       : Track Location for user internalUser5103
2022-10-02 23:12:32.664  INFO 75568 --- [    Test worker] tourGuide.service.TourGuideService       : Track Location for user internalUser7796
2022-10-02 23:12:32.664  INFO 75568 --- [pool-7-thread-1] tourGuide.service.TourGuideService       : Track Location for user internalUser6434
2022-10-02 23:12:32.664  INFO 75568 --- [    Test worker] tourGuide.service.TourGuideService       : Track Location for user internalUser118
2022-10-02 23:12:32.664  INFO 75568 --- [pool-7-thread-1] tourGuide.service.TourGuideService       : Track Location for user internalUser7762
2022-10-02 23:12:32.664  INFO 75568 --- [    Test worker] tourGuide.service.TourGuideService       : Track Location for user internalUser6470
2022-10-02 23:12:32.664  INFO 75568 --- [pool-7-thread-1] tourGuide.service.TourGuideService       : Track Location for user internalUser5102
2022-10-02 23:12:32.664  INFO 75568 --- [    Test worker] tourGuide.service.TourGuideService       : Track Location for user internalUser119
2022-10-02 23:12:32.665  INFO 75568 --- [pool-7-thread-1] tourGuide.service.TourGuideService       : Track Location for user internalUser6433
2022-10-02 23:12:32.665  INFO 75568 --- [    Test worker] tourGuide.service.TourGuideService       : Track Location for user internalUser2911
2022-10-02 23:12:32.665  INFO 75568 --- [pool-7-thread-1] tourGuide.service.TourGuideService       : Track Location for user internalUser7763
2022-10-02 23:12:32.665  INFO 75568 --- [    Test worker] tourGuide.service.TourGuideService       : Track Location for user internalUser5185
2022-10-02 23:12:32.665  INFO 75568 --- [pool-7-thread-1] tourGuide.service.TourGuideService       : Track Location for user internalUser5116
2022-10-02 23:12:32.665  INFO 75568 --- [    Test worker] tourGuide.service.TourGuideService       : Track Location for user internalUser2910
2022-10-02 23:12:32.665  INFO 75568 --- [pool-7-thread-1] tourGuide.service.TourGuideService       : Track Location for user internalUser6447
2022-10-02 23:12:32.666  INFO 75568 --- [    Test worker] tourGuide.service.TourGuideService       : Track Location for user internalUser5184
2022-10-02 23:12:32.666  INFO 75568 --- [pool-7-thread-1] tourGuide.service.TourGuideService       : Track Location for user internalUser7779
2022-10-02 23:12:32.666  INFO 75568 --- [    Test worker] tourGuide.service.TourGuideService       : Track Location for user internalUser5187
2022-10-02 23:12:32.666  INFO 75568 --- [pool-7-thread-1] tourGuide.service.TourGuideService       : Track Location for user internalUser5115
2022-10-02 23:12:32.666  INFO 75568 --- [    Test worker] tourGuide.service.TourGuideService       : Track Location for user internalUser5186
2022-10-02 23:12:32.666  INFO 75568 --- [pool-7-thread-1] tourGuide.service.TourGuideService       : Track Location for user internalUser6446
2022-10-02 23:12:32.666  INFO 75568 --- [    Test worker] tourGuide.service.TourGuideService       : Track Location for user internalUser5189
2022-10-02 23:12:32.666  INFO 75568 --- [pool-7-thread-1] tourGuide.service.TourGuideService       : Track Location for user internalUser5118
2022-10-02 23:12:32.667  INFO 75568 --- [    Test worker] tourGuide.service.TourGuideService       : Track Location for user internalUser5188
2022-10-02 23:12:32.667  INFO 75568 --- [pool-7-thread-1] tourGuide.service.TourGuideService       : Track Location for user internalUser6449
2022-10-02 23:12:32.667  INFO 75568 --- [    Test worker] tourGuide.service.TourGuideService       : Track Location for user internalUser2919
2022-10-02 23:12:32.667  INFO 75568 --- [pool-7-thread-1] tourGuide.service.TourGuideService       : Track Location for user internalUser7777
2022-10-02 23:12:32.667  INFO 75568 --- [    Test worker] tourGuide.service.TourGuideService       : Track Location for user internalUser2918
2022-10-02 23:12:32.667  INFO 75568 --- [pool-7-thread-1] tourGuide.service.TourGuideService       : Track Location for user internalUser5117
2022-10-02 23:12:32.667  INFO 75568 --- [    Test worker] tourGuide.service.TourGuideService       : Track Location for user internalUser2917
2022-10-02 23:12:32.667  INFO 75568 --- [pool-7-thread-1] tourGuide.service.TourGuideService       : Track Location for user internalUser6448
2022-10-02 23:12:32.667  INFO 75568 --- [    Test worker] tourGuide.service.TourGuideService       : Track Location for user internalUser5190
2022-10-02 23:12:32.667  INFO 75568 --- [pool-7-thread-1] tourGuide.service.TourGuideService       : Track Location for user internalUser7778
2022-10-02 23:12:32.667  INFO 75568 --- [    Test worker] tourGuide.service.TourGuideService       : Track Location for user internalUser2916
2022-10-02 23:12:32.668  INFO 75568 --- [pool-7-thread-1] tourGuide.service.TourGuideService       : Track Location for user internalUser5119
2022-10-02 23:12:32.668  INFO 75568 --- [    Test worker] tourGuide.service.TourGuideService       : Track Location for user internalUser2915
2022-10-02 23:12:32.668  INFO 75568 --- [pool-7-thread-1] tourGuide.service.TourGuideService       : Track Location for user internalUser7771
2022-10-02 23:12:32.668  INFO 75568 --- [    Test worker] tourGuide.service.TourGuideService       : Track Location for user internalUser5192
2022-10-02 23:12:32.668  INFO 75568 --- [pool-7-thread-1] tourGuide.service.TourGuideService       : Track Location for user internalUser7772
2022-10-02 23:12:32.668  INFO 75568 --- [    Test worker] tourGuide.service.TourGuideService       : Track Location for user internalUser2914
2022-10-02 23:12:32.668  INFO 75568 --- [pool-7-thread-1] tourGuide.service.TourGuideService       : Track Location for user internalUser5110
2022-10-02 23:12:32.668  INFO 75568 --- [    Test worker] tourGuide.service.TourGuideService       : Track Location for user internalUser5191
2022-10-02 23:12:32.669  INFO 75568 --- [pool-7-thread-1] tourGuide.service.TourGuideService       : Track Location for user internalUser6441
2022-10-02 23:12:32.669  INFO 75568 --- [    Test worker] tourGuide.service.TourGuideService       : Track Location for user internalUser2913
2022-10-02 23:12:32.669  INFO 75568 --- [pool-7-thread-1] tourGuide.service.TourGuideService       : Track Location for user internalUser6440
2022-10-02 23:12:32.669  INFO 75568 --- [    Test worker] tourGuide.service.TourGuideService       : Track Location for user internalUser5194
2022-10-02 23:12:32.669  INFO 75568 --- [pool-7-thread-1] tourGuide.service.TourGuideService       : Track Location for user internalUser7770
2022-10-02 23:12:32.669  INFO 75568 --- [    Test worker] tourGuide.service.TourGuideService       : Track Location for user internalUser2912
2022-10-02 23:12:32.669  INFO 75568 --- [pool-7-thread-1] tourGuide.service.TourGuideService       : Track Location for user internalUser5112
2022-10-02 23:12:32.669  INFO 75568 --- [    Test worker] tourGuide.service.TourGuideService       : Track Location for user internalUser5193
2022-10-02 23:12:32.669  INFO 75568 --- [pool-7-thread-1] tourGuide.service.TourGuideService       : Track Location for user internalUser6443
2022-10-02 23:12:32.669  INFO 75568 --- [    Test worker] tourGuide.service.TourGuideService       : Track Location for user internalUser2922
2022-10-02 23:12:32.670  INFO 75568 --- [pool-7-thread-1] tourGuide.service.TourGuideService       : Track Location for user internalUser7775
2022-10-02 23:12:32.670  INFO 75568 --- [    Test worker] tourGuide.service.TourGuideService       : Track Location for user internalUser5196
2022-10-02 23:12:32.670  INFO 75568 --- [pool-7-thread-1] tourGuide.service.TourGuideService       : Track Location for user internalUser5111
2022-10-02 23:12:32.670  INFO 75568 --- [pool-7-thread-1] tourGuide.service.TourGuideService       : Track Location for user internalUser6442
2022-10-02 23:12:32.670  INFO 75568 --- [pool-7-thread-1] tourGuide.service.TourGuideService       : Track Location for user internalUser7776
2022-10-02 23:12:32.670  INFO 75568 --- [pool-7-thread-1] tourGuide.service.TourGuideService       : Track Location for user internalUser5114
2022-10-02 23:12:32.671  INFO 75568 --- [pool-7-thread-1] tourGuide.service.TourGuideService       : Track Location for user internalUser6445
2022-10-02 23:12:32.672  INFO 75568 --- [    Test worker] tourGuide.service.TourGuideService       : Track Location for user internalUser2921
2022-10-02 23:12:32.672  INFO 75568 --- [pool-7-thread-1] tourGuide.service.TourGuideService       : Track Location for user internalUser7773
2022-10-02 23:12:32.672  INFO 75568 --- [pool-7-thread-1] tourGuide.service.TourGuideService       : Track Location for user internalUser5113
2022-10-02 23:12:32.672  INFO 75568 --- [    Test worker] tourGuide.service.TourGuideService       : Track Location for user internalUser5195
2022-10-02 23:12:32.672  INFO 75568 --- [pool-7-thread-1] tourGuide.service.TourGuideService       : Track Location for user internalUser6444
2022-10-02 23:12:32.672  INFO 75568 --- [    Test worker] tourGuide.service.TourGuideService       : Track Location for user internalUser2920
2022-10-02 23:12:32.672  INFO 75568 --- [pool-7-thread-1] tourGuide.service.TourGuideService       : Track Location for user internalUser7774
2022-10-02 23:12:32.672  INFO 75568 --- [    Test worker] tourGuide.service.TourGuideService       : Track Location for user internalUser5198
2022-10-02 23:12:32.673  INFO 75568 --- [pool-7-thread-1] tourGuide.service.TourGuideService       : Track Location for user internalUser6414
2022-10-02 23:12:32.673  INFO 75568 --- [    Test worker] tourGuide.service.TourGuideService       : Track Location for user internalUser5197
2022-10-02 23:12:32.673  INFO 75568 --- [pool-7-thread-1] tourGuide.service.TourGuideService       : Track Location for user internalUser7746
2022-10-02 23:12:32.673  INFO 75568 --- [    Test worker] tourGuide.service.TourGuideService       : Track Location for user internalUser5199
2022-10-02 23:12:32.673  INFO 75568 --- [pool-7-thread-1] tourGuide.service.TourGuideService       : Track Location for user internalUser6413
2022-10-02 23:12:32.673  INFO 75568 --- [    Test worker] tourGuide.service.TourGuideService       : Track Location for user internalUser2929
2022-10-02 23:12:32.673  INFO 75568 --- [pool-7-thread-1] tourGuide.service.TourGuideService       : Track Location for user internalUser7747
2022-10-02 23:12:32.674  INFO 75568 --- [    Test worker] tourGuide.service.TourGuideService       : Track Location for user internalUser2928
2022-10-02 23:12:32.674  INFO 75568 --- [pool-7-thread-1] tourGuide.service.TourGuideService       : Track Location for user internalUser6416
2022-10-02 23:12:32.674  INFO 75568 --- [    Test worker] tourGuide.service.TourGuideService       : Track Location for user internalUser2927
2022-10-02 23:12:32.674  INFO 75568 --- [pool-7-thread-1] tourGuide.service.TourGuideService       : Track Location for user internalUser7744
2022-10-02 23:12:32.674  INFO 75568 --- [    Test worker] tourGuide.service.TourGuideService       : Track Location for user internalUser2926
2022-10-02 23:12:32.674  INFO 75568 --- [pool-7-thread-1] tourGuide.service.TourGuideService       : Track Location for user internalUser6415
2022-10-02 23:12:32.674  INFO 75568 --- [pool-7-thread-1] tourGuide.service.TourGuideService       : Track Location for user internalUser7745
2022-10-02 23:12:32.674  INFO 75568 --- [    Test worker] tourGuide.service.TourGuideService       : Track Location for user internalUser2925
2022-10-02 23:12:32.674  INFO 75568 --- [pool-7-thread-1] tourGuide.service.TourGuideService       : Track Location for user internalUser6418
2022-10-02 23:12:32.674  INFO 75568 --- [    Test worker] tourGuide.service.TourGuideService       : Track Location for user internalUser2924
2022-10-02 23:12:32.675  INFO 75568 --- [pool-7-thread-1] tourGuide.service.TourGuideService       : Track Location for user internalUser6417
2022-10-02 23:12:32.675  INFO 75568 --- [    Test worker] tourGuide.service.TourGuideService       : Track Location for user internalUser2923
2022-10-02 23:12:32.675  INFO 75568 --- [pool-7-thread-1] tourGuide.service.TourGuideService       : Track Location for user internalUser7748
2022-10-02 23:12:32.675  INFO 75568 --- [    Test worker] tourGuide.service.TourGuideService       : Track Location for user internalUser5163
2022-10-02 23:12:32.675  INFO 75568 --- [pool-7-thread-1] tourGuide.service.TourGuideService       : Track Location for user internalUser6419
2022-10-02 23:12:32.675  INFO 75568 --- [pool-7-thread-1] tourGuide.service.TourGuideService       : Track Location for user internalUser7749
2022-10-02 23:12:32.675  INFO 75568 --- [    Test worker] tourGuide.service.TourGuideService       : Track Location for user internalUser6494
2022-10-02 23:12:32.675  INFO 75568 --- [pool-7-thread-1] tourGuide.service.TourGuideService       : Track Location for user internalUser6410
2022-10-02 23:12:32.676  INFO 75568 --- [    Test worker] tourGuide.service.TourGuideService       : Track Location for user internalUser5162
2022-10-02 23:12:32.676  INFO 75568 --- [pool-7-thread-1] tourGuide.service.TourGuideService       : Track Location for user internalUser7742
2022-10-02 23:12:32.676  INFO 75568 --- [    Test worker] tourGuide.service.TourGuideService       : Track Location for user internalUser6493
2022-10-02 23:12:32.676  INFO 75568 --- [pool-7-thread-1] tourGuide.service.TourGuideService       : Track Location for user internalUser7743
2022-10-02 23:12:32.676  INFO 75568 --- [    Test worker] tourGuide.service.TourGuideService       : Track Location for user internalUser5165
2022-10-02 23:12:32.676  INFO 75568 --- [pool-7-thread-1] tourGuide.service.TourGuideService       : Track Location for user internalUser6412
2022-10-02 23:12:32.676  INFO 75568 --- [    Test worker] tourGuide.service.TourGuideService       : Track Location for user internalUser6496
2022-10-02 23:12:32.676  INFO 75568 --- [pool-7-thread-1] tourGuide.service.TourGuideService       : Track Location for user internalUser7740
2022-10-02 23:12:32.677  INFO 75568 --- [    Test worker] tourGuide.service.TourGuideService       : Track Location for user internalUser5164
2022-10-02 23:12:32.677  INFO 75568 --- [pool-7-thread-1] tourGuide.service.TourGuideService       : Track Location for user internalUser6411
2022-10-02 23:12:32.677  INFO 75568 --- [    Test worker] tourGuide.service.TourGuideService       : Track Location for user internalUser6495
2022-10-02 23:12:32.677  INFO 75568 --- [pool-7-thread-1] tourGuide.service.TourGuideService       : Track Location for user internalUser7741
2022-10-02 23:12:32.677  INFO 75568 --- [    Test worker] tourGuide.service.TourGuideService       : Track Location for user internalUser5167
2022-10-02 23:12:32.677  INFO 75568 --- [pool-7-thread-1] tourGuide.service.TourGuideService       : Track Location for user internalUser6425
2022-10-02 23:12:32.677  INFO 75568 --- [    Test worker] tourGuide.service.TourGuideService       : Track Location for user internalUser6498
2022-10-02 23:12:32.677  INFO 75568 --- [pool-7-thread-1] tourGuide.service.TourGuideService       : Track Location for user internalUser7757
2022-10-02 23:12:32.677  INFO 75568 --- [    Test worker] tourGuide.service.TourGuideService       : Track Location for user internalUser5166
2022-10-02 23:12:32.677  INFO 75568 --- [pool-7-thread-1] tourGuide.service.TourGuideService       : Track Location for user internalUser6424
2022-10-02 23:12:32.677  INFO 75568 --- [    Test worker] tourGuide.service.TourGuideService       : Track Location for user internalUser6497
2022-10-02 23:12:32.678  INFO 75568 --- [pool-7-thread-1] tourGuide.service.TourGuideService       : Track Location for user internalUser7758
2022-10-02 23:12:32.678  INFO 75568 --- [pool-7-thread-1] tourGuide.service.TourGuideService       : Track Location for user internalUser6427
2022-10-02 23:12:32.678  INFO 75568 --- [    Test worker] tourGuide.service.TourGuideService       : Track Location for user internalUser5169
2022-10-02 23:12:32.678  INFO 75568 --- [pool-7-thread-1] tourGuide.service.TourGuideService       : Track Location for user internalUser7755
2022-10-02 23:12:32.678  INFO 75568 --- [    Test worker] tourGuide.service.TourGuideService       : Track Location for user internalUser5168
2022-10-02 23:12:32.678  INFO 75568 --- [pool-7-thread-1] tourGuide.service.TourGuideService       : Track Location for user internalUser6426
2022-10-02 23:12:32.678  INFO 75568 --- [    Test worker] tourGuide.service.TourGuideService       : Track Location for user internalUser6499
2022-10-02 23:12:32.678  INFO 75568 --- [pool-7-thread-1] tourGuide.service.TourGuideService       : Track Location for user internalUser7756
2022-10-02 23:12:32.678  INFO 75568 --- [    Test worker] tourGuide.service.TourGuideService       : Track Location for user internalUser5170
2022-10-02 23:12:32.679  INFO 75568 --- [pool-7-thread-1] tourGuide.service.TourGuideService       : Track Location for user internalUser6429
2022-10-02 23:12:32.679  INFO 75568 --- [    Test worker] tourGuide.service.TourGuideService       : Track Location for user internalUser5172
2022-10-02 23:12:32.679  INFO 75568 --- [pool-7-thread-1] tourGuide.service.TourGuideService       : Track Location for user internalUser6428
2022-10-02 23:12:32.679  INFO 75568 --- [    Test worker] tourGuide.service.TourGuideService       : Track Location for user internalUser5171
2022-10-02 23:12:32.679  INFO 75568 --- [pool-7-thread-1] tourGuide.service.TourGuideService       : Track Location for user internalUser7759
2022-10-02 23:12:32.679  INFO 75568 --- [    Test worker] tourGuide.service.TourGuideService       : Track Location for user internalUser2900
2022-10-02 23:12:32.679  INFO 75568 --- [pool-7-thread-1] tourGuide.service.TourGuideService       : Track Location for user internalUser7750
2022-10-02 23:12:32.679  INFO 75568 --- [    Test worker] tourGuide.service.TourGuideService       : Track Location for user internalUser5174
2022-10-02 23:12:32.679  INFO 75568 --- [pool-7-thread-1] tourGuide.service.TourGuideService       : Track Location for user internalUser6421
2022-10-02 23:12:32.680  INFO 75568 --- [    Test worker] tourGuide.service.TourGuideService       : Track Location for user internalUser5173
2022-10-02 23:12:32.680  INFO 75568 --- [pool-7-thread-1] tourGuide.service.TourGuideService       : Track Location for user internalUser7753
2022-10-02 23:12:32.680  INFO 75568 --- [    Test worker] tourGuide.service.TourGuideService       : Track Location for user internalUser5176
2022-10-02 23:12:32.680  INFO 75568 --- [pool-7-thread-1] tourGuide.service.TourGuideService       : Track Location for user internalUser6420
2022-10-02 23:12:32.680  INFO 75568 --- [    Test worker] tourGuide.service.TourGuideService       : Track Location for user internalUser5175
2022-10-02 23:12:32.680  INFO 75568 --- [pool-7-thread-1] tourGuide.service.TourGuideService       : Track Location for user internalUser7754
2022-10-02 23:12:32.680  INFO 75568 --- [    Test worker] tourGuide.service.TourGuideService       : Track Location for user internalUser5178
2022-10-02 23:12:32.680  INFO 75568 --- [pool-7-thread-1] tourGuide.service.TourGuideService       : Track Location for user internalUser6423
2022-10-02 23:12:32.681  INFO 75568 --- [    Test worker] tourGuide.service.TourGuideService       : Track Location for user internalUser5177
2022-10-02 23:12:32.681  INFO 75568 --- [pool-7-thread-1] tourGuide.service.TourGuideService       : Track Location for user internalUser7751
2022-10-02 23:12:32.681  INFO 75568 --- [    Test worker] tourGuide.service.TourGuideService       : Track Location for user internalUser5179
2022-10-02 23:12:32.681  INFO 75568 --- [pool-7-thread-1] tourGuide.service.TourGuideService       : Track Location for user internalUser6422
2022-10-02 23:12:32.681  INFO 75568 --- [    Test worker] tourGuide.service.TourGuideService       : Track Location for user internalUser2908
2022-10-02 23:12:32.681  INFO 75568 --- [pool-7-thread-1] tourGuide.service.TourGuideService       : Track Location for user internalUser7752
2022-10-02 23:12:32.681  INFO 75568 --- [    Test worker] tourGuide.service.TourGuideService       : Track Location for user internalUser2907
2022-10-02 23:12:32.681  INFO 75568 --- [pool-7-thread-1] tourGuide.service.TourGuideService       : Track Location for user internalUser1583
2022-10-02 23:12:32.681  INFO 75568 --- [    Test worker] tourGuide.service.TourGuideService       : Track Location for user internalUser2906
2022-10-02 23:12:32.681  INFO 75568 --- [pool-7-thread-1] tourGuide.service.TourGuideService       : Track Location for user internalUser1582
2022-10-02 23:12:32.681  INFO 75568 --- [    Test worker] tourGuide.service.TourGuideService       : Track Location for user internalUser2905
2022-10-02 23:12:32.681  INFO 75568 --- [pool-7-thread-1] tourGuide.service.TourGuideService       : Track Location for user internalUser1581
2022-10-02 23:12:32.682  INFO 75568 --- [    Test worker] tourGuide.service.TourGuideService       : Track Location for user internalUser2904
2022-10-02 23:12:32.683  INFO 75568 --- [pool-7-thread-1] tourGuide.service.TourGuideService       : Track Location for user internalUser1580
2022-10-02 23:12:32.683  INFO 75568 --- [    Test worker] tourGuide.service.TourGuideService       : Track Location for user internalUser5181
2022-10-02 23:12:32.683  INFO 75568 --- [pool-7-thread-1] tourGuide.service.TourGuideService       : Track Location for user internalUser1589
2022-10-02 23:12:32.683  INFO 75568 --- [    Test worker] tourGuide.service.TourGuideService       : Track Location for user internalUser2903
2022-10-02 23:12:32.684  INFO 75568 --- [pool-7-thread-1] tourGuide.service.TourGuideService       : Track Location for user internalUser1588
2022-10-02 23:12:32.684  INFO 75568 --- [    Test worker] tourGuide.service.TourGuideService       : Track Location for user internalUser5180
2022-10-02 23:12:32.684  INFO 75568 --- [pool-7-thread-1] tourGuide.service.TourGuideService       : Track Location for user internalUser1587
2022-10-02 23:12:32.684  INFO 75568 --- [    Test worker] tourGuide.service.TourGuideService       : Track Location for user internalUser2902
2022-10-02 23:12:32.684  INFO 75568 --- [pool-7-thread-1] tourGuide.service.TourGuideService       : Track Location for user internalUser1586
2022-10-02 23:12:32.684  INFO 75568 --- [    Test worker] tourGuide.service.TourGuideService       : Track Location for user internalUser5183
2022-10-02 23:12:32.684  INFO 75568 --- [pool-7-thread-1] tourGuide.service.TourGuideService       : Track Location for user internalUser1585
2022-10-02 23:12:32.684  INFO 75568 --- [    Test worker] tourGuide.service.TourGuideService       : Track Location for user internalUser2901
2022-10-02 23:12:32.684  INFO 75568 --- [pool-7-thread-1] tourGuide.service.TourGuideService       : Track Location for user internalUser1584
2022-10-02 23:12:32.684  INFO 75568 --- [    Test worker] tourGuide.service.TourGuideService       : Track Location for user internalUser5182
2022-10-02 23:12:32.685  INFO 75568 --- [pool-7-thread-1] tourGuide.service.TourGuideService       : Track Location for user internalUser1594
2022-10-02 23:12:32.685  INFO 75568 --- [    Test worker] tourGuide.service.TourGuideService       : Track Location for user internalUser2909
2022-10-02 23:12:32.685  INFO 75568 --- [pool-7-thread-1] tourGuide.service.TourGuideService       : Track Location for user internalUser1593
2022-10-02 23:12:32.685  INFO 75568 --- [    Test worker] tourGuide.service.TourGuideService       : Track Location for user internalUser7724
2022-10-02 23:12:32.685  INFO 75568 --- [pool-7-thread-1] tourGuide.service.TourGuideService       : Track Location for user internalUser1592
2022-10-02 23:12:32.685  INFO 75568 --- [pool-7-thread-1] tourGuide.service.TourGuideService       : Track Location for user internalUser1591
2022-10-02 23:12:32.685  INFO 75568 --- [pool-7-thread-1] tourGuide.service.TourGuideService       : Track Location for user internalUser1590
2022-10-02 23:12:32.685  INFO 75568 --- [    Test worker] tourGuide.service.TourGuideService       : Track Location for user internalUser7725
2022-10-02 23:12:32.685  INFO 75568 --- [    Test worker] tourGuide.service.TourGuideService       : Track Location for user internalUser7722
2022-10-02 23:12:32.685  INFO 75568 --- [pool-7-thread-1] tourGuide.service.TourGuideService       : Track Location for user internalUser1599
2022-10-02 23:12:32.685  INFO 75568 --- [    Test worker] tourGuide.service.TourGuideService       : Track Location for user internalUser7723
2022-10-02 23:12:32.685  INFO 75568 --- [pool-7-thread-1] tourGuide.service.TourGuideService       : Track Location for user internalUser1598
2022-10-02 23:12:32.685  INFO 75568 --- [    Test worker] tourGuide.service.TourGuideService       : Track Location for user internalUser7728
2022-10-02 23:12:32.685  INFO 75568 --- [pool-7-thread-1] tourGuide.service.TourGuideService       : Track Location for user internalUser1597
2022-10-02 23:12:32.685  INFO 75568 --- [    Test worker] tourGuide.service.TourGuideService       : Track Location for user internalUser7729
2022-10-02 23:12:32.686  INFO 75568 --- [pool-7-thread-1] tourGuide.service.TourGuideService       : Track Location for user internalUser1596
2022-10-02 23:12:32.686  INFO 75568 --- [    Test worker] tourGuide.service.TourGuideService       : Track Location for user internalUser7726
2022-10-02 23:12:32.686  INFO 75568 --- [pool-7-thread-1] tourGuide.service.TourGuideService       : Track Location for user internalUser1595
2022-10-02 23:12:32.686  INFO 75568 --- [    Test worker] tourGuide.service.TourGuideService       : Track Location for user internalUser7727
2022-10-02 23:12:32.686  INFO 75568 --- [pool-7-thread-1] tourGuide.service.TourGuideService       : Track Location for user internalUser1561
2022-10-02 23:12:32.686  INFO 75568 --- [    Test worker] tourGuide.service.TourGuideService       : Track Location for user internalUser7720
2022-10-02 23:12:32.686  INFO 75568 --- [pool-7-thread-1] tourGuide.service.TourGuideService       : Track Location for user internalUser2892
2022-10-02 23:12:32.686  INFO 75568 --- [    Test worker] tourGuide.service.TourGuideService       : Track Location for user internalUser7721
2022-10-02 23:12:32.687  INFO 75568 --- [pool-7-thread-1] tourGuide.service.TourGuideService       : Track Location for user internalUser1560
2022-10-02 23:12:32.687  INFO 75568 --- [    Test worker] tourGuide.service.TourGuideService       : Track Location for user internalUser6403
2022-10-02 23:12:32.687  INFO 75568 --- [pool-7-thread-1] tourGuide.service.TourGuideService       : Track Location for user internalUser2891
2022-10-02 23:12:32.687  INFO 75568 --- [    Test worker] tourGuide.service.TourGuideService       : Track Location for user internalUser7735
2022-10-02 23:12:32.687  INFO 75568 --- [pool-7-thread-1] tourGuide.service.TourGuideService       : Track Location for user internalUser2890
2022-10-02 23:12:32.687  INFO 75568 --- [    Test worker] tourGuide.service.TourGuideService       : Track Location for user internalUser6402
2022-10-02 23:12:32.687  INFO 75568 --- [pool-7-thread-1] tourGuide.service.TourGuideService       : Track Location for user internalUser1569
2022-10-02 23:12:32.687  INFO 75568 --- [    Test worker] tourGuide.service.TourGuideService       : Track Location for user internalUser7736
2022-10-02 23:12:32.688  INFO 75568 --- [pool-7-thread-1] tourGuide.service.TourGuideService       : Track Location for user internalUser1568
2022-10-02 23:12:32.688  INFO 75568 --- [    Test worker] tourGuide.service.TourGuideService       : Track Location for user internalUser6405
2022-10-02 23:12:32.688  INFO 75568 --- [pool-7-thread-1] tourGuide.service.TourGuideService       : Track Location for user internalUser2899
2022-10-02 23:12:32.688  INFO 75568 --- [    Test worker] tourGuide.service.TourGuideService       : Track Location for user internalUser7733
2022-10-02 23:12:32.688  INFO 75568 --- [pool-7-thread-1] tourGuide.service.TourGuideService       : Track Location for user internalUser1567
2022-10-02 23:12:32.688  INFO 75568 --- [    Test worker] tourGuide.service.TourGuideService       : Track Location for user internalUser6404
2022-10-02 23:12:32.688  INFO 75568 --- [pool-7-thread-1] tourGuide.service.TourGuideService       : Track Location for user internalUser2898
2022-10-02 23:12:32.688  INFO 75568 --- [    Test worker] tourGuide.service.TourGuideService       : Track Location for user internalUser7734
2022-10-02 23:12:32.688  INFO 75568 --- [pool-7-thread-1] tourGuide.service.TourGuideService       : Track Location for user internalUser1566
2022-10-02 23:12:32.689  INFO 75568 --- [    Test worker] tourGuide.service.TourGuideService       : Track Location for user internalUser6407
2022-10-02 23:12:32.689  INFO 75568 --- [pool-7-thread-1] tourGuide.service.TourGuideService       : Track Location for user internalUser2897
2022-10-02 23:12:32.689  INFO 75568 --- [    Test worker] tourGuide.service.TourGuideService       : Track Location for user internalUser7739
2022-10-02 23:12:32.689  INFO 75568 --- [pool-7-thread-1] tourGuide.service.TourGuideService       : Track Location for user internalUser1565
2022-10-02 23:12:32.689  INFO 75568 --- [    Test worker] tourGuide.service.TourGuideService       : Track Location for user internalUser6406
2022-10-02 23:12:32.689  INFO 75568 --- [pool-7-thread-1] tourGuide.service.TourGuideService       : Track Location for user internalUser2896
2022-10-02 23:12:32.689  INFO 75568 --- [    Test worker] tourGuide.service.TourGuideService       : Track Location for user internalUser6409
2022-10-02 23:12:32.689  INFO 75568 --- [pool-7-thread-1] tourGuide.service.TourGuideService       : Track Location for user internalUser1564
2022-10-02 23:12:32.689  INFO 75568 --- [    Test worker] tourGuide.service.TourGuideService       : Track Location for user internalUser7737
2022-10-02 23:12:32.689  INFO 75568 --- [pool-7-thread-1] tourGuide.service.TourGuideService       : Track Location for user internalUser2895
2022-10-02 23:12:32.689  INFO 75568 --- [    Test worker] tourGuide.service.TourGuideService       : Track Location for user internalUser6408
2022-10-02 23:12:32.690  INFO 75568 --- [pool-7-thread-1] tourGuide.service.TourGuideService       : Track Location for user internalUser1563
2022-10-02 23:12:32.690  INFO 75568 --- [    Test worker] tourGuide.service.TourGuideService       : Track Location for user internalUser7738
2022-10-02 23:12:32.690  INFO 75568 --- [pool-7-thread-1] tourGuide.service.TourGuideService       : Track Location for user internalUser2894
2022-10-02 23:12:32.690  INFO 75568 --- [    Test worker] tourGuide.service.TourGuideService       : Track Location for user internalUser7731
2022-10-02 23:12:32.690  INFO 75568 --- [pool-7-thread-1] tourGuide.service.TourGuideService       : Track Location for user internalUser1562
2022-10-02 23:12:32.690  INFO 75568 --- [    Test worker] tourGuide.service.TourGuideService       : Track Location for user internalUser7732
2022-10-02 23:12:32.690  INFO 75568 --- [pool-7-thread-1] tourGuide.service.TourGuideService       : Track Location for user internalUser2893
2022-10-02 23:12:32.690  INFO 75568 --- [    Test worker] tourGuide.service.TourGuideService       : Track Location for user internalUser6401
2022-10-02 23:12:32.690  INFO 75568 --- [pool-7-thread-1] tourGuide.service.TourGuideService       : Track Location for user internalUser1572
2022-10-02 23:12:32.690  INFO 75568 --- [    Test worker] tourGuide.service.TourGuideService       : Track Location for user internalUser6400
2022-10-02 23:12:32.690  INFO 75568 --- [pool-7-thread-1] tourGuide.service.TourGuideService       : Track Location for user internalUser1571
2022-10-02 23:12:32.691  INFO 75568 --- [    Test worker] tourGuide.service.TourGuideService       : Track Location for user internalUser7730
2022-10-02 23:12:32.691  INFO 75568 --- [pool-7-thread-1] tourGuide.service.TourGuideService       : Track Location for user internalUser1570
2022-10-02 23:12:32.691  INFO 75568 --- [    Test worker] tourGuide.service.TourGuideService       : Track Location for user internalUser7702
2022-10-02 23:12:32.691  INFO 75568 --- [pool-7-thread-1] tourGuide.service.TourGuideService       : Track Location for user internalUser1579
2022-10-02 23:12:32.691  INFO 75568 --- [    Test worker] tourGuide.service.TourGuideService       : Track Location for user internalUser7703
2022-10-02 23:12:32.691  INFO 75568 --- [pool-7-thread-1] tourGuide.service.TourGuideService       : Track Location for user internalUser1578
2022-10-02 23:12:32.691  INFO 75568 --- [    Test worker] tourGuide.service.TourGuideService       : Track Location for user internalUser7700
2022-10-02 23:12:32.691  INFO 75568 --- [pool-7-thread-1] tourGuide.service.TourGuideService       : Track Location for user internalUser1577
2022-10-02 23:12:32.692  INFO 75568 --- [    Test worker] tourGuide.service.TourGuideService       : Track Location for user internalUser7701
2022-10-02 23:12:32.692  INFO 75568 --- [pool-7-thread-1] tourGuide.service.TourGuideService       : Track Location for user internalUser1576
2022-10-02 23:12:32.692  INFO 75568 --- [    Test worker] tourGuide.service.TourGuideService       : Track Location for user internalUser7706
2022-10-02 23:12:32.692  INFO 75568 --- [pool-7-thread-1] tourGuide.service.TourGuideService       : Track Location for user internalUser1575
2022-10-02 23:12:32.692  INFO 75568 --- [    Test worker] tourGuide.service.TourGuideService       : Track Location for user internalUser7707
2022-10-02 23:12:32.693  INFO 75568 --- [pool-7-thread-1] tourGuide.service.TourGuideService       : Track Location for user internalUser1574
2022-10-02 23:12:32.693  INFO 75568 --- [    Test worker] tourGuide.service.TourGuideService       : Track Location for user internalUser7704
2022-10-02 23:12:32.693  INFO 75568 --- [pool-7-thread-1] tourGuide.service.TourGuideService       : Track Location for user internalUser1573
2022-10-02 23:12:32.693  INFO 75568 --- [    Test worker] tourGuide.service.TourGuideService       : Track Location for user internalUser7705
2022-10-02 23:12:32.693  INFO 75568 --- [pool-7-thread-1] tourGuide.service.TourGuideService       : Track Location for user internalUser1745
2022-10-02 23:12:32.693  INFO 75568 --- [    Test worker] tourGuide.service.TourGuideService       : Track Location for user internalUser7708
2022-10-02 23:12:32.693  INFO 75568 --- [pool-7-thread-1] tourGuide.service.TourGuideService       : Track Location for user internalUser1744
2022-10-02 23:12:32.693  INFO 75568 --- [    Test worker] tourGuide.service.TourGuideService       : Track Location for user internalUser7709
2022-10-02 23:12:32.693  INFO 75568 --- [pool-7-thread-1] tourGuide.service.TourGuideService       : Track Location for user internalUser1743
2022-10-02 23:12:32.693  INFO 75568 --- [    Test worker] tourGuide.service.TourGuideService       : Track Location for user internalUser7713
2022-10-02 23:12:32.694  INFO 75568 --- [pool-7-thread-1] tourGuide.service.TourGuideService       : Track Location for user internalUser1742
2022-10-02 23:12:32.694  INFO 75568 --- [    Test worker] tourGuide.service.TourGuideService       : Track Location for user internalUser7714
2022-10-02 23:12:32.694  INFO 75568 --- [pool-7-thread-1] tourGuide.service.TourGuideService       : Track Location for user internalUser1741
2022-10-02 23:12:32.694  INFO 75568 --- [    Test worker] tourGuide.service.TourGuideService       : Track Location for user internalUser7711
2022-10-02 23:12:32.694  INFO 75568 --- [pool-7-thread-1] tourGuide.service.TourGuideService       : Track Location for user internalUser1740
2022-10-02 23:12:32.694  INFO 75568 --- [    Test worker] tourGuide.service.TourGuideService       : Track Location for user internalUser7712
2022-10-02 23:12:32.694  INFO 75568 --- [pool-7-thread-1] tourGuide.service.TourGuideService       : Track Location for user internalUser1749
2022-10-02 23:12:32.694  INFO 75568 --- [    Test worker] tourGuide.service.TourGuideService       : Track Location for user internalUser7717
2022-10-02 23:12:32.694  INFO 75568 --- [pool-7-thread-1] tourGuide.service.TourGuideService       : Track Location for user internalUser1748
2022-10-02 23:12:32.694  INFO 75568 --- [    Test worker] tourGuide.service.TourGuideService       : Track Location for user internalUser7718
2022-10-02 23:12:32.694  INFO 75568 --- [pool-7-thread-1] tourGuide.service.TourGuideService       : Track Location for user internalUser1747
2022-10-02 23:12:32.695  INFO 75568 --- [    Test worker] tourGuide.service.TourGuideService       : Track Location for user internalUser7715
2022-10-02 23:12:32.695  INFO 75568 --- [pool-7-thread-1] tourGuide.service.TourGuideService       : Track Location for user internalUser1746
2022-10-02 23:12:32.695  INFO 75568 --- [    Test worker] tourGuide.service.TourGuideService       : Track Location for user internalUser7716
2022-10-02 23:12:32.695  INFO 75568 --- [pool-7-thread-1] tourGuide.service.TourGuideService       : Track Location for user internalUser1756
2022-10-02 23:12:32.695  INFO 75568 --- [    Test worker] tourGuide.service.TourGuideService       : Track Location for user internalUser7710
2022-10-02 23:12:32.696  INFO 75568 --- [pool-7-thread-1] tourGuide.service.TourGuideService       : Track Location for user internalUser1755
2022-10-02 23:12:32.696  INFO 75568 --- [    Test worker] tourGuide.service.TourGuideService       : Track Location for user internalUser7719
2022-10-02 23:12:32.696  INFO 75568 --- [pool-7-thread-1] tourGuide.service.TourGuideService       : Track Location for user internalUser1754
2022-10-02 23:12:32.696  INFO 75568 --- [    Test worker] tourGuide.service.TourGuideService       : Track Location for user internalUser5105
2022-10-02 23:12:32.697  INFO 75568 --- [pool-7-thread-1] tourGuide.service.TourGuideService       : Track Location for user internalUser1753
2022-10-02 23:12:32.697  INFO 75568 --- [    Test worker] tourGuide.service.TourGuideService       : Track Location for user internalUser6436
2022-10-02 23:12:32.697  INFO 75568 --- [pool-7-thread-1] tourGuide.service.TourGuideService       : Track Location for user internalUser1752
2022-10-02 23:12:32.697  INFO 75568 --- [    Test worker] tourGuide.service.TourGuideService       : Track Location for user internalUser7768
2022-10-02 23:12:32.697  INFO 75568 --- [pool-7-thread-1] tourGuide.service.TourGuideService       : Track Location for user internalUser1751
2022-10-02 23:12:32.697  INFO 75568 --- [    Test worker] tourGuide.service.TourGuideService       : Track Location for user internalUser5104
2022-10-02 23:12:32.697  INFO 75568 --- [pool-7-thread-1] tourGuide.service.TourGuideService       : Track Location for user internalUser1750
2022-10-02 23:12:32.697  INFO 75568 --- [    Test worker] tourGuide.service.TourGuideService       : Track Location for user internalUser6435
2022-10-02 23:12:32.697  INFO 75568 --- [pool-7-thread-1] tourGuide.service.TourGuideService       : Track Location for user internalUser1759
2022-10-02 23:12:32.698  INFO 75568 --- [    Test worker] tourGuide.service.TourGuideService       : Track Location for user internalUser7769
2022-10-02 23:12:32.698  INFO 75568 --- [pool-7-thread-1] tourGuide.service.TourGuideService       : Track Location for user internalUser1758
2022-10-02 23:12:32.698  INFO 75568 --- [    Test worker] tourGuide.service.TourGuideService       : Track Location for user internalUser5107
2022-10-02 23:12:32.698  INFO 75568 --- [pool-7-thread-1] tourGuide.service.TourGuideService       : Track Location for user internalUser1757
2022-10-02 23:12:32.698  INFO 75568 --- [    Test worker] tourGuide.service.TourGuideService       : Track Location for user internalUser6438
2022-10-02 23:12:32.698  INFO 75568 --- [pool-7-thread-1] tourGuide.service.TourGuideService       : Track Location for user internalUser1723
2022-10-02 23:12:32.698  INFO 75568 --- [    Test worker] tourGuide.service.TourGuideService       : Track Location for user internalUser7766
2022-10-02 23:12:32.698  INFO 75568 --- [pool-7-thread-1] tourGuide.service.TourGuideService       : Track Location for user internalUser1722
2022-10-02 23:12:32.698  INFO 75568 --- [    Test worker] tourGuide.service.TourGuideService       : Track Location for user internalUser5106
2022-10-02 23:12:32.698  INFO 75568 --- [pool-7-thread-1] tourGuide.service.TourGuideService       : Track Location for user internalUser1721
2022-10-02 23:12:32.698  INFO 75568 --- [    Test worker] tourGuide.service.TourGuideService       : Track Location for user internalUser6437
2022-10-02 23:12:32.698  INFO 75568 --- [pool-7-thread-1] tourGuide.service.TourGuideService       : Track Location for user internalUser1720
2022-10-02 23:12:32.698  INFO 75568 --- [    Test worker] tourGuide.service.TourGuideService       : Track Location for user internalUser7767
2022-10-02 23:12:32.698  INFO 75568 --- [pool-7-thread-1] tourGuide.service.TourGuideService       : Track Location for user internalUser1729
2022-10-02 23:12:32.699  INFO 75568 --- [    Test worker] tourGuide.service.TourGuideService       : Track Location for user internalUser5109
2022-10-02 23:12:32.699  INFO 75568 --- [pool-7-thread-1] tourGuide.service.TourGuideService       : Track Location for user internalUser1728
2022-10-02 23:12:32.699  INFO 75568 --- [    Test worker] tourGuide.service.TourGuideService       : Track Location for user internalUser5108
2022-10-02 23:12:32.699  INFO 75568 --- [pool-7-thread-1] tourGuide.service.TourGuideService       : Track Location for user internalUser1727
2022-10-02 23:12:32.699  INFO 75568 --- [    Test worker] tourGuide.service.TourGuideService       : Track Location for user internalUser6439
2022-10-02 23:12:32.699  INFO 75568 --- [pool-7-thread-1] tourGuide.service.TourGuideService       : Track Location for user internalUser1726
2022-10-02 23:12:32.699  INFO 75568 --- [    Test worker] tourGuide.service.TourGuideService       : Track Location for user internalUser7760
2022-10-02 23:12:32.699  INFO 75568 --- [pool-7-thread-1] tourGuide.service.TourGuideService       : Track Location for user internalUser1725
2022-10-02 23:12:32.699  INFO 75568 --- [    Test worker] tourGuide.service.TourGuideService       : Track Location for user internalUser7761
2022-10-02 23:12:32.699  INFO 75568 --- [pool-7-thread-1] tourGuide.service.TourGuideService       : Track Location for user internalUser1724
2022-10-02 23:12:32.699  INFO 75568 --- [    Test worker] tourGuide.service.TourGuideService       : Track Location for user internalUser6430
2022-10-02 23:12:32.700  INFO 75568 --- [pool-7-thread-1] tourGuide.service.TourGuideService       : Track Location for user internalUser1734
2022-10-02 23:12:32.700  INFO 75568 --- [pool-7-thread-1] tourGuide.service.TourGuideService       : Track Location for user internalUser1733
2022-10-02 23:12:32.700  INFO 75568 --- [pool-7-thread-1] tourGuide.service.TourGuideService       : Track Location for user internalUser1732
2022-10-02 23:12:32.700  INFO 75568 --- [pool-7-thread-1] tourGuide.service.TourGuideService       : Track Location for user internalUser1731
2022-10-02 23:12:32.700  INFO 75568 --- [pool-7-thread-1] tourGuide.service.TourGuideService       : Track Location for user internalUser1730
2022-10-02 23:12:32.700  INFO 75568 --- [pool-7-thread-1] tourGuide.service.TourGuideService       : Track Location for user internalUser1739
2022-10-02 23:12:32.700  INFO 75568 --- [pool-7-thread-1] tourGuide.service.TourGuideService       : Track Location for user internalUser1738
2022-10-02 23:12:32.701  INFO 75568 --- [pool-7-thread-1] tourGuide.service.TourGuideService       : Track Location for user internalUser1737
2022-10-02 23:12:32.701  INFO 75568 --- [pool-7-thread-1] tourGuide.service.TourGuideService       : Track Location for user internalUser1736
2022-10-02 23:12:32.701  INFO 75568 --- [    Test worker] tourGuide.service.TourGuideService       : Track Location for user internalUser5101
2022-10-02 23:12:32.701  INFO 75568 --- [pool-7-thread-1] tourGuide.service.TourGuideService       : Track Location for user internalUser1735
2022-10-02 23:12:32.701  INFO 75568 --- [    Test worker] tourGuide.service.TourGuideService       : Track Location for user internalUser6432
2022-10-02 23:12:32.701  INFO 75568 --- [pool-7-thread-1] tourGuide.service.TourGuideService       : Track Location for user internalUser1781
2022-10-02 23:12:32.701  INFO 75568 --- [    Test worker] tourGuide.service.TourGuideService       : Track Location for user internalUser7764
2022-10-02 23:12:32.702  INFO 75568 --- [pool-7-thread-1] tourGuide.service.TourGuideService       : Track Location for user internalUser1780
2022-10-02 23:12:32.702  INFO 75568 --- [    Test worker] tourGuide.service.TourGuideService       : Track Location for user internalUser5100
2022-10-02 23:12:32.702  INFO 75568 --- [pool-7-thread-1] tourGuide.service.TourGuideService       : Track Location for user internalUser1789
2022-10-02 23:12:32.702  INFO 75568 --- [pool-7-thread-1] tourGuide.service.TourGuideService       : Track Location for user internalUser1788
2022-10-02 23:12:32.702  INFO 75568 --- [    Test worker] tourGuide.service.TourGuideService       : Track Location for user internalUser6431
2022-10-02 23:12:32.702  INFO 75568 --- [pool-7-thread-1] tourGuide.service.TourGuideService       : Track Location for user internalUser1787
2022-10-02 23:12:32.702  INFO 75568 --- [    Test worker] tourGuide.service.TourGuideService       : Track Location for user internalUser7765
2022-10-02 23:12:32.702  INFO 75568 --- [pool-7-thread-1] tourGuide.service.TourGuideService       : Track Location for user internalUser1786
2022-10-02 23:12:32.703  INFO 75568 --- [    Test worker] tourGuide.service.TourGuideService       : Track Location for user internalUser5103
2022-10-02 23:12:32.703  INFO 75568 --- [pool-7-thread-1] tourGuide.service.TourGuideService       : Track Location for user internalUser1785
2022-10-02 23:12:32.703  INFO 75568 --- [pool-7-thread-1] tourGuide.service.TourGuideService       : Track Location for user internalUser1784
2022-10-02 23:12:32.703  INFO 75568 --- [pool-7-thread-1] tourGuide.service.TourGuideService       : Track Location for user internalUser1783
2022-10-02 23:12:32.703  INFO 75568 --- [    Test worker] tourGuide.service.TourGuideService       : Track Location for user internalUser6434
2022-10-02 23:12:32.703  INFO 75568 --- [pool-7-thread-1] tourGuide.service.TourGuideService       : Track Location for user internalUser1782
2022-10-02 23:12:32.703  INFO 75568 --- [    Test worker] tourGuide.service.TourGuideService       : Track Location for user internalUser7762
2022-10-02 23:12:32.703  INFO 75568 --- [pool-7-thread-1] tourGuide.service.TourGuideService       : Track Location for user internalUser1792
2022-10-02 23:12:32.704  INFO 75568 --- [    Test worker] tourGuide.service.TourGuideService       : Track Location for user internalUser5102
2022-10-02 23:12:32.704  INFO 75568 --- [pool-7-thread-1] tourGuide.service.TourGuideService       : Track Location for user internalUser1791
2022-10-02 23:12:32.704  INFO 75568 --- [    Test worker] tourGuide.service.TourGuideService       : Track Location for user internalUser6433
2022-10-02 23:12:32.704  INFO 75568 --- [pool-7-thread-1] tourGuide.service.TourGuideService       : Track Location for user internalUser1790
2022-10-02 23:12:32.704  INFO 75568 --- [pool-7-thread-1] tourGuide.service.TourGuideService       : Track Location for user internalUser1799
2022-10-02 23:12:32.704  INFO 75568 --- [    Test worker] tourGuide.service.TourGuideService       : Track Location for user internalUser7763
2022-10-02 23:12:32.704  INFO 75568 --- [pool-7-thread-1] tourGuide.service.TourGuideService       : Track Location for user internalUser1798
2022-10-02 23:12:32.704  INFO 75568 --- [    Test worker] tourGuide.service.TourGuideService       : Track Location for user internalUser5116
2022-10-02 23:12:32.704  INFO 75568 --- [pool-7-thread-1] tourGuide.service.TourGuideService       : Track Location for user internalUser1797
2022-10-02 23:12:32.704  INFO 75568 --- [    Test worker] tourGuide.service.TourGuideService       : Track Location for user internalUser6447
2022-10-02 23:12:32.705  INFO 75568 --- [pool-7-thread-1] tourGuide.service.TourGuideService       : Track Location for user internalUser1796
2022-10-02 23:12:32.705  INFO 75568 --- [    Test worker] tourGuide.service.TourGuideService       : Track Location for user internalUser7779
2022-10-02 23:12:32.705  INFO 75568 --- [pool-7-thread-1] tourGuide.service.TourGuideService       : Track Location for user internalUser1795
2022-10-02 23:12:32.705  INFO 75568 --- [    Test worker] tourGuide.service.TourGuideService       : Track Location for user internalUser5115
2022-10-02 23:12:32.705  INFO 75568 --- [pool-7-thread-1] tourGuide.service.TourGuideService       : Track Location for user internalUser1794
2022-10-02 23:12:32.705  INFO 75568 --- [    Test worker] tourGuide.service.TourGuideService       : Track Location for user internalUser6446
2022-10-02 23:12:32.705  INFO 75568 --- [pool-7-thread-1] tourGuide.service.TourGuideService       : Track Location for user internalUser1793
2022-10-02 23:12:32.705  INFO 75568 --- [    Test worker] tourGuide.service.TourGuideService       : Track Location for user internalUser5118
2022-10-02 23:12:32.707  INFO 75568 --- [pool-7-thread-1] tourGuide.service.TourGuideService       : Track Location for user internalUser1767
2022-10-02 23:12:32.707  INFO 75568 --- [    Test worker] tourGuide.service.TourGuideService       : Track Location for user internalUser6449
2022-10-02 23:12:32.707  INFO 75568 --- [pool-7-thread-1] tourGuide.service.TourGuideService       : Track Location for user internalUser1766
2022-10-02 23:12:32.707  INFO 75568 --- [    Test worker] tourGuide.service.TourGuideService       : Track Location for user internalUser7777
2022-10-02 23:12:32.707  INFO 75568 --- [pool-7-thread-1] tourGuide.service.TourGuideService       : Track Location for user internalUser1765
2022-10-02 23:12:32.707  INFO 75568 --- [    Test worker] tourGuide.service.TourGuideService       : Track Location for user internalUser5117
2022-10-02 23:12:32.707  INFO 75568 --- [pool-7-thread-1] tourGuide.service.TourGuideService       : Track Location for user internalUser1764
2022-10-02 23:12:32.708  INFO 75568 --- [    Test worker] tourGuide.service.TourGuideService       : Track Location for user internalUser6448
2022-10-02 23:12:32.708  INFO 75568 --- [pool-7-thread-1] tourGuide.service.TourGuideService       : Track Location for user internalUser1763
2022-10-02 23:12:32.708  INFO 75568 --- [    Test worker] tourGuide.service.TourGuideService       : Track Location for user internalUser7778
2022-10-02 23:12:32.708  INFO 75568 --- [pool-7-thread-1] tourGuide.service.TourGuideService       : Track Location for user internalUser1762
2022-10-02 23:12:32.708  INFO 75568 --- [    Test worker] tourGuide.service.TourGuideService       : Track Location for user internalUser5119
2022-10-02 23:12:32.708  INFO 75568 --- [pool-7-thread-1] tourGuide.service.TourGuideService       : Track Location for user internalUser1761
2022-10-02 23:12:32.708  INFO 75568 --- [    Test worker] tourGuide.service.TourGuideService       : Track Location for user internalUser7771
2022-10-02 23:12:32.708  INFO 75568 --- [pool-7-thread-1] tourGuide.service.TourGuideService       : Track Location for user internalUser1760
2022-10-02 23:12:32.708  INFO 75568 --- [    Test worker] tourGuide.service.TourGuideService       : Track Location for user internalUser7772
2022-10-02 23:12:32.708  INFO 75568 --- [pool-7-thread-1] tourGuide.service.TourGuideService       : Track Location for user internalUser1769
2022-10-02 23:12:32.708  INFO 75568 --- [    Test worker] tourGuide.service.TourGuideService       : Track Location for user internalUser5110
2022-10-02 23:12:32.708  INFO 75568 --- [pool-7-thread-1] tourGuide.service.TourGuideService       : Track Location for user internalUser1768
2022-10-02 23:12:32.708  INFO 75568 --- [    Test worker] tourGuide.service.TourGuideService       : Track Location for user internalUser6441
2022-10-02 23:12:32.709  INFO 75568 --- [pool-7-thread-1] tourGuide.service.TourGuideService       : Track Location for user internalUser1770
2022-10-02 23:12:32.709  INFO 75568 --- [    Test worker] tourGuide.service.TourGuideService       : Track Location for user internalUser6440
2022-10-02 23:12:32.709  INFO 75568 --- [pool-7-thread-1] tourGuide.service.TourGuideService       : Track Location for user internalUser1778
2022-10-02 23:12:32.709  INFO 75568 --- [    Test worker] tourGuide.service.TourGuideService       : Track Location for user internalUser7770
2022-10-02 23:12:32.709  INFO 75568 --- [pool-7-thread-1] tourGuide.service.TourGuideService       : Track Location for user internalUser1777
2022-10-02 23:12:32.709  INFO 75568 --- [    Test worker] tourGuide.service.TourGuideService       : Track Location for user internalUser5112
2022-10-02 23:12:32.709  INFO 75568 --- [pool-7-thread-1] tourGuide.service.TourGuideService       : Track Location for user internalUser1776
2022-10-02 23:12:32.709  INFO 75568 --- [    Test worker] tourGuide.service.TourGuideService       : Track Location for user internalUser6443
2022-10-02 23:12:32.710  INFO 75568 --- [pool-7-thread-1] tourGuide.service.TourGuideService       : Track Location for user internalUser1775
2022-10-02 23:12:32.710  INFO 75568 --- [    Test worker] tourGuide.service.TourGuideService       : Track Location for user internalUser7775
2022-10-02 23:12:32.710  INFO 75568 --- [pool-7-thread-1] tourGuide.service.TourGuideService       : Track Location for user internalUser1774
2022-10-02 23:12:32.710  INFO 75568 --- [    Test worker] tourGuide.service.TourGuideService       : Track Location for user internalUser5111
2022-10-02 23:12:32.710  INFO 75568 --- [pool-7-thread-1] tourGuide.service.TourGuideService       : Track Location for user internalUser1773
2022-10-02 23:12:32.710  INFO 75568 --- [    Test worker] tourGuide.service.TourGuideService       : Track Location for user internalUser6442
2022-10-02 23:12:32.710  INFO 75568 --- [pool-7-thread-1] tourGuide.service.TourGuideService       : Track Location for user internalUser1772
2022-10-02 23:12:32.711  INFO 75568 --- [    Test worker] tourGuide.service.TourGuideService       : Track Location for user internalUser7776
2022-10-02 23:12:32.711  INFO 75568 --- [pool-7-thread-1] tourGuide.service.TourGuideService       : Track Location for user internalUser1771
2022-10-02 23:12:32.711  INFO 75568 --- [pool-7-thread-1] tourGuide.service.TourGuideService       : Track Location for user internalUser1779
2022-10-02 23:12:32.711  INFO 75568 --- [    Test worker] tourGuide.service.TourGuideService       : Track Location for user internalUser5114
2022-10-02 23:12:32.711  INFO 75568 --- [pool-7-thread-1] tourGuide.service.TourGuideService       : Track Location for user internalUser5269
2022-10-02 23:12:32.711  INFO 75568 --- [    Test worker] tourGuide.service.TourGuideService       : Track Location for user internalUser6445
2022-10-02 23:12:32.711  INFO 75568 --- [pool-7-thread-1] tourGuide.service.TourGuideService       : Track Location for user internalUser5262
2022-10-02 23:12:32.711  INFO 75568 --- [    Test worker] tourGuide.service.TourGuideService       : Track Location for user internalUser7773
2022-10-02 23:12:32.711  INFO 75568 --- [pool-7-thread-1] tourGuide.service.TourGuideService       : Track Location for user internalUser6593
2022-10-02 23:12:32.712  INFO 75568 --- [    Test worker] tourGuide.service.TourGuideService       : Track Location for user internalUser5113
2022-10-02 23:12:32.712  INFO 75568 --- [pool-7-thread-1] tourGuide.service.TourGuideService       : Track Location for user internalUser5261
2022-10-02 23:12:32.712  INFO 75568 --- [    Test worker] tourGuide.service.TourGuideService       : Track Location for user internalUser6444
2022-10-02 23:12:32.712  INFO 75568 --- [    Test worker] tourGuide.service.TourGuideService       : Track Location for user internalUser7774
2022-10-02 23:12:32.712  INFO 75568 --- [pool-7-thread-1] tourGuide.service.TourGuideService       : Track Location for user internalUser6592
2022-10-02 23:12:32.712  INFO 75568 --- [    Test worker] tourGuide.service.TourGuideService       : Track Location for user internalUser6414
2022-10-02 23:12:32.712  INFO 75568 --- [    Test worker] tourGuide.service.TourGuideService       : Track Location for user internalUser7746
2022-10-02 23:12:32.712  INFO 75568 --- [pool-7-thread-1] tourGuide.service.TourGuideService       : Track Location for user internalUser5264
2022-10-02 23:12:32.712  INFO 75568 --- [    Test worker] tourGuide.service.TourGuideService       : Track Location for user internalUser6413
2022-10-02 23:12:32.713  INFO 75568 --- [pool-7-thread-1] tourGuide.service.TourGuideService       : Track Location for user internalUser6595
2022-10-02 23:12:32.713  INFO 75568 --- [    Test worker] tourGuide.service.TourGuideService       : Track Location for user internalUser7747
2022-10-02 23:12:32.713  INFO 75568 --- [pool-7-thread-1] tourGuide.service.TourGuideService       : Track Location for user internalUser5263
2022-10-02 23:12:32.713  INFO 75568 --- [    Test worker] tourGuide.service.TourGuideService       : Track Location for user internalUser6416
2022-10-02 23:12:32.713  INFO 75568 --- [pool-7-thread-1] tourGuide.service.TourGuideService       : Track Location for user internalUser6594
2022-10-02 23:12:32.713  INFO 75568 --- [pool-7-thread-1] tourGuide.service.TourGuideService       : Track Location for user internalUser5266
2022-10-02 23:12:32.713  INFO 75568 --- [    Test worker] tourGuide.service.TourGuideService       : Track Location for user internalUser7744
2022-10-02 23:12:32.714  INFO 75568 --- [    Test worker] tourGuide.service.TourGuideService       : Track Location for user internalUser6415
2022-10-02 23:12:32.714  INFO 75568 --- [    Test worker] tourGuide.service.TourGuideService       : Track Location for user internalUser7745
2022-10-02 23:12:32.714  INFO 75568 --- [pool-7-thread-1] tourGuide.service.TourGuideService       : Track Location for user internalUser6597
2022-10-02 23:12:32.714  INFO 75568 --- [    Test worker] tourGuide.service.TourGuideService       : Track Location for user internalUser6418
2022-10-02 23:12:32.714  INFO 75568 --- [pool-7-thread-1] tourGuide.service.TourGuideService       : Track Location for user internalUser5265
2022-10-02 23:12:32.714  INFO 75568 --- [    Test worker] tourGuide.service.TourGuideService       : Track Location for user internalUser6417
2022-10-02 23:12:32.714  INFO 75568 --- [pool-7-thread-1] tourGuide.service.TourGuideService       : Track Location for user internalUser6596
2022-10-02 23:12:32.715  INFO 75568 --- [    Test worker] tourGuide.service.TourGuideService       : Track Location for user internalUser7748
2022-10-02 23:12:32.715  INFO 75568 --- [pool-7-thread-1] tourGuide.service.TourGuideService       : Track Location for user internalUser5268
2022-10-02 23:12:32.715  INFO 75568 --- [pool-7-thread-1] tourGuide.service.TourGuideService       : Track Location for user internalUser6599
2022-10-02 23:12:32.715  INFO 75568 --- [pool-7-thread-1] tourGuide.service.TourGuideService       : Track Location for user internalUser5267
2022-10-02 23:12:32.715  INFO 75568 --- [pool-7-thread-1] tourGuide.service.TourGuideService       : Track Location for user internalUser6598
2022-10-02 23:12:32.715  INFO 75568 --- [pool-7-thread-1] tourGuide.service.TourGuideService       : Track Location for user internalUser5271
2022-10-02 23:12:32.715  INFO 75568 --- [pool-7-thread-1] tourGuide.service.TourGuideService       : Track Location for user internalUser5270
2022-10-02 23:12:32.715  INFO 75568 --- [pool-7-thread-1] tourGuide.service.TourGuideService       : Track Location for user internalUser5273
2022-10-02 23:12:32.715  INFO 75568 --- [pool-7-thread-1] tourGuide.service.TourGuideService       : Track Location for user internalUser5272
2022-10-02 23:12:32.716  INFO 75568 --- [    Test worker] tourGuide.service.TourGuideService       : Track Location for user internalUser6419
2022-10-02 23:12:32.716  INFO 75568 --- [pool-7-thread-1] tourGuide.service.TourGuideService       : Track Location for user internalUser5275
2022-10-02 23:12:32.716  INFO 75568 --- [    Test worker] tourGuide.service.TourGuideService       : Track Location for user internalUser7749
2022-10-02 23:12:32.716  INFO 75568 --- [pool-7-thread-1] tourGuide.service.TourGuideService       : Track Location for user internalUser5274
2022-10-02 23:12:32.716  INFO 75568 --- [    Test worker] tourGuide.service.TourGuideService       : Track Location for user internalUser6410
2022-10-02 23:12:32.716  INFO 75568 --- [pool-7-thread-1] tourGuide.service.TourGuideService       : Track Location for user internalUser5277
2022-10-02 23:12:32.716  INFO 75568 --- [    Test worker] tourGuide.service.TourGuideService       : Track Location for user internalUser7742
2022-10-02 23:12:32.716  INFO 75568 --- [pool-7-thread-1] tourGuide.service.TourGuideService       : Track Location for user internalUser5276
2022-10-02 23:12:32.716  INFO 75568 --- [    Test worker] tourGuide.service.TourGuideService       : Track Location for user internalUser7743
2022-10-02 23:12:32.716  INFO 75568 --- [pool-7-thread-1] tourGuide.service.TourGuideService       : Track Location for user internalUser5279
2022-10-02 23:12:32.717  INFO 75568 --- [    Test worker] tourGuide.service.TourGuideService       : Track Location for user internalUser6412
2022-10-02 23:12:32.717  INFO 75568 --- [pool-7-thread-1] tourGuide.service.TourGuideService       : Track Location for user internalUser5278
2022-10-02 23:12:32.717  INFO 75568 --- [    Test worker] tourGuide.service.TourGuideService       : Track Location for user internalUser7740
2022-10-02 23:12:32.717  INFO 75568 --- [pool-7-thread-1] tourGuide.service.TourGuideService       : Track Location for user internalUser5280
2022-10-02 23:12:32.717  INFO 75568 --- [    Test worker] tourGuide.service.TourGuideService       : Track Location for user internalUser6411
2022-10-02 23:12:32.717  INFO 75568 --- [pool-7-thread-1] tourGuide.service.TourGuideService       : Track Location for user internalUser5282
2022-10-02 23:12:32.717  INFO 75568 --- [pool-7-thread-1] tourGuide.service.TourGuideService       : Track Location for user internalUser5281
2022-10-02 23:12:32.719  INFO 75568 --- [    Test worker] tourGuide.service.TourGuideService       : Track Location for user internalUser7741
2022-10-02 23:12:32.719  INFO 75568 --- [pool-7-thread-1] tourGuide.service.TourGuideService       : Track Location for user internalUser5248
2022-10-02 23:12:32.719  INFO 75568 --- [pool-7-thread-1] tourGuide.service.TourGuideService       : Track Location for user internalUser6579
2022-10-02 23:12:32.719  INFO 75568 --- [    Test worker] tourGuide.service.TourGuideService       : Track Location for user internalUser6425
2022-10-02 23:12:32.719  INFO 75568 --- [pool-7-thread-1] tourGuide.service.TourGuideService       : Track Location for user internalUser5247
2022-10-02 23:12:32.720  INFO 75568 --- [    Test worker] tourGuide.service.TourGuideService       : Track Location for user internalUser7757
2022-10-02 23:12:32.720  INFO 75568 --- [pool-7-thread-1] tourGuide.service.TourGuideService       : Track Location for user internalUser6578
2022-10-02 23:12:32.720  INFO 75568 --- [    Test worker] tourGuide.service.TourGuideService       : Track Location for user internalUser6424
2022-10-02 23:12:32.720  INFO 75568 --- [pool-7-thread-1] tourGuide.service.TourGuideService       : Track Location for user internalUser5249
2022-10-02 23:12:32.720  INFO 75568 --- [    Test worker] tourGuide.service.TourGuideService       : Track Location for user internalUser7758
2022-10-02 23:12:32.720  INFO 75568 --- [pool-7-thread-1] tourGuide.service.TourGuideService       : Track Location for user internalUser5240
2022-10-02 23:12:32.720  INFO 75568 --- [    Test worker] tourGuide.service.TourGuideService       : Track Location for user internalUser6427
2022-10-02 23:12:32.721  INFO 75568 --- [pool-7-thread-1] tourGuide.service.TourGuideService       : Track Location for user internalUser6571
2022-10-02 23:12:32.721  INFO 75568 --- [    Test worker] tourGuide.service.TourGuideService       : Track Location for user internalUser7755
2022-10-02 23:12:32.721  INFO 75568 --- [pool-7-thread-1] tourGuide.service.TourGuideService       : Track Location for user internalUser6570
2022-10-02 23:12:32.721  INFO 75568 --- [    Test worker] tourGuide.service.TourGuideService       : Track Location for user internalUser6426
2022-10-02 23:12:32.721  INFO 75568 --- [pool-7-thread-1] tourGuide.service.TourGuideService       : Track Location for user internalUser5242
2022-10-02 23:12:32.721  INFO 75568 --- [    Test worker] tourGuide.service.TourGuideService       : Track Location for user internalUser7756
2022-10-02 23:12:32.721  INFO 75568 --- [pool-7-thread-1] tourGuide.service.TourGuideService       : Track Location for user internalUser6573
2022-10-02 23:12:32.722  INFO 75568 --- [    Test worker] tourGuide.service.TourGuideService       : Track Location for user internalUser6429
2022-10-02 23:12:32.722  INFO 75568 --- [pool-7-thread-1] tourGuide.service.TourGuideService       : Track Location for user internalUser5241
2022-10-02 23:12:32.722  INFO 75568 --- [    Test worker] tourGuide.service.TourGuideService       : Track Location for user internalUser6428
2022-10-02 23:12:32.722  INFO 75568 --- [pool-7-thread-1] tourGuide.service.TourGuideService       : Track Location for user internalUser6572
2022-10-02 23:12:32.722  INFO 75568 --- [    Test worker] tourGuide.service.TourGuideService       : Track Location for user internalUser7759
2022-10-02 23:12:32.722  INFO 75568 --- [pool-7-thread-1] tourGuide.service.TourGuideService       : Track Location for user internalUser5244
2022-10-02 23:12:32.722  INFO 75568 --- [pool-7-thread-1] tourGuide.service.TourGuideService       : Track Location for user internalUser6575
2022-10-02 23:12:32.722  INFO 75568 --- [pool-7-thread-1] tourGuide.service.TourGuideService       : Track Location for user internalUser5243
2022-10-02 23:12:32.722  INFO 75568 --- [    Test worker] tourGuide.service.TourGuideService       : Track Location for user internalUser7750
2022-10-02 23:12:32.722  INFO 75568 --- [pool-7-thread-1] tourGuide.service.TourGuideService       : Track Location for user internalUser6574
2022-10-02 23:12:32.723  INFO 75568 --- [    Test worker] tourGuide.service.TourGuideService       : Track Location for user internalUser6421
2022-10-02 23:12:32.723  INFO 75568 --- [pool-7-thread-1] tourGuide.service.TourGuideService       : Track Location for user internalUser5246
2022-10-02 23:12:32.723  INFO 75568 --- [    Test worker] tourGuide.service.TourGuideService       : Track Location for user internalUser7753
2022-10-02 23:12:32.723  INFO 75568 --- [pool-7-thread-1] tourGuide.service.TourGuideService       : Track Location for user internalUser6577
2022-10-02 23:12:32.723  INFO 75568 --- [    Test worker] tourGuide.service.TourGuideService       : Track Location for user internalUser6420
2022-10-02 23:12:32.723  INFO 75568 --- [pool-7-thread-1] tourGuide.service.TourGuideService       : Track Location for user internalUser5245
2022-10-02 23:12:32.723  INFO 75568 --- [    Test worker] tourGuide.service.TourGuideService       : Track Location for user internalUser7754
2022-10-02 23:12:32.723  INFO 75568 --- [pool-7-thread-1] tourGuide.service.TourGuideService       : Track Location for user internalUser6576
2022-10-02 23:12:32.724  INFO 75568 --- [    Test worker] tourGuide.service.TourGuideService       : Track Location for user internalUser6423
2022-10-02 23:12:32.724  INFO 75568 --- [pool-7-thread-1] tourGuide.service.TourGuideService       : Track Location for user internalUser6580
2022-10-02 23:12:32.724  INFO 75568 --- [    Test worker] tourGuide.service.TourGuideService       : Track Location for user internalUser7751
2022-10-02 23:12:32.724  INFO 75568 --- [pool-7-thread-1] tourGuide.service.TourGuideService       : Track Location for user internalUser5259
2022-10-02 23:12:32.724  INFO 75568 --- [    Test worker] tourGuide.service.TourGuideService       : Track Location for user internalUser6422
2022-10-02 23:12:32.724  INFO 75568 --- [pool-7-thread-1] tourGuide.service.TourGuideService       : Track Location for user internalUser5258
2022-10-02 23:12:32.724  INFO 75568 --- [    Test worker] tourGuide.service.TourGuideService       : Track Location for user internalUser7752
2022-10-02 23:12:32.724  INFO 75568 --- [pool-7-thread-1] tourGuide.service.TourGuideService       : Track Location for user internalUser6589
2022-10-02 23:12:32.724  INFO 75568 --- [    Test worker] tourGuide.service.TourGuideService       : Track Location for user internalUser1583
2022-10-02 23:12:32.724  INFO 75568 --- [pool-7-thread-1] tourGuide.service.TourGuideService       : Track Location for user internalUser5251
2022-10-02 23:12:32.725  INFO 75568 --- [    Test worker] tourGuide.service.TourGuideService       : Track Location for user internalUser1582
2022-10-02 23:12:32.725  INFO 75568 --- [pool-7-thread-1] tourGuide.service.TourGuideService       : Track Location for user internalUser6582
2022-10-02 23:12:32.725  INFO 75568 --- [pool-7-thread-1] tourGuide.service.TourGuideService       : Track Location for user internalUser5250
2022-10-02 23:12:32.725  INFO 75568 --- [    Test worker] tourGuide.service.TourGuideService       : Track Location for user internalUser1581
2022-10-02 23:12:32.726  INFO 75568 --- [pool-7-thread-1] tourGuide.service.TourGuideService       : Track Location for user internalUser6581
2022-10-02 23:12:32.726  INFO 75568 --- [    Test worker] tourGuide.service.TourGuideService       : Track Location for user internalUser1580
2022-10-02 23:12:32.726  INFO 75568 --- [pool-7-thread-1] tourGuide.service.TourGuideService       : Track Location for user internalUser5253
2022-10-02 23:12:32.726  INFO 75568 --- [    Test worker] tourGuide.service.TourGuideService       : Track Location for user internalUser1589
2022-10-02 23:12:32.726  INFO 75568 --- [pool-7-thread-1] tourGuide.service.TourGuideService       : Track Location for user internalUser6584
2022-10-02 23:12:32.726  INFO 75568 --- [    Test worker] tourGuide.service.TourGuideService       : Track Location for user internalUser1588
2022-10-02 23:12:32.726  INFO 75568 --- [pool-7-thread-1] tourGuide.service.TourGuideService       : Track Location for user internalUser5252
2022-10-02 23:12:32.727  INFO 75568 --- [pool-7-thread-1] tourGuide.service.TourGuideService       : Track Location for user internalUser6583
2022-10-02 23:12:32.727  INFO 75568 --- [pool-7-thread-1] tourGuide.service.TourGuideService       : Track Location for user internalUser5255
2022-10-02 23:12:32.727  INFO 75568 --- [pool-7-thread-1] tourGuide.service.TourGuideService       : Track Location for user internalUser6586
2022-10-02 23:12:32.727  INFO 75568 --- [pool-7-thread-1] tourGuide.service.TourGuideService       : Track Location for user internalUser5254
2022-10-02 23:12:32.727  INFO 75568 --- [    Test worker] tourGuide.service.TourGuideService       : Track Location for user internalUser1587
2022-10-02 23:12:32.727  INFO 75568 --- [pool-7-thread-1] tourGuide.service.TourGuideService       : Track Location for user internalUser6585
2022-10-02 23:12:32.727  INFO 75568 --- [    Test worker] tourGuide.service.TourGuideService       : Track Location for user internalUser1586
2022-10-02 23:12:32.727  INFO 75568 --- [pool-7-thread-1] tourGuide.service.TourGuideService       : Track Location for user internalUser5257
2022-10-02 23:12:32.728  INFO 75568 --- [    Test worker] tourGuide.service.TourGuideService       : Track Location for user internalUser1585
2022-10-02 23:12:32.728  INFO 75568 --- [pool-7-thread-1] tourGuide.service.TourGuideService       : Track Location for user internalUser6588
2022-10-02 23:12:32.728  INFO 75568 --- [    Test worker] tourGuide.service.TourGuideService       : Track Location for user internalUser1584
2022-10-02 23:12:32.728  INFO 75568 --- [pool-7-thread-1] tourGuide.service.TourGuideService       : Track Location for user internalUser5256
2022-10-02 23:12:32.728  INFO 75568 --- [    Test worker] tourGuide.service.TourGuideService       : Track Location for user internalUser1594
2022-10-02 23:12:32.728  INFO 75568 --- [pool-7-thread-1] tourGuide.service.TourGuideService       : Track Location for user internalUser6587
2022-10-02 23:12:32.728  INFO 75568 --- [    Test worker] tourGuide.service.TourGuideService       : Track Location for user internalUser1593
2022-10-02 23:12:32.728  INFO 75568 --- [pool-7-thread-1] tourGuide.service.TourGuideService       : Track Location for user internalUser5260
2022-10-02 23:12:32.729  INFO 75568 --- [    Test worker] tourGuide.service.TourGuideService       : Track Location for user internalUser1592
2022-10-02 23:12:32.729  INFO 75568 --- [pool-7-thread-1] tourGuide.service.TourGuideService       : Track Location for user internalUser6591
2022-10-02 23:12:32.729  INFO 75568 --- [    Test worker] tourGuide.service.TourGuideService       : Track Location for user internalUser1591
2022-10-02 23:12:32.729  INFO 75568 --- [pool-7-thread-1] tourGuide.service.TourGuideService       : Track Location for user internalUser6590
2022-10-02 23:12:32.729  INFO 75568 --- [    Test worker] tourGuide.service.TourGuideService       : Track Location for user internalUser1590
2022-10-02 23:12:32.729  INFO 75568 --- [pool-7-thread-1] tourGuide.service.TourGuideService       : Track Location for user internalUser1701
2022-10-02 23:12:32.729  INFO 75568 --- [    Test worker] tourGuide.service.TourGuideService       : Track Location for user internalUser1599
2022-10-02 23:12:32.729  INFO 75568 --- [pool-7-thread-1] tourGuide.service.TourGuideService       : Track Location for user internalUser1700
2022-10-02 23:12:32.729  INFO 75568 --- [    Test worker] tourGuide.service.TourGuideService       : Track Location for user internalUser1598
2022-10-02 23:12:32.729  INFO 75568 --- [pool-7-thread-1] tourGuide.service.TourGuideService       : Track Location for user internalUser1709
2022-10-02 23:12:32.729  INFO 75568 --- [    Test worker] tourGuide.service.TourGuideService       : Track Location for user internalUser1597
2022-10-02 23:12:32.730  INFO 75568 --- [pool-7-thread-1] tourGuide.service.TourGuideService       : Track Location for user internalUser1708
2022-10-02 23:12:32.730  INFO 75568 --- [    Test worker] tourGuide.service.TourGuideService       : Track Location for user internalUser1596
2022-10-02 23:12:32.730  INFO 75568 --- [pool-7-thread-1] tourGuide.service.TourGuideService       : Track Location for user internalUser1707
2022-10-02 23:12:32.730  INFO 75568 --- [    Test worker] tourGuide.service.TourGuideService       : Track Location for user internalUser1595
2022-10-02 23:12:32.730  INFO 75568 --- [pool-7-thread-1] tourGuide.service.TourGuideService       : Track Location for user internalUser1706
2022-10-02 23:12:32.730  INFO 75568 --- [    Test worker] tourGuide.service.TourGuideService       : Track Location for user internalUser1561
2022-10-02 23:12:32.730  INFO 75568 --- [pool-7-thread-1] tourGuide.service.TourGuideService       : Track Location for user internalUser1705
2022-10-02 23:12:32.730  INFO 75568 --- [    Test worker] tourGuide.service.TourGuideService       : Track Location for user internalUser2892
2022-10-02 23:12:32.730  INFO 75568 --- [pool-7-thread-1] tourGuide.service.TourGuideService       : Track Location for user internalUser1704
2022-10-02 23:12:32.730  INFO 75568 --- [    Test worker] tourGuide.service.TourGuideService       : Track Location for user internalUser1560
2022-10-02 23:12:32.731  INFO 75568 --- [pool-7-thread-1] tourGuide.service.TourGuideService       : Track Location for user internalUser1703
2022-10-02 23:12:32.731  INFO 75568 --- [    Test worker] tourGuide.service.TourGuideService       : Track Location for user internalUser2891
2022-10-02 23:12:32.731  INFO 75568 --- [pool-7-thread-1] tourGuide.service.TourGuideService       : Track Location for user internalUser1702
2022-10-02 23:12:32.731  INFO 75568 --- [    Test worker] tourGuide.service.TourGuideService       : Track Location for user internalUser2890
2022-10-02 23:12:32.731  INFO 75568 --- [pool-7-thread-1] tourGuide.service.TourGuideService       : Track Location for user internalUser1712
2022-10-02 23:12:32.731  INFO 75568 --- [    Test worker] tourGuide.service.TourGuideService       : Track Location for user internalUser1569
2022-10-02 23:12:32.731  INFO 75568 --- [pool-7-thread-1] tourGuide.service.TourGuideService       : Track Location for user internalUser1711
2022-10-02 23:12:32.731  INFO 75568 --- [    Test worker] tourGuide.service.TourGuideService       : Track Location for user internalUser1568
2022-10-02 23:12:32.731  INFO 75568 --- [pool-7-thread-1] tourGuide.service.TourGuideService       : Track Location for user internalUser1710
2022-10-02 23:12:32.731  INFO 75568 --- [    Test worker] tourGuide.service.TourGuideService       : Track Location for user internalUser2899
2022-10-02 23:12:32.733  INFO 75568 --- [pool-7-thread-1] tourGuide.service.TourGuideService       : Track Location for user internalUser1719
2022-10-02 23:12:32.733  INFO 75568 --- [    Test worker] tourGuide.service.TourGuideService       : Track Location for user internalUser1567
2022-10-02 23:12:32.733  INFO 75568 --- [pool-7-thread-1] tourGuide.service.TourGuideService       : Track Location for user internalUser1718
2022-10-02 23:12:32.733  INFO 75568 --- [    Test worker] tourGuide.service.TourGuideService       : Track Location for user internalUser2898
2022-10-02 23:12:32.733  INFO 75568 --- [pool-7-thread-1] tourGuide.service.TourGuideService       : Track Location for user internalUser1717
2022-10-02 23:12:32.733  INFO 75568 --- [    Test worker] tourGuide.service.TourGuideService       : Track Location for user internalUser1566
2022-10-02 23:12:32.733  INFO 75568 --- [pool-7-thread-1] tourGuide.service.TourGuideService       : Track Location for user internalUser1716
2022-10-02 23:12:32.733  INFO 75568 --- [    Test worker] tourGuide.service.TourGuideService       : Track Location for user internalUser2897
2022-10-02 23:12:32.734  INFO 75568 --- [pool-7-thread-1] tourGuide.service.TourGuideService       : Track Location for user internalUser1715
2022-10-02 23:12:32.734  INFO 75568 --- [    Test worker] tourGuide.service.TourGuideService       : Track Location for user internalUser1565
2022-10-02 23:12:32.734  INFO 75568 --- [pool-7-thread-1] tourGuide.service.TourGuideService       : Track Location for user internalUser1714
2022-10-02 23:12:32.734  INFO 75568 --- [    Test worker] tourGuide.service.TourGuideService       : Track Location for user internalUser2896
2022-10-02 23:12:32.734  INFO 75568 --- [pool-7-thread-1] tourGuide.service.TourGuideService       : Track Location for user internalUser1713
2022-10-02 23:12:32.734  INFO 75568 --- [    Test worker] tourGuide.service.TourGuideService       : Track Location for user internalUser1564
2022-10-02 23:12:32.734  INFO 75568 --- [pool-7-thread-1] tourGuide.service.TourGuideService       : Track Location for user internalUser5284
2022-10-02 23:12:32.734  INFO 75568 --- [    Test worker] tourGuide.service.TourGuideService       : Track Location for user internalUser2895
2022-10-02 23:12:32.734  INFO 75568 --- [pool-7-thread-1] tourGuide.service.TourGuideService       : Track Location for user internalUser5283
2022-10-02 23:12:32.734  INFO 75568 --- [    Test worker] tourGuide.service.TourGuideService       : Track Location for user internalUser1563
2022-10-02 23:12:32.734  INFO 75568 --- [pool-7-thread-1] tourGuide.service.TourGuideService       : Track Location for user internalUser5286
2022-10-02 23:12:32.734  INFO 75568 --- [    Test worker] tourGuide.service.TourGuideService       : Track Location for user internalUser2894
2022-10-02 23:12:32.735  INFO 75568 --- [pool-7-thread-1] tourGuide.service.TourGuideService       : Track Location for user internalUser5285
2022-10-02 23:12:32.735  INFO 75568 --- [    Test worker] tourGuide.service.TourGuideService       : Track Location for user internalUser1562
2022-10-02 23:12:32.735  INFO 75568 --- [pool-7-thread-1] tourGuide.service.TourGuideService       : Track Location for user internalUser5288
2022-10-02 23:12:32.735  INFO 75568 --- [    Test worker] tourGuide.service.TourGuideService       : Track Location for user internalUser2893
2022-10-02 23:12:32.735  INFO 75568 --- [pool-7-thread-1] tourGuide.service.TourGuideService       : Track Location for user internalUser5287
2022-10-02 23:12:32.735  INFO 75568 --- [    Test worker] tourGuide.service.TourGuideService       : Track Location for user internalUser1572
2022-10-02 23:12:32.735  INFO 75568 --- [pool-7-thread-1] tourGuide.service.TourGuideService       : Track Location for user internalUser5289
2022-10-02 23:12:32.735  INFO 75568 --- [    Test worker] tourGuide.service.TourGuideService       : Track Location for user internalUser1571
2022-10-02 23:12:32.735  INFO 75568 --- [pool-7-thread-1] tourGuide.service.TourGuideService       : Track Location for user internalUser5291
2022-10-02 23:12:32.735  INFO 75568 --- [    Test worker] tourGuide.service.TourGuideService       : Track Location for user internalUser1570
2022-10-02 23:12:32.735  INFO 75568 --- [pool-7-thread-1] tourGuide.service.TourGuideService       : Track Location for user internalUser5290
2022-10-02 23:12:32.735  INFO 75568 --- [    Test worker] tourGuide.service.TourGuideService       : Track Location for user internalUser1579
2022-10-02 23:12:32.735  INFO 75568 --- [pool-7-thread-1] tourGuide.service.TourGuideService       : Track Location for user internalUser5293
2022-10-02 23:12:32.736  INFO 75568 --- [    Test worker] tourGuide.service.TourGuideService       : Track Location for user internalUser1578
2022-10-02 23:12:32.736  INFO 75568 --- [pool-7-thread-1] tourGuide.service.TourGuideService       : Track Location for user internalUser5292
2022-10-02 23:12:32.736  INFO 75568 --- [    Test worker] tourGuide.service.TourGuideService       : Track Location for user internalUser1577
2022-10-02 23:12:32.736  INFO 75568 --- [pool-7-thread-1] tourGuide.service.TourGuideService       : Track Location for user internalUser5295
2022-10-02 23:12:32.736  INFO 75568 --- [    Test worker] tourGuide.service.TourGuideService       : Track Location for user internalUser1576
2022-10-02 23:12:32.736  INFO 75568 --- [pool-7-thread-1] tourGuide.service.TourGuideService       : Track Location for user internalUser5294
2022-10-02 23:12:32.736  INFO 75568 --- [    Test worker] tourGuide.service.TourGuideService       : Track Location for user internalUser1575
2022-10-02 23:12:32.736  INFO 75568 --- [pool-7-thread-1] tourGuide.service.TourGuideService       : Track Location for user internalUser5297
2022-10-02 23:12:32.737  INFO 75568 --- [    Test worker] tourGuide.service.TourGuideService       : Track Location for user internalUser1574
2022-10-02 23:12:32.737  INFO 75568 --- [pool-7-thread-1] tourGuide.service.TourGuideService       : Track Location for user internalUser5296
2022-10-02 23:12:32.737  INFO 75568 --- [    Test worker] tourGuide.service.TourGuideService       : Track Location for user internalUser1573
2022-10-02 23:12:32.737  INFO 75568 --- [pool-7-thread-1] tourGuide.service.TourGuideService       : Track Location for user internalUser5299
2022-10-02 23:12:32.737  INFO 75568 --- [    Test worker] tourGuide.service.TourGuideService       : Track Location for user internalUser1745
2022-10-02 23:12:32.737  INFO 75568 --- [pool-7-thread-1] tourGuide.service.TourGuideService       : Track Location for user internalUser5298
2022-10-02 23:12:32.737  INFO 75568 --- [    Test worker] tourGuide.service.TourGuideService       : Track Location for user internalUser1744
2022-10-02 23:12:32.737  INFO 75568 --- [pool-7-thread-1] tourGuide.service.TourGuideService       : Track Location for user internalUser6513
2022-10-02 23:12:32.737  INFO 75568 --- [    Test worker] tourGuide.service.TourGuideService       : Track Location for user internalUser1743
2022-10-02 23:12:32.738  INFO 75568 --- [pool-7-thread-1] tourGuide.service.TourGuideService       : Track Location for user internalUser7845
2022-10-02 23:12:32.738  INFO 75568 --- [    Test worker] tourGuide.service.TourGuideService       : Track Location for user internalUser1742
2022-10-02 23:12:32.738  INFO 75568 --- [pool-7-thread-1] tourGuide.service.TourGuideService       : Track Location for user internalUser6512
2022-10-02 23:12:32.738  INFO 75568 --- [    Test worker] tourGuide.service.TourGuideService       : Track Location for user internalUser1741
2022-10-02 23:12:32.738  INFO 75568 --- [pool-7-thread-1] tourGuide.service.TourGuideService       : Track Location for user internalUser7846
2022-10-02 23:12:32.738  INFO 75568 --- [    Test worker] tourGuide.service.TourGuideService       : Track Location for user internalUser1740
2022-10-02 23:12:32.738  INFO 75568 --- [pool-7-thread-1] tourGuide.service.TourGuideService       : Track Location for user internalUser6515
2022-10-02 23:12:32.738  INFO 75568 --- [    Test worker] tourGuide.service.TourGuideService       : Track Location for user internalUser1749
2022-10-02 23:12:32.738  INFO 75568 --- [pool-7-thread-1] tourGuide.service.TourGuideService       : Track Location for user internalUser7843
2022-10-02 23:12:32.738  INFO 75568 --- [    Test worker] tourGuide.service.TourGuideService       : Track Location for user internalUser1748
2022-10-02 23:12:32.738  INFO 75568 --- [pool-7-thread-1] tourGuide.service.TourGuideService       : Track Location for user internalUser6514
2022-10-02 23:12:32.738  INFO 75568 --- [    Test worker] tourGuide.service.TourGuideService       : Track Location for user internalUser1747
2022-10-02 23:12:32.738  INFO 75568 --- [pool-7-thread-1] tourGuide.service.TourGuideService       : Track Location for user internalUser7844
2022-10-02 23:12:32.739  INFO 75568 --- [    Test worker] tourGuide.service.TourGuideService       : Track Location for user internalUser1746
2022-10-02 23:12:32.739  INFO 75568 --- [pool-7-thread-1] tourGuide.service.TourGuideService       : Track Location for user internalUser6517
2022-10-02 23:12:32.739  INFO 75568 --- [    Test worker] tourGuide.service.TourGuideService       : Track Location for user internalUser1756
2022-10-02 23:12:32.739  INFO 75568 --- [pool-7-thread-1] tourGuide.service.TourGuideService       : Track Location for user internalUser7849
2022-10-02 23:12:32.739  INFO 75568 --- [    Test worker] tourGuide.service.TourGuideService       : Track Location for user internalUser1755
2022-10-02 23:12:32.739  INFO 75568 --- [pool-7-thread-1] tourGuide.service.TourGuideService       : Track Location for user internalUser6516
2022-10-02 23:12:32.739  INFO 75568 --- [    Test worker] tourGuide.service.TourGuideService       : Track Location for user internalUser1754
2022-10-02 23:12:32.739  INFO 75568 --- [pool-7-thread-1] tourGuide.service.TourGuideService       : Track Location for user internalUser6519
2022-10-02 23:12:32.739  INFO 75568 --- [    Test worker] tourGuide.service.TourGuideService       : Track Location for user internalUser1753
2022-10-02 23:12:32.739  INFO 75568 --- [pool-7-thread-1] tourGuide.service.TourGuideService       : Track Location for user internalUser7847
2022-10-02 23:12:32.739  INFO 75568 --- [    Test worker] tourGuide.service.TourGuideService       : Track Location for user internalUser1752
2022-10-02 23:12:32.739  INFO 75568 --- [pool-7-thread-1] tourGuide.service.TourGuideService       : Track Location for user internalUser6518
2022-10-02 23:12:32.740  INFO 75568 --- [    Test worker] tourGuide.service.TourGuideService       : Track Location for user internalUser1751
2022-10-02 23:12:32.740  INFO 75568 --- [pool-7-thread-1] tourGuide.service.TourGuideService       : Track Location for user internalUser7848
2022-10-02 23:12:32.740  INFO 75568 --- [    Test worker] tourGuide.service.TourGuideService       : Track Location for user internalUser1750
2022-10-02 23:12:32.740  INFO 75568 --- [pool-7-thread-1] tourGuide.service.TourGuideService       : Track Location for user internalUser7841
2022-10-02 23:12:32.740  INFO 75568 --- [    Test worker] tourGuide.service.TourGuideService       : Track Location for user internalUser1759
2022-10-02 23:12:32.740  INFO 75568 --- [pool-7-thread-1] tourGuide.service.TourGuideService       : Track Location for user internalUser7842
2022-10-02 23:12:32.740  INFO 75568 --- [    Test worker] tourGuide.service.TourGuideService       : Track Location for user internalUser1758
2022-10-02 23:12:32.741  INFO 75568 --- [pool-7-thread-1] tourGuide.service.TourGuideService       : Track Location for user internalUser6511
2022-10-02 23:12:32.741  INFO 75568 --- [    Test worker] tourGuide.service.TourGuideService       : Track Location for user internalUser1757
2022-10-02 23:12:32.742  INFO 75568 --- [pool-7-thread-1] tourGuide.service.TourGuideService       : Track Location for user internalUser6510
2022-10-02 23:12:32.742  INFO 75568 --- [    Test worker] tourGuide.service.TourGuideService       : Track Location for user internalUser1723
2022-10-02 23:12:32.742  INFO 75568 --- [pool-7-thread-1] tourGuide.service.TourGuideService       : Track Location for user internalUser7840
2022-10-02 23:12:32.742  INFO 75568 --- [    Test worker] tourGuide.service.TourGuideService       : Track Location for user internalUser1722
2022-10-02 23:12:32.742  INFO 75568 --- [pool-7-thread-1] tourGuide.service.TourGuideService       : Track Location for user internalUser6524
2022-10-02 23:12:32.742  INFO 75568 --- [    Test worker] tourGuide.service.TourGuideService       : Track Location for user internalUser1721
2022-10-02 23:12:32.743  INFO 75568 --- [pool-7-thread-1] tourGuide.service.TourGuideService       : Track Location for user internalUser7856
2022-10-02 23:12:32.743  INFO 75568 --- [    Test worker] tourGuide.service.TourGuideService       : Track Location for user internalUser1720
2022-10-02 23:12:32.743  INFO 75568 --- [pool-7-thread-1] tourGuide.service.TourGuideService       : Track Location for user internalUser6523
2022-10-02 23:12:32.743  INFO 75568 --- [    Test worker] tourGuide.service.TourGuideService       : Track Location for user internalUser1729
2022-10-02 23:12:32.743  INFO 75568 --- [pool-7-thread-1] tourGuide.service.TourGuideService       : Track Location for user internalUser7857
2022-10-02 23:12:32.743  INFO 75568 --- [    Test worker] tourGuide.service.TourGuideService       : Track Location for user internalUser1728
2022-10-02 23:12:32.743  INFO 75568 --- [pool-7-thread-1] tourGuide.service.TourGuideService       : Track Location for user internalUser6526
2022-10-02 23:12:32.743  INFO 75568 --- [    Test worker] tourGuide.service.TourGuideService       : Track Location for user internalUser1727
2022-10-02 23:12:32.743  INFO 75568 --- [pool-7-thread-1] tourGuide.service.TourGuideService       : Track Location for user internalUser7854
2022-10-02 23:12:32.743  INFO 75568 --- [    Test worker] tourGuide.service.TourGuideService       : Track Location for user internalUser1726
2022-10-02 23:12:32.744  INFO 75568 --- [pool-7-thread-1] tourGuide.service.TourGuideService       : Track Location for user internalUser6525
2022-10-02 23:12:32.744  INFO 75568 --- [pool-7-thread-1] tourGuide.service.TourGuideService       : Track Location for user internalUser7855
2022-10-02 23:12:32.744  INFO 75568 --- [    Test worker] tourGuide.service.TourGuideService       : Track Location for user internalUser1725
2022-10-02 23:12:32.744  INFO 75568 --- [pool-7-thread-1] tourGuide.service.TourGuideService       : Track Location for user internalUser6528
2022-10-02 23:12:32.744  INFO 75568 --- [    Test worker] tourGuide.service.TourGuideService       : Track Location for user internalUser1724
2022-10-02 23:12:32.744  INFO 75568 --- [pool-7-thread-1] tourGuide.service.TourGuideService       : Track Location for user internalUser6527
2022-10-02 23:12:32.744  INFO 75568 --- [    Test worker] tourGuide.service.TourGuideService       : Track Location for user internalUser1734
2022-10-02 23:12:32.744  INFO 75568 --- [pool-7-thread-1] tourGuide.service.TourGuideService       : Track Location for user internalUser7858
2022-10-02 23:12:32.745  INFO 75568 --- [    Test worker] tourGuide.service.TourGuideService       : Track Location for user internalUser1733
2022-10-02 23:12:32.745  INFO 75568 --- [pool-7-thread-1] tourGuide.service.TourGuideService       : Track Location for user internalUser6529
2022-10-02 23:12:32.745  INFO 75568 --- [    Test worker] tourGuide.service.TourGuideService       : Track Location for user internalUser1732
2022-10-02 23:12:32.745  INFO 75568 --- [pool-7-thread-1] tourGuide.service.TourGuideService       : Track Location for user internalUser7859
2022-10-02 23:12:32.745  INFO 75568 --- [    Test worker] tourGuide.service.TourGuideService       : Track Location for user internalUser1731
2022-10-02 23:12:32.745  INFO 75568 --- [pool-7-thread-1] tourGuide.service.TourGuideService       : Track Location for user internalUser6520
2022-10-02 23:12:32.745  INFO 75568 --- [pool-7-thread-1] tourGuide.service.TourGuideService       : Track Location for user internalUser7852
2022-10-02 23:12:32.745  INFO 75568 --- [    Test worker] tourGuide.service.TourGuideService       : Track Location for user internalUser1730
2022-10-02 23:12:32.746  INFO 75568 --- [pool-7-thread-1] tourGuide.service.TourGuideService       : Track Location for user internalUser7853
2022-10-02 23:12:32.746  INFO 75568 --- [    Test worker] tourGuide.service.TourGuideService       : Track Location for user internalUser1739
2022-10-02 23:12:32.746  INFO 75568 --- [pool-7-thread-1] tourGuide.service.TourGuideService       : Track Location for user internalUser6522
2022-10-02 23:12:32.746  INFO 75568 --- [    Test worker] tourGuide.service.TourGuideService       : Track Location for user internalUser1738
2022-10-02 23:12:32.746  INFO 75568 --- [pool-7-thread-1] tourGuide.service.TourGuideService       : Track Location for user internalUser7850
2022-10-02 23:12:32.746  INFO 75568 --- [    Test worker] tourGuide.service.TourGuideService       : Track Location for user internalUser1737
2022-10-02 23:12:32.746  INFO 75568 --- [pool-7-thread-1] tourGuide.service.TourGuideService       : Track Location for user internalUser6521
2022-10-02 23:12:32.746  INFO 75568 --- [    Test worker] tourGuide.service.TourGuideService       : Track Location for user internalUser1736
2022-10-02 23:12:32.747  INFO 75568 --- [pool-7-thread-1] tourGuide.service.TourGuideService       : Track Location for user internalUser7851
2022-10-02 23:12:32.747  INFO 75568 --- [    Test worker] tourGuide.service.TourGuideService       : Track Location for user internalUser1735
2022-10-02 23:12:32.747  INFO 75568 --- [pool-7-thread-1] tourGuide.service.TourGuideService       : Track Location for user internalUser7823
2022-10-02 23:12:32.747  INFO 75568 --- [    Test worker] tourGuide.service.TourGuideService       : Track Location for user internalUser1781
2022-10-02 23:12:32.747  INFO 75568 --- [pool-7-thread-1] tourGuide.service.TourGuideService       : Track Location for user internalUser7824
2022-10-02 23:12:32.747  INFO 75568 --- [    Test worker] tourGuide.service.TourGuideService       : Track Location for user internalUser1780
2022-10-02 23:12:32.747  INFO 75568 --- [pool-7-thread-1] tourGuide.service.TourGuideService       : Track Location for user internalUser7821
2022-10-02 23:12:32.747  INFO 75568 --- [    Test worker] tourGuide.service.TourGuideService       : Track Location for user internalUser1789
2022-10-02 23:12:32.747  INFO 75568 --- [pool-7-thread-1] tourGuide.service.TourGuideService       : Track Location for user internalUser7822
2022-10-02 23:12:32.747  INFO 75568 --- [    Test worker] tourGuide.service.TourGuideService       : Track Location for user internalUser1788
2022-10-02 23:12:32.747  INFO 75568 --- [    Test worker] tourGuide.service.TourGuideService       : Track Location for user internalUser1787
2022-10-02 23:12:32.747  INFO 75568 --- [pool-7-thread-1] tourGuide.service.TourGuideService       : Track Location for user internalUser7827
2022-10-02 23:12:32.748  INFO 75568 --- [    Test worker] tourGuide.service.TourGuideService       : Track Location for user internalUser1786
2022-10-02 23:12:32.748  INFO 75568 --- [pool-7-thread-1] tourGuide.service.TourGuideService       : Track Location for user internalUser7828
2022-10-02 23:12:32.748  INFO 75568 --- [    Test worker] tourGuide.service.TourGuideService       : Track Location for user internalUser1785
2022-10-02 23:12:32.748  INFO 75568 --- [    Test worker] tourGuide.service.TourGuideService       : Track Location for user internalUser1784
2022-10-02 23:12:32.748  INFO 75568 --- [pool-7-thread-1] tourGuide.service.TourGuideService       : Track Location for user internalUser7825
2022-10-02 23:12:32.748  INFO 75568 --- [    Test worker] tourGuide.service.TourGuideService       : Track Location for user internalUser1783
2022-10-02 23:12:32.748  INFO 75568 --- [pool-7-thread-1] tourGuide.service.TourGuideService       : Track Location for user internalUser7826
2022-10-02 23:12:32.748  INFO 75568 --- [    Test worker] tourGuide.service.TourGuideService       : Track Location for user internalUser1782
2022-10-02 23:12:32.749  INFO 75568 --- [pool-7-thread-1] tourGuide.service.TourGuideService       : Track Location for user internalUser7820
2022-10-02 23:12:32.749  INFO 75568 --- [    Test worker] tourGuide.service.TourGuideService       : Track Location for user internalUser1792
2022-10-02 23:12:32.749  INFO 75568 --- [pool-7-thread-1] tourGuide.service.TourGuideService       : Track Location for user internalUser7829
2022-10-02 23:12:32.750  INFO 75568 --- [    Test worker] tourGuide.service.TourGuideService       : Track Location for user internalUser1791
2022-10-02 23:12:32.750  INFO 75568 --- [pool-7-thread-1] tourGuide.service.TourGuideService       : Track Location for user internalUser6502
2022-10-02 23:12:32.750  INFO 75568 --- [    Test worker] tourGuide.service.TourGuideService       : Track Location for user internalUser1790
2022-10-02 23:12:32.750  INFO 75568 --- [pool-7-thread-1] tourGuide.service.TourGuideService       : Track Location for user internalUser7834
2022-10-02 23:12:32.750  INFO 75568 --- [    Test worker] tourGuide.service.TourGuideService       : Track Location for user internalUser1799
2022-10-02 23:12:32.750  INFO 75568 --- [pool-7-thread-1] tourGuide.service.TourGuideService       : Track Location for user internalUser6501
2022-10-02 23:12:32.750  INFO 75568 --- [    Test worker] tourGuide.service.TourGuideService       : Track Location for user internalUser1798
2022-10-02 23:12:32.750  INFO 75568 --- [pool-7-thread-1] tourGuide.service.TourGuideService       : Track Location for user internalUser7835
2022-10-02 23:12:32.750  INFO 75568 --- [    Test worker] tourGuide.service.TourGuideService       : Track Location for user internalUser1797
2022-10-02 23:12:32.750  INFO 75568 --- [pool-7-thread-1] tourGuide.service.TourGuideService       : Track Location for user internalUser6504
2022-10-02 23:12:32.751  INFO 75568 --- [    Test worker] tourGuide.service.TourGuideService       : Track Location for user internalUser1796
2022-10-02 23:12:32.751  INFO 75568 --- [pool-7-thread-1] tourGuide.service.TourGuideService       : Track Location for user internalUser7832
2022-10-02 23:12:32.751  INFO 75568 --- [    Test worker] tourGuide.service.TourGuideService       : Track Location for user internalUser1795
2022-10-02 23:12:32.751  INFO 75568 --- [pool-7-thread-1] tourGuide.service.TourGuideService       : Track Location for user internalUser6503
2022-10-02 23:12:32.751  INFO 75568 --- [    Test worker] tourGuide.service.TourGuideService       : Track Location for user internalUser1794
2022-10-02 23:12:32.751  INFO 75568 --- [pool-7-thread-1] tourGuide.service.TourGuideService       : Track Location for user internalUser7833
2022-10-02 23:12:32.751  INFO 75568 --- [    Test worker] tourGuide.service.TourGuideService       : Track Location for user internalUser1793
2022-10-02 23:12:32.751  INFO 75568 --- [pool-7-thread-1] tourGuide.service.TourGuideService       : Track Location for user internalUser6506
2022-10-02 23:12:32.751  INFO 75568 --- [    Test worker] tourGuide.service.TourGuideService       : Track Location for user internalUser1767
2022-10-02 23:12:32.751  INFO 75568 --- [pool-7-thread-1] tourGuide.service.TourGuideService       : Track Location for user internalUser7838
2022-10-02 23:12:32.751  INFO 75568 --- [    Test worker] tourGuide.service.TourGuideService       : Track Location for user internalUser1766
2022-10-02 23:12:32.752  INFO 75568 --- [pool-7-thread-1] tourGuide.service.TourGuideService       : Track Location for user internalUser6505
2022-10-02 23:12:32.752  INFO 75568 --- [    Test worker] tourGuide.service.TourGuideService       : Track Location for user internalUser1765
2022-10-02 23:12:32.752  INFO 75568 --- [pool-7-thread-1] tourGuide.service.TourGuideService       : Track Location for user internalUser7839
2022-10-02 23:12:32.752  INFO 75568 --- [    Test worker] tourGuide.service.TourGuideService       : Track Location for user internalUser1764
2022-10-02 23:12:32.752  INFO 75568 --- [pool-7-thread-1] tourGuide.service.TourGuideService       : Track Location for user internalUser6508
2022-10-02 23:12:32.752  INFO 75568 --- [    Test worker] tourGuide.service.TourGuideService       : Track Location for user internalUser1763
2022-10-02 23:12:32.752  INFO 75568 --- [pool-7-thread-1] tourGuide.service.TourGuideService       : Track Location for user internalUser7836
2022-10-02 23:12:32.752  INFO 75568 --- [    Test worker] tourGuide.service.TourGuideService       : Track Location for user internalUser1762
2022-10-02 23:12:32.752  INFO 75568 --- [pool-7-thread-1] tourGuide.service.TourGuideService       : Track Location for user internalUser6507
2022-10-02 23:12:32.752  INFO 75568 --- [    Test worker] tourGuide.service.TourGuideService       : Track Location for user internalUser1761
2022-10-02 23:12:32.752  INFO 75568 --- [pool-7-thread-1] tourGuide.service.TourGuideService       : Track Location for user internalUser7837
2022-10-02 23:12:32.754  INFO 75568 --- [    Test worker] tourGuide.service.TourGuideService       : Track Location for user internalUser1760
2022-10-02 23:12:32.754  INFO 75568 --- [pool-7-thread-1] tourGuide.service.TourGuideService       : Track Location for user internalUser7830
2022-10-02 23:12:32.754  INFO 75568 --- [    Test worker] tourGuide.service.TourGuideService       : Track Location for user internalUser1769
2022-10-02 23:12:32.754  INFO 75568 --- [pool-7-thread-1] tourGuide.service.TourGuideService       : Track Location for user internalUser7831
2022-10-02 23:12:32.754  INFO 75568 --- [    Test worker] tourGuide.service.TourGuideService       : Track Location for user internalUser1768
2022-10-02 23:12:32.754  INFO 75568 --- [pool-7-thread-1] tourGuide.service.TourGuideService       : Track Location for user internalUser6500
2022-10-02 23:12:32.754  INFO 75568 --- [    Test worker] tourGuide.service.TourGuideService       : Track Location for user internalUser1770
2022-10-02 23:12:32.754  INFO 75568 --- [pool-7-thread-1] tourGuide.service.TourGuideService       : Track Location for user internalUser6509
2022-10-02 23:12:32.755  INFO 75568 --- [    Test worker] tourGuide.service.TourGuideService       : Track Location for user internalUser1778
2022-10-02 23:12:32.755  INFO 75568 --- [pool-7-thread-1] tourGuide.service.TourGuideService       : Track Location for user internalUser5226
2022-10-02 23:12:32.755  INFO 75568 --- [    Test worker] tourGuide.service.TourGuideService       : Track Location for user internalUser1777
2022-10-02 23:12:32.755  INFO 75568 --- [pool-7-thread-1] tourGuide.service.TourGuideService       : Track Location for user internalUser6557
2022-10-02 23:12:32.755  INFO 75568 --- [    Test worker] tourGuide.service.TourGuideService       : Track Location for user internalUser1776
2022-10-02 23:12:32.755  INFO 75568 --- [pool-7-thread-1] tourGuide.service.TourGuideService       : Track Location for user internalUser7889
2022-10-02 23:12:32.755  INFO 75568 --- [    Test worker] tourGuide.service.TourGuideService       : Track Location for user internalUser1775
2022-10-02 23:12:32.755  INFO 75568 --- [pool-7-thread-1] tourGuide.service.TourGuideService       : Track Location for user internalUser5225
2022-10-02 23:12:32.755  INFO 75568 --- [    Test worker] tourGuide.service.TourGuideService       : Track Location for user internalUser1774
2022-10-02 23:12:32.755  INFO 75568 --- [pool-7-thread-1] tourGuide.service.TourGuideService       : Track Location for user internalUser6556
2022-10-02 23:12:32.755  INFO 75568 --- [    Test worker] tourGuide.service.TourGuideService       : Track Location for user internalUser1773
2022-10-02 23:12:32.755  INFO 75568 --- [pool-7-thread-1] tourGuide.service.TourGuideService       : Track Location for user internalUser5228
2022-10-02 23:12:32.756  INFO 75568 --- [    Test worker] tourGuide.service.TourGuideService       : Track Location for user internalUser1772
2022-10-02 23:12:32.756  INFO 75568 --- [pool-7-thread-1] tourGuide.service.TourGuideService       : Track Location for user internalUser6559
2022-10-02 23:12:32.756  INFO 75568 --- [    Test worker] tourGuide.service.TourGuideService       : Track Location for user internalUser1771
2022-10-02 23:12:32.756  INFO 75568 --- [pool-7-thread-1] tourGuide.service.TourGuideService       : Track Location for user internalUser7887
2022-10-02 23:12:32.756  INFO 75568 --- [    Test worker] tourGuide.service.TourGuideService       : Track Location for user internalUser1779
2022-10-02 23:12:32.756  INFO 75568 --- [pool-7-thread-1] tourGuide.service.TourGuideService       : Track Location for user internalUser5227
2022-10-02 23:12:32.756  INFO 75568 --- [    Test worker] tourGuide.service.TourGuideService       : Track Location for user internalUser5269
2022-10-02 23:12:32.756  INFO 75568 --- [pool-7-thread-1] tourGuide.service.TourGuideService       : Track Location for user internalUser6558
2022-10-02 23:12:32.756  INFO 75568 --- [    Test worker] tourGuide.service.TourGuideService       : Track Location for user internalUser5262
2022-10-02 23:12:32.756  INFO 75568 --- [pool-7-thread-1] tourGuide.service.TourGuideService       : Track Location for user internalUser7888
2022-10-02 23:12:32.756  INFO 75568 --- [    Test worker] tourGuide.service.TourGuideService       : Track Location for user internalUser6593
2022-10-02 23:12:32.756  INFO 75568 --- [pool-7-thread-1] tourGuide.service.TourGuideService       : Track Location for user internalUser5229
2022-10-02 23:12:32.757  INFO 75568 --- [    Test worker] tourGuide.service.TourGuideService       : Track Location for user internalUser5261
2022-10-02 23:12:32.757  INFO 75568 --- [pool-7-thread-1] tourGuide.service.TourGuideService       : Track Location for user internalUser7881
2022-10-02 23:12:32.757  INFO 75568 --- [    Test worker] tourGuide.service.TourGuideService       : Track Location for user internalUser6592
2022-10-02 23:12:32.757  INFO 75568 --- [pool-7-thread-1] tourGuide.service.TourGuideService       : Track Location for user internalUser7882
2022-10-02 23:12:32.757  INFO 75568 --- [    Test worker] tourGuide.service.TourGuideService       : Track Location for user internalUser5264
2022-10-02 23:12:32.757  INFO 75568 --- [pool-7-thread-1] tourGuide.service.TourGuideService       : Track Location for user internalUser5220
2022-10-02 23:12:32.757  INFO 75568 --- [    Test worker] tourGuide.service.TourGuideService       : Track Location for user internalUser6595
2022-10-02 23:12:32.757  INFO 75568 --- [pool-7-thread-1] tourGuide.service.TourGuideService       : Track Location for user internalUser6551
2022-10-02 23:12:32.757  INFO 75568 --- [    Test worker] tourGuide.service.TourGuideService       : Track Location for user internalUser5263
2022-10-02 23:12:32.757  INFO 75568 --- [pool-7-thread-1] tourGuide.service.TourGuideService       : Track Location for user internalUser6550
2022-10-02 23:12:32.757  INFO 75568 --- [    Test worker] tourGuide.service.TourGuideService       : Track Location for user internalUser6594
2022-10-02 23:12:32.758  INFO 75568 --- [pool-7-thread-1] tourGuide.service.TourGuideService       : Track Location for user internalUser7880
2022-10-02 23:12:32.758  INFO 75568 --- [    Test worker] tourGuide.service.TourGuideService       : Track Location for user internalUser5266
2022-10-02 23:12:32.758  INFO 75568 --- [pool-7-thread-1] tourGuide.service.TourGuideService       : Track Location for user internalUser5222
2022-10-02 23:12:32.758  INFO 75568 --- [    Test worker] tourGuide.service.TourGuideService       : Track Location for user internalUser6597
2022-10-02 23:12:32.758  INFO 75568 --- [pool-7-thread-1] tourGuide.service.TourGuideService       : Track Location for user internalUser6553
2022-10-02 23:12:32.758  INFO 75568 --- [    Test worker] tourGuide.service.TourGuideService       : Track Location for user internalUser5265
2022-10-02 23:12:32.758  INFO 75568 --- [pool-7-thread-1] tourGuide.service.TourGuideService       : Track Location for user internalUser7885
2022-10-02 23:12:32.758  INFO 75568 --- [    Test worker] tourGuide.service.TourGuideService       : Track Location for user internalUser6596
2022-10-02 23:12:32.758  INFO 75568 --- [pool-7-thread-1] tourGuide.service.TourGuideService       : Track Location for user internalUser5221
2022-10-02 23:12:32.758  INFO 75568 --- [    Test worker] tourGuide.service.TourGuideService       : Track Location for user internalUser5268
2022-10-02 23:12:32.758  INFO 75568 --- [pool-7-thread-1] tourGuide.service.TourGuideService       : Track Location for user internalUser6552
2022-10-02 23:12:32.758  INFO 75568 --- [    Test worker] tourGuide.service.TourGuideService       : Track Location for user internalUser6599
2022-10-02 23:12:32.758  INFO 75568 --- [pool-7-thread-1] tourGuide.service.TourGuideService       : Track Location for user internalUser7886
2022-10-02 23:12:32.758  INFO 75568 --- [    Test worker] tourGuide.service.TourGuideService       : Track Location for user internalUser5267
2022-10-02 23:12:32.759  INFO 75568 --- [pool-7-thread-1] tourGuide.service.TourGuideService       : Track Location for user internalUser5224
2022-10-02 23:12:32.759  INFO 75568 --- [    Test worker] tourGuide.service.TourGuideService       : Track Location for user internalUser6598
2022-10-02 23:12:32.759  INFO 75568 --- [pool-7-thread-1] tourGuide.service.TourGuideService       : Track Location for user internalUser6555
2022-10-02 23:12:32.759  INFO 75568 --- [    Test worker] tourGuide.service.TourGuideService       : Track Location for user internalUser5271
2022-10-02 23:12:32.759  INFO 75568 --- [pool-7-thread-1] tourGuide.service.TourGuideService       : Track Location for user internalUser7883
2022-10-02 23:12:32.759  INFO 75568 --- [    Test worker] tourGuide.service.TourGuideService       : Track Location for user internalUser5270
2022-10-02 23:12:32.759  INFO 75568 --- [pool-7-thread-1] tourGuide.service.TourGuideService       : Track Location for user internalUser5223
2022-10-02 23:12:32.759  INFO 75568 --- [    Test worker] tourGuide.service.TourGuideService       : Track Location for user internalUser5273
2022-10-02 23:12:32.759  INFO 75568 --- [pool-7-thread-1] tourGuide.service.TourGuideService       : Track Location for user internalUser6554
2022-10-02 23:12:32.759  INFO 75568 --- [    Test worker] tourGuide.service.TourGuideService       : Track Location for user internalUser5272
2022-10-02 23:12:32.759  INFO 75568 --- [pool-7-thread-1] tourGuide.service.TourGuideService       : Track Location for user internalUser7884
2022-10-02 23:12:32.759  INFO 75568 --- [    Test worker] tourGuide.service.TourGuideService       : Track Location for user internalUser5275
2022-10-02 23:12:32.759  INFO 75568 --- [pool-7-thread-1] tourGuide.service.TourGuideService       : Track Location for user internalUser5237
2022-10-02 23:12:32.760  INFO 75568 --- [    Test worker] tourGuide.service.TourGuideService       : Track Location for user internalUser5274
2022-10-02 23:12:32.760  INFO 75568 --- [pool-7-thread-1] tourGuide.service.TourGuideService       : Track Location for user internalUser6568
2022-10-02 23:12:32.760  INFO 75568 --- [    Test worker] tourGuide.service.TourGuideService       : Track Location for user internalUser5277
2022-10-02 23:12:32.761  INFO 75568 --- [pool-7-thread-1] tourGuide.service.TourGuideService       : Track Location for user internalUser5236
2022-10-02 23:12:32.761  INFO 75568 --- [    Test worker] tourGuide.service.TourGuideService       : Track Location for user internalUser5276
2022-10-02 23:12:32.761  INFO 75568 --- [pool-7-thread-1] tourGuide.service.TourGuideService       : Track Location for user internalUser6567
2022-10-02 23:12:32.761  INFO 75568 --- [    Test worker] tourGuide.service.TourGuideService       : Track Location for user internalUser5279
2022-10-02 23:12:32.761  INFO 75568 --- [pool-7-thread-1] tourGuide.service.TourGuideService       : Track Location for user internalUser5239
2022-10-02 23:12:32.761  INFO 75568 --- [    Test worker] tourGuide.service.TourGuideService       : Track Location for user internalUser5278
2022-10-02 23:12:32.761  INFO 75568 --- [pool-7-thread-1] tourGuide.service.TourGuideService       : Track Location for user internalUser7898
2022-10-02 23:12:32.761  INFO 75568 --- [    Test worker] tourGuide.service.TourGuideService       : Track Location for user internalUser5280
2022-10-02 23:12:32.761  INFO 75568 --- [pool-7-thread-1] tourGuide.service.TourGuideService       : Track Location for user internalUser5238
2022-10-02 23:12:32.761  INFO 75568 --- [    Test worker] tourGuide.service.TourGuideService       : Track Location for user internalUser5282
2022-10-02 23:12:32.761  INFO 75568 --- [pool-7-thread-1] tourGuide.service.TourGuideService       : Track Location for user internalUser6569
2022-10-02 23:12:32.761  INFO 75568 --- [    Test worker] tourGuide.service.TourGuideService       : Track Location for user internalUser5281
2022-10-02 23:12:32.761  INFO 75568 --- [pool-7-thread-1] tourGuide.service.TourGuideService       : Track Location for user internalUser7899
2022-10-02 23:12:32.762  INFO 75568 --- [    Test worker] tourGuide.service.TourGuideService       : Track Location for user internalUser5248
2022-10-02 23:12:32.762  INFO 75568 --- [pool-7-thread-1] tourGuide.service.TourGuideService       : Track Location for user internalUser6560
2022-10-02 23:12:32.762  INFO 75568 --- [    Test worker] tourGuide.service.TourGuideService       : Track Location for user internalUser6579
2022-10-02 23:12:32.762  INFO 75568 --- [pool-7-thread-1] tourGuide.service.TourGuideService       : Track Location for user internalUser7892
2022-10-02 23:12:32.762  INFO 75568 --- [    Test worker] tourGuide.service.TourGuideService       : Track Location for user internalUser5247
2022-10-02 23:12:32.762  INFO 75568 --- [pool-7-thread-1] tourGuide.service.TourGuideService       : Track Location for user internalUser7893
2022-10-02 23:12:32.762  INFO 75568 --- [    Test worker] tourGuide.service.TourGuideService       : Track Location for user internalUser6578
2022-10-02 23:12:32.762  INFO 75568 --- [pool-7-thread-1] tourGuide.service.TourGuideService       : Track Location for user internalUser5231
2022-10-02 23:12:32.762  INFO 75568 --- [    Test worker] tourGuide.service.TourGuideService       : Track Location for user internalUser5249
2022-10-02 23:12:32.762  INFO 75568 --- [pool-7-thread-1] tourGuide.service.TourGuideService       : Track Location for user internalUser6562
2022-10-02 23:12:32.763  INFO 75568 --- [    Test worker] tourGuide.service.TourGuideService       : Track Location for user internalUser5240
2022-10-02 23:12:32.763  INFO 75568 --- [pool-7-thread-1] tourGuide.service.TourGuideService       : Track Location for user internalUser7890
2022-10-02 23:12:32.763  INFO 75568 --- [    Test worker] tourGuide.service.TourGuideService       : Track Location for user internalUser6571
2022-10-02 23:12:32.763  INFO 75568 --- [pool-7-thread-1] tourGuide.service.TourGuideService       : Track Location for user internalUser5230
2022-10-02 23:12:32.763  INFO 75568 --- [    Test worker] tourGuide.service.TourGuideService       : Track Location for user internalUser6570
2022-10-02 23:12:32.763  INFO 75568 --- [pool-7-thread-1] tourGuide.service.TourGuideService       : Track Location for user internalUser6561
2022-10-02 23:12:32.763  INFO 75568 --- [    Test worker] tourGuide.service.TourGuideService       : Track Location for user internalUser5242
2022-10-02 23:12:32.763  INFO 75568 --- [pool-7-thread-1] tourGuide.service.TourGuideService       : Track Location for user internalUser7891
2022-10-02 23:12:32.763  INFO 75568 --- [    Test worker] tourGuide.service.TourGuideService       : Track Location for user internalUser6573
2022-10-02 23:12:32.763  INFO 75568 --- [pool-7-thread-1] tourGuide.service.TourGuideService       : Track Location for user internalUser5233
2022-10-02 23:12:32.764  INFO 75568 --- [    Test worker] tourGuide.service.TourGuideService       : Track Location for user internalUser5241
2022-10-02 23:12:32.764  INFO 75568 --- [pool-7-thread-1] tourGuide.service.TourGuideService       : Track Location for user internalUser6564
2022-10-02 23:12:32.764  INFO 75568 --- [    Test worker] tourGuide.service.TourGuideService       : Track Location for user internalUser6572
2022-10-02 23:12:32.764  INFO 75568 --- [pool-7-thread-1] tourGuide.service.TourGuideService       : Track Location for user internalUser7896
2022-10-02 23:12:32.764  INFO 75568 --- [    Test worker] tourGuide.service.TourGuideService       : Track Location for user internalUser5244
2022-10-02 23:12:32.764  INFO 75568 --- [pool-7-thread-1] tourGuide.service.TourGuideService       : Track Location for user internalUser5232
2022-10-02 23:12:32.764  INFO 75568 --- [    Test worker] tourGuide.service.TourGuideService       : Track Location for user internalUser6575
2022-10-02 23:12:32.764  INFO 75568 --- [pool-7-thread-1] tourGuide.service.TourGuideService       : Track Location for user internalUser6563
2022-10-02 23:12:32.764  INFO 75568 --- [    Test worker] tourGuide.service.TourGuideService       : Track Location for user internalUser5243
2022-10-02 23:12:32.764  INFO 75568 --- [pool-7-thread-1] tourGuide.service.TourGuideService       : Track Location for user internalUser7897
2022-10-02 23:12:32.765  INFO 75568 --- [    Test worker] tourGuide.service.TourGuideService       : Track Location for user internalUser6574
2022-10-02 23:12:32.765  INFO 75568 --- [pool-7-thread-1] tourGuide.service.TourGuideService       : Track Location for user internalUser5235
2022-10-02 23:12:32.765  INFO 75568 --- [    Test worker] tourGuide.service.TourGuideService       : Track Location for user internalUser5246
2022-10-02 23:12:32.765  INFO 75568 --- [pool-7-thread-1] tourGuide.service.TourGuideService       : Track Location for user internalUser6566
2022-10-02 23:12:32.765  INFO 75568 --- [    Test worker] tourGuide.service.TourGuideService       : Track Location for user internalUser6577
2022-10-02 23:12:32.765  INFO 75568 --- [pool-7-thread-1] tourGuide.service.TourGuideService       : Track Location for user internalUser7894
2022-10-02 23:12:32.765  INFO 75568 --- [    Test worker] tourGuide.service.TourGuideService       : Track Location for user internalUser5245
2022-10-02 23:12:32.765  INFO 75568 --- [pool-7-thread-1] tourGuide.service.TourGuideService       : Track Location for user internalUser5234
2022-10-02 23:12:32.765  INFO 75568 --- [    Test worker] tourGuide.service.TourGuideService       : Track Location for user internalUser6576
2022-10-02 23:12:32.766  INFO 75568 --- [pool-7-thread-1] tourGuide.service.TourGuideService       : Track Location for user internalUser6565
2022-10-02 23:12:32.766  INFO 75568 --- [    Test worker] tourGuide.service.TourGuideService       : Track Location for user internalUser6580
2022-10-02 23:12:32.766  INFO 75568 --- [pool-7-thread-1] tourGuide.service.TourGuideService       : Track Location for user internalUser7895
2022-10-02 23:12:32.766  INFO 75568 --- [    Test worker] tourGuide.service.TourGuideService       : Track Location for user internalUser5259
2022-10-02 23:12:32.766  INFO 75568 --- [pool-7-thread-1] tourGuide.service.TourGuideService       : Track Location for user internalUser5204
2022-10-02 23:12:32.766  INFO 75568 --- [    Test worker] tourGuide.service.TourGuideService       : Track Location for user internalUser5258
2022-10-02 23:12:32.766  INFO 75568 --- [pool-7-thread-1] tourGuide.service.TourGuideService       : Track Location for user internalUser6535
2022-10-02 23:12:32.766  INFO 75568 --- [    Test worker] tourGuide.service.TourGuideService       : Track Location for user internalUser6589
2022-10-02 23:12:32.766  INFO 75568 --- [pool-7-thread-1] tourGuide.service.TourGuideService       : Track Location for user internalUser7867
2022-10-02 23:12:32.766  INFO 75568 --- [    Test worker] tourGuide.service.TourGuideService       : Track Location for user internalUser5251
2022-10-02 23:12:32.766  INFO 75568 --- [pool-7-thread-1] tourGuide.service.TourGuideService       : Track Location for user internalUser5203
2022-10-02 23:12:32.766  INFO 75568 --- [    Test worker] tourGuide.service.TourGuideService       : Track Location for user internalUser6582
2022-10-02 23:12:32.766  INFO 75568 --- [pool-7-thread-1] tourGuide.service.TourGuideService       : Track Location for user internalUser6534
2022-10-02 23:12:32.766  INFO 75568 --- [    Test worker] tourGuide.service.TourGuideService       : Track Location for user internalUser5250
2022-10-02 23:12:32.766  INFO 75568 --- [pool-7-thread-1] tourGuide.service.TourGuideService       : Track Location for user internalUser7868
2022-10-02 23:12:32.767  INFO 75568 --- [    Test worker] tourGuide.service.TourGuideService       : Track Location for user internalUser6581
2022-10-02 23:12:32.767  INFO 75568 --- [pool-7-thread-1] tourGuide.service.TourGuideService       : Track Location for user internalUser5206
2022-10-02 23:12:32.767  INFO 75568 --- [    Test worker] tourGuide.service.TourGuideService       : Track Location for user internalUser5253
2022-10-02 23:12:32.767  INFO 75568 --- [pool-7-thread-1] tourGuide.service.TourGuideService       : Track Location for user internalUser6537
2022-10-02 23:12:32.767  INFO 75568 --- [    Test worker] tourGuide.service.TourGuideService       : Track Location for user internalUser6584
2022-10-02 23:12:32.767  INFO 75568 --- [pool-7-thread-1] tourGuide.service.TourGuideService       : Track Location for user internalUser7865
2022-10-02 23:12:32.767  INFO 75568 --- [    Test worker] tourGuide.service.TourGuideService       : Track Location for user internalUser5252
2022-10-02 23:12:32.767  INFO 75568 --- [pool-7-thread-1] tourGuide.service.TourGuideService       : Track Location for user internalUser5205
2022-10-02 23:12:32.767  INFO 75568 --- [    Test worker] tourGuide.service.TourGuideService       : Track Location for user internalUser6583
2022-10-02 23:12:32.767  INFO 75568 --- [pool-7-thread-1] tourGuide.service.TourGuideService       : Track Location for user internalUser6536
2022-10-02 23:12:32.767  INFO 75568 --- [    Test worker] tourGuide.service.TourGuideService       : Track Location for user internalUser5255
2022-10-02 23:12:32.767  INFO 75568 --- [pool-7-thread-1] tourGuide.service.TourGuideService       : Track Location for user internalUser7866
2022-10-02 23:12:32.768  INFO 75568 --- [    Test worker] tourGuide.service.TourGuideService       : Track Location for user internalUser6586
2022-10-02 23:12:32.768  INFO 75568 --- [pool-7-thread-1] tourGuide.service.TourGuideService       : Track Location for user internalUser5208
2022-10-02 23:12:32.768  INFO 75568 --- [    Test worker] tourGuide.service.TourGuideService       : Track Location for user internalUser5254
2022-10-02 23:12:32.768  INFO 75568 --- [pool-7-thread-1] tourGuide.service.TourGuideService       : Track Location for user internalUser6539
2022-10-02 23:12:32.768  INFO 75568 --- [    Test worker] tourGuide.service.TourGuideService       : Track Location for user internalUser6585
2022-10-02 23:12:32.769  INFO 75568 --- [pool-7-thread-1] tourGuide.service.TourGuideService       : Track Location for user internalUser5207
2022-10-02 23:12:32.769  INFO 75568 --- [    Test worker] tourGuide.service.TourGuideService       : Track Location for user internalUser5257
2022-10-02 23:12:32.769  INFO 75568 --- [pool-7-thread-1] tourGuide.service.TourGuideService       : Track Location for user internalUser6538
2022-10-02 23:12:32.769  INFO 75568 --- [    Test worker] tourGuide.service.TourGuideService       : Track Location for user internalUser6588
2022-10-02 23:12:32.770  INFO 75568 --- [pool-7-thread-1] tourGuide.service.TourGuideService       : Track Location for user internalUser7869
2022-10-02 23:12:32.770  INFO 75568 --- [    Test worker] tourGuide.service.TourGuideService       : Track Location for user internalUser5256
2022-10-02 23:12:32.770  INFO 75568 --- [pool-7-thread-1] tourGuide.service.TourGuideService       : Track Location for user internalUser5209
2022-10-02 23:12:32.770  INFO 75568 --- [    Test worker] tourGuide.service.TourGuideService       : Track Location for user internalUser6587
2022-10-02 23:12:32.770  INFO 75568 --- [pool-7-thread-1] tourGuide.service.TourGuideService       : Track Location for user internalUser7860
2022-10-02 23:12:32.770  INFO 75568 --- [    Test worker] tourGuide.service.TourGuideService       : Track Location for user internalUser5260
2022-10-02 23:12:32.770  INFO 75568 --- [pool-7-thread-1] tourGuide.service.TourGuideService       : Track Location for user internalUser5200
2022-10-02 23:12:32.770  INFO 75568 --- [    Test worker] tourGuide.service.TourGuideService       : Track Location for user internalUser6591
2022-10-02 23:12:32.770  INFO 75568 --- [pool-7-thread-1] tourGuide.service.TourGuideService       : Track Location for user internalUser6531
2022-10-02 23:12:32.771  INFO 75568 --- [    Test worker] tourGuide.service.TourGuideService       : Track Location for user internalUser6590
2022-10-02 23:12:32.771  INFO 75568 --- [pool-7-thread-1] tourGuide.service.TourGuideService       : Track Location for user internalUser7863
2022-10-02 23:12:32.771  INFO 75568 --- [    Test worker] tourGuide.service.TourGuideService       : Track Location for user internalUser1701
2022-10-02 23:12:32.771  INFO 75568 --- [pool-7-thread-1] tourGuide.service.TourGuideService       : Track Location for user internalUser6530
2022-10-02 23:12:32.771  INFO 75568 --- [    Test worker] tourGuide.service.TourGuideService       : Track Location for user internalUser1700
2022-10-02 23:12:32.771  INFO 75568 --- [pool-7-thread-1] tourGuide.service.TourGuideService       : Track Location for user internalUser7864
2022-10-02 23:12:32.771  INFO 75568 --- [    Test worker] tourGuide.service.TourGuideService       : Track Location for user internalUser1709
2022-10-02 23:12:32.771  INFO 75568 --- [pool-7-thread-1] tourGuide.service.TourGuideService       : Track Location for user internalUser5202
2022-10-02 23:12:32.771  INFO 75568 --- [    Test worker] tourGuide.service.TourGuideService       : Track Location for user internalUser1708
2022-10-02 23:12:32.771  INFO 75568 --- [pool-7-thread-1] tourGuide.service.TourGuideService       : Track Location for user internalUser6533
2022-10-02 23:12:32.771  INFO 75568 --- [    Test worker] tourGuide.service.TourGuideService       : Track Location for user internalUser1707
2022-10-02 23:12:32.771  INFO 75568 --- [pool-7-thread-1] tourGuide.service.TourGuideService       : Track Location for user internalUser7861
2022-10-02 23:12:32.771  INFO 75568 --- [    Test worker] tourGuide.service.TourGuideService       : Track Location for user internalUser1706
2022-10-02 23:12:32.771  INFO 75568 --- [pool-7-thread-1] tourGuide.service.TourGuideService       : Track Location for user internalUser5201
2022-10-02 23:12:32.772  INFO 75568 --- [    Test worker] tourGuide.service.TourGuideService       : Track Location for user internalUser1705
2022-10-02 23:12:32.772  INFO 75568 --- [pool-7-thread-1] tourGuide.service.TourGuideService       : Track Location for user internalUser6532
2022-10-02 23:12:32.772  INFO 75568 --- [    Test worker] tourGuide.service.TourGuideService       : Track Location for user internalUser1704
2022-10-02 23:12:32.772  INFO 75568 --- [pool-7-thread-1] tourGuide.service.TourGuideService       : Track Location for user internalUser7862
2022-10-02 23:12:32.772  INFO 75568 --- [    Test worker] tourGuide.service.TourGuideService       : Track Location for user internalUser1703
2022-10-02 23:12:32.772  INFO 75568 --- [pool-7-thread-1] tourGuide.service.TourGuideService       : Track Location for user internalUser5215
2022-10-02 23:12:32.772  INFO 75568 --- [    Test worker] tourGuide.service.TourGuideService       : Track Location for user internalUser1702
2022-10-02 23:12:32.772  INFO 75568 --- [pool-7-thread-1] tourGuide.service.TourGuideService       : Track Location for user internalUser6546
2022-10-02 23:12:32.772  INFO 75568 --- [    Test worker] tourGuide.service.TourGuideService       : Track Location for user internalUser1712
2022-10-02 23:12:32.772  INFO 75568 --- [pool-7-thread-1] tourGuide.service.TourGuideService       : Track Location for user internalUser7878
2022-10-02 23:12:32.772  INFO 75568 --- [    Test worker] tourGuide.service.TourGuideService       : Track Location for user internalUser1711
2022-10-02 23:12:32.772  INFO 75568 --- [pool-7-thread-1] tourGuide.service.TourGuideService       : Track Location for user internalUser5214
2022-10-02 23:12:32.773  INFO 75568 --- [    Test worker] tourGuide.service.TourGuideService       : Track Location for user internalUser1710
2022-10-02 23:12:32.773  INFO 75568 --- [pool-7-thread-1] tourGuide.service.TourGuideService       : Track Location for user internalUser6545
2022-10-02 23:12:32.773  INFO 75568 --- [    Test worker] tourGuide.service.TourGuideService       : Track Location for user internalUser1719
2022-10-02 23:12:32.773  INFO 75568 --- [pool-7-thread-1] tourGuide.service.TourGuideService       : Track Location for user internalUser7879
2022-10-02 23:12:32.773  INFO 75568 --- [    Test worker] tourGuide.service.TourGuideService       : Track Location for user internalUser1718
2022-10-02 23:12:32.773  INFO 75568 --- [pool-7-thread-1] tourGuide.service.TourGuideService       : Track Location for user internalUser5217
2022-10-02 23:12:32.773  INFO 75568 --- [    Test worker] tourGuide.service.TourGuideService       : Track Location for user internalUser1717
2022-10-02 23:12:32.773  INFO 75568 --- [pool-7-thread-1] tourGuide.service.TourGuideService       : Track Location for user internalUser6548
2022-10-02 23:12:32.773  INFO 75568 --- [    Test worker] tourGuide.service.TourGuideService       : Track Location for user internalUser1716
2022-10-02 23:12:32.774  INFO 75568 --- [pool-7-thread-1] tourGuide.service.TourGuideService       : Track Location for user internalUser7876
2022-10-02 23:12:32.774  INFO 75568 --- [    Test worker] tourGuide.service.TourGuideService       : Track Location for user internalUser1715
2022-10-02 23:12:32.774  INFO 75568 --- [pool-7-thread-1] tourGuide.service.TourGuideService       : Track Location for user internalUser5216
2022-10-02 23:12:32.774  INFO 75568 --- [    Test worker] tourGuide.service.TourGuideService       : Track Location for user internalUser1714
2022-10-02 23:12:32.774  INFO 75568 --- [pool-7-thread-1] tourGuide.service.TourGuideService       : Track Location for user internalUser6547
2022-10-02 23:12:32.774  INFO 75568 --- [    Test worker] tourGuide.service.TourGuideService       : Track Location for user internalUser1713
2022-10-02 23:12:32.774  INFO 75568 --- [pool-7-thread-1] tourGuide.service.TourGuideService       : Track Location for user internalUser7877
2022-10-02 23:12:32.774  INFO 75568 --- [    Test worker] tourGuide.service.TourGuideService       : Track Location for user internalUser5284
2022-10-02 23:12:32.774  INFO 75568 --- [pool-7-thread-1] tourGuide.service.TourGuideService       : Track Location for user internalUser5219
2022-10-02 23:12:32.774  INFO 75568 --- [    Test worker] tourGuide.service.TourGuideService       : Track Location for user internalUser5283
2022-10-02 23:12:32.774  INFO 75568 --- [pool-7-thread-1] tourGuide.service.TourGuideService       : Track Location for user internalUser5218
2022-10-02 23:12:32.775  INFO 75568 --- [    Test worker] tourGuide.service.TourGuideService       : Track Location for user internalUser5286
2022-10-02 23:12:32.775  INFO 75568 --- [pool-7-thread-1] tourGuide.service.TourGuideService       : Track Location for user internalUser6549
2022-10-02 23:12:32.775  INFO 75568 --- [    Test worker] tourGuide.service.TourGuideService       : Track Location for user internalUser5285
2022-10-02 23:12:32.775  INFO 75568 --- [pool-7-thread-1] tourGuide.service.TourGuideService       : Track Location for user internalUser7870
2022-10-02 23:12:32.775  INFO 75568 --- [    Test worker] tourGuide.service.TourGuideService       : Track Location for user internalUser5288
2022-10-02 23:12:32.775  INFO 75568 --- [pool-7-thread-1] tourGuide.service.TourGuideService       : Track Location for user internalUser7871
2022-10-02 23:12:32.775  INFO 75568 --- [    Test worker] tourGuide.service.TourGuideService       : Track Location for user internalUser5287
2022-10-02 23:12:32.775  INFO 75568 --- [pool-7-thread-1] tourGuide.service.TourGuideService       : Track Location for user internalUser6540
2022-10-02 23:12:32.775  INFO 75568 --- [    Test worker] tourGuide.service.TourGuideService       : Track Location for user internalUser5289
2022-10-02 23:12:32.775  INFO 75568 --- [pool-7-thread-1] tourGuide.service.TourGuideService       : Track Location for user internalUser5211
2022-10-02 23:12:32.777  INFO 75568 --- [    Test worker] tourGuide.service.TourGuideService       : Track Location for user internalUser5291
2022-10-02 23:12:32.777  INFO 75568 --- [pool-7-thread-1] tourGuide.service.TourGuideService       : Track Location for user internalUser6542
2022-10-02 23:12:32.777  INFO 75568 --- [    Test worker] tourGuide.service.TourGuideService       : Track Location for user internalUser5290
2022-10-02 23:12:32.777  INFO 75568 --- [pool-7-thread-1] tourGuide.service.TourGuideService       : Track Location for user internalUser7874
2022-10-02 23:12:32.777  INFO 75568 --- [    Test worker] tourGuide.service.TourGuideService       : Track Location for user internalUser5293
2022-10-02 23:12:32.777  INFO 75568 --- [pool-7-thread-1] tourGuide.service.TourGuideService       : Track Location for user internalUser5210
2022-10-02 23:12:32.777  INFO 75568 --- [    Test worker] tourGuide.service.TourGuideService       : Track Location for user internalUser5292
2022-10-02 23:12:32.777  INFO 75568 --- [pool-7-thread-1] tourGuide.service.TourGuideService       : Track Location for user internalUser6541
2022-10-02 23:12:32.777  INFO 75568 --- [    Test worker] tourGuide.service.TourGuideService       : Track Location for user internalUser5295
2022-10-02 23:12:32.777  INFO 75568 --- [pool-7-thread-1] tourGuide.service.TourGuideService       : Track Location for user internalUser7875
2022-10-02 23:12:32.778  INFO 75568 --- [    Test worker] tourGuide.service.TourGuideService       : Track Location for user internalUser5294
2022-10-02 23:12:32.778  INFO 75568 --- [pool-7-thread-1] tourGuide.service.TourGuideService       : Track Location for user internalUser5213
2022-10-02 23:12:32.778  INFO 75568 --- [    Test worker] tourGuide.service.TourGuideService       : Track Location for user internalUser5297
2022-10-02 23:12:32.778  INFO 75568 --- [pool-7-thread-1] tourGuide.service.TourGuideService       : Track Location for user internalUser6544
2022-10-02 23:12:32.778  INFO 75568 --- [    Test worker] tourGuide.service.TourGuideService       : Track Location for user internalUser5296
2022-10-02 23:12:32.778  INFO 75568 --- [pool-7-thread-1] tourGuide.service.TourGuideService       : Track Location for user internalUser7872
2022-10-02 23:12:32.778  INFO 75568 --- [    Test worker] tourGuide.service.TourGuideService       : Track Location for user internalUser5299
2022-10-02 23:12:32.778  INFO 75568 --- [pool-7-thread-1] tourGuide.service.TourGuideService       : Track Location for user internalUser5212
2022-10-02 23:12:32.778  INFO 75568 --- [    Test worker] tourGuide.service.TourGuideService       : Track Location for user internalUser5298
2022-10-02 23:12:32.778  INFO 75568 --- [pool-7-thread-1] tourGuide.service.TourGuideService       : Track Location for user internalUser6543
2022-10-02 23:12:32.779  INFO 75568 --- [    Test worker] tourGuide.service.TourGuideService       : Track Location for user internalUser6513
2022-10-02 23:12:32.779  INFO 75568 --- [pool-7-thread-1] tourGuide.service.TourGuideService       : Track Location for user internalUser7873
2022-10-02 23:12:32.779  INFO 75568 --- [    Test worker] tourGuide.service.TourGuideService       : Track Location for user internalUser7845
2022-10-02 23:12:32.779  INFO 75568 --- [pool-7-thread-1] tourGuide.service.TourGuideService       : Track Location for user internalUser1682
2022-10-02 23:12:32.779  INFO 75568 --- [    Test worker] tourGuide.service.TourGuideService       : Track Location for user internalUser6512
2022-10-02 23:12:32.779  INFO 75568 --- [pool-7-thread-1] tourGuide.service.TourGuideService       : Track Location for user internalUser1681
2022-10-02 23:12:32.779  INFO 75568 --- [    Test worker] tourGuide.service.TourGuideService       : Track Location for user internalUser7846
2022-10-02 23:12:32.780  INFO 75568 --- [pool-7-thread-1] tourGuide.service.TourGuideService       : Track Location for user internalUser1680
2022-10-02 23:12:32.780  INFO 75568 --- [    Test worker] tourGuide.service.TourGuideService       : Track Location for user internalUser6515
2022-10-02 23:12:32.780  INFO 75568 --- [pool-7-thread-1] tourGuide.service.TourGuideService       : Track Location for user internalUser1689
2022-10-02 23:12:32.780  INFO 75568 --- [    Test worker] tourGuide.service.TourGuideService       : Track Location for user internalUser7843
2022-10-02 23:12:32.780  INFO 75568 --- [pool-7-thread-1] tourGuide.service.TourGuideService       : Track Location for user internalUser1688
2022-10-02 23:12:32.780  INFO 75568 --- [    Test worker] tourGuide.service.TourGuideService       : Track Location for user internalUser6514
2022-10-02 23:12:32.780  INFO 75568 --- [pool-7-thread-1] tourGuide.service.TourGuideService       : Track Location for user internalUser1687
2022-10-02 23:12:32.780  INFO 75568 --- [    Test worker] tourGuide.service.TourGuideService       : Track Location for user internalUser7844
2022-10-02 23:12:32.780  INFO 75568 --- [pool-7-thread-1] tourGuide.service.TourGuideService       : Track Location for user internalUser1686
2022-10-02 23:12:32.780  INFO 75568 --- [    Test worker] tourGuide.service.TourGuideService       : Track Location for user internalUser6517
2022-10-02 23:12:32.780  INFO 75568 --- [pool-7-thread-1] tourGuide.service.TourGuideService       : Track Location for user internalUser1685
2022-10-02 23:12:32.781  INFO 75568 --- [    Test worker] tourGuide.service.TourGuideService       : Track Location for user internalUser7849
2022-10-02 23:12:32.781  INFO 75568 --- [pool-7-thread-1] tourGuide.service.TourGuideService       : Track Location for user internalUser1684
2022-10-02 23:12:32.781  INFO 75568 --- [    Test worker] tourGuide.service.TourGuideService       : Track Location for user internalUser6516
2022-10-02 23:12:32.781  INFO 75568 --- [pool-7-thread-1] tourGuide.service.TourGuideService       : Track Location for user internalUser1683
2022-10-02 23:12:32.781  INFO 75568 --- [    Test worker] tourGuide.service.TourGuideService       : Track Location for user internalUser6519
2022-10-02 23:12:32.782  INFO 75568 --- [pool-7-thread-1] tourGuide.service.TourGuideService       : Track Location for user internalUser1693
2022-10-02 23:12:32.782  INFO 75568 --- [    Test worker] tourGuide.service.TourGuideService       : Track Location for user internalUser7847
2022-10-02 23:12:32.782  INFO 75568 --- [pool-7-thread-1] tourGuide.service.TourGuideService       : Track Location for user internalUser1692
2022-10-02 23:12:32.782  INFO 75568 --- [    Test worker] tourGuide.service.TourGuideService       : Track Location for user internalUser6518
2022-10-02 23:12:32.782  INFO 75568 --- [pool-7-thread-1] tourGuide.service.TourGuideService       : Track Location for user internalUser1691
2022-10-02 23:12:32.782  INFO 75568 --- [    Test worker] tourGuide.service.TourGuideService       : Track Location for user internalUser7848
2022-10-02 23:12:32.782  INFO 75568 --- [pool-7-thread-1] tourGuide.service.TourGuideService       : Track Location for user internalUser1690
2022-10-02 23:12:32.782  INFO 75568 --- [pool-7-thread-1] tourGuide.service.TourGuideService       : Track Location for user internalUser1699
2022-10-02 23:12:32.782  INFO 75568 --- [    Test worker] tourGuide.service.TourGuideService       : Track Location for user internalUser7841
2022-10-02 23:12:32.782  INFO 75568 --- [pool-7-thread-1] tourGuide.service.TourGuideService       : Track Location for user internalUser1698
2022-10-02 23:12:32.783  INFO 75568 --- [    Test worker] tourGuide.service.TourGuideService       : Track Location for user internalUser7842
2022-10-02 23:12:32.783  INFO 75568 --- [pool-7-thread-1] tourGuide.service.TourGuideService       : Track Location for user internalUser1697
2022-10-02 23:12:32.783  INFO 75568 --- [    Test worker] tourGuide.service.TourGuideService       : Track Location for user internalUser6511
2022-10-02 23:12:32.783  INFO 75568 --- [pool-7-thread-1] tourGuide.service.TourGuideService       : Track Location for user internalUser1696
2022-10-02 23:12:32.783  INFO 75568 --- [    Test worker] tourGuide.service.TourGuideService       : Track Location for user internalUser6510
2022-10-02 23:12:32.783  INFO 75568 --- [pool-7-thread-1] tourGuide.service.TourGuideService       : Track Location for user internalUser1695
2022-10-02 23:12:32.783  INFO 75568 --- [pool-7-thread-1] tourGuide.service.TourGuideService       : Track Location for user internalUser1694
2022-10-02 23:12:32.783  INFO 75568 --- [pool-7-thread-1] tourGuide.service.TourGuideService       : Track Location for user internalUser7801
2022-10-02 23:12:32.784  INFO 75568 --- [pool-7-thread-1] tourGuide.service.TourGuideService       : Track Location for user internalUser7802
2022-10-02 23:12:32.784  INFO 75568 --- [    Test worker] tourGuide.service.TourGuideService       : Track Location for user internalUser7840
2022-10-02 23:12:32.784  INFO 75568 --- [pool-7-thread-1] tourGuide.service.TourGuideService       : Track Location for user internalUser7800
2022-10-02 23:12:32.784  INFO 75568 --- [    Test worker] tourGuide.service.TourGuideService       : Track Location for user internalUser6524
2022-10-02 23:12:32.784  INFO 75568 --- [pool-7-thread-1] tourGuide.service.TourGuideService       : Track Location for user internalUser7805
2022-10-02 23:12:32.784  INFO 75568 --- [    Test worker] tourGuide.service.TourGuideService       : Track Location for user internalUser7856
2022-10-02 23:12:32.784  INFO 75568 --- [pool-7-thread-1] tourGuide.service.TourGuideService       : Track Location for user internalUser7806
2022-10-02 23:12:32.785  INFO 75568 --- [    Test worker] tourGuide.service.TourGuideService       : Track Location for user internalUser6523
2022-10-02 23:12:32.785  INFO 75568 --- [pool-7-thread-1] tourGuide.service.TourGuideService       : Track Location for user internalUser7803
2022-10-02 23:12:32.785  INFO 75568 --- [    Test worker] tourGuide.service.TourGuideService       : Track Location for user internalUser7857
2022-10-02 23:12:32.785  INFO 75568 --- [pool-7-thread-1] tourGuide.service.TourGuideService       : Track Location for user internalUser7804
2022-10-02 23:12:32.785  INFO 75568 --- [    Test worker] tourGuide.service.TourGuideService       : Track Location for user internalUser6526
2022-10-02 23:12:32.785  INFO 75568 --- [pool-7-thread-1] tourGuide.service.TourGuideService       : Track Location for user internalUser7809
2022-10-02 23:12:32.785  INFO 75568 --- [    Test worker] tourGuide.service.TourGuideService       : Track Location for user internalUser7854
2022-10-02 23:12:32.785  INFO 75568 --- [pool-7-thread-1] tourGuide.service.TourGuideService       : Track Location for user internalUser7807
2022-10-02 23:12:32.785  INFO 75568 --- [    Test worker] tourGuide.service.TourGuideService       : Track Location for user internalUser6525
2022-10-02 23:12:32.786  INFO 75568 --- [pool-7-thread-1] tourGuide.service.TourGuideService       : Track Location for user internalUser7808
2022-10-02 23:12:32.786  INFO 75568 --- [    Test worker] tourGuide.service.TourGuideService       : Track Location for user internalUser7855
2022-10-02 23:12:32.787  INFO 75568 --- [    Test worker] tourGuide.service.TourGuideService       : Track Location for user internalUser6528
2022-10-02 23:12:32.787  INFO 75568 --- [pool-7-thread-1] tourGuide.service.TourGuideService       : Track Location for user internalUser7812
2022-10-02 23:12:32.788  INFO 75568 --- [    Test worker] tourGuide.service.TourGuideService       : Track Location for user internalUser6527
2022-10-02 23:12:32.788  INFO 75568 --- [pool-7-thread-1] tourGuide.service.TourGuideService       : Track Location for user internalUser7813
2022-10-02 23:12:32.788  INFO 75568 --- [    Test worker] tourGuide.service.TourGuideService       : Track Location for user internalUser7858
2022-10-02 23:12:32.788  INFO 75568 --- [pool-7-thread-1] tourGuide.service.TourGuideService       : Track Location for user internalUser7810
2022-10-02 23:12:32.790  INFO 75568 --- [    Test worker] tourGuide.service.TourGuideService       : Track Location for user internalUser6529
2022-10-02 23:12:32.790  INFO 75568 --- [pool-7-thread-1] tourGuide.service.TourGuideService       : Track Location for user internalUser7811
2022-10-02 23:12:32.790  INFO 75568 --- [    Test worker] tourGuide.service.TourGuideService       : Track Location for user internalUser7859
2022-10-02 23:12:32.790  INFO 75568 --- [pool-7-thread-1] tourGuide.service.TourGuideService       : Track Location for user internalUser7816
2022-10-02 23:12:32.791  INFO 75568 --- [    Test worker] tourGuide.service.TourGuideService       : Track Location for user internalUser6520
2022-10-02 23:12:32.791  INFO 75568 --- [    Test worker] tourGuide.service.TourGuideService       : Track Location for user internalUser7852
2022-10-02 23:12:32.791  INFO 75568 --- [pool-7-thread-1] tourGuide.service.TourGuideService       : Track Location for user internalUser7817
2022-10-02 23:12:32.791  INFO 75568 --- [    Test worker] tourGuide.service.TourGuideService       : Track Location for user internalUser7853
2022-10-02 23:12:32.791  INFO 75568 --- [pool-7-thread-1] tourGuide.service.TourGuideService       : Track Location for user internalUser7814
2022-10-02 23:12:32.792  INFO 75568 --- [    Test worker] tourGuide.service.TourGuideService       : Track Location for user internalUser6522
2022-10-02 23:12:32.792  INFO 75568 --- [pool-7-thread-1] tourGuide.service.TourGuideService       : Track Location for user internalUser7815
2022-10-02 23:12:32.792  INFO 75568 --- [    Test worker] tourGuide.service.TourGuideService       : Track Location for user internalUser7850
2022-10-02 23:12:32.792  INFO 75568 --- [pool-7-thread-1] tourGuide.service.TourGuideService       : Track Location for user internalUser7818
2022-10-02 23:12:32.792  INFO 75568 --- [    Test worker] tourGuide.service.TourGuideService       : Track Location for user internalUser6521
2022-10-02 23:12:32.792  INFO 75568 --- [pool-7-thread-1] tourGuide.service.TourGuideService       : Track Location for user internalUser7819
2022-10-02 23:12:32.792  INFO 75568 --- [    Test worker] tourGuide.service.TourGuideService       : Track Location for user internalUser7851
2022-10-02 23:12:32.792  INFO 75568 --- [pool-7-thread-1] tourGuide.service.TourGuideService       : Track Location for user internalUser8019
2022-10-02 23:12:32.793  INFO 75568 --- [    Test worker] tourGuide.service.TourGuideService       : Track Location for user internalUser7823
2022-10-02 23:12:32.793  INFO 75568 --- [pool-7-thread-1] tourGuide.service.TourGuideService       : Track Location for user internalUser8013
2022-10-02 23:12:32.793  INFO 75568 --- [    Test worker] tourGuide.service.TourGuideService       : Track Location for user internalUser7824
2022-10-02 23:12:32.793  INFO 75568 --- [pool-7-thread-1] tourGuide.service.TourGuideService       : Track Location for user internalUser9344
2022-10-02 23:12:32.793  INFO 75568 --- [    Test worker] tourGuide.service.TourGuideService       : Track Location for user internalUser7821
2022-10-02 23:12:32.793  INFO 75568 --- [pool-7-thread-1] tourGuide.service.TourGuideService       : Track Location for user internalUser8014
2022-10-02 23:12:32.793  INFO 75568 --- [    Test worker] tourGuide.service.TourGuideService       : Track Location for user internalUser7822
2022-10-02 23:12:32.793  INFO 75568 --- [pool-7-thread-1] tourGuide.service.TourGuideService       : Track Location for user internalUser9345
2022-10-02 23:12:32.794  INFO 75568 --- [    Test worker] tourGuide.service.TourGuideService       : Track Location for user internalUser7827
2022-10-02 23:12:32.794  INFO 75568 --- [pool-7-thread-1] tourGuide.service.TourGuideService       : Track Location for user internalUser8011
2022-10-02 23:12:32.794  INFO 75568 --- [    Test worker] tourGuide.service.TourGuideService       : Track Location for user internalUser7828
2022-10-02 23:12:32.794  INFO 75568 --- [pool-7-thread-1] tourGuide.service.TourGuideService       : Track Location for user internalUser9342
2022-10-02 23:12:32.794  INFO 75568 --- [    Test worker] tourGuide.service.TourGuideService       : Track Location for user internalUser7825
2022-10-02 23:12:32.794  INFO 75568 --- [pool-7-thread-1] tourGuide.service.TourGuideService       : Track Location for user internalUser8012
2022-10-02 23:12:32.794  INFO 75568 --- [    Test worker] tourGuide.service.TourGuideService       : Track Location for user internalUser7826
2022-10-02 23:12:32.794  INFO 75568 --- [pool-7-thread-1] tourGuide.service.TourGuideService       : Track Location for user internalUser9343
2022-10-02 23:12:32.794  INFO 75568 --- [    Test worker] tourGuide.service.TourGuideService       : Track Location for user internalUser7820
2022-10-02 23:12:32.795  INFO 75568 --- [pool-7-thread-1] tourGuide.service.TourGuideService       : Track Location for user internalUser8017
2022-10-02 23:12:32.795  INFO 75568 --- [    Test worker] tourGuide.service.TourGuideService       : Track Location for user internalUser7829
2022-10-02 23:12:32.795  INFO 75568 --- [pool-7-thread-1] tourGuide.service.TourGuideService       : Track Location for user internalUser9348
2022-10-02 23:12:32.795  INFO 75568 --- [    Test worker] tourGuide.service.TourGuideService       : Track Location for user internalUser6502
2022-10-02 23:12:32.795  INFO 75568 --- [pool-7-thread-1] tourGuide.service.TourGuideService       : Track Location for user internalUser8018
2022-10-02 23:12:32.795  INFO 75568 --- [    Test worker] tourGuide.service.TourGuideService       : Track Location for user internalUser7834
2022-10-02 23:12:32.795  INFO 75568 --- [    Test worker] tourGuide.service.TourGuideService       : Track Location for user internalUser6501
2022-10-02 23:12:32.795  INFO 75568 --- [pool-7-thread-1] tourGuide.service.TourGuideService       : Track Location for user internalUser9349
2022-10-02 23:12:32.795  INFO 75568 --- [    Test worker] tourGuide.service.TourGuideService       : Track Location for user internalUser7835
2022-10-02 23:12:32.795  INFO 75568 --- [pool-7-thread-1] tourGuide.service.TourGuideService       : Track Location for user internalUser8015
2022-10-02 23:12:32.796  INFO 75568 --- [    Test worker] tourGuide.service.TourGuideService       : Track Location for user internalUser6504
2022-10-02 23:12:32.796  INFO 75568 --- [pool-7-thread-1] tourGuide.service.TourGuideService       : Track Location for user internalUser9346
2022-10-02 23:12:32.796  INFO 75568 --- [    Test worker] tourGuide.service.TourGuideService       : Track Location for user internalUser7832
2022-10-02 23:12:32.796  INFO 75568 --- [pool-7-thread-1] tourGuide.service.TourGuideService       : Track Location for user internalUser8016
2022-10-02 23:12:32.796  INFO 75568 --- [    Test worker] tourGuide.service.TourGuideService       : Track Location for user internalUser6503
2022-10-02 23:12:32.796  INFO 75568 --- [pool-7-thread-1] tourGuide.service.TourGuideService       : Track Location for user internalUser9347
2022-10-02 23:12:32.796  INFO 75568 --- [    Test worker] tourGuide.service.TourGuideService       : Track Location for user internalUser7833
2022-10-02 23:12:32.796  INFO 75568 --- [pool-7-thread-1] tourGuide.service.TourGuideService       : Track Location for user internalUser8020
2022-10-02 23:12:32.796  INFO 75568 --- [    Test worker] tourGuide.service.TourGuideService       : Track Location for user internalUser6506
2022-10-02 23:12:32.797  INFO 75568 --- [pool-7-thread-1] tourGuide.service.TourGuideService       : Track Location for user internalUser9351
2022-10-02 23:12:32.797  INFO 75568 --- [    Test worker] tourGuide.service.TourGuideService       : Track Location for user internalUser7838
2022-10-02 23:12:32.797  INFO 75568 --- [pool-7-thread-1] tourGuide.service.TourGuideService       : Track Location for user internalUser8021
2022-10-02 23:12:32.797  INFO 75568 --- [    Test worker] tourGuide.service.TourGuideService       : Track Location for user internalUser6505
2022-10-02 23:12:32.797  INFO 75568 --- [pool-7-thread-1] tourGuide.service.TourGuideService       : Track Location for user internalUser9352
2022-10-02 23:12:32.797  INFO 75568 --- [    Test worker] tourGuide.service.TourGuideService       : Track Location for user internalUser7839
2022-10-02 23:12:32.797  INFO 75568 --- [pool-7-thread-1] tourGuide.service.TourGuideService       : Track Location for user internalUser9350
2022-10-02 23:12:32.797  INFO 75568 --- [    Test worker] tourGuide.service.TourGuideService       : Track Location for user internalUser6508
2022-10-02 23:12:32.797  INFO 75568 --- [pool-7-thread-1] tourGuide.service.TourGuideService       : Track Location for user internalUser8024
2022-10-02 23:12:32.797  INFO 75568 --- [    Test worker] tourGuide.service.TourGuideService       : Track Location for user internalUser7836
2022-10-02 23:12:32.798  INFO 75568 --- [    Test worker] tourGuide.service.TourGuideService       : Track Location for user internalUser6507
2022-10-02 23:12:32.798  INFO 75568 --- [pool-7-thread-1] tourGuide.service.TourGuideService       : Track Location for user internalUser9355
2022-10-02 23:12:32.798  INFO 75568 --- [    Test worker] tourGuide.service.TourGuideService       : Track Location for user internalUser7837
2022-10-02 23:12:32.798  INFO 75568 --- [pool-7-thread-1] tourGuide.service.TourGuideService       : Track Location for user internalUser8025
2022-10-02 23:12:32.798  INFO 75568 --- [    Test worker] tourGuide.service.TourGuideService       : Track Location for user internalUser7830
2022-10-02 23:12:32.798  INFO 75568 --- [pool-7-thread-1] tourGuide.service.TourGuideService       : Track Location for user internalUser9356
2022-10-02 23:12:32.799  INFO 75568 --- [    Test worker] tourGuide.service.TourGuideService       : Track Location for user internalUser7831
2022-10-02 23:12:32.799  INFO 75568 --- [pool-7-thread-1] tourGuide.service.TourGuideService       : Track Location for user internalUser8022
2022-10-02 23:12:32.799  INFO 75568 --- [    Test worker] tourGuide.service.TourGuideService       : Track Location for user internalUser6500
2022-10-02 23:12:32.799  INFO 75568 --- [pool-7-thread-1] tourGuide.service.TourGuideService       : Track Location for user internalUser9353
2022-10-02 23:12:32.799  INFO 75568 --- [    Test worker] tourGuide.service.TourGuideService       : Track Location for user internalUser6509
2022-10-02 23:12:32.799  INFO 75568 --- [pool-7-thread-1] tourGuide.service.TourGuideService       : Track Location for user internalUser8023
2022-10-02 23:12:32.799  INFO 75568 --- [    Test worker] tourGuide.service.TourGuideService       : Track Location for user internalUser5226
2022-10-02 23:12:32.800  INFO 75568 --- [pool-7-thread-1] tourGuide.service.TourGuideService       : Track Location for user internalUser9354
2022-10-02 23:12:32.800  INFO 75568 --- [    Test worker] tourGuide.service.TourGuideService       : Track Location for user internalUser6557
2022-10-02 23:12:32.800  INFO 75568 --- [    Test worker] tourGuide.service.TourGuideService       : Track Location for user internalUser7889
2022-10-02 23:12:32.800  INFO 75568 --- [    Test worker] tourGuide.service.TourGuideService       : Track Location for user internalUser5225
2022-10-02 23:12:32.800  INFO 75568 --- [pool-7-thread-1] tourGuide.service.TourGuideService       : Track Location for user internalUser8028
2022-10-02 23:12:32.800  INFO 75568 --- [    Test worker] tourGuide.service.TourGuideService       : Track Location for user internalUser6556
2022-10-02 23:12:32.800  INFO 75568 --- [pool-7-thread-1] tourGuide.service.TourGuideService       : Track Location for user internalUser9359
2022-10-02 23:12:32.801  INFO 75568 --- [    Test worker] tourGuide.service.TourGuideService       : Track Location for user internalUser5228
2022-10-02 23:12:32.801  INFO 75568 --- [pool-7-thread-1] tourGuide.service.TourGuideService       : Track Location for user internalUser8029
2022-10-02 23:12:32.801  INFO 75568 --- [pool-7-thread-1] tourGuide.service.TourGuideService       : Track Location for user internalUser8026
2022-10-02 23:12:32.801  INFO 75568 --- [    Test worker] tourGuide.service.TourGuideService       : Track Location for user internalUser6559
2022-10-02 23:12:32.801  INFO 75568 --- [pool-7-thread-1] tourGuide.service.TourGuideService       : Track Location for user internalUser9357
2022-10-02 23:12:32.801  INFO 75568 --- [    Test worker] tourGuide.service.TourGuideService       : Track Location for user internalUser7887
2022-10-02 23:12:32.801  INFO 75568 --- [pool-7-thread-1] tourGuide.service.TourGuideService       : Track Location for user internalUser8027
2022-10-02 23:12:32.801  INFO 75568 --- [    Test worker] tourGuide.service.TourGuideService       : Track Location for user internalUser5227
2022-10-02 23:12:32.801  INFO 75568 --- [pool-7-thread-1] tourGuide.service.TourGuideService       : Track Location for user internalUser9358
2022-10-02 23:12:32.802  INFO 75568 --- [    Test worker] tourGuide.service.TourGuideService       : Track Location for user internalUser6558
2022-10-02 23:12:32.802  INFO 75568 --- [pool-7-thread-1] tourGuide.service.TourGuideService       : Track Location for user internalUser8031
2022-10-02 23:12:32.802  INFO 75568 --- [    Test worker] tourGuide.service.TourGuideService       : Track Location for user internalUser7888
2022-10-02 23:12:32.802  INFO 75568 --- [pool-7-thread-1] tourGuide.service.TourGuideService       : Track Location for user internalUser9362
2022-10-02 23:12:32.802  INFO 75568 --- [    Test worker] tourGuide.service.TourGuideService       : Track Location for user internalUser5229
2022-10-02 23:12:32.802  INFO 75568 --- [pool-7-thread-1] tourGuide.service.TourGuideService       : Track Location for user internalUser8032
2022-10-02 23:12:32.802  INFO 75568 --- [    Test worker] tourGuide.service.TourGuideService       : Track Location for user internalUser7881
2022-10-02 23:12:32.802  INFO 75568 --- [pool-7-thread-1] tourGuide.service.TourGuideService       : Track Location for user internalUser9363
2022-10-02 23:12:32.802  INFO 75568 --- [    Test worker] tourGuide.service.TourGuideService       : Track Location for user internalUser7882
2022-10-02 23:12:32.803  INFO 75568 --- [pool-7-thread-1] tourGuide.service.TourGuideService       : Track Location for user internalUser9360
2022-10-02 23:12:32.803  INFO 75568 --- [    Test worker] tourGuide.service.TourGuideService       : Track Location for user internalUser5220
2022-10-02 23:12:32.804  INFO 75568 --- [pool-7-thread-1] tourGuide.service.TourGuideService       : Track Location for user internalUser8030
2022-10-02 23:12:32.805  INFO 75568 --- [    Test worker] tourGuide.service.TourGuideService       : Track Location for user internalUser6551
2022-10-02 23:12:32.805  INFO 75568 --- [pool-7-thread-1] tourGuide.service.TourGuideService       : Track Location for user internalUser9361
2022-10-02 23:12:32.805  INFO 75568 --- [    Test worker] tourGuide.service.TourGuideService       : Track Location for user internalUser6550
2022-10-02 23:12:32.805  INFO 75568 --- [pool-7-thread-1] tourGuide.service.TourGuideService       : Track Location for user internalUser9328
2022-10-02 23:12:32.805  INFO 75568 --- [    Test worker] tourGuide.service.TourGuideService       : Track Location for user internalUser7880
2022-10-02 23:12:32.805  INFO 75568 --- [pool-7-thread-1] tourGuide.service.TourGuideService       : Track Location for user internalUser9329
2022-10-02 23:12:32.806  INFO 75568 --- [    Test worker] tourGuide.service.TourGuideService       : Track Location for user internalUser5222
2022-10-02 23:12:32.806  INFO 75568 --- [pool-7-thread-1] tourGuide.service.TourGuideService       : Track Location for user internalUser9322
2022-10-02 23:12:32.806  INFO 75568 --- [    Test worker] tourGuide.service.TourGuideService       : Track Location for user internalUser6553
2022-10-02 23:12:32.806  INFO 75568 --- [pool-7-thread-1] tourGuide.service.TourGuideService       : Track Location for user internalUser9323
2022-10-02 23:12:32.806  INFO 75568 --- [    Test worker] tourGuide.service.TourGuideService       : Track Location for user internalUser7885
2022-10-02 23:12:32.806  INFO 75568 --- [pool-7-thread-1] tourGuide.service.TourGuideService       : Track Location for user internalUser9320
2022-10-02 23:12:32.806  INFO 75568 --- [    Test worker] tourGuide.service.TourGuideService       : Track Location for user internalUser5221
2022-10-02 23:12:32.806  INFO 75568 --- [pool-7-thread-1] tourGuide.service.TourGuideService       : Track Location for user internalUser9321
2022-10-02 23:12:32.806  INFO 75568 --- [    Test worker] tourGuide.service.TourGuideService       : Track Location for user internalUser6552
2022-10-02 23:12:32.806  INFO 75568 --- [pool-7-thread-1] tourGuide.service.TourGuideService       : Track Location for user internalUser9326
2022-10-02 23:12:32.807  INFO 75568 --- [    Test worker] tourGuide.service.TourGuideService       : Track Location for user internalUser7886
2022-10-02 23:12:32.807  INFO 75568 --- [pool-7-thread-1] tourGuide.service.TourGuideService       : Track Location for user internalUser9327
2022-10-02 23:12:32.807  INFO 75568 --- [    Test worker] tourGuide.service.TourGuideService       : Track Location for user internalUser5224
2022-10-02 23:12:32.807  INFO 75568 --- [pool-7-thread-1] tourGuide.service.TourGuideService       : Track Location for user internalUser9324
2022-10-02 23:12:32.807  INFO 75568 --- [    Test worker] tourGuide.service.TourGuideService       : Track Location for user internalUser6555
2022-10-02 23:12:32.807  INFO 75568 --- [pool-7-thread-1] tourGuide.service.TourGuideService       : Track Location for user internalUser9325
2022-10-02 23:12:32.807  INFO 75568 --- [    Test worker] tourGuide.service.TourGuideService       : Track Location for user internalUser7883
2022-10-02 23:12:32.807  INFO 75568 --- [pool-7-thread-1] tourGuide.service.TourGuideService       : Track Location for user internalUser9330
2022-10-02 23:12:32.807  INFO 75568 --- [    Test worker] tourGuide.service.TourGuideService       : Track Location for user internalUser5223
2022-10-02 23:12:32.807  INFO 75568 --- [pool-7-thread-1] tourGuide.service.TourGuideService       : Track Location for user internalUser8008
2022-10-02 23:12:32.808  INFO 75568 --- [    Test worker] tourGuide.service.TourGuideService       : Track Location for user internalUser6554
2022-10-02 23:12:32.808  INFO 75568 --- [pool-7-thread-1] tourGuide.service.TourGuideService       : Track Location for user internalUser9339
2022-10-02 23:12:32.808  INFO 75568 --- [    Test worker] tourGuide.service.TourGuideService       : Track Location for user internalUser7884
2022-10-02 23:12:32.808  INFO 75568 --- [pool-7-thread-1] tourGuide.service.TourGuideService       : Track Location for user internalUser8009
2022-10-02 23:12:32.808  INFO 75568 --- [    Test worker] tourGuide.service.TourGuideService       : Track Location for user internalUser5237
2022-10-02 23:12:32.808  INFO 75568 --- [pool-7-thread-1] tourGuide.service.TourGuideService       : Track Location for user internalUser8002
2022-10-02 23:12:32.808  INFO 75568 --- [    Test worker] tourGuide.service.TourGuideService       : Track Location for user internalUser6568
2022-10-02 23:12:32.808  INFO 75568 --- [pool-7-thread-1] tourGuide.service.TourGuideService       : Track Location for user internalUser9333
2022-10-02 23:12:32.808  INFO 75568 --- [    Test worker] tourGuide.service.TourGuideService       : Track Location for user internalUser5236
2022-10-02 23:12:32.808  INFO 75568 --- [pool-7-thread-1] tourGuide.service.TourGuideService       : Track Location for user internalUser8003
2022-10-02 23:12:32.808  INFO 75568 --- [    Test worker] tourGuide.service.TourGuideService       : Track Location for user internalUser6567
2022-10-02 23:12:32.808  INFO 75568 --- [pool-7-thread-1] tourGuide.service.TourGuideService       : Track Location for user internalUser9334
2022-10-02 23:12:32.809  INFO 75568 --- [    Test worker] tourGuide.service.TourGuideService       : Track Location for user internalUser5239
2022-10-02 23:12:32.809  INFO 75568 --- [pool-7-thread-1] tourGuide.service.TourGuideService       : Track Location for user internalUser8000
2022-10-02 23:12:32.809  INFO 75568 --- [    Test worker] tourGuide.service.TourGuideService       : Track Location for user internalUser7898
2022-10-02 23:12:32.809  INFO 75568 --- [pool-7-thread-1] tourGuide.service.TourGuideService       : Track Location for user internalUser9331
2022-10-02 23:12:32.809  INFO 75568 --- [    Test worker] tourGuide.service.TourGuideService       : Track Location for user internalUser5238
2022-10-02 23:12:32.809  INFO 75568 --- [pool-7-thread-1] tourGuide.service.TourGuideService       : Track Location for user internalUser8001
2022-10-02 23:12:32.809  INFO 75568 --- [    Test worker] tourGuide.service.TourGuideService       : Track Location for user internalUser6569
2022-10-02 23:12:32.809  INFO 75568 --- [pool-7-thread-1] tourGuide.service.TourGuideService       : Track Location for user internalUser9332
2022-10-02 23:12:32.810  INFO 75568 --- [    Test worker] tourGuide.service.TourGuideService       : Track Location for user internalUser7899
2022-10-02 23:12:32.810  INFO 75568 --- [pool-7-thread-1] tourGuide.service.TourGuideService       : Track Location for user internalUser8006
2022-10-02 23:12:32.810  INFO 75568 --- [    Test worker] tourGuide.service.TourGuideService       : Track Location for user internalUser6560
2022-10-02 23:12:32.810  INFO 75568 --- [pool-7-thread-1] tourGuide.service.TourGuideService       : Track Location for user internalUser9337
2022-10-02 23:12:32.810  INFO 75568 --- [    Test worker] tourGuide.service.TourGuideService       : Track Location for user internalUser7892
2022-10-02 23:12:32.810  INFO 75568 --- [pool-7-thread-1] tourGuide.service.TourGuideService       : Track Location for user internalUser8007
2022-10-02 23:12:32.810  INFO 75568 --- [    Test worker] tourGuide.service.TourGuideService       : Track Location for user internalUser7893
2022-10-02 23:12:32.810  INFO 75568 --- [pool-7-thread-1] tourGuide.service.TourGuideService       : Track Location for user internalUser9338
2022-10-02 23:12:32.810  INFO 75568 --- [    Test worker] tourGuide.service.TourGuideService       : Track Location for user internalUser5231
2022-10-02 23:12:32.810  INFO 75568 --- [pool-7-thread-1] tourGuide.service.TourGuideService       : Track Location for user internalUser8004
2022-10-02 23:12:32.811  INFO 75568 --- [    Test worker] tourGuide.service.TourGuideService       : Track Location for user internalUser6562
2022-10-02 23:12:32.811  INFO 75568 --- [pool-7-thread-1] tourGuide.service.TourGuideService       : Track Location for user internalUser9335
2022-10-02 23:12:32.811  INFO 75568 --- [    Test worker] tourGuide.service.TourGuideService       : Track Location for user internalUser7890
2022-10-02 23:12:32.811  INFO 75568 --- [pool-7-thread-1] tourGuide.service.TourGuideService       : Track Location for user internalUser8005
2022-10-02 23:12:32.811  INFO 75568 --- [    Test worker] tourGuide.service.TourGuideService       : Track Location for user internalUser5230
2022-10-02 23:12:32.811  INFO 75568 --- [pool-7-thread-1] tourGuide.service.TourGuideService       : Track Location for user internalUser9336
2022-10-02 23:12:32.811  INFO 75568 --- [    Test worker] tourGuide.service.TourGuideService       : Track Location for user internalUser6561
2022-10-02 23:12:32.811  INFO 75568 --- [pool-7-thread-1] tourGuide.service.TourGuideService       : Track Location for user internalUser9340
2022-10-02 23:12:32.811  INFO 75568 --- [    Test worker] tourGuide.service.TourGuideService       : Track Location for user internalUser7891
2022-10-02 23:12:32.811  INFO 75568 --- [pool-7-thread-1] tourGuide.service.TourGuideService       : Track Location for user internalUser8010
2022-10-02 23:12:32.812  INFO 75568 --- [    Test worker] tourGuide.service.TourGuideService       : Track Location for user internalUser5233
2022-10-02 23:12:32.812  INFO 75568 --- [pool-7-thread-1] tourGuide.service.TourGuideService       : Track Location for user internalUser9341
2022-10-02 23:12:32.812  INFO 75568 --- [    Test worker] tourGuide.service.TourGuideService       : Track Location for user internalUser6564
2022-10-02 23:12:32.812  INFO 75568 --- [pool-7-thread-1] tourGuide.service.TourGuideService       : Track Location for user internalUser361
2022-10-02 23:12:32.812  INFO 75568 --- [    Test worker] tourGuide.service.TourGuideService       : Track Location for user internalUser7896
2022-10-02 23:12:32.812  INFO 75568 --- [pool-7-thread-1] tourGuide.service.TourGuideService       : Track Location for user internalUser362
2022-10-02 23:12:32.812  INFO 75568 --- [    Test worker] tourGuide.service.TourGuideService       : Track Location for user internalUser5232
2022-10-02 23:12:32.812  INFO 75568 --- [pool-7-thread-1] tourGuide.service.TourGuideService       : Track Location for user internalUser360
2022-10-02 23:12:32.812  INFO 75568 --- [    Test worker] tourGuide.service.TourGuideService       : Track Location for user internalUser6563
2022-10-02 23:12:32.813  INFO 75568 --- [pool-7-thread-1] tourGuide.service.TourGuideService       : Track Location for user internalUser369
2022-10-02 23:12:32.814  INFO 75568 --- [    Test worker] tourGuide.service.TourGuideService       : Track Location for user internalUser7897
2022-10-02 23:12:32.815  INFO 75568 --- [pool-7-thread-1] tourGuide.service.TourGuideService       : Track Location for user internalUser8057
2022-10-02 23:12:32.815  INFO 75568 --- [    Test worker] tourGuide.service.TourGuideService       : Track Location for user internalUser5235
2022-10-02 23:12:32.815  INFO 75568 --- [pool-7-thread-1] tourGuide.service.TourGuideService       : Track Location for user internalUser9388
2022-10-02 23:12:32.815  INFO 75568 --- [    Test worker] tourGuide.service.TourGuideService       : Track Location for user internalUser6566
2022-10-02 23:12:32.815  INFO 75568 --- [pool-7-thread-1] tourGuide.service.TourGuideService       : Track Location for user internalUser8058
2022-10-02 23:12:32.815  INFO 75568 --- [    Test worker] tourGuide.service.TourGuideService       : Track Location for user internalUser7894
2022-10-02 23:12:32.815  INFO 75568 --- [pool-7-thread-1] tourGuide.service.TourGuideService       : Track Location for user internalUser9389
2022-10-02 23:12:32.815  INFO 75568 --- [    Test worker] tourGuide.service.TourGuideService       : Track Location for user internalUser5234
2022-10-02 23:12:32.816  INFO 75568 --- [pool-7-thread-1] tourGuide.service.TourGuideService       : Track Location for user internalUser367
2022-10-02 23:12:32.816  INFO 75568 --- [    Test worker] tourGuide.service.TourGuideService       : Track Location for user internalUser6565
2022-10-02 23:12:32.816  INFO 75568 --- [pool-7-thread-1] tourGuide.service.TourGuideService       : Track Location for user internalUser8055
2022-10-02 23:12:32.816  INFO 75568 --- [    Test worker] tourGuide.service.TourGuideService       : Track Location for user internalUser7895
2022-10-02 23:12:32.816  INFO 75568 --- [pool-7-thread-1] tourGuide.service.TourGuideService       : Track Location for user internalUser9386
2022-10-02 23:12:32.816  INFO 75568 --- [    Test worker] tourGuide.service.TourGuideService       : Track Location for user internalUser5204
2022-10-02 23:12:32.816  INFO 75568 --- [pool-7-thread-1] tourGuide.service.TourGuideService       : Track Location for user internalUser368
2022-10-02 23:12:32.816  INFO 75568 --- [    Test worker] tourGuide.service.TourGuideService       : Track Location for user internalUser6535
2022-10-02 23:12:32.817  INFO 75568 --- [pool-7-thread-1] tourGuide.service.TourGuideService       : Track Location for user internalUser8056
2022-10-02 23:12:32.817  INFO 75568 --- [    Test worker] tourGuide.service.TourGuideService       : Track Location for user internalUser7867
2022-10-02 23:12:32.817  INFO 75568 --- [pool-7-thread-1] tourGuide.service.TourGuideService       : Track Location for user internalUser9387
2022-10-02 23:12:32.817  INFO 75568 --- [    Test worker] tourGuide.service.TourGuideService       : Track Location for user internalUser5203
2022-10-02 23:12:32.817  INFO 75568 --- [pool-7-thread-1] tourGuide.service.TourGuideService       : Track Location for user internalUser365
2022-10-02 23:12:32.817  INFO 75568 --- [    Test worker] tourGuide.service.TourGuideService       : Track Location for user internalUser6534
2022-10-02 23:12:32.817  INFO 75568 --- [pool-7-thread-1] tourGuide.service.TourGuideService       : Track Location for user internalUser366
2022-10-02 23:12:32.817  INFO 75568 --- [    Test worker] tourGuide.service.TourGuideService       : Track Location for user internalUser7868
2022-10-02 23:12:32.817  INFO 75568 --- [pool-7-thread-1] tourGuide.service.TourGuideService       : Track Location for user internalUser363
2022-10-02 23:12:32.817  INFO 75568 --- [    Test worker] tourGuide.service.TourGuideService       : Track Location for user internalUser5206
2022-10-02 23:12:32.818  INFO 75568 --- [pool-7-thread-1] tourGuide.service.TourGuideService       : Track Location for user internalUser8059
2022-10-02 23:12:32.818  INFO 75568 --- [    Test worker] tourGuide.service.TourGuideService       : Track Location for user internalUser6537
2022-10-02 23:12:32.818  INFO 75568 --- [pool-7-thread-1] tourGuide.service.TourGuideService       : Track Location for user internalUser364
2022-10-02 23:12:32.818  INFO 75568 --- [    Test worker] tourGuide.service.TourGuideService       : Track Location for user internalUser7865
2022-10-02 23:12:32.818  INFO 75568 --- [pool-7-thread-1] tourGuide.service.TourGuideService       : Track Location for user internalUser8060
2022-10-02 23:12:32.818  INFO 75568 --- [    Test worker] tourGuide.service.TourGuideService       : Track Location for user internalUser5205
2022-10-02 23:12:32.818  INFO 75568 --- [pool-7-thread-1] tourGuide.service.TourGuideService       : Track Location for user internalUser9391
2022-10-02 23:12:32.818  INFO 75568 --- [    Test worker] tourGuide.service.TourGuideService       : Track Location for user internalUser6536
2022-10-02 23:12:32.818  INFO 75568 --- [pool-7-thread-1] tourGuide.service.TourGuideService       : Track Location for user internalUser8061
2022-10-02 23:12:32.818  INFO 75568 --- [    Test worker] tourGuide.service.TourGuideService       : Track Location for user internalUser7866
2022-10-02 23:12:32.819  INFO 75568 --- [pool-7-thread-1] tourGuide.service.TourGuideService       : Track Location for user internalUser9392
2022-10-02 23:12:32.819  INFO 75568 --- [    Test worker] tourGuide.service.TourGuideService       : Track Location for user internalUser5208
2022-10-02 23:12:32.819  INFO 75568 --- [pool-7-thread-1] tourGuide.service.TourGuideService       : Track Location for user internalUser9390
2022-10-02 23:12:32.819  INFO 75568 --- [    Test worker] tourGuide.service.TourGuideService       : Track Location for user internalUser6539
2022-10-02 23:12:32.819  INFO 75568 --- [pool-7-thread-1] tourGuide.service.TourGuideService       : Track Location for user internalUser8064
2022-10-02 23:12:32.819  INFO 75568 --- [    Test worker] tourGuide.service.TourGuideService       : Track Location for user internalUser5207
2022-10-02 23:12:32.819  INFO 75568 --- [pool-7-thread-1] tourGuide.service.TourGuideService       : Track Location for user internalUser9395
2022-10-02 23:12:32.819  INFO 75568 --- [    Test worker] tourGuide.service.TourGuideService       : Track Location for user internalUser6538
2022-10-02 23:12:32.820  INFO 75568 --- [pool-7-thread-1] tourGuide.service.TourGuideService       : Track Location for user internalUser8065
2022-10-02 23:12:32.820  INFO 75568 --- [    Test worker] tourGuide.service.TourGuideService       : Track Location for user internalUser7869
2022-10-02 23:12:32.820  INFO 75568 --- [pool-7-thread-1] tourGuide.service.TourGuideService       : Track Location for user internalUser9396
2022-10-02 23:12:32.820  INFO 75568 --- [    Test worker] tourGuide.service.TourGuideService       : Track Location for user internalUser5209
2022-10-02 23:12:32.820  INFO 75568 --- [pool-7-thread-1] tourGuide.service.TourGuideService       : Track Location for user internalUser8062
2022-10-02 23:12:32.820  INFO 75568 --- [    Test worker] tourGuide.service.TourGuideService       : Track Location for user internalUser7860
2022-10-02 23:12:32.820  INFO 75568 --- [pool-7-thread-1] tourGuide.service.TourGuideService       : Track Location for user internalUser9393
2022-10-02 23:12:32.820  INFO 75568 --- [    Test worker] tourGuide.service.TourGuideService       : Track Location for user internalUser5200
2022-10-02 23:12:32.820  INFO 75568 --- [pool-7-thread-1] tourGuide.service.TourGuideService       : Track Location for user internalUser8063
2022-10-02 23:12:32.820  INFO 75568 --- [    Test worker] tourGuide.service.TourGuideService       : Track Location for user internalUser6531
2022-10-02 23:12:32.820  INFO 75568 --- [pool-7-thread-1] tourGuide.service.TourGuideService       : Track Location for user internalUser9394
2022-10-02 23:12:32.821  INFO 75568 --- [    Test worker] tourGuide.service.TourGuideService       : Track Location for user internalUser7863
2022-10-02 23:12:32.821  INFO 75568 --- [pool-7-thread-1] tourGuide.service.TourGuideService       : Track Location for user internalUser372
2022-10-02 23:12:32.821  INFO 75568 --- [    Test worker] tourGuide.service.TourGuideService       : Track Location for user internalUser6530
2022-10-02 23:12:32.821  INFO 75568 --- [pool-7-thread-1] tourGuide.service.TourGuideService       : Track Location for user internalUser373
2022-10-02 23:12:32.821  INFO 75568 --- [    Test worker] tourGuide.service.TourGuideService       : Track Location for user internalUser7864
2022-10-02 23:12:32.821  INFO 75568 --- [pool-7-thread-1] tourGuide.service.TourGuideService       : Track Location for user internalUser370
2022-10-02 23:12:32.821  INFO 75568 --- [    Test worker] tourGuide.service.TourGuideService       : Track Location for user internalUser5202
2022-10-02 23:12:32.821  INFO 75568 --- [pool-7-thread-1] tourGuide.service.TourGuideService       : Track Location for user internalUser371
2022-10-02 23:12:32.821  INFO 75568 --- [    Test worker] tourGuide.service.TourGuideService       : Track Location for user internalUser6533
2022-10-02 23:12:32.821  INFO 75568 --- [pool-7-thread-1] tourGuide.service.TourGuideService       : Track Location for user internalUser8068
2022-10-02 23:12:32.821  INFO 75568 --- [    Test worker] tourGuide.service.TourGuideService       : Track Location for user internalUser7861
2022-10-02 23:12:32.822  INFO 75568 --- [pool-7-thread-1] tourGuide.service.TourGuideService       : Track Location for user internalUser9399
2022-10-02 23:12:32.822  INFO 75568 --- [    Test worker] tourGuide.service.TourGuideService       : Track Location for user internalUser5201
2022-10-02 23:12:32.822  INFO 75568 --- [pool-7-thread-1] tourGuide.service.TourGuideService       : Track Location for user internalUser8069
2022-10-02 23:12:32.822  INFO 75568 --- [    Test worker] tourGuide.service.TourGuideService       : Track Location for user internalUser6532
2022-10-02 23:12:32.822  INFO 75568 --- [pool-7-thread-1] tourGuide.service.TourGuideService       : Track Location for user internalUser378
2022-10-02 23:12:32.822  INFO 75568 --- [    Test worker] tourGuide.service.TourGuideService       : Track Location for user internalUser7862
2022-10-02 23:12:32.822  INFO 75568 --- [pool-7-thread-1] tourGuide.service.TourGuideService       : Track Location for user internalUser8066
2022-10-02 23:12:32.822  INFO 75568 --- [    Test worker] tourGuide.service.TourGuideService       : Track Location for user internalUser5215
2022-10-02 23:12:32.822  INFO 75568 --- [pool-7-thread-1] tourGuide.service.TourGuideService       : Track Location for user internalUser9397
2022-10-02 23:12:32.822  INFO 75568 --- [    Test worker] tourGuide.service.TourGuideService       : Track Location for user internalUser6546
2022-10-02 23:12:32.822  INFO 75568 --- [pool-7-thread-1] tourGuide.service.TourGuideService       : Track Location for user internalUser379
2022-10-02 23:12:32.823  INFO 75568 --- [    Test worker] tourGuide.service.TourGuideService       : Track Location for user internalUser7878
2022-10-02 23:12:32.824  INFO 75568 --- [pool-7-thread-1] tourGuide.service.TourGuideService       : Track Location for user internalUser8067
2022-10-02 23:12:32.825  INFO 75568 --- [    Test worker] tourGuide.service.TourGuideService       : Track Location for user internalUser5214
2022-10-02 23:12:32.825  INFO 75568 --- [pool-7-thread-1] tourGuide.service.TourGuideService       : Track Location for user internalUser9398
2022-10-02 23:12:32.825  INFO 75568 --- [    Test worker] tourGuide.service.TourGuideService       : Track Location for user internalUser6545
2022-10-02 23:12:32.826  INFO 75568 --- [pool-7-thread-1] tourGuide.service.TourGuideService       : Track Location for user internalUser376
2022-10-02 23:12:32.826  INFO 75568 --- [    Test worker] tourGuide.service.TourGuideService       : Track Location for user internalUser7879
2022-10-02 23:12:32.826  INFO 75568 --- [pool-7-thread-1] tourGuide.service.TourGuideService       : Track Location for user internalUser377
2022-10-02 23:12:32.826  INFO 75568 --- [    Test worker] tourGuide.service.TourGuideService       : Track Location for user internalUser5217
2022-10-02 23:12:32.826  INFO 75568 --- [pool-7-thread-1] tourGuide.service.TourGuideService       : Track Location for user internalUser374
2022-10-02 23:12:32.827  INFO 75568 --- [    Test worker] tourGuide.service.TourGuideService       : Track Location for user internalUser6548
2022-10-02 23:12:32.827  INFO 75568 --- [pool-7-thread-1] tourGuide.service.TourGuideService       : Track Location for user internalUser375
2022-10-02 23:12:32.827  INFO 75568 --- [    Test worker] tourGuide.service.TourGuideService       : Track Location for user internalUser7876
2022-10-02 23:12:32.827  INFO 75568 --- [pool-7-thread-1] tourGuide.service.TourGuideService       : Track Location for user internalUser8071
2022-10-02 23:12:32.827  INFO 75568 --- [    Test worker] tourGuide.service.TourGuideService       : Track Location for user internalUser5216
2022-10-02 23:12:32.827  INFO 75568 --- [pool-7-thread-1] tourGuide.service.TourGuideService       : Track Location for user internalUser8072
2022-10-02 23:12:32.827  INFO 75568 --- [    Test worker] tourGuide.service.TourGuideService       : Track Location for user internalUser6547
2022-10-02 23:12:32.827  INFO 75568 --- [pool-7-thread-1] tourGuide.service.TourGuideService       : Track Location for user internalUser8070
2022-10-02 23:12:32.828  INFO 75568 --- [    Test worker] tourGuide.service.TourGuideService       : Track Location for user internalUser7877
2022-10-02 23:12:32.828  INFO 75568 --- [pool-7-thread-1] tourGuide.service.TourGuideService       : Track Location for user internalUser8075
2022-10-02 23:12:32.828  INFO 75568 --- [    Test worker] tourGuide.service.TourGuideService       : Track Location for user internalUser5219
2022-10-02 23:12:32.828  INFO 75568 --- [pool-7-thread-1] tourGuide.service.TourGuideService       : Track Location for user internalUser8076
2022-10-02 23:12:32.828  INFO 75568 --- [    Test worker] tourGuide.service.TourGuideService       : Track Location for user internalUser5218
2022-10-02 23:12:32.828  INFO 75568 --- [pool-7-thread-1] tourGuide.service.TourGuideService       : Track Location for user internalUser8073
2022-10-02 23:12:32.828  INFO 75568 --- [    Test worker] tourGuide.service.TourGuideService       : Track Location for user internalUser6549
2022-10-02 23:12:32.829  INFO 75568 --- [pool-7-thread-1] tourGuide.service.TourGuideService       : Track Location for user internalUser8074
2022-10-02 23:12:32.829  INFO 75568 --- [    Test worker] tourGuide.service.TourGuideService       : Track Location for user internalUser7870
2022-10-02 23:12:32.829  INFO 75568 --- [pool-7-thread-1] tourGuide.service.TourGuideService       : Track Location for user internalUser383
2022-10-02 23:12:32.829  INFO 75568 --- [    Test worker] tourGuide.service.TourGuideService       : Track Location for user internalUser7871
2022-10-02 23:12:32.829  INFO 75568 --- [pool-7-thread-1] tourGuide.service.TourGuideService       : Track Location for user internalUser384
2022-10-02 23:12:32.829  INFO 75568 --- [    Test worker] tourGuide.service.TourGuideService       : Track Location for user internalUser6540
2022-10-02 23:12:32.829  INFO 75568 --- [pool-7-thread-1] tourGuide.service.TourGuideService       : Track Location for user internalUser381
2022-10-02 23:12:32.829  INFO 75568 --- [    Test worker] tourGuide.service.TourGuideService       : Track Location for user internalUser5211
2022-10-02 23:12:32.829  INFO 75568 --- [pool-7-thread-1] tourGuide.service.TourGuideService       : Track Location for user internalUser382
2022-10-02 23:12:32.829  INFO 75568 --- [    Test worker] tourGuide.service.TourGuideService       : Track Location for user internalUser6542
2022-10-02 23:12:32.830  INFO 75568 --- [pool-7-thread-1] tourGuide.service.TourGuideService       : Track Location for user internalUser380
2022-10-02 23:12:32.830  INFO 75568 --- [    Test worker] tourGuide.service.TourGuideService       : Track Location for user internalUser7874
2022-10-02 23:12:32.830  INFO 75568 --- [pool-7-thread-1] tourGuide.service.TourGuideService       : Track Location for user internalUser8035
2022-10-02 23:12:32.830  INFO 75568 --- [    Test worker] tourGuide.service.TourGuideService       : Track Location for user internalUser5210
2022-10-02 23:12:32.830  INFO 75568 --- [pool-7-thread-1] tourGuide.service.TourGuideService       : Track Location for user internalUser9366
2022-10-02 23:12:32.830  INFO 75568 --- [    Test worker] tourGuide.service.TourGuideService       : Track Location for user internalUser6541
2022-10-02 23:12:32.830  INFO 75568 --- [pool-7-thread-1] tourGuide.service.TourGuideService       : Track Location for user internalUser8036
2022-10-02 23:12:32.830  INFO 75568 --- [    Test worker] tourGuide.service.TourGuideService       : Track Location for user internalUser7875
2022-10-02 23:12:32.831  INFO 75568 --- [pool-7-thread-1] tourGuide.service.TourGuideService       : Track Location for user internalUser9367
2022-10-02 23:12:32.831  INFO 75568 --- [    Test worker] tourGuide.service.TourGuideService       : Track Location for user internalUser5213
2022-10-02 23:12:32.831  INFO 75568 --- [pool-7-thread-1] tourGuide.service.TourGuideService       : Track Location for user internalUser389
2022-10-02 23:12:32.831  INFO 75568 --- [    Test worker] tourGuide.service.TourGuideService       : Track Location for user internalUser6544
2022-10-02 23:12:32.831  INFO 75568 --- [pool-7-thread-1] tourGuide.service.TourGuideService       : Track Location for user internalUser8033
2022-10-02 23:12:32.831  INFO 75568 --- [    Test worker] tourGuide.service.TourGuideService       : Track Location for user internalUser7872
2022-10-02 23:12:32.831  INFO 75568 --- [pool-7-thread-1] tourGuide.service.TourGuideService       : Track Location for user internalUser9364
2022-10-02 23:12:32.831  INFO 75568 --- [    Test worker] tourGuide.service.TourGuideService       : Track Location for user internalUser5212
2022-10-02 23:12:32.831  INFO 75568 --- [pool-7-thread-1] tourGuide.service.TourGuideService       : Track Location for user internalUser8034
2022-10-02 23:12:32.831  INFO 75568 --- [    Test worker] tourGuide.service.TourGuideService       : Track Location for user internalUser6543
2022-10-02 23:12:32.831  INFO 75568 --- [pool-7-thread-1] tourGuide.service.TourGuideService       : Track Location for user internalUser9365
2022-10-02 23:12:32.831  INFO 75568 --- [    Test worker] tourGuide.service.TourGuideService       : Track Location for user internalUser7873
2022-10-02 23:12:32.831  INFO 75568 --- [pool-7-thread-1] tourGuide.service.TourGuideService       : Track Location for user internalUser387
2022-10-02 23:12:32.831  INFO 75568 --- [    Test worker] tourGuide.service.TourGuideService       : Track Location for user internalUser1682
2022-10-02 23:12:32.832  INFO 75568 --- [pool-7-thread-1] tourGuide.service.TourGuideService       : Track Location for user internalUser8039
2022-10-02 23:12:32.832  INFO 75568 --- [    Test worker] tourGuide.service.TourGuideService       : Track Location for user internalUser1681
2022-10-02 23:12:32.832  INFO 75568 --- [pool-7-thread-1] tourGuide.service.TourGuideService       : Track Location for user internalUser388
2022-10-02 23:12:32.832  INFO 75568 --- [    Test worker] tourGuide.service.TourGuideService       : Track Location for user internalUser1680
2022-10-02 23:12:32.832  INFO 75568 --- [pool-7-thread-1] tourGuide.service.TourGuideService       : Track Location for user internalUser385
2022-10-02 23:12:32.832  INFO 75568 --- [    Test worker] tourGuide.service.TourGuideService       : Track Location for user internalUser1689
2022-10-02 23:12:32.832  INFO 75568 --- [pool-7-thread-1] tourGuide.service.TourGuideService       : Track Location for user internalUser8037
2022-10-02 23:12:32.832  INFO 75568 --- [    Test worker] tourGuide.service.TourGuideService       : Track Location for user internalUser1688
2022-10-02 23:12:32.832  INFO 75568 --- [pool-7-thread-1] tourGuide.service.TourGuideService       : Track Location for user internalUser9368
2022-10-02 23:12:32.832  INFO 75568 --- [    Test worker] tourGuide.service.TourGuideService       : Track Location for user internalUser1687
2022-10-02 23:12:32.834  INFO 75568 --- [pool-7-thread-1] tourGuide.service.TourGuideService       : Track Location for user internalUser386
2022-10-02 23:12:32.834  INFO 75568 --- [    Test worker] tourGuide.service.TourGuideService       : Track Location for user internalUser1686
2022-10-02 23:12:32.834  INFO 75568 --- [pool-7-thread-1] tourGuide.service.TourGuideService       : Track Location for user internalUser8038
2022-10-02 23:12:32.834  INFO 75568 --- [    Test worker] tourGuide.service.TourGuideService       : Track Location for user internalUser1685
2022-10-02 23:12:32.834  INFO 75568 --- [pool-7-thread-1] tourGuide.service.TourGuideService       : Track Location for user internalUser9369
2022-10-02 23:12:32.834  INFO 75568 --- [    Test worker] tourGuide.service.TourGuideService       : Track Location for user internalUser1684
2022-10-02 23:12:32.834  INFO 75568 --- [pool-7-thread-1] tourGuide.service.TourGuideService       : Track Location for user internalUser9370
2022-10-02 23:12:32.834  INFO 75568 --- [    Test worker] tourGuide.service.TourGuideService       : Track Location for user internalUser1683
2022-10-02 23:12:32.834  INFO 75568 --- [pool-7-thread-1] tourGuide.service.TourGuideService       : Track Location for user internalUser8042
2022-10-02 23:12:32.835  INFO 75568 --- [    Test worker] tourGuide.service.TourGuideService       : Track Location for user internalUser1693
2022-10-02 23:12:32.835  INFO 75568 --- [pool-7-thread-1] tourGuide.service.TourGuideService       : Track Location for user internalUser9373
2022-10-02 23:12:32.835  INFO 75568 --- [    Test worker] tourGuide.service.TourGuideService       : Track Location for user internalUser1692
2022-10-02 23:12:32.837  INFO 75568 --- [pool-7-thread-1] tourGuide.service.TourGuideService       : Track Location for user internalUser8043
2022-10-02 23:12:32.837  INFO 75568 --- [    Test worker] tourGuide.service.TourGuideService       : Track Location for user internalUser1691
2022-10-02 23:12:32.838  INFO 75568 --- [pool-7-thread-1] tourGuide.service.TourGuideService       : Track Location for user internalUser9374
2022-10-02 23:12:32.838  INFO 75568 --- [    Test worker] tourGuide.service.TourGuideService       : Track Location for user internalUser1690
2022-10-02 23:12:32.838  INFO 75568 --- [pool-7-thread-1] tourGuide.service.TourGuideService       : Track Location for user internalUser8040
2022-10-02 23:12:32.838  INFO 75568 --- [    Test worker] tourGuide.service.TourGuideService       : Track Location for user internalUser1699
2022-10-02 23:12:32.838  INFO 75568 --- [pool-7-thread-1] tourGuide.service.TourGuideService       : Track Location for user internalUser9371
2022-10-02 23:12:32.838  INFO 75568 --- [    Test worker] tourGuide.service.TourGuideService       : Track Location for user internalUser1698
2022-10-02 23:12:32.839  INFO 75568 --- [    Test worker] tourGuide.service.TourGuideService       : Track Location for user internalUser1697
2022-10-02 23:12:32.839  INFO 75568 --- [    Test worker] tourGuide.service.TourGuideService       : Track Location for user internalUser1696
2022-10-02 23:12:32.839  INFO 75568 --- [    Test worker] tourGuide.service.TourGuideService       : Track Location for user internalUser1695
2022-10-02 23:12:32.839  INFO 75568 --- [    Test worker] tourGuide.service.TourGuideService       : Track Location for user internalUser1694
2022-10-02 23:12:32.839  INFO 75568 --- [    Test worker] tourGuide.service.TourGuideService       : Track Location for user internalUser7801
2022-10-02 23:12:32.839  INFO 75568 --- [    Test worker] tourGuide.service.TourGuideService       : Track Location for user internalUser7802
2022-10-02 23:12:32.840  INFO 75568 --- [    Test worker] tourGuide.service.TourGuideService       : Track Location for user internalUser7800
2022-10-02 23:12:32.841  INFO 75568 --- [    Test worker] tourGuide.service.TourGuideService       : Track Location for user internalUser7805
2022-10-02 23:12:32.841  INFO 75568 --- [    Test worker] tourGuide.service.TourGuideService       : Track Location for user internalUser7806
2022-10-02 23:12:32.841  INFO 75568 --- [    Test worker] tourGuide.service.TourGuideService       : Track Location for user internalUser7803
2022-10-02 23:12:32.841  INFO 75568 --- [    Test worker] tourGuide.service.TourGuideService       : Track Location for user internalUser7804
2022-10-02 23:12:32.841  INFO 75568 --- [    Test worker] tourGuide.service.TourGuideService       : Track Location for user internalUser7809
2022-10-02 23:12:32.842  INFO 75568 --- [    Test worker] tourGuide.service.TourGuideService       : Track Location for user internalUser7807
2022-10-02 23:12:32.842  INFO 75568 --- [    Test worker] tourGuide.service.TourGuideService       : Track Location for user internalUser7808
2022-10-02 23:12:32.842  INFO 75568 --- [    Test worker] tourGuide.service.TourGuideService       : Track Location for user internalUser7812
2022-10-02 23:12:32.842  INFO 75568 --- [    Test worker] tourGuide.service.TourGuideService       : Track Location for user internalUser7813
2022-10-02 23:12:32.842  INFO 75568 --- [    Test worker] tourGuide.service.TourGuideService       : Track Location for user internalUser7810
2022-10-02 23:12:32.842  INFO 75568 --- [    Test worker] tourGuide.service.TourGuideService       : Track Location for user internalUser7811
2022-10-02 23:12:32.842  INFO 75568 --- [    Test worker] tourGuide.service.TourGuideService       : Track Location for user internalUser7816
2022-10-02 23:12:32.842  INFO 75568 --- [    Test worker] tourGuide.service.TourGuideService       : Track Location for user internalUser7817
2022-10-02 23:12:32.842  INFO 75568 --- [    Test worker] tourGuide.service.TourGuideService       : Track Location for user internalUser7814
2022-10-02 23:12:32.843  INFO 75568 --- [    Test worker] tourGuide.service.TourGuideService       : Track Location for user internalUser7815
2022-10-02 23:12:32.843  INFO 75568 --- [    Test worker] tourGuide.service.TourGuideService       : Track Location for user internalUser7818
2022-10-02 23:12:32.843  INFO 75568 --- [    Test worker] tourGuide.service.TourGuideService       : Track Location for user internalUser7819
2022-10-02 23:12:32.843  INFO 75568 --- [    Test worker] tourGuide.service.TourGuideService       : Track Location for user internalUser8019
2022-10-02 23:12:32.843  INFO 75568 --- [pool-7-thread-1] tourGuide.service.TourGuideService       : Track Location for user internalUser8041
2022-10-02 23:12:32.843  INFO 75568 --- [    Test worker] tourGuide.service.TourGuideService       : Track Location for user internalUser8013
2022-10-02 23:12:32.844  INFO 75568 --- [pool-7-thread-1] tourGuide.service.TourGuideService       : Track Location for user internalUser9372
2022-10-02 23:12:32.844  INFO 75568 --- [pool-7-thread-1] tourGuide.service.TourGuideService       : Track Location for user internalUser394
2022-10-02 23:12:32.844  INFO 75568 --- [pool-7-thread-1] tourGuide.service.TourGuideService       : Track Location for user internalUser395
2022-10-02 23:12:32.844  INFO 75568 --- [pool-7-thread-1] tourGuide.service.TourGuideService       : Track Location for user internalUser392
2022-10-02 23:12:32.845  INFO 75568 --- [pool-7-thread-1] tourGuide.service.TourGuideService       : Track Location for user internalUser393
2022-10-02 23:12:32.845  INFO 75568 --- [pool-7-thread-1] tourGuide.service.TourGuideService       : Track Location for user internalUser390
2022-10-02 23:12:32.845  INFO 75568 --- [pool-7-thread-1] tourGuide.service.TourGuideService       : Track Location for user internalUser391
2022-10-02 23:12:32.845  INFO 75568 --- [pool-7-thread-1] tourGuide.service.TourGuideService       : Track Location for user internalUser8046
2022-10-02 23:12:32.845  INFO 75568 --- [pool-7-thread-1] tourGuide.service.TourGuideService       : Track Location for user internalUser9377
2022-10-02 23:12:32.845  INFO 75568 --- [pool-7-thread-1] tourGuide.service.TourGuideService       : Track Location for user internalUser8047
2022-10-02 23:12:32.845  INFO 75568 --- [pool-7-thread-1] tourGuide.service.TourGuideService       : Track Location for user internalUser9378
2022-10-02 23:12:32.846  INFO 75568 --- [pool-7-thread-1] tourGuide.service.TourGuideService       : Track Location for user internalUser8044
2022-10-02 23:12:32.846  INFO 75568 --- [pool-7-thread-1] tourGuide.service.TourGuideService       : Track Location for user internalUser9375
2022-10-02 23:12:32.846  INFO 75568 --- [pool-7-thread-1] tourGuide.service.TourGuideService       : Track Location for user internalUser8045
2022-10-02 23:12:32.846  INFO 75568 --- [pool-7-thread-1] tourGuide.service.TourGuideService       : Track Location for user internalUser9376
2022-10-02 23:12:32.846  INFO 75568 --- [pool-7-thread-1] tourGuide.service.TourGuideService       : Track Location for user internalUser398
2022-10-02 23:12:32.847  INFO 75568 --- [pool-7-thread-1] tourGuide.service.TourGuideService       : Track Location for user internalUser399
2022-10-02 23:12:32.847  INFO 75568 --- [pool-7-thread-1] tourGuide.service.TourGuideService       : Track Location for user internalUser396
2022-10-02 23:12:32.847  INFO 75568 --- [pool-7-thread-1] tourGuide.service.TourGuideService       : Track Location for user internalUser8048
2022-10-02 23:12:32.847  INFO 75568 --- [pool-7-thread-1] tourGuide.service.TourGuideService       : Track Location for user internalUser9379
2022-10-02 23:12:32.847  INFO 75568 --- [pool-7-thread-1] tourGuide.service.TourGuideService       : Track Location for user internalUser397
2022-10-02 23:12:32.847  INFO 75568 --- [pool-7-thread-1] tourGuide.service.TourGuideService       : Track Location for user internalUser8049
2022-10-02 23:12:32.848  INFO 75568 --- [pool-7-thread-1] tourGuide.service.TourGuideService       : Track Location for user internalUser9380
2022-10-02 23:12:32.848  INFO 75568 --- [pool-7-thread-1] tourGuide.service.TourGuideService       : Track Location for user internalUser8050
2022-10-02 23:12:32.848  INFO 75568 --- [pool-7-thread-1] tourGuide.service.TourGuideService       : Track Location for user internalUser9381
2022-10-02 23:12:32.848  INFO 75568 --- [pool-7-thread-1] tourGuide.service.TourGuideService       : Track Location for user internalUser8053
2022-10-02 23:12:32.848  INFO 75568 --- [pool-7-thread-1] tourGuide.service.TourGuideService       : Track Location for user internalUser9384
2022-10-02 23:12:32.848  INFO 75568 --- [pool-7-thread-1] tourGuide.service.TourGuideService       : Track Location for user internalUser8054
2022-10-02 23:12:32.848  INFO 75568 --- [pool-7-thread-1] tourGuide.service.TourGuideService       : Track Location for user internalUser9385
2022-10-02 23:12:32.848  INFO 75568 --- [pool-7-thread-1] tourGuide.service.TourGuideService       : Track Location for user internalUser8051
2022-10-02 23:12:32.849  INFO 75568 --- [pool-7-thread-1] tourGuide.service.TourGuideService       : Track Location for user internalUser9382
2022-10-02 23:12:32.849  INFO 75568 --- [pool-7-thread-1] tourGuide.service.TourGuideService       : Track Location for user internalUser8052
2022-10-02 23:12:32.849  INFO 75568 --- [pool-7-thread-1] tourGuide.service.TourGuideService       : Track Location for user internalUser9383
2022-10-02 23:12:32.849  INFO 75568 --- [    Test worker] tourGuide.service.TourGuideService       : Track Location for user internalUser9344
2022-10-02 23:12:32.849  INFO 75568 --- [pool-7-thread-1] tourGuide.service.TourGuideService       : Track Location for user internalUser325
2022-10-02 23:12:32.849  INFO 75568 --- [    Test worker] tourGuide.service.TourGuideService       : Track Location for user internalUser8014
2022-10-02 23:12:32.849  INFO 75568 --- [pool-7-thread-1] tourGuide.service.TourGuideService       : Track Location for user internalUser326
2022-10-02 23:12:32.850  INFO 75568 --- [    Test worker] tourGuide.service.TourGuideService       : Track Location for user internalUser9345
2022-10-02 23:12:32.850  INFO 75568 --- [pool-7-thread-1] tourGuide.service.TourGuideService       : Track Location for user internalUser323
2022-10-02 23:12:32.850  INFO 75568 --- [    Test worker] tourGuide.service.TourGuideService       : Track Location for user internalUser8011
2022-10-02 23:12:32.850  INFO 75568 --- [pool-7-thread-1] tourGuide.service.TourGuideService       : Track Location for user internalUser324
2022-10-02 23:12:32.850  INFO 75568 --- [    Test worker] tourGuide.service.TourGuideService       : Track Location for user internalUser9342
2022-10-02 23:12:32.850  INFO 75568 --- [pool-7-thread-1] tourGuide.service.TourGuideService       : Track Location for user internalUser321
2022-10-02 23:12:32.850  INFO 75568 --- [    Test worker] tourGuide.service.TourGuideService       : Track Location for user internalUser8012
2022-10-02 23:12:32.851  INFO 75568 --- [pool-7-thread-1] tourGuide.service.TourGuideService       : Track Location for user internalUser322
2022-10-02 23:12:32.851  INFO 75568 --- [    Test worker] tourGuide.service.TourGuideService       : Track Location for user internalUser9343
2022-10-02 23:12:32.851  INFO 75568 --- [pool-7-thread-1] tourGuide.service.TourGuideService       : Track Location for user internalUser320
2022-10-02 23:12:32.851  INFO 75568 --- [    Test worker] tourGuide.service.TourGuideService       : Track Location for user internalUser8017
2022-10-02 23:12:32.851  INFO 75568 --- [pool-7-thread-1] tourGuide.service.TourGuideService       : Track Location for user internalUser329
2022-10-02 23:12:32.851  INFO 75568 --- [    Test worker] tourGuide.service.TourGuideService       : Track Location for user internalUser9348
2022-10-02 23:12:32.851  INFO 75568 --- [pool-7-thread-1] tourGuide.service.TourGuideService       : Track Location for user internalUser327
2022-10-02 23:12:32.852  INFO 75568 --- [    Test worker] tourGuide.service.TourGuideService       : Track Location for user internalUser8018
2022-10-02 23:12:32.852  INFO 75568 --- [pool-7-thread-1] tourGuide.service.TourGuideService       : Track Location for user internalUser328
2022-10-02 23:12:32.852  INFO 75568 --- [    Test worker] tourGuide.service.TourGuideService       : Track Location for user internalUser9349
2022-10-02 23:12:32.852  INFO 75568 --- [pool-7-thread-1] tourGuide.service.TourGuideService       : Track Location for user internalUser336
2022-10-02 23:12:32.852  INFO 75568 --- [    Test worker] tourGuide.service.TourGuideService       : Track Location for user internalUser8015
2022-10-02 23:12:32.852  INFO 75568 --- [pool-7-thread-1] tourGuide.service.TourGuideService       : Track Location for user internalUser337
2022-10-02 23:12:32.852  INFO 75568 --- [    Test worker] tourGuide.service.TourGuideService       : Track Location for user internalUser9346
2022-10-02 23:12:32.852  INFO 75568 --- [pool-7-thread-1] tourGuide.service.TourGuideService       : Track Location for user internalUser334
2022-10-02 23:12:32.852  INFO 75568 --- [    Test worker] tourGuide.service.TourGuideService       : Track Location for user internalUser8016
2022-10-02 23:12:32.853  INFO 75568 --- [pool-7-thread-1] tourGuide.service.TourGuideService       : Track Location for user internalUser335
2022-10-02 23:12:32.853  INFO 75568 --- [    Test worker] tourGuide.service.TourGuideService       : Track Location for user internalUser9347
2022-10-02 23:12:32.853  INFO 75568 --- [pool-7-thread-1] tourGuide.service.TourGuideService       : Track Location for user internalUser332
2022-10-02 23:12:32.853  INFO 75568 --- [pool-7-thread-1] tourGuide.service.TourGuideService       : Track Location for user internalUser333
2022-10-02 23:12:32.853  INFO 75568 --- [    Test worker] tourGuide.service.TourGuideService       : Track Location for user internalUser8020
2022-10-02 23:12:32.854  INFO 75568 --- [pool-7-thread-1] tourGuide.service.TourGuideService       : Track Location for user internalUser330
2022-10-02 23:12:32.854  INFO 75568 --- [    Test worker] tourGuide.service.TourGuideService       : Track Location for user internalUser9351
2022-10-02 23:12:32.856  INFO 75568 --- [    Test worker] tourGuide.service.TourGuideService       : Track Location for user internalUser8021
2022-10-02 23:12:32.857  INFO 75568 --- [pool-7-thread-1] tourGuide.service.TourGuideService       : Track Location for user internalUser331
2022-10-02 23:12:32.857  INFO 75568 --- [    Test worker] tourGuide.service.TourGuideService       : Track Location for user internalUser9352
2022-10-02 23:12:32.857  INFO 75568 --- [pool-7-thread-1] tourGuide.service.TourGuideService       : Track Location for user internalUser338
2022-10-02 23:12:32.857  INFO 75568 --- [    Test worker] tourGuide.service.TourGuideService       : Track Location for user internalUser9350
2022-10-02 23:12:32.857  INFO 75568 --- [pool-7-thread-1] tourGuide.service.TourGuideService       : Track Location for user internalUser339
2022-10-02 23:12:32.857  INFO 75568 --- [    Test worker] tourGuide.service.TourGuideService       : Track Location for user internalUser8024
2022-10-02 23:12:32.857  INFO 75568 --- [pool-7-thread-1] tourGuide.service.TourGuideService       : Track Location for user internalUser340
2022-10-02 23:12:32.857  INFO 75568 --- [    Test worker] tourGuide.service.TourGuideService       : Track Location for user internalUser9355
2022-10-02 23:12:32.857  INFO 75568 --- [pool-7-thread-1] tourGuide.service.TourGuideService       : Track Location for user internalUser347
2022-10-02 23:12:32.857  INFO 75568 --- [    Test worker] tourGuide.service.TourGuideService       : Track Location for user internalUser8025
2022-10-02 23:12:32.857  INFO 75568 --- [    Test worker] tourGuide.service.TourGuideService       : Track Location for user internalUser9356
2022-10-02 23:12:32.857  INFO 75568 --- [    Test worker] tourGuide.service.TourGuideService       : Track Location for user internalUser8022
2022-10-02 23:12:32.857  INFO 75568 --- [pool-7-thread-1] tourGuide.service.TourGuideService       : Track Location for user internalUser3182
2022-10-02 23:12:32.858  INFO 75568 --- [pool-7-thread-1] tourGuide.service.TourGuideService       : Track Location for user internalUser348
2022-10-02 23:12:32.858  INFO 75568 --- [pool-7-thread-1] tourGuide.service.TourGuideService       : Track Location for user internalUser3183
2022-10-02 23:12:32.858  INFO 75568 --- [pool-7-thread-1] tourGuide.service.TourGuideService       : Track Location for user internalUser345
2022-10-02 23:12:32.858  INFO 75568 --- [    Test worker] tourGuide.service.TourGuideService       : Track Location for user internalUser9353
2022-10-02 23:12:32.858  INFO 75568 --- [pool-7-thread-1] tourGuide.service.TourGuideService       : Track Location for user internalUser3184
2022-10-02 23:12:32.858  INFO 75568 --- [    Test worker] tourGuide.service.TourGuideService       : Track Location for user internalUser8023
2022-10-02 23:12:32.859  INFO 75568 --- [pool-7-thread-1] tourGuide.service.TourGuideService       : Track Location for user internalUser346
2022-10-02 23:12:32.859  INFO 75568 --- [    Test worker] tourGuide.service.TourGuideService       : Track Location for user internalUser9354
2022-10-02 23:12:32.859  INFO 75568 --- [    Test worker] tourGuide.service.TourGuideService       : Track Location for user internalUser8028
2022-10-02 23:12:32.859  INFO 75568 --- [    Test worker] tourGuide.service.TourGuideService       : Track Location for user internalUser9359
2022-10-02 23:12:32.859  INFO 75568 --- [    Test worker] tourGuide.service.TourGuideService       : Track Location for user internalUser8029
2022-10-02 23:12:32.859  INFO 75568 --- [pool-7-thread-1] tourGuide.service.TourGuideService       : Track Location for user internalUser3185
2022-10-02 23:12:32.860  INFO 75568 --- [    Test worker] tourGuide.service.TourGuideService       : Track Location for user internalUser8026
2022-10-02 23:12:32.860  INFO 75568 --- [pool-7-thread-1] tourGuide.service.TourGuideService       : Track Location for user internalUser343
2022-10-02 23:12:32.860  INFO 75568 --- [    Test worker] tourGuide.service.TourGuideService       : Track Location for user internalUser9357
2022-10-02 23:12:32.860  INFO 75568 --- [pool-7-thread-1] tourGuide.service.TourGuideService       : Track Location for user internalUser3186
2022-10-02 23:12:32.860  INFO 75568 --- [    Test worker] tourGuide.service.TourGuideService       : Track Location for user internalUser8027
2022-10-02 23:12:32.860  INFO 75568 --- [pool-7-thread-1] tourGuide.service.TourGuideService       : Track Location for user internalUser344
2022-10-02 23:12:32.861  INFO 75568 --- [    Test worker] tourGuide.service.TourGuideService       : Track Location for user internalUser9358
2022-10-02 23:12:32.861  INFO 75568 --- [pool-7-thread-1] tourGuide.service.TourGuideService       : Track Location for user internalUser3187
2022-10-02 23:12:32.861  INFO 75568 --- [    Test worker] tourGuide.service.TourGuideService       : Track Location for user internalUser8031
2022-10-02 23:12:32.861  INFO 75568 --- [pool-7-thread-1] tourGuide.service.TourGuideService       : Track Location for user internalUser341
2022-10-02 23:12:32.861  INFO 75568 --- [    Test worker] tourGuide.service.TourGuideService       : Track Location for user internalUser9362
2022-10-02 23:12:32.861  INFO 75568 --- [pool-7-thread-1] tourGuide.service.TourGuideService       : Track Location for user internalUser3188
2022-10-02 23:12:32.861  INFO 75568 --- [    Test worker] tourGuide.service.TourGuideService       : Track Location for user internalUser8032
2022-10-02 23:12:32.862  INFO 75568 --- [pool-7-thread-1] tourGuide.service.TourGuideService       : Track Location for user internalUser342
2022-10-02 23:12:32.862  INFO 75568 --- [    Test worker] tourGuide.service.TourGuideService       : Track Location for user internalUser9363
2022-10-02 23:12:32.862  INFO 75568 --- [    Test worker] tourGuide.service.TourGuideService       : Track Location for user internalUser9360
2022-10-02 23:12:32.862  INFO 75568 --- [    Test worker] tourGuide.service.TourGuideService       : Track Location for user internalUser8030
2022-10-02 23:12:32.862  INFO 75568 --- [pool-7-thread-1] tourGuide.service.TourGuideService       : Track Location for user internalUser3189
2022-10-02 23:12:32.863  INFO 75568 --- [    Test worker] tourGuide.service.TourGuideService       : Track Location for user internalUser9361
2022-10-02 23:12:32.863  INFO 75568 --- [pool-7-thread-1] tourGuide.service.TourGuideService       : Track Location for user internalUser3190
2022-10-02 23:12:32.863  INFO 75568 --- [    Test worker] tourGuide.service.TourGuideService       : Track Location for user internalUser9328
2022-10-02 23:12:32.863  INFO 75568 --- [pool-7-thread-1] tourGuide.service.TourGuideService       : Track Location for user internalUser349
2022-10-02 23:12:32.863  INFO 75568 --- [    Test worker] tourGuide.service.TourGuideService       : Track Location for user internalUser9329
2022-10-02 23:12:32.864  INFO 75568 --- [pool-7-thread-1] tourGuide.service.TourGuideService       : Track Location for user internalUser3191
2022-10-02 23:12:32.864  INFO 75568 --- [    Test worker] tourGuide.service.TourGuideService       : Track Location for user internalUser9322
2022-10-02 23:12:32.864  INFO 75568 --- [pool-7-thread-1] tourGuide.service.TourGuideService       : Track Location for user internalUser3192
2022-10-02 23:12:32.864  INFO 75568 --- [    Test worker] tourGuide.service.TourGuideService       : Track Location for user internalUser9323
2022-10-02 23:12:32.864  INFO 75568 --- [pool-7-thread-1] tourGuide.service.TourGuideService       : Track Location for user internalUser350
2022-10-02 23:12:32.864  INFO 75568 --- [    Test worker] tourGuide.service.TourGuideService       : Track Location for user internalUser9320
2022-10-02 23:12:32.865  INFO 75568 --- [pool-7-thread-1] tourGuide.service.TourGuideService       : Track Location for user internalUser351
2022-10-02 23:12:32.865  INFO 75568 --- [    Test worker] tourGuide.service.TourGuideService       : Track Location for user internalUser9321
2022-10-02 23:12:32.865  INFO 75568 --- [pool-7-thread-1] tourGuide.service.TourGuideService       : Track Location for user internalUser358
2022-10-02 23:12:32.865  INFO 75568 --- [    Test worker] tourGuide.service.TourGuideService       : Track Location for user internalUser9326
2022-10-02 23:12:32.865  INFO 75568 --- [pool-7-thread-1] tourGuide.service.TourGuideService       : Track Location for user internalUser3193
2022-10-02 23:12:32.865  INFO 75568 --- [    Test worker] tourGuide.service.TourGuideService       : Track Location for user internalUser9327
2022-10-02 23:12:32.865  INFO 75568 --- [pool-7-thread-1] tourGuide.service.TourGuideService       : Track Location for user internalUser359
2022-10-02 23:12:32.865  INFO 75568 --- [    Test worker] tourGuide.service.TourGuideService       : Track Location for user internalUser9324
2022-10-02 23:12:32.866  INFO 75568 --- [pool-7-thread-1] tourGuide.service.TourGuideService       : Track Location for user internalUser3194
2022-10-02 23:12:32.866  INFO 75568 --- [    Test worker] tourGuide.service.TourGuideService       : Track Location for user internalUser9325
2022-10-02 23:12:32.866  INFO 75568 --- [    Test worker] tourGuide.service.TourGuideService       : Track Location for user internalUser9330
2022-10-02 23:12:32.866  INFO 75568 --- [    Test worker] tourGuide.service.TourGuideService       : Track Location for user internalUser8008
2022-10-02 23:12:32.867  INFO 75568 --- [    Test worker] tourGuide.service.TourGuideService       : Track Location for user internalUser9339
2022-10-02 23:12:32.867  INFO 75568 --- [pool-7-thread-1] tourGuide.service.TourGuideService       : Track Location for user internalUser356
2022-10-02 23:12:32.867  INFO 75568 --- [    Test worker] tourGuide.service.TourGuideService       : Track Location for user internalUser8009
2022-10-02 23:12:32.867  INFO 75568 --- [pool-7-thread-1] tourGuide.service.TourGuideService       : Track Location for user internalUser3195
2022-10-02 23:12:32.867  INFO 75568 --- [    Test worker] tourGuide.service.TourGuideService       : Track Location for user internalUser8002
2022-10-02 23:12:32.867  INFO 75568 --- [pool-7-thread-1] tourGuide.service.TourGuideService       : Track Location for user internalUser357
2022-10-02 23:12:32.867  INFO 75568 --- [    Test worker] tourGuide.service.TourGuideService       : Track Location for user internalUser9333
2022-10-02 23:12:32.867  INFO 75568 --- [    Test worker] tourGuide.service.TourGuideService       : Track Location for user internalUser8003
2022-10-02 23:12:32.868  INFO 75568 --- [pool-7-thread-1] tourGuide.service.TourGuideService       : Track Location for user internalUser3196
2022-10-02 23:12:32.868  INFO 75568 --- [    Test worker] tourGuide.service.TourGuideService       : Track Location for user internalUser9334
2022-10-02 23:12:32.868  INFO 75568 --- [pool-7-thread-1] tourGuide.service.TourGuideService       : Track Location for user internalUser354
2022-10-02 23:12:32.868  INFO 75568 --- [    Test worker] tourGuide.service.TourGuideService       : Track Location for user internalUser8000
2022-10-02 23:12:32.868  INFO 75568 --- [    Test worker] tourGuide.service.TourGuideService       : Track Location for user internalUser9331
2022-10-02 23:12:32.868  INFO 75568 --- [    Test worker] tourGuide.service.TourGuideService       : Track Location for user internalUser8001
2022-10-02 23:12:32.868  INFO 75568 --- [    Test worker] tourGuide.service.TourGuideService       : Track Location for user internalUser9332
2022-10-02 23:12:32.868  INFO 75568 --- [    Test worker] tourGuide.service.TourGuideService       : Track Location for user internalUser8006
2022-10-02 23:12:32.869  INFO 75568 --- [    Test worker] tourGuide.service.TourGuideService       : Track Location for user internalUser9337
2022-10-02 23:12:32.869  INFO 75568 --- [    Test worker] tourGuide.service.TourGuideService       : Track Location for user internalUser8007
2022-10-02 23:12:32.869  INFO 75568 --- [    Test worker] tourGuide.service.TourGuideService       : Track Location for user internalUser9338
2022-10-02 23:12:32.869  INFO 75568 --- [    Test worker] tourGuide.service.TourGuideService       : Track Location for user internalUser8004
2022-10-02 23:12:32.870  INFO 75568 --- [    Test worker] tourGuide.service.TourGuideService       : Track Location for user internalUser9335
2022-10-02 23:12:32.870  INFO 75568 --- [    Test worker] tourGuide.service.TourGuideService       : Track Location for user internalUser8005
2022-10-02 23:12:32.870  INFO 75568 --- [    Test worker] tourGuide.service.TourGuideService       : Track Location for user internalUser9336
2022-10-02 23:12:32.870  INFO 75568 --- [    Test worker] tourGuide.service.TourGuideService       : Track Location for user internalUser9340
2022-10-02 23:12:32.870  INFO 75568 --- [    Test worker] tourGuide.service.TourGuideService       : Track Location for user internalUser8010
2022-10-02 23:12:32.871  INFO 75568 --- [    Test worker] tourGuide.service.TourGuideService       : Track Location for user internalUser9341
2022-10-02 23:12:32.873  INFO 75568 --- [    Test worker] tourGuide.service.TourGuideService       : Track Location for user internalUser361
2022-10-02 23:12:32.874  INFO 75568 --- [    Test worker] tourGuide.service.TourGuideService       : Track Location for user internalUser362
2022-10-02 23:12:32.874  INFO 75568 --- [    Test worker] tourGuide.service.TourGuideService       : Track Location for user internalUser360
2022-10-02 23:12:32.874  INFO 75568 --- [pool-7-thread-1] tourGuide.service.TourGuideService       : Track Location for user internalUser3197
2022-10-02 23:12:32.874  INFO 75568 --- [pool-7-thread-1] tourGuide.service.TourGuideService       : Track Location for user internalUser355
2022-10-02 23:12:32.874  INFO 75568 --- [pool-7-thread-1] tourGuide.service.TourGuideService       : Track Location for user internalUser3198
2022-10-02 23:12:32.875  INFO 75568 --- [    Test worker] tourGuide.service.TourGuideService       : Track Location for user internalUser369
2022-10-02 23:12:32.875  INFO 75568 --- [pool-7-thread-1] tourGuide.service.TourGuideService       : Track Location for user internalUser352
2022-10-02 23:12:32.875  INFO 75568 --- [    Test worker] tourGuide.service.TourGuideService       : Track Location for user internalUser8057
2022-10-02 23:12:32.875  INFO 75568 --- [pool-7-thread-1] tourGuide.service.TourGuideService       : Track Location for user internalUser3199
2022-10-02 23:12:32.875  INFO 75568 --- [    Test worker] tourGuide.service.TourGuideService       : Track Location for user internalUser9388
2022-10-02 23:12:32.875  INFO 75568 --- [pool-7-thread-1] tourGuide.service.TourGuideService       : Track Location for user internalUser353
2022-10-02 23:12:32.875  INFO 75568 --- [    Test worker] tourGuide.service.TourGuideService       : Track Location for user internalUser8058
2022-10-02 23:12:32.875  INFO 75568 --- [pool-7-thread-1] tourGuide.service.TourGuideService       : Track Location for user internalUser9308
2022-10-02 23:12:32.876  INFO 75568 --- [    Test worker] tourGuide.service.TourGuideService       : Track Location for user internalUser9389
2022-10-02 23:12:32.876  INFO 75568 --- [pool-7-thread-1] tourGuide.service.TourGuideService       : Track Location for user internalUser9309
2022-10-02 23:12:32.876  INFO 75568 --- [    Test worker] tourGuide.service.TourGuideService       : Track Location for user internalUser367
2022-10-02 23:12:32.876  INFO 75568 --- [pool-7-thread-1] tourGuide.service.TourGuideService       : Track Location for user internalUser9306
2022-10-02 23:12:32.876  INFO 75568 --- [pool-7-thread-1] tourGuide.service.TourGuideService       : Track Location for user internalUser9307
2022-10-02 23:12:32.877  INFO 75568 --- [    Test worker] tourGuide.service.TourGuideService       : Track Location for user internalUser8055
2022-10-02 23:12:32.877  INFO 75568 --- [pool-7-thread-1] tourGuide.service.TourGuideService       : Track Location for user internalUser9300
2022-10-02 23:12:32.877  INFO 75568 --- [    Test worker] tourGuide.service.TourGuideService       : Track Location for user internalUser9386
2022-10-02 23:12:32.877  INFO 75568 --- [pool-7-thread-1] tourGuide.service.TourGuideService       : Track Location for user internalUser9301
2022-10-02 23:12:32.877  INFO 75568 --- [    Test worker] tourGuide.service.TourGuideService       : Track Location for user internalUser368
2022-10-02 23:12:32.877  INFO 75568 --- [pool-7-thread-1] tourGuide.service.TourGuideService       : Track Location for user internalUser9304
2022-10-02 23:12:32.877  INFO 75568 --- [    Test worker] tourGuide.service.TourGuideService       : Track Location for user internalUser8056
2022-10-02 23:12:32.877  INFO 75568 --- [pool-7-thread-1] tourGuide.service.TourGuideService       : Track Location for user internalUser9305
2022-10-02 23:12:32.878  INFO 75568 --- [    Test worker] tourGuide.service.TourGuideService       : Track Location for user internalUser9387
2022-10-02 23:12:32.878  INFO 75568 --- [pool-7-thread-1] tourGuide.service.TourGuideService       : Track Location for user internalUser9302
2022-10-02 23:12:32.878  INFO 75568 --- [    Test worker] tourGuide.service.TourGuideService       : Track Location for user internalUser365
2022-10-02 23:12:32.878  INFO 75568 --- [pool-7-thread-1] tourGuide.service.TourGuideService       : Track Location for user internalUser9303
2022-10-02 23:12:32.878  INFO 75568 --- [    Test worker] tourGuide.service.TourGuideService       : Track Location for user internalUser366
2022-10-02 23:12:32.878  INFO 75568 --- [pool-7-thread-1] tourGuide.service.TourGuideService       : Track Location for user internalUser9319
2022-10-02 23:12:32.879  INFO 75568 --- [    Test worker] tourGuide.service.TourGuideService       : Track Location for user internalUser363
2022-10-02 23:12:32.879  INFO 75568 --- [pool-7-thread-1] tourGuide.service.TourGuideService       : Track Location for user internalUser9317
2022-10-02 23:12:32.879  INFO 75568 --- [    Test worker] tourGuide.service.TourGuideService       : Track Location for user internalUser8059
2022-10-02 23:12:32.879  INFO 75568 --- [pool-7-thread-1] tourGuide.service.TourGuideService       : Track Location for user internalUser9318
2022-10-02 23:12:32.879  INFO 75568 --- [    Test worker] tourGuide.service.TourGuideService       : Track Location for user internalUser364
2022-10-02 23:12:32.879  INFO 75568 --- [pool-7-thread-1] tourGuide.service.TourGuideService       : Track Location for user internalUser9311
2022-10-02 23:12:32.879  INFO 75568 --- [    Test worker] tourGuide.service.TourGuideService       : Track Location for user internalUser8060
2022-10-02 23:12:32.880  INFO 75568 --- [pool-7-thread-1] tourGuide.service.TourGuideService       : Track Location for user internalUser9312
2022-10-02 23:12:32.880  INFO 75568 --- [    Test worker] tourGuide.service.TourGuideService       : Track Location for user internalUser9391
2022-10-02 23:12:32.880  INFO 75568 --- [pool-7-thread-1] tourGuide.service.TourGuideService       : Track Location for user internalUser9310
2022-10-02 23:12:32.880  INFO 75568 --- [    Test worker] tourGuide.service.TourGuideService       : Track Location for user internalUser8061
2022-10-02 23:12:32.880  INFO 75568 --- [pool-7-thread-1] tourGuide.service.TourGuideService       : Track Location for user internalUser9315
2022-10-02 23:12:32.880  INFO 75568 --- [pool-7-thread-1] tourGuide.service.TourGuideService       : Track Location for user internalUser9316
2022-10-02 23:12:32.880  INFO 75568 --- [    Test worker] tourGuide.service.TourGuideService       : Track Location for user internalUser9392
2022-10-02 23:12:32.881  INFO 75568 --- [pool-7-thread-1] tourGuide.service.TourGuideService       : Track Location for user internalUser9313
2022-10-02 23:12:32.881  INFO 75568 --- [pool-7-thread-1] tourGuide.service.TourGuideService       : Track Location for user internalUser9314
2022-10-02 23:12:32.881  INFO 75568 --- [pool-7-thread-1] tourGuide.service.TourGuideService       : Track Location for user internalUser303
2022-10-02 23:12:32.881  INFO 75568 --- [pool-7-thread-1] tourGuide.service.TourGuideService       : Track Location for user internalUser304
2022-10-02 23:12:32.881  INFO 75568 --- [pool-7-thread-1] tourGuide.service.TourGuideService       : Track Location for user internalUser301
2022-10-02 23:12:32.881  INFO 75568 --- [pool-7-thread-1] tourGuide.service.TourGuideService       : Track Location for user internalUser302
2022-10-02 23:12:32.881  INFO 75568 --- [pool-7-thread-1] tourGuide.service.TourGuideService       : Track Location for user internalUser300
2022-10-02 23:12:32.881  INFO 75568 --- [pool-7-thread-1] tourGuide.service.TourGuideService       : Track Location for user internalUser309
2022-10-02 23:12:32.882  INFO 75568 --- [pool-7-thread-1] tourGuide.service.TourGuideService       : Track Location for user internalUser307
2022-10-02 23:12:32.882  INFO 75568 --- [    Test worker] tourGuide.service.TourGuideService       : Track Location for user internalUser9390
2022-10-02 23:12:32.882  INFO 75568 --- [pool-7-thread-1] tourGuide.service.TourGuideService       : Track Location for user internalUser308
2022-10-02 23:12:32.882  INFO 75568 --- [    Test worker] tourGuide.service.TourGuideService       : Track Location for user internalUser8064
2022-10-02 23:12:32.882  INFO 75568 --- [pool-7-thread-1] tourGuide.service.TourGuideService       : Track Location for user internalUser305
2022-10-02 23:12:32.883  INFO 75568 --- [    Test worker] tourGuide.service.TourGuideService       : Track Location for user internalUser9395
2022-10-02 23:12:32.883  INFO 75568 --- [pool-7-thread-1] tourGuide.service.TourGuideService       : Track Location for user internalUser306
2022-10-02 23:12:32.883  INFO 75568 --- [pool-7-thread-1] tourGuide.service.TourGuideService       : Track Location for user internalUser314
2022-10-02 23:12:32.883  INFO 75568 --- [pool-7-thread-1] tourGuide.service.TourGuideService       : Track Location for user internalUser315
2022-10-02 23:12:32.883  INFO 75568 --- [pool-7-thread-1] tourGuide.service.TourGuideService       : Track Location for user internalUser312
2022-10-02 23:12:32.883  INFO 75568 --- [pool-7-thread-1] tourGuide.service.TourGuideService       : Track Location for user internalUser313
2022-10-02 23:12:32.883  INFO 75568 --- [pool-7-thread-1] tourGuide.service.TourGuideService       : Track Location for user internalUser310
2022-10-02 23:12:32.883  INFO 75568 --- [pool-7-thread-1] tourGuide.service.TourGuideService       : Track Location for user internalUser311
2022-10-02 23:12:32.884  INFO 75568 --- [pool-7-thread-1] tourGuide.service.TourGuideService       : Track Location for user internalUser318
2022-10-02 23:12:32.884  INFO 75568 --- [pool-7-thread-1] tourGuide.service.TourGuideService       : Track Location for user internalUser319
2022-10-02 23:12:32.884  INFO 75568 --- [pool-7-thread-1] tourGuide.service.TourGuideService       : Track Location for user internalUser316
2022-10-02 23:12:32.884  INFO 75568 --- [pool-7-thread-1] tourGuide.service.TourGuideService       : Track Location for user internalUser317
2022-10-02 23:12:32.884  INFO 75568 --- [pool-7-thread-1] tourGuide.service.TourGuideService       : Track Location for user internalUser3124
2022-10-02 23:12:32.884  INFO 75568 --- [    Test worker] tourGuide.service.TourGuideService       : Track Location for user internalUser8065
2022-10-02 23:12:32.884  INFO 75568 --- [pool-7-thread-1] tourGuide.service.TourGuideService       : Track Location for user internalUser4455
2022-10-02 23:12:32.884  INFO 75568 --- [    Test worker] tourGuide.service.TourGuideService       : Track Location for user internalUser9396
2022-10-02 23:12:32.885  INFO 75568 --- [pool-7-thread-1] tourGuide.service.TourGuideService       : Track Location for user internalUser5787
2022-10-02 23:12:32.885  INFO 75568 --- [pool-7-thread-1] tourGuide.service.TourGuideService       : Track Location for user internalUser3125
2022-10-02 23:12:32.885  INFO 75568 --- [pool-7-thread-1] tourGuide.service.TourGuideService       : Track Location for user internalUser4456
2022-10-02 23:12:32.885  INFO 75568 --- [pool-7-thread-1] tourGuide.service.TourGuideService       : Track Location for user internalUser5786
2022-10-02 23:12:32.885  INFO 75568 --- [    Test worker] tourGuide.service.TourGuideService       : Track Location for user internalUser8062
2022-10-02 23:12:32.885  INFO 75568 --- [pool-7-thread-1] tourGuide.service.TourGuideService       : Track Location for user internalUser3126
2022-10-02 23:12:32.886  INFO 75568 --- [pool-7-thread-1] tourGuide.service.TourGuideService       : Track Location for user internalUser4457
2022-10-02 23:12:32.886  INFO 75568 --- [    Test worker] tourGuide.service.TourGuideService       : Track Location for user internalUser9393
2022-10-02 23:12:32.886  INFO 75568 --- [pool-7-thread-1] tourGuide.service.TourGuideService       : Track Location for user internalUser5789
2022-10-02 23:12:32.886  INFO 75568 --- [    Test worker] tourGuide.service.TourGuideService       : Track Location for user internalUser8063
2022-10-02 23:12:32.886  INFO 75568 --- [pool-7-thread-1] tourGuide.service.TourGuideService       : Track Location for user internalUser3127
2022-10-02 23:12:32.887  INFO 75568 --- [pool-7-thread-1] tourGuide.service.TourGuideService       : Track Location for user internalUser4458
2022-10-02 23:12:32.887  INFO 75568 --- [    Test worker] tourGuide.service.TourGuideService       : Track Location for user internalUser9394
2022-10-02 23:12:32.887  INFO 75568 --- [pool-7-thread-1] tourGuide.service.TourGuideService       : Track Location for user internalUser5788
2022-10-02 23:12:32.887  INFO 75568 --- [    Test worker] tourGuide.service.TourGuideService       : Track Location for user internalUser372
2022-10-02 23:12:32.887  INFO 75568 --- [pool-7-thread-1] tourGuide.service.TourGuideService       : Track Location for user internalUser3128
2022-10-02 23:12:32.887  INFO 75568 --- [pool-7-thread-1] tourGuide.service.TourGuideService       : Track Location for user internalUser4459
2022-10-02 23:12:32.889  INFO 75568 --- [pool-7-thread-1] tourGuide.service.TourGuideService       : Track Location for user internalUser3129
2022-10-02 23:12:32.889  INFO 75568 --- [    Test worker] tourGuide.service.TourGuideService       : Track Location for user internalUser373
2022-10-02 23:12:32.889  INFO 75568 --- [pool-7-thread-1] tourGuide.service.TourGuideService       : Track Location for user internalUser5781
2022-10-02 23:12:32.889  INFO 75568 --- [pool-7-thread-1] tourGuide.service.TourGuideService       : Track Location for user internalUser4450
2022-10-02 23:12:32.890  INFO 75568 --- [    Test worker] tourGuide.service.TourGuideService       : Track Location for user internalUser370
2022-10-02 23:12:32.890  INFO 75568 --- [pool-7-thread-1] tourGuide.service.TourGuideService       : Track Location for user internalUser5780
2022-10-02 23:12:32.890  INFO 75568 --- [    Test worker] tourGuide.service.TourGuideService       : Track Location for user internalUser371
2022-10-02 23:12:32.890  INFO 75568 --- [pool-7-thread-1] tourGuide.service.TourGuideService       : Track Location for user internalUser3120
2022-10-02 23:12:32.890  INFO 75568 --- [    Test worker] tourGuide.service.TourGuideService       : Track Location for user internalUser8068
2022-10-02 23:12:32.891  INFO 75568 --- [pool-7-thread-1] tourGuide.service.TourGuideService       : Track Location for user internalUser4451
2022-10-02 23:12:32.891  INFO 75568 --- [    Test worker] tourGuide.service.TourGuideService       : Track Location for user internalUser9399
2022-10-02 23:12:32.891  INFO 75568 --- [pool-7-thread-1] tourGuide.service.TourGuideService       : Track Location for user internalUser5783
2022-10-02 23:12:32.891  INFO 75568 --- [    Test worker] tourGuide.service.TourGuideService       : Track Location for user internalUser8069
2022-10-02 23:12:32.891  INFO 75568 --- [    Test worker] tourGuide.service.TourGuideService       : Track Location for user internalUser378
2022-10-02 23:12:32.891  INFO 75568 --- [pool-7-thread-1] tourGuide.service.TourGuideService       : Track Location for user internalUser3121
2022-10-02 23:12:32.892  INFO 75568 --- [    Test worker] tourGuide.service.TourGuideService       : Track Location for user internalUser8066
2022-10-02 23:12:32.892  INFO 75568 --- [pool-7-thread-1] tourGuide.service.TourGuideService       : Track Location for user internalUser4452
2022-10-02 23:12:32.892  INFO 75568 --- [    Test worker] tourGuide.service.TourGuideService       : Track Location for user internalUser9397
2022-10-02 23:12:32.892  INFO 75568 --- [pool-7-thread-1] tourGuide.service.TourGuideService       : Track Location for user internalUser5782
2022-10-02 23:12:32.892  INFO 75568 --- [    Test worker] tourGuide.service.TourGuideService       : Track Location for user internalUser379
2022-10-02 23:12:32.892  INFO 75568 --- [pool-7-thread-1] tourGuide.service.TourGuideService       : Track Location for user internalUser3122
2022-10-02 23:12:32.892  INFO 75568 --- [    Test worker] tourGuide.service.TourGuideService       : Track Location for user internalUser8067
2022-10-02 23:12:32.893  INFO 75568 --- [pool-7-thread-1] tourGuide.service.TourGuideService       : Track Location for user internalUser4453
2022-10-02 23:12:32.893  INFO 75568 --- [    Test worker] tourGuide.service.TourGuideService       : Track Location for user internalUser9398
2022-10-02 23:12:32.893  INFO 75568 --- [    Test worker] tourGuide.service.TourGuideService       : Track Location for user internalUser376
2022-10-02 23:12:32.893  INFO 75568 --- [pool-7-thread-1] tourGuide.service.TourGuideService       : Track Location for user internalUser5785
2022-10-02 23:12:32.893  INFO 75568 --- [    Test worker] tourGuide.service.TourGuideService       : Track Location for user internalUser377
2022-10-02 23:12:32.894  INFO 75568 --- [pool-7-thread-1] tourGuide.service.TourGuideService       : Track Location for user internalUser3123
2022-10-02 23:12:32.894  INFO 75568 --- [    Test worker] tourGuide.service.TourGuideService       : Track Location for user internalUser374
2022-10-02 23:12:32.894  INFO 75568 --- [    Test worker] tourGuide.service.TourGuideService       : Track Location for user internalUser375
2022-10-02 23:12:32.894  INFO 75568 --- [pool-7-thread-1] tourGuide.service.TourGuideService       : Track Location for user internalUser4454
2022-10-02 23:12:32.895  INFO 75568 --- [    Test worker] tourGuide.service.TourGuideService       : Track Location for user internalUser8071
2022-10-02 23:12:32.895  INFO 75568 --- [pool-7-thread-1] tourGuide.service.TourGuideService       : Track Location for user internalUser5784
2022-10-02 23:12:32.895  INFO 75568 --- [    Test worker] tourGuide.service.TourGuideService       : Track Location for user internalUser8072
2022-10-02 23:12:32.895  INFO 75568 --- [pool-7-thread-1] tourGuide.service.TourGuideService       : Track Location for user internalUser3135
2022-10-02 23:12:32.895  INFO 75568 --- [pool-7-thread-1] tourGuide.service.TourGuideService       : Track Location for user internalUser4466
2022-10-02 23:12:32.895  INFO 75568 --- [    Test worker] tourGuide.service.TourGuideService       : Track Location for user internalUser8070
2022-10-02 23:12:32.895  INFO 75568 --- [pool-7-thread-1] tourGuide.service.TourGuideService       : Track Location for user internalUser5798
2022-10-02 23:12:32.896  INFO 75568 --- [    Test worker] tourGuide.service.TourGuideService       : Track Location for user internalUser8075
2022-10-02 23:12:32.896  INFO 75568 --- [pool-7-thread-1] tourGuide.service.TourGuideService       : Track Location for user internalUser3136
2022-10-02 23:12:32.896  INFO 75568 --- [pool-7-thread-1] tourGuide.service.TourGuideService       : Track Location for user internalUser4467
2022-10-02 23:12:32.896  INFO 75568 --- [    Test worker] tourGuide.service.TourGuideService       : Track Location for user internalUser8076
2022-10-02 23:12:32.896  INFO 75568 --- [pool-7-thread-1] tourGuide.service.TourGuideService       : Track Location for user internalUser5797
2022-10-02 23:12:32.896  INFO 75568 --- [    Test worker] tourGuide.service.TourGuideService       : Track Location for user internalUser8073
2022-10-02 23:12:32.896  INFO 75568 --- [    Test worker] tourGuide.service.TourGuideService       : Track Location for user internalUser8074
2022-10-02 23:12:32.897  INFO 75568 --- [pool-7-thread-1] tourGuide.service.TourGuideService       : Track Location for user internalUser3137
2022-10-02 23:12:32.897  INFO 75568 --- [    Test worker] tourGuide.service.TourGuideService       : Track Location for user internalUser383
2022-10-02 23:12:32.897  INFO 75568 --- [pool-7-thread-1] tourGuide.service.TourGuideService       : Track Location for user internalUser4468
2022-10-02 23:12:32.897  INFO 75568 --- [    Test worker] tourGuide.service.TourGuideService       : Track Location for user internalUser384
2022-10-02 23:12:32.897  INFO 75568 --- [pool-7-thread-1] tourGuide.service.TourGuideService       : Track Location for user internalUser3138
2022-10-02 23:12:32.898  INFO 75568 --- [pool-7-thread-1] tourGuide.service.TourGuideService       : Track Location for user internalUser4469
2022-10-02 23:12:32.898  INFO 75568 --- [    Test worker] tourGuide.service.TourGuideService       : Track Location for user internalUser381
2022-10-02 23:12:32.900  INFO 75568 --- [pool-7-thread-1] tourGuide.service.TourGuideService       : Track Location for user internalUser5799
2022-10-02 23:12:32.904  INFO 75568 --- [pool-7-thread-1] tourGuide.service.TourGuideService       : Track Location for user internalUser3139
2022-10-02 23:12:32.905  INFO 75568 --- [pool-7-thread-1] tourGuide.service.TourGuideService       : Track Location for user internalUser5790
2022-10-02 23:12:32.906  INFO 75568 --- [    Test worker] tourGuide.service.TourGuideService       : Track Location for user internalUser382
2022-10-02 23:12:32.906  INFO 75568 --- [pool-7-thread-1] tourGuide.service.TourGuideService       : Track Location for user internalUser4460
2022-10-02 23:12:32.906  INFO 75568 --- [pool-7-thread-1] tourGuide.service.TourGuideService       : Track Location for user internalUser5792
2022-10-02 23:12:32.907  INFO 75568 --- [pool-7-thread-1] tourGuide.service.TourGuideService       : Track Location for user internalUser3130
2022-10-02 23:12:32.907  INFO 75568 --- [pool-7-thread-1] tourGuide.service.TourGuideService       : Track Location for user internalUser4461
2022-10-02 23:12:32.907  INFO 75568 --- [pool-7-thread-1] tourGuide.service.TourGuideService       : Track Location for user internalUser5791
2022-10-02 23:12:32.907  INFO 75568 --- [pool-7-thread-1] tourGuide.service.TourGuideService       : Track Location for user internalUser3131
2022-10-02 23:12:32.908  INFO 75568 --- [pool-7-thread-1] tourGuide.service.TourGuideService       : Track Location for user internalUser4462
2022-10-02 23:12:32.909  INFO 75568 --- [pool-7-thread-1] tourGuide.service.TourGuideService       : Track Location for user internalUser5794
2022-10-02 23:12:32.909  INFO 75568 --- [    Test worker] tourGuide.service.TourGuideService       : Track Location for user internalUser380
2022-10-02 23:12:32.909  INFO 75568 --- [pool-7-thread-1] tourGuide.service.TourGuideService       : Track Location for user internalUser3132
2022-10-02 23:12:32.910  INFO 75568 --- [pool-7-thread-1] tourGuide.service.TourGuideService       : Track Location for user internalUser4463
2022-10-02 23:12:32.910  INFO 75568 --- [pool-7-thread-1] tourGuide.service.TourGuideService       : Track Location for user internalUser5793
2022-10-02 23:12:32.910  INFO 75568 --- [pool-7-thread-1] tourGuide.service.TourGuideService       : Track Location for user internalUser3133
2022-10-02 23:12:32.910  INFO 75568 --- [    Test worker] tourGuide.service.TourGuideService       : Track Location for user internalUser8035
2022-10-02 23:12:32.911  INFO 75568 --- [pool-7-thread-1] tourGuide.service.TourGuideService       : Track Location for user internalUser4464
2022-10-02 23:12:32.911  INFO 75568 --- [pool-7-thread-1] tourGuide.service.TourGuideService       : Track Location for user internalUser5796
2022-10-02 23:12:32.911  INFO 75568 --- [pool-7-thread-1] tourGuide.service.TourGuideService       : Track Location for user internalUser3134
2022-10-02 23:12:32.911  INFO 75568 --- [pool-7-thread-1] tourGuide.service.TourGuideService       : Track Location for user internalUser4465
2022-10-02 23:12:32.911  INFO 75568 --- [pool-7-thread-1] tourGuide.service.TourGuideService       : Track Location for user internalUser5795
2022-10-02 23:12:32.911  INFO 75568 --- [pool-7-thread-1] tourGuide.service.TourGuideService       : Track Location for user internalUser3102
2022-10-02 23:12:32.911  INFO 75568 --- [pool-7-thread-1] tourGuide.service.TourGuideService       : Track Location for user internalUser4433
2022-10-02 23:12:32.912  INFO 75568 --- [    Test worker] tourGuide.service.TourGuideService       : Track Location for user internalUser9366
2022-10-02 23:12:32.912  INFO 75568 --- [pool-7-thread-1] tourGuide.service.TourGuideService       : Track Location for user internalUser5765
2022-10-02 23:12:32.912  INFO 75568 --- [pool-7-thread-1] tourGuide.service.TourGuideService       : Track Location for user internalUser3103
2022-10-02 23:12:32.912  INFO 75568 --- [pool-7-thread-1] tourGuide.service.TourGuideService       : Track Location for user internalUser4434
2022-10-02 23:12:32.912  INFO 75568 --- [pool-7-thread-1] tourGuide.service.TourGuideService       : Track Location for user internalUser5764
2022-10-02 23:12:32.912  INFO 75568 --- [pool-7-thread-1] tourGuide.service.TourGuideService       : Track Location for user internalUser3104
2022-10-02 23:12:32.912  INFO 75568 --- [pool-7-thread-1] tourGuide.service.TourGuideService       : Track Location for user internalUser4435
2022-10-02 23:12:32.913  INFO 75568 --- [pool-7-thread-1] tourGuide.service.TourGuideService       : Track Location for user internalUser5767
2022-10-02 23:12:32.913  INFO 75568 --- [    Test worker] tourGuide.service.TourGuideService       : Track Location for user internalUser8036
2022-10-02 23:12:32.913  INFO 75568 --- [pool-7-thread-1] tourGuide.service.TourGuideService       : Track Location for user internalUser3105
2022-10-02 23:12:32.913  INFO 75568 --- [    Test worker] tourGuide.service.TourGuideService       : Track Location for user internalUser9367
2022-10-02 23:12:32.913  INFO 75568 --- [pool-7-thread-1] tourGuide.service.TourGuideService       : Track Location for user internalUser4436
2022-10-02 23:12:32.914  INFO 75568 --- [    Test worker] tourGuide.service.TourGuideService       : Track Location for user internalUser389
2022-10-02 23:12:32.914  INFO 75568 --- [pool-7-thread-1] tourGuide.service.TourGuideService       : Track Location for user internalUser5766
2022-10-02 23:12:32.914  INFO 75568 --- [    Test worker] tourGuide.service.TourGuideService       : Track Location for user internalUser8033
2022-10-02 23:12:32.914  INFO 75568 --- [pool-7-thread-1] tourGuide.service.TourGuideService       : Track Location for user internalUser3106
2022-10-02 23:12:32.915  INFO 75568 --- [pool-7-thread-1] tourGuide.service.TourGuideService       : Track Location for user internalUser4437
2022-10-02 23:12:32.915  INFO 75568 --- [    Test worker] tourGuide.service.TourGuideService       : Track Location for user internalUser9364
2022-10-02 23:12:32.916  INFO 75568 --- [pool-7-thread-1] tourGuide.service.TourGuideService       : Track Location for user internalUser5769
2022-10-02 23:12:32.916  INFO 75568 --- [    Test worker] tourGuide.service.TourGuideService       : Track Location for user internalUser8034
2022-10-02 23:12:32.916  INFO 75568 --- [pool-7-thread-1] tourGuide.service.TourGuideService       : Track Location for user internalUser3107
2022-10-02 23:12:32.916  INFO 75568 --- [    Test worker] tourGuide.service.TourGuideService       : Track Location for user internalUser9365
2022-10-02 23:12:32.916  INFO 75568 --- [pool-7-thread-1] tourGuide.service.TourGuideService       : Track Location for user internalUser4438
2022-10-02 23:12:32.916  INFO 75568 --- [    Test worker] tourGuide.service.TourGuideService       : Track Location for user internalUser387
2022-10-02 23:12:32.916  INFO 75568 --- [pool-7-thread-1] tourGuide.service.TourGuideService       : Track Location for user internalUser5768
2022-10-02 23:12:32.916  INFO 75568 --- [    Test worker] tourGuide.service.TourGuideService       : Track Location for user internalUser8039
2022-10-02 23:12:32.917  INFO 75568 --- [pool-7-thread-1] tourGuide.service.TourGuideService       : Track Location for user internalUser3108
2022-10-02 23:12:32.917  INFO 75568 --- [pool-7-thread-1] tourGuide.service.TourGuideService       : Track Location for user internalUser4439
2022-10-02 23:12:32.917  INFO 75568 --- [    Test worker] tourGuide.service.TourGuideService       : Track Location for user internalUser388
2022-10-02 23:12:32.917  INFO 75568 --- [pool-7-thread-1] tourGuide.service.TourGuideService       : Track Location for user internalUser3109
2022-10-02 23:12:32.917  INFO 75568 --- [    Test worker] tourGuide.service.TourGuideService       : Track Location for user internalUser385
2022-10-02 23:12:32.917  INFO 75568 --- [pool-7-thread-1] tourGuide.service.TourGuideService       : Track Location for user internalUser5761
2022-10-02 23:12:32.917  INFO 75568 --- [    Test worker] tourGuide.service.TourGuideService       : Track Location for user internalUser8037
2022-10-02 23:12:32.918  INFO 75568 --- [pool-7-thread-1] tourGuide.service.TourGuideService       : Track Location for user internalUser4430
2022-10-02 23:12:32.918  INFO 75568 --- [    Test worker] tourGuide.service.TourGuideService       : Track Location for user internalUser9368
2022-10-02 23:12:32.918  INFO 75568 --- [pool-7-thread-1] tourGuide.service.TourGuideService       : Track Location for user internalUser5760
2022-10-02 23:12:32.918  INFO 75568 --- [pool-7-thread-1] tourGuide.service.TourGuideService       : Track Location for user internalUser3100
2022-10-02 23:12:32.918  INFO 75568 --- [    Test worker] tourGuide.service.TourGuideService       : Track Location for user internalUser386
2022-10-02 23:12:32.918  INFO 75568 --- [pool-7-thread-1] tourGuide.service.TourGuideService       : Track Location for user internalUser4431
2022-10-02 23:12:32.918  INFO 75568 --- [    Test worker] tourGuide.service.TourGuideService       : Track Location for user internalUser8038
2022-10-02 23:12:32.919  INFO 75568 --- [pool-7-thread-1] tourGuide.service.TourGuideService       : Track Location for user internalUser5763
2022-10-02 23:12:32.919  INFO 75568 --- [    Test worker] tourGuide.service.TourGuideService       : Track Location for user internalUser9369
2022-10-02 23:12:32.919  INFO 75568 --- [pool-7-thread-1] tourGuide.service.TourGuideService       : Track Location for user internalUser3101
2022-10-02 23:12:32.919  INFO 75568 --- [    Test worker] tourGuide.service.TourGuideService       : Track Location for user internalUser9370
2022-10-02 23:12:32.919  INFO 75568 --- [pool-7-thread-1] tourGuide.service.TourGuideService       : Track Location for user internalUser4432
2022-10-02 23:12:32.919  INFO 75568 --- [    Test worker] tourGuide.service.TourGuideService       : Track Location for user internalUser8042
2022-10-02 23:12:32.919  INFO 75568 --- [pool-7-thread-1] tourGuide.service.TourGuideService       : Track Location for user internalUser5762
2022-10-02 23:12:32.920  INFO 75568 --- [    Test worker] tourGuide.service.TourGuideService       : Track Location for user internalUser9373
2022-10-02 23:12:32.920  INFO 75568 --- [pool-7-thread-1] tourGuide.service.TourGuideService       : Track Location for user internalUser3113
2022-10-02 23:12:32.920  INFO 75568 --- [    Test worker] tourGuide.service.TourGuideService       : Track Location for user internalUser8043
2022-10-02 23:12:32.920  INFO 75568 --- [pool-7-thread-1] tourGuide.service.TourGuideService       : Track Location for user internalUser4444
2022-10-02 23:12:32.920  INFO 75568 --- [    Test worker] tourGuide.service.TourGuideService       : Track Location for user internalUser9374
2022-10-02 23:12:32.921  INFO 75568 --- [pool-7-thread-1] tourGuide.service.TourGuideService       : Track Location for user internalUser5776
2022-10-02 23:12:32.921  INFO 75568 --- [    Test worker] tourGuide.service.TourGuideService       : Track Location for user internalUser8040
2022-10-02 23:12:32.921  INFO 75568 --- [pool-7-thread-1] tourGuide.service.TourGuideService       : Track Location for user internalUser3114
2022-10-02 23:12:32.923  INFO 75568 --- [    Test worker] tourGuide.service.TourGuideService       : Track Location for user internalUser9371
2022-10-02 23:12:32.925  INFO 75568 --- [pool-7-thread-1] tourGuide.service.TourGuideService       : Track Location for user internalUser4445
2022-10-02 23:12:32.926  INFO 75568 --- [    Test worker] tourGuide.service.TourGuideService       : Track Location for user internalUser8041
2022-10-02 23:12:32.926  INFO 75568 --- [pool-7-thread-1] tourGuide.service.TourGuideService       : Track Location for user internalUser5775
2022-10-02 23:12:32.927  INFO 75568 --- [    Test worker] tourGuide.service.TourGuideService       : Track Location for user internalUser9372
2022-10-02 23:12:32.927  INFO 75568 --- [pool-7-thread-1] tourGuide.service.TourGuideService       : Track Location for user internalUser3115
2022-10-02 23:12:32.927  INFO 75568 --- [    Test worker] tourGuide.service.TourGuideService       : Track Location for user internalUser394
2022-10-02 23:12:32.928  INFO 75568 --- [pool-7-thread-1] tourGuide.service.TourGuideService       : Track Location for user internalUser4446
2022-10-02 23:12:32.928  INFO 75568 --- [    Test worker] tourGuide.service.TourGuideService       : Track Location for user internalUser395
2022-10-02 23:12:32.928  INFO 75568 --- [pool-7-thread-1] tourGuide.service.TourGuideService       : Track Location for user internalUser5778
2022-10-02 23:12:32.928  INFO 75568 --- [    Test worker] tourGuide.service.TourGuideService       : Track Location for user internalUser392
2022-10-02 23:12:32.928  INFO 75568 --- [pool-7-thread-1] tourGuide.service.TourGuideService       : Track Location for user internalUser3116
2022-10-02 23:12:32.928  INFO 75568 --- [    Test worker] tourGuide.service.TourGuideService       : Track Location for user internalUser393
2022-10-02 23:12:32.929  INFO 75568 --- [pool-7-thread-1] tourGuide.service.TourGuideService       : Track Location for user internalUser4447
2022-10-02 23:12:32.929  INFO 75568 --- [    Test worker] tourGuide.service.TourGuideService       : Track Location for user internalUser390
2022-10-02 23:12:32.929  INFO 75568 --- [pool-7-thread-1] tourGuide.service.TourGuideService       : Track Location for user internalUser5777
2022-10-02 23:12:32.929  INFO 75568 --- [    Test worker] tourGuide.service.TourGuideService       : Track Location for user internalUser391
2022-10-02 23:12:32.929  INFO 75568 --- [pool-7-thread-1] tourGuide.service.TourGuideService       : Track Location for user internalUser3117
2022-10-02 23:12:32.930  INFO 75568 --- [    Test worker] tourGuide.service.TourGuideService       : Track Location for user internalUser8046
2022-10-02 23:12:32.930  INFO 75568 --- [pool-7-thread-1] tourGuide.service.TourGuideService       : Track Location for user internalUser4448
2022-10-02 23:12:32.930  INFO 75568 --- [    Test worker] tourGuide.service.TourGuideService       : Track Location for user internalUser9377
2022-10-02 23:12:32.930  INFO 75568 --- [pool-7-thread-1] tourGuide.service.TourGuideService       : Track Location for user internalUser3118
2022-10-02 23:12:32.930  INFO 75568 --- [    Test worker] tourGuide.service.TourGuideService       : Track Location for user internalUser8047
2022-10-02 23:12:32.930  INFO 75568 --- [pool-7-thread-1] tourGuide.service.TourGuideService       : Track Location for user internalUser4449
2022-10-02 23:12:32.930  INFO 75568 --- [    Test worker] tourGuide.service.TourGuideService       : Track Location for user internalUser9378
2022-10-02 23:12:32.930  INFO 75568 --- [pool-7-thread-1] tourGuide.service.TourGuideService       : Track Location for user internalUser5779
2022-10-02 23:12:32.931  INFO 75568 --- [    Test worker] tourGuide.service.TourGuideService       : Track Location for user internalUser8044
2022-10-02 23:12:32.931  INFO 75568 --- [pool-7-thread-1] tourGuide.service.TourGuideService       : Track Location for user internalUser3119
2022-10-02 23:12:32.931  INFO 75568 --- [    Test worker] tourGuide.service.TourGuideService       : Track Location for user internalUser9375
2022-10-02 23:12:32.931  INFO 75568 --- [pool-7-thread-1] tourGuide.service.TourGuideService       : Track Location for user internalUser5770
2022-10-02 23:12:32.931  INFO 75568 --- [    Test worker] tourGuide.service.TourGuideService       : Track Location for user internalUser8045
2022-10-02 23:12:32.931  INFO 75568 --- [pool-7-thread-1] tourGuide.service.TourGuideService       : Track Location for user internalUser4440
2022-10-02 23:12:32.931  INFO 75568 --- [    Test worker] tourGuide.service.TourGuideService       : Track Location for user internalUser9376
2022-10-02 23:12:32.931  INFO 75568 --- [pool-7-thread-1] tourGuide.service.TourGuideService       : Track Location for user internalUser5772
2022-10-02 23:12:32.931  INFO 75568 --- [    Test worker] tourGuide.service.TourGuideService       : Track Location for user internalUser398
2022-10-02 23:12:32.932  INFO 75568 --- [pool-7-thread-1] tourGuide.service.TourGuideService       : Track Location for user internalUser3110
2022-10-02 23:12:32.932  INFO 75568 --- [    Test worker] tourGuide.service.TourGuideService       : Track Location for user internalUser399
2022-10-02 23:12:32.932  INFO 75568 --- [pool-7-thread-1] tourGuide.service.TourGuideService       : Track Location for user internalUser4441
2022-10-02 23:12:32.932  INFO 75568 --- [    Test worker] tourGuide.service.TourGuideService       : Track Location for user internalUser396
2022-10-02 23:12:32.932  INFO 75568 --- [pool-7-thread-1] tourGuide.service.TourGuideService       : Track Location for user internalUser5771
2022-10-02 23:12:32.932  INFO 75568 --- [    Test worker] tourGuide.service.TourGuideService       : Track Location for user internalUser8048
2022-10-02 23:12:32.933  INFO 75568 --- [pool-7-thread-1] tourGuide.service.TourGuideService       : Track Location for user internalUser3111
2022-10-02 23:12:32.933  INFO 75568 --- [pool-7-thread-1] tourGuide.service.TourGuideService       : Track Location for user internalUser4442
2022-10-02 23:12:32.933  INFO 75568 --- [pool-7-thread-1] tourGuide.service.TourGuideService       : Track Location for user internalUser5774
2022-10-02 23:12:32.933  INFO 75568 --- [pool-7-thread-1] tourGuide.service.TourGuideService       : Track Location for user internalUser3112
2022-10-02 23:12:32.933  INFO 75568 --- [pool-7-thread-1] tourGuide.service.TourGuideService       : Track Location for user internalUser4443
2022-10-02 23:12:32.933  INFO 75568 --- [pool-7-thread-1] tourGuide.service.TourGuideService       : Track Location for user internalUser5773
2022-10-02 23:12:32.933  INFO 75568 --- [    Test worker] tourGuide.service.TourGuideService       : Track Location for user internalUser9379
2022-10-02 23:12:32.934  INFO 75568 --- [pool-7-thread-1] tourGuide.service.TourGuideService       : Track Location for user internalUser3168
2022-10-02 23:12:32.934  INFO 75568 --- [pool-7-thread-1] tourGuide.service.TourGuideService       : Track Location for user internalUser4499
2022-10-02 23:12:32.934  INFO 75568 --- [pool-7-thread-1] tourGuide.service.TourGuideService       : Track Location for user internalUser3169
2022-10-02 23:12:32.934  INFO 75568 --- [    Test worker] tourGuide.service.TourGuideService       : Track Location for user internalUser397
2022-10-02 23:12:32.934  INFO 75568 --- [pool-7-thread-1] tourGuide.service.TourGuideService       : Track Location for user internalUser3160
2022-10-02 23:12:32.934  INFO 75568 --- [    Test worker] tourGuide.service.TourGuideService       : Track Location for user internalUser8049
2022-10-02 23:12:32.934  INFO 75568 --- [pool-7-thread-1] tourGuide.service.TourGuideService       : Track Location for user internalUser4491
2022-10-02 23:12:32.935  INFO 75568 --- [    Test worker] tourGuide.service.TourGuideService       : Track Location for user internalUser9380
2022-10-02 23:12:32.935  INFO 75568 --- [pool-7-thread-1] tourGuide.service.TourGuideService       : Track Location for user internalUser3161
2022-10-02 23:12:32.935  INFO 75568 --- [    Test worker] tourGuide.service.TourGuideService       : Track Location for user internalUser8050
2022-10-02 23:12:32.935  INFO 75568 --- [pool-7-thread-1] tourGuide.service.TourGuideService       : Track Location for user internalUser4492
2022-10-02 23:12:32.935  INFO 75568 --- [    Test worker] tourGuide.service.TourGuideService       : Track Location for user internalUser9381
2022-10-02 23:12:32.935  INFO 75568 --- [pool-7-thread-1] tourGuide.service.TourGuideService       : Track Location for user internalUser3162
2022-10-02 23:12:32.935  INFO 75568 --- [    Test worker] tourGuide.service.TourGuideService       : Track Location for user internalUser8053
2022-10-02 23:12:32.935  INFO 75568 --- [pool-7-thread-1] tourGuide.service.TourGuideService       : Track Location for user internalUser4493
2022-10-02 23:12:32.935  INFO 75568 --- [    Test worker] tourGuide.service.TourGuideService       : Track Location for user internalUser9384
2022-10-02 23:12:32.935  INFO 75568 --- [pool-7-thread-1] tourGuide.service.TourGuideService       : Track Location for user internalUser3163
2022-10-02 23:12:32.936  INFO 75568 --- [    Test worker] tourGuide.service.TourGuideService       : Track Location for user internalUser8054
2022-10-02 23:12:32.936  INFO 75568 --- [pool-7-thread-1] tourGuide.service.TourGuideService       : Track Location for user internalUser4494
2022-10-02 23:12:32.936  INFO 75568 --- [    Test worker] tourGuide.service.TourGuideService       : Track Location for user internalUser9385
2022-10-02 23:12:32.936  INFO 75568 --- [pool-7-thread-1] tourGuide.service.TourGuideService       : Track Location for user internalUser3164
2022-10-02 23:12:32.936  INFO 75568 --- [    Test worker] tourGuide.service.TourGuideService       : Track Location for user internalUser8051
2022-10-02 23:12:32.936  INFO 75568 --- [pool-7-thread-1] tourGuide.service.TourGuideService       : Track Location for user internalUser4495
2022-10-02 23:12:32.937  INFO 75568 --- [    Test worker] tourGuide.service.TourGuideService       : Track Location for user internalUser9382
2022-10-02 23:12:32.937  INFO 75568 --- [pool-7-thread-1] tourGuide.service.TourGuideService       : Track Location for user internalUser3165
2022-10-02 23:12:32.937  INFO 75568 --- [    Test worker] tourGuide.service.TourGuideService       : Track Location for user internalUser8052
2022-10-02 23:12:32.937  INFO 75568 --- [pool-7-thread-1] tourGuide.service.TourGuideService       : Track Location for user internalUser4496
2022-10-02 23:12:32.937  INFO 75568 --- [    Test worker] tourGuide.service.TourGuideService       : Track Location for user internalUser9383
2022-10-02 23:12:32.937  INFO 75568 --- [pool-7-thread-1] tourGuide.service.TourGuideService       : Track Location for user internalUser3166
2022-10-02 23:12:32.938  INFO 75568 --- [    Test worker] tourGuide.service.TourGuideService       : Track Location for user internalUser325
2022-10-02 23:12:32.938  INFO 75568 --- [pool-7-thread-1] tourGuide.service.TourGuideService       : Track Location for user internalUser4497
2022-10-02 23:12:32.938  INFO 75568 --- [    Test worker] tourGuide.service.TourGuideService       : Track Location for user internalUser326
2022-10-02 23:12:32.938  INFO 75568 --- [pool-7-thread-1] tourGuide.service.TourGuideService       : Track Location for user internalUser3167
2022-10-02 23:12:32.938  INFO 75568 --- [pool-7-thread-1] tourGuide.service.TourGuideService       : Track Location for user internalUser4498
2022-10-02 23:12:32.938  INFO 75568 --- [pool-7-thread-1] tourGuide.service.TourGuideService       : Track Location for user internalUser3170
2022-10-02 23:12:32.938  INFO 75568 --- [    Test worker] tourGuide.service.TourGuideService       : Track Location for user internalUser323
2022-10-02 23:12:32.941  INFO 75568 --- [pool-7-thread-1] tourGuide.service.TourGuideService       : Track Location for user internalUser3179
2022-10-02 23:12:32.943  INFO 75568 --- [    Test worker] tourGuide.service.TourGuideService       : Track Location for user internalUser324
2022-10-02 23:12:32.943  INFO 75568 --- [pool-7-thread-1] tourGuide.service.TourGuideService       : Track Location for user internalUser3171
2022-10-02 23:12:32.943  INFO 75568 --- [    Test worker] tourGuide.service.TourGuideService       : Track Location for user internalUser321
2022-10-02 23:12:32.944  INFO 75568 --- [pool-7-thread-1] tourGuide.service.TourGuideService       : Track Location for user internalUser3172
2022-10-02 23:12:32.944  INFO 75568 --- [    Test worker] tourGuide.service.TourGuideService       : Track Location for user internalUser322
2022-10-02 23:12:32.944  INFO 75568 --- [pool-7-thread-1] tourGuide.service.TourGuideService       : Track Location for user internalUser3173
2022-10-02 23:12:32.944  INFO 75568 --- [    Test worker] tourGuide.service.TourGuideService       : Track Location for user internalUser320
2022-10-02 23:12:32.944  INFO 75568 --- [pool-7-thread-1] tourGuide.service.TourGuideService       : Track Location for user internalUser3174
2022-10-02 23:12:32.944  INFO 75568 --- [    Test worker] tourGuide.service.TourGuideService       : Track Location for user internalUser329
2022-10-02 23:12:32.945  INFO 75568 --- [pool-7-thread-1] tourGuide.service.TourGuideService       : Track Location for user internalUser3175
2022-10-02 23:12:32.945  INFO 75568 --- [    Test worker] tourGuide.service.TourGuideService       : Track Location for user internalUser327
2022-10-02 23:12:32.945  INFO 75568 --- [pool-7-thread-1] tourGuide.service.TourGuideService       : Track Location for user internalUser3176
2022-10-02 23:12:32.945  INFO 75568 --- [    Test worker] tourGuide.service.TourGuideService       : Track Location for user internalUser328
2022-10-02 23:12:32.945  INFO 75568 --- [pool-7-thread-1] tourGuide.service.TourGuideService       : Track Location for user internalUser3177
2022-10-02 23:12:32.945  INFO 75568 --- [    Test worker] tourGuide.service.TourGuideService       : Track Location for user internalUser336
2022-10-02 23:12:32.945  INFO 75568 --- [pool-7-thread-1] tourGuide.service.TourGuideService       : Track Location for user internalUser3178
2022-10-02 23:12:32.945  INFO 75568 --- [    Test worker] tourGuide.service.TourGuideService       : Track Location for user internalUser337
2022-10-02 23:12:32.946  INFO 75568 --- [pool-7-thread-1] tourGuide.service.TourGuideService       : Track Location for user internalUser3180
2022-10-02 23:12:32.946  INFO 75568 --- [    Test worker] tourGuide.service.TourGuideService       : Track Location for user internalUser334
2022-10-02 23:12:32.946  INFO 75568 --- [pool-7-thread-1] tourGuide.service.TourGuideService       : Track Location for user internalUser3181
2022-10-02 23:12:32.946  INFO 75568 --- [    Test worker] tourGuide.service.TourGuideService       : Track Location for user internalUser335
2022-10-02 23:12:32.946  INFO 75568 --- [pool-7-thread-1] tourGuide.service.TourGuideService       : Track Location for user internalUser3146
2022-10-02 23:12:32.946  INFO 75568 --- [    Test worker] tourGuide.service.TourGuideService       : Track Location for user internalUser332
2022-10-02 23:12:32.946  INFO 75568 --- [pool-7-thread-1] tourGuide.service.TourGuideService       : Track Location for user internalUser4477
2022-10-02 23:12:32.947  INFO 75568 --- [    Test worker] tourGuide.service.TourGuideService       : Track Location for user internalUser333
2022-10-02 23:12:32.947  INFO 75568 --- [pool-7-thread-1] tourGuide.service.TourGuideService       : Track Location for user internalUser3147
2022-10-02 23:12:32.947  INFO 75568 --- [    Test worker] tourGuide.service.TourGuideService       : Track Location for user internalUser330
2022-10-02 23:12:32.947  INFO 75568 --- [pool-7-thread-1] tourGuide.service.TourGuideService       : Track Location for user internalUser4478
2022-10-02 23:12:32.947  INFO 75568 --- [    Test worker] tourGuide.service.TourGuideService       : Track Location for user internalUser331
2022-10-02 23:12:32.947  INFO 75568 --- [pool-7-thread-1] tourGuide.service.TourGuideService       : Track Location for user internalUser3148
2022-10-02 23:12:32.947  INFO 75568 --- [    Test worker] tourGuide.service.TourGuideService       : Track Location for user internalUser338
2022-10-02 23:12:32.947  INFO 75568 --- [pool-7-thread-1] tourGuide.service.TourGuideService       : Track Location for user internalUser4479
2022-10-02 23:12:32.947  INFO 75568 --- [    Test worker] tourGuide.service.TourGuideService       : Track Location for user internalUser339
2022-10-02 23:12:32.947  INFO 75568 --- [pool-7-thread-1] tourGuide.service.TourGuideService       : Track Location for user internalUser3149
2022-10-02 23:12:32.947  INFO 75568 --- [    Test worker] tourGuide.service.TourGuideService       : Track Location for user internalUser340
2022-10-02 23:12:32.948  INFO 75568 --- [pool-7-thread-1] tourGuide.service.TourGuideService       : Track Location for user internalUser4470
2022-10-02 23:12:32.973  INFO 75568 --- [    Test worker] tourGuide.service.TourGuideService       : Track Location for user internalUser347
2022-10-02 23:12:32.973  INFO 75568 --- [pool-7-thread-1] tourGuide.service.TourGuideService       : Track Location for user internalUser3140
2022-10-02 23:12:32.973  INFO 75568 --- [    Test worker] tourGuide.service.TourGuideService       : Track Location for user internalUser3182
2022-10-02 23:12:32.974  INFO 75568 --- [pool-7-thread-1] tourGuide.service.TourGuideService       : Track Location for user internalUser4471
2022-10-02 23:12:32.974  INFO 75568 --- [    Test worker] tourGuide.service.TourGuideService       : Track Location for user internalUser348
2022-10-02 23:12:32.974  INFO 75568 --- [pool-7-thread-1] tourGuide.service.TourGuideService       : Track Location for user internalUser3141
2022-10-02 23:12:32.974  INFO 75568 --- [    Test worker] tourGuide.service.TourGuideService       : Track Location for user internalUser3183
2022-10-02 23:12:32.974  INFO 75568 --- [pool-7-thread-1] tourGuide.service.TourGuideService       : Track Location for user internalUser4472
2022-10-02 23:12:32.974  INFO 75568 --- [    Test worker] tourGuide.service.TourGuideService       : Track Location for user internalUser345
2022-10-02 23:12:32.974  INFO 75568 --- [pool-7-thread-1] tourGuide.service.TourGuideService       : Track Location for user internalUser3142
2022-10-02 23:12:32.975  INFO 75568 --- [    Test worker] tourGuide.service.TourGuideService       : Track Location for user internalUser3184
2022-10-02 23:12:32.975  INFO 75568 --- [pool-7-thread-1] tourGuide.service.TourGuideService       : Track Location for user internalUser4473
2022-10-02 23:12:32.975  INFO 75568 --- [    Test worker] tourGuide.service.TourGuideService       : Track Location for user internalUser346
2022-10-02 23:12:32.975  INFO 75568 --- [pool-7-thread-1] tourGuide.service.TourGuideService       : Track Location for user internalUser3143
2022-10-02 23:12:32.975  INFO 75568 --- [    Test worker] tourGuide.service.TourGuideService       : Track Location for user internalUser3185
2022-10-02 23:12:32.975  INFO 75568 --- [pool-7-thread-1] tourGuide.service.TourGuideService       : Track Location for user internalUser4474
2022-10-02 23:12:32.975  INFO 75568 --- [    Test worker] tourGuide.service.TourGuideService       : Track Location for user internalUser343
2022-10-02 23:12:32.976  INFO 75568 --- [pool-7-thread-1] tourGuide.service.TourGuideService       : Track Location for user internalUser3144
2022-10-02 23:12:32.976  INFO 75568 --- [    Test worker] tourGuide.service.TourGuideService       : Track Location for user internalUser3186
2022-10-02 23:12:32.978  INFO 75568 --- [pool-7-thread-1] tourGuide.service.TourGuideService       : Track Location for user internalUser4475
2022-10-02 23:12:32.979  INFO 75568 --- [    Test worker] tourGuide.service.TourGuideService       : Track Location for user internalUser344
2022-10-02 23:12:32.979  INFO 75568 --- [pool-7-thread-1] tourGuide.service.TourGuideService       : Track Location for user internalUser3145
2022-10-02 23:12:32.979  INFO 75568 --- [    Test worker] tourGuide.service.TourGuideService       : Track Location for user internalUser3187
2022-10-02 23:12:32.980  INFO 75568 --- [pool-7-thread-1] tourGuide.service.TourGuideService       : Track Location for user internalUser4476
2022-10-02 23:12:32.980  INFO 75568 --- [    Test worker] tourGuide.service.TourGuideService       : Track Location for user internalUser341
2022-10-02 23:12:32.980  INFO 75568 --- [pool-7-thread-1] tourGuide.service.TourGuideService       : Track Location for user internalUser3157
2022-10-02 23:12:32.980  INFO 75568 --- [    Test worker] tourGuide.service.TourGuideService       : Track Location for user internalUser3188
2022-10-02 23:12:32.981  INFO 75568 --- [pool-7-thread-1] tourGuide.service.TourGuideService       : Track Location for user internalUser4488
2022-10-02 23:12:32.981  INFO 75568 --- [    Test worker] tourGuide.service.TourGuideService       : Track Location for user internalUser342
2022-10-02 23:12:32.981  INFO 75568 --- [pool-7-thread-1] tourGuide.service.TourGuideService       : Track Location for user internalUser3158
2022-10-02 23:12:32.981  INFO 75568 --- [    Test worker] tourGuide.service.TourGuideService       : Track Location for user internalUser3189
2022-10-02 23:12:32.982  INFO 75568 --- [pool-7-thread-1] tourGuide.service.TourGuideService       : Track Location for user internalUser4489
2022-10-02 23:12:32.983  INFO 75568 --- [    Test worker] tourGuide.service.TourGuideService       : Track Location for user internalUser3190
2022-10-02 23:12:32.983  INFO 75568 --- [pool-7-thread-1] tourGuide.service.TourGuideService       : Track Location for user internalUser3159
2022-10-02 23:12:32.984  INFO 75568 --- [    Test worker] tourGuide.service.TourGuideService       : Track Location for user internalUser349
2022-10-02 23:12:32.984  INFO 75568 --- [pool-7-thread-1] tourGuide.service.TourGuideService       : Track Location for user internalUser4480
2022-10-02 23:12:32.984  INFO 75568 --- [    Test worker] tourGuide.service.TourGuideService       : Track Location for user internalUser3191
2022-10-02 23:12:32.984  INFO 75568 --- [pool-7-thread-1] tourGuide.service.TourGuideService       : Track Location for user internalUser3150
2022-10-02 23:12:32.984  INFO 75568 --- [    Test worker] tourGuide.service.TourGuideService       : Track Location for user internalUser3192
2022-10-02 23:12:32.985  INFO 75568 --- [pool-7-thread-1] tourGuide.service.TourGuideService       : Track Location for user internalUser4481
2022-10-02 23:12:32.985  INFO 75568 --- [    Test worker] tourGuide.service.TourGuideService       : Track Location for user internalUser350
2022-10-02 23:12:32.985  INFO 75568 --- [pool-7-thread-1] tourGuide.service.TourGuideService       : Track Location for user internalUser3151
2022-10-02 23:12:32.985  INFO 75568 --- [    Test worker] tourGuide.service.TourGuideService       : Track Location for user internalUser351
2022-10-02 23:12:32.986  INFO 75568 --- [pool-7-thread-1] tourGuide.service.TourGuideService       : Track Location for user internalUser4482
2022-10-02 23:12:32.986  INFO 75568 --- [    Test worker] tourGuide.service.TourGuideService       : Track Location for user internalUser358
2022-10-02 23:12:32.986  INFO 75568 --- [pool-7-thread-1] tourGuide.service.TourGuideService       : Track Location for user internalUser3152
2022-10-02 23:12:32.986  INFO 75568 --- [    Test worker] tourGuide.service.TourGuideService       : Track Location for user internalUser3193
2022-10-02 23:12:32.986  INFO 75568 --- [pool-7-thread-1] tourGuide.service.TourGuideService       : Track Location for user internalUser4483
2022-10-02 23:12:32.986  INFO 75568 --- [    Test worker] tourGuide.service.TourGuideService       : Track Location for user internalUser359
2022-10-02 23:12:32.987  INFO 75568 --- [pool-7-thread-1] tourGuide.service.TourGuideService       : Track Location for user internalUser3153
2022-10-02 23:12:32.987  INFO 75568 --- [    Test worker] tourGuide.service.TourGuideService       : Track Location for user internalUser3194
2022-10-02 23:12:32.987  INFO 75568 --- [pool-7-thread-1] tourGuide.service.TourGuideService       : Track Location for user internalUser4484
2022-10-02 23:12:32.987  INFO 75568 --- [    Test worker] tourGuide.service.TourGuideService       : Track Location for user internalUser356
2022-10-02 23:12:32.987  INFO 75568 --- [pool-7-thread-1] tourGuide.service.TourGuideService       : Track Location for user internalUser3154
2022-10-02 23:12:32.987  INFO 75568 --- [    Test worker] tourGuide.service.TourGuideService       : Track Location for user internalUser3195
2022-10-02 23:12:32.987  INFO 75568 --- [pool-7-thread-1] tourGuide.service.TourGuideService       : Track Location for user internalUser4485
2022-10-02 23:12:32.988  INFO 75568 --- [    Test worker] tourGuide.service.TourGuideService       : Track Location for user internalUser357
2022-10-02 23:12:32.988  INFO 75568 --- [pool-7-thread-1] tourGuide.service.TourGuideService       : Track Location for user internalUser3155
2022-10-02 23:12:32.988  INFO 75568 --- [    Test worker] tourGuide.service.TourGuideService       : Track Location for user internalUser3196
2022-10-02 23:12:32.988  INFO 75568 --- [pool-7-thread-1] tourGuide.service.TourGuideService       : Track Location for user internalUser4486
2022-10-02 23:12:32.988  INFO 75568 --- [    Test worker] tourGuide.service.TourGuideService       : Track Location for user internalUser354
2022-10-02 23:12:32.988  INFO 75568 --- [pool-7-thread-1] tourGuide.service.TourGuideService       : Track Location for user internalUser3156
2022-10-02 23:12:32.988  INFO 75568 --- [    Test worker] tourGuide.service.TourGuideService       : Track Location for user internalUser3197
2022-10-02 23:12:32.989  INFO 75568 --- [pool-7-thread-1] tourGuide.service.TourGuideService       : Track Location for user internalUser4487
2022-10-02 23:12:32.989  INFO 75568 --- [    Test worker] tourGuide.service.TourGuideService       : Track Location for user internalUser355
2022-10-02 23:12:32.989  INFO 75568 --- [pool-7-thread-1] tourGuide.service.TourGuideService       : Track Location for user internalUser4490
2022-10-02 23:12:32.989  INFO 75568 --- [    Test worker] tourGuide.service.TourGuideService       : Track Location for user internalUser3198
2022-10-02 23:12:32.989  INFO 75568 --- [pool-7-thread-1] tourGuide.service.TourGuideService       : Track Location for user internalUser5701
2022-10-02 23:12:32.989  INFO 75568 --- [    Test worker] tourGuide.service.TourGuideService       : Track Location for user internalUser352
2022-10-02 23:12:32.990  INFO 75568 --- [pool-7-thread-1] tourGuide.service.TourGuideService       : Track Location for user internalUser5700
2022-10-02 23:12:32.990  INFO 75568 --- [    Test worker] tourGuide.service.TourGuideService       : Track Location for user internalUser3199
2022-10-02 23:12:32.990  INFO 75568 --- [pool-7-thread-1] tourGuide.service.TourGuideService       : Track Location for user internalUser5703
2022-10-02 23:12:32.990  INFO 75568 --- [    Test worker] tourGuide.service.TourGuideService       : Track Location for user internalUser353
2022-10-02 23:12:32.990  INFO 75568 --- [pool-7-thread-1] tourGuide.service.TourGuideService       : Track Location for user internalUser5702
2022-10-02 23:12:32.990  INFO 75568 --- [    Test worker] tourGuide.service.TourGuideService       : Track Location for user internalUser9308
2022-10-02 23:12:32.990  INFO 75568 --- [pool-7-thread-1] tourGuide.service.TourGuideService       : Track Location for user internalUser5705
2022-10-02 23:12:32.990  INFO 75568 --- [    Test worker] tourGuide.service.TourGuideService       : Track Location for user internalUser9309
2022-10-02 23:12:32.991  INFO 75568 --- [pool-7-thread-1] tourGuide.service.TourGuideService       : Track Location for user internalUser5704
2022-10-02 23:12:32.991  INFO 75568 --- [    Test worker] tourGuide.service.TourGuideService       : Track Location for user internalUser9306
2022-10-02 23:12:32.991  INFO 75568 --- [pool-7-thread-1] tourGuide.service.TourGuideService       : Track Location for user internalUser5707
2022-10-02 23:12:32.991  INFO 75568 --- [    Test worker] tourGuide.service.TourGuideService       : Track Location for user internalUser9307
2022-10-02 23:12:32.991  INFO 75568 --- [pool-7-thread-1] tourGuide.service.TourGuideService       : Track Location for user internalUser5706
2022-10-02 23:12:32.991  INFO 75568 --- [    Test worker] tourGuide.service.TourGuideService       : Track Location for user internalUser9300
2022-10-02 23:12:32.991  INFO 75568 --- [pool-7-thread-1] tourGuide.service.TourGuideService       : Track Location for user internalUser5709
2022-10-02 23:12:32.992  INFO 75568 --- [    Test worker] tourGuide.service.TourGuideService       : Track Location for user internalUser9301
2022-10-02 23:12:32.992  INFO 75568 --- [pool-7-thread-1] tourGuide.service.TourGuideService       : Track Location for user internalUser5708
2022-10-02 23:12:32.992  INFO 75568 --- [    Test worker] tourGuide.service.TourGuideService       : Track Location for user internalUser9304
2022-10-02 23:12:32.992  INFO 75568 --- [pool-7-thread-1] tourGuide.service.TourGuideService       : Track Location for user internalUser5710
2022-10-02 23:12:32.992  INFO 75568 --- [    Test worker] tourGuide.service.TourGuideService       : Track Location for user internalUser9305
2022-10-02 23:12:32.992  INFO 75568 --- [pool-7-thread-1] tourGuide.service.TourGuideService       : Track Location for user internalUser5712
2022-10-02 23:12:32.992  INFO 75568 --- [    Test worker] tourGuide.service.TourGuideService       : Track Location for user internalUser9302
2022-10-02 23:12:32.992  INFO 75568 --- [pool-7-thread-1] tourGuide.service.TourGuideService       : Track Location for user internalUser5711
2022-10-02 23:12:32.992  INFO 75568 --- [    Test worker] tourGuide.service.TourGuideService       : Track Location for user internalUser9303
2022-10-02 23:12:32.993  INFO 75568 --- [pool-7-thread-1] tourGuide.service.TourGuideService       : Track Location for user internalUser5714
2022-10-02 23:12:32.993  INFO 75568 --- [    Test worker] tourGuide.service.TourGuideService       : Track Location for user internalUser9319
2022-10-02 23:12:32.993  INFO 75568 --- [pool-7-thread-1] tourGuide.service.TourGuideService       : Track Location for user internalUser5713
2022-10-02 23:12:32.993  INFO 75568 --- [    Test worker] tourGuide.service.TourGuideService       : Track Location for user internalUser9317
2022-10-02 23:12:32.993  INFO 75568 --- [pool-7-thread-1] tourGuide.service.TourGuideService       : Track Location for user internalUser5716
2022-10-02 23:12:32.993  INFO 75568 --- [    Test worker] tourGuide.service.TourGuideService       : Track Location for user internalUser9318
2022-10-02 23:12:32.993  INFO 75568 --- [pool-7-thread-1] tourGuide.service.TourGuideService       : Track Location for user internalUser5715
2022-10-02 23:12:32.994  INFO 75568 --- [    Test worker] tourGuide.service.TourGuideService       : Track Location for user internalUser9311
2022-10-02 23:12:32.994  INFO 75568 --- [pool-7-thread-1] tourGuide.service.TourGuideService       : Track Location for user internalUser5718
2022-10-02 23:12:32.994  INFO 75568 --- [    Test worker] tourGuide.service.TourGuideService       : Track Location for user internalUser9312
2022-10-02 23:12:32.994  INFO 75568 --- [pool-7-thread-1] tourGuide.service.TourGuideService       : Track Location for user internalUser5717
2022-10-02 23:12:32.994  INFO 75568 --- [    Test worker] tourGuide.service.TourGuideService       : Track Location for user internalUser9310
2022-10-02 23:12:32.994  INFO 75568 --- [pool-7-thread-1] tourGuide.service.TourGuideService       : Track Location for user internalUser5719
2022-10-02 23:12:32.994  INFO 75568 --- [    Test worker] tourGuide.service.TourGuideService       : Track Location for user internalUser9315
2022-10-02 23:12:32.994  INFO 75568 --- [pool-7-thread-1] tourGuide.service.TourGuideService       : Track Location for user internalUser9289
2022-10-02 23:12:32.995  INFO 75568 --- [    Test worker] tourGuide.service.TourGuideService       : Track Location for user internalUser9316
2022-10-02 23:12:32.995  INFO 75568 --- [pool-7-thread-1] tourGuide.service.TourGuideService       : Track Location for user internalUser9287
2022-10-02 23:12:32.995  INFO 75568 --- [    Test worker] tourGuide.service.TourGuideService       : Track Location for user internalUser9313
2022-10-02 23:12:32.995  INFO 75568 --- [pool-7-thread-1] tourGuide.service.TourGuideService       : Track Location for user internalUser9288
2022-10-02 23:12:32.995  INFO 75568 --- [    Test worker] tourGuide.service.TourGuideService       : Track Location for user internalUser9314
2022-10-02 23:12:32.995  INFO 75568 --- [pool-7-thread-1] tourGuide.service.TourGuideService       : Track Location for user internalUser9292
2022-10-02 23:12:32.995  INFO 75568 --- [    Test worker] tourGuide.service.TourGuideService       : Track Location for user internalUser303
2022-10-02 23:12:32.995  INFO 75568 --- [pool-7-thread-1] tourGuide.service.TourGuideService       : Track Location for user internalUser9293
2022-10-02 23:12:32.996  INFO 75568 --- [    Test worker] tourGuide.service.TourGuideService       : Track Location for user internalUser304
2022-10-02 23:12:32.996  INFO 75568 --- [pool-7-thread-1] tourGuide.service.TourGuideService       : Track Location for user internalUser9290
2022-10-02 23:12:32.996  INFO 75568 --- [    Test worker] tourGuide.service.TourGuideService       : Track Location for user internalUser301
2022-10-02 23:12:32.996  INFO 75568 --- [pool-7-thread-1] tourGuide.service.TourGuideService       : Track Location for user internalUser9291
2022-10-02 23:12:32.996  INFO 75568 --- [    Test worker] tourGuide.service.TourGuideService       : Track Location for user internalUser302
2022-10-02 23:12:32.996  INFO 75568 --- [pool-7-thread-1] tourGuide.service.TourGuideService       : Track Location for user internalUser9296
2022-10-02 23:12:32.997  INFO 75568 --- [    Test worker] tourGuide.service.TourGuideService       : Track Location for user internalUser300
2022-10-02 23:12:32.997  INFO 75568 --- [pool-7-thread-1] tourGuide.service.TourGuideService       : Track Location for user internalUser9297
2022-10-02 23:12:32.997  INFO 75568 --- [    Test worker] tourGuide.service.TourGuideService       : Track Location for user internalUser309
2022-10-02 23:12:32.997  INFO 75568 --- [pool-7-thread-1] tourGuide.service.TourGuideService       : Track Location for user internalUser9294
2022-10-02 23:12:32.997  INFO 75568 --- [    Test worker] tourGuide.service.TourGuideService       : Track Location for user internalUser307
2022-10-02 23:12:32.997  INFO 75568 --- [pool-7-thread-1] tourGuide.service.TourGuideService       : Track Location for user internalUser9295
2022-10-02 23:12:32.997  INFO 75568 --- [    Test worker] tourGuide.service.TourGuideService       : Track Location for user internalUser308
2022-10-02 23:12:32.998  INFO 75568 --- [pool-7-thread-1] tourGuide.service.TourGuideService       : Track Location for user internalUser9298
2022-10-02 23:12:32.998  INFO 75568 --- [    Test worker] tourGuide.service.TourGuideService       : Track Location for user internalUser305
2022-10-02 23:12:32.998  INFO 75568 --- [pool-7-thread-1] tourGuide.service.TourGuideService       : Track Location for user internalUser9299
2022-10-02 23:12:32.998  INFO 75568 --- [    Test worker] tourGuide.service.TourGuideService       : Track Location for user internalUser306
2022-10-02 23:12:32.998  INFO 75568 --- [pool-7-thread-1] tourGuide.service.TourGuideService       : Track Location for user internalUser4411
2022-10-02 23:12:32.998  INFO 75568 --- [    Test worker] tourGuide.service.TourGuideService       : Track Location for user internalUser314
2022-10-02 23:12:32.998  INFO 75568 --- [pool-7-thread-1] tourGuide.service.TourGuideService       : Track Location for user internalUser5743
2022-10-02 23:12:32.999  INFO 75568 --- [    Test worker] tourGuide.service.TourGuideService       : Track Location for user internalUser315
2022-10-02 23:12:32.999  INFO 75568 --- [pool-7-thread-1] tourGuide.service.TourGuideService       : Track Location for user internalUser4412
2022-10-02 23:12:32.999  INFO 75568 --- [    Test worker] tourGuide.service.TourGuideService       : Track Location for user internalUser312
2022-10-02 23:12:32.999  INFO 75568 --- [pool-7-thread-1] tourGuide.service.TourGuideService       : Track Location for user internalUser5742
2022-10-02 23:12:32.999  INFO 75568 --- [    Test worker] tourGuide.service.TourGuideService       : Track Location for user internalUser313
2022-10-02 23:12:33.000  INFO 75568 --- [pool-7-thread-1] tourGuide.service.TourGuideService       : Track Location for user internalUser4413
2022-10-02 23:12:33.000  INFO 75568 --- [    Test worker] tourGuide.service.TourGuideService       : Track Location for user internalUser310
2022-10-02 23:12:33.000  INFO 75568 --- [pool-7-thread-1] tourGuide.service.TourGuideService       : Track Location for user internalUser5745
2022-10-02 23:12:33.000  INFO 75568 --- [    Test worker] tourGuide.service.TourGuideService       : Track Location for user internalUser311
2022-10-02 23:12:33.000  INFO 75568 --- [pool-7-thread-1] tourGuide.service.TourGuideService       : Track Location for user internalUser4414
2022-10-02 23:12:33.000  INFO 75568 --- [    Test worker] tourGuide.service.TourGuideService       : Track Location for user internalUser318
2022-10-02 23:12:33.001  INFO 75568 --- [pool-7-thread-1] tourGuide.service.TourGuideService       : Track Location for user internalUser5744
2022-10-02 23:12:33.001  INFO 75568 --- [    Test worker] tourGuide.service.TourGuideService       : Track Location for user internalUser319
2022-10-02 23:12:33.001  INFO 75568 --- [pool-7-thread-1] tourGuide.service.TourGuideService       : Track Location for user internalUser4415
2022-10-02 23:12:33.001  INFO 75568 --- [    Test worker] tourGuide.service.TourGuideService       : Track Location for user internalUser316
2022-10-02 23:12:33.001  INFO 75568 --- [pool-7-thread-1] tourGuide.service.TourGuideService       : Track Location for user internalUser5747
2022-10-02 23:12:33.001  INFO 75568 --- [    Test worker] tourGuide.service.TourGuideService       : Track Location for user internalUser317
2022-10-02 23:12:33.001  INFO 75568 --- [pool-7-thread-1] tourGuide.service.TourGuideService       : Track Location for user internalUser4416
2022-10-02 23:12:33.002  INFO 75568 --- [    Test worker] tourGuide.service.TourGuideService       : Track Location for user internalUser3124
2022-10-02 23:12:33.002  INFO 75568 --- [pool-7-thread-1] tourGuide.service.TourGuideService       : Track Location for user internalUser5746
2022-10-02 23:12:33.002  INFO 75568 --- [    Test worker] tourGuide.service.TourGuideService       : Track Location for user internalUser4455
2022-10-02 23:12:33.002  INFO 75568 --- [pool-7-thread-1] tourGuide.service.TourGuideService       : Track Location for user internalUser4417
2022-10-02 23:12:33.002  INFO 75568 --- [    Test worker] tourGuide.service.TourGuideService       : Track Location for user internalUser5787
2022-10-02 23:12:33.002  INFO 75568 --- [pool-7-thread-1] tourGuide.service.TourGuideService       : Track Location for user internalUser5749
2022-10-02 23:12:33.002  INFO 75568 --- [    Test worker] tourGuide.service.TourGuideService       : Track Location for user internalUser3125
2022-10-02 23:12:33.002  INFO 75568 --- [pool-7-thread-1] tourGuide.service.TourGuideService       : Track Location for user internalUser4418
2022-10-02 23:12:33.003  INFO 75568 --- [    Test worker] tourGuide.service.TourGuideService       : Track Location for user internalUser4456
2022-10-02 23:12:33.003  INFO 75568 --- [pool-7-thread-1] tourGuide.service.TourGuideService       : Track Location for user internalUser5748
2022-10-02 23:12:33.003  INFO 75568 --- [    Test worker] tourGuide.service.TourGuideService       : Track Location for user internalUser5786
2022-10-02 23:12:33.003  INFO 75568 --- [pool-7-thread-1] tourGuide.service.TourGuideService       : Track Location for user internalUser5741
2022-10-02 23:12:33.003  INFO 75568 --- [    Test worker] tourGuide.service.TourGuideService       : Track Location for user internalUser3126
2022-10-02 23:12:33.003  INFO 75568 --- [pool-7-thread-1] tourGuide.service.TourGuideService       : Track Location for user internalUser4410
2022-10-02 23:12:33.003  INFO 75568 --- [    Test worker] tourGuide.service.TourGuideService       : Track Location for user internalUser4457
2022-10-02 23:12:33.004  INFO 75568 --- [pool-7-thread-1] tourGuide.service.TourGuideService       : Track Location for user internalUser5740
2022-10-02 23:12:33.004  INFO 75568 --- [    Test worker] tourGuide.service.TourGuideService       : Track Location for user internalUser5789
2022-10-02 23:12:33.004  INFO 75568 --- [pool-7-thread-1] tourGuide.service.TourGuideService       : Track Location for user internalUser4419
2022-10-02 23:12:33.004  INFO 75568 --- [    Test worker] tourGuide.service.TourGuideService       : Track Location for user internalUser3127
2022-10-02 23:12:33.004  INFO 75568 --- [pool-7-thread-1] tourGuide.service.TourGuideService       : Track Location for user internalUser4422
2022-10-02 23:12:33.004  INFO 75568 --- [    Test worker] tourGuide.service.TourGuideService       : Track Location for user internalUser4458
2022-10-02 23:12:33.004  INFO 75568 --- [pool-7-thread-1] tourGuide.service.TourGuideService       : Track Location for user internalUser5754
2022-10-02 23:12:33.005  INFO 75568 --- [    Test worker] tourGuide.service.TourGuideService       : Track Location for user internalUser5788
2022-10-02 23:12:33.005  INFO 75568 --- [pool-7-thread-1] tourGuide.service.TourGuideService       : Track Location for user internalUser4423
2022-10-02 23:12:33.005  INFO 75568 --- [    Test worker] tourGuide.service.TourGuideService       : Track Location for user internalUser3128
2022-10-02 23:12:33.005  INFO 75568 --- [pool-7-thread-1] tourGuide.service.TourGuideService       : Track Location for user internalUser5753
2022-10-02 23:12:33.005  INFO 75568 --- [    Test worker] tourGuide.service.TourGuideService       : Track Location for user internalUser4459
2022-10-02 23:12:33.005  INFO 75568 --- [pool-7-thread-1] tourGuide.service.TourGuideService       : Track Location for user internalUser4424
2022-10-02 23:12:33.005  INFO 75568 --- [    Test worker] tourGuide.service.TourGuideService       : Track Location for user internalUser3129
2022-10-02 23:12:33.006  INFO 75568 --- [pool-7-thread-1] tourGuide.service.TourGuideService       : Track Location for user internalUser5756
2022-10-02 23:12:33.006  INFO 75568 --- [    Test worker] tourGuide.service.TourGuideService       : Track Location for user internalUser5781
2022-10-02 23:12:33.006  INFO 75568 --- [pool-7-thread-1] tourGuide.service.TourGuideService       : Track Location for user internalUser4425
2022-10-02 23:12:33.006  INFO 75568 --- [    Test worker] tourGuide.service.TourGuideService       : Track Location for user internalUser4450
2022-10-02 23:12:33.006  INFO 75568 --- [pool-7-thread-1] tourGuide.service.TourGuideService       : Track Location for user internalUser5755
2022-10-02 23:12:33.006  INFO 75568 --- [    Test worker] tourGuide.service.TourGuideService       : Track Location for user internalUser5780
2022-10-02 23:12:33.007  INFO 75568 --- [pool-7-thread-1] tourGuide.service.TourGuideService       : Track Location for user internalUser4426
2022-10-02 23:12:33.007  INFO 75568 --- [    Test worker] tourGuide.service.TourGuideService       : Track Location for user internalUser3120
2022-10-02 23:12:33.007  INFO 75568 --- [pool-7-thread-1] tourGuide.service.TourGuideService       : Track Location for user internalUser5758
2022-10-02 23:12:33.007  INFO 75568 --- [    Test worker] tourGuide.service.TourGuideService       : Track Location for user internalUser4451
2022-10-02 23:12:33.007  INFO 75568 --- [pool-7-thread-1] tourGuide.service.TourGuideService       : Track Location for user internalUser4427
2022-10-02 23:12:33.007  INFO 75568 --- [    Test worker] tourGuide.service.TourGuideService       : Track Location for user internalUser5783
2022-10-02 23:12:33.008  INFO 75568 --- [pool-7-thread-1] tourGuide.service.TourGuideService       : Track Location for user internalUser5757
2022-10-02 23:12:33.008  INFO 75568 --- [    Test worker] tourGuide.service.TourGuideService       : Track Location for user internalUser3121
2022-10-02 23:12:33.008  INFO 75568 --- [pool-7-thread-1] tourGuide.service.TourGuideService       : Track Location for user internalUser4428
2022-10-02 23:12:33.008  INFO 75568 --- [    Test worker] tourGuide.service.TourGuideService       : Track Location for user internalUser4452
2022-10-02 23:12:33.008  INFO 75568 --- [pool-7-thread-1] tourGuide.service.TourGuideService       : Track Location for user internalUser4429
2022-10-02 23:12:33.008  INFO 75568 --- [    Test worker] tourGuide.service.TourGuideService       : Track Location for user internalUser5782
2022-10-02 23:12:33.008  INFO 75568 --- [pool-7-thread-1] tourGuide.service.TourGuideService       : Track Location for user internalUser5759
2022-10-02 23:12:33.009  INFO 75568 --- [    Test worker] tourGuide.service.TourGuideService       : Track Location for user internalUser3122
2022-10-02 23:12:33.009  INFO 75568 --- [pool-7-thread-1] tourGuide.service.TourGuideService       : Track Location for user internalUser5750
2022-10-02 23:12:33.009  INFO 75568 --- [    Test worker] tourGuide.service.TourGuideService       : Track Location for user internalUser4453
2022-10-02 23:12:33.009  INFO 75568 --- [pool-7-thread-1] tourGuide.service.TourGuideService       : Track Location for user internalUser4420
2022-10-02 23:12:33.010  INFO 75568 --- [    Test worker] tourGuide.service.TourGuideService       : Track Location for user internalUser5785
2022-10-02 23:12:33.010  INFO 75568 --- [pool-7-thread-1] tourGuide.service.TourGuideService       : Track Location for user internalUser5752
2022-10-02 23:12:33.010  INFO 75568 --- [    Test worker] tourGuide.service.TourGuideService       : Track Location for user internalUser3123
2022-10-02 23:12:33.010  INFO 75568 --- [pool-7-thread-1] tourGuide.service.TourGuideService       : Track Location for user internalUser4421
2022-10-02 23:12:33.010  INFO 75568 --- [    Test worker] tourGuide.service.TourGuideService       : Track Location for user internalUser4454
2022-10-02 23:12:33.010  INFO 75568 --- [pool-7-thread-1] tourGuide.service.TourGuideService       : Track Location for user internalUser5751
2022-10-02 23:12:33.010  INFO 75568 --- [    Test worker] tourGuide.service.TourGuideService       : Track Location for user internalUser5784
2022-10-02 23:12:33.011  INFO 75568 --- [pool-7-thread-1] tourGuide.service.TourGuideService       : Track Location for user internalUser5721
2022-10-02 23:12:33.011  INFO 75568 --- [    Test worker] tourGuide.service.TourGuideService       : Track Location for user internalUser3135
2022-10-02 23:12:33.011  INFO 75568 --- [pool-7-thread-1] tourGuide.service.TourGuideService       : Track Location for user internalUser5720
2022-10-02 23:12:33.011  INFO 75568 --- [    Test worker] tourGuide.service.TourGuideService       : Track Location for user internalUser4466
2022-10-02 23:12:33.011  INFO 75568 --- [pool-7-thread-1] tourGuide.service.TourGuideService       : Track Location for user internalUser5723
2022-10-02 23:12:33.012  INFO 75568 --- [    Test worker] tourGuide.service.TourGuideService       : Track Location for user internalUser5798
2022-10-02 23:12:33.012  INFO 75568 --- [pool-7-thread-1] tourGuide.service.TourGuideService       : Track Location for user internalUser5722
2022-10-02 23:12:33.012  INFO 75568 --- [    Test worker] tourGuide.service.TourGuideService       : Track Location for user internalUser3136
2022-10-02 23:12:33.012  INFO 75568 --- [pool-7-thread-1] tourGuide.service.TourGuideService       : Track Location for user internalUser5725
2022-10-02 23:12:33.013  INFO 75568 --- [pool-7-thread-1] tourGuide.service.TourGuideService       : Track Location for user internalUser5724
2022-10-02 23:12:33.013  INFO 75568 --- [    Test worker] tourGuide.service.TourGuideService       : Track Location for user internalUser4467
2022-10-02 23:12:33.013  INFO 75568 --- [pool-7-thread-1] tourGuide.service.TourGuideService       : Track Location for user internalUser5727
2022-10-02 23:12:33.013  INFO 75568 --- [    Test worker] tourGuide.service.TourGuideService       : Track Location for user internalUser5797
2022-10-02 23:12:33.013  INFO 75568 --- [pool-7-thread-1] tourGuide.service.TourGuideService       : Track Location for user internalUser5726
2022-10-02 23:12:33.014  INFO 75568 --- [    Test worker] tourGuide.service.TourGuideService       : Track Location for user internalUser3137
2022-10-02 23:12:33.014  INFO 75568 --- [pool-7-thread-1] tourGuide.service.TourGuideService       : Track Location for user internalUser5729
2022-10-02 23:12:33.014  INFO 75568 --- [    Test worker] tourGuide.service.TourGuideService       : Track Location for user internalUser4468
2022-10-02 23:12:33.014  INFO 75568 --- [pool-7-thread-1] tourGuide.service.TourGuideService       : Track Location for user internalUser5728
2022-10-02 23:12:33.014  INFO 75568 --- [    Test worker] tourGuide.service.TourGuideService       : Track Location for user internalUser3138
2022-10-02 23:12:33.014  INFO 75568 --- [pool-7-thread-1] tourGuide.service.TourGuideService       : Track Location for user internalUser4400
2022-10-02 23:12:33.014  INFO 75568 --- [    Test worker] tourGuide.service.TourGuideService       : Track Location for user internalUser4469
2022-10-02 23:12:33.015  INFO 75568 --- [pool-7-thread-1] tourGuide.service.TourGuideService       : Track Location for user internalUser5732
2022-10-02 23:12:33.015  INFO 75568 --- [    Test worker] tourGuide.service.TourGuideService       : Track Location for user internalUser5799
2022-10-02 23:12:33.015  INFO 75568 --- [pool-7-thread-1] tourGuide.service.TourGuideService       : Track Location for user internalUser4401
2022-10-02 23:12:33.015  INFO 75568 --- [    Test worker] tourGuide.service.TourGuideService       : Track Location for user internalUser3139
2022-10-02 23:12:33.015  INFO 75568 --- [pool-7-thread-1] tourGuide.service.TourGuideService       : Track Location for user internalUser5731
2022-10-02 23:12:33.015  INFO 75568 --- [    Test worker] tourGuide.service.TourGuideService       : Track Location for user internalUser5790
2022-10-02 23:12:33.015  INFO 75568 --- [pool-7-thread-1] tourGuide.service.TourGuideService       : Track Location for user internalUser4402
2022-10-02 23:12:33.015  INFO 75568 --- [    Test worker] tourGuide.service.TourGuideService       : Track Location for user internalUser4460
2022-10-02 23:12:33.016  INFO 75568 --- [pool-7-thread-1] tourGuide.service.TourGuideService       : Track Location for user internalUser5734
2022-10-02 23:12:33.016  INFO 75568 --- [    Test worker] tourGuide.service.TourGuideService       : Track Location for user internalUser5792
2022-10-02 23:12:33.016  INFO 75568 --- [pool-7-thread-1] tourGuide.service.TourGuideService       : Track Location for user internalUser4403
2022-10-02 23:12:33.016  INFO 75568 --- [    Test worker] tourGuide.service.TourGuideService       : Track Location for user internalUser3130
2022-10-02 23:12:33.016  INFO 75568 --- [pool-7-thread-1] tourGuide.service.TourGuideService       : Track Location for user internalUser5733
2022-10-02 23:12:33.016  INFO 75568 --- [    Test worker] tourGuide.service.TourGuideService       : Track Location for user internalUser4461
2022-10-02 23:12:33.016  INFO 75568 --- [pool-7-thread-1] tourGuide.service.TourGuideService       : Track Location for user internalUser4404
2022-10-02 23:12:33.016  INFO 75568 --- [    Test worker] tourGuide.service.TourGuideService       : Track Location for user internalUser5791
2022-10-02 23:12:33.017  INFO 75568 --- [pool-7-thread-1] tourGuide.service.TourGuideService       : Track Location for user internalUser5736
2022-10-02 23:12:33.017  INFO 75568 --- [    Test worker] tourGuide.service.TourGuideService       : Track Location for user internalUser3131
2022-10-02 23:12:33.017  INFO 75568 --- [pool-7-thread-1] tourGuide.service.TourGuideService       : Track Location for user internalUser4405
2022-10-02 23:12:33.017  INFO 75568 --- [    Test worker] tourGuide.service.TourGuideService       : Track Location for user internalUser4462
2022-10-02 23:12:33.017  INFO 75568 --- [pool-7-thread-1] tourGuide.service.TourGuideService       : Track Location for user internalUser5735
2022-10-02 23:12:33.017  INFO 75568 --- [    Test worker] tourGuide.service.TourGuideService       : Track Location for user internalUser5794
2022-10-02 23:12:33.017  INFO 75568 --- [pool-7-thread-1] tourGuide.service.TourGuideService       : Track Location for user internalUser4406
2022-10-02 23:12:33.017  INFO 75568 --- [    Test worker] tourGuide.service.TourGuideService       : Track Location for user internalUser3132
2022-10-02 23:12:33.017  INFO 75568 --- [pool-7-thread-1] tourGuide.service.TourGuideService       : Track Location for user internalUser5738
2022-10-02 23:12:33.018  INFO 75568 --- [    Test worker] tourGuide.service.TourGuideService       : Track Location for user internalUser4463
2022-10-02 23:12:33.018  INFO 75568 --- [pool-7-thread-1] tourGuide.service.TourGuideService       : Track Location for user internalUser4407
2022-10-02 23:12:33.018  INFO 75568 --- [    Test worker] tourGuide.service.TourGuideService       : Track Location for user internalUser5793
2022-10-02 23:12:33.018  INFO 75568 --- [pool-7-thread-1] tourGuide.service.TourGuideService       : Track Location for user internalUser5737
2022-10-02 23:12:33.018  INFO 75568 --- [    Test worker] tourGuide.service.TourGuideService       : Track Location for user internalUser3133
2022-10-02 23:12:33.018  INFO 75568 --- [pool-7-thread-1] tourGuide.service.TourGuideService       : Track Location for user internalUser5730
2022-10-02 23:12:33.018  INFO 75568 --- [    Test worker] tourGuide.service.TourGuideService       : Track Location for user internalUser4464
2022-10-02 23:12:33.018  INFO 75568 --- [pool-7-thread-1] tourGuide.service.TourGuideService       : Track Location for user internalUser4408
2022-10-02 23:12:33.019  INFO 75568 --- [    Test worker] tourGuide.service.TourGuideService       : Track Location for user internalUser5796
2022-10-02 23:12:33.019  INFO 75568 --- [pool-7-thread-1] tourGuide.service.TourGuideService       : Track Location for user internalUser4409
2022-10-02 23:12:33.019  INFO 75568 --- [    Test worker] tourGuide.service.TourGuideService       : Track Location for user internalUser3134
2022-10-02 23:12:33.019  INFO 75568 --- [pool-7-thread-1] tourGuide.service.TourGuideService       : Track Location for user internalUser5739
2022-10-02 23:12:33.019  INFO 75568 --- [    Test worker] tourGuide.service.TourGuideService       : Track Location for user internalUser4465
2022-10-02 23:12:33.019  INFO 75568 --- [pool-7-thread-1] tourGuide.service.TourGuideService       : Track Location for user internalUser284
2022-10-02 23:12:33.020  INFO 75568 --- [    Test worker] tourGuide.service.TourGuideService       : Track Location for user internalUser5795
2022-10-02 23:12:33.020  INFO 75568 --- [pool-7-thread-1] tourGuide.service.TourGuideService       : Track Location for user internalUser285
2022-10-02 23:12:33.020  INFO 75568 --- [    Test worker] tourGuide.service.TourGuideService       : Track Location for user internalUser3102
2022-10-02 23:12:33.020  INFO 75568 --- [pool-7-thread-1] tourGuide.service.TourGuideService       : Track Location for user internalUser282
2022-10-02 23:12:33.020  INFO 75568 --- [    Test worker] tourGuide.service.TourGuideService       : Track Location for user internalUser4433
2022-10-02 23:12:33.020  INFO 75568 --- [pool-7-thread-1] tourGuide.service.TourGuideService       : Track Location for user internalUser283
2022-10-02 23:12:33.021  INFO 75568 --- [    Test worker] tourGuide.service.TourGuideService       : Track Location for user internalUser5765
2022-10-02 23:12:33.021  INFO 75568 --- [pool-7-thread-1] tourGuide.service.TourGuideService       : Track Location for user internalUser280
2022-10-02 23:12:33.021  INFO 75568 --- [    Test worker] tourGuide.service.TourGuideService       : Track Location for user internalUser3103
2022-10-02 23:12:33.021  INFO 75568 --- [pool-7-thread-1] tourGuide.service.TourGuideService       : Track Location for user internalUser281
2022-10-02 23:12:33.021  INFO 75568 --- [    Test worker] tourGuide.service.TourGuideService       : Track Location for user internalUser4434
2022-10-02 23:12:33.021  INFO 75568 --- [pool-7-thread-1] tourGuide.service.TourGuideService       : Track Location for user internalUser8134
2022-10-02 23:12:33.022  INFO 75568 --- [    Test worker] tourGuide.service.TourGuideService       : Track Location for user internalUser5764
2022-10-02 23:12:33.022  INFO 75568 --- [pool-7-thread-1] tourGuide.service.TourGuideService       : Track Location for user internalUser9465
2022-10-02 23:12:33.022  INFO 75568 --- [    Test worker] tourGuide.service.TourGuideService       : Track Location for user internalUser3104
2022-10-02 23:12:33.022  INFO 75568 --- [pool-7-thread-1] tourGuide.service.TourGuideService       : Track Location for user internalUser8135
2022-10-02 23:12:33.022  INFO 75568 --- [    Test worker] tourGuide.service.TourGuideService       : Track Location for user internalUser4435
2022-10-02 23:12:33.022  INFO 75568 --- [pool-7-thread-1] tourGuide.service.TourGuideService       : Track Location for user internalUser9466
2022-10-02 23:12:33.023  INFO 75568 --- [    Test worker] tourGuide.service.TourGuideService       : Track Location for user internalUser5767
2022-10-02 23:12:33.023  INFO 75568 --- [pool-7-thread-1] tourGuide.service.TourGuideService       : Track Location for user internalUser8132
2022-10-02 23:12:33.023  INFO 75568 --- [    Test worker] tourGuide.service.TourGuideService       : Track Location for user internalUser3105
2022-10-02 23:12:33.023  INFO 75568 --- [pool-7-thread-1] tourGuide.service.TourGuideService       : Track Location for user internalUser9463
2022-10-02 23:12:33.023  INFO 75568 --- [    Test worker] tourGuide.service.TourGuideService       : Track Location for user internalUser4436
2022-10-02 23:12:33.023  INFO 75568 --- [pool-7-thread-1] tourGuide.service.TourGuideService       : Track Location for user internalUser8133
2022-10-02 23:12:33.024  INFO 75568 --- [    Test worker] tourGuide.service.TourGuideService       : Track Location for user internalUser5766
2022-10-02 23:12:33.024  INFO 75568 --- [pool-7-thread-1] tourGuide.service.TourGuideService       : Track Location for user internalUser9464
2022-10-02 23:12:33.024  INFO 75568 --- [    Test worker] tourGuide.service.TourGuideService       : Track Location for user internalUser3106
2022-10-02 23:12:33.024  INFO 75568 --- [pool-7-thread-1] tourGuide.service.TourGuideService       : Track Location for user internalUser288
2022-10-02 23:12:33.024  INFO 75568 --- [    Test worker] tourGuide.service.TourGuideService       : Track Location for user internalUser4437
2022-10-02 23:12:33.024  INFO 75568 --- [pool-7-thread-1] tourGuide.service.TourGuideService       : Track Location for user internalUser8138
2022-10-02 23:12:33.024  INFO 75568 --- [    Test worker] tourGuide.service.TourGuideService       : Track Location for user internalUser5769
2022-10-02 23:12:33.024  INFO 75568 --- [pool-7-thread-1] tourGuide.service.TourGuideService       : Track Location for user internalUser9469
2022-10-02 23:12:33.025  INFO 75568 --- [    Test worker] tourGuide.service.TourGuideService       : Track Location for user internalUser3107
2022-10-02 23:12:33.025  INFO 75568 --- [pool-7-thread-1] tourGuide.service.TourGuideService       : Track Location for user internalUser289
2022-10-02 23:12:33.025  INFO 75568 --- [    Test worker] tourGuide.service.TourGuideService       : Track Location for user internalUser4438
2022-10-02 23:12:33.025  INFO 75568 --- [pool-7-thread-1] tourGuide.service.TourGuideService       : Track Location for user internalUser8139
2022-10-02 23:12:33.025  INFO 75568 --- [    Test worker] tourGuide.service.TourGuideService       : Track Location for user internalUser5768
2022-10-02 23:12:33.025  INFO 75568 --- [pool-7-thread-1] tourGuide.service.TourGuideService       : Track Location for user internalUser286
2022-10-02 23:12:33.025  INFO 75568 --- [    Test worker] tourGuide.service.TourGuideService       : Track Location for user internalUser3108
2022-10-02 23:12:33.025  INFO 75568 --- [pool-7-thread-1] tourGuide.service.TourGuideService       : Track Location for user internalUser8136
2022-10-02 23:12:33.026  INFO 75568 --- [    Test worker] tourGuide.service.TourGuideService       : Track Location for user internalUser4439
2022-10-02 23:12:33.026  INFO 75568 --- [pool-7-thread-1] tourGuide.service.TourGuideService       : Track Location for user internalUser9467
2022-10-02 23:12:33.026  INFO 75568 --- [    Test worker] tourGuide.service.TourGuideService       : Track Location for user internalUser3109
2022-10-02 23:12:33.026  INFO 75568 --- [pool-7-thread-1] tourGuide.service.TourGuideService       : Track Location for user internalUser287
2022-10-02 23:12:33.026  INFO 75568 --- [    Test worker] tourGuide.service.TourGuideService       : Track Location for user internalUser5761
2022-10-02 23:12:33.026  INFO 75568 --- [pool-7-thread-1] tourGuide.service.TourGuideService       : Track Location for user internalUser8137
2022-10-02 23:12:33.027  INFO 75568 --- [    Test worker] tourGuide.service.TourGuideService       : Track Location for user internalUser4430
2022-10-02 23:12:33.027  INFO 75568 --- [pool-7-thread-1] tourGuide.service.TourGuideService       : Track Location for user internalUser9468
2022-10-02 23:12:33.027  INFO 75568 --- [    Test worker] tourGuide.service.TourGuideService       : Track Location for user internalUser5760
2022-10-02 23:12:33.027  INFO 75568 --- [pool-7-thread-1] tourGuide.service.TourGuideService       : Track Location for user internalUser8141
2022-10-02 23:12:33.027  INFO 75568 --- [    Test worker] tourGuide.service.TourGuideService       : Track Location for user internalUser3100
2022-10-02 23:12:33.027  INFO 75568 --- [pool-7-thread-1] tourGuide.service.TourGuideService       : Track Location for user internalUser9472
2022-10-02 23:12:33.027  INFO 75568 --- [    Test worker] tourGuide.service.TourGuideService       : Track Location for user internalUser4431
2022-10-02 23:12:33.028  INFO 75568 --- [pool-7-thread-1] tourGuide.service.TourGuideService       : Track Location for user internalUser8142
2022-10-02 23:12:33.028  INFO 75568 --- [    Test worker] tourGuide.service.TourGuideService       : Track Location for user internalUser5763
2022-10-02 23:12:33.028  INFO 75568 --- [pool-7-thread-1] tourGuide.service.TourGuideService       : Track Location for user internalUser9473
2022-10-02 23:12:33.028  INFO 75568 --- [    Test worker] tourGuide.service.TourGuideService       : Track Location for user internalUser3101
2022-10-02 23:12:33.028  INFO 75568 --- [    Test worker] tourGuide.service.TourGuideService       : Track Location for user internalUser4432
2022-10-02 23:12:33.028  INFO 75568 --- [pool-7-thread-1] tourGuide.service.TourGuideService       : Track Location for user internalUser9470
2022-10-02 23:12:33.028  INFO 75568 --- [    Test worker] tourGuide.service.TourGuideService       : Track Location for user internalUser5762
2022-10-02 23:12:33.029  INFO 75568 --- [pool-7-thread-1] tourGuide.service.TourGuideService       : Track Location for user internalUser8140
2022-10-02 23:12:33.029  INFO 75568 --- [    Test worker] tourGuide.service.TourGuideService       : Track Location for user internalUser3113
2022-10-02 23:12:33.029  INFO 75568 --- [pool-7-thread-1] tourGuide.service.TourGuideService       : Track Location for user internalUser9471
2022-10-02 23:12:33.029  INFO 75568 --- [    Test worker] tourGuide.service.TourGuideService       : Track Location for user internalUser4444
2022-10-02 23:12:33.029  INFO 75568 --- [pool-7-thread-1] tourGuide.service.TourGuideService       : Track Location for user internalUser295
2022-10-02 23:12:33.029  INFO 75568 --- [    Test worker] tourGuide.service.TourGuideService       : Track Location for user internalUser5776
2022-10-02 23:12:33.029  INFO 75568 --- [pool-7-thread-1] tourGuide.service.TourGuideService       : Track Location for user internalUser296
2022-10-02 23:12:33.029  INFO 75568 --- [    Test worker] tourGuide.service.TourGuideService       : Track Location for user internalUser3114
2022-10-02 23:12:33.030  INFO 75568 --- [pool-7-thread-1] tourGuide.service.TourGuideService       : Track Location for user internalUser293
2022-10-02 23:12:33.030  INFO 75568 --- [    Test worker] tourGuide.service.TourGuideService       : Track Location for user internalUser4445
2022-10-02 23:12:33.030  INFO 75568 --- [    Test worker] tourGuide.service.TourGuideService       : Track Location for user internalUser5775
2022-10-02 23:12:33.030  INFO 75568 --- [pool-7-thread-1] tourGuide.service.TourGuideService       : Track Location for user internalUser294
2022-10-02 23:12:33.030  INFO 75568 --- [    Test worker] tourGuide.service.TourGuideService       : Track Location for user internalUser3115
2022-10-02 23:12:33.030  INFO 75568 --- [pool-7-thread-1] tourGuide.service.TourGuideService       : Track Location for user internalUser291
2022-10-02 23:12:33.031  INFO 75568 --- [    Test worker] tourGuide.service.TourGuideService       : Track Location for user internalUser4446
2022-10-02 23:12:33.031  INFO 75568 --- [pool-7-thread-1] tourGuide.service.TourGuideService       : Track Location for user internalUser292
2022-10-02 23:12:33.031  INFO 75568 --- [    Test worker] tourGuide.service.TourGuideService       : Track Location for user internalUser5778
2022-10-02 23:12:33.031  INFO 75568 --- [pool-7-thread-1] tourGuide.service.TourGuideService       : Track Location for user internalUser290
2022-10-02 23:12:33.031  INFO 75568 --- [    Test worker] tourGuide.service.TourGuideService       : Track Location for user internalUser3116
2022-10-02 23:12:33.031  INFO 75568 --- [pool-7-thread-1] tourGuide.service.TourGuideService       : Track Location for user internalUser8145
2022-10-02 23:12:33.031  INFO 75568 --- [    Test worker] tourGuide.service.TourGuideService       : Track Location for user internalUser4447
2022-10-02 23:12:33.032  INFO 75568 --- [pool-7-thread-1] tourGuide.service.TourGuideService       : Track Location for user internalUser9476
2022-10-02 23:12:33.032  INFO 75568 --- [    Test worker] tourGuide.service.TourGuideService       : Track Location for user internalUser5777
2022-10-02 23:12:33.032  INFO 75568 --- [pool-7-thread-1] tourGuide.service.TourGuideService       : Track Location for user internalUser8146
2022-10-02 23:12:33.032  INFO 75568 --- [    Test worker] tourGuide.service.TourGuideService       : Track Location for user internalUser3117
2022-10-02 23:12:33.032  INFO 75568 --- [pool-7-thread-1] tourGuide.service.TourGuideService       : Track Location for user internalUser9477
2022-10-02 23:12:33.032  INFO 75568 --- [    Test worker] tourGuide.service.TourGuideService       : Track Location for user internalUser4448
2022-10-02 23:12:33.033  INFO 75568 --- [pool-7-thread-1] tourGuide.service.TourGuideService       : Track Location for user internalUser8143
2022-10-02 23:12:33.034  INFO 75568 --- [pool-7-thread-1] tourGuide.service.TourGuideService       : Track Location for user internalUser9474
2022-10-02 23:12:33.034  INFO 75568 --- [pool-7-thread-1] tourGuide.service.TourGuideService       : Track Location for user internalUser8144
2022-10-02 23:12:33.034  INFO 75568 --- [pool-7-thread-1] tourGuide.service.TourGuideService       : Track Location for user internalUser9475
2022-10-02 23:12:33.034  INFO 75568 --- [pool-7-thread-1] tourGuide.service.TourGuideService       : Track Location for user internalUser299
2022-10-02 23:12:33.034  INFO 75568 --- [    Test worker] tourGuide.service.TourGuideService       : Track Location for user internalUser3118
2022-10-02 23:12:33.035  INFO 75568 --- [    Test worker] tourGuide.service.TourGuideService       : Track Location for user internalUser4449
2022-10-02 23:12:33.035  INFO 75568 --- [    Test worker] tourGuide.service.TourGuideService       : Track Location for user internalUser5779
2022-10-02 23:12:33.035  INFO 75568 --- [    Test worker] tourGuide.service.TourGuideService       : Track Location for user internalUser3119
2022-10-02 23:12:33.035  INFO 75568 --- [    Test worker] tourGuide.service.TourGuideService       : Track Location for user internalUser5770
2022-10-02 23:12:33.034  INFO 75568 --- [pool-7-thread-1] tourGuide.service.TourGuideService       : Track Location for user internalUser8149
2022-10-02 23:12:33.036  INFO 75568 --- [    Test worker] tourGuide.service.TourGuideService       : Track Location for user internalUser4440
2022-10-02 23:12:33.036  INFO 75568 --- [pool-7-thread-1] tourGuide.service.TourGuideService       : Track Location for user internalUser297
2022-10-02 23:12:33.037  INFO 75568 --- [pool-7-thread-1] tourGuide.service.TourGuideService       : Track Location for user internalUser8147
2022-10-02 23:12:33.038  INFO 75568 --- [    Test worker] tourGuide.service.TourGuideService       : Track Location for user internalUser5772
2022-10-02 23:12:33.038  INFO 75568 --- [    Test worker] tourGuide.service.TourGuideService       : Track Location for user internalUser3110
2022-10-02 23:12:33.038  INFO 75568 --- [    Test worker] tourGuide.service.TourGuideService       : Track Location for user internalUser4441
2022-10-02 23:12:33.038  INFO 75568 --- [    Test worker] tourGuide.service.TourGuideService       : Track Location for user internalUser5771
2022-10-02 23:12:33.038  INFO 75568 --- [    Test worker] tourGuide.service.TourGuideService       : Track Location for user internalUser3111
2022-10-02 23:12:33.039  INFO 75568 --- [    Test worker] tourGuide.service.TourGuideService       : Track Location for user internalUser4442
2022-10-02 23:12:33.039  INFO 75568 --- [    Test worker] tourGuide.service.TourGuideService       : Track Location for user internalUser5774
2022-10-02 23:12:33.039  INFO 75568 --- [    Test worker] tourGuide.service.TourGuideService       : Track Location for user internalUser3112
2022-10-02 23:12:33.039  INFO 75568 --- [    Test worker] tourGuide.service.TourGuideService       : Track Location for user internalUser4443
2022-10-02 23:12:33.041  INFO 75568 --- [    Test worker] tourGuide.service.TourGuideService       : Track Location for user internalUser5773
2022-10-02 23:12:33.042  INFO 75568 --- [    Test worker] tourGuide.service.TourGuideService       : Track Location for user internalUser3168
2022-10-02 23:12:33.042  INFO 75568 --- [    Test worker] tourGuide.service.TourGuideService       : Track Location for user internalUser4499
2022-10-02 23:12:33.043  INFO 75568 --- [    Test worker] tourGuide.service.TourGuideService       : Track Location for user internalUser3169
2022-10-02 23:12:33.043  INFO 75568 --- [    Test worker] tourGuide.service.TourGuideService       : Track Location for user internalUser3160
2022-10-02 23:12:33.043  INFO 75568 --- [pool-7-thread-1] tourGuide.service.TourGuideService       : Track Location for user internalUser9478
2022-10-02 23:12:33.044  INFO 75568 --- [    Test worker] tourGuide.service.TourGuideService       : Track Location for user internalUser4491
2022-10-02 23:12:33.045  INFO 75568 --- [pool-7-thread-1] tourGuide.service.TourGuideService       : Track Location for user internalUser298
2022-10-02 23:12:33.045  INFO 75568 --- [    Test worker] tourGuide.service.TourGuideService       : Track Location for user internalUser3161
2022-10-02 23:12:33.045  INFO 75568 --- [    Test worker] tourGuide.service.TourGuideService       : Track Location for user internalUser4492
2022-10-02 23:12:33.045  INFO 75568 --- [    Test worker] tourGuide.service.TourGuideService       : Track Location for user internalUser3162
2022-10-02 23:12:33.046  INFO 75568 --- [    Test worker] tourGuide.service.TourGuideService       : Track Location for user internalUser4493
2022-10-02 23:12:33.046  INFO 75568 --- [    Test worker] tourGuide.service.TourGuideService       : Track Location for user internalUser3163
2022-10-02 23:12:33.046  INFO 75568 --- [    Test worker] tourGuide.service.TourGuideService       : Track Location for user internalUser4494
2022-10-02 23:12:33.046  INFO 75568 --- [pool-7-thread-1] tourGuide.service.TourGuideService       : Track Location for user internalUser8148
2022-10-02 23:12:33.046  INFO 75568 --- [    Test worker] tourGuide.service.TourGuideService       : Track Location for user internalUser3164
2022-10-02 23:12:33.047  INFO 75568 --- [pool-7-thread-1] tourGuide.service.TourGuideService       : Track Location for user internalUser9479
2022-10-02 23:12:33.047  INFO 75568 --- [    Test worker] tourGuide.service.TourGuideService       : Track Location for user internalUser4495
2022-10-02 23:12:33.047  INFO 75568 --- [    Test worker] tourGuide.service.TourGuideService       : Track Location for user internalUser3165
2022-10-02 23:12:33.048  INFO 75568 --- [pool-7-thread-1] tourGuide.service.TourGuideService       : Track Location for user internalUser9480
2022-10-02 23:12:33.048  INFO 75568 --- [    Test worker] tourGuide.service.TourGuideService       : Track Location for user internalUser4496
2022-10-02 23:12:33.048  INFO 75568 --- [pool-7-thread-1] tourGuide.service.TourGuideService       : Track Location for user internalUser8152
2022-10-02 23:12:33.048  INFO 75568 --- [    Test worker] tourGuide.service.TourGuideService       : Track Location for user internalUser3166
2022-10-02 23:12:33.048  INFO 75568 --- [pool-7-thread-1] tourGuide.service.TourGuideService       : Track Location for user internalUser9483
2022-10-02 23:12:33.048  INFO 75568 --- [    Test worker] tourGuide.service.TourGuideService       : Track Location for user internalUser4497
2022-10-02 23:12:33.049  INFO 75568 --- [pool-7-thread-1] tourGuide.service.TourGuideService       : Track Location for user internalUser8153
2022-10-02 23:12:33.049  INFO 75568 --- [    Test worker] tourGuide.service.TourGuideService       : Track Location for user internalUser3167
2022-10-02 23:12:33.049  INFO 75568 --- [pool-7-thread-1] tourGuide.service.TourGuideService       : Track Location for user internalUser9484
2022-10-02 23:12:33.049  INFO 75568 --- [    Test worker] tourGuide.service.TourGuideService       : Track Location for user internalUser4498
2022-10-02 23:12:33.049  INFO 75568 --- [pool-7-thread-1] tourGuide.service.TourGuideService       : Track Location for user internalUser8150
2022-10-02 23:12:33.049  INFO 75568 --- [    Test worker] tourGuide.service.TourGuideService       : Track Location for user internalUser3170
2022-10-02 23:12:33.050  INFO 75568 --- [pool-7-thread-1] tourGuide.service.TourGuideService       : Track Location for user internalUser9481
2022-10-02 23:12:33.050  INFO 75568 --- [    Test worker] tourGuide.service.TourGuideService       : Track Location for user internalUser3179
2022-10-02 23:12:33.051  INFO 75568 --- [    Test worker] tourGuide.service.TourGuideService       : Track Location for user internalUser3171
2022-10-02 23:12:33.051  INFO 75568 --- [pool-7-thread-1] tourGuide.service.TourGuideService       : Track Location for user internalUser8151
2022-10-02 23:12:33.051  INFO 75568 --- [    Test worker] tourGuide.service.TourGuideService       : Track Location for user internalUser3172
2022-10-02 23:12:33.052  INFO 75568 --- [    Test worker] tourGuide.service.TourGuideService       : Track Location for user internalUser3173
2022-10-02 23:12:33.052  INFO 75568 --- [pool-7-thread-1] tourGuide.service.TourGuideService       : Track Location for user internalUser9482
2022-10-02 23:12:33.052  INFO 75568 --- [    Test worker] tourGuide.service.TourGuideService       : Track Location for user internalUser3174
2022-10-02 23:12:33.052  INFO 75568 --- [    Test worker] tourGuide.service.TourGuideService       : Track Location for user internalUser3175
2022-10-02 23:12:33.052  INFO 75568 --- [    Test worker] tourGuide.service.TourGuideService       : Track Location for user internalUser3176
2022-10-02 23:12:33.053  INFO 75568 --- [pool-7-thread-1] tourGuide.service.TourGuideService       : Track Location for user internalUser8118
2022-10-02 23:12:33.053  INFO 75568 --- [    Test worker] tourGuide.service.TourGuideService       : Track Location for user internalUser3177
2022-10-02 23:12:33.053  INFO 75568 --- [pool-7-thread-1] tourGuide.service.TourGuideService       : Track Location for user internalUser9449
2022-10-02 23:12:33.054  INFO 75568 --- [    Test worker] tourGuide.service.TourGuideService       : Track Location for user internalUser3178
2022-10-02 23:12:33.055  INFO 75568 --- [    Test worker] tourGuide.service.TourGuideService       : Track Location for user internalUser3180
2022-10-02 23:12:33.055  INFO 75568 --- [    Test worker] tourGuide.service.TourGuideService       : Track Location for user internalUser3181
2022-10-02 23:12:33.055  INFO 75568 --- [    Test worker] tourGuide.service.TourGuideService       : Track Location for user internalUser3146
2022-10-02 23:12:33.055  INFO 75568 --- [    Test worker] tourGuide.service.TourGuideService       : Track Location for user internalUser4477
2022-10-02 23:12:33.055  INFO 75568 --- [pool-7-thread-1] tourGuide.service.TourGuideService       : Track Location for user internalUser8119
2022-10-02 23:12:33.056  INFO 75568 --- [pool-7-thread-1] tourGuide.service.TourGuideService       : Track Location for user internalUser8112
2022-10-02 23:12:33.056  INFO 75568 --- [pool-7-thread-1] tourGuide.service.TourGuideService       : Track Location for user internalUser9443
2022-10-02 23:12:33.056  INFO 75568 --- [pool-7-thread-1] tourGuide.service.TourGuideService       : Track Location for user internalUser8113
2022-10-02 23:12:33.056  INFO 75568 --- [pool-7-thread-1] tourGuide.service.TourGuideService       : Track Location for user internalUser9444
2022-10-02 23:12:33.056  INFO 75568 --- [pool-7-thread-1] tourGuide.service.TourGuideService       : Track Location for user internalUser8110
2022-10-02 23:12:33.058  INFO 75568 --- [pool-7-thread-1] tourGuide.service.TourGuideService       : Track Location for user internalUser9441
2022-10-02 23:12:33.061  INFO 75568 --- [    Test worker] tourGuide.service.TourGuideService       : Track Location for user internalUser3147
2022-10-02 23:12:33.061  INFO 75568 --- [    Test worker] tourGuide.service.TourGuideService       : Track Location for user internalUser4478
2022-10-02 23:12:33.062  INFO 75568 --- [    Test worker] tourGuide.service.TourGuideService       : Track Location for user internalUser3148
2022-10-02 23:12:33.063  INFO 75568 --- [    Test worker] tourGuide.service.TourGuideService       : Track Location for user internalUser4479
2022-10-02 23:12:33.064  INFO 75568 --- [    Test worker] tourGuide.service.TourGuideService       : Track Location for user internalUser3149
2022-10-02 23:12:33.065  INFO 75568 --- [    Test worker] tourGuide.service.TourGuideService       : Track Location for user internalUser4470
2022-10-02 23:12:33.065  INFO 75568 --- [    Test worker] tourGuide.service.TourGuideService       : Track Location for user internalUser3140
2022-10-02 23:12:33.065  INFO 75568 --- [    Test worker] tourGuide.service.TourGuideService       : Track Location for user internalUser4471
2022-10-02 23:12:33.065  INFO 75568 --- [    Test worker] tourGuide.service.TourGuideService       : Track Location for user internalUser3141
2022-10-02 23:12:33.065  INFO 75568 --- [    Test worker] tourGuide.service.TourGuideService       : Track Location for user internalUser4472
2022-10-02 23:12:33.066  INFO 75568 --- [    Test worker] tourGuide.service.TourGuideService       : Track Location for user internalUser3142
2022-10-02 23:12:33.067  INFO 75568 --- [pool-7-thread-1] tourGuide.service.TourGuideService       : Track Location for user internalUser8111
2022-10-02 23:12:33.069  INFO 75568 --- [    Test worker] tourGuide.service.TourGuideService       : Track Location for user internalUser4473
2022-10-02 23:12:33.069  INFO 75568 --- [    Test worker] tourGuide.service.TourGuideService       : Track Location for user internalUser3143
2022-10-02 23:12:33.070  INFO 75568 --- [    Test worker] tourGuide.service.TourGuideService       : Track Location for user internalUser4474
2022-10-02 23:12:33.070  INFO 75568 --- [    Test worker] tourGuide.service.TourGuideService       : Track Location for user internalUser3144
2022-10-02 23:12:33.070  INFO 75568 --- [pool-7-thread-1] tourGuide.service.TourGuideService       : Track Location for user internalUser9442
2022-10-02 23:12:33.070  INFO 75568 --- [    Test worker] tourGuide.service.TourGuideService       : Track Location for user internalUser4475
2022-10-02 23:12:33.070  INFO 75568 --- [    Test worker] tourGuide.service.TourGuideService       : Track Location for user internalUser3145
2022-10-02 23:12:33.071  INFO 75568 --- [    Test worker] tourGuide.service.TourGuideService       : Track Location for user internalUser4476
2022-10-02 23:12:33.071  INFO 75568 --- [    Test worker] tourGuide.service.TourGuideService       : Track Location for user internalUser3157
2022-10-02 23:12:33.071  INFO 75568 --- [    Test worker] tourGuide.service.TourGuideService       : Track Location for user internalUser4488
2022-10-02 23:12:33.071  INFO 75568 --- [    Test worker] tourGuide.service.TourGuideService       : Track Location for user internalUser3158
2022-10-02 23:12:33.072  INFO 75568 --- [    Test worker] tourGuide.service.TourGuideService       : Track Location for user internalUser4489
2022-10-02 23:12:33.072  INFO 75568 --- [pool-7-thread-1] tourGuide.service.TourGuideService       : Track Location for user internalUser8116
2022-10-02 23:12:33.072  INFO 75568 --- [pool-7-thread-1] tourGuide.service.TourGuideService       : Track Location for user internalUser9447
2022-10-02 23:12:33.072  INFO 75568 --- [pool-7-thread-1] tourGuide.service.TourGuideService       : Track Location for user internalUser8117
2022-10-02 23:12:33.073  INFO 75568 --- [pool-7-thread-1] tourGuide.service.TourGuideService       : Track Location for user internalUser9448
2022-10-02 23:12:33.073  INFO 75568 --- [pool-7-thread-1] tourGuide.service.TourGuideService       : Track Location for user internalUser8114
2022-10-02 23:12:33.073  INFO 75568 --- [pool-7-thread-1] tourGuide.service.TourGuideService       : Track Location for user internalUser9445
2022-10-02 23:12:33.073  INFO 75568 --- [    Test worker] tourGuide.service.TourGuideService       : Track Location for user internalUser3159
2022-10-02 23:12:33.073  INFO 75568 --- [    Test worker] tourGuide.service.TourGuideService       : Track Location for user internalUser4480
2022-10-02 23:12:33.073  INFO 75568 --- [    Test worker] tourGuide.service.TourGuideService       : Track Location for user internalUser3150
2022-10-02 23:12:33.074  INFO 75568 --- [    Test worker] tourGuide.service.TourGuideService       : Track Location for user internalUser4481
2022-10-02 23:12:33.074  INFO 75568 --- [    Test worker] tourGuide.service.TourGuideService       : Track Location for user internalUser3151
2022-10-02 23:12:33.074  INFO 75568 --- [    Test worker] tourGuide.service.TourGuideService       : Track Location for user internalUser4482
2022-10-02 23:12:33.074  INFO 75568 --- [    Test worker] tourGuide.service.TourGuideService       : Track Location for user internalUser3152
2022-10-02 23:12:33.074  INFO 75568 --- [    Test worker] tourGuide.service.TourGuideService       : Track Location for user internalUser4483
2022-10-02 23:12:33.075  INFO 75568 --- [    Test worker] tourGuide.service.TourGuideService       : Track Location for user internalUser3153
2022-10-02 23:12:33.075  INFO 75568 --- [    Test worker] tourGuide.service.TourGuideService       : Track Location for user internalUser4484
2022-10-02 23:12:33.075  INFO 75568 --- [    Test worker] tourGuide.service.TourGuideService       : Track Location for user internalUser3154
2022-10-02 23:12:33.075  INFO 75568 --- [    Test worker] tourGuide.service.TourGuideService       : Track Location for user internalUser4485
2022-10-02 23:12:33.078  INFO 75568 --- [pool-7-thread-1] tourGuide.service.TourGuideService       : Track Location for user internalUser8115
2022-10-02 23:12:33.078  INFO 75568 --- [pool-7-thread-1] tourGuide.service.TourGuideService       : Track Location for user internalUser9446
2022-10-02 23:12:33.078  INFO 75568 --- [pool-7-thread-1] tourGuide.service.TourGuideService       : Track Location for user internalUser9450
2022-10-02 23:12:33.079  INFO 75568 --- [pool-7-thread-1] tourGuide.service.TourGuideService       : Track Location for user internalUser8120
2022-10-02 23:12:33.079  INFO 75568 --- [pool-7-thread-1] tourGuide.service.TourGuideService       : Track Location for user internalUser9451
2022-10-02 23:12:33.079  INFO 75568 --- [pool-7-thread-1] tourGuide.service.TourGuideService       : Track Location for user internalUser8129
2022-10-02 23:12:33.080  INFO 75568 --- [pool-7-thread-1] tourGuide.service.TourGuideService       : Track Location for user internalUser8123
2022-10-02 23:12:33.081  INFO 75568 --- [    Test worker] tourGuide.service.TourGuideService       : Track Location for user internalUser3155
2022-10-02 23:12:33.082  INFO 75568 --- [    Test worker] tourGuide.service.TourGuideService       : Track Location for user internalUser4486
2022-10-02 23:12:33.082  INFO 75568 --- [pool-7-thread-1] tourGuide.service.TourGuideService       : Track Location for user internalUser9454
2022-10-02 23:12:33.083  INFO 75568 --- [    Test worker] tourGuide.service.TourGuideService       : Track Location for user internalUser3156
2022-10-02 23:12:33.083  INFO 75568 --- [    Test worker] tourGuide.service.TourGuideService       : Track Location for user internalUser4487
2022-10-02 23:12:33.083  INFO 75568 --- [pool-7-thread-1] tourGuide.service.TourGuideService       : Track Location for user internalUser8124
2022-10-02 23:12:33.084  INFO 75568 --- [pool-7-thread-1] tourGuide.service.TourGuideService       : Track Location for user internalUser9455
2022-10-02 23:12:33.084  INFO 75568 --- [pool-7-thread-1] tourGuide.service.TourGuideService       : Track Location for user internalUser8121
2022-10-02 23:12:33.085  INFO 75568 --- [pool-7-thread-1] tourGuide.service.TourGuideService       : Track Location for user internalUser9452
2022-10-02 23:12:33.085  INFO 75568 --- [pool-7-thread-1] tourGuide.service.TourGuideService       : Track Location for user internalUser8122
2022-10-02 23:12:33.085  INFO 75568 --- [pool-7-thread-1] tourGuide.service.TourGuideService       : Track Location for user internalUser9453
2022-10-02 23:12:33.086  INFO 75568 --- [pool-7-thread-1] tourGuide.service.TourGuideService       : Track Location for user internalUser8127
2022-10-02 23:12:33.086  INFO 75568 --- [pool-7-thread-1] tourGuide.service.TourGuideService       : Track Location for user internalUser9458
2022-10-02 23:12:33.086  INFO 75568 --- [    Test worker] tourGuide.service.TourGuideService       : Track Location for user internalUser4490
2022-10-02 23:12:33.086  INFO 75568 --- [pool-7-thread-1] tourGuide.service.TourGuideService       : Track Location for user internalUser8128
2022-10-02 23:12:33.087  INFO 75568 --- [pool-7-thread-1] tourGuide.service.TourGuideService       : Track Location for user internalUser9459
2022-10-02 23:12:33.087  INFO 75568 --- [    Test worker] tourGuide.service.TourGuideService       : Track Location for user internalUser5701
2022-10-02 23:12:33.087  INFO 75568 --- [pool-7-thread-1] tourGuide.service.TourGuideService       : Track Location for user internalUser8125
2022-10-02 23:12:33.087  INFO 75568 --- [    Test worker] tourGuide.service.TourGuideService       : Track Location for user internalUser5700
2022-10-02 23:12:33.087  INFO 75568 --- [pool-7-thread-1] tourGuide.service.TourGuideService       : Track Location for user internalUser9456
2022-10-02 23:12:33.088  INFO 75568 --- [    Test worker] tourGuide.service.TourGuideService       : Track Location for user internalUser5703
2022-10-02 23:12:33.088  INFO 75568 --- [pool-7-thread-1] tourGuide.service.TourGuideService       : Track Location for user internalUser8126
2022-10-02 23:12:33.088  INFO 75568 --- [pool-7-thread-1] tourGuide.service.TourGuideService       : Track Location for user internalUser9457
2022-10-02 23:12:33.088  INFO 75568 --- [pool-7-thread-1] tourGuide.service.TourGuideService       : Track Location for user internalUser8130
2022-10-02 23:12:33.089  INFO 75568 --- [    Test worker] tourGuide.service.TourGuideService       : Track Location for user internalUser5702
2022-10-02 23:12:33.089  INFO 75568 --- [pool-7-thread-1] tourGuide.service.TourGuideService       : Track Location for user internalUser9461
2022-10-02 23:12:33.089  INFO 75568 --- [pool-7-thread-1] tourGuide.service.TourGuideService       : Track Location for user internalUser8131
2022-10-02 23:12:33.089  INFO 75568 --- [    Test worker] tourGuide.service.TourGuideService       : Track Location for user internalUser5705
2022-10-02 23:12:33.090  INFO 75568 --- [pool-7-thread-1] tourGuide.service.TourGuideService       : Track Location for user internalUser9462
2022-10-02 23:12:33.090  INFO 75568 --- [    Test worker] tourGuide.service.TourGuideService       : Track Location for user internalUser5704
2022-10-02 23:12:33.090  INFO 75568 --- [    Test worker] tourGuide.service.TourGuideService       : Track Location for user internalUser5707
2022-10-02 23:12:33.090  INFO 75568 --- [pool-7-thread-1] tourGuide.service.TourGuideService       : Track Location for user internalUser9460
2022-10-02 23:12:33.090  INFO 75568 --- [    Test worker] tourGuide.service.TourGuideService       : Track Location for user internalUser5706
2022-10-02 23:12:33.091  INFO 75568 --- [pool-7-thread-1] tourGuide.service.TourGuideService       : Track Location for user internalUser240
2022-10-02 23:12:33.091  INFO 75568 --- [    Test worker] tourGuide.service.TourGuideService       : Track Location for user internalUser5709
2022-10-02 23:12:33.092  INFO 75568 --- [    Test worker] tourGuide.service.TourGuideService       : Track Location for user internalUser5708
2022-10-02 23:12:33.092  INFO 75568 --- [pool-7-thread-1] tourGuide.service.TourGuideService       : Track Location for user internalUser241
2022-10-02 23:12:33.093  INFO 75568 --- [    Test worker] tourGuide.service.TourGuideService       : Track Location for user internalUser5710
2022-10-02 23:12:33.094  INFO 75568 --- [pool-7-thread-1] tourGuide.service.TourGuideService       : Track Location for user internalUser5901
2022-10-02 23:12:33.094  INFO 75568 --- [    Test worker] tourGuide.service.TourGuideService       : Track Location for user internalUser5712
2022-10-02 23:12:33.094  INFO 75568 --- [    Test worker] tourGuide.service.TourGuideService       : Track Location for user internalUser5711
2022-10-02 23:12:33.095  INFO 75568 --- [    Test worker] tourGuide.service.TourGuideService       : Track Location for user internalUser5714
2022-10-02 23:12:33.095  INFO 75568 --- [    Test worker] tourGuide.service.TourGuideService       : Track Location for user internalUser5713
2022-10-02 23:12:33.095  INFO 75568 --- [pool-7-thread-1] tourGuide.service.TourGuideService       : Track Location for user internalUser5900
2022-10-02 23:12:33.095  INFO 75568 --- [pool-7-thread-1] tourGuide.service.TourGuideService       : Track Location for user internalUser5903
2022-10-02 23:12:33.095  INFO 75568 --- [pool-7-thread-1] tourGuide.service.TourGuideService       : Track Location for user internalUser5902
2022-10-02 23:12:33.096  INFO 75568 --- [pool-7-thread-1] tourGuide.service.TourGuideService       : Track Location for user internalUser248
2022-10-02 23:12:33.096  INFO 75568 --- [pool-7-thread-1] tourGuide.service.TourGuideService       : Track Location for user internalUser8178
2022-10-02 23:12:33.096  INFO 75568 --- [pool-7-thread-1] tourGuide.service.TourGuideService       : Track Location for user internalUser249
2022-10-02 23:12:33.096  INFO 75568 --- [pool-7-thread-1] tourGuide.service.TourGuideService       : Track Location for user internalUser8179
2022-10-02 23:12:33.096  INFO 75568 --- [pool-7-thread-1] tourGuide.service.TourGuideService       : Track Location for user internalUser246
2022-10-02 23:12:33.097  INFO 75568 --- [pool-7-thread-1] tourGuide.service.TourGuideService       : Track Location for user internalUser8176
2022-10-02 23:12:33.097  INFO 75568 --- [pool-7-thread-1] tourGuide.service.TourGuideService       : Track Location for user internalUser247
2022-10-02 23:12:33.097  INFO 75568 --- [pool-7-thread-1] tourGuide.service.TourGuideService       : Track Location for user internalUser8177
2022-10-02 23:12:33.097  INFO 75568 --- [pool-7-thread-1] tourGuide.service.TourGuideService       : Track Location for user internalUser244
2022-10-02 23:12:33.097  INFO 75568 --- [pool-7-thread-1] tourGuide.service.TourGuideService       : Track Location for user internalUser245
2022-10-02 23:12:33.098  INFO 75568 --- [pool-7-thread-1] tourGuide.service.TourGuideService       : Track Location for user internalUser242
2022-10-02 23:12:33.098  INFO 75568 --- [pool-7-thread-1] tourGuide.service.TourGuideService       : Track Location for user internalUser243
2022-10-02 23:12:33.098  INFO 75568 --- [pool-7-thread-1] tourGuide.service.TourGuideService       : Track Location for user internalUser8181
2022-10-02 23:12:33.098  INFO 75568 --- [pool-7-thread-1] tourGuide.service.TourGuideService       : Track Location for user internalUser8182
2022-10-02 23:12:33.098  INFO 75568 --- [pool-7-thread-1] tourGuide.service.TourGuideService       : Track Location for user internalUser8180
2022-10-02 23:12:33.099  INFO 75568 --- [pool-7-thread-1] tourGuide.service.TourGuideService       : Track Location for user internalUser8185
2022-10-02 23:12:33.099  INFO 75568 --- [pool-7-thread-1] tourGuide.service.TourGuideService       : Track Location for user internalUser8186
2022-10-02 23:12:33.099  INFO 75568 --- [pool-7-thread-1] tourGuide.service.TourGuideService       : Track Location for user internalUser8183
2022-10-02 23:12:33.099  INFO 75568 --- [pool-7-thread-1] tourGuide.service.TourGuideService       : Track Location for user internalUser8184
2022-10-02 23:12:33.100  INFO 75568 --- [pool-7-thread-1] tourGuide.service.TourGuideService       : Track Location for user internalUser5905
2022-10-02 23:12:33.100  INFO 75568 --- [    Test worker] tourGuide.service.TourGuideService       : Track Location for user internalUser5716
2022-10-02 23:12:33.100  INFO 75568 --- [    Test worker] tourGuide.service.TourGuideService       : Track Location for user internalUser5715
2022-10-02 23:12:33.101  INFO 75568 --- [    Test worker] tourGuide.service.TourGuideService       : Track Location for user internalUser5718
2022-10-02 23:12:33.101  INFO 75568 --- [    Test worker] tourGuide.service.TourGuideService       : Track Location for user internalUser5717
2022-10-02 23:12:33.101  INFO 75568 --- [    Test worker] tourGuide.service.TourGuideService       : Track Location for user internalUser5719
2022-10-02 23:12:33.101  INFO 75568 --- [    Test worker] tourGuide.service.TourGuideService       : Track Location for user internalUser9289
2022-10-02 23:12:33.102  INFO 75568 --- [    Test worker] tourGuide.service.TourGuideService       : Track Location for user internalUser9287
2022-10-02 23:12:33.102  INFO 75568 --- [pool-7-thread-1] tourGuide.service.TourGuideService       : Track Location for user internalUser5904
2022-10-02 23:12:33.102  INFO 75568 --- [pool-7-thread-1] tourGuide.service.TourGuideService       : Track Location for user internalUser5907
2022-10-02 23:12:33.103  INFO 75568 --- [pool-7-thread-1] tourGuide.service.TourGuideService       : Track Location for user internalUser5906
2022-10-02 23:12:33.103  INFO 75568 --- [    Test worker] tourGuide.service.TourGuideService       : Track Location for user internalUser9288
2022-10-02 23:12:33.103  INFO 75568 --- [    Test worker] tourGuide.service.TourGuideService       : Track Location for user internalUser9292
2022-10-02 23:12:33.104  INFO 75568 --- [    Test worker] tourGuide.service.TourGuideService       : Track Location for user internalUser9293
2022-10-02 23:12:33.104  INFO 75568 --- [    Test worker] tourGuide.service.TourGuideService       : Track Location for user internalUser9290
2022-10-02 23:12:33.104  INFO 75568 --- [    Test worker] tourGuide.service.TourGuideService       : Track Location for user internalUser9291
2022-10-02 23:12:33.104  INFO 75568 --- [    Test worker] tourGuide.service.TourGuideService       : Track Location for user internalUser9296
2022-10-02 23:12:33.104  INFO 75568 --- [    Test worker] tourGuide.service.TourGuideService       : Track Location for user internalUser9297
2022-10-02 23:12:33.105  INFO 75568 --- [    Test worker] tourGuide.service.TourGuideService       : Track Location for user internalUser9294
2022-10-02 23:12:33.105  INFO 75568 --- [    Test worker] tourGuide.service.TourGuideService       : Track Location for user internalUser9295
2022-10-02 23:12:33.105  INFO 75568 --- [    Test worker] tourGuide.service.TourGuideService       : Track Location for user internalUser9298
2022-10-02 23:12:33.105  INFO 75568 --- [    Test worker] tourGuide.service.TourGuideService       : Track Location for user internalUser9299
2022-10-02 23:12:33.106  INFO 75568 --- [pool-7-thread-1] tourGuide.service.TourGuideService       : Track Location for user internalUser5909
2022-10-02 23:12:33.106  INFO 75568 --- [pool-7-thread-1] tourGuide.service.TourGuideService       : Track Location for user internalUser5908
2022-10-02 23:12:33.106  INFO 75568 --- [pool-7-thread-1] tourGuide.service.TourGuideService       : Track Location for user internalUser251
2022-10-02 23:12:33.106  INFO 75568 --- [pool-7-thread-1] tourGuide.service.TourGuideService       : Track Location for user internalUser252
2022-10-02 23:12:33.106  INFO 75568 --- [pool-7-thread-1] tourGuide.service.TourGuideService       : Track Location for user internalUser5910
2022-10-02 23:12:33.106  INFO 75568 --- [pool-7-thread-1] tourGuide.service.TourGuideService       : Track Location for user internalUser250
2022-10-02 23:12:33.107  INFO 75568 --- [pool-7-thread-1] tourGuide.service.TourGuideService       : Track Location for user internalUser5912
2022-10-02 23:12:33.107  INFO 75568 --- [pool-7-thread-1] tourGuide.service.TourGuideService       : Track Location for user internalUser5911
2022-10-02 23:12:33.107  INFO 75568 --- [pool-7-thread-1] tourGuide.service.TourGuideService       : Track Location for user internalUser5914
2022-10-02 23:12:33.107  INFO 75568 --- [pool-7-thread-1] tourGuide.service.TourGuideService       : Track Location for user internalUser5913
2022-10-02 23:12:33.107  INFO 75568 --- [pool-7-thread-1] tourGuide.service.TourGuideService       : Track Location for user internalUser259
2022-10-02 23:12:33.107  INFO 75568 --- [pool-7-thread-1] tourGuide.service.TourGuideService       : Track Location for user internalUser8189
2022-10-02 23:12:33.108  INFO 75568 --- [pool-7-thread-1] tourGuide.service.TourGuideService       : Track Location for user internalUser257
2022-10-02 23:12:33.108  INFO 75568 --- [pool-7-thread-1] tourGuide.service.TourGuideService       : Track Location for user internalUser8187
2022-10-02 23:12:33.108  INFO 75568 --- [pool-7-thread-1] tourGuide.service.TourGuideService       : Track Location for user internalUser258
2022-10-02 23:12:33.108  INFO 75568 --- [pool-7-thread-1] tourGuide.service.TourGuideService       : Track Location for user internalUser8188
2022-10-02 23:12:33.108  INFO 75568 --- [pool-7-thread-1] tourGuide.service.TourGuideService       : Track Location for user internalUser255
2022-10-02 23:12:33.108  INFO 75568 --- [pool-7-thread-1] tourGuide.service.TourGuideService       : Track Location for user internalUser256
2022-10-02 23:12:33.109  INFO 75568 --- [pool-7-thread-1] tourGuide.service.TourGuideService       : Track Location for user internalUser253
2022-10-02 23:12:33.109  INFO 75568 --- [pool-7-thread-1] tourGuide.service.TourGuideService       : Track Location for user internalUser254
2022-10-02 23:12:33.109  INFO 75568 --- [pool-7-thread-1] tourGuide.service.TourGuideService       : Track Location for user internalUser8192
2022-10-02 23:12:33.110  INFO 75568 --- [    Test worker] tourGuide.service.TourGuideService       : Track Location for user internalUser4411
2022-10-02 23:12:33.110  INFO 75568 --- [pool-7-thread-1] tourGuide.service.TourGuideService       : Track Location for user internalUser8193
2022-10-02 23:12:33.110  INFO 75568 --- [pool-7-thread-1] tourGuide.service.TourGuideService       : Track Location for user internalUser8190
2022-10-02 23:12:33.110  INFO 75568 --- [pool-7-thread-1] tourGuide.service.TourGuideService       : Track Location for user internalUser8191
2022-10-02 23:12:33.111  INFO 75568 --- [pool-7-thread-1] tourGuide.service.TourGuideService       : Track Location for user internalUser8196
2022-10-02 23:12:33.111  INFO 75568 --- [pool-7-thread-1] tourGuide.service.TourGuideService       : Track Location for user internalUser8197
2022-10-02 23:12:33.111  INFO 75568 --- [pool-7-thread-1] tourGuide.service.TourGuideService       : Track Location for user internalUser8194
2022-10-02 23:12:33.111  INFO 75568 --- [pool-7-thread-1] tourGuide.service.TourGuideService       : Track Location for user internalUser8195
2022-10-02 23:12:33.113  INFO 75568 --- [pool-7-thread-1] tourGuide.service.TourGuideService       : Track Location for user internalUser5916
2022-10-02 23:12:33.113  INFO 75568 --- [pool-7-thread-1] tourGuide.service.TourGuideService       : Track Location for user internalUser5915
2022-10-02 23:12:33.113  INFO 75568 --- [    Test worker] tourGuide.service.TourGuideService       : Track Location for user internalUser5743
2022-10-02 23:12:33.113  INFO 75568 --- [pool-7-thread-1] tourGuide.service.TourGuideService       : Track Location for user internalUser5918
2022-10-02 23:12:33.113  INFO 75568 --- [    Test worker] tourGuide.service.TourGuideService       : Track Location for user internalUser4412
2022-10-02 23:12:33.114  INFO 75568 --- [pool-7-thread-1] tourGuide.service.TourGuideService       : Track Location for user internalUser5917
2022-10-02 23:12:33.114  INFO 75568 --- [    Test worker] tourGuide.service.TourGuideService       : Track Location for user internalUser5742
2022-10-02 23:12:33.114  INFO 75568 --- [pool-7-thread-1] tourGuide.service.TourGuideService       : Track Location for user internalUser5919
2022-10-02 23:12:33.114  INFO 75568 --- [    Test worker] tourGuide.service.TourGuideService       : Track Location for user internalUser4413
2022-10-02 23:12:33.115  INFO 75568 --- [    Test worker] tourGuide.service.TourGuideService       : Track Location for user internalUser5745
2022-10-02 23:12:33.115  INFO 75568 --- [    Test worker] tourGuide.service.TourGuideService       : Track Location for user internalUser4414
2022-10-02 23:12:33.115  INFO 75568 --- [    Test worker] tourGuide.service.TourGuideService       : Track Location for user internalUser5744
2022-10-02 23:12:33.115  INFO 75568 --- [    Test worker] tourGuide.service.TourGuideService       : Track Location for user internalUser4415
2022-10-02 23:12:33.116  INFO 75568 --- [pool-7-thread-1] tourGuide.service.TourGuideService       : Track Location for user internalUser262
2022-10-02 23:12:33.116  INFO 75568 --- [    Test worker] tourGuide.service.TourGuideService       : Track Location for user internalUser5747
2022-10-02 23:12:33.116  INFO 75568 --- [    Test worker] tourGuide.service.TourGuideService       : Track Location for user internalUser4416
2022-10-02 23:12:33.117  INFO 75568 --- [    Test worker] tourGuide.service.TourGuideService       : Track Location for user internalUser5746
2022-10-02 23:12:33.117  INFO 75568 --- [    Test worker] tourGuide.service.TourGuideService       : Track Location for user internalUser4417
2022-10-02 23:12:33.117  INFO 75568 --- [    Test worker] tourGuide.service.TourGuideService       : Track Location for user internalUser5749
2022-10-02 23:12:33.117  INFO 75568 --- [    Test worker] tourGuide.service.TourGuideService       : Track Location for user internalUser4418
2022-10-02 23:12:33.117  INFO 75568 --- [    Test worker] tourGuide.service.TourGuideService       : Track Location for user internalUser5748
2022-10-02 23:12:33.118  INFO 75568 --- [    Test worker] tourGuide.service.TourGuideService       : Track Location for user internalUser5741
2022-10-02 23:12:33.118  INFO 75568 --- [    Test worker] tourGuide.service.TourGuideService       : Track Location for user internalUser4410
2022-10-02 23:12:33.118  INFO 75568 --- [    Test worker] tourGuide.service.TourGuideService       : Track Location for user internalUser5740
2022-10-02 23:12:33.118  INFO 75568 --- [    Test worker] tourGuide.service.TourGuideService       : Track Location for user internalUser4419
2022-10-02 23:12:33.118  INFO 75568 --- [pool-7-thread-1] tourGuide.service.TourGuideService       : Track Location for user internalUser263
2022-10-02 23:12:33.118  INFO 75568 --- [pool-7-thread-1] tourGuide.service.TourGuideService       : Track Location for user internalUser260
2022-10-02 23:12:33.119  INFO 75568 --- [pool-7-thread-1] tourGuide.service.TourGuideService       : Track Location for user internalUser261
2022-10-02 23:12:33.119  INFO 75568 --- [pool-7-thread-1] tourGuide.service.TourGuideService       : Track Location for user internalUser8156
2022-10-02 23:12:33.119  INFO 75568 --- [pool-7-thread-1] tourGuide.service.TourGuideService       : Track Location for user internalUser9487
2022-10-02 23:12:33.119  INFO 75568 --- [    Test worker] tourGuide.service.TourGuideService       : Track Location for user internalUser4422
2022-10-02 23:12:33.119  INFO 75568 --- [pool-7-thread-1] tourGuide.service.TourGuideService       : Track Location for user internalUser8157
2022-10-02 23:12:33.119  INFO 75568 --- [pool-7-thread-1] tourGuide.service.TourGuideService       : Track Location for user internalUser9488
2022-10-02 23:12:33.120  INFO 75568 --- [pool-7-thread-1] tourGuide.service.TourGuideService       : Track Location for user internalUser268
2022-10-02 23:12:33.120  INFO 75568 --- [pool-7-thread-1] tourGuide.service.TourGuideService       : Track Location for user internalUser8154
2022-10-02 23:12:33.120  INFO 75568 --- [pool-7-thread-1] tourGuide.service.TourGuideService       : Track Location for user internalUser9485
2022-10-02 23:12:33.120  INFO 75568 --- [pool-7-thread-1] tourGuide.service.TourGuideService       : Track Location for user internalUser269
2022-10-02 23:12:33.120  INFO 75568 --- [    Test worker] tourGuide.service.TourGuideService       : Track Location for user internalUser5754
2022-10-02 23:12:33.121  INFO 75568 --- [    Test worker] tourGuide.service.TourGuideService       : Track Location for user internalUser4423
2022-10-02 23:12:33.121  INFO 75568 --- [pool-7-thread-1] tourGuide.service.TourGuideService       : Track Location for user internalUser8155
2022-10-02 23:12:33.121  INFO 75568 --- [pool-7-thread-1] tourGuide.service.TourGuideService       : Track Location for user internalUser9486
2022-10-02 23:12:33.121  INFO 75568 --- [pool-7-thread-1] tourGuide.service.TourGuideService       : Track Location for user internalUser266
2022-10-02 23:12:33.121  INFO 75568 --- [    Test worker] tourGuide.service.TourGuideService       : Track Location for user internalUser5753
2022-10-02 23:12:33.122  INFO 75568 --- [pool-7-thread-1] tourGuide.service.TourGuideService       : Track Location for user internalUser267
2022-10-02 23:12:33.122  INFO 75568 --- [    Test worker] tourGuide.service.TourGuideService       : Track Location for user internalUser4424
2022-10-02 23:12:33.122  INFO 75568 --- [pool-7-thread-1] tourGuide.service.TourGuideService       : Track Location for user internalUser264
2022-10-02 23:12:33.122  INFO 75568 --- [pool-7-thread-1] tourGuide.service.TourGuideService       : Track Location for user internalUser8158
2022-10-02 23:12:33.122  INFO 75568 --- [pool-7-thread-1] tourGuide.service.TourGuideService       : Track Location for user internalUser9489
2022-10-02 23:12:33.123  INFO 75568 --- [    Test worker] tourGuide.service.TourGuideService       : Track Location for user internalUser5756
2022-10-02 23:12:33.123  INFO 75568 --- [pool-7-thread-1] tourGuide.service.TourGuideService       : Track Location for user internalUser265
2022-10-02 23:12:33.123  INFO 75568 --- [    Test worker] tourGuide.service.TourGuideService       : Track Location for user internalUser4425
2022-10-02 23:12:33.123  INFO 75568 --- [pool-7-thread-1] tourGuide.service.TourGuideService       : Track Location for user internalUser8159
2022-10-02 23:12:33.124  INFO 75568 --- [pool-7-thread-1] tourGuide.service.TourGuideService       : Track Location for user internalUser9490
2022-10-02 23:12:33.124  INFO 75568 --- [    Test worker] tourGuide.service.TourGuideService       : Track Location for user internalUser5755
2022-10-02 23:12:33.124  INFO 75568 --- [pool-7-thread-1] tourGuide.service.TourGuideService       : Track Location for user internalUser8160
2022-10-02 23:12:33.124  INFO 75568 --- [    Test worker] tourGuide.service.TourGuideService       : Track Location for user internalUser4426
2022-10-02 23:12:33.125  INFO 75568 --- [pool-7-thread-1] tourGuide.service.TourGuideService       : Track Location for user internalUser9491
2022-10-02 23:12:33.125  INFO 75568 --- [    Test worker] tourGuide.service.TourGuideService       : Track Location for user internalUser5758
2022-10-02 23:12:33.125  INFO 75568 --- [pool-7-thread-1] tourGuide.service.TourGuideService       : Track Location for user internalUser8163
2022-10-02 23:12:33.125  INFO 75568 --- [    Test worker] tourGuide.service.TourGuideService       : Track Location for user internalUser4427
2022-10-02 23:12:33.126  INFO 75568 --- [pool-7-thread-1] tourGuide.service.TourGuideService       : Track Location for user internalUser9494
2022-10-02 23:12:33.126  INFO 75568 --- [    Test worker] tourGuide.service.TourGuideService       : Track Location for user internalUser5757
2022-10-02 23:12:33.126  INFO 75568 --- [    Test worker] tourGuide.service.TourGuideService       : Track Location for user internalUser4428
2022-10-02 23:12:33.126  INFO 75568 --- [pool-7-thread-1] tourGuide.service.TourGuideService       : Track Location for user internalUser8164
2022-10-02 23:12:33.126  INFO 75568 --- [    Test worker] tourGuide.service.TourGuideService       : Track Location for user internalUser4429
2022-10-02 23:12:33.127  INFO 75568 --- [pool-7-thread-1] tourGuide.service.TourGuideService       : Track Location for user internalUser9495
2022-10-02 23:12:33.127  INFO 75568 --- [    Test worker] tourGuide.service.TourGuideService       : Track Location for user internalUser5759
2022-10-02 23:12:33.127  INFO 75568 --- [pool-7-thread-1] tourGuide.service.TourGuideService       : Track Location for user internalUser8161
2022-10-02 23:12:33.127  INFO 75568 --- [    Test worker] tourGuide.service.TourGuideService       : Track Location for user internalUser5750
2022-10-02 23:12:33.127  INFO 75568 --- [pool-7-thread-1] tourGuide.service.TourGuideService       : Track Location for user internalUser9492
2022-10-02 23:12:33.127  INFO 75568 --- [    Test worker] tourGuide.service.TourGuideService       : Track Location for user internalUser4420
2022-10-02 23:12:33.128  INFO 75568 --- [pool-7-thread-1] tourGuide.service.TourGuideService       : Track Location for user internalUser8162
2022-10-02 23:12:33.128  INFO 75568 --- [    Test worker] tourGuide.service.TourGuideService       : Track Location for user internalUser5752
2022-10-02 23:12:33.128  INFO 75568 --- [pool-7-thread-1] tourGuide.service.TourGuideService       : Track Location for user internalUser9493
2022-10-02 23:12:33.128  INFO 75568 --- [    Test worker] tourGuide.service.TourGuideService       : Track Location for user internalUser4421
2022-10-02 23:12:33.128  INFO 75568 --- [pool-7-thread-1] tourGuide.service.TourGuideService       : Track Location for user internalUser273
2022-10-02 23:12:33.128  INFO 75568 --- [    Test worker] tourGuide.service.TourGuideService       : Track Location for user internalUser5751
2022-10-02 23:12:33.129  INFO 75568 --- [pool-7-thread-1] tourGuide.service.TourGuideService       : Track Location for user internalUser274
2022-10-02 23:12:33.129  INFO 75568 --- [    Test worker] tourGuide.service.TourGuideService       : Track Location for user internalUser5721
2022-10-02 23:12:33.129  INFO 75568 --- [    Test worker] tourGuide.service.TourGuideService       : Track Location for user internalUser5720
2022-10-02 23:12:33.129  INFO 75568 --- [pool-7-thread-1] tourGuide.service.TourGuideService       : Track Location for user internalUser271
2022-10-02 23:12:33.129  INFO 75568 --- [    Test worker] tourGuide.service.TourGuideService       : Track Location for user internalUser5723
2022-10-02 23:12:33.129  INFO 75568 --- [pool-7-thread-1] tourGuide.service.TourGuideService       : Track Location for user internalUser272
2022-10-02 23:12:33.130  INFO 75568 --- [    Test worker] tourGuide.service.TourGuideService       : Track Location for user internalUser5722
2022-10-02 23:12:33.130  INFO 75568 --- [pool-7-thread-1] tourGuide.service.TourGuideService       : Track Location for user internalUser270
2022-10-02 23:12:33.130  INFO 75568 --- [    Test worker] tourGuide.service.TourGuideService       : Track Location for user internalUser5725
2022-10-02 23:12:33.130  INFO 75568 --- [pool-7-thread-1] tourGuide.service.TourGuideService       : Track Location for user internalUser8167
2022-10-02 23:12:33.130  INFO 75568 --- [    Test worker] tourGuide.service.TourGuideService       : Track Location for user internalUser5724
2022-10-02 23:12:33.130  INFO 75568 --- [    Test worker] tourGuide.service.TourGuideService       : Track Location for user internalUser5727
2022-10-02 23:12:33.131  INFO 75568 --- [    Test worker] tourGuide.service.TourGuideService       : Track Location for user internalUser5726
2022-10-02 23:12:33.131  INFO 75568 --- [pool-7-thread-1] tourGuide.service.TourGuideService       : Track Location for user internalUser9498
2022-10-02 23:12:33.131  INFO 75568 --- [    Test worker] tourGuide.service.TourGuideService       : Track Location for user internalUser5729
2022-10-02 23:12:33.131  INFO 75568 --- [pool-7-thread-1] tourGuide.service.TourGuideService       : Track Location for user internalUser8168
2022-10-02 23:12:33.131  INFO 75568 --- [    Test worker] tourGuide.service.TourGuideService       : Track Location for user internalUser5728
2022-10-02 23:12:33.132  INFO 75568 --- [pool-7-thread-1] tourGuide.service.TourGuideService       : Track Location for user internalUser9499
2022-10-02 23:12:33.132  INFO 75568 --- [    Test worker] tourGuide.service.TourGuideService       : Track Location for user internalUser4400
2022-10-02 23:12:33.132  INFO 75568 --- [    Test worker] tourGuide.service.TourGuideService       : Track Location for user internalUser5732
2022-10-02 23:12:33.132  INFO 75568 --- [pool-7-thread-1] tourGuide.service.TourGuideService       : Track Location for user internalUser279
2022-10-02 23:12:33.133  INFO 75568 --- [    Test worker] tourGuide.service.TourGuideService       : Track Location for user internalUser4401
2022-10-02 23:12:33.133  INFO 75568 --- [pool-7-thread-1] tourGuide.service.TourGuideService       : Track Location for user internalUser8165
2022-10-02 23:12:33.133  INFO 75568 --- [    Test worker] tourGuide.service.TourGuideService       : Track Location for user internalUser5731
2022-10-02 23:12:33.133  INFO 75568 --- [pool-7-thread-1] tourGuide.service.TourGuideService       : Track Location for user internalUser9496
2022-10-02 23:12:33.133  INFO 75568 --- [    Test worker] tourGuide.service.TourGuideService       : Track Location for user internalUser4402
2022-10-02 23:12:33.133  INFO 75568 --- [pool-7-thread-1] tourGuide.service.TourGuideService       : Track Location for user internalUser8166
2022-10-02 23:12:33.134  INFO 75568 --- [    Test worker] tourGuide.service.TourGuideService       : Track Location for user internalUser5734
2022-10-02 23:12:33.134  INFO 75568 --- [pool-7-thread-1] tourGuide.service.TourGuideService       : Track Location for user internalUser9497
2022-10-02 23:12:33.134  INFO 75568 --- [    Test worker] tourGuide.service.TourGuideService       : Track Location for user internalUser4403
2022-10-02 23:12:33.134  INFO 75568 --- [pool-7-thread-1] tourGuide.service.TourGuideService       : Track Location for user internalUser277
2022-10-02 23:12:33.134  INFO 75568 --- [    Test worker] tourGuide.service.TourGuideService       : Track Location for user internalUser5733
2022-10-02 23:12:33.134  INFO 75568 --- [pool-7-thread-1] tourGuide.service.TourGuideService       : Track Location for user internalUser278
2022-10-02 23:12:33.135  INFO 75568 --- [    Test worker] tourGuide.service.TourGuideService       : Track Location for user internalUser4404
2022-10-02 23:12:33.135  INFO 75568 --- [pool-7-thread-1] tourGuide.service.TourGuideService       : Track Location for user internalUser275
2022-10-02 23:12:33.135  INFO 75568 --- [    Test worker] tourGuide.service.TourGuideService       : Track Location for user internalUser5736
2022-10-02 23:12:33.135  INFO 75568 --- [pool-7-thread-1] tourGuide.service.TourGuideService       : Track Location for user internalUser8169
2022-10-02 23:12:33.135  INFO 75568 --- [    Test worker] tourGuide.service.TourGuideService       : Track Location for user internalUser4405
2022-10-02 23:12:33.135  INFO 75568 --- [pool-7-thread-1] tourGuide.service.TourGuideService       : Track Location for user internalUser276
2022-10-02 23:12:33.135  INFO 75568 --- [    Test worker] tourGuide.service.TourGuideService       : Track Location for user internalUser5735
2022-10-02 23:12:33.136  INFO 75568 --- [pool-7-thread-1] tourGuide.service.TourGuideService       : Track Location for user internalUser8170
2022-10-02 23:12:33.136  INFO 75568 --- [pool-7-thread-1] tourGuide.service.TourGuideService       : Track Location for user internalUser8171
2022-10-02 23:12:33.136  INFO 75568 --- [    Test worker] tourGuide.service.TourGuideService       : Track Location for user internalUser4406
2022-10-02 23:12:33.136  INFO 75568 --- [pool-7-thread-1] tourGuide.service.TourGuideService       : Track Location for user internalUser8174
2022-10-02 23:12:33.136  INFO 75568 --- [    Test worker] tourGuide.service.TourGuideService       : Track Location for user internalUser5738
2022-10-02 23:12:33.136  INFO 75568 --- [pool-7-thread-1] tourGuide.service.TourGuideService       : Track Location for user internalUser8175
2022-10-02 23:12:33.137  INFO 75568 --- [    Test worker] tourGuide.service.TourGuideService       : Track Location for user internalUser4407
2022-10-02 23:12:33.137  INFO 75568 --- [pool-7-thread-1] tourGuide.service.TourGuideService       : Track Location for user internalUser8172
2022-10-02 23:12:33.137  INFO 75568 --- [    Test worker] tourGuide.service.TourGuideService       : Track Location for user internalUser5737
2022-10-02 23:12:33.137  INFO 75568 --- [pool-7-thread-1] tourGuide.service.TourGuideService       : Track Location for user internalUser8173
2022-10-02 23:12:33.137  INFO 75568 --- [    Test worker] tourGuide.service.TourGuideService       : Track Location for user internalUser5730
2022-10-02 23:12:33.137  INFO 75568 --- [pool-7-thread-1] tourGuide.service.TourGuideService       : Track Location for user internalUser204
2022-10-02 23:12:33.137  INFO 75568 --- [    Test worker] tourGuide.service.TourGuideService       : Track Location for user internalUser4408
2022-10-02 23:12:33.138  INFO 75568 --- [pool-7-thread-1] tourGuide.service.TourGuideService       : Track Location for user internalUser205
2022-10-02 23:12:33.138  INFO 75568 --- [    Test worker] tourGuide.service.TourGuideService       : Track Location for user internalUser4409
2022-10-02 23:12:33.138  INFO 75568 --- [pool-7-thread-1] tourGuide.service.TourGuideService       : Track Location for user internalUser202
2022-10-02 23:12:33.138  INFO 75568 --- [    Test worker] tourGuide.service.TourGuideService       : Track Location for user internalUser5739
2022-10-02 23:12:33.138  INFO 75568 --- [pool-7-thread-1] tourGuide.service.TourGuideService       : Track Location for user internalUser203
2022-10-02 23:12:33.138  INFO 75568 --- [    Test worker] tourGuide.service.TourGuideService       : Track Location for user internalUser284
2022-10-02 23:12:33.138  INFO 75568 --- [pool-7-thread-1] tourGuide.service.TourGuideService       : Track Location for user internalUser200
2022-10-02 23:12:33.139  INFO 75568 --- [    Test worker] tourGuide.service.TourGuideService       : Track Location for user internalUser285
2022-10-02 23:12:33.139  INFO 75568 --- [pool-7-thread-1] tourGuide.service.TourGuideService       : Track Location for user internalUser201
2022-10-02 23:12:33.139  INFO 75568 --- [    Test worker] tourGuide.service.TourGuideService       : Track Location for user internalUser282
2022-10-02 23:12:33.139  INFO 75568 --- [pool-7-thread-1] tourGuide.service.TourGuideService       : Track Location for user internalUser208
2022-10-02 23:12:33.139  INFO 75568 --- [    Test worker] tourGuide.service.TourGuideService       : Track Location for user internalUser283
2022-10-02 23:12:33.139  INFO 75568 --- [pool-7-thread-1] tourGuide.service.TourGuideService       : Track Location for user internalUser209
2022-10-02 23:12:33.140  INFO 75568 --- [    Test worker] tourGuide.service.TourGuideService       : Track Location for user internalUser280
2022-10-02 23:12:33.140  INFO 75568 --- [pool-7-thread-1] tourGuide.service.TourGuideService       : Track Location for user internalUser206
2022-10-02 23:12:33.140  INFO 75568 --- [    Test worker] tourGuide.service.TourGuideService       : Track Location for user internalUser281
2022-10-02 23:12:33.140  INFO 75568 --- [pool-7-thread-1] tourGuide.service.TourGuideService       : Track Location for user internalUser207
2022-10-02 23:12:33.140  INFO 75568 --- [    Test worker] tourGuide.service.TourGuideService       : Track Location for user internalUser8134
2022-10-02 23:12:33.140  INFO 75568 --- [pool-7-thread-1] tourGuide.service.TourGuideService       : Track Location for user internalUser215
2022-10-02 23:12:33.141  INFO 75568 --- [    Test worker] tourGuide.service.TourGuideService       : Track Location for user internalUser9465
2022-10-02 23:12:33.141  INFO 75568 --- [pool-7-thread-1] tourGuide.service.TourGuideService       : Track Location for user internalUser216
2022-10-02 23:12:33.141  INFO 75568 --- [    Test worker] tourGuide.service.TourGuideService       : Track Location for user internalUser8135
2022-10-02 23:12:33.141  INFO 75568 --- [pool-7-thread-1] tourGuide.service.TourGuideService       : Track Location for user internalUser213
2022-10-02 23:12:33.141  INFO 75568 --- [    Test worker] tourGuide.service.TourGuideService       : Track Location for user internalUser9466
2022-10-02 23:12:33.141  INFO 75568 --- [pool-7-thread-1] tourGuide.service.TourGuideService       : Track Location for user internalUser214
2022-10-02 23:12:33.141  INFO 75568 --- [    Test worker] tourGuide.service.TourGuideService       : Track Location for user internalUser8132
2022-10-02 23:12:33.142  INFO 75568 --- [pool-7-thread-1] tourGuide.service.TourGuideService       : Track Location for user internalUser211
2022-10-02 23:12:33.142  INFO 75568 --- [    Test worker] tourGuide.service.TourGuideService       : Track Location for user internalUser9463
2022-10-02 23:12:33.142  INFO 75568 --- [pool-7-thread-1] tourGuide.service.TourGuideService       : Track Location for user internalUser212
2022-10-02 23:12:33.142  INFO 75568 --- [    Test worker] tourGuide.service.TourGuideService       : Track Location for user internalUser8133
2022-10-02 23:12:33.142  INFO 75568 --- [pool-7-thread-1] tourGuide.service.TourGuideService       : Track Location for user internalUser210
2022-10-02 23:12:33.142  INFO 75568 --- [    Test worker] tourGuide.service.TourGuideService       : Track Location for user internalUser9464
2022-10-02 23:12:33.142  INFO 75568 --- [pool-7-thread-1] tourGuide.service.TourGuideService       : Track Location for user internalUser219
2022-10-02 23:12:33.143  INFO 75568 --- [    Test worker] tourGuide.service.TourGuideService       : Track Location for user internalUser288
2022-10-02 23:12:33.143  INFO 75568 --- [pool-7-thread-1] tourGuide.service.TourGuideService       : Track Location for user internalUser217
2022-10-02 23:12:33.143  INFO 75568 --- [    Test worker] tourGuide.service.TourGuideService       : Track Location for user internalUser8138
2022-10-02 23:12:33.143  INFO 75568 --- [pool-7-thread-1] tourGuide.service.TourGuideService       : Track Location for user internalUser218
2022-10-02 23:12:33.143  INFO 75568 --- [    Test worker] tourGuide.service.TourGuideService       : Track Location for user internalUser9469
2022-10-02 23:12:33.144  INFO 75568 --- [pool-7-thread-1] tourGuide.service.TourGuideService       : Track Location for user internalUser226
2022-10-02 23:12:33.144  INFO 75568 --- [    Test worker] tourGuide.service.TourGuideService       : Track Location for user internalUser289
2022-10-02 23:12:33.144  INFO 75568 --- [pool-7-thread-1] tourGuide.service.TourGuideService       : Track Location for user internalUser227
2022-10-02 23:12:33.144  INFO 75568 --- [    Test worker] tourGuide.service.TourGuideService       : Track Location for user internalUser8139
2022-10-02 23:12:33.145  INFO 75568 --- [pool-7-thread-1] tourGuide.service.TourGuideService       : Track Location for user internalUser224
2022-10-02 23:12:33.145  INFO 75568 --- [    Test worker] tourGuide.service.TourGuideService       : Track Location for user internalUser286
2022-10-02 23:12:33.145  INFO 75568 --- [pool-7-thread-1] tourGuide.service.TourGuideService       : Track Location for user internalUser225
2022-10-02 23:12:33.145  INFO 75568 --- [    Test worker] tourGuide.service.TourGuideService       : Track Location for user internalUser8136
2022-10-02 23:12:33.145  INFO 75568 --- [pool-7-thread-1] tourGuide.service.TourGuideService       : Track Location for user internalUser222
2022-10-02 23:12:33.145  INFO 75568 --- [    Test worker] tourGuide.service.TourGuideService       : Track Location for user internalUser9467
2022-10-02 23:12:33.146  INFO 75568 --- [pool-7-thread-1] tourGuide.service.TourGuideService       : Track Location for user internalUser223
2022-10-02 23:12:33.146  INFO 75568 --- [    Test worker] tourGuide.service.TourGuideService       : Track Location for user internalUser287
2022-10-02 23:12:33.146  INFO 75568 --- [pool-7-thread-1] tourGuide.service.TourGuideService       : Track Location for user internalUser220
2022-10-02 23:12:33.146  INFO 75568 --- [    Test worker] tourGuide.service.TourGuideService       : Track Location for user internalUser8137
2022-10-02 23:12:33.146  INFO 75568 --- [pool-7-thread-1] tourGuide.service.TourGuideService       : Track Location for user internalUser221
2022-10-02 23:12:33.146  INFO 75568 --- [    Test worker] tourGuide.service.TourGuideService       : Track Location for user internalUser9468
2022-10-02 23:12:33.147  INFO 75568 --- [pool-7-thread-1] tourGuide.service.TourGuideService       : Track Location for user internalUser228
2022-10-02 23:12:33.147  INFO 75568 --- [    Test worker] tourGuide.service.TourGuideService       : Track Location for user internalUser8141
2022-10-02 23:12:33.147  INFO 75568 --- [pool-7-thread-1] tourGuide.service.TourGuideService       : Track Location for user internalUser229
2022-10-02 23:12:33.147  INFO 75568 --- [    Test worker] tourGuide.service.TourGuideService       : Track Location for user internalUser9472
2022-10-02 23:12:33.147  INFO 75568 --- [pool-7-thread-1] tourGuide.service.TourGuideService       : Track Location for user internalUser230
2022-10-02 23:12:33.148  INFO 75568 --- [    Test worker] tourGuide.service.TourGuideService       : Track Location for user internalUser8142
2022-10-02 23:12:33.148  INFO 75568 --- [pool-7-thread-1] tourGuide.service.TourGuideService       : Track Location for user internalUser237
2022-10-02 23:12:33.148  INFO 75568 --- [    Test worker] tourGuide.service.TourGuideService       : Track Location for user internalUser9473
2022-10-02 23:12:33.148  INFO 75568 --- [pool-7-thread-1] tourGuide.service.TourGuideService       : Track Location for user internalUser238
2022-10-02 23:12:33.148  INFO 75568 --- [    Test worker] tourGuide.service.TourGuideService       : Track Location for user internalUser9470
2022-10-02 23:12:33.148  INFO 75568 --- [    Test worker] tourGuide.service.TourGuideService       : Track Location for user internalUser8140
2022-10-02 23:12:33.149  INFO 75568 --- [pool-7-thread-1] tourGuide.service.TourGuideService       : Track Location for user internalUser235
2022-10-02 23:12:33.149  INFO 75568 --- [    Test worker] tourGuide.service.TourGuideService       : Track Location for user internalUser9471
2022-10-02 23:12:33.149  INFO 75568 --- [pool-7-thread-1] tourGuide.service.TourGuideService       : Track Location for user internalUser236
2022-10-02 23:12:33.149  INFO 75568 --- [    Test worker] tourGuide.service.TourGuideService       : Track Location for user internalUser295
2022-10-02 23:12:33.149  INFO 75568 --- [pool-7-thread-1] tourGuide.service.TourGuideService       : Track Location for user internalUser233
2022-10-02 23:12:33.150  INFO 75568 --- [    Test worker] tourGuide.service.TourGuideService       : Track Location for user internalUser296
2022-10-02 23:12:33.150  INFO 75568 --- [pool-7-thread-1] tourGuide.service.TourGuideService       : Track Location for user internalUser234
2022-10-02 23:12:33.150  INFO 75568 --- [    Test worker] tourGuide.service.TourGuideService       : Track Location for user internalUser293
2022-10-02 23:12:33.150  INFO 75568 --- [pool-7-thread-1] tourGuide.service.TourGuideService       : Track Location for user internalUser231
2022-10-02 23:12:33.150  INFO 75568 --- [    Test worker] tourGuide.service.TourGuideService       : Track Location for user internalUser294
2022-10-02 23:12:33.151  INFO 75568 --- [pool-7-thread-1] tourGuide.service.TourGuideService       : Track Location for user internalUser232
2022-10-02 23:12:33.151  INFO 75568 --- [    Test worker] tourGuide.service.TourGuideService       : Track Location for user internalUser291
2022-10-02 23:12:33.151  INFO 75568 --- [pool-7-thread-1] tourGuide.service.TourGuideService       : Track Location for user internalUser239
2022-10-02 23:12:33.151  INFO 75568 --- [    Test worker] tourGuide.service.TourGuideService       : Track Location for user internalUser292
2022-10-02 23:12:33.152  INFO 75568 --- [pool-7-thread-1] tourGuide.service.TourGuideService       : Track Location for user internalUser9429
2022-10-02 23:12:33.152  INFO 75568 --- [    Test worker] tourGuide.service.TourGuideService       : Track Location for user internalUser290
2022-10-02 23:12:33.152  INFO 75568 --- [pool-7-thread-1] tourGuide.service.TourGuideService       : Track Location for user internalUser9427
2022-10-02 23:12:33.152  INFO 75568 --- [    Test worker] tourGuide.service.TourGuideService       : Track Location for user internalUser8145
2022-10-02 23:12:33.153  INFO 75568 --- [pool-7-thread-1] tourGuide.service.TourGuideService       : Track Location for user internalUser9428
2022-10-02 23:12:33.175  INFO 75568 --- [    Test worker] tourGuide.service.TourGuideService       : Track Location for user internalUser9476
2022-10-02 23:12:33.175  INFO 75568 --- [pool-7-thread-1] tourGuide.service.TourGuideService       : Track Location for user internalUser9421
2022-10-02 23:12:33.175  INFO 75568 --- [    Test worker] tourGuide.service.TourGuideService       : Track Location for user internalUser8146
2022-10-02 23:12:33.175  INFO 75568 --- [pool-7-thread-1] tourGuide.service.TourGuideService       : Track Location for user internalUser9422
2022-10-02 23:12:33.176  INFO 75568 --- [    Test worker] tourGuide.service.TourGuideService       : Track Location for user internalUser9477
2022-10-02 23:12:33.176  INFO 75568 --- [pool-7-thread-1] tourGuide.service.TourGuideService       : Track Location for user internalUser9420
2022-10-02 23:12:33.176  INFO 75568 --- [    Test worker] tourGuide.service.TourGuideService       : Track Location for user internalUser8143
2022-10-02 23:12:33.176  INFO 75568 --- [pool-7-thread-1] tourGuide.service.TourGuideService       : Track Location for user internalUser9425
2022-10-02 23:12:33.176  INFO 75568 --- [    Test worker] tourGuide.service.TourGuideService       : Track Location for user internalUser9474
2022-10-02 23:12:33.177  INFO 75568 --- [pool-7-thread-1] tourGuide.service.TourGuideService       : Track Location for user internalUser9426
2022-10-02 23:12:33.177  INFO 75568 --- [    Test worker] tourGuide.service.TourGuideService       : Track Location for user internalUser8144
2022-10-02 23:12:33.177  INFO 75568 --- [pool-7-thread-1] tourGuide.service.TourGuideService       : Track Location for user internalUser9423
2022-10-02 23:12:33.177  INFO 75568 --- [    Test worker] tourGuide.service.TourGuideService       : Track Location for user internalUser9475
2022-10-02 23:12:33.177  INFO 75568 --- [pool-7-thread-1] tourGuide.service.TourGuideService       : Track Location for user internalUser9424
2022-10-02 23:12:33.177  INFO 75568 --- [    Test worker] tourGuide.service.TourGuideService       : Track Location for user internalUser299
2022-10-02 23:12:33.178  INFO 75568 --- [pool-7-thread-1] tourGuide.service.TourGuideService       : Track Location for user internalUser8109
2022-10-02 23:12:33.178  INFO 75568 --- [    Test worker] tourGuide.service.TourGuideService       : Track Location for user internalUser8149
2022-10-02 23:12:33.178  INFO 75568 --- [pool-7-thread-1] tourGuide.service.TourGuideService       : Track Location for user internalUser8107
2022-10-02 23:12:33.178  INFO 75568 --- [    Test worker] tourGuide.service.TourGuideService       : Track Location for user internalUser297
2022-10-02 23:12:33.178  INFO 75568 --- [pool-7-thread-1] tourGuide.service.TourGuideService       : Track Location for user internalUser9438
2022-10-02 23:12:33.178  INFO 75568 --- [    Test worker] tourGuide.service.TourGuideService       : Track Location for user internalUser8147
2022-10-02 23:12:33.178  INFO 75568 --- [pool-7-thread-1] tourGuide.service.TourGuideService       : Track Location for user internalUser8108
2022-10-02 23:12:33.178  INFO 75568 --- [    Test worker] tourGuide.service.TourGuideService       : Track Location for user internalUser9478
2022-10-02 23:12:33.179  INFO 75568 --- [pool-7-thread-1] tourGuide.service.TourGuideService       : Track Location for user internalUser9439
2022-10-02 23:12:33.179  INFO 75568 --- [    Test worker] tourGuide.service.TourGuideService       : Track Location for user internalUser298
2022-10-02 23:12:33.179  INFO 75568 --- [pool-7-thread-1] tourGuide.service.TourGuideService       : Track Location for user internalUser8101
2022-10-02 23:12:33.179  INFO 75568 --- [    Test worker] tourGuide.service.TourGuideService       : Track Location for user internalUser8148
2022-10-02 23:12:33.179  INFO 75568 --- [pool-7-thread-1] tourGuide.service.TourGuideService       : Track Location for user internalUser9432
2022-10-02 23:12:33.179  INFO 75568 --- [    Test worker] tourGuide.service.TourGuideService       : Track Location for user internalUser9479
2022-10-02 23:12:33.179  INFO 75568 --- [pool-7-thread-1] tourGuide.service.TourGuideService       : Track Location for user internalUser8102
2022-10-02 23:12:33.180  INFO 75568 --- [    Test worker] tourGuide.service.TourGuideService       : Track Location for user internalUser9480
2022-10-02 23:12:33.180  INFO 75568 --- [pool-7-thread-1] tourGuide.service.TourGuideService       : Track Location for user internalUser9433
2022-10-02 23:12:33.180  INFO 75568 --- [    Test worker] tourGuide.service.TourGuideService       : Track Location for user internalUser8152
2022-10-02 23:12:33.180  INFO 75568 --- [pool-7-thread-1] tourGuide.service.TourGuideService       : Track Location for user internalUser9430
2022-10-02 23:12:33.180  INFO 75568 --- [    Test worker] tourGuide.service.TourGuideService       : Track Location for user internalUser9483
2022-10-02 23:12:33.180  INFO 75568 --- [pool-7-thread-1] tourGuide.service.TourGuideService       : Track Location for user internalUser8100
2022-10-02 23:12:33.180  INFO 75568 --- [    Test worker] tourGuide.service.TourGuideService       : Track Location for user internalUser8153
2022-10-02 23:12:33.181  INFO 75568 --- [pool-7-thread-1] tourGuide.service.TourGuideService       : Track Location for user internalUser9431
2022-10-02 23:12:33.181  INFO 75568 --- [    Test worker] tourGuide.service.TourGuideService       : Track Location for user internalUser9484
2022-10-02 23:12:33.181  INFO 75568 --- [pool-7-thread-1] tourGuide.service.TourGuideService       : Track Location for user internalUser8105
2022-10-02 23:12:33.181  INFO 75568 --- [    Test worker] tourGuide.service.TourGuideService       : Track Location for user internalUser8150
2022-10-02 23:12:33.181  INFO 75568 --- [pool-7-thread-1] tourGuide.service.TourGuideService       : Track Location for user internalUser9436
2022-10-02 23:12:33.181  INFO 75568 --- [    Test worker] tourGuide.service.TourGuideService       : Track Location for user internalUser9481
2022-10-02 23:12:33.182  INFO 75568 --- [pool-7-thread-1] tourGuide.service.TourGuideService       : Track Location for user internalUser8106
2022-10-02 23:12:33.182  INFO 75568 --- [    Test worker] tourGuide.service.TourGuideService       : Track Location for user internalUser8151
2022-10-02 23:12:33.182  INFO 75568 --- [pool-7-thread-1] tourGuide.service.TourGuideService       : Track Location for user internalUser9437
2022-10-02 23:12:33.182  INFO 75568 --- [    Test worker] tourGuide.service.TourGuideService       : Track Location for user internalUser9482
2022-10-02 23:12:33.182  INFO 75568 --- [pool-7-thread-1] tourGuide.service.TourGuideService       : Track Location for user internalUser8103
2022-10-02 23:12:33.183  INFO 75568 --- [    Test worker] tourGuide.service.TourGuideService       : Track Location for user internalUser8118
2022-10-02 23:12:33.183  INFO 75568 --- [pool-7-thread-1] tourGuide.service.TourGuideService       : Track Location for user internalUser9434
2022-10-02 23:12:33.183  INFO 75568 --- [    Test worker] tourGuide.service.TourGuideService       : Track Location for user internalUser9449
2022-10-02 23:12:33.183  INFO 75568 --- [pool-7-thread-1] tourGuide.service.TourGuideService       : Track Location for user internalUser8104
2022-10-02 23:12:33.183  INFO 75568 --- [    Test worker] tourGuide.service.TourGuideService       : Track Location for user internalUser8119
2022-10-02 23:12:33.184  INFO 75568 --- [pool-7-thread-1] tourGuide.service.TourGuideService       : Track Location for user internalUser9435
2022-10-02 23:12:33.184  INFO 75568 --- [    Test worker] tourGuide.service.TourGuideService       : Track Location for user internalUser8112
2022-10-02 23:12:33.184  INFO 75568 --- [pool-7-thread-1] tourGuide.service.TourGuideService       : Track Location for user internalUser9440
2022-10-02 23:12:33.184  INFO 75568 --- [    Test worker] tourGuide.service.TourGuideService       : Track Location for user internalUser9443
2022-10-02 23:12:33.184  INFO 75568 --- [pool-7-thread-1] tourGuide.service.TourGuideService       : Track Location for user internalUser9407
2022-10-02 23:12:33.184  INFO 75568 --- [    Test worker] tourGuide.service.TourGuideService       : Track Location for user internalUser8113
2022-10-02 23:12:33.184  INFO 75568 --- [pool-7-thread-1] tourGuide.service.TourGuideService       : Track Location for user internalUser9408
2022-10-02 23:12:33.185  INFO 75568 --- [    Test worker] tourGuide.service.TourGuideService       : Track Location for user internalUser9444
2022-10-02 23:12:33.185  INFO 75568 --- [pool-7-thread-1] tourGuide.service.TourGuideService       : Track Location for user internalUser9405
2022-10-02 23:12:33.185  INFO 75568 --- [    Test worker] tourGuide.service.TourGuideService       : Track Location for user internalUser8110
2022-10-02 23:12:33.185  INFO 75568 --- [pool-7-thread-1] tourGuide.service.TourGuideService       : Track Location for user internalUser9406
2022-10-02 23:12:33.185  INFO 75568 --- [    Test worker] tourGuide.service.TourGuideService       : Track Location for user internalUser9441
2022-10-02 23:12:33.185  INFO 75568 --- [pool-7-thread-1] tourGuide.service.TourGuideService       : Track Location for user internalUser9409
2022-10-02 23:12:33.185  INFO 75568 --- [    Test worker] tourGuide.service.TourGuideService       : Track Location for user internalUser8111
2022-10-02 23:12:33.186  INFO 75568 --- [pool-7-thread-1] tourGuide.service.TourGuideService       : Track Location for user internalUser9400
2022-10-02 23:12:33.186  INFO 75568 --- [    Test worker] tourGuide.service.TourGuideService       : Track Location for user internalUser9442
2022-10-02 23:12:33.186  INFO 75568 --- [pool-7-thread-1] tourGuide.service.TourGuideService       : Track Location for user internalUser9403
2022-10-02 23:12:33.186  INFO 75568 --- [    Test worker] tourGuide.service.TourGuideService       : Track Location for user internalUser8116
2022-10-02 23:12:33.186  INFO 75568 --- [pool-7-thread-1] tourGuide.service.TourGuideService       : Track Location for user internalUser9404
2022-10-02 23:12:33.187  INFO 75568 --- [    Test worker] tourGuide.service.TourGuideService       : Track Location for user internalUser9447
2022-10-02 23:12:33.187  INFO 75568 --- [pool-7-thread-1] tourGuide.service.TourGuideService       : Track Location for user internalUser9401
2022-10-02 23:12:33.187  INFO 75568 --- [    Test worker] tourGuide.service.TourGuideService       : Track Location for user internalUser8117
2022-10-02 23:12:33.187  INFO 75568 --- [pool-7-thread-1] tourGuide.service.TourGuideService       : Track Location for user internalUser9402
2022-10-02 23:12:33.187  INFO 75568 --- [    Test worker] tourGuide.service.TourGuideService       : Track Location for user internalUser9448
2022-10-02 23:12:33.188  INFO 75568 --- [pool-7-thread-1] tourGuide.service.TourGuideService       : Track Location for user internalUser9418
2022-10-02 23:12:33.188  INFO 75568 --- [    Test worker] tourGuide.service.TourGuideService       : Track Location for user internalUser8114
2022-10-02 23:12:33.192  INFO 75568 --- [pool-7-thread-1] tourGuide.service.TourGuideService       : Track Location for user internalUser9419
2022-10-02 23:12:33.192  INFO 75568 --- [    Test worker] tourGuide.service.TourGuideService       : Track Location for user internalUser9445
2022-10-02 23:12:33.192  INFO 75568 --- [pool-7-thread-1] tourGuide.service.TourGuideService       : Track Location for user internalUser9416
2022-10-02 23:12:33.193  INFO 75568 --- [    Test worker] tourGuide.service.TourGuideService       : Track Location for user internalUser8115
2022-10-02 23:12:33.193  INFO 75568 --- [pool-7-thread-1] tourGuide.service.TourGuideService       : Track Location for user internalUser9417
2022-10-02 23:12:33.193  INFO 75568 --- [    Test worker] tourGuide.service.TourGuideService       : Track Location for user internalUser9446
2022-10-02 23:12:33.193  INFO 75568 --- [pool-7-thread-1] tourGuide.service.TourGuideService       : Track Location for user internalUser9410
2022-10-02 23:12:33.193  INFO 75568 --- [    Test worker] tourGuide.service.TourGuideService       : Track Location for user internalUser9450
2022-10-02 23:12:33.193  INFO 75568 --- [pool-7-thread-1] tourGuide.service.TourGuideService       : Track Location for user internalUser9411
2022-10-02 23:12:33.194  INFO 75568 --- [    Test worker] tourGuide.service.TourGuideService       : Track Location for user internalUser8120
2022-10-02 23:12:33.194  INFO 75568 --- [pool-7-thread-1] tourGuide.service.TourGuideService       : Track Location for user internalUser9414
2022-10-02 23:12:33.194  INFO 75568 --- [    Test worker] tourGuide.service.TourGuideService       : Track Location for user internalUser9451
2022-10-02 23:12:33.194  INFO 75568 --- [pool-7-thread-1] tourGuide.service.TourGuideService       : Track Location for user internalUser9415
2022-10-02 23:12:33.194  INFO 75568 --- [    Test worker] tourGuide.service.TourGuideService       : Track Location for user internalUser8129
2022-10-02 23:12:33.194  INFO 75568 --- [pool-7-thread-1] tourGuide.service.TourGuideService       : Track Location for user internalUser9412
2022-10-02 23:12:33.195  INFO 75568 --- [    Test worker] tourGuide.service.TourGuideService       : Track Location for user internalUser8123
2022-10-02 23:12:33.195  INFO 75568 --- [pool-7-thread-1] tourGuide.service.TourGuideService       : Track Location for user internalUser9413
2022-10-02 23:12:33.195  INFO 75568 --- [    Test worker] tourGuide.service.TourGuideService       : Track Location for user internalUser9454
2022-10-02 23:12:33.195  INFO 75568 --- [pool-7-thread-1] tourGuide.service.TourGuideService       : Track Location for user internalUser3245
2022-10-02 23:12:33.195  INFO 75568 --- [    Test worker] tourGuide.service.TourGuideService       : Track Location for user internalUser8124
2022-10-02 23:12:33.196  INFO 75568 --- [pool-7-thread-1] tourGuide.service.TourGuideService       : Track Location for user internalUser4576
2022-10-02 23:12:33.196  INFO 75568 --- [    Test worker] tourGuide.service.TourGuideService       : Track Location for user internalUser9455
2022-10-02 23:12:33.196  INFO 75568 --- [pool-7-thread-1] tourGuide.service.TourGuideService       : Track Location for user internalUser3246
2022-10-02 23:12:33.196  INFO 75568 --- [    Test worker] tourGuide.service.TourGuideService       : Track Location for user internalUser8121
2022-10-02 23:12:33.196  INFO 75568 --- [pool-7-thread-1] tourGuide.service.TourGuideService       : Track Location for user internalUser4577
2022-10-02 23:12:33.196  INFO 75568 --- [    Test worker] tourGuide.service.TourGuideService       : Track Location for user internalUser9452
2022-10-02 23:12:33.196  INFO 75568 --- [pool-7-thread-1] tourGuide.service.TourGuideService       : Track Location for user internalUser3247
2022-10-02 23:12:33.197  INFO 75568 --- [    Test worker] tourGuide.service.TourGuideService       : Track Location for user internalUser8122
2022-10-02 23:12:33.197  INFO 75568 --- [pool-7-thread-1] tourGuide.service.TourGuideService       : Track Location for user internalUser4578
2022-10-02 23:12:33.197  INFO 75568 --- [    Test worker] tourGuide.service.TourGuideService       : Track Location for user internalUser9453
2022-10-02 23:12:33.197  INFO 75568 --- [pool-7-thread-1] tourGuide.service.TourGuideService       : Track Location for user internalUser3248
2022-10-02 23:12:33.197  INFO 75568 --- [    Test worker] tourGuide.service.TourGuideService       : Track Location for user internalUser8127
2022-10-02 23:12:33.197  INFO 75568 --- [pool-7-thread-1] tourGuide.service.TourGuideService       : Track Location for user internalUser4579
2022-10-02 23:12:33.199  INFO 75568 --- [    Test worker] tourGuide.service.TourGuideService       : Track Location for user internalUser9458
2022-10-02 23:12:33.199  INFO 75568 --- [pool-7-thread-1] tourGuide.service.TourGuideService       : Track Location for user internalUser3249
2022-10-02 23:12:33.199  INFO 75568 --- [    Test worker] tourGuide.service.TourGuideService       : Track Location for user internalUser8128
2022-10-02 23:12:33.199  INFO 75568 --- [pool-7-thread-1] tourGuide.service.TourGuideService       : Track Location for user internalUser4570
2022-10-02 23:12:33.199  INFO 75568 --- [    Test worker] tourGuide.service.TourGuideService       : Track Location for user internalUser9459
2022-10-02 23:12:33.199  INFO 75568 --- [pool-7-thread-1] tourGuide.service.TourGuideService       : Track Location for user internalUser3240
2022-10-02 23:12:33.200  INFO 75568 --- [    Test worker] tourGuide.service.TourGuideService       : Track Location for user internalUser8125
2022-10-02 23:12:33.200  INFO 75568 --- [pool-7-thread-1] tourGuide.service.TourGuideService       : Track Location for user internalUser4571
2022-10-02 23:12:33.200  INFO 75568 --- [pool-7-thread-1] tourGuide.service.TourGuideService       : Track Location for user internalUser3241
2022-10-02 23:12:33.200  INFO 75568 --- [pool-7-thread-1] tourGuide.service.TourGuideService       : Track Location for user internalUser4572
2022-10-02 23:12:33.200  INFO 75568 --- [pool-7-thread-1] tourGuide.service.TourGuideService       : Track Location for user internalUser3242
2022-10-02 23:12:33.201  INFO 75568 --- [    Test worker] tourGuide.service.TourGuideService       : Track Location for user internalUser9456
2022-10-02 23:12:33.201  INFO 75568 --- [pool-7-thread-1] tourGuide.service.TourGuideService       : Track Location for user internalUser4573
2022-10-02 23:12:33.201  INFO 75568 --- [    Test worker] tourGuide.service.TourGuideService       : Track Location for user internalUser8126
2022-10-02 23:12:33.201  INFO 75568 --- [pool-7-thread-1] tourGuide.service.TourGuideService       : Track Location for user internalUser3243
2022-10-02 23:12:33.201  INFO 75568 --- [    Test worker] tourGuide.service.TourGuideService       : Track Location for user internalUser9457
2022-10-02 23:12:33.202  INFO 75568 --- [pool-7-thread-1] tourGuide.service.TourGuideService       : Track Location for user internalUser4574
2022-10-02 23:12:33.202  INFO 75568 --- [    Test worker] tourGuide.service.TourGuideService       : Track Location for user internalUser8130
2022-10-02 23:12:33.202  INFO 75568 --- [pool-7-thread-1] tourGuide.service.TourGuideService       : Track Location for user internalUser3244
2022-10-02 23:12:33.202  INFO 75568 --- [    Test worker] tourGuide.service.TourGuideService       : Track Location for user internalUser9461
2022-10-02 23:12:33.202  INFO 75568 --- [pool-7-thread-1] tourGuide.service.TourGuideService       : Track Location for user internalUser4575
2022-10-02 23:12:33.202  INFO 75568 --- [    Test worker] tourGuide.service.TourGuideService       : Track Location for user internalUser8131
2022-10-02 23:12:33.202  INFO 75568 --- [pool-7-thread-1] tourGuide.service.TourGuideService       : Track Location for user internalUser3256
2022-10-02 23:12:33.203  INFO 75568 --- [    Test worker] tourGuide.service.TourGuideService       : Track Location for user internalUser9462
2022-10-02 23:12:33.203  INFO 75568 --- [pool-7-thread-1] tourGuide.service.TourGuideService       : Track Location for user internalUser4587
2022-10-02 23:12:33.203  INFO 75568 --- [    Test worker] tourGuide.service.TourGuideService       : Track Location for user internalUser9460
2022-10-02 23:12:33.203  INFO 75568 --- [pool-7-thread-1] tourGuide.service.TourGuideService       : Track Location for user internalUser3257
2022-10-02 23:12:33.203  INFO 75568 --- [    Test worker] tourGuide.service.TourGuideService       : Track Location for user internalUser240
2022-10-02 23:12:33.203  INFO 75568 --- [pool-7-thread-1] tourGuide.service.TourGuideService       : Track Location for user internalUser4588
2022-10-02 23:12:33.203  INFO 75568 --- [    Test worker] tourGuide.service.TourGuideService       : Track Location for user internalUser241
2022-10-02 23:12:33.204  INFO 75568 --- [pool-7-thread-1] tourGuide.service.TourGuideService       : Track Location for user internalUser3258
2022-10-02 23:12:33.204  INFO 75568 --- [    Test worker] tourGuide.service.TourGuideService       : Track Location for user internalUser5901
2022-10-02 23:12:33.204  INFO 75568 --- [pool-7-thread-1] tourGuide.service.TourGuideService       : Track Location for user internalUser4589
2022-10-02 23:12:33.204  INFO 75568 --- [    Test worker] tourGuide.service.TourGuideService       : Track Location for user internalUser5900
2022-10-02 23:12:33.204  INFO 75568 --- [pool-7-thread-1] tourGuide.service.TourGuideService       : Track Location for user internalUser3259
2022-10-02 23:12:33.204  INFO 75568 --- [    Test worker] tourGuide.service.TourGuideService       : Track Location for user internalUser5903
2022-10-02 23:12:33.204  INFO 75568 --- [pool-7-thread-1] tourGuide.service.TourGuideService       : Track Location for user internalUser4580
2022-10-02 23:12:33.204  INFO 75568 --- [    Test worker] tourGuide.service.TourGuideService       : Track Location for user internalUser5902
2022-10-02 23:12:33.206  INFO 75568 --- [pool-7-thread-1] tourGuide.service.TourGuideService       : Track Location for user internalUser3250
2022-10-02 23:12:33.206  INFO 75568 --- [    Test worker] tourGuide.service.TourGuideService       : Track Location for user internalUser248
2022-10-02 23:12:33.206  INFO 75568 --- [pool-7-thread-1] tourGuide.service.TourGuideService       : Track Location for user internalUser4581
2022-10-02 23:12:33.206  INFO 75568 --- [    Test worker] tourGuide.service.TourGuideService       : Track Location for user internalUser8178
2022-10-02 23:12:33.207  INFO 75568 --- [pool-7-thread-1] tourGuide.service.TourGuideService       : Track Location for user internalUser3251
2022-10-02 23:12:33.207  INFO 75568 --- [    Test worker] tourGuide.service.TourGuideService       : Track Location for user internalUser249
2022-10-02 23:12:33.207  INFO 75568 --- [pool-7-thread-1] tourGuide.service.TourGuideService       : Track Location for user internalUser4582
2022-10-02 23:12:33.207  INFO 75568 --- [    Test worker] tourGuide.service.TourGuideService       : Track Location for user internalUser8179
2022-10-02 23:12:33.207  INFO 75568 --- [pool-7-thread-1] tourGuide.service.TourGuideService       : Track Location for user internalUser3252
2022-10-02 23:12:33.207  INFO 75568 --- [    Test worker] tourGuide.service.TourGuideService       : Track Location for user internalUser246
2022-10-02 23:12:33.208  INFO 75568 --- [pool-7-thread-1] tourGuide.service.TourGuideService       : Track Location for user internalUser4583
2022-10-02 23:12:33.208  INFO 75568 --- [    Test worker] tourGuide.service.TourGuideService       : Track Location for user internalUser8176
2022-10-02 23:12:33.208  INFO 75568 --- [pool-7-thread-1] tourGuide.service.TourGuideService       : Track Location for user internalUser3253
2022-10-02 23:12:33.208  INFO 75568 --- [    Test worker] tourGuide.service.TourGuideService       : Track Location for user internalUser247
2022-10-02 23:12:33.209  INFO 75568 --- [pool-7-thread-1] tourGuide.service.TourGuideService       : Track Location for user internalUser4584
2022-10-02 23:12:33.210  INFO 75568 --- [    Test worker] tourGuide.service.TourGuideService       : Track Location for user internalUser8177
2022-10-02 23:12:33.210  INFO 75568 --- [pool-7-thread-1] tourGuide.service.TourGuideService       : Track Location for user internalUser3254
2022-10-02 23:12:33.210  INFO 75568 --- [    Test worker] tourGuide.service.TourGuideService       : Track Location for user internalUser244
2022-10-02 23:12:33.210  INFO 75568 --- [pool-7-thread-1] tourGuide.service.TourGuideService       : Track Location for user internalUser4585
2022-10-02 23:12:33.210  INFO 75568 --- [    Test worker] tourGuide.service.TourGuideService       : Track Location for user internalUser245
2022-10-02 23:12:33.210  INFO 75568 --- [pool-7-thread-1] tourGuide.service.TourGuideService       : Track Location for user internalUser3255
2022-10-02 23:12:33.210  INFO 75568 --- [    Test worker] tourGuide.service.TourGuideService       : Track Location for user internalUser242
2022-10-02 23:12:33.210  INFO 75568 --- [pool-7-thread-1] tourGuide.service.TourGuideService       : Track Location for user internalUser4586
2022-10-02 23:12:33.211  INFO 75568 --- [    Test worker] tourGuide.service.TourGuideService       : Track Location for user internalUser243
2022-10-02 23:12:33.211  INFO 75568 --- [pool-7-thread-1] tourGuide.service.TourGuideService       : Track Location for user internalUser3223
2022-10-02 23:12:33.211  INFO 75568 --- [    Test worker] tourGuide.service.TourGuideService       : Track Location for user internalUser8181
2022-10-02 23:12:33.211  INFO 75568 --- [pool-7-thread-1] tourGuide.service.TourGuideService       : Track Location for user internalUser4554
2022-10-02 23:12:33.211  INFO 75568 --- [    Test worker] tourGuide.service.TourGuideService       : Track Location for user internalUser8182
2022-10-02 23:12:33.211  INFO 75568 --- [pool-7-thread-1] tourGuide.service.TourGuideService       : Track Location for user internalUser5886
2022-10-02 23:12:33.211  INFO 75568 --- [    Test worker] tourGuide.service.TourGuideService       : Track Location for user internalUser8180
2022-10-02 23:12:33.212  INFO 75568 --- [pool-7-thread-1] tourGuide.service.TourGuideService       : Track Location for user internalUser3224
2022-10-02 23:12:33.212  INFO 75568 --- [    Test worker] tourGuide.service.TourGuideService       : Track Location for user internalUser8185
2022-10-02 23:12:33.212  INFO 75568 --- [pool-7-thread-1] tourGuide.service.TourGuideService       : Track Location for user internalUser4555
2022-10-02 23:12:33.212  INFO 75568 --- [    Test worker] tourGuide.service.TourGuideService       : Track Location for user internalUser8186
2022-10-02 23:12:33.212  INFO 75568 --- [pool-7-thread-1] tourGuide.service.TourGuideService       : Track Location for user internalUser5885
2022-10-02 23:12:33.212  INFO 75568 --- [    Test worker] tourGuide.service.TourGuideService       : Track Location for user internalUser8183
2022-10-02 23:12:33.212  INFO 75568 --- [pool-7-thread-1] tourGuide.service.TourGuideService       : Track Location for user internalUser3225
2022-10-02 23:12:33.212  INFO 75568 --- [    Test worker] tourGuide.service.TourGuideService       : Track Location for user internalUser8184
2022-10-02 23:12:33.212  INFO 75568 --- [pool-7-thread-1] tourGuide.service.TourGuideService       : Track Location for user internalUser4556
2022-10-02 23:12:33.212  INFO 75568 --- [    Test worker] tourGuide.service.TourGuideService       : Track Location for user internalUser5905
2022-10-02 23:12:33.212  INFO 75568 --- [pool-7-thread-1] tourGuide.service.TourGuideService       : Track Location for user internalUser5888
2022-10-02 23:12:33.212  INFO 75568 --- [    Test worker] tourGuide.service.TourGuideService       : Track Location for user internalUser5904
2022-10-02 23:12:33.212  INFO 75568 --- [pool-7-thread-1] tourGuide.service.TourGuideService       : Track Location for user internalUser3226
2022-10-02 23:12:33.213  INFO 75568 --- [    Test worker] tourGuide.service.TourGuideService       : Track Location for user internalUser5907
2022-10-02 23:12:33.213  INFO 75568 --- [pool-7-thread-1] tourGuide.service.TourGuideService       : Track Location for user internalUser4557
2022-10-02 23:12:33.213  INFO 75568 --- [    Test worker] tourGuide.service.TourGuideService       : Track Location for user internalUser5906
2022-10-02 23:12:33.213  INFO 75568 --- [pool-7-thread-1] tourGuide.service.TourGuideService       : Track Location for user internalUser5887
2022-10-02 23:12:33.213  INFO 75568 --- [    Test worker] tourGuide.service.TourGuideService       : Track Location for user internalUser5909
2022-10-02 23:12:33.213  INFO 75568 --- [pool-7-thread-1] tourGuide.service.TourGuideService       : Track Location for user internalUser3227
2022-10-02 23:12:33.214  INFO 75568 --- [    Test worker] tourGuide.service.TourGuideService       : Track Location for user internalUser5908
2022-10-02 23:12:33.214  INFO 75568 --- [pool-7-thread-1] tourGuide.service.TourGuideService       : Track Location for user internalUser4558
2022-10-02 23:12:33.214  INFO 75568 --- [    Test worker] tourGuide.service.TourGuideService       : Track Location for user internalUser251
2022-10-02 23:12:33.214  INFO 75568 --- [pool-7-thread-1] tourGuide.service.TourGuideService       : Track Location for user internalUser3228
2022-10-02 23:12:33.214  INFO 75568 --- [    Test worker] tourGuide.service.TourGuideService       : Track Location for user internalUser252
2022-10-02 23:12:33.214  INFO 75568 --- [pool-7-thread-1] tourGuide.service.TourGuideService       : Track Location for user internalUser4559
2022-10-02 23:12:33.214  INFO 75568 --- [    Test worker] tourGuide.service.TourGuideService       : Track Location for user internalUser5910
2022-10-02 23:12:33.214  INFO 75568 --- [pool-7-thread-1] tourGuide.service.TourGuideService       : Track Location for user internalUser5889
2022-10-02 23:12:33.215  INFO 75568 --- [    Test worker] tourGuide.service.TourGuideService       : Track Location for user internalUser250
2022-10-02 23:12:33.215  INFO 75568 --- [pool-7-thread-1] tourGuide.service.TourGuideService       : Track Location for user internalUser3229
2022-10-02 23:12:33.215  INFO 75568 --- [    Test worker] tourGuide.service.TourGuideService       : Track Location for user internalUser5912
2022-10-02 23:12:33.215  INFO 75568 --- [pool-7-thread-1] tourGuide.service.TourGuideService       : Track Location for user internalUser5880
2022-10-02 23:12:33.215  INFO 75568 --- [    Test worker] tourGuide.service.TourGuideService       : Track Location for user internalUser5911
2022-10-02 23:12:33.215  INFO 75568 --- [pool-7-thread-1] tourGuide.service.TourGuideService       : Track Location for user internalUser4550
2022-10-02 23:12:33.216  INFO 75568 --- [    Test worker] tourGuide.service.TourGuideService       : Track Location for user internalUser5914
2022-10-02 23:12:33.216  INFO 75568 --- [pool-7-thread-1] tourGuide.service.TourGuideService       : Track Location for user internalUser5882
2022-10-02 23:12:33.216  INFO 75568 --- [    Test worker] tourGuide.service.TourGuideService       : Track Location for user internalUser5913
2022-10-02 23:12:33.216  INFO 75568 --- [pool-7-thread-1] tourGuide.service.TourGuideService       : Track Location for user internalUser3220
2022-10-02 23:12:33.216  INFO 75568 --- [pool-7-thread-1] tourGuide.service.TourGuideService       : Track Location for user internalUser4551
2022-10-02 23:12:33.216  INFO 75568 --- [pool-7-thread-1] tourGuide.service.TourGuideService       : Track Location for user internalUser5881
2022-10-02 23:12:33.217  INFO 75568 --- [    Test worker] tourGuide.service.TourGuideService       : Track Location for user internalUser259
2022-10-02 23:12:33.217  INFO 75568 --- [pool-7-thread-1] tourGuide.service.TourGuideService       : Track Location for user internalUser3221
2022-10-02 23:12:33.217  INFO 75568 --- [    Test worker] tourGuide.service.TourGuideService       : Track Location for user internalUser8189
2022-10-02 23:12:33.217  INFO 75568 --- [pool-7-thread-1] tourGuide.service.TourGuideService       : Track Location for user internalUser4552
2022-10-02 23:12:33.217  INFO 75568 --- [    Test worker] tourGuide.service.TourGuideService       : Track Location for user internalUser257
2022-10-02 23:12:33.218  INFO 75568 --- [pool-7-thread-1] tourGuide.service.TourGuideService       : Track Location for user internalUser5884
2022-10-02 23:12:33.218  INFO 75568 --- [    Test worker] tourGuide.service.TourGuideService       : Track Location for user internalUser8187
2022-10-02 23:12:33.219  INFO 75568 --- [pool-7-thread-1] tourGuide.service.TourGuideService       : Track Location for user internalUser3222
2022-10-02 23:12:33.219  INFO 75568 --- [    Test worker] tourGuide.service.TourGuideService       : Track Location for user internalUser258
2022-10-02 23:12:33.219  INFO 75568 --- [pool-7-thread-1] tourGuide.service.TourGuideService       : Track Location for user internalUser4553
2022-10-02 23:12:33.219  INFO 75568 --- [    Test worker] tourGuide.service.TourGuideService       : Track Location for user internalUser8188
2022-10-02 23:12:33.219  INFO 75568 --- [pool-7-thread-1] tourGuide.service.TourGuideService       : Track Location for user internalUser5883
2022-10-02 23:12:33.219  INFO 75568 --- [    Test worker] tourGuide.service.TourGuideService       : Track Location for user internalUser255
2022-10-02 23:12:33.220  INFO 75568 --- [pool-7-thread-1] tourGuide.service.TourGuideService       : Track Location for user internalUser3234
2022-10-02 23:12:33.220  INFO 75568 --- [pool-7-thread-1] tourGuide.service.TourGuideService       : Track Location for user internalUser4565
2022-10-02 23:12:33.220  INFO 75568 --- [    Test worker] tourGuide.service.TourGuideService       : Track Location for user internalUser256
2022-10-02 23:12:33.220  INFO 75568 --- [pool-7-thread-1] tourGuide.service.TourGuideService       : Track Location for user internalUser5897
2022-10-02 23:12:33.221  INFO 75568 --- [    Test worker] tourGuide.service.TourGuideService       : Track Location for user internalUser253
2022-10-02 23:12:33.221  INFO 75568 --- [pool-7-thread-1] tourGuide.service.TourGuideService       : Track Location for user internalUser3235
2022-10-02 23:12:33.221  INFO 75568 --- [    Test worker] tourGuide.service.TourGuideService       : Track Location for user internalUser254
2022-10-02 23:12:33.221  INFO 75568 --- [pool-7-thread-1] tourGuide.service.TourGuideService       : Track Location for user internalUser4566
2022-10-02 23:12:33.221  INFO 75568 --- [    Test worker] tourGuide.service.TourGuideService       : Track Location for user internalUser8192
2022-10-02 23:12:33.221  INFO 75568 --- [pool-7-thread-1] tourGuide.service.TourGuideService       : Track Location for user internalUser5896
2022-10-02 23:12:33.222  INFO 75568 --- [    Test worker] tourGuide.service.TourGuideService       : Track Location for user internalUser8193
2022-10-02 23:12:33.222  INFO 75568 --- [pool-7-thread-1] tourGuide.service.TourGuideService       : Track Location for user internalUser3236
2022-10-02 23:12:33.222  INFO 75568 --- [    Test worker] tourGuide.service.TourGuideService       : Track Location for user internalUser8190
2022-10-02 23:12:33.222  INFO 75568 --- [pool-7-thread-1] tourGuide.service.TourGuideService       : Track Location for user internalUser4567
2022-10-02 23:12:33.222  INFO 75568 --- [    Test worker] tourGuide.service.TourGuideService       : Track Location for user internalUser8191
2022-10-02 23:12:33.222  INFO 75568 --- [pool-7-thread-1] tourGuide.service.TourGuideService       : Track Location for user internalUser5899
2022-10-02 23:12:33.222  INFO 75568 --- [    Test worker] tourGuide.service.TourGuideService       : Track Location for user internalUser8196
2022-10-02 23:12:33.222  INFO 75568 --- [pool-7-thread-1] tourGuide.service.TourGuideService       : Track Location for user internalUser3237
2022-10-02 23:12:33.223  INFO 75568 --- [    Test worker] tourGuide.service.TourGuideService       : Track Location for user internalUser8197
2022-10-02 23:12:33.223  INFO 75568 --- [pool-7-thread-1] tourGuide.service.TourGuideService       : Track Location for user internalUser4568
2022-10-02 23:12:33.223  INFO 75568 --- [    Test worker] tourGuide.service.TourGuideService       : Track Location for user internalUser8194
2022-10-02 23:12:33.223  INFO 75568 --- [pool-7-thread-1] tourGuide.service.TourGuideService       : Track Location for user internalUser5898
2022-10-02 23:12:33.224  INFO 75568 --- [    Test worker] tourGuide.service.TourGuideService       : Track Location for user internalUser8195
2022-10-02 23:12:33.224  INFO 75568 --- [pool-7-thread-1] tourGuide.service.TourGuideService       : Track Location for user internalUser3238
2022-10-02 23:12:33.224  INFO 75568 --- [    Test worker] tourGuide.service.TourGuideService       : Track Location for user internalUser5916
2022-10-02 23:12:33.224  INFO 75568 --- [pool-7-thread-1] tourGuide.service.TourGuideService       : Track Location for user internalUser4569
2022-10-02 23:12:33.224  INFO 75568 --- [    Test worker] tourGuide.service.TourGuideService       : Track Location for user internalUser5915
2022-10-02 23:12:33.224  INFO 75568 --- [pool-7-thread-1] tourGuide.service.TourGuideService       : Track Location for user internalUser3239
2022-10-02 23:12:33.224  INFO 75568 --- [    Test worker] tourGuide.service.TourGuideService       : Track Location for user internalUser5918
2022-10-02 23:12:33.225  INFO 75568 --- [pool-7-thread-1] tourGuide.service.TourGuideService       : Track Location for user internalUser5891
2022-10-02 23:12:33.225  INFO 75568 --- [    Test worker] tourGuide.service.TourGuideService       : Track Location for user internalUser5917
2022-10-02 23:12:33.225  INFO 75568 --- [    Test worker] tourGuide.service.TourGuideService       : Track Location for user internalUser5919
2022-10-02 23:12:33.225  INFO 75568 --- [pool-7-thread-1] tourGuide.service.TourGuideService       : Track Location for user internalUser4560
2022-10-02 23:12:33.225  INFO 75568 --- [    Test worker] tourGuide.service.TourGuideService       : Track Location for user internalUser262
2022-10-02 23:12:33.225  INFO 75568 --- [pool-7-thread-1] tourGuide.service.TourGuideService       : Track Location for user internalUser5890
2022-10-02 23:12:33.225  INFO 75568 --- [    Test worker] tourGuide.service.TourGuideService       : Track Location for user internalUser263
2022-10-02 23:12:33.226  INFO 75568 --- [pool-7-thread-1] tourGuide.service.TourGuideService       : Track Location for user internalUser3230
2022-10-02 23:12:33.226  INFO 75568 --- [    Test worker] tourGuide.service.TourGuideService       : Track Location for user internalUser260
2022-10-02 23:12:33.226  INFO 75568 --- [pool-7-thread-1] tourGuide.service.TourGuideService       : Track Location for user internalUser4561
2022-10-02 23:12:33.226  INFO 75568 --- [    Test worker] tourGuide.service.TourGuideService       : Track Location for user internalUser261
2022-10-02 23:12:33.226  INFO 75568 --- [pool-7-thread-1] tourGuide.service.TourGuideService       : Track Location for user internalUser5893
2022-10-02 23:12:33.226  INFO 75568 --- [    Test worker] tourGuide.service.TourGuideService       : Track Location for user internalUser8156
2022-10-02 23:12:33.226  INFO 75568 --- [pool-7-thread-1] tourGuide.service.TourGuideService       : Track Location for user internalUser3231
2022-10-02 23:12:33.227  INFO 75568 --- [    Test worker] tourGuide.service.TourGuideService       : Track Location for user internalUser9487
2022-10-02 23:12:33.227  INFO 75568 --- [pool-7-thread-1] tourGuide.service.TourGuideService       : Track Location for user internalUser4562
2022-10-02 23:12:33.227  INFO 75568 --- [    Test worker] tourGuide.service.TourGuideService       : Track Location for user internalUser8157
2022-10-02 23:12:33.227  INFO 75568 --- [pool-7-thread-1] tourGuide.service.TourGuideService       : Track Location for user internalUser5892
2022-10-02 23:12:33.227  INFO 75568 --- [    Test worker] tourGuide.service.TourGuideService       : Track Location for user internalUser9488
2022-10-02 23:12:33.228  INFO 75568 --- [pool-7-thread-1] tourGuide.service.TourGuideService       : Track Location for user internalUser3232
2022-10-02 23:12:33.228  INFO 75568 --- [    Test worker] tourGuide.service.TourGuideService       : Track Location for user internalUser268
2022-10-02 23:12:33.228  INFO 75568 --- [pool-7-thread-1] tourGuide.service.TourGuideService       : Track Location for user internalUser4563
2022-10-02 23:12:33.228  INFO 75568 --- [    Test worker] tourGuide.service.TourGuideService       : Track Location for user internalUser8154
2022-10-02 23:12:33.228  INFO 75568 --- [pool-7-thread-1] tourGuide.service.TourGuideService       : Track Location for user internalUser5895
2022-10-02 23:12:33.228  INFO 75568 --- [    Test worker] tourGuide.service.TourGuideService       : Track Location for user internalUser9485
2022-10-02 23:12:33.228  INFO 75568 --- [pool-7-thread-1] tourGuide.service.TourGuideService       : Track Location for user internalUser3233
2022-10-02 23:12:33.228  INFO 75568 --- [    Test worker] tourGuide.service.TourGuideService       : Track Location for user internalUser269
2022-10-02 23:12:33.229  INFO 75568 --- [pool-7-thread-1] tourGuide.service.TourGuideService       : Track Location for user internalUser4564
2022-10-02 23:12:33.229  INFO 75568 --- [    Test worker] tourGuide.service.TourGuideService       : Track Location for user internalUser8155
2022-10-02 23:12:33.229  INFO 75568 --- [pool-7-thread-1] tourGuide.service.TourGuideService       : Track Location for user internalUser5894
2022-10-02 23:12:33.229  INFO 75568 --- [    Test worker] tourGuide.service.TourGuideService       : Track Location for user internalUser9486
2022-10-02 23:12:33.229  INFO 75568 --- [pool-7-thread-1] tourGuide.service.TourGuideService       : Track Location for user internalUser3289
2022-10-02 23:12:33.229  INFO 75568 --- [    Test worker] tourGuide.service.TourGuideService       : Track Location for user internalUser266
2022-10-02 23:12:33.229  INFO 75568 --- [pool-7-thread-1] tourGuide.service.TourGuideService       : Track Location for user internalUser3281
2022-10-02 23:12:33.230  INFO 75568 --- [    Test worker] tourGuide.service.TourGuideService       : Track Location for user internalUser267
2022-10-02 23:12:33.230  INFO 75568 --- [pool-7-thread-1] tourGuide.service.TourGuideService       : Track Location for user internalUser3282
2022-10-02 23:12:33.230  INFO 75568 --- [    Test worker] tourGuide.service.TourGuideService       : Track Location for user internalUser264
2022-10-02 23:12:33.230  INFO 75568 --- [pool-7-thread-1] tourGuide.service.TourGuideService       : Track Location for user internalUser3283
2022-10-02 23:12:33.230  INFO 75568 --- [    Test worker] tourGuide.service.TourGuideService       : Track Location for user internalUser8158
2022-10-02 23:12:33.231  INFO 75568 --- [pool-7-thread-1] tourGuide.service.TourGuideService       : Track Location for user internalUser3284
2022-10-02 23:12:33.231  INFO 75568 --- [    Test worker] tourGuide.service.TourGuideService       : Track Location for user internalUser9489
2022-10-02 23:12:33.231  INFO 75568 --- [pool-7-thread-1] tourGuide.service.TourGuideService       : Track Location for user internalUser3285
2022-10-02 23:12:33.231  INFO 75568 --- [    Test worker] tourGuide.service.TourGuideService       : Track Location for user internalUser265
2022-10-02 23:12:33.231  INFO 75568 --- [pool-7-thread-1] tourGuide.service.TourGuideService       : Track Location for user internalUser3286
2022-10-02 23:12:33.231  INFO 75568 --- [    Test worker] tourGuide.service.TourGuideService       : Track Location for user internalUser8159
2022-10-02 23:12:33.232  INFO 75568 --- [pool-7-thread-1] tourGuide.service.TourGuideService       : Track Location for user internalUser3287
2022-10-02 23:12:33.232  INFO 75568 --- [    Test worker] tourGuide.service.TourGuideService       : Track Location for user internalUser9490
2022-10-02 23:12:33.232  INFO 75568 --- [pool-7-thread-1] tourGuide.service.TourGuideService       : Track Location for user internalUser3288
2022-10-02 23:12:33.232  INFO 75568 --- [    Test worker] tourGuide.service.TourGuideService       : Track Location for user internalUser8160
2022-10-02 23:12:33.232  INFO 75568 --- [pool-7-thread-1] tourGuide.service.TourGuideService       : Track Location for user internalUser3290
2022-10-02 23:12:33.232  INFO 75568 --- [    Test worker] tourGuide.service.TourGuideService       : Track Location for user internalUser9491
2022-10-02 23:12:33.233  INFO 75568 --- [pool-7-thread-1] tourGuide.service.TourGuideService       : Track Location for user internalUser3291
2022-10-02 23:12:33.233  INFO 75568 --- [    Test worker] tourGuide.service.TourGuideService       : Track Location for user internalUser8163
2022-10-02 23:12:33.233  INFO 75568 --- [pool-7-thread-1] tourGuide.service.TourGuideService       : Track Location for user internalUser3292
2022-10-02 23:12:33.233  INFO 75568 --- [    Test worker] tourGuide.service.TourGuideService       : Track Location for user internalUser9494
2022-10-02 23:12:33.233  INFO 75568 --- [pool-7-thread-1] tourGuide.service.TourGuideService       : Track Location for user internalUser3293
2022-10-02 23:12:33.233  INFO 75568 --- [    Test worker] tourGuide.service.TourGuideService       : Track Location for user internalUser8164
2022-10-02 23:12:33.233  INFO 75568 --- [pool-7-thread-1] tourGuide.service.TourGuideService       : Track Location for user internalUser3294
2022-10-02 23:12:33.233  INFO 75568 --- [    Test worker] tourGuide.service.TourGuideService       : Track Location for user internalUser9495
2022-10-02 23:12:33.234  INFO 75568 --- [pool-7-thread-1] tourGuide.service.TourGuideService       : Track Location for user internalUser3295
2022-10-02 23:12:33.234  INFO 75568 --- [    Test worker] tourGuide.service.TourGuideService       : Track Location for user internalUser8161
2022-10-02 23:12:33.234  INFO 75568 --- [pool-7-thread-1] tourGuide.service.TourGuideService       : Track Location for user internalUser3296
2022-10-02 23:12:33.234  INFO 75568 --- [    Test worker] tourGuide.service.TourGuideService       : Track Location for user internalUser9492
2022-10-02 23:12:33.234  INFO 75568 --- [pool-7-thread-1] tourGuide.service.TourGuideService       : Track Location for user internalUser3297
2022-10-02 23:12:33.234  INFO 75568 --- [    Test worker] tourGuide.service.TourGuideService       : Track Location for user internalUser8162
2022-10-02 23:12:33.235  INFO 75568 --- [pool-7-thread-1] tourGuide.service.TourGuideService       : Track Location for user internalUser3298
2022-10-02 23:12:33.235  INFO 75568 --- [    Test worker] tourGuide.service.TourGuideService       : Track Location for user internalUser9493
2022-10-02 23:12:33.235  INFO 75568 --- [pool-7-thread-1] tourGuide.service.TourGuideService       : Track Location for user internalUser3299
2022-10-02 23:12:33.235  INFO 75568 --- [    Test worker] tourGuide.service.TourGuideService       : Track Location for user internalUser273
2022-10-02 23:12:33.235  INFO 75568 --- [pool-7-thread-1] tourGuide.service.TourGuideService       : Track Location for user internalUser3267
2022-10-02 23:12:33.236  INFO 75568 --- [    Test worker] tourGuide.service.TourGuideService       : Track Location for user internalUser274
2022-10-02 23:12:33.236  INFO 75568 --- [pool-7-thread-1] tourGuide.service.TourGuideService       : Track Location for user internalUser4598
2022-10-02 23:12:33.236  INFO 75568 --- [    Test worker] tourGuide.service.TourGuideService       : Track Location for user internalUser271
2022-10-02 23:12:33.236  INFO 75568 --- [pool-7-thread-1] tourGuide.service.TourGuideService       : Track Location for user internalUser3268
2022-10-02 23:12:33.236  INFO 75568 --- [    Test worker] tourGuide.service.TourGuideService       : Track Location for user internalUser272
2022-10-02 23:12:33.236  INFO 75568 --- [pool-7-thread-1] tourGuide.service.TourGuideService       : Track Location for user internalUser4599
2022-10-02 23:12:33.237  INFO 75568 --- [    Test worker] tourGuide.service.TourGuideService       : Track Location for user internalUser270
2022-10-02 23:12:33.237  INFO 75568 --- [pool-7-thread-1] tourGuide.service.TourGuideService       : Track Location for user internalUser3269
2022-10-02 23:12:33.237  INFO 75568 --- [    Test worker] tourGuide.service.TourGuideService       : Track Location for user internalUser8167
2022-10-02 23:12:33.237  INFO 75568 --- [pool-7-thread-1] tourGuide.service.TourGuideService       : Track Location for user internalUser4590
2022-10-02 23:12:33.237  INFO 75568 --- [    Test worker] tourGuide.service.TourGuideService       : Track Location for user internalUser9498
2022-10-02 23:12:33.237  INFO 75568 --- [pool-7-thread-1] tourGuide.service.TourGuideService       : Track Location for user internalUser3260
2022-10-02 23:12:33.238  INFO 75568 --- [    Test worker] tourGuide.service.TourGuideService       : Track Location for user internalUser8168
2022-10-02 23:12:33.238  INFO 75568 --- [pool-7-thread-1] tourGuide.service.TourGuideService       : Track Location for user internalUser4591
2022-10-02 23:12:33.238  INFO 75568 --- [    Test worker] tourGuide.service.TourGuideService       : Track Location for user internalUser9499
2022-10-02 23:12:33.238  INFO 75568 --- [pool-7-thread-1] tourGuide.service.TourGuideService       : Track Location for user internalUser3261
2022-10-02 23:12:33.238  INFO 75568 --- [    Test worker] tourGuide.service.TourGuideService       : Track Location for user internalUser279
2022-10-02 23:12:33.238  INFO 75568 --- [pool-7-thread-1] tourGuide.service.TourGuideService       : Track Location for user internalUser4592
2022-10-02 23:12:33.238  INFO 75568 --- [    Test worker] tourGuide.service.TourGuideService       : Track Location for user internalUser8165
2022-10-02 23:12:33.239  INFO 75568 --- [pool-7-thread-1] tourGuide.service.TourGuideService       : Track Location for user internalUser3262
2022-10-02 23:12:33.239  INFO 75568 --- [    Test worker] tourGuide.service.TourGuideService       : Track Location for user internalUser9496
2022-10-02 23:12:33.239  INFO 75568 --- [pool-7-thread-1] tourGuide.service.TourGuideService       : Track Location for user internalUser4593
2022-10-02 23:12:33.239  INFO 75568 --- [    Test worker] tourGuide.service.TourGuideService       : Track Location for user internalUser8166
2022-10-02 23:12:33.239  INFO 75568 --- [pool-7-thread-1] tourGuide.service.TourGuideService       : Track Location for user internalUser3263
2022-10-02 23:12:33.239  INFO 75568 --- [    Test worker] tourGuide.service.TourGuideService       : Track Location for user internalUser9497
2022-10-02 23:12:33.239  INFO 75568 --- [pool-7-thread-1] tourGuide.service.TourGuideService       : Track Location for user internalUser4594
2022-10-02 23:12:33.240  INFO 75568 --- [    Test worker] tourGuide.service.TourGuideService       : Track Location for user internalUser277
2022-10-02 23:12:33.240  INFO 75568 --- [pool-7-thread-1] tourGuide.service.TourGuideService       : Track Location for user internalUser3264
2022-10-02 23:12:33.240  INFO 75568 --- [    Test worker] tourGuide.service.TourGuideService       : Track Location for user internalUser278
2022-10-02 23:12:33.240  INFO 75568 --- [pool-7-thread-1] tourGuide.service.TourGuideService       : Track Location for user internalUser4595
2022-10-02 23:12:33.240  INFO 75568 --- [    Test worker] tourGuide.service.TourGuideService       : Track Location for user internalUser275
2022-10-02 23:12:33.240  INFO 75568 --- [pool-7-thread-1] tourGuide.service.TourGuideService       : Track Location for user internalUser3265
2022-10-02 23:12:33.240  INFO 75568 --- [    Test worker] tourGuide.service.TourGuideService       : Track Location for user internalUser8169
2022-10-02 23:12:33.241  INFO 75568 --- [pool-7-thread-1] tourGuide.service.TourGuideService       : Track Location for user internalUser4596
2022-10-02 23:12:33.241  INFO 75568 --- [    Test worker] tourGuide.service.TourGuideService       : Track Location for user internalUser276
2022-10-02 23:12:33.241  INFO 75568 --- [pool-7-thread-1] tourGuide.service.TourGuideService       : Track Location for user internalUser3266
2022-10-02 23:12:33.241  INFO 75568 --- [    Test worker] tourGuide.service.TourGuideService       : Track Location for user internalUser8170
2022-10-02 23:12:33.241  INFO 75568 --- [pool-7-thread-1] tourGuide.service.TourGuideService       : Track Location for user internalUser4597
2022-10-02 23:12:33.241  INFO 75568 --- [    Test worker] tourGuide.service.TourGuideService       : Track Location for user internalUser8171
2022-10-02 23:12:33.242  INFO 75568 --- [pool-7-thread-1] tourGuide.service.TourGuideService       : Track Location for user internalUser3278
2022-10-02 23:12:33.242  INFO 75568 --- [    Test worker] tourGuide.service.TourGuideService       : Track Location for user internalUser8174
2022-10-02 23:12:33.242  INFO 75568 --- [pool-7-thread-1] tourGuide.service.TourGuideService       : Track Location for user internalUser3279
2022-10-02 23:12:33.242  INFO 75568 --- [    Test worker] tourGuide.service.TourGuideService       : Track Location for user internalUser8175
2022-10-02 23:12:33.242  INFO 75568 --- [pool-7-thread-1] tourGuide.service.TourGuideService       : Track Location for user internalUser3270
2022-10-02 23:12:33.242  INFO 75568 --- [    Test worker] tourGuide.service.TourGuideService       : Track Location for user internalUser8172
2022-10-02 23:12:33.242  INFO 75568 --- [pool-7-thread-1] tourGuide.service.TourGuideService       : Track Location for user internalUser3271
2022-10-02 23:12:33.243  INFO 75568 --- [    Test worker] tourGuide.service.TourGuideService       : Track Location for user internalUser8173
2022-10-02 23:12:33.243  INFO 75568 --- [pool-7-thread-1] tourGuide.service.TourGuideService       : Track Location for user internalUser3272
2022-10-02 23:12:33.243  INFO 75568 --- [    Test worker] tourGuide.service.TourGuideService       : Track Location for user internalUser204
2022-10-02 23:12:33.243  INFO 75568 --- [pool-7-thread-1] tourGuide.service.TourGuideService       : Track Location for user internalUser3273
2022-10-02 23:12:33.243  INFO 75568 --- [    Test worker] tourGuide.service.TourGuideService       : Track Location for user internalUser205
2022-10-02 23:12:33.243  INFO 75568 --- [pool-7-thread-1] tourGuide.service.TourGuideService       : Track Location for user internalUser3274
2022-10-02 23:12:33.244  INFO 75568 --- [    Test worker] tourGuide.service.TourGuideService       : Track Location for user internalUser202
2022-10-02 23:12:33.244  INFO 75568 --- [pool-7-thread-1] tourGuide.service.TourGuideService       : Track Location for user internalUser3275
2022-10-02 23:12:33.244  INFO 75568 --- [    Test worker] tourGuide.service.TourGuideService       : Track Location for user internalUser203
2022-10-02 23:12:33.244  INFO 75568 --- [pool-7-thread-1] tourGuide.service.TourGuideService       : Track Location for user internalUser3276
2022-10-02 23:12:33.244  INFO 75568 --- [    Test worker] tourGuide.service.TourGuideService       : Track Location for user internalUser200
2022-10-02 23:12:33.244  INFO 75568 --- [pool-7-thread-1] tourGuide.service.TourGuideService       : Track Location for user internalUser3277
2022-10-02 23:12:33.245  INFO 75568 --- [    Test worker] tourGuide.service.TourGuideService       : Track Location for user internalUser201
2022-10-02 23:12:33.245  INFO 75568 --- [pool-7-thread-1] tourGuide.service.TourGuideService       : Track Location for user internalUser3280
2022-10-02 23:12:33.245  INFO 75568 --- [    Test worker] tourGuide.service.TourGuideService       : Track Location for user internalUser208
2022-10-02 23:12:33.245  INFO 75568 --- [pool-7-thread-1] tourGuide.service.TourGuideService       : Track Location for user internalUser5820
2022-10-02 23:12:33.245  INFO 75568 --- [    Test worker] tourGuide.service.TourGuideService       : Track Location for user internalUser209
2022-10-02 23:12:33.245  INFO 75568 --- [pool-7-thread-1] tourGuide.service.TourGuideService       : Track Location for user internalUser5822
2022-10-02 23:12:33.246  INFO 75568 --- [    Test worker] tourGuide.service.TourGuideService       : Track Location for user internalUser206
2022-10-02 23:12:33.246  INFO 75568 --- [pool-7-thread-1] tourGuide.service.TourGuideService       : Track Location for user internalUser5821
2022-10-02 23:12:33.246  INFO 75568 --- [    Test worker] tourGuide.service.TourGuideService       : Track Location for user internalUser207
2022-10-02 23:12:33.246  INFO 75568 --- [pool-7-thread-1] tourGuide.service.TourGuideService       : Track Location for user internalUser5824
2022-10-02 23:12:33.246  INFO 75568 --- [    Test worker] tourGuide.service.TourGuideService       : Track Location for user internalUser215
2022-10-02 23:12:33.247  INFO 75568 --- [pool-7-thread-1] tourGuide.service.TourGuideService       : Track Location for user internalUser5823
2022-10-02 23:12:33.247  INFO 75568 --- [    Test worker] tourGuide.service.TourGuideService       : Track Location for user internalUser216
2022-10-02 23:12:33.247  INFO 75568 --- [pool-7-thread-1] tourGuide.service.TourGuideService       : Track Location for user internalUser5826
2022-10-02 23:12:33.247  INFO 75568 --- [    Test worker] tourGuide.service.TourGuideService       : Track Location for user internalUser213
2022-10-02 23:12:33.247  INFO 75568 --- [pool-7-thread-1] tourGuide.service.TourGuideService       : Track Location for user internalUser5825
2022-10-02 23:12:33.248  INFO 75568 --- [    Test worker] tourGuide.service.TourGuideService       : Track Location for user internalUser214
2022-10-02 23:12:33.248  INFO 75568 --- [pool-7-thread-1] tourGuide.service.TourGuideService       : Track Location for user internalUser8099
2022-10-02 23:12:33.248  INFO 75568 --- [    Test worker] tourGuide.service.TourGuideService       : Track Location for user internalUser211
2022-10-02 23:12:33.248  INFO 75568 --- [pool-7-thread-1] tourGuide.service.TourGuideService       : Track Location for user internalUser5828
2022-10-02 23:12:33.248  INFO 75568 --- [    Test worker] tourGuide.service.TourGuideService       : Track Location for user internalUser212
2022-10-02 23:12:33.249  INFO 75568 --- [pool-7-thread-1] tourGuide.service.TourGuideService       : Track Location for user internalUser5827
2022-10-02 23:12:33.249  INFO 75568 --- [    Test worker] tourGuide.service.TourGuideService       : Track Location for user internalUser210
2022-10-02 23:12:33.249  INFO 75568 --- [pool-7-thread-1] tourGuide.service.TourGuideService       : Track Location for user internalUser5829
2022-10-02 23:12:33.249  INFO 75568 --- [    Test worker] tourGuide.service.TourGuideService       : Track Location for user internalUser219
2022-10-02 23:12:33.249  INFO 75568 --- [pool-7-thread-1] tourGuide.service.TourGuideService       : Track Location for user internalUser5831
2022-10-02 23:12:33.249  INFO 75568 --- [    Test worker] tourGuide.service.TourGuideService       : Track Location for user internalUser217
2022-10-02 23:12:33.250  INFO 75568 --- [pool-7-thread-1] tourGuide.service.TourGuideService       : Track Location for user internalUser4500
2022-10-02 23:12:33.250  INFO 75568 --- [    Test worker] tourGuide.service.TourGuideService       : Track Location for user internalUser218
2022-10-02 23:12:33.250  INFO 75568 --- [pool-7-thread-1] tourGuide.service.TourGuideService       : Track Location for user internalUser5830
2022-10-02 23:12:33.250  INFO 75568 --- [    Test worker] tourGuide.service.TourGuideService       : Track Location for user internalUser226
2022-10-02 23:12:33.250  INFO 75568 --- [pool-7-thread-1] tourGuide.service.TourGuideService       : Track Location for user internalUser4501
2022-10-02 23:12:33.250  INFO 75568 --- [    Test worker] tourGuide.service.TourGuideService       : Track Location for user internalUser227
2022-10-02 23:12:33.251  INFO 75568 --- [pool-7-thread-1] tourGuide.service.TourGuideService       : Track Location for user internalUser5833
2022-10-02 23:12:33.251  INFO 75568 --- [    Test worker] tourGuide.service.TourGuideService       : Track Location for user internalUser224
2022-10-02 23:12:33.251  INFO 75568 --- [pool-7-thread-1] tourGuide.service.TourGuideService       : Track Location for user internalUser4502
2022-10-02 23:12:33.251  INFO 75568 --- [    Test worker] tourGuide.service.TourGuideService       : Track Location for user internalUser225
2022-10-02 23:12:33.251  INFO 75568 --- [pool-7-thread-1] tourGuide.service.TourGuideService       : Track Location for user internalUser5832
2022-10-02 23:12:33.251  INFO 75568 --- [    Test worker] tourGuide.service.TourGuideService       : Track Location for user internalUser222
2022-10-02 23:12:33.251  INFO 75568 --- [pool-7-thread-1] tourGuide.service.TourGuideService       : Track Location for user internalUser4503
2022-10-02 23:12:33.252  INFO 75568 --- [    Test worker] tourGuide.service.TourGuideService       : Track Location for user internalUser223
2022-10-02 23:12:33.252  INFO 75568 --- [pool-7-thread-1] tourGuide.service.TourGuideService       : Track Location for user internalUser5835
2022-10-02 23:12:33.252  INFO 75568 --- [    Test worker] tourGuide.service.TourGuideService       : Track Location for user internalUser220
2022-10-02 23:12:33.252  INFO 75568 --- [pool-7-thread-1] tourGuide.service.TourGuideService       : Track Location for user internalUser4504
2022-10-02 23:12:33.252  INFO 75568 --- [    Test worker] tourGuide.service.TourGuideService       : Track Location for user internalUser221
2022-10-02 23:12:33.252  INFO 75568 --- [pool-7-thread-1] tourGuide.service.TourGuideService       : Track Location for user internalUser5834
2022-10-02 23:12:33.252  INFO 75568 --- [    Test worker] tourGuide.service.TourGuideService       : Track Location for user internalUser228
2022-10-02 23:12:33.253  INFO 75568 --- [pool-7-thread-1] tourGuide.service.TourGuideService       : Track Location for user internalUser4505
2022-10-02 23:12:33.253  INFO 75568 --- [    Test worker] tourGuide.service.TourGuideService       : Track Location for user internalUser229
2022-10-02 23:12:33.253  INFO 75568 --- [pool-7-thread-1] tourGuide.service.TourGuideService       : Track Location for user internalUser5837
2022-10-02 23:12:33.253  INFO 75568 --- [    Test worker] tourGuide.service.TourGuideService       : Track Location for user internalUser230
2022-10-02 23:12:33.253  INFO 75568 --- [pool-7-thread-1] tourGuide.service.TourGuideService       : Track Location for user internalUser4506
2022-10-02 23:12:33.253  INFO 75568 --- [    Test worker] tourGuide.service.TourGuideService       : Track Location for user internalUser237
2022-10-02 23:12:33.254  INFO 75568 --- [pool-7-thread-1] tourGuide.service.TourGuideService       : Track Location for user internalUser5836
2022-10-02 23:12:33.254  INFO 75568 --- [    Test worker] tourGuide.service.TourGuideService       : Track Location for user internalUser238
2022-10-02 23:12:33.254  INFO 75568 --- [pool-7-thread-1] tourGuide.service.TourGuideService       : Track Location for user internalUser4507
2022-10-02 23:12:33.254  INFO 75568 --- [    Test worker] tourGuide.service.TourGuideService       : Track Location for user internalUser235
2022-10-02 23:12:33.254  INFO 75568 --- [pool-7-thread-1] tourGuide.service.TourGuideService       : Track Location for user internalUser5839
2022-10-02 23:12:33.254  INFO 75568 --- [    Test worker] tourGuide.service.TourGuideService       : Track Location for user internalUser236
2022-10-02 23:12:33.254  INFO 75568 --- [pool-7-thread-1] tourGuide.service.TourGuideService       : Track Location for user internalUser4508
2022-10-02 23:12:33.255  INFO 75568 --- [    Test worker] tourGuide.service.TourGuideService       : Track Location for user internalUser233
2022-10-02 23:12:33.255  INFO 75568 --- [pool-7-thread-1] tourGuide.service.TourGuideService       : Track Location for user internalUser5838
2022-10-02 23:12:33.255  INFO 75568 --- [    Test worker] tourGuide.service.TourGuideService       : Track Location for user internalUser234
2022-10-02 23:12:33.255  INFO 75568 --- [pool-7-thread-1] tourGuide.service.TourGuideService       : Track Location for user internalUser4509
2022-10-02 23:12:33.255  INFO 75568 --- [    Test worker] tourGuide.service.TourGuideService       : Track Location for user internalUser231
2022-10-02 23:12:33.255  INFO 75568 --- [pool-7-thread-1] tourGuide.service.TourGuideService       : Track Location for user internalUser5800
2022-10-02 23:12:33.256  INFO 75568 --- [    Test worker] tourGuide.service.TourGuideService       : Track Location for user internalUser232
2022-10-02 23:12:33.256  INFO 75568 --- [pool-7-thread-1] tourGuide.service.TourGuideService       : Track Location for user internalUser5802
2022-10-02 23:12:33.256  INFO 75568 --- [    Test worker] tourGuide.service.TourGuideService       : Track Location for user internalUser239
2022-10-02 23:12:33.256  INFO 75568 --- [pool-7-thread-1] tourGuide.service.TourGuideService       : Track Location for user internalUser5801
2022-10-02 23:12:33.256  INFO 75568 --- [    Test worker] tourGuide.service.TourGuideService       : Track Location for user internalUser9429
2022-10-02 23:12:33.256  INFO 75568 --- [pool-7-thread-1] tourGuide.service.TourGuideService       : Track Location for user internalUser5804
2022-10-02 23:12:33.257  INFO 75568 --- [    Test worker] tourGuide.service.TourGuideService       : Track Location for user internalUser9427
2022-10-02 23:12:33.257  INFO 75568 --- [pool-7-thread-1] tourGuide.service.TourGuideService       : Track Location for user internalUser5803
2022-10-02 23:12:33.257  INFO 75568 --- [    Test worker] tourGuide.service.TourGuideService       : Track Location for user internalUser9428
2022-10-02 23:12:33.257  INFO 75568 --- [pool-7-thread-1] tourGuide.service.TourGuideService       : Track Location for user internalUser8079
2022-10-02 23:12:33.257  INFO 75568 --- [    Test worker] tourGuide.service.TourGuideService       : Track Location for user internalUser9421
2022-10-02 23:12:33.257  INFO 75568 --- [pool-7-thread-1] tourGuide.service.TourGuideService       : Track Location for user internalUser8077
2022-10-02 23:12:33.258  INFO 75568 --- [    Test worker] tourGuide.service.TourGuideService       : Track Location for user internalUser9422
2022-10-02 23:12:33.258  INFO 75568 --- [pool-7-thread-1] tourGuide.service.TourGuideService       : Track Location for user internalUser8078
2022-10-02 23:12:33.258  INFO 75568 --- [    Test worker] tourGuide.service.TourGuideService       : Track Location for user internalUser9420
2022-10-02 23:12:33.258  INFO 75568 --- [pool-7-thread-1] tourGuide.service.TourGuideService       : Track Location for user internalUser8082
2022-10-02 23:12:33.258  INFO 75568 --- [    Test worker] tourGuide.service.TourGuideService       : Track Location for user internalUser9425
2022-10-02 23:12:33.259  INFO 75568 --- [pool-7-thread-1] tourGuide.service.TourGuideService       : Track Location for user internalUser8083
2022-10-02 23:12:33.259  INFO 75568 --- [    Test worker] tourGuide.service.TourGuideService       : Track Location for user internalUser9426
2022-10-02 23:12:33.259  INFO 75568 --- [pool-7-thread-1] tourGuide.service.TourGuideService       : Track Location for user internalUser8080
2022-10-02 23:12:33.259  INFO 75568 --- [    Test worker] tourGuide.service.TourGuideService       : Track Location for user internalUser9423
2022-10-02 23:12:33.259  INFO 75568 --- [pool-7-thread-1] tourGuide.service.TourGuideService       : Track Location for user internalUser8081
2022-10-02 23:12:33.259  INFO 75568 --- [    Test worker] tourGuide.service.TourGuideService       : Track Location for user internalUser9424
2022-10-02 23:12:33.260  INFO 75568 --- [pool-7-thread-1] tourGuide.service.TourGuideService       : Track Location for user internalUser8086
2022-10-02 23:12:33.260  INFO 75568 --- [    Test worker] tourGuide.service.TourGuideService       : Track Location for user internalUser8109
2022-10-02 23:12:33.260  INFO 75568 --- [pool-7-thread-1] tourGuide.service.TourGuideService       : Track Location for user internalUser8087
2022-10-02 23:12:33.260  INFO 75568 --- [    Test worker] tourGuide.service.TourGuideService       : Track Location for user internalUser8107
2022-10-02 23:12:33.260  INFO 75568 --- [pool-7-thread-1] tourGuide.service.TourGuideService       : Track Location for user internalUser8084
2022-10-02 23:12:33.260  INFO 75568 --- [    Test worker] tourGuide.service.TourGuideService       : Track Location for user internalUser9438
2022-10-02 23:12:33.261  INFO 75568 --- [pool-7-thread-1] tourGuide.service.TourGuideService       : Track Location for user internalUser8085
2022-10-02 23:12:33.261  INFO 75568 --- [    Test worker] tourGuide.service.TourGuideService       : Track Location for user internalUser8108
2022-10-02 23:12:33.262  INFO 75568 --- [pool-7-thread-1] tourGuide.service.TourGuideService       : Track Location for user internalUser5806
2022-10-02 23:12:33.262  INFO 75568 --- [    Test worker] tourGuide.service.TourGuideService       : Track Location for user internalUser9439
2022-10-02 23:12:33.262  INFO 75568 --- [    Test worker] tourGuide.service.TourGuideService       : Track Location for user internalUser8101
2022-10-02 23:12:33.262  INFO 75568 --- [    Test worker] tourGuide.service.TourGuideService       : Track Location for user internalUser9432
2022-10-02 23:12:33.263  INFO 75568 --- [    Test worker] tourGuide.service.TourGuideService       : Track Location for user internalUser8102
2022-10-02 23:12:33.263  INFO 75568 --- [pool-7-thread-1] tourGuide.service.TourGuideService       : Track Location for user internalUser5805
2022-10-02 23:12:33.263  INFO 75568 --- [    Test worker] tourGuide.service.TourGuideService       : Track Location for user internalUser9433
2022-10-02 23:12:33.263  INFO 75568 --- [    Test worker] tourGuide.service.TourGuideService       : Track Location for user internalUser9430
2022-10-02 23:12:33.263  INFO 75568 --- [pool-7-thread-1] tourGuide.service.TourGuideService       : Track Location for user internalUser5808
2022-10-02 23:12:33.264  INFO 75568 --- [    Test worker] tourGuide.service.TourGuideService       : Track Location for user internalUser8100
2022-10-02 23:12:33.264  INFO 75568 --- [    Test worker] tourGuide.service.TourGuideService       : Track Location for user internalUser9431
2022-10-02 23:12:33.264  INFO 75568 --- [    Test worker] tourGuide.service.TourGuideService       : Track Location for user internalUser8105
2022-10-02 23:12:33.264  INFO 75568 --- [    Test worker] tourGuide.service.TourGuideService       : Track Location for user internalUser9436
2022-10-02 23:12:33.264  INFO 75568 --- [pool-7-thread-1] tourGuide.service.TourGuideService       : Track Location for user internalUser5807
2022-10-02 23:12:33.265  INFO 75568 --- [    Test worker] tourGuide.service.TourGuideService       : Track Location for user internalUser8106
2022-10-02 23:12:33.265  INFO 75568 --- [    Test worker] tourGuide.service.TourGuideService       : Track Location for user internalUser9437
2022-10-02 23:12:33.265  INFO 75568 --- [    Test worker] tourGuide.service.TourGuideService       : Track Location for user internalUser8103
2022-10-02 23:12:33.265  INFO 75568 --- [    Test worker] tourGuide.service.TourGuideService       : Track Location for user internalUser9434
2022-10-02 23:12:33.266  INFO 75568 --- [    Test worker] tourGuide.service.TourGuideService       : Track Location for user internalUser8104
2022-10-02 23:12:33.266  INFO 75568 --- [    Test worker] tourGuide.service.TourGuideService       : Track Location for user internalUser9435
2022-10-02 23:12:33.266  INFO 75568 --- [    Test worker] tourGuide.service.TourGuideService       : Track Location for user internalUser9440
2022-10-02 23:12:33.267  INFO 75568 --- [    Test worker] tourGuide.service.TourGuideService       : Track Location for user internalUser9407
2022-10-02 23:12:33.267  INFO 75568 --- [    Test worker] tourGuide.service.TourGuideService       : Track Location for user internalUser9408
2022-10-02 23:12:33.267  INFO 75568 --- [    Test worker] tourGuide.service.TourGuideService       : Track Location for user internalUser9405
2022-10-02 23:12:33.268  INFO 75568 --- [    Test worker] tourGuide.service.TourGuideService       : Track Location for user internalUser9406
2022-10-02 23:12:33.268  INFO 75568 --- [pool-7-thread-1] tourGuide.service.TourGuideService       : Track Location for user internalUser5809
2022-10-02 23:12:33.268  INFO 75568 --- [    Test worker] tourGuide.service.TourGuideService       : Track Location for user internalUser9409
2022-10-02 23:12:33.268  INFO 75568 --- [    Test worker] tourGuide.service.TourGuideService       : Track Location for user internalUser9400
2022-10-02 23:12:33.269  INFO 75568 --- [    Test worker] tourGuide.service.TourGuideService       : Track Location for user internalUser9403
2022-10-02 23:12:33.269  INFO 75568 --- [    Test worker] tourGuide.service.TourGuideService       : Track Location for user internalUser9404
2022-10-02 23:12:33.269  INFO 75568 --- [    Test worker] tourGuide.service.TourGuideService       : Track Location for user internalUser9401
2022-10-02 23:12:33.269  INFO 75568 --- [pool-7-thread-1] tourGuide.service.TourGuideService       : Track Location for user internalUser5811
2022-10-02 23:12:33.269  INFO 75568 --- [    Test worker] tourGuide.service.TourGuideService       : Track Location for user internalUser9402
2022-10-02 23:12:33.270  INFO 75568 --- [pool-7-thread-1] tourGuide.service.TourGuideService       : Track Location for user internalUser5810
2022-10-02 23:12:33.270  INFO 75568 --- [    Test worker] tourGuide.service.TourGuideService       : Track Location for user internalUser9418
2022-10-02 23:12:33.270  INFO 75568 --- [    Test worker] tourGuide.service.TourGuideService       : Track Location for user internalUser9419
2022-10-02 23:12:33.270  INFO 75568 --- [    Test worker] tourGuide.service.TourGuideService       : Track Location for user internalUser9416
2022-10-02 23:12:33.271  INFO 75568 --- [    Test worker] tourGuide.service.TourGuideService       : Track Location for user internalUser9417
2022-10-02 23:12:33.271  INFO 75568 --- [    Test worker] tourGuide.service.TourGuideService       : Track Location for user internalUser9410
2022-10-02 23:12:33.272  INFO 75568 --- [    Test worker] tourGuide.service.TourGuideService       : Track Location for user internalUser9411
2022-10-02 23:12:33.272  INFO 75568 --- [pool-7-thread-1] tourGuide.service.TourGuideService       : Track Location for user internalUser5813
2022-10-02 23:12:33.272  INFO 75568 --- [pool-7-thread-1] tourGuide.service.TourGuideService       : Track Location for user internalUser5812
2022-10-02 23:12:33.272  INFO 75568 --- [pool-7-thread-1] tourGuide.service.TourGuideService       : Track Location for user internalUser5815
2022-10-02 23:12:33.273  INFO 75568 --- [    Test worker] tourGuide.service.TourGuideService       : Track Location for user internalUser9414
2022-10-02 23:12:33.273  INFO 75568 --- [pool-7-thread-1] tourGuide.service.TourGuideService       : Track Location for user internalUser5814
2022-10-02 23:12:33.273  INFO 75568 --- [pool-7-thread-1] tourGuide.service.TourGuideService       : Track Location for user internalUser8088
2022-10-02 23:12:33.274  INFO 75568 --- [    Test worker] tourGuide.service.TourGuideService       : Track Location for user internalUser9415
2022-10-02 23:12:33.274  INFO 75568 --- [pool-7-thread-1] tourGuide.service.TourGuideService       : Track Location for user internalUser8089
2022-10-02 23:12:33.274  INFO 75568 --- [    Test worker] tourGuide.service.TourGuideService       : Track Location for user internalUser9412
2022-10-02 23:12:33.275  INFO 75568 --- [pool-7-thread-1] tourGuide.service.TourGuideService       : Track Location for user internalUser8093
2022-10-02 23:12:33.275  INFO 75568 --- [pool-7-thread-1] tourGuide.service.TourGuideService       : Track Location for user internalUser8094
2022-10-02 23:12:33.275  INFO 75568 --- [    Test worker] tourGuide.service.TourGuideService       : Track Location for user internalUser9413
2022-10-02 23:12:33.275  INFO 75568 --- [pool-7-thread-1] tourGuide.service.TourGuideService       : Track Location for user internalUser8091
2022-10-02 23:12:33.276  INFO 75568 --- [    Test worker] tourGuide.service.TourGuideService       : Track Location for user internalUser3245
2022-10-02 23:12:33.276  INFO 75568 --- [pool-7-thread-1] tourGuide.service.TourGuideService       : Track Location for user internalUser8092
2022-10-02 23:12:33.277  INFO 75568 --- [pool-7-thread-1] tourGuide.service.TourGuideService       : Track Location for user internalUser8097
2022-10-02 23:12:33.277  INFO 75568 --- [    Test worker] tourGuide.service.TourGuideService       : Track Location for user internalUser4576
2022-10-02 23:12:33.277  INFO 75568 --- [pool-7-thread-1] tourGuide.service.TourGuideService       : Track Location for user internalUser8098
2022-10-02 23:12:33.277  INFO 75568 --- [pool-7-thread-1] tourGuide.service.TourGuideService       : Track Location for user internalUser8095
2022-10-02 23:12:33.278  INFO 75568 --- [    Test worker] tourGuide.service.TourGuideService       : Track Location for user internalUser3246
2022-10-02 23:12:33.278  INFO 75568 --- [pool-7-thread-1] tourGuide.service.TourGuideService       : Track Location for user internalUser8096
2022-10-02 23:12:33.278  INFO 75568 --- [    Test worker] tourGuide.service.TourGuideService       : Track Location for user internalUser4577
2022-10-02 23:12:33.278  INFO 75568 --- [pool-7-thread-1] tourGuide.service.TourGuideService       : Track Location for user internalUser5817
2022-10-02 23:12:33.278  INFO 75568 --- [pool-7-thread-1] tourGuide.service.TourGuideService       : Track Location for user internalUser5816
2022-10-02 23:12:33.279  INFO 75568 --- [    Test worker] tourGuide.service.TourGuideService       : Track Location for user internalUser3247
2022-10-02 23:12:33.279  INFO 75568 --- [pool-7-thread-1] tourGuide.service.TourGuideService       : Track Location for user internalUser5819
2022-10-02 23:12:33.279  INFO 75568 --- [pool-7-thread-1] tourGuide.service.TourGuideService       : Track Location for user internalUser5818
2022-10-02 23:12:33.279  INFO 75568 --- [    Test worker] tourGuide.service.TourGuideService       : Track Location for user internalUser4578
2022-10-02 23:12:33.279  INFO 75568 --- [pool-7-thread-1] tourGuide.service.TourGuideService       : Track Location for user internalUser8090
2022-10-02 23:12:33.280  INFO 75568 --- [    Test worker] tourGuide.service.TourGuideService       : Track Location for user internalUser3248
2022-10-02 23:12:33.280  INFO 75568 --- [    Test worker] tourGuide.service.TourGuideService       : Track Location for user internalUser4579
2022-10-02 23:12:33.280  INFO 75568 --- [    Test worker] tourGuide.service.TourGuideService       : Track Location for user internalUser3249
2022-10-02 23:12:33.280  INFO 75568 --- [    Test worker] tourGuide.service.TourGuideService       : Track Location for user internalUser4570
2022-10-02 23:12:33.280  INFO 75568 --- [pool-7-thread-1] tourGuide.service.TourGuideService       : Track Location for user internalUser3201
2022-10-02 23:12:33.281  INFO 75568 --- [    Test worker] tourGuide.service.TourGuideService       : Track Location for user internalUser3240
2022-10-02 23:12:33.281  INFO 75568 --- [pool-7-thread-1] tourGuide.service.TourGuideService       : Track Location for user internalUser4532
2022-10-02 23:12:33.281  INFO 75568 --- [    Test worker] tourGuide.service.TourGuideService       : Track Location for user internalUser4571
2022-10-02 23:12:33.281  INFO 75568 --- [pool-7-thread-1] tourGuide.service.TourGuideService       : Track Location for user internalUser5864
2022-10-02 23:12:33.282  INFO 75568 --- [    Test worker] tourGuide.service.TourGuideService       : Track Location for user internalUser3241
2022-10-02 23:12:33.282  INFO 75568 --- [pool-7-thread-1] tourGuide.service.TourGuideService       : Track Location for user internalUser3202
2022-10-02 23:12:33.282  INFO 75568 --- [    Test worker] tourGuide.service.TourGuideService       : Track Location for user internalUser4572
2022-10-02 23:12:33.282  INFO 75568 --- [pool-7-thread-1] tourGuide.service.TourGuideService       : Track Location for user internalUser4533
2022-10-02 23:12:33.282  INFO 75568 --- [    Test worker] tourGuide.service.TourGuideService       : Track Location for user internalUser3242
2022-10-02 23:12:33.282  INFO 75568 --- [pool-7-thread-1] tourGuide.service.TourGuideService       : Track Location for user internalUser5863
2022-10-02 23:12:33.283  INFO 75568 --- [    Test worker] tourGuide.service.TourGuideService       : Track Location for user internalUser4573
2022-10-02 23:12:33.283  INFO 75568 --- [    Test worker] tourGuide.service.TourGuideService       : Track Location for user internalUser3243
2022-10-02 23:12:33.283  INFO 75568 --- [pool-7-thread-1] tourGuide.service.TourGuideService       : Track Location for user internalUser3203
2022-10-02 23:12:33.283  INFO 75568 --- [    Test worker] tourGuide.service.TourGuideService       : Track Location for user internalUser4574
2022-10-02 23:12:33.284  INFO 75568 --- [pool-7-thread-1] tourGuide.service.TourGuideService       : Track Location for user internalUser4534
2022-10-02 23:12:33.284  INFO 75568 --- [pool-7-thread-1] tourGuide.service.TourGuideService       : Track Location for user internalUser5866
2022-10-02 23:12:33.284  INFO 75568 --- [    Test worker] tourGuide.service.TourGuideService       : Track Location for user internalUser3244
2022-10-02 23:12:33.284  INFO 75568 --- [pool-7-thread-1] tourGuide.service.TourGuideService       : Track Location for user internalUser3204
2022-10-02 23:12:33.285  INFO 75568 --- [    Test worker] tourGuide.service.TourGuideService       : Track Location for user internalUser4575
2022-10-02 23:12:33.285  INFO 75568 --- [pool-7-thread-1] tourGuide.service.TourGuideService       : Track Location for user internalUser4535
2022-10-02 23:12:33.285  INFO 75568 --- [pool-7-thread-1] tourGuide.service.TourGuideService       : Track Location for user internalUser5865
2022-10-02 23:12:33.285  INFO 75568 --- [pool-7-thread-1] tourGuide.service.TourGuideService       : Track Location for user internalUser3205
2022-10-02 23:12:33.285  INFO 75568 --- [pool-7-thread-1] tourGuide.service.TourGuideService       : Track Location for user internalUser4536
2022-10-02 23:12:33.286  INFO 75568 --- [pool-7-thread-1] tourGuide.service.TourGuideService       : Track Location for user internalUser5868
2022-10-02 23:12:33.286  INFO 75568 --- [    Test worker] tourGuide.service.TourGuideService       : Track Location for user internalUser3256
2022-10-02 23:12:33.286  INFO 75568 --- [pool-7-thread-1] tourGuide.service.TourGuideService       : Track Location for user internalUser3206
2022-10-02 23:12:33.286  INFO 75568 --- [pool-7-thread-1] tourGuide.service.TourGuideService       : Track Location for user internalUser4537
2022-10-02 23:12:33.287  INFO 75568 --- [pool-7-thread-1] tourGuide.service.TourGuideService       : Track Location for user internalUser5867
2022-10-02 23:12:33.287  INFO 75568 --- [pool-7-thread-1] tourGuide.service.TourGuideService       : Track Location for user internalUser3207
2022-10-02 23:12:33.287  INFO 75568 --- [    Test worker] tourGuide.service.TourGuideService       : Track Location for user internalUser4587
2022-10-02 23:12:33.287  INFO 75568 --- [pool-7-thread-1] tourGuide.service.TourGuideService       : Track Location for user internalUser4538
2022-10-02 23:12:33.288  INFO 75568 --- [pool-7-thread-1] tourGuide.service.TourGuideService       : Track Location for user internalUser3208
2022-10-02 23:12:33.288  INFO 75568 --- [pool-7-thread-1] tourGuide.service.TourGuideService       : Track Location for user internalUser4539
2022-10-02 23:12:33.288  INFO 75568 --- [pool-7-thread-1] tourGuide.service.TourGuideService       : Track Location for user internalUser5869
2022-10-02 23:12:33.288  INFO 75568 --- [pool-7-thread-1] tourGuide.service.TourGuideService       : Track Location for user internalUser5860
2022-10-02 23:12:33.288  INFO 75568 --- [pool-7-thread-1] tourGuide.service.TourGuideService       : Track Location for user internalUser4530
2022-10-02 23:12:33.289  INFO 75568 --- [    Test worker] tourGuide.service.TourGuideService       : Track Location for user internalUser3257
2022-10-02 23:12:33.289  INFO 75568 --- [pool-7-thread-1] tourGuide.service.TourGuideService       : Track Location for user internalUser5862
2022-10-02 23:12:33.289  INFO 75568 --- [    Test worker] tourGuide.service.TourGuideService       : Track Location for user internalUser4588
2022-10-02 23:12:33.289  INFO 75568 --- [pool-7-thread-1] tourGuide.service.TourGuideService       : Track Location for user internalUser3200
2022-10-02 23:12:33.290  INFO 75568 --- [pool-7-thread-1] tourGuide.service.TourGuideService       : Track Location for user internalUser4531
2022-10-02 23:12:33.290  INFO 75568 --- [pool-7-thread-1] tourGuide.service.TourGuideService       : Track Location for user internalUser5861
2022-10-02 23:12:33.290  INFO 75568 --- [    Test worker] tourGuide.service.TourGuideService       : Track Location for user internalUser3258
2022-10-02 23:12:33.291  INFO 75568 --- [    Test worker] tourGuide.service.TourGuideService       : Track Location for user internalUser4589
2022-10-02 23:12:33.291  INFO 75568 --- [pool-7-thread-1] tourGuide.service.TourGuideService       : Track Location for user internalUser3209
2022-10-02 23:12:33.291  INFO 75568 --- [pool-7-thread-1] tourGuide.service.TourGuideService       : Track Location for user internalUser3212
2022-10-02 23:12:33.292  INFO 75568 --- [    Test worker] tourGuide.service.TourGuideService       : Track Location for user internalUser3259
2022-10-02 23:12:33.293  INFO 75568 --- [pool-7-thread-1] tourGuide.service.TourGuideService       : Track Location for user internalUser4543
2022-10-02 23:12:33.293  INFO 75568 --- [    Test worker] tourGuide.service.TourGuideService       : Track Location for user internalUser4580
2022-10-02 23:12:33.294  INFO 75568 --- [    Test worker] tourGuide.service.TourGuideService       : Track Location for user internalUser3250
2022-10-02 23:12:33.294  INFO 75568 --- [pool-7-thread-1] tourGuide.service.TourGuideService       : Track Location for user internalUser5875
2022-10-02 23:12:33.294  INFO 75568 --- [    Test worker] tourGuide.service.TourGuideService       : Track Location for user internalUser4581
2022-10-02 23:12:33.295  INFO 75568 --- [    Test worker] tourGuide.service.TourGuideService       : Track Location for user internalUser3251
2022-10-02 23:12:33.295  INFO 75568 --- [    Test worker] tourGuide.service.TourGuideService       : Track Location for user internalUser4582
2022-10-02 23:12:33.295  INFO 75568 --- [    Test worker] tourGuide.service.TourGuideService       : Track Location for user internalUser3252
2022-10-02 23:12:33.295  INFO 75568 --- [    Test worker] tourGuide.service.TourGuideService       : Track Location for user internalUser4583
2022-10-02 23:12:33.296  INFO 75568 --- [    Test worker] tourGuide.service.TourGuideService       : Track Location for user internalUser3253
2022-10-02 23:12:33.296  INFO 75568 --- [    Test worker] tourGuide.service.TourGuideService       : Track Location for user internalUser4584
2022-10-02 23:12:33.296  INFO 75568 --- [    Test worker] tourGuide.service.TourGuideService       : Track Location for user internalUser3254
2022-10-02 23:12:33.296  INFO 75568 --- [    Test worker] tourGuide.service.TourGuideService       : Track Location for user internalUser4585
2022-10-02 23:12:33.296  INFO 75568 --- [    Test worker] tourGuide.service.TourGuideService       : Track Location for user internalUser3255
2022-10-02 23:12:33.297  INFO 75568 --- [    Test worker] tourGuide.service.TourGuideService       : Track Location for user internalUser4586
2022-10-02 23:12:33.297  INFO 75568 --- [    Test worker] tourGuide.service.TourGuideService       : Track Location for user internalUser3223
2022-10-02 23:12:33.297  INFO 75568 --- [    Test worker] tourGuide.service.TourGuideService       : Track Location for user internalUser4554
2022-10-02 23:12:33.297  INFO 75568 --- [    Test worker] tourGuide.service.TourGuideService       : Track Location for user internalUser5886
2022-10-02 23:12:33.298  INFO 75568 --- [    Test worker] tourGuide.service.TourGuideService       : Track Location for user internalUser3224
2022-10-02 23:12:33.298  INFO 75568 --- [    Test worker] tourGuide.service.TourGuideService       : Track Location for user internalUser4555
2022-10-02 23:12:33.298  INFO 75568 --- [    Test worker] tourGuide.service.TourGuideService       : Track Location for user internalUser5885
2022-10-02 23:12:33.302  INFO 75568 --- [    Test worker] tourGuide.service.TourGuideService       : Track Location for user internalUser3225
2022-10-02 23:12:33.303  INFO 75568 --- [    Test worker] tourGuide.service.TourGuideService       : Track Location for user internalUser4556
2022-10-02 23:12:33.304  INFO 75568 --- [pool-7-thread-1] tourGuide.service.TourGuideService       : Track Location for user internalUser3213
2022-10-02 23:12:33.304  INFO 75568 --- [pool-7-thread-1] tourGuide.service.TourGuideService       : Track Location for user internalUser4544
2022-10-02 23:12:33.305  INFO 75568 --- [    Test worker] tourGuide.service.TourGuideService       : Track Location for user internalUser5888
2022-10-02 23:12:33.305  INFO 75568 --- [    Test worker] tourGuide.service.TourGuideService       : Track Location for user internalUser3226
2022-10-02 23:12:33.306  INFO 75568 --- [    Test worker] tourGuide.service.TourGuideService       : Track Location for user internalUser4557
2022-10-02 23:12:33.306  INFO 75568 --- [    Test worker] tourGuide.service.TourGuideService       : Track Location for user internalUser5887
2022-10-02 23:12:33.306  INFO 75568 --- [    Test worker] tourGuide.service.TourGuideService       : Track Location for user internalUser3227
2022-10-02 23:12:33.306  INFO 75568 --- [pool-7-thread-1] tourGuide.service.TourGuideService       : Track Location for user internalUser5874
2022-10-02 23:12:33.306  INFO 75568 --- [    Test worker] tourGuide.service.TourGuideService       : Track Location for user internalUser4558
2022-10-02 23:12:33.307  INFO 75568 --- [pool-7-thread-1] tourGuide.service.TourGuideService       : Track Location for user internalUser3214
2022-10-02 23:12:33.307  INFO 75568 --- [    Test worker] tourGuide.service.TourGuideService       : Track Location for user internalUser3228
2022-10-02 23:12:33.307  INFO 75568 --- [pool-7-thread-1] tourGuide.service.TourGuideService       : Track Location for user internalUser4545
2022-10-02 23:12:33.307  INFO 75568 --- [    Test worker] tourGuide.service.TourGuideService       : Track Location for user internalUser4559
2022-10-02 23:12:33.307  INFO 75568 --- [pool-7-thread-1] tourGuide.service.TourGuideService       : Track Location for user internalUser5877
2022-10-02 23:12:33.308  INFO 75568 --- [    Test worker] tourGuide.service.TourGuideService       : Track Location for user internalUser5889
2022-10-02 23:12:33.308  INFO 75568 --- [pool-7-thread-1] tourGuide.service.TourGuideService       : Track Location for user internalUser3215
2022-10-02 23:12:33.308  INFO 75568 --- [    Test worker] tourGuide.service.TourGuideService       : Track Location for user internalUser3229
2022-10-02 23:12:33.308  INFO 75568 --- [pool-7-thread-1] tourGuide.service.TourGuideService       : Track Location for user internalUser4546
2022-10-02 23:12:33.308  INFO 75568 --- [    Test worker] tourGuide.service.TourGuideService       : Track Location for user internalUser5880
2022-10-02 23:12:33.309  INFO 75568 --- [pool-7-thread-1] tourGuide.service.TourGuideService       : Track Location for user internalUser5876
2022-10-02 23:12:33.309  INFO 75568 --- [    Test worker] tourGuide.service.TourGuideService       : Track Location for user internalUser4550
2022-10-02 23:12:33.309  INFO 75568 --- [    Test worker] tourGuide.service.TourGuideService       : Track Location for user internalUser5882
2022-10-02 23:12:33.309  INFO 75568 --- [    Test worker] tourGuide.service.TourGuideService       : Track Location for user internalUser3220
2022-10-02 23:12:33.310  INFO 75568 --- [    Test worker] tourGuide.service.TourGuideService       : Track Location for user internalUser4551
2022-10-02 23:12:33.310  INFO 75568 --- [    Test worker] tourGuide.service.TourGuideService       : Track Location for user internalUser5881
2022-10-02 23:12:33.311  INFO 75568 --- [    Test worker] tourGuide.service.TourGuideService       : Track Location for user internalUser3221
2022-10-02 23:12:33.311  INFO 75568 --- [    Test worker] tourGuide.service.TourGuideService       : Track Location for user internalUser4552
2022-10-02 23:12:33.311  INFO 75568 --- [    Test worker] tourGuide.service.TourGuideService       : Track Location for user internalUser5884
2022-10-02 23:12:33.311  INFO 75568 --- [    Test worker] tourGuide.service.TourGuideService       : Track Location for user internalUser3222
2022-10-02 23:12:33.311  INFO 75568 --- [    Test worker] tourGuide.service.TourGuideService       : Track Location for user internalUser4553
2022-10-02 23:12:33.311  INFO 75568 --- [    Test worker] tourGuide.service.TourGuideService       : Track Location for user internalUser5883
2022-10-02 23:12:33.312  INFO 75568 --- [    Test worker] tourGuide.service.TourGuideService       : Track Location for user internalUser3234
2022-10-02 23:12:33.312  INFO 75568 --- [    Test worker] tourGuide.service.TourGuideService       : Track Location for user internalUser4565
2022-10-02 23:12:33.312  INFO 75568 --- [    Test worker] tourGuide.service.TourGuideService       : Track Location for user internalUser5897
2022-10-02 23:12:33.312  INFO 75568 --- [    Test worker] tourGuide.service.TourGuideService       : Track Location for user internalUser3235
2022-10-02 23:12:33.312  INFO 75568 --- [    Test worker] tourGuide.service.TourGuideService       : Track Location for user internalUser4566
2022-10-02 23:12:33.312  INFO 75568 --- [    Test worker] tourGuide.service.TourGuideService       : Track Location for user internalUser5896
2022-10-02 23:12:33.313  INFO 75568 --- [    Test worker] tourGuide.service.TourGuideService       : Track Location for user internalUser3236
2022-10-02 23:12:33.313  INFO 75568 --- [    Test worker] tourGuide.service.TourGuideService       : Track Location for user internalUser4567
2022-10-02 23:12:33.313  INFO 75568 --- [    Test worker] tourGuide.service.TourGuideService       : Track Location for user internalUser5899
2022-10-02 23:12:33.313  INFO 75568 --- [    Test worker] tourGuide.service.TourGuideService       : Track Location for user internalUser3237
2022-10-02 23:12:33.313  INFO 75568 --- [    Test worker] tourGuide.service.TourGuideService       : Track Location for user internalUser4568
2022-10-02 23:12:33.315  INFO 75568 --- [    Test worker] tourGuide.service.TourGuideService       : Track Location for user internalUser5898
2022-10-02 23:12:33.315  INFO 75568 --- [    Test worker] tourGuide.service.TourGuideService       : Track Location for user internalUser3238
2022-10-02 23:12:33.315  INFO 75568 --- [    Test worker] tourGuide.service.TourGuideService       : Track Location for user internalUser4569
2022-10-02 23:12:33.315  INFO 75568 --- [    Test worker] tourGuide.service.TourGuideService       : Track Location for user internalUser3239
2022-10-02 23:12:33.316  INFO 75568 --- [    Test worker] tourGuide.service.TourGuideService       : Track Location for user internalUser5891
2022-10-02 23:12:33.316  INFO 75568 --- [    Test worker] tourGuide.service.TourGuideService       : Track Location for user internalUser4560
2022-10-02 23:12:33.316  INFO 75568 --- [    Test worker] tourGuide.service.TourGuideService       : Track Location for user internalUser5890
2022-10-02 23:12:33.316  INFO 75568 --- [    Test worker] tourGuide.service.TourGuideService       : Track Location for user internalUser3230
2022-10-02 23:12:33.316  INFO 75568 --- [    Test worker] tourGuide.service.TourGuideService       : Track Location for user internalUser4561
2022-10-02 23:12:33.316  INFO 75568 --- [    Test worker] tourGuide.service.TourGuideService       : Track Location for user internalUser5893
2022-10-02 23:12:33.317  INFO 75568 --- [    Test worker] tourGuide.service.TourGuideService       : Track Location for user internalUser3231
2022-10-02 23:12:33.317  INFO 75568 --- [    Test worker] tourGuide.service.TourGuideService       : Track Location for user internalUser4562
2022-10-02 23:12:33.317  INFO 75568 --- [    Test worker] tourGuide.service.TourGuideService       : Track Location for user internalUser5892
2022-10-02 23:12:33.317  INFO 75568 --- [    Test worker] tourGuide.service.TourGuideService       : Track Location for user internalUser3232
2022-10-02 23:12:33.317  INFO 75568 --- [    Test worker] tourGuide.service.TourGuideService       : Track Location for user internalUser4563
2022-10-02 23:12:33.318  INFO 75568 --- [    Test worker] tourGuide.service.TourGuideService       : Track Location for user internalUser5895
2022-10-02 23:12:33.318  INFO 75568 --- [    Test worker] tourGuide.service.TourGuideService       : Track Location for user internalUser3233
2022-10-02 23:12:33.318  INFO 75568 --- [    Test worker] tourGuide.service.TourGuideService       : Track Location for user internalUser4564
2022-10-02 23:12:33.318  INFO 75568 --- [    Test worker] tourGuide.service.TourGuideService       : Track Location for user internalUser5894
2022-10-02 23:12:33.318  INFO 75568 --- [    Test worker] tourGuide.service.TourGuideService       : Track Location for user internalUser3289
2022-10-02 23:12:33.319  INFO 75568 --- [pool-7-thread-1] tourGuide.service.TourGuideService       : Track Location for user internalUser3216
2022-10-02 23:12:33.319  INFO 75568 --- [pool-7-thread-1] tourGuide.service.TourGuideService       : Track Location for user internalUser4547
2022-10-02 23:12:33.319  INFO 75568 --- [pool-7-thread-1] tourGuide.service.TourGuideService       : Track Location for user internalUser5879
2022-10-02 23:12:33.320  INFO 75568 --- [    Test worker] tourGuide.service.TourGuideService       : Track Location for user internalUser3281
2022-10-02 23:12:33.320  INFO 75568 --- [pool-7-thread-1] tourGuide.service.TourGuideService       : Track Location for user internalUser3217
2022-10-02 23:12:33.320  INFO 75568 --- [    Test worker] tourGuide.service.TourGuideService       : Track Location for user internalUser3282
2022-10-02 23:12:33.320  INFO 75568 --- [    Test worker] tourGuide.service.TourGuideService       : Track Location for user internalUser3283
2022-10-02 23:12:33.320  INFO 75568 --- [    Test worker] tourGuide.service.TourGuideService       : Track Location for user internalUser3284
2022-10-02 23:12:33.321  INFO 75568 --- [pool-7-thread-1] tourGuide.service.TourGuideService       : Track Location for user internalUser4548
2022-10-02 23:12:33.321  INFO 75568 --- [pool-7-thread-1] tourGuide.service.TourGuideService       : Track Location for user internalUser5878
2022-10-02 23:12:33.322  INFO 75568 --- [pool-7-thread-1] tourGuide.service.TourGuideService       : Track Location for user internalUser3218
2022-10-02 23:12:33.322  INFO 75568 --- [pool-7-thread-1] tourGuide.service.TourGuideService       : Track Location for user internalUser4549
2022-10-02 23:12:33.323  INFO 75568 --- [    Test worker] tourGuide.service.TourGuideService       : Track Location for user internalUser3285
2022-10-02 23:12:33.323  INFO 75568 --- [pool-7-thread-1] tourGuide.service.TourGuideService       : Track Location for user internalUser3219
2022-10-02 23:12:33.323  INFO 75568 --- [    Test worker] tourGuide.service.TourGuideService       : Track Location for user internalUser3286
2022-10-02 23:12:33.323  INFO 75568 --- [pool-7-thread-1] tourGuide.service.TourGuideService       : Track Location for user internalUser5871
2022-10-02 23:12:33.324  INFO 75568 --- [pool-7-thread-1] tourGuide.service.TourGuideService       : Track Location for user internalUser4540
2022-10-02 23:12:33.324  INFO 75568 --- [pool-7-thread-1] tourGuide.service.TourGuideService       : Track Location for user internalUser5870
2022-10-02 23:12:33.324  INFO 75568 --- [    Test worker] tourGuide.service.TourGuideService       : Track Location for user internalUser3287
2022-10-02 23:12:33.325  INFO 75568 --- [pool-7-thread-1] tourGuide.service.TourGuideService       : Track Location for user internalUser3210
2022-10-02 23:12:33.325  INFO 75568 --- [pool-7-thread-1] tourGuide.service.TourGuideService       : Track Location for user internalUser4541
2022-10-02 23:12:33.325  INFO 75568 --- [pool-7-thread-1] tourGuide.service.TourGuideService       : Track Location for user internalUser5873
2022-10-02 23:12:33.325  INFO 75568 --- [pool-7-thread-1] tourGuide.service.TourGuideService       : Track Location for user internalUser3211
2022-10-02 23:12:33.326  INFO 75568 --- [pool-7-thread-1] tourGuide.service.TourGuideService       : Track Location for user internalUser4542
2022-10-02 23:12:33.326  INFO 75568 --- [    Test worker] tourGuide.service.TourGuideService       : Track Location for user internalUser3288
2022-10-02 23:12:33.326  INFO 75568 --- [pool-7-thread-1] tourGuide.service.TourGuideService       : Track Location for user internalUser5872
2022-10-02 23:12:33.327  INFO 75568 --- [    Test worker] tourGuide.service.TourGuideService       : Track Location for user internalUser3290
2022-10-02 23:12:33.327  INFO 75568 --- [pool-7-thread-1] tourGuide.service.TourGuideService       : Track Location for user internalUser4510
2022-10-02 23:12:33.327  INFO 75568 --- [    Test worker] tourGuide.service.TourGuideService       : Track Location for user internalUser3291
2022-10-02 23:12:33.327  INFO 75568 --- [pool-7-thread-1] tourGuide.service.TourGuideService       : Track Location for user internalUser5842
2022-10-02 23:12:33.327  INFO 75568 --- [    Test worker] tourGuide.service.TourGuideService       : Track Location for user internalUser3292
2022-10-02 23:12:33.328  INFO 75568 --- [    Test worker] tourGuide.service.TourGuideService       : Track Location for user internalUser3293
2022-10-02 23:12:33.328  INFO 75568 --- [pool-7-thread-1] tourGuide.service.TourGuideService       : Track Location for user internalUser4511
2022-10-02 23:12:33.328  INFO 75568 --- [pool-7-thread-1] tourGuide.service.TourGuideService       : Track Location for user internalUser5841
2022-10-02 23:12:33.328  INFO 75568 --- [    Test worker] tourGuide.service.TourGuideService       : Track Location for user internalUser3294
2022-10-02 23:12:33.329  INFO 75568 --- [    Test worker] tourGuide.service.TourGuideService       : Track Location for user internalUser3295
2022-10-02 23:12:33.329  INFO 75568 --- [pool-7-thread-1] tourGuide.service.TourGuideService       : Track Location for user internalUser4512
2022-10-02 23:12:33.329  INFO 75568 --- [    Test worker] tourGuide.service.TourGuideService       : Track Location for user internalUser3296
2022-10-02 23:12:33.329  INFO 75568 --- [pool-7-thread-1] tourGuide.service.TourGuideService       : Track Location for user internalUser5844
2022-10-02 23:12:33.330  INFO 75568 --- [    Test worker] tourGuide.service.TourGuideService       : Track Location for user internalUser3297
2022-10-02 23:12:33.330  INFO 75568 --- [pool-7-thread-1] tourGuide.service.TourGuideService       : Track Location for user internalUser4513
2022-10-02 23:12:33.330  INFO 75568 --- [pool-7-thread-1] tourGuide.service.TourGuideService       : Track Location for user internalUser5843
2022-10-02 23:12:33.330  INFO 75568 --- [pool-7-thread-1] tourGuide.service.TourGuideService       : Track Location for user internalUser4514
2022-10-02 23:12:33.331  INFO 75568 --- [pool-7-thread-1] tourGuide.service.TourGuideService       : Track Location for user internalUser5846
2022-10-02 23:12:33.331  INFO 75568 --- [pool-7-thread-1] tourGuide.service.TourGuideService       : Track Location for user internalUser4515
2022-10-02 23:12:33.332  INFO 75568 --- [pool-7-thread-1] tourGuide.service.TourGuideService       : Track Location for user internalUser5845
2022-10-02 23:12:33.332  INFO 75568 --- [pool-7-thread-1] tourGuide.service.TourGuideService       : Track Location for user internalUser4516
2022-10-02 23:12:33.333  INFO 75568 --- [pool-7-thread-1] tourGuide.service.TourGuideService       : Track Location for user internalUser5848
2022-10-02 23:12:33.333  INFO 75568 --- [pool-7-thread-1] tourGuide.service.TourGuideService       : Track Location for user internalUser4517
2022-10-02 23:12:33.333  INFO 75568 --- [pool-7-thread-1] tourGuide.service.TourGuideService       : Track Location for user internalUser5847
2022-10-02 23:12:33.336  INFO 75568 --- [pool-7-thread-1] tourGuide.service.TourGuideService       : Track Location for user internalUser5840
2022-10-02 23:12:33.336  INFO 75568 --- [    Test worker] tourGuide.service.TourGuideService       : Track Location for user internalUser3298
2022-10-02 23:12:33.336  INFO 75568 --- [    Test worker] tourGuide.service.TourGuideService       : Track Location for user internalUser3299
2022-10-02 23:12:33.338  INFO 75568 --- [    Test worker] tourGuide.service.TourGuideService       : Track Location for user internalUser3267
2022-10-02 23:12:33.338  INFO 75568 --- [    Test worker] tourGuide.service.TourGuideService       : Track Location for user internalUser4598
2022-10-02 23:12:33.338  INFO 75568 --- [    Test worker] tourGuide.service.TourGuideService       : Track Location for user internalUser3268
2022-10-02 23:12:33.339  INFO 75568 --- [    Test worker] tourGuide.service.TourGuideService       : Track Location for user internalUser4599
2022-10-02 23:12:33.339  INFO 75568 --- [    Test worker] tourGuide.service.TourGuideService       : Track Location for user internalUser3269
2022-10-02 23:12:33.340  INFO 75568 --- [    Test worker] tourGuide.service.TourGuideService       : Track Location for user internalUser4590
2022-10-02 23:12:33.340  INFO 75568 --- [pool-7-thread-1] tourGuide.service.TourGuideService       : Track Location for user internalUser4518
2022-10-02 23:12:33.341  INFO 75568 --- [pool-7-thread-1] tourGuide.service.TourGuideService       : Track Location for user internalUser4519
2022-10-02 23:12:33.341  INFO 75568 --- [pool-7-thread-1] tourGuide.service.TourGuideService       : Track Location for user internalUser5849
2022-10-02 23:12:33.342  INFO 75568 --- [pool-7-thread-1] tourGuide.service.TourGuideService       : Track Location for user internalUser4521
2022-10-02 23:12:33.343  INFO 75568 --- [pool-7-thread-1] tourGuide.service.TourGuideService       : Track Location for user internalUser5853
2022-10-02 23:12:33.343  INFO 75568 --- [    Test worker] tourGuide.service.TourGuideService       : Track Location for user internalUser3260
2022-10-02 23:12:33.344  INFO 75568 --- [    Test worker] tourGuide.service.TourGuideService       : Track Location for user internalUser4591
2022-10-02 23:12:33.344  INFO 75568 --- [    Test worker] tourGuide.service.TourGuideService       : Track Location for user internalUser3261
2022-10-02 23:12:33.344  INFO 75568 --- [pool-7-thread-1] tourGuide.service.TourGuideService       : Track Location for user internalUser4522
2022-10-02 23:12:33.345  INFO 75568 --- [pool-7-thread-1] tourGuide.service.TourGuideService       : Track Location for user internalUser5852
2022-10-02 23:12:33.345  INFO 75568 --- [pool-7-thread-1] tourGuide.service.TourGuideService       : Track Location for user internalUser4523
2022-10-02 23:12:33.345  INFO 75568 --- [pool-7-thread-1] tourGuide.service.TourGuideService       : Track Location for user internalUser5855
2022-10-02 23:12:33.346  INFO 75568 --- [pool-7-thread-1] tourGuide.service.TourGuideService       : Track Location for user internalUser4524
2022-10-02 23:12:33.346  INFO 75568 --- [    Test worker] tourGuide.service.TourGuideService       : Track Location for user internalUser4592
2022-10-02 23:12:33.346  INFO 75568 --- [pool-7-thread-1] tourGuide.service.TourGuideService       : Track Location for user internalUser5854
2022-10-02 23:12:33.347  INFO 75568 --- [    Test worker] tourGuide.service.TourGuideService       : Track Location for user internalUser3262
2022-10-02 23:12:33.347  INFO 75568 --- [pool-7-thread-1] tourGuide.service.TourGuideService       : Track Location for user internalUser4525
2022-10-02 23:12:33.347  INFO 75568 --- [pool-7-thread-1] tourGuide.service.TourGuideService       : Track Location for user internalUser5857
2022-10-02 23:12:33.347  INFO 75568 --- [    Test worker] tourGuide.service.TourGuideService       : Track Location for user internalUser4593
2022-10-02 23:12:33.347  INFO 75568 --- [pool-7-thread-1] tourGuide.service.TourGuideService       : Track Location for user internalUser4526
2022-10-02 23:12:33.348  INFO 75568 --- [    Test worker] tourGuide.service.TourGuideService       : Track Location for user internalUser3263
2022-10-02 23:12:33.348  INFO 75568 --- [pool-7-thread-1] tourGuide.service.TourGuideService       : Track Location for user internalUser5856
2022-10-02 23:12:33.348  INFO 75568 --- [    Test worker] tourGuide.service.TourGuideService       : Track Location for user internalUser4594
2022-10-02 23:12:33.348  INFO 75568 --- [pool-7-thread-1] tourGuide.service.TourGuideService       : Track Location for user internalUser4527
2022-10-02 23:12:33.348  INFO 75568 --- [    Test worker] tourGuide.service.TourGuideService       : Track Location for user internalUser3264
2022-10-02 23:12:33.349  INFO 75568 --- [pool-7-thread-1] tourGuide.service.TourGuideService       : Track Location for user internalUser5859
2022-10-02 23:12:33.349  INFO 75568 --- [    Test worker] tourGuide.service.TourGuideService       : Track Location for user internalUser4595
2022-10-02 23:12:33.349  INFO 75568 --- [pool-7-thread-1] tourGuide.service.TourGuideService       : Track Location for user internalUser4528
2022-10-02 23:12:33.349  INFO 75568 --- [    Test worker] tourGuide.service.TourGuideService       : Track Location for user internalUser3265
2022-10-02 23:12:33.349  INFO 75568 --- [pool-7-thread-1] tourGuide.service.TourGuideService       : Track Location for user internalUser5858
2022-10-02 23:12:33.350  INFO 75568 --- [    Test worker] tourGuide.service.TourGuideService       : Track Location for user internalUser4596
2022-10-02 23:12:33.350  INFO 75568 --- [pool-7-thread-1] tourGuide.service.TourGuideService       : Track Location for user internalUser5851
2022-10-02 23:12:33.350  INFO 75568 --- [    Test worker] tourGuide.service.TourGuideService       : Track Location for user internalUser3266
2022-10-02 23:12:33.350  INFO 75568 --- [pool-7-thread-1] tourGuide.service.TourGuideService       : Track Location for user internalUser4520
2022-10-02 23:12:33.351  INFO 75568 --- [    Test worker] tourGuide.service.TourGuideService       : Track Location for user internalUser4597
2022-10-02 23:12:33.351  INFO 75568 --- [pool-7-thread-1] tourGuide.service.TourGuideService       : Track Location for user internalUser5850
2022-10-02 23:12:33.351  INFO 75568 --- [    Test worker] tourGuide.service.TourGuideService       : Track Location for user internalUser3278
2022-10-02 23:12:33.351  INFO 75568 --- [pool-7-thread-1] tourGuide.service.TourGuideService       : Track Location for user internalUser4529
2022-10-02 23:12:33.351  INFO 75568 --- [    Test worker] tourGuide.service.TourGuideService       : Track Location for user internalUser3279
2022-10-02 23:12:33.351  INFO 75568 --- [pool-7-thread-1] tourGuide.service.TourGuideService       : Track Location for user internalUser9108
2022-10-02 23:12:33.352  INFO 75568 --- [    Test worker] tourGuide.service.TourGuideService       : Track Location for user internalUser3270
2022-10-02 23:12:33.352  INFO 75568 --- [pool-7-thread-1] tourGuide.service.TourGuideService       : Track Location for user internalUser9109
2022-10-02 23:12:33.352  INFO 75568 --- [pool-7-thread-1] tourGuide.service.TourGuideService       : Track Location for user internalUser9102
2022-10-02 23:12:33.352  INFO 75568 --- [pool-7-thread-1] tourGuide.service.TourGuideService       : Track Location for user internalUser9103
2022-10-02 23:12:33.353  INFO 75568 --- [pool-7-thread-1] tourGuide.service.TourGuideService       : Track Location for user internalUser9100
2022-10-02 23:12:33.353  INFO 75568 --- [pool-7-thread-1] tourGuide.service.TourGuideService       : Track Location for user internalUser9101
2022-10-02 23:12:33.353  INFO 75568 --- [    Test worker] tourGuide.service.TourGuideService       : Track Location for user internalUser3271
2022-10-02 23:12:33.353  INFO 75568 --- [    Test worker] tourGuide.service.TourGuideService       : Track Location for user internalUser3272
2022-10-02 23:12:33.354  INFO 75568 --- [pool-7-thread-1] tourGuide.service.TourGuideService       : Track Location for user internalUser9106
2022-10-02 23:12:33.354  INFO 75568 --- [    Test worker] tourGuide.service.TourGuideService       : Track Location for user internalUser3273
2022-10-02 23:12:33.354  INFO 75568 --- [pool-7-thread-1] tourGuide.service.TourGuideService       : Track Location for user internalUser9107
2022-10-02 23:12:33.354  INFO 75568 --- [    Test worker] tourGuide.service.TourGuideService       : Track Location for user internalUser3274
2022-10-02 23:12:33.355  INFO 75568 --- [pool-7-thread-1] tourGuide.service.TourGuideService       : Track Location for user internalUser9104
2022-10-02 23:12:33.355  INFO 75568 --- [    Test worker] tourGuide.service.TourGuideService       : Track Location for user internalUser3275
2022-10-02 23:12:33.355  INFO 75568 --- [pool-7-thread-1] tourGuide.service.TourGuideService       : Track Location for user internalUser9105
2022-10-02 23:12:33.356  INFO 75568 --- [    Test worker] tourGuide.service.TourGuideService       : Track Location for user internalUser3276
2022-10-02 23:12:33.356  INFO 75568 --- [pool-7-thread-1] tourGuide.service.TourGuideService       : Track Location for user internalUser9110
2022-10-02 23:12:33.356  INFO 75568 --- [    Test worker] tourGuide.service.TourGuideService       : Track Location for user internalUser3277
2022-10-02 23:12:33.356  INFO 75568 --- [pool-7-thread-1] tourGuide.service.TourGuideService       : Track Location for user internalUser9119
2022-10-02 23:12:33.356  INFO 75568 --- [    Test worker] tourGuide.service.TourGuideService       : Track Location for user internalUser3280
2022-10-02 23:12:33.357  INFO 75568 --- [pool-7-thread-1] tourGuide.service.TourGuideService       : Track Location for user internalUser9113
2022-10-02 23:12:33.357  INFO 75568 --- [    Test worker] tourGuide.service.TourGuideService       : Track Location for user internalUser5820
2022-10-02 23:12:33.357  INFO 75568 --- [pool-7-thread-1] tourGuide.service.TourGuideService       : Track Location for user internalUser9114
2022-10-02 23:12:33.357  INFO 75568 --- [    Test worker] tourGuide.service.TourGuideService       : Track Location for user internalUser5822
2022-10-02 23:12:33.357  INFO 75568 --- [pool-7-thread-1] tourGuide.service.TourGuideService       : Track Location for user internalUser9111
2022-10-02 23:12:33.358  INFO 75568 --- [    Test worker] tourGuide.service.TourGuideService       : Track Location for user internalUser5821
2022-10-02 23:12:33.358  INFO 75568 --- [pool-7-thread-1] tourGuide.service.TourGuideService       : Track Location for user internalUser9112
2022-10-02 23:12:33.359  INFO 75568 --- [    Test worker] tourGuide.service.TourGuideService       : Track Location for user internalUser5824
2022-10-02 23:12:33.359  INFO 75568 --- [pool-7-thread-1] tourGuide.service.TourGuideService       : Track Location for user internalUser9117
2022-10-02 23:12:33.359  INFO 75568 --- [    Test worker] tourGuide.service.TourGuideService       : Track Location for user internalUser5823
2022-10-02 23:12:33.360  INFO 75568 --- [pool-7-thread-1] tourGuide.service.TourGuideService       : Track Location for user internalUser9118
2022-10-02 23:12:33.360  INFO 75568 --- [    Test worker] tourGuide.service.TourGuideService       : Track Location for user internalUser5826
2022-10-02 23:12:33.360  INFO 75568 --- [pool-7-thread-1] tourGuide.service.TourGuideService       : Track Location for user internalUser9115
2022-10-02 23:12:33.361  INFO 75568 --- [    Test worker] tourGuide.service.TourGuideService       : Track Location for user internalUser5825
2022-10-02 23:12:33.361  INFO 75568 --- [pool-7-thread-1] tourGuide.service.TourGuideService       : Track Location for user internalUser9116
2022-10-02 23:12:33.361  INFO 75568 --- [    Test worker] tourGuide.service.TourGuideService       : Track Location for user internalUser8099
2022-10-02 23:12:33.361  INFO 75568 --- [pool-7-thread-1] tourGuide.service.TourGuideService       : Track Location for user internalUser9120
2022-10-02 23:12:33.361  INFO 75568 --- [    Test worker] tourGuide.service.TourGuideService       : Track Location for user internalUser5828
2022-10-02 23:12:33.362  INFO 75568 --- [pool-7-thread-1] tourGuide.service.TourGuideService       : Track Location for user internalUser9121
2022-10-02 23:12:33.362  INFO 75568 --- [    Test worker] tourGuide.service.TourGuideService       : Track Location for user internalUser5827
2022-10-02 23:12:33.362  INFO 75568 --- [pool-7-thread-1] tourGuide.service.TourGuideService       : Track Location for user internalUser9146
2022-10-02 23:12:33.362  INFO 75568 --- [    Test worker] tourGuide.service.TourGuideService       : Track Location for user internalUser5829
2022-10-02 23:12:33.363  INFO 75568 --- [pool-7-thread-1] tourGuide.service.TourGuideService       : Track Location for user internalUser9147
2022-10-02 23:12:33.363  INFO 75568 --- [    Test worker] tourGuide.service.TourGuideService       : Track Location for user internalUser5831
2022-10-02 23:12:33.363  INFO 75568 --- [pool-7-thread-1] tourGuide.service.TourGuideService       : Track Location for user internalUser9144
2022-10-02 23:12:33.363  INFO 75568 --- [    Test worker] tourGuide.service.TourGuideService       : Track Location for user internalUser4500
2022-10-02 23:12:33.363  INFO 75568 --- [pool-7-thread-1] tourGuide.service.TourGuideService       : Track Location for user internalUser9145
2022-10-02 23:12:33.364  INFO 75568 --- [    Test worker] tourGuide.service.TourGuideService       : Track Location for user internalUser5830
2022-10-02 23:12:33.364  INFO 75568 --- [pool-7-thread-1] tourGuide.service.TourGuideService       : Track Location for user internalUser9148
2022-10-02 23:12:33.364  INFO 75568 --- [    Test worker] tourGuide.service.TourGuideService       : Track Location for user internalUser4501
2022-10-02 23:12:33.364  INFO 75568 --- [pool-7-thread-1] tourGuide.service.TourGuideService       : Track Location for user internalUser9149
2022-10-02 23:12:33.365  INFO 75568 --- [pool-7-thread-1] tourGuide.service.TourGuideService       : Track Location for user internalUser9150
2022-10-02 23:12:33.365  INFO 75568 --- [pool-7-thread-1] tourGuide.service.TourGuideService       : Track Location for user internalUser9153
2022-10-02 23:12:33.365  INFO 75568 --- [pool-7-thread-1] tourGuide.service.TourGuideService       : Track Location for user internalUser9154
2022-10-02 23:12:33.365  INFO 75568 --- [pool-7-thread-1] tourGuide.service.TourGuideService       : Track Location for user internalUser9151
2022-10-02 23:12:33.365  INFO 75568 --- [pool-7-thread-1] tourGuide.service.TourGuideService       : Track Location for user internalUser9152
2022-10-02 23:12:33.365  INFO 75568 --- [pool-7-thread-1] tourGuide.service.TourGuideService       : Track Location for user internalUser9157
2022-10-02 23:12:33.366  INFO 75568 --- [pool-7-thread-1] tourGuide.service.TourGuideService       : Track Location for user internalUser9158
2022-10-02 23:12:33.366  INFO 75568 --- [pool-7-thread-1] tourGuide.service.TourGuideService       : Track Location for user internalUser9155
2022-10-02 23:12:33.366  INFO 75568 --- [pool-7-thread-1] tourGuide.service.TourGuideService       : Track Location for user internalUser9156
2022-10-02 23:12:33.366  INFO 75568 --- [pool-7-thread-1] tourGuide.service.TourGuideService       : Track Location for user internalUser9159
2022-10-02 23:12:33.367  INFO 75568 --- [pool-7-thread-1] tourGuide.service.TourGuideService       : Track Location for user internalUser9160
2022-10-02 23:12:33.367  INFO 75568 --- [    Test worker] tourGuide.service.TourGuideService       : Track Location for user internalUser5833
2022-10-02 23:12:33.367  INFO 75568 --- [    Test worker] tourGuide.service.TourGuideService       : Track Location for user internalUser4502
2022-10-02 23:12:33.368  INFO 75568 --- [    Test worker] tourGuide.service.TourGuideService       : Track Location for user internalUser5832
2022-10-02 23:12:33.368  INFO 75568 --- [    Test worker] tourGuide.service.TourGuideService       : Track Location for user internalUser4503
2022-10-02 23:12:33.368  INFO 75568 --- [    Test worker] tourGuide.service.TourGuideService       : Track Location for user internalUser5835
2022-10-02 23:12:33.368  INFO 75568 --- [    Test worker] tourGuide.service.TourGuideService       : Track Location for user internalUser4504
2022-10-02 23:12:33.368  INFO 75568 --- [    Test worker] tourGuide.service.TourGuideService       : Track Location for user internalUser5834
2022-10-02 23:12:33.369  INFO 75568 --- [    Test worker] tourGuide.service.TourGuideService       : Track Location for user internalUser4505
2022-10-02 23:12:33.369  INFO 75568 --- [pool-7-thread-1] tourGuide.service.TourGuideService       : Track Location for user internalUser9161
2022-10-02 23:12:33.371  INFO 75568 --- [    Test worker] tourGuide.service.TourGuideService       : Track Location for user internalUser5837
2022-10-02 23:12:33.371  INFO 75568 --- [    Test worker] tourGuide.service.TourGuideService       : Track Location for user internalUser4506
2022-10-02 23:12:33.372  INFO 75568 --- [    Test worker] tourGuide.service.TourGuideService       : Track Location for user internalUser5836
2022-10-02 23:12:33.372  INFO 75568 --- [    Test worker] tourGuide.service.TourGuideService       : Track Location for user internalUser4507
2022-10-02 23:12:33.372  INFO 75568 --- [    Test worker] tourGuide.service.TourGuideService       : Track Location for user internalUser5839
2022-10-02 23:12:33.373  INFO 75568 --- [    Test worker] tourGuide.service.TourGuideService       : Track Location for user internalUser4508
2022-10-02 23:12:33.373  INFO 75568 --- [    Test worker] tourGuide.service.TourGuideService       : Track Location for user internalUser5838
2022-10-02 23:12:33.374  INFO 75568 --- [    Test worker] tourGuide.service.TourGuideService       : Track Location for user internalUser4509
2022-10-02 23:12:33.374  INFO 75568 --- [    Test worker] tourGuide.service.TourGuideService       : Track Location for user internalUser5800
2022-10-02 23:12:33.374  INFO 75568 --- [    Test worker] tourGuide.service.TourGuideService       : Track Location for user internalUser5802
2022-10-02 23:12:33.374  INFO 75568 --- [    Test worker] tourGuide.service.TourGuideService       : Track Location for user internalUser5801
2022-10-02 23:12:33.374  INFO 75568 --- [    Test worker] tourGuide.service.TourGuideService       : Track Location for user internalUser5804
2022-10-02 23:12:33.375  INFO 75568 --- [    Test worker] tourGuide.service.TourGuideService       : Track Location for user internalUser5803
2022-10-02 23:12:33.375  INFO 75568 --- [    Test worker] tourGuide.service.TourGuideService       : Track Location for user internalUser8079
2022-10-02 23:12:33.376  INFO 75568 --- [    Test worker] tourGuide.service.TourGuideService       : Track Location for user internalUser8077
2022-10-02 23:12:33.376  INFO 75568 --- [    Test worker] tourGuide.service.TourGuideService       : Track Location for user internalUser8078
2022-10-02 23:12:33.376  INFO 75568 --- [    Test worker] tourGuide.service.TourGuideService       : Track Location for user internalUser8082
2022-10-02 23:12:33.376  INFO 75568 --- [    Test worker] tourGuide.service.TourGuideService       : Track Location for user internalUser8083
2022-10-02 23:12:33.376  INFO 75568 --- [    Test worker] tourGuide.service.TourGuideService       : Track Location for user internalUser8080
2022-10-02 23:12:33.377  INFO 75568 --- [    Test worker] tourGuide.service.TourGuideService       : Track Location for user internalUser8081
2022-10-02 23:12:33.377  INFO 75568 --- [    Test worker] tourGuide.service.TourGuideService       : Track Location for user internalUser8086
2022-10-02 23:12:33.377  INFO 75568 --- [    Test worker] tourGuide.service.TourGuideService       : Track Location for user internalUser8087
2022-10-02 23:12:33.377  INFO 75568 --- [    Test worker] tourGuide.service.TourGuideService       : Track Location for user internalUser8084
2022-10-02 23:12:33.377  INFO 75568 --- [    Test worker] tourGuide.service.TourGuideService       : Track Location for user internalUser8085
2022-10-02 23:12:33.378  INFO 75568 --- [    Test worker] tourGuide.service.TourGuideService       : Track Location for user internalUser5806
2022-10-02 23:12:33.378  INFO 75568 --- [    Test worker] tourGuide.service.TourGuideService       : Track Location for user internalUser5805
2022-10-02 23:12:33.378  INFO 75568 --- [    Test worker] tourGuide.service.TourGuideService       : Track Location for user internalUser5808
2022-10-02 23:12:33.378  INFO 75568 --- [    Test worker] tourGuide.service.TourGuideService       : Track Location for user internalUser5807
2022-10-02 23:12:33.378  INFO 75568 --- [    Test worker] tourGuide.service.TourGuideService       : Track Location for user internalUser5809
2022-10-02 23:12:33.379  INFO 75568 --- [    Test worker] tourGuide.service.TourGuideService       : Track Location for user internalUser5811
2022-10-02 23:12:33.379  INFO 75568 --- [    Test worker] tourGuide.service.TourGuideService       : Track Location for user internalUser5810
2022-10-02 23:12:33.380  INFO 75568 --- [    Test worker] tourGuide.service.TourGuideService       : Track Location for user internalUser5813
2022-10-02 23:12:33.381  INFO 75568 --- [    Test worker] tourGuide.service.TourGuideService       : Track Location for user internalUser5812
2022-10-02 23:12:33.381  INFO 75568 --- [    Test worker] tourGuide.service.TourGuideService       : Track Location for user internalUser5815
2022-10-02 23:12:33.381  INFO 75568 --- [    Test worker] tourGuide.service.TourGuideService       : Track Location for user internalUser5814
2022-10-02 23:12:33.382  INFO 75568 --- [    Test worker] tourGuide.service.TourGuideService       : Track Location for user internalUser8088
2022-10-02 23:12:33.382  INFO 75568 --- [    Test worker] tourGuide.service.TourGuideService       : Track Location for user internalUser8089
2022-10-02 23:12:33.382  INFO 75568 --- [    Test worker] tourGuide.service.TourGuideService       : Track Location for user internalUser8093
2022-10-02 23:12:33.382  INFO 75568 --- [    Test worker] tourGuide.service.TourGuideService       : Track Location for user internalUser8094
2022-10-02 23:12:33.383  INFO 75568 --- [    Test worker] tourGuide.service.TourGuideService       : Track Location for user internalUser8091
2022-10-02 23:12:33.383  INFO 75568 --- [    Test worker] tourGuide.service.TourGuideService       : Track Location for user internalUser8092
2022-10-02 23:12:33.383  INFO 75568 --- [    Test worker] tourGuide.service.TourGuideService       : Track Location for user internalUser8097
2022-10-02 23:12:33.384  INFO 75568 --- [    Test worker] tourGuide.service.TourGuideService       : Track Location for user internalUser8098
2022-10-02 23:12:33.384  INFO 75568 --- [    Test worker] tourGuide.service.TourGuideService       : Track Location for user internalUser8095
2022-10-02 23:12:33.384  INFO 75568 --- [    Test worker] tourGuide.service.TourGuideService       : Track Location for user internalUser8096
2022-10-02 23:12:33.384  INFO 75568 --- [    Test worker] tourGuide.service.TourGuideService       : Track Location for user internalUser5817
2022-10-02 23:12:33.384  INFO 75568 --- [    Test worker] tourGuide.service.TourGuideService       : Track Location for user internalUser5816
2022-10-02 23:12:33.385  INFO 75568 --- [    Test worker] tourGuide.service.TourGuideService       : Track Location for user internalUser5819
2022-10-02 23:12:33.385  INFO 75568 --- [    Test worker] tourGuide.service.TourGuideService       : Track Location for user internalUser5818
2022-10-02 23:12:33.385  INFO 75568 --- [    Test worker] tourGuide.service.TourGuideService       : Track Location for user internalUser8090
2022-10-02 23:12:33.385  INFO 75568 --- [    Test worker] tourGuide.service.TourGuideService       : Track Location for user internalUser3201
2022-10-02 23:12:33.386  INFO 75568 --- [    Test worker] tourGuide.service.TourGuideService       : Track Location for user internalUser4532
2022-10-02 23:12:33.386  INFO 75568 --- [    Test worker] tourGuide.service.TourGuideService       : Track Location for user internalUser5864
2022-10-02 23:12:33.388  INFO 75568 --- [pool-7-thread-1] tourGuide.service.TourGuideService       : Track Location for user internalUser9164
2022-10-02 23:12:33.389  INFO 75568 --- [pool-7-thread-1] tourGuide.service.TourGuideService       : Track Location for user internalUser9165
2022-10-02 23:12:33.389  INFO 75568 --- [pool-7-thread-1] tourGuide.service.TourGuideService       : Track Location for user internalUser9162
2022-10-02 23:12:33.389  INFO 75568 --- [pool-7-thread-1] tourGuide.service.TourGuideService       : Track Location for user internalUser9163
2022-10-02 23:12:33.390  INFO 75568 --- [pool-7-thread-1] tourGuide.service.TourGuideService       : Track Location for user internalUser9124
2022-10-02 23:12:33.390  INFO 75568 --- [pool-7-thread-1] tourGuide.service.TourGuideService       : Track Location for user internalUser9125
2022-10-02 23:12:33.390  INFO 75568 --- [pool-7-thread-1] tourGuide.service.TourGuideService       : Track Location for user internalUser9122
2022-10-02 23:12:33.390  INFO 75568 --- [pool-7-thread-1] tourGuide.service.TourGuideService       : Track Location for user internalUser9123
2022-10-02 23:12:33.391  INFO 75568 --- [    Test worker] tourGuide.service.TourGuideService       : Track Location for user internalUser3202
2022-10-02 23:12:33.391  INFO 75568 --- [pool-7-thread-1] tourGuide.service.TourGuideService       : Track Location for user internalUser9128
2022-10-02 23:12:33.391  INFO 75568 --- [    Test worker] tourGuide.service.TourGuideService       : Track Location for user internalUser4533
2022-10-02 23:12:33.392  INFO 75568 --- [pool-7-thread-1] tourGuide.service.TourGuideService       : Track Location for user internalUser9129
2022-10-02 23:12:33.392  INFO 75568 --- [    Test worker] tourGuide.service.TourGuideService       : Track Location for user internalUser5863
2022-10-02 23:12:33.392  INFO 75568 --- [pool-7-thread-1] tourGuide.service.TourGuideService       : Track Location for user internalUser9126
2022-10-02 23:12:33.392  INFO 75568 --- [pool-7-thread-1] tourGuide.service.TourGuideService       : Track Location for user internalUser9127
2022-10-02 23:12:33.393  INFO 75568 --- [pool-7-thread-1] tourGuide.service.TourGuideService       : Track Location for user internalUser9131
2022-10-02 23:12:33.393  INFO 75568 --- [pool-7-thread-1] tourGuide.service.TourGuideService       : Track Location for user internalUser9132
2022-10-02 23:12:33.393  INFO 75568 --- [pool-7-thread-1] tourGuide.service.TourGuideService       : Track Location for user internalUser9130
2022-10-02 23:12:33.393  INFO 75568 --- [pool-7-thread-1] tourGuide.service.TourGuideService       : Track Location for user internalUser9135
2022-10-02 23:12:33.393  INFO 75568 --- [pool-7-thread-1] tourGuide.service.TourGuideService       : Track Location for user internalUser9136
2022-10-02 23:12:33.394  INFO 75568 --- [pool-7-thread-1] tourGuide.service.TourGuideService       : Track Location for user internalUser9133
2022-10-02 23:12:33.394  INFO 75568 --- [pool-7-thread-1] tourGuide.service.TourGuideService       : Track Location for user internalUser9134
2022-10-02 23:12:33.394  INFO 75568 --- [pool-7-thread-1] tourGuide.service.TourGuideService       : Track Location for user internalUser9139
2022-10-02 23:12:33.394  INFO 75568 --- [pool-7-thread-1] tourGuide.service.TourGuideService       : Track Location for user internalUser9137
2022-10-02 23:12:33.394  INFO 75568 --- [pool-7-thread-1] tourGuide.service.TourGuideService       : Track Location for user internalUser9138
2022-10-02 23:12:33.395  INFO 75568 --- [pool-7-thread-1] tourGuide.service.TourGuideService       : Track Location for user internalUser9142
2022-10-02 23:12:33.395  INFO 75568 --- [pool-7-thread-1] tourGuide.service.TourGuideService       : Track Location for user internalUser9143
2022-10-02 23:12:33.395  INFO 75568 --- [pool-7-thread-1] tourGuide.service.TourGuideService       : Track Location for user internalUser9140
2022-10-02 23:12:33.395  INFO 75568 --- [pool-7-thread-1] tourGuide.service.TourGuideService       : Track Location for user internalUser9141
2022-10-02 23:12:33.396  INFO 75568 --- [pool-7-thread-1] tourGuide.service.TourGuideService       : Track Location for user internalUser560
2022-10-02 23:12:33.396  INFO 75568 --- [pool-7-thread-1] tourGuide.service.TourGuideService       : Track Location for user internalUser567
2022-10-02 23:12:33.396  INFO 75568 --- [pool-7-thread-1] tourGuide.service.TourGuideService       : Track Location for user internalUser4293
2022-10-02 23:12:33.396  INFO 75568 --- [pool-7-thread-1] tourGuide.service.TourGuideService       : Track Location for user internalUser568
2022-10-02 23:12:33.396  INFO 75568 --- [pool-7-thread-1] tourGuide.service.TourGuideService       : Track Location for user internalUser4294
2022-10-02 23:12:33.397  INFO 75568 --- [    Test worker] tourGuide.service.TourGuideService       : Track Location for user internalUser3203
2022-10-02 23:12:33.397  INFO 75568 --- [pool-7-thread-1] tourGuide.service.TourGuideService       : Track Location for user internalUser565
2022-10-02 23:12:33.397  INFO 75568 --- [pool-7-thread-1] tourGuide.service.TourGuideService       : Track Location for user internalUser4295
2022-10-02 23:12:33.397  INFO 75568 --- [pool-7-thread-1] tourGuide.service.TourGuideService       : Track Location for user internalUser566
2022-10-02 23:12:33.398  INFO 75568 --- [pool-7-thread-1] tourGuide.service.TourGuideService       : Track Location for user internalUser4296
2022-10-02 23:12:33.398  INFO 75568 --- [pool-7-thread-1] tourGuide.service.TourGuideService       : Track Location for user internalUser563
2022-10-02 23:12:33.398  INFO 75568 --- [pool-7-thread-1] tourGuide.service.TourGuideService       : Track Location for user internalUser4297
2022-10-02 23:12:33.398  INFO 75568 --- [pool-7-thread-1] tourGuide.service.TourGuideService       : Track Location for user internalUser564
2022-10-02 23:12:33.398  INFO 75568 --- [pool-7-thread-1] tourGuide.service.TourGuideService       : Track Location for user internalUser4298
2022-10-02 23:12:33.405  INFO 75568 --- [    Test worker] tourGuide.service.TourGuideService       : Track Location for user internalUser4534
2022-10-02 23:12:33.406  INFO 75568 --- [    Test worker] tourGuide.service.TourGuideService       : Track Location for user internalUser5866
2022-10-02 23:12:33.406  INFO 75568 --- [pool-7-thread-1] tourGuide.service.TourGuideService       : Track Location for user internalUser561
2022-10-02 23:12:33.407  INFO 75568 --- [    Test worker] tourGuide.service.TourGuideService       : Track Location for user internalUser3204
2022-10-02 23:12:33.407  INFO 75568 --- [pool-7-thread-1] tourGuide.service.TourGuideService       : Track Location for user internalUser4299
2022-10-02 23:12:33.408  INFO 75568 --- [pool-7-thread-1] tourGuide.service.TourGuideService       : Track Location for user internalUser562
2022-10-02 23:12:33.408  INFO 75568 --- [    Test worker] tourGuide.service.TourGuideService       : Track Location for user internalUser4535
2022-10-02 23:12:33.409  INFO 75568 --- [pool-7-thread-1] tourGuide.service.TourGuideService       : Track Location for user internalUser569
2022-10-02 23:12:33.409  INFO 75568 --- [pool-7-thread-1] tourGuide.service.TourGuideService       : Track Location for user internalUser570
2022-10-02 23:12:33.410  INFO 75568 --- [pool-7-thread-1] tourGuide.service.TourGuideService       : Track Location for user internalUser571
2022-10-02 23:12:33.411  INFO 75568 --- [pool-7-thread-1] tourGuide.service.TourGuideService       : Track Location for user internalUser578
2022-10-02 23:12:33.411  INFO 75568 --- [pool-7-thread-1] tourGuide.service.TourGuideService       : Track Location for user internalUser579
2022-10-02 23:12:33.411  INFO 75568 --- [pool-7-thread-1] tourGuide.service.TourGuideService       : Track Location for user internalUser576
2022-10-02 23:12:33.412  INFO 75568 --- [pool-7-thread-1] tourGuide.service.TourGuideService       : Track Location for user internalUser577
2022-10-02 23:12:33.412  INFO 75568 --- [pool-7-thread-1] tourGuide.service.TourGuideService       : Track Location for user internalUser574
2022-10-02 23:12:33.412  INFO 75568 --- [pool-7-thread-1] tourGuide.service.TourGuideService       : Track Location for user internalUser575
2022-10-02 23:12:33.413  INFO 75568 --- [pool-7-thread-1] tourGuide.service.TourGuideService       : Track Location for user internalUser572
2022-10-02 23:12:33.413  INFO 75568 --- [pool-7-thread-1] tourGuide.service.TourGuideService       : Track Location for user internalUser573
2022-10-02 23:12:33.413  INFO 75568 --- [pool-7-thread-1] tourGuide.service.TourGuideService       : Track Location for user internalUser581
2022-10-02 23:12:33.413  INFO 75568 --- [    Test worker] tourGuide.service.TourGuideService       : Track Location for user internalUser5865
2022-10-02 23:12:33.414  INFO 75568 --- [pool-7-thread-1] tourGuide.service.TourGuideService       : Track Location for user internalUser4279
2022-10-02 23:12:33.414  INFO 75568 --- [    Test worker] tourGuide.service.TourGuideService       : Track Location for user internalUser3205
2022-10-02 23:12:33.414  INFO 75568 --- [pool-7-thread-1] tourGuide.service.TourGuideService       : Track Location for user internalUser582
2022-10-02 23:12:33.414  INFO 75568 --- [    Test worker] tourGuide.service.TourGuideService       : Track Location for user internalUser4536
2022-10-02 23:12:33.414  INFO 75568 --- [    Test worker] tourGuide.service.TourGuideService       : Track Location for user internalUser5868
2022-10-02 23:12:33.415  INFO 75568 --- [    Test worker] tourGuide.service.TourGuideService       : Track Location for user internalUser3206
2022-10-02 23:12:33.415  INFO 75568 --- [    Test worker] tourGuide.service.TourGuideService       : Track Location for user internalUser4537
2022-10-02 23:12:33.415  INFO 75568 --- [    Test worker] tourGuide.service.TourGuideService       : Track Location for user internalUser5867
2022-10-02 23:12:33.416  INFO 75568 --- [    Test worker] tourGuide.service.TourGuideService       : Track Location for user internalUser3207
2022-10-02 23:12:33.417  INFO 75568 --- [    Test worker] tourGuide.service.TourGuideService       : Track Location for user internalUser4538
2022-10-02 23:12:33.418  INFO 75568 --- [    Test worker] tourGuide.service.TourGuideService       : Track Location for user internalUser3208
2022-10-02 23:12:33.418  INFO 75568 --- [    Test worker] tourGuide.service.TourGuideService       : Track Location for user internalUser4539
2022-10-02 23:12:33.418  INFO 75568 --- [    Test worker] tourGuide.service.TourGuideService       : Track Location for user internalUser5869
2022-10-02 23:12:33.419  INFO 75568 --- [    Test worker] tourGuide.service.TourGuideService       : Track Location for user internalUser5860
2022-10-02 23:12:33.419  INFO 75568 --- [    Test worker] tourGuide.service.TourGuideService       : Track Location for user internalUser4530
2022-10-02 23:12:33.419  INFO 75568 --- [    Test worker] tourGuide.service.TourGuideService       : Track Location for user internalUser5862
2022-10-02 23:12:33.420  INFO 75568 --- [pool-7-thread-1] tourGuide.service.TourGuideService       : Track Location for user internalUser580
2022-10-02 23:12:33.420  INFO 75568 --- [    Test worker] tourGuide.service.TourGuideService       : Track Location for user internalUser3200
2022-10-02 23:12:33.421  INFO 75568 --- [pool-7-thread-1] tourGuide.service.TourGuideService       : Track Location for user internalUser589
2022-10-02 23:12:33.421  INFO 75568 --- [pool-7-thread-1] tourGuide.service.TourGuideService       : Track Location for user internalUser4271
2022-10-02 23:12:33.421  INFO 75568 --- [    Test worker] tourGuide.service.TourGuideService       : Track Location for user internalUser4531
2022-10-02 23:12:33.422  INFO 75568 --- [pool-7-thread-1] tourGuide.service.TourGuideService       : Track Location for user internalUser4272
2022-10-02 23:12:33.422  INFO 75568 --- [    Test worker] tourGuide.service.TourGuideService       : Track Location for user internalUser5861
2022-10-02 23:12:33.422  INFO 75568 --- [pool-7-thread-1] tourGuide.service.TourGuideService       : Track Location for user internalUser587
2022-10-02 23:12:33.423  INFO 75568 --- [    Test worker] tourGuide.service.TourGuideService       : Track Location for user internalUser3209
2022-10-02 23:12:33.423  INFO 75568 --- [pool-7-thread-1] tourGuide.service.TourGuideService       : Track Location for user internalUser4273
2022-10-02 23:12:33.423  INFO 75568 --- [    Test worker] tourGuide.service.TourGuideService       : Track Location for user internalUser3212
2022-10-02 23:12:33.423  INFO 75568 --- [pool-7-thread-1] tourGuide.service.TourGuideService       : Track Location for user internalUser588
2022-10-02 23:12:33.424  INFO 75568 --- [pool-7-thread-1] tourGuide.service.TourGuideService       : Track Location for user internalUser4274
2022-10-02 23:12:33.424  INFO 75568 --- [    Test worker] tourGuide.service.TourGuideService       : Track Location for user internalUser4543
2022-10-02 23:12:33.425  INFO 75568 --- [    Test worker] tourGuide.service.TourGuideService       : Track Location for user internalUser5875
2022-10-02 23:12:33.425  INFO 75568 --- [pool-7-thread-1] tourGuide.service.TourGuideService       : Track Location for user internalUser585
2022-10-02 23:12:33.425  INFO 75568 --- [    Test worker] tourGuide.service.TourGuideService       : Track Location for user internalUser3213
2022-10-02 23:12:33.425  INFO 75568 --- [pool-7-thread-1] tourGuide.service.TourGuideService       : Track Location for user internalUser4275
2022-10-02 23:12:33.425  INFO 75568 --- [    Test worker] tourGuide.service.TourGuideService       : Track Location for user internalUser4544
2022-10-02 23:12:33.425  INFO 75568 --- [pool-7-thread-1] tourGuide.service.TourGuideService       : Track Location for user internalUser586
2022-10-02 23:12:33.425  INFO 75568 --- [    Test worker] tourGuide.service.TourGuideService       : Track Location for user internalUser5874
2022-10-02 23:12:33.425  INFO 75568 --- [pool-7-thread-1] tourGuide.service.TourGuideService       : Track Location for user internalUser4276
2022-10-02 23:12:33.426  INFO 75568 --- [    Test worker] tourGuide.service.TourGuideService       : Track Location for user internalUser3214
2022-10-02 23:12:33.426  INFO 75568 --- [pool-7-thread-1] tourGuide.service.TourGuideService       : Track Location for user internalUser583
2022-10-02 23:12:33.426  INFO 75568 --- [    Test worker] tourGuide.service.TourGuideService       : Track Location for user internalUser4545
2022-10-02 23:12:33.426  INFO 75568 --- [    Test worker] tourGuide.service.TourGuideService       : Track Location for user internalUser5877
2022-10-02 23:12:33.427  INFO 75568 --- [pool-7-thread-1] tourGuide.service.TourGuideService       : Track Location for user internalUser4277
2022-10-02 23:12:33.427  INFO 75568 --- [    Test worker] tourGuide.service.TourGuideService       : Track Location for user internalUser3215
2022-10-02 23:12:33.427  INFO 75568 --- [pool-7-thread-1] tourGuide.service.TourGuideService       : Track Location for user internalUser584
2022-10-02 23:12:33.427  INFO 75568 --- [    Test worker] tourGuide.service.TourGuideService       : Track Location for user internalUser4546
2022-10-02 23:12:33.427  INFO 75568 --- [pool-7-thread-1] tourGuide.service.TourGuideService       : Track Location for user internalUser4278
2022-10-02 23:12:33.428  INFO 75568 --- [    Test worker] tourGuide.service.TourGuideService       : Track Location for user internalUser5876
2022-10-02 23:12:33.428  INFO 75568 --- [pool-7-thread-1] tourGuide.service.TourGuideService       : Track Location for user internalUser4280
2022-10-02 23:12:33.428  INFO 75568 --- [    Test worker] tourGuide.service.TourGuideService       : Track Location for user internalUser3216
2022-10-02 23:12:33.428  INFO 75568 --- [    Test worker] tourGuide.service.TourGuideService       : Track Location for user internalUser4547
2022-10-02 23:12:33.428  INFO 75568 --- [pool-7-thread-1] tourGuide.service.TourGuideService       : Track Location for user internalUser4281
2022-10-02 23:12:33.429  INFO 75568 --- [    Test worker] tourGuide.service.TourGuideService       : Track Location for user internalUser5879
2022-10-02 23:12:33.429  INFO 75568 --- [pool-7-thread-1] tourGuide.service.TourGuideService       : Track Location for user internalUser592
2022-10-02 23:12:33.429  INFO 75568 --- [    Test worker] tourGuide.service.TourGuideService       : Track Location for user internalUser3217
2022-10-02 23:12:33.429  INFO 75568 --- [pool-7-thread-1] tourGuide.service.TourGuideService       : Track Location for user internalUser593
2022-10-02 23:12:33.429  INFO 75568 --- [    Test worker] tourGuide.service.TourGuideService       : Track Location for user internalUser4548
2022-10-02 23:12:33.430  INFO 75568 --- [pool-7-thread-1] tourGuide.service.TourGuideService       : Track Location for user internalUser590
2022-10-02 23:12:33.430  INFO 75568 --- [    Test worker] tourGuide.service.TourGuideService       : Track Location for user internalUser5878
2022-10-02 23:12:33.430  INFO 75568 --- [    Test worker] tourGuide.service.TourGuideService       : Track Location for user internalUser3218
2022-10-02 23:12:33.430  INFO 75568 --- [    Test worker] tourGuide.service.TourGuideService       : Track Location for user internalUser4549
2022-10-02 23:12:33.431  INFO 75568 --- [    Test worker] tourGuide.service.TourGuideService       : Track Location for user internalUser3219
2022-10-02 23:12:33.434  INFO 75568 --- [pool-7-thread-1] tourGuide.service.TourGuideService       : Track Location for user internalUser591
2022-10-02 23:12:33.435  INFO 75568 --- [pool-7-thread-1] tourGuide.service.TourGuideService       : Track Location for user internalUser4282
2022-10-02 23:12:33.435  INFO 75568 --- [pool-7-thread-1] tourGuide.service.TourGuideService       : Track Location for user internalUser4283
2022-10-02 23:12:33.436  INFO 75568 --- [pool-7-thread-1] tourGuide.service.TourGuideService       : Track Location for user internalUser598
2022-10-02 23:12:33.436  INFO 75568 --- [pool-7-thread-1] tourGuide.service.TourGuideService       : Track Location for user internalUser4284
2022-10-02 23:12:33.436  INFO 75568 --- [pool-7-thread-1] tourGuide.service.TourGuideService       : Track Location for user internalUser599
2022-10-02 23:12:33.436  INFO 75568 --- [pool-7-thread-1] tourGuide.service.TourGuideService       : Track Location for user internalUser4285
2022-10-02 23:12:33.437  INFO 75568 --- [pool-7-thread-1] tourGuide.service.TourGuideService       : Track Location for user internalUser596
2022-10-02 23:12:33.437  INFO 75568 --- [pool-7-thread-1] tourGuide.service.TourGuideService       : Track Location for user internalUser4286
2022-10-02 23:12:33.437  INFO 75568 --- [pool-7-thread-1] tourGuide.service.TourGuideService       : Track Location for user internalUser597
2022-10-02 23:12:33.442  INFO 75568 --- [pool-7-thread-1] tourGuide.service.TourGuideService       : Track Location for user internalUser4287
2022-10-02 23:12:33.443  INFO 75568 --- [pool-7-thread-1] tourGuide.service.TourGuideService       : Track Location for user internalUser594
2022-10-02 23:12:33.443  INFO 75568 --- [pool-7-thread-1] tourGuide.service.TourGuideService       : Track Location for user internalUser4288
2022-10-02 23:12:33.443  INFO 75568 --- [pool-7-thread-1] tourGuide.service.TourGuideService       : Track Location for user internalUser595
2022-10-02 23:12:33.444  INFO 75568 --- [pool-7-thread-1] tourGuide.service.TourGuideService       : Track Location for user internalUser4289
2022-10-02 23:12:33.444  INFO 75568 --- [pool-7-thread-1] tourGuide.service.TourGuideService       : Track Location for user internalUser4290
2022-10-02 23:12:33.444  INFO 75568 --- [pool-7-thread-1] tourGuide.service.TourGuideService       : Track Location for user internalUser4291
2022-10-02 23:12:33.444  INFO 75568 --- [pool-7-thread-1] tourGuide.service.TourGuideService       : Track Location for user internalUser4292
2022-10-02 23:12:33.444  INFO 75568 --- [pool-7-thread-1] tourGuide.service.TourGuideService       : Track Location for user internalUser523
2022-10-02 23:12:33.444  INFO 75568 --- [pool-7-thread-1] tourGuide.service.TourGuideService       : Track Location for user internalUser524
2022-10-02 23:12:33.445  INFO 75568 --- [pool-7-thread-1] tourGuide.service.TourGuideService       : Track Location for user internalUser521
2022-10-02 23:12:33.445  INFO 75568 --- [pool-7-thread-1] tourGuide.service.TourGuideService       : Track Location for user internalUser522
2022-10-02 23:12:33.445  INFO 75568 --- [pool-7-thread-1] tourGuide.service.TourGuideService       : Track Location for user internalUser520
2022-10-02 23:12:33.445  INFO 75568 --- [pool-7-thread-1] tourGuide.service.TourGuideService       : Track Location for user internalUser529
2022-10-02 23:12:33.445  INFO 75568 --- [pool-7-thread-1] tourGuide.service.TourGuideService       : Track Location for user internalUser527
2022-10-02 23:12:33.445  INFO 75568 --- [pool-7-thread-1] tourGuide.service.TourGuideService       : Track Location for user internalUser528
2022-10-02 23:12:33.446  INFO 75568 --- [pool-7-thread-1] tourGuide.service.TourGuideService       : Track Location for user internalUser525
2022-10-02 23:12:33.446  INFO 75568 --- [pool-7-thread-1] tourGuide.service.TourGuideService       : Track Location for user internalUser526
2022-10-02 23:12:33.446  INFO 75568 --- [pool-7-thread-1] tourGuide.service.TourGuideService       : Track Location for user internalUser534
2022-10-02 23:12:33.446  INFO 75568 --- [pool-7-thread-1] tourGuide.service.TourGuideService       : Track Location for user internalUser535
2022-10-02 23:12:33.446  INFO 75568 --- [pool-7-thread-1] tourGuide.service.TourGuideService       : Track Location for user internalUser532
2022-10-02 23:12:33.447  INFO 75568 --- [pool-7-thread-1] tourGuide.service.TourGuideService       : Track Location for user internalUser533
2022-10-02 23:12:33.447  INFO 75568 --- [pool-7-thread-1] tourGuide.service.TourGuideService       : Track Location for user internalUser530
2022-10-02 23:12:33.447  INFO 75568 --- [pool-7-thread-1] tourGuide.service.TourGuideService       : Track Location for user internalUser531
2022-10-02 23:12:33.448  INFO 75568 --- [pool-7-thread-1] tourGuide.service.TourGuideService       : Track Location for user internalUser538
2022-10-02 23:12:33.448  INFO 75568 --- [pool-7-thread-1] tourGuide.service.TourGuideService       : Track Location for user internalUser539
2022-10-02 23:12:33.448  INFO 75568 --- [pool-7-thread-1] tourGuide.service.TourGuideService       : Track Location for user internalUser536
2022-10-02 23:12:33.448  INFO 75568 --- [pool-7-thread-1] tourGuide.service.TourGuideService       : Track Location for user internalUser537
2022-10-02 23:12:33.448  INFO 75568 --- [pool-7-thread-1] tourGuide.service.TourGuideService       : Track Location for user internalUser545
2022-10-02 23:12:33.448  INFO 75568 --- [pool-7-thread-1] tourGuide.service.TourGuideService       : Track Location for user internalUser546
2022-10-02 23:12:33.449  INFO 75568 --- [pool-7-thread-1] tourGuide.service.TourGuideService       : Track Location for user internalUser543
2022-10-02 23:12:33.449  INFO 75568 --- [pool-7-thread-1] tourGuide.service.TourGuideService       : Track Location for user internalUser544
2022-10-02 23:12:33.449  INFO 75568 --- [pool-7-thread-1] tourGuide.service.TourGuideService       : Track Location for user internalUser541
2022-10-02 23:12:33.449  INFO 75568 --- [pool-7-thread-1] tourGuide.service.TourGuideService       : Track Location for user internalUser542
2022-10-02 23:12:33.449  INFO 75568 --- [pool-7-thread-1] tourGuide.service.TourGuideService       : Track Location for user internalUser540
2022-10-02 23:12:33.450  INFO 75568 --- [pool-7-thread-1] tourGuide.service.TourGuideService       : Track Location for user internalUser549
2022-10-02 23:12:33.450  INFO 75568 --- [pool-7-thread-1] tourGuide.service.TourGuideService       : Track Location for user internalUser547
2022-10-02 23:12:33.450  INFO 75568 --- [pool-7-thread-1] tourGuide.service.TourGuideService       : Track Location for user internalUser548
2022-10-02 23:12:33.450  INFO 75568 --- [pool-7-thread-1] tourGuide.service.TourGuideService       : Track Location for user internalUser556
2022-10-02 23:12:33.450  INFO 75568 --- [pool-7-thread-1] tourGuide.service.TourGuideService       : Track Location for user internalUser557
2022-10-02 23:12:33.450  INFO 75568 --- [pool-7-thread-1] tourGuide.service.TourGuideService       : Track Location for user internalUser554
2022-10-02 23:12:33.451  INFO 75568 --- [pool-7-thread-1] tourGuide.service.TourGuideService       : Track Location for user internalUser555
2022-10-02 23:12:33.451  INFO 75568 --- [pool-7-thread-1] tourGuide.service.TourGuideService       : Track Location for user internalUser552
2022-10-02 23:12:33.451  INFO 75568 --- [pool-7-thread-1] tourGuide.service.TourGuideService       : Track Location for user internalUser553
2022-10-02 23:12:33.431  INFO 75568 --- [    Test worker] tourGuide.service.TourGuideService       : Track Location for user internalUser5871
2022-10-02 23:12:33.452  INFO 75568 --- [pool-7-thread-1] tourGuide.service.TourGuideService       : Track Location for user internalUser550
2022-10-02 23:12:33.453  INFO 75568 --- [    Test worker] tourGuide.service.TourGuideService       : Track Location for user internalUser4540
2022-10-02 23:12:33.454  INFO 75568 --- [    Test worker] tourGuide.service.TourGuideService       : Track Location for user internalUser5870
2022-10-02 23:12:33.454  INFO 75568 --- [    Test worker] tourGuide.service.TourGuideService       : Track Location for user internalUser3210
2022-10-02 23:12:33.455  INFO 75568 --- [    Test worker] tourGuide.service.TourGuideService       : Track Location for user internalUser4541
2022-10-02 23:12:33.455  INFO 75568 --- [    Test worker] tourGuide.service.TourGuideService       : Track Location for user internalUser5873
2022-10-02 23:12:33.456  INFO 75568 --- [    Test worker] tourGuide.service.TourGuideService       : Track Location for user internalUser3211
2022-10-02 23:12:33.456  INFO 75568 --- [    Test worker] tourGuide.service.TourGuideService       : Track Location for user internalUser4542
2022-10-02 23:12:33.456  INFO 75568 --- [    Test worker] tourGuide.service.TourGuideService       : Track Location for user internalUser5872
2022-10-02 23:12:33.458  INFO 75568 --- [pool-7-thread-1] tourGuide.service.TourGuideService       : Track Location for user internalUser551
2022-10-02 23:12:33.458  INFO 75568 --- [    Test worker] tourGuide.service.TourGuideService       : Track Location for user internalUser4510
2022-10-02 23:12:33.459  INFO 75568 --- [    Test worker] tourGuide.service.TourGuideService       : Track Location for user internalUser5842
2022-10-02 23:12:33.459  INFO 75568 --- [    Test worker] tourGuide.service.TourGuideService       : Track Location for user internalUser4511
2022-10-02 23:12:33.460  INFO 75568 --- [pool-7-thread-1] tourGuide.service.TourGuideService       : Track Location for user internalUser558
2022-10-02 23:12:33.461  INFO 75568 --- [pool-7-thread-1] tourGuide.service.TourGuideService       : Track Location for user internalUser559
2022-10-02 23:12:33.461  INFO 75568 --- [pool-7-thread-1] tourGuide.service.TourGuideService       : Track Location for user internalUser4213
2022-10-02 23:12:33.461  INFO 75568 --- [pool-7-thread-1] tourGuide.service.TourGuideService       : Track Location for user internalUser5545
2022-10-02 23:12:33.462  INFO 75568 --- [pool-7-thread-1] tourGuide.service.TourGuideService       : Track Location for user internalUser6876
2022-10-02 23:12:33.462  INFO 75568 --- [pool-7-thread-1] tourGuide.service.TourGuideService       : Track Location for user internalUser4214
2022-10-02 23:12:33.462  INFO 75568 --- [pool-7-thread-1] tourGuide.service.TourGuideService       : Track Location for user internalUser5544
2022-10-02 23:12:33.463  INFO 75568 --- [pool-7-thread-1] tourGuide.service.TourGuideService       : Track Location for user internalUser6875
2022-10-02 23:12:33.463  INFO 75568 --- [pool-7-thread-1] tourGuide.service.TourGuideService       : Track Location for user internalUser4215
2022-10-02 23:12:33.463  INFO 75568 --- [pool-7-thread-1] tourGuide.service.TourGuideService       : Track Location for user internalUser5547
2022-10-02 23:12:33.463  INFO 75568 --- [pool-7-thread-1] tourGuide.service.TourGuideService       : Track Location for user internalUser6878
2022-10-02 23:12:33.464  INFO 75568 --- [pool-7-thread-1] tourGuide.service.TourGuideService       : Track Location for user internalUser4216
2022-10-02 23:12:33.468  INFO 75568 --- [pool-7-thread-1] tourGuide.service.TourGuideService       : Track Location for user internalUser5546
2022-10-02 23:12:33.468  INFO 75568 --- [    Test worker] tourGuide.service.TourGuideService       : Track Location for user internalUser5841
2022-10-02 23:12:33.471  INFO 75568 --- [pool-7-thread-1] tourGuide.service.TourGuideService       : Track Location for user internalUser6877
2022-10-02 23:12:33.473  INFO 75568 --- [pool-7-thread-1] tourGuide.service.TourGuideService       : Track Location for user internalUser4217
2022-10-02 23:12:33.474  INFO 75568 --- [pool-7-thread-1] tourGuide.service.TourGuideService       : Track Location for user internalUser5549
2022-10-02 23:12:33.474  INFO 75568 --- [pool-7-thread-1] tourGuide.service.TourGuideService       : Track Location for user internalUser4218
2022-10-02 23:12:33.474  INFO 75568 --- [pool-7-thread-1] tourGuide.service.TourGuideService       : Track Location for user internalUser5548
2022-10-02 23:12:33.474  INFO 75568 --- [pool-7-thread-1] tourGuide.service.TourGuideService       : Track Location for user internalUser6879
2022-10-02 23:12:33.475  INFO 75568 --- [pool-7-thread-1] tourGuide.service.TourGuideService       : Track Location for user internalUser4219
2022-10-02 23:12:33.475  INFO 75568 --- [pool-7-thread-1] tourGuide.service.TourGuideService       : Track Location for user internalUser600
2022-10-02 23:12:33.475  INFO 75568 --- [pool-7-thread-1] tourGuide.service.TourGuideService       : Track Location for user internalUser601
2022-10-02 23:12:33.475  INFO 75568 --- [pool-7-thread-1] tourGuide.service.TourGuideService       : Track Location for user internalUser6870
2022-10-02 23:12:33.476  INFO 75568 --- [pool-7-thread-1] tourGuide.service.TourGuideService       : Track Location for user internalUser5541
2022-10-02 23:12:33.476  INFO 75568 --- [pool-7-thread-1] tourGuide.service.TourGuideService       : Track Location for user internalUser6872
2022-10-02 23:12:33.476  INFO 75568 --- [    Test worker] tourGuide.service.TourGuideService       : Track Location for user internalUser4512
2022-10-02 23:12:33.476  INFO 75568 --- [pool-7-thread-1] tourGuide.service.TourGuideService       : Track Location for user internalUser4210
2022-10-02 23:12:33.477  INFO 75568 --- [pool-7-thread-1] tourGuide.service.TourGuideService       : Track Location for user internalUser5540
2022-10-02 23:12:33.478  INFO 75568 --- [pool-7-thread-1] tourGuide.service.TourGuideService       : Track Location for user internalUser6871
2022-10-02 23:12:33.478  INFO 75568 --- [pool-7-thread-1] tourGuide.service.TourGuideService       : Track Location for user internalUser4211
2022-10-02 23:12:33.479  INFO 75568 --- [pool-7-thread-1] tourGuide.service.TourGuideService       : Track Location for user internalUser5543
2022-10-02 23:12:33.479  INFO 75568 --- [    Test worker] tourGuide.service.TourGuideService       : Track Location for user internalUser5844
2022-10-02 23:12:33.479  INFO 75568 --- [pool-7-thread-1] tourGuide.service.TourGuideService       : Track Location for user internalUser6874
2022-10-02 23:12:33.479  INFO 75568 --- [    Test worker] tourGuide.service.TourGuideService       : Track Location for user internalUser4513
2022-10-02 23:12:33.480  INFO 75568 --- [pool-7-thread-1] tourGuide.service.TourGuideService       : Track Location for user internalUser4212
2022-10-02 23:12:33.480  INFO 75568 --- [    Test worker] tourGuide.service.TourGuideService       : Track Location for user internalUser5843
2022-10-02 23:12:33.480  INFO 75568 --- [pool-7-thread-1] tourGuide.service.TourGuideService       : Track Location for user internalUser5542
2022-10-02 23:12:33.480  INFO 75568 --- [    Test worker] tourGuide.service.TourGuideService       : Track Location for user internalUser4514
2022-10-02 23:12:33.481  INFO 75568 --- [pool-7-thread-1] tourGuide.service.TourGuideService       : Track Location for user internalUser6873
2022-10-02 23:12:33.481  INFO 75568 --- [    Test worker] tourGuide.service.TourGuideService       : Track Location for user internalUser5846
2022-10-02 23:12:33.481  INFO 75568 --- [pool-7-thread-1] tourGuide.service.TourGuideService       : Track Location for user internalUser608
2022-10-02 23:12:33.481  INFO 75568 --- [    Test worker] tourGuide.service.TourGuideService       : Track Location for user internalUser4515
2022-10-02 23:12:33.482  INFO 75568 --- [pool-7-thread-1] tourGuide.service.TourGuideService       : Track Location for user internalUser609
2022-10-02 23:12:33.482  INFO 75568 --- [    Test worker] tourGuide.service.TourGuideService       : Track Location for user internalUser5845
2022-10-02 23:12:33.482  INFO 75568 --- [pool-7-thread-1] tourGuide.service.TourGuideService       : Track Location for user internalUser606
2022-10-02 23:12:33.482  INFO 75568 --- [    Test worker] tourGuide.service.TourGuideService       : Track Location for user internalUser4516
2022-10-02 23:12:33.482  INFO 75568 --- [pool-7-thread-1] tourGuide.service.TourGuideService       : Track Location for user internalUser607
2022-10-02 23:12:33.483  INFO 75568 --- [    Test worker] tourGuide.service.TourGuideService       : Track Location for user internalUser5848
2022-10-02 23:12:33.483  INFO 75568 --- [pool-7-thread-1] tourGuide.service.TourGuideService       : Track Location for user internalUser604
2022-10-02 23:12:33.483  INFO 75568 --- [    Test worker] tourGuide.service.TourGuideService       : Track Location for user internalUser4517
2022-10-02 23:12:33.483  INFO 75568 --- [pool-7-thread-1] tourGuide.service.TourGuideService       : Track Location for user internalUser605
2022-10-02 23:12:33.483  INFO 75568 --- [    Test worker] tourGuide.service.TourGuideService       : Track Location for user internalUser5847
2022-10-02 23:12:33.484  INFO 75568 --- [pool-7-thread-1] tourGuide.service.TourGuideService       : Track Location for user internalUser602
2022-10-02 23:12:33.484  INFO 75568 --- [    Test worker] tourGuide.service.TourGuideService       : Track Location for user internalUser5840
2022-10-02 23:12:33.484  INFO 75568 --- [pool-7-thread-1] tourGuide.service.TourGuideService       : Track Location for user internalUser603
2022-10-02 23:12:33.484  INFO 75568 --- [    Test worker] tourGuide.service.TourGuideService       : Track Location for user internalUser4518
2022-10-02 23:12:33.484  INFO 75568 --- [pool-7-thread-1] tourGuide.service.TourGuideService       : Track Location for user internalUser4224
2022-10-02 23:12:33.485  INFO 75568 --- [    Test worker] tourGuide.service.TourGuideService       : Track Location for user internalUser4519
2022-10-02 23:12:33.485  INFO 75568 --- [pool-7-thread-1] tourGuide.service.TourGuideService       : Track Location for user internalUser5556
2022-10-02 23:12:33.485  INFO 75568 --- [    Test worker] tourGuide.service.TourGuideService       : Track Location for user internalUser5849
2022-10-02 23:12:33.485  INFO 75568 --- [pool-7-thread-1] tourGuide.service.TourGuideService       : Track Location for user internalUser6887
2022-10-02 23:12:33.486  INFO 75568 --- [    Test worker] tourGuide.service.TourGuideService       : Track Location for user internalUser4521
2022-10-02 23:12:33.486  INFO 75568 --- [pool-7-thread-1] tourGuide.service.TourGuideService       : Track Location for user internalUser4225
2022-10-02 23:12:33.486  INFO 75568 --- [pool-7-thread-1] tourGuide.service.TourGuideService       : Track Location for user internalUser5555
2022-10-02 23:12:33.486  INFO 75568 --- [    Test worker] tourGuide.service.TourGuideService       : Track Location for user internalUser5853
2022-10-02 23:12:33.486  INFO 75568 --- [pool-7-thread-1] tourGuide.service.TourGuideService       : Track Location for user internalUser6886
2022-10-02 23:12:33.487  INFO 75568 --- [    Test worker] tourGuide.service.TourGuideService       : Track Location for user internalUser4522
2022-10-02 23:12:33.487  INFO 75568 --- [pool-7-thread-1] tourGuide.service.TourGuideService       : Track Location for user internalUser4226
2022-10-02 23:12:33.487  INFO 75568 --- [pool-7-thread-1] tourGuide.service.TourGuideService       : Track Location for user internalUser5558
2022-10-02 23:12:33.487  INFO 75568 --- [    Test worker] tourGuide.service.TourGuideService       : Track Location for user internalUser5852
2022-10-02 23:12:33.487  INFO 75568 --- [pool-7-thread-1] tourGuide.service.TourGuideService       : Track Location for user internalUser6889
2022-10-02 23:12:33.488  INFO 75568 --- [pool-7-thread-1] tourGuide.service.TourGuideService       : Track Location for user internalUser4227
2022-10-02 23:12:33.488  INFO 75568 --- [pool-7-thread-1] tourGuide.service.TourGuideService       : Track Location for user internalUser5557
2022-10-02 23:12:33.488  INFO 75568 --- [    Test worker] tourGuide.service.TourGuideService       : Track Location for user internalUser4523
2022-10-02 23:12:33.488  INFO 75568 --- [pool-7-thread-1] tourGuide.service.TourGuideService       : Track Location for user internalUser6888
2022-10-02 23:12:33.488  INFO 75568 --- [pool-7-thread-1] tourGuide.service.TourGuideService       : Track Location for user internalUser4228
2022-10-02 23:12:33.489  INFO 75568 --- [    Test worker] tourGuide.service.TourGuideService       : Track Location for user internalUser5855
2022-10-02 23:12:33.489  INFO 75568 --- [pool-7-thread-1] tourGuide.service.TourGuideService       : Track Location for user internalUser4229
2022-10-02 23:12:33.489  INFO 75568 --- [    Test worker] tourGuide.service.TourGuideService       : Track Location for user internalUser4524
2022-10-02 23:12:33.489  INFO 75568 --- [    Test worker] tourGuide.service.TourGuideService       : Track Location for user internalUser5854
2022-10-02 23:12:33.490  INFO 75568 --- [pool-7-thread-1] tourGuide.service.TourGuideService       : Track Location for user internalUser5559
2022-10-02 23:12:33.490  INFO 75568 --- [pool-7-thread-1] tourGuide.service.TourGuideService       : Track Location for user internalUser611
2022-10-02 23:12:33.490  INFO 75568 --- [pool-7-thread-1] tourGuide.service.TourGuideService       : Track Location for user internalUser612
2022-10-02 23:12:33.490  INFO 75568 --- [pool-7-thread-1] tourGuide.service.TourGuideService       : Track Location for user internalUser5550
2022-10-02 23:12:33.490  INFO 75568 --- [pool-7-thread-1] tourGuide.service.TourGuideService       : Track Location for user internalUser6881
2022-10-02 23:12:33.491  INFO 75568 --- [    Test worker] tourGuide.service.TourGuideService       : Track Location for user internalUser4525
2022-10-02 23:12:33.491  INFO 75568 --- [pool-7-thread-1] tourGuide.service.TourGuideService       : Track Location for user internalUser610
2022-10-02 23:12:33.491  INFO 75568 --- [pool-7-thread-1] tourGuide.service.TourGuideService       : Track Location for user internalUser6880
2022-10-02 23:12:33.491  INFO 75568 --- [pool-7-thread-1] tourGuide.service.TourGuideService       : Track Location for user internalUser4220
2022-10-02 23:12:33.492  INFO 75568 --- [    Test worker] tourGuide.service.TourGuideService       : Track Location for user internalUser5857
2022-10-02 23:12:33.492  INFO 75568 --- [pool-7-thread-1] tourGuide.service.TourGuideService       : Track Location for user internalUser5552
2022-10-02 23:12:33.492  INFO 75568 --- [    Test worker] tourGuide.service.TourGuideService       : Track Location for user internalUser4526
2022-10-02 23:12:33.492  INFO 75568 --- [pool-7-thread-1] tourGuide.service.TourGuideService       : Track Location for user internalUser6883
2022-10-02 23:12:33.492  INFO 75568 --- [    Test worker] tourGuide.service.TourGuideService       : Track Location for user internalUser5856
2022-10-02 23:12:33.493  INFO 75568 --- [pool-7-thread-1] tourGuide.service.TourGuideService       : Track Location for user internalUser4221
2022-10-02 23:12:33.493  INFO 75568 --- [pool-7-thread-1] tourGuide.service.TourGuideService       : Track Location for user internalUser5551
2022-10-02 23:12:33.493  INFO 75568 --- [pool-7-thread-1] tourGuide.service.TourGuideService       : Track Location for user internalUser6882
2022-10-02 23:12:33.493  INFO 75568 --- [pool-7-thread-1] tourGuide.service.TourGuideService       : Track Location for user internalUser4222
2022-10-02 23:12:33.494  INFO 75568 --- [    Test worker] tourGuide.service.TourGuideService       : Track Location for user internalUser4527
2022-10-02 23:12:33.494  INFO 75568 --- [pool-7-thread-1] tourGuide.service.TourGuideService       : Track Location for user internalUser5554
2022-10-02 23:12:33.494  INFO 75568 --- [    Test worker] tourGuide.service.TourGuideService       : Track Location for user internalUser5859
2022-10-02 23:12:33.494  INFO 75568 --- [pool-7-thread-1] tourGuide.service.TourGuideService       : Track Location for user internalUser6885
2022-10-02 23:12:33.494  INFO 75568 --- [pool-7-thread-1] tourGuide.service.TourGuideService       : Track Location for user internalUser4223
2022-10-02 23:12:33.495  INFO 75568 --- [    Test worker] tourGuide.service.TourGuideService       : Track Location for user internalUser4528
2022-10-02 23:12:33.495  INFO 75568 --- [pool-7-thread-1] tourGuide.service.TourGuideService       : Track Location for user internalUser5553
2022-10-02 23:12:33.495  INFO 75568 --- [    Test worker] tourGuide.service.TourGuideService       : Track Location for user internalUser5858
2022-10-02 23:12:33.495  INFO 75568 --- [pool-7-thread-1] tourGuide.service.TourGuideService       : Track Location for user internalUser6884
2022-10-02 23:12:33.495  INFO 75568 --- [pool-7-thread-1] tourGuide.service.TourGuideService       : Track Location for user internalUser619
2022-10-02 23:12:33.496  INFO 75568 --- [    Test worker] tourGuide.service.TourGuideService       : Track Location for user internalUser5851
2022-10-02 23:12:33.496  INFO 75568 --- [pool-7-thread-1] tourGuide.service.TourGuideService       : Track Location for user internalUser617
2022-10-02 23:12:33.496  INFO 75568 --- [    Test worker] tourGuide.service.TourGuideService       : Track Location for user internalUser4520
2022-10-02 23:12:33.496  INFO 75568 --- [pool-7-thread-1] tourGuide.service.TourGuideService       : Track Location for user internalUser618
2022-10-02 23:12:33.496  INFO 75568 --- [    Test worker] tourGuide.service.TourGuideService       : Track Location for user internalUser5850
2022-10-02 23:12:33.497  INFO 75568 --- [pool-7-thread-1] tourGuide.service.TourGuideService       : Track Location for user internalUser615
2022-10-02 23:12:33.497  INFO 75568 --- [pool-7-thread-1] tourGuide.service.TourGuideService       : Track Location for user internalUser616
2022-10-02 23:12:33.497  INFO 75568 --- [    Test worker] tourGuide.service.TourGuideService       : Track Location for user internalUser4529
2022-10-02 23:12:33.497  INFO 75568 --- [pool-7-thread-1] tourGuide.service.TourGuideService       : Track Location for user internalUser613
2022-10-02 23:12:33.498  INFO 75568 --- [pool-7-thread-1] tourGuide.service.TourGuideService       : Track Location for user internalUser614
2022-10-02 23:12:33.498  INFO 75568 --- [    Test worker] tourGuide.service.TourGuideService       : Track Location for user internalUser9108
2022-10-02 23:12:33.498  INFO 75568 --- [pool-7-thread-1] tourGuide.service.TourGuideService       : Track Location for user internalUser5523
2022-10-02 23:12:33.498  INFO 75568 --- [    Test worker] tourGuide.service.TourGuideService       : Track Location for user internalUser9109
2022-10-02 23:12:33.499  INFO 75568 --- [pool-7-thread-1] tourGuide.service.TourGuideService       : Track Location for user internalUser6854
2022-10-02 23:12:33.499  INFO 75568 --- [    Test worker] tourGuide.service.TourGuideService       : Track Location for user internalUser9102
2022-10-02 23:12:33.499  INFO 75568 --- [pool-7-thread-1] tourGuide.service.TourGuideService       : Track Location for user internalUser5522
2022-10-02 23:12:33.499  INFO 75568 --- [pool-7-thread-1] tourGuide.service.TourGuideService       : Track Location for user internalUser6853
2022-10-02 23:12:33.499  INFO 75568 --- [pool-7-thread-1] tourGuide.service.TourGuideService       : Track Location for user internalUser5525
2022-10-02 23:12:33.500  INFO 75568 --- [    Test worker] tourGuide.service.TourGuideService       : Track Location for user internalUser9103
2022-10-02 23:12:33.500  INFO 75568 --- [pool-7-thread-1] tourGuide.service.TourGuideService       : Track Location for user internalUser6856
2022-10-02 23:12:33.500  INFO 75568 --- [    Test worker] tourGuide.service.TourGuideService       : Track Location for user internalUser9100
2022-10-02 23:12:33.500  INFO 75568 --- [pool-7-thread-1] tourGuide.service.TourGuideService       : Track Location for user internalUser5524
2022-10-02 23:12:33.501  INFO 75568 --- [    Test worker] tourGuide.service.TourGuideService       : Track Location for user internalUser9101
2022-10-02 23:12:33.501  INFO 75568 --- [pool-7-thread-1] tourGuide.service.TourGuideService       : Track Location for user internalUser6855
2022-10-02 23:12:33.501  INFO 75568 --- [pool-7-thread-1] tourGuide.service.TourGuideService       : Track Location for user internalUser5527
2022-10-02 23:12:33.501  INFO 75568 --- [    Test worker] tourGuide.service.TourGuideService       : Track Location for user internalUser9106
2022-10-02 23:12:33.501  INFO 75568 --- [pool-7-thread-1] tourGuide.service.TourGuideService       : Track Location for user internalUser6858
2022-10-02 23:12:33.502  INFO 75568 --- [pool-7-thread-1] tourGuide.service.TourGuideService       : Track Location for user internalUser5526
2022-10-02 23:12:33.502  INFO 75568 --- [    Test worker] tourGuide.service.TourGuideService       : Track Location for user internalUser9107
2022-10-02 23:12:33.502  INFO 75568 --- [pool-7-thread-1] tourGuide.service.TourGuideService       : Track Location for user internalUser6857
2022-10-02 23:12:33.502  INFO 75568 --- [    Test worker] tourGuide.service.TourGuideService       : Track Location for user internalUser9104
2022-10-02 23:12:33.502  INFO 75568 --- [pool-7-thread-1] tourGuide.service.TourGuideService       : Track Location for user internalUser5529
2022-10-02 23:12:33.502  INFO 75568 --- [    Test worker] tourGuide.service.TourGuideService       : Track Location for user internalUser9105
2022-10-02 23:12:33.503  INFO 75568 --- [pool-7-thread-1] tourGuide.service.TourGuideService       : Track Location for user internalUser5528
2022-10-02 23:12:33.503  INFO 75568 --- [    Test worker] tourGuide.service.TourGuideService       : Track Location for user internalUser9110
2022-10-02 23:12:33.503  INFO 75568 --- [pool-7-thread-1] tourGuide.service.TourGuideService       : Track Location for user internalUser6859
2022-10-02 23:12:33.504  INFO 75568 --- [    Test worker] tourGuide.service.TourGuideService       : Track Location for user internalUser9119
2022-10-02 23:12:33.504  INFO 75568 --- [pool-7-thread-1] tourGuide.service.TourGuideService       : Track Location for user internalUser622
2022-10-02 23:12:33.504  INFO 75568 --- [    Test worker] tourGuide.service.TourGuideService       : Track Location for user internalUser9113
2022-10-02 23:12:33.505  INFO 75568 --- [pool-7-thread-1] tourGuide.service.TourGuideService       : Track Location for user internalUser623
2022-10-02 23:12:33.505  INFO 75568 --- [    Test worker] tourGuide.service.TourGuideService       : Track Location for user internalUser9114
2022-10-02 23:12:33.505  INFO 75568 --- [pool-7-thread-1] tourGuide.service.TourGuideService       : Track Location for user internalUser620
2022-10-02 23:12:33.505  INFO 75568 --- [    Test worker] tourGuide.service.TourGuideService       : Track Location for user internalUser9111
2022-10-02 23:12:33.505  INFO 75568 --- [pool-7-thread-1] tourGuide.service.TourGuideService       : Track Location for user internalUser621
2022-10-02 23:12:33.506  INFO 75568 --- [    Test worker] tourGuide.service.TourGuideService       : Track Location for user internalUser9112
2022-10-02 23:12:33.506  INFO 75568 --- [pool-7-thread-1] tourGuide.service.TourGuideService       : Track Location for user internalUser6850
2022-10-02 23:12:33.506  INFO 75568 --- [    Test worker] tourGuide.service.TourGuideService       : Track Location for user internalUser9117
2022-10-02 23:12:33.506  INFO 75568 --- [pool-7-thread-1] tourGuide.service.TourGuideService       : Track Location for user internalUser5521
2022-10-02 23:12:33.506  INFO 75568 --- [    Test worker] tourGuide.service.TourGuideService       : Track Location for user internalUser9118
2022-10-02 23:12:33.507  INFO 75568 --- [pool-7-thread-1] tourGuide.service.TourGuideService       : Track Location for user internalUser6852
2022-10-02 23:12:33.507  INFO 75568 --- [    Test worker] tourGuide.service.TourGuideService       : Track Location for user internalUser9115
2022-10-02 23:12:33.507  INFO 75568 --- [pool-7-thread-1] tourGuide.service.TourGuideService       : Track Location for user internalUser5520
2022-10-02 23:12:33.507  INFO 75568 --- [    Test worker] tourGuide.service.TourGuideService       : Track Location for user internalUser9116
2022-10-02 23:12:33.507  INFO 75568 --- [pool-7-thread-1] tourGuide.service.TourGuideService       : Track Location for user internalUser6851
2022-10-02 23:12:33.507  INFO 75568 --- [    Test worker] tourGuide.service.TourGuideService       : Track Location for user internalUser9120
2022-10-02 23:12:33.508  INFO 75568 --- [pool-7-thread-1] tourGuide.service.TourGuideService       : Track Location for user internalUser628
2022-10-02 23:12:33.508  INFO 75568 --- [    Test worker] tourGuide.service.TourGuideService       : Track Location for user internalUser9121
2022-10-02 23:12:33.508  INFO 75568 --- [pool-7-thread-1] tourGuide.service.TourGuideService       : Track Location for user internalUser629
2022-10-02 23:12:33.508  INFO 75568 --- [    Test worker] tourGuide.service.TourGuideService       : Track Location for user internalUser9146
2022-10-02 23:12:33.509  INFO 75568 --- [pool-7-thread-1] tourGuide.service.TourGuideService       : Track Location for user internalUser626
2022-10-02 23:12:33.509  INFO 75568 --- [pool-7-thread-1] tourGuide.service.TourGuideService       : Track Location for user internalUser627
2022-10-02 23:12:33.509  INFO 75568 --- [pool-7-thread-1] tourGuide.service.TourGuideService       : Track Location for user internalUser624
2022-10-02 23:12:33.509  INFO 75568 --- [pool-7-thread-1] tourGuide.service.TourGuideService       : Track Location for user internalUser625
2022-10-02 23:12:33.510  INFO 75568 --- [pool-7-thread-1] tourGuide.service.TourGuideService       : Track Location for user internalUser4202
2022-10-02 23:12:33.510  INFO 75568 --- [    Test worker] tourGuide.service.TourGuideService       : Track Location for user internalUser9147
2022-10-02 23:12:33.510  INFO 75568 --- [    Test worker] tourGuide.service.TourGuideService       : Track Location for user internalUser9144
2022-10-02 23:12:33.511  INFO 75568 --- [pool-7-thread-1] tourGuide.service.TourGuideService       : Track Location for user internalUser5534
2022-10-02 23:12:33.511  INFO 75568 --- [pool-7-thread-1] tourGuide.service.TourGuideService       : Track Location for user internalUser6865
2022-10-02 23:12:33.511  INFO 75568 --- [    Test worker] tourGuide.service.TourGuideService       : Track Location for user internalUser9145
2022-10-02 23:12:33.511  INFO 75568 --- [pool-7-thread-1] tourGuide.service.TourGuideService       : Track Location for user internalUser4203
2022-10-02 23:12:33.512  INFO 75568 --- [    Test worker] tourGuide.service.TourGuideService       : Track Location for user internalUser9148
2022-10-02 23:12:33.512  INFO 75568 --- [    Test worker] tourGuide.service.TourGuideService       : Track Location for user internalUser9149
2022-10-02 23:12:33.512  INFO 75568 --- [pool-7-thread-1] tourGuide.service.TourGuideService       : Track Location for user internalUser5533
2022-10-02 23:12:33.512  INFO 75568 --- [pool-7-thread-1] tourGuide.service.TourGuideService       : Track Location for user internalUser6864
2022-10-02 23:12:33.512  INFO 75568 --- [pool-7-thread-1] tourGuide.service.TourGuideService       : Track Location for user internalUser4204
2022-10-02 23:12:33.513  INFO 75568 --- [pool-7-thread-1] tourGuide.service.TourGuideService       : Track Location for user internalUser5536
2022-10-02 23:12:33.513  INFO 75568 --- [pool-7-thread-1] tourGuide.service.TourGuideService       : Track Location for user internalUser6867
2022-10-02 23:12:33.513  INFO 75568 --- [pool-7-thread-1] tourGuide.service.TourGuideService       : Track Location for user internalUser4205
2022-10-02 23:12:33.514  INFO 75568 --- [    Test worker] tourGuide.service.TourGuideService       : Track Location for user internalUser9150
2022-10-02 23:12:33.514  INFO 75568 --- [pool-7-thread-1] tourGuide.service.TourGuideService       : Track Location for user internalUser5535
2022-10-02 23:12:33.514  INFO 75568 --- [pool-7-thread-1] tourGuide.service.TourGuideService       : Track Location for user internalUser6866
2022-10-02 23:12:33.515  INFO 75568 --- [pool-7-thread-1] tourGuide.service.TourGuideService       : Track Location for user internalUser4206
2022-10-02 23:12:33.515  INFO 75568 --- [    Test worker] tourGuide.service.TourGuideService       : Track Location for user internalUser9153
2022-10-02 23:12:33.515  INFO 75568 --- [pool-7-thread-1] tourGuide.service.TourGuideService       : Track Location for user internalUser5538
2022-10-02 23:12:33.516  INFO 75568 --- [    Test worker] tourGuide.service.TourGuideService       : Track Location for user internalUser9154
2022-10-02 23:12:33.517  INFO 75568 --- [pool-7-thread-1] tourGuide.service.TourGuideService       : Track Location for user internalUser6869
2022-10-02 23:12:33.517  INFO 75568 --- [pool-7-thread-1] tourGuide.service.TourGuideService       : Track Location for user internalUser4207
2022-10-02 23:12:33.517  INFO 75568 --- [    Test worker] tourGuide.service.TourGuideService       : Track Location for user internalUser9151
2022-10-02 23:12:33.517  INFO 75568 --- [    Test worker] tourGuide.service.TourGuideService       : Track Location for user internalUser9152
2022-10-02 23:12:33.518  INFO 75568 --- [pool-7-thread-1] tourGuide.service.TourGuideService       : Track Location for user internalUser5537
2022-10-02 23:12:33.518  INFO 75568 --- [    Test worker] tourGuide.service.TourGuideService       : Track Location for user internalUser9157
2022-10-02 23:12:33.518  INFO 75568 --- [pool-7-thread-1] tourGuide.service.TourGuideService       : Track Location for user internalUser6868
2022-10-02 23:12:33.518  INFO 75568 --- [    Test worker] tourGuide.service.TourGuideService       : Track Location for user internalUser9158
2022-10-02 23:12:33.518  INFO 75568 --- [pool-7-thread-1] tourGuide.service.TourGuideService       : Track Location for user internalUser4208
2022-10-02 23:12:33.519  INFO 75568 --- [    Test worker] tourGuide.service.TourGuideService       : Track Location for user internalUser9155
2022-10-02 23:12:33.519  INFO 75568 --- [pool-7-thread-1] tourGuide.service.TourGuideService       : Track Location for user internalUser4209
2022-10-02 23:12:33.519  INFO 75568 --- [    Test worker] tourGuide.service.TourGuideService       : Track Location for user internalUser9156
2022-10-02 23:12:33.519  INFO 75568 --- [pool-7-thread-1] tourGuide.service.TourGuideService       : Track Location for user internalUser5539
2022-10-02 23:12:33.519  INFO 75568 --- [    Test worker] tourGuide.service.TourGuideService       : Track Location for user internalUser9159
2022-10-02 23:12:33.520  INFO 75568 --- [pool-7-thread-1] tourGuide.service.TourGuideService       : Track Location for user internalUser633
2022-10-02 23:12:33.520  INFO 75568 --- [    Test worker] tourGuide.service.TourGuideService       : Track Location for user internalUser9160
2022-10-02 23:12:33.520  INFO 75568 --- [pool-7-thread-1] tourGuide.service.TourGuideService       : Track Location for user internalUser634
2022-10-02 23:12:33.520  INFO 75568 --- [    Test worker] tourGuide.service.TourGuideService       : Track Location for user internalUser9161
2022-10-02 23:12:33.520  INFO 75568 --- [pool-7-thread-1] tourGuide.service.TourGuideService       : Track Location for user internalUser631
2022-10-02 23:12:33.521  INFO 75568 --- [    Test worker] tourGuide.service.TourGuideService       : Track Location for user internalUser9164
2022-10-02 23:12:33.521  INFO 75568 --- [pool-7-thread-1] tourGuide.service.TourGuideService       : Track Location for user internalUser632
2022-10-02 23:12:33.521  INFO 75568 --- [    Test worker] tourGuide.service.TourGuideService       : Track Location for user internalUser9165
2022-10-02 23:12:33.524  INFO 75568 --- [pool-7-thread-1] tourGuide.service.TourGuideService       : Track Location for user internalUser5530
2022-10-02 23:12:33.525  INFO 75568 --- [    Test worker] tourGuide.service.TourGuideService       : Track Location for user internalUser9162
2022-10-02 23:12:33.525  INFO 75568 --- [pool-7-thread-1] tourGuide.service.TourGuideService       : Track Location for user internalUser6861
2022-10-02 23:12:33.525  INFO 75568 --- [    Test worker] tourGuide.service.TourGuideService       : Track Location for user internalUser9163
2022-10-02 23:12:33.526  INFO 75568 --- [pool-7-thread-1] tourGuide.service.TourGuideService       : Track Location for user internalUser630
2022-10-02 23:12:33.526  INFO 75568 --- [    Test worker] tourGuide.service.TourGuideService       : Track Location for user internalUser9124
2022-10-02 23:12:33.526  INFO 75568 --- [pool-7-thread-1] tourGuide.service.TourGuideService       : Track Location for user internalUser6860
2022-10-02 23:12:33.526  INFO 75568 --- [    Test worker] tourGuide.service.TourGuideService       : Track Location for user internalUser9125
2022-10-02 23:12:33.527  INFO 75568 --- [pool-7-thread-1] tourGuide.service.TourGuideService       : Track Location for user internalUser4200
2022-10-02 23:12:33.527  INFO 75568 --- [    Test worker] tourGuide.service.TourGuideService       : Track Location for user internalUser9122
2022-10-02 23:12:33.527  INFO 75568 --- [pool-7-thread-1] tourGuide.service.TourGuideService       : Track Location for user internalUser5532
2022-10-02 23:12:33.527  INFO 75568 --- [    Test worker] tourGuide.service.TourGuideService       : Track Location for user internalUser9123
2022-10-02 23:12:33.528  INFO 75568 --- [pool-7-thread-1] tourGuide.service.TourGuideService       : Track Location for user internalUser6863
2022-10-02 23:12:33.528  INFO 75568 --- [    Test worker] tourGuide.service.TourGuideService       : Track Location for user internalUser9128
2022-10-02 23:12:33.528  INFO 75568 --- [pool-7-thread-1] tourGuide.service.TourGuideService       : Track Location for user internalUser4201
2022-10-02 23:12:33.528  INFO 75568 --- [    Test worker] tourGuide.service.TourGuideService       : Track Location for user internalUser9129
2022-10-02 23:12:33.528  INFO 75568 --- [pool-7-thread-1] tourGuide.service.TourGuideService       : Track Location for user internalUser5531
2022-10-02 23:12:33.529  INFO 75568 --- [    Test worker] tourGuide.service.TourGuideService       : Track Location for user internalUser9126
2022-10-02 23:12:33.529  INFO 75568 --- [pool-7-thread-1] tourGuide.service.TourGuideService       : Track Location for user internalUser6862
2022-10-02 23:12:33.529  INFO 75568 --- [    Test worker] tourGuide.service.TourGuideService       : Track Location for user internalUser9127
2022-10-02 23:12:33.529  INFO 75568 --- [pool-7-thread-1] tourGuide.service.TourGuideService       : Track Location for user internalUser639
2022-10-02 23:12:33.529  INFO 75568 --- [    Test worker] tourGuide.service.TourGuideService       : Track Location for user internalUser9131
2022-10-02 23:12:33.530  INFO 75568 --- [pool-7-thread-1] tourGuide.service.TourGuideService       : Track Location for user internalUser637
2022-10-02 23:12:33.530  INFO 75568 --- [    Test worker] tourGuide.service.TourGuideService       : Track Location for user internalUser9132
2022-10-02 23:12:33.530  INFO 75568 --- [pool-7-thread-1] tourGuide.service.TourGuideService       : Track Location for user internalUser638
2022-10-02 23:12:33.530  INFO 75568 --- [    Test worker] tourGuide.service.TourGuideService       : Track Location for user internalUser9130
2022-10-02 23:12:33.530  INFO 75568 --- [pool-7-thread-1] tourGuide.service.TourGuideService       : Track Location for user internalUser635
2022-10-02 23:12:33.531  INFO 75568 --- [    Test worker] tourGuide.service.TourGuideService       : Track Location for user internalUser9135
2022-10-02 23:12:33.531  INFO 75568 --- [pool-7-thread-1] tourGuide.service.TourGuideService       : Track Location for user internalUser636
2022-10-02 23:12:33.531  INFO 75568 --- [    Test worker] tourGuide.service.TourGuideService       : Track Location for user internalUser9136
2022-10-02 23:12:33.531  INFO 75568 --- [pool-7-thread-1] tourGuide.service.TourGuideService       : Track Location for user internalUser4257
2022-10-02 23:12:33.531  INFO 75568 --- [    Test worker] tourGuide.service.TourGuideService       : Track Location for user internalUser9133
2022-10-02 23:12:33.531  INFO 75568 --- [pool-7-thread-1] tourGuide.service.TourGuideService       : Track Location for user internalUser5589
2022-10-02 23:12:33.532  INFO 75568 --- [    Test worker] tourGuide.service.TourGuideService       : Track Location for user internalUser9134
2022-10-02 23:12:33.532  INFO 75568 --- [pool-7-thread-1] tourGuide.service.TourGuideService       : Track Location for user internalUser4258
2022-10-02 23:12:33.532  INFO 75568 --- [    Test worker] tourGuide.service.TourGuideService       : Track Location for user internalUser9139
2022-10-02 23:12:33.532  INFO 75568 --- [pool-7-thread-1] tourGuide.service.TourGuideService       : Track Location for user internalUser5588
2022-10-02 23:12:33.532  INFO 75568 --- [    Test worker] tourGuide.service.TourGuideService       : Track Location for user internalUser9137
2022-10-02 23:12:33.532  INFO 75568 --- [pool-7-thread-1] tourGuide.service.TourGuideService       : Track Location for user internalUser4259
2022-10-02 23:12:33.532  INFO 75568 --- [    Test worker] tourGuide.service.TourGuideService       : Track Location for user internalUser9138
2022-10-02 23:12:33.533  INFO 75568 --- [pool-7-thread-1] tourGuide.service.TourGuideService       : Track Location for user internalUser5581
2022-10-02 23:12:33.533  INFO 75568 --- [    Test worker] tourGuide.service.TourGuideService       : Track Location for user internalUser9142
2022-10-02 23:12:33.533  INFO 75568 --- [pool-7-thread-1] tourGuide.service.TourGuideService       : Track Location for user internalUser4250
2022-10-02 23:12:33.533  INFO 75568 --- [    Test worker] tourGuide.service.TourGuideService       : Track Location for user internalUser9143
2022-10-02 23:12:33.533  INFO 75568 --- [pool-7-thread-1] tourGuide.service.TourGuideService       : Track Location for user internalUser5580
2022-10-02 23:12:33.535  INFO 75568 --- [    Test worker] tourGuide.service.TourGuideService       : Track Location for user internalUser9140
2022-10-02 23:12:33.535  INFO 75568 --- [pool-7-thread-1] tourGuide.service.TourGuideService       : Track Location for user internalUser4251
2022-10-02 23:12:33.536  INFO 75568 --- [    Test worker] tourGuide.service.TourGuideService       : Track Location for user internalUser9141
2022-10-02 23:12:33.536  INFO 75568 --- [pool-7-thread-1] tourGuide.service.TourGuideService       : Track Location for user internalUser5583
2022-10-02 23:12:33.536  INFO 75568 --- [    Test worker] tourGuide.service.TourGuideService       : Track Location for user internalUser560
2022-10-02 23:12:33.536  INFO 75568 --- [pool-7-thread-1] tourGuide.service.TourGuideService       : Track Location for user internalUser4252
2022-10-02 23:12:33.536  INFO 75568 --- [    Test worker] tourGuide.service.TourGuideService       : Track Location for user internalUser567
2022-10-02 23:12:33.537  INFO 75568 --- [pool-7-thread-1] tourGuide.service.TourGuideService       : Track Location for user internalUser5582
2022-10-02 23:12:33.537  INFO 75568 --- [    Test worker] tourGuide.service.TourGuideService       : Track Location for user internalUser4293
2022-10-02 23:12:33.537  INFO 75568 --- [pool-7-thread-1] tourGuide.service.TourGuideService       : Track Location for user internalUser4253
2022-10-02 23:12:33.537  INFO 75568 --- [    Test worker] tourGuide.service.TourGuideService       : Track Location for user internalUser568
2022-10-02 23:12:33.537  INFO 75568 --- [pool-7-thread-1] tourGuide.service.TourGuideService       : Track Location for user internalUser5585
2022-10-02 23:12:33.538  INFO 75568 --- [    Test worker] tourGuide.service.TourGuideService       : Track Location for user internalUser4294
2022-10-02 23:12:33.540  INFO 75568 --- [pool-7-thread-1] tourGuide.service.TourGuideService       : Track Location for user internalUser4254
2022-10-02 23:12:33.540  INFO 75568 --- [    Test worker] tourGuide.service.TourGuideService       : Track Location for user internalUser565
2022-10-02 23:12:33.541  INFO 75568 --- [pool-7-thread-1] tourGuide.service.TourGuideService       : Track Location for user internalUser5584
2022-10-02 23:12:33.541  INFO 75568 --- [    Test worker] tourGuide.service.TourGuideService       : Track Location for user internalUser4295
2022-10-02 23:12:33.541  INFO 75568 --- [pool-7-thread-1] tourGuide.service.TourGuideService       : Track Location for user internalUser4255
2022-10-02 23:12:33.541  INFO 75568 --- [    Test worker] tourGuide.service.TourGuideService       : Track Location for user internalUser566
2022-10-02 23:12:33.542  INFO 75568 --- [pool-7-thread-1] tourGuide.service.TourGuideService       : Track Location for user internalUser5587
2022-10-02 23:12:33.542  INFO 75568 --- [    Test worker] tourGuide.service.TourGuideService       : Track Location for user internalUser4296
2022-10-02 23:12:33.542  INFO 75568 --- [pool-7-thread-1] tourGuide.service.TourGuideService       : Track Location for user internalUser4256
2022-10-02 23:12:33.542  INFO 75568 --- [    Test worker] tourGuide.service.TourGuideService       : Track Location for user internalUser563
2022-10-02 23:12:33.542  INFO 75568 --- [pool-7-thread-1] tourGuide.service.TourGuideService       : Track Location for user internalUser5586
2022-10-02 23:12:33.543  INFO 75568 --- [    Test worker] tourGuide.service.TourGuideService       : Track Location for user internalUser4297
2022-10-02 23:12:33.543  INFO 75568 --- [pool-7-thread-1] tourGuide.service.TourGuideService       : Track Location for user internalUser5590
2022-10-02 23:12:33.543  INFO 75568 --- [    Test worker] tourGuide.service.TourGuideService       : Track Location for user internalUser564
2022-10-02 23:12:33.543  INFO 75568 --- [pool-7-thread-1] tourGuide.service.TourGuideService       : Track Location for user internalUser4268
2022-10-02 23:12:33.543  INFO 75568 --- [    Test worker] tourGuide.service.TourGuideService       : Track Location for user internalUser4298
2022-10-02 23:12:33.543  INFO 75568 --- [pool-7-thread-1] tourGuide.service.TourGuideService       : Track Location for user internalUser4269
2022-10-02 23:12:33.544  INFO 75568 --- [    Test worker] tourGuide.service.TourGuideService       : Track Location for user internalUser561
2022-10-02 23:12:33.544  INFO 75568 --- [pool-7-thread-1] tourGuide.service.TourGuideService       : Track Location for user internalUser5599
2022-10-02 23:12:33.544  INFO 75568 --- [    Test worker] tourGuide.service.TourGuideService       : Track Location for user internalUser4299
2022-10-02 23:12:33.544  INFO 75568 --- [pool-7-thread-1] tourGuide.service.TourGuideService       : Track Location for user internalUser4260
2022-10-02 23:12:33.544  INFO 75568 --- [    Test worker] tourGuide.service.TourGuideService       : Track Location for user internalUser562
2022-10-02 23:12:33.544  INFO 75568 --- [pool-7-thread-1] tourGuide.service.TourGuideService       : Track Location for user internalUser5592
2022-10-02 23:12:33.545  INFO 75568 --- [    Test worker] tourGuide.service.TourGuideService       : Track Location for user internalUser569
2022-10-02 23:12:33.545  INFO 75568 --- [pool-7-thread-1] tourGuide.service.TourGuideService       : Track Location for user internalUser4261
2022-10-02 23:12:33.545  INFO 75568 --- [    Test worker] tourGuide.service.TourGuideService       : Track Location for user internalUser570
2022-10-02 23:12:33.545  INFO 75568 --- [pool-7-thread-1] tourGuide.service.TourGuideService       : Track Location for user internalUser5591
2022-10-02 23:12:33.545  INFO 75568 --- [    Test worker] tourGuide.service.TourGuideService       : Track Location for user internalUser571
2022-10-02 23:12:33.545  INFO 75568 --- [pool-7-thread-1] tourGuide.service.TourGuideService       : Track Location for user internalUser4262
2022-10-02 23:12:33.546  INFO 75568 --- [    Test worker] tourGuide.service.TourGuideService       : Track Location for user internalUser578
2022-10-02 23:12:33.546  INFO 75568 --- [pool-7-thread-1] tourGuide.service.TourGuideService       : Track Location for user internalUser5594
2022-10-02 23:12:33.546  INFO 75568 --- [    Test worker] tourGuide.service.TourGuideService       : Track Location for user internalUser579
2022-10-02 23:12:33.546  INFO 75568 --- [pool-7-thread-1] tourGuide.service.TourGuideService       : Track Location for user internalUser4263
2022-10-02 23:12:33.546  INFO 75568 --- [    Test worker] tourGuide.service.TourGuideService       : Track Location for user internalUser576
2022-10-02 23:12:33.546  INFO 75568 --- [pool-7-thread-1] tourGuide.service.TourGuideService       : Track Location for user internalUser5593
2022-10-02 23:12:33.547  INFO 75568 --- [    Test worker] tourGuide.service.TourGuideService       : Track Location for user internalUser577
2022-10-02 23:12:33.547  INFO 75568 --- [pool-7-thread-1] tourGuide.service.TourGuideService       : Track Location for user internalUser4264
2022-10-02 23:12:33.547  INFO 75568 --- [    Test worker] tourGuide.service.TourGuideService       : Track Location for user internalUser574
2022-10-02 23:12:33.547  INFO 75568 --- [pool-7-thread-1] tourGuide.service.TourGuideService       : Track Location for user internalUser5596
2022-10-02 23:12:33.548  INFO 75568 --- [    Test worker] tourGuide.service.TourGuideService       : Track Location for user internalUser575
2022-10-02 23:12:33.548  INFO 75568 --- [pool-7-thread-1] tourGuide.service.TourGuideService       : Track Location for user internalUser4265
2022-10-02 23:12:33.548  INFO 75568 --- [    Test worker] tourGuide.service.TourGuideService       : Track Location for user internalUser572
2022-10-02 23:12:33.548  INFO 75568 --- [pool-7-thread-1] tourGuide.service.TourGuideService       : Track Location for user internalUser5595
2022-10-02 23:12:33.548  INFO 75568 --- [    Test worker] tourGuide.service.TourGuideService       : Track Location for user internalUser573
2022-10-02 23:12:33.548  INFO 75568 --- [pool-7-thread-1] tourGuide.service.TourGuideService       : Track Location for user internalUser4266
2022-10-02 23:12:33.549  INFO 75568 --- [    Test worker] tourGuide.service.TourGuideService       : Track Location for user internalUser581
2022-10-02 23:12:33.549  INFO 75568 --- [pool-7-thread-1] tourGuide.service.TourGuideService       : Track Location for user internalUser5598
2022-10-02 23:12:33.549  INFO 75568 --- [    Test worker] tourGuide.service.TourGuideService       : Track Location for user internalUser4279
2022-10-02 23:12:33.549  INFO 75568 --- [pool-7-thread-1] tourGuide.service.TourGuideService       : Track Location for user internalUser4267
2022-10-02 23:12:33.549  INFO 75568 --- [    Test worker] tourGuide.service.TourGuideService       : Track Location for user internalUser582
2022-10-02 23:12:33.549  INFO 75568 --- [pool-7-thread-1] tourGuide.service.TourGuideService       : Track Location for user internalUser5597
2022-10-02 23:12:33.549  INFO 75568 --- [    Test worker] tourGuide.service.TourGuideService       : Track Location for user internalUser580
2022-10-02 23:12:33.550  INFO 75568 --- [pool-7-thread-1] tourGuide.service.TourGuideService       : Track Location for user internalUser4270
2022-10-02 23:12:33.550  INFO 75568 --- [    Test worker] tourGuide.service.TourGuideService       : Track Location for user internalUser589
2022-10-02 23:12:33.550  INFO 75568 --- [pool-7-thread-1] tourGuide.service.TourGuideService       : Track Location for user internalUser4235
2022-10-02 23:12:33.550  INFO 75568 --- [    Test worker] tourGuide.service.TourGuideService       : Track Location for user internalUser4271
2022-10-02 23:12:33.550  INFO 75568 --- [pool-7-thread-1] tourGuide.service.TourGuideService       : Track Location for user internalUser5567
2022-10-02 23:12:33.550  INFO 75568 --- [    Test worker] tourGuide.service.TourGuideService       : Track Location for user internalUser4272
2022-10-02 23:12:33.550  INFO 75568 --- [pool-7-thread-1] tourGuide.service.TourGuideService       : Track Location for user internalUser6898
2022-10-02 23:12:33.551  INFO 75568 --- [    Test worker] tourGuide.service.TourGuideService       : Track Location for user internalUser587
2022-10-02 23:12:33.551  INFO 75568 --- [pool-7-thread-1] tourGuide.service.TourGuideService       : Track Location for user internalUser4236
2022-10-02 23:12:33.551  INFO 75568 --- [    Test worker] tourGuide.service.TourGuideService       : Track Location for user internalUser4273
2022-10-02 23:12:33.551  INFO 75568 --- [pool-7-thread-1] tourGuide.service.TourGuideService       : Track Location for user internalUser5566
2022-10-02 23:12:33.551  INFO 75568 --- [    Test worker] tourGuide.service.TourGuideService       : Track Location for user internalUser588
2022-10-02 23:12:33.551  INFO 75568 --- [pool-7-thread-1] tourGuide.service.TourGuideService       : Track Location for user internalUser6897
2022-10-02 23:12:33.551  INFO 75568 --- [    Test worker] tourGuide.service.TourGuideService       : Track Location for user internalUser4274
2022-10-02 23:12:33.552  INFO 75568 --- [pool-7-thread-1] tourGuide.service.TourGuideService       : Track Location for user internalUser4237
2022-10-02 23:12:33.552  INFO 75568 --- [    Test worker] tourGuide.service.TourGuideService       : Track Location for user internalUser585
2022-10-02 23:12:33.552  INFO 75568 --- [pool-7-thread-1] tourGuide.service.TourGuideService       : Track Location for user internalUser5569
2022-10-02 23:12:33.552  INFO 75568 --- [    Test worker] tourGuide.service.TourGuideService       : Track Location for user internalUser4275
2022-10-02 23:12:33.552  INFO 75568 --- [pool-7-thread-1] tourGuide.service.TourGuideService       : Track Location for user internalUser4238
2022-10-02 23:12:33.552  INFO 75568 --- [    Test worker] tourGuide.service.TourGuideService       : Track Location for user internalUser586
2022-10-02 23:12:33.552  INFO 75568 --- [pool-7-thread-1] tourGuide.service.TourGuideService       : Track Location for user internalUser5568
2022-10-02 23:12:33.552  INFO 75568 --- [    Test worker] tourGuide.service.TourGuideService       : Track Location for user internalUser4276
2022-10-02 23:12:33.553  INFO 75568 --- [pool-7-thread-1] tourGuide.service.TourGuideService       : Track Location for user internalUser6899
2022-10-02 23:12:33.553  INFO 75568 --- [    Test worker] tourGuide.service.TourGuideService       : Track Location for user internalUser583
2022-10-02 23:12:33.553  INFO 75568 --- [pool-7-thread-1] tourGuide.service.TourGuideService       : Track Location for user internalUser4239
2022-10-02 23:12:33.553  INFO 75568 --- [    Test worker] tourGuide.service.TourGuideService       : Track Location for user internalUser4277
2022-10-02 23:12:33.553  INFO 75568 --- [pool-7-thread-1] tourGuide.service.TourGuideService       : Track Location for user internalUser6890
2022-10-02 23:12:33.553  INFO 75568 --- [    Test worker] tourGuide.service.TourGuideService       : Track Location for user internalUser584
2022-10-02 23:12:33.553  INFO 75568 --- [pool-7-thread-1] tourGuide.service.TourGuideService       : Track Location for user internalUser5561
2022-10-02 23:12:33.554  INFO 75568 --- [    Test worker] tourGuide.service.TourGuideService       : Track Location for user internalUser4278
2022-10-02 23:12:33.554  INFO 75568 --- [pool-7-thread-1] tourGuide.service.TourGuideService       : Track Location for user internalUser6892
2022-10-02 23:12:33.554  INFO 75568 --- [    Test worker] tourGuide.service.TourGuideService       : Track Location for user internalUser4280
2022-10-02 23:12:33.554  INFO 75568 --- [pool-7-thread-1] tourGuide.service.TourGuideService       : Track Location for user internalUser4230
2022-10-02 23:12:33.554  INFO 75568 --- [    Test worker] tourGuide.service.TourGuideService       : Track Location for user internalUser4281
2022-10-02 23:12:33.554  INFO 75568 --- [pool-7-thread-1] tourGuide.service.TourGuideService       : Track Location for user internalUser5560
2022-10-02 23:12:33.554  INFO 75568 --- [    Test worker] tourGuide.service.TourGuideService       : Track Location for user internalUser592
2022-10-02 23:12:33.555  INFO 75568 --- [pool-7-thread-1] tourGuide.service.TourGuideService       : Track Location for user internalUser6891
2022-10-02 23:12:33.555  INFO 75568 --- [    Test worker] tourGuide.service.TourGuideService       : Track Location for user internalUser593
2022-10-02 23:12:33.555  INFO 75568 --- [pool-7-thread-1] tourGuide.service.TourGuideService       : Track Location for user internalUser4231
2022-10-02 23:12:33.555  INFO 75568 --- [    Test worker] tourGuide.service.TourGuideService       : Track Location for user internalUser590
2022-10-02 23:12:33.555  INFO 75568 --- [pool-7-thread-1] tourGuide.service.TourGuideService       : Track Location for user internalUser5563
2022-10-02 23:12:33.556  INFO 75568 --- [    Test worker] tourGuide.service.TourGuideService       : Track Location for user internalUser591
2022-10-02 23:12:33.556  INFO 75568 --- [pool-7-thread-1] tourGuide.service.TourGuideService       : Track Location for user internalUser6894
2022-10-02 23:12:33.556  INFO 75568 --- [    Test worker] tourGuide.service.TourGuideService       : Track Location for user internalUser4282
2022-10-02 23:12:33.556  INFO 75568 --- [pool-7-thread-1] tourGuide.service.TourGuideService       : Track Location for user internalUser4232
2022-10-02 23:12:33.557  INFO 75568 --- [    Test worker] tourGuide.service.TourGuideService       : Track Location for user internalUser4283
2022-10-02 23:12:33.557  INFO 75568 --- [pool-7-thread-1] tourGuide.service.TourGuideService       : Track Location for user internalUser5562
2022-10-02 23:12:33.557  INFO 75568 --- [    Test worker] tourGuide.service.TourGuideService       : Track Location for user internalUser598
2022-10-02 23:12:33.557  INFO 75568 --- [pool-7-thread-1] tourGuide.service.TourGuideService       : Track Location for user internalUser6893
2022-10-02 23:12:33.557  INFO 75568 --- [    Test worker] tourGuide.service.TourGuideService       : Track Location for user internalUser4284
2022-10-02 23:12:33.558  INFO 75568 --- [pool-7-thread-1] tourGuide.service.TourGuideService       : Track Location for user internalUser4233
2022-10-02 23:12:33.558  INFO 75568 --- [    Test worker] tourGuide.service.TourGuideService       : Track Location for user internalUser599
2022-10-02 23:12:33.558  INFO 75568 --- [pool-7-thread-1] tourGuide.service.TourGuideService       : Track Location for user internalUser5565
2022-10-02 23:12:33.558  INFO 75568 --- [    Test worker] tourGuide.service.TourGuideService       : Track Location for user internalUser4285
2022-10-02 23:12:33.558  INFO 75568 --- [pool-7-thread-1] tourGuide.service.TourGuideService       : Track Location for user internalUser6896
2022-10-02 23:12:33.559  INFO 75568 --- [    Test worker] tourGuide.service.TourGuideService       : Track Location for user internalUser596
2022-10-02 23:12:33.559  INFO 75568 --- [pool-7-thread-1] tourGuide.service.TourGuideService       : Track Location for user internalUser4234
2022-10-02 23:12:33.559  INFO 75568 --- [    Test worker] tourGuide.service.TourGuideService       : Track Location for user internalUser4286
2022-10-02 23:12:33.559  INFO 75568 --- [pool-7-thread-1] tourGuide.service.TourGuideService       : Track Location for user internalUser5564
2022-10-02 23:12:33.559  INFO 75568 --- [    Test worker] tourGuide.service.TourGuideService       : Track Location for user internalUser597
2022-10-02 23:12:33.560  INFO 75568 --- [pool-7-thread-1] tourGuide.service.TourGuideService       : Track Location for user internalUser6895
2022-10-02 23:12:33.560  INFO 75568 --- [    Test worker] tourGuide.service.TourGuideService       : Track Location for user internalUser4287
2022-10-02 23:12:33.560  INFO 75568 --- [pool-7-thread-1] tourGuide.service.TourGuideService       : Track Location for user internalUser4246
2022-10-02 23:12:33.560  INFO 75568 --- [    Test worker] tourGuide.service.TourGuideService       : Track Location for user internalUser594
2022-10-02 23:12:33.560  INFO 75568 --- [pool-7-thread-1] tourGuide.service.TourGuideService       : Track Location for user internalUser5578
2022-10-02 23:12:33.561  INFO 75568 --- [    Test worker] tourGuide.service.TourGuideService       : Track Location for user internalUser4288
2022-10-02 23:12:33.561  INFO 75568 --- [pool-7-thread-1] tourGuide.service.TourGuideService       : Track Location for user internalUser4247
2022-10-02 23:12:33.561  INFO 75568 --- [    Test worker] tourGuide.service.TourGuideService       : Track Location for user internalUser595
2022-10-02 23:12:33.561  INFO 75568 --- [pool-7-thread-1] tourGuide.service.TourGuideService       : Track Location for user internalUser5577
2022-10-02 23:12:33.562  INFO 75568 --- [    Test worker] tourGuide.service.TourGuideService       : Track Location for user internalUser4289
2022-10-02 23:12:33.562  INFO 75568 --- [pool-7-thread-1] tourGuide.service.TourGuideService       : Track Location for user internalUser4248
2022-10-02 23:12:33.562  INFO 75568 --- [    Test worker] tourGuide.service.TourGuideService       : Track Location for user internalUser4290
2022-10-02 23:12:33.562  INFO 75568 --- [pool-7-thread-1] tourGuide.service.TourGuideService       : Track Location for user internalUser4249
2022-10-02 23:12:33.563  INFO 75568 --- [    Test worker] tourGuide.service.TourGuideService       : Track Location for user internalUser4291
2022-10-02 23:12:33.563  INFO 75568 --- [pool-7-thread-1] tourGuide.service.TourGuideService       : Track Location for user internalUser5579
2022-10-02 23:12:33.563  INFO 75568 --- [    Test worker] tourGuide.service.TourGuideService       : Track Location for user internalUser4292
2022-10-02 23:12:33.563  INFO 75568 --- [pool-7-thread-1] tourGuide.service.TourGuideService       : Track Location for user internalUser5570
2022-10-02 23:12:33.563  INFO 75568 --- [    Test worker] tourGuide.service.TourGuideService       : Track Location for user internalUser523
2022-10-02 23:12:33.563  INFO 75568 --- [pool-7-thread-1] tourGuide.service.TourGuideService       : Track Location for user internalUser4240
2022-10-02 23:12:33.564  INFO 75568 --- [    Test worker] tourGuide.service.TourGuideService       : Track Location for user internalUser524
2022-10-02 23:12:33.564  INFO 75568 --- [pool-7-thread-1] tourGuide.service.TourGuideService       : Track Location for user internalUser5572
2022-10-02 23:12:33.564  INFO 75568 --- [    Test worker] tourGuide.service.TourGuideService       : Track Location for user internalUser521
2022-10-02 23:12:33.564  INFO 75568 --- [pool-7-thread-1] tourGuide.service.TourGuideService       : Track Location for user internalUser4241
2022-10-02 23:12:33.564  INFO 75568 --- [    Test worker] tourGuide.service.TourGuideService       : Track Location for user internalUser522
2022-10-02 23:12:33.565  INFO 75568 --- [pool-7-thread-1] tourGuide.service.TourGuideService       : Track Location for user internalUser5571
2022-10-02 23:12:33.565  INFO 75568 --- [    Test worker] tourGuide.service.TourGuideService       : Track Location for user internalUser520
2022-10-02 23:12:33.565  INFO 75568 --- [pool-7-thread-1] tourGuide.service.TourGuideService       : Track Location for user internalUser4242
2022-10-02 23:12:33.565  INFO 75568 --- [    Test worker] tourGuide.service.TourGuideService       : Track Location for user internalUser529
2022-10-02 23:12:33.565  INFO 75568 --- [pool-7-thread-1] tourGuide.service.TourGuideService       : Track Location for user internalUser5574
2022-10-02 23:12:33.565  INFO 75568 --- [pool-7-thread-1] tourGuide.service.TourGuideService       : Track Location for user internalUser4243
2022-10-02 23:12:33.566  INFO 75568 --- [    Test worker] tourGuide.service.TourGuideService       : Track Location for user internalUser527
2022-10-02 23:12:33.566  INFO 75568 --- [pool-7-thread-1] tourGuide.service.TourGuideService       : Track Location for user internalUser5573
2022-10-02 23:12:33.566  INFO 75568 --- [    Test worker] tourGuide.service.TourGuideService       : Track Location for user internalUser528
2022-10-02 23:12:33.566  INFO 75568 --- [pool-7-thread-1] tourGuide.service.TourGuideService       : Track Location for user internalUser4244
2022-10-02 23:12:33.566  INFO 75568 --- [    Test worker] tourGuide.service.TourGuideService       : Track Location for user internalUser525
2022-10-02 23:12:33.566  INFO 75568 --- [pool-7-thread-1] tourGuide.service.TourGuideService       : Track Location for user internalUser5576
2022-10-02 23:12:33.567  INFO 75568 --- [    Test worker] tourGuide.service.TourGuideService       : Track Location for user internalUser526
2022-10-02 23:12:33.567  INFO 75568 --- [pool-7-thread-1] tourGuide.service.TourGuideService       : Track Location for user internalUser4245
2022-10-02 23:12:33.567  INFO 75568 --- [    Test worker] tourGuide.service.TourGuideService       : Track Location for user internalUser534
2022-10-02 23:12:33.567  INFO 75568 --- [pool-7-thread-1] tourGuide.service.TourGuideService       : Track Location for user internalUser5575
2022-10-02 23:12:33.567  INFO 75568 --- [    Test worker] tourGuide.service.TourGuideService       : Track Location for user internalUser535
2022-10-02 23:12:33.568  INFO 75568 --- [pool-7-thread-1] tourGuide.service.TourGuideService       : Track Location for user internalUser9069
2022-10-02 23:12:33.568  INFO 75568 --- [    Test worker] tourGuide.service.TourGuideService       : Track Location for user internalUser532
2022-10-02 23:12:33.568  INFO 75568 --- [pool-7-thread-1] tourGuide.service.TourGuideService       : Track Location for user internalUser9067
2022-10-02 23:12:33.568  INFO 75568 --- [    Test worker] tourGuide.service.TourGuideService       : Track Location for user internalUser533
2022-10-02 23:12:33.569  INFO 75568 --- [pool-7-thread-1] tourGuide.service.TourGuideService       : Track Location for user internalUser9068
2022-10-02 23:12:33.569  INFO 75568 --- [    Test worker] tourGuide.service.TourGuideService       : Track Location for user internalUser530
2022-10-02 23:12:33.569  INFO 75568 --- [pool-7-thread-1] tourGuide.service.TourGuideService       : Track Location for user internalUser9072
2022-10-02 23:12:33.569  INFO 75568 --- [    Test worker] tourGuide.service.TourGuideService       : Track Location for user internalUser531
2022-10-02 23:12:33.569  INFO 75568 --- [pool-7-thread-1] tourGuide.service.TourGuideService       : Track Location for user internalUser9073
2022-10-02 23:12:33.569  INFO 75568 --- [    Test worker] tourGuide.service.TourGuideService       : Track Location for user internalUser538
2022-10-02 23:12:33.570  INFO 75568 --- [pool-7-thread-1] tourGuide.service.TourGuideService       : Track Location for user internalUser9070
2022-10-02 23:12:33.570  INFO 75568 --- [    Test worker] tourGuide.service.TourGuideService       : Track Location for user internalUser539
2022-10-02 23:12:33.570  INFO 75568 --- [pool-7-thread-1] tourGuide.service.TourGuideService       : Track Location for user internalUser9071
2022-10-02 23:12:33.570  INFO 75568 --- [    Test worker] tourGuide.service.TourGuideService       : Track Location for user internalUser536
2022-10-02 23:12:33.570  INFO 75568 --- [pool-7-thread-1] tourGuide.service.TourGuideService       : Track Location for user internalUser9076
2022-10-02 23:12:33.571  INFO 75568 --- [    Test worker] tourGuide.service.TourGuideService       : Track Location for user internalUser537
2022-10-02 23:12:33.571  INFO 75568 --- [pool-7-thread-1] tourGuide.service.TourGuideService       : Track Location for user internalUser9077
2022-10-02 23:12:33.571  INFO 75568 --- [    Test worker] tourGuide.service.TourGuideService       : Track Location for user internalUser545
2022-10-02 23:12:33.571  INFO 75568 --- [pool-7-thread-1] tourGuide.service.TourGuideService       : Track Location for user internalUser9074
2022-10-02 23:12:33.572  INFO 75568 --- [    Test worker] tourGuide.service.TourGuideService       : Track Location for user internalUser546
2022-10-02 23:12:33.572  INFO 75568 --- [pool-7-thread-1] tourGuide.service.TourGuideService       : Track Location for user internalUser9075
2022-10-02 23:12:33.572  INFO 75568 --- [    Test worker] tourGuide.service.TourGuideService       : Track Location for user internalUser543
2022-10-02 23:12:33.572  INFO 75568 --- [pool-7-thread-1] tourGuide.service.TourGuideService       : Track Location for user internalUser6801
2022-10-02 23:12:33.573  INFO 75568 --- [    Test worker] tourGuide.service.TourGuideService       : Track Location for user internalUser544
2022-10-02 23:12:33.573  INFO 75568 --- [pool-7-thread-1] tourGuide.service.TourGuideService       : Track Location for user internalUser6800
2022-10-02 23:12:33.573  INFO 75568 --- [    Test worker] tourGuide.service.TourGuideService       : Track Location for user internalUser541
2022-10-02 23:12:33.573  INFO 75568 --- [pool-7-thread-1] tourGuide.service.TourGuideService       : Track Location for user internalUser6803
2022-10-02 23:12:33.573  INFO 75568 --- [    Test worker] tourGuide.service.TourGuideService       : Track Location for user internalUser542
2022-10-02 23:12:33.574  INFO 75568 --- [pool-7-thread-1] tourGuide.service.TourGuideService       : Track Location for user internalUser6802
2022-10-02 23:12:33.574  INFO 75568 --- [    Test worker] tourGuide.service.TourGuideService       : Track Location for user internalUser540
2022-10-02 23:12:33.574  INFO 75568 --- [pool-7-thread-1] tourGuide.service.TourGuideService       : Track Location for user internalUser6805
2022-10-02 23:12:33.574  INFO 75568 --- [    Test worker] tourGuide.service.TourGuideService       : Track Location for user internalUser549
2022-10-02 23:12:33.574  INFO 75568 --- [pool-7-thread-1] tourGuide.service.TourGuideService       : Track Location for user internalUser6804
2022-10-02 23:12:33.574  INFO 75568 --- [    Test worker] tourGuide.service.TourGuideService       : Track Location for user internalUser547
2022-10-02 23:12:33.574  INFO 75568 --- [pool-7-thread-1] tourGuide.service.TourGuideService       : Track Location for user internalUser9078
2022-10-02 23:12:33.574  INFO 75568 --- [    Test worker] tourGuide.service.TourGuideService       : Track Location for user internalUser548
2022-10-02 23:12:33.574  INFO 75568 --- [pool-7-thread-1] tourGuide.service.TourGuideService       : Track Location for user internalUser9079
2022-10-02 23:12:33.575  INFO 75568 --- [    Test worker] tourGuide.service.TourGuideService       : Track Location for user internalUser556
2022-10-02 23:12:33.575  INFO 75568 --- [pool-7-thread-1] tourGuide.service.TourGuideService       : Track Location for user internalUser9083
2022-10-02 23:12:33.575  INFO 75568 --- [    Test worker] tourGuide.service.TourGuideService       : Track Location for user internalUser557
2022-10-02 23:12:33.575  INFO 75568 --- [pool-7-thread-1] tourGuide.service.TourGuideService       : Track Location for user internalUser9084
2022-10-02 23:12:33.576  INFO 75568 --- [    Test worker] tourGuide.service.TourGuideService       : Track Location for user internalUser554
2022-10-02 23:12:33.576  INFO 75568 --- [pool-7-thread-1] tourGuide.service.TourGuideService       : Track Location for user internalUser9081
2022-10-02 23:12:33.576  INFO 75568 --- [    Test worker] tourGuide.service.TourGuideService       : Track Location for user internalUser555
2022-10-02 23:12:33.576  INFO 75568 --- [pool-7-thread-1] tourGuide.service.TourGuideService       : Track Location for user internalUser9082
2022-10-02 23:12:33.577  INFO 75568 --- [    Test worker] tourGuide.service.TourGuideService       : Track Location for user internalUser552
2022-10-02 23:12:33.577  INFO 75568 --- [pool-7-thread-1] tourGuide.service.TourGuideService       : Track Location for user internalUser9087
2022-10-02 23:12:33.577  INFO 75568 --- [    Test worker] tourGuide.service.TourGuideService       : Track Location for user internalUser553
2022-10-02 23:12:33.578  INFO 75568 --- [pool-7-thread-1] tourGuide.service.TourGuideService       : Track Location for user internalUser9088
2022-10-02 23:12:33.578  INFO 75568 --- [    Test worker] tourGuide.service.TourGuideService       : Track Location for user internalUser550
2022-10-02 23:12:33.578  INFO 75568 --- [pool-7-thread-1] tourGuide.service.TourGuideService       : Track Location for user internalUser9085
2022-10-02 23:12:33.578  INFO 75568 --- [    Test worker] tourGuide.service.TourGuideService       : Track Location for user internalUser551
2022-10-02 23:12:33.578  INFO 75568 --- [pool-7-thread-1] tourGuide.service.TourGuideService       : Track Location for user internalUser9086
2022-10-02 23:12:33.579  INFO 75568 --- [    Test worker] tourGuide.service.TourGuideService       : Track Location for user internalUser558
2022-10-02 23:12:33.579  INFO 75568 --- [pool-7-thread-1] tourGuide.service.TourGuideService       : Track Location for user internalUser6807
2022-10-02 23:12:33.579  INFO 75568 --- [    Test worker] tourGuide.service.TourGuideService       : Track Location for user internalUser559
2022-10-02 23:12:33.579  INFO 75568 --- [pool-7-thread-1] tourGuide.service.TourGuideService       : Track Location for user internalUser6806
2022-10-02 23:12:33.579  INFO 75568 --- [    Test worker] tourGuide.service.TourGuideService       : Track Location for user internalUser4213
2022-10-02 23:12:33.579  INFO 75568 --- [pool-7-thread-1] tourGuide.service.TourGuideService       : Track Location for user internalUser6809
2022-10-02 23:12:33.580  INFO 75568 --- [    Test worker] tourGuide.service.TourGuideService       : Track Location for user internalUser5545
2022-10-02 23:12:33.580  INFO 75568 --- [pool-7-thread-1] tourGuide.service.TourGuideService       : Track Location for user internalUser6808
2022-10-02 23:12:33.580  INFO 75568 --- [    Test worker] tourGuide.service.TourGuideService       : Track Location for user internalUser6876
2022-10-02 23:12:33.580  INFO 75568 --- [pool-7-thread-1] tourGuide.service.TourGuideService       : Track Location for user internalUser9080
2022-10-02 23:12:33.580  INFO 75568 --- [    Test worker] tourGuide.service.TourGuideService       : Track Location for user internalUser4214
2022-10-02 23:12:33.581  INFO 75568 --- [pool-7-thread-1] tourGuide.service.TourGuideService       : Track Location for user internalUser9047
2022-10-02 23:12:33.581  INFO 75568 --- [    Test worker] tourGuide.service.TourGuideService       : Track Location for user internalUser5544
2022-10-02 23:12:33.581  INFO 75568 --- [pool-7-thread-1] tourGuide.service.TourGuideService       : Track Location for user internalUser9048
2022-10-02 23:12:33.581  INFO 75568 --- [    Test worker] tourGuide.service.TourGuideService       : Track Location for user internalUser6875
2022-10-02 23:12:33.582  INFO 75568 --- [pool-7-thread-1] tourGuide.service.TourGuideService       : Track Location for user internalUser9045
2022-10-02 23:12:33.582  INFO 75568 --- [    Test worker] tourGuide.service.TourGuideService       : Track Location for user internalUser4215
2022-10-02 23:12:33.582  INFO 75568 --- [pool-7-thread-1] tourGuide.service.TourGuideService       : Track Location for user internalUser9046
2022-10-02 23:12:33.582  INFO 75568 --- [    Test worker] tourGuide.service.TourGuideService       : Track Location for user internalUser5547
2022-10-02 23:12:33.582  INFO 75568 --- [pool-7-thread-1] tourGuide.service.TourGuideService       : Track Location for user internalUser9049
2022-10-02 23:12:33.583  INFO 75568 --- [    Test worker] tourGuide.service.TourGuideService       : Track Location for user internalUser6878
2022-10-02 23:12:33.583  INFO 75568 --- [pool-7-thread-1] tourGuide.service.TourGuideService       : Track Location for user internalUser9050
2022-10-02 23:12:33.583  INFO 75568 --- [    Test worker] tourGuide.service.TourGuideService       : Track Location for user internalUser4216
2022-10-02 23:12:33.583  INFO 75568 --- [pool-7-thread-1] tourGuide.service.TourGuideService       : Track Location for user internalUser9051
2022-10-02 23:12:33.583  INFO 75568 --- [    Test worker] tourGuide.service.TourGuideService       : Track Location for user internalUser5546
2022-10-02 23:12:33.584  INFO 75568 --- [pool-7-thread-1] tourGuide.service.TourGuideService       : Track Location for user internalUser9054
2022-10-02 23:12:33.584  INFO 75568 --- [    Test worker] tourGuide.service.TourGuideService       : Track Location for user internalUser6877
2022-10-02 23:12:33.584  INFO 75568 --- [pool-7-thread-1] tourGuide.service.TourGuideService       : Track Location for user internalUser9055
2022-10-02 23:12:33.584  INFO 75568 --- [    Test worker] tourGuide.service.TourGuideService       : Track Location for user internalUser4217
2022-10-02 23:12:33.584  INFO 75568 --- [pool-7-thread-1] tourGuide.service.TourGuideService       : Track Location for user internalUser9052
2022-10-02 23:12:33.585  INFO 75568 --- [    Test worker] tourGuide.service.TourGuideService       : Track Location for user internalUser5549
2022-10-02 23:12:33.586  INFO 75568 --- [pool-7-thread-1] tourGuide.service.TourGuideService       : Track Location for user internalUser9053
2022-10-02 23:12:33.586  INFO 75568 --- [    Test worker] tourGuide.service.TourGuideService       : Track Location for user internalUser4218
2022-10-02 23:12:33.587  INFO 75568 --- [pool-7-thread-1] tourGuide.service.TourGuideService       : Track Location for user internalUser9058
2022-10-02 23:12:33.587  INFO 75568 --- [    Test worker] tourGuide.service.TourGuideService       : Track Location for user internalUser5548
2022-10-02 23:12:33.587  INFO 75568 --- [pool-7-thread-1] tourGuide.service.TourGuideService       : Track Location for user internalUser9059
2022-10-02 23:12:33.588  INFO 75568 --- [    Test worker] tourGuide.service.TourGuideService       : Track Location for user internalUser6879
2022-10-02 23:12:33.588  INFO 75568 --- [    Test worker] tourGuide.service.TourGuideService       : Track Location for user internalUser4219
2022-10-02 23:12:33.589  INFO 75568 --- [pool-7-thread-1] tourGuide.service.TourGuideService       : Track Location for user internalUser9056
2022-10-02 23:12:33.589  INFO 75568 --- [    Test worker] tourGuide.service.TourGuideService       : Track Location for user internalUser600
2022-10-02 23:12:33.589  INFO 75568 --- [pool-7-thread-1] tourGuide.service.TourGuideService       : Track Location for user internalUser9057
2022-10-02 23:12:33.589  INFO 75568 --- [    Test worker] tourGuide.service.TourGuideService       : Track Location for user internalUser601
2022-10-02 23:12:33.590  INFO 75568 --- [pool-7-thread-1] tourGuide.service.TourGuideService       : Track Location for user internalUser9061
2022-10-02 23:12:33.590  INFO 75568 --- [    Test worker] tourGuide.service.TourGuideService       : Track Location for user internalUser6870
2022-10-02 23:12:33.590  INFO 75568 --- [pool-7-thread-1] tourGuide.service.TourGuideService       : Track Location for user internalUser9062
2022-10-02 23:12:33.590  INFO 75568 --- [    Test worker] tourGuide.service.TourGuideService       : Track Location for user internalUser5541
2022-10-02 23:12:33.590  INFO 75568 --- [pool-7-thread-1] tourGuide.service.TourGuideService       : Track Location for user internalUser9060
2022-10-02 23:12:33.591  INFO 75568 --- [    Test worker] tourGuide.service.TourGuideService       : Track Location for user internalUser6872
2022-10-02 23:12:33.591  INFO 75568 --- [pool-7-thread-1] tourGuide.service.TourGuideService       : Track Location for user internalUser9065
2022-10-02 23:12:33.591  INFO 75568 --- [    Test worker] tourGuide.service.TourGuideService       : Track Location for user internalUser4210
2022-10-02 23:12:33.592  INFO 75568 --- [pool-7-thread-1] tourGuide.service.TourGuideService       : Track Location for user internalUser9066
2022-10-02 23:12:33.592  INFO 75568 --- [    Test worker] tourGuide.service.TourGuideService       : Track Location for user internalUser5540
2022-10-02 23:12:33.593  INFO 75568 --- [    Test worker] tourGuide.service.TourGuideService       : Track Location for user internalUser6871
2022-10-02 23:12:33.593  INFO 75568 --- [pool-7-thread-1] tourGuide.service.TourGuideService       : Track Location for user internalUser9063
2022-10-02 23:12:33.593  INFO 75568 --- [    Test worker] tourGuide.service.TourGuideService       : Track Location for user internalUser4211
2022-10-02 23:12:33.593  INFO 75568 --- [pool-7-thread-1] tourGuide.service.TourGuideService       : Track Location for user internalUser9064
2022-10-02 23:12:33.594  INFO 75568 --- [    Test worker] tourGuide.service.TourGuideService       : Track Location for user internalUser5543
2022-10-02 23:12:33.594  INFO 75568 --- [pool-7-thread-1] tourGuide.service.TourGuideService       : Track Location for user internalUser5501
2022-10-02 23:12:33.594  INFO 75568 --- [    Test worker] tourGuide.service.TourGuideService       : Track Location for user internalUser6874
2022-10-02 23:12:33.594  INFO 75568 --- [pool-7-thread-1] tourGuide.service.TourGuideService       : Track Location for user internalUser6832
2022-10-02 23:12:33.595  INFO 75568 --- [    Test worker] tourGuide.service.TourGuideService       : Track Location for user internalUser4212
2022-10-02 23:12:33.595  INFO 75568 --- [pool-7-thread-1] tourGuide.service.TourGuideService       : Track Location for user internalUser5500
2022-10-02 23:12:33.595  INFO 75568 --- [    Test worker] tourGuide.service.TourGuideService       : Track Location for user internalUser5542
2022-10-02 23:12:33.595  INFO 75568 --- [pool-7-thread-1] tourGuide.service.TourGuideService       : Track Location for user internalUser6831
2022-10-02 23:12:33.596  INFO 75568 --- [    Test worker] tourGuide.service.TourGuideService       : Track Location for user internalUser6873
2022-10-02 23:12:33.596  INFO 75568 --- [pool-7-thread-1] tourGuide.service.TourGuideService       : Track Location for user internalUser5503
2022-10-02 23:12:33.596  INFO 75568 --- [    Test worker] tourGuide.service.TourGuideService       : Track Location for user internalUser608
2022-10-02 23:12:33.596  INFO 75568 --- [pool-7-thread-1] tourGuide.service.TourGuideService       : Track Location for user internalUser6834
2022-10-02 23:12:33.597  INFO 75568 --- [    Test worker] tourGuide.service.TourGuideService       : Track Location for user internalUser609
2022-10-02 23:12:33.597  INFO 75568 --- [pool-7-thread-1] tourGuide.service.TourGuideService       : Track Location for user internalUser5502
2022-10-02 23:12:33.597  INFO 75568 --- [    Test worker] tourGuide.service.TourGuideService       : Track Location for user internalUser606
2022-10-02 23:12:33.597  INFO 75568 --- [pool-7-thread-1] tourGuide.service.TourGuideService       : Track Location for user internalUser6833
2022-10-02 23:12:33.597  INFO 75568 --- [    Test worker] tourGuide.service.TourGuideService       : Track Location for user internalUser607
2022-10-02 23:12:33.597  INFO 75568 --- [pool-7-thread-1] tourGuide.service.TourGuideService       : Track Location for user internalUser5505
2022-10-02 23:12:33.598  INFO 75568 --- [    Test worker] tourGuide.service.TourGuideService       : Track Location for user internalUser604
2022-10-02 23:12:33.598  INFO 75568 --- [pool-7-thread-1] tourGuide.service.TourGuideService       : Track Location for user internalUser6836
2022-10-02 23:12:33.598  INFO 75568 --- [    Test worker] tourGuide.service.TourGuideService       : Track Location for user internalUser605
2022-10-02 23:12:33.598  INFO 75568 --- [pool-7-thread-1] tourGuide.service.TourGuideService       : Track Location for user internalUser5504
2022-10-02 23:12:33.598  INFO 75568 --- [    Test worker] tourGuide.service.TourGuideService       : Track Location for user internalUser602
2022-10-02 23:12:33.598  INFO 75568 --- [pool-7-thread-1] tourGuide.service.TourGuideService       : Track Location for user internalUser6835
2022-10-02 23:12:33.598  INFO 75568 --- [    Test worker] tourGuide.service.TourGuideService       : Track Location for user internalUser603
2022-10-02 23:12:33.599  INFO 75568 --- [pool-7-thread-1] tourGuide.service.TourGuideService       : Track Location for user internalUser5507
2022-10-02 23:12:33.599  INFO 75568 --- [    Test worker] tourGuide.service.TourGuideService       : Track Location for user internalUser4224
2022-10-02 23:12:33.599  INFO 75568 --- [pool-7-thread-1] tourGuide.service.TourGuideService       : Track Location for user internalUser6838
2022-10-02 23:12:33.599  INFO 75568 --- [    Test worker] tourGuide.service.TourGuideService       : Track Location for user internalUser5556
2022-10-02 23:12:33.600  INFO 75568 --- [pool-7-thread-1] tourGuide.service.TourGuideService       : Track Location for user internalUser5506
2022-10-02 23:12:33.600  INFO 75568 --- [    Test worker] tourGuide.service.TourGuideService       : Track Location for user internalUser6887
2022-10-02 23:12:33.600  INFO 75568 --- [pool-7-thread-1] tourGuide.service.TourGuideService       : Track Location for user internalUser6837
2022-10-02 23:12:33.600  INFO 75568 --- [    Test worker] tourGuide.service.TourGuideService       : Track Location for user internalUser4225
2022-10-02 23:12:33.600  INFO 75568 --- [pool-7-thread-1] tourGuide.service.TourGuideService       : Track Location for user internalUser6830
2022-10-02 23:12:33.600  INFO 75568 --- [    Test worker] tourGuide.service.TourGuideService       : Track Location for user internalUser5555
2022-10-02 23:12:33.601  INFO 75568 --- [pool-7-thread-1] tourGuide.service.TourGuideService       : Track Location for user internalUser5509
2022-10-02 23:12:33.601  INFO 75568 --- [    Test worker] tourGuide.service.TourGuideService       : Track Location for user internalUser6886
2022-10-02 23:12:33.601  INFO 75568 --- [pool-7-thread-1] tourGuide.service.TourGuideService       : Track Location for user internalUser5508
2022-10-02 23:12:33.601  INFO 75568 --- [    Test worker] tourGuide.service.TourGuideService       : Track Location for user internalUser4226
2022-10-02 23:12:33.601  INFO 75568 --- [pool-7-thread-1] tourGuide.service.TourGuideService       : Track Location for user internalUser6839
2022-10-02 23:12:33.601  INFO 75568 --- [    Test worker] tourGuide.service.TourGuideService       : Track Location for user internalUser5558
2022-10-02 23:12:33.601  INFO 75568 --- [pool-7-thread-1] tourGuide.service.TourGuideService       : Track Location for user internalUser5512
2022-10-02 23:12:33.602  INFO 75568 --- [    Test worker] tourGuide.service.TourGuideService       : Track Location for user internalUser6889
2022-10-02 23:12:33.602  INFO 75568 --- [    Test worker] tourGuide.service.TourGuideService       : Track Location for user internalUser4227
2022-10-02 23:12:33.602  INFO 75568 --- [pool-7-thread-1] tourGuide.service.TourGuideService       : Track Location for user internalUser6843
2022-10-02 23:12:33.603  INFO 75568 --- [    Test worker] tourGuide.service.TourGuideService       : Track Location for user internalUser5557
2022-10-02 23:12:33.603  INFO 75568 --- [pool-7-thread-1] tourGuide.service.TourGuideService       : Track Location for user internalUser5511
2022-10-02 23:12:33.603  INFO 75568 --- [    Test worker] tourGuide.service.TourGuideService       : Track Location for user internalUser6888
2022-10-02 23:12:33.603  INFO 75568 --- [pool-7-thread-1] tourGuide.service.TourGuideService       : Track Location for user internalUser6842
2022-10-02 23:12:33.604  INFO 75568 --- [    Test worker] tourGuide.service.TourGuideService       : Track Location for user internalUser4228
2022-10-02 23:12:33.604  INFO 75568 --- [pool-7-thread-1] tourGuide.service.TourGuideService       : Track Location for user internalUser5514
2022-10-02 23:12:33.604  INFO 75568 --- [    Test worker] tourGuide.service.TourGuideService       : Track Location for user internalUser4229
2022-10-02 23:12:33.605  INFO 75568 --- [pool-7-thread-1] tourGuide.service.TourGuideService       : Track Location for user internalUser6845
2022-10-02 23:12:33.605  INFO 75568 --- [    Test worker] tourGuide.service.TourGuideService       : Track Location for user internalUser5559
2022-10-02 23:12:33.605  INFO 75568 --- [pool-7-thread-1] tourGuide.service.TourGuideService       : Track Location for user internalUser5513
2022-10-02 23:12:33.605  INFO 75568 --- [    Test worker] tourGuide.service.TourGuideService       : Track Location for user internalUser611
2022-10-02 23:12:33.606  INFO 75568 --- [pool-7-thread-1] tourGuide.service.TourGuideService       : Track Location for user internalUser6844
2022-10-02 23:12:33.606  INFO 75568 --- [    Test worker] tourGuide.service.TourGuideService       : Track Location for user internalUser612
2022-10-02 23:12:33.607  INFO 75568 --- [pool-7-thread-1] tourGuide.service.TourGuideService       : Track Location for user internalUser5516
2022-10-02 23:12:33.607  INFO 75568 --- [    Test worker] tourGuide.service.TourGuideService       : Track Location for user internalUser5550
2022-10-02 23:12:33.607  INFO 75568 --- [pool-7-thread-1] tourGuide.service.TourGuideService       : Track Location for user internalUser6847
2022-10-02 23:12:33.607  INFO 75568 --- [    Test worker] tourGuide.service.TourGuideService       : Track Location for user internalUser6881
2022-10-02 23:12:33.607  INFO 75568 --- [pool-7-thread-1] tourGuide.service.TourGuideService       : Track Location for user internalUser5515
2022-10-02 23:12:33.608  INFO 75568 --- [    Test worker] tourGuide.service.TourGuideService       : Track Location for user internalUser610
2022-10-02 23:12:33.608  INFO 75568 --- [pool-7-thread-1] tourGuide.service.TourGuideService       : Track Location for user internalUser6846
2022-10-02 23:12:33.608  INFO 75568 --- [    Test worker] tourGuide.service.TourGuideService       : Track Location for user internalUser6880
2022-10-02 23:12:33.608  INFO 75568 --- [pool-7-thread-1] tourGuide.service.TourGuideService       : Track Location for user internalUser5518
2022-10-02 23:12:33.609  INFO 75568 --- [    Test worker] tourGuide.service.TourGuideService       : Track Location for user internalUser4220
2022-10-02 23:12:33.609  INFO 75568 --- [pool-7-thread-1] tourGuide.service.TourGuideService       : Track Location for user internalUser6849
2022-10-02 23:12:33.609  INFO 75568 --- [    Test worker] tourGuide.service.TourGuideService       : Track Location for user internalUser5552
2022-10-02 23:12:33.610  INFO 75568 --- [pool-7-thread-1] tourGuide.service.TourGuideService       : Track Location for user internalUser5517
2022-10-02 23:12:33.610  INFO 75568 --- [    Test worker] tourGuide.service.TourGuideService       : Track Location for user internalUser6883
2022-10-02 23:12:33.610  INFO 75568 --- [pool-7-thread-1] tourGuide.service.TourGuideService       : Track Location for user internalUser6848
2022-10-02 23:12:33.610  INFO 75568 --- [    Test worker] tourGuide.service.TourGuideService       : Track Location for user internalUser4221
2022-10-02 23:12:33.610  INFO 75568 --- [pool-7-thread-1] tourGuide.service.TourGuideService       : Track Location for user internalUser5510
2022-10-02 23:12:33.611  INFO 75568 --- [    Test worker] tourGuide.service.TourGuideService       : Track Location for user internalUser5551
2022-10-02 23:12:33.611  INFO 75568 --- [pool-7-thread-1] tourGuide.service.TourGuideService       : Track Location for user internalUser6841
2022-10-02 23:12:33.611  INFO 75568 --- [    Test worker] tourGuide.service.TourGuideService       : Track Location for user internalUser6882
2022-10-02 23:12:33.611  INFO 75568 --- [pool-7-thread-1] tourGuide.service.TourGuideService       : Track Location for user internalUser6840
2022-10-02 23:12:33.611  INFO 75568 --- [    Test worker] tourGuide.service.TourGuideService       : Track Location for user internalUser4222
2022-10-02 23:12:33.612  INFO 75568 --- [pool-7-thread-1] tourGuide.service.TourGuideService       : Track Location for user internalUser5519
2022-10-02 23:12:33.612  INFO 75568 --- [    Test worker] tourGuide.service.TourGuideService       : Track Location for user internalUser5554
2022-10-02 23:12:33.612  INFO 75568 --- [pool-7-thread-1] tourGuide.service.TourGuideService       : Track Location for user internalUser6810
2022-10-02 23:12:33.612  INFO 75568 --- [    Test worker] tourGuide.service.TourGuideService       : Track Location for user internalUser6885
2022-10-02 23:12:33.612  INFO 75568 --- [pool-7-thread-1] tourGuide.service.TourGuideService       : Track Location for user internalUser6812
2022-10-02 23:12:33.613  INFO 75568 --- [    Test worker] tourGuide.service.TourGuideService       : Track Location for user internalUser4223
2022-10-02 23:12:33.613  INFO 75568 --- [pool-7-thread-1] tourGuide.service.TourGuideService       : Track Location for user internalUser6811
2022-10-02 23:12:33.613  INFO 75568 --- [    Test worker] tourGuide.service.TourGuideService       : Track Location for user internalUser5553
2022-10-02 23:12:33.613  INFO 75568 --- [pool-7-thread-1] tourGuide.service.TourGuideService       : Track Location for user internalUser6814
2022-10-02 23:12:33.613  INFO 75568 --- [    Test worker] tourGuide.service.TourGuideService       : Track Location for user internalUser6884
2022-10-02 23:12:33.614  INFO 75568 --- [pool-7-thread-1] tourGuide.service.TourGuideService       : Track Location for user internalUser6813
2022-10-02 23:12:33.614  INFO 75568 --- [    Test worker] tourGuide.service.TourGuideService       : Track Location for user internalUser619
2022-10-02 23:12:33.614  INFO 75568 --- [pool-7-thread-1] tourGuide.service.TourGuideService       : Track Location for user internalUser6816
2022-10-02 23:12:33.614  INFO 75568 --- [    Test worker] tourGuide.service.TourGuideService       : Track Location for user internalUser617
2022-10-02 23:12:33.614  INFO 75568 --- [pool-7-thread-1] tourGuide.service.TourGuideService       : Track Location for user internalUser6815
2022-10-02 23:12:33.614  INFO 75568 --- [    Test worker] tourGuide.service.TourGuideService       : Track Location for user internalUser618
2022-10-02 23:12:33.615  INFO 75568 --- [pool-7-thread-1] tourGuide.service.TourGuideService       : Track Location for user internalUser9089
2022-10-02 23:12:33.615  INFO 75568 --- [    Test worker] tourGuide.service.TourGuideService       : Track Location for user internalUser615
2022-10-02 23:12:33.615  INFO 75568 --- [pool-7-thread-1] tourGuide.service.TourGuideService       : Track Location for user internalUser9094
2022-10-02 23:12:33.615  INFO 75568 --- [    Test worker] tourGuide.service.TourGuideService       : Track Location for user internalUser616
2022-10-02 23:12:33.615  INFO 75568 --- [pool-7-thread-1] tourGuide.service.TourGuideService       : Track Location for user internalUser9095
2022-10-02 23:12:33.616  INFO 75568 --- [    Test worker] tourGuide.service.TourGuideService       : Track Location for user internalUser613
2022-10-02 23:12:33.616  INFO 75568 --- [pool-7-thread-1] tourGuide.service.TourGuideService       : Track Location for user internalUser9092
2022-10-02 23:12:33.616  INFO 75568 --- [    Test worker] tourGuide.service.TourGuideService       : Track Location for user internalUser614
2022-10-02 23:12:33.616  INFO 75568 --- [pool-7-thread-1] tourGuide.service.TourGuideService       : Track Location for user internalUser9093
2022-10-02 23:12:33.617  INFO 75568 --- [    Test worker] tourGuide.service.TourGuideService       : Track Location for user internalUser5523
2022-10-02 23:12:33.617  INFO 75568 --- [pool-7-thread-1] tourGuide.service.TourGuideService       : Track Location for user internalUser9098
2022-10-02 23:12:33.617  INFO 75568 --- [    Test worker] tourGuide.service.TourGuideService       : Track Location for user internalUser6854
2022-10-02 23:12:33.617  INFO 75568 --- [pool-7-thread-1] tourGuide.service.TourGuideService       : Track Location for user internalUser9099
2022-10-02 23:12:33.617  INFO 75568 --- [    Test worker] tourGuide.service.TourGuideService       : Track Location for user internalUser5522
2022-10-02 23:12:33.618  INFO 75568 --- [pool-7-thread-1] tourGuide.service.TourGuideService       : Track Location for user internalUser9096
2022-10-02 23:12:33.618  INFO 75568 --- [    Test worker] tourGuide.service.TourGuideService       : Track Location for user internalUser6853
2022-10-02 23:12:33.618  INFO 75568 --- [pool-7-thread-1] tourGuide.service.TourGuideService       : Track Location for user internalUser9097
2022-10-02 23:12:33.619  INFO 75568 --- [    Test worker] tourGuide.service.TourGuideService       : Track Location for user internalUser5525
2022-10-02 23:12:33.619  INFO 75568 --- [pool-7-thread-1] tourGuide.service.TourGuideService       : Track Location for user internalUser6818
2022-10-02 23:12:33.619  INFO 75568 --- [    Test worker] tourGuide.service.TourGuideService       : Track Location for user internalUser6856
2022-10-02 23:12:33.620  INFO 75568 --- [pool-7-thread-1] tourGuide.service.TourGuideService       : Track Location for user internalUser6817
2022-10-02 23:12:33.620  INFO 75568 --- [    Test worker] tourGuide.service.TourGuideService       : Track Location for user internalUser5524
2022-10-02 23:12:33.620  INFO 75568 --- [pool-7-thread-1] tourGuide.service.TourGuideService       : Track Location for user internalUser6819
2022-10-02 23:12:33.620  INFO 75568 --- [    Test worker] tourGuide.service.TourGuideService       : Track Location for user internalUser6855
2022-10-02 23:12:33.620  INFO 75568 --- [pool-7-thread-1] tourGuide.service.TourGuideService       : Track Location for user internalUser9090
2022-10-02 23:12:33.621  INFO 75568 --- [    Test worker] tourGuide.service.TourGuideService       : Track Location for user internalUser5527
2022-10-02 23:12:33.621  INFO 75568 --- [pool-7-thread-1] tourGuide.service.TourGuideService       : Track Location for user internalUser9091
2022-10-02 23:12:33.621  INFO 75568 --- [    Test worker] tourGuide.service.TourGuideService       : Track Location for user internalUser6858
2022-10-02 23:12:33.621  INFO 75568 --- [pool-7-thread-1] tourGuide.service.TourGuideService       : Track Location for user internalUser6821
2022-10-02 23:12:33.622  INFO 75568 --- [    Test worker] tourGuide.service.TourGuideService       : Track Location for user internalUser5526
2022-10-02 23:12:33.622  INFO 75568 --- [pool-7-thread-1] tourGuide.service.TourGuideService       : Track Location for user internalUser6820
2022-10-02 23:12:33.622  INFO 75568 --- [    Test worker] tourGuide.service.TourGuideService       : Track Location for user internalUser6857
2022-10-02 23:12:33.623  INFO 75568 --- [pool-7-thread-1] tourGuide.service.TourGuideService       : Track Location for user internalUser6823
2022-10-02 23:12:33.623  INFO 75568 --- [    Test worker] tourGuide.service.TourGuideService       : Track Location for user internalUser5529
2022-10-02 23:12:33.623  INFO 75568 --- [pool-7-thread-1] tourGuide.service.TourGuideService       : Track Location for user internalUser6822
2022-10-02 23:12:33.624  INFO 75568 --- [    Test worker] tourGuide.service.TourGuideService       : Track Location for user internalUser5528
2022-10-02 23:12:33.624  INFO 75568 --- [    Test worker] tourGuide.service.TourGuideService       : Track Location for user internalUser6859
2022-10-02 23:12:33.625  INFO 75568 --- [pool-7-thread-1] tourGuide.service.TourGuideService       : Track Location for user internalUser6825
2022-10-02 23:12:33.625  INFO 75568 --- [    Test worker] tourGuide.service.TourGuideService       : Track Location for user internalUser622
2022-10-02 23:12:33.626  INFO 75568 --- [pool-7-thread-1] tourGuide.service.TourGuideService       : Track Location for user internalUser6824
2022-10-02 23:12:33.626  INFO 75568 --- [pool-7-thread-1] tourGuide.service.TourGuideService       : Track Location for user internalUser6827
2022-10-02 23:12:33.626  INFO 75568 --- [    Test worker] tourGuide.service.TourGuideService       : Track Location for user internalUser623
2022-10-02 23:12:33.626  INFO 75568 --- [pool-7-thread-1] tourGuide.service.TourGuideService       : Track Location for user internalUser6826
2022-10-02 23:12:33.627  INFO 75568 --- [    Test worker] tourGuide.service.TourGuideService       : Track Location for user internalUser620
2022-10-02 23:12:33.627  INFO 75568 --- [pool-7-thread-1] tourGuide.service.TourGuideService       : Track Location for user internalUser6829
2022-10-02 23:12:33.627  INFO 75568 --- [    Test worker] tourGuide.service.TourGuideService       : Track Location for user internalUser621
2022-10-02 23:12:33.627  INFO 75568 --- [pool-7-thread-1] tourGuide.service.TourGuideService       : Track Location for user internalUser6828
2022-10-02 23:12:33.628  INFO 75568 --- [    Test worker] tourGuide.service.TourGuideService       : Track Location for user internalUser6850
2022-10-02 23:12:33.628  INFO 75568 --- [pool-7-thread-1] tourGuide.service.TourGuideService       : Track Location for user internalUser9229
2022-10-02 23:12:33.628  INFO 75568 --- [    Test worker] tourGuide.service.TourGuideService       : Track Location for user internalUser5521
2022-10-02 23:12:33.628  INFO 75568 --- [pool-7-thread-1] tourGuide.service.TourGuideService       : Track Location for user internalUser9223
2022-10-02 23:12:33.629  INFO 75568 --- [    Test worker] tourGuide.service.TourGuideService       : Track Location for user internalUser6852
2022-10-02 23:12:33.629  INFO 75568 --- [    Test worker] tourGuide.service.TourGuideService       : Track Location for user internalUser5520
2022-10-02 23:12:33.629  INFO 75568 --- [pool-7-thread-1] tourGuide.service.TourGuideService       : Track Location for user internalUser9224
2022-10-02 23:12:33.629  INFO 75568 --- [    Test worker] tourGuide.service.TourGuideService       : Track Location for user internalUser6851
2022-10-02 23:12:33.630  INFO 75568 --- [pool-7-thread-1] tourGuide.service.TourGuideService       : Track Location for user internalUser9221
2022-10-02 23:12:33.630  INFO 75568 --- [    Test worker] tourGuide.service.TourGuideService       : Track Location for user internalUser628
2022-10-02 23:12:33.630  INFO 75568 --- [pool-7-thread-1] tourGuide.service.TourGuideService       : Track Location for user internalUser9222
2022-10-02 23:12:33.630  INFO 75568 --- [    Test worker] tourGuide.service.TourGuideService       : Track Location for user internalUser629
2022-10-02 23:12:33.631  INFO 75568 --- [pool-7-thread-1] tourGuide.service.TourGuideService       : Track Location for user internalUser9227
2022-10-02 23:12:33.631  INFO 75568 --- [    Test worker] tourGuide.service.TourGuideService       : Track Location for user internalUser626
2022-10-02 23:12:33.631  INFO 75568 --- [pool-7-thread-1] tourGuide.service.TourGuideService       : Track Location for user internalUser9228
2022-10-02 23:12:33.632  INFO 75568 --- [    Test worker] tourGuide.service.TourGuideService       : Track Location for user internalUser627
2022-10-02 23:12:33.632  INFO 75568 --- [pool-7-thread-1] tourGuide.service.TourGuideService       : Track Location for user internalUser9225
2022-10-02 23:12:33.632  INFO 75568 --- [    Test worker] tourGuide.service.TourGuideService       : Track Location for user internalUser624
2022-10-02 23:12:33.632  INFO 75568 --- [pool-7-thread-1] tourGuide.service.TourGuideService       : Track Location for user internalUser9226
2022-10-02 23:12:33.633  INFO 75568 --- [    Test worker] tourGuide.service.TourGuideService       : Track Location for user internalUser625
2022-10-02 23:12:33.633  INFO 75568 --- [    Test worker] tourGuide.service.TourGuideService       : Track Location for user internalUser4202
2022-10-02 23:12:33.633  INFO 75568 --- [    Test worker] tourGuide.service.TourGuideService       : Track Location for user internalUser5534
2022-10-02 23:12:33.634  INFO 75568 --- [    Test worker] tourGuide.service.TourGuideService       : Track Location for user internalUser6865
2022-10-02 23:12:33.634  INFO 75568 --- [pool-7-thread-1] tourGuide.service.TourGuideService       : Track Location for user internalUser9230
2022-10-02 23:12:33.634  INFO 75568 --- [    Test worker] tourGuide.service.TourGuideService       : Track Location for user internalUser4203
2022-10-02 23:12:33.635  INFO 75568 --- [pool-7-thread-1] tourGuide.service.TourGuideService       : Track Location for user internalUser9231
2022-10-02 23:12:33.635  INFO 75568 --- [    Test worker] tourGuide.service.TourGuideService       : Track Location for user internalUser5533
2022-10-02 23:12:33.635  INFO 75568 --- [pool-7-thread-1] tourGuide.service.TourGuideService       : Track Location for user internalUser9234
2022-10-02 23:12:33.635  INFO 75568 --- [    Test worker] tourGuide.service.TourGuideService       : Track Location for user internalUser6864
2022-10-02 23:12:33.635  INFO 75568 --- [pool-7-thread-1] tourGuide.service.TourGuideService       : Track Location for user internalUser9235
2022-10-02 23:12:33.636  INFO 75568 --- [    Test worker] tourGuide.service.TourGuideService       : Track Location for user internalUser4204
2022-10-02 23:12:33.636  INFO 75568 --- [pool-7-thread-1] tourGuide.service.TourGuideService       : Track Location for user internalUser9232
2022-10-02 23:12:33.636  INFO 75568 --- [    Test worker] tourGuide.service.TourGuideService       : Track Location for user internalUser5536
2022-10-02 23:12:33.636  INFO 75568 --- [pool-7-thread-1] tourGuide.service.TourGuideService       : Track Location for user internalUser9233
2022-10-02 23:12:33.637  INFO 75568 --- [    Test worker] tourGuide.service.TourGuideService       : Track Location for user internalUser6867
2022-10-02 23:12:33.637  INFO 75568 --- [pool-7-thread-1] tourGuide.service.TourGuideService       : Track Location for user internalUser9238
2022-10-02 23:12:33.637  INFO 75568 --- [    Test worker] tourGuide.service.TourGuideService       : Track Location for user internalUser4205
2022-10-02 23:12:33.637  INFO 75568 --- [pool-7-thread-1] tourGuide.service.TourGuideService       : Track Location for user internalUser9239
2022-10-02 23:12:33.637  INFO 75568 --- [pool-7-thread-1] tourGuide.service.TourGuideService       : Track Location for user internalUser9236
2022-10-02 23:12:33.638  INFO 75568 --- [pool-7-thread-1] tourGuide.service.TourGuideService       : Track Location for user internalUser9237
2022-10-02 23:12:33.638  INFO 75568 --- [pool-7-thread-1] tourGuide.service.TourGuideService       : Track Location for user internalUser9241
2022-10-02 23:12:33.638  INFO 75568 --- [pool-7-thread-1] tourGuide.service.TourGuideService       : Track Location for user internalUser9242
2022-10-02 23:12:33.639  INFO 75568 --- [pool-7-thread-1] tourGuide.service.TourGuideService       : Track Location for user internalUser9240
2022-10-02 23:12:33.639  INFO 75568 --- [    Test worker] tourGuide.service.TourGuideService       : Track Location for user internalUser5535
2022-10-02 23:12:33.639  INFO 75568 --- [pool-7-thread-1] tourGuide.service.TourGuideService       : Track Location for user internalUser9209
2022-10-02 23:12:33.639  INFO 75568 --- [    Test worker] tourGuide.service.TourGuideService       : Track Location for user internalUser6866
2022-10-02 23:12:33.640  INFO 75568 --- [pool-7-thread-1] tourGuide.service.TourGuideService       : Track Location for user internalUser9207
2022-10-02 23:12:33.640  INFO 75568 --- [    Test worker] tourGuide.service.TourGuideService       : Track Location for user internalUser4206
2022-10-02 23:12:33.640  INFO 75568 --- [pool-7-thread-1] tourGuide.service.TourGuideService       : Track Location for user internalUser9208
2022-10-02 23:12:33.640  INFO 75568 --- [    Test worker] tourGuide.service.TourGuideService       : Track Location for user internalUser5538
2022-10-02 23:12:33.641  INFO 75568 --- [pool-7-thread-1] tourGuide.service.TourGuideService       : Track Location for user internalUser9201
2022-10-02 23:12:33.641  INFO 75568 --- [    Test worker] tourGuide.service.TourGuideService       : Track Location for user internalUser6869
2022-10-02 23:12:33.641  INFO 75568 --- [pool-7-thread-1] tourGuide.service.TourGuideService       : Track Location for user internalUser9202
2022-10-02 23:12:33.642  INFO 75568 --- [    Test worker] tourGuide.service.TourGuideService       : Track Location for user internalUser4207
2022-10-02 23:12:33.642  INFO 75568 --- [pool-7-thread-1] tourGuide.service.TourGuideService       : Track Location for user internalUser9200
2022-10-02 23:12:33.642  INFO 75568 --- [    Test worker] tourGuide.service.TourGuideService       : Track Location for user internalUser5537
2022-10-02 23:12:33.642  INFO 75568 --- [pool-7-thread-1] tourGuide.service.TourGuideService       : Track Location for user internalUser9205
2022-10-02 23:12:33.643  INFO 75568 --- [    Test worker] tourGuide.service.TourGuideService       : Track Location for user internalUser6868
2022-10-02 23:12:33.643  INFO 75568 --- [pool-7-thread-1] tourGuide.service.TourGuideService       : Track Location for user internalUser9206
2022-10-02 23:12:33.643  INFO 75568 --- [    Test worker] tourGuide.service.TourGuideService       : Track Location for user internalUser4208
2022-10-02 23:12:33.643  INFO 75568 --- [pool-7-thread-1] tourGuide.service.TourGuideService       : Track Location for user internalUser9203
2022-10-02 23:12:33.643  INFO 75568 --- [    Test worker] tourGuide.service.TourGuideService       : Track Location for user internalUser4209
2022-10-02 23:12:33.644  INFO 75568 --- [pool-7-thread-1] tourGuide.service.TourGuideService       : Track Location for user internalUser9204
2022-10-02 23:12:33.644  INFO 75568 --- [    Test worker] tourGuide.service.TourGuideService       : Track Location for user internalUser5539
2022-10-02 23:12:33.644  INFO 75568 --- [pool-7-thread-1] tourGuide.service.TourGuideService       : Track Location for user internalUser9218
2022-10-02 23:12:33.645  INFO 75568 --- [    Test worker] tourGuide.service.TourGuideService       : Track Location for user internalUser633
2022-10-02 23:12:33.645  INFO 75568 --- [pool-7-thread-1] tourGuide.service.TourGuideService       : Track Location for user internalUser9219
2022-10-02 23:12:33.645  INFO 75568 --- [    Test worker] tourGuide.service.TourGuideService       : Track Location for user internalUser634
2022-10-02 23:12:33.645  INFO 75568 --- [pool-7-thread-1] tourGuide.service.TourGuideService       : Track Location for user internalUser9212
2022-10-02 23:12:33.646  INFO 75568 --- [    Test worker] tourGuide.service.TourGuideService       : Track Location for user internalUser631
2022-10-02 23:12:33.646  INFO 75568 --- [pool-7-thread-1] tourGuide.service.TourGuideService       : Track Location for user internalUser9213
2022-10-02 23:12:33.646  INFO 75568 --- [    Test worker] tourGuide.service.TourGuideService       : Track Location for user internalUser632
2022-10-02 23:12:33.646  INFO 75568 --- [pool-7-thread-1] tourGuide.service.TourGuideService       : Track Location for user internalUser9210
2022-10-02 23:12:33.646  INFO 75568 --- [    Test worker] tourGuide.service.TourGuideService       : Track Location for user internalUser5530
2022-10-02 23:12:33.647  INFO 75568 --- [pool-7-thread-1] tourGuide.service.TourGuideService       : Track Location for user internalUser9211
2022-10-02 23:12:33.647  INFO 75568 --- [    Test worker] tourGuide.service.TourGuideService       : Track Location for user internalUser6861
2022-10-02 23:12:33.647  INFO 75568 --- [pool-7-thread-1] tourGuide.service.TourGuideService       : Track Location for user internalUser9216
2022-10-02 23:12:33.647  INFO 75568 --- [    Test worker] tourGuide.service.TourGuideService       : Track Location for user internalUser630
2022-10-02 23:12:33.647  INFO 75568 --- [pool-7-thread-1] tourGuide.service.TourGuideService       : Track Location for user internalUser9217
2022-10-02 23:12:33.647  INFO 75568 --- [    Test worker] tourGuide.service.TourGuideService       : Track Location for user internalUser6860
2022-10-02 23:12:33.648  INFO 75568 --- [pool-7-thread-1] tourGuide.service.TourGuideService       : Track Location for user internalUser9214
2022-10-02 23:12:33.648  INFO 75568 --- [    Test worker] tourGuide.service.TourGuideService       : Track Location for user internalUser4200
2022-10-02 23:12:33.648  INFO 75568 --- [pool-7-thread-1] tourGuide.service.TourGuideService       : Track Location for user internalUser9215
2022-10-02 23:12:33.648  INFO 75568 --- [    Test worker] tourGuide.service.TourGuideService       : Track Location for user internalUser5532
2022-10-02 23:12:33.648  INFO 75568 --- [pool-7-thread-1] tourGuide.service.TourGuideService       : Track Location for user internalUser9220
2022-10-02 23:12:33.648  INFO 75568 --- [    Test worker] tourGuide.service.TourGuideService       : Track Location for user internalUser6863
2022-10-02 23:12:33.649  INFO 75568 --- [pool-7-thread-1] tourGuide.service.TourGuideService       : Track Location for user internalUser482
2022-10-02 23:12:33.649  INFO 75568 --- [pool-7-thread-1] tourGuide.service.TourGuideService       : Track Location for user internalUser483
2022-10-02 23:12:33.649  INFO 75568 --- [    Test worker] tourGuide.service.TourGuideService       : Track Location for user internalUser4201
2022-10-02 23:12:33.649  INFO 75568 --- [pool-7-thread-1] tourGuide.service.TourGuideService       : Track Location for user internalUser480
2022-10-02 23:12:33.650  INFO 75568 --- [    Test worker] tourGuide.service.TourGuideService       : Track Location for user internalUser5531
2022-10-02 23:12:33.650  INFO 75568 --- [pool-7-thread-1] tourGuide.service.TourGuideService       : Track Location for user internalUser481
2022-10-02 23:12:33.650  INFO 75568 --- [    Test worker] tourGuide.service.TourGuideService       : Track Location for user internalUser6862
2022-10-02 23:12:33.650  INFO 75568 --- [pool-7-thread-1] tourGuide.service.TourGuideService       : Track Location for user internalUser9267
2022-10-02 23:12:33.650  INFO 75568 --- [    Test worker] tourGuide.service.TourGuideService       : Track Location for user internalUser639
2022-10-02 23:12:33.651  INFO 75568 --- [pool-7-thread-1] tourGuide.service.TourGuideService       : Track Location for user internalUser9268
2022-10-02 23:12:33.651  INFO 75568 --- [    Test worker] tourGuide.service.TourGuideService       : Track Location for user internalUser637
2022-10-02 23:12:33.651  INFO 75568 --- [pool-7-thread-1] tourGuide.service.TourGuideService       : Track Location for user internalUser488
2022-10-02 23:12:33.651  INFO 75568 --- [    Test worker] tourGuide.service.TourGuideService       : Track Location for user internalUser638
2022-10-02 23:12:33.651  INFO 75568 --- [pool-7-thread-1] tourGuide.service.TourGuideService       : Track Location for user internalUser9265
2022-10-02 23:12:33.652  INFO 75568 --- [    Test worker] tourGuide.service.TourGuideService       : Track Location for user internalUser635
2022-10-02 23:12:33.652  INFO 75568 --- [pool-7-thread-1] tourGuide.service.TourGuideService       : Track Location for user internalUser489
2022-10-02 23:12:33.652  INFO 75568 --- [    Test worker] tourGuide.service.TourGuideService       : Track Location for user internalUser636
2022-10-02 23:12:33.652  INFO 75568 --- [pool-7-thread-1] tourGuide.service.TourGuideService       : Track Location for user internalUser9266
2022-10-02 23:12:33.652  INFO 75568 --- [    Test worker] tourGuide.service.TourGuideService       : Track Location for user internalUser4257
2022-10-02 23:12:33.653  INFO 75568 --- [pool-7-thread-1] tourGuide.service.TourGuideService       : Track Location for user internalUser486
2022-10-02 23:12:33.653  INFO 75568 --- [    Test worker] tourGuide.service.TourGuideService       : Track Location for user internalUser5589
2022-10-02 23:12:33.653  INFO 75568 --- [pool-7-thread-1] tourGuide.service.TourGuideService       : Track Location for user internalUser487
2022-10-02 23:12:33.653  INFO 75568 --- [    Test worker] tourGuide.service.TourGuideService       : Track Location for user internalUser4258
2022-10-02 23:12:33.653  INFO 75568 --- [pool-7-thread-1] tourGuide.service.TourGuideService       : Track Location for user internalUser484
2022-10-02 23:12:33.654  INFO 75568 --- [    Test worker] tourGuide.service.TourGuideService       : Track Location for user internalUser5588
2022-10-02 23:12:33.654  INFO 75568 --- [pool-7-thread-1] tourGuide.service.TourGuideService       : Track Location for user internalUser9269
2022-10-02 23:12:33.654  INFO 75568 --- [    Test worker] tourGuide.service.TourGuideService       : Track Location for user internalUser4259
2022-10-02 23:12:33.654  INFO 75568 --- [pool-7-thread-1] tourGuide.service.TourGuideService       : Track Location for user internalUser485
2022-10-02 23:12:33.655  INFO 75568 --- [    Test worker] tourGuide.service.TourGuideService       : Track Location for user internalUser5581
2022-10-02 23:12:33.669  INFO 75568 --- [pool-7-thread-1] tourGuide.service.TourGuideService       : Track Location for user internalUser9270
2022-10-02 23:12:33.670  INFO 75568 --- [    Test worker] tourGuide.service.TourGuideService       : Track Location for user internalUser4250
2022-10-02 23:12:33.671  INFO 75568 --- [pool-7-thread-1] tourGuide.service.TourGuideService       : Track Location for user internalUser9271
2022-10-02 23:12:33.671  INFO 75568 --- [    Test worker] tourGuide.service.TourGuideService       : Track Location for user internalUser5580
2022-10-02 23:12:33.671  INFO 75568 --- [pool-7-thread-1] tourGuide.service.TourGuideService       : Track Location for user internalUser9274
2022-10-02 23:12:33.671  INFO 75568 --- [    Test worker] tourGuide.service.TourGuideService       : Track Location for user internalUser4251
2022-10-02 23:12:33.672  INFO 75568 --- [pool-7-thread-1] tourGuide.service.TourGuideService       : Track Location for user internalUser9275
2022-10-02 23:12:33.672  INFO 75568 --- [    Test worker] tourGuide.service.TourGuideService       : Track Location for user internalUser5583
2022-10-02 23:12:33.672  INFO 75568 --- [pool-7-thread-1] tourGuide.service.TourGuideService       : Track Location for user internalUser9272
2022-10-02 23:12:33.672  INFO 75568 --- [    Test worker] tourGuide.service.TourGuideService       : Track Location for user internalUser4252
2022-10-02 23:12:33.673  INFO 75568 --- [pool-7-thread-1] tourGuide.service.TourGuideService       : Track Location for user internalUser9273
2022-10-02 23:12:33.673  INFO 75568 --- [    Test worker] tourGuide.service.TourGuideService       : Track Location for user internalUser5582
2022-10-02 23:12:33.673  INFO 75568 --- [pool-7-thread-1] tourGuide.service.TourGuideService       : Track Location for user internalUser493
2022-10-02 23:12:33.673  INFO 75568 --- [    Test worker] tourGuide.service.TourGuideService       : Track Location for user internalUser4253
2022-10-02 23:12:33.673  INFO 75568 --- [pool-7-thread-1] tourGuide.service.TourGuideService       : Track Location for user internalUser494
2022-10-02 23:12:33.673  INFO 75568 --- [    Test worker] tourGuide.service.TourGuideService       : Track Location for user internalUser5585
2022-10-02 23:12:33.674  INFO 75568 --- [pool-7-thread-1] tourGuide.service.TourGuideService       : Track Location for user internalUser491
2022-10-02 23:12:33.674  INFO 75568 --- [    Test worker] tourGuide.service.TourGuideService       : Track Location for user internalUser4254
2022-10-02 23:12:33.674  INFO 75568 --- [pool-7-thread-1] tourGuide.service.TourGuideService       : Track Location for user internalUser492
2022-10-02 23:12:33.674  INFO 75568 --- [    Test worker] tourGuide.service.TourGuideService       : Track Location for user internalUser5584
2022-10-02 23:12:33.674  INFO 75568 --- [pool-7-thread-1] tourGuide.service.TourGuideService       : Track Location for user internalUser490
2022-10-02 23:12:33.675  INFO 75568 --- [    Test worker] tourGuide.service.TourGuideService       : Track Location for user internalUser4255
2022-10-02 23:12:33.675  INFO 75568 --- [pool-7-thread-1] tourGuide.service.TourGuideService       : Track Location for user internalUser9278
2022-10-02 23:12:33.675  INFO 75568 --- [    Test worker] tourGuide.service.TourGuideService       : Track Location for user internalUser5587
2022-10-02 23:12:33.675  INFO 75568 --- [pool-7-thread-1] tourGuide.service.TourGuideService       : Track Location for user internalUser9279
2022-10-02 23:12:33.675  INFO 75568 --- [    Test worker] tourGuide.service.TourGuideService       : Track Location for user internalUser4256
2022-10-02 23:12:33.675  INFO 75568 --- [pool-7-thread-1] tourGuide.service.TourGuideService       : Track Location for user internalUser499
2022-10-02 23:12:33.676  INFO 75568 --- [    Test worker] tourGuide.service.TourGuideService       : Track Location for user internalUser5586
2022-10-02 23:12:33.676  INFO 75568 --- [pool-7-thread-1] tourGuide.service.TourGuideService       : Track Location for user internalUser9276
2022-10-02 23:12:33.676  INFO 75568 --- [    Test worker] tourGuide.service.TourGuideService       : Track Location for user internalUser5590
2022-10-02 23:12:33.676  INFO 75568 --- [pool-7-thread-1] tourGuide.service.TourGuideService       : Track Location for user internalUser9277
2022-10-02 23:12:33.676  INFO 75568 --- [    Test worker] tourGuide.service.TourGuideService       : Track Location for user internalUser4268
2022-10-02 23:12:33.676  INFO 75568 --- [pool-7-thread-1] tourGuide.service.TourGuideService       : Track Location for user internalUser497
2022-10-02 23:12:33.677  INFO 75568 --- [    Test worker] tourGuide.service.TourGuideService       : Track Location for user internalUser4269
2022-10-02 23:12:33.677  INFO 75568 --- [pool-7-thread-1] tourGuide.service.TourGuideService       : Track Location for user internalUser498
2022-10-02 23:12:33.677  INFO 75568 --- [    Test worker] tourGuide.service.TourGuideService       : Track Location for user internalUser5599
2022-10-02 23:12:33.677  INFO 75568 --- [pool-7-thread-1] tourGuide.service.TourGuideService       : Track Location for user internalUser495
2022-10-02 23:12:33.677  INFO 75568 --- [    Test worker] tourGuide.service.TourGuideService       : Track Location for user internalUser4260
2022-10-02 23:12:33.677  INFO 75568 --- [pool-7-thread-1] tourGuide.service.TourGuideService       : Track Location for user internalUser496
2022-10-02 23:12:33.678  INFO 75568 --- [    Test worker] tourGuide.service.TourGuideService       : Track Location for user internalUser5592
2022-10-02 23:12:33.678  INFO 75568 --- [pool-7-thread-1] tourGuide.service.TourGuideService       : Track Location for user internalUser9281
2022-10-02 23:12:33.678  INFO 75568 --- [    Test worker] tourGuide.service.TourGuideService       : Track Location for user internalUser4261
2022-10-02 23:12:33.678  INFO 75568 --- [pool-7-thread-1] tourGuide.service.TourGuideService       : Track Location for user internalUser9282
2022-10-02 23:12:33.678  INFO 75568 --- [    Test worker] tourGuide.service.TourGuideService       : Track Location for user internalUser5591
2022-10-02 23:12:33.678  INFO 75568 --- [pool-7-thread-1] tourGuide.service.TourGuideService       : Track Location for user internalUser9280
2022-10-02 23:12:33.679  INFO 75568 --- [    Test worker] tourGuide.service.TourGuideService       : Track Location for user internalUser4262
2022-10-02 23:12:33.679  INFO 75568 --- [pool-7-thread-1] tourGuide.service.TourGuideService       : Track Location for user internalUser9285
2022-10-02 23:12:33.679  INFO 75568 --- [    Test worker] tourGuide.service.TourGuideService       : Track Location for user internalUser5594
2022-10-02 23:12:33.679  INFO 75568 --- [pool-7-thread-1] tourGuide.service.TourGuideService       : Track Location for user internalUser9286
2022-10-02 23:12:33.679  INFO 75568 --- [    Test worker] tourGuide.service.TourGuideService       : Track Location for user internalUser4263
2022-10-02 23:12:33.680  INFO 75568 --- [pool-7-thread-1] tourGuide.service.TourGuideService       : Track Location for user internalUser9283
2022-10-02 23:12:33.680  INFO 75568 --- [    Test worker] tourGuide.service.TourGuideService       : Track Location for user internalUser5593
2022-10-02 23:12:33.680  INFO 75568 --- [pool-7-thread-1] tourGuide.service.TourGuideService       : Track Location for user internalUser9284
2022-10-02 23:12:33.680  INFO 75568 --- [    Test worker] tourGuide.service.TourGuideService       : Track Location for user internalUser4264
2022-10-02 23:12:33.681  INFO 75568 --- [pool-7-thread-1] tourGuide.service.TourGuideService       : Track Location for user internalUser9245
2022-10-02 23:12:33.681  INFO 75568 --- [    Test worker] tourGuide.service.TourGuideService       : Track Location for user internalUser5596
2022-10-02 23:12:33.681  INFO 75568 --- [pool-7-thread-1] tourGuide.service.TourGuideService       : Track Location for user internalUser9246
2022-10-02 23:12:33.681  INFO 75568 --- [    Test worker] tourGuide.service.TourGuideService       : Track Location for user internalUser4265
2022-10-02 23:12:33.682  INFO 75568 --- [pool-7-thread-1] tourGuide.service.TourGuideService       : Track Location for user internalUser9243
2022-10-02 23:12:33.682  INFO 75568 --- [    Test worker] tourGuide.service.TourGuideService       : Track Location for user internalUser5595
2022-10-02 23:12:33.682  INFO 75568 --- [pool-7-thread-1] tourGuide.service.TourGuideService       : Track Location for user internalUser9244
2022-10-02 23:12:33.682  INFO 75568 --- [    Test worker] tourGuide.service.TourGuideService       : Track Location for user internalUser4266
2022-10-02 23:12:33.683  INFO 75568 --- [pool-7-thread-1] tourGuide.service.TourGuideService       : Track Location for user internalUser9249
2022-10-02 23:12:33.683  INFO 75568 --- [    Test worker] tourGuide.service.TourGuideService       : Track Location for user internalUser5598
2022-10-02 23:12:33.683  INFO 75568 --- [pool-7-thread-1] tourGuide.service.TourGuideService       : Track Location for user internalUser9247
2022-10-02 23:12:33.683  INFO 75568 --- [    Test worker] tourGuide.service.TourGuideService       : Track Location for user internalUser4267
2022-10-02 23:12:33.684  INFO 75568 --- [pool-7-thread-1] tourGuide.service.TourGuideService       : Track Location for user internalUser9248
2022-10-02 23:12:33.684  INFO 75568 --- [    Test worker] tourGuide.service.TourGuideService       : Track Location for user internalUser5597
2022-10-02 23:12:33.684  INFO 75568 --- [pool-7-thread-1] tourGuide.service.TourGuideService       : Track Location for user internalUser9252
2022-10-02 23:12:33.684  INFO 75568 --- [    Test worker] tourGuide.service.TourGuideService       : Track Location for user internalUser4270
2022-10-02 23:12:33.685  INFO 75568 --- [pool-7-thread-1] tourGuide.service.TourGuideService       : Track Location for user internalUser9253
2022-10-02 23:12:33.685  INFO 75568 --- [    Test worker] tourGuide.service.TourGuideService       : Track Location for user internalUser4235
2022-10-02 23:12:33.685  INFO 75568 --- [pool-7-thread-1] tourGuide.service.TourGuideService       : Track Location for user internalUser9250
2022-10-02 23:12:33.685  INFO 75568 --- [    Test worker] tourGuide.service.TourGuideService       : Track Location for user internalUser5567
2022-10-02 23:12:33.685  INFO 75568 --- [pool-7-thread-1] tourGuide.service.TourGuideService       : Track Location for user internalUser9251
2022-10-02 23:12:33.686  INFO 75568 --- [    Test worker] tourGuide.service.TourGuideService       : Track Location for user internalUser6898
2022-10-02 23:12:33.686  INFO 75568 --- [pool-7-thread-1] tourGuide.service.TourGuideService       : Track Location for user internalUser9256
2022-10-02 23:12:33.686  INFO 75568 --- [    Test worker] tourGuide.service.TourGuideService       : Track Location for user internalUser4236
2022-10-02 23:12:33.686  INFO 75568 --- [pool-7-thread-1] tourGuide.service.TourGuideService       : Track Location for user internalUser9257
2022-10-02 23:12:33.687  INFO 75568 --- [    Test worker] tourGuide.service.TourGuideService       : Track Location for user internalUser5566
2022-10-02 23:12:33.687  INFO 75568 --- [pool-7-thread-1] tourGuide.service.TourGuideService       : Track Location for user internalUser9254
2022-10-02 23:12:33.687  INFO 75568 --- [    Test worker] tourGuide.service.TourGuideService       : Track Location for user internalUser6897
2022-10-02 23:12:33.687  INFO 75568 --- [pool-7-thread-1] tourGuide.service.TourGuideService       : Track Location for user internalUser9255
2022-10-02 23:12:33.687  INFO 75568 --- [    Test worker] tourGuide.service.TourGuideService       : Track Location for user internalUser4237
2022-10-02 23:12:33.687  INFO 75568 --- [pool-7-thread-1] tourGuide.service.TourGuideService       : Track Location for user internalUser9258
2022-10-02 23:12:33.688  INFO 75568 --- [    Test worker] tourGuide.service.TourGuideService       : Track Location for user internalUser5569
2022-10-02 23:12:33.688  INFO 75568 --- [pool-7-thread-1] tourGuide.service.TourGuideService       : Track Location for user internalUser9259
2022-10-02 23:12:33.688  INFO 75568 --- [    Test worker] tourGuide.service.TourGuideService       : Track Location for user internalUser4238
2022-10-02 23:12:33.688  INFO 75568 --- [pool-7-thread-1] tourGuide.service.TourGuideService       : Track Location for user internalUser9260
2022-10-02 23:12:33.688  INFO 75568 --- [    Test worker] tourGuide.service.TourGuideService       : Track Location for user internalUser5568
2022-10-02 23:12:33.688  INFO 75568 --- [pool-7-thread-1] tourGuide.service.TourGuideService       : Track Location for user internalUser9263
2022-10-02 23:12:33.689  INFO 75568 --- [    Test worker] tourGuide.service.TourGuideService       : Track Location for user internalUser6899
2022-10-02 23:12:33.689  INFO 75568 --- [pool-7-thread-1] tourGuide.service.TourGuideService       : Track Location for user internalUser9264
2022-10-02 23:12:33.689  INFO 75568 --- [    Test worker] tourGuide.service.TourGuideService       : Track Location for user internalUser4239
2022-10-02 23:12:33.689  INFO 75568 --- [pool-7-thread-1] tourGuide.service.TourGuideService       : Track Location for user internalUser9261
2022-10-02 23:12:33.689  INFO 75568 --- [    Test worker] tourGuide.service.TourGuideService       : Track Location for user internalUser6890
2022-10-02 23:12:33.689  INFO 75568 --- [pool-7-thread-1] tourGuide.service.TourGuideService       : Track Location for user internalUser9262
2022-10-02 23:12:33.690  INFO 75568 --- [    Test worker] tourGuide.service.TourGuideService       : Track Location for user internalUser5561
2022-10-02 23:12:33.690  INFO 75568 --- [pool-7-thread-1] tourGuide.service.TourGuideService       : Track Location for user internalUser446
2022-10-02 23:12:33.690  INFO 75568 --- [    Test worker] tourGuide.service.TourGuideService       : Track Location for user internalUser6892
2022-10-02 23:12:33.690  INFO 75568 --- [pool-7-thread-1] tourGuide.service.TourGuideService       : Track Location for user internalUser3083
2022-10-02 23:12:33.690  INFO 75568 --- [    Test worker] tourGuide.service.TourGuideService       : Track Location for user internalUser4230
2022-10-02 23:12:33.690  INFO 75568 --- [pool-7-thread-1] tourGuide.service.TourGuideService       : Track Location for user internalUser447
2022-10-02 23:12:33.690  INFO 75568 --- [    Test worker] tourGuide.service.TourGuideService       : Track Location for user internalUser5560
2022-10-02 23:12:33.691  INFO 75568 --- [pool-7-thread-1] tourGuide.service.TourGuideService       : Track Location for user internalUser3084
2022-10-02 23:12:33.691  INFO 75568 --- [    Test worker] tourGuide.service.TourGuideService       : Track Location for user internalUser6891
2022-10-02 23:12:33.691  INFO 75568 --- [pool-7-thread-1] tourGuide.service.TourGuideService       : Track Location for user internalUser444
2022-10-02 23:12:33.691  INFO 75568 --- [    Test worker] tourGuide.service.TourGuideService       : Track Location for user internalUser4231
2022-10-02 23:12:33.691  INFO 75568 --- [pool-7-thread-1] tourGuide.service.TourGuideService       : Track Location for user internalUser3085
2022-10-02 23:12:33.691  INFO 75568 --- [    Test worker] tourGuide.service.TourGuideService       : Track Location for user internalUser5563
2022-10-02 23:12:33.692  INFO 75568 --- [pool-7-thread-1] tourGuide.service.TourGuideService       : Track Location for user internalUser445
2022-10-02 23:12:33.692  INFO 75568 --- [    Test worker] tourGuide.service.TourGuideService       : Track Location for user internalUser6894
2022-10-02 23:12:33.692  INFO 75568 --- [pool-7-thread-1] tourGuide.service.TourGuideService       : Track Location for user internalUser3086
2022-10-02 23:12:33.692  INFO 75568 --- [    Test worker] tourGuide.service.TourGuideService       : Track Location for user internalUser4232
2022-10-02 23:12:33.692  INFO 75568 --- [pool-7-thread-1] tourGuide.service.TourGuideService       : Track Location for user internalUser442
2022-10-02 23:12:33.692  INFO 75568 --- [    Test worker] tourGuide.service.TourGuideService       : Track Location for user internalUser5562
2022-10-02 23:12:33.693  INFO 75568 --- [pool-7-thread-1] tourGuide.service.TourGuideService       : Track Location for user internalUser3087
2022-10-02 23:12:33.693  INFO 75568 --- [    Test worker] tourGuide.service.TourGuideService       : Track Location for user internalUser6893
2022-10-02 23:12:33.693  INFO 75568 --- [pool-7-thread-1] tourGuide.service.TourGuideService       : Track Location for user internalUser443
2022-10-02 23:12:33.693  INFO 75568 --- [    Test worker] tourGuide.service.TourGuideService       : Track Location for user internalUser4233
2022-10-02 23:12:33.693  INFO 75568 --- [pool-7-thread-1] tourGuide.service.TourGuideService       : Track Location for user internalUser3088
2022-10-02 23:12:33.694  INFO 75568 --- [    Test worker] tourGuide.service.TourGuideService       : Track Location for user internalUser5565
2022-10-02 23:12:33.694  INFO 75568 --- [pool-7-thread-1] tourGuide.service.TourGuideService       : Track Location for user internalUser440
2022-10-02 23:12:33.694  INFO 75568 --- [    Test worker] tourGuide.service.TourGuideService       : Track Location for user internalUser6896
2022-10-02 23:12:33.694  INFO 75568 --- [pool-7-thread-1] tourGuide.service.TourGuideService       : Track Location for user internalUser3089
2022-10-02 23:12:33.694  INFO 75568 --- [    Test worker] tourGuide.service.TourGuideService       : Track Location for user internalUser4234
2022-10-02 23:12:33.694  INFO 75568 --- [pool-7-thread-1] tourGuide.service.TourGuideService       : Track Location for user internalUser441
2022-10-02 23:12:33.694  INFO 75568 --- [    Test worker] tourGuide.service.TourGuideService       : Track Location for user internalUser5564
2022-10-02 23:12:33.695  INFO 75568 --- [pool-7-thread-1] tourGuide.service.TourGuideService       : Track Location for user internalUser3090
2022-10-02 23:12:33.695  INFO 75568 --- [    Test worker] tourGuide.service.TourGuideService       : Track Location for user internalUser6895
2022-10-02 23:12:33.695  INFO 75568 --- [pool-7-thread-1] tourGuide.service.TourGuideService       : Track Location for user internalUser3091
2022-10-02 23:12:33.695  INFO 75568 --- [    Test worker] tourGuide.service.TourGuideService       : Track Location for user internalUser4246
2022-10-02 23:12:33.696  INFO 75568 --- [pool-7-thread-1] tourGuide.service.TourGuideService       : Track Location for user internalUser448
2022-10-02 23:12:33.696  INFO 75568 --- [    Test worker] tourGuide.service.TourGuideService       : Track Location for user internalUser5578
2022-10-02 23:12:33.696  INFO 75568 --- [pool-7-thread-1] tourGuide.service.TourGuideService       : Track Location for user internalUser3092
2022-10-02 23:12:33.696  INFO 75568 --- [    Test worker] tourGuide.service.TourGuideService       : Track Location for user internalUser4247
2022-10-02 23:12:33.696  INFO 75568 --- [pool-7-thread-1] tourGuide.service.TourGuideService       : Track Location for user internalUser449
2022-10-02 23:12:33.696  INFO 75568 --- [    Test worker] tourGuide.service.TourGuideService       : Track Location for user internalUser5577
2022-10-02 23:12:33.696  INFO 75568 --- [pool-7-thread-1] tourGuide.service.TourGuideService       : Track Location for user internalUser3093
2022-10-02 23:12:33.697  INFO 75568 --- [    Test worker] tourGuide.service.TourGuideService       : Track Location for user internalUser4248
2022-10-02 23:12:33.697  INFO 75568 --- [pool-7-thread-1] tourGuide.service.TourGuideService       : Track Location for user internalUser450
2022-10-02 23:12:33.697  INFO 75568 --- [    Test worker] tourGuide.service.TourGuideService       : Track Location for user internalUser4249
2022-10-02 23:12:33.697  INFO 75568 --- [pool-7-thread-1] tourGuide.service.TourGuideService       : Track Location for user internalUser457
2022-10-02 23:12:33.697  INFO 75568 --- [    Test worker] tourGuide.service.TourGuideService       : Track Location for user internalUser5579
2022-10-02 23:12:33.697  INFO 75568 --- [pool-7-thread-1] tourGuide.service.TourGuideService       : Track Location for user internalUser3094
2022-10-02 23:12:33.697  INFO 75568 --- [    Test worker] tourGuide.service.TourGuideService       : Track Location for user internalUser5570
2022-10-02 23:12:33.698  INFO 75568 --- [pool-7-thread-1] tourGuide.service.TourGuideService       : Track Location for user internalUser458
2022-10-02 23:12:33.698  INFO 75568 --- [    Test worker] tourGuide.service.TourGuideService       : Track Location for user internalUser4240
2022-10-02 23:12:33.698  INFO 75568 --- [pool-7-thread-1] tourGuide.service.TourGuideService       : Track Location for user internalUser3095
2022-10-02 23:12:33.698  INFO 75568 --- [    Test worker] tourGuide.service.TourGuideService       : Track Location for user internalUser5572
2022-10-02 23:12:33.698  INFO 75568 --- [pool-7-thread-1] tourGuide.service.TourGuideService       : Track Location for user internalUser455
2022-10-02 23:12:33.698  INFO 75568 --- [    Test worker] tourGuide.service.TourGuideService       : Track Location for user internalUser4241
2022-10-02 23:12:33.698  INFO 75568 --- [pool-7-thread-1] tourGuide.service.TourGuideService       : Track Location for user internalUser3096
2022-10-02 23:12:33.699  INFO 75568 --- [    Test worker] tourGuide.service.TourGuideService       : Track Location for user internalUser5571
2022-10-02 23:12:33.699  INFO 75568 --- [pool-7-thread-1] tourGuide.service.TourGuideService       : Track Location for user internalUser456
2022-10-02 23:12:33.699  INFO 75568 --- [    Test worker] tourGuide.service.TourGuideService       : Track Location for user internalUser4242
2022-10-02 23:12:33.699  INFO 75568 --- [pool-7-thread-1] tourGuide.service.TourGuideService       : Track Location for user internalUser3097
2022-10-02 23:12:33.699  INFO 75568 --- [    Test worker] tourGuide.service.TourGuideService       : Track Location for user internalUser5574
2022-10-02 23:12:33.699  INFO 75568 --- [pool-7-thread-1] tourGuide.service.TourGuideService       : Track Location for user internalUser453
2022-10-02 23:12:33.699  INFO 75568 --- [    Test worker] tourGuide.service.TourGuideService       : Track Location for user internalUser4243
2022-10-02 23:12:33.700  INFO 75568 --- [pool-7-thread-1] tourGuide.service.TourGuideService       : Track Location for user internalUser3098
2022-10-02 23:12:33.700  INFO 75568 --- [    Test worker] tourGuide.service.TourGuideService       : Track Location for user internalUser5573
2022-10-02 23:12:33.700  INFO 75568 --- [pool-7-thread-1] tourGuide.service.TourGuideService       : Track Location for user internalUser454
2022-10-02 23:12:33.700  INFO 75568 --- [    Test worker] tourGuide.service.TourGuideService       : Track Location for user internalUser4244
2022-10-02 23:12:33.700  INFO 75568 --- [pool-7-thread-1] tourGuide.service.TourGuideService       : Track Location for user internalUser3099
2022-10-02 23:12:33.701  INFO 75568 --- [    Test worker] tourGuide.service.TourGuideService       : Track Location for user internalUser5576
2022-10-02 23:12:33.701  INFO 75568 --- [pool-7-thread-1] tourGuide.service.TourGuideService       : Track Location for user internalUser451
2022-10-02 23:12:33.701  INFO 75568 --- [    Test worker] tourGuide.service.TourGuideService       : Track Location for user internalUser4245
2022-10-02 23:12:33.701  INFO 75568 --- [pool-7-thread-1] tourGuide.service.TourGuideService       : Track Location for user internalUser452
2022-10-02 23:12:33.701  INFO 75568 --- [    Test worker] tourGuide.service.TourGuideService       : Track Location for user internalUser5575
2022-10-02 23:12:33.701  INFO 75568 --- [pool-7-thread-1] tourGuide.service.TourGuideService       : Track Location for user internalUser459
2022-10-02 23:12:33.702  INFO 75568 --- [    Test worker] tourGuide.service.TourGuideService       : Track Location for user internalUser9069
2022-10-02 23:12:33.702  INFO 75568 --- [pool-7-thread-1] tourGuide.service.TourGuideService       : Track Location for user internalUser460
2022-10-02 23:12:33.702  INFO 75568 --- [    Test worker] tourGuide.service.TourGuideService       : Track Location for user internalUser9067
2022-10-02 23:12:33.702  INFO 75568 --- [pool-7-thread-1] tourGuide.service.TourGuideService       : Track Location for user internalUser3069
2022-10-02 23:12:33.702  INFO 75568 --- [    Test worker] tourGuide.service.TourGuideService       : Track Location for user internalUser9068
2022-10-02 23:12:33.702  INFO 75568 --- [pool-7-thread-1] tourGuide.service.TourGuideService       : Track Location for user internalUser461
2022-10-02 23:12:33.703  INFO 75568 --- [    Test worker] tourGuide.service.TourGuideService       : Track Location for user internalUser9072
2022-10-02 23:12:33.703  INFO 75568 --- [pool-7-thread-1] tourGuide.service.TourGuideService       : Track Location for user internalUser468
2022-10-02 23:12:33.703  INFO 75568 --- [    Test worker] tourGuide.service.TourGuideService       : Track Location for user internalUser9073
2022-10-02 23:12:33.703  INFO 75568 --- [pool-7-thread-1] tourGuide.service.TourGuideService       : Track Location for user internalUser3061
2022-10-02 23:12:33.703  INFO 75568 --- [    Test worker] tourGuide.service.TourGuideService       : Track Location for user internalUser9070
2022-10-02 23:12:33.703  INFO 75568 --- [pool-7-thread-1] tourGuide.service.TourGuideService       : Track Location for user internalUser4392
2022-10-02 23:12:33.704  INFO 75568 --- [    Test worker] tourGuide.service.TourGuideService       : Track Location for user internalUser9071
2022-10-02 23:12:33.704  INFO 75568 --- [pool-7-thread-1] tourGuide.service.TourGuideService       : Track Location for user internalUser469
2022-10-02 23:12:33.704  INFO 75568 --- [    Test worker] tourGuide.service.TourGuideService       : Track Location for user internalUser9076
2022-10-02 23:12:33.704  INFO 75568 --- [pool-7-thread-1] tourGuide.service.TourGuideService       : Track Location for user internalUser3062
2022-10-02 23:12:33.704  INFO 75568 --- [    Test worker] tourGuide.service.TourGuideService       : Track Location for user internalUser9077
2022-10-02 23:12:33.704  INFO 75568 --- [pool-7-thread-1] tourGuide.service.TourGuideService       : Track Location for user internalUser4393
2022-10-02 23:12:33.705  INFO 75568 --- [    Test worker] tourGuide.service.TourGuideService       : Track Location for user internalUser9074
2022-10-02 23:12:33.705  INFO 75568 --- [pool-7-thread-1] tourGuide.service.TourGuideService       : Track Location for user internalUser466
2022-10-02 23:12:33.705  INFO 75568 --- [    Test worker] tourGuide.service.TourGuideService       : Track Location for user internalUser9075
2022-10-02 23:12:33.705  INFO 75568 --- [pool-7-thread-1] tourGuide.service.TourGuideService       : Track Location for user internalUser3063
2022-10-02 23:12:33.705  INFO 75568 --- [    Test worker] tourGuide.service.TourGuideService       : Track Location for user internalUser6801
2022-10-02 23:12:33.706  INFO 75568 --- [pool-7-thread-1] tourGuide.service.TourGuideService       : Track Location for user internalUser4394
2022-10-02 23:12:33.706  INFO 75568 --- [    Test worker] tourGuide.service.TourGuideService       : Track Location for user internalUser6800
2022-10-02 23:12:33.706  INFO 75568 --- [pool-7-thread-1] tourGuide.service.TourGuideService       : Track Location for user internalUser467
2022-10-02 23:12:33.706  INFO 75568 --- [    Test worker] tourGuide.service.TourGuideService       : Track Location for user internalUser6803
2022-10-02 23:12:33.706  INFO 75568 --- [pool-7-thread-1] tourGuide.service.TourGuideService       : Track Location for user internalUser3064
2022-10-02 23:12:33.706  INFO 75568 --- [    Test worker] tourGuide.service.TourGuideService       : Track Location for user internalUser6802
2022-10-02 23:12:33.706  INFO 75568 --- [pool-7-thread-1] tourGuide.service.TourGuideService       : Track Location for user internalUser4395
2022-10-02 23:12:33.707  INFO 75568 --- [    Test worker] tourGuide.service.TourGuideService       : Track Location for user internalUser6805
2022-10-02 23:12:33.707  INFO 75568 --- [pool-7-thread-1] tourGuide.service.TourGuideService       : Track Location for user internalUser464
2022-10-02 23:12:33.707  INFO 75568 --- [    Test worker] tourGuide.service.TourGuideService       : Track Location for user internalUser6804
2022-10-02 23:12:33.707  INFO 75568 --- [pool-7-thread-1] tourGuide.service.TourGuideService       : Track Location for user internalUser3065
2022-10-02 23:12:33.707  INFO 75568 --- [    Test worker] tourGuide.service.TourGuideService       : Track Location for user internalUser9078
2022-10-02 23:12:33.707  INFO 75568 --- [pool-7-thread-1] tourGuide.service.TourGuideService       : Track Location for user internalUser4396
2022-10-02 23:12:33.708  INFO 75568 --- [    Test worker] tourGuide.service.TourGuideService       : Track Location for user internalUser9079
2022-10-02 23:12:33.708  INFO 75568 --- [pool-7-thread-1] tourGuide.service.TourGuideService       : Track Location for user internalUser465
2022-10-02 23:12:33.708  INFO 75568 --- [    Test worker] tourGuide.service.TourGuideService       : Track Location for user internalUser9083
2022-10-02 23:12:33.708  INFO 75568 --- [pool-7-thread-1] tourGuide.service.TourGuideService       : Track Location for user internalUser3066
2022-10-02 23:12:33.708  INFO 75568 --- [    Test worker] tourGuide.service.TourGuideService       : Track Location for user internalUser9084
2022-10-02 23:12:33.708  INFO 75568 --- [pool-7-thread-1] tourGuide.service.TourGuideService       : Track Location for user internalUser4397
2022-10-02 23:12:33.709  INFO 75568 --- [    Test worker] tourGuide.service.TourGuideService       : Track Location for user internalUser9081
2022-10-02 23:12:33.709  INFO 75568 --- [pool-7-thread-1] tourGuide.service.TourGuideService       : Track Location for user internalUser462
2022-10-02 23:12:33.709  INFO 75568 --- [    Test worker] tourGuide.service.TourGuideService       : Track Location for user internalUser9082
2022-10-02 23:12:33.709  INFO 75568 --- [pool-7-thread-1] tourGuide.service.TourGuideService       : Track Location for user internalUser3067
2022-10-02 23:12:33.709  INFO 75568 --- [    Test worker] tourGuide.service.TourGuideService       : Track Location for user internalUser9087
2022-10-02 23:12:33.709  INFO 75568 --- [pool-7-thread-1] tourGuide.service.TourGuideService       : Track Location for user internalUser4398
2022-10-02 23:12:33.710  INFO 75568 --- [    Test worker] tourGuide.service.TourGuideService       : Track Location for user internalUser9088
2022-10-02 23:12:33.710  INFO 75568 --- [pool-7-thread-1] tourGuide.service.TourGuideService       : Track Location for user internalUser463
2022-10-02 23:12:33.710  INFO 75568 --- [    Test worker] tourGuide.service.TourGuideService       : Track Location for user internalUser9085
2022-10-02 23:12:33.710  INFO 75568 --- [pool-7-thread-1] tourGuide.service.TourGuideService       : Track Location for user internalUser3068
2022-10-02 23:12:33.711  INFO 75568 --- [    Test worker] tourGuide.service.TourGuideService       : Track Location for user internalUser9086
2022-10-02 23:12:33.711  INFO 75568 --- [pool-7-thread-1] tourGuide.service.TourGuideService       : Track Location for user internalUser4399
2022-10-02 23:12:33.711  INFO 75568 --- [    Test worker] tourGuide.service.TourGuideService       : Track Location for user internalUser6807
2022-10-02 23:12:33.711  INFO 75568 --- [pool-7-thread-1] tourGuide.service.TourGuideService       : Track Location for user internalUser3070
2022-10-02 23:12:33.712  INFO 75568 --- [    Test worker] tourGuide.service.TourGuideService       : Track Location for user internalUser6806
2022-10-02 23:12:33.712  INFO 75568 --- [pool-7-thread-1] tourGuide.service.TourGuideService       : Track Location for user internalUser3071
2022-10-02 23:12:33.712  INFO 75568 --- [    Test worker] tourGuide.service.TourGuideService       : Track Location for user internalUser6809
2022-10-02 23:12:33.712  INFO 75568 --- [pool-7-thread-1] tourGuide.service.TourGuideService       : Track Location for user internalUser471
2022-10-02 23:12:33.712  INFO 75568 --- [    Test worker] tourGuide.service.TourGuideService       : Track Location for user internalUser6808
2022-10-02 23:12:33.713  INFO 75568 --- [pool-7-thread-1] tourGuide.service.TourGuideService       : Track Location for user internalUser472
2022-10-02 23:12:33.713  INFO 75568 --- [    Test worker] tourGuide.service.TourGuideService       : Track Location for user internalUser9080
2022-10-02 23:12:33.713  INFO 75568 --- [pool-7-thread-1] tourGuide.service.TourGuideService       : Track Location for user internalUser470
2022-10-02 23:12:33.713  INFO 75568 --- [    Test worker] tourGuide.service.TourGuideService       : Track Location for user internalUser9047
2022-10-02 23:12:33.713  INFO 75568 --- [pool-7-thread-1] tourGuide.service.TourGuideService       : Track Location for user internalUser479
2022-10-02 23:12:33.713  INFO 75568 --- [    Test worker] tourGuide.service.TourGuideService       : Track Location for user internalUser9048
2022-10-02 23:12:33.714  INFO 75568 --- [pool-7-thread-1] tourGuide.service.TourGuideService       : Track Location for user internalUser3072
2022-10-02 23:12:33.714  INFO 75568 --- [    Test worker] tourGuide.service.TourGuideService       : Track Location for user internalUser9045
2022-10-02 23:12:33.714  INFO 75568 --- [pool-7-thread-1] tourGuide.service.TourGuideService       : Track Location for user internalUser3073
2022-10-02 23:12:33.714  INFO 75568 --- [    Test worker] tourGuide.service.TourGuideService       : Track Location for user internalUser9046
2022-10-02 23:12:33.715  INFO 75568 --- [pool-7-thread-1] tourGuide.service.TourGuideService       : Track Location for user internalUser477
2022-10-02 23:12:33.715  INFO 75568 --- [    Test worker] tourGuide.service.TourGuideService       : Track Location for user internalUser9049
2022-10-02 23:12:33.715  INFO 75568 --- [pool-7-thread-1] tourGuide.service.TourGuideService       : Track Location for user internalUser3074
2022-10-02 23:12:33.715  INFO 75568 --- [    Test worker] tourGuide.service.TourGuideService       : Track Location for user internalUser9050
2022-10-02 23:12:33.715  INFO 75568 --- [pool-7-thread-1] tourGuide.service.TourGuideService       : Track Location for user internalUser478
2022-10-02 23:12:33.715  INFO 75568 --- [    Test worker] tourGuide.service.TourGuideService       : Track Location for user internalUser9051
2022-10-02 23:12:33.716  INFO 75568 --- [pool-7-thread-1] tourGuide.service.TourGuideService       : Track Location for user internalUser3075
2022-10-02 23:12:33.716  INFO 75568 --- [    Test worker] tourGuide.service.TourGuideService       : Track Location for user internalUser9054
2022-10-02 23:12:33.716  INFO 75568 --- [pool-7-thread-1] tourGuide.service.TourGuideService       : Track Location for user internalUser475
2022-10-02 23:12:33.716  INFO 75568 --- [    Test worker] tourGuide.service.TourGuideService       : Track Location for user internalUser9055
2022-10-02 23:12:33.716  INFO 75568 --- [pool-7-thread-1] tourGuide.service.TourGuideService       : Track Location for user internalUser3076
2022-10-02 23:12:33.716  INFO 75568 --- [    Test worker] tourGuide.service.TourGuideService       : Track Location for user internalUser9052
2022-10-02 23:12:33.717  INFO 75568 --- [pool-7-thread-1] tourGuide.service.TourGuideService       : Track Location for user internalUser476
2022-10-02 23:12:33.717  INFO 75568 --- [    Test worker] tourGuide.service.TourGuideService       : Track Location for user internalUser9053
2022-10-02 23:12:33.717  INFO 75568 --- [pool-7-thread-1] tourGuide.service.TourGuideService       : Track Location for user internalUser3077
2022-10-02 23:12:33.717  INFO 75568 --- [    Test worker] tourGuide.service.TourGuideService       : Track Location for user internalUser9058
2022-10-02 23:12:33.717  INFO 75568 --- [pool-7-thread-1] tourGuide.service.TourGuideService       : Track Location for user internalUser473
2022-10-02 23:12:33.718  INFO 75568 --- [    Test worker] tourGuide.service.TourGuideService       : Track Location for user internalUser9059
2022-10-02 23:12:33.718  INFO 75568 --- [pool-7-thread-1] tourGuide.service.TourGuideService       : Track Location for user internalUser3078
2022-10-02 23:12:33.718  INFO 75568 --- [    Test worker] tourGuide.service.TourGuideService       : Track Location for user internalUser9056
2022-10-02 23:12:33.718  INFO 75568 --- [pool-7-thread-1] tourGuide.service.TourGuideService       : Track Location for user internalUser474
2022-10-02 23:12:33.718  INFO 75568 --- [    Test worker] tourGuide.service.TourGuideService       : Track Location for user internalUser9057
2022-10-02 23:12:33.718  INFO 75568 --- [pool-7-thread-1] tourGuide.service.TourGuideService       : Track Location for user internalUser3079
2022-10-02 23:12:33.718  INFO 75568 --- [    Test worker] tourGuide.service.TourGuideService       : Track Location for user internalUser9061
2022-10-02 23:12:33.719  INFO 75568 --- [pool-7-thread-1] tourGuide.service.TourGuideService       : Track Location for user internalUser3080
2022-10-02 23:12:33.719  INFO 75568 --- [    Test worker] tourGuide.service.TourGuideService       : Track Location for user internalUser9062
2022-10-02 23:12:33.719  INFO 75568 --- [pool-7-thread-1] tourGuide.service.TourGuideService       : Track Location for user internalUser3081
2022-10-02 23:12:33.719  INFO 75568 --- [    Test worker] tourGuide.service.TourGuideService       : Track Location for user internalUser9060
2022-10-02 23:12:33.719  INFO 75568 --- [pool-7-thread-1] tourGuide.service.TourGuideService       : Track Location for user internalUser3082
2022-10-02 23:12:33.719  INFO 75568 --- [    Test worker] tourGuide.service.TourGuideService       : Track Location for user internalUser9065
2022-10-02 23:12:33.720  INFO 75568 --- [pool-7-thread-1] tourGuide.service.TourGuideService       : Track Location for user internalUser402
2022-10-02 23:12:33.720  INFO 75568 --- [    Test worker] tourGuide.service.TourGuideService       : Track Location for user internalUser9066
2022-10-02 23:12:33.720  INFO 75568 --- [pool-7-thread-1] tourGuide.service.TourGuideService       : Track Location for user internalUser403
2022-10-02 23:12:33.720  INFO 75568 --- [    Test worker] tourGuide.service.TourGuideService       : Track Location for user internalUser9063
2022-10-02 23:12:33.720  INFO 75568 --- [pool-7-thread-1] tourGuide.service.TourGuideService       : Track Location for user internalUser400
2022-10-02 23:12:33.720  INFO 75568 --- [    Test worker] tourGuide.service.TourGuideService       : Track Location for user internalUser9064
2022-10-02 23:12:33.721  INFO 75568 --- [pool-7-thread-1] tourGuide.service.TourGuideService       : Track Location for user internalUser401
2022-10-02 23:12:33.721  INFO 75568 --- [    Test worker] tourGuide.service.TourGuideService       : Track Location for user internalUser5501
2022-10-02 23:12:33.721  INFO 75568 --- [pool-7-thread-1] tourGuide.service.TourGuideService       : Track Location for user internalUser408
2022-10-02 23:12:33.721  INFO 75568 --- [    Test worker] tourGuide.service.TourGuideService       : Track Location for user internalUser6832
2022-10-02 23:12:33.721  INFO 75568 --- [pool-7-thread-1] tourGuide.service.TourGuideService       : Track Location for user internalUser409
2022-10-02 23:12:33.722  INFO 75568 --- [    Test worker] tourGuide.service.TourGuideService       : Track Location for user internalUser5500
2022-10-02 23:12:33.722  INFO 75568 --- [pool-7-thread-1] tourGuide.service.TourGuideService       : Track Location for user internalUser406
2022-10-02 23:12:33.722  INFO 75568 --- [    Test worker] tourGuide.service.TourGuideService       : Track Location for user internalUser6831
2022-10-02 23:12:33.722  INFO 75568 --- [pool-7-thread-1] tourGuide.service.TourGuideService       : Track Location for user internalUser407
2022-10-02 23:12:33.722  INFO 75568 --- [    Test worker] tourGuide.service.TourGuideService       : Track Location for user internalUser5503
2022-10-02 23:12:33.723  INFO 75568 --- [pool-7-thread-1] tourGuide.service.TourGuideService       : Track Location for user internalUser404
2022-10-02 23:12:33.723  INFO 75568 --- [    Test worker] tourGuide.service.TourGuideService       : Track Location for user internalUser6834
2022-10-02 23:12:33.723  INFO 75568 --- [pool-7-thread-1] tourGuide.service.TourGuideService       : Track Location for user internalUser405
2022-10-02 23:12:33.723  INFO 75568 --- [    Test worker] tourGuide.service.TourGuideService       : Track Location for user internalUser5502
2022-10-02 23:12:33.723  INFO 75568 --- [pool-7-thread-1] tourGuide.service.TourGuideService       : Track Location for user internalUser413
2022-10-02 23:12:33.723  INFO 75568 --- [    Test worker] tourGuide.service.TourGuideService       : Track Location for user internalUser6833
2022-10-02 23:12:33.724  INFO 75568 --- [pool-7-thread-1] tourGuide.service.TourGuideService       : Track Location for user internalUser414
2022-10-02 23:12:33.724  INFO 75568 --- [    Test worker] tourGuide.service.TourGuideService       : Track Location for user internalUser5505
2022-10-02 23:12:33.724  INFO 75568 --- [pool-7-thread-1] tourGuide.service.TourGuideService       : Track Location for user internalUser411
2022-10-02 23:12:33.724  INFO 75568 --- [    Test worker] tourGuide.service.TourGuideService       : Track Location for user internalUser6836
2022-10-02 23:12:33.724  INFO 75568 --- [pool-7-thread-1] tourGuide.service.TourGuideService       : Track Location for user internalUser412
2022-10-02 23:12:33.724  INFO 75568 --- [    Test worker] tourGuide.service.TourGuideService       : Track Location for user internalUser5504
2022-10-02 23:12:33.724  INFO 75568 --- [pool-7-thread-1] tourGuide.service.TourGuideService       : Track Location for user internalUser410
2022-10-02 23:12:33.725  INFO 75568 --- [    Test worker] tourGuide.service.TourGuideService       : Track Location for user internalUser6835
2022-10-02 23:12:33.725  INFO 75568 --- [pool-7-thread-1] tourGuide.service.TourGuideService       : Track Location for user internalUser419
2022-10-02 23:12:33.725  INFO 75568 --- [    Test worker] tourGuide.service.TourGuideService       : Track Location for user internalUser5507
2022-10-02 23:12:33.725  INFO 75568 --- [pool-7-thread-1] tourGuide.service.TourGuideService       : Track Location for user internalUser417
2022-10-02 23:12:33.725  INFO 75568 --- [    Test worker] tourGuide.service.TourGuideService       : Track Location for user internalUser6838
2022-10-02 23:12:33.725  INFO 75568 --- [pool-7-thread-1] tourGuide.service.TourGuideService       : Track Location for user internalUser418
2022-10-02 23:12:33.726  INFO 75568 --- [    Test worker] tourGuide.service.TourGuideService       : Track Location for user internalUser5506
2022-10-02 23:12:33.726  INFO 75568 --- [pool-7-thread-1] tourGuide.service.TourGuideService       : Track Location for user internalUser415
2022-10-02 23:12:33.726  INFO 75568 --- [    Test worker] tourGuide.service.TourGuideService       : Track Location for user internalUser6837
2022-10-02 23:12:33.726  INFO 75568 --- [pool-7-thread-1] tourGuide.service.TourGuideService       : Track Location for user internalUser416
2022-10-02 23:12:33.726  INFO 75568 --- [    Test worker] tourGuide.service.TourGuideService       : Track Location for user internalUser6830
2022-10-02 23:12:33.727  INFO 75568 --- [pool-7-thread-1] tourGuide.service.TourGuideService       : Track Location for user internalUser424
2022-10-02 23:12:33.727  INFO 75568 --- [    Test worker] tourGuide.service.TourGuideService       : Track Location for user internalUser5509
2022-10-02 23:12:33.727  INFO 75568 --- [pool-7-thread-1] tourGuide.service.TourGuideService       : Track Location for user internalUser425
2022-10-02 23:12:33.727  INFO 75568 --- [    Test worker] tourGuide.service.TourGuideService       : Track Location for user internalUser5508
2022-10-02 23:12:33.727  INFO 75568 --- [pool-7-thread-1] tourGuide.service.TourGuideService       : Track Location for user internalUser422
2022-10-02 23:12:33.727  INFO 75568 --- [    Test worker] tourGuide.service.TourGuideService       : Track Location for user internalUser6839
2022-10-02 23:12:33.728  INFO 75568 --- [pool-7-thread-1] tourGuide.service.TourGuideService       : Track Location for user internalUser423
2022-10-02 23:12:33.728  INFO 75568 --- [    Test worker] tourGuide.service.TourGuideService       : Track Location for user internalUser5512
2022-10-02 23:12:33.728  INFO 75568 --- [pool-7-thread-1] tourGuide.service.TourGuideService       : Track Location for user internalUser420
2022-10-02 23:12:33.728  INFO 75568 --- [    Test worker] tourGuide.service.TourGuideService       : Track Location for user internalUser6843
2022-10-02 23:12:33.728  INFO 75568 --- [pool-7-thread-1] tourGuide.service.TourGuideService       : Track Location for user internalUser421
2022-10-02 23:12:33.728  INFO 75568 --- [    Test worker] tourGuide.service.TourGuideService       : Track Location for user internalUser5511
2022-10-02 23:12:33.728  INFO 75568 --- [pool-7-thread-1] tourGuide.service.TourGuideService       : Track Location for user internalUser428
2022-10-02 23:12:33.728  INFO 75568 --- [    Test worker] tourGuide.service.TourGuideService       : Track Location for user internalUser6842
2022-10-02 23:12:33.728  INFO 75568 --- [pool-7-thread-1] tourGuide.service.TourGuideService       : Track Location for user internalUser429
2022-10-02 23:12:33.728  INFO 75568 --- [    Test worker] tourGuide.service.TourGuideService       : Track Location for user internalUser5514
2022-10-02 23:12:33.728  INFO 75568 --- [pool-7-thread-1] tourGuide.service.TourGuideService       : Track Location for user internalUser426
2022-10-02 23:12:33.728  INFO 75568 --- [    Test worker] tourGuide.service.TourGuideService       : Track Location for user internalUser6845
2022-10-02 23:12:33.729  INFO 75568 --- [pool-7-thread-1] tourGuide.service.TourGuideService       : Track Location for user internalUser427
2022-10-02 23:12:33.729  INFO 75568 --- [    Test worker] tourGuide.service.TourGuideService       : Track Location for user internalUser5513
2022-10-02 23:12:33.729  INFO 75568 --- [pool-7-thread-1] tourGuide.service.TourGuideService       : Track Location for user internalUser435
2022-10-02 23:12:33.729  INFO 75568 --- [    Test worker] tourGuide.service.TourGuideService       : Track Location for user internalUser6844
2022-10-02 23:12:33.729  INFO 75568 --- [pool-7-thread-1] tourGuide.service.TourGuideService       : Track Location for user internalUser436
2022-10-02 23:12:33.729  INFO 75568 --- [    Test worker] tourGuide.service.TourGuideService       : Track Location for user internalUser5516
2022-10-02 23:12:33.729  INFO 75568 --- [pool-7-thread-1] tourGuide.service.TourGuideService       : Track Location for user internalUser433
2022-10-02 23:12:33.730  INFO 75568 --- [    Test worker] tourGuide.service.TourGuideService       : Track Location for user internalUser6847
2022-10-02 23:12:33.730  INFO 75568 --- [pool-7-thread-1] tourGuide.service.TourGuideService       : Track Location for user internalUser434
2022-10-02 23:12:33.730  INFO 75568 --- [    Test worker] tourGuide.service.TourGuideService       : Track Location for user internalUser5515
2022-10-02 23:12:33.730  INFO 75568 --- [pool-7-thread-1] tourGuide.service.TourGuideService       : Track Location for user internalUser431
2022-10-02 23:12:33.730  INFO 75568 --- [    Test worker] tourGuide.service.TourGuideService       : Track Location for user internalUser6846
2022-10-02 23:12:33.730  INFO 75568 --- [pool-7-thread-1] tourGuide.service.TourGuideService       : Track Location for user internalUser432
2022-10-02 23:12:33.731  INFO 75568 --- [    Test worker] tourGuide.service.TourGuideService       : Track Location for user internalUser5518
2022-10-02 23:12:33.731  INFO 75568 --- [pool-7-thread-1] tourGuide.service.TourGuideService       : Track Location for user internalUser430
2022-10-02 23:12:33.731  INFO 75568 --- [    Test worker] tourGuide.service.TourGuideService       : Track Location for user internalUser6849
2022-10-02 23:12:33.731  INFO 75568 --- [pool-7-thread-1] tourGuide.service.TourGuideService       : Track Location for user internalUser439
2022-10-02 23:12:33.731  INFO 75568 --- [    Test worker] tourGuide.service.TourGuideService       : Track Location for user internalUser5517
2022-10-02 23:12:33.732  INFO 75568 --- [pool-7-thread-1] tourGuide.service.TourGuideService       : Track Location for user internalUser437
2022-10-02 23:12:33.732  INFO 75568 --- [    Test worker] tourGuide.service.TourGuideService       : Track Location for user internalUser6848
2022-10-02 23:12:33.732  INFO 75568 --- [pool-7-thread-1] tourGuide.service.TourGuideService       : Track Location for user internalUser438
2022-10-02 23:12:33.732  INFO 75568 --- [    Test worker] tourGuide.service.TourGuideService       : Track Location for user internalUser5510
2022-10-02 23:12:33.732  INFO 75568 --- [pool-7-thread-1] tourGuide.service.TourGuideService       : Track Location for user internalUser3003
2022-10-02 23:12:33.732  INFO 75568 --- [    Test worker] tourGuide.service.TourGuideService       : Track Location for user internalUser6841
2022-10-02 23:12:33.732  INFO 75568 --- [pool-7-thread-1] tourGuide.service.TourGuideService       : Track Location for user internalUser4334
2022-10-02 23:12:33.733  INFO 75568 --- [    Test worker] tourGuide.service.TourGuideService       : Track Location for user internalUser6840
2022-10-02 23:12:33.733  INFO 75568 --- [pool-7-thread-1] tourGuide.service.TourGuideService       : Track Location for user internalUser5666
2022-10-02 23:12:33.733  INFO 75568 --- [    Test worker] tourGuide.service.TourGuideService       : Track Location for user internalUser5519
2022-10-02 23:12:33.733  INFO 75568 --- [pool-7-thread-1] tourGuide.service.TourGuideService       : Track Location for user internalUser6997
2022-10-02 23:12:33.733  INFO 75568 --- [    Test worker] tourGuide.service.TourGuideService       : Track Location for user internalUser6810
2022-10-02 23:12:33.733  INFO 75568 --- [pool-7-thread-1] tourGuide.service.TourGuideService       : Track Location for user internalUser3004
2022-10-02 23:12:33.734  INFO 75568 --- [    Test worker] tourGuide.service.TourGuideService       : Track Location for user internalUser6812
2022-10-02 23:12:33.734  INFO 75568 --- [pool-7-thread-1] tourGuide.service.TourGuideService       : Track Location for user internalUser4335
2022-10-02 23:12:33.734  INFO 75568 --- [    Test worker] tourGuide.service.TourGuideService       : Track Location for user internalUser6811
2022-10-02 23:12:33.734  INFO 75568 --- [pool-7-thread-1] tourGuide.service.TourGuideService       : Track Location for user internalUser5665
2022-10-02 23:12:33.734  INFO 75568 --- [    Test worker] tourGuide.service.TourGuideService       : Track Location for user internalUser6814
2022-10-02 23:12:33.734  INFO 75568 --- [pool-7-thread-1] tourGuide.service.TourGuideService       : Track Location for user internalUser6996
2022-10-02 23:12:33.735  INFO 75568 --- [    Test worker] tourGuide.service.TourGuideService       : Track Location for user internalUser6813
2022-10-02 23:12:33.735  INFO 75568 --- [pool-7-thread-1] tourGuide.service.TourGuideService       : Track Location for user internalUser3005
2022-10-02 23:12:33.735  INFO 75568 --- [    Test worker] tourGuide.service.TourGuideService       : Track Location for user internalUser6816
2022-10-02 23:12:33.735  INFO 75568 --- [pool-7-thread-1] tourGuide.service.TourGuideService       : Track Location for user internalUser4336
2022-10-02 23:12:33.735  INFO 75568 --- [    Test worker] tourGuide.service.TourGuideService       : Track Location for user internalUser6815
2022-10-02 23:12:33.735  INFO 75568 --- [pool-7-thread-1] tourGuide.service.TourGuideService       : Track Location for user internalUser5668
2022-10-02 23:12:33.736  INFO 75568 --- [    Test worker] tourGuide.service.TourGuideService       : Track Location for user internalUser9089
2022-10-02 23:12:33.736  INFO 75568 --- [pool-7-thread-1] tourGuide.service.TourGuideService       : Track Location for user internalUser6999
2022-10-02 23:12:33.736  INFO 75568 --- [    Test worker] tourGuide.service.TourGuideService       : Track Location for user internalUser9094
2022-10-02 23:12:33.736  INFO 75568 --- [pool-7-thread-1] tourGuide.service.TourGuideService       : Track Location for user internalUser3006
2022-10-02 23:12:33.736  INFO 75568 --- [    Test worker] tourGuide.service.TourGuideService       : Track Location for user internalUser9095
2022-10-02 23:12:33.736  INFO 75568 --- [pool-7-thread-1] tourGuide.service.TourGuideService       : Track Location for user internalUser4337
2022-10-02 23:12:33.736  INFO 75568 --- [    Test worker] tourGuide.service.TourGuideService       : Track Location for user internalUser9092
2022-10-02 23:12:33.737  INFO 75568 --- [pool-7-thread-1] tourGuide.service.TourGuideService       : Track Location for user internalUser5667
2022-10-02 23:12:33.737  INFO 75568 --- [    Test worker] tourGuide.service.TourGuideService       : Track Location for user internalUser9093
2022-10-02 23:12:33.737  INFO 75568 --- [pool-7-thread-1] tourGuide.service.TourGuideService       : Track Location for user internalUser6998
2022-10-02 23:12:33.737  INFO 75568 --- [    Test worker] tourGuide.service.TourGuideService       : Track Location for user internalUser9098
2022-10-02 23:12:33.737  INFO 75568 --- [pool-7-thread-1] tourGuide.service.TourGuideService       : Track Location for user internalUser3007
2022-10-02 23:12:33.738  INFO 75568 --- [    Test worker] tourGuide.service.TourGuideService       : Track Location for user internalUser9099
2022-10-02 23:12:33.738  INFO 75568 --- [pool-7-thread-1] tourGuide.service.TourGuideService       : Track Location for user internalUser4338
2022-10-02 23:12:33.738  INFO 75568 --- [    Test worker] tourGuide.service.TourGuideService       : Track Location for user internalUser9096
2022-10-02 23:12:33.738  INFO 75568 --- [pool-7-thread-1] tourGuide.service.TourGuideService       : Track Location for user internalUser3008
2022-10-02 23:12:33.738  INFO 75568 --- [    Test worker] tourGuide.service.TourGuideService       : Track Location for user internalUser9097
2022-10-02 23:12:33.738  INFO 75568 --- [pool-7-thread-1] tourGuide.service.TourGuideService       : Track Location for user internalUser4339
2022-10-02 23:12:33.738  INFO 75568 --- [    Test worker] tourGuide.service.TourGuideService       : Track Location for user internalUser6818
2022-10-02 23:12:33.739  INFO 75568 --- [pool-7-thread-1] tourGuide.service.TourGuideService       : Track Location for user internalUser5669
2022-10-02 23:12:33.739  INFO 75568 --- [    Test worker] tourGuide.service.TourGuideService       : Track Location for user internalUser6817
2022-10-02 23:12:33.739  INFO 75568 --- [pool-7-thread-1] tourGuide.service.TourGuideService       : Track Location for user internalUser3009
2022-10-02 23:12:33.739  INFO 75568 --- [    Test worker] tourGuide.service.TourGuideService       : Track Location for user internalUser6819
2022-10-02 23:12:33.739  INFO 75568 --- [pool-7-thread-1] tourGuide.service.TourGuideService       : Track Location for user internalUser5660
2022-10-02 23:12:33.739  INFO 75568 --- [    Test worker] tourGuide.service.TourGuideService       : Track Location for user internalUser9090
2022-10-02 23:12:33.740  INFO 75568 --- [pool-7-thread-1] tourGuide.service.TourGuideService       : Track Location for user internalUser6991
2022-10-02 23:12:33.740  INFO 75568 --- [    Test worker] tourGuide.service.TourGuideService       : Track Location for user internalUser9091
2022-10-02 23:12:33.740  INFO 75568 --- [pool-7-thread-1] tourGuide.service.TourGuideService       : Track Location for user internalUser6990
2022-10-02 23:12:33.740  INFO 75568 --- [    Test worker] tourGuide.service.TourGuideService       : Track Location for user internalUser6821
2022-10-02 23:12:33.740  INFO 75568 --- [pool-7-thread-1] tourGuide.service.TourGuideService       : Track Location for user internalUser4330
2022-10-02 23:12:33.740  INFO 75568 --- [    Test worker] tourGuide.service.TourGuideService       : Track Location for user internalUser6820
2022-10-02 23:12:33.740  INFO 75568 --- [pool-7-thread-1] tourGuide.service.TourGuideService       : Track Location for user internalUser5662
2022-10-02 23:12:33.741  INFO 75568 --- [    Test worker] tourGuide.service.TourGuideService       : Track Location for user internalUser6823
2022-10-02 23:12:33.741  INFO 75568 --- [pool-7-thread-1] tourGuide.service.TourGuideService       : Track Location for user internalUser6993
2022-10-02 23:12:33.741  INFO 75568 --- [    Test worker] tourGuide.service.TourGuideService       : Track Location for user internalUser6822
2022-10-02 23:12:33.741  INFO 75568 --- [pool-7-thread-1] tourGuide.service.TourGuideService       : Track Location for user internalUser3000
2022-10-02 23:12:33.741  INFO 75568 --- [    Test worker] tourGuide.service.TourGuideService       : Track Location for user internalUser6825
2022-10-02 23:12:33.741  INFO 75568 --- [pool-7-thread-1] tourGuide.service.TourGuideService       : Track Location for user internalUser4331
2022-10-02 23:12:33.741  INFO 75568 --- [    Test worker] tourGuide.service.TourGuideService       : Track Location for user internalUser6824
2022-10-02 23:12:33.742  INFO 75568 --- [pool-7-thread-1] tourGuide.service.TourGuideService       : Track Location for user internalUser5661
2022-10-02 23:12:33.742  INFO 75568 --- [    Test worker] tourGuide.service.TourGuideService       : Track Location for user internalUser6827
2022-10-02 23:12:33.742  INFO 75568 --- [pool-7-thread-1] tourGuide.service.TourGuideService       : Track Location for user internalUser6992
2022-10-02 23:12:33.742  INFO 75568 --- [    Test worker] tourGuide.service.TourGuideService       : Track Location for user internalUser6826
2022-10-02 23:12:33.742  INFO 75568 --- [pool-7-thread-1] tourGuide.service.TourGuideService       : Track Location for user internalUser3001
2022-10-02 23:12:33.742  INFO 75568 --- [    Test worker] tourGuide.service.TourGuideService       : Track Location for user internalUser6829
2022-10-02 23:12:33.743  INFO 75568 --- [pool-7-thread-1] tourGuide.service.TourGuideService       : Track Location for user internalUser4332
2022-10-02 23:12:33.743  INFO 75568 --- [    Test worker] tourGuide.service.TourGuideService       : Track Location for user internalUser6828
2022-10-02 23:12:33.743  INFO 75568 --- [pool-7-thread-1] tourGuide.service.TourGuideService       : Track Location for user internalUser5664
2022-10-02 23:12:33.743  INFO 75568 --- [    Test worker] tourGuide.service.TourGuideService       : Track Location for user internalUser9229
2022-10-02 23:12:33.743  INFO 75568 --- [pool-7-thread-1] tourGuide.service.TourGuideService       : Track Location for user internalUser6995
2022-10-02 23:12:33.743  INFO 75568 --- [    Test worker] tourGuide.service.TourGuideService       : Track Location for user internalUser9223
2022-10-02 23:12:33.743  INFO 75568 --- [pool-7-thread-1] tourGuide.service.TourGuideService       : Track Location for user internalUser3002
2022-10-02 23:12:33.744  INFO 75568 --- [    Test worker] tourGuide.service.TourGuideService       : Track Location for user internalUser9224
2022-10-02 23:12:33.744  INFO 75568 --- [pool-7-thread-1] tourGuide.service.TourGuideService       : Track Location for user internalUser4333
2022-10-02 23:12:33.744  INFO 75568 --- [    Test worker] tourGuide.service.TourGuideService       : Track Location for user internalUser9221
2022-10-02 23:12:33.744  INFO 75568 --- [pool-7-thread-1] tourGuide.service.TourGuideService       : Track Location for user internalUser5663
2022-10-02 23:12:33.744  INFO 75568 --- [    Test worker] tourGuide.service.TourGuideService       : Track Location for user internalUser9222
2022-10-02 23:12:33.744  INFO 75568 --- [pool-7-thread-1] tourGuide.service.TourGuideService       : Track Location for user internalUser6994
2022-10-02 23:12:33.744  INFO 75568 --- [    Test worker] tourGuide.service.TourGuideService       : Track Location for user internalUser9227
2022-10-02 23:12:33.745  INFO 75568 --- [pool-7-thread-1] tourGuide.service.TourGuideService       : Track Location for user internalUser3014
2022-10-02 23:12:33.745  INFO 75568 --- [    Test worker] tourGuide.service.TourGuideService       : Track Location for user internalUser9228
2022-10-02 23:12:33.745  INFO 75568 --- [pool-7-thread-1] tourGuide.service.TourGuideService       : Track Location for user internalUser4345
2022-10-02 23:12:33.745  INFO 75568 --- [    Test worker] tourGuide.service.TourGuideService       : Track Location for user internalUser9225
2022-10-02 23:12:33.745  INFO 75568 --- [pool-7-thread-1] tourGuide.service.TourGuideService       : Track Location for user internalUser5677
2022-10-02 23:12:33.745  INFO 75568 --- [    Test worker] tourGuide.service.TourGuideService       : Track Location for user internalUser9226
2022-10-02 23:12:33.745  INFO 75568 --- [pool-7-thread-1] tourGuide.service.TourGuideService       : Track Location for user internalUser3015
2022-10-02 23:12:33.745  INFO 75568 --- [    Test worker] tourGuide.service.TourGuideService       : Track Location for user internalUser9230
2022-10-02 23:12:33.746  INFO 75568 --- [pool-7-thread-1] tourGuide.service.TourGuideService       : Track Location for user internalUser4346
2022-10-02 23:12:33.746  INFO 75568 --- [    Test worker] tourGuide.service.TourGuideService       : Track Location for user internalUser9231
2022-10-02 23:12:33.746  INFO 75568 --- [pool-7-thread-1] tourGuide.service.TourGuideService       : Track Location for user internalUser5676
2022-10-02 23:12:33.746  INFO 75568 --- [    Test worker] tourGuide.service.TourGuideService       : Track Location for user internalUser9234
2022-10-02 23:12:33.746  INFO 75568 --- [pool-7-thread-1] tourGuide.service.TourGuideService       : Track Location for user internalUser3016
2022-10-02 23:12:33.746  INFO 75568 --- [    Test worker] tourGuide.service.TourGuideService       : Track Location for user internalUser9235
2022-10-02 23:12:33.746  INFO 75568 --- [pool-7-thread-1] tourGuide.service.TourGuideService       : Track Location for user internalUser4347
2022-10-02 23:12:33.746  INFO 75568 --- [    Test worker] tourGuide.service.TourGuideService       : Track Location for user internalUser9232
2022-10-02 23:12:33.747  INFO 75568 --- [pool-7-thread-1] tourGuide.service.TourGuideService       : Track Location for user internalUser5679
2022-10-02 23:12:33.747  INFO 75568 --- [    Test worker] tourGuide.service.TourGuideService       : Track Location for user internalUser9233
2022-10-02 23:12:33.747  INFO 75568 --- [pool-7-thread-1] tourGuide.service.TourGuideService       : Track Location for user internalUser3017
2022-10-02 23:12:33.747  INFO 75568 --- [    Test worker] tourGuide.service.TourGuideService       : Track Location for user internalUser9238
2022-10-02 23:12:33.747  INFO 75568 --- [pool-7-thread-1] tourGuide.service.TourGuideService       : Track Location for user internalUser4348
2022-10-02 23:12:33.747  INFO 75568 --- [    Test worker] tourGuide.service.TourGuideService       : Track Location for user internalUser9239
2022-10-02 23:12:33.747  INFO 75568 --- [pool-7-thread-1] tourGuide.service.TourGuideService       : Track Location for user internalUser5678
2022-10-02 23:12:33.748  INFO 75568 --- [    Test worker] tourGuide.service.TourGuideService       : Track Location for user internalUser9236
2022-10-02 23:12:33.748  INFO 75568 --- [pool-7-thread-1] tourGuide.service.TourGuideService       : Track Location for user internalUser3018
2022-10-02 23:12:33.748  INFO 75568 --- [    Test worker] tourGuide.service.TourGuideService       : Track Location for user internalUser9237
2022-10-02 23:12:33.748  INFO 75568 --- [pool-7-thread-1] tourGuide.service.TourGuideService       : Track Location for user internalUser4349
2022-10-02 23:12:33.748  INFO 75568 --- [    Test worker] tourGuide.service.TourGuideService       : Track Location for user internalUser9241
2022-10-02 23:12:33.748  INFO 75568 --- [pool-7-thread-1] tourGuide.service.TourGuideService       : Track Location for user internalUser3019
2022-10-02 23:12:33.749  INFO 75568 --- [    Test worker] tourGuide.service.TourGuideService       : Track Location for user internalUser9242
2022-10-02 23:12:33.749  INFO 75568 --- [pool-7-thread-1] tourGuide.service.TourGuideService       : Track Location for user internalUser5671
2022-10-02 23:12:33.749  INFO 75568 --- [    Test worker] tourGuide.service.TourGuideService       : Track Location for user internalUser9240
2022-10-02 23:12:33.749  INFO 75568 --- [pool-7-thread-1] tourGuide.service.TourGuideService       : Track Location for user internalUser4340
2022-10-02 23:12:33.749  INFO 75568 --- [    Test worker] tourGuide.service.TourGuideService       : Track Location for user internalUser9209
2022-10-02 23:12:33.749  INFO 75568 --- [pool-7-thread-1] tourGuide.service.TourGuideService       : Track Location for user internalUser5670
2022-10-02 23:12:33.750  INFO 75568 --- [    Test worker] tourGuide.service.TourGuideService       : Track Location for user internalUser9207
2022-10-02 23:12:33.750  INFO 75568 --- [pool-7-thread-1] tourGuide.service.TourGuideService       : Track Location for user internalUser3010
2022-10-02 23:12:33.750  INFO 75568 --- [    Test worker] tourGuide.service.TourGuideService       : Track Location for user internalUser9208
2022-10-02 23:12:33.750  INFO 75568 --- [pool-7-thread-1] tourGuide.service.TourGuideService       : Track Location for user internalUser4341
2022-10-02 23:12:33.750  INFO 75568 --- [    Test worker] tourGuide.service.TourGuideService       : Track Location for user internalUser9201
2022-10-02 23:12:33.750  INFO 75568 --- [pool-7-thread-1] tourGuide.service.TourGuideService       : Track Location for user internalUser5673
2022-10-02 23:12:33.751  INFO 75568 --- [    Test worker] tourGuide.service.TourGuideService       : Track Location for user internalUser9202
2022-10-02 23:12:33.751  INFO 75568 --- [pool-7-thread-1] tourGuide.service.TourGuideService       : Track Location for user internalUser3011
2022-10-02 23:12:33.751  INFO 75568 --- [    Test worker] tourGuide.service.TourGuideService       : Track Location for user internalUser9200
2022-10-02 23:12:33.751  INFO 75568 --- [pool-7-thread-1] tourGuide.service.TourGuideService       : Track Location for user internalUser4342
2022-10-02 23:12:33.751  INFO 75568 --- [    Test worker] tourGuide.service.TourGuideService       : Track Location for user internalUser9205
2022-10-02 23:12:33.751  INFO 75568 --- [pool-7-thread-1] tourGuide.service.TourGuideService       : Track Location for user internalUser5672
2022-10-02 23:12:33.751  INFO 75568 --- [    Test worker] tourGuide.service.TourGuideService       : Track Location for user internalUser9206
2022-10-02 23:12:33.752  INFO 75568 --- [pool-7-thread-1] tourGuide.service.TourGuideService       : Track Location for user internalUser3012
2022-10-02 23:12:33.752  INFO 75568 --- [    Test worker] tourGuide.service.TourGuideService       : Track Location for user internalUser9203
2022-10-02 23:12:33.752  INFO 75568 --- [pool-7-thread-1] tourGuide.service.TourGuideService       : Track Location for user internalUser4343
2022-10-02 23:12:33.752  INFO 75568 --- [    Test worker] tourGuide.service.TourGuideService       : Track Location for user internalUser9204
2022-10-02 23:12:33.752  INFO 75568 --- [pool-7-thread-1] tourGuide.service.TourGuideService       : Track Location for user internalUser5675
2022-10-02 23:12:33.752  INFO 75568 --- [    Test worker] tourGuide.service.TourGuideService       : Track Location for user internalUser9218
2022-10-02 23:12:33.753  INFO 75568 --- [pool-7-thread-1] tourGuide.service.TourGuideService       : Track Location for user internalUser3013
2022-10-02 23:12:33.753  INFO 75568 --- [    Test worker] tourGuide.service.TourGuideService       : Track Location for user internalUser9219
2022-10-02 23:12:33.753  INFO 75568 --- [pool-7-thread-1] tourGuide.service.TourGuideService       : Track Location for user internalUser4344
2022-10-02 23:12:33.753  INFO 75568 --- [    Test worker] tourGuide.service.TourGuideService       : Track Location for user internalUser9212
2022-10-02 23:12:33.753  INFO 75568 --- [pool-7-thread-1] tourGuide.service.TourGuideService       : Track Location for user internalUser5674
2022-10-02 23:12:33.753  INFO 75568 --- [    Test worker] tourGuide.service.TourGuideService       : Track Location for user internalUser9213
2022-10-02 23:12:33.753  INFO 75568 --- [pool-7-thread-1] tourGuide.service.TourGuideService       : Track Location for user internalUser4312
2022-10-02 23:12:33.754  INFO 75568 --- [    Test worker] tourGuide.service.TourGuideService       : Track Location for user internalUser9210
2022-10-02 23:12:33.754  INFO 75568 --- [pool-7-thread-1] tourGuide.service.TourGuideService       : Track Location for user internalUser5644
2022-10-02 23:12:33.754  INFO 75568 --- [    Test worker] tourGuide.service.TourGuideService       : Track Location for user internalUser9211
2022-10-02 23:12:33.754  INFO 75568 --- [pool-7-thread-1] tourGuide.service.TourGuideService       : Track Location for user internalUser6975
2022-10-02 23:12:33.754  INFO 75568 --- [    Test worker] tourGuide.service.TourGuideService       : Track Location for user internalUser9216
2022-10-02 23:12:33.754  INFO 75568 --- [pool-7-thread-1] tourGuide.service.TourGuideService       : Track Location for user internalUser4313
2022-10-02 23:12:33.755  INFO 75568 --- [    Test worker] tourGuide.service.TourGuideService       : Track Location for user internalUser9217
2022-10-02 23:12:33.755  INFO 75568 --- [pool-7-thread-1] tourGuide.service.TourGuideService       : Track Location for user internalUser5643
2022-10-02 23:12:33.755  INFO 75568 --- [    Test worker] tourGuide.service.TourGuideService       : Track Location for user internalUser9214
2022-10-02 23:12:33.755  INFO 75568 --- [pool-7-thread-1] tourGuide.service.TourGuideService       : Track Location for user internalUser6974
2022-10-02 23:12:33.755  INFO 75568 --- [    Test worker] tourGuide.service.TourGuideService       : Track Location for user internalUser9215
2022-10-02 23:12:33.755  INFO 75568 --- [pool-7-thread-1] tourGuide.service.TourGuideService       : Track Location for user internalUser4314
2022-10-02 23:12:33.756  INFO 75568 --- [    Test worker] tourGuide.service.TourGuideService       : Track Location for user internalUser9220
2022-10-02 23:12:33.756  INFO 75568 --- [pool-7-thread-1] tourGuide.service.TourGuideService       : Track Location for user internalUser5646
2022-10-02 23:12:33.756  INFO 75568 --- [    Test worker] tourGuide.service.TourGuideService       : Track Location for user internalUser482
2022-10-02 23:12:33.756  INFO 75568 --- [pool-7-thread-1] tourGuide.service.TourGuideService       : Track Location for user internalUser6977
2022-10-02 23:12:33.756  INFO 75568 --- [    Test worker] tourGuide.service.TourGuideService       : Track Location for user internalUser483
2022-10-02 23:12:33.756  INFO 75568 --- [pool-7-thread-1] tourGuide.service.TourGuideService       : Track Location for user internalUser4315
2022-10-02 23:12:33.756  INFO 75568 --- [    Test worker] tourGuide.service.TourGuideService       : Track Location for user internalUser480
2022-10-02 23:12:33.756  INFO 75568 --- [pool-7-thread-1] tourGuide.service.TourGuideService       : Track Location for user internalUser5645
2022-10-02 23:12:33.757  INFO 75568 --- [    Test worker] tourGuide.service.TourGuideService       : Track Location for user internalUser481
2022-10-02 23:12:33.757  INFO 75568 --- [pool-7-thread-1] tourGuide.service.TourGuideService       : Track Location for user internalUser6976
2022-10-02 23:12:33.757  INFO 75568 --- [    Test worker] tourGuide.service.TourGuideService       : Track Location for user internalUser9267
2022-10-02 23:12:33.757  INFO 75568 --- [pool-7-thread-1] tourGuide.service.TourGuideService       : Track Location for user internalUser4316
2022-10-02 23:12:33.757  INFO 75568 --- [    Test worker] tourGuide.service.TourGuideService       : Track Location for user internalUser9268
2022-10-02 23:12:33.757  INFO 75568 --- [pool-7-thread-1] tourGuide.service.TourGuideService       : Track Location for user internalUser5648
2022-10-02 23:12:33.758  INFO 75568 --- [    Test worker] tourGuide.service.TourGuideService       : Track Location for user internalUser488
2022-10-02 23:12:33.758  INFO 75568 --- [pool-7-thread-1] tourGuide.service.TourGuideService       : Track Location for user internalUser6979
2022-10-02 23:12:33.758  INFO 75568 --- [    Test worker] tourGuide.service.TourGuideService       : Track Location for user internalUser9265
2022-10-02 23:12:33.758  INFO 75568 --- [pool-7-thread-1] tourGuide.service.TourGuideService       : Track Location for user internalUser4317
2022-10-02 23:12:33.758  INFO 75568 --- [    Test worker] tourGuide.service.TourGuideService       : Track Location for user internalUser489
2022-10-02 23:12:33.758  INFO 75568 --- [pool-7-thread-1] tourGuide.service.TourGuideService       : Track Location for user internalUser5647
2022-10-02 23:12:33.758  INFO 75568 --- [    Test worker] tourGuide.service.TourGuideService       : Track Location for user internalUser9266
2022-10-02 23:12:33.759  INFO 75568 --- [pool-7-thread-1] tourGuide.service.TourGuideService       : Track Location for user internalUser6978
2022-10-02 23:12:33.759  INFO 75568 --- [    Test worker] tourGuide.service.TourGuideService       : Track Location for user internalUser486
2022-10-02 23:12:33.759  INFO 75568 --- [pool-7-thread-1] tourGuide.service.TourGuideService       : Track Location for user internalUser4318
2022-10-02 23:12:33.759  INFO 75568 --- [    Test worker] tourGuide.service.TourGuideService       : Track Location for user internalUser487
2022-10-02 23:12:33.759  INFO 75568 --- [pool-7-thread-1] tourGuide.service.TourGuideService       : Track Location for user internalUser4319
2022-10-02 23:12:33.759  INFO 75568 --- [    Test worker] tourGuide.service.TourGuideService       : Track Location for user internalUser484
2022-10-02 23:12:33.759  INFO 75568 --- [pool-7-thread-1] tourGuide.service.TourGuideService       : Track Location for user internalUser5649
2022-10-02 23:12:33.760  INFO 75568 --- [    Test worker] tourGuide.service.TourGuideService       : Track Location for user internalUser9269
2022-10-02 23:12:33.760  INFO 75568 --- [pool-7-thread-1] tourGuide.service.TourGuideService       : Track Location for user internalUser501
2022-10-02 23:12:33.760  INFO 75568 --- [    Test worker] tourGuide.service.TourGuideService       : Track Location for user internalUser485
2022-10-02 23:12:33.760  INFO 75568 --- [pool-7-thread-1] tourGuide.service.TourGuideService       : Track Location for user internalUser502
2022-10-02 23:12:33.760  INFO 75568 --- [    Test worker] tourGuide.service.TourGuideService       : Track Location for user internalUser9270
2022-10-02 23:12:33.760  INFO 75568 --- [pool-7-thread-1] tourGuide.service.TourGuideService       : Track Location for user internalUser500
2022-10-02 23:12:33.760  INFO 75568 --- [    Test worker] tourGuide.service.TourGuideService       : Track Location for user internalUser9271
2022-10-02 23:12:33.761  INFO 75568 --- [pool-7-thread-1] tourGuide.service.TourGuideService       : Track Location for user internalUser5640
2022-10-02 23:12:33.761  INFO 75568 --- [    Test worker] tourGuide.service.TourGuideService       : Track Location for user internalUser9274
2022-10-02 23:12:33.761  INFO 75568 --- [pool-7-thread-1] tourGuide.service.TourGuideService       : Track Location for user internalUser6971
2022-10-02 23:12:33.761  INFO 75568 --- [    Test worker] tourGuide.service.TourGuideService       : Track Location for user internalUser9275
2022-10-02 23:12:33.761  INFO 75568 --- [pool-7-thread-1] tourGuide.service.TourGuideService       : Track Location for user internalUser6970
2022-10-02 23:12:33.761  INFO 75568 --- [    Test worker] tourGuide.service.TourGuideService       : Track Location for user internalUser9272
2022-10-02 23:12:33.762  INFO 75568 --- [pool-7-thread-1] tourGuide.service.TourGuideService       : Track Location for user internalUser4310
2022-10-02 23:12:33.762  INFO 75568 --- [    Test worker] tourGuide.service.TourGuideService       : Track Location for user internalUser9273
2022-10-02 23:12:33.762  INFO 75568 --- [pool-7-thread-1] tourGuide.service.TourGuideService       : Track Location for user internalUser5642
2022-10-02 23:12:33.762  INFO 75568 --- [    Test worker] tourGuide.service.TourGuideService       : Track Location for user internalUser493
2022-10-02 23:12:33.762  INFO 75568 --- [pool-7-thread-1] tourGuide.service.TourGuideService       : Track Location for user internalUser6973
2022-10-02 23:12:33.762  INFO 75568 --- [    Test worker] tourGuide.service.TourGuideService       : Track Location for user internalUser494
2022-10-02 23:12:33.762  INFO 75568 --- [pool-7-thread-1] tourGuide.service.TourGuideService       : Track Location for user internalUser4311
2022-10-02 23:12:33.763  INFO 75568 --- [    Test worker] tourGuide.service.TourGuideService       : Track Location for user internalUser491
2022-10-02 23:12:33.763  INFO 75568 --- [pool-7-thread-1] tourGuide.service.TourGuideService       : Track Location for user internalUser5641
2022-10-02 23:12:33.763  INFO 75568 --- [    Test worker] tourGuide.service.TourGuideService       : Track Location for user internalUser492
2022-10-02 23:12:33.763  INFO 75568 --- [pool-7-thread-1] tourGuide.service.TourGuideService       : Track Location for user internalUser6972
2022-10-02 23:12:33.763  INFO 75568 --- [    Test worker] tourGuide.service.TourGuideService       : Track Location for user internalUser490
2022-10-02 23:12:33.763  INFO 75568 --- [pool-7-thread-1] tourGuide.service.TourGuideService       : Track Location for user internalUser509
2022-10-02 23:12:33.763  INFO 75568 --- [    Test worker] tourGuide.service.TourGuideService       : Track Location for user internalUser9278
2022-10-02 23:12:33.763  INFO 75568 --- [pool-7-thread-1] tourGuide.service.TourGuideService       : Track Location for user internalUser507
2022-10-02 23:12:33.764  INFO 75568 --- [    Test worker] tourGuide.service.TourGuideService       : Track Location for user internalUser9279
2022-10-02 23:12:33.764  INFO 75568 --- [pool-7-thread-1] tourGuide.service.TourGuideService       : Track Location for user internalUser508
2022-10-02 23:12:33.764  INFO 75568 --- [    Test worker] tourGuide.service.TourGuideService       : Track Location for user internalUser499
2022-10-02 23:12:33.764  INFO 75568 --- [pool-7-thread-1] tourGuide.service.TourGuideService       : Track Location for user internalUser505
2022-10-02 23:12:33.764  INFO 75568 --- [    Test worker] tourGuide.service.TourGuideService       : Track Location for user internalUser9276
2022-10-02 23:12:33.764  INFO 75568 --- [pool-7-thread-1] tourGuide.service.TourGuideService       : Track Location for user internalUser506
2022-10-02 23:12:33.764  INFO 75568 --- [    Test worker] tourGuide.service.TourGuideService       : Track Location for user internalUser9277
2022-10-02 23:12:33.765  INFO 75568 --- [pool-7-thread-1] tourGuide.service.TourGuideService       : Track Location for user internalUser503
2022-10-02 23:12:33.765  INFO 75568 --- [    Test worker] tourGuide.service.TourGuideService       : Track Location for user internalUser497
2022-10-02 23:12:33.765  INFO 75568 --- [pool-7-thread-1] tourGuide.service.TourGuideService       : Track Location for user internalUser504
2022-10-02 23:12:33.765  INFO 75568 --- [    Test worker] tourGuide.service.TourGuideService       : Track Location for user internalUser498
2022-10-02 23:12:33.765  INFO 75568 --- [pool-7-thread-1] tourGuide.service.TourGuideService       : Track Location for user internalUser4323
2022-10-02 23:12:33.765  INFO 75568 --- [    Test worker] tourGuide.service.TourGuideService       : Track Location for user internalUser495
2022-10-02 23:12:33.765  INFO 75568 --- [pool-7-thread-1] tourGuide.service.TourGuideService       : Track Location for user internalUser5655
2022-10-02 23:12:33.765  INFO 75568 --- [    Test worker] tourGuide.service.TourGuideService       : Track Location for user internalUser496
2022-10-02 23:12:33.766  INFO 75568 --- [pool-7-thread-1] tourGuide.service.TourGuideService       : Track Location for user internalUser6986
2022-10-02 23:12:33.766  INFO 75568 --- [    Test worker] tourGuide.service.TourGuideService       : Track Location for user internalUser9281
2022-10-02 23:12:33.766  INFO 75568 --- [pool-7-thread-1] tourGuide.service.TourGuideService       : Track Location for user internalUser4324
2022-10-02 23:12:33.766  INFO 75568 --- [    Test worker] tourGuide.service.TourGuideService       : Track Location for user internalUser9282
2022-10-02 23:12:33.766  INFO 75568 --- [pool-7-thread-1] tourGuide.service.TourGuideService       : Track Location for user internalUser5654
2022-10-02 23:12:33.766  INFO 75568 --- [    Test worker] tourGuide.service.TourGuideService       : Track Location for user internalUser9280
2022-10-02 23:12:33.766  INFO 75568 --- [pool-7-thread-1] tourGuide.service.TourGuideService       : Track Location for user internalUser6985
2022-10-02 23:12:33.767  INFO 75568 --- [    Test worker] tourGuide.service.TourGuideService       : Track Location for user internalUser9285
2022-10-02 23:12:33.767  INFO 75568 --- [pool-7-thread-1] tourGuide.service.TourGuideService       : Track Location for user internalUser4325
2022-10-02 23:12:33.767  INFO 75568 --- [    Test worker] tourGuide.service.TourGuideService       : Track Location for user internalUser9286
2022-10-02 23:12:33.767  INFO 75568 --- [pool-7-thread-1] tourGuide.service.TourGuideService       : Track Location for user internalUser5657
2022-10-02 23:12:33.767  INFO 75568 --- [    Test worker] tourGuide.service.TourGuideService       : Track Location for user internalUser9283
2022-10-02 23:12:33.767  INFO 75568 --- [pool-7-thread-1] tourGuide.service.TourGuideService       : Track Location for user internalUser6988
2022-10-02 23:12:33.767  INFO 75568 --- [    Test worker] tourGuide.service.TourGuideService       : Track Location for user internalUser9284
2022-10-02 23:12:33.767  INFO 75568 --- [pool-7-thread-1] tourGuide.service.TourGuideService       : Track Location for user internalUser4326
2022-10-02 23:12:33.768  INFO 75568 --- [    Test worker] tourGuide.service.TourGuideService       : Track Location for user internalUser9245
2022-10-02 23:12:33.768  INFO 75568 --- [pool-7-thread-1] tourGuide.service.TourGuideService       : Track Location for user internalUser5656
2022-10-02 23:12:33.768  INFO 75568 --- [    Test worker] tourGuide.service.TourGuideService       : Track Location for user internalUser9246
2022-10-02 23:12:33.768  INFO 75568 --- [pool-7-thread-1] tourGuide.service.TourGuideService       : Track Location for user internalUser6987
2022-10-02 23:12:33.768  INFO 75568 --- [    Test worker] tourGuide.service.TourGuideService       : Track Location for user internalUser9243
2022-10-02 23:12:33.768  INFO 75568 --- [pool-7-thread-1] tourGuide.service.TourGuideService       : Track Location for user internalUser4327
2022-10-02 23:12:33.768  INFO 75568 --- [    Test worker] tourGuide.service.TourGuideService       : Track Location for user internalUser9244
2022-10-02 23:12:33.768  INFO 75568 --- [pool-7-thread-1] tourGuide.service.TourGuideService       : Track Location for user internalUser5659
2022-10-02 23:12:33.769  INFO 75568 --- [    Test worker] tourGuide.service.TourGuideService       : Track Location for user internalUser9249
2022-10-02 23:12:33.769  INFO 75568 --- [pool-7-thread-1] tourGuide.service.TourGuideService       : Track Location for user internalUser4328
2022-10-02 23:12:33.769  INFO 75568 --- [    Test worker] tourGuide.service.TourGuideService       : Track Location for user internalUser9247
2022-10-02 23:12:33.769  INFO 75568 --- [pool-7-thread-1] tourGuide.service.TourGuideService       : Track Location for user internalUser5658
2022-10-02 23:12:33.769  INFO 75568 --- [    Test worker] tourGuide.service.TourGuideService       : Track Location for user internalUser9248
2022-10-02 23:12:33.769  INFO 75568 --- [pool-7-thread-1] tourGuide.service.TourGuideService       : Track Location for user internalUser6989
2022-10-02 23:12:33.769  INFO 75568 --- [    Test worker] tourGuide.service.TourGuideService       : Track Location for user internalUser9252
2022-10-02 23:12:33.770  INFO 75568 --- [pool-7-thread-1] tourGuide.service.TourGuideService       : Track Location for user internalUser4329
2022-10-02 23:12:33.770  INFO 75568 --- [    Test worker] tourGuide.service.TourGuideService       : Track Location for user internalUser9253
2022-10-02 23:12:33.770  INFO 75568 --- [pool-7-thread-1] tourGuide.service.TourGuideService       : Track Location for user internalUser512
2022-10-02 23:12:33.770  INFO 75568 --- [    Test worker] tourGuide.service.TourGuideService       : Track Location for user internalUser9250
2022-10-02 23:12:33.770  INFO 75568 --- [pool-7-thread-1] tourGuide.service.TourGuideService       : Track Location for user internalUser513
2022-10-02 23:12:33.770  INFO 75568 --- [    Test worker] tourGuide.service.TourGuideService       : Track Location for user internalUser9251
2022-10-02 23:12:33.770  INFO 75568 --- [pool-7-thread-1] tourGuide.service.TourGuideService       : Track Location for user internalUser510
2022-10-02 23:12:33.771  INFO 75568 --- [    Test worker] tourGuide.service.TourGuideService       : Track Location for user internalUser9256
2022-10-02 23:12:33.771  INFO 75568 --- [pool-7-thread-1] tourGuide.service.TourGuideService       : Track Location for user internalUser6980
2022-10-02 23:12:33.771  INFO 75568 --- [    Test worker] tourGuide.service.TourGuideService       : Track Location for user internalUser9257
2022-10-02 23:12:33.771  INFO 75568 --- [pool-7-thread-1] tourGuide.service.TourGuideService       : Track Location for user internalUser511
2022-10-02 23:12:33.771  INFO 75568 --- [    Test worker] tourGuide.service.TourGuideService       : Track Location for user internalUser9254
2022-10-02 23:12:33.771  INFO 75568 --- [pool-7-thread-1] tourGuide.service.TourGuideService       : Track Location for user internalUser5651
2022-10-02 23:12:33.771  INFO 75568 --- [    Test worker] tourGuide.service.TourGuideService       : Track Location for user internalUser9255
2022-10-02 23:12:33.772  INFO 75568 --- [pool-7-thread-1] tourGuide.service.TourGuideService       : Track Location for user internalUser6982
2022-10-02 23:12:33.772  INFO 75568 --- [    Test worker] tourGuide.service.TourGuideService       : Track Location for user internalUser9258
2022-10-02 23:12:33.772  INFO 75568 --- [pool-7-thread-1] tourGuide.service.TourGuideService       : Track Location for user internalUser4320
2022-10-02 23:12:33.772  INFO 75568 --- [    Test worker] tourGuide.service.TourGuideService       : Track Location for user internalUser9259
2022-10-02 23:12:33.772  INFO 75568 --- [pool-7-thread-1] tourGuide.service.TourGuideService       : Track Location for user internalUser5650
2022-10-02 23:12:33.772  INFO 75568 --- [    Test worker] tourGuide.service.TourGuideService       : Track Location for user internalUser9260
2022-10-02 23:12:33.772  INFO 75568 --- [pool-7-thread-1] tourGuide.service.TourGuideService       : Track Location for user internalUser6981
2022-10-02 23:12:33.773  INFO 75568 --- [    Test worker] tourGuide.service.TourGuideService       : Track Location for user internalUser9263
2022-10-02 23:12:33.773  INFO 75568 --- [pool-7-thread-1] tourGuide.service.TourGuideService       : Track Location for user internalUser4321
2022-10-02 23:12:33.773  INFO 75568 --- [    Test worker] tourGuide.service.TourGuideService       : Track Location for user internalUser9264
2022-10-02 23:12:33.773  INFO 75568 --- [pool-7-thread-1] tourGuide.service.TourGuideService       : Track Location for user internalUser5653
2022-10-02 23:12:33.773  INFO 75568 --- [    Test worker] tourGuide.service.TourGuideService       : Track Location for user internalUser9261
2022-10-02 23:12:33.773  INFO 75568 --- [pool-7-thread-1] tourGuide.service.TourGuideService       : Track Location for user internalUser6984
2022-10-02 23:12:33.774  INFO 75568 --- [    Test worker] tourGuide.service.TourGuideService       : Track Location for user internalUser9262
2022-10-02 23:12:33.774  INFO 75568 --- [pool-7-thread-1] tourGuide.service.TourGuideService       : Track Location for user internalUser4322
2022-10-02 23:12:33.774  INFO 75568 --- [    Test worker] tourGuide.service.TourGuideService       : Track Location for user internalUser446
2022-10-02 23:12:33.774  INFO 75568 --- [pool-7-thread-1] tourGuide.service.TourGuideService       : Track Location for user internalUser5652
2022-10-02 23:12:33.774  INFO 75568 --- [    Test worker] tourGuide.service.TourGuideService       : Track Location for user internalUser3083
2022-10-02 23:12:33.774  INFO 75568 --- [pool-7-thread-1] tourGuide.service.TourGuideService       : Track Location for user internalUser6983
2022-10-02 23:12:33.774  INFO 75568 --- [    Test worker] tourGuide.service.TourGuideService       : Track Location for user internalUser447
2022-10-02 23:12:33.775  INFO 75568 --- [pool-7-thread-1] tourGuide.service.TourGuideService       : Track Location for user internalUser518
2022-10-02 23:12:33.775  INFO 75568 --- [    Test worker] tourGuide.service.TourGuideService       : Track Location for user internalUser3084
2022-10-02 23:12:33.775  INFO 75568 --- [pool-7-thread-1] tourGuide.service.TourGuideService       : Track Location for user internalUser519
2022-10-02 23:12:33.775  INFO 75568 --- [    Test worker] tourGuide.service.TourGuideService       : Track Location for user internalUser444
2022-10-02 23:12:33.775  INFO 75568 --- [pool-7-thread-1] tourGuide.service.TourGuideService       : Track Location for user internalUser516
2022-10-02 23:12:33.775  INFO 75568 --- [    Test worker] tourGuide.service.TourGuideService       : Track Location for user internalUser3085
2022-10-02 23:12:33.776  INFO 75568 --- [pool-7-thread-1] tourGuide.service.TourGuideService       : Track Location for user internalUser517
2022-10-02 23:12:33.776  INFO 75568 --- [    Test worker] tourGuide.service.TourGuideService       : Track Location for user internalUser445
2022-10-02 23:12:33.776  INFO 75568 --- [pool-7-thread-1] tourGuide.service.TourGuideService       : Track Location for user internalUser514
2022-10-02 23:12:33.776  INFO 75568 --- [    Test worker] tourGuide.service.TourGuideService       : Track Location for user internalUser3086
2022-10-02 23:12:33.776  INFO 75568 --- [pool-7-thread-1] tourGuide.service.TourGuideService       : Track Location for user internalUser515
2022-10-02 23:12:33.776  INFO 75568 --- [    Test worker] tourGuide.service.TourGuideService       : Track Location for user internalUser442
2022-10-02 23:12:33.777  INFO 75568 --- [pool-7-thread-1] tourGuide.service.TourGuideService       : Track Location for user internalUser3047
2022-10-02 23:12:33.777  INFO 75568 --- [    Test worker] tourGuide.service.TourGuideService       : Track Location for user internalUser3087
2022-10-02 23:12:33.777  INFO 75568 --- [pool-7-thread-1] tourGuide.service.TourGuideService       : Track Location for user internalUser4378
2022-10-02 23:12:33.777  INFO 75568 --- [    Test worker] tourGuide.service.TourGuideService       : Track Location for user internalUser443
2022-10-02 23:12:33.777  INFO 75568 --- [pool-7-thread-1] tourGuide.service.TourGuideService       : Track Location for user internalUser3048
2022-10-02 23:12:33.777  INFO 75568 --- [    Test worker] tourGuide.service.TourGuideService       : Track Location for user internalUser3088
2022-10-02 23:12:33.777  INFO 75568 --- [pool-7-thread-1] tourGuide.service.TourGuideService       : Track Location for user internalUser4379
2022-10-02 23:12:33.778  INFO 75568 --- [    Test worker] tourGuide.service.TourGuideService       : Track Location for user internalUser440
2022-10-02 23:12:33.778  INFO 75568 --- [pool-7-thread-1] tourGuide.service.TourGuideService       : Track Location for user internalUser3049
2022-10-02 23:12:33.778  INFO 75568 --- [    Test worker] tourGuide.service.TourGuideService       : Track Location for user internalUser3089
2022-10-02 23:12:33.778  INFO 75568 --- [pool-7-thread-1] tourGuide.service.TourGuideService       : Track Location for user internalUser4370
2022-10-02 23:12:33.778  INFO 75568 --- [    Test worker] tourGuide.service.TourGuideService       : Track Location for user internalUser441
2022-10-02 23:12:33.778  INFO 75568 --- [pool-7-thread-1] tourGuide.service.TourGuideService       : Track Location for user internalUser3040
2022-10-02 23:12:33.778  INFO 75568 --- [    Test worker] tourGuide.service.TourGuideService       : Track Location for user internalUser3090
2022-10-02 23:12:33.779  INFO 75568 --- [pool-7-thread-1] tourGuide.service.TourGuideService       : Track Location for user internalUser4371
2022-10-02 23:12:33.779  INFO 75568 --- [    Test worker] tourGuide.service.TourGuideService       : Track Location for user internalUser3091
2022-10-02 23:12:33.779  INFO 75568 --- [pool-7-thread-1] tourGuide.service.TourGuideService       : Track Location for user internalUser3041
2022-10-02 23:12:33.779  INFO 75568 --- [    Test worker] tourGuide.service.TourGuideService       : Track Location for user internalUser448
2022-10-02 23:12:33.779  INFO 75568 --- [pool-7-thread-1] tourGuide.service.TourGuideService       : Track Location for user internalUser4372
2022-10-02 23:12:33.779  INFO 75568 --- [    Test worker] tourGuide.service.TourGuideService       : Track Location for user internalUser3092
2022-10-02 23:12:33.779  INFO 75568 --- [pool-7-thread-1] tourGuide.service.TourGuideService       : Track Location for user internalUser3042
2022-10-02 23:12:33.780  INFO 75568 --- [    Test worker] tourGuide.service.TourGuideService       : Track Location for user internalUser449
2022-10-02 23:12:33.780  INFO 75568 --- [pool-7-thread-1] tourGuide.service.TourGuideService       : Track Location for user internalUser4373
2022-10-02 23:12:33.780  INFO 75568 --- [    Test worker] tourGuide.service.TourGuideService       : Track Location for user internalUser3093
2022-10-02 23:12:33.780  INFO 75568 --- [pool-7-thread-1] tourGuide.service.TourGuideService       : Track Location for user internalUser3043
2022-10-02 23:12:33.780  INFO 75568 --- [    Test worker] tourGuide.service.TourGuideService       : Track Location for user internalUser450
2022-10-02 23:12:33.780  INFO 75568 --- [pool-7-thread-1] tourGuide.service.TourGuideService       : Track Location for user internalUser4374
2022-10-02 23:12:33.780  INFO 75568 --- [    Test worker] tourGuide.service.TourGuideService       : Track Location for user internalUser457
2022-10-02 23:12:33.780  INFO 75568 --- [pool-7-thread-1] tourGuide.service.TourGuideService       : Track Location for user internalUser3044
2022-10-02 23:12:33.781  INFO 75568 --- [    Test worker] tourGuide.service.TourGuideService       : Track Location for user internalUser3094
2022-10-02 23:12:33.781  INFO 75568 --- [pool-7-thread-1] tourGuide.service.TourGuideService       : Track Location for user internalUser4375
2022-10-02 23:12:33.781  INFO 75568 --- [    Test worker] tourGuide.service.TourGuideService       : Track Location for user internalUser458
2022-10-02 23:12:33.781  INFO 75568 --- [pool-7-thread-1] tourGuide.service.TourGuideService       : Track Location for user internalUser3045
2022-10-02 23:12:33.781  INFO 75568 --- [    Test worker] tourGuide.service.TourGuideService       : Track Location for user internalUser3095
2022-10-02 23:12:33.781  INFO 75568 --- [pool-7-thread-1] tourGuide.service.TourGuideService       : Track Location for user internalUser4376
2022-10-02 23:12:33.781  INFO 75568 --- [    Test worker] tourGuide.service.TourGuideService       : Track Location for user internalUser455
2022-10-02 23:12:33.782  INFO 75568 --- [pool-7-thread-1] tourGuide.service.TourGuideService       : Track Location for user internalUser3046
2022-10-02 23:12:33.782  INFO 75568 --- [    Test worker] tourGuide.service.TourGuideService       : Track Location for user internalUser3096
2022-10-02 23:12:33.782  INFO 75568 --- [pool-7-thread-1] tourGuide.service.TourGuideService       : Track Location for user internalUser4377
2022-10-02 23:12:33.782  INFO 75568 --- [    Test worker] tourGuide.service.TourGuideService       : Track Location for user internalUser456
2022-10-02 23:12:33.782  INFO 75568 --- [pool-7-thread-1] tourGuide.service.TourGuideService       : Track Location for user internalUser4380
2022-10-02 23:12:33.782  INFO 75568 --- [    Test worker] tourGuide.service.TourGuideService       : Track Location for user internalUser3097
2022-10-02 23:12:33.783  INFO 75568 --- [pool-7-thread-1] tourGuide.service.TourGuideService       : Track Location for user internalUser3058
2022-10-02 23:12:33.783  INFO 75568 --- [    Test worker] tourGuide.service.TourGuideService       : Track Location for user internalUser453
2022-10-02 23:12:33.783  INFO 75568 --- [pool-7-thread-1] tourGuide.service.TourGuideService       : Track Location for user internalUser4389
2022-10-02 23:12:33.783  INFO 75568 --- [    Test worker] tourGuide.service.TourGuideService       : Track Location for user internalUser3098
2022-10-02 23:12:33.783  INFO 75568 --- [pool-7-thread-1] tourGuide.service.TourGuideService       : Track Location for user internalUser3059
2022-10-02 23:12:33.783  INFO 75568 --- [    Test worker] tourGuide.service.TourGuideService       : Track Location for user internalUser454
2022-10-02 23:12:33.783  INFO 75568 --- [pool-7-thread-1] tourGuide.service.TourGuideService       : Track Location for user internalUser3050
2022-10-02 23:12:33.784  INFO 75568 --- [    Test worker] tourGuide.service.TourGuideService       : Track Location for user internalUser3099
2022-10-02 23:12:33.784  INFO 75568 --- [pool-7-thread-1] tourGuide.service.TourGuideService       : Track Location for user internalUser4381
2022-10-02 23:12:33.784  INFO 75568 --- [    Test worker] tourGuide.service.TourGuideService       : Track Location for user internalUser451
2022-10-02 23:12:33.784  INFO 75568 --- [pool-7-thread-1] tourGuide.service.TourGuideService       : Track Location for user internalUser3051
2022-10-02 23:12:33.784  INFO 75568 --- [    Test worker] tourGuide.service.TourGuideService       : Track Location for user internalUser452
2022-10-02 23:12:33.784  INFO 75568 --- [pool-7-thread-1] tourGuide.service.TourGuideService       : Track Location for user internalUser4382
2022-10-02 23:12:33.784  INFO 75568 --- [    Test worker] tourGuide.service.TourGuideService       : Track Location for user internalUser459
2022-10-02 23:12:33.785  INFO 75568 --- [pool-7-thread-1] tourGuide.service.TourGuideService       : Track Location for user internalUser3052
2022-10-02 23:12:33.785  INFO 75568 --- [    Test worker] tourGuide.service.TourGuideService       : Track Location for user internalUser460
2022-10-02 23:12:33.785  INFO 75568 --- [pool-7-thread-1] tourGuide.service.TourGuideService       : Track Location for user internalUser4383
2022-10-02 23:12:33.785  INFO 75568 --- [    Test worker] tourGuide.service.TourGuideService       : Track Location for user internalUser3069
2022-10-02 23:12:33.785  INFO 75568 --- [pool-7-thread-1] tourGuide.service.TourGuideService       : Track Location for user internalUser3053
2022-10-02 23:12:33.785  INFO 75568 --- [    Test worker] tourGuide.service.TourGuideService       : Track Location for user internalUser461
2022-10-02 23:12:33.785  INFO 75568 --- [pool-7-thread-1] tourGuide.service.TourGuideService       : Track Location for user internalUser4384
2022-10-02 23:12:33.786  INFO 75568 --- [    Test worker] tourGuide.service.TourGuideService       : Track Location for user internalUser468
2022-10-02 23:12:33.786  INFO 75568 --- [pool-7-thread-1] tourGuide.service.TourGuideService       : Track Location for user internalUser3054
2022-10-02 23:12:33.786  INFO 75568 --- [    Test worker] tourGuide.service.TourGuideService       : Track Location for user internalUser3061
2022-10-02 23:12:33.786  INFO 75568 --- [pool-7-thread-1] tourGuide.service.TourGuideService       : Track Location for user internalUser4385
2022-10-02 23:12:33.786  INFO 75568 --- [    Test worker] tourGuide.service.TourGuideService       : Track Location for user internalUser4392
2022-10-02 23:12:33.786  INFO 75568 --- [pool-7-thread-1] tourGuide.service.TourGuideService       : Track Location for user internalUser3055
2022-10-02 23:12:33.786  INFO 75568 --- [    Test worker] tourGuide.service.TourGuideService       : Track Location for user internalUser469
2022-10-02 23:12:33.786  INFO 75568 --- [pool-7-thread-1] tourGuide.service.TourGuideService       : Track Location for user internalUser4386
2022-10-02 23:12:33.787  INFO 75568 --- [    Test worker] tourGuide.service.TourGuideService       : Track Location for user internalUser3062
2022-10-02 23:12:33.787  INFO 75568 --- [pool-7-thread-1] tourGuide.service.TourGuideService       : Track Location for user internalUser3056
2022-10-02 23:12:33.787  INFO 75568 --- [    Test worker] tourGuide.service.TourGuideService       : Track Location for user internalUser4393
2022-10-02 23:12:33.787  INFO 75568 --- [pool-7-thread-1] tourGuide.service.TourGuideService       : Track Location for user internalUser4387
2022-10-02 23:12:33.787  INFO 75568 --- [    Test worker] tourGuide.service.TourGuideService       : Track Location for user internalUser466
2022-10-02 23:12:33.787  INFO 75568 --- [pool-7-thread-1] tourGuide.service.TourGuideService       : Track Location for user internalUser3057
2022-10-02 23:12:33.787  INFO 75568 --- [    Test worker] tourGuide.service.TourGuideService       : Track Location for user internalUser3063
2022-10-02 23:12:33.788  INFO 75568 --- [pool-7-thread-1] tourGuide.service.TourGuideService       : Track Location for user internalUser4388
2022-10-02 23:12:33.788  INFO 75568 --- [    Test worker] tourGuide.service.TourGuideService       : Track Location for user internalUser4394
2022-10-02 23:12:33.788  INFO 75568 --- [pool-7-thread-1] tourGuide.service.TourGuideService       : Track Location for user internalUser4390
2022-10-02 23:12:33.788  INFO 75568 --- [    Test worker] tourGuide.service.TourGuideService       : Track Location for user internalUser467
2022-10-02 23:12:33.788  INFO 75568 --- [pool-7-thread-1] tourGuide.service.TourGuideService       : Track Location for user internalUser3060
2022-10-02 23:12:33.788  INFO 75568 --- [    Test worker] tourGuide.service.TourGuideService       : Track Location for user internalUser3064
2022-10-02 23:12:33.788  INFO 75568 --- [pool-7-thread-1] tourGuide.service.TourGuideService       : Track Location for user internalUser4391
2022-10-02 23:12:33.789  INFO 75568 --- [    Test worker] tourGuide.service.TourGuideService       : Track Location for user internalUser4395
2022-10-02 23:12:33.789  INFO 75568 --- [pool-7-thread-1] tourGuide.service.TourGuideService       : Track Location for user internalUser3025
2022-10-02 23:12:33.789  INFO 75568 --- [    Test worker] tourGuide.service.TourGuideService       : Track Location for user internalUser464
2022-10-02 23:12:33.789  INFO 75568 --- [pool-7-thread-1] tourGuide.service.TourGuideService       : Track Location for user internalUser4356
2022-10-02 23:12:33.789  INFO 75568 --- [    Test worker] tourGuide.service.TourGuideService       : Track Location for user internalUser3065
2022-10-02 23:12:33.790  INFO 75568 --- [pool-7-thread-1] tourGuide.service.TourGuideService       : Track Location for user internalUser5688
2022-10-02 23:12:33.790  INFO 75568 --- [    Test worker] tourGuide.service.TourGuideService       : Track Location for user internalUser4396
2022-10-02 23:12:33.790  INFO 75568 --- [pool-7-thread-1] tourGuide.service.TourGuideService       : Track Location for user internalUser3026
2022-10-02 23:12:33.790  INFO 75568 --- [    Test worker] tourGuide.service.TourGuideService       : Track Location for user internalUser465
2022-10-02 23:12:33.790  INFO 75568 --- [pool-7-thread-1] tourGuide.service.TourGuideService       : Track Location for user internalUser4357
2022-10-02 23:12:33.791  INFO 75568 --- [    Test worker] tourGuide.service.TourGuideService       : Track Location for user internalUser3066
2022-10-02 23:12:33.791  INFO 75568 --- [pool-7-thread-1] tourGuide.service.TourGuideService       : Track Location for user internalUser5687
2022-10-02 23:12:33.791  INFO 75568 --- [    Test worker] tourGuide.service.TourGuideService       : Track Location for user internalUser4397
2022-10-02 23:12:33.791  INFO 75568 --- [pool-7-thread-1] tourGuide.service.TourGuideService       : Track Location for user internalUser3027
2022-10-02 23:12:33.792  INFO 75568 --- [    Test worker] tourGuide.service.TourGuideService       : Track Location for user internalUser462
2022-10-02 23:12:33.792  INFO 75568 --- [pool-7-thread-1] tourGuide.service.TourGuideService       : Track Location for user internalUser4358
2022-10-02 23:12:33.792  INFO 75568 --- [    Test worker] tourGuide.service.TourGuideService       : Track Location for user internalUser3067
2022-10-02 23:12:33.792  INFO 75568 --- [pool-7-thread-1] tourGuide.service.TourGuideService       : Track Location for user internalUser3028
2022-10-02 23:12:33.793  INFO 75568 --- [    Test worker] tourGuide.service.TourGuideService       : Track Location for user internalUser4398
2022-10-02 23:12:33.793  INFO 75568 --- [pool-7-thread-1] tourGuide.service.TourGuideService       : Track Location for user internalUser4359
2022-10-02 23:12:33.793  INFO 75568 --- [    Test worker] tourGuide.service.TourGuideService       : Track Location for user internalUser463
2022-10-02 23:12:33.793  INFO 75568 --- [pool-7-thread-1] tourGuide.service.TourGuideService       : Track Location for user internalUser5689
2022-10-02 23:12:33.793  INFO 75568 --- [    Test worker] tourGuide.service.TourGuideService       : Track Location for user internalUser3068
2022-10-02 23:12:33.794  INFO 75568 --- [pool-7-thread-1] tourGuide.service.TourGuideService       : Track Location for user internalUser3029
2022-10-02 23:12:33.794  INFO 75568 --- [    Test worker] tourGuide.service.TourGuideService       : Track Location for user internalUser4399
2022-10-02 23:12:33.794  INFO 75568 --- [pool-7-thread-1] tourGuide.service.TourGuideService       : Track Location for user internalUser5680
2022-10-02 23:12:33.794  INFO 75568 --- [    Test worker] tourGuide.service.TourGuideService       : Track Location for user internalUser3070
2022-10-02 23:12:33.794  INFO 75568 --- [pool-7-thread-1] tourGuide.service.TourGuideService       : Track Location for user internalUser4350
2022-10-02 23:12:33.794  INFO 75568 --- [    Test worker] tourGuide.service.TourGuideService       : Track Location for user internalUser3071
2022-10-02 23:12:33.795  INFO 75568 --- [pool-7-thread-1] tourGuide.service.TourGuideService       : Track Location for user internalUser5682
2022-10-02 23:12:33.795  INFO 75568 --- [    Test worker] tourGuide.service.TourGuideService       : Track Location for user internalUser471
2022-10-02 23:12:33.795  INFO 75568 --- [pool-7-thread-1] tourGuide.service.TourGuideService       : Track Location for user internalUser3020
2022-10-02 23:12:33.795  INFO 75568 --- [    Test worker] tourGuide.service.TourGuideService       : Track Location for user internalUser472
2022-10-02 23:12:33.795  INFO 75568 --- [pool-7-thread-1] tourGuide.service.TourGuideService       : Track Location for user internalUser4351
2022-10-02 23:12:33.795  INFO 75568 --- [    Test worker] tourGuide.service.TourGuideService       : Track Location for user internalUser470
2022-10-02 23:12:33.795  INFO 75568 --- [pool-7-thread-1] tourGuide.service.TourGuideService       : Track Location for user internalUser5681
2022-10-02 23:12:33.796  INFO 75568 --- [    Test worker] tourGuide.service.TourGuideService       : Track Location for user internalUser479
2022-10-02 23:12:33.796  INFO 75568 --- [pool-7-thread-1] tourGuide.service.TourGuideService       : Track Location for user internalUser3021
2022-10-02 23:12:33.796  INFO 75568 --- [    Test worker] tourGuide.service.TourGuideService       : Track Location for user internalUser3072
2022-10-02 23:12:33.796  INFO 75568 --- [pool-7-thread-1] tourGuide.service.TourGuideService       : Track Location for user internalUser4352
2022-10-02 23:12:33.796  INFO 75568 --- [    Test worker] tourGuide.service.TourGuideService       : Track Location for user internalUser3073
2022-10-02 23:12:33.796  INFO 75568 --- [pool-7-thread-1] tourGuide.service.TourGuideService       : Track Location for user internalUser5684
2022-10-02 23:12:33.797  INFO 75568 --- [    Test worker] tourGuide.service.TourGuideService       : Track Location for user internalUser477
2022-10-02 23:12:33.797  INFO 75568 --- [pool-7-thread-1] tourGuide.service.TourGuideService       : Track Location for user internalUser3022
2022-10-02 23:12:33.797  INFO 75568 --- [    Test worker] tourGuide.service.TourGuideService       : Track Location for user internalUser3074
2022-10-02 23:12:33.797  INFO 75568 --- [pool-7-thread-1] tourGuide.service.TourGuideService       : Track Location for user internalUser4353
2022-10-02 23:12:33.797  INFO 75568 --- [    Test worker] tourGuide.service.TourGuideService       : Track Location for user internalUser478
2022-10-02 23:12:33.797  INFO 75568 --- [pool-7-thread-1] tourGuide.service.TourGuideService       : Track Location for user internalUser5683
2022-10-02 23:12:33.798  INFO 75568 --- [    Test worker] tourGuide.service.TourGuideService       : Track Location for user internalUser3075
2022-10-02 23:12:33.798  INFO 75568 --- [pool-7-thread-1] tourGuide.service.TourGuideService       : Track Location for user internalUser3023
2022-10-02 23:12:33.798  INFO 75568 --- [    Test worker] tourGuide.service.TourGuideService       : Track Location for user internalUser475
2022-10-02 23:12:33.798  INFO 75568 --- [pool-7-thread-1] tourGuide.service.TourGuideService       : Track Location for user internalUser4354
2022-10-02 23:12:33.798  INFO 75568 --- [    Test worker] tourGuide.service.TourGuideService       : Track Location for user internalUser3076
2022-10-02 23:12:33.798  INFO 75568 --- [pool-7-thread-1] tourGuide.service.TourGuideService       : Track Location for user internalUser5686
2022-10-02 23:12:33.799  INFO 75568 --- [    Test worker] tourGuide.service.TourGuideService       : Track Location for user internalUser476
2022-10-02 23:12:33.799  INFO 75568 --- [pool-7-thread-1] tourGuide.service.TourGuideService       : Track Location for user internalUser3024
2022-10-02 23:12:33.799  INFO 75568 --- [    Test worker] tourGuide.service.TourGuideService       : Track Location for user internalUser3077
2022-10-02 23:12:33.799  INFO 75568 --- [pool-7-thread-1] tourGuide.service.TourGuideService       : Track Location for user internalUser4355
2022-10-02 23:12:33.799  INFO 75568 --- [    Test worker] tourGuide.service.TourGuideService       : Track Location for user internalUser473
2022-10-02 23:12:33.800  INFO 75568 --- [pool-7-thread-1] tourGuide.service.TourGuideService       : Track Location for user internalUser5685
2022-10-02 23:12:33.800  INFO 75568 --- [    Test worker] tourGuide.service.TourGuideService       : Track Location for user internalUser3078
2022-10-02 23:12:33.800  INFO 75568 --- [pool-7-thread-1] tourGuide.service.TourGuideService       : Track Location for user internalUser3036
2022-10-02 23:12:33.800  INFO 75568 --- [    Test worker] tourGuide.service.TourGuideService       : Track Location for user internalUser474
2022-10-02 23:12:33.800  INFO 75568 --- [pool-7-thread-1] tourGuide.service.TourGuideService       : Track Location for user internalUser4367
2022-10-02 23:12:33.800  INFO 75568 --- [    Test worker] tourGuide.service.TourGuideService       : Track Location for user internalUser3079
2022-10-02 23:12:33.801  INFO 75568 --- [pool-7-thread-1] tourGuide.service.TourGuideService       : Track Location for user internalUser5699
2022-10-02 23:12:33.801  INFO 75568 --- [    Test worker] tourGuide.service.TourGuideService       : Track Location for user internalUser3080
2022-10-02 23:12:33.801  INFO 75568 --- [pool-7-thread-1] tourGuide.service.TourGuideService       : Track Location for user internalUser3037
2022-10-02 23:12:33.801  INFO 75568 --- [    Test worker] tourGuide.service.TourGuideService       : Track Location for user internalUser3081
2022-10-02 23:12:33.801  INFO 75568 --- [pool-7-thread-1] tourGuide.service.TourGuideService       : Track Location for user internalUser4368
2022-10-02 23:12:33.801  INFO 75568 --- [    Test worker] tourGuide.service.TourGuideService       : Track Location for user internalUser3082
2022-10-02 23:12:33.801  INFO 75568 --- [pool-7-thread-1] tourGuide.service.TourGuideService       : Track Location for user internalUser5698
2022-10-02 23:12:33.801  INFO 75568 --- [    Test worker] tourGuide.service.TourGuideService       : Track Location for user internalUser402
2022-10-02 23:12:33.802  INFO 75568 --- [pool-7-thread-1] tourGuide.service.TourGuideService       : Track Location for user internalUser3038
2022-10-02 23:12:33.802  INFO 75568 --- [    Test worker] tourGuide.service.TourGuideService       : Track Location for user internalUser403
2022-10-02 23:12:33.802  INFO 75568 --- [pool-7-thread-1] tourGuide.service.TourGuideService       : Track Location for user internalUser4369
2022-10-02 23:12:33.802  INFO 75568 --- [    Test worker] tourGuide.service.TourGuideService       : Track Location for user internalUser400
2022-10-02 23:12:33.802  INFO 75568 --- [pool-7-thread-1] tourGuide.service.TourGuideService       : Track Location for user internalUser3039
2022-10-02 23:12:33.802  INFO 75568 --- [    Test worker] tourGuide.service.TourGuideService       : Track Location for user internalUser401
2022-10-02 23:12:33.802  INFO 75568 --- [pool-7-thread-1] tourGuide.service.TourGuideService       : Track Location for user internalUser5691
2022-10-02 23:12:33.803  INFO 75568 --- [    Test worker] tourGuide.service.TourGuideService       : Track Location for user internalUser408
2022-10-02 23:12:33.803  INFO 75568 --- [pool-7-thread-1] tourGuide.service.TourGuideService       : Track Location for user internalUser4360
2022-10-02 23:12:33.803  INFO 75568 --- [    Test worker] tourGuide.service.TourGuideService       : Track Location for user internalUser409
2022-10-02 23:12:33.803  INFO 75568 --- [pool-7-thread-1] tourGuide.service.TourGuideService       : Track Location for user internalUser5690
2022-10-02 23:12:33.803  INFO 75568 --- [    Test worker] tourGuide.service.TourGuideService       : Track Location for user internalUser406
2022-10-02 23:12:33.803  INFO 75568 --- [pool-7-thread-1] tourGuide.service.TourGuideService       : Track Location for user internalUser3030
2022-10-02 23:12:33.803  INFO 75568 --- [    Test worker] tourGuide.service.TourGuideService       : Track Location for user internalUser407
2022-10-02 23:12:33.804  INFO 75568 --- [pool-7-thread-1] tourGuide.service.TourGuideService       : Track Location for user internalUser4361
2022-10-02 23:12:33.804  INFO 75568 --- [    Test worker] tourGuide.service.TourGuideService       : Track Location for user internalUser404
2022-10-02 23:12:33.804  INFO 75568 --- [pool-7-thread-1] tourGuide.service.TourGuideService       : Track Location for user internalUser5693
2022-10-02 23:12:33.804  INFO 75568 --- [    Test worker] tourGuide.service.TourGuideService       : Track Location for user internalUser405
2022-10-02 23:12:33.804  INFO 75568 --- [pool-7-thread-1] tourGuide.service.TourGuideService       : Track Location for user internalUser3031
2022-10-02 23:12:33.804  INFO 75568 --- [    Test worker] tourGuide.service.TourGuideService       : Track Location for user internalUser413
2022-10-02 23:12:33.805  INFO 75568 --- [pool-7-thread-1] tourGuide.service.TourGuideService       : Track Location for user internalUser4362
2022-10-02 23:12:33.805  INFO 75568 --- [    Test worker] tourGuide.service.TourGuideService       : Track Location for user internalUser414
2022-10-02 23:12:33.805  INFO 75568 --- [pool-7-thread-1] tourGuide.service.TourGuideService       : Track Location for user internalUser5692
2022-10-02 23:12:33.805  INFO 75568 --- [    Test worker] tourGuide.service.TourGuideService       : Track Location for user internalUser411
2022-10-02 23:12:33.805  INFO 75568 --- [pool-7-thread-1] tourGuide.service.TourGuideService       : Track Location for user internalUser3032
2022-10-02 23:12:33.805  INFO 75568 --- [    Test worker] tourGuide.service.TourGuideService       : Track Location for user internalUser412
2022-10-02 23:12:33.806  INFO 75568 --- [pool-7-thread-1] tourGuide.service.TourGuideService       : Track Location for user internalUser4363
2022-10-02 23:12:33.806  INFO 75568 --- [    Test worker] tourGuide.service.TourGuideService       : Track Location for user internalUser410
2022-10-02 23:12:33.806  INFO 75568 --- [pool-7-thread-1] tourGuide.service.TourGuideService       : Track Location for user internalUser5695
2022-10-02 23:12:33.806  INFO 75568 --- [    Test worker] tourGuide.service.TourGuideService       : Track Location for user internalUser419
2022-10-02 23:12:33.806  INFO 75568 --- [pool-7-thread-1] tourGuide.service.TourGuideService       : Track Location for user internalUser3033
2022-10-02 23:12:33.806  INFO 75568 --- [    Test worker] tourGuide.service.TourGuideService       : Track Location for user internalUser417
2022-10-02 23:12:33.806  INFO 75568 --- [pool-7-thread-1] tourGuide.service.TourGuideService       : Track Location for user internalUser4364
2022-10-02 23:12:33.806  INFO 75568 --- [    Test worker] tourGuide.service.TourGuideService       : Track Location for user internalUser418
2022-10-02 23:12:33.807  INFO 75568 --- [pool-7-thread-1] tourGuide.service.TourGuideService       : Track Location for user internalUser5694
2022-10-02 23:12:33.807  INFO 75568 --- [    Test worker] tourGuide.service.TourGuideService       : Track Location for user internalUser415
2022-10-02 23:12:33.807  INFO 75568 --- [pool-7-thread-1] tourGuide.service.TourGuideService       : Track Location for user internalUser3034
2022-10-02 23:12:33.807  INFO 75568 --- [    Test worker] tourGuide.service.TourGuideService       : Track Location for user internalUser416
2022-10-02 23:12:33.807  INFO 75568 --- [pool-7-thread-1] tourGuide.service.TourGuideService       : Track Location for user internalUser4365
2022-10-02 23:12:33.808  INFO 75568 --- [    Test worker] tourGuide.service.TourGuideService       : Track Location for user internalUser424
2022-10-02 23:12:33.808  INFO 75568 --- [pool-7-thread-1] tourGuide.service.TourGuideService       : Track Location for user internalUser5697
2022-10-02 23:12:33.808  INFO 75568 --- [    Test worker] tourGuide.service.TourGuideService       : Track Location for user internalUser425
2022-10-02 23:12:33.808  INFO 75568 --- [pool-7-thread-1] tourGuide.service.TourGuideService       : Track Location for user internalUser3035
2022-10-02 23:12:33.808  INFO 75568 --- [    Test worker] tourGuide.service.TourGuideService       : Track Location for user internalUser422
2022-10-02 23:12:33.808  INFO 75568 --- [pool-7-thread-1] tourGuide.service.TourGuideService       : Track Location for user internalUser4366
2022-10-02 23:12:33.809  INFO 75568 --- [    Test worker] tourGuide.service.TourGuideService       : Track Location for user internalUser423
2022-10-02 23:12:33.809  INFO 75568 --- [pool-7-thread-1] tourGuide.service.TourGuideService       : Track Location for user internalUser5696
2022-10-02 23:12:33.809  INFO 75568 --- [    Test worker] tourGuide.service.TourGuideService       : Track Location for user internalUser420
2022-10-02 23:12:33.809  INFO 75568 --- [pool-7-thread-1] tourGuide.service.TourGuideService       : Track Location for user internalUser6911
2022-10-02 23:12:33.809  INFO 75568 --- [    Test worker] tourGuide.service.TourGuideService       : Track Location for user internalUser421
2022-10-02 23:12:33.809  INFO 75568 --- [pool-7-thread-1] tourGuide.service.TourGuideService       : Track Location for user internalUser6910
2022-10-02 23:12:33.809  INFO 75568 --- [    Test worker] tourGuide.service.TourGuideService       : Track Location for user internalUser428
2022-10-02 23:12:33.810  INFO 75568 --- [pool-7-thread-1] tourGuide.service.TourGuideService       : Track Location for user internalUser6913
2022-10-02 23:12:33.810  INFO 75568 --- [    Test worker] tourGuide.service.TourGuideService       : Track Location for user internalUser429
2022-10-02 23:12:33.810  INFO 75568 --- [pool-7-thread-1] tourGuide.service.TourGuideService       : Track Location for user internalUser6912
2022-10-02 23:12:33.810  INFO 75568 --- [    Test worker] tourGuide.service.TourGuideService       : Track Location for user internalUser426
2022-10-02 23:12:33.810  INFO 75568 --- [pool-7-thread-1] tourGuide.service.TourGuideService       : Track Location for user internalUser6915
2022-10-02 23:12:33.811  INFO 75568 --- [    Test worker] tourGuide.service.TourGuideService       : Track Location for user internalUser427
2022-10-02 23:12:33.811  INFO 75568 --- [pool-7-thread-1] tourGuide.service.TourGuideService       : Track Location for user internalUser6914
2022-10-02 23:12:33.811  INFO 75568 --- [    Test worker] tourGuide.service.TourGuideService       : Track Location for user internalUser435
2022-10-02 23:12:33.811  INFO 75568 --- [pool-7-thread-1] tourGuide.service.TourGuideService       : Track Location for user internalUser9188
2022-10-02 23:12:33.811  INFO 75568 --- [    Test worker] tourGuide.service.TourGuideService       : Track Location for user internalUser436
2022-10-02 23:12:33.811  INFO 75568 --- [pool-7-thread-1] tourGuide.service.TourGuideService       : Track Location for user internalUser9189
2022-10-02 23:12:33.812  INFO 75568 --- [    Test worker] tourGuide.service.TourGuideService       : Track Location for user internalUser433
2022-10-02 23:12:33.812  INFO 75568 --- [pool-7-thread-1] tourGuide.service.TourGuideService       : Track Location for user internalUser9193
2022-10-02 23:12:33.812  INFO 75568 --- [    Test worker] tourGuide.service.TourGuideService       : Track Location for user internalUser434
2022-10-02 23:12:33.812  INFO 75568 --- [pool-7-thread-1] tourGuide.service.TourGuideService       : Track Location for user internalUser9194
2022-10-02 23:12:33.812  INFO 75568 --- [    Test worker] tourGuide.service.TourGuideService       : Track Location for user internalUser431
2022-10-02 23:12:33.813  INFO 75568 --- [pool-7-thread-1] tourGuide.service.TourGuideService       : Track Location for user internalUser9191
2022-10-02 23:12:33.813  INFO 75568 --- [    Test worker] tourGuide.service.TourGuideService       : Track Location for user internalUser432
2022-10-02 23:12:33.813  INFO 75568 --- [pool-7-thread-1] tourGuide.service.TourGuideService       : Track Location for user internalUser9192
2022-10-02 23:12:33.813  INFO 75568 --- [    Test worker] tourGuide.service.TourGuideService       : Track Location for user internalUser430
2022-10-02 23:12:33.813  INFO 75568 --- [pool-7-thread-1] tourGuide.service.TourGuideService       : Track Location for user internalUser9197
2022-10-02 23:12:33.813  INFO 75568 --- [    Test worker] tourGuide.service.TourGuideService       : Track Location for user internalUser439
2022-10-02 23:12:33.813  INFO 75568 --- [pool-7-thread-1] tourGuide.service.TourGuideService       : Track Location for user internalUser9198
2022-10-02 23:12:33.814  INFO 75568 --- [    Test worker] tourGuide.service.TourGuideService       : Track Location for user internalUser437
2022-10-02 23:12:33.814  INFO 75568 --- [pool-7-thread-1] tourGuide.service.TourGuideService       : Track Location for user internalUser9195
2022-10-02 23:12:33.814  INFO 75568 --- [    Test worker] tourGuide.service.TourGuideService       : Track Location for user internalUser438
2022-10-02 23:12:33.814  INFO 75568 --- [pool-7-thread-1] tourGuide.service.TourGuideService       : Track Location for user internalUser9196
2022-10-02 23:12:33.814  INFO 75568 --- [    Test worker] tourGuide.service.TourGuideService       : Track Location for user internalUser3003
2022-10-02 23:12:33.814  INFO 75568 --- [pool-7-thread-1] tourGuide.service.TourGuideService       : Track Location for user internalUser6917
2022-10-02 23:12:33.814  INFO 75568 --- [    Test worker] tourGuide.service.TourGuideService       : Track Location for user internalUser4334
2022-10-02 23:12:33.815  INFO 75568 --- [pool-7-thread-1] tourGuide.service.TourGuideService       : Track Location for user internalUser6916
2022-10-02 23:12:33.815  INFO 75568 --- [    Test worker] tourGuide.service.TourGuideService       : Track Location for user internalUser5666
2022-10-02 23:12:33.815  INFO 75568 --- [pool-7-thread-1] tourGuide.service.TourGuideService       : Track Location for user internalUser6919
2022-10-02 23:12:33.815  INFO 75568 --- [    Test worker] tourGuide.service.TourGuideService       : Track Location for user internalUser6997
2022-10-02 23:12:33.815  INFO 75568 --- [pool-7-thread-1] tourGuide.service.TourGuideService       : Track Location for user internalUser6918
2022-10-02 23:12:33.815  INFO 75568 --- [    Test worker] tourGuide.service.TourGuideService       : Track Location for user internalUser3004
2022-10-02 23:12:33.815  INFO 75568 --- [pool-7-thread-1] tourGuide.service.TourGuideService       : Track Location for user internalUser9190
2022-10-02 23:12:33.816  INFO 75568 --- [    Test worker] tourGuide.service.TourGuideService       : Track Location for user internalUser4335
2022-10-02 23:12:33.816  INFO 75568 --- [pool-7-thread-1] tourGuide.service.TourGuideService       : Track Location for user internalUser6920
2022-10-02 23:12:33.816  INFO 75568 --- [    Test worker] tourGuide.service.TourGuideService       : Track Location for user internalUser5665
2022-10-02 23:12:33.816  INFO 75568 --- [pool-7-thread-1] tourGuide.service.TourGuideService       : Track Location for user internalUser6922
2022-10-02 23:12:33.816  INFO 75568 --- [    Test worker] tourGuide.service.TourGuideService       : Track Location for user internalUser6996
2022-10-02 23:12:33.816  INFO 75568 --- [pool-7-thread-1] tourGuide.service.TourGuideService       : Track Location for user internalUser6921
2022-10-02 23:12:33.817  INFO 75568 --- [    Test worker] tourGuide.service.TourGuideService       : Track Location for user internalUser3005
2022-10-02 23:12:33.817  INFO 75568 --- [pool-7-thread-1] tourGuide.service.TourGuideService       : Track Location for user internalUser6924
2022-10-02 23:12:33.817  INFO 75568 --- [    Test worker] tourGuide.service.TourGuideService       : Track Location for user internalUser4336
2022-10-02 23:12:33.817  INFO 75568 --- [pool-7-thread-1] tourGuide.service.TourGuideService       : Track Location for user internalUser6923
2022-10-02 23:12:33.817  INFO 75568 --- [    Test worker] tourGuide.service.TourGuideService       : Track Location for user internalUser5668
2022-10-02 23:12:33.817  INFO 75568 --- [pool-7-thread-1] tourGuide.service.TourGuideService       : Track Location for user internalUser6926
2022-10-02 23:12:33.817  INFO 75568 --- [    Test worker] tourGuide.service.TourGuideService       : Track Location for user internalUser6999
2022-10-02 23:12:33.818  INFO 75568 --- [pool-7-thread-1] tourGuide.service.TourGuideService       : Track Location for user internalUser6925
2022-10-02 23:12:33.818  INFO 75568 --- [    Test worker] tourGuide.service.TourGuideService       : Track Location for user internalUser3006
2022-10-02 23:12:33.818  INFO 75568 --- [pool-7-thread-1] tourGuide.service.TourGuideService       : Track Location for user internalUser9199
2022-10-02 23:12:33.818  INFO 75568 --- [    Test worker] tourGuide.service.TourGuideService       : Track Location for user internalUser4337
2022-10-02 23:12:33.818  INFO 75568 --- [pool-7-thread-1] tourGuide.service.TourGuideService       : Track Location for user internalUser6928
2022-10-02 23:12:33.818  INFO 75568 --- [    Test worker] tourGuide.service.TourGuideService       : Track Location for user internalUser5667
2022-10-02 23:12:33.819  INFO 75568 --- [pool-7-thread-1] tourGuide.service.TourGuideService       : Track Location for user internalUser6927
2022-10-02 23:12:33.819  INFO 75568 --- [    Test worker] tourGuide.service.TourGuideService       : Track Location for user internalUser6998
2022-10-02 23:12:33.819  INFO 75568 --- [pool-7-thread-1] tourGuide.service.TourGuideService       : Track Location for user internalUser6929
2022-10-02 23:12:33.819  INFO 75568 --- [    Test worker] tourGuide.service.TourGuideService       : Track Location for user internalUser3007
2022-10-02 23:12:33.819  INFO 75568 --- [pool-7-thread-1] tourGuide.service.TourGuideService       : Track Location for user internalUser9168
2022-10-02 23:12:33.819  INFO 75568 --- [    Test worker] tourGuide.service.TourGuideService       : Track Location for user internalUser4338
2022-10-02 23:12:33.819  INFO 75568 --- [pool-7-thread-1] tourGuide.service.TourGuideService       : Track Location for user internalUser9169
2022-10-02 23:12:33.820  INFO 75568 --- [    Test worker] tourGuide.service.TourGuideService       : Track Location for user internalUser3008
2022-10-02 23:12:33.820  INFO 75568 --- [pool-7-thread-1] tourGuide.service.TourGuideService       : Track Location for user internalUser9166
2022-10-02 23:12:33.820  INFO 75568 --- [    Test worker] tourGuide.service.TourGuideService       : Track Location for user internalUser4339
2022-10-02 23:12:33.820  INFO 75568 --- [pool-7-thread-1] tourGuide.service.TourGuideService       : Track Location for user internalUser9167
2022-10-02 23:12:33.820  INFO 75568 --- [    Test worker] tourGuide.service.TourGuideService       : Track Location for user internalUser5669
2022-10-02 23:12:33.820  INFO 75568 --- [pool-7-thread-1] tourGuide.service.TourGuideService       : Track Location for user internalUser9171
2022-10-02 23:12:33.821  INFO 75568 --- [    Test worker] tourGuide.service.TourGuideService       : Track Location for user internalUser3009
2022-10-02 23:12:33.821  INFO 75568 --- [pool-7-thread-1] tourGuide.service.TourGuideService       : Track Location for user internalUser9172
2022-10-02 23:12:33.821  INFO 75568 --- [    Test worker] tourGuide.service.TourGuideService       : Track Location for user internalUser5660
2022-10-02 23:12:33.821  INFO 75568 --- [pool-7-thread-1] tourGuide.service.TourGuideService       : Track Location for user internalUser9170
2022-10-02 23:12:33.822  INFO 75568 --- [    Test worker] tourGuide.service.TourGuideService       : Track Location for user internalUser6991
2022-10-02 23:12:33.822  INFO 75568 --- [pool-7-thread-1] tourGuide.service.TourGuideService       : Track Location for user internalUser9175
2022-10-02 23:12:33.822  INFO 75568 --- [    Test worker] tourGuide.service.TourGuideService       : Track Location for user internalUser6990
2022-10-02 23:12:33.822  INFO 75568 --- [pool-7-thread-1] tourGuide.service.TourGuideService       : Track Location for user internalUser9176
2022-10-02 23:12:33.823  INFO 75568 --- [    Test worker] tourGuide.service.TourGuideService       : Track Location for user internalUser4330
2022-10-02 23:12:33.823  INFO 75568 --- [pool-7-thread-1] tourGuide.service.TourGuideService       : Track Location for user internalUser9173
2022-10-02 23:12:33.823  INFO 75568 --- [    Test worker] tourGuide.service.TourGuideService       : Track Location for user internalUser5662
2022-10-02 23:12:33.823  INFO 75568 --- [pool-7-thread-1] tourGuide.service.TourGuideService       : Track Location for user internalUser9174
2022-10-02 23:12:33.823  INFO 75568 --- [    Test worker] tourGuide.service.TourGuideService       : Track Location for user internalUser6993
2022-10-02 23:12:33.823  INFO 75568 --- [pool-7-thread-1] tourGuide.service.TourGuideService       : Track Location for user internalUser6900
2022-10-02 23:12:33.824  INFO 75568 --- [    Test worker] tourGuide.service.TourGuideService       : Track Location for user internalUser3000
2022-10-02 23:12:33.824  INFO 75568 --- [pool-7-thread-1] tourGuide.service.TourGuideService       : Track Location for user internalUser6902
2022-10-02 23:12:33.824  INFO 75568 --- [    Test worker] tourGuide.service.TourGuideService       : Track Location for user internalUser4331
2022-10-02 23:12:33.824  INFO 75568 --- [pool-7-thread-1] tourGuide.service.TourGuideService       : Track Location for user internalUser6901
2022-10-02 23:12:33.824  INFO 75568 --- [    Test worker] tourGuide.service.TourGuideService       : Track Location for user internalUser5661
2022-10-02 23:12:33.825  INFO 75568 --- [pool-7-thread-1] tourGuide.service.TourGuideService       : Track Location for user internalUser6904
2022-10-02 23:12:33.825  INFO 75568 --- [    Test worker] tourGuide.service.TourGuideService       : Track Location for user internalUser6992
2022-10-02 23:12:33.825  INFO 75568 --- [pool-7-thread-1] tourGuide.service.TourGuideService       : Track Location for user internalUser6903
2022-10-02 23:12:33.825  INFO 75568 --- [    Test worker] tourGuide.service.TourGuideService       : Track Location for user internalUser3001
2022-10-02 23:12:33.825  INFO 75568 --- [pool-7-thread-1] tourGuide.service.TourGuideService       : Track Location for user internalUser9179
2022-10-02 23:12:33.826  INFO 75568 --- [    Test worker] tourGuide.service.TourGuideService       : Track Location for user internalUser4332
2022-10-02 23:12:33.826  INFO 75568 --- [pool-7-thread-1] tourGuide.service.TourGuideService       : Track Location for user internalUser9177
2022-10-02 23:12:33.826  INFO 75568 --- [    Test worker] tourGuide.service.TourGuideService       : Track Location for user internalUser5664
2022-10-02 23:12:33.826  INFO 75568 --- [pool-7-thread-1] tourGuide.service.TourGuideService       : Track Location for user internalUser9178
2022-10-02 23:12:33.826  INFO 75568 --- [    Test worker] tourGuide.service.TourGuideService       : Track Location for user internalUser6995
2022-10-02 23:12:33.826  INFO 75568 --- [pool-7-thread-1] tourGuide.service.TourGuideService       : Track Location for user internalUser9182
2022-10-02 23:12:33.827  INFO 75568 --- [    Test worker] tourGuide.service.TourGuideService       : Track Location for user internalUser3002
2022-10-02 23:12:33.827  INFO 75568 --- [pool-7-thread-1] tourGuide.service.TourGuideService       : Track Location for user internalUser9183
2022-10-02 23:12:33.827  INFO 75568 --- [    Test worker] tourGuide.service.TourGuideService       : Track Location for user internalUser4333
2022-10-02 23:12:33.827  INFO 75568 --- [pool-7-thread-1] tourGuide.service.TourGuideService       : Track Location for user internalUser9180
2022-10-02 23:12:33.827  INFO 75568 --- [    Test worker] tourGuide.service.TourGuideService       : Track Location for user internalUser5663
2022-10-02 23:12:33.827  INFO 75568 --- [pool-7-thread-1] tourGuide.service.TourGuideService       : Track Location for user internalUser9181
2022-10-02 23:12:33.827  INFO 75568 --- [    Test worker] tourGuide.service.TourGuideService       : Track Location for user internalUser6994
2022-10-02 23:12:33.828  INFO 75568 --- [pool-7-thread-1] tourGuide.service.TourGuideService       : Track Location for user internalUser9186
2022-10-02 23:12:33.829  INFO 75568 --- [    Test worker] tourGuide.service.TourGuideService       : Track Location for user internalUser3014
2022-10-02 23:12:33.829  INFO 75568 --- [pool-7-thread-1] tourGuide.service.TourGuideService       : Track Location for user internalUser9187
2022-10-02 23:12:33.830  INFO 75568 --- [    Test worker] tourGuide.service.TourGuideService       : Track Location for user internalUser4345
2022-10-02 23:12:33.830  INFO 75568 --- [pool-7-thread-1] tourGuide.service.TourGuideService       : Track Location for user internalUser9184
2022-10-02 23:12:33.830  INFO 75568 --- [    Test worker] tourGuide.service.TourGuideService       : Track Location for user internalUser5677
2022-10-02 23:12:33.830  INFO 75568 --- [pool-7-thread-1] tourGuide.service.TourGuideService       : Track Location for user internalUser9185
2022-10-02 23:12:33.830  INFO 75568 --- [    Test worker] tourGuide.service.TourGuideService       : Track Location for user internalUser3015
2022-10-02 23:12:33.831  INFO 75568 --- [pool-7-thread-1] tourGuide.service.TourGuideService       : Track Location for user internalUser6906
2022-10-02 23:12:33.831  INFO 75568 --- [    Test worker] tourGuide.service.TourGuideService       : Track Location for user internalUser4346
2022-10-02 23:12:33.831  INFO 75568 --- [pool-7-thread-1] tourGuide.service.TourGuideService       : Track Location for user internalUser6905
2022-10-02 23:12:33.831  INFO 75568 --- [    Test worker] tourGuide.service.TourGuideService       : Track Location for user internalUser5676
2022-10-02 23:12:33.832  INFO 75568 --- [pool-7-thread-1] tourGuide.service.TourGuideService       : Track Location for user internalUser6908
2022-10-02 23:12:33.832  INFO 75568 --- [    Test worker] tourGuide.service.TourGuideService       : Track Location for user internalUser3016
2022-10-02 23:12:33.832  INFO 75568 --- [pool-7-thread-1] tourGuide.service.TourGuideService       : Track Location for user internalUser6907
2022-10-02 23:12:33.834  INFO 75568 --- [    Test worker] tourGuide.service.TourGuideService       : Track Location for user internalUser4347
2022-10-02 23:12:33.834  INFO 75568 --- [pool-7-thread-1] tourGuide.service.TourGuideService       : Track Location for user internalUser6909
2022-10-02 23:12:33.834  INFO 75568 --- [    Test worker] tourGuide.service.TourGuideService       : Track Location for user internalUser5679
2022-10-02 23:12:33.835  INFO 75568 --- [pool-7-thread-1] tourGuide.service.TourGuideService       : Track Location for user internalUser5622
2022-10-02 23:12:33.835  INFO 75568 --- [    Test worker] tourGuide.service.TourGuideService       : Track Location for user internalUser3017
2022-10-02 23:12:33.835  INFO 75568 --- [pool-7-thread-1] tourGuide.service.TourGuideService       : Track Location for user internalUser6953
2022-10-02 23:12:33.835  INFO 75568 --- [    Test worker] tourGuide.service.TourGuideService       : Track Location for user internalUser4348
2022-10-02 23:12:33.835  INFO 75568 --- [pool-7-thread-1] tourGuide.service.TourGuideService       : Track Location for user internalUser5621
2022-10-02 23:12:33.835  INFO 75568 --- [    Test worker] tourGuide.service.TourGuideService       : Track Location for user internalUser5678
2022-10-02 23:12:33.836  INFO 75568 --- [pool-7-thread-1] tourGuide.service.TourGuideService       : Track Location for user internalUser6952
2022-10-02 23:12:33.836  INFO 75568 --- [    Test worker] tourGuide.service.TourGuideService       : Track Location for user internalUser3018
2022-10-02 23:12:33.836  INFO 75568 --- [pool-7-thread-1] tourGuide.service.TourGuideService       : Track Location for user internalUser5624
2022-10-02 23:12:33.836  INFO 75568 --- [    Test worker] tourGuide.service.TourGuideService       : Track Location for user internalUser4349
2022-10-02 23:12:33.836  INFO 75568 --- [pool-7-thread-1] tourGuide.service.TourGuideService       : Track Location for user internalUser6955
2022-10-02 23:12:33.837  INFO 75568 --- [    Test worker] tourGuide.service.TourGuideService       : Track Location for user internalUser3019
2022-10-02 23:12:33.837  INFO 75568 --- [pool-7-thread-1] tourGuide.service.TourGuideService       : Track Location for user internalUser5623
2022-10-02 23:12:33.837  INFO 75568 --- [    Test worker] tourGuide.service.TourGuideService       : Track Location for user internalUser5671
2022-10-02 23:12:33.837  INFO 75568 --- [pool-7-thread-1] tourGuide.service.TourGuideService       : Track Location for user internalUser6954
2022-10-02 23:12:33.837  INFO 75568 --- [    Test worker] tourGuide.service.TourGuideService       : Track Location for user internalUser4340
2022-10-02 23:12:33.838  INFO 75568 --- [pool-7-thread-1] tourGuide.service.TourGuideService       : Track Location for user internalUser5626
2022-10-02 23:12:33.838  INFO 75568 --- [    Test worker] tourGuide.service.TourGuideService       : Track Location for user internalUser5670
2022-10-02 23:12:33.838  INFO 75568 --- [pool-7-thread-1] tourGuide.service.TourGuideService       : Track Location for user internalUser6957
2022-10-02 23:12:33.838  INFO 75568 --- [    Test worker] tourGuide.service.TourGuideService       : Track Location for user internalUser3010
2022-10-02 23:12:33.838  INFO 75568 --- [pool-7-thread-1] tourGuide.service.TourGuideService       : Track Location for user internalUser5625
2022-10-02 23:12:33.839  INFO 75568 --- [    Test worker] tourGuide.service.TourGuideService       : Track Location for user internalUser4341
2022-10-02 23:12:33.839  INFO 75568 --- [pool-7-thread-1] tourGuide.service.TourGuideService       : Track Location for user internalUser6956
2022-10-02 23:12:33.839  INFO 75568 --- [    Test worker] tourGuide.service.TourGuideService       : Track Location for user internalUser5673
2022-10-02 23:12:33.839  INFO 75568 --- [pool-7-thread-1] tourGuide.service.TourGuideService       : Track Location for user internalUser5628
2022-10-02 23:12:33.840  INFO 75568 --- [    Test worker] tourGuide.service.TourGuideService       : Track Location for user internalUser3011
2022-10-02 23:12:33.840  INFO 75568 --- [pool-7-thread-1] tourGuide.service.TourGuideService       : Track Location for user internalUser6959
2022-10-02 23:12:33.841  INFO 75568 --- [    Test worker] tourGuide.service.TourGuideService       : Track Location for user internalUser4342
2022-10-02 23:12:33.841  INFO 75568 --- [pool-7-thread-1] tourGuide.service.TourGuideService       : Track Location for user internalUser5627
2022-10-02 23:12:33.841  INFO 75568 --- [    Test worker] tourGuide.service.TourGuideService       : Track Location for user internalUser5672
2022-10-02 23:12:33.841  INFO 75568 --- [pool-7-thread-1] tourGuide.service.TourGuideService       : Track Location for user internalUser6958
2022-10-02 23:12:33.842  INFO 75568 --- [    Test worker] tourGuide.service.TourGuideService       : Track Location for user internalUser3012
2022-10-02 23:12:33.842  INFO 75568 --- [pool-7-thread-1] tourGuide.service.TourGuideService       : Track Location for user internalUser5620
2022-10-02 23:12:33.842  INFO 75568 --- [    Test worker] tourGuide.service.TourGuideService       : Track Location for user internalUser4343
2022-10-02 23:12:33.842  INFO 75568 --- [pool-7-thread-1] tourGuide.service.TourGuideService       : Track Location for user internalUser6951
2022-10-02 23:12:33.843  INFO 75568 --- [    Test worker] tourGuide.service.TourGuideService       : Track Location for user internalUser5675
2022-10-02 23:12:33.843  INFO 75568 --- [pool-7-thread-1] tourGuide.service.TourGuideService       : Track Location for user internalUser6950
2022-10-02 23:12:33.843  INFO 75568 --- [    Test worker] tourGuide.service.TourGuideService       : Track Location for user internalUser3013
2022-10-02 23:12:33.843  INFO 75568 --- [pool-7-thread-1] tourGuide.service.TourGuideService       : Track Location for user internalUser5629
2022-10-02 23:12:33.843  INFO 75568 --- [    Test worker] tourGuide.service.TourGuideService       : Track Location for user internalUser4344
2022-10-02 23:12:33.843  INFO 75568 --- [pool-7-thread-1] tourGuide.service.TourGuideService       : Track Location for user internalUser4301
2022-10-02 23:12:33.843  INFO 75568 --- [    Test worker] tourGuide.service.TourGuideService       : Track Location for user internalUser5674
2022-10-02 23:12:33.844  INFO 75568 --- [pool-7-thread-1] tourGuide.service.TourGuideService       : Track Location for user internalUser5633
2022-10-02 23:12:33.844  INFO 75568 --- [    Test worker] tourGuide.service.TourGuideService       : Track Location for user internalUser4312
2022-10-02 23:12:33.844  INFO 75568 --- [pool-7-thread-1] tourGuide.service.TourGuideService       : Track Location for user internalUser6964
2022-10-02 23:12:33.844  INFO 75568 --- [    Test worker] tourGuide.service.TourGuideService       : Track Location for user internalUser5644
2022-10-02 23:12:33.844  INFO 75568 --- [pool-7-thread-1] tourGuide.service.TourGuideService       : Track Location for user internalUser4302
2022-10-02 23:12:33.845  INFO 75568 --- [    Test worker] tourGuide.service.TourGuideService       : Track Location for user internalUser6975
2022-10-02 23:12:33.845  INFO 75568 --- [pool-7-thread-1] tourGuide.service.TourGuideService       : Track Location for user internalUser5632
2022-10-02 23:12:33.845  INFO 75568 --- [    Test worker] tourGuide.service.TourGuideService       : Track Location for user internalUser4313
2022-10-02 23:12:33.845  INFO 75568 --- [pool-7-thread-1] tourGuide.service.TourGuideService       : Track Location for user internalUser6963
2022-10-02 23:12:33.845  INFO 75568 --- [    Test worker] tourGuide.service.TourGuideService       : Track Location for user internalUser5643
2022-10-02 23:12:33.845  INFO 75568 --- [pool-7-thread-1] tourGuide.service.TourGuideService       : Track Location for user internalUser4303
2022-10-02 23:12:33.846  INFO 75568 --- [    Test worker] tourGuide.service.TourGuideService       : Track Location for user internalUser6974
2022-10-02 23:12:33.846  INFO 75568 --- [pool-7-thread-1] tourGuide.service.TourGuideService       : Track Location for user internalUser5635
2022-10-02 23:12:33.846  INFO 75568 --- [    Test worker] tourGuide.service.TourGuideService       : Track Location for user internalUser4314
2022-10-02 23:12:33.846  INFO 75568 --- [pool-7-thread-1] tourGuide.service.TourGuideService       : Track Location for user internalUser6966
2022-10-02 23:12:33.846  INFO 75568 --- [    Test worker] tourGuide.service.TourGuideService       : Track Location for user internalUser5646
2022-10-02 23:12:33.846  INFO 75568 --- [pool-7-thread-1] tourGuide.service.TourGuideService       : Track Location for user internalUser4304
2022-10-02 23:12:33.846  INFO 75568 --- [    Test worker] tourGuide.service.TourGuideService       : Track Location for user internalUser6977
2022-10-02 23:12:33.847  INFO 75568 --- [pool-7-thread-1] tourGuide.service.TourGuideService       : Track Location for user internalUser5634
2022-10-02 23:12:33.847  INFO 75568 --- [    Test worker] tourGuide.service.TourGuideService       : Track Location for user internalUser4315
2022-10-02 23:12:33.847  INFO 75568 --- [pool-7-thread-1] tourGuide.service.TourGuideService       : Track Location for user internalUser6965
2022-10-02 23:12:33.847  INFO 75568 --- [    Test worker] tourGuide.service.TourGuideService       : Track Location for user internalUser5645
2022-10-02 23:12:33.847  INFO 75568 --- [pool-7-thread-1] tourGuide.service.TourGuideService       : Track Location for user internalUser4305
2022-10-02 23:12:33.847  INFO 75568 --- [    Test worker] tourGuide.service.TourGuideService       : Track Location for user internalUser6976
2022-10-02 23:12:33.847  INFO 75568 --- [pool-7-thread-1] tourGuide.service.TourGuideService       : Track Location for user internalUser5637
2022-10-02 23:12:33.848  INFO 75568 --- [    Test worker] tourGuide.service.TourGuideService       : Track Location for user internalUser4316
2022-10-02 23:12:33.848  INFO 75568 --- [pool-7-thread-1] tourGuide.service.TourGuideService       : Track Location for user internalUser6968
2022-10-02 23:12:33.848  INFO 75568 --- [    Test worker] tourGuide.service.TourGuideService       : Track Location for user internalUser5648
2022-10-02 23:12:33.848  INFO 75568 --- [pool-7-thread-1] tourGuide.service.TourGuideService       : Track Location for user internalUser4306
2022-10-02 23:12:33.848  INFO 75568 --- [    Test worker] tourGuide.service.TourGuideService       : Track Location for user internalUser6979
2022-10-02 23:12:33.848  INFO 75568 --- [pool-7-thread-1] tourGuide.service.TourGuideService       : Track Location for user internalUser5636
2022-10-02 23:12:33.848  INFO 75568 --- [    Test worker] tourGuide.service.TourGuideService       : Track Location for user internalUser4317
2022-10-02 23:12:33.849  INFO 75568 --- [pool-7-thread-1] tourGuide.service.TourGuideService       : Track Location for user internalUser6967
2022-10-02 23:12:33.849  INFO 75568 --- [    Test worker] tourGuide.service.TourGuideService       : Track Location for user internalUser5647
2022-10-02 23:12:33.849  INFO 75568 --- [pool-7-thread-1] tourGuide.service.TourGuideService       : Track Location for user internalUser4307
2022-10-02 23:12:33.849  INFO 75568 --- [    Test worker] tourGuide.service.TourGuideService       : Track Location for user internalUser6978
2022-10-02 23:12:33.849  INFO 75568 --- [pool-7-thread-1] tourGuide.service.TourGuideService       : Track Location for user internalUser5639
2022-10-02 23:12:33.849  INFO 75568 --- [    Test worker] tourGuide.service.TourGuideService       : Track Location for user internalUser4318
2022-10-02 23:12:33.850  INFO 75568 --- [pool-7-thread-1] tourGuide.service.TourGuideService       : Track Location for user internalUser4308
2022-10-02 23:12:33.850  INFO 75568 --- [    Test worker] tourGuide.service.TourGuideService       : Track Location for user internalUser4319
2022-10-02 23:12:33.850  INFO 75568 --- [pool-7-thread-1] tourGuide.service.TourGuideService       : Track Location for user internalUser5638
2022-10-02 23:12:33.850  INFO 75568 --- [    Test worker] tourGuide.service.TourGuideService       : Track Location for user internalUser5649
2022-10-02 23:12:33.850  INFO 75568 --- [pool-7-thread-1] tourGuide.service.TourGuideService       : Track Location for user internalUser6969
2022-10-02 23:12:33.850  INFO 75568 --- [    Test worker] tourGuide.service.TourGuideService       : Track Location for user internalUser501
2022-10-02 23:12:33.850  INFO 75568 --- [pool-7-thread-1] tourGuide.service.TourGuideService       : Track Location for user internalUser6960
2022-10-02 23:12:33.850  INFO 75568 --- [    Test worker] tourGuide.service.TourGuideService       : Track Location for user internalUser502
2022-10-02 23:12:33.851  INFO 75568 --- [pool-7-thread-1] tourGuide.service.TourGuideService       : Track Location for user internalUser5631
2022-10-02 23:12:33.851  INFO 75568 --- [    Test worker] tourGuide.service.TourGuideService       : Track Location for user internalUser500
2022-10-02 23:12:33.851  INFO 75568 --- [pool-7-thread-1] tourGuide.service.TourGuideService       : Track Location for user internalUser6962
2022-10-02 23:12:33.851  INFO 75568 --- [    Test worker] tourGuide.service.TourGuideService       : Track Location for user internalUser5640
2022-10-02 23:12:33.851  INFO 75568 --- [pool-7-thread-1] tourGuide.service.TourGuideService       : Track Location for user internalUser4300
2022-10-02 23:12:33.851  INFO 75568 --- [    Test worker] tourGuide.service.TourGuideService       : Track Location for user internalUser6971
2022-10-02 23:12:33.852  INFO 75568 --- [pool-7-thread-1] tourGuide.service.TourGuideService       : Track Location for user internalUser5630
2022-10-02 23:12:33.852  INFO 75568 --- [    Test worker] tourGuide.service.TourGuideService       : Track Location for user internalUser6970
2022-10-02 23:12:33.852  INFO 75568 --- [pool-7-thread-1] tourGuide.service.TourGuideService       : Track Location for user internalUser6961
2022-10-02 23:12:33.852  INFO 75568 --- [    Test worker] tourGuide.service.TourGuideService       : Track Location for user internalUser4310
2022-10-02 23:12:33.852  INFO 75568 --- [pool-7-thread-1] tourGuide.service.TourGuideService       : Track Location for user internalUser4309
2022-10-02 23:12:33.853  INFO 75568 --- [    Test worker] tourGuide.service.TourGuideService       : Track Location for user internalUser5642
2022-10-02 23:12:33.853  INFO 75568 --- [pool-7-thread-1] tourGuide.service.TourGuideService       : Track Location for user internalUser5600
2022-10-02 23:12:33.853  INFO 75568 --- [    Test worker] tourGuide.service.TourGuideService       : Track Location for user internalUser6973
2022-10-02 23:12:33.853  INFO 75568 --- [pool-7-thread-1] tourGuide.service.TourGuideService       : Track Location for user internalUser6931
2022-10-02 23:12:33.853  INFO 75568 --- [    Test worker] tourGuide.service.TourGuideService       : Track Location for user internalUser4311
2022-10-02 23:12:33.853  INFO 75568 --- [pool-7-thread-1] tourGuide.service.TourGuideService       : Track Location for user internalUser6930
2022-10-02 23:12:33.853  INFO 75568 --- [    Test worker] tourGuide.service.TourGuideService       : Track Location for user internalUser5641
2022-10-02 23:12:33.854  INFO 75568 --- [pool-7-thread-1] tourGuide.service.TourGuideService       : Track Location for user internalUser5602
2022-10-02 23:12:33.854  INFO 75568 --- [    Test worker] tourGuide.service.TourGuideService       : Track Location for user internalUser6972
2022-10-02 23:12:33.854  INFO 75568 --- [pool-7-thread-1] tourGuide.service.TourGuideService       : Track Location for user internalUser6933
2022-10-02 23:12:33.854  INFO 75568 --- [    Test worker] tourGuide.service.TourGuideService       : Track Location for user internalUser509
2022-10-02 23:12:33.854  INFO 75568 --- [pool-7-thread-1] tourGuide.service.TourGuideService       : Track Location for user internalUser5601
2022-10-02 23:12:33.854  INFO 75568 --- [    Test worker] tourGuide.service.TourGuideService       : Track Location for user internalUser507
2022-10-02 23:12:33.855  INFO 75568 --- [pool-7-thread-1] tourGuide.service.TourGuideService       : Track Location for user internalUser6932
2022-10-02 23:12:33.855  INFO 75568 --- [    Test worker] tourGuide.service.TourGuideService       : Track Location for user internalUser508
2022-10-02 23:12:33.855  INFO 75568 --- [pool-7-thread-1] tourGuide.service.TourGuideService       : Track Location for user internalUser5604
2022-10-02 23:12:33.855  INFO 75568 --- [    Test worker] tourGuide.service.TourGuideService       : Track Location for user internalUser505
2022-10-02 23:12:33.855  INFO 75568 --- [pool-7-thread-1] tourGuide.service.TourGuideService       : Track Location for user internalUser6935
2022-10-02 23:12:33.855  INFO 75568 --- [    Test worker] tourGuide.service.TourGuideService       : Track Location for user internalUser506
2022-10-02 23:12:33.855  INFO 75568 --- [pool-7-thread-1] tourGuide.service.TourGuideService       : Track Location for user internalUser5603
2022-10-02 23:12:33.856  INFO 75568 --- [    Test worker] tourGuide.service.TourGuideService       : Track Location for user internalUser503
2022-10-02 23:12:33.856  INFO 75568 --- [pool-7-thread-1] tourGuide.service.TourGuideService       : Track Location for user internalUser6934
2022-10-02 23:12:33.856  INFO 75568 --- [    Test worker] tourGuide.service.TourGuideService       : Track Location for user internalUser504
2022-10-02 23:12:33.856  INFO 75568 --- [pool-7-thread-1] tourGuide.service.TourGuideService       : Track Location for user internalUser5606
2022-10-02 23:12:33.856  INFO 75568 --- [    Test worker] tourGuide.service.TourGuideService       : Track Location for user internalUser4323
2022-10-02 23:12:33.856  INFO 75568 --- [pool-7-thread-1] tourGuide.service.TourGuideService       : Track Location for user internalUser6937
2022-10-02 23:12:33.857  INFO 75568 --- [    Test worker] tourGuide.service.TourGuideService       : Track Location for user internalUser5655
2022-10-02 23:12:33.857  INFO 75568 --- [pool-7-thread-1] tourGuide.service.TourGuideService       : Track Location for user internalUser5605
2022-10-02 23:12:33.857  INFO 75568 --- [    Test worker] tourGuide.service.TourGuideService       : Track Location for user internalUser6986
2022-10-02 23:12:33.857  INFO 75568 --- [pool-7-thread-1] tourGuide.service.TourGuideService       : Track Location for user internalUser6936
2022-10-02 23:12:33.857  INFO 75568 --- [    Test worker] tourGuide.service.TourGuideService       : Track Location for user internalUser4324
2022-10-02 23:12:33.857  INFO 75568 --- [pool-7-thread-1] tourGuide.service.TourGuideService       : Track Location for user internalUser5608
2022-10-02 23:12:33.857  INFO 75568 --- [    Test worker] tourGuide.service.TourGuideService       : Track Location for user internalUser5654
2022-10-02 23:12:33.858  INFO 75568 --- [pool-7-thread-1] tourGuide.service.TourGuideService       : Track Location for user internalUser6939
2022-10-02 23:12:33.858  INFO 75568 --- [    Test worker] tourGuide.service.TourGuideService       : Track Location for user internalUser6985
2022-10-02 23:12:33.858  INFO 75568 --- [pool-7-thread-1] tourGuide.service.TourGuideService       : Track Location for user internalUser5607
2022-10-02 23:12:33.858  INFO 75568 --- [    Test worker] tourGuide.service.TourGuideService       : Track Location for user internalUser4325
2022-10-02 23:12:33.858  INFO 75568 --- [pool-7-thread-1] tourGuide.service.TourGuideService       : Track Location for user internalUser6938
2022-10-02 23:12:33.858  INFO 75568 --- [    Test worker] tourGuide.service.TourGuideService       : Track Location for user internalUser5657
2022-10-02 23:12:33.858  INFO 75568 --- [pool-7-thread-1] tourGuide.service.TourGuideService       : Track Location for user internalUser5609
2022-10-02 23:12:33.859  INFO 75568 --- [    Test worker] tourGuide.service.TourGuideService       : Track Location for user internalUser6988
2022-10-02 23:12:33.859  INFO 75568 --- [pool-7-thread-1] tourGuide.service.TourGuideService       : Track Location for user internalUser5611
2022-10-02 23:12:33.859  INFO 75568 --- [    Test worker] tourGuide.service.TourGuideService       : Track Location for user internalUser4326
2022-10-02 23:12:33.859  INFO 75568 --- [pool-7-thread-1] tourGuide.service.TourGuideService       : Track Location for user internalUser6942
2022-10-02 23:12:33.859  INFO 75568 --- [    Test worker] tourGuide.service.TourGuideService       : Track Location for user internalUser5656
2022-10-02 23:12:33.859  INFO 75568 --- [pool-7-thread-1] tourGuide.service.TourGuideService       : Track Location for user internalUser5610
2022-10-02 23:12:33.859  INFO 75568 --- [    Test worker] tourGuide.service.TourGuideService       : Track Location for user internalUser6987
2022-10-02 23:12:33.860  INFO 75568 --- [pool-7-thread-1] tourGuide.service.TourGuideService       : Track Location for user internalUser6941
2022-10-02 23:12:33.860  INFO 75568 --- [    Test worker] tourGuide.service.TourGuideService       : Track Location for user internalUser4327
2022-10-02 23:12:33.860  INFO 75568 --- [pool-7-thread-1] tourGuide.service.TourGuideService       : Track Location for user internalUser5613
2022-10-02 23:12:33.860  INFO 75568 --- [    Test worker] tourGuide.service.TourGuideService       : Track Location for user internalUser5659
2022-10-02 23:12:33.860  INFO 75568 --- [pool-7-thread-1] tourGuide.service.TourGuideService       : Track Location for user internalUser6944
2022-10-02 23:12:33.860  INFO 75568 --- [    Test worker] tourGuide.service.TourGuideService       : Track Location for user internalUser4328
2022-10-02 23:12:33.860  INFO 75568 --- [pool-7-thread-1] tourGuide.service.TourGuideService       : Track Location for user internalUser5612
2022-10-02 23:12:33.861  INFO 75568 --- [    Test worker] tourGuide.service.TourGuideService       : Track Location for user internalUser5658
2022-10-02 23:12:33.861  INFO 75568 --- [pool-7-thread-1] tourGuide.service.TourGuideService       : Track Location for user internalUser6943
2022-10-02 23:12:33.861  INFO 75568 --- [    Test worker] tourGuide.service.TourGuideService       : Track Location for user internalUser6989
2022-10-02 23:12:33.861  INFO 75568 --- [pool-7-thread-1] tourGuide.service.TourGuideService       : Track Location for user internalUser5615
2022-10-02 23:12:33.861  INFO 75568 --- [    Test worker] tourGuide.service.TourGuideService       : Track Location for user internalUser4329
2022-10-02 23:12:33.861  INFO 75568 --- [pool-7-thread-1] tourGuide.service.TourGuideService       : Track Location for user internalUser6946
2022-10-02 23:12:33.861  INFO 75568 --- [    Test worker] tourGuide.service.TourGuideService       : Track Location for user internalUser512
2022-10-02 23:12:33.862  INFO 75568 --- [pool-7-thread-1] tourGuide.service.TourGuideService       : Track Location for user internalUser5614
2022-10-02 23:12:33.862  INFO 75568 --- [    Test worker] tourGuide.service.TourGuideService       : Track Location for user internalUser513
2022-10-02 23:12:33.862  INFO 75568 --- [pool-7-thread-1] tourGuide.service.TourGuideService       : Track Location for user internalUser6945
2022-10-02 23:12:33.862  INFO 75568 --- [    Test worker] tourGuide.service.TourGuideService       : Track Location for user internalUser510
2022-10-02 23:12:33.862  INFO 75568 --- [pool-7-thread-1] tourGuide.service.TourGuideService       : Track Location for user internalUser5617
2022-10-02 23:12:33.862  INFO 75568 --- [    Test worker] tourGuide.service.TourGuideService       : Track Location for user internalUser6980
2022-10-02 23:12:33.863  INFO 75568 --- [pool-7-thread-1] tourGuide.service.TourGuideService       : Track Location for user internalUser6948
2022-10-02 23:12:33.863  INFO 75568 --- [    Test worker] tourGuide.service.TourGuideService       : Track Location for user internalUser511
2022-10-02 23:12:33.863  INFO 75568 --- [pool-7-thread-1] tourGuide.service.TourGuideService       : Track Location for user internalUser5616
2022-10-02 23:12:33.863  INFO 75568 --- [    Test worker] tourGuide.service.TourGuideService       : Track Location for user internalUser5651
2022-10-02 23:12:33.863  INFO 75568 --- [pool-7-thread-1] tourGuide.service.TourGuideService       : Track Location for user internalUser6947
2022-10-02 23:12:33.863  INFO 75568 --- [    Test worker] tourGuide.service.TourGuideService       : Track Location for user internalUser6982
2022-10-02 23:12:33.863  INFO 75568 --- [pool-7-thread-1] tourGuide.service.TourGuideService       : Track Location for user internalUser6940
2022-10-02 23:12:33.864  INFO 75568 --- [    Test worker] tourGuide.service.TourGuideService       : Track Location for user internalUser4320
2022-10-02 23:12:33.864  INFO 75568 --- [pool-7-thread-1] tourGuide.service.TourGuideService       : Track Location for user internalUser5619
2022-10-02 23:12:33.864  INFO 75568 --- [    Test worker] tourGuide.service.TourGuideService       : Track Location for user internalUser5650
2022-10-02 23:12:33.864  INFO 75568 --- [pool-7-thread-1] tourGuide.service.TourGuideService       : Track Location for user internalUser5618
2022-10-02 23:12:33.864  INFO 75568 --- [    Test worker] tourGuide.service.TourGuideService       : Track Location for user internalUser6981
2022-10-02 23:12:33.864  INFO 75568 --- [pool-7-thread-1] tourGuide.service.TourGuideService       : Track Location for user internalUser6949
2022-10-02 23:12:33.865  INFO 75568 --- [    Test worker] tourGuide.service.TourGuideService       : Track Location for user internalUser4321
2022-10-02 23:12:33.865  INFO 75568 --- [pool-7-thread-1] tourGuide.service.TourGuideService       : Track Location for user internalUser7165
2022-10-02 23:12:33.865  INFO 75568 --- [    Test worker] tourGuide.service.TourGuideService       : Track Location for user internalUser5653
2022-10-02 23:12:33.865  INFO 75568 --- [pool-7-thread-1] tourGuide.service.TourGuideService       : Track Location for user internalUser8497
2022-10-02 23:12:33.865  INFO 75568 --- [    Test worker] tourGuide.service.TourGuideService       : Track Location for user internalUser6984
2022-10-02 23:12:33.865  INFO 75568 --- [pool-7-thread-1] tourGuide.service.TourGuideService       : Track Location for user internalUser7164
2022-10-02 23:12:33.865  INFO 75568 --- [    Test worker] tourGuide.service.TourGuideService       : Track Location for user internalUser4322
2022-10-02 23:12:33.866  INFO 75568 --- [pool-7-thread-1] tourGuide.service.TourGuideService       : Track Location for user internalUser8498
2022-10-02 23:12:33.866  INFO 75568 --- [    Test worker] tourGuide.service.TourGuideService       : Track Location for user internalUser5652
2022-10-02 23:12:33.866  INFO 75568 --- [pool-7-thread-1] tourGuide.service.TourGuideService       : Track Location for user internalUser7167
2022-10-02 23:12:33.866  INFO 75568 --- [    Test worker] tourGuide.service.TourGuideService       : Track Location for user internalUser6983
2022-10-02 23:12:33.866  INFO 75568 --- [pool-7-thread-1] tourGuide.service.TourGuideService       : Track Location for user internalUser8495
2022-10-02 23:12:33.867  INFO 75568 --- [    Test worker] tourGuide.service.TourGuideService       : Track Location for user internalUser518
2022-10-02 23:12:33.867  INFO 75568 --- [pool-7-thread-1] tourGuide.service.TourGuideService       : Track Location for user internalUser7166
2022-10-02 23:12:33.867  INFO 75568 --- [    Test worker] tourGuide.service.TourGuideService       : Track Location for user internalUser519
2022-10-02 23:12:33.867  INFO 75568 --- [pool-7-thread-1] tourGuide.service.TourGuideService       : Track Location for user internalUser8496
2022-10-02 23:12:33.867  INFO 75568 --- [    Test worker] tourGuide.service.TourGuideService       : Track Location for user internalUser516
2022-10-02 23:12:33.867  INFO 75568 --- [pool-7-thread-1] tourGuide.service.TourGuideService       : Track Location for user internalUser7169
2022-10-02 23:12:33.868  INFO 75568 --- [    Test worker] tourGuide.service.TourGuideService       : Track Location for user internalUser517
2022-10-02 23:12:33.868  INFO 75568 --- [pool-7-thread-1] tourGuide.service.TourGuideService       : Track Location for user internalUser7168
2022-10-02 23:12:33.868  INFO 75568 --- [    Test worker] tourGuide.service.TourGuideService       : Track Location for user internalUser514
2022-10-02 23:12:33.868  INFO 75568 --- [pool-7-thread-1] tourGuide.service.TourGuideService       : Track Location for user internalUser8499
2022-10-02 23:12:33.868  INFO 75568 --- [    Test worker] tourGuide.service.TourGuideService       : Track Location for user internalUser515
2022-10-02 23:12:33.868  INFO 75568 --- [pool-7-thread-1] tourGuide.service.TourGuideService       : Track Location for user internalUser7170
2022-10-02 23:12:33.868  INFO 75568 --- [    Test worker] tourGuide.service.TourGuideService       : Track Location for user internalUser3047
2022-10-02 23:12:33.869  INFO 75568 --- [pool-7-thread-1] tourGuide.service.TourGuideService       : Track Location for user internalUser7172
2022-10-02 23:12:33.869  INFO 75568 --- [    Test worker] tourGuide.service.TourGuideService       : Track Location for user internalUser4378
2022-10-02 23:12:33.870  INFO 75568 --- [pool-7-thread-1] tourGuide.service.TourGuideService       : Track Location for user internalUser7171
2022-10-02 23:12:33.871  INFO 75568 --- [    Test worker] tourGuide.service.TourGuideService       : Track Location for user internalUser3048
2022-10-02 23:12:33.871  INFO 75568 --- [pool-7-thread-1] tourGuide.service.TourGuideService       : Track Location for user internalUser7174
2022-10-02 23:12:33.871  INFO 75568 --- [    Test worker] tourGuide.service.TourGuideService       : Track Location for user internalUser4379
2022-10-02 23:12:33.871  INFO 75568 --- [pool-7-thread-1] tourGuide.service.TourGuideService       : Track Location for user internalUser7173
2022-10-02 23:12:33.871  INFO 75568 --- [    Test worker] tourGuide.service.TourGuideService       : Track Location for user internalUser3049
2022-10-02 23:12:33.871  INFO 75568 --- [pool-7-thread-1] tourGuide.service.TourGuideService       : Track Location for user internalUser4900
2022-10-02 23:12:33.871  INFO 75568 --- [    Test worker] tourGuide.service.TourGuideService       : Track Location for user internalUser4370
2022-10-02 23:12:33.872  INFO 75568 --- [pool-7-thread-1] tourGuide.service.TourGuideService       : Track Location for user internalUser4901
2022-10-02 23:12:33.872  INFO 75568 --- [    Test worker] tourGuide.service.TourGuideService       : Track Location for user internalUser3040
2022-10-02 23:12:33.872  INFO 75568 --- [pool-7-thread-1] tourGuide.service.TourGuideService       : Track Location for user internalUser4902
2022-10-02 23:12:33.872  INFO 75568 --- [    Test worker] tourGuide.service.TourGuideService       : Track Location for user internalUser4371
2022-10-02 23:12:33.872  INFO 75568 --- [pool-7-thread-1] tourGuide.service.TourGuideService       : Track Location for user internalUser7176
2022-10-02 23:12:33.873  INFO 75568 --- [    Test worker] tourGuide.service.TourGuideService       : Track Location for user internalUser3041
2022-10-02 23:12:33.873  INFO 75568 --- [pool-7-thread-1] tourGuide.service.TourGuideService       : Track Location for user internalUser7175
2022-10-02 23:12:33.873  INFO 75568 --- [    Test worker] tourGuide.service.TourGuideService       : Track Location for user internalUser4372
2022-10-02 23:12:33.873  INFO 75568 --- [pool-7-thread-1] tourGuide.service.TourGuideService       : Track Location for user internalUser7178
2022-10-02 23:12:33.873  INFO 75568 --- [    Test worker] tourGuide.service.TourGuideService       : Track Location for user internalUser3042
2022-10-02 23:12:33.873  INFO 75568 --- [pool-7-thread-1] tourGuide.service.TourGuideService       : Track Location for user internalUser7177
2022-10-02 23:12:33.874  INFO 75568 --- [    Test worker] tourGuide.service.TourGuideService       : Track Location for user internalUser4373
2022-10-02 23:12:33.874  INFO 75568 --- [pool-7-thread-1] tourGuide.service.TourGuideService       : Track Location for user internalUser7179
2022-10-02 23:12:33.874  INFO 75568 --- [    Test worker] tourGuide.service.TourGuideService       : Track Location for user internalUser3043
2022-10-02 23:12:33.874  INFO 75568 --- [pool-7-thread-1] tourGuide.service.TourGuideService       : Track Location for user internalUser7181
2022-10-02 23:12:33.874  INFO 75568 --- [    Test worker] tourGuide.service.TourGuideService       : Track Location for user internalUser4374
2022-10-02 23:12:33.875  INFO 75568 --- [pool-7-thread-1] tourGuide.service.TourGuideService       : Track Location for user internalUser7180
2022-10-02 23:12:33.875  INFO 75568 --- [    Test worker] tourGuide.service.TourGuideService       : Track Location for user internalUser3044
2022-10-02 23:12:33.875  INFO 75568 --- [pool-7-thread-1] tourGuide.service.TourGuideService       : Track Location for user internalUser7183
2022-10-02 23:12:33.875  INFO 75568 --- [    Test worker] tourGuide.service.TourGuideService       : Track Location for user internalUser4375
2022-10-02 23:12:33.875  INFO 75568 --- [pool-7-thread-1] tourGuide.service.TourGuideService       : Track Location for user internalUser7182
2022-10-02 23:12:33.875  INFO 75568 --- [    Test worker] tourGuide.service.TourGuideService       : Track Location for user internalUser3045
2022-10-02 23:12:33.875  INFO 75568 --- [pool-7-thread-1] tourGuide.service.TourGuideService       : Track Location for user internalUser7185
2022-10-02 23:12:33.876  INFO 75568 --- [    Test worker] tourGuide.service.TourGuideService       : Track Location for user internalUser4376
2022-10-02 23:12:33.876  INFO 75568 --- [pool-7-thread-1] tourGuide.service.TourGuideService       : Track Location for user internalUser7184
2022-10-02 23:12:33.876  INFO 75568 --- [    Test worker] tourGuide.service.TourGuideService       : Track Location for user internalUser3046
2022-10-02 23:12:33.876  INFO 75568 --- [pool-7-thread-1] tourGuide.service.TourGuideService       : Track Location for user internalUser4903
2022-10-02 23:12:33.876  INFO 75568 --- [    Test worker] tourGuide.service.TourGuideService       : Track Location for user internalUser4377
2022-10-02 23:12:33.876  INFO 75568 --- [pool-7-thread-1] tourGuide.service.TourGuideService       : Track Location for user internalUser4904
2022-10-02 23:12:33.877  INFO 75568 --- [    Test worker] tourGuide.service.TourGuideService       : Track Location for user internalUser4380
2022-10-02 23:12:33.877  INFO 75568 --- [pool-7-thread-1] tourGuide.service.TourGuideService       : Track Location for user internalUser4905
2022-10-02 23:12:33.877  INFO 75568 --- [    Test worker] tourGuide.service.TourGuideService       : Track Location for user internalUser3058
2022-10-02 23:12:33.877  INFO 75568 --- [pool-7-thread-1] tourGuide.service.TourGuideService       : Track Location for user internalUser4906
2022-10-02 23:12:33.877  INFO 75568 --- [    Test worker] tourGuide.service.TourGuideService       : Track Location for user internalUser4389
2022-10-02 23:12:33.877  INFO 75568 --- [pool-7-thread-1] tourGuide.service.TourGuideService       : Track Location for user internalUser4907
2022-10-02 23:12:33.878  INFO 75568 --- [    Test worker] tourGuide.service.TourGuideService       : Track Location for user internalUser3059
2022-10-02 23:12:33.878  INFO 75568 --- [pool-7-thread-1] tourGuide.service.TourGuideService       : Track Location for user internalUser4908
2022-10-02 23:12:33.878  INFO 75568 --- [    Test worker] tourGuide.service.TourGuideService       : Track Location for user internalUser3050
2022-10-02 23:12:33.878  INFO 75568 --- [pool-7-thread-1] tourGuide.service.TourGuideService       : Track Location for user internalUser4909
2022-10-02 23:12:33.878  INFO 75568 --- [    Test worker] tourGuide.service.TourGuideService       : Track Location for user internalUser4381
2022-10-02 23:12:33.878  INFO 75568 --- [pool-7-thread-1] tourGuide.service.TourGuideService       : Track Location for user internalUser7143
2022-10-02 23:12:33.878  INFO 75568 --- [    Test worker] tourGuide.service.TourGuideService       : Track Location for user internalUser3051
2022-10-02 23:12:33.879  INFO 75568 --- [pool-7-thread-1] tourGuide.service.TourGuideService       : Track Location for user internalUser8475
2022-10-02 23:12:33.879  INFO 75568 --- [    Test worker] tourGuide.service.TourGuideService       : Track Location for user internalUser4382
2022-10-02 23:12:33.879  INFO 75568 --- [pool-7-thread-1] tourGuide.service.TourGuideService       : Track Location for user internalUser7142
2022-10-02 23:12:33.879  INFO 75568 --- [    Test worker] tourGuide.service.TourGuideService       : Track Location for user internalUser3052
2022-10-02 23:12:33.879  INFO 75568 --- [pool-7-thread-1] tourGuide.service.TourGuideService       : Track Location for user internalUser8476
2022-10-02 23:12:33.880  INFO 75568 --- [    Test worker] tourGuide.service.TourGuideService       : Track Location for user internalUser4383
2022-10-02 23:12:33.880  INFO 75568 --- [pool-7-thread-1] tourGuide.service.TourGuideService       : Track Location for user internalUser7145
2022-10-02 23:12:33.880  INFO 75568 --- [    Test worker] tourGuide.service.TourGuideService       : Track Location for user internalUser3053
2022-10-02 23:12:33.880  INFO 75568 --- [pool-7-thread-1] tourGuide.service.TourGuideService       : Track Location for user internalUser8473
2022-10-02 23:12:33.880  INFO 75568 --- [    Test worker] tourGuide.service.TourGuideService       : Track Location for user internalUser4384
2022-10-02 23:12:33.881  INFO 75568 --- [pool-7-thread-1] tourGuide.service.TourGuideService       : Track Location for user internalUser7144
2022-10-02 23:12:33.881  INFO 75568 --- [    Test worker] tourGuide.service.TourGuideService       : Track Location for user internalUser3054
2022-10-02 23:12:33.881  INFO 75568 --- [pool-7-thread-1] tourGuide.service.TourGuideService       : Track Location for user internalUser8474
2022-10-02 23:12:33.881  INFO 75568 --- [    Test worker] tourGuide.service.TourGuideService       : Track Location for user internalUser4385
2022-10-02 23:12:33.881  INFO 75568 --- [pool-7-thread-1] tourGuide.service.TourGuideService       : Track Location for user internalUser7147
2022-10-02 23:12:33.881  INFO 75568 --- [    Test worker] tourGuide.service.TourGuideService       : Track Location for user internalUser3055
2022-10-02 23:12:33.882  INFO 75568 --- [pool-7-thread-1] tourGuide.service.TourGuideService       : Track Location for user internalUser8479
2022-10-02 23:12:33.882  INFO 75568 --- [    Test worker] tourGuide.service.TourGuideService       : Track Location for user internalUser4386
2022-10-02 23:12:33.882  INFO 75568 --- [pool-7-thread-1] tourGuide.service.TourGuideService       : Track Location for user internalUser7146
2022-10-02 23:12:33.882  INFO 75568 --- [    Test worker] tourGuide.service.TourGuideService       : Track Location for user internalUser3056
2022-10-02 23:12:33.882  INFO 75568 --- [pool-7-thread-1] tourGuide.service.TourGuideService       : Track Location for user internalUser7149
2022-10-02 23:12:33.883  INFO 75568 --- [    Test worker] tourGuide.service.TourGuideService       : Track Location for user internalUser4387
2022-10-02 23:12:33.883  INFO 75568 --- [pool-7-thread-1] tourGuide.service.TourGuideService       : Track Location for user internalUser8477
2022-10-02 23:12:33.883  INFO 75568 --- [    Test worker] tourGuide.service.TourGuideService       : Track Location for user internalUser3057
2022-10-02 23:12:33.883  INFO 75568 --- [pool-7-thread-1] tourGuide.service.TourGuideService       : Track Location for user internalUser7148
2022-10-02 23:12:33.883  INFO 75568 --- [    Test worker] tourGuide.service.TourGuideService       : Track Location for user internalUser4388
2022-10-02 23:12:33.883  INFO 75568 --- [pool-7-thread-1] tourGuide.service.TourGuideService       : Track Location for user internalUser8478
2022-10-02 23:12:33.884  INFO 75568 --- [    Test worker] tourGuide.service.TourGuideService       : Track Location for user internalUser4390
2022-10-02 23:12:33.884  INFO 75568 --- [pool-7-thread-1] tourGuide.service.TourGuideService       : Track Location for user internalUser7150
2022-10-02 23:12:33.884  INFO 75568 --- [    Test worker] tourGuide.service.TourGuideService       : Track Location for user internalUser3060
2022-10-02 23:12:33.884  INFO 75568 --- [pool-7-thread-1] tourGuide.service.TourGuideService       : Track Location for user internalUser8482
2022-10-02 23:12:33.884  INFO 75568 --- [    Test worker] tourGuide.service.TourGuideService       : Track Location for user internalUser4391
2022-10-02 23:12:33.885  INFO 75568 --- [pool-7-thread-1] tourGuide.service.TourGuideService       : Track Location for user internalUser8483
2022-10-02 23:12:33.885  INFO 75568 --- [    Test worker] tourGuide.service.TourGuideService       : Track Location for user internalUser3025
2022-10-02 23:12:33.885  INFO 75568 --- [pool-7-thread-1] tourGuide.service.TourGuideService       : Track Location for user internalUser7152
2022-10-02 23:12:33.885  INFO 75568 --- [    Test worker] tourGuide.service.TourGuideService       : Track Location for user internalUser4356
2022-10-02 23:12:33.885  INFO 75568 --- [pool-7-thread-1] tourGuide.service.TourGuideService       : Track Location for user internalUser8480
2022-10-02 23:12:33.886  INFO 75568 --- [    Test worker] tourGuide.service.TourGuideService       : Track Location for user internalUser5688
2022-10-02 23:12:33.886  INFO 75568 --- [pool-7-thread-1] tourGuide.service.TourGuideService       : Track Location for user internalUser7151
2022-10-02 23:12:33.886  INFO 75568 --- [    Test worker] tourGuide.service.TourGuideService       : Track Location for user internalUser3026
2022-10-02 23:12:33.886  INFO 75568 --- [pool-7-thread-1] tourGuide.service.TourGuideService       : Track Location for user internalUser8481
2022-10-02 23:12:33.886  INFO 75568 --- [    Test worker] tourGuide.service.TourGuideService       : Track Location for user internalUser4357
2022-10-02 23:12:33.886  INFO 75568 --- [pool-7-thread-1] tourGuide.service.TourGuideService       : Track Location for user internalUser7154
2022-10-02 23:12:33.887  INFO 75568 --- [    Test worker] tourGuide.service.TourGuideService       : Track Location for user internalUser5687
2022-10-02 23:12:33.887  INFO 75568 --- [pool-7-thread-1] tourGuide.service.TourGuideService       : Track Location for user internalUser8486
2022-10-02 23:12:33.887  INFO 75568 --- [    Test worker] tourGuide.service.TourGuideService       : Track Location for user internalUser3027
2022-10-02 23:12:33.887  INFO 75568 --- [pool-7-thread-1] tourGuide.service.TourGuideService       : Track Location for user internalUser7153
2022-10-02 23:12:33.888  INFO 75568 --- [    Test worker] tourGuide.service.TourGuideService       : Track Location for user internalUser4358
2022-10-02 23:12:33.888  INFO 75568 --- [pool-7-thread-1] tourGuide.service.TourGuideService       : Track Location for user internalUser8487
2022-10-02 23:12:33.888  INFO 75568 --- [    Test worker] tourGuide.service.TourGuideService       : Track Location for user internalUser3028
2022-10-02 23:12:33.888  INFO 75568 --- [pool-7-thread-1] tourGuide.service.TourGuideService       : Track Location for user internalUser7156
2022-10-02 23:12:33.888  INFO 75568 --- [    Test worker] tourGuide.service.TourGuideService       : Track Location for user internalUser4359
2022-10-02 23:12:33.889  INFO 75568 --- [pool-7-thread-1] tourGuide.service.TourGuideService       : Track Location for user internalUser8484
2022-10-02 23:12:33.889  INFO 75568 --- [    Test worker] tourGuide.service.TourGuideService       : Track Location for user internalUser5689
2022-10-02 23:12:33.889  INFO 75568 --- [pool-7-thread-1] tourGuide.service.TourGuideService       : Track Location for user internalUser7155
2022-10-02 23:12:33.889  INFO 75568 --- [    Test worker] tourGuide.service.TourGuideService       : Track Location for user internalUser3029
2022-10-02 23:12:33.889  INFO 75568 --- [pool-7-thread-1] tourGuide.service.TourGuideService       : Track Location for user internalUser8485
2022-10-02 23:12:33.890  INFO 75568 --- [    Test worker] tourGuide.service.TourGuideService       : Track Location for user internalUser5680
2022-10-02 23:12:33.890  INFO 75568 --- [pool-7-thread-1] tourGuide.service.TourGuideService       : Track Location for user internalUser7158
2022-10-02 23:12:33.890  INFO 75568 --- [    Test worker] tourGuide.service.TourGuideService       : Track Location for user internalUser4350
2022-10-02 23:12:33.890  INFO 75568 --- [pool-7-thread-1] tourGuide.service.TourGuideService       : Track Location for user internalUser7157
2022-10-02 23:12:33.890  INFO 75568 --- [    Test worker] tourGuide.service.TourGuideService       : Track Location for user internalUser5682
2022-10-02 23:12:33.890  INFO 75568 --- [pool-7-thread-1] tourGuide.service.TourGuideService       : Track Location for user internalUser8488
2022-10-02 23:12:33.891  INFO 75568 --- [    Test worker] tourGuide.service.TourGuideService       : Track Location for user internalUser3020
2022-10-02 23:12:33.891  INFO 75568 --- [pool-7-thread-1] tourGuide.service.TourGuideService       : Track Location for user internalUser7159
2022-10-02 23:12:33.891  INFO 75568 --- [    Test worker] tourGuide.service.TourGuideService       : Track Location for user internalUser4351
2022-10-02 23:12:33.891  INFO 75568 --- [pool-7-thread-1] tourGuide.service.TourGuideService       : Track Location for user internalUser8489
2022-10-02 23:12:33.891  INFO 75568 --- [    Test worker] tourGuide.service.TourGuideService       : Track Location for user internalUser5681
2022-10-02 23:12:33.891  INFO 75568 --- [pool-7-thread-1] tourGuide.service.TourGuideService       : Track Location for user internalUser8490
2022-10-02 23:12:33.892  INFO 75568 --- [    Test worker] tourGuide.service.TourGuideService       : Track Location for user internalUser3021
2022-10-02 23:12:33.892  INFO 75568 --- [pool-7-thread-1] tourGuide.service.TourGuideService       : Track Location for user internalUser7161
2022-10-02 23:12:33.892  INFO 75568 --- [    Test worker] tourGuide.service.TourGuideService       : Track Location for user internalUser4352
2022-10-02 23:12:33.892  INFO 75568 --- [pool-7-thread-1] tourGuide.service.TourGuideService       : Track Location for user internalUser8493
2022-10-02 23:12:33.892  INFO 75568 --- [    Test worker] tourGuide.service.TourGuideService       : Track Location for user internalUser5684
2022-10-02 23:12:33.892  INFO 75568 --- [pool-7-thread-1] tourGuide.service.TourGuideService       : Track Location for user internalUser7160
2022-10-02 23:12:33.892  INFO 75568 --- [    Test worker] tourGuide.service.TourGuideService       : Track Location for user internalUser3022
2022-10-02 23:12:33.892  INFO 75568 --- [pool-7-thread-1] tourGuide.service.TourGuideService       : Track Location for user internalUser8494
2022-10-02 23:12:33.893  INFO 75568 --- [    Test worker] tourGuide.service.TourGuideService       : Track Location for user internalUser4353
2022-10-02 23:12:33.893  INFO 75568 --- [pool-7-thread-1] tourGuide.service.TourGuideService       : Track Location for user internalUser7163
2022-10-02 23:12:33.893  INFO 75568 --- [    Test worker] tourGuide.service.TourGuideService       : Track Location for user internalUser5683
2022-10-02 23:12:33.893  INFO 75568 --- [pool-7-thread-1] tourGuide.service.TourGuideService       : Track Location for user internalUser8491
2022-10-02 23:12:33.893  INFO 75568 --- [    Test worker] tourGuide.service.TourGuideService       : Track Location for user internalUser3023
2022-10-02 23:12:33.893  INFO 75568 --- [pool-7-thread-1] tourGuide.service.TourGuideService       : Track Location for user internalUser7162
2022-10-02 23:12:33.894  INFO 75568 --- [    Test worker] tourGuide.service.TourGuideService       : Track Location for user internalUser4354
2022-10-02 23:12:33.894  INFO 75568 --- [pool-7-thread-1] tourGuide.service.TourGuideService       : Track Location for user internalUser8492
2022-10-02 23:12:33.894  INFO 75568 --- [    Test worker] tourGuide.service.TourGuideService       : Track Location for user internalUser5686
2022-10-02 23:12:33.894  INFO 75568 --- [pool-7-thread-1] tourGuide.service.TourGuideService       : Track Location for user internalUser4930
2022-10-02 23:12:33.894  INFO 75568 --- [    Test worker] tourGuide.service.TourGuideService       : Track Location for user internalUser3024
2022-10-02 23:12:33.894  INFO 75568 --- [pool-7-thread-1] tourGuide.service.TourGuideService       : Track Location for user internalUser3600
2022-10-02 23:12:33.895  INFO 75568 --- [    Test worker] tourGuide.service.TourGuideService       : Track Location for user internalUser4355
2022-10-02 23:12:33.895  INFO 75568 --- [pool-7-thread-1] tourGuide.service.TourGuideService       : Track Location for user internalUser4931
2022-10-02 23:12:33.895  INFO 75568 --- [    Test worker] tourGuide.service.TourGuideService       : Track Location for user internalUser5685
2022-10-02 23:12:33.895  INFO 75568 --- [pool-7-thread-1] tourGuide.service.TourGuideService       : Track Location for user internalUser3601
2022-10-02 23:12:33.895  INFO 75568 --- [    Test worker] tourGuide.service.TourGuideService       : Track Location for user internalUser3036
2022-10-02 23:12:33.895  INFO 75568 --- [pool-7-thread-1] tourGuide.service.TourGuideService       : Track Location for user internalUser4932
2022-10-02 23:12:33.896  INFO 75568 --- [    Test worker] tourGuide.service.TourGuideService       : Track Location for user internalUser4367
2022-10-02 23:12:33.896  INFO 75568 --- [pool-7-thread-1] tourGuide.service.TourGuideService       : Track Location for user internalUser3602
2022-10-02 23:12:33.896  INFO 75568 --- [    Test worker] tourGuide.service.TourGuideService       : Track Location for user internalUser5699
2022-10-02 23:12:33.896  INFO 75568 --- [pool-7-thread-1] tourGuide.service.TourGuideService       : Track Location for user internalUser4933
2022-10-02 23:12:33.896  INFO 75568 --- [    Test worker] tourGuide.service.TourGuideService       : Track Location for user internalUser3037
2022-10-02 23:12:33.896  INFO 75568 --- [pool-7-thread-1] tourGuide.service.TourGuideService       : Track Location for user internalUser3603
2022-10-02 23:12:33.897  INFO 75568 --- [    Test worker] tourGuide.service.TourGuideService       : Track Location for user internalUser4368
2022-10-02 23:12:33.897  INFO 75568 --- [pool-7-thread-1] tourGuide.service.TourGuideService       : Track Location for user internalUser4934
2022-10-02 23:12:33.897  INFO 75568 --- [    Test worker] tourGuide.service.TourGuideService       : Track Location for user internalUser5698
2022-10-02 23:12:33.897  INFO 75568 --- [pool-7-thread-1] tourGuide.service.TourGuideService       : Track Location for user internalUser3604
2022-10-02 23:12:33.897  INFO 75568 --- [    Test worker] tourGuide.service.TourGuideService       : Track Location for user internalUser3038
2022-10-02 23:12:33.897  INFO 75568 --- [pool-7-thread-1] tourGuide.service.TourGuideService       : Track Location for user internalUser4935
2022-10-02 23:12:33.897  INFO 75568 --- [    Test worker] tourGuide.service.TourGuideService       : Track Location for user internalUser4369
2022-10-02 23:12:33.898  INFO 75568 --- [pool-7-thread-1] tourGuide.service.TourGuideService       : Track Location for user internalUser3605
2022-10-02 23:12:33.898  INFO 75568 --- [    Test worker] tourGuide.service.TourGuideService       : Track Location for user internalUser3039
2022-10-02 23:12:33.898  INFO 75568 --- [pool-7-thread-1] tourGuide.service.TourGuideService       : Track Location for user internalUser4936
2022-10-02 23:12:33.898  INFO 75568 --- [    Test worker] tourGuide.service.TourGuideService       : Track Location for user internalUser5691
2022-10-02 23:12:33.898  INFO 75568 --- [pool-7-thread-1] tourGuide.service.TourGuideService       : Track Location for user internalUser3606
2022-10-02 23:12:33.898  INFO 75568 --- [    Test worker] tourGuide.service.TourGuideService       : Track Location for user internalUser4360
2022-10-02 23:12:33.899  INFO 75568 --- [pool-7-thread-1] tourGuide.service.TourGuideService       : Track Location for user internalUser4937
2022-10-02 23:12:33.899  INFO 75568 --- [    Test worker] tourGuide.service.TourGuideService       : Track Location for user internalUser5690
2022-10-02 23:12:33.899  INFO 75568 --- [pool-7-thread-1] tourGuide.service.TourGuideService       : Track Location for user internalUser3607
2022-10-02 23:12:33.899  INFO 75568 --- [    Test worker] tourGuide.service.TourGuideService       : Track Location for user internalUser3030
2022-10-02 23:12:33.899  INFO 75568 --- [pool-7-thread-1] tourGuide.service.TourGuideService       : Track Location for user internalUser4938
2022-10-02 23:12:33.899  INFO 75568 --- [    Test worker] tourGuide.service.TourGuideService       : Track Location for user internalUser4361
2022-10-02 23:12:33.900  INFO 75568 --- [pool-7-thread-1] tourGuide.service.TourGuideService       : Track Location for user internalUser3608
2022-10-02 23:12:33.900  INFO 75568 --- [    Test worker] tourGuide.service.TourGuideService       : Track Location for user internalUser5693
2022-10-02 23:12:33.900  INFO 75568 --- [pool-7-thread-1] tourGuide.service.TourGuideService       : Track Location for user internalUser4939
2022-10-02 23:12:33.900  INFO 75568 --- [    Test worker] tourGuide.service.TourGuideService       : Track Location for user internalUser3031
2022-10-02 23:12:33.901  INFO 75568 --- [pool-7-thread-1] tourGuide.service.TourGuideService       : Track Location for user internalUser3609
2022-10-02 23:12:33.901  INFO 75568 --- [    Test worker] tourGuide.service.TourGuideService       : Track Location for user internalUser4362
2022-10-02 23:12:33.901  INFO 75568 --- [pool-7-thread-1] tourGuide.service.TourGuideService       : Track Location for user internalUser4940
2022-10-02 23:12:33.901  INFO 75568 --- [    Test worker] tourGuide.service.TourGuideService       : Track Location for user internalUser5692
2022-10-02 23:12:33.901  INFO 75568 --- [pool-7-thread-1] tourGuide.service.TourGuideService       : Track Location for user internalUser3610
2022-10-02 23:12:33.902  INFO 75568 --- [    Test worker] tourGuide.service.TourGuideService       : Track Location for user internalUser3032
2022-10-02 23:12:33.902  INFO 75568 --- [pool-7-thread-1] tourGuide.service.TourGuideService       : Track Location for user internalUser4941
2022-10-02 23:12:33.902  INFO 75568 --- [    Test worker] tourGuide.service.TourGuideService       : Track Location for user internalUser4363
2022-10-02 23:12:33.902  INFO 75568 --- [pool-7-thread-1] tourGuide.service.TourGuideService       : Track Location for user internalUser3611
2022-10-02 23:12:33.902  INFO 75568 --- [    Test worker] tourGuide.service.TourGuideService       : Track Location for user internalUser5695
2022-10-02 23:12:33.902  INFO 75568 --- [pool-7-thread-1] tourGuide.service.TourGuideService       : Track Location for user internalUser4942
2022-10-02 23:12:33.902  INFO 75568 --- [    Test worker] tourGuide.service.TourGuideService       : Track Location for user internalUser3033
2022-10-02 23:12:33.903  INFO 75568 --- [pool-7-thread-1] tourGuide.service.TourGuideService       : Track Location for user internalUser3612
2022-10-02 23:12:33.903  INFO 75568 --- [    Test worker] tourGuide.service.TourGuideService       : Track Location for user internalUser4364
2022-10-02 23:12:33.903  INFO 75568 --- [pool-7-thread-1] tourGuide.service.TourGuideService       : Track Location for user internalUser4943
2022-10-02 23:12:33.903  INFO 75568 --- [    Test worker] tourGuide.service.TourGuideService       : Track Location for user internalUser5694
2022-10-02 23:12:33.903  INFO 75568 --- [pool-7-thread-1] tourGuide.service.TourGuideService       : Track Location for user internalUser3613
2022-10-02 23:12:33.903  INFO 75568 --- [    Test worker] tourGuide.service.TourGuideService       : Track Location for user internalUser3034
2022-10-02 23:12:33.904  INFO 75568 --- [pool-7-thread-1] tourGuide.service.TourGuideService       : Track Location for user internalUser4944
2022-10-02 23:12:33.904  INFO 75568 --- [    Test worker] tourGuide.service.TourGuideService       : Track Location for user internalUser4365
2022-10-02 23:12:33.904  INFO 75568 --- [pool-7-thread-1] tourGuide.service.TourGuideService       : Track Location for user internalUser3614
2022-10-02 23:12:33.904  INFO 75568 --- [    Test worker] tourGuide.service.TourGuideService       : Track Location for user internalUser5697
2022-10-02 23:12:33.904  INFO 75568 --- [pool-7-thread-1] tourGuide.service.TourGuideService       : Track Location for user internalUser4945
2022-10-02 23:12:33.904  INFO 75568 --- [    Test worker] tourGuide.service.TourGuideService       : Track Location for user internalUser3035
2022-10-02 23:12:33.904  INFO 75568 --- [pool-7-thread-1] tourGuide.service.TourGuideService       : Track Location for user internalUser3615
2022-10-02 23:12:33.905  INFO 75568 --- [    Test worker] tourGuide.service.TourGuideService       : Track Location for user internalUser4366
2022-10-02 23:12:33.905  INFO 75568 --- [pool-7-thread-1] tourGuide.service.TourGuideService       : Track Location for user internalUser4946
2022-10-02 23:12:33.905  INFO 75568 --- [    Test worker] tourGuide.service.TourGuideService       : Track Location for user internalUser5696
2022-10-02 23:12:33.905  INFO 75568 --- [pool-7-thread-1] tourGuide.service.TourGuideService       : Track Location for user internalUser3616
2022-10-02 23:12:33.905  INFO 75568 --- [    Test worker] tourGuide.service.TourGuideService       : Track Location for user internalUser6911
2022-10-02 23:12:33.905  INFO 75568 --- [pool-7-thread-1] tourGuide.service.TourGuideService       : Track Location for user internalUser4947
2022-10-02 23:12:33.905  INFO 75568 --- [    Test worker] tourGuide.service.TourGuideService       : Track Location for user internalUser6910
2022-10-02 23:12:33.905  INFO 75568 --- [pool-7-thread-1] tourGuide.service.TourGuideService       : Track Location for user internalUser3617
2022-10-02 23:12:33.906  INFO 75568 --- [    Test worker] tourGuide.service.TourGuideService       : Track Location for user internalUser6913
2022-10-02 23:12:33.906  INFO 75568 --- [pool-7-thread-1] tourGuide.service.TourGuideService       : Track Location for user internalUser4948
2022-10-02 23:12:33.906  INFO 75568 --- [    Test worker] tourGuide.service.TourGuideService       : Track Location for user internalUser6912
2022-10-02 23:12:33.906  INFO 75568 --- [pool-7-thread-1] tourGuide.service.TourGuideService       : Track Location for user internalUser3618
2022-10-02 23:12:33.906  INFO 75568 --- [    Test worker] tourGuide.service.TourGuideService       : Track Location for user internalUser6915
2022-10-02 23:12:33.906  INFO 75568 --- [pool-7-thread-1] tourGuide.service.TourGuideService       : Track Location for user internalUser4949
2022-10-02 23:12:33.906  INFO 75568 --- [    Test worker] tourGuide.service.TourGuideService       : Track Location for user internalUser6914
2022-10-02 23:12:33.907  INFO 75568 --- [pool-7-thread-1] tourGuide.service.TourGuideService       : Track Location for user internalUser3619
2022-10-02 23:12:33.907  INFO 75568 --- [    Test worker] tourGuide.service.TourGuideService       : Track Location for user internalUser9188
2022-10-02 23:12:33.907  INFO 75568 --- [pool-7-thread-1] tourGuide.service.TourGuideService       : Track Location for user internalUser4910
2022-10-02 23:12:33.907  INFO 75568 --- [    Test worker] tourGuide.service.TourGuideService       : Track Location for user internalUser9189
2022-10-02 23:12:33.907  INFO 75568 --- [pool-7-thread-1] tourGuide.service.TourGuideService       : Track Location for user internalUser4911
2022-10-02 23:12:33.907  INFO 75568 --- [    Test worker] tourGuide.service.TourGuideService       : Track Location for user internalUser9193
2022-10-02 23:12:33.908  INFO 75568 --- [pool-7-thread-1] tourGuide.service.TourGuideService       : Track Location for user internalUser4912
2022-10-02 23:12:33.908  INFO 75568 --- [    Test worker] tourGuide.service.TourGuideService       : Track Location for user internalUser9194
2022-10-02 23:12:33.908  INFO 75568 --- [pool-7-thread-1] tourGuide.service.TourGuideService       : Track Location for user internalUser4913
2022-10-02 23:12:33.908  INFO 75568 --- [    Test worker] tourGuide.service.TourGuideService       : Track Location for user internalUser9191
2022-10-02 23:12:33.908  INFO 75568 --- [pool-7-thread-1] tourGuide.service.TourGuideService       : Track Location for user internalUser7187
2022-10-02 23:12:33.908  INFO 75568 --- [    Test worker] tourGuide.service.TourGuideService       : Track Location for user internalUser9192
2022-10-02 23:12:33.908  INFO 75568 --- [pool-7-thread-1] tourGuide.service.TourGuideService       : Track Location for user internalUser7186
2022-10-02 23:12:33.909  INFO 75568 --- [    Test worker] tourGuide.service.TourGuideService       : Track Location for user internalUser9197
2022-10-02 23:12:33.909  INFO 75568 --- [pool-7-thread-1] tourGuide.service.TourGuideService       : Track Location for user internalUser7189
2022-10-02 23:12:33.909  INFO 75568 --- [    Test worker] tourGuide.service.TourGuideService       : Track Location for user internalUser9198
2022-10-02 23:12:33.909  INFO 75568 --- [pool-7-thread-1] tourGuide.service.TourGuideService       : Track Location for user internalUser7188
2022-10-02 23:12:33.909  INFO 75568 --- [    Test worker] tourGuide.service.TourGuideService       : Track Location for user internalUser9195
2022-10-02 23:12:33.909  INFO 75568 --- [pool-7-thread-1] tourGuide.service.TourGuideService       : Track Location for user internalUser7190
2022-10-02 23:12:33.909  INFO 75568 --- [    Test worker] tourGuide.service.TourGuideService       : Track Location for user internalUser9196
2022-10-02 23:12:33.910  INFO 75568 --- [pool-7-thread-1] tourGuide.service.TourGuideService       : Track Location for user internalUser7192
2022-10-02 23:12:33.910  INFO 75568 --- [    Test worker] tourGuide.service.TourGuideService       : Track Location for user internalUser6917
2022-10-02 23:12:33.910  INFO 75568 --- [pool-7-thread-1] tourGuide.service.TourGuideService       : Track Location for user internalUser7191
2022-10-02 23:12:33.910  INFO 75568 --- [    Test worker] tourGuide.service.TourGuideService       : Track Location for user internalUser6916
2022-10-02 23:12:33.910  INFO 75568 --- [pool-7-thread-1] tourGuide.service.TourGuideService       : Track Location for user internalUser7194
2022-10-02 23:12:33.910  INFO 75568 --- [    Test worker] tourGuide.service.TourGuideService       : Track Location for user internalUser6919
2022-10-02 23:12:33.911  INFO 75568 --- [pool-7-thread-1] tourGuide.service.TourGuideService       : Track Location for user internalUser7193
2022-10-02 23:12:33.911  INFO 75568 --- [    Test worker] tourGuide.service.TourGuideService       : Track Location for user internalUser6918
2022-10-02 23:12:33.911  INFO 75568 --- [pool-7-thread-1] tourGuide.service.TourGuideService       : Track Location for user internalUser7196
2022-10-02 23:12:33.911  INFO 75568 --- [    Test worker] tourGuide.service.TourGuideService       : Track Location for user internalUser9190
2022-10-02 23:12:33.911  INFO 75568 --- [pool-7-thread-1] tourGuide.service.TourGuideService       : Track Location for user internalUser7195
2022-10-02 23:12:33.911  INFO 75568 --- [    Test worker] tourGuide.service.TourGuideService       : Track Location for user internalUser6920
2022-10-02 23:12:33.911  INFO 75568 --- [pool-7-thread-1] tourGuide.service.TourGuideService       : Track Location for user internalUser4914
2022-10-02 23:12:33.912  INFO 75568 --- [    Test worker] tourGuide.service.TourGuideService       : Track Location for user internalUser6922
2022-10-02 23:12:33.912  INFO 75568 --- [pool-7-thread-1] tourGuide.service.TourGuideService       : Track Location for user internalUser4915
2022-10-02 23:12:33.912  INFO 75568 --- [    Test worker] tourGuide.service.TourGuideService       : Track Location for user internalUser6921
2022-10-02 23:12:33.912  INFO 75568 --- [pool-7-thread-1] tourGuide.service.TourGuideService       : Track Location for user internalUser4916
2022-10-02 23:12:33.912  INFO 75568 --- [    Test worker] tourGuide.service.TourGuideService       : Track Location for user internalUser6924
2022-10-02 23:12:33.912  INFO 75568 --- [pool-7-thread-1] tourGuide.service.TourGuideService       : Track Location for user internalUser4917
2022-10-02 23:12:33.912  INFO 75568 --- [    Test worker] tourGuide.service.TourGuideService       : Track Location for user internalUser6923
2022-10-02 23:12:33.913  INFO 75568 --- [pool-7-thread-1] tourGuide.service.TourGuideService       : Track Location for user internalUser4918
2022-10-02 23:12:33.913  INFO 75568 --- [    Test worker] tourGuide.service.TourGuideService       : Track Location for user internalUser6926
2022-10-02 23:12:33.913  INFO 75568 --- [pool-7-thread-1] tourGuide.service.TourGuideService       : Track Location for user internalUser4919
2022-10-02 23:12:33.913  INFO 75568 --- [    Test worker] tourGuide.service.TourGuideService       : Track Location for user internalUser6925
2022-10-02 23:12:33.913  INFO 75568 --- [pool-7-thread-1] tourGuide.service.TourGuideService       : Track Location for user internalUser4920
2022-10-02 23:12:33.913  INFO 75568 --- [    Test worker] tourGuide.service.TourGuideService       : Track Location for user internalUser9199
2022-10-02 23:12:33.914  INFO 75568 --- [pool-7-thread-1] tourGuide.service.TourGuideService       : Track Location for user internalUser4921
2022-10-02 23:12:33.914  INFO 75568 --- [    Test worker] tourGuide.service.TourGuideService       : Track Location for user internalUser6928
2022-10-02 23:12:33.914  INFO 75568 --- [pool-7-thread-1] tourGuide.service.TourGuideService       : Track Location for user internalUser4922
2022-10-02 23:12:33.914  INFO 75568 --- [    Test worker] tourGuide.service.TourGuideService       : Track Location for user internalUser6927
2022-10-02 23:12:33.914  INFO 75568 --- [pool-7-thread-1] tourGuide.service.TourGuideService       : Track Location for user internalUser4923
2022-10-02 23:12:33.914  INFO 75568 --- [    Test worker] tourGuide.service.TourGuideService       : Track Location for user internalUser6929
2022-10-02 23:12:33.915  INFO 75568 --- [pool-7-thread-1] tourGuide.service.TourGuideService       : Track Location for user internalUser4924
2022-10-02 23:12:33.915  INFO 75568 --- [    Test worker] tourGuide.service.TourGuideService       : Track Location for user internalUser9168
2022-10-02 23:12:33.915  INFO 75568 --- [pool-7-thread-1] tourGuide.service.TourGuideService       : Track Location for user internalUser7198
2022-10-02 23:12:33.915  INFO 75568 --- [    Test worker] tourGuide.service.TourGuideService       : Track Location for user internalUser9169
2022-10-02 23:12:33.915  INFO 75568 --- [pool-7-thread-1] tourGuide.service.TourGuideService       : Track Location for user internalUser7197
2022-10-02 23:12:33.915  INFO 75568 --- [    Test worker] tourGuide.service.TourGuideService       : Track Location for user internalUser9166
2022-10-02 23:12:33.916  INFO 75568 --- [pool-7-thread-1] tourGuide.service.TourGuideService       : Track Location for user internalUser7199
2022-10-02 23:12:33.916  INFO 75568 --- [    Test worker] tourGuide.service.TourGuideService       : Track Location for user internalUser9167
2022-10-02 23:12:33.916  INFO 75568 --- [pool-7-thread-1] tourGuide.service.TourGuideService       : Track Location for user internalUser4925
2022-10-02 23:12:33.916  INFO 75568 --- [    Test worker] tourGuide.service.TourGuideService       : Track Location for user internalUser9171
2022-10-02 23:12:33.916  INFO 75568 --- [pool-7-thread-1] tourGuide.service.TourGuideService       : Track Location for user internalUser4926
2022-10-02 23:12:33.916  INFO 75568 --- [    Test worker] tourGuide.service.TourGuideService       : Track Location for user internalUser9172
2022-10-02 23:12:33.916  INFO 75568 --- [pool-7-thread-1] tourGuide.service.TourGuideService       : Track Location for user internalUser4927
2022-10-02 23:12:33.916  INFO 75568 --- [    Test worker] tourGuide.service.TourGuideService       : Track Location for user internalUser9170
2022-10-02 23:12:33.917  INFO 75568 --- [pool-7-thread-1] tourGuide.service.TourGuideService       : Track Location for user internalUser4928
2022-10-02 23:12:33.917  INFO 75568 --- [    Test worker] tourGuide.service.TourGuideService       : Track Location for user internalUser9175
2022-10-02 23:12:33.917  INFO 75568 --- [pool-7-thread-1] tourGuide.service.TourGuideService       : Track Location for user internalUser4929
2022-10-02 23:12:33.917  INFO 75568 --- [    Test worker] tourGuide.service.TourGuideService       : Track Location for user internalUser9176
2022-10-02 23:12:33.917  INFO 75568 --- [pool-7-thread-1] tourGuide.service.TourGuideService       : Track Location for user internalUser8417
2022-10-02 23:12:33.917  INFO 75568 --- [    Test worker] tourGuide.service.TourGuideService       : Track Location for user internalUser9173
2022-10-02 23:12:33.918  INFO 75568 --- [pool-7-thread-1] tourGuide.service.TourGuideService       : Track Location for user internalUser9748
2022-10-02 23:12:33.918  INFO 75568 --- [    Test worker] tourGuide.service.TourGuideService       : Track Location for user internalUser9174
2022-10-02 23:12:33.918  INFO 75568 --- [pool-7-thread-1] tourGuide.service.TourGuideService       : Track Location for user internalUser8418
2022-10-02 23:12:33.918  INFO 75568 --- [    Test worker] tourGuide.service.TourGuideService       : Track Location for user internalUser6900
2022-10-02 23:12:33.918  INFO 75568 --- [pool-7-thread-1] tourGuide.service.TourGuideService       : Track Location for user internalUser9749
2022-10-02 23:12:33.918  INFO 75568 --- [    Test worker] tourGuide.service.TourGuideService       : Track Location for user internalUser6902
2022-10-02 23:12:33.918  INFO 75568 --- [pool-7-thread-1] tourGuide.service.TourGuideService       : Track Location for user internalUser8415
2022-10-02 23:12:33.919  INFO 75568 --- [    Test worker] tourGuide.service.TourGuideService       : Track Location for user internalUser6901
2022-10-02 23:12:33.919  INFO 75568 --- [pool-7-thread-1] tourGuide.service.TourGuideService       : Track Location for user internalUser9746
2022-10-02 23:12:33.919  INFO 75568 --- [    Test worker] tourGuide.service.TourGuideService       : Track Location for user internalUser6904
2022-10-02 23:12:33.919  INFO 75568 --- [pool-7-thread-1] tourGuide.service.TourGuideService       : Track Location for user internalUser8416
2022-10-02 23:12:33.919  INFO 75568 --- [    Test worker] tourGuide.service.TourGuideService       : Track Location for user internalUser6903
2022-10-02 23:12:33.919  INFO 75568 --- [pool-7-thread-1] tourGuide.service.TourGuideService       : Track Location for user internalUser9747
2022-10-02 23:12:33.920  INFO 75568 --- [    Test worker] tourGuide.service.TourGuideService       : Track Location for user internalUser9179
2022-10-02 23:12:33.920  INFO 75568 --- [pool-7-thread-1] tourGuide.service.TourGuideService       : Track Location for user internalUser8419
2022-10-02 23:12:33.920  INFO 75568 --- [    Test worker] tourGuide.service.TourGuideService       : Track Location for user internalUser9177
2022-10-02 23:12:33.920  INFO 75568 --- [pool-7-thread-1] tourGuide.service.TourGuideService       : Track Location for user internalUser9740
2022-10-02 23:12:33.920  INFO 75568 --- [    Test worker] tourGuide.service.TourGuideService       : Track Location for user internalUser9178
2022-10-02 23:12:33.920  INFO 75568 --- [pool-7-thread-1] tourGuide.service.TourGuideService       : Track Location for user internalUser8410
2022-10-02 23:12:33.920  INFO 75568 --- [    Test worker] tourGuide.service.TourGuideService       : Track Location for user internalUser9182
2022-10-02 23:12:33.921  INFO 75568 --- [pool-7-thread-1] tourGuide.service.TourGuideService       : Track Location for user internalUser9741
2022-10-02 23:12:33.921  INFO 75568 --- [    Test worker] tourGuide.service.TourGuideService       : Track Location for user internalUser9183
2022-10-02 23:12:33.921  INFO 75568 --- [pool-7-thread-1] tourGuide.service.TourGuideService       : Track Location for user internalUser8413
2022-10-02 23:12:33.921  INFO 75568 --- [    Test worker] tourGuide.service.TourGuideService       : Track Location for user internalUser9180
2022-10-02 23:12:33.921  INFO 75568 --- [pool-7-thread-1] tourGuide.service.TourGuideService       : Track Location for user internalUser9744
2022-10-02 23:12:33.921  INFO 75568 --- [    Test worker] tourGuide.service.TourGuideService       : Track Location for user internalUser9181
2022-10-02 23:12:33.921  INFO 75568 --- [pool-7-thread-1] tourGuide.service.TourGuideService       : Track Location for user internalUser8414
2022-10-02 23:12:33.922  INFO 75568 --- [    Test worker] tourGuide.service.TourGuideService       : Track Location for user internalUser9186
2022-10-02 23:12:33.922  INFO 75568 --- [pool-7-thread-1] tourGuide.service.TourGuideService       : Track Location for user internalUser9745
2022-10-02 23:12:33.922  INFO 75568 --- [    Test worker] tourGuide.service.TourGuideService       : Track Location for user internalUser9187
2022-10-02 23:12:33.922  INFO 75568 --- [pool-7-thread-1] tourGuide.service.TourGuideService       : Track Location for user internalUser8411
2022-10-02 23:12:33.922  INFO 75568 --- [    Test worker] tourGuide.service.TourGuideService       : Track Location for user internalUser9184
2022-10-02 23:12:33.922  INFO 75568 --- [pool-7-thread-1] tourGuide.service.TourGuideService       : Track Location for user internalUser9742
2022-10-02 23:12:33.922  INFO 75568 --- [    Test worker] tourGuide.service.TourGuideService       : Track Location for user internalUser9185
2022-10-02 23:12:33.923  INFO 75568 --- [pool-7-thread-1] tourGuide.service.TourGuideService       : Track Location for user internalUser8412
2022-10-02 23:12:33.923  INFO 75568 --- [    Test worker] tourGuide.service.TourGuideService       : Track Location for user internalUser6906
2022-10-02 23:12:33.923  INFO 75568 --- [pool-7-thread-1] tourGuide.service.TourGuideService       : Track Location for user internalUser9743
2022-10-02 23:12:33.923  INFO 75568 --- [    Test worker] tourGuide.service.TourGuideService       : Track Location for user internalUser6905
2022-10-02 23:12:33.923  INFO 75568 --- [pool-7-thread-1] tourGuide.service.TourGuideService       : Track Location for user internalUser8428
2022-10-02 23:12:33.923  INFO 75568 --- [    Test worker] tourGuide.service.TourGuideService       : Track Location for user internalUser6908
2022-10-02 23:12:33.924  INFO 75568 --- [pool-7-thread-1] tourGuide.service.TourGuideService       : Track Location for user internalUser9759
2022-10-02 23:12:33.924  INFO 75568 --- [    Test worker] tourGuide.service.TourGuideService       : Track Location for user internalUser6907
2022-10-02 23:12:33.924  INFO 75568 --- [pool-7-thread-1] tourGuide.service.TourGuideService       : Track Location for user internalUser8429
2022-10-02 23:12:33.924  INFO 75568 --- [    Test worker] tourGuide.service.TourGuideService       : Track Location for user internalUser6909
2022-10-02 23:12:33.924  INFO 75568 --- [pool-7-thread-1] tourGuide.service.TourGuideService       : Track Location for user internalUser8426
2022-10-02 23:12:33.924  INFO 75568 --- [    Test worker] tourGuide.service.TourGuideService       : Track Location for user internalUser5622
2022-10-02 23:12:33.924  INFO 75568 --- [pool-7-thread-1] tourGuide.service.TourGuideService       : Track Location for user internalUser9757
2022-10-02 23:12:33.925  INFO 75568 --- [    Test worker] tourGuide.service.TourGuideService       : Track Location for user internalUser6953
2022-10-02 23:12:33.925  INFO 75568 --- [pool-7-thread-1] tourGuide.service.TourGuideService       : Track Location for user internalUser8427
2022-10-02 23:12:33.925  INFO 75568 --- [    Test worker] tourGuide.service.TourGuideService       : Track Location for user internalUser5621
2022-10-02 23:12:33.925  INFO 75568 --- [pool-7-thread-1] tourGuide.service.TourGuideService       : Track Location for user internalUser9758
2022-10-02 23:12:33.925  INFO 75568 --- [    Test worker] tourGuide.service.TourGuideService       : Track Location for user internalUser6952
2022-10-02 23:12:33.925  INFO 75568 --- [pool-7-thread-1] tourGuide.service.TourGuideService       : Track Location for user internalUser8420
2022-10-02 23:12:33.925  INFO 75568 --- [    Test worker] tourGuide.service.TourGuideService       : Track Location for user internalUser5624
2022-10-02 23:12:33.925  INFO 75568 --- [pool-7-thread-1] tourGuide.service.TourGuideService       : Track Location for user internalUser9751
2022-10-02 23:12:33.926  INFO 75568 --- [    Test worker] tourGuide.service.TourGuideService       : Track Location for user internalUser6955
2022-10-02 23:12:33.926  INFO 75568 --- [pool-7-thread-1] tourGuide.service.TourGuideService       : Track Location for user internalUser8421
2022-10-02 23:12:33.926  INFO 75568 --- [    Test worker] tourGuide.service.TourGuideService       : Track Location for user internalUser5623
2022-10-02 23:12:33.926  INFO 75568 --- [pool-7-thread-1] tourGuide.service.TourGuideService       : Track Location for user internalUser9752
2022-10-02 23:12:33.926  INFO 75568 --- [    Test worker] tourGuide.service.TourGuideService       : Track Location for user internalUser6954
2022-10-02 23:12:33.926  INFO 75568 --- [pool-7-thread-1] tourGuide.service.TourGuideService       : Track Location for user internalUser9750
2022-10-02 23:12:33.927  INFO 75568 --- [    Test worker] tourGuide.service.TourGuideService       : Track Location for user internalUser5626
2022-10-02 23:12:33.927  INFO 75568 --- [pool-7-thread-1] tourGuide.service.TourGuideService       : Track Location for user internalUser8424
2022-10-02 23:12:33.927  INFO 75568 --- [    Test worker] tourGuide.service.TourGuideService       : Track Location for user internalUser6957
2022-10-02 23:12:33.927  INFO 75568 --- [pool-7-thread-1] tourGuide.service.TourGuideService       : Track Location for user internalUser9755
2022-10-02 23:12:33.927  INFO 75568 --- [    Test worker] tourGuide.service.TourGuideService       : Track Location for user internalUser5625
2022-10-02 23:12:33.927  INFO 75568 --- [pool-7-thread-1] tourGuide.service.TourGuideService       : Track Location for user internalUser8425
2022-10-02 23:12:33.927  INFO 75568 --- [    Test worker] tourGuide.service.TourGuideService       : Track Location for user internalUser6956
2022-10-02 23:12:33.928  INFO 75568 --- [pool-7-thread-1] tourGuide.service.TourGuideService       : Track Location for user internalUser9756
2022-10-02 23:12:33.928  INFO 75568 --- [    Test worker] tourGuide.service.TourGuideService       : Track Location for user internalUser5628
2022-10-02 23:12:33.928  INFO 75568 --- [pool-7-thread-1] tourGuide.service.TourGuideService       : Track Location for user internalUser8422
2022-10-02 23:12:33.928  INFO 75568 --- [    Test worker] tourGuide.service.TourGuideService       : Track Location for user internalUser6959
2022-10-02 23:12:33.928  INFO 75568 --- [pool-7-thread-1] tourGuide.service.TourGuideService       : Track Location for user internalUser9753
2022-10-02 23:12:33.928  INFO 75568 --- [    Test worker] tourGuide.service.TourGuideService       : Track Location for user internalUser5627
2022-10-02 23:12:33.928  INFO 75568 --- [pool-7-thread-1] tourGuide.service.TourGuideService       : Track Location for user internalUser8423
2022-10-02 23:12:33.929  INFO 75568 --- [    Test worker] tourGuide.service.TourGuideService       : Track Location for user internalUser6958
2022-10-02 23:12:33.929  INFO 75568 --- [pool-7-thread-1] tourGuide.service.TourGuideService       : Track Location for user internalUser9754
2022-10-02 23:12:33.929  INFO 75568 --- [    Test worker] tourGuide.service.TourGuideService       : Track Location for user internalUser5620
2022-10-02 23:12:33.929  INFO 75568 --- [pool-7-thread-1] tourGuide.service.TourGuideService       : Track Location for user internalUser9726
2022-10-02 23:12:33.929  INFO 75568 --- [    Test worker] tourGuide.service.TourGuideService       : Track Location for user internalUser6951
2022-10-02 23:12:33.929  INFO 75568 --- [pool-7-thread-1] tourGuide.service.TourGuideService       : Track Location for user internalUser9727
2022-10-02 23:12:33.929  INFO 75568 --- [    Test worker] tourGuide.service.TourGuideService       : Track Location for user internalUser6950
2022-10-02 23:12:33.929  INFO 75568 --- [pool-7-thread-1] tourGuide.service.TourGuideService       : Track Location for user internalUser9724
2022-10-02 23:12:33.929  INFO 75568 --- [    Test worker] tourGuide.service.TourGuideService       : Track Location for user internalUser5629
2022-10-02 23:12:33.930  INFO 75568 --- [pool-7-thread-1] tourGuide.service.TourGuideService       : Track Location for user internalUser9725
2022-10-02 23:12:33.930  INFO 75568 --- [    Test worker] tourGuide.service.TourGuideService       : Track Location for user internalUser4301
2022-10-02 23:12:33.930  INFO 75568 --- [pool-7-thread-1] tourGuide.service.TourGuideService       : Track Location for user internalUser9728
2022-10-02 23:12:33.930  INFO 75568 --- [    Test worker] tourGuide.service.TourGuideService       : Track Location for user internalUser5633
2022-10-02 23:12:33.930  INFO 75568 --- [pool-7-thread-1] tourGuide.service.TourGuideService       : Track Location for user internalUser9729
2022-10-02 23:12:33.931  INFO 75568 --- [    Test worker] tourGuide.service.TourGuideService       : Track Location for user internalUser6964
2022-10-02 23:12:33.931  INFO 75568 --- [pool-7-thread-1] tourGuide.service.TourGuideService       : Track Location for user internalUser9722
2022-10-02 23:12:33.931  INFO 75568 --- [    Test worker] tourGuide.service.TourGuideService       : Track Location for user internalUser4302
2022-10-02 23:12:33.931  INFO 75568 --- [pool-7-thread-1] tourGuide.service.TourGuideService       : Track Location for user internalUser9723
2022-10-02 23:12:33.931  INFO 75568 --- [    Test worker] tourGuide.service.TourGuideService       : Track Location for user internalUser5632
2022-10-02 23:12:33.931  INFO 75568 --- [pool-7-thread-1] tourGuide.service.TourGuideService       : Track Location for user internalUser9720
2022-10-02 23:12:33.931  INFO 75568 --- [    Test worker] tourGuide.service.TourGuideService       : Track Location for user internalUser6963
2022-10-02 23:12:33.932  INFO 75568 --- [pool-7-thread-1] tourGuide.service.TourGuideService       : Track Location for user internalUser9721
2022-10-02 23:12:33.932  INFO 75568 --- [    Test worker] tourGuide.service.TourGuideService       : Track Location for user internalUser4303
2022-10-02 23:12:33.932  INFO 75568 --- [pool-7-thread-1] tourGuide.service.TourGuideService       : Track Location for user internalUser8406
2022-10-02 23:12:33.932  INFO 75568 --- [    Test worker] tourGuide.service.TourGuideService       : Track Location for user internalUser5635
2022-10-02 23:12:33.932  INFO 75568 --- [pool-7-thread-1] tourGuide.service.TourGuideService       : Track Location for user internalUser9737
2022-10-02 23:12:33.932  INFO 75568 --- [    Test worker] tourGuide.service.TourGuideService       : Track Location for user internalUser6966
2022-10-02 23:12:33.932  INFO 75568 --- [pool-7-thread-1] tourGuide.service.TourGuideService       : Track Location for user internalUser8407
2022-10-02 23:12:33.933  INFO 75568 --- [    Test worker] tourGuide.service.TourGuideService       : Track Location for user internalUser4304
2022-10-02 23:12:33.933  INFO 75568 --- [pool-7-thread-1] tourGuide.service.TourGuideService       : Track Location for user internalUser9738
2022-10-02 23:12:33.933  INFO 75568 --- [    Test worker] tourGuide.service.TourGuideService       : Track Location for user internalUser5634
2022-10-02 23:12:33.933  INFO 75568 --- [pool-7-thread-1] tourGuide.service.TourGuideService       : Track Location for user internalUser8404
2022-10-02 23:12:33.933  INFO 75568 --- [    Test worker] tourGuide.service.TourGuideService       : Track Location for user internalUser6965
2022-10-02 23:12:33.933  INFO 75568 --- [pool-7-thread-1] tourGuide.service.TourGuideService       : Track Location for user internalUser9735
2022-10-02 23:12:33.934  INFO 75568 --- [    Test worker] tourGuide.service.TourGuideService       : Track Location for user internalUser4305
2022-10-02 23:12:33.934  INFO 75568 --- [pool-7-thread-1] tourGuide.service.TourGuideService       : Track Location for user internalUser8405
2022-10-02 23:12:33.934  INFO 75568 --- [    Test worker] tourGuide.service.TourGuideService       : Track Location for user internalUser5637
2022-10-02 23:12:33.934  INFO 75568 --- [pool-7-thread-1] tourGuide.service.TourGuideService       : Track Location for user internalUser9736
2022-10-02 23:12:33.934  INFO 75568 --- [    Test worker] tourGuide.service.TourGuideService       : Track Location for user internalUser6968
2022-10-02 23:12:33.934  INFO 75568 --- [pool-7-thread-1] tourGuide.service.TourGuideService       : Track Location for user internalUser8408
2022-10-02 23:12:33.935  INFO 75568 --- [    Test worker] tourGuide.service.TourGuideService       : Track Location for user internalUser4306
2022-10-02 23:12:33.935  INFO 75568 --- [pool-7-thread-1] tourGuide.service.TourGuideService       : Track Location for user internalUser9739
2022-10-02 23:12:33.935  INFO 75568 --- [    Test worker] tourGuide.service.TourGuideService       : Track Location for user internalUser5636
2022-10-02 23:12:33.935  INFO 75568 --- [pool-7-thread-1] tourGuide.service.TourGuideService       : Track Location for user internalUser8409
2022-10-02 23:12:33.935  INFO 75568 --- [    Test worker] tourGuide.service.TourGuideService       : Track Location for user internalUser6967
2022-10-02 23:12:33.935  INFO 75568 --- [pool-7-thread-1] tourGuide.service.TourGuideService       : Track Location for user internalUser9730
2022-10-02 23:12:33.936  INFO 75568 --- [    Test worker] tourGuide.service.TourGuideService       : Track Location for user internalUser4307
2022-10-02 23:12:33.936  INFO 75568 --- [pool-7-thread-1] tourGuide.service.TourGuideService       : Track Location for user internalUser8402
2022-10-02 23:12:33.936  INFO 75568 --- [    Test worker] tourGuide.service.TourGuideService       : Track Location for user internalUser5639
2022-10-02 23:12:33.936  INFO 75568 --- [pool-7-thread-1] tourGuide.service.TourGuideService       : Track Location for user internalUser9733
2022-10-02 23:12:33.936  INFO 75568 --- [    Test worker] tourGuide.service.TourGuideService       : Track Location for user internalUser4308
2022-10-02 23:12:33.936  INFO 75568 --- [pool-7-thread-1] tourGuide.service.TourGuideService       : Track Location for user internalUser8403
2022-10-02 23:12:33.937  INFO 75568 --- [    Test worker] tourGuide.service.TourGuideService       : Track Location for user internalUser5638
2022-10-02 23:12:33.937  INFO 75568 --- [pool-7-thread-1] tourGuide.service.TourGuideService       : Track Location for user internalUser9734
2022-10-02 23:12:33.937  INFO 75568 --- [    Test worker] tourGuide.service.TourGuideService       : Track Location for user internalUser6969
2022-10-02 23:12:33.937  INFO 75568 --- [pool-7-thread-1] tourGuide.service.TourGuideService       : Track Location for user internalUser8400
2022-10-02 23:12:33.937  INFO 75568 --- [    Test worker] tourGuide.service.TourGuideService       : Track Location for user internalUser6960
2022-10-02 23:12:33.937  INFO 75568 --- [pool-7-thread-1] tourGuide.service.TourGuideService       : Track Location for user internalUser9731
2022-10-02 23:12:33.938  INFO 75568 --- [    Test worker] tourGuide.service.TourGuideService       : Track Location for user internalUser5631
2022-10-02 23:12:33.938  INFO 75568 --- [pool-7-thread-1] tourGuide.service.TourGuideService       : Track Location for user internalUser8401
2022-10-02 23:12:33.938  INFO 75568 --- [    Test worker] tourGuide.service.TourGuideService       : Track Location for user internalUser6962
2022-10-02 23:12:33.938  INFO 75568 --- [pool-7-thread-1] tourGuide.service.TourGuideService       : Track Location for user internalUser9732
2022-10-02 23:12:33.938  INFO 75568 --- [    Test worker] tourGuide.service.TourGuideService       : Track Location for user internalUser4300
2022-10-02 23:12:33.938  INFO 75568 --- [pool-7-thread-1] tourGuide.service.TourGuideService       : Track Location for user internalUser7129
2022-10-02 23:12:33.938  INFO 75568 --- [    Test worker] tourGuide.service.TourGuideService       : Track Location for user internalUser5630
2022-10-02 23:12:33.939  INFO 75568 --- [pool-7-thread-1] tourGuide.service.TourGuideService       : Track Location for user internalUser7128
2022-10-02 23:12:33.939  INFO 75568 --- [    Test worker] tourGuide.service.TourGuideService       : Track Location for user internalUser6961
2022-10-02 23:12:33.939  INFO 75568 --- [pool-7-thread-1] tourGuide.service.TourGuideService       : Track Location for user internalUser8459
2022-10-02 23:12:33.939  INFO 75568 --- [    Test worker] tourGuide.service.TourGuideService       : Track Location for user internalUser4309
2022-10-02 23:12:33.939  INFO 75568 --- [pool-7-thread-1] tourGuide.service.TourGuideService       : Track Location for user internalUser765
2022-10-02 23:12:33.939  INFO 75568 --- [    Test worker] tourGuide.service.TourGuideService       : Track Location for user internalUser5600
2022-10-02 23:12:33.940  INFO 75568 --- [pool-7-thread-1] tourGuide.service.TourGuideService       : Track Location for user internalUser7121
2022-10-02 23:12:33.940  INFO 75568 --- [    Test worker] tourGuide.service.TourGuideService       : Track Location for user internalUser6931
2022-10-02 23:12:33.940  INFO 75568 --- [pool-7-thread-1] tourGuide.service.TourGuideService       : Track Location for user internalUser8453
2022-10-02 23:12:33.940  INFO 75568 --- [    Test worker] tourGuide.service.TourGuideService       : Track Location for user internalUser6930
2022-10-02 23:12:33.940  INFO 75568 --- [pool-7-thread-1] tourGuide.service.TourGuideService       : Track Location for user internalUser9784
2022-10-02 23:12:33.940  INFO 75568 --- [    Test worker] tourGuide.service.TourGuideService       : Track Location for user internalUser5602
2022-10-02 23:12:33.940  INFO 75568 --- [pool-7-thread-1] tourGuide.service.TourGuideService       : Track Location for user internalUser766
2022-10-02 23:12:33.940  INFO 75568 --- [    Test worker] tourGuide.service.TourGuideService       : Track Location for user internalUser6933
2022-10-02 23:12:33.941  INFO 75568 --- [pool-7-thread-1] tourGuide.service.TourGuideService       : Track Location for user internalUser7120
2022-10-02 23:12:33.941  INFO 75568 --- [    Test worker] tourGuide.service.TourGuideService       : Track Location for user internalUser5601
2022-10-02 23:12:33.941  INFO 75568 --- [pool-7-thread-1] tourGuide.service.TourGuideService       : Track Location for user internalUser8454
2022-10-02 23:12:33.941  INFO 75568 --- [    Test worker] tourGuide.service.TourGuideService       : Track Location for user internalUser6932
2022-10-02 23:12:33.941  INFO 75568 --- [pool-7-thread-1] tourGuide.service.TourGuideService       : Track Location for user internalUser9785
2022-10-02 23:12:33.941  INFO 75568 --- [    Test worker] tourGuide.service.TourGuideService       : Track Location for user internalUser5604
2022-10-02 23:12:33.942  INFO 75568 --- [pool-7-thread-1] tourGuide.service.TourGuideService       : Track Location for user internalUser763
2022-10-02 23:12:33.942  INFO 75568 --- [    Test worker] tourGuide.service.TourGuideService       : Track Location for user internalUser6935
2022-10-02 23:12:33.942  INFO 75568 --- [pool-7-thread-1] tourGuide.service.TourGuideService       : Track Location for user internalUser7123
2022-10-02 23:12:33.942  INFO 75568 --- [    Test worker] tourGuide.service.TourGuideService       : Track Location for user internalUser5603
2022-10-02 23:12:33.942  INFO 75568 --- [pool-7-thread-1] tourGuide.service.TourGuideService       : Track Location for user internalUser8451
2022-10-02 23:12:33.942  INFO 75568 --- [    Test worker] tourGuide.service.TourGuideService       : Track Location for user internalUser6934
2022-10-02 23:12:33.943  INFO 75568 --- [pool-7-thread-1] tourGuide.service.TourGuideService       : Track Location for user internalUser9782
2022-10-02 23:12:33.943  INFO 75568 --- [    Test worker] tourGuide.service.TourGuideService       : Track Location for user internalUser5606
2022-10-02 23:12:33.943  INFO 75568 --- [pool-7-thread-1] tourGuide.service.TourGuideService       : Track Location for user internalUser764
2022-10-02 23:12:33.943  INFO 75568 --- [    Test worker] tourGuide.service.TourGuideService       : Track Location for user internalUser6937
2022-10-02 23:12:33.943  INFO 75568 --- [pool-7-thread-1] tourGuide.service.TourGuideService       : Track Location for user internalUser7122
2022-10-02 23:12:33.943  INFO 75568 --- [    Test worker] tourGuide.service.TourGuideService       : Track Location for user internalUser5605
2022-10-02 23:12:33.943  INFO 75568 --- [pool-7-thread-1] tourGuide.service.TourGuideService       : Track Location for user internalUser8452
2022-10-02 23:12:33.944  INFO 75568 --- [    Test worker] tourGuide.service.TourGuideService       : Track Location for user internalUser6936
2022-10-02 23:12:33.944  INFO 75568 --- [pool-7-thread-1] tourGuide.service.TourGuideService       : Track Location for user internalUser9783
2022-10-02 23:12:33.944  INFO 75568 --- [    Test worker] tourGuide.service.TourGuideService       : Track Location for user internalUser5608
2022-10-02 23:12:33.944  INFO 75568 --- [pool-7-thread-1] tourGuide.service.TourGuideService       : Track Location for user internalUser761
2022-10-02 23:12:33.944  INFO 75568 --- [    Test worker] tourGuide.service.TourGuideService       : Track Location for user internalUser6939
2022-10-02 23:12:33.944  INFO 75568 --- [pool-7-thread-1] tourGuide.service.TourGuideService       : Track Location for user internalUser7125
2022-10-02 23:12:33.944  INFO 75568 --- [    Test worker] tourGuide.service.TourGuideService       : Track Location for user internalUser5607
2022-10-02 23:12:33.945  INFO 75568 --- [pool-7-thread-1] tourGuide.service.TourGuideService       : Track Location for user internalUser8457
2022-10-02 23:12:33.945  INFO 75568 --- [    Test worker] tourGuide.service.TourGuideService       : Track Location for user internalUser6938
2022-10-02 23:12:33.945  INFO 75568 --- [pool-7-thread-1] tourGuide.service.TourGuideService       : Track Location for user internalUser9788
2022-10-02 23:12:33.945  INFO 75568 --- [    Test worker] tourGuide.service.TourGuideService       : Track Location for user internalUser5609
2022-10-02 23:12:33.945  INFO 75568 --- [pool-7-thread-1] tourGuide.service.TourGuideService       : Track Location for user internalUser762
2022-10-02 23:12:33.945  INFO 75568 --- [    Test worker] tourGuide.service.TourGuideService       : Track Location for user internalUser5611
2022-10-02 23:12:33.946  INFO 75568 --- [pool-7-thread-1] tourGuide.service.TourGuideService       : Track Location for user internalUser7124
2022-10-02 23:12:33.946  INFO 75568 --- [    Test worker] tourGuide.service.TourGuideService       : Track Location for user internalUser6942
2022-10-02 23:12:33.946  INFO 75568 --- [pool-7-thread-1] tourGuide.service.TourGuideService       : Track Location for user internalUser8458
2022-10-02 23:12:33.946  INFO 75568 --- [    Test worker] tourGuide.service.TourGuideService       : Track Location for user internalUser5610
2022-10-02 23:12:33.946  INFO 75568 --- [pool-7-thread-1] tourGuide.service.TourGuideService       : Track Location for user internalUser9789
2022-10-02 23:12:33.946  INFO 75568 --- [    Test worker] tourGuide.service.TourGuideService       : Track Location for user internalUser6941
2022-10-02 23:12:33.946  INFO 75568 --- [pool-7-thread-1] tourGuide.service.TourGuideService       : Track Location for user internalUser7127
2022-10-02 23:12:33.947  INFO 75568 --- [    Test worker] tourGuide.service.TourGuideService       : Track Location for user internalUser5613
2022-10-02 23:12:33.947  INFO 75568 --- [pool-7-thread-1] tourGuide.service.TourGuideService       : Track Location for user internalUser8455
2022-10-02 23:12:33.947  INFO 75568 --- [    Test worker] tourGuide.service.TourGuideService       : Track Location for user internalUser6944
2022-10-02 23:12:33.947  INFO 75568 --- [pool-7-thread-1] tourGuide.service.TourGuideService       : Track Location for user internalUser9786
2022-10-02 23:12:33.947  INFO 75568 --- [    Test worker] tourGuide.service.TourGuideService       : Track Location for user internalUser5612
2022-10-02 23:12:33.947  INFO 75568 --- [pool-7-thread-1] tourGuide.service.TourGuideService       : Track Location for user internalUser760
2022-10-02 23:12:33.947  INFO 75568 --- [    Test worker] tourGuide.service.TourGuideService       : Track Location for user internalUser6943
2022-10-02 23:12:33.948  INFO 75568 --- [pool-7-thread-1] tourGuide.service.TourGuideService       : Track Location for user internalUser7126
2022-10-02 23:12:33.948  INFO 75568 --- [    Test worker] tourGuide.service.TourGuideService       : Track Location for user internalUser5615
2022-10-02 23:12:33.948  INFO 75568 --- [pool-7-thread-1] tourGuide.service.TourGuideService       : Track Location for user internalUser8456
2022-10-02 23:12:33.948  INFO 75568 --- [    Test worker] tourGuide.service.TourGuideService       : Track Location for user internalUser6946
2022-10-02 23:12:33.948  INFO 75568 --- [pool-7-thread-1] tourGuide.service.TourGuideService       : Track Location for user internalUser9787
2022-10-02 23:12:33.948  INFO 75568 --- [    Test worker] tourGuide.service.TourGuideService       : Track Location for user internalUser5614
2022-10-02 23:12:33.949  INFO 75568 --- [pool-7-thread-1] tourGuide.service.TourGuideService       : Track Location for user internalUser769
2022-10-02 23:12:33.949  INFO 75568 --- [    Test worker] tourGuide.service.TourGuideService       : Track Location for user internalUser6945
2022-10-02 23:12:33.949  INFO 75568 --- [pool-7-thread-1] tourGuide.service.TourGuideService       : Track Location for user internalUser8460
2022-10-02 23:12:33.949  INFO 75568 --- [    Test worker] tourGuide.service.TourGuideService       : Track Location for user internalUser5617
2022-10-02 23:12:33.949  INFO 75568 --- [pool-7-thread-1] tourGuide.service.TourGuideService       : Track Location for user internalUser9791
2022-10-02 23:12:33.949  INFO 75568 --- [    Test worker] tourGuide.service.TourGuideService       : Track Location for user internalUser6948
2022-10-02 23:12:33.949  INFO 75568 --- [pool-7-thread-1] tourGuide.service.TourGuideService       : Track Location for user internalUser8461
2022-10-02 23:12:33.950  INFO 75568 --- [    Test worker] tourGuide.service.TourGuideService       : Track Location for user internalUser5616
2022-10-02 23:12:33.950  INFO 75568 --- [pool-7-thread-1] tourGuide.service.TourGuideService       : Track Location for user internalUser9792
2022-10-02 23:12:33.950  INFO 75568 --- [    Test worker] tourGuide.service.TourGuideService       : Track Location for user internalUser6947
2022-10-02 23:12:33.950  INFO 75568 --- [pool-7-thread-1] tourGuide.service.TourGuideService       : Track Location for user internalUser767
2022-10-02 23:12:33.950  INFO 75568 --- [    Test worker] tourGuide.service.TourGuideService       : Track Location for user internalUser6940
2022-10-02 23:12:33.950  INFO 75568 --- [pool-7-thread-1] tourGuide.service.TourGuideService       : Track Location for user internalUser7130
2022-10-02 23:12:33.951  INFO 75568 --- [    Test worker] tourGuide.service.TourGuideService       : Track Location for user internalUser5619
2022-10-02 23:12:33.951  INFO 75568 --- [pool-7-thread-1] tourGuide.service.TourGuideService       : Track Location for user internalUser768
2022-10-02 23:12:33.951  INFO 75568 --- [    Test worker] tourGuide.service.TourGuideService       : Track Location for user internalUser5618
2022-10-02 23:12:33.951  INFO 75568 --- [pool-7-thread-1] tourGuide.service.TourGuideService       : Track Location for user internalUser9790
2022-10-02 23:12:33.951  INFO 75568 --- [    Test worker] tourGuide.service.TourGuideService       : Track Location for user internalUser6949
2022-10-02 23:12:33.951  INFO 75568 --- [pool-7-thread-1] tourGuide.service.TourGuideService       : Track Location for user internalUser7139
2022-10-02 23:12:33.951  INFO 75568 --- [    Test worker] tourGuide.service.TourGuideService       : Track Location for user internalUser7165
2022-10-02 23:12:33.952  INFO 75568 --- [pool-7-thread-1] tourGuide.service.TourGuideService       : Track Location for user internalUser776
2022-10-02 23:12:33.952  INFO 75568 --- [    Test worker] tourGuide.service.TourGuideService       : Track Location for user internalUser8497
2022-10-02 23:12:33.952  INFO 75568 --- [pool-7-thread-1] tourGuide.service.TourGuideService       : Track Location for user internalUser7132
2022-10-02 23:12:33.952  INFO 75568 --- [    Test worker] tourGuide.service.TourGuideService       : Track Location for user internalUser7164
2022-10-02 23:12:33.952  INFO 75568 --- [pool-7-thread-1] tourGuide.service.TourGuideService       : Track Location for user internalUser8464
2022-10-02 23:12:33.952  INFO 75568 --- [    Test worker] tourGuide.service.TourGuideService       : Track Location for user internalUser8498
2022-10-02 23:12:33.952  INFO 75568 --- [pool-7-thread-1] tourGuide.service.TourGuideService       : Track Location for user internalUser9795
2022-10-02 23:12:33.953  INFO 75568 --- [    Test worker] tourGuide.service.TourGuideService       : Track Location for user internalUser7167
2022-10-02 23:12:33.953  INFO 75568 --- [pool-7-thread-1] tourGuide.service.TourGuideService       : Track Location for user internalUser777
2022-10-02 23:12:33.953  INFO 75568 --- [    Test worker] tourGuide.service.TourGuideService       : Track Location for user internalUser8495
2022-10-02 23:12:33.953  INFO 75568 --- [pool-7-thread-1] tourGuide.service.TourGuideService       : Track Location for user internalUser7131
2022-10-02 23:12:33.953  INFO 75568 --- [    Test worker] tourGuide.service.TourGuideService       : Track Location for user internalUser7166
2022-10-02 23:12:33.953  INFO 75568 --- [pool-7-thread-1] tourGuide.service.TourGuideService       : Track Location for user internalUser8465
2022-10-02 23:12:33.953  INFO 75568 --- [    Test worker] tourGuide.service.TourGuideService       : Track Location for user internalUser8496
2022-10-02 23:12:33.953  INFO 75568 --- [pool-7-thread-1] tourGuide.service.TourGuideService       : Track Location for user internalUser9796
2022-10-02 23:12:33.954  INFO 75568 --- [    Test worker] tourGuide.service.TourGuideService       : Track Location for user internalUser7169
2022-10-02 23:12:33.954  INFO 75568 --- [pool-7-thread-1] tourGuide.service.TourGuideService       : Track Location for user internalUser774
2022-10-02 23:12:33.954  INFO 75568 --- [    Test worker] tourGuide.service.TourGuideService       : Track Location for user internalUser7168
2022-10-02 23:12:33.954  INFO 75568 --- [pool-7-thread-1] tourGuide.service.TourGuideService       : Track Location for user internalUser7134
2022-10-02 23:12:33.954  INFO 75568 --- [    Test worker] tourGuide.service.TourGuideService       : Track Location for user internalUser8499
2022-10-02 23:12:33.954  INFO 75568 --- [pool-7-thread-1] tourGuide.service.TourGuideService       : Track Location for user internalUser8462
2022-10-02 23:12:33.955  INFO 75568 --- [    Test worker] tourGuide.service.TourGuideService       : Track Location for user internalUser7170
2022-10-02 23:12:33.955  INFO 75568 --- [pool-7-thread-1] tourGuide.service.TourGuideService       : Track Location for user internalUser9793
2022-10-02 23:12:33.955  INFO 75568 --- [    Test worker] tourGuide.service.TourGuideService       : Track Location for user internalUser7172
2022-10-02 23:12:33.955  INFO 75568 --- [pool-7-thread-1] tourGuide.service.TourGuideService       : Track Location for user internalUser775
2022-10-02 23:12:33.955  INFO 75568 --- [    Test worker] tourGuide.service.TourGuideService       : Track Location for user internalUser7171
2022-10-02 23:12:33.955  INFO 75568 --- [pool-7-thread-1] tourGuide.service.TourGuideService       : Track Location for user internalUser7133
2022-10-02 23:12:33.955  INFO 75568 --- [    Test worker] tourGuide.service.TourGuideService       : Track Location for user internalUser7174
2022-10-02 23:12:33.956  INFO 75568 --- [pool-7-thread-1] tourGuide.service.TourGuideService       : Track Location for user internalUser8463
2022-10-02 23:12:33.956  INFO 75568 --- [    Test worker] tourGuide.service.TourGuideService       : Track Location for user internalUser7173
2022-10-02 23:12:33.956  INFO 75568 --- [pool-7-thread-1] tourGuide.service.TourGuideService       : Track Location for user internalUser9794
2022-10-02 23:12:33.956  INFO 75568 --- [    Test worker] tourGuide.service.TourGuideService       : Track Location for user internalUser4900
2022-10-02 23:12:33.956  INFO 75568 --- [pool-7-thread-1] tourGuide.service.TourGuideService       : Track Location for user internalUser772
2022-10-02 23:12:33.956  INFO 75568 --- [    Test worker] tourGuide.service.TourGuideService       : Track Location for user internalUser4901
2022-10-02 23:12:33.957  INFO 75568 --- [pool-7-thread-1] tourGuide.service.TourGuideService       : Track Location for user internalUser7136
2022-10-02 23:12:33.957  INFO 75568 --- [    Test worker] tourGuide.service.TourGuideService       : Track Location for user internalUser4902
2022-10-02 23:12:33.957  INFO 75568 --- [pool-7-thread-1] tourGuide.service.TourGuideService       : Track Location for user internalUser8468
2022-10-02 23:12:33.957  INFO 75568 --- [    Test worker] tourGuide.service.TourGuideService       : Track Location for user internalUser7176
2022-10-02 23:12:33.957  INFO 75568 --- [pool-7-thread-1] tourGuide.service.TourGuideService       : Track Location for user internalUser9799
2022-10-02 23:12:33.957  INFO 75568 --- [    Test worker] tourGuide.service.TourGuideService       : Track Location for user internalUser7175
2022-10-02 23:12:33.957  INFO 75568 --- [pool-7-thread-1] tourGuide.service.TourGuideService       : Track Location for user internalUser773
2022-10-02 23:12:33.958  INFO 75568 --- [    Test worker] tourGuide.service.TourGuideService       : Track Location for user internalUser7178
2022-10-02 23:12:33.958  INFO 75568 --- [pool-7-thread-1] tourGuide.service.TourGuideService       : Track Location for user internalUser7135
2022-10-02 23:12:33.958  INFO 75568 --- [    Test worker] tourGuide.service.TourGuideService       : Track Location for user internalUser7177
2022-10-02 23:12:33.958  INFO 75568 --- [pool-7-thread-1] tourGuide.service.TourGuideService       : Track Location for user internalUser8469
2022-10-02 23:12:33.958  INFO 75568 --- [    Test worker] tourGuide.service.TourGuideService       : Track Location for user internalUser7179
2022-10-02 23:12:33.958  INFO 75568 --- [pool-7-thread-1] tourGuide.service.TourGuideService       : Track Location for user internalUser770
2022-10-02 23:12:33.959  INFO 75568 --- [    Test worker] tourGuide.service.TourGuideService       : Track Location for user internalUser7181
2022-10-02 23:12:33.959  INFO 75568 --- [pool-7-thread-1] tourGuide.service.TourGuideService       : Track Location for user internalUser7138
2022-10-02 23:12:33.959  INFO 75568 --- [    Test worker] tourGuide.service.TourGuideService       : Track Location for user internalUser7180
2022-10-02 23:12:33.959  INFO 75568 --- [pool-7-thread-1] tourGuide.service.TourGuideService       : Track Location for user internalUser8466
2022-10-02 23:12:33.959  INFO 75568 --- [    Test worker] tourGuide.service.TourGuideService       : Track Location for user internalUser7183
2022-10-02 23:12:33.959  INFO 75568 --- [pool-7-thread-1] tourGuide.service.TourGuideService       : Track Location for user internalUser9797
2022-10-02 23:12:33.959  INFO 75568 --- [    Test worker] tourGuide.service.TourGuideService       : Track Location for user internalUser7182
2022-10-02 23:12:33.959  INFO 75568 --- [pool-7-thread-1] tourGuide.service.TourGuideService       : Track Location for user internalUser771
2022-10-02 23:12:33.960  INFO 75568 --- [    Test worker] tourGuide.service.TourGuideService       : Track Location for user internalUser7185
2022-10-02 23:12:33.960  INFO 75568 --- [pool-7-thread-1] tourGuide.service.TourGuideService       : Track Location for user internalUser7137
2022-10-02 23:12:33.960  INFO 75568 --- [    Test worker] tourGuide.service.TourGuideService       : Track Location for user internalUser7184
2022-10-02 23:12:33.960  INFO 75568 --- [pool-7-thread-1] tourGuide.service.TourGuideService       : Track Location for user internalUser8467
2022-10-02 23:12:33.960  INFO 75568 --- [    Test worker] tourGuide.service.TourGuideService       : Track Location for user internalUser4903
2022-10-02 23:12:33.960  INFO 75568 --- [pool-7-thread-1] tourGuide.service.TourGuideService       : Track Location for user internalUser9798
2022-10-02 23:12:33.960  INFO 75568 --- [    Test worker] tourGuide.service.TourGuideService       : Track Location for user internalUser4904
2022-10-02 23:12:33.961  INFO 75568 --- [pool-7-thread-1] tourGuide.service.TourGuideService       : Track Location for user internalUser8471
2022-10-02 23:12:33.961  INFO 75568 --- [    Test worker] tourGuide.service.TourGuideService       : Track Location for user internalUser4905
2022-10-02 23:12:33.961  INFO 75568 --- [pool-7-thread-1] tourGuide.service.TourGuideService       : Track Location for user internalUser8472
2022-10-02 23:12:33.961  INFO 75568 --- [    Test worker] tourGuide.service.TourGuideService       : Track Location for user internalUser4906
2022-10-02 23:12:33.961  INFO 75568 --- [pool-7-thread-1] tourGuide.service.TourGuideService       : Track Location for user internalUser778
2022-10-02 23:12:33.961  INFO 75568 --- [    Test worker] tourGuide.service.TourGuideService       : Track Location for user internalUser4907
2022-10-02 23:12:33.961  INFO 75568 --- [pool-7-thread-1] tourGuide.service.TourGuideService       : Track Location for user internalUser7141
2022-10-02 23:12:33.962  INFO 75568 --- [    Test worker] tourGuide.service.TourGuideService       : Track Location for user internalUser4908
2022-10-02 23:12:33.962  INFO 75568 --- [pool-7-thread-1] tourGuide.service.TourGuideService       : Track Location for user internalUser779
2022-10-02 23:12:33.962  INFO 75568 --- [    Test worker] tourGuide.service.TourGuideService       : Track Location for user internalUser4909
2022-10-02 23:12:33.962  INFO 75568 --- [pool-7-thread-1] tourGuide.service.TourGuideService       : Track Location for user internalUser7140
2022-10-02 23:12:33.962  INFO 75568 --- [    Test worker] tourGuide.service.TourGuideService       : Track Location for user internalUser7143
2022-10-02 23:12:33.962  INFO 75568 --- [pool-7-thread-1] tourGuide.service.TourGuideService       : Track Location for user internalUser8470
2022-10-02 23:12:33.963  INFO 75568 --- [    Test worker] tourGuide.service.TourGuideService       : Track Location for user internalUser8475
2022-10-02 23:12:33.963  INFO 75568 --- [pool-7-thread-1] tourGuide.service.TourGuideService       : Track Location for user internalUser7107
2022-10-02 23:12:33.963  INFO 75568 --- [    Test worker] tourGuide.service.TourGuideService       : Track Location for user internalUser7142
2022-10-02 23:12:33.963  INFO 75568 --- [pool-7-thread-1] tourGuide.service.TourGuideService       : Track Location for user internalUser8439
2022-10-02 23:12:33.963  INFO 75568 --- [    Test worker] tourGuide.service.TourGuideService       : Track Location for user internalUser8476
2022-10-02 23:12:33.963  INFO 75568 --- [pool-7-thread-1] tourGuide.service.TourGuideService       : Track Location for user internalUser780
2022-10-02 23:12:33.963  INFO 75568 --- [    Test worker] tourGuide.service.TourGuideService       : Track Location for user internalUser7145
2022-10-02 23:12:33.964  INFO 75568 --- [pool-7-thread-1] tourGuide.service.TourGuideService       : Track Location for user internalUser7106
2022-10-02 23:12:33.964  INFO 75568 --- [    Test worker] tourGuide.service.TourGuideService       : Track Location for user internalUser8473
2022-10-02 23:12:33.964  INFO 75568 --- [pool-7-thread-1] tourGuide.service.TourGuideService       : Track Location for user internalUser7109
2022-10-02 23:12:33.964  INFO 75568 --- [    Test worker] tourGuide.service.TourGuideService       : Track Location for user internalUser7144
2022-10-02 23:12:33.964  INFO 75568 --- [pool-7-thread-1] tourGuide.service.TourGuideService       : Track Location for user internalUser8437
2022-10-02 23:12:33.964  INFO 75568 --- [    Test worker] tourGuide.service.TourGuideService       : Track Location for user internalUser8474
2022-10-02 23:12:33.965  INFO 75568 --- [pool-7-thread-1] tourGuide.service.TourGuideService       : Track Location for user internalUser9768
2022-10-02 23:12:33.965  INFO 75568 --- [    Test worker] tourGuide.service.TourGuideService       : Track Location for user internalUser7147
2022-10-02 23:12:33.965  INFO 75568 --- [pool-7-thread-1] tourGuide.service.TourGuideService       : Track Location for user internalUser7108
2022-10-02 23:12:33.965  INFO 75568 --- [    Test worker] tourGuide.service.TourGuideService       : Track Location for user internalUser8479
2022-10-02 23:12:33.965  INFO 75568 --- [pool-7-thread-1] tourGuide.service.TourGuideService       : Track Location for user internalUser8438
2022-10-02 23:12:33.965  INFO 75568 --- [    Test worker] tourGuide.service.TourGuideService       : Track Location for user internalUser7146
2022-10-02 23:12:33.965  INFO 75568 --- [pool-7-thread-1] tourGuide.service.TourGuideService       : Track Location for user internalUser9769
2022-10-02 23:12:33.965  INFO 75568 --- [    Test worker] tourGuide.service.TourGuideService       : Track Location for user internalUser7149
2022-10-02 23:12:33.966  INFO 75568 --- [pool-7-thread-1] tourGuide.service.TourGuideService       : Track Location for user internalUser787
2022-10-02 23:12:33.966  INFO 75568 --- [    Test worker] tourGuide.service.TourGuideService       : Track Location for user internalUser8477
2022-10-02 23:12:33.966  INFO 75568 --- [pool-7-thread-1] tourGuide.service.TourGuideService       : Track Location for user internalUser8431
2022-10-02 23:12:33.966  INFO 75568 --- [    Test worker] tourGuide.service.TourGuideService       : Track Location for user internalUser7148
2022-10-02 23:12:33.966  INFO 75568 --- [pool-7-thread-1] tourGuide.service.TourGuideService       : Track Location for user internalUser9762
2022-10-02 23:12:33.966  INFO 75568 --- [    Test worker] tourGuide.service.TourGuideService       : Track Location for user internalUser8478
2022-10-02 23:12:33.966  INFO 75568 --- [pool-7-thread-1] tourGuide.service.TourGuideService       : Track Location for user internalUser788
2022-10-02 23:12:33.967  INFO 75568 --- [    Test worker] tourGuide.service.TourGuideService       : Track Location for user internalUser7150
2022-10-02 23:12:33.967  INFO 75568 --- [pool-7-thread-1] tourGuide.service.TourGuideService       : Track Location for user internalUser8432
2022-10-02 23:12:33.967  INFO 75568 --- [    Test worker] tourGuide.service.TourGuideService       : Track Location for user internalUser8482
2022-10-02 23:12:33.967  INFO 75568 --- [pool-7-thread-1] tourGuide.service.TourGuideService       : Track Location for user internalUser9763
2022-10-02 23:12:33.967  INFO 75568 --- [    Test worker] tourGuide.service.TourGuideService       : Track Location for user internalUser8483
2022-10-02 23:12:33.967  INFO 75568 --- [pool-7-thread-1] tourGuide.service.TourGuideService       : Track Location for user internalUser785
2022-10-02 23:12:33.968  INFO 75568 --- [    Test worker] tourGuide.service.TourGuideService       : Track Location for user internalUser7152
2022-10-02 23:12:33.968  INFO 75568 --- [pool-7-thread-1] tourGuide.service.TourGuideService       : Track Location for user internalUser7101
2022-10-02 23:12:33.968  INFO 75568 --- [    Test worker] tourGuide.service.TourGuideService       : Track Location for user internalUser8480
2022-10-02 23:12:33.968  INFO 75568 --- [pool-7-thread-1] tourGuide.service.TourGuideService       : Track Location for user internalUser9760
2022-10-02 23:12:33.968  INFO 75568 --- [    Test worker] tourGuide.service.TourGuideService       : Track Location for user internalUser7151
2022-10-02 23:12:33.968  INFO 75568 --- [pool-7-thread-1] tourGuide.service.TourGuideService       : Track Location for user internalUser786
2022-10-02 23:12:33.968  INFO 75568 --- [    Test worker] tourGuide.service.TourGuideService       : Track Location for user internalUser8481
2022-10-02 23:12:33.969  INFO 75568 --- [pool-7-thread-1] tourGuide.service.TourGuideService       : Track Location for user internalUser7100
2022-10-02 23:12:33.969  INFO 75568 --- [    Test worker] tourGuide.service.TourGuideService       : Track Location for user internalUser7154
2022-10-02 23:12:33.969  INFO 75568 --- [pool-7-thread-1] tourGuide.service.TourGuideService       : Track Location for user internalUser8430
2022-10-02 23:12:33.969  INFO 75568 --- [    Test worker] tourGuide.service.TourGuideService       : Track Location for user internalUser8486
2022-10-02 23:12:33.969  INFO 75568 --- [pool-7-thread-1] tourGuide.service.TourGuideService       : Track Location for user internalUser9761
2022-10-02 23:12:33.969  INFO 75568 --- [    Test worker] tourGuide.service.TourGuideService       : Track Location for user internalUser7153
2022-10-02 23:12:33.969  INFO 75568 --- [pool-7-thread-1] tourGuide.service.TourGuideService       : Track Location for user internalUser783
2022-10-02 23:12:33.970  INFO 75568 --- [    Test worker] tourGuide.service.TourGuideService       : Track Location for user internalUser8487
2022-10-02 23:12:33.970  INFO 75568 --- [pool-7-thread-1] tourGuide.service.TourGuideService       : Track Location for user internalUser7103
2022-10-02 23:12:33.970  INFO 75568 --- [    Test worker] tourGuide.service.TourGuideService       : Track Location for user internalUser7156
2022-10-02 23:12:33.970  INFO 75568 --- [pool-7-thread-1] tourGuide.service.TourGuideService       : Track Location for user internalUser8435
2022-10-02 23:12:33.970  INFO 75568 --- [    Test worker] tourGuide.service.TourGuideService       : Track Location for user internalUser8484
2022-10-02 23:12:33.970  INFO 75568 --- [pool-7-thread-1] tourGuide.service.TourGuideService       : Track Location for user internalUser9766
2022-10-02 23:12:33.970  INFO 75568 --- [    Test worker] tourGuide.service.TourGuideService       : Track Location for user internalUser7155
2022-10-02 23:12:33.971  INFO 75568 --- [pool-7-thread-1] tourGuide.service.TourGuideService       : Track Location for user internalUser784
2022-10-02 23:12:33.971  INFO 75568 --- [    Test worker] tourGuide.service.TourGuideService       : Track Location for user internalUser8485
2022-10-02 23:12:33.971  INFO 75568 --- [pool-7-thread-1] tourGuide.service.TourGuideService       : Track Location for user internalUser7102
2022-10-02 23:12:33.971  INFO 75568 --- [    Test worker] tourGuide.service.TourGuideService       : Track Location for user internalUser7158
2022-10-02 23:12:33.971  INFO 75568 --- [pool-7-thread-1] tourGuide.service.TourGuideService       : Track Location for user internalUser8436
2022-10-02 23:12:33.971  INFO 75568 --- [    Test worker] tourGuide.service.TourGuideService       : Track Location for user internalUser7157
2022-10-02 23:12:33.971  INFO 75568 --- [pool-7-thread-1] tourGuide.service.TourGuideService       : Track Location for user internalUser9767
2022-10-02 23:12:33.972  INFO 75568 --- [    Test worker] tourGuide.service.TourGuideService       : Track Location for user internalUser8488
2022-10-02 23:12:33.972  INFO 75568 --- [pool-7-thread-1] tourGuide.service.TourGuideService       : Track Location for user internalUser781
2022-10-02 23:12:33.972  INFO 75568 --- [    Test worker] tourGuide.service.TourGuideService       : Track Location for user internalUser7159
2022-10-02 23:12:33.972  INFO 75568 --- [pool-7-thread-1] tourGuide.service.TourGuideService       : Track Location for user internalUser7105
2022-10-02 23:12:33.972  INFO 75568 --- [    Test worker] tourGuide.service.TourGuideService       : Track Location for user internalUser8489
2022-10-02 23:12:33.972  INFO 75568 --- [pool-7-thread-1] tourGuide.service.TourGuideService       : Track Location for user internalUser8433
2022-10-02 23:12:33.972  INFO 75568 --- [    Test worker] tourGuide.service.TourGuideService       : Track Location for user internalUser8490
2022-10-02 23:12:33.973  INFO 75568 --- [pool-7-thread-1] tourGuide.service.TourGuideService       : Track Location for user internalUser9764
2022-10-02 23:12:33.973  INFO 75568 --- [    Test worker] tourGuide.service.TourGuideService       : Track Location for user internalUser7161
2022-10-02 23:12:33.973  INFO 75568 --- [pool-7-thread-1] tourGuide.service.TourGuideService       : Track Location for user internalUser782
2022-10-02 23:12:33.973  INFO 75568 --- [    Test worker] tourGuide.service.TourGuideService       : Track Location for user internalUser8493
2022-10-02 23:12:33.973  INFO 75568 --- [pool-7-thread-1] tourGuide.service.TourGuideService       : Track Location for user internalUser7104
2022-10-02 23:12:33.973  INFO 75568 --- [    Test worker] tourGuide.service.TourGuideService       : Track Location for user internalUser7160
2022-10-02 23:12:33.974  INFO 75568 --- [pool-7-thread-1] tourGuide.service.TourGuideService       : Track Location for user internalUser8434
2022-10-02 23:12:33.974  INFO 75568 --- [    Test worker] tourGuide.service.TourGuideService       : Track Location for user internalUser8494
2022-10-02 23:12:33.974  INFO 75568 --- [pool-7-thread-1] tourGuide.service.TourGuideService       : Track Location for user internalUser9765
2022-10-02 23:12:33.974  INFO 75568 --- [    Test worker] tourGuide.service.TourGuideService       : Track Location for user internalUser7163
2022-10-02 23:12:33.974  INFO 75568 --- [pool-7-thread-1] tourGuide.service.TourGuideService       : Track Location for user internalUser9770
2022-10-02 23:12:33.974  INFO 75568 --- [    Test worker] tourGuide.service.TourGuideService       : Track Location for user internalUser8491
2022-10-02 23:12:33.974  INFO 75568 --- [pool-7-thread-1] tourGuide.service.TourGuideService       : Track Location for user internalUser789
2022-10-02 23:12:33.975  INFO 75568 --- [    Test worker] tourGuide.service.TourGuideService       : Track Location for user internalUser7162
2022-10-02 23:12:33.975  INFO 75568 --- [pool-7-thread-1] tourGuide.service.TourGuideService       : Track Location for user internalUser790
2022-10-02 23:12:33.975  INFO 75568 --- [    Test worker] tourGuide.service.TourGuideService       : Track Location for user internalUser8492
2022-10-02 23:12:33.975  INFO 75568 --- [pool-7-thread-1] tourGuide.service.TourGuideService       : Track Location for user internalUser7118
2022-10-02 23:12:33.975  INFO 75568 --- [    Test worker] tourGuide.service.TourGuideService       : Track Location for user internalUser4930
2022-10-02 23:12:33.975  INFO 75568 --- [pool-7-thread-1] tourGuide.service.TourGuideService       : Track Location for user internalUser791
2022-10-02 23:12:33.975  INFO 75568 --- [    Test worker] tourGuide.service.TourGuideService       : Track Location for user internalUser3600
2022-10-02 23:12:33.976  INFO 75568 --- [pool-7-thread-1] tourGuide.service.TourGuideService       : Track Location for user internalUser7117
2022-10-02 23:12:33.976  INFO 75568 --- [    Test worker] tourGuide.service.TourGuideService       : Track Location for user internalUser4931
2022-10-02 23:12:33.976  INFO 75568 --- [pool-7-thread-1] tourGuide.service.TourGuideService       : Track Location for user internalUser8448
2022-10-02 23:12:33.976  INFO 75568 --- [    Test worker] tourGuide.service.TourGuideService       : Track Location for user internalUser3601
2022-10-02 23:12:33.976  INFO 75568 --- [pool-7-thread-1] tourGuide.service.TourGuideService       : Track Location for user internalUser9779
2022-10-02 23:12:33.976  INFO 75568 --- [    Test worker] tourGuide.service.TourGuideService       : Track Location for user internalUser4932
2022-10-02 23:12:33.977  INFO 75568 --- [pool-7-thread-1] tourGuide.service.TourGuideService       : Track Location for user internalUser7119
2022-10-02 23:12:33.977  INFO 75568 --- [    Test worker] tourGuide.service.TourGuideService       : Track Location for user internalUser3602
2022-10-02 23:12:33.977  INFO 75568 --- [pool-7-thread-1] tourGuide.service.TourGuideService       : Track Location for user internalUser8449
2022-10-02 23:12:33.977  INFO 75568 --- [    Test worker] tourGuide.service.TourGuideService       : Track Location for user internalUser4933
2022-10-02 23:12:33.977  INFO 75568 --- [pool-7-thread-1] tourGuide.service.TourGuideService       : Track Location for user internalUser798
2022-10-02 23:12:33.977  INFO 75568 --- [    Test worker] tourGuide.service.TourGuideService       : Track Location for user internalUser3603
2022-10-02 23:12:33.977  INFO 75568 --- [pool-7-thread-1] tourGuide.service.TourGuideService       : Track Location for user internalUser7110
2022-10-02 23:12:33.978  INFO 75568 --- [    Test worker] tourGuide.service.TourGuideService       : Track Location for user internalUser4934
2022-10-02 23:12:33.978  INFO 75568 --- [pool-7-thread-1] tourGuide.service.TourGuideService       : Track Location for user internalUser8442
2022-10-02 23:12:33.978  INFO 75568 --- [    Test worker] tourGuide.service.TourGuideService       : Track Location for user internalUser3604
2022-10-02 23:12:33.978  INFO 75568 --- [pool-7-thread-1] tourGuide.service.TourGuideService       : Track Location for user internalUser9773
2022-10-02 23:12:33.978  INFO 75568 --- [    Test worker] tourGuide.service.TourGuideService       : Track Location for user internalUser4935
2022-10-02 23:12:33.978  INFO 75568 --- [pool-7-thread-1] tourGuide.service.TourGuideService       : Track Location for user internalUser799
2022-10-02 23:12:33.979  INFO 75568 --- [    Test worker] tourGuide.service.TourGuideService       : Track Location for user internalUser3605
2022-10-02 23:12:33.979  INFO 75568 --- [pool-7-thread-1] tourGuide.service.TourGuideService       : Track Location for user internalUser8443
2022-10-02 23:12:33.979  INFO 75568 --- [    Test worker] tourGuide.service.TourGuideService       : Track Location for user internalUser4936
2022-10-02 23:12:33.979  INFO 75568 --- [pool-7-thread-1] tourGuide.service.TourGuideService       : Track Location for user internalUser9774
2022-10-02 23:12:33.979  INFO 75568 --- [    Test worker] tourGuide.service.TourGuideService       : Track Location for user internalUser3606
2022-10-02 23:12:33.979  INFO 75568 --- [pool-7-thread-1] tourGuide.service.TourGuideService       : Track Location for user internalUser796
2022-10-02 23:12:33.980  INFO 75568 --- [    Test worker] tourGuide.service.TourGuideService       : Track Location for user internalUser4937
2022-10-02 23:12:33.980  INFO 75568 --- [pool-7-thread-1] tourGuide.service.TourGuideService       : Track Location for user internalUser7112
2022-10-02 23:12:33.980  INFO 75568 --- [    Test worker] tourGuide.service.TourGuideService       : Track Location for user internalUser3607
2022-10-02 23:12:33.980  INFO 75568 --- [pool-7-thread-1] tourGuide.service.TourGuideService       : Track Location for user internalUser8440
2022-10-02 23:12:33.980  INFO 75568 --- [    Test worker] tourGuide.service.TourGuideService       : Track Location for user internalUser4938
2022-10-02 23:12:33.980  INFO 75568 --- [pool-7-thread-1] tourGuide.service.TourGuideService       : Track Location for user internalUser9771
2022-10-02 23:12:33.980  INFO 75568 --- [    Test worker] tourGuide.service.TourGuideService       : Track Location for user internalUser3608
2022-10-02 23:12:33.980  INFO 75568 --- [pool-7-thread-1] tourGuide.service.TourGuideService       : Track Location for user internalUser797
2022-10-02 23:12:33.981  INFO 75568 --- [    Test worker] tourGuide.service.TourGuideService       : Track Location for user internalUser4939
2022-10-02 23:12:33.981  INFO 75568 --- [pool-7-thread-1] tourGuide.service.TourGuideService       : Track Location for user internalUser7111
2022-10-02 23:12:33.981  INFO 75568 --- [    Test worker] tourGuide.service.TourGuideService       : Track Location for user internalUser3609
2022-10-02 23:12:33.981  INFO 75568 --- [pool-7-thread-1] tourGuide.service.TourGuideService       : Track Location for user internalUser8441
2022-10-02 23:12:33.981  INFO 75568 --- [    Test worker] tourGuide.service.TourGuideService       : Track Location for user internalUser4940
2022-10-02 23:12:33.981  INFO 75568 --- [pool-7-thread-1] tourGuide.service.TourGuideService       : Track Location for user internalUser9772
2022-10-02 23:12:33.982  INFO 75568 --- [    Test worker] tourGuide.service.TourGuideService       : Track Location for user internalUser3610
2022-10-02 23:12:33.982  INFO 75568 --- [pool-7-thread-1] tourGuide.service.TourGuideService       : Track Location for user internalUser794
2022-10-02 23:12:33.982  INFO 75568 --- [    Test worker] tourGuide.service.TourGuideService       : Track Location for user internalUser4941
2022-10-02 23:12:33.982  INFO 75568 --- [pool-7-thread-1] tourGuide.service.TourGuideService       : Track Location for user internalUser7114
2022-10-02 23:12:33.982  INFO 75568 --- [    Test worker] tourGuide.service.TourGuideService       : Track Location for user internalUser3611
2022-10-02 23:12:33.982  INFO 75568 --- [pool-7-thread-1] tourGuide.service.TourGuideService       : Track Location for user internalUser8446
2022-10-02 23:12:33.982  INFO 75568 --- [    Test worker] tourGuide.service.TourGuideService       : Track Location for user internalUser4942
2022-10-02 23:12:33.983  INFO 75568 --- [pool-7-thread-1] tourGuide.service.TourGuideService       : Track Location for user internalUser9777
2022-10-02 23:12:33.983  INFO 75568 --- [    Test worker] tourGuide.service.TourGuideService       : Track Location for user internalUser3612
2022-10-02 23:12:33.983  INFO 75568 --- [pool-7-thread-1] tourGuide.service.TourGuideService       : Track Location for user internalUser795
2022-10-02 23:12:33.983  INFO 75568 --- [    Test worker] tourGuide.service.TourGuideService       : Track Location for user internalUser4943
2022-10-02 23:12:33.983  INFO 75568 --- [pool-7-thread-1] tourGuide.service.TourGuideService       : Track Location for user internalUser7113
2022-10-02 23:12:33.983  INFO 75568 --- [    Test worker] tourGuide.service.TourGuideService       : Track Location for user internalUser3613
2022-10-02 23:12:33.983  INFO 75568 --- [pool-7-thread-1] tourGuide.service.TourGuideService       : Track Location for user internalUser8447
2022-10-02 23:12:33.984  INFO 75568 --- [    Test worker] tourGuide.service.TourGuideService       : Track Location for user internalUser4944
2022-10-02 23:12:33.984  INFO 75568 --- [pool-7-thread-1] tourGuide.service.TourGuideService       : Track Location for user internalUser9778
2022-10-02 23:12:33.984  INFO 75568 --- [    Test worker] tourGuide.service.TourGuideService       : Track Location for user internalUser3614
2022-10-02 23:12:33.984  INFO 75568 --- [pool-7-thread-1] tourGuide.service.TourGuideService       : Track Location for user internalUser792
2022-10-02 23:12:33.984  INFO 75568 --- [    Test worker] tourGuide.service.TourGuideService       : Track Location for user internalUser4945
2022-10-02 23:12:33.984  INFO 75568 --- [pool-7-thread-1] tourGuide.service.TourGuideService       : Track Location for user internalUser7116
2022-10-02 23:12:33.985  INFO 75568 --- [    Test worker] tourGuide.service.TourGuideService       : Track Location for user internalUser3615
2022-10-02 23:12:33.985  INFO 75568 --- [pool-7-thread-1] tourGuide.service.TourGuideService       : Track Location for user internalUser8444
2022-10-02 23:12:33.985  INFO 75568 --- [    Test worker] tourGuide.service.TourGuideService       : Track Location for user internalUser4946
2022-10-02 23:12:33.985  INFO 75568 --- [pool-7-thread-1] tourGuide.service.TourGuideService       : Track Location for user internalUser9775
2022-10-02 23:12:33.985  INFO 75568 --- [    Test worker] tourGuide.service.TourGuideService       : Track Location for user internalUser3616
2022-10-02 23:12:33.985  INFO 75568 --- [pool-7-thread-1] tourGuide.service.TourGuideService       : Track Location for user internalUser793
2022-10-02 23:12:33.986  INFO 75568 --- [    Test worker] tourGuide.service.TourGuideService       : Track Location for user internalUser4947
2022-10-02 23:12:33.986  INFO 75568 --- [pool-7-thread-1] tourGuide.service.TourGuideService       : Track Location for user internalUser7115
2022-10-02 23:12:33.986  INFO 75568 --- [    Test worker] tourGuide.service.TourGuideService       : Track Location for user internalUser3617
2022-10-02 23:12:33.986  INFO 75568 --- [pool-7-thread-1] tourGuide.service.TourGuideService       : Track Location for user internalUser8445
2022-10-02 23:12:33.986  INFO 75568 --- [    Test worker] tourGuide.service.TourGuideService       : Track Location for user internalUser4948
2022-10-02 23:12:33.986  INFO 75568 --- [pool-7-thread-1] tourGuide.service.TourGuideService       : Track Location for user internalUser9776
2022-10-02 23:12:33.986  INFO 75568 --- [    Test worker] tourGuide.service.TourGuideService       : Track Location for user internalUser3618
2022-10-02 23:12:33.987  INFO 75568 --- [pool-7-thread-1] tourGuide.service.TourGuideService       : Track Location for user internalUser9780
2022-10-02 23:12:33.987  INFO 75568 --- [    Test worker] tourGuide.service.TourGuideService       : Track Location for user internalUser4949
2022-10-02 23:12:33.987  INFO 75568 --- [pool-7-thread-1] tourGuide.service.TourGuideService       : Track Location for user internalUser8450
2022-10-02 23:12:33.987  INFO 75568 --- [    Test worker] tourGuide.service.TourGuideService       : Track Location for user internalUser3619
2022-10-02 23:12:33.987  INFO 75568 --- [pool-7-thread-1] tourGuide.service.TourGuideService       : Track Location for user internalUser9781
2022-10-02 23:12:33.987  INFO 75568 --- [    Test worker] tourGuide.service.TourGuideService       : Track Location for user internalUser4910
2022-10-02 23:12:33.988  INFO 75568 --- [pool-7-thread-1] tourGuide.service.TourGuideService       : Track Location for user internalUser2276
2022-10-02 23:12:33.988  INFO 75568 --- [    Test worker] tourGuide.service.TourGuideService       : Track Location for user internalUser4911
2022-10-02 23:12:33.988  INFO 75568 --- [pool-7-thread-1] tourGuide.service.TourGuideService       : Track Location for user internalUser2275
2022-10-02 23:12:33.988  INFO 75568 --- [    Test worker] tourGuide.service.TourGuideService       : Track Location for user internalUser4912
2022-10-02 23:12:33.988  INFO 75568 --- [pool-7-thread-1] tourGuide.service.TourGuideService       : Track Location for user internalUser2274
2022-10-02 23:12:33.988  INFO 75568 --- [    Test worker] tourGuide.service.TourGuideService       : Track Location for user internalUser4913
2022-10-02 23:12:33.989  INFO 75568 --- [pool-7-thread-1] tourGuide.service.TourGuideService       : Track Location for user internalUser2273
2022-10-02 23:12:33.989  INFO 75568 --- [    Test worker] tourGuide.service.TourGuideService       : Track Location for user internalUser7187
2022-10-02 23:12:33.989  INFO 75568 --- [pool-7-thread-1] tourGuide.service.TourGuideService       : Track Location for user internalUser2272
2022-10-02 23:12:33.989  INFO 75568 --- [    Test worker] tourGuide.service.TourGuideService       : Track Location for user internalUser7186
2022-10-02 23:12:33.989  INFO 75568 --- [pool-7-thread-1] tourGuide.service.TourGuideService       : Track Location for user internalUser2271
2022-10-02 23:12:33.989  INFO 75568 --- [    Test worker] tourGuide.service.TourGuideService       : Track Location for user internalUser7189
2022-10-02 23:12:33.989  INFO 75568 --- [pool-7-thread-1] tourGuide.service.TourGuideService       : Track Location for user internalUser2270
2022-10-02 23:12:33.990  INFO 75568 --- [    Test worker] tourGuide.service.TourGuideService       : Track Location for user internalUser7188
2022-10-02 23:12:33.990  INFO 75568 --- [pool-7-thread-1] tourGuide.service.TourGuideService       : Track Location for user internalUser842
2022-10-02 23:12:33.990  INFO 75568 --- [    Test worker] tourGuide.service.TourGuideService       : Track Location for user internalUser7190
2022-10-02 23:12:33.990  INFO 75568 --- [pool-7-thread-1] tourGuide.service.TourGuideService       : Track Location for user internalUser843
2022-10-02 23:12:33.990  INFO 75568 --- [    Test worker] tourGuide.service.TourGuideService       : Track Location for user internalUser7192
2022-10-02 23:12:33.990  INFO 75568 --- [pool-7-thread-1] tourGuide.service.TourGuideService       : Track Location for user internalUser840
2022-10-02 23:12:33.991  INFO 75568 --- [    Test worker] tourGuide.service.TourGuideService       : Track Location for user internalUser7191
2022-10-02 23:12:33.991  INFO 75568 --- [pool-7-thread-1] tourGuide.service.TourGuideService       : Track Location for user internalUser841
2022-10-02 23:12:33.991  INFO 75568 --- [    Test worker] tourGuide.service.TourGuideService       : Track Location for user internalUser7194
2022-10-02 23:12:33.991  INFO 75568 --- [pool-7-thread-1] tourGuide.service.TourGuideService       : Track Location for user internalUser2279
2022-10-02 23:12:33.991  INFO 75568 --- [    Test worker] tourGuide.service.TourGuideService       : Track Location for user internalUser7193
2022-10-02 23:12:33.991  INFO 75568 --- [pool-7-thread-1] tourGuide.service.TourGuideService       : Track Location for user internalUser2278
2022-10-02 23:12:33.991  INFO 75568 --- [    Test worker] tourGuide.service.TourGuideService       : Track Location for user internalUser7196
2022-10-02 23:12:33.992  INFO 75568 --- [pool-7-thread-1] tourGuide.service.TourGuideService       : Track Location for user internalUser2277
2022-10-02 23:12:33.992  INFO 75568 --- [    Test worker] tourGuide.service.TourGuideService       : Track Location for user internalUser7195
2022-10-02 23:12:33.992  INFO 75568 --- [pool-7-thread-1] tourGuide.service.TourGuideService       : Track Location for user internalUser848
2022-10-02 23:12:33.992  INFO 75568 --- [    Test worker] tourGuide.service.TourGuideService       : Track Location for user internalUser4914
2022-10-02 23:12:33.992  INFO 75568 --- [pool-7-thread-1] tourGuide.service.TourGuideService       : Track Location for user internalUser849
2022-10-02 23:12:33.992  INFO 75568 --- [    Test worker] tourGuide.service.TourGuideService       : Track Location for user internalUser4915
2022-10-02 23:12:33.993  INFO 75568 --- [pool-7-thread-1] tourGuide.service.TourGuideService       : Track Location for user internalUser846
2022-10-02 23:12:33.993  INFO 75568 --- [    Test worker] tourGuide.service.TourGuideService       : Track Location for user internalUser4916
2022-10-02 23:12:33.993  INFO 75568 --- [pool-7-thread-1] tourGuide.service.TourGuideService       : Track Location for user internalUser847
2022-10-02 23:12:33.993  INFO 75568 --- [    Test worker] tourGuide.service.TourGuideService       : Track Location for user internalUser4917
2022-10-02 23:12:33.993  INFO 75568 --- [pool-7-thread-1] tourGuide.service.TourGuideService       : Track Location for user internalUser844
2022-10-02 23:12:33.993  INFO 75568 --- [    Test worker] tourGuide.service.TourGuideService       : Track Location for user internalUser4918
2022-10-02 23:12:33.993  INFO 75568 --- [pool-7-thread-1] tourGuide.service.TourGuideService       : Track Location for user internalUser845
2022-10-02 23:12:33.994  INFO 75568 --- [    Test worker] tourGuide.service.TourGuideService       : Track Location for user internalUser4919
2022-10-02 23:12:33.994  INFO 75568 --- [pool-7-thread-1] tourGuide.service.TourGuideService       : Track Location for user internalUser2287
2022-10-02 23:12:33.994  INFO 75568 --- [    Test worker] tourGuide.service.TourGuideService       : Track Location for user internalUser4920
2022-10-02 23:12:33.994  INFO 75568 --- [pool-7-thread-1] tourGuide.service.TourGuideService       : Track Location for user internalUser2286
2022-10-02 23:12:33.994  INFO 75568 --- [    Test worker] tourGuide.service.TourGuideService       : Track Location for user internalUser4921
2022-10-02 23:12:33.995  INFO 75568 --- [pool-7-thread-1] tourGuide.service.TourGuideService       : Track Location for user internalUser2285
2022-10-02 23:12:33.995  INFO 75568 --- [    Test worker] tourGuide.service.TourGuideService       : Track Location for user internalUser4922
2022-10-02 23:12:33.995  INFO 75568 --- [pool-7-thread-1] tourGuide.service.TourGuideService       : Track Location for user internalUser2284
2022-10-02 23:12:33.995  INFO 75568 --- [    Test worker] tourGuide.service.TourGuideService       : Track Location for user internalUser4923
2022-10-02 23:12:33.995  INFO 75568 --- [pool-7-thread-1] tourGuide.service.TourGuideService       : Track Location for user internalUser2283
2022-10-02 23:12:33.995  INFO 75568 --- [    Test worker] tourGuide.service.TourGuideService       : Track Location for user internalUser4924
2022-10-02 23:12:33.996  INFO 75568 --- [pool-7-thread-1] tourGuide.service.TourGuideService       : Track Location for user internalUser2282
2022-10-02 23:12:33.996  INFO 75568 --- [    Test worker] tourGuide.service.TourGuideService       : Track Location for user internalUser7198
2022-10-02 23:12:33.996  INFO 75568 --- [pool-7-thread-1] tourGuide.service.TourGuideService       : Track Location for user internalUser2281
2022-10-02 23:12:33.996  INFO 75568 --- [    Test worker] tourGuide.service.TourGuideService       : Track Location for user internalUser7197
2022-10-02 23:12:33.996  INFO 75568 --- [pool-7-thread-1] tourGuide.service.TourGuideService       : Track Location for user internalUser2280
2022-10-02 23:12:33.996  INFO 75568 --- [    Test worker] tourGuide.service.TourGuideService       : Track Location for user internalUser7199
2022-10-02 23:12:33.997  INFO 75568 --- [pool-7-thread-1] tourGuide.service.TourGuideService       : Track Location for user internalUser853
2022-10-02 23:12:33.998  INFO 75568 --- [    Test worker] tourGuide.service.TourGuideService       : Track Location for user internalUser4925
2022-10-02 23:12:33.998  INFO 75568 --- [pool-7-thread-1] tourGuide.service.TourGuideService       : Track Location for user internalUser854
2022-10-02 23:12:33.999  INFO 75568 --- [    Test worker] tourGuide.service.TourGuideService       : Track Location for user internalUser4926
2022-10-02 23:12:33.999  INFO 75568 --- [pool-7-thread-1] tourGuide.service.TourGuideService       : Track Location for user internalUser851
2022-10-02 23:12:33.999  INFO 75568 --- [    Test worker] tourGuide.service.TourGuideService       : Track Location for user internalUser4927
2022-10-02 23:12:33.999  INFO 75568 --- [pool-7-thread-1] tourGuide.service.TourGuideService       : Track Location for user internalUser852
2022-10-02 23:12:33.999  INFO 75568 --- [    Test worker] tourGuide.service.TourGuideService       : Track Location for user internalUser4928
2022-10-02 23:12:33.999  INFO 75568 --- [pool-7-thread-1] tourGuide.service.TourGuideService       : Track Location for user internalUser850
2022-10-02 23:12:33.999  INFO 75568 --- [    Test worker] tourGuide.service.TourGuideService       : Track Location for user internalUser4929
2022-10-02 23:12:34.000  INFO 75568 --- [pool-7-thread-1] tourGuide.service.TourGuideService       : Track Location for user internalUser2289
2022-10-02 23:12:34.000  INFO 75568 --- [    Test worker] tourGuide.service.TourGuideService       : Track Location for user internalUser8417
2022-10-02 23:12:34.000  INFO 75568 --- [pool-7-thread-1] tourGuide.service.TourGuideService       : Track Location for user internalUser2288
2022-10-02 23:12:34.000  INFO 75568 --- [    Test worker] tourGuide.service.TourGuideService       : Track Location for user internalUser9748
2022-10-02 23:12:34.000  INFO 75568 --- [pool-7-thread-1] tourGuide.service.TourGuideService       : Track Location for user internalUser859
2022-10-02 23:12:34.001  INFO 75568 --- [    Test worker] tourGuide.service.TourGuideService       : Track Location for user internalUser8418
2022-10-02 23:12:34.001  INFO 75568 --- [pool-7-thread-1] tourGuide.service.TourGuideService       : Track Location for user internalUser857
2022-10-02 23:12:34.001  INFO 75568 --- [    Test worker] tourGuide.service.TourGuideService       : Track Location for user internalUser9749
2022-10-02 23:12:34.001  INFO 75568 --- [pool-7-thread-1] tourGuide.service.TourGuideService       : Track Location for user internalUser858
2022-10-02 23:12:34.001  INFO 75568 --- [    Test worker] tourGuide.service.TourGuideService       : Track Location for user internalUser8415
2022-10-02 23:12:34.001  INFO 75568 --- [pool-7-thread-1] tourGuide.service.TourGuideService       : Track Location for user internalUser855
2022-10-02 23:12:34.001  INFO 75568 --- [    Test worker] tourGuide.service.TourGuideService       : Track Location for user internalUser9746
2022-10-02 23:12:34.002  INFO 75568 --- [pool-7-thread-1] tourGuide.service.TourGuideService       : Track Location for user internalUser856
2022-10-02 23:12:34.002  INFO 75568 --- [    Test worker] tourGuide.service.TourGuideService       : Track Location for user internalUser8416
2022-10-02 23:12:34.002  INFO 75568 --- [pool-7-thread-1] tourGuide.service.TourGuideService       : Track Location for user internalUser2290
2022-10-02 23:12:34.002  INFO 75568 --- [    Test worker] tourGuide.service.TourGuideService       : Track Location for user internalUser9747
2022-10-02 23:12:34.002  INFO 75568 --- [pool-7-thread-1] tourGuide.service.TourGuideService       : Track Location for user internalUser2254
2022-10-02 23:12:34.002  INFO 75568 --- [    Test worker] tourGuide.service.TourGuideService       : Track Location for user internalUser8419
2022-10-02 23:12:34.004  INFO 75568 --- [pool-7-thread-1] tourGuide.service.TourGuideService       : Track Location for user internalUser3586
2022-10-02 23:12:34.005  INFO 75568 --- [    Test worker] tourGuide.service.TourGuideService       : Track Location for user internalUser9740
2022-10-02 23:12:34.005  INFO 75568 --- [pool-7-thread-1] tourGuide.service.TourGuideService       : Track Location for user internalUser2253
2022-10-02 23:12:34.005  INFO 75568 --- [    Test worker] tourGuide.service.TourGuideService       : Track Location for user internalUser8410
2022-10-02 23:12:34.005  INFO 75568 --- [pool-7-thread-1] tourGuide.service.TourGuideService       : Track Location for user internalUser3587
2022-10-02 23:12:34.005  INFO 75568 --- [    Test worker] tourGuide.service.TourGuideService       : Track Location for user internalUser9741
2022-10-02 23:12:34.006  INFO 75568 --- [pool-7-thread-1] tourGuide.service.TourGuideService       : Track Location for user internalUser2252
2022-10-02 23:12:34.006  INFO 75568 --- [    Test worker] tourGuide.service.TourGuideService       : Track Location for user internalUser8413
2022-10-02 23:12:34.006  INFO 75568 --- [pool-7-thread-1] tourGuide.service.TourGuideService       : Track Location for user internalUser3588
2022-10-02 23:12:34.006  INFO 75568 --- [    Test worker] tourGuide.service.TourGuideService       : Track Location for user internalUser9744
2022-10-02 23:12:34.006  INFO 75568 --- [pool-7-thread-1] tourGuide.service.TourGuideService       : Track Location for user internalUser2251
2022-10-02 23:12:34.006  INFO 75568 --- [    Test worker] tourGuide.service.TourGuideService       : Track Location for user internalUser8414
2022-10-02 23:12:34.007  INFO 75568 --- [pool-7-thread-1] tourGuide.service.TourGuideService       : Track Location for user internalUser3589
2022-10-02 23:12:34.007  INFO 75568 --- [    Test worker] tourGuide.service.TourGuideService       : Track Location for user internalUser9745
2022-10-02 23:12:34.007  INFO 75568 --- [pool-7-thread-1] tourGuide.service.TourGuideService       : Track Location for user internalUser2250
2022-10-02 23:12:34.007  INFO 75568 --- [    Test worker] tourGuide.service.TourGuideService       : Track Location for user internalUser8411
2022-10-02 23:12:34.007  INFO 75568 --- [pool-7-thread-1] tourGuide.service.TourGuideService       : Track Location for user internalUser864
2022-10-02 23:12:34.007  INFO 75568 --- [    Test worker] tourGuide.service.TourGuideService       : Track Location for user internalUser9742
2022-10-02 23:12:34.008  INFO 75568 --- [pool-7-thread-1] tourGuide.service.TourGuideService       : Track Location for user internalUser865
2022-10-02 23:12:34.008  INFO 75568 --- [    Test worker] tourGuide.service.TourGuideService       : Track Location for user internalUser8412
2022-10-02 23:12:34.008  INFO 75568 --- [pool-7-thread-1] tourGuide.service.TourGuideService       : Track Location for user internalUser862
2022-10-02 23:12:34.008  INFO 75568 --- [    Test worker] tourGuide.service.TourGuideService       : Track Location for user internalUser9743
2022-10-02 23:12:34.008  INFO 75568 --- [pool-7-thread-1] tourGuide.service.TourGuideService       : Track Location for user internalUser3580
2022-10-02 23:12:34.008  INFO 75568 --- [    Test worker] tourGuide.service.TourGuideService       : Track Location for user internalUser8428
2022-10-02 23:12:34.008  INFO 75568 --- [pool-7-thread-1] tourGuide.service.TourGuideService       : Track Location for user internalUser863
2022-10-02 23:12:34.009  INFO 75568 --- [    Test worker] tourGuide.service.TourGuideService       : Track Location for user internalUser9759
2022-10-02 23:12:34.009  INFO 75568 --- [pool-7-thread-1] tourGuide.service.TourGuideService       : Track Location for user internalUser2259
2022-10-02 23:12:34.009  INFO 75568 --- [    Test worker] tourGuide.service.TourGuideService       : Track Location for user internalUser8429
2022-10-02 23:12:34.009  INFO 75568 --- [pool-7-thread-1] tourGuide.service.TourGuideService       : Track Location for user internalUser3581
2022-10-02 23:12:34.009  INFO 75568 --- [    Test worker] tourGuide.service.TourGuideService       : Track Location for user internalUser8426
2022-10-02 23:12:34.009  INFO 75568 --- [pool-7-thread-1] tourGuide.service.TourGuideService       : Track Location for user internalUser860
2022-10-02 23:12:34.009  INFO 75568 --- [    Test worker] tourGuide.service.TourGuideService       : Track Location for user internalUser9757
2022-10-02 23:12:34.010  INFO 75568 --- [pool-7-thread-1] tourGuide.service.TourGuideService       : Track Location for user internalUser2258
2022-10-02 23:12:34.010  INFO 75568 --- [    Test worker] tourGuide.service.TourGuideService       : Track Location for user internalUser8427
2022-10-02 23:12:34.010  INFO 75568 --- [pool-7-thread-1] tourGuide.service.TourGuideService       : Track Location for user internalUser3582
2022-10-02 23:12:34.010  INFO 75568 --- [    Test worker] tourGuide.service.TourGuideService       : Track Location for user internalUser9758
2022-10-02 23:12:34.011  INFO 75568 --- [pool-7-thread-1] tourGuide.service.TourGuideService       : Track Location for user internalUser861
2022-10-02 23:12:34.011  INFO 75568 --- [    Test worker] tourGuide.service.TourGuideService       : Track Location for user internalUser8420
2022-10-02 23:12:34.011  INFO 75568 --- [pool-7-thread-1] tourGuide.service.TourGuideService       : Track Location for user internalUser2257
2022-10-02 23:12:34.013  INFO 75568 --- [    Test worker] tourGuide.service.TourGuideService       : Track Location for user internalUser9751
2022-10-02 23:12:34.013  INFO 75568 --- [pool-7-thread-1] tourGuide.service.TourGuideService       : Track Location for user internalUser3583
2022-10-02 23:12:34.013  INFO 75568 --- [    Test worker] tourGuide.service.TourGuideService       : Track Location for user internalUser8421
2022-10-02 23:12:34.013  INFO 75568 --- [pool-7-thread-1] tourGuide.service.TourGuideService       : Track Location for user internalUser2256
2022-10-02 23:12:34.014  INFO 75568 --- [    Test worker] tourGuide.service.TourGuideService       : Track Location for user internalUser9752
2022-10-02 23:12:34.014  INFO 75568 --- [pool-7-thread-1] tourGuide.service.TourGuideService       : Track Location for user internalUser3584
2022-10-02 23:12:34.014  INFO 75568 --- [    Test worker] tourGuide.service.TourGuideService       : Track Location for user internalUser9750
2022-10-02 23:12:34.014  INFO 75568 --- [pool-7-thread-1] tourGuide.service.TourGuideService       : Track Location for user internalUser2255
2022-10-02 23:12:34.014  INFO 75568 --- [    Test worker] tourGuide.service.TourGuideService       : Track Location for user internalUser8424
2022-10-02 23:12:34.014  INFO 75568 --- [pool-7-thread-1] tourGuide.service.TourGuideService       : Track Location for user internalUser3585
2022-10-02 23:12:34.015  INFO 75568 --- [    Test worker] tourGuide.service.TourGuideService       : Track Location for user internalUser9755
2022-10-02 23:12:34.015  INFO 75568 --- [pool-7-thread-1] tourGuide.service.TourGuideService       : Track Location for user internalUser868
2022-10-02 23:12:34.015  INFO 75568 --- [    Test worker] tourGuide.service.TourGuideService       : Track Location for user internalUser8425
2022-10-02 23:12:34.015  INFO 75568 --- [pool-7-thread-1] tourGuide.service.TourGuideService       : Track Location for user internalUser869
2022-10-02 23:12:34.015  INFO 75568 --- [    Test worker] tourGuide.service.TourGuideService       : Track Location for user internalUser9756
2022-10-02 23:12:34.015  INFO 75568 --- [pool-7-thread-1] tourGuide.service.TourGuideService       : Track Location for user internalUser866
2022-10-02 23:12:34.016  INFO 75568 --- [    Test worker] tourGuide.service.TourGuideService       : Track Location for user internalUser8422
2022-10-02 23:12:34.016  INFO 75568 --- [pool-7-thread-1] tourGuide.service.TourGuideService       : Track Location for user internalUser867
2022-10-02 23:12:34.016  INFO 75568 --- [    Test worker] tourGuide.service.TourGuideService       : Track Location for user internalUser9753
2022-10-02 23:12:34.016  INFO 75568 --- [pool-7-thread-1] tourGuide.service.TourGuideService       : Track Location for user internalUser2265
2022-10-02 23:12:34.016  INFO 75568 --- [    Test worker] tourGuide.service.TourGuideService       : Track Location for user internalUser8423
2022-10-02 23:12:34.016  INFO 75568 --- [pool-7-thread-1] tourGuide.service.TourGuideService       : Track Location for user internalUser3597
2022-10-02 23:12:34.017  INFO 75568 --- [    Test worker] tourGuide.service.TourGuideService       : Track Location for user internalUser9754
2022-10-02 23:12:34.017  INFO 75568 --- [pool-7-thread-1] tourGuide.service.TourGuideService       : Track Location for user internalUser2264
2022-10-02 23:12:34.017  INFO 75568 --- [    Test worker] tourGuide.service.TourGuideService       : Track Location for user internalUser9726
2022-10-02 23:12:34.017  INFO 75568 --- [pool-7-thread-1] tourGuide.service.TourGuideService       : Track Location for user internalUser3598
2022-10-02 23:12:34.017  INFO 75568 --- [    Test worker] tourGuide.service.TourGuideService       : Track Location for user internalUser9727
2022-10-02 23:12:34.018  INFO 75568 --- [pool-7-thread-1] tourGuide.service.TourGuideService       : Track Location for user internalUser2263
2022-10-02 23:12:34.018  INFO 75568 --- [    Test worker] tourGuide.service.TourGuideService       : Track Location for user internalUser9724
2022-10-02 23:12:34.018  INFO 75568 --- [pool-7-thread-1] tourGuide.service.TourGuideService       : Track Location for user internalUser3599
2022-10-02 23:12:34.018  INFO 75568 --- [    Test worker] tourGuide.service.TourGuideService       : Track Location for user internalUser9725
2022-10-02 23:12:34.018  INFO 75568 --- [pool-7-thread-1] tourGuide.service.TourGuideService       : Track Location for user internalUser2262
2022-10-02 23:12:34.018  INFO 75568 --- [    Test worker] tourGuide.service.TourGuideService       : Track Location for user internalUser9728
2022-10-02 23:12:34.019  INFO 75568 --- [pool-7-thread-1] tourGuide.service.TourGuideService       : Track Location for user internalUser2261
2022-10-02 23:12:34.019  INFO 75568 --- [    Test worker] tourGuide.service.TourGuideService       : Track Location for user internalUser9729
2022-10-02 23:12:34.019  INFO 75568 --- [pool-7-thread-1] tourGuide.service.TourGuideService       : Track Location for user internalUser2260
2022-10-02 23:12:34.019  INFO 75568 --- [    Test worker] tourGuide.service.TourGuideService       : Track Location for user internalUser9722
2022-10-02 23:12:34.019  INFO 75568 --- [pool-7-thread-1] tourGuide.service.TourGuideService       : Track Location for user internalUser875
2022-10-02 23:12:34.019  INFO 75568 --- [    Test worker] tourGuide.service.TourGuideService       : Track Location for user internalUser9723
2022-10-02 23:12:34.021  INFO 75568 --- [pool-7-thread-1] tourGuide.service.TourGuideService       : Track Location for user internalUser876
2022-10-02 23:12:34.021  INFO 75568 --- [    Test worker] tourGuide.service.TourGuideService       : Track Location for user internalUser9720
2022-10-02 23:12:34.022  INFO 75568 --- [pool-7-thread-1] tourGuide.service.TourGuideService       : Track Location for user internalUser3590
2022-10-02 23:12:34.022  INFO 75568 --- [    Test worker] tourGuide.service.TourGuideService       : Track Location for user internalUser9721
2022-10-02 23:12:34.022  INFO 75568 --- [pool-7-thread-1] tourGuide.service.TourGuideService       : Track Location for user internalUser873
2022-10-02 23:12:34.022  INFO 75568 --- [    Test worker] tourGuide.service.TourGuideService       : Track Location for user internalUser8406
2022-10-02 23:12:34.022  INFO 75568 --- [pool-7-thread-1] tourGuide.service.TourGuideService       : Track Location for user internalUser3591
2022-10-02 23:12:34.022  INFO 75568 --- [    Test worker] tourGuide.service.TourGuideService       : Track Location for user internalUser9737
2022-10-02 23:12:34.023  INFO 75568 --- [pool-7-thread-1] tourGuide.service.TourGuideService       : Track Location for user internalUser874
2022-10-02 23:12:34.023  INFO 75568 --- [    Test worker] tourGuide.service.TourGuideService       : Track Location for user internalUser8407
2022-10-02 23:12:34.023  INFO 75568 --- [pool-7-thread-1] tourGuide.service.TourGuideService       : Track Location for user internalUser3592
2022-10-02 23:12:34.023  INFO 75568 --- [    Test worker] tourGuide.service.TourGuideService       : Track Location for user internalUser9738
2022-10-02 23:12:34.023  INFO 75568 --- [pool-7-thread-1] tourGuide.service.TourGuideService       : Track Location for user internalUser871
2022-10-02 23:12:34.023  INFO 75568 --- [    Test worker] tourGuide.service.TourGuideService       : Track Location for user internalUser8404
2022-10-02 23:12:34.024  INFO 75568 --- [pool-7-thread-1] tourGuide.service.TourGuideService       : Track Location for user internalUser2269
2022-10-02 23:12:34.024  INFO 75568 --- [    Test worker] tourGuide.service.TourGuideService       : Track Location for user internalUser9735
2022-10-02 23:12:34.024  INFO 75568 --- [pool-7-thread-1] tourGuide.service.TourGuideService       : Track Location for user internalUser3593
2022-10-02 23:12:34.024  INFO 75568 --- [    Test worker] tourGuide.service.TourGuideService       : Track Location for user internalUser8405
2022-10-02 23:12:34.024  INFO 75568 --- [pool-7-thread-1] tourGuide.service.TourGuideService       : Track Location for user internalUser872
2022-10-02 23:12:34.024  INFO 75568 --- [    Test worker] tourGuide.service.TourGuideService       : Track Location for user internalUser9736
2022-10-02 23:12:34.025  INFO 75568 --- [pool-7-thread-1] tourGuide.service.TourGuideService       : Track Location for user internalUser2268
2022-10-02 23:12:34.025  INFO 75568 --- [    Test worker] tourGuide.service.TourGuideService       : Track Location for user internalUser8408
2022-10-02 23:12:34.025  INFO 75568 --- [pool-7-thread-1] tourGuide.service.TourGuideService       : Track Location for user internalUser3594
2022-10-02 23:12:34.025  INFO 75568 --- [    Test worker] tourGuide.service.TourGuideService       : Track Location for user internalUser9739
2022-10-02 23:12:34.025  INFO 75568 --- [pool-7-thread-1] tourGuide.service.TourGuideService       : Track Location for user internalUser2267
2022-10-02 23:12:34.025  INFO 75568 --- [    Test worker] tourGuide.service.TourGuideService       : Track Location for user internalUser8409
2022-10-02 23:12:34.025  INFO 75568 --- [pool-7-thread-1] tourGuide.service.TourGuideService       : Track Location for user internalUser3595
2022-10-02 23:12:34.025  INFO 75568 --- [    Test worker] tourGuide.service.TourGuideService       : Track Location for user internalUser9730
2022-10-02 23:12:34.026  INFO 75568 --- [pool-7-thread-1] tourGuide.service.TourGuideService       : Track Location for user internalUser870
2022-10-02 23:12:34.026  INFO 75568 --- [    Test worker] tourGuide.service.TourGuideService       : Track Location for user internalUser8402
2022-10-02 23:12:34.026  INFO 75568 --- [pool-7-thread-1] tourGuide.service.TourGuideService       : Track Location for user internalUser2266
2022-10-02 23:12:34.026  INFO 75568 --- [    Test worker] tourGuide.service.TourGuideService       : Track Location for user internalUser9733
2022-10-02 23:12:34.027  INFO 75568 --- [pool-7-thread-1] tourGuide.service.TourGuideService       : Track Location for user internalUser3596
2022-10-02 23:12:34.027  INFO 75568 --- [    Test worker] tourGuide.service.TourGuideService       : Track Location for user internalUser8403
2022-10-02 23:12:34.027  INFO 75568 --- [pool-7-thread-1] tourGuide.service.TourGuideService       : Track Location for user internalUser879
2022-10-02 23:12:34.027  INFO 75568 --- [    Test worker] tourGuide.service.TourGuideService       : Track Location for user internalUser9734
2022-10-02 23:12:34.027  INFO 75568 --- [pool-7-thread-1] tourGuide.service.TourGuideService       : Track Location for user internalUser877
2022-10-02 23:12:34.027  INFO 75568 --- [    Test worker] tourGuide.service.TourGuideService       : Track Location for user internalUser8400
2022-10-02 23:12:34.027  INFO 75568 --- [pool-7-thread-1] tourGuide.service.TourGuideService       : Track Location for user internalUser878
2022-10-02 23:12:34.027  INFO 75568 --- [    Test worker] tourGuide.service.TourGuideService       : Track Location for user internalUser9731
2022-10-02 23:12:34.027  INFO 75568 --- [pool-7-thread-1] tourGuide.service.TourGuideService       : Track Location for user internalUser9704
2022-10-02 23:12:34.027  INFO 75568 --- [    Test worker] tourGuide.service.TourGuideService       : Track Location for user internalUser8401
2022-10-02 23:12:34.027  INFO 75568 --- [pool-7-thread-1] tourGuide.service.TourGuideService       : Track Location for user internalUser9705
2022-10-02 23:12:34.028  INFO 75568 --- [    Test worker] tourGuide.service.TourGuideService       : Track Location for user internalUser9732
2022-10-02 23:12:34.030  INFO 75568 --- [pool-7-thread-1] tourGuide.service.TourGuideService       : Track Location for user internalUser9702
2022-10-02 23:12:34.030  INFO 75568 --- [    Test worker] tourGuide.service.TourGuideService       : Track Location for user internalUser7129
2022-10-02 23:12:34.031  INFO 75568 --- [pool-7-thread-1] tourGuide.service.TourGuideService       : Track Location for user internalUser9703
2022-10-02 23:12:34.031  INFO 75568 --- [    Test worker] tourGuide.service.TourGuideService       : Track Location for user internalUser7128
2022-10-02 23:12:34.031  INFO 75568 --- [pool-7-thread-1] tourGuide.service.TourGuideService       : Track Location for user internalUser9708
2022-10-02 23:12:34.031  INFO 75568 --- [    Test worker] tourGuide.service.TourGuideService       : Track Location for user internalUser8459
2022-10-02 23:12:34.032  INFO 75568 --- [pool-7-thread-1] tourGuide.service.TourGuideService       : Track Location for user internalUser9709
2022-10-02 23:12:34.032  INFO 75568 --- [    Test worker] tourGuide.service.TourGuideService       : Track Location for user internalUser765
2022-10-02 23:12:34.032  INFO 75568 --- [pool-7-thread-1] tourGuide.service.TourGuideService       : Track Location for user internalUser9706
2022-10-02 23:12:34.033  INFO 75568 --- [    Test worker] tourGuide.service.TourGuideService       : Track Location for user internalUser7121
2022-10-02 23:12:34.033  INFO 75568 --- [pool-7-thread-1] tourGuide.service.TourGuideService       : Track Location for user internalUser9707
2022-10-02 23:12:34.033  INFO 75568 --- [    Test worker] tourGuide.service.TourGuideService       : Track Location for user internalUser8453
2022-10-02 23:12:34.033  INFO 75568 --- [pool-7-thread-1] tourGuide.service.TourGuideService       : Track Location for user internalUser9700
2022-10-02 23:12:34.034  INFO 75568 --- [    Test worker] tourGuide.service.TourGuideService       : Track Location for user internalUser9784
2022-10-02 23:12:34.034  INFO 75568 --- [pool-7-thread-1] tourGuide.service.TourGuideService       : Track Location for user internalUser9701
2022-10-02 23:12:34.034  INFO 75568 --- [    Test worker] tourGuide.service.TourGuideService       : Track Location for user internalUser766
2022-10-02 23:12:34.034  INFO 75568 --- [pool-7-thread-1] tourGuide.service.TourGuideService       : Track Location for user internalUser806
2022-10-02 23:12:34.034  INFO 75568 --- [    Test worker] tourGuide.service.TourGuideService       : Track Location for user internalUser7120
2022-10-02 23:12:34.035  INFO 75568 --- [pool-7-thread-1] tourGuide.service.TourGuideService       : Track Location for user internalUser807
2022-10-02 23:12:34.035  INFO 75568 --- [    Test worker] tourGuide.service.TourGuideService       : Track Location for user internalUser8454
2022-10-02 23:12:34.035  INFO 75568 --- [pool-7-thread-1] tourGuide.service.TourGuideService       : Track Location for user internalUser804
2022-10-02 23:12:34.035  INFO 75568 --- [    Test worker] tourGuide.service.TourGuideService       : Track Location for user internalUser9785
2022-10-02 23:12:34.035  INFO 75568 --- [pool-7-thread-1] tourGuide.service.TourGuideService       : Track Location for user internalUser805
2022-10-02 23:12:34.035  INFO 75568 --- [    Test worker] tourGuide.service.TourGuideService       : Track Location for user internalUser763
2022-10-02 23:12:34.036  INFO 75568 --- [pool-7-thread-1] tourGuide.service.TourGuideService       : Track Location for user internalUser802
2022-10-02 23:12:34.036  INFO 75568 --- [    Test worker] tourGuide.service.TourGuideService       : Track Location for user internalUser7123
2022-10-02 23:12:34.036  INFO 75568 --- [pool-7-thread-1] tourGuide.service.TourGuideService       : Track Location for user internalUser803
2022-10-02 23:12:34.036  INFO 75568 --- [    Test worker] tourGuide.service.TourGuideService       : Track Location for user internalUser8451
2022-10-02 23:12:34.036  INFO 75568 --- [pool-7-thread-1] tourGuide.service.TourGuideService       : Track Location for user internalUser800
2022-10-02 23:12:34.036  INFO 75568 --- [    Test worker] tourGuide.service.TourGuideService       : Track Location for user internalUser9782
2022-10-02 23:12:34.037  INFO 75568 --- [pool-7-thread-1] tourGuide.service.TourGuideService       : Track Location for user internalUser801
2022-10-02 23:12:34.037  INFO 75568 --- [    Test worker] tourGuide.service.TourGuideService       : Track Location for user internalUser764
2022-10-02 23:12:34.037  INFO 75568 --- [pool-7-thread-1] tourGuide.service.TourGuideService       : Track Location for user internalUser808
2022-10-02 23:12:34.037  INFO 75568 --- [    Test worker] tourGuide.service.TourGuideService       : Track Location for user internalUser7122
2022-10-02 23:12:34.037  INFO 75568 --- [pool-7-thread-1] tourGuide.service.TourGuideService       : Track Location for user internalUser809
2022-10-02 23:12:34.037  INFO 75568 --- [    Test worker] tourGuide.service.TourGuideService       : Track Location for user internalUser8452
2022-10-02 23:12:34.037  INFO 75568 --- [pool-7-thread-1] tourGuide.service.TourGuideService       : Track Location for user internalUser9715
2022-10-02 23:12:34.038  INFO 75568 --- [    Test worker] tourGuide.service.TourGuideService       : Track Location for user internalUser9783
2022-10-02 23:12:34.038  INFO 75568 --- [pool-7-thread-1] tourGuide.service.TourGuideService       : Track Location for user internalUser9716
2022-10-02 23:12:34.038  INFO 75568 --- [    Test worker] tourGuide.service.TourGuideService       : Track Location for user internalUser761
2022-10-02 23:12:34.038  INFO 75568 --- [pool-7-thread-1] tourGuide.service.TourGuideService       : Track Location for user internalUser9713
2022-10-02 23:12:34.038  INFO 75568 --- [    Test worker] tourGuide.service.TourGuideService       : Track Location for user internalUser7125
2022-10-02 23:12:34.038  INFO 75568 --- [pool-7-thread-1] tourGuide.service.TourGuideService       : Track Location for user internalUser9714
2022-10-02 23:12:34.041  INFO 75568 --- [    Test worker] tourGuide.service.TourGuideService       : Track Location for user internalUser8457
2022-10-02 23:12:34.041  INFO 75568 --- [pool-7-thread-1] tourGuide.service.TourGuideService       : Track Location for user internalUser9719
2022-10-02 23:12:34.042  INFO 75568 --- [    Test worker] tourGuide.service.TourGuideService       : Track Location for user internalUser9788
2022-10-02 23:12:34.042  INFO 75568 --- [pool-7-thread-1] tourGuide.service.TourGuideService       : Track Location for user internalUser9717
2022-10-02 23:12:34.042  INFO 75568 --- [    Test worker] tourGuide.service.TourGuideService       : Track Location for user internalUser762
2022-10-02 23:12:34.042  INFO 75568 --- [pool-7-thread-1] tourGuide.service.TourGuideService       : Track Location for user internalUser9718
2022-10-02 23:12:34.043  INFO 75568 --- [    Test worker] tourGuide.service.TourGuideService       : Track Location for user internalUser7124
2022-10-02 23:12:34.043  INFO 75568 --- [pool-7-thread-1] tourGuide.service.TourGuideService       : Track Location for user internalUser810
2022-10-02 23:12:34.043  INFO 75568 --- [    Test worker] tourGuide.service.TourGuideService       : Track Location for user internalUser8458
2022-10-02 23:12:34.043  INFO 75568 --- [pool-7-thread-1] tourGuide.service.TourGuideService       : Track Location for user internalUser9711
2022-10-02 23:12:34.043  INFO 75568 --- [    Test worker] tourGuide.service.TourGuideService       : Track Location for user internalUser9789
2022-10-02 23:12:34.044  INFO 75568 --- [pool-7-thread-1] tourGuide.service.TourGuideService       : Track Location for user internalUser9712
2022-10-02 23:12:34.044  INFO 75568 --- [    Test worker] tourGuide.service.TourGuideService       : Track Location for user internalUser7127
2022-10-02 23:12:34.044  INFO 75568 --- [pool-7-thread-1] tourGuide.service.TourGuideService       : Track Location for user internalUser9710
2022-10-02 23:12:34.044  INFO 75568 --- [    Test worker] tourGuide.service.TourGuideService       : Track Location for user internalUser8455
2022-10-02 23:12:34.044  INFO 75568 --- [pool-7-thread-1] tourGuide.service.TourGuideService       : Track Location for user internalUser817
2022-10-02 23:12:34.045  INFO 75568 --- [    Test worker] tourGuide.service.TourGuideService       : Track Location for user internalUser9786
2022-10-02 23:12:34.045  INFO 75568 --- [pool-7-thread-1] tourGuide.service.TourGuideService       : Track Location for user internalUser818
2022-10-02 23:12:34.045  INFO 75568 --- [    Test worker] tourGuide.service.TourGuideService       : Track Location for user internalUser760
2022-10-02 23:12:34.045  INFO 75568 --- [pool-7-thread-1] tourGuide.service.TourGuideService       : Track Location for user internalUser815
2022-10-02 23:12:34.045  INFO 75568 --- [    Test worker] tourGuide.service.TourGuideService       : Track Location for user internalUser7126
2022-10-02 23:12:34.045  INFO 75568 --- [pool-7-thread-1] tourGuide.service.TourGuideService       : Track Location for user internalUser816
2022-10-02 23:12:34.045  INFO 75568 --- [    Test worker] tourGuide.service.TourGuideService       : Track Location for user internalUser8456
2022-10-02 23:12:34.046  INFO 75568 --- [pool-7-thread-1] tourGuide.service.TourGuideService       : Track Location for user internalUser813
2022-10-02 23:12:34.046  INFO 75568 --- [    Test worker] tourGuide.service.TourGuideService       : Track Location for user internalUser9787
2022-10-02 23:12:34.046  INFO 75568 --- [pool-7-thread-1] tourGuide.service.TourGuideService       : Track Location for user internalUser814
2022-10-02 23:12:34.046  INFO 75568 --- [    Test worker] tourGuide.service.TourGuideService       : Track Location for user internalUser769
2022-10-02 23:12:34.046  INFO 75568 --- [pool-7-thread-1] tourGuide.service.TourGuideService       : Track Location for user internalUser811
2022-10-02 23:12:34.047  INFO 75568 --- [    Test worker] tourGuide.service.TourGuideService       : Track Location for user internalUser8460
2022-10-02 23:12:34.047  INFO 75568 --- [pool-7-thread-1] tourGuide.service.TourGuideService       : Track Location for user internalUser812
2022-10-02 23:12:34.047  INFO 75568 --- [    Test worker] tourGuide.service.TourGuideService       : Track Location for user internalUser9791
2022-10-02 23:12:34.047  INFO 75568 --- [pool-7-thread-1] tourGuide.service.TourGuideService       : Track Location for user internalUser819
2022-10-02 23:12:34.047  INFO 75568 --- [    Test worker] tourGuide.service.TourGuideService       : Track Location for user internalUser8461
2022-10-02 23:12:34.047  INFO 75568 --- [pool-7-thread-1] tourGuide.service.TourGuideService       : Track Location for user internalUser2298
2022-10-02 23:12:34.048  INFO 75568 --- [    Test worker] tourGuide.service.TourGuideService       : Track Location for user internalUser9792
2022-10-02 23:12:34.048  INFO 75568 --- [pool-7-thread-1] tourGuide.service.TourGuideService       : Track Location for user internalUser2297
2022-10-02 23:12:34.048  INFO 75568 --- [    Test worker] tourGuide.service.TourGuideService       : Track Location for user internalUser767
2022-10-02 23:12:34.048  INFO 75568 --- [pool-7-thread-1] tourGuide.service.TourGuideService       : Track Location for user internalUser2296
2022-10-02 23:12:34.048  INFO 75568 --- [    Test worker] tourGuide.service.TourGuideService       : Track Location for user internalUser7130
2022-10-02 23:12:34.050  INFO 75568 --- [pool-7-thread-1] tourGuide.service.TourGuideService       : Track Location for user internalUser2295
2022-10-02 23:12:34.050  INFO 75568 --- [    Test worker] tourGuide.service.TourGuideService       : Track Location for user internalUser768
2022-10-02 23:12:34.050  INFO 75568 --- [pool-7-thread-1] tourGuide.service.TourGuideService       : Track Location for user internalUser2294
2022-10-02 23:12:34.051  INFO 75568 --- [    Test worker] tourGuide.service.TourGuideService       : Track Location for user internalUser9790
2022-10-02 23:12:34.051  INFO 75568 --- [pool-7-thread-1] tourGuide.service.TourGuideService       : Track Location for user internalUser2293
2022-10-02 23:12:34.051  INFO 75568 --- [    Test worker] tourGuide.service.TourGuideService       : Track Location for user internalUser7139
2022-10-02 23:12:34.051  INFO 75568 --- [pool-7-thread-1] tourGuide.service.TourGuideService       : Track Location for user internalUser2292
2022-10-02 23:12:34.051  INFO 75568 --- [    Test worker] tourGuide.service.TourGuideService       : Track Location for user internalUser776
2022-10-02 23:12:34.051  INFO 75568 --- [pool-7-thread-1] tourGuide.service.TourGuideService       : Track Location for user internalUser2291
2022-10-02 23:12:34.052  INFO 75568 --- [    Test worker] tourGuide.service.TourGuideService       : Track Location for user internalUser7132
2022-10-02 23:12:34.052  INFO 75568 --- [pool-7-thread-1] tourGuide.service.TourGuideService       : Track Location for user internalUser820
2022-10-02 23:12:34.052  INFO 75568 --- [    Test worker] tourGuide.service.TourGuideService       : Track Location for user internalUser8464
2022-10-02 23:12:34.052  INFO 75568 --- [pool-7-thread-1] tourGuide.service.TourGuideService       : Track Location for user internalUser821
2022-10-02 23:12:34.052  INFO 75568 --- [    Test worker] tourGuide.service.TourGuideService       : Track Location for user internalUser9795
2022-10-02 23:12:34.052  INFO 75568 --- [pool-7-thread-1] tourGuide.service.TourGuideService       : Track Location for user internalUser2299
2022-10-02 23:12:34.053  INFO 75568 --- [    Test worker] tourGuide.service.TourGuideService       : Track Location for user internalUser777
2022-10-02 23:12:34.053  INFO 75568 --- [pool-7-thread-1] tourGuide.service.TourGuideService       : Track Location for user internalUser828
2022-10-02 23:12:34.053  INFO 75568 --- [    Test worker] tourGuide.service.TourGuideService       : Track Location for user internalUser7131
2022-10-02 23:12:34.053  INFO 75568 --- [pool-7-thread-1] tourGuide.service.TourGuideService       : Track Location for user internalUser829
2022-10-02 23:12:34.053  INFO 75568 --- [    Test worker] tourGuide.service.TourGuideService       : Track Location for user internalUser8465
2022-10-02 23:12:34.054  INFO 75568 --- [pool-7-thread-1] tourGuide.service.TourGuideService       : Track Location for user internalUser826
2022-10-02 23:12:34.054  INFO 75568 --- [    Test worker] tourGuide.service.TourGuideService       : Track Location for user internalUser9796
2022-10-02 23:12:34.054  INFO 75568 --- [pool-7-thread-1] tourGuide.service.TourGuideService       : Track Location for user internalUser827
2022-10-02 23:12:34.054  INFO 75568 --- [    Test worker] tourGuide.service.TourGuideService       : Track Location for user internalUser774
2022-10-02 23:12:34.054  INFO 75568 --- [pool-7-thread-1] tourGuide.service.TourGuideService       : Track Location for user internalUser824
2022-10-02 23:12:34.054  INFO 75568 --- [    Test worker] tourGuide.service.TourGuideService       : Track Location for user internalUser7134
2022-10-02 23:12:34.055  INFO 75568 --- [pool-7-thread-1] tourGuide.service.TourGuideService       : Track Location for user internalUser825
2022-10-02 23:12:34.055  INFO 75568 --- [    Test worker] tourGuide.service.TourGuideService       : Track Location for user internalUser8462
2022-10-02 23:12:34.055  INFO 75568 --- [pool-7-thread-1] tourGuide.service.TourGuideService       : Track Location for user internalUser822
2022-10-02 23:12:34.055  INFO 75568 --- [    Test worker] tourGuide.service.TourGuideService       : Track Location for user internalUser9793
2022-10-02 23:12:34.055  INFO 75568 --- [pool-7-thread-1] tourGuide.service.TourGuideService       : Track Location for user internalUser823
2022-10-02 23:12:34.056  INFO 75568 --- [    Test worker] tourGuide.service.TourGuideService       : Track Location for user internalUser775
2022-10-02 23:12:34.056  INFO 75568 --- [pool-7-thread-1] tourGuide.service.TourGuideService       : Track Location for user internalUser831
2022-10-02 23:12:34.056  INFO 75568 --- [    Test worker] tourGuide.service.TourGuideService       : Track Location for user internalUser7133
2022-10-02 23:12:34.056  INFO 75568 --- [pool-7-thread-1] tourGuide.service.TourGuideService       : Track Location for user internalUser832
2022-10-02 23:12:34.056  INFO 75568 --- [    Test worker] tourGuide.service.TourGuideService       : Track Location for user internalUser8463
2022-10-02 23:12:34.056  INFO 75568 --- [pool-7-thread-1] tourGuide.service.TourGuideService       : Track Location for user internalUser830
2022-10-02 23:12:34.057  INFO 75568 --- [    Test worker] tourGuide.service.TourGuideService       : Track Location for user internalUser9794
2022-10-02 23:12:34.057  INFO 75568 --- [pool-7-thread-1] tourGuide.service.TourGuideService       : Track Location for user internalUser839
2022-10-02 23:12:34.057  INFO 75568 --- [    Test worker] tourGuide.service.TourGuideService       : Track Location for user internalUser772
2022-10-02 23:12:34.059  INFO 75568 --- [pool-7-thread-1] tourGuide.service.TourGuideService       : Track Location for user internalUser837
2022-10-02 23:12:34.059  INFO 75568 --- [    Test worker] tourGuide.service.TourGuideService       : Track Location for user internalUser7136
2022-10-02 23:12:34.060  INFO 75568 --- [pool-7-thread-1] tourGuide.service.TourGuideService       : Track Location for user internalUser838
2022-10-02 23:12:34.060  INFO 75568 --- [    Test worker] tourGuide.service.TourGuideService       : Track Location for user internalUser8468
2022-10-02 23:12:34.060  INFO 75568 --- [pool-7-thread-1] tourGuide.service.TourGuideService       : Track Location for user internalUser835
2022-10-02 23:12:34.060  INFO 75568 --- [    Test worker] tourGuide.service.TourGuideService       : Track Location for user internalUser9799
2022-10-02 23:12:34.060  INFO 75568 --- [pool-7-thread-1] tourGuide.service.TourGuideService       : Track Location for user internalUser836
2022-10-02 23:12:34.061  INFO 75568 --- [    Test worker] tourGuide.service.TourGuideService       : Track Location for user internalUser773
2022-10-02 23:12:34.061  INFO 75568 --- [pool-7-thread-1] tourGuide.service.TourGuideService       : Track Location for user internalUser833
2022-10-02 23:12:34.061  INFO 75568 --- [    Test worker] tourGuide.service.TourGuideService       : Track Location for user internalUser7135
2022-10-02 23:12:34.061  INFO 75568 --- [pool-7-thread-1] tourGuide.service.TourGuideService       : Track Location for user internalUser834
2022-10-02 23:12:34.062  INFO 75568 --- [    Test worker] tourGuide.service.TourGuideService       : Track Location for user internalUser8469
2022-10-02 23:12:34.062  INFO 75568 --- [pool-7-thread-1] tourGuide.service.TourGuideService       : Track Location for user internalUser3520
2022-10-02 23:12:34.062  INFO 75568 --- [    Test worker] tourGuide.service.TourGuideService       : Track Location for user internalUser770
2022-10-02 23:12:34.062  INFO 75568 --- [pool-7-thread-1] tourGuide.service.TourGuideService       : Track Location for user internalUser4851
2022-10-02 23:12:34.062  INFO 75568 --- [    Test worker] tourGuide.service.TourGuideService       : Track Location for user internalUser7138
2022-10-02 23:12:34.062  INFO 75568 --- [pool-7-thread-1] tourGuide.service.TourGuideService       : Track Location for user internalUser3521
2022-10-02 23:12:34.062  INFO 75568 --- [    Test worker] tourGuide.service.TourGuideService       : Track Location for user internalUser8466
2022-10-02 23:12:34.063  INFO 75568 --- [pool-7-thread-1] tourGuide.service.TourGuideService       : Track Location for user internalUser4852
2022-10-02 23:12:34.063  INFO 75568 --- [    Test worker] tourGuide.service.TourGuideService       : Track Location for user internalUser9797
2022-10-02 23:12:34.063  INFO 75568 --- [pool-7-thread-1] tourGuide.service.TourGuideService       : Track Location for user internalUser3522
2022-10-02 23:12:34.063  INFO 75568 --- [    Test worker] tourGuide.service.TourGuideService       : Track Location for user internalUser771
2022-10-02 23:12:34.063  INFO 75568 --- [pool-7-thread-1] tourGuide.service.TourGuideService       : Track Location for user internalUser4853
2022-10-02 23:12:34.064  INFO 75568 --- [    Test worker] tourGuide.service.TourGuideService       : Track Location for user internalUser7137
2022-10-02 23:12:34.064  INFO 75568 --- [pool-7-thread-1] tourGuide.service.TourGuideService       : Track Location for user internalUser3523
2022-10-02 23:12:34.064  INFO 75568 --- [    Test worker] tourGuide.service.TourGuideService       : Track Location for user internalUser8467
2022-10-02 23:12:34.064  INFO 75568 --- [pool-7-thread-1] tourGuide.service.TourGuideService       : Track Location for user internalUser4854
2022-10-02 23:12:34.064  INFO 75568 --- [    Test worker] tourGuide.service.TourGuideService       : Track Location for user internalUser9798
2022-10-02 23:12:34.064  INFO 75568 --- [pool-7-thread-1] tourGuide.service.TourGuideService       : Track Location for user internalUser3524
2022-10-02 23:12:34.064  INFO 75568 --- [    Test worker] tourGuide.service.TourGuideService       : Track Location for user internalUser8471
2022-10-02 23:12:34.065  INFO 75568 --- [pool-7-thread-1] tourGuide.service.TourGuideService       : Track Location for user internalUser4855
2022-10-02 23:12:34.065  INFO 75568 --- [    Test worker] tourGuide.service.TourGuideService       : Track Location for user internalUser8472
2022-10-02 23:12:34.065  INFO 75568 --- [pool-7-thread-1] tourGuide.service.TourGuideService       : Track Location for user internalUser3525
2022-10-02 23:12:34.065  INFO 75568 --- [    Test worker] tourGuide.service.TourGuideService       : Track Location for user internalUser778
2022-10-02 23:12:34.065  INFO 75568 --- [pool-7-thread-1] tourGuide.service.TourGuideService       : Track Location for user internalUser4856
2022-10-02 23:12:34.065  INFO 75568 --- [    Test worker] tourGuide.service.TourGuideService       : Track Location for user internalUser7141
2022-10-02 23:12:34.065  INFO 75568 --- [pool-7-thread-1] tourGuide.service.TourGuideService       : Track Location for user internalUser3526
2022-10-02 23:12:34.066  INFO 75568 --- [    Test worker] tourGuide.service.TourGuideService       : Track Location for user internalUser779
2022-10-02 23:12:34.066  INFO 75568 --- [pool-7-thread-1] tourGuide.service.TourGuideService       : Track Location for user internalUser4857
2022-10-02 23:12:34.066  INFO 75568 --- [    Test worker] tourGuide.service.TourGuideService       : Track Location for user internalUser7140
2022-10-02 23:12:34.066  INFO 75568 --- [pool-7-thread-1] tourGuide.service.TourGuideService       : Track Location for user internalUser3527
2022-10-02 23:12:34.068  INFO 75568 --- [    Test worker] tourGuide.service.TourGuideService       : Track Location for user internalUser8470
2022-10-02 23:12:34.068  INFO 75568 --- [pool-7-thread-1] tourGuide.service.TourGuideService       : Track Location for user internalUser4858
2022-10-02 23:12:34.068  INFO 75568 --- [    Test worker] tourGuide.service.TourGuideService       : Track Location for user internalUser7107
2022-10-02 23:12:34.068  INFO 75568 --- [pool-7-thread-1] tourGuide.service.TourGuideService       : Track Location for user internalUser4850
2022-10-02 23:12:34.069  INFO 75568 --- [    Test worker] tourGuide.service.TourGuideService       : Track Location for user internalUser8439
2022-10-02 23:12:34.069  INFO 75568 --- [pool-7-thread-1] tourGuide.service.TourGuideService       : Track Location for user internalUser3528
2022-10-02 23:12:34.069  INFO 75568 --- [    Test worker] tourGuide.service.TourGuideService       : Track Location for user internalUser780
2022-10-02 23:12:34.069  INFO 75568 --- [pool-7-thread-1] tourGuide.service.TourGuideService       : Track Location for user internalUser4859
2022-10-02 23:12:34.069  INFO 75568 --- [    Test worker] tourGuide.service.TourGuideService       : Track Location for user internalUser7106
2022-10-02 23:12:34.070  INFO 75568 --- [pool-7-thread-1] tourGuide.service.TourGuideService       : Track Location for user internalUser3529
2022-10-02 23:12:34.070  INFO 75568 --- [    Test worker] tourGuide.service.TourGuideService       : Track Location for user internalUser7109
2022-10-02 23:12:34.070  INFO 75568 --- [pool-7-thread-1] tourGuide.service.TourGuideService       : Track Location for user internalUser3531
2022-10-02 23:12:34.070  INFO 75568 --- [    Test worker] tourGuide.service.TourGuideService       : Track Location for user internalUser8437
2022-10-02 23:12:34.070  INFO 75568 --- [pool-7-thread-1] tourGuide.service.TourGuideService       : Track Location for user internalUser4862
2022-10-02 23:12:34.071  INFO 75568 --- [    Test worker] tourGuide.service.TourGuideService       : Track Location for user internalUser9768
2022-10-02 23:12:34.071  INFO 75568 --- [pool-7-thread-1] tourGuide.service.TourGuideService       : Track Location for user internalUser3532
2022-10-02 23:12:34.071  INFO 75568 --- [    Test worker] tourGuide.service.TourGuideService       : Track Location for user internalUser7108
2022-10-02 23:12:34.071  INFO 75568 --- [pool-7-thread-1] tourGuide.service.TourGuideService       : Track Location for user internalUser4863
2022-10-02 23:12:34.072  INFO 75568 --- [    Test worker] tourGuide.service.TourGuideService       : Track Location for user internalUser8438
2022-10-02 23:12:34.072  INFO 75568 --- [pool-7-thread-1] tourGuide.service.TourGuideService       : Track Location for user internalUser3533
2022-10-02 23:12:34.072  INFO 75568 --- [    Test worker] tourGuide.service.TourGuideService       : Track Location for user internalUser9769
2022-10-02 23:12:34.072  INFO 75568 --- [pool-7-thread-1] tourGuide.service.TourGuideService       : Track Location for user internalUser4864
2022-10-02 23:12:34.072  INFO 75568 --- [    Test worker] tourGuide.service.TourGuideService       : Track Location for user internalUser787
2022-10-02 23:12:34.072  INFO 75568 --- [pool-7-thread-1] tourGuide.service.TourGuideService       : Track Location for user internalUser3534
2022-10-02 23:12:34.073  INFO 75568 --- [    Test worker] tourGuide.service.TourGuideService       : Track Location for user internalUser8431
2022-10-02 23:12:34.073  INFO 75568 --- [pool-7-thread-1] tourGuide.service.TourGuideService       : Track Location for user internalUser4865
2022-10-02 23:12:34.075  INFO 75568 --- [    Test worker] tourGuide.service.TourGuideService       : Track Location for user internalUser9762
2022-10-02 23:12:34.075  INFO 75568 --- [pool-7-thread-1] tourGuide.service.TourGuideService       : Track Location for user internalUser3535
2022-10-02 23:12:34.075  INFO 75568 --- [    Test worker] tourGuide.service.TourGuideService       : Track Location for user internalUser788
2022-10-02 23:12:34.075  INFO 75568 --- [pool-7-thread-1] tourGuide.service.TourGuideService       : Track Location for user internalUser4866
2022-10-02 23:12:34.076  INFO 75568 --- [    Test worker] tourGuide.service.TourGuideService       : Track Location for user internalUser8432
2022-10-02 23:12:34.078  INFO 75568 --- [pool-7-thread-1] tourGuide.service.TourGuideService       : Track Location for user internalUser3536
2022-10-02 23:12:34.078  INFO 75568 --- [    Test worker] tourGuide.service.TourGuideService       : Track Location for user internalUser9763
2022-10-02 23:12:34.078  INFO 75568 --- [pool-7-thread-1] tourGuide.service.TourGuideService       : Track Location for user internalUser4867
2022-10-02 23:12:34.078  INFO 75568 --- [    Test worker] tourGuide.service.TourGuideService       : Track Location for user internalUser785
2022-10-02 23:12:34.078  INFO 75568 --- [pool-7-thread-1] tourGuide.service.TourGuideService       : Track Location for user internalUser3537
2022-10-02 23:12:34.079  INFO 75568 --- [    Test worker] tourGuide.service.TourGuideService       : Track Location for user internalUser7101
2022-10-02 23:12:34.079  INFO 75568 --- [pool-7-thread-1] tourGuide.service.TourGuideService       : Track Location for user internalUser4868
2022-10-02 23:12:34.079  INFO 75568 --- [    Test worker] tourGuide.service.TourGuideService       : Track Location for user internalUser9760
2022-10-02 23:12:34.079  INFO 75568 --- [pool-7-thread-1] tourGuide.service.TourGuideService       : Track Location for user internalUser3538
2022-10-02 23:12:34.079  INFO 75568 --- [    Test worker] tourGuide.service.TourGuideService       : Track Location for user internalUser786
2022-10-02 23:12:34.079  INFO 75568 --- [pool-7-thread-1] tourGuide.service.TourGuideService       : Track Location for user internalUser4869
2022-10-02 23:12:34.080  INFO 75568 --- [    Test worker] tourGuide.service.TourGuideService       : Track Location for user internalUser7100
2022-10-02 23:12:34.080  INFO 75568 --- [pool-7-thread-1] tourGuide.service.TourGuideService       : Track Location for user internalUser2207
2022-10-02 23:12:34.080  INFO 75568 --- [    Test worker] tourGuide.service.TourGuideService       : Track Location for user internalUser8430
2022-10-02 23:12:34.080  INFO 75568 --- [pool-7-thread-1] tourGuide.service.TourGuideService       : Track Location for user internalUser2206
2022-10-02 23:12:34.080  INFO 75568 --- [    Test worker] tourGuide.service.TourGuideService       : Track Location for user internalUser9761
2022-10-02 23:12:34.080  INFO 75568 --- [pool-7-thread-1] tourGuide.service.TourGuideService       : Track Location for user internalUser2205
2022-10-02 23:12:34.081  INFO 75568 --- [    Test worker] tourGuide.service.TourGuideService       : Track Location for user internalUser783
2022-10-02 23:12:34.081  INFO 75568 --- [pool-7-thread-1] tourGuide.service.TourGuideService       : Track Location for user internalUser2204
2022-10-02 23:12:34.081  INFO 75568 --- [    Test worker] tourGuide.service.TourGuideService       : Track Location for user internalUser7103
2022-10-02 23:12:34.081  INFO 75568 --- [pool-7-thread-1] tourGuide.service.TourGuideService       : Track Location for user internalUser2203
2022-10-02 23:12:34.081  INFO 75568 --- [    Test worker] tourGuide.service.TourGuideService       : Track Location for user internalUser8435
2022-10-02 23:12:34.082  INFO 75568 --- [pool-7-thread-1] tourGuide.service.TourGuideService       : Track Location for user internalUser2202
2022-10-02 23:12:34.082  INFO 75568 --- [    Test worker] tourGuide.service.TourGuideService       : Track Location for user internalUser9766
2022-10-02 23:12:34.082  INFO 75568 --- [pool-7-thread-1] tourGuide.service.TourGuideService       : Track Location for user internalUser2201
2022-10-02 23:12:34.082  INFO 75568 --- [    Test worker] tourGuide.service.TourGuideService       : Track Location for user internalUser784
2022-10-02 23:12:34.082  INFO 75568 --- [pool-7-thread-1] tourGuide.service.TourGuideService       : Track Location for user internalUser4860
2022-10-02 23:12:34.082  INFO 75568 --- [    Test worker] tourGuide.service.TourGuideService       : Track Location for user internalUser7102
2022-10-02 23:12:34.083  INFO 75568 --- [pool-7-thread-1] tourGuide.service.TourGuideService       : Track Location for user internalUser2200
2022-10-02 23:12:34.083  INFO 75568 --- [    Test worker] tourGuide.service.TourGuideService       : Track Location for user internalUser8436
2022-10-02 23:12:34.083  INFO 75568 --- [pool-7-thread-1] tourGuide.service.TourGuideService       : Track Location for user internalUser3530
2022-10-02 23:12:34.083  INFO 75568 --- [    Test worker] tourGuide.service.TourGuideService       : Track Location for user internalUser9767
2022-10-02 23:12:34.083  INFO 75568 --- [pool-7-thread-1] tourGuide.service.TourGuideService       : Track Location for user internalUser4861
2022-10-02 23:12:34.083  INFO 75568 --- [    Test worker] tourGuide.service.TourGuideService       : Track Location for user internalUser781
2022-10-02 23:12:34.083  INFO 75568 --- [pool-7-thread-1] tourGuide.service.TourGuideService       : Track Location for user internalUser2209
2022-10-02 23:12:34.084  INFO 75568 --- [    Test worker] tourGuide.service.TourGuideService       : Track Location for user internalUser7105
2022-10-02 23:12:34.084  INFO 75568 --- [pool-7-thread-1] tourGuide.service.TourGuideService       : Track Location for user internalUser2208
2022-10-02 23:12:34.084  INFO 75568 --- [    Test worker] tourGuide.service.TourGuideService       : Track Location for user internalUser8433
2022-10-02 23:12:34.084  INFO 75568 --- [pool-7-thread-1] tourGuide.service.TourGuideService       : Track Location for user internalUser3539
2022-10-02 23:12:34.084  INFO 75568 --- [    Test worker] tourGuide.service.TourGuideService       : Track Location for user internalUser9764
2022-10-02 23:12:34.084  INFO 75568 --- [pool-7-thread-1] tourGuide.service.TourGuideService       : Track Location for user internalUser4830
2022-10-02 23:12:34.086  INFO 75568 --- [    Test worker] tourGuide.service.TourGuideService       : Track Location for user internalUser782
2022-10-02 23:12:34.087  INFO 75568 --- [pool-7-thread-1] tourGuide.service.TourGuideService       : Track Location for user internalUser3500
2022-10-02 23:12:34.087  INFO 75568 --- [    Test worker] tourGuide.service.TourGuideService       : Track Location for user internalUser7104
2022-10-02 23:12:34.087  INFO 75568 --- [pool-7-thread-1] tourGuide.service.TourGuideService       : Track Location for user internalUser4831
2022-10-02 23:12:34.088  INFO 75568 --- [pool-7-thread-1] tourGuide.service.TourGuideService       : Track Location for user internalUser3501
2022-10-02 23:12:34.088  INFO 75568 --- [pool-7-thread-1] tourGuide.service.TourGuideService       : Track Location for user internalUser4832
2022-10-02 23:12:34.088  INFO 75568 --- [pool-7-thread-1] tourGuide.service.TourGuideService       : Track Location for user internalUser3502
2022-10-02 23:12:34.088  INFO 75568 --- [    Test worker] tourGuide.service.TourGuideService       : Track Location for user internalUser8434
2022-10-02 23:12:34.089  INFO 75568 --- [pool-7-thread-1] tourGuide.service.TourGuideService       : Track Location for user internalUser4833
2022-10-02 23:12:34.089  INFO 75568 --- [    Test worker] tourGuide.service.TourGuideService       : Track Location for user internalUser9765
2022-10-02 23:12:34.089  INFO 75568 --- [pool-7-thread-1] tourGuide.service.TourGuideService       : Track Location for user internalUser3503
2022-10-02 23:12:34.089  INFO 75568 --- [    Test worker] tourGuide.service.TourGuideService       : Track Location for user internalUser9770
2022-10-02 23:12:34.090  INFO 75568 --- [pool-7-thread-1] tourGuide.service.TourGuideService       : Track Location for user internalUser4834
2022-10-02 23:12:34.090  INFO 75568 --- [    Test worker] tourGuide.service.TourGuideService       : Track Location for user internalUser789
2022-10-02 23:12:34.090  INFO 75568 --- [pool-7-thread-1] tourGuide.service.TourGuideService       : Track Location for user internalUser3504
2022-10-02 23:12:34.090  INFO 75568 --- [    Test worker] tourGuide.service.TourGuideService       : Track Location for user internalUser790
2022-10-02 23:12:34.090  INFO 75568 --- [pool-7-thread-1] tourGuide.service.TourGuideService       : Track Location for user internalUser4835
2022-10-02 23:12:34.091  INFO 75568 --- [pool-7-thread-1] tourGuide.service.TourGuideService       : Track Location for user internalUser3505
2022-10-02 23:12:34.091  INFO 75568 --- [pool-7-thread-1] tourGuide.service.TourGuideService       : Track Location for user internalUser4836
2022-10-02 23:12:34.091  INFO 75568 --- [pool-7-thread-1] tourGuide.service.TourGuideService       : Track Location for user internalUser3506
2022-10-02 23:12:34.091  INFO 75568 --- [    Test worker] tourGuide.service.TourGuideService       : Track Location for user internalUser7118
2022-10-02 23:12:34.091  INFO 75568 --- [pool-7-thread-1] tourGuide.service.TourGuideService       : Track Location for user internalUser4837
2022-10-02 23:12:34.092  INFO 75568 --- [    Test worker] tourGuide.service.TourGuideService       : Track Location for user internalUser791
2022-10-02 23:12:34.092  INFO 75568 --- [pool-7-thread-1] tourGuide.service.TourGuideService       : Track Location for user internalUser3507
2022-10-02 23:12:34.092  INFO 75568 --- [    Test worker] tourGuide.service.TourGuideService       : Track Location for user internalUser7117
2022-10-02 23:12:34.092  INFO 75568 --- [pool-7-thread-1] tourGuide.service.TourGuideService       : Track Location for user internalUser4838
2022-10-02 23:12:34.092  INFO 75568 --- [    Test worker] tourGuide.service.TourGuideService       : Track Location for user internalUser8448
2022-10-02 23:12:34.093  INFO 75568 --- [pool-7-thread-1] tourGuide.service.TourGuideService       : Track Location for user internalUser3508
2022-10-02 23:12:34.093  INFO 75568 --- [    Test worker] tourGuide.service.TourGuideService       : Track Location for user internalUser9779
2022-10-02 23:12:34.093  INFO 75568 --- [pool-7-thread-1] tourGuide.service.TourGuideService       : Track Location for user internalUser4839
2022-10-02 23:12:34.093  INFO 75568 --- [    Test worker] tourGuide.service.TourGuideService       : Track Location for user internalUser7119
2022-10-02 23:12:34.093  INFO 75568 --- [pool-7-thread-1] tourGuide.service.TourGuideService       : Track Location for user internalUser3509
2022-10-02 23:12:34.094  INFO 75568 --- [    Test worker] tourGuide.service.TourGuideService       : Track Location for user internalUser8449
2022-10-02 23:12:34.094  INFO 75568 --- [pool-7-thread-1] tourGuide.service.TourGuideService       : Track Location for user internalUser4840
2022-10-02 23:12:34.094  INFO 75568 --- [    Test worker] tourGuide.service.TourGuideService       : Track Location for user internalUser798
2022-10-02 23:12:34.094  INFO 75568 --- [pool-7-thread-1] tourGuide.service.TourGuideService       : Track Location for user internalUser3510
2022-10-02 23:12:34.094  INFO 75568 --- [    Test worker] tourGuide.service.TourGuideService       : Track Location for user internalUser7110
2022-10-02 23:12:34.095  INFO 75568 --- [pool-7-thread-1] tourGuide.service.TourGuideService       : Track Location for user internalUser4841
2022-10-02 23:12:34.095  INFO 75568 --- [    Test worker] tourGuide.service.TourGuideService       : Track Location for user internalUser8442
2022-10-02 23:12:34.095  INFO 75568 --- [pool-7-thread-1] tourGuide.service.TourGuideService       : Track Location for user internalUser3511
2022-10-02 23:12:34.095  INFO 75568 --- [    Test worker] tourGuide.service.TourGuideService       : Track Location for user internalUser9773
2022-10-02 23:12:34.096  INFO 75568 --- [pool-7-thread-1] tourGuide.service.TourGuideService       : Track Location for user internalUser4842
2022-10-02 23:12:34.098  INFO 75568 --- [    Test worker] tourGuide.service.TourGuideService       : Track Location for user internalUser799
2022-10-02 23:12:34.098  INFO 75568 --- [pool-7-thread-1] tourGuide.service.TourGuideService       : Track Location for user internalUser3512
2022-10-02 23:12:34.098  INFO 75568 --- [    Test worker] tourGuide.service.TourGuideService       : Track Location for user internalUser8443
2022-10-02 23:12:34.098  INFO 75568 --- [pool-7-thread-1] tourGuide.service.TourGuideService       : Track Location for user internalUser4843
2022-10-02 23:12:34.098  INFO 75568 --- [    Test worker] tourGuide.service.TourGuideService       : Track Location for user internalUser9774
2022-10-02 23:12:34.099  INFO 75568 --- [pool-7-thread-1] tourGuide.service.TourGuideService       : Track Location for user internalUser3513
2022-10-02 23:12:34.099  INFO 75568 --- [    Test worker] tourGuide.service.TourGuideService       : Track Location for user internalUser796
2022-10-02 23:12:34.099  INFO 75568 --- [pool-7-thread-1] tourGuide.service.TourGuideService       : Track Location for user internalUser4844
2022-10-02 23:12:34.099  INFO 75568 --- [    Test worker] tourGuide.service.TourGuideService       : Track Location for user internalUser7112
2022-10-02 23:12:34.099  INFO 75568 --- [pool-7-thread-1] tourGuide.service.TourGuideService       : Track Location for user internalUser3514
2022-10-02 23:12:34.099  INFO 75568 --- [pool-7-thread-1] tourGuide.service.TourGuideService       : Track Location for user internalUser4845
2022-10-02 23:12:34.099  INFO 75568 --- [pool-7-thread-1] tourGuide.service.TourGuideService       : Track Location for user internalUser3515
2022-10-02 23:12:34.099  INFO 75568 --- [pool-7-thread-1] tourGuide.service.TourGuideService       : Track Location for user internalUser4846
2022-10-02 23:12:34.099  INFO 75568 --- [pool-7-thread-1] tourGuide.service.TourGuideService       : Track Location for user internalUser3516
2022-10-02 23:12:34.099  INFO 75568 --- [pool-7-thread-1] tourGuide.service.TourGuideService       : Track Location for user internalUser4847
2022-10-02 23:12:34.099  INFO 75568 --- [pool-7-thread-1] tourGuide.service.TourGuideService       : Track Location for user internalUser3517
2022-10-02 23:12:34.099  INFO 75568 --- [pool-7-thread-1] tourGuide.service.TourGuideService       : Track Location for user internalUser4848
2022-10-02 23:12:34.099  INFO 75568 --- [pool-7-thread-1] tourGuide.service.TourGuideService       : Track Location for user internalUser3518
2022-10-02 23:12:34.099  INFO 75568 --- [pool-7-thread-1] tourGuide.service.TourGuideService       : Track Location for user internalUser4849
2022-10-02 23:12:34.099  INFO 75568 --- [pool-7-thread-1] tourGuide.service.TourGuideService       : Track Location for user internalUser3519
2022-10-02 23:12:34.099  INFO 75568 --- [pool-7-thread-1] tourGuide.service.TourGuideService       : Track Location for user internalUser2232
2022-10-02 23:12:34.099  INFO 75568 --- [pool-7-thread-1] tourGuide.service.TourGuideService       : Track Location for user internalUser3564
2022-10-02 23:12:34.099  INFO 75568 --- [pool-7-thread-1] tourGuide.service.TourGuideService       : Track Location for user internalUser4895
2022-10-02 23:12:34.099  INFO 75568 --- [pool-7-thread-1] tourGuide.service.TourGuideService       : Track Location for user internalUser2231
2022-10-02 23:12:34.099  INFO 75568 --- [pool-7-thread-1] tourGuide.service.TourGuideService       : Track Location for user internalUser3565
2022-10-02 23:12:34.099  INFO 75568 --- [pool-7-thread-1] tourGuide.service.TourGuideService       : Track Location for user internalUser4896
2022-10-02 23:12:34.099  INFO 75568 --- [pool-7-thread-1] tourGuide.service.TourGuideService       : Track Location for user internalUser2230
2022-10-02 23:12:34.099  INFO 75568 --- [pool-7-thread-1] tourGuide.service.TourGuideService       : Track Location for user internalUser3566
2022-10-02 23:12:34.099  INFO 75568 --- [pool-7-thread-1] tourGuide.service.TourGuideService       : Track Location for user internalUser4897
2022-10-02 23:12:34.099  INFO 75568 --- [pool-7-thread-1] tourGuide.service.TourGuideService       : Track Location for user internalUser3567
2022-10-02 23:12:34.099  INFO 75568 --- [pool-7-thread-1] tourGuide.service.TourGuideService       : Track Location for user internalUser4898
2022-10-02 23:12:34.100  INFO 75568 --- [pool-7-thread-1] tourGuide.service.TourGuideService       : Track Location for user internalUser3568
2022-10-02 23:12:34.100  INFO 75568 --- [pool-7-thread-1] tourGuide.service.TourGuideService       : Track Location for user internalUser4899
2022-10-02 23:12:34.100  INFO 75568 --- [pool-7-thread-1] tourGuide.service.TourGuideService       : Track Location for user internalUser3569
2022-10-02 23:12:34.100  INFO 75568 --- [pool-7-thread-1] tourGuide.service.TourGuideService       : Track Location for user internalUser2239
2022-10-02 23:12:34.100  INFO 75568 --- [pool-7-thread-1] tourGuide.service.TourGuideService       : Track Location for user internalUser2238
2022-10-02 23:12:34.100  INFO 75568 --- [pool-7-thread-1] tourGuide.service.TourGuideService       : Track Location for user internalUser2237
2022-10-02 23:12:34.100  INFO 75568 --- [pool-7-thread-1] tourGuide.service.TourGuideService       : Track Location for user internalUser4890
2022-10-02 23:12:34.100  INFO 75568 --- [pool-7-thread-1] tourGuide.service.TourGuideService       : Track Location for user internalUser2236
2022-10-02 23:12:34.100  INFO 75568 --- [    Test worker] tourGuide.service.TourGuideService       : Track Location for user internalUser8440
2022-10-02 23:12:34.100  INFO 75568 --- [pool-7-thread-1] tourGuide.service.TourGuideService       : Track Location for user internalUser3560
2022-10-02 23:12:34.100  INFO 75568 --- [    Test worker] tourGuide.service.TourGuideService       : Track Location for user internalUser9771
2022-10-02 23:12:34.100  INFO 75568 --- [    Test worker] tourGuide.service.TourGuideService       : Track Location for user internalUser797
2022-10-02 23:12:34.100  INFO 75568 --- [pool-7-thread-1] tourGuide.service.TourGuideService       : Track Location for user internalUser4891
2022-10-02 23:12:34.100  INFO 75568 --- [pool-7-thread-1] tourGuide.service.TourGuideService       : Track Location for user internalUser2235
2022-10-02 23:12:34.100  INFO 75568 --- [pool-7-thread-1] tourGuide.service.TourGuideService       : Track Location for user internalUser3561
2022-10-02 23:12:34.100  INFO 75568 --- [pool-7-thread-1] tourGuide.service.TourGuideService       : Track Location for user internalUser4892
2022-10-02 23:12:34.100  INFO 75568 --- [pool-7-thread-1] tourGuide.service.TourGuideService       : Track Location for user internalUser2234
2022-10-02 23:12:34.100  INFO 75568 --- [    Test worker] tourGuide.service.TourGuideService       : Track Location for user internalUser7111
2022-10-02 23:12:34.100  INFO 75568 --- [pool-7-thread-1] tourGuide.service.TourGuideService       : Track Location for user internalUser3562
2022-10-02 23:12:34.100  INFO 75568 --- [    Test worker] tourGuide.service.TourGuideService       : Track Location for user internalUser8441
2022-10-02 23:12:34.100  INFO 75568 --- [pool-7-thread-1] tourGuide.service.TourGuideService       : Track Location for user internalUser4893
2022-10-02 23:12:34.100  INFO 75568 --- [    Test worker] tourGuide.service.TourGuideService       : Track Location for user internalUser9772
2022-10-02 23:12:34.100  INFO 75568 --- [    Test worker] tourGuide.service.TourGuideService       : Track Location for user internalUser794
2022-10-02 23:12:34.100  INFO 75568 --- [pool-7-thread-1] tourGuide.service.TourGuideService       : Track Location for user internalUser2233
2022-10-02 23:12:34.100  INFO 75568 --- [    Test worker] tourGuide.service.TourGuideService       : Track Location for user internalUser7114
2022-10-02 23:12:34.100  INFO 75568 --- [pool-7-thread-1] tourGuide.service.TourGuideService       : Track Location for user internalUser3563
2022-10-02 23:12:34.100  INFO 75568 --- [    Test worker] tourGuide.service.TourGuideService       : Track Location for user internalUser8446
2022-10-02 23:12:34.100  INFO 75568 --- [    Test worker] tourGuide.service.TourGuideService       : Track Location for user internalUser9777
2022-10-02 23:12:34.100  INFO 75568 --- [pool-7-thread-1] tourGuide.service.TourGuideService       : Track Location for user internalUser4894
2022-10-02 23:12:34.100  INFO 75568 --- [    Test worker] tourGuide.service.TourGuideService       : Track Location for user internalUser795
2022-10-02 23:12:34.100  INFO 75568 --- [pool-7-thread-1] tourGuide.service.TourGuideService       : Track Location for user internalUser2243
2022-10-02 23:12:34.100  INFO 75568 --- [    Test worker] tourGuide.service.TourGuideService       : Track Location for user internalUser7113
2022-10-02 23:12:34.100  INFO 75568 --- [pool-7-thread-1] tourGuide.service.TourGuideService       : Track Location for user internalUser3575
2022-10-02 23:12:34.100  INFO 75568 --- [    Test worker] tourGuide.service.TourGuideService       : Track Location for user internalUser8447
2022-10-02 23:12:34.100  INFO 75568 --- [pool-7-thread-1] tourGuide.service.TourGuideService       : Track Location for user internalUser2242
2022-10-02 23:12:34.100  INFO 75568 --- [    Test worker] tourGuide.service.TourGuideService       : Track Location for user internalUser9778
2022-10-02 23:12:34.100  INFO 75568 --- [pool-7-thread-1] tourGuide.service.TourGuideService       : Track Location for user internalUser3576
2022-10-02 23:12:34.100  INFO 75568 --- [    Test worker] tourGuide.service.TourGuideService       : Track Location for user internalUser792
2022-10-02 23:12:34.100  INFO 75568 --- [pool-7-thread-1] tourGuide.service.TourGuideService       : Track Location for user internalUser2241
2022-10-02 23:12:34.100  INFO 75568 --- [    Test worker] tourGuide.service.TourGuideService       : Track Location for user internalUser7116
2022-10-02 23:12:34.100  INFO 75568 --- [pool-7-thread-1] tourGuide.service.TourGuideService       : Track Location for user internalUser3577
2022-10-02 23:12:34.100  INFO 75568 --- [    Test worker] tourGuide.service.TourGuideService       : Track Location for user internalUser8444
2022-10-02 23:12:34.100  INFO 75568 --- [pool-7-thread-1] tourGuide.service.TourGuideService       : Track Location for user internalUser2240
2022-10-02 23:12:34.100  INFO 75568 --- [pool-7-thread-1] tourGuide.service.TourGuideService       : Track Location for user internalUser3578
2022-10-02 23:12:34.100  INFO 75568 --- [    Test worker] tourGuide.service.TourGuideService       : Track Location for user internalUser9775
2022-10-02 23:12:34.100  INFO 75568 --- [    Test worker] tourGuide.service.TourGuideService       : Track Location for user internalUser793
2022-10-02 23:12:34.100  INFO 75568 --- [    Test worker] tourGuide.service.TourGuideService       : Track Location for user internalUser7115
2022-10-02 23:12:34.100  INFO 75568 --- [pool-7-thread-1] tourGuide.service.TourGuideService       : Track Location for user internalUser3579
2022-10-02 23:12:34.100  INFO 75568 --- [    Test worker] tourGuide.service.TourGuideService       : Track Location for user internalUser8445
2022-10-02 23:12:34.100  INFO 75568 --- [pool-7-thread-1] tourGuide.service.TourGuideService       : Track Location for user internalUser2249
2022-10-02 23:12:34.100  INFO 75568 --- [    Test worker] tourGuide.service.TourGuideService       : Track Location for user internalUser9776
2022-10-02 23:12:34.100  INFO 75568 --- [pool-7-thread-1] tourGuide.service.TourGuideService       : Track Location for user internalUser2248
2022-10-02 23:12:34.100  INFO 75568 --- [    Test worker] tourGuide.service.TourGuideService       : Track Location for user internalUser9780
2022-10-02 23:12:34.100  INFO 75568 --- [pool-7-thread-1] tourGuide.service.TourGuideService       : Track Location for user internalUser3570
2022-10-02 23:12:34.100  INFO 75568 --- [    Test worker] tourGuide.service.TourGuideService       : Track Location for user internalUser8450
2022-10-02 23:12:34.100  INFO 75568 --- [pool-7-thread-1] tourGuide.service.TourGuideService       : Track Location for user internalUser2247
2022-10-02 23:12:34.100  INFO 75568 --- [    Test worker] tourGuide.service.TourGuideService       : Track Location for user internalUser9781
2022-10-02 23:12:34.100  INFO 75568 --- [    Test worker] tourGuide.service.TourGuideService       : Track Location for user internalUser2276
2022-10-02 23:12:34.100  INFO 75568 --- [    Test worker] tourGuide.service.TourGuideService       : Track Location for user internalUser2275
2022-10-02 23:12:34.100  INFO 75568 --- [    Test worker] tourGuide.service.TourGuideService       : Track Location for user internalUser2274
2022-10-02 23:12:34.100  INFO 75568 --- [pool-7-thread-1] tourGuide.service.TourGuideService       : Track Location for user internalUser3571
2022-10-02 23:12:34.100  INFO 75568 --- [    Test worker] tourGuide.service.TourGuideService       : Track Location for user internalUser2273
2022-10-02 23:12:34.100  INFO 75568 --- [pool-7-thread-1] tourGuide.service.TourGuideService       : Track Location for user internalUser2246
2022-10-02 23:12:34.100  INFO 75568 --- [    Test worker] tourGuide.service.TourGuideService       : Track Location for user internalUser2272
2022-10-02 23:12:34.100  INFO 75568 --- [pool-7-thread-1] tourGuide.service.TourGuideService       : Track Location for user internalUser3572
2022-10-02 23:12:34.100  INFO 75568 --- [    Test worker] tourGuide.service.TourGuideService       : Track Location for user internalUser2271
2022-10-02 23:12:34.100  INFO 75568 --- [pool-7-thread-1] tourGuide.service.TourGuideService       : Track Location for user internalUser2245
2022-10-02 23:12:34.100  INFO 75568 --- [    Test worker] tourGuide.service.TourGuideService       : Track Location for user internalUser2270
2022-10-02 23:12:34.100  INFO 75568 --- [pool-7-thread-1] tourGuide.service.TourGuideService       : Track Location for user internalUser3573
2022-10-02 23:12:34.100  INFO 75568 --- [    Test worker] tourGuide.service.TourGuideService       : Track Location for user internalUser842
2022-10-02 23:12:34.100  INFO 75568 --- [pool-7-thread-1] tourGuide.service.TourGuideService       : Track Location for user internalUser2244
2022-10-02 23:12:34.100  INFO 75568 --- [    Test worker] tourGuide.service.TourGuideService       : Track Location for user internalUser843
2022-10-02 23:12:34.100  INFO 75568 --- [pool-7-thread-1] tourGuide.service.TourGuideService       : Track Location for user internalUser3574
2022-10-02 23:12:34.100  INFO 75568 --- [    Test worker] tourGuide.service.TourGuideService       : Track Location for user internalUser840
2022-10-02 23:12:34.100  INFO 75568 --- [pool-7-thread-1] tourGuide.service.TourGuideService       : Track Location for user internalUser2210
2022-10-02 23:12:34.100  INFO 75568 --- [    Test worker] tourGuide.service.TourGuideService       : Track Location for user internalUser841
2022-10-02 23:12:34.100  INFO 75568 --- [pool-7-thread-1] tourGuide.service.TourGuideService       : Track Location for user internalUser3542
2022-10-02 23:12:34.100  INFO 75568 --- [    Test worker] tourGuide.service.TourGuideService       : Track Location for user internalUser2279
2022-10-02 23:12:34.100  INFO 75568 --- [pool-7-thread-1] tourGuide.service.TourGuideService       : Track Location for user internalUser4873
2022-10-02 23:12:34.100  INFO 75568 --- [    Test worker] tourGuide.service.TourGuideService       : Track Location for user internalUser2278
2022-10-02 23:12:34.100  INFO 75568 --- [pool-7-thread-1] tourGuide.service.TourGuideService       : Track Location for user internalUser3543
2022-10-02 23:12:34.100  INFO 75568 --- [    Test worker] tourGuide.service.TourGuideService       : Track Location for user internalUser2277
2022-10-02 23:12:34.100  INFO 75568 --- [pool-7-thread-1] tourGuide.service.TourGuideService       : Track Location for user internalUser4874
2022-10-02 23:12:34.100  INFO 75568 --- [    Test worker] tourGuide.service.TourGuideService       : Track Location for user internalUser848
2022-10-02 23:12:34.100  INFO 75568 --- [pool-7-thread-1] tourGuide.service.TourGuideService       : Track Location for user internalUser3544
2022-10-02 23:12:34.100  INFO 75568 --- [    Test worker] tourGuide.service.TourGuideService       : Track Location for user internalUser849
2022-10-02 23:12:34.100  INFO 75568 --- [pool-7-thread-1] tourGuide.service.TourGuideService       : Track Location for user internalUser4875
2022-10-02 23:12:34.100  INFO 75568 --- [    Test worker] tourGuide.service.TourGuideService       : Track Location for user internalUser846
2022-10-02 23:12:34.100  INFO 75568 --- [pool-7-thread-1] tourGuide.service.TourGuideService       : Track Location for user internalUser3545
2022-10-02 23:12:34.100  INFO 75568 --- [    Test worker] tourGuide.service.TourGuideService       : Track Location for user internalUser847
2022-10-02 23:12:34.100  INFO 75568 --- [pool-7-thread-1] tourGuide.service.TourGuideService       : Track Location for user internalUser4876
2022-10-02 23:12:34.100  INFO 75568 --- [    Test worker] tourGuide.service.TourGuideService       : Track Location for user internalUser844
2022-10-02 23:12:34.100  INFO 75568 --- [    Test worker] tourGuide.service.TourGuideService       : Track Location for user internalUser845
2022-10-02 23:12:34.100  INFO 75568 --- [    Test worker] tourGuide.service.TourGuideService       : Track Location for user internalUser2287
2022-10-02 23:12:34.100  INFO 75568 --- [pool-7-thread-1] tourGuide.service.TourGuideService       : Track Location for user internalUser3546
2022-10-02 23:12:34.100  INFO 75568 --- [pool-7-thread-1] tourGuide.service.TourGuideService       : Track Location for user internalUser4877
2022-10-02 23:12:34.100  INFO 75568 --- [    Test worker] tourGuide.service.TourGuideService       : Track Location for user internalUser2286
2022-10-02 23:12:34.100  INFO 75568 --- [    Test worker] tourGuide.service.TourGuideService       : Track Location for user internalUser2285
2022-10-02 23:12:34.100  INFO 75568 --- [pool-7-thread-1] tourGuide.service.TourGuideService       : Track Location for user internalUser3547
2022-10-02 23:12:34.100  INFO 75568 --- [    Test worker] tourGuide.service.TourGuideService       : Track Location for user internalUser2284
2022-10-02 23:12:34.100  INFO 75568 --- [pool-7-thread-1] tourGuide.service.TourGuideService       : Track Location for user internalUser4878
2022-10-02 23:12:34.100  INFO 75568 --- [    Test worker] tourGuide.service.TourGuideService       : Track Location for user internalUser2283
2022-10-02 23:12:34.100  INFO 75568 --- [pool-7-thread-1] tourGuide.service.TourGuideService       : Track Location for user internalUser3548
2022-10-02 23:12:34.100  INFO 75568 --- [    Test worker] tourGuide.service.TourGuideService       : Track Location for user internalUser2282
2022-10-02 23:12:34.100  INFO 75568 --- [pool-7-thread-1] tourGuide.service.TourGuideService       : Track Location for user internalUser4879
2022-10-02 23:12:34.100  INFO 75568 --- [    Test worker] tourGuide.service.TourGuideService       : Track Location for user internalUser2281
2022-10-02 23:12:34.100  INFO 75568 --- [    Test worker] tourGuide.service.TourGuideService       : Track Location for user internalUser2280
2022-10-02 23:12:34.100  INFO 75568 --- [    Test worker] tourGuide.service.TourGuideService       : Track Location for user internalUser853
2022-10-02 23:12:34.100  INFO 75568 --- [    Test worker] tourGuide.service.TourGuideService       : Track Location for user internalUser854
2022-10-02 23:12:34.100  INFO 75568 --- [    Test worker] tourGuide.service.TourGuideService       : Track Location for user internalUser851
2022-10-02 23:12:34.100  INFO 75568 --- [    Test worker] tourGuide.service.TourGuideService       : Track Location for user internalUser852
2022-10-02 23:12:34.100  INFO 75568 --- [    Test worker] tourGuide.service.TourGuideService       : Track Location for user internalUser850
2022-10-02 23:12:34.100  INFO 75568 --- [pool-7-thread-1] tourGuide.service.TourGuideService       : Track Location for user internalUser3549
2022-10-02 23:12:34.100  INFO 75568 --- [pool-7-thread-1] tourGuide.service.TourGuideService       : Track Location for user internalUser2218
2022-10-02 23:12:34.100  INFO 75568 --- [    Test worker] tourGuide.service.TourGuideService       : Track Location for user internalUser2289
2022-10-02 23:12:34.100  INFO 75568 --- [pool-7-thread-1] tourGuide.service.TourGuideService       : Track Location for user internalUser2217
2022-10-02 23:12:34.100  INFO 75568 --- [    Test worker] tourGuide.service.TourGuideService       : Track Location for user internalUser2288
2022-10-02 23:12:34.100  INFO 75568 --- [pool-7-thread-1] tourGuide.service.TourGuideService       : Track Location for user internalUser2216
2022-10-02 23:12:34.100  INFO 75568 --- [    Test worker] tourGuide.service.TourGuideService       : Track Location for user internalUser859
2022-10-02 23:12:34.100  INFO 75568 --- [pool-7-thread-1] tourGuide.service.TourGuideService       : Track Location for user internalUser2215
2022-10-02 23:12:34.100  INFO 75568 --- [pool-7-thread-1] tourGuide.service.TourGuideService       : Track Location for user internalUser2214
2022-10-02 23:12:34.100  INFO 75568 --- [pool-7-thread-1] tourGuide.service.TourGuideService       : Track Location for user internalUser2213
2022-10-02 23:12:34.100  INFO 75568 --- [    Test worker] tourGuide.service.TourGuideService       : Track Location for user internalUser857
2022-10-02 23:12:34.100  INFO 75568 --- [pool-7-thread-1] tourGuide.service.TourGuideService       : Track Location for user internalUser4870
2022-10-02 23:12:34.100  INFO 75568 --- [pool-7-thread-1] tourGuide.service.TourGuideService       : Track Location for user internalUser2212
2022-10-02 23:12:34.100  INFO 75568 --- [    Test worker] tourGuide.service.TourGuideService       : Track Location for user internalUser858
2022-10-02 23:12:34.100  INFO 75568 --- [pool-7-thread-1] tourGuide.service.TourGuideService       : Track Location for user internalUser3540
2022-10-02 23:12:34.100  INFO 75568 --- [    Test worker] tourGuide.service.TourGuideService       : Track Location for user internalUser855
2022-10-02 23:12:34.100  INFO 75568 --- [pool-7-thread-1] tourGuide.service.TourGuideService       : Track Location for user internalUser4871
2022-10-02 23:12:34.100  INFO 75568 --- [    Test worker] tourGuide.service.TourGuideService       : Track Location for user internalUser856
2022-10-02 23:12:34.100  INFO 75568 --- [pool-7-thread-1] tourGuide.service.TourGuideService       : Track Location for user internalUser2211
2022-10-02 23:12:34.100  INFO 75568 --- [    Test worker] tourGuide.service.TourGuideService       : Track Location for user internalUser2290
2022-10-02 23:12:34.100  INFO 75568 --- [pool-7-thread-1] tourGuide.service.TourGuideService       : Track Location for user internalUser3541
2022-10-02 23:12:34.100  INFO 75568 --- [    Test worker] tourGuide.service.TourGuideService       : Track Location for user internalUser2254
2022-10-02 23:12:34.100  INFO 75568 --- [pool-7-thread-1] tourGuide.service.TourGuideService       : Track Location for user internalUser4872
2022-10-02 23:12:34.100  INFO 75568 --- [    Test worker] tourGuide.service.TourGuideService       : Track Location for user internalUser3586
2022-10-02 23:12:34.100  INFO 75568 --- [pool-7-thread-1] tourGuide.service.TourGuideService       : Track Location for user internalUser2219
2022-10-02 23:12:34.100  INFO 75568 --- [    Test worker] tourGuide.service.TourGuideService       : Track Location for user internalUser2253
2022-10-02 23:12:34.100  INFO 75568 --- [pool-7-thread-1] tourGuide.service.TourGuideService       : Track Location for user internalUser2221
2022-10-02 23:12:34.100  INFO 75568 --- [    Test worker] tourGuide.service.TourGuideService       : Track Location for user internalUser3587
2022-10-02 23:12:34.100  INFO 75568 --- [    Test worker] tourGuide.service.TourGuideService       : Track Location for user internalUser2252
2022-10-02 23:12:34.100  INFO 75568 --- [    Test worker] tourGuide.service.TourGuideService       : Track Location for user internalUser3588
2022-10-02 23:12:34.100  INFO 75568 --- [pool-7-thread-1] tourGuide.service.TourGuideService       : Track Location for user internalUser3553
2022-10-02 23:12:34.100  INFO 75568 --- [    Test worker] tourGuide.service.TourGuideService       : Track Location for user internalUser2251
2022-10-02 23:12:34.100  INFO 75568 --- [pool-7-thread-1] tourGuide.service.TourGuideService       : Track Location for user internalUser4884
2022-10-02 23:12:34.100  INFO 75568 --- [    Test worker] tourGuide.service.TourGuideService       : Track Location for user internalUser3589
2022-10-02 23:12:34.100  INFO 75568 --- [pool-7-thread-1] tourGuide.service.TourGuideService       : Track Location for user internalUser2220
2022-10-02 23:12:34.100  INFO 75568 --- [    Test worker] tourGuide.service.TourGuideService       : Track Location for user internalUser2250
2022-10-02 23:12:34.100  INFO 75568 --- [pool-7-thread-1] tourGuide.service.TourGuideService       : Track Location for user internalUser3554
2022-10-02 23:12:34.100  INFO 75568 --- [pool-7-thread-1] tourGuide.service.TourGuideService       : Track Location for user internalUser4885
2022-10-02 23:12:34.100  INFO 75568 --- [pool-7-thread-1] tourGuide.service.TourGuideService       : Track Location for user internalUser3555
2022-10-02 23:12:34.100  INFO 75568 --- [pool-7-thread-1] tourGuide.service.TourGuideService       : Track Location for user internalUser4886
2022-10-02 23:12:34.100  INFO 75568 --- [pool-7-thread-1] tourGuide.service.TourGuideService       : Track Location for user internalUser3556
2022-10-02 23:12:34.100  INFO 75568 --- [pool-7-thread-1] tourGuide.service.TourGuideService       : Track Location for user internalUser4887
2022-10-02 23:12:34.100  INFO 75568 --- [    Test worker] tourGuide.service.TourGuideService       : Track Location for user internalUser864
2022-10-02 23:12:34.100  INFO 75568 --- [pool-7-thread-1] tourGuide.service.TourGuideService       : Track Location for user internalUser3557
2022-10-02 23:12:34.100  INFO 75568 --- [pool-7-thread-1] tourGuide.service.TourGuideService       : Track Location for user internalUser4888
2022-10-02 23:12:34.100  INFO 75568 --- [    Test worker] tourGuide.service.TourGuideService       : Track Location for user internalUser865
2022-10-02 23:12:34.100  INFO 75568 --- [pool-7-thread-1] tourGuide.service.TourGuideService       : Track Location for user internalUser3558
2022-10-02 23:12:34.100  INFO 75568 --- [    Test worker] tourGuide.service.TourGuideService       : Track Location for user internalUser862
2022-10-02 23:12:34.100  INFO 75568 --- [pool-7-thread-1] tourGuide.service.TourGuideService       : Track Location for user internalUser4889
2022-10-02 23:12:34.100  INFO 75568 --- [    Test worker] tourGuide.service.TourGuideService       : Track Location for user internalUser3580
2022-10-02 23:12:34.100  INFO 75568 --- [pool-7-thread-1] tourGuide.service.TourGuideService       : Track Location for user internalUser3559
2022-10-02 23:12:34.100  INFO 75568 --- [    Test worker] tourGuide.service.TourGuideService       : Track Location for user internalUser863
2022-10-02 23:12:34.101  INFO 75568 --- [    Test worker] tourGuide.service.TourGuideService       : Track Location for user internalUser2259
2022-10-02 23:12:34.101  INFO 75568 --- [    Test worker] tourGuide.service.TourGuideService       : Track Location for user internalUser3581
2022-10-02 23:12:34.101  INFO 75568 --- [    Test worker] tourGuide.service.TourGuideService       : Track Location for user internalUser860
2022-10-02 23:12:34.101  INFO 75568 --- [    Test worker] tourGuide.service.TourGuideService       : Track Location for user internalUser2258
2022-10-02 23:12:34.101  INFO 75568 --- [    Test worker] tourGuide.service.TourGuideService       : Track Location for user internalUser3582
2022-10-02 23:12:34.101  INFO 75568 --- [    Test worker] tourGuide.service.TourGuideService       : Track Location for user internalUser861
2022-10-02 23:12:34.101  INFO 75568 --- [pool-7-thread-1] tourGuide.service.TourGuideService       : Track Location for user internalUser2229
2022-10-02 23:12:34.101  INFO 75568 --- [    Test worker] tourGuide.service.TourGuideService       : Track Location for user internalUser2257
2022-10-02 23:12:34.101  INFO 75568 --- [pool-7-thread-1] tourGuide.service.TourGuideService       : Track Location for user internalUser2228
2022-10-02 23:12:34.101  INFO 75568 --- [    Test worker] tourGuide.service.TourGuideService       : Track Location for user internalUser3583
2022-10-02 23:12:34.101  INFO 75568 --- [pool-7-thread-1] tourGuide.service.TourGuideService       : Track Location for user internalUser2227
2022-10-02 23:12:34.101  INFO 75568 --- [    Test worker] tourGuide.service.TourGuideService       : Track Location for user internalUser2256
2022-10-02 23:12:34.101  INFO 75568 --- [pool-7-thread-1] tourGuide.service.TourGuideService       : Track Location for user internalUser2226
2022-10-02 23:12:34.101  INFO 75568 --- [    Test worker] tourGuide.service.TourGuideService       : Track Location for user internalUser3584
2022-10-02 23:12:34.101  INFO 75568 --- [pool-7-thread-1] tourGuide.service.TourGuideService       : Track Location for user internalUser2225
2022-10-02 23:12:34.101  INFO 75568 --- [    Test worker] tourGuide.service.TourGuideService       : Track Location for user internalUser2255
2022-10-02 23:12:34.101  INFO 75568 --- [    Test worker] tourGuide.service.TourGuideService       : Track Location for user internalUser3585
2022-10-02 23:12:34.101  INFO 75568 --- [    Test worker] tourGuide.service.TourGuideService       : Track Location for user internalUser868
2022-10-02 23:12:34.101  INFO 75568 --- [pool-7-thread-1] tourGuide.service.TourGuideService       : Track Location for user internalUser4880
2022-10-02 23:12:34.101  INFO 75568 --- [    Test worker] tourGuide.service.TourGuideService       : Track Location for user internalUser869
2022-10-02 23:12:34.101  INFO 75568 --- [pool-7-thread-1] tourGuide.service.TourGuideService       : Track Location for user internalUser2224
2022-10-02 23:12:34.101  INFO 75568 --- [    Test worker] tourGuide.service.TourGuideService       : Track Location for user internalUser866
2022-10-02 23:12:34.101  INFO 75568 --- [pool-7-thread-1] tourGuide.service.TourGuideService       : Track Location for user internalUser3550
2022-10-02 23:12:34.101  INFO 75568 --- [    Test worker] tourGuide.service.TourGuideService       : Track Location for user internalUser867
2022-10-02 23:12:34.101  INFO 75568 --- [    Test worker] tourGuide.service.TourGuideService       : Track Location for user internalUser2265
2022-10-02 23:12:34.101  INFO 75568 --- [    Test worker] tourGuide.service.TourGuideService       : Track Location for user internalUser3597
2022-10-02 23:12:34.101  INFO 75568 --- [pool-7-thread-1] tourGuide.service.TourGuideService       : Track Location for user internalUser4881
2022-10-02 23:12:34.101  INFO 75568 --- [    Test worker] tourGuide.service.TourGuideService       : Track Location for user internalUser2264
2022-10-02 23:12:34.101  INFO 75568 --- [pool-7-thread-1] tourGuide.service.TourGuideService       : Track Location for user internalUser2223
2022-10-02 23:12:34.101  INFO 75568 --- [    Test worker] tourGuide.service.TourGuideService       : Track Location for user internalUser3598
2022-10-02 23:12:34.101  INFO 75568 --- [pool-7-thread-1] tourGuide.service.TourGuideService       : Track Location for user internalUser3551
2022-10-02 23:12:34.101  INFO 75568 --- [    Test worker] tourGuide.service.TourGuideService       : Track Location for user internalUser2263
2022-10-02 23:12:34.101  INFO 75568 --- [pool-7-thread-1] tourGuide.service.TourGuideService       : Track Location for user internalUser4882
2022-10-02 23:12:34.101  INFO 75568 --- [    Test worker] tourGuide.service.TourGuideService       : Track Location for user internalUser3599
2022-10-02 23:12:34.101  INFO 75568 --- [    Test worker] tourGuide.service.TourGuideService       : Track Location for user internalUser2262
2022-10-02 23:12:34.101  INFO 75568 --- [pool-7-thread-1] tourGuide.service.TourGuideService       : Track Location for user internalUser2222
2022-10-02 23:12:34.101  INFO 75568 --- [    Test worker] tourGuide.service.TourGuideService       : Track Location for user internalUser2261
2022-10-02 23:12:34.101  INFO 75568 --- [pool-7-thread-1] tourGuide.service.TourGuideService       : Track Location for user internalUser3552
2022-10-02 23:12:34.101  INFO 75568 --- [    Test worker] tourGuide.service.TourGuideService       : Track Location for user internalUser2260
2022-10-02 23:12:34.101  INFO 75568 --- [pool-7-thread-1] tourGuide.service.TourGuideService       : Track Location for user internalUser4883
2022-10-02 23:12:34.101  INFO 75568 --- [    Test worker] tourGuide.service.TourGuideService       : Track Location for user internalUser875
2022-10-02 23:12:34.101  INFO 75568 --- [pool-7-thread-1] tourGuide.service.TourGuideService       : Track Location for user internalUser7286
2022-10-02 23:12:34.101  INFO 75568 --- [    Test worker] tourGuide.service.TourGuideService       : Track Location for user internalUser876
2022-10-02 23:12:34.101  INFO 75568 --- [pool-7-thread-1] tourGuide.service.TourGuideService       : Track Location for user internalUser7285
2022-10-02 23:12:34.101  INFO 75568 --- [    Test worker] tourGuide.service.TourGuideService       : Track Location for user internalUser3590
2022-10-02 23:12:34.101  INFO 75568 --- [pool-7-thread-1] tourGuide.service.TourGuideService       : Track Location for user internalUser7288
2022-10-02 23:12:34.101  INFO 75568 --- [    Test worker] tourGuide.service.TourGuideService       : Track Location for user internalUser873
2022-10-02 23:12:34.101  INFO 75568 --- [pool-7-thread-1] tourGuide.service.TourGuideService       : Track Location for user internalUser7287
2022-10-02 23:12:34.101  INFO 75568 --- [    Test worker] tourGuide.service.TourGuideService       : Track Location for user internalUser3591
2022-10-02 23:12:34.101  INFO 75568 --- [pool-7-thread-1] tourGuide.service.TourGuideService       : Track Location for user internalUser7289
2022-10-02 23:12:34.101  INFO 75568 --- [    Test worker] tourGuide.service.TourGuideService       : Track Location for user internalUser874
2022-10-02 23:12:34.101  INFO 75568 --- [pool-7-thread-1] tourGuide.service.TourGuideService       : Track Location for user internalUser7291
2022-10-02 23:12:34.101  INFO 75568 --- [    Test worker] tourGuide.service.TourGuideService       : Track Location for user internalUser3592
2022-10-02 23:12:34.101  INFO 75568 --- [pool-7-thread-1] tourGuide.service.TourGuideService       : Track Location for user internalUser7290
2022-10-02 23:12:34.101  INFO 75568 --- [    Test worker] tourGuide.service.TourGuideService       : Track Location for user internalUser871
2022-10-02 23:12:34.101  INFO 75568 --- [pool-7-thread-1] tourGuide.service.TourGuideService       : Track Location for user internalUser7293
2022-10-02 23:12:34.101  INFO 75568 --- [    Test worker] tourGuide.service.TourGuideService       : Track Location for user internalUser2269
2022-10-02 23:12:34.101  INFO 75568 --- [pool-7-thread-1] tourGuide.service.TourGuideService       : Track Location for user internalUser7292
2022-10-02 23:12:34.101  INFO 75568 --- [    Test worker] tourGuide.service.TourGuideService       : Track Location for user internalUser3593
2022-10-02 23:12:34.101  INFO 75568 --- [    Test worker] tourGuide.service.TourGuideService       : Track Location for user internalUser872
2022-10-02 23:12:34.101  INFO 75568 --- [pool-7-thread-1] tourGuide.service.TourGuideService       : Track Location for user internalUser7295
2022-10-02 23:12:34.101  INFO 75568 --- [    Test worker] tourGuide.service.TourGuideService       : Track Location for user internalUser2268
2022-10-02 23:12:34.101  INFO 75568 --- [    Test worker] tourGuide.service.TourGuideService       : Track Location for user internalUser3594
2022-10-02 23:12:34.101  INFO 75568 --- [    Test worker] tourGuide.service.TourGuideService       : Track Location for user internalUser2267
2022-10-02 23:12:34.101  INFO 75568 --- [pool-7-thread-1] tourGuide.service.TourGuideService       : Track Location for user internalUser7294
2022-10-02 23:12:34.101  INFO 75568 --- [    Test worker] tourGuide.service.TourGuideService       : Track Location for user internalUser3595
2022-10-02 23:12:34.101  INFO 75568 --- [pool-7-thread-1] tourGuide.service.TourGuideService       : Track Location for user internalUser7297
2022-10-02 23:12:34.101  INFO 75568 --- [    Test worker] tourGuide.service.TourGuideService       : Track Location for user internalUser870
2022-10-02 23:12:34.101  INFO 75568 --- [    Test worker] tourGuide.service.TourGuideService       : Track Location for user internalUser2266
2022-10-02 23:12:34.101  INFO 75568 --- [    Test worker] tourGuide.service.TourGuideService       : Track Location for user internalUser3596
2022-10-02 23:12:34.101  INFO 75568 --- [    Test worker] tourGuide.service.TourGuideService       : Track Location for user internalUser879
2022-10-02 23:12:34.101  INFO 75568 --- [    Test worker] tourGuide.service.TourGuideService       : Track Location for user internalUser877
2022-10-02 23:12:34.101  INFO 75568 --- [    Test worker] tourGuide.service.TourGuideService       : Track Location for user internalUser878
2022-10-02 23:12:34.101  INFO 75568 --- [    Test worker] tourGuide.service.TourGuideService       : Track Location for user internalUser9704
2022-10-02 23:12:34.101  INFO 75568 --- [pool-7-thread-1] tourGuide.service.TourGuideService       : Track Location for user internalUser7296
2022-10-02 23:12:34.101  INFO 75568 --- [    Test worker] tourGuide.service.TourGuideService       : Track Location for user internalUser9705
2022-10-02 23:12:34.101  INFO 75568 --- [pool-7-thread-1] tourGuide.service.TourGuideService       : Track Location for user internalUser7299
2022-10-02 23:12:34.101  INFO 75568 --- [    Test worker] tourGuide.service.TourGuideService       : Track Location for user internalUser9702
2022-10-02 23:12:34.101  INFO 75568 --- [pool-7-thread-1] tourGuide.service.TourGuideService       : Track Location for user internalUser7298
2022-10-02 23:12:34.101  INFO 75568 --- [    Test worker] tourGuide.service.TourGuideService       : Track Location for user internalUser9703
2022-10-02 23:12:34.101  INFO 75568 --- [pool-7-thread-1] tourGuide.service.TourGuideService       : Track Location for user internalUser7264
2022-10-02 23:12:34.101  INFO 75568 --- [    Test worker] tourGuide.service.TourGuideService       : Track Location for user internalUser9708
2022-10-02 23:12:34.101  INFO 75568 --- [pool-7-thread-1] tourGuide.service.TourGuideService       : Track Location for user internalUser8596
2022-10-02 23:12:34.101  INFO 75568 --- [    Test worker] tourGuide.service.TourGuideService       : Track Location for user internalUser9709
2022-10-02 23:12:34.101  INFO 75568 --- [    Test worker] tourGuide.service.TourGuideService       : Track Location for user internalUser9706
2022-10-02 23:12:34.101  INFO 75568 --- [    Test worker] tourGuide.service.TourGuideService       : Track Location for user internalUser9707
2022-10-02 23:12:34.101  INFO 75568 --- [    Test worker] tourGuide.service.TourGuideService       : Track Location for user internalUser9700
2022-10-02 23:12:34.101  INFO 75568 --- [    Test worker] tourGuide.service.TourGuideService       : Track Location for user internalUser9701
2022-10-02 23:12:34.101  INFO 75568 --- [    Test worker] tourGuide.service.TourGuideService       : Track Location for user internalUser806
2022-10-02 23:12:34.101  INFO 75568 --- [pool-7-thread-1] tourGuide.service.TourGuideService       : Track Location for user internalUser7263
2022-10-02 23:12:34.101  INFO 75568 --- [    Test worker] tourGuide.service.TourGuideService       : Track Location for user internalUser807
2022-10-02 23:12:34.101  INFO 75568 --- [pool-7-thread-1] tourGuide.service.TourGuideService       : Track Location for user internalUser8597
2022-10-02 23:12:34.101  INFO 75568 --- [    Test worker] tourGuide.service.TourGuideService       : Track Location for user internalUser804
2022-10-02 23:12:34.101  INFO 75568 --- [    Test worker] tourGuide.service.TourGuideService       : Track Location for user internalUser805
2022-10-02 23:12:34.101  INFO 75568 --- [    Test worker] tourGuide.service.TourGuideService       : Track Location for user internalUser802
2022-10-02 23:12:34.101  INFO 75568 --- [pool-7-thread-1] tourGuide.service.TourGuideService       : Track Location for user internalUser7266
2022-10-02 23:12:34.101  INFO 75568 --- [    Test worker] tourGuide.service.TourGuideService       : Track Location for user internalUser803
2022-10-02 23:12:34.101  INFO 75568 --- [pool-7-thread-1] tourGuide.service.TourGuideService       : Track Location for user internalUser8594
2022-10-02 23:12:34.101  INFO 75568 --- [    Test worker] tourGuide.service.TourGuideService       : Track Location for user internalUser800
2022-10-02 23:12:34.101  INFO 75568 --- [pool-7-thread-1] tourGuide.service.TourGuideService       : Track Location for user internalUser7265
2022-10-02 23:12:34.101  INFO 75568 --- [    Test worker] tourGuide.service.TourGuideService       : Track Location for user internalUser801
2022-10-02 23:12:34.101  INFO 75568 --- [pool-7-thread-1] tourGuide.service.TourGuideService       : Track Location for user internalUser8595
2022-10-02 23:12:34.101  INFO 75568 --- [    Test worker] tourGuide.service.TourGuideService       : Track Location for user internalUser808
2022-10-02 23:12:34.101  INFO 75568 --- [pool-7-thread-1] tourGuide.service.TourGuideService       : Track Location for user internalUser7268
2022-10-02 23:12:34.101  INFO 75568 --- [    Test worker] tourGuide.service.TourGuideService       : Track Location for user internalUser809
2022-10-02 23:12:34.101  INFO 75568 --- [    Test worker] tourGuide.service.TourGuideService       : Track Location for user internalUser9715
2022-10-02 23:12:34.101  INFO 75568 --- [pool-7-thread-1] tourGuide.service.TourGuideService       : Track Location for user internalUser7267
2022-10-02 23:12:34.101  INFO 75568 --- [    Test worker] tourGuide.service.TourGuideService       : Track Location for user internalUser9716
2022-10-02 23:12:34.101  INFO 75568 --- [pool-7-thread-1] tourGuide.service.TourGuideService       : Track Location for user internalUser8598
2022-10-02 23:12:34.101  INFO 75568 --- [    Test worker] tourGuide.service.TourGuideService       : Track Location for user internalUser9713
2022-10-02 23:12:34.101  INFO 75568 --- [pool-7-thread-1] tourGuide.service.TourGuideService       : Track Location for user internalUser7269
2022-10-02 23:12:34.101  INFO 75568 --- [    Test worker] tourGuide.service.TourGuideService       : Track Location for user internalUser9714
2022-10-02 23:12:34.101  INFO 75568 --- [pool-7-thread-1] tourGuide.service.TourGuideService       : Track Location for user internalUser8599
2022-10-02 23:12:34.101  INFO 75568 --- [    Test worker] tourGuide.service.TourGuideService       : Track Location for user internalUser9719
2022-10-02 23:12:34.101  INFO 75568 --- [pool-7-thread-1] tourGuide.service.TourGuideService       : Track Location for user internalUser7271
2022-10-02 23:12:34.101  INFO 75568 --- [    Test worker] tourGuide.service.TourGuideService       : Track Location for user internalUser9717
2022-10-02 23:12:34.101  INFO 75568 --- [pool-7-thread-1] tourGuide.service.TourGuideService       : Track Location for user internalUser7270
2022-10-02 23:12:34.101  INFO 75568 --- [    Test worker] tourGuide.service.TourGuideService       : Track Location for user internalUser9718
2022-10-02 23:12:34.101  INFO 75568 --- [pool-7-thread-1] tourGuide.service.TourGuideService       : Track Location for user internalUser7273
2022-10-02 23:12:34.101  INFO 75568 --- [    Test worker] tourGuide.service.TourGuideService       : Track Location for user internalUser810
2022-10-02 23:12:34.101  INFO 75568 --- [pool-7-thread-1] tourGuide.service.TourGuideService       : Track Location for user internalUser7272
2022-10-02 23:12:34.101  INFO 75568 --- [    Test worker] tourGuide.service.TourGuideService       : Track Location for user internalUser9711
2022-10-02 23:12:34.101  INFO 75568 --- [pool-7-thread-1] tourGuide.service.TourGuideService       : Track Location for user internalUser7275
2022-10-02 23:12:34.101  INFO 75568 --- [    Test worker] tourGuide.service.TourGuideService       : Track Location for user internalUser9712
2022-10-02 23:12:34.101  INFO 75568 --- [pool-7-thread-1] tourGuide.service.TourGuideService       : Track Location for user internalUser7274
2022-10-02 23:12:34.101  INFO 75568 --- [    Test worker] tourGuide.service.TourGuideService       : Track Location for user internalUser9710
2022-10-02 23:12:34.101  INFO 75568 --- [pool-7-thread-1] tourGuide.service.TourGuideService       : Track Location for user internalUser7277
2022-10-02 23:12:34.101  INFO 75568 --- [    Test worker] tourGuide.service.TourGuideService       : Track Location for user internalUser817
2022-10-02 23:12:34.101  INFO 75568 --- [    Test worker] tourGuide.service.TourGuideService       : Track Location for user internalUser818
2022-10-02 23:12:34.101  INFO 75568 --- [    Test worker] tourGuide.service.TourGuideService       : Track Location for user internalUser815
2022-10-02 23:12:34.101  INFO 75568 --- [pool-7-thread-1] tourGuide.service.TourGuideService       : Track Location for user internalUser7276
2022-10-02 23:12:34.101  INFO 75568 --- [    Test worker] tourGuide.service.TourGuideService       : Track Location for user internalUser816
2022-10-02 23:12:34.101  INFO 75568 --- [    Test worker] tourGuide.service.TourGuideService       : Track Location for user internalUser813
2022-10-02 23:12:34.101  INFO 75568 --- [    Test worker] tourGuide.service.TourGuideService       : Track Location for user internalUser814
2022-10-02 23:12:34.101  INFO 75568 --- [pool-7-thread-1] tourGuide.service.TourGuideService       : Track Location for user internalUser7279
2022-10-02 23:12:34.101  INFO 75568 --- [    Test worker] tourGuide.service.TourGuideService       : Track Location for user internalUser811
2022-10-02 23:12:34.101  INFO 75568 --- [    Test worker] tourGuide.service.TourGuideService       : Track Location for user internalUser812
2022-10-02 23:12:34.101  INFO 75568 --- [pool-7-thread-1] tourGuide.service.TourGuideService       : Track Location for user internalUser7278
2022-10-02 23:12:34.101  INFO 75568 --- [    Test worker] tourGuide.service.TourGuideService       : Track Location for user internalUser819
2022-10-02 23:12:34.101  INFO 75568 --- [pool-7-thread-1] tourGuide.service.TourGuideService       : Track Location for user internalUser7280
2022-10-02 23:12:34.101  INFO 75568 --- [    Test worker] tourGuide.service.TourGuideService       : Track Location for user internalUser2298
2022-10-02 23:12:34.101  INFO 75568 --- [pool-7-thread-1] tourGuide.service.TourGuideService       : Track Location for user internalUser7282
2022-10-02 23:12:34.101  INFO 75568 --- [    Test worker] tourGuide.service.TourGuideService       : Track Location for user internalUser2297
2022-10-02 23:12:34.101  INFO 75568 --- [pool-7-thread-1] tourGuide.service.TourGuideService       : Track Location for user internalUser7281
2022-10-02 23:12:34.101  INFO 75568 --- [    Test worker] tourGuide.service.TourGuideService       : Track Location for user internalUser2296
2022-10-02 23:12:34.101  INFO 75568 --- [pool-7-thread-1] tourGuide.service.TourGuideService       : Track Location for user internalUser7284
2022-10-02 23:12:34.101  INFO 75568 --- [    Test worker] tourGuide.service.TourGuideService       : Track Location for user internalUser2295
2022-10-02 23:12:34.101  INFO 75568 --- [pool-7-thread-1] tourGuide.service.TourGuideService       : Track Location for user internalUser7283
2022-10-02 23:12:34.101  INFO 75568 --- [    Test worker] tourGuide.service.TourGuideService       : Track Location for user internalUser2294
2022-10-02 23:12:34.101  INFO 75568 --- [pool-7-thread-1] tourGuide.service.TourGuideService       : Track Location for user internalUser3720
2022-10-02 23:12:34.101  INFO 75568 --- [    Test worker] tourGuide.service.TourGuideService       : Track Location for user internalUser2293
2022-10-02 23:12:34.101  INFO 75568 --- [pool-7-thread-1] tourGuide.service.TourGuideService       : Track Location for user internalUser3721
2022-10-02 23:12:34.101  INFO 75568 --- [    Test worker] tourGuide.service.TourGuideService       : Track Location for user internalUser2292
2022-10-02 23:12:34.101  INFO 75568 --- [    Test worker] tourGuide.service.TourGuideService       : Track Location for user internalUser2291
2022-10-02 23:12:34.101  INFO 75568 --- [pool-7-thread-1] tourGuide.service.TourGuideService       : Track Location for user internalUser3722
2022-10-02 23:12:34.101  INFO 75568 --- [    Test worker] tourGuide.service.TourGuideService       : Track Location for user internalUser820
2022-10-02 23:12:34.101  INFO 75568 --- [pool-7-thread-1] tourGuide.service.TourGuideService       : Track Location for user internalUser3723
2022-10-02 23:12:34.101  INFO 75568 --- [    Test worker] tourGuide.service.TourGuideService       : Track Location for user internalUser821
2022-10-02 23:12:34.101  INFO 75568 --- [pool-7-thread-1] tourGuide.service.TourGuideService       : Track Location for user internalUser3724
2022-10-02 23:12:34.101  INFO 75568 --- [    Test worker] tourGuide.service.TourGuideService       : Track Location for user internalUser2299
2022-10-02 23:12:34.101  INFO 75568 --- [pool-7-thread-1] tourGuide.service.TourGuideService       : Track Location for user internalUser3725
2022-10-02 23:12:34.101  INFO 75568 --- [    Test worker] tourGuide.service.TourGuideService       : Track Location for user internalUser828
2022-10-02 23:12:34.101  INFO 75568 --- [pool-7-thread-1] tourGuide.service.TourGuideService       : Track Location for user internalUser3726
2022-10-02 23:12:34.101  INFO 75568 --- [    Test worker] tourGuide.service.TourGuideService       : Track Location for user internalUser829
2022-10-02 23:12:34.101  INFO 75568 --- [pool-7-thread-1] tourGuide.service.TourGuideService       : Track Location for user internalUser3727
2022-10-02 23:12:34.101  INFO 75568 --- [    Test worker] tourGuide.service.TourGuideService       : Track Location for user internalUser826
2022-10-02 23:12:34.101  INFO 75568 --- [pool-7-thread-1] tourGuide.service.TourGuideService       : Track Location for user internalUser3728
2022-10-02 23:12:34.101  INFO 75568 --- [    Test worker] tourGuide.service.TourGuideService       : Track Location for user internalUser827
2022-10-02 23:12:34.101  INFO 75568 --- [pool-7-thread-1] tourGuide.service.TourGuideService       : Track Location for user internalUser3729
2022-10-02 23:12:34.101  INFO 75568 --- [    Test worker] tourGuide.service.TourGuideService       : Track Location for user internalUser824
2022-10-02 23:12:34.101  INFO 75568 --- [pool-7-thread-1] tourGuide.service.TourGuideService       : Track Location for user internalUser3730
2022-10-02 23:12:34.101  INFO 75568 --- [    Test worker] tourGuide.service.TourGuideService       : Track Location for user internalUser825
2022-10-02 23:12:34.101  INFO 75568 --- [pool-7-thread-1] tourGuide.service.TourGuideService       : Track Location for user internalUser3731
2022-10-02 23:12:34.101  INFO 75568 --- [    Test worker] tourGuide.service.TourGuideService       : Track Location for user internalUser822
2022-10-02 23:12:34.101  INFO 75568 --- [pool-7-thread-1] tourGuide.service.TourGuideService       : Track Location for user internalUser3732
2022-10-02 23:12:34.101  INFO 75568 --- [    Test worker] tourGuide.service.TourGuideService       : Track Location for user internalUser823
2022-10-02 23:12:34.101  INFO 75568 --- [pool-7-thread-1] tourGuide.service.TourGuideService       : Track Location for user internalUser3733
2022-10-02 23:12:34.102  INFO 75568 --- [    Test worker] tourGuide.service.TourGuideService       : Track Location for user internalUser831
2022-10-02 23:12:34.102  INFO 75568 --- [    Test worker] tourGuide.service.TourGuideService       : Track Location for user internalUser832
2022-10-02 23:12:34.102  INFO 75568 --- [pool-7-thread-1] tourGuide.service.TourGuideService       : Track Location for user internalUser3734
2022-10-02 23:12:34.102  INFO 75568 --- [    Test worker] tourGuide.service.TourGuideService       : Track Location for user internalUser830
2022-10-02 23:12:34.102  INFO 75568 --- [    Test worker] tourGuide.service.TourGuideService       : Track Location for user internalUser839
2022-10-02 23:12:34.102  INFO 75568 --- [pool-7-thread-1] tourGuide.service.TourGuideService       : Track Location for user internalUser3735
2022-10-02 23:12:34.102  INFO 75568 --- [    Test worker] tourGuide.service.TourGuideService       : Track Location for user internalUser837
2022-10-02 23:12:34.102  INFO 75568 --- [pool-7-thread-1] tourGuide.service.TourGuideService       : Track Location for user internalUser3736
2022-10-02 23:12:34.102  INFO 75568 --- [    Test worker] tourGuide.service.TourGuideService       : Track Location for user internalUser838
2022-10-02 23:12:34.102  INFO 75568 --- [pool-7-thread-1] tourGuide.service.TourGuideService       : Track Location for user internalUser2405
2022-10-02 23:12:34.102  INFO 75568 --- [    Test worker] tourGuide.service.TourGuideService       : Track Location for user internalUser835
2022-10-02 23:12:34.102  INFO 75568 --- [pool-7-thread-1] tourGuide.service.TourGuideService       : Track Location for user internalUser2404
2022-10-02 23:12:34.102  INFO 75568 --- [pool-7-thread-1] tourGuide.service.TourGuideService       : Track Location for user internalUser2403
2022-10-02 23:12:34.102  INFO 75568 --- [    Test worker] tourGuide.service.TourGuideService       : Track Location for user internalUser836
2022-10-02 23:12:34.102  INFO 75568 --- [pool-7-thread-1] tourGuide.service.TourGuideService       : Track Location for user internalUser2402
2022-10-02 23:12:34.102  INFO 75568 --- [    Test worker] tourGuide.service.TourGuideService       : Track Location for user internalUser833
2022-10-02 23:12:34.102  INFO 75568 --- [pool-7-thread-1] tourGuide.service.TourGuideService       : Track Location for user internalUser2401
2022-10-02 23:12:34.102  INFO 75568 --- [    Test worker] tourGuide.service.TourGuideService       : Track Location for user internalUser834
2022-10-02 23:12:34.102  INFO 75568 --- [pool-7-thread-1] tourGuide.service.TourGuideService       : Track Location for user internalUser2400
2022-10-02 23:12:34.102  INFO 75568 --- [    Test worker] tourGuide.service.TourGuideService       : Track Location for user internalUser3520
2022-10-02 23:12:34.102  INFO 75568 --- [pool-7-thread-1] tourGuide.service.TourGuideService       : Track Location for user internalUser2409
2022-10-02 23:12:34.102  INFO 75568 --- [    Test worker] tourGuide.service.TourGuideService       : Track Location for user internalUser4851
2022-10-02 23:12:34.102  INFO 75568 --- [pool-7-thread-1] tourGuide.service.TourGuideService       : Track Location for user internalUser2408
2022-10-02 23:12:34.102  INFO 75568 --- [    Test worker] tourGuide.service.TourGuideService       : Track Location for user internalUser3521
2022-10-02 23:12:34.102  INFO 75568 --- [pool-7-thread-1] tourGuide.service.TourGuideService       : Track Location for user internalUser2407
2022-10-02 23:12:34.102  INFO 75568 --- [    Test worker] tourGuide.service.TourGuideService       : Track Location for user internalUser4852
2022-10-02 23:12:34.102  INFO 75568 --- [pool-7-thread-1] tourGuide.service.TourGuideService       : Track Location for user internalUser2406
2022-10-02 23:12:34.102  INFO 75568 --- [    Test worker] tourGuide.service.TourGuideService       : Track Location for user internalUser3522
2022-10-02 23:12:34.102  INFO 75568 --- [pool-7-thread-1] tourGuide.service.TourGuideService       : Track Location for user internalUser3737
2022-10-02 23:12:34.102  INFO 75568 --- [    Test worker] tourGuide.service.TourGuideService       : Track Location for user internalUser4853
2022-10-02 23:12:34.102  INFO 75568 --- [    Test worker] tourGuide.service.TourGuideService       : Track Location for user internalUser3523
2022-10-02 23:12:34.102  INFO 75568 --- [pool-7-thread-1] tourGuide.service.TourGuideService       : Track Location for user internalUser3738
2022-10-02 23:12:34.102  INFO 75568 --- [    Test worker] tourGuide.service.TourGuideService       : Track Location for user internalUser4854
2022-10-02 23:12:34.102  INFO 75568 --- [pool-7-thread-1] tourGuide.service.TourGuideService       : Track Location for user internalUser3739
2022-10-02 23:12:34.102  INFO 75568 --- [pool-7-thread-1] tourGuide.service.TourGuideService       : Track Location for user internalUser3700
2022-10-02 23:12:34.102  INFO 75568 --- [pool-7-thread-1] tourGuide.service.TourGuideService       : Track Location for user internalUser3701
2022-10-02 23:12:34.102  INFO 75568 --- [pool-7-thread-1] tourGuide.service.TourGuideService       : Track Location for user internalUser3702
2022-10-02 23:12:34.102  INFO 75568 --- [    Test worker] tourGuide.service.TourGuideService       : Track Location for user internalUser3524
2022-10-02 23:12:34.102  INFO 75568 --- [pool-7-thread-1] tourGuide.service.TourGuideService       : Track Location for user internalUser3703
2022-10-02 23:12:34.102  INFO 75568 --- [pool-7-thread-1] tourGuide.service.TourGuideService       : Track Location for user internalUser3704
2022-10-02 23:12:34.102  INFO 75568 --- [    Test worker] tourGuide.service.TourGuideService       : Track Location for user internalUser4855
2022-10-02 23:12:34.102  INFO 75568 --- [pool-7-thread-1] tourGuide.service.TourGuideService       : Track Location for user internalUser3705
2022-10-02 23:12:34.102  INFO 75568 --- [    Test worker] tourGuide.service.TourGuideService       : Track Location for user internalUser3525
2022-10-02 23:12:34.102  INFO 75568 --- [pool-7-thread-1] tourGuide.service.TourGuideService       : Track Location for user internalUser3706
2022-10-02 23:12:34.102  INFO 75568 --- [    Test worker] tourGuide.service.TourGuideService       : Track Location for user internalUser4856
2022-10-02 23:12:34.102  INFO 75568 --- [pool-7-thread-1] tourGuide.service.TourGuideService       : Track Location for user internalUser3707
2022-10-02 23:12:34.102  INFO 75568 --- [    Test worker] tourGuide.service.TourGuideService       : Track Location for user internalUser3526
2022-10-02 23:12:34.102  INFO 75568 --- [pool-7-thread-1] tourGuide.service.TourGuideService       : Track Location for user internalUser3708
2022-10-02 23:12:34.102  INFO 75568 --- [    Test worker] tourGuide.service.TourGuideService       : Track Location for user internalUser4857
2022-10-02 23:12:34.102  INFO 75568 --- [pool-7-thread-1] tourGuide.service.TourGuideService       : Track Location for user internalUser3709
2022-10-02 23:12:34.102  INFO 75568 --- [    Test worker] tourGuide.service.TourGuideService       : Track Location for user internalUser3527
2022-10-02 23:12:34.102  INFO 75568 --- [pool-7-thread-1] tourGuide.service.TourGuideService       : Track Location for user internalUser3710
2022-10-02 23:12:34.102  INFO 75568 --- [    Test worker] tourGuide.service.TourGuideService       : Track Location for user internalUser4858
2022-10-02 23:12:34.102  INFO 75568 --- [    Test worker] tourGuide.service.TourGuideService       : Track Location for user internalUser4850
2022-10-02 23:12:34.102  INFO 75568 --- [pool-7-thread-1] tourGuide.service.TourGuideService       : Track Location for user internalUser3711
2022-10-02 23:12:34.102  INFO 75568 --- [    Test worker] tourGuide.service.TourGuideService       : Track Location for user internalUser3528
2022-10-02 23:12:34.102  INFO 75568 --- [pool-7-thread-1] tourGuide.service.TourGuideService       : Track Location for user internalUser3712
2022-10-02 23:12:34.102  INFO 75568 --- [    Test worker] tourGuide.service.TourGuideService       : Track Location for user internalUser4859
2022-10-02 23:12:34.102  INFO 75568 --- [pool-7-thread-1] tourGuide.service.TourGuideService       : Track Location for user internalUser3713
2022-10-02 23:12:34.102  INFO 75568 --- [    Test worker] tourGuide.service.TourGuideService       : Track Location for user internalUser3529
2022-10-02 23:12:34.102  INFO 75568 --- [pool-7-thread-1] tourGuide.service.TourGuideService       : Track Location for user internalUser3714
2022-10-02 23:12:34.102  INFO 75568 --- [    Test worker] tourGuide.service.TourGuideService       : Track Location for user internalUser3531
2022-10-02 23:12:34.102  INFO 75568 --- [pool-7-thread-1] tourGuide.service.TourGuideService       : Track Location for user internalUser3715
2022-10-02 23:12:34.102  INFO 75568 --- [    Test worker] tourGuide.service.TourGuideService       : Track Location for user internalUser4862
2022-10-02 23:12:34.102  INFO 75568 --- [    Test worker] tourGuide.service.TourGuideService       : Track Location for user internalUser3532
2022-10-02 23:12:34.102  INFO 75568 --- [    Test worker] tourGuide.service.TourGuideService       : Track Location for user internalUser4863
2022-10-02 23:12:34.102  INFO 75568 --- [pool-7-thread-1] tourGuide.service.TourGuideService       : Track Location for user internalUser3716
2022-10-02 23:12:34.102  INFO 75568 --- [    Test worker] tourGuide.service.TourGuideService       : Track Location for user internalUser3533
2022-10-02 23:12:34.102  INFO 75568 --- [pool-7-thread-1] tourGuide.service.TourGuideService       : Track Location for user internalUser3717
2022-10-02 23:12:34.102  INFO 75568 --- [    Test worker] tourGuide.service.TourGuideService       : Track Location for user internalUser4864
2022-10-02 23:12:34.102  INFO 75568 --- [pool-7-thread-1] tourGuide.service.TourGuideService       : Track Location for user internalUser3718
2022-10-02 23:12:34.102  INFO 75568 --- [    Test worker] tourGuide.service.TourGuideService       : Track Location for user internalUser3534
2022-10-02 23:12:34.102  INFO 75568 --- [    Test worker] tourGuide.service.TourGuideService       : Track Location for user internalUser4865
2022-10-02 23:12:34.102  INFO 75568 --- [    Test worker] tourGuide.service.TourGuideService       : Track Location for user internalUser3535
2022-10-02 23:12:34.102  INFO 75568 --- [pool-7-thread-1] tourGuide.service.TourGuideService       : Track Location for user internalUser3719
2022-10-02 23:12:34.102  INFO 75568 --- [    Test worker] tourGuide.service.TourGuideService       : Track Location for user internalUser4866
2022-10-02 23:12:34.102  INFO 75568 --- [pool-7-thread-1] tourGuide.service.TourGuideService       : Track Location for user internalUser680
2022-10-02 23:12:34.102  INFO 75568 --- [    Test worker] tourGuide.service.TourGuideService       : Track Location for user internalUser3536
2022-10-02 23:12:34.102  INFO 75568 --- [pool-7-thread-1] tourGuide.service.TourGuideService       : Track Location for user internalUser7206
2022-10-02 23:12:34.102  INFO 75568 --- [    Test worker] tourGuide.service.TourGuideService       : Track Location for user internalUser4867
2022-10-02 23:12:34.102  INFO 75568 --- [pool-7-thread-1] tourGuide.service.TourGuideService       : Track Location for user internalUser8538
2022-10-02 23:12:34.102  INFO 75568 --- [    Test worker] tourGuide.service.TourGuideService       : Track Location for user internalUser3537
2022-10-02 23:12:34.102  INFO 75568 --- [pool-7-thread-1] tourGuide.service.TourGuideService       : Track Location for user internalUser9869
2022-10-02 23:12:34.102  INFO 75568 --- [    Test worker] tourGuide.service.TourGuideService       : Track Location for user internalUser4868
2022-10-02 23:12:34.102  INFO 75568 --- [    Test worker] tourGuide.service.TourGuideService       : Track Location for user internalUser3538
2022-10-02 23:12:34.102  INFO 75568 --- [pool-7-thread-1] tourGuide.service.TourGuideService       : Track Location for user internalUser681
2022-10-02 23:12:34.102  INFO 75568 --- [    Test worker] tourGuide.service.TourGuideService       : Track Location for user internalUser4869
2022-10-02 23:12:34.102  INFO 75568 --- [pool-7-thread-1] tourGuide.service.TourGuideService       : Track Location for user internalUser7205
2022-10-02 23:12:34.102  INFO 75568 --- [    Test worker] tourGuide.service.TourGuideService       : Track Location for user internalUser2207
2022-10-02 23:12:34.102  INFO 75568 --- [pool-7-thread-1] tourGuide.service.TourGuideService       : Track Location for user internalUser8539
2022-10-02 23:12:34.102  INFO 75568 --- [    Test worker] tourGuide.service.TourGuideService       : Track Location for user internalUser2206
2022-10-02 23:12:34.102  INFO 75568 --- [pool-7-thread-1] tourGuide.service.TourGuideService       : Track Location for user internalUser7208
2022-10-02 23:12:34.102  INFO 75568 --- [    Test worker] tourGuide.service.TourGuideService       : Track Location for user internalUser2205
2022-10-02 23:12:34.102  INFO 75568 --- [pool-7-thread-1] tourGuide.service.TourGuideService       : Track Location for user internalUser8536
2022-10-02 23:12:34.102  INFO 75568 --- [    Test worker] tourGuide.service.TourGuideService       : Track Location for user internalUser2204
2022-10-02 23:12:34.102  INFO 75568 --- [pool-7-thread-1] tourGuide.service.TourGuideService       : Track Location for user internalUser9867
2022-10-02 23:12:34.102  INFO 75568 --- [    Test worker] tourGuide.service.TourGuideService       : Track Location for user internalUser2203
2022-10-02 23:12:34.102  INFO 75568 --- [pool-7-thread-1] tourGuide.service.TourGuideService       : Track Location for user internalUser7207
2022-10-02 23:12:34.102  INFO 75568 --- [    Test worker] tourGuide.service.TourGuideService       : Track Location for user internalUser2202
2022-10-02 23:12:34.102  INFO 75568 --- [pool-7-thread-1] tourGuide.service.TourGuideService       : Track Location for user internalUser8537
2022-10-02 23:12:34.102  INFO 75568 --- [    Test worker] tourGuide.service.TourGuideService       : Track Location for user internalUser2201
2022-10-02 23:12:34.102  INFO 75568 --- [pool-7-thread-1] tourGuide.service.TourGuideService       : Track Location for user internalUser9868
2022-10-02 23:12:34.102  INFO 75568 --- [pool-7-thread-1] tourGuide.service.TourGuideService       : Track Location for user internalUser7209
2022-10-02 23:12:34.102  INFO 75568 --- [    Test worker] tourGuide.service.TourGuideService       : Track Location for user internalUser4860
2022-10-02 23:12:34.102  INFO 75568 --- [pool-7-thread-1] tourGuide.service.TourGuideService       : Track Location for user internalUser688
2022-10-02 23:12:34.102  INFO 75568 --- [pool-7-thread-1] tourGuide.service.TourGuideService       : Track Location for user internalUser8530
2022-10-02 23:12:34.102  INFO 75568 --- [    Test worker] tourGuide.service.TourGuideService       : Track Location for user internalUser2200
2022-10-02 23:12:34.102  INFO 75568 --- [pool-7-thread-1] tourGuide.service.TourGuideService       : Track Location for user internalUser9861
2022-10-02 23:12:34.102  INFO 75568 --- [    Test worker] tourGuide.service.TourGuideService       : Track Location for user internalUser3530
2022-10-02 23:12:34.102  INFO 75568 --- [pool-7-thread-1] tourGuide.service.TourGuideService       : Track Location for user internalUser689
2022-10-02 23:12:34.102  INFO 75568 --- [    Test worker] tourGuide.service.TourGuideService       : Track Location for user internalUser4861
2022-10-02 23:12:34.102  INFO 75568 --- [    Test worker] tourGuide.service.TourGuideService       : Track Location for user internalUser2209
2022-10-02 23:12:34.102  INFO 75568 --- [    Test worker] tourGuide.service.TourGuideService       : Track Location for user internalUser2208
2022-10-02 23:12:34.102  INFO 75568 --- [pool-7-thread-1] tourGuide.service.TourGuideService       : Track Location for user internalUser8531
2022-10-02 23:12:34.102  INFO 75568 --- [    Test worker] tourGuide.service.TourGuideService       : Track Location for user internalUser3539
2022-10-02 23:12:34.102  INFO 75568 --- [    Test worker] tourGuide.service.TourGuideService       : Track Location for user internalUser4830
2022-10-02 23:12:34.102  INFO 75568 --- [pool-7-thread-1] tourGuide.service.TourGuideService       : Track Location for user internalUser9862
2022-10-02 23:12:34.102  INFO 75568 --- [    Test worker] tourGuide.service.TourGuideService       : Track Location for user internalUser3500
2022-10-02 23:12:34.102  INFO 75568 --- [pool-7-thread-1] tourGuide.service.TourGuideService       : Track Location for user internalUser686
2022-10-02 23:12:34.102  INFO 75568 --- [    Test worker] tourGuide.service.TourGuideService       : Track Location for user internalUser4831
2022-10-02 23:12:34.102  INFO 75568 --- [pool-7-thread-1] tourGuide.service.TourGuideService       : Track Location for user internalUser7200
2022-10-02 23:12:34.102  INFO 75568 --- [    Test worker] tourGuide.service.TourGuideService       : Track Location for user internalUser3501
2022-10-02 23:12:34.102  INFO 75568 --- [    Test worker] tourGuide.service.TourGuideService       : Track Location for user internalUser4832
2022-10-02 23:12:34.102  INFO 75568 --- [pool-7-thread-1] tourGuide.service.TourGuideService       : Track Location for user internalUser687
2022-10-02 23:12:34.102  INFO 75568 --- [    Test worker] tourGuide.service.TourGuideService       : Track Location for user internalUser3502
2022-10-02 23:12:34.102  INFO 75568 --- [    Test worker] tourGuide.service.TourGuideService       : Track Location for user internalUser4833
2022-10-02 23:12:34.102  INFO 75568 --- [pool-7-thread-1] tourGuide.service.TourGuideService       : Track Location for user internalUser9860
2022-10-02 23:12:34.102  INFO 75568 --- [    Test worker] tourGuide.service.TourGuideService       : Track Location for user internalUser3503
2022-10-02 23:12:34.102  INFO 75568 --- [pool-7-thread-1] tourGuide.service.TourGuideService       : Track Location for user internalUser684
2022-10-02 23:12:34.102  INFO 75568 --- [    Test worker] tourGuide.service.TourGuideService       : Track Location for user internalUser4834
2022-10-02 23:12:34.102  INFO 75568 --- [pool-7-thread-1] tourGuide.service.TourGuideService       : Track Location for user internalUser7202
2022-10-02 23:12:34.102  INFO 75568 --- [    Test worker] tourGuide.service.TourGuideService       : Track Location for user internalUser3504
2022-10-02 23:12:34.102  INFO 75568 --- [pool-7-thread-1] tourGuide.service.TourGuideService       : Track Location for user internalUser8534
2022-10-02 23:12:34.102  INFO 75568 --- [    Test worker] tourGuide.service.TourGuideService       : Track Location for user internalUser4835
2022-10-02 23:12:34.102  INFO 75568 --- [    Test worker] tourGuide.service.TourGuideService       : Track Location for user internalUser3505
2022-10-02 23:12:34.102  INFO 75568 --- [pool-7-thread-1] tourGuide.service.TourGuideService       : Track Location for user internalUser9865
2022-10-02 23:12:34.102  INFO 75568 --- [    Test worker] tourGuide.service.TourGuideService       : Track Location for user internalUser4836
2022-10-02 23:12:34.102  INFO 75568 --- [    Test worker] tourGuide.service.TourGuideService       : Track Location for user internalUser3506
2022-10-02 23:12:34.102  INFO 75568 --- [    Test worker] tourGuide.service.TourGuideService       : Track Location for user internalUser4837
2022-10-02 23:12:34.102  INFO 75568 --- [pool-7-thread-1] tourGuide.service.TourGuideService       : Track Location for user internalUser685
2022-10-02 23:12:34.102  INFO 75568 --- [    Test worker] tourGuide.service.TourGuideService       : Track Location for user internalUser3507
2022-10-02 23:12:34.102  INFO 75568 --- [pool-7-thread-1] tourGuide.service.TourGuideService       : Track Location for user internalUser7201
2022-10-02 23:12:34.102  INFO 75568 --- [    Test worker] tourGuide.service.TourGuideService       : Track Location for user internalUser4838
2022-10-02 23:12:34.102  INFO 75568 --- [pool-7-thread-1] tourGuide.service.TourGuideService       : Track Location for user internalUser8535
2022-10-02 23:12:34.102  INFO 75568 --- [    Test worker] tourGuide.service.TourGuideService       : Track Location for user internalUser3508
2022-10-02 23:12:34.102  INFO 75568 --- [pool-7-thread-1] tourGuide.service.TourGuideService       : Track Location for user internalUser9866
2022-10-02 23:12:34.102  INFO 75568 --- [    Test worker] tourGuide.service.TourGuideService       : Track Location for user internalUser4839
2022-10-02 23:12:34.102  INFO 75568 --- [pool-7-thread-1] tourGuide.service.TourGuideService       : Track Location for user internalUser682
2022-10-02 23:12:34.102  INFO 75568 --- [    Test worker] tourGuide.service.TourGuideService       : Track Location for user internalUser3509
2022-10-02 23:12:34.102  INFO 75568 --- [pool-7-thread-1] tourGuide.service.TourGuideService       : Track Location for user internalUser7204
2022-10-02 23:12:34.102  INFO 75568 --- [    Test worker] tourGuide.service.TourGuideService       : Track Location for user internalUser4840
2022-10-02 23:12:34.102  INFO 75568 --- [pool-7-thread-1] tourGuide.service.TourGuideService       : Track Location for user internalUser8532
2022-10-02 23:12:34.102  INFO 75568 --- [    Test worker] tourGuide.service.TourGuideService       : Track Location for user internalUser3510
2022-10-02 23:12:34.102  INFO 75568 --- [pool-7-thread-1] tourGuide.service.TourGuideService       : Track Location for user internalUser9863
2022-10-02 23:12:34.102  INFO 75568 --- [    Test worker] tourGuide.service.TourGuideService       : Track Location for user internalUser4841
2022-10-02 23:12:34.102  INFO 75568 --- [    Test worker] tourGuide.service.TourGuideService       : Track Location for user internalUser3511
2022-10-02 23:12:34.102  INFO 75568 --- [pool-7-thread-1] tourGuide.service.TourGuideService       : Track Location for user internalUser683
2022-10-02 23:12:34.103  INFO 75568 --- [    Test worker] tourGuide.service.TourGuideService       : Track Location for user internalUser4842
2022-10-02 23:12:34.103  INFO 75568 --- [pool-7-thread-1] tourGuide.service.TourGuideService       : Track Location for user internalUser7203
2022-10-02 23:12:34.103  INFO 75568 --- [    Test worker] tourGuide.service.TourGuideService       : Track Location for user internalUser3512
2022-10-02 23:12:34.103  INFO 75568 --- [pool-7-thread-1] tourGuide.service.TourGuideService       : Track Location for user internalUser8533
2022-10-02 23:12:34.103  INFO 75568 --- [    Test worker] tourGuide.service.TourGuideService       : Track Location for user internalUser4843
2022-10-02 23:12:34.103  INFO 75568 --- [    Test worker] tourGuide.service.TourGuideService       : Track Location for user internalUser3513
2022-10-02 23:12:34.103  INFO 75568 --- [    Test worker] tourGuide.service.TourGuideService       : Track Location for user internalUser4844
2022-10-02 23:12:34.103  INFO 75568 --- [    Test worker] tourGuide.service.TourGuideService       : Track Location for user internalUser3514
2022-10-02 23:12:34.103  INFO 75568 --- [    Test worker] tourGuide.service.TourGuideService       : Track Location for user internalUser4845
2022-10-02 23:12:34.103  INFO 75568 --- [pool-7-thread-1] tourGuide.service.TourGuideService       : Track Location for user internalUser9864
2022-10-02 23:12:34.103  INFO 75568 --- [    Test worker] tourGuide.service.TourGuideService       : Track Location for user internalUser3515
2022-10-02 23:12:34.103  INFO 75568 --- [    Test worker] tourGuide.service.TourGuideService       : Track Location for user internalUser4846
2022-10-02 23:12:34.103  INFO 75568 --- [    Test worker] tourGuide.service.TourGuideService       : Track Location for user internalUser3516
2022-10-02 23:12:34.103  INFO 75568 --- [    Test worker] tourGuide.service.TourGuideService       : Track Location for user internalUser4847
2022-10-02 23:12:34.103  INFO 75568 --- [    Test worker] tourGuide.service.TourGuideService       : Track Location for user internalUser3517
2022-10-02 23:12:34.103  INFO 75568 --- [pool-7-thread-1] tourGuide.service.TourGuideService       : Track Location for user internalUser691
2022-10-02 23:12:34.103  INFO 75568 --- [    Test worker] tourGuide.service.TourGuideService       : Track Location for user internalUser4848
2022-10-02 23:12:34.103  INFO 75568 --- [    Test worker] tourGuide.service.TourGuideService       : Track Location for user internalUser3518
2022-10-02 23:12:34.103  INFO 75568 --- [    Test worker] tourGuide.service.TourGuideService       : Track Location for user internalUser4849
2022-10-02 23:12:34.103  INFO 75568 --- [pool-7-thread-1] tourGuide.service.TourGuideService       : Track Location for user internalUser7217
2022-10-02 23:12:34.103  INFO 75568 --- [    Test worker] tourGuide.service.TourGuideService       : Track Location for user internalUser3519
2022-10-02 23:12:34.103  INFO 75568 --- [pool-7-thread-1] tourGuide.service.TourGuideService       : Track Location for user internalUser8549
2022-10-02 23:12:34.103  INFO 75568 --- [    Test worker] tourGuide.service.TourGuideService       : Track Location for user internalUser2232
2022-10-02 23:12:34.103  INFO 75568 --- [pool-7-thread-1] tourGuide.service.TourGuideService       : Track Location for user internalUser692
2022-10-02 23:12:34.103  INFO 75568 --- [    Test worker] tourGuide.service.TourGuideService       : Track Location for user internalUser3564
2022-10-02 23:12:34.103  INFO 75568 --- [pool-7-thread-1] tourGuide.service.TourGuideService       : Track Location for user internalUser7216
2022-10-02 23:12:34.103  INFO 75568 --- [    Test worker] tourGuide.service.TourGuideService       : Track Location for user internalUser4895
2022-10-02 23:12:34.103  INFO 75568 --- [    Test worker] tourGuide.service.TourGuideService       : Track Location for user internalUser2231
2022-10-02 23:12:34.103  INFO 75568 --- [    Test worker] tourGuide.service.TourGuideService       : Track Location for user internalUser3565
2022-10-02 23:12:34.103  INFO 75568 --- [    Test worker] tourGuide.service.TourGuideService       : Track Location for user internalUser4896
2022-10-02 23:12:34.103  INFO 75568 --- [    Test worker] tourGuide.service.TourGuideService       : Track Location for user internalUser2230
2022-10-02 23:12:34.103  INFO 75568 --- [pool-7-thread-1] tourGuide.service.TourGuideService       : Track Location for user internalUser7219
2022-10-02 23:12:34.103  INFO 75568 --- [    Test worker] tourGuide.service.TourGuideService       : Track Location for user internalUser3566
2022-10-02 23:12:34.103  INFO 75568 --- [pool-7-thread-1] tourGuide.service.TourGuideService       : Track Location for user internalUser8547
2022-10-02 23:12:34.103  INFO 75568 --- [    Test worker] tourGuide.service.TourGuideService       : Track Location for user internalUser4897
2022-10-02 23:12:34.103  INFO 75568 --- [    Test worker] tourGuide.service.TourGuideService       : Track Location for user internalUser3567
2022-10-02 23:12:34.103  INFO 75568 --- [pool-7-thread-1] tourGuide.service.TourGuideService       : Track Location for user internalUser9878
2022-10-02 23:12:34.103  INFO 75568 --- [    Test worker] tourGuide.service.TourGuideService       : Track Location for user internalUser4898
2022-10-02 23:12:34.103  INFO 75568 --- [pool-7-thread-1] tourGuide.service.TourGuideService       : Track Location for user internalUser690
2022-10-02 23:12:34.103  INFO 75568 --- [    Test worker] tourGuide.service.TourGuideService       : Track Location for user internalUser3568
2022-10-02 23:12:34.103  INFO 75568 --- [pool-7-thread-1] tourGuide.service.TourGuideService       : Track Location for user internalUser7218
2022-10-02 23:12:34.103  INFO 75568 --- [    Test worker] tourGuide.service.TourGuideService       : Track Location for user internalUser4899
2022-10-02 23:12:34.103  INFO 75568 --- [pool-7-thread-1] tourGuide.service.TourGuideService       : Track Location for user internalUser8548
2022-10-02 23:12:34.103  INFO 75568 --- [    Test worker] tourGuide.service.TourGuideService       : Track Location for user internalUser3569
2022-10-02 23:12:34.103  INFO 75568 --- [pool-7-thread-1] tourGuide.service.TourGuideService       : Track Location for user internalUser9879
2022-10-02 23:12:34.103  INFO 75568 --- [    Test worker] tourGuide.service.TourGuideService       : Track Location for user internalUser2239
2022-10-02 23:12:34.103  INFO 75568 --- [pool-7-thread-1] tourGuide.service.TourGuideService       : Track Location for user internalUser699
2022-10-02 23:12:34.103  INFO 75568 --- [pool-7-thread-1] tourGuide.service.TourGuideService       : Track Location for user internalUser8541
2022-10-02 23:12:34.103  INFO 75568 --- [pool-7-thread-1] tourGuide.service.TourGuideService       : Track Location for user internalUser9872
2022-10-02 23:12:34.103  INFO 75568 --- [    Test worker] tourGuide.service.TourGuideService       : Track Location for user internalUser2238
2022-10-02 23:12:34.103  INFO 75568 --- [pool-7-thread-1] tourGuide.service.TourGuideService       : Track Location for user internalUser8542
2022-10-02 23:12:34.103  INFO 75568 --- [    Test worker] tourGuide.service.TourGuideService       : Track Location for user internalUser2237
2022-10-02 23:12:34.103  INFO 75568 --- [pool-7-thread-1] tourGuide.service.TourGuideService       : Track Location for user internalUser9873
2022-10-02 23:12:34.103  INFO 75568 --- [pool-7-thread-1] tourGuide.service.TourGuideService       : Track Location for user internalUser697
2022-10-02 23:12:34.103  INFO 75568 --- [    Test worker] tourGuide.service.TourGuideService       : Track Location for user internalUser4890
2022-10-02 23:12:34.103  INFO 75568 --- [pool-7-thread-1] tourGuide.service.TourGuideService       : Track Location for user internalUser7211
2022-10-02 23:12:34.103  INFO 75568 --- [    Test worker] tourGuide.service.TourGuideService       : Track Location for user internalUser2236
2022-10-02 23:12:34.103  INFO 75568 --- [pool-7-thread-1] tourGuide.service.TourGuideService       : Track Location for user internalUser9870
2022-10-02 23:12:34.103  INFO 75568 --- [    Test worker] tourGuide.service.TourGuideService       : Track Location for user internalUser3560
2022-10-02 23:12:34.103  INFO 75568 --- [pool-7-thread-1] tourGuide.service.TourGuideService       : Track Location for user internalUser698
2022-10-02 23:12:34.103  INFO 75568 --- [    Test worker] tourGuide.service.TourGuideService       : Track Location for user internalUser4891
2022-10-02 23:12:34.103  INFO 75568 --- [pool-7-thread-1] tourGuide.service.TourGuideService       : Track Location for user internalUser7210
2022-10-02 23:12:34.103  INFO 75568 --- [    Test worker] tourGuide.service.TourGuideService       : Track Location for user internalUser2235
2022-10-02 23:12:34.103  INFO 75568 --- [    Test worker] tourGuide.service.TourGuideService       : Track Location for user internalUser3561
2022-10-02 23:12:34.103  INFO 75568 --- [pool-7-thread-1] tourGuide.service.TourGuideService       : Track Location for user internalUser8540
2022-10-02 23:12:34.103  INFO 75568 --- [    Test worker] tourGuide.service.TourGuideService       : Track Location for user internalUser4892
2022-10-02 23:12:34.103  INFO 75568 --- [pool-7-thread-1] tourGuide.service.TourGuideService       : Track Location for user internalUser9871
2022-10-02 23:12:34.103  INFO 75568 --- [pool-7-thread-1] tourGuide.service.TourGuideService       : Track Location for user internalUser695
2022-10-02 23:12:34.103  INFO 75568 --- [pool-7-thread-1] tourGuide.service.TourGuideService       : Track Location for user internalUser7213
2022-10-02 23:12:34.103  INFO 75568 --- [pool-7-thread-1] tourGuide.service.TourGuideService       : Track Location for user internalUser8545
2022-10-02 23:12:34.103  INFO 75568 --- [pool-7-thread-1] tourGuide.service.TourGuideService       : Track Location for user internalUser9876
2022-10-02 23:12:34.103  INFO 75568 --- [pool-7-thread-1] tourGuide.service.TourGuideService       : Track Location for user internalUser696
2022-10-02 23:12:34.103  INFO 75568 --- [pool-7-thread-1] tourGuide.service.TourGuideService       : Track Location for user internalUser7212
2022-10-02 23:12:34.103  INFO 75568 --- [pool-7-thread-1] tourGuide.service.TourGuideService       : Track Location for user internalUser8546
2022-10-02 23:12:34.103  INFO 75568 --- [pool-7-thread-1] tourGuide.service.TourGuideService       : Track Location for user internalUser9877
2022-10-02 23:12:34.103  INFO 75568 --- [pool-7-thread-1] tourGuide.service.TourGuideService       : Track Location for user internalUser693
2022-10-02 23:12:34.103  INFO 75568 --- [pool-7-thread-1] tourGuide.service.TourGuideService       : Track Location for user internalUser7215
2022-10-02 23:12:34.103  INFO 75568 --- [    Test worker] tourGuide.service.TourGuideService       : Track Location for user internalUser2234
2022-10-02 23:12:34.103  INFO 75568 --- [pool-7-thread-1] tourGuide.service.TourGuideService       : Track Location for user internalUser8543
2022-10-02 23:12:34.103  INFO 75568 --- [    Test worker] tourGuide.service.TourGuideService       : Track Location for user internalUser3562
2022-10-02 23:12:34.103  INFO 75568 --- [pool-7-thread-1] tourGuide.service.TourGuideService       : Track Location for user internalUser9874
2022-10-02 23:12:34.103  INFO 75568 --- [    Test worker] tourGuide.service.TourGuideService       : Track Location for user internalUser4893
2022-10-02 23:12:34.103  INFO 75568 --- [pool-7-thread-1] tourGuide.service.TourGuideService       : Track Location for user internalUser694
2022-10-02 23:12:34.103  INFO 75568 --- [    Test worker] tourGuide.service.TourGuideService       : Track Location for user internalUser2233
2022-10-02 23:12:34.103  INFO 75568 --- [pool-7-thread-1] tourGuide.service.TourGuideService       : Track Location for user internalUser7214
2022-10-02 23:12:34.103  INFO 75568 --- [    Test worker] tourGuide.service.TourGuideService       : Track Location for user internalUser3563
2022-10-02 23:12:34.103  INFO 75568 --- [pool-7-thread-1] tourGuide.service.TourGuideService       : Track Location for user internalUser8544
2022-10-02 23:12:34.103  INFO 75568 --- [    Test worker] tourGuide.service.TourGuideService       : Track Location for user internalUser4894
2022-10-02 23:12:34.103  INFO 75568 --- [pool-7-thread-1] tourGuide.service.TourGuideService       : Track Location for user internalUser9875
2022-10-02 23:12:34.103  INFO 75568 --- [    Test worker] tourGuide.service.TourGuideService       : Track Location for user internalUser2243
2022-10-02 23:12:34.103  INFO 75568 --- [pool-7-thread-1] tourGuide.service.TourGuideService       : Track Location for user internalUser9880
2022-10-02 23:12:34.103  INFO 75568 --- [pool-7-thread-1] tourGuide.service.TourGuideService       : Track Location for user internalUser8516
2022-10-02 23:12:34.103  INFO 75568 --- [    Test worker] tourGuide.service.TourGuideService       : Track Location for user internalUser3575
2022-10-02 23:12:34.103  INFO 75568 --- [    Test worker] tourGuide.service.TourGuideService       : Track Location for user internalUser2242
2022-10-02 23:12:34.103  INFO 75568 --- [    Test worker] tourGuide.service.TourGuideService       : Track Location for user internalUser3576
2022-10-02 23:12:34.103  INFO 75568 --- [pool-7-thread-1] tourGuide.service.TourGuideService       : Track Location for user internalUser9847
2022-10-02 23:12:34.103  INFO 75568 --- [    Test worker] tourGuide.service.TourGuideService       : Track Location for user internalUser2241
2022-10-02 23:12:34.103  INFO 75568 --- [pool-7-thread-1] tourGuide.service.TourGuideService       : Track Location for user internalUser8517
2022-10-02 23:12:34.103  INFO 75568 --- [    Test worker] tourGuide.service.TourGuideService       : Track Location for user internalUser3577
2022-10-02 23:12:34.103  INFO 75568 --- [pool-7-thread-1] tourGuide.service.TourGuideService       : Track Location for user internalUser9848
2022-10-02 23:12:34.103  INFO 75568 --- [    Test worker] tourGuide.service.TourGuideService       : Track Location for user internalUser2240
2022-10-02 23:12:34.103  INFO 75568 --- [pool-7-thread-1] tourGuide.service.TourGuideService       : Track Location for user internalUser8514
2022-10-02 23:12:34.103  INFO 75568 --- [    Test worker] tourGuide.service.TourGuideService       : Track Location for user internalUser3578
2022-10-02 23:12:34.103  INFO 75568 --- [pool-7-thread-1] tourGuide.service.TourGuideService       : Track Location for user internalUser9845
2022-10-02 23:12:34.103  INFO 75568 --- [    Test worker] tourGuide.service.TourGuideService       : Track Location for user internalUser3579
2022-10-02 23:12:34.103  INFO 75568 --- [pool-7-thread-1] tourGuide.service.TourGuideService       : Track Location for user internalUser8515
2022-10-02 23:12:34.103  INFO 75568 --- [    Test worker] tourGuide.service.TourGuideService       : Track Location for user internalUser2249
2022-10-02 23:12:34.103  INFO 75568 --- [    Test worker] tourGuide.service.TourGuideService       : Track Location for user internalUser2248
2022-10-02 23:12:34.103  INFO 75568 --- [    Test worker] tourGuide.service.TourGuideService       : Track Location for user internalUser3570
2022-10-02 23:12:34.103  INFO 75568 --- [pool-7-thread-1] tourGuide.service.TourGuideService       : Track Location for user internalUser9846
2022-10-02 23:12:34.103  INFO 75568 --- [    Test worker] tourGuide.service.TourGuideService       : Track Location for user internalUser2247
2022-10-02 23:12:34.103  INFO 75568 --- [pool-7-thread-1] tourGuide.service.TourGuideService       : Track Location for user internalUser8518
2022-10-02 23:12:34.103  INFO 75568 --- [    Test worker] tourGuide.service.TourGuideService       : Track Location for user internalUser3571
2022-10-02 23:12:34.103  INFO 75568 --- [pool-7-thread-1] tourGuide.service.TourGuideService       : Track Location for user internalUser9849
2022-10-02 23:12:34.103  INFO 75568 --- [    Test worker] tourGuide.service.TourGuideService       : Track Location for user internalUser2246
2022-10-02 23:12:34.103  INFO 75568 --- [pool-7-thread-1] tourGuide.service.TourGuideService       : Track Location for user internalUser8519
2022-10-02 23:12:34.103  INFO 75568 --- [    Test worker] tourGuide.service.TourGuideService       : Track Location for user internalUser3572
2022-10-02 23:12:34.103  INFO 75568 --- [    Test worker] tourGuide.service.TourGuideService       : Track Location for user internalUser2245
2022-10-02 23:12:34.103  INFO 75568 --- [pool-7-thread-1] tourGuide.service.TourGuideService       : Track Location for user internalUser9840
2022-10-02 23:12:34.103  INFO 75568 --- [pool-7-thread-1] tourGuide.service.TourGuideService       : Track Location for user internalUser8512
2022-10-02 23:12:34.103  INFO 75568 --- [pool-7-thread-1] tourGuide.service.TourGuideService       : Track Location for user internalUser9843
2022-10-02 23:12:34.103  INFO 75568 --- [pool-7-thread-1] tourGuide.service.TourGuideService       : Track Location for user internalUser8513
2022-10-02 23:12:34.103  INFO 75568 --- [pool-7-thread-1] tourGuide.service.TourGuideService       : Track Location for user internalUser9844
2022-10-02 23:12:34.103  INFO 75568 --- [pool-7-thread-1] tourGuide.service.TourGuideService       : Track Location for user internalUser8510
2022-10-02 23:12:34.103  INFO 75568 --- [    Test worker] tourGuide.service.TourGuideService       : Track Location for user internalUser3573
2022-10-02 23:12:34.103  INFO 75568 --- [pool-7-thread-1] tourGuide.service.TourGuideService       : Track Location for user internalUser9841
2022-10-02 23:12:34.103  INFO 75568 --- [    Test worker] tourGuide.service.TourGuideService       : Track Location for user internalUser2244
2022-10-02 23:12:34.103  INFO 75568 --- [pool-7-thread-1] tourGuide.service.TourGuideService       : Track Location for user internalUser8511
2022-10-02 23:12:34.103  INFO 75568 --- [    Test worker] tourGuide.service.TourGuideService       : Track Location for user internalUser3574
2022-10-02 23:12:34.103  INFO 75568 --- [pool-7-thread-1] tourGuide.service.TourGuideService       : Track Location for user internalUser9842
2022-10-02 23:12:34.103  INFO 75568 --- [    Test worker] tourGuide.service.TourGuideService       : Track Location for user internalUser2210
2022-10-02 23:12:34.103  INFO 75568 --- [pool-7-thread-1] tourGuide.service.TourGuideService       : Track Location for user internalUser8527
2022-10-02 23:12:34.103  INFO 75568 --- [    Test worker] tourGuide.service.TourGuideService       : Track Location for user internalUser3542
2022-10-02 23:12:34.103  INFO 75568 --- [pool-7-thread-1] tourGuide.service.TourGuideService       : Track Location for user internalUser9858
2022-10-02 23:12:34.103  INFO 75568 --- [    Test worker] tourGuide.service.TourGuideService       : Track Location for user internalUser4873
2022-10-02 23:12:34.103  INFO 75568 --- [pool-7-thread-1] tourGuide.service.TourGuideService       : Track Location for user internalUser8528
2022-10-02 23:12:34.103  INFO 75568 --- [    Test worker] tourGuide.service.TourGuideService       : Track Location for user internalUser3543
2022-10-02 23:12:34.103  INFO 75568 --- [pool-7-thread-1] tourGuide.service.TourGuideService       : Track Location for user internalUser9859
2022-10-02 23:12:34.103  INFO 75568 --- [    Test worker] tourGuide.service.TourGuideService       : Track Location for user internalUser4874
2022-10-02 23:12:34.103  INFO 75568 --- [pool-7-thread-1] tourGuide.service.TourGuideService       : Track Location for user internalUser8525
2022-10-02 23:12:34.103  INFO 75568 --- [pool-7-thread-1] tourGuide.service.TourGuideService       : Track Location for user internalUser9856
2022-10-02 23:12:34.103  INFO 75568 --- [pool-7-thread-1] tourGuide.service.TourGuideService       : Track Location for user internalUser8526
2022-10-02 23:12:34.103  INFO 75568 --- [    Test worker] tourGuide.service.TourGuideService       : Track Location for user internalUser3544
2022-10-02 23:12:34.103  INFO 75568 --- [pool-7-thread-1] tourGuide.service.TourGuideService       : Track Location for user internalUser9857
2022-10-02 23:12:34.103  INFO 75568 --- [pool-7-thread-1] tourGuide.service.TourGuideService       : Track Location for user internalUser8529
2022-10-02 23:12:34.103  INFO 75568 --- [pool-7-thread-1] tourGuide.service.TourGuideService       : Track Location for user internalUser9850
2022-10-02 23:12:34.103  INFO 75568 --- [    Test worker] tourGuide.service.TourGuideService       : Track Location for user internalUser4875
2022-10-02 23:12:34.104  INFO 75568 --- [pool-7-thread-1] tourGuide.service.TourGuideService       : Track Location for user internalUser8520
2022-10-02 23:12:34.104  INFO 75568 --- [    Test worker] tourGuide.service.TourGuideService       : Track Location for user internalUser3545
2022-10-02 23:12:34.104  INFO 75568 --- [pool-7-thread-1] tourGuide.service.TourGuideService       : Track Location for user internalUser9851
2022-10-02 23:12:34.104  INFO 75568 --- [    Test worker] tourGuide.service.TourGuideService       : Track Location for user internalUser4876
2022-10-02 23:12:34.104  INFO 75568 --- [    Test worker] tourGuide.service.TourGuideService       : Track Location for user internalUser3546
2022-10-02 23:12:34.104  INFO 75568 --- [    Test worker] tourGuide.service.TourGuideService       : Track Location for user internalUser4877
2022-10-02 23:12:34.104  INFO 75568 --- [    Test worker] tourGuide.service.TourGuideService       : Track Location for user internalUser3547
2022-10-02 23:12:34.104  INFO 75568 --- [pool-7-thread-1] tourGuide.service.TourGuideService       : Track Location for user internalUser8523
2022-10-02 23:12:34.104  INFO 75568 --- [    Test worker] tourGuide.service.TourGuideService       : Track Location for user internalUser4878
2022-10-02 23:12:34.104  INFO 75568 --- [    Test worker] tourGuide.service.TourGuideService       : Track Location for user internalUser3548
2022-10-02 23:12:34.104  INFO 75568 --- [pool-7-thread-1] tourGuide.service.TourGuideService       : Track Location for user internalUser9854
2022-10-02 23:12:34.104  INFO 75568 --- [    Test worker] tourGuide.service.TourGuideService       : Track Location for user internalUser4879
2022-10-02 23:12:34.104  INFO 75568 --- [    Test worker] tourGuide.service.TourGuideService       : Track Location for user internalUser3549
2022-10-02 23:12:34.104  INFO 75568 --- [    Test worker] tourGuide.service.TourGuideService       : Track Location for user internalUser2218
2022-10-02 23:12:34.104  INFO 75568 --- [pool-7-thread-1] tourGuide.service.TourGuideService       : Track Location for user internalUser8524
2022-10-02 23:12:34.104  INFO 75568 --- [    Test worker] tourGuide.service.TourGuideService       : Track Location for user internalUser2217
2022-10-02 23:12:34.104  INFO 75568 --- [    Test worker] tourGuide.service.TourGuideService       : Track Location for user internalUser2216
2022-10-02 23:12:34.104  INFO 75568 --- [pool-7-thread-1] tourGuide.service.TourGuideService       : Track Location for user internalUser9855
2022-10-02 23:12:34.104  INFO 75568 --- [    Test worker] tourGuide.service.TourGuideService       : Track Location for user internalUser2215
2022-10-02 23:12:34.104  INFO 75568 --- [    Test worker] tourGuide.service.TourGuideService       : Track Location for user internalUser2214
2022-10-02 23:12:34.104  INFO 75568 --- [    Test worker] tourGuide.service.TourGuideService       : Track Location for user internalUser2213
2022-10-02 23:12:34.104  INFO 75568 --- [    Test worker] tourGuide.service.TourGuideService       : Track Location for user internalUser4870
2022-10-02 23:12:34.104  INFO 75568 --- [pool-7-thread-1] tourGuide.service.TourGuideService       : Track Location for user internalUser8521
2022-10-02 23:12:34.104  INFO 75568 --- [    Test worker] tourGuide.service.TourGuideService       : Track Location for user internalUser2212
2022-10-02 23:12:34.104  INFO 75568 --- [pool-7-thread-1] tourGuide.service.TourGuideService       : Track Location for user internalUser9852
2022-10-02 23:12:34.104  INFO 75568 --- [    Test worker] tourGuide.service.TourGuideService       : Track Location for user internalUser3540
2022-10-02 23:12:34.104  INFO 75568 --- [pool-7-thread-1] tourGuide.service.TourGuideService       : Track Location for user internalUser8522
2022-10-02 23:12:34.104  INFO 75568 --- [    Test worker] tourGuide.service.TourGuideService       : Track Location for user internalUser4871
2022-10-02 23:12:34.104  INFO 75568 --- [pool-7-thread-1] tourGuide.service.TourGuideService       : Track Location for user internalUser9853
2022-10-02 23:12:34.104  INFO 75568 --- [    Test worker] tourGuide.service.TourGuideService       : Track Location for user internalUser2211
2022-10-02 23:12:34.104  INFO 75568 --- [pool-7-thread-1] tourGuide.service.TourGuideService       : Track Location for user internalUser7249
2022-10-02 23:12:34.104  INFO 75568 --- [pool-7-thread-1] tourGuide.service.TourGuideService       : Track Location for user internalUser644
2022-10-02 23:12:34.104  INFO 75568 --- [    Test worker] tourGuide.service.TourGuideService       : Track Location for user internalUser3541
2022-10-02 23:12:34.104  INFO 75568 --- [pool-7-thread-1] tourGuide.service.TourGuideService       : Track Location for user internalUser7242
2022-10-02 23:12:34.104  INFO 75568 --- [    Test worker] tourGuide.service.TourGuideService       : Track Location for user internalUser4872
2022-10-02 23:12:34.104  INFO 75568 --- [pool-7-thread-1] tourGuide.service.TourGuideService       : Track Location for user internalUser8574
2022-10-02 23:12:34.104  INFO 75568 --- [    Test worker] tourGuide.service.TourGuideService       : Track Location for user internalUser2219
2022-10-02 23:12:34.104  INFO 75568 --- [pool-7-thread-1] tourGuide.service.TourGuideService       : Track Location for user internalUser645
2022-10-02 23:12:34.104  INFO 75568 --- [    Test worker] tourGuide.service.TourGuideService       : Track Location for user internalUser2221
2022-10-02 23:12:34.104  INFO 75568 --- [pool-7-thread-1] tourGuide.service.TourGuideService       : Track Location for user internalUser7241
2022-10-02 23:12:34.104  INFO 75568 --- [    Test worker] tourGuide.service.TourGuideService       : Track Location for user internalUser3553
2022-10-02 23:12:34.104  INFO 75568 --- [pool-7-thread-1] tourGuide.service.TourGuideService       : Track Location for user internalUser8575
2022-10-02 23:12:34.104  INFO 75568 --- [    Test worker] tourGuide.service.TourGuideService       : Track Location for user internalUser4884
2022-10-02 23:12:34.104  INFO 75568 --- [pool-7-thread-1] tourGuide.service.TourGuideService       : Track Location for user internalUser642
2022-10-02 23:12:34.104  INFO 75568 --- [    Test worker] tourGuide.service.TourGuideService       : Track Location for user internalUser2220
2022-10-02 23:12:34.104  INFO 75568 --- [pool-7-thread-1] tourGuide.service.TourGuideService       : Track Location for user internalUser7244
2022-10-02 23:12:34.104  INFO 75568 --- [    Test worker] tourGuide.service.TourGuideService       : Track Location for user internalUser3554
2022-10-02 23:12:34.104  INFO 75568 --- [pool-7-thread-1] tourGuide.service.TourGuideService       : Track Location for user internalUser8572
2022-10-02 23:12:34.104  INFO 75568 --- [    Test worker] tourGuide.service.TourGuideService       : Track Location for user internalUser4885
2022-10-02 23:12:34.104  INFO 75568 --- [pool-7-thread-1] tourGuide.service.TourGuideService       : Track Location for user internalUser643
2022-10-02 23:12:34.104  INFO 75568 --- [    Test worker] tourGuide.service.TourGuideService       : Track Location for user internalUser3555
2022-10-02 23:12:34.104  INFO 75568 --- [pool-7-thread-1] tourGuide.service.TourGuideService       : Track Location for user internalUser7243
2022-10-02 23:12:34.104  INFO 75568 --- [pool-7-thread-1] tourGuide.service.TourGuideService       : Track Location for user internalUser8573
2022-10-02 23:12:34.104  INFO 75568 --- [pool-7-thread-1] tourGuide.service.TourGuideService       : Track Location for user internalUser640
2022-10-02 23:12:34.104  INFO 75568 --- [pool-7-thread-1] tourGuide.service.TourGuideService       : Track Location for user internalUser7246
2022-10-02 23:12:34.104  INFO 75568 --- [pool-7-thread-1] tourGuide.service.TourGuideService       : Track Location for user internalUser8578
2022-10-02 23:12:34.104  INFO 75568 --- [pool-7-thread-1] tourGuide.service.TourGuideService       : Track Location for user internalUser641
2022-10-02 23:12:34.104  INFO 75568 --- [pool-7-thread-1] tourGuide.service.TourGuideService       : Track Location for user internalUser7245
2022-10-02 23:12:34.104  INFO 75568 --- [pool-7-thread-1] tourGuide.service.TourGuideService       : Track Location for user internalUser8579
2022-10-02 23:12:34.104  INFO 75568 --- [pool-7-thread-1] tourGuide.service.TourGuideService       : Track Location for user internalUser7248
2022-10-02 23:12:34.104  INFO 75568 --- [pool-7-thread-1] tourGuide.service.TourGuideService       : Track Location for user internalUser8576
2022-10-02 23:12:34.104  INFO 75568 --- [pool-7-thread-1] tourGuide.service.TourGuideService       : Track Location for user internalUser7247
2022-10-02 23:12:34.104  INFO 75568 --- [pool-7-thread-1] tourGuide.service.TourGuideService       : Track Location for user internalUser8577
2022-10-02 23:12:34.104  INFO 75568 --- [pool-7-thread-1] tourGuide.service.TourGuideService       : Track Location for user internalUser648
2022-10-02 23:12:34.104  INFO 75568 --- [pool-7-thread-1] tourGuide.service.TourGuideService       : Track Location for user internalUser8581
2022-10-02 23:12:34.104  INFO 75568 --- [pool-7-thread-1] tourGuide.service.TourGuideService       : Track Location for user internalUser649
2022-10-02 23:12:34.104  INFO 75568 --- [pool-7-thread-1] tourGuide.service.TourGuideService       : Track Location for user internalUser8582
2022-10-02 23:12:34.104  INFO 75568 --- [pool-7-thread-1] tourGuide.service.TourGuideService       : Track Location for user internalUser646
2022-10-02 23:12:34.104  INFO 75568 --- [pool-7-thread-1] tourGuide.service.TourGuideService       : Track Location for user internalUser7251
2022-10-02 23:12:34.104  INFO 75568 --- [pool-7-thread-1] tourGuide.service.TourGuideService       : Track Location for user internalUser647
2022-10-02 23:12:34.104  INFO 75568 --- [pool-7-thread-1] tourGuide.service.TourGuideService       : Track Location for user internalUser7250
2022-10-02 23:12:34.104  INFO 75568 --- [pool-7-thread-1] tourGuide.service.TourGuideService       : Track Location for user internalUser8580
2022-10-02 23:12:34.104  INFO 75568 --- [pool-7-thread-1] tourGuide.service.TourGuideService       : Track Location for user internalUser655
2022-10-02 23:12:34.104  INFO 75568 --- [pool-7-thread-1] tourGuide.service.TourGuideService       : Track Location for user internalUser7253
2022-10-02 23:12:34.104  INFO 75568 --- [pool-7-thread-1] tourGuide.service.TourGuideService       : Track Location for user internalUser8585
2022-10-02 23:12:34.104  INFO 75568 --- [pool-7-thread-1] tourGuide.service.TourGuideService       : Track Location for user internalUser656
2022-10-02 23:12:34.104  INFO 75568 --- [pool-7-thread-1] tourGuide.service.TourGuideService       : Track Location for user internalUser7252
2022-10-02 23:12:34.104  INFO 75568 --- [pool-7-thread-1] tourGuide.service.TourGuideService       : Track Location for user internalUser8586
2022-10-02 23:12:34.104  INFO 75568 --- [pool-7-thread-1] tourGuide.service.TourGuideService       : Track Location for user internalUser653
2022-10-02 23:12:34.104  INFO 75568 --- [pool-7-thread-1] tourGuide.service.TourGuideService       : Track Location for user internalUser7255
2022-10-02 23:12:34.104  INFO 75568 --- [pool-7-thread-1] tourGuide.service.TourGuideService       : Track Location for user internalUser8583
2022-10-02 23:12:34.104  INFO 75568 --- [pool-7-thread-1] tourGuide.service.TourGuideService       : Track Location for user internalUser654
2022-10-02 23:12:34.104  INFO 75568 --- [pool-7-thread-1] tourGuide.service.TourGuideService       : Track Location for user internalUser7254
2022-10-02 23:12:34.104  INFO 75568 --- [pool-7-thread-1] tourGuide.service.TourGuideService       : Track Location for user internalUser8584
2022-10-02 23:12:34.104  INFO 75568 --- [pool-7-thread-1] tourGuide.service.TourGuideService       : Track Location for user internalUser651
2022-10-02 23:12:34.104  INFO 75568 --- [pool-7-thread-1] tourGuide.service.TourGuideService       : Track Location for user internalUser7257
2022-10-02 23:12:34.104  INFO 75568 --- [pool-7-thread-1] tourGuide.service.TourGuideService       : Track Location for user internalUser8589
2022-10-02 23:12:34.104  INFO 75568 --- [pool-7-thread-1] tourGuide.service.TourGuideService       : Track Location for user internalUser652
2022-10-02 23:12:34.104  INFO 75568 --- [pool-7-thread-1] tourGuide.service.TourGuideService       : Track Location for user internalUser7256
2022-10-02 23:12:34.104  INFO 75568 --- [pool-7-thread-1] tourGuide.service.TourGuideService       : Track Location for user internalUser7259
2022-10-02 23:12:34.104  INFO 75568 --- [pool-7-thread-1] tourGuide.service.TourGuideService       : Track Location for user internalUser8587
2022-10-02 23:12:34.104  INFO 75568 --- [pool-7-thread-1] tourGuide.service.TourGuideService       : Track Location for user internalUser650
2022-10-02 23:12:34.104  INFO 75568 --- [pool-7-thread-1] tourGuide.service.TourGuideService       : Track Location for user internalUser7258
2022-10-02 23:12:34.104  INFO 75568 --- [pool-7-thread-1] tourGuide.service.TourGuideService       : Track Location for user internalUser8588
2022-10-02 23:12:34.104  INFO 75568 --- [pool-7-thread-1] tourGuide.service.TourGuideService       : Track Location for user internalUser659
2022-10-02 23:12:34.104  INFO 75568 --- [pool-7-thread-1] tourGuide.service.TourGuideService       : Track Location for user internalUser7260
2022-10-02 23:12:34.104  INFO 75568 --- [pool-7-thread-1] tourGuide.service.TourGuideService       : Track Location for user internalUser8592
2022-10-02 23:12:34.104  INFO 75568 --- [pool-7-thread-1] tourGuide.service.TourGuideService       : Track Location for user internalUser8593
2022-10-02 23:12:34.104  INFO 75568 --- [pool-7-thread-1] tourGuide.service.TourGuideService       : Track Location for user internalUser657
2022-10-02 23:12:34.104  INFO 75568 --- [pool-7-thread-1] tourGuide.service.TourGuideService       : Track Location for user internalUser7262
2022-10-02 23:12:34.104  INFO 75568 --- [pool-7-thread-1] tourGuide.service.TourGuideService       : Track Location for user internalUser8590
2022-10-02 23:12:34.104  INFO 75568 --- [pool-7-thread-1] tourGuide.service.TourGuideService       : Track Location for user internalUser658
2022-10-02 23:12:34.104  INFO 75568 --- [pool-7-thread-1] tourGuide.service.TourGuideService       : Track Location for user internalUser7261
2022-10-02 23:12:34.104  INFO 75568 --- [pool-7-thread-1] tourGuide.service.TourGuideService       : Track Location for user internalUser8591
2022-10-02 23:12:34.104  INFO 75568 --- [pool-7-thread-1] tourGuide.service.TourGuideService       : Track Location for user internalUser7228
2022-10-02 23:12:34.104  INFO 75568 --- [pool-7-thread-1] tourGuide.service.TourGuideService       : Track Location for user internalUser7227
2022-10-02 23:12:34.104  INFO 75568 --- [pool-7-thread-1] tourGuide.service.TourGuideService       : Track Location for user internalUser8558
2022-10-02 23:12:34.104  INFO 75568 --- [pool-7-thread-1] tourGuide.service.TourGuideService       : Track Location for user internalUser9889
2022-10-02 23:12:34.104  INFO 75568 --- [pool-7-thread-1] tourGuide.service.TourGuideService       : Track Location for user internalUser7229
2022-10-02 23:12:34.104  INFO 75568 --- [pool-7-thread-1] tourGuide.service.TourGuideService       : Track Location for user internalUser8559
2022-10-02 23:12:34.104  INFO 75568 --- [pool-7-thread-1] tourGuide.service.TourGuideService       : Track Location for user internalUser666
2022-10-02 23:12:34.104  INFO 75568 --- [pool-7-thread-1] tourGuide.service.TourGuideService       : Track Location for user internalUser7220
2022-10-02 23:12:34.104  INFO 75568 --- [pool-7-thread-1] tourGuide.service.TourGuideService       : Track Location for user internalUser8552
2022-10-02 23:12:34.104  INFO 75568 --- [pool-7-thread-1] tourGuide.service.TourGuideService       : Track Location for user internalUser9883
2022-10-02 23:12:34.104  INFO 75568 --- [pool-7-thread-1] tourGuide.service.TourGuideService       : Track Location for user internalUser667
2022-10-02 23:12:34.104  INFO 75568 --- [pool-7-thread-1] tourGuide.service.TourGuideService       : Track Location for user internalUser8553
2022-10-02 23:12:34.104  INFO 75568 --- [pool-7-thread-1] tourGuide.service.TourGuideService       : Track Location for user internalUser9884
2022-10-02 23:12:34.104  INFO 75568 --- [pool-7-thread-1] tourGuide.service.TourGuideService       : Track Location for user internalUser664
2022-10-02 23:12:34.104  INFO 75568 --- [pool-7-thread-1] tourGuide.service.TourGuideService       : Track Location for user internalUser7222
2022-10-02 23:12:34.104  INFO 75568 --- [pool-7-thread-1] tourGuide.service.TourGuideService       : Track Location for user internalUser8550
2022-10-02 23:12:34.104  INFO 75568 --- [pool-7-thread-1] tourGuide.service.TourGuideService       : Track Location for user internalUser9881
2022-10-02 23:12:34.104  INFO 75568 --- [pool-7-thread-1] tourGuide.service.TourGuideService       : Track Location for user internalUser665
2022-10-02 23:12:34.104  INFO 75568 --- [pool-7-thread-1] tourGuide.service.TourGuideService       : Track Location for user internalUser7221
2022-10-02 23:12:34.104  INFO 75568 --- [pool-7-thread-1] tourGuide.service.TourGuideService       : Track Location for user internalUser8551
2022-10-02 23:12:34.104  INFO 75568 --- [pool-7-thread-1] tourGuide.service.TourGuideService       : Track Location for user internalUser9882
2022-10-02 23:12:34.104  INFO 75568 --- [pool-7-thread-1] tourGuide.service.TourGuideService       : Track Location for user internalUser662
2022-10-02 23:12:34.104  INFO 75568 --- [pool-7-thread-1] tourGuide.service.TourGuideService       : Track Location for user internalUser7224
2022-10-02 23:12:34.104  INFO 75568 --- [pool-7-thread-1] tourGuide.service.TourGuideService       : Track Location for user internalUser8556
2022-10-02 23:12:34.104  INFO 75568 --- [pool-7-thread-1] tourGuide.service.TourGuideService       : Track Location for user internalUser9887
2022-10-02 23:12:34.104  INFO 75568 --- [pool-7-thread-1] tourGuide.service.TourGuideService       : Track Location for user internalUser663
2022-10-02 23:12:34.104  INFO 75568 --- [pool-7-thread-1] tourGuide.service.TourGuideService       : Track Location for user internalUser7223
2022-10-02 23:12:34.104  INFO 75568 --- [pool-7-thread-1] tourGuide.service.TourGuideService       : Track Location for user internalUser8557
2022-10-02 23:12:34.104  INFO 75568 --- [pool-7-thread-1] tourGuide.service.TourGuideService       : Track Location for user internalUser9888
2022-10-02 23:12:34.104  INFO 75568 --- [pool-7-thread-1] tourGuide.service.TourGuideService       : Track Location for user internalUser660
2022-10-02 23:12:34.104  INFO 75568 --- [pool-7-thread-1] tourGuide.service.TourGuideService       : Track Location for user internalUser7226
2022-10-02 23:12:34.104  INFO 75568 --- [pool-7-thread-1] tourGuide.service.TourGuideService       : Track Location for user internalUser8554
2022-10-02 23:12:34.104  INFO 75568 --- [pool-7-thread-1] tourGuide.service.TourGuideService       : Track Location for user internalUser9885
2022-10-02 23:12:34.104  INFO 75568 --- [pool-7-thread-1] tourGuide.service.TourGuideService       : Track Location for user internalUser661
2022-10-02 23:12:34.104  INFO 75568 --- [pool-7-thread-1] tourGuide.service.TourGuideService       : Track Location for user internalUser7225
2022-10-02 23:12:34.104  INFO 75568 --- [pool-7-thread-1] tourGuide.service.TourGuideService       : Track Location for user internalUser8555
2022-10-02 23:12:34.104  INFO 75568 --- [pool-7-thread-1] tourGuide.service.TourGuideService       : Track Location for user internalUser9886
2022-10-02 23:12:34.104  INFO 75568 --- [pool-7-thread-1] tourGuide.service.TourGuideService       : Track Location for user internalUser9890
2022-10-02 23:12:34.104  INFO 75568 --- [pool-7-thread-1] tourGuide.service.TourGuideService       : Track Location for user internalUser8560
2022-10-02 23:12:34.104  INFO 75568 --- [pool-7-thread-1] tourGuide.service.TourGuideService       : Track Location for user internalUser9891
2022-10-02 23:12:34.104  INFO 75568 --- [pool-7-thread-1] tourGuide.service.TourGuideService       : Track Location for user internalUser668
2022-10-02 23:12:34.104  INFO 75568 --- [pool-7-thread-1] tourGuide.service.TourGuideService       : Track Location for user internalUser669
2022-10-02 23:12:34.104  INFO 75568 --- [pool-7-thread-1] tourGuide.service.TourGuideService       : Track Location for user internalUser7239
2022-10-02 23:12:34.104  INFO 75568 --- [pool-7-thread-1] tourGuide.service.TourGuideService       : Track Location for user internalUser670
2022-10-02 23:12:34.104  INFO 75568 --- [pool-7-thread-1] tourGuide.service.TourGuideService       : Track Location for user internalUser7238
2022-10-02 23:12:34.104  INFO 75568 --- [pool-7-thread-1] tourGuide.service.TourGuideService       : Track Location for user internalUser8569
2022-10-02 23:12:34.104  INFO 75568 --- [pool-7-thread-1] tourGuide.service.TourGuideService       : Track Location for user internalUser677
2022-10-02 23:12:34.104  INFO 75568 --- [pool-7-thread-1] tourGuide.service.TourGuideService       : Track Location for user internalUser7231
2022-10-02 23:12:34.104  INFO 75568 --- [pool-7-thread-1] tourGuide.service.TourGuideService       : Track Location for user internalUser8563
2022-10-02 23:12:34.104  INFO 75568 --- [pool-7-thread-1] tourGuide.service.TourGuideService       : Track Location for user internalUser9894
2022-10-02 23:12:34.105  INFO 75568 --- [pool-7-thread-1] tourGuide.service.TourGuideService       : Track Location for user internalUser678
2022-10-02 23:12:34.105  INFO 75568 --- [pool-7-thread-1] tourGuide.service.TourGuideService       : Track Location for user internalUser7230
2022-10-02 23:12:34.105  INFO 75568 --- [pool-7-thread-1] tourGuide.service.TourGuideService       : Track Location for user internalUser8564
2022-10-02 23:12:34.105  INFO 75568 --- [pool-7-thread-1] tourGuide.service.TourGuideService       : Track Location for user internalUser9895
2022-10-02 23:12:34.105  INFO 75568 --- [pool-7-thread-1] tourGuide.service.TourGuideService       : Track Location for user internalUser675
2022-10-02 23:12:34.105  INFO 75568 --- [pool-7-thread-1] tourGuide.service.TourGuideService       : Track Location for user internalUser7233
2022-10-02 23:12:34.105  INFO 75568 --- [pool-7-thread-1] tourGuide.service.TourGuideService       : Track Location for user internalUser8561
2022-10-02 23:12:34.105  INFO 75568 --- [pool-7-thread-1] tourGuide.service.TourGuideService       : Track Location for user internalUser9892
2022-10-02 23:12:34.105  INFO 75568 --- [pool-7-thread-1] tourGuide.service.TourGuideService       : Track Location for user internalUser676
2022-10-02 23:12:34.105  INFO 75568 --- [pool-7-thread-1] tourGuide.service.TourGuideService       : Track Location for user internalUser7232
2022-10-02 23:12:34.105  INFO 75568 --- [pool-7-thread-1] tourGuide.service.TourGuideService       : Track Location for user internalUser8562
2022-10-02 23:12:34.105  INFO 75568 --- [pool-7-thread-1] tourGuide.service.TourGuideService       : Track Location for user internalUser9893
2022-10-02 23:12:34.105  INFO 75568 --- [pool-7-thread-1] tourGuide.service.TourGuideService       : Track Location for user internalUser673
2022-10-02 23:12:34.105  INFO 75568 --- [pool-7-thread-1] tourGuide.service.TourGuideService       : Track Location for user internalUser7235
2022-10-02 23:12:34.105  INFO 75568 --- [pool-7-thread-1] tourGuide.service.TourGuideService       : Track Location for user internalUser8567
2022-10-02 23:12:34.105  INFO 75568 --- [pool-7-thread-1] tourGuide.service.TourGuideService       : Track Location for user internalUser9898
2022-10-02 23:12:34.105  INFO 75568 --- [pool-7-thread-1] tourGuide.service.TourGuideService       : Track Location for user internalUser674
2022-10-02 23:12:34.105  INFO 75568 --- [pool-7-thread-1] tourGuide.service.TourGuideService       : Track Location for user internalUser7234
2022-10-02 23:12:34.105  INFO 75568 --- [pool-7-thread-1] tourGuide.service.TourGuideService       : Track Location for user internalUser8568
2022-10-02 23:12:34.105  INFO 75568 --- [pool-7-thread-1] tourGuide.service.TourGuideService       : Track Location for user internalUser9899
2022-10-02 23:12:34.105  INFO 75568 --- [pool-7-thread-1] tourGuide.service.TourGuideService       : Track Location for user internalUser671
2022-10-02 23:12:34.105  INFO 75568 --- [pool-7-thread-1] tourGuide.service.TourGuideService       : Track Location for user internalUser7237
2022-10-02 23:12:34.105  INFO 75568 --- [pool-7-thread-1] tourGuide.service.TourGuideService       : Track Location for user internalUser8565
2022-10-02 23:12:34.105  INFO 75568 --- [pool-7-thread-1] tourGuide.service.TourGuideService       : Track Location for user internalUser9896
2022-10-02 23:12:34.105  INFO 75568 --- [pool-7-thread-1] tourGuide.service.TourGuideService       : Track Location for user internalUser672
2022-10-02 23:12:34.105  INFO 75568 --- [pool-7-thread-1] tourGuide.service.TourGuideService       : Track Location for user internalUser7236
2022-10-02 23:12:34.105  INFO 75568 --- [pool-7-thread-1] tourGuide.service.TourGuideService       : Track Location for user internalUser8566
2022-10-02 23:12:34.105  INFO 75568 --- [pool-7-thread-1] tourGuide.service.TourGuideService       : Track Location for user internalUser9897
2022-10-02 23:12:34.105  INFO 75568 --- [pool-7-thread-1] tourGuide.service.TourGuideService       : Track Location for user internalUser8570
2022-10-02 23:12:34.105  INFO 75568 --- [pool-7-thread-1] tourGuide.service.TourGuideService       : Track Location for user internalUser8571
2022-10-02 23:12:34.105  INFO 75568 --- [pool-7-thread-1] tourGuide.service.TourGuideService       : Track Location for user internalUser679
2022-10-02 23:12:34.105  INFO 75568 --- [pool-7-thread-1] tourGuide.service.TourGuideService       : Track Location for user internalUser7240
2022-10-02 23:12:34.105  INFO 75568 --- [pool-7-thread-1] tourGuide.service.TourGuideService       : Track Location for user internalUser1066
2022-10-02 23:12:34.105  INFO 75568 --- [pool-7-thread-1] tourGuide.service.TourGuideService       : Track Location for user internalUser2397
2022-10-02 23:12:34.105  INFO 75568 --- [pool-7-thread-1] tourGuide.service.TourGuideService       : Track Location for user internalUser1065
2022-10-02 23:12:34.105  INFO 75568 --- [pool-7-thread-1] tourGuide.service.TourGuideService       : Track Location for user internalUser2396
2022-10-02 23:12:34.105  INFO 75568 --- [pool-7-thread-1] tourGuide.service.TourGuideService       : Track Location for user internalUser1064
2022-10-02 23:12:34.105  INFO 75568 --- [pool-7-thread-1] tourGuide.service.TourGuideService       : Track Location for user internalUser2395
2022-10-02 23:12:34.105  INFO 75568 --- [pool-7-thread-1] tourGuide.service.TourGuideService       : Track Location for user internalUser1063
2022-10-02 23:12:34.105  INFO 75568 --- [pool-7-thread-1] tourGuide.service.TourGuideService       : Track Location for user internalUser2394
2022-10-02 23:12:34.105  INFO 75568 --- [pool-7-thread-1] tourGuide.service.TourGuideService       : Track Location for user internalUser1062
2022-10-02 23:12:34.105  INFO 75568 --- [pool-7-thread-1] tourGuide.service.TourGuideService       : Track Location for user internalUser2393
2022-10-02 23:12:34.105  INFO 75568 --- [pool-7-thread-1] tourGuide.service.TourGuideService       : Track Location for user internalUser1061
2022-10-02 23:12:34.105  INFO 75568 --- [pool-7-thread-1] tourGuide.service.TourGuideService       : Track Location for user internalUser2392
2022-10-02 23:12:34.105  INFO 75568 --- [pool-7-thread-1] tourGuide.service.TourGuideService       : Track Location for user internalUser1060
2022-10-02 23:12:34.105  INFO 75568 --- [pool-7-thread-1] tourGuide.service.TourGuideService       : Track Location for user internalUser2391
2022-10-02 23:12:34.105  INFO 75568 --- [pool-7-thread-1] tourGuide.service.TourGuideService       : Track Location for user internalUser2390
2022-10-02 23:12:34.105  INFO 75568 --- [pool-7-thread-1] tourGuide.service.TourGuideService       : Track Location for user internalUser721
2022-10-02 23:12:34.105  INFO 75568 --- [pool-7-thread-1] tourGuide.service.TourGuideService       : Track Location for user internalUser722
2022-10-02 23:12:34.105  INFO 75568 --- [pool-7-thread-1] tourGuide.service.TourGuideService       : Track Location for user internalUser720
2022-10-02 23:12:34.105  INFO 75568 --- [pool-7-thread-1] tourGuide.service.TourGuideService       : Track Location for user internalUser1069
2022-10-02 23:12:34.105  INFO 75568 --- [pool-7-thread-1] tourGuide.service.TourGuideService       : Track Location for user internalUser1068
2022-10-02 23:12:34.105  INFO 75568 --- [pool-7-thread-1] tourGuide.service.TourGuideService       : Track Location for user internalUser2399
2022-10-02 23:12:34.105  INFO 75568 --- [pool-7-thread-1] tourGuide.service.TourGuideService       : Track Location for user internalUser1067
2022-10-02 23:12:34.105  INFO 75568 --- [pool-7-thread-1] tourGuide.service.TourGuideService       : Track Location for user internalUser2398
2022-10-02 23:12:34.105  INFO 75568 --- [pool-7-thread-1] tourGuide.service.TourGuideService       : Track Location for user internalUser729
2022-10-02 23:12:34.105  INFO 75568 --- [pool-7-thread-1] tourGuide.service.TourGuideService       : Track Location for user internalUser727
2022-10-02 23:12:34.105  INFO 75568 --- [pool-7-thread-1] tourGuide.service.TourGuideService       : Track Location for user internalUser728
2022-10-02 23:12:34.105  INFO 75568 --- [pool-7-thread-1] tourGuide.service.TourGuideService       : Track Location for user internalUser725
2022-10-02 23:12:34.105  INFO 75568 --- [pool-7-thread-1] tourGuide.service.TourGuideService       : Track Location for user internalUser726
2022-10-02 23:12:34.105  INFO 75568 --- [pool-7-thread-1] tourGuide.service.TourGuideService       : Track Location for user internalUser723
2022-10-02 23:12:34.105  INFO 75568 --- [pool-7-thread-1] tourGuide.service.TourGuideService       : Track Location for user internalUser724
2022-10-02 23:12:34.105  INFO 75568 --- [pool-7-thread-1] tourGuide.service.TourGuideService       : Track Location for user internalUser1077
2022-10-02 23:12:34.105  INFO 75568 --- [pool-7-thread-1] tourGuide.service.TourGuideService       : Track Location for user internalUser1076
2022-10-02 23:12:34.105  INFO 75568 --- [pool-7-thread-1] tourGuide.service.TourGuideService       : Track Location for user internalUser1075
2022-10-02 23:12:34.105  INFO 75568 --- [pool-7-thread-1] tourGuide.service.TourGuideService       : Track Location for user internalUser1074
2022-10-02 23:12:34.105  INFO 75568 --- [pool-7-thread-1] tourGuide.service.TourGuideService       : Track Location for user internalUser1073
2022-10-02 23:12:34.105  INFO 75568 --- [pool-7-thread-1] tourGuide.service.TourGuideService       : Track Location for user internalUser1072
2022-10-02 23:12:34.105  INFO 75568 --- [pool-7-thread-1] tourGuide.service.TourGuideService       : Track Location for user internalUser1071
2022-10-02 23:12:34.105  INFO 75568 --- [pool-7-thread-1] tourGuide.service.TourGuideService       : Track Location for user internalUser1070
2022-10-02 23:12:34.105  INFO 75568 --- [pool-7-thread-1] tourGuide.service.TourGuideService       : Track Location for user internalUser732
2022-10-02 23:12:34.105  INFO 75568 --- [pool-7-thread-1] tourGuide.service.TourGuideService       : Track Location for user internalUser733
2022-10-02 23:12:34.105  INFO 75568 --- [pool-7-thread-1] tourGuide.service.TourGuideService       : Track Location for user internalUser730
2022-10-02 23:12:34.105  INFO 75568 --- [pool-7-thread-1] tourGuide.service.TourGuideService       : Track Location for user internalUser731
2022-10-02 23:12:34.105  INFO 75568 --- [pool-7-thread-1] tourGuide.service.TourGuideService       : Track Location for user internalUser1079
2022-10-02 23:12:34.105  INFO 75568 --- [pool-7-thread-1] tourGuide.service.TourGuideService       : Track Location for user internalUser1078
2022-10-02 23:12:34.105  INFO 75568 --- [pool-7-thread-1] tourGuide.service.TourGuideService       : Track Location for user internalUser738
2022-10-02 23:12:34.105  INFO 75568 --- [pool-7-thread-1] tourGuide.service.TourGuideService       : Track Location for user internalUser739
2022-10-02 23:12:34.105  INFO 75568 --- [pool-7-thread-1] tourGuide.service.TourGuideService       : Track Location for user internalUser736
2022-10-02 23:12:34.105  INFO 75568 --- [pool-7-thread-1] tourGuide.service.TourGuideService       : Track Location for user internalUser737
2022-10-02 23:12:34.105  INFO 75568 --- [pool-7-thread-1] tourGuide.service.TourGuideService       : Track Location for user internalUser734
2022-10-02 23:12:34.105  INFO 75568 --- [pool-7-thread-1] tourGuide.service.TourGuideService       : Track Location for user internalUser735
2022-10-02 23:12:34.105  INFO 75568 --- [pool-7-thread-1] tourGuide.service.TourGuideService       : Track Location for user internalUser1080
2022-10-02 23:12:34.105  INFO 75568 --- [pool-7-thread-1] tourGuide.service.TourGuideService       : Track Location for user internalUser1044
2022-10-02 23:12:34.105  INFO 75568 --- [pool-7-thread-1] tourGuide.service.TourGuideService       : Track Location for user internalUser2375
2022-10-02 23:12:34.105  INFO 75568 --- [pool-7-thread-1] tourGuide.service.TourGuideService       : Track Location for user internalUser1043
2022-10-02 23:12:34.105  INFO 75568 --- [pool-7-thread-1] tourGuide.service.TourGuideService       : Track Location for user internalUser2374
2022-10-02 23:12:34.105  INFO 75568 --- [pool-7-thread-1] tourGuide.service.TourGuideService       : Track Location for user internalUser1042
2022-10-02 23:12:34.105  INFO 75568 --- [pool-7-thread-1] tourGuide.service.TourGuideService       : Track Location for user internalUser2373
2022-10-02 23:12:34.105  INFO 75568 --- [pool-7-thread-1] tourGuide.service.TourGuideService       : Track Location for user internalUser1041
2022-10-02 23:12:34.105  INFO 75568 --- [pool-7-thread-1] tourGuide.service.TourGuideService       : Track Location for user internalUser2372
2022-10-02 23:12:34.105  INFO 75568 --- [pool-7-thread-1] tourGuide.service.TourGuideService       : Track Location for user internalUser1040
2022-10-02 23:12:34.105  INFO 75568 --- [pool-7-thread-1] tourGuide.service.TourGuideService       : Track Location for user internalUser2371
2022-10-02 23:12:34.105  INFO 75568 --- [pool-7-thread-1] tourGuide.service.TourGuideService       : Track Location for user internalUser2370
2022-10-02 23:12:34.105  INFO 75568 --- [pool-7-thread-1] tourGuide.service.TourGuideService       : Track Location for user internalUser743
2022-10-02 23:12:34.105  INFO 75568 --- [pool-7-thread-1] tourGuide.service.TourGuideService       : Track Location for user internalUser744
2022-10-02 23:12:34.105  INFO 75568 --- [pool-7-thread-1] tourGuide.service.TourGuideService       : Track Location for user internalUser741
2022-10-02 23:12:34.105  INFO 75568 --- [pool-7-thread-1] tourGuide.service.TourGuideService       : Track Location for user internalUser742
2022-10-02 23:12:34.105  INFO 75568 --- [pool-7-thread-1] tourGuide.service.TourGuideService       : Track Location for user internalUser1049
2022-10-02 23:12:34.105  INFO 75568 --- [pool-7-thread-1] tourGuide.service.TourGuideService       : Track Location for user internalUser1048
2022-10-02 23:12:34.105  INFO 75568 --- [pool-7-thread-1] tourGuide.service.TourGuideService       : Track Location for user internalUser2379
2022-10-02 23:12:34.105  INFO 75568 --- [pool-7-thread-1] tourGuide.service.TourGuideService       : Track Location for user internalUser740
2022-10-02 23:12:34.105  INFO 75568 --- [pool-7-thread-1] tourGuide.service.TourGuideService       : Track Location for user internalUser1047
2022-10-02 23:12:34.105  INFO 75568 --- [pool-7-thread-1] tourGuide.service.TourGuideService       : Track Location for user internalUser2378
2022-10-02 23:12:34.105  INFO 75568 --- [pool-7-thread-1] tourGuide.service.TourGuideService       : Track Location for user internalUser1046
2022-10-02 23:12:34.105  INFO 75568 --- [pool-7-thread-1] tourGuide.service.TourGuideService       : Track Location for user internalUser2377
2022-10-02 23:12:34.105  INFO 75568 --- [pool-7-thread-1] tourGuide.service.TourGuideService       : Track Location for user internalUser1045
2022-10-02 23:12:34.105  INFO 75568 --- [pool-7-thread-1] tourGuide.service.TourGuideService       : Track Location for user internalUser2376
2022-10-02 23:12:34.105  INFO 75568 --- [pool-7-thread-1] tourGuide.service.TourGuideService       : Track Location for user internalUser749
2022-10-02 23:12:34.105  INFO 75568 --- [pool-7-thread-1] tourGuide.service.TourGuideService       : Track Location for user internalUser747
2022-10-02 23:12:34.105  INFO 75568 --- [pool-7-thread-1] tourGuide.service.TourGuideService       : Track Location for user internalUser748
2022-10-02 23:12:34.105  INFO 75568 --- [pool-7-thread-1] tourGuide.service.TourGuideService       : Track Location for user internalUser745
2022-10-02 23:12:34.105  INFO 75568 --- [pool-7-thread-1] tourGuide.service.TourGuideService       : Track Location for user internalUser746
2022-10-02 23:12:34.105  INFO 75568 --- [pool-7-thread-1] tourGuide.service.TourGuideService       : Track Location for user internalUser1055
2022-10-02 23:12:34.105  INFO 75568 --- [pool-7-thread-1] tourGuide.service.TourGuideService       : Track Location for user internalUser2386
2022-10-02 23:12:34.105  INFO 75568 --- [pool-7-thread-1] tourGuide.service.TourGuideService       : Track Location for user internalUser1054
2022-10-02 23:12:34.105  INFO 75568 --- [pool-7-thread-1] tourGuide.service.TourGuideService       : Track Location for user internalUser2385
2022-10-02 23:12:34.105  INFO 75568 --- [pool-7-thread-1] tourGuide.service.TourGuideService       : Track Location for user internalUser1053
2022-10-02 23:12:34.105  INFO 75568 --- [pool-7-thread-1] tourGuide.service.TourGuideService       : Track Location for user internalUser2384
2022-10-02 23:12:34.105  INFO 75568 --- [pool-7-thread-1] tourGuide.service.TourGuideService       : Track Location for user internalUser1052
2022-10-02 23:12:34.105  INFO 75568 --- [pool-7-thread-1] tourGuide.service.TourGuideService       : Track Location for user internalUser2383
2022-10-02 23:12:34.105  INFO 75568 --- [pool-7-thread-1] tourGuide.service.TourGuideService       : Track Location for user internalUser1051
2022-10-02 23:12:34.105  INFO 75568 --- [pool-7-thread-1] tourGuide.service.TourGuideService       : Track Location for user internalUser2382
2022-10-02 23:12:34.105  INFO 75568 --- [pool-7-thread-1] tourGuide.service.TourGuideService       : Track Location for user internalUser1050
2022-10-02 23:12:34.105  INFO 75568 --- [pool-7-thread-1] tourGuide.service.TourGuideService       : Track Location for user internalUser2381
2022-10-02 23:12:34.105  INFO 75568 --- [pool-7-thread-1] tourGuide.service.TourGuideService       : Track Location for user internalUser2380
2022-10-02 23:12:34.105  INFO 75568 --- [pool-7-thread-1] tourGuide.service.TourGuideService       : Track Location for user internalUser754
2022-10-02 23:12:34.105  INFO 75568 --- [pool-7-thread-1] tourGuide.service.TourGuideService       : Track Location for user internalUser755
2022-10-02 23:12:34.105  INFO 75568 --- [pool-7-thread-1] tourGuide.service.TourGuideService       : Track Location for user internalUser752
2022-10-02 23:12:34.105  INFO 75568 --- [pool-7-thread-1] tourGuide.service.TourGuideService       : Track Location for user internalUser753
2022-10-02 23:12:34.105  INFO 75568 --- [pool-7-thread-1] tourGuide.service.TourGuideService       : Track Location for user internalUser750
2022-10-02 23:12:34.105  INFO 75568 --- [pool-7-thread-1] tourGuide.service.TourGuideService       : Track Location for user internalUser1059
2022-10-02 23:12:34.105  INFO 75568 --- [pool-7-thread-1] tourGuide.service.TourGuideService       : Track Location for user internalUser751
2022-10-02 23:12:34.105  INFO 75568 --- [pool-7-thread-1] tourGuide.service.TourGuideService       : Track Location for user internalUser1058
2022-10-02 23:12:34.105  INFO 75568 --- [pool-7-thread-1] tourGuide.service.TourGuideService       : Track Location for user internalUser2389
2022-10-02 23:12:34.105  INFO 75568 --- [pool-7-thread-1] tourGuide.service.TourGuideService       : Track Location for user internalUser1057
2022-10-02 23:12:34.105  INFO 75568 --- [pool-7-thread-1] tourGuide.service.TourGuideService       : Track Location for user internalUser2388
2022-10-02 23:12:34.105  INFO 75568 --- [pool-7-thread-1] tourGuide.service.TourGuideService       : Track Location for user internalUser1056
2022-10-02 23:12:34.105  INFO 75568 --- [pool-7-thread-1] tourGuide.service.TourGuideService       : Track Location for user internalUser2387
2022-10-02 23:12:34.105  INFO 75568 --- [pool-7-thread-1] tourGuide.service.TourGuideService       : Track Location for user internalUser758
2022-10-02 23:12:34.105  INFO 75568 --- [pool-7-thread-1] tourGuide.service.TourGuideService       : Track Location for user internalUser759
2022-10-02 23:12:34.105  INFO 75568 --- [pool-7-thread-1] tourGuide.service.TourGuideService       : Track Location for user internalUser756
2022-10-02 23:12:34.105  INFO 75568 --- [pool-7-thread-1] tourGuide.service.TourGuideService       : Track Location for user internalUser757
2022-10-02 23:12:34.105  INFO 75568 --- [pool-7-thread-1] tourGuide.service.TourGuideService       : Track Location for user internalUser9825
2022-10-02 23:12:34.105  INFO 75568 --- [pool-7-thread-1] tourGuide.service.TourGuideService       : Track Location for user internalUser9826
2022-10-02 23:12:34.105  INFO 75568 --- [pool-7-thread-1] tourGuide.service.TourGuideService       : Track Location for user internalUser9823
2022-10-02 23:12:34.105  INFO 75568 --- [pool-7-thread-1] tourGuide.service.TourGuideService       : Track Location for user internalUser9824
2022-10-02 23:12:34.105  INFO 75568 --- [pool-7-thread-1] tourGuide.service.TourGuideService       : Track Location for user internalUser9829
2022-10-02 23:12:34.105  INFO 75568 --- [pool-7-thread-1] tourGuide.service.TourGuideService       : Track Location for user internalUser9827
2022-10-02 23:12:34.105  INFO 75568 --- [pool-7-thread-1] tourGuide.service.TourGuideService       : Track Location for user internalUser9828
2022-10-02 23:12:34.105  INFO 75568 --- [pool-7-thread-1] tourGuide.service.TourGuideService       : Track Location for user internalUser9821
2022-10-02 23:12:34.104  INFO 75568 --- [    Test worker] tourGuide.service.TourGuideService       : Track Location for user internalUser4886
2022-10-02 23:12:34.106  INFO 75568 --- [pool-7-thread-1] tourGuide.service.TourGuideService       : Track Location for user internalUser9822
2022-10-02 23:12:34.106  INFO 75568 --- [    Test worker] tourGuide.service.TourGuideService       : Track Location for user internalUser3556
2022-10-02 23:12:34.106  INFO 75568 --- [pool-7-thread-1] tourGuide.service.TourGuideService       : Track Location for user internalUser9820
2022-10-02 23:12:34.106  INFO 75568 --- [    Test worker] tourGuide.service.TourGuideService       : Track Location for user internalUser4887
2022-10-02 23:12:34.106  INFO 75568 --- [pool-7-thread-1] tourGuide.service.TourGuideService       : Track Location for user internalUser8505
2022-10-02 23:12:34.106  INFO 75568 --- [    Test worker] tourGuide.service.TourGuideService       : Track Location for user internalUser3557
2022-10-02 23:12:34.106  INFO 75568 --- [pool-7-thread-1] tourGuide.service.TourGuideService       : Track Location for user internalUser9836
2022-10-02 23:12:34.106  INFO 75568 --- [    Test worker] tourGuide.service.TourGuideService       : Track Location for user internalUser4888
2022-10-02 23:12:34.106  INFO 75568 --- [pool-7-thread-1] tourGuide.service.TourGuideService       : Track Location for user internalUser8506
2022-10-02 23:12:34.106  INFO 75568 --- [    Test worker] tourGuide.service.TourGuideService       : Track Location for user internalUser3558
2022-10-02 23:12:34.106  INFO 75568 --- [pool-7-thread-1] tourGuide.service.TourGuideService       : Track Location for user internalUser9837
2022-10-02 23:12:34.106  INFO 75568 --- [    Test worker] tourGuide.service.TourGuideService       : Track Location for user internalUser4889
2022-10-02 23:12:34.106  INFO 75568 --- [pool-7-thread-1] tourGuide.service.TourGuideService       : Track Location for user internalUser8503
2022-10-02 23:12:34.106  INFO 75568 --- [    Test worker] tourGuide.service.TourGuideService       : Track Location for user internalUser3559
2022-10-02 23:12:34.106  INFO 75568 --- [pool-7-thread-1] tourGuide.service.TourGuideService       : Track Location for user internalUser9834
2022-10-02 23:12:34.106  INFO 75568 --- [    Test worker] tourGuide.service.TourGuideService       : Track Location for user internalUser2229
2022-10-02 23:12:34.106  INFO 75568 --- [pool-7-thread-1] tourGuide.service.TourGuideService       : Track Location for user internalUser8504
2022-10-02 23:12:34.106  INFO 75568 --- [    Test worker] tourGuide.service.TourGuideService       : Track Location for user internalUser2228
2022-10-02 23:12:34.106  INFO 75568 --- [pool-7-thread-1] tourGuide.service.TourGuideService       : Track Location for user internalUser9835
2022-10-02 23:12:34.106  INFO 75568 --- [    Test worker] tourGuide.service.TourGuideService       : Track Location for user internalUser2227
2022-10-02 23:12:34.106  INFO 75568 --- [pool-7-thread-1] tourGuide.service.TourGuideService       : Track Location for user internalUser8509
2022-10-02 23:12:34.106  INFO 75568 --- [    Test worker] tourGuide.service.TourGuideService       : Track Location for user internalUser2226
2022-10-02 23:12:34.106  INFO 75568 --- [pool-7-thread-1] tourGuide.service.TourGuideService       : Track Location for user internalUser8507
2022-10-02 23:12:34.106  INFO 75568 --- [    Test worker] tourGuide.service.TourGuideService       : Track Location for user internalUser2225
2022-10-02 23:12:34.106  INFO 75568 --- [pool-7-thread-1] tourGuide.service.TourGuideService       : Track Location for user internalUser9838
2022-10-02 23:12:34.106  INFO 75568 --- [    Test worker] tourGuide.service.TourGuideService       : Track Location for user internalUser4880
2022-10-02 23:12:34.106  INFO 75568 --- [pool-7-thread-1] tourGuide.service.TourGuideService       : Track Location for user internalUser8508
2022-10-02 23:12:34.106  INFO 75568 --- [    Test worker] tourGuide.service.TourGuideService       : Track Location for user internalUser2224
2022-10-02 23:12:34.106  INFO 75568 --- [pool-7-thread-1] tourGuide.service.TourGuideService       : Track Location for user internalUser9839
2022-10-02 23:12:34.106  INFO 75568 --- [    Test worker] tourGuide.service.TourGuideService       : Track Location for user internalUser3550
2022-10-02 23:12:34.106  INFO 75568 --- [pool-7-thread-1] tourGuide.service.TourGuideService       : Track Location for user internalUser8501
2022-10-02 23:12:34.106  INFO 75568 --- [    Test worker] tourGuide.service.TourGuideService       : Track Location for user internalUser4881
2022-10-02 23:12:34.106  INFO 75568 --- [pool-7-thread-1] tourGuide.service.TourGuideService       : Track Location for user internalUser9832
2022-10-02 23:12:34.106  INFO 75568 --- [    Test worker] tourGuide.service.TourGuideService       : Track Location for user internalUser2223
2022-10-02 23:12:34.106  INFO 75568 --- [pool-7-thread-1] tourGuide.service.TourGuideService       : Track Location for user internalUser8502
2022-10-02 23:12:34.106  INFO 75568 --- [    Test worker] tourGuide.service.TourGuideService       : Track Location for user internalUser3551
2022-10-02 23:12:34.106  INFO 75568 --- [pool-7-thread-1] tourGuide.service.TourGuideService       : Track Location for user internalUser9833
2022-10-02 23:12:34.106  INFO 75568 --- [    Test worker] tourGuide.service.TourGuideService       : Track Location for user internalUser4882
2022-10-02 23:12:34.106  INFO 75568 --- [pool-7-thread-1] tourGuide.service.TourGuideService       : Track Location for user internalUser9830
2022-10-02 23:12:34.106  INFO 75568 --- [    Test worker] tourGuide.service.TourGuideService       : Track Location for user internalUser2222
2022-10-02 23:12:34.106  INFO 75568 --- [pool-7-thread-1] tourGuide.service.TourGuideService       : Track Location for user internalUser8500
2022-10-02 23:12:34.106  INFO 75568 --- [    Test worker] tourGuide.service.TourGuideService       : Track Location for user internalUser3552
2022-10-02 23:12:34.106  INFO 75568 --- [pool-7-thread-1] tourGuide.service.TourGuideService       : Track Location for user internalUser9831
2022-10-02 23:12:34.106  INFO 75568 --- [    Test worker] tourGuide.service.TourGuideService       : Track Location for user internalUser4883
2022-10-02 23:12:34.106  INFO 75568 --- [pool-7-thread-1] tourGuide.service.TourGuideService       : Track Location for user internalUser1088
2022-10-02 23:12:34.106  INFO 75568 --- [    Test worker] tourGuide.service.TourGuideService       : Track Location for user internalUser7286
2022-10-02 23:12:34.106  INFO 75568 --- [pool-7-thread-1] tourGuide.service.TourGuideService       : Track Location for user internalUser9803
2022-10-02 23:12:34.106  INFO 75568 --- [pool-7-thread-1] tourGuide.service.TourGuideService       : Track Location for user internalUser1087
2022-10-02 23:12:34.106  INFO 75568 --- [pool-7-thread-1] tourGuide.service.TourGuideService       : Track Location for user internalUser9804
2022-10-02 23:12:34.106  INFO 75568 --- [pool-7-thread-1] tourGuide.service.TourGuideService       : Track Location for user internalUser1086
2022-10-02 23:12:34.106  INFO 75568 --- [pool-7-thread-1] tourGuide.service.TourGuideService       : Track Location for user internalUser9801
2022-10-02 23:12:34.106  INFO 75568 --- [pool-7-thread-1] tourGuide.service.TourGuideService       : Track Location for user internalUser1085
2022-10-02 23:12:34.106  INFO 75568 --- [pool-7-thread-1] tourGuide.service.TourGuideService       : Track Location for user internalUser9802
2022-10-02 23:12:34.106  INFO 75568 --- [pool-7-thread-1] tourGuide.service.TourGuideService       : Track Location for user internalUser1084
2022-10-02 23:12:34.106  INFO 75568 --- [pool-7-thread-1] tourGuide.service.TourGuideService       : Track Location for user internalUser9807
2022-10-02 23:12:34.106  INFO 75568 --- [pool-7-thread-1] tourGuide.service.TourGuideService       : Track Location for user internalUser1083
2022-10-02 23:12:34.106  INFO 75568 --- [pool-7-thread-1] tourGuide.service.TourGuideService       : Track Location for user internalUser9808
2022-10-02 23:12:34.106  INFO 75568 --- [pool-7-thread-1] tourGuide.service.TourGuideService       : Track Location for user internalUser1082
2022-10-02 23:12:34.106  INFO 75568 --- [pool-7-thread-1] tourGuide.service.TourGuideService       : Track Location for user internalUser9805
2022-10-02 23:12:34.106  INFO 75568 --- [pool-7-thread-1] tourGuide.service.TourGuideService       : Track Location for user internalUser1081
2022-10-02 23:12:34.106  INFO 75568 --- [pool-7-thread-1] tourGuide.service.TourGuideService       : Track Location for user internalUser9806
2022-10-02 23:12:34.106  INFO 75568 --- [pool-7-thread-1] tourGuide.service.TourGuideService       : Track Location for user internalUser700
2022-10-02 23:12:34.106  INFO 75568 --- [pool-7-thread-1] tourGuide.service.TourGuideService       : Track Location for user internalUser9800
2022-10-02 23:12:34.106  INFO 75568 --- [pool-7-thread-1] tourGuide.service.TourGuideService       : Track Location for user internalUser1089
2022-10-02 23:12:34.106  INFO 75568 --- [pool-7-thread-1] tourGuide.service.TourGuideService       : Track Location for user internalUser707
2022-10-02 23:12:34.106  INFO 75568 --- [pool-7-thread-1] tourGuide.service.TourGuideService       : Track Location for user internalUser708
2022-10-02 23:12:34.106  INFO 75568 --- [pool-7-thread-1] tourGuide.service.TourGuideService       : Track Location for user internalUser705
2022-10-02 23:12:34.106  INFO 75568 --- [pool-7-thread-1] tourGuide.service.TourGuideService       : Track Location for user internalUser706
2022-10-02 23:12:34.106  INFO 75568 --- [pool-7-thread-1] tourGuide.service.TourGuideService       : Track Location for user internalUser703
2022-10-02 23:12:34.106  INFO 75568 --- [pool-7-thread-1] tourGuide.service.TourGuideService       : Track Location for user internalUser704
2022-10-02 23:12:34.106  INFO 75568 --- [pool-7-thread-1] tourGuide.service.TourGuideService       : Track Location for user internalUser701
2022-10-02 23:12:34.106  INFO 75568 --- [pool-7-thread-1] tourGuide.service.TourGuideService       : Track Location for user internalUser702
2022-10-02 23:12:34.106  INFO 75568 --- [pool-7-thread-1] tourGuide.service.TourGuideService       : Track Location for user internalUser1091
2022-10-02 23:12:34.106  INFO 75568 --- [pool-7-thread-1] tourGuide.service.TourGuideService       : Track Location for user internalUser1090
2022-10-02 23:12:34.106  INFO 75568 --- [pool-7-thread-1] tourGuide.service.TourGuideService       : Track Location for user internalUser9809
2022-10-02 23:12:34.106  INFO 75568 --- [pool-7-thread-1] tourGuide.service.TourGuideService       : Track Location for user internalUser709
2022-10-02 23:12:34.106  INFO 75568 --- [pool-7-thread-1] tourGuide.service.TourGuideService       : Track Location for user internalUser1099
2022-10-02 23:12:34.106  INFO 75568 --- [pool-7-thread-1] tourGuide.service.TourGuideService       : Track Location for user internalUser9814
2022-10-02 23:12:34.106  INFO 75568 --- [pool-7-thread-1] tourGuide.service.TourGuideService       : Track Location for user internalUser1098
2022-10-02 23:12:34.106  INFO 75568 --- [    Test worker] tourGuide.service.TourGuideService       : Track Location for user internalUser7285
2022-10-02 23:12:34.106  INFO 75568 --- [pool-7-thread-1] tourGuide.service.TourGuideService       : Track Location for user internalUser9815
2022-10-02 23:12:34.106  INFO 75568 --- [    Test worker] tourGuide.service.TourGuideService       : Track Location for user internalUser7288
2022-10-02 23:12:34.106  INFO 75568 --- [pool-7-thread-1] tourGuide.service.TourGuideService       : Track Location for user internalUser1097
2022-10-02 23:12:34.106  INFO 75568 --- [    Test worker] tourGuide.service.TourGuideService       : Track Location for user internalUser7287
2022-10-02 23:12:34.106  INFO 75568 --- [pool-7-thread-1] tourGuide.service.TourGuideService       : Track Location for user internalUser9812
2022-10-02 23:12:34.106  INFO 75568 --- [    Test worker] tourGuide.service.TourGuideService       : Track Location for user internalUser7289
2022-10-02 23:12:34.106  INFO 75568 --- [pool-7-thread-1] tourGuide.service.TourGuideService       : Track Location for user internalUser1096
2022-10-02 23:12:34.106  INFO 75568 --- [    Test worker] tourGuide.service.TourGuideService       : Track Location for user internalUser7291
2022-10-02 23:12:34.106  INFO 75568 --- [pool-7-thread-1] tourGuide.service.TourGuideService       : Track Location for user internalUser9813
2022-10-02 23:12:34.106  INFO 75568 --- [    Test worker] tourGuide.service.TourGuideService       : Track Location for user internalUser7290
2022-10-02 23:12:34.106  INFO 75568 --- [pool-7-thread-1] tourGuide.service.TourGuideService       : Track Location for user internalUser1095
2022-10-02 23:12:34.106  INFO 75568 --- [    Test worker] tourGuide.service.TourGuideService       : Track Location for user internalUser7293
2022-10-02 23:12:34.106  INFO 75568 --- [pool-7-thread-1] tourGuide.service.TourGuideService       : Track Location for user internalUser9818
2022-10-02 23:12:34.106  INFO 75568 --- [    Test worker] tourGuide.service.TourGuideService       : Track Location for user internalUser7292
2022-10-02 23:12:34.106  INFO 75568 --- [pool-7-thread-1] tourGuide.service.TourGuideService       : Track Location for user internalUser1094
2022-10-02 23:12:34.106  INFO 75568 --- [    Test worker] tourGuide.service.TourGuideService       : Track Location for user internalUser7295
2022-10-02 23:12:34.106  INFO 75568 --- [pool-7-thread-1] tourGuide.service.TourGuideService       : Track Location for user internalUser9819
2022-10-02 23:12:34.106  INFO 75568 --- [pool-7-thread-1] tourGuide.service.TourGuideService       : Track Location for user internalUser1093
2022-10-02 23:12:34.106  INFO 75568 --- [pool-7-thread-1] tourGuide.service.TourGuideService       : Track Location for user internalUser9816
2022-10-02 23:12:34.106  INFO 75568 --- [pool-7-thread-1] tourGuide.service.TourGuideService       : Track Location for user internalUser1092
2022-10-02 23:12:34.106  INFO 75568 --- [    Test worker] tourGuide.service.TourGuideService       : Track Location for user internalUser7294
2022-10-02 23:12:34.106  INFO 75568 --- [pool-7-thread-1] tourGuide.service.TourGuideService       : Track Location for user internalUser9817
2022-10-02 23:12:34.106  INFO 75568 --- [    Test worker] tourGuide.service.TourGuideService       : Track Location for user internalUser7297
2022-10-02 23:12:34.106  INFO 75568 --- [pool-7-thread-1] tourGuide.service.TourGuideService       : Track Location for user internalUser710
2022-10-02 23:12:34.106  INFO 75568 --- [    Test worker] tourGuide.service.TourGuideService       : Track Location for user internalUser7296
2022-10-02 23:12:34.106  INFO 75568 --- [pool-7-thread-1] tourGuide.service.TourGuideService       : Track Location for user internalUser711
2022-10-02 23:12:34.106  INFO 75568 --- [    Test worker] tourGuide.service.TourGuideService       : Track Location for user internalUser7299
2022-10-02 23:12:34.106  INFO 75568 --- [pool-7-thread-1] tourGuide.service.TourGuideService       : Track Location for user internalUser9810
2022-10-02 23:12:34.106  INFO 75568 --- [pool-7-thread-1] tourGuide.service.TourGuideService       : Track Location for user internalUser9811
2022-10-02 23:12:34.106  INFO 75568 --- [    Test worker] tourGuide.service.TourGuideService       : Track Location for user internalUser7298
2022-10-02 23:12:34.106  INFO 75568 --- [pool-7-thread-1] tourGuide.service.TourGuideService       : Track Location for user internalUser718
2022-10-02 23:12:34.106  INFO 75568 --- [    Test worker] tourGuide.service.TourGuideService       : Track Location for user internalUser7264
2022-10-02 23:12:34.106  INFO 75568 --- [pool-7-thread-1] tourGuide.service.TourGuideService       : Track Location for user internalUser719
2022-10-02 23:12:34.106  INFO 75568 --- [pool-7-thread-1] tourGuide.service.TourGuideService       : Track Location for user internalUser716
2022-10-02 23:12:34.106  INFO 75568 --- [pool-7-thread-1] tourGuide.service.TourGuideService       : Track Location for user internalUser717
2022-10-02 23:12:34.106  INFO 75568 --- [pool-7-thread-1] tourGuide.service.TourGuideService       : Track Location for user internalUser714
2022-10-02 23:12:34.106  INFO 75568 --- [pool-7-thread-1] tourGuide.service.TourGuideService       : Track Location for user internalUser715
2022-10-02 23:12:34.106  INFO 75568 --- [pool-7-thread-1] tourGuide.service.TourGuideService       : Track Location for user internalUser712
2022-10-02 23:12:34.106  INFO 75568 --- [pool-7-thread-1] tourGuide.service.TourGuideService       : Track Location for user internalUser713
2022-10-02 23:12:34.106  INFO 75568 --- [pool-7-thread-1] tourGuide.service.TourGuideService       : Track Location for user internalUser3641
2022-10-02 23:12:34.106  INFO 75568 --- [    Test worker] tourGuide.service.TourGuideService       : Track Location for user internalUser8596
2022-10-02 23:12:34.106  INFO 75568 --- [    Test worker] tourGuide.service.TourGuideService       : Track Location for user internalUser7263
2022-10-02 23:12:34.106  INFO 75568 --- [pool-7-thread-1] tourGuide.service.TourGuideService       : Track Location for user internalUser4972
2022-10-02 23:12:34.106  INFO 75568 --- [    Test worker] tourGuide.service.TourGuideService       : Track Location for user internalUser8597
2022-10-02 23:12:34.106  INFO 75568 --- [    Test worker] tourGuide.service.TourGuideService       : Track Location for user internalUser7266
2022-10-02 23:12:34.106  INFO 75568 --- [    Test worker] tourGuide.service.TourGuideService       : Track Location for user internalUser8594
2022-10-02 23:12:34.106  INFO 75568 --- [pool-7-thread-1] tourGuide.service.TourGuideService       : Track Location for user internalUser3642
2022-10-02 23:12:34.106  INFO 75568 --- [    Test worker] tourGuide.service.TourGuideService       : Track Location for user internalUser7265
2022-10-02 23:12:34.106  INFO 75568 --- [pool-7-thread-1] tourGuide.service.TourGuideService       : Track Location for user internalUser4973
2022-10-02 23:12:34.106  INFO 75568 --- [    Test worker] tourGuide.service.TourGuideService       : Track Location for user internalUser8595
2022-10-02 23:12:34.106  INFO 75568 --- [pool-7-thread-1] tourGuide.service.TourGuideService       : Track Location for user internalUser3643
2022-10-02 23:12:34.106  INFO 75568 --- [    Test worker] tourGuide.service.TourGuideService       : Track Location for user internalUser7268
2022-10-02 23:12:34.106  INFO 75568 --- [pool-7-thread-1] tourGuide.service.TourGuideService       : Track Location for user internalUser4974
2022-10-02 23:12:34.106  INFO 75568 --- [    Test worker] tourGuide.service.TourGuideService       : Track Location for user internalUser7267
2022-10-02 23:12:34.106  INFO 75568 --- [pool-7-thread-1] tourGuide.service.TourGuideService       : Track Location for user internalUser3644
2022-10-02 23:12:34.106  INFO 75568 --- [    Test worker] tourGuide.service.TourGuideService       : Track Location for user internalUser8598
2022-10-02 23:12:34.106  INFO 75568 --- [pool-7-thread-1] tourGuide.service.TourGuideService       : Track Location for user internalUser4975
2022-10-02 23:12:34.106  INFO 75568 --- [    Test worker] tourGuide.service.TourGuideService       : Track Location for user internalUser7269
2022-10-02 23:12:34.106  INFO 75568 --- [pool-7-thread-1] tourGuide.service.TourGuideService       : Track Location for user internalUser3645
2022-10-02 23:12:34.106  INFO 75568 --- [    Test worker] tourGuide.service.TourGuideService       : Track Location for user internalUser8599
2022-10-02 23:12:34.106  INFO 75568 --- [pool-7-thread-1] tourGuide.service.TourGuideService       : Track Location for user internalUser4976
2022-10-02 23:12:34.106  INFO 75568 --- [    Test worker] tourGuide.service.TourGuideService       : Track Location for user internalUser7271
2022-10-02 23:12:34.106  INFO 75568 --- [    Test worker] tourGuide.service.TourGuideService       : Track Location for user internalUser7270
2022-10-02 23:12:34.106  INFO 75568 --- [pool-7-thread-1] tourGuide.service.TourGuideService       : Track Location for user internalUser3646
2022-10-02 23:12:34.106  INFO 75568 --- [    Test worker] tourGuide.service.TourGuideService       : Track Location for user internalUser7273
2022-10-02 23:12:34.106  INFO 75568 --- [    Test worker] tourGuide.service.TourGuideService       : Track Location for user internalUser7272
2022-10-02 23:12:34.106  INFO 75568 --- [    Test worker] tourGuide.service.TourGuideService       : Track Location for user internalUser7275
2022-10-02 23:12:34.106  INFO 75568 --- [    Test worker] tourGuide.service.TourGuideService       : Track Location for user internalUser7274
2022-10-02 23:12:34.106  INFO 75568 --- [    Test worker] tourGuide.service.TourGuideService       : Track Location for user internalUser7277
2022-10-02 23:12:34.106  INFO 75568 --- [    Test worker] tourGuide.service.TourGuideService       : Track Location for user internalUser7276
2022-10-02 23:12:34.106  INFO 75568 --- [pool-7-thread-1] tourGuide.service.TourGuideService       : Track Location for user internalUser4977
2022-10-02 23:12:34.106  INFO 75568 --- [    Test worker] tourGuide.service.TourGuideService       : Track Location for user internalUser7279
2022-10-02 23:12:34.106  INFO 75568 --- [    Test worker] tourGuide.service.TourGuideService       : Track Location for user internalUser7278
2022-10-02 23:12:34.106  INFO 75568 --- [pool-7-thread-1] tourGuide.service.TourGuideService       : Track Location for user internalUser3647
2022-10-02 23:12:34.106  INFO 75568 --- [    Test worker] tourGuide.service.TourGuideService       : Track Location for user internalUser7280
2022-10-02 23:12:34.106  INFO 75568 --- [    Test worker] tourGuide.service.TourGuideService       : Track Location for user internalUser7282
2022-10-02 23:12:34.106  INFO 75568 --- [    Test worker] tourGuide.service.TourGuideService       : Track Location for user internalUser7281
2022-10-02 23:12:34.106  INFO 75568 --- [pool-7-thread-1] tourGuide.service.TourGuideService       : Track Location for user internalUser4978
2022-10-02 23:12:34.107  INFO 75568 --- [    Test worker] tourGuide.service.TourGuideService       : Track Location for user internalUser7284
2022-10-02 23:12:34.107  INFO 75568 --- [    Test worker] tourGuide.service.TourGuideService       : Track Location for user internalUser7283
2022-10-02 23:12:34.107  INFO 75568 --- [    Test worker] tourGuide.service.TourGuideService       : Track Location for user internalUser3720
2022-10-02 23:12:34.107  INFO 75568 --- [    Test worker] tourGuide.service.TourGuideService       : Track Location for user internalUser3721
2022-10-02 23:12:34.107  INFO 75568 --- [    Test worker] tourGuide.service.TourGuideService       : Track Location for user internalUser3722
2022-10-02 23:12:34.107  INFO 75568 --- [    Test worker] tourGuide.service.TourGuideService       : Track Location for user internalUser3723
2022-10-02 23:12:34.107  INFO 75568 --- [pool-7-thread-1] tourGuide.service.TourGuideService       : Track Location for user internalUser3648
2022-10-02 23:12:34.107  INFO 75568 --- [    Test worker] tourGuide.service.TourGuideService       : Track Location for user internalUser3724
2022-10-02 23:12:34.107  INFO 75568 --- [    Test worker] tourGuide.service.TourGuideService       : Track Location for user internalUser3725
2022-10-02 23:12:34.107  INFO 75568 --- [pool-7-thread-1] tourGuide.service.TourGuideService       : Track Location for user internalUser4979
2022-10-02 23:12:34.107  INFO 75568 --- [    Test worker] tourGuide.service.TourGuideService       : Track Location for user internalUser3726
2022-10-02 23:12:34.107  INFO 75568 --- [    Test worker] tourGuide.service.TourGuideService       : Track Location for user internalUser3727
2022-10-02 23:12:34.107  INFO 75568 --- [    Test worker] tourGuide.service.TourGuideService       : Track Location for user internalUser3728
2022-10-02 23:12:34.107  INFO 75568 --- [    Test worker] tourGuide.service.TourGuideService       : Track Location for user internalUser3729
2022-10-02 23:12:34.107  INFO 75568 --- [    Test worker] tourGuide.service.TourGuideService       : Track Location for user internalUser3730
2022-10-02 23:12:34.107  INFO 75568 --- [pool-7-thread-1] tourGuide.service.TourGuideService       : Track Location for user internalUser2317
2022-10-02 23:12:34.107  INFO 75568 --- [    Test worker] tourGuide.service.TourGuideService       : Track Location for user internalUser3731
2022-10-02 23:12:34.107  INFO 75568 --- [pool-7-thread-1] tourGuide.service.TourGuideService       : Track Location for user internalUser2316
2022-10-02 23:12:34.107  INFO 75568 --- [pool-7-thread-1] tourGuide.service.TourGuideService       : Track Location for user internalUser2315
2022-10-02 23:12:34.107  INFO 75568 --- [    Test worker] tourGuide.service.TourGuideService       : Track Location for user internalUser3732
2022-10-02 23:12:34.107  INFO 75568 --- [pool-7-thread-1] tourGuide.service.TourGuideService       : Track Location for user internalUser2314
2022-10-02 23:12:34.107  INFO 75568 --- [    Test worker] tourGuide.service.TourGuideService       : Track Location for user internalUser3733
2022-10-02 23:12:34.107  INFO 75568 --- [pool-7-thread-1] tourGuide.service.TourGuideService       : Track Location for user internalUser2313
2022-10-02 23:12:34.107  INFO 75568 --- [    Test worker] tourGuide.service.TourGuideService       : Track Location for user internalUser3734
2022-10-02 23:12:34.107  INFO 75568 --- [    Test worker] tourGuide.service.TourGuideService       : Track Location for user internalUser3735
2022-10-02 23:12:34.107  INFO 75568 --- [    Test worker] tourGuide.service.TourGuideService       : Track Location for user internalUser3736
2022-10-02 23:12:34.107  INFO 75568 --- [pool-7-thread-1] tourGuide.service.TourGuideService       : Track Location for user internalUser2312
2022-10-02 23:12:34.107  INFO 75568 --- [    Test worker] tourGuide.service.TourGuideService       : Track Location for user internalUser2405
2022-10-02 23:12:34.107  INFO 75568 --- [pool-7-thread-1] tourGuide.service.TourGuideService       : Track Location for user internalUser2311
2022-10-02 23:12:34.107  INFO 75568 --- [    Test worker] tourGuide.service.TourGuideService       : Track Location for user internalUser2404
2022-10-02 23:12:34.107  INFO 75568 --- [pool-7-thread-1] tourGuide.service.TourGuideService       : Track Location for user internalUser4970
2022-10-02 23:12:34.107  INFO 75568 --- [pool-7-thread-1] tourGuide.service.TourGuideService       : Track Location for user internalUser2310
2022-10-02 23:12:34.107  INFO 75568 --- [    Test worker] tourGuide.service.TourGuideService       : Track Location for user internalUser2403
2022-10-02 23:12:34.107  INFO 75568 --- [pool-7-thread-1] tourGuide.service.TourGuideService       : Track Location for user internalUser3640
2022-10-02 23:12:34.107  INFO 75568 --- [pool-7-thread-1] tourGuide.service.TourGuideService       : Track Location for user internalUser4971
2022-10-02 23:12:34.107  INFO 75568 --- [    Test worker] tourGuide.service.TourGuideService       : Track Location for user internalUser2402
2022-10-02 23:12:34.107  INFO 75568 --- [pool-7-thread-1] tourGuide.service.TourGuideService       : Track Location for user internalUser2319
2022-10-02 23:12:34.107  INFO 75568 --- [    Test worker] tourGuide.service.TourGuideService       : Track Location for user internalUser2401
2022-10-02 23:12:34.107  INFO 75568 --- [pool-7-thread-1] tourGuide.service.TourGuideService       : Track Location for user internalUser2318
2022-10-02 23:12:34.107  INFO 75568 --- [    Test worker] tourGuide.service.TourGuideService       : Track Location for user internalUser2400
2022-10-02 23:12:34.107  INFO 75568 --- [pool-7-thread-1] tourGuide.service.TourGuideService       : Track Location for user internalUser3649
2022-10-02 23:12:34.107  INFO 75568 --- [    Test worker] tourGuide.service.TourGuideService       : Track Location for user internalUser2409
2022-10-02 23:12:34.107  INFO 75568 --- [pool-7-thread-1] tourGuide.service.TourGuideService       : Track Location for user internalUser2320
2022-10-02 23:12:34.107  INFO 75568 --- [    Test worker] tourGuide.service.TourGuideService       : Track Location for user internalUser2408
2022-10-02 23:12:34.107  INFO 75568 --- [pool-7-thread-1] tourGuide.service.TourGuideService       : Track Location for user internalUser3652
2022-10-02 23:12:34.107  INFO 75568 --- [    Test worker] tourGuide.service.TourGuideService       : Track Location for user internalUser2407
2022-10-02 23:12:34.107  INFO 75568 --- [pool-7-thread-1] tourGuide.service.TourGuideService       : Track Location for user internalUser4983
2022-10-02 23:12:34.107  INFO 75568 --- [    Test worker] tourGuide.service.TourGuideService       : Track Location for user internalUser2406
2022-10-02 23:12:34.107  INFO 75568 --- [pool-7-thread-1] tourGuide.service.TourGuideService       : Track Location for user internalUser3653
2022-10-02 23:12:34.107  INFO 75568 --- [    Test worker] tourGuide.service.TourGuideService       : Track Location for user internalUser3737
2022-10-02 23:12:34.107  INFO 75568 --- [pool-7-thread-1] tourGuide.service.TourGuideService       : Track Location for user internalUser4984
2022-10-02 23:12:34.107  INFO 75568 --- [    Test worker] tourGuide.service.TourGuideService       : Track Location for user internalUser3738
2022-10-02 23:12:34.107  INFO 75568 --- [    Test worker] tourGuide.service.TourGuideService       : Track Location for user internalUser3739
2022-10-02 23:12:34.107  INFO 75568 --- [pool-7-thread-1] tourGuide.service.TourGuideService       : Track Location for user internalUser3654
2022-10-02 23:12:34.107  INFO 75568 --- [    Test worker] tourGuide.service.TourGuideService       : Track Location for user internalUser3700
2022-10-02 23:12:34.107  INFO 75568 --- [pool-7-thread-1] tourGuide.service.TourGuideService       : Track Location for user internalUser4985
2022-10-02 23:12:34.107  INFO 75568 --- [    Test worker] tourGuide.service.TourGuideService       : Track Location for user internalUser3701
2022-10-02 23:12:34.107  INFO 75568 --- [pool-7-thread-1] tourGuide.service.TourGuideService       : Track Location for user internalUser3655
2022-10-02 23:12:34.107  INFO 75568 --- [pool-7-thread-1] tourGuide.service.TourGuideService       : Track Location for user internalUser4986
2022-10-02 23:12:34.107  INFO 75568 --- [    Test worker] tourGuide.service.TourGuideService       : Track Location for user internalUser3702
2022-10-02 23:12:34.107  INFO 75568 --- [pool-7-thread-1] tourGuide.service.TourGuideService       : Track Location for user internalUser3656
2022-10-02 23:12:34.107  INFO 75568 --- [pool-7-thread-1] tourGuide.service.TourGuideService       : Track Location for user internalUser4987
2022-10-02 23:12:34.107  INFO 75568 --- [pool-7-thread-1] tourGuide.service.TourGuideService       : Track Location for user internalUser3657
2022-10-02 23:12:34.107  INFO 75568 --- [pool-7-thread-1] tourGuide.service.TourGuideService       : Track Location for user internalUser4988
2022-10-02 23:12:34.107  INFO 75568 --- [pool-7-thread-1] tourGuide.service.TourGuideService       : Track Location for user internalUser3658
2022-10-02 23:12:34.107  INFO 75568 --- [    Test worker] tourGuide.service.TourGuideService       : Track Location for user internalUser3703
2022-10-02 23:12:34.107  INFO 75568 --- [pool-7-thread-1] tourGuide.service.TourGuideService       : Track Location for user internalUser4989
2022-10-02 23:12:34.107  INFO 75568 --- [    Test worker] tourGuide.service.TourGuideService       : Track Location for user internalUser3704
2022-10-02 23:12:34.107  INFO 75568 --- [pool-7-thread-1] tourGuide.service.TourGuideService       : Track Location for user internalUser3659
2022-10-02 23:12:34.107  INFO 75568 --- [    Test worker] tourGuide.service.TourGuideService       : Track Location for user internalUser3705
2022-10-02 23:12:34.107  INFO 75568 --- [pool-7-thread-1] tourGuide.service.TourGuideService       : Track Location for user internalUser2328
2022-10-02 23:12:34.107  INFO 75568 --- [pool-7-thread-1] tourGuide.service.TourGuideService       : Track Location for user internalUser2327
2022-10-02 23:12:34.107  INFO 75568 --- [pool-7-thread-1] tourGuide.service.TourGuideService       : Track Location for user internalUser2326
2022-10-02 23:12:34.107  INFO 75568 --- [pool-7-thread-1] tourGuide.service.TourGuideService       : Track Location for user internalUser2325
2022-10-02 23:12:34.107  INFO 75568 --- [pool-7-thread-1] tourGuide.service.TourGuideService       : Track Location for user internalUser2324
2022-10-02 23:12:34.107  INFO 75568 --- [pool-7-thread-1] tourGuide.service.TourGuideService       : Track Location for user internalUser2323
2022-10-02 23:12:34.107  INFO 75568 --- [pool-7-thread-1] tourGuide.service.TourGuideService       : Track Location for user internalUser4980
2022-10-02 23:12:34.107  INFO 75568 --- [pool-7-thread-1] tourGuide.service.TourGuideService       : Track Location for user internalUser2322
2022-10-02 23:12:34.107  INFO 75568 --- [    Test worker] tourGuide.service.TourGuideService       : Track Location for user internalUser3706
2022-10-02 23:12:34.107  INFO 75568 --- [pool-7-thread-1] tourGuide.service.TourGuideService       : Track Location for user internalUser3650
2022-10-02 23:12:34.107  INFO 75568 --- [    Test worker] tourGuide.service.TourGuideService       : Track Location for user internalUser3707
2022-10-02 23:12:34.107  INFO 75568 --- [pool-7-thread-1] tourGuide.service.TourGuideService       : Track Location for user internalUser4981
2022-10-02 23:12:34.107  INFO 75568 --- [    Test worker] tourGuide.service.TourGuideService       : Track Location for user internalUser3708
2022-10-02 23:12:34.107  INFO 75568 --- [pool-7-thread-1] tourGuide.service.TourGuideService       : Track Location for user internalUser2321
2022-10-02 23:12:34.107  INFO 75568 --- [    Test worker] tourGuide.service.TourGuideService       : Track Location for user internalUser3709
2022-10-02 23:12:34.107  INFO 75568 --- [pool-7-thread-1] tourGuide.service.TourGuideService       : Track Location for user internalUser3651
2022-10-02 23:12:34.107  INFO 75568 --- [    Test worker] tourGuide.service.TourGuideService       : Track Location for user internalUser3710
2022-10-02 23:12:34.107  INFO 75568 --- [pool-7-thread-1] tourGuide.service.TourGuideService       : Track Location for user internalUser4982
2022-10-02 23:12:34.107  INFO 75568 --- [    Test worker] tourGuide.service.TourGuideService       : Track Location for user internalUser3711
2022-10-02 23:12:34.107  INFO 75568 --- [pool-7-thread-1] tourGuide.service.TourGuideService       : Track Location for user internalUser2329
2022-10-02 23:12:34.107  INFO 75568 --- [    Test worker] tourGuide.service.TourGuideService       : Track Location for user internalUser3712
2022-10-02 23:12:34.107  INFO 75568 --- [pool-7-thread-1] tourGuide.service.TourGuideService       : Track Location for user internalUser4950
2022-10-02 23:12:34.107  INFO 75568 --- [    Test worker] tourGuide.service.TourGuideService       : Track Location for user internalUser3713
2022-10-02 23:12:34.107  INFO 75568 --- [    Test worker] tourGuide.service.TourGuideService       : Track Location for user internalUser3714
2022-10-02 23:12:34.107  INFO 75568 --- [pool-7-thread-1] tourGuide.service.TourGuideService       : Track Location for user internalUser3620
2022-10-02 23:12:34.107  INFO 75568 --- [    Test worker] tourGuide.service.TourGuideService       : Track Location for user internalUser3715
2022-10-02 23:12:34.107  INFO 75568 --- [pool-7-thread-1] tourGuide.service.TourGuideService       : Track Location for user internalUser4951
2022-10-02 23:12:34.107  INFO 75568 --- [    Test worker] tourGuide.service.TourGuideService       : Track Location for user internalUser3716
2022-10-02 23:12:34.107  INFO 75568 --- [pool-7-thread-1] tourGuide.service.TourGuideService       : Track Location for user internalUser3621
2022-10-02 23:12:34.107  INFO 75568 --- [    Test worker] tourGuide.service.TourGuideService       : Track Location for user internalUser3717
2022-10-02 23:12:34.107  INFO 75568 --- [pool-7-thread-1] tourGuide.service.TourGuideService       : Track Location for user internalUser4952
2022-10-02 23:12:34.107  INFO 75568 --- [    Test worker] tourGuide.service.TourGuideService       : Track Location for user internalUser3718
2022-10-02 23:12:34.107  INFO 75568 --- [    Test worker] tourGuide.service.TourGuideService       : Track Location for user internalUser3719
2022-10-02 23:12:34.107  INFO 75568 --- [    Test worker] tourGuide.service.TourGuideService       : Track Location for user internalUser680
2022-10-02 23:12:34.107  INFO 75568 --- [pool-7-thread-1] tourGuide.service.TourGuideService       : Track Location for user internalUser3622
2022-10-02 23:12:34.107  INFO 75568 --- [    Test worker] tourGuide.service.TourGuideService       : Track Location for user internalUser7206
2022-10-02 23:12:34.107  INFO 75568 --- [pool-7-thread-1] tourGuide.service.TourGuideService       : Track Location for user internalUser4953
2022-10-02 23:12:34.107  INFO 75568 --- [    Test worker] tourGuide.service.TourGuideService       : Track Location for user internalUser8538
2022-10-02 23:12:34.107  INFO 75568 --- [pool-7-thread-1] tourGuide.service.TourGuideService       : Track Location for user internalUser3623
2022-10-02 23:12:34.107  INFO 75568 --- [    Test worker] tourGuide.service.TourGuideService       : Track Location for user internalUser9869
2022-10-02 23:12:34.107  INFO 75568 --- [    Test worker] tourGuide.service.TourGuideService       : Track Location for user internalUser681
2022-10-02 23:12:34.107  INFO 75568 --- [    Test worker] tourGuide.service.TourGuideService       : Track Location for user internalUser7205
2022-10-02 23:12:34.107  INFO 75568 --- [    Test worker] tourGuide.service.TourGuideService       : Track Location for user internalUser8539
2022-10-02 23:12:34.107  INFO 75568 --- [    Test worker] tourGuide.service.TourGuideService       : Track Location for user internalUser7208
2022-10-02 23:12:34.107  INFO 75568 --- [    Test worker] tourGuide.service.TourGuideService       : Track Location for user internalUser8536
2022-10-02 23:12:34.107  INFO 75568 --- [    Test worker] tourGuide.service.TourGuideService       : Track Location for user internalUser9867
2022-10-02 23:12:34.107  INFO 75568 --- [pool-7-thread-1] tourGuide.service.TourGuideService       : Track Location for user internalUser4954
2022-10-02 23:12:34.107  INFO 75568 --- [    Test worker] tourGuide.service.TourGuideService       : Track Location for user internalUser7207
2022-10-02 23:12:34.107  INFO 75568 --- [    Test worker] tourGuide.service.TourGuideService       : Track Location for user internalUser8537
2022-10-02 23:12:34.107  INFO 75568 --- [    Test worker] tourGuide.service.TourGuideService       : Track Location for user internalUser9868
2022-10-02 23:12:34.107  INFO 75568 --- [    Test worker] tourGuide.service.TourGuideService       : Track Location for user internalUser7209
2022-10-02 23:12:34.107  INFO 75568 --- [    Test worker] tourGuide.service.TourGuideService       : Track Location for user internalUser688
2022-10-02 23:12:34.107  INFO 75568 --- [    Test worker] tourGuide.service.TourGuideService       : Track Location for user internalUser8530
2022-10-02 23:12:34.107  INFO 75568 --- [pool-7-thread-1] tourGuide.service.TourGuideService       : Track Location for user internalUser3624
2022-10-02 23:12:34.107  INFO 75568 --- [    Test worker] tourGuide.service.TourGuideService       : Track Location for user internalUser9861
2022-10-02 23:12:34.107  INFO 75568 --- [pool-7-thread-1] tourGuide.service.TourGuideService       : Track Location for user internalUser4955
2022-10-02 23:12:34.107  INFO 75568 --- [    Test worker] tourGuide.service.TourGuideService       : Track Location for user internalUser689
2022-10-02 23:12:34.107  INFO 75568 --- [    Test worker] tourGuide.service.TourGuideService       : Track Location for user internalUser8531
2022-10-02 23:12:34.107  INFO 75568 --- [    Test worker] tourGuide.service.TourGuideService       : Track Location for user internalUser9862
2022-10-02 23:12:34.107  INFO 75568 --- [    Test worker] tourGuide.service.TourGuideService       : Track Location for user internalUser686
2022-10-02 23:12:34.107  INFO 75568 --- [pool-7-thread-1] tourGuide.service.TourGuideService       : Track Location for user internalUser3625
2022-10-02 23:12:34.107  INFO 75568 --- [pool-7-thread-1] tourGuide.service.TourGuideService       : Track Location for user internalUser4956
2022-10-02 23:12:34.107  INFO 75568 --- [pool-7-thread-1] tourGuide.service.TourGuideService       : Track Location for user internalUser3626
2022-10-02 23:12:34.107  INFO 75568 --- [    Test worker] tourGuide.service.TourGuideService       : Track Location for user internalUser7200
2022-10-02 23:12:34.107  INFO 75568 --- [pool-7-thread-1] tourGuide.service.TourGuideService       : Track Location for user internalUser4957
2022-10-02 23:12:34.107  INFO 75568 --- [    Test worker] tourGuide.service.TourGuideService       : Track Location for user internalUser687
2022-10-02 23:12:34.107  INFO 75568 --- [    Test worker] tourGuide.service.TourGuideService       : Track Location for user internalUser9860
2022-10-02 23:12:34.107  INFO 75568 --- [    Test worker] tourGuide.service.TourGuideService       : Track Location for user internalUser684
2022-10-02 23:12:34.107  INFO 75568 --- [    Test worker] tourGuide.service.TourGuideService       : Track Location for user internalUser7202
2022-10-02 23:12:34.107  INFO 75568 --- [    Test worker] tourGuide.service.TourGuideService       : Track Location for user internalUser8534
2022-10-02 23:12:34.107  INFO 75568 --- [    Test worker] tourGuide.service.TourGuideService       : Track Location for user internalUser9865
2022-10-02 23:12:34.107  INFO 75568 --- [    Test worker] tourGuide.service.TourGuideService       : Track Location for user internalUser685
2022-10-02 23:12:34.107  INFO 75568 --- [pool-7-thread-1] tourGuide.service.TourGuideService       : Track Location for user internalUser3627
2022-10-02 23:12:34.108  INFO 75568 --- [    Test worker] tourGuide.service.TourGuideService       : Track Location for user internalUser7201
2022-10-02 23:12:34.108  INFO 75568 --- [pool-7-thread-1] tourGuide.service.TourGuideService       : Track Location for user internalUser4958
2022-10-02 23:12:34.108  INFO 75568 --- [pool-7-thread-1] tourGuide.service.TourGuideService       : Track Location for user internalUser3628
2022-10-02 23:12:34.108  INFO 75568 --- [pool-7-thread-1] tourGuide.service.TourGuideService       : Track Location for user internalUser4959
2022-10-02 23:12:34.108  INFO 75568 --- [pool-7-thread-1] tourGuide.service.TourGuideService       : Track Location for user internalUser3629
2022-10-02 23:12:34.108  INFO 75568 --- [    Test worker] tourGuide.service.TourGuideService       : Track Location for user internalUser8535
2022-10-02 23:12:34.108  INFO 75568 --- [pool-7-thread-1] tourGuide.service.TourGuideService       : Track Location for user internalUser3630
2022-10-02 23:12:34.108  INFO 75568 --- [    Test worker] tourGuide.service.TourGuideService       : Track Location for user internalUser9866
2022-10-02 23:12:34.108  INFO 75568 --- [    Test worker] tourGuide.service.TourGuideService       : Track Location for user internalUser682
2022-10-02 23:12:34.108  INFO 75568 --- [pool-7-thread-1] tourGuide.service.TourGuideService       : Track Location for user internalUser4961
2022-10-02 23:12:34.108  INFO 75568 --- [pool-7-thread-1] tourGuide.service.TourGuideService       : Track Location for user internalUser3631
2022-10-02 23:12:34.108  INFO 75568 --- [pool-7-thread-1] tourGuide.service.TourGuideService       : Track Location for user internalUser4962
2022-10-02 23:12:34.108  INFO 75568 --- [    Test worker] tourGuide.service.TourGuideService       : Track Location for user internalUser7204
2022-10-02 23:12:34.108  INFO 75568 --- [pool-7-thread-1] tourGuide.service.TourGuideService       : Track Location for user internalUser3632
2022-10-02 23:12:34.108  INFO 75568 --- [pool-7-thread-1] tourGuide.service.TourGuideService       : Track Location for user internalUser4963
2022-10-02 23:12:34.108  INFO 75568 --- [pool-7-thread-1] tourGuide.service.TourGuideService       : Track Location for user internalUser3633
2022-10-02 23:12:34.108  INFO 75568 --- [pool-7-thread-1] tourGuide.service.TourGuideService       : Track Location for user internalUser4964
2022-10-02 23:12:34.108  INFO 75568 --- [    Test worker] tourGuide.service.TourGuideService       : Track Location for user internalUser8532
2022-10-02 23:12:34.108  INFO 75568 --- [pool-7-thread-1] tourGuide.service.TourGuideService       : Track Location for user internalUser3634
2022-10-02 23:12:34.108  INFO 75568 --- [    Test worker] tourGuide.service.TourGuideService       : Track Location for user internalUser9863
2022-10-02 23:12:34.108  INFO 75568 --- [pool-7-thread-1] tourGuide.service.TourGuideService       : Track Location for user internalUser4965
2022-10-02 23:12:34.108  INFO 75568 --- [    Test worker] tourGuide.service.TourGuideService       : Track Location for user internalUser683
2022-10-02 23:12:34.108  INFO 75568 --- [pool-7-thread-1] tourGuide.service.TourGuideService       : Track Location for user internalUser3635
2022-10-02 23:12:34.108  INFO 75568 --- [    Test worker] tourGuide.service.TourGuideService       : Track Location for user internalUser7203
2022-10-02 23:12:34.108  INFO 75568 --- [    Test worker] tourGuide.service.TourGuideService       : Track Location for user internalUser8533
2022-10-02 23:12:34.108  INFO 75568 --- [    Test worker] tourGuide.service.TourGuideService       : Track Location for user internalUser9864
2022-10-02 23:12:34.108  INFO 75568 --- [pool-7-thread-1] tourGuide.service.TourGuideService       : Track Location for user internalUser4966
2022-10-02 23:12:34.108  INFO 75568 --- [    Test worker] tourGuide.service.TourGuideService       : Track Location for user internalUser691
2022-10-02 23:12:34.108  INFO 75568 --- [pool-7-thread-1] tourGuide.service.TourGuideService       : Track Location for user internalUser3636
2022-10-02 23:12:34.108  INFO 75568 --- [    Test worker] tourGuide.service.TourGuideService       : Track Location for user internalUser7217
2022-10-02 23:12:34.108  INFO 75568 --- [pool-7-thread-1] tourGuide.service.TourGuideService       : Track Location for user internalUser4967
2022-10-02 23:12:34.108  INFO 75568 --- [    Test worker] tourGuide.service.TourGuideService       : Track Location for user internalUser8549
2022-10-02 23:12:34.108  INFO 75568 --- [pool-7-thread-1] tourGuide.service.TourGuideService       : Track Location for user internalUser3637
2022-10-02 23:12:34.108  INFO 75568 --- [    Test worker] tourGuide.service.TourGuideService       : Track Location for user internalUser692
2022-10-02 23:12:34.108  INFO 75568 --- [    Test worker] tourGuide.service.TourGuideService       : Track Location for user internalUser7216
2022-10-02 23:12:34.108  INFO 75568 --- [    Test worker] tourGuide.service.TourGuideService       : Track Location for user internalUser7219
2022-10-02 23:12:34.108  INFO 75568 --- [    Test worker] tourGuide.service.TourGuideService       : Track Location for user internalUser8547
2022-10-02 23:12:34.108  INFO 75568 --- [    Test worker] tourGuide.service.TourGuideService       : Track Location for user internalUser9878
2022-10-02 23:12:34.108  INFO 75568 --- [    Test worker] tourGuide.service.TourGuideService       : Track Location for user internalUser690
2022-10-02 23:12:34.108  INFO 75568 --- [pool-7-thread-1] tourGuide.service.TourGuideService       : Track Location for user internalUser4968
2022-10-02 23:12:34.108  INFO 75568 --- [    Test worker] tourGuide.service.TourGuideService       : Track Location for user internalUser7218
2022-10-02 23:12:34.108  INFO 75568 --- [pool-7-thread-1] tourGuide.service.TourGuideService       : Track Location for user internalUser2306
2022-10-02 23:12:34.108  INFO 75568 --- [    Test worker] tourGuide.service.TourGuideService       : Track Location for user internalUser8548
2022-10-02 23:12:34.108  INFO 75568 --- [pool-7-thread-1] tourGuide.service.TourGuideService       : Track Location for user internalUser2305
2022-10-02 23:12:34.108  INFO 75568 --- [    Test worker] tourGuide.service.TourGuideService       : Track Location for user internalUser9879
2022-10-02 23:12:34.108  INFO 75568 --- [    Test worker] tourGuide.service.TourGuideService       : Track Location for user internalUser699
2022-10-02 23:12:34.108  INFO 75568 --- [pool-7-thread-1] tourGuide.service.TourGuideService       : Track Location for user internalUser2304
2022-10-02 23:12:34.108  INFO 75568 --- [    Test worker] tourGuide.service.TourGuideService       : Track Location for user internalUser8541
2022-10-02 23:12:34.108  INFO 75568 --- [    Test worker] tourGuide.service.TourGuideService       : Track Location for user internalUser9872
2022-10-02 23:12:34.108  INFO 75568 --- [    Test worker] tourGuide.service.TourGuideService       : Track Location for user internalUser8542
2022-10-02 23:12:34.108  INFO 75568 --- [    Test worker] tourGuide.service.TourGuideService       : Track Location for user internalUser9873
2022-10-02 23:12:34.108  INFO 75568 --- [pool-7-thread-1] tourGuide.service.TourGuideService       : Track Location for user internalUser2303
2022-10-02 23:12:34.108  INFO 75568 --- [    Test worker] tourGuide.service.TourGuideService       : Track Location for user internalUser697
2022-10-02 23:12:34.108  INFO 75568 --- [    Test worker] tourGuide.service.TourGuideService       : Track Location for user internalUser7211
2022-10-02 23:12:34.108  INFO 75568 --- [    Test worker] tourGuide.service.TourGuideService       : Track Location for user internalUser9870
2022-10-02 23:12:34.108  INFO 75568 --- [    Test worker] tourGuide.service.TourGuideService       : Track Location for user internalUser698
2022-10-02 23:12:34.108  INFO 75568 --- [    Test worker] tourGuide.service.TourGuideService       : Track Location for user internalUser7210
2022-10-02 23:12:34.108  INFO 75568 --- [    Test worker] tourGuide.service.TourGuideService       : Track Location for user internalUser8540
2022-10-02 23:12:34.108  INFO 75568 --- [pool-7-thread-1] tourGuide.service.TourGuideService       : Track Location for user internalUser2302
2022-10-02 23:12:34.108  INFO 75568 --- [    Test worker] tourGuide.service.TourGuideService       : Track Location for user internalUser9871
2022-10-02 23:12:34.108  INFO 75568 --- [pool-7-thread-1] tourGuide.service.TourGuideService       : Track Location for user internalUser2301
2022-10-02 23:12:34.108  INFO 75568 --- [    Test worker] tourGuide.service.TourGuideService       : Track Location for user internalUser695
2022-10-02 23:12:34.108  INFO 75568 --- [pool-7-thread-1] tourGuide.service.TourGuideService       : Track Location for user internalUser2300
2022-10-02 23:12:34.108  INFO 75568 --- [    Test worker] tourGuide.service.TourGuideService       : Track Location for user internalUser7213
2022-10-02 23:12:34.108  INFO 75568 --- [    Test worker] tourGuide.service.TourGuideService       : Track Location for user internalUser8545
2022-10-02 23:12:34.108  INFO 75568 --- [    Test worker] tourGuide.service.TourGuideService       : Track Location for user internalUser9876
2022-10-02 23:12:34.108  INFO 75568 --- [    Test worker] tourGuide.service.TourGuideService       : Track Location for user internalUser696
2022-10-02 23:12:34.108  INFO 75568 --- [    Test worker] tourGuide.service.TourGuideService       : Track Location for user internalUser7212
2022-10-02 23:12:34.108  INFO 75568 --- [    Test worker] tourGuide.service.TourGuideService       : Track Location for user internalUser8546
2022-10-02 23:12:34.108  INFO 75568 --- [    Test worker] tourGuide.service.TourGuideService       : Track Location for user internalUser9877
2022-10-02 23:12:34.108  INFO 75568 --- [    Test worker] tourGuide.service.TourGuideService       : Track Location for user internalUser693
2022-10-02 23:12:34.108  INFO 75568 --- [    Test worker] tourGuide.service.TourGuideService       : Track Location for user internalUser7215
2022-10-02 23:12:34.108  INFO 75568 --- [    Test worker] tourGuide.service.TourGuideService       : Track Location for user internalUser8543
2022-10-02 23:12:34.108  INFO 75568 --- [    Test worker] tourGuide.service.TourGuideService       : Track Location for user internalUser9874
2022-10-02 23:12:34.108  INFO 75568 --- [    Test worker] tourGuide.service.TourGuideService       : Track Location for user internalUser694
2022-10-02 23:12:34.108  INFO 75568 --- [    Test worker] tourGuide.service.TourGuideService       : Track Location for user internalUser7214
2022-10-02 23:12:34.108  INFO 75568 --- [    Test worker] tourGuide.service.TourGuideService       : Track Location for user internalUser8544
2022-10-02 23:12:34.108  INFO 75568 --- [    Test worker] tourGuide.service.TourGuideService       : Track Location for user internalUser9875
2022-10-02 23:12:34.108  INFO 75568 --- [    Test worker] tourGuide.service.TourGuideService       : Track Location for user internalUser9880
2022-10-02 23:12:34.108  INFO 75568 --- [pool-7-thread-1] tourGuide.service.TourGuideService       : Track Location for user internalUser4960
2022-10-02 23:12:34.108  INFO 75568 --- [    Test worker] tourGuide.service.TourGuideService       : Track Location for user internalUser8516
2022-10-02 23:12:34.108  INFO 75568 --- [pool-7-thread-1] tourGuide.service.TourGuideService       : Track Location for user internalUser2309
2022-10-02 23:12:34.108  INFO 75568 --- [    Test worker] tourGuide.service.TourGuideService       : Track Location for user internalUser9847
2022-10-02 23:12:34.108  INFO 75568 --- [pool-7-thread-1] tourGuide.service.TourGuideService       : Track Location for user internalUser2308
2022-10-02 23:12:34.108  INFO 75568 --- [    Test worker] tourGuide.service.TourGuideService       : Track Location for user internalUser8517
2022-10-02 23:12:34.108  INFO 75568 --- [    Test worker] tourGuide.service.TourGuideService       : Track Location for user internalUser9848
2022-10-02 23:12:34.108  INFO 75568 --- [pool-7-thread-1] tourGuide.service.TourGuideService       : Track Location for user internalUser2307
2022-10-02 23:12:34.108  INFO 75568 --- [    Test worker] tourGuide.service.TourGuideService       : Track Location for user internalUser8514
2022-10-02 23:12:34.108  INFO 75568 --- [pool-7-thread-1] tourGuide.service.TourGuideService       : Track Location for user internalUser3638
2022-10-02 23:12:34.108  INFO 75568 --- [    Test worker] tourGuide.service.TourGuideService       : Track Location for user internalUser9845
2022-10-02 23:12:34.108  INFO 75568 --- [pool-7-thread-1] tourGuide.service.TourGuideService       : Track Location for user internalUser4969
2022-10-02 23:12:34.108  INFO 75568 --- [pool-7-thread-1] tourGuide.service.TourGuideService       : Track Location for user internalUser3639
2022-10-02 23:12:34.108  INFO 75568 --- [pool-7-thread-1] tourGuide.service.TourGuideService       : Track Location for user internalUser1022
2022-10-02 23:12:34.108  INFO 75568 --- [pool-7-thread-1] tourGuide.service.TourGuideService       : Track Location for user internalUser2353
2022-10-02 23:12:34.108  INFO 75568 --- [pool-7-thread-1] tourGuide.service.TourGuideService       : Track Location for user internalUser3685
2022-10-02 23:12:34.108  INFO 75568 --- [    Test worker] tourGuide.service.TourGuideService       : Track Location for user internalUser8515
2022-10-02 23:12:34.108  INFO 75568 --- [pool-7-thread-1] tourGuide.service.TourGuideService       : Track Location for user internalUser1021
2022-10-02 23:12:34.108  INFO 75568 --- [    Test worker] tourGuide.service.TourGuideService       : Track Location for user internalUser9846
2022-10-02 23:12:34.108  INFO 75568 --- [    Test worker] tourGuide.service.TourGuideService       : Track Location for user internalUser8518
2022-10-02 23:12:34.108  INFO 75568 --- [pool-7-thread-1] tourGuide.service.TourGuideService       : Track Location for user internalUser2352
2022-10-02 23:12:34.108  INFO 75568 --- [    Test worker] tourGuide.service.TourGuideService       : Track Location for user internalUser9849
2022-10-02 23:12:34.108  INFO 75568 --- [pool-7-thread-1] tourGuide.service.TourGuideService       : Track Location for user internalUser3686
2022-10-02 23:12:34.108  INFO 75568 --- [    Test worker] tourGuide.service.TourGuideService       : Track Location for user internalUser8519
2022-10-02 23:12:34.108  INFO 75568 --- [    Test worker] tourGuide.service.TourGuideService       : Track Location for user internalUser9840
2022-10-02 23:12:34.108  INFO 75568 --- [    Test worker] tourGuide.service.TourGuideService       : Track Location for user internalUser8512
2022-10-02 23:12:34.108  INFO 75568 --- [    Test worker] tourGuide.service.TourGuideService       : Track Location for user internalUser9843
2022-10-02 23:12:34.108  INFO 75568 --- [    Test worker] tourGuide.service.TourGuideService       : Track Location for user internalUser8513
2022-10-02 23:12:34.108  INFO 75568 --- [pool-7-thread-1] tourGuide.service.TourGuideService       : Track Location for user internalUser1020
2022-10-02 23:12:34.108  INFO 75568 --- [    Test worker] tourGuide.service.TourGuideService       : Track Location for user internalUser9844
2022-10-02 23:12:34.108  INFO 75568 --- [pool-7-thread-1] tourGuide.service.TourGuideService       : Track Location for user internalUser2351
2022-10-02 23:12:34.108  INFO 75568 --- [    Test worker] tourGuide.service.TourGuideService       : Track Location for user internalUser8510
2022-10-02 23:12:34.108  INFO 75568 --- [pool-7-thread-1] tourGuide.service.TourGuideService       : Track Location for user internalUser3687
2022-10-02 23:12:34.108  INFO 75568 --- [pool-7-thread-1] tourGuide.service.TourGuideService       : Track Location for user internalUser2350
2022-10-02 23:12:34.108  INFO 75568 --- [pool-7-thread-1] tourGuide.service.TourGuideService       : Track Location for user internalUser3688
2022-10-02 23:12:34.108  INFO 75568 --- [pool-7-thread-1] tourGuide.service.TourGuideService       : Track Location for user internalUser3689
2022-10-02 23:12:34.108  INFO 75568 --- [pool-7-thread-1] tourGuide.service.TourGuideService       : Track Location for user internalUser1029
2022-10-02 23:12:34.108  INFO 75568 --- [    Test worker] tourGuide.service.TourGuideService       : Track Location for user internalUser9841
2022-10-02 23:12:34.108  INFO 75568 --- [pool-7-thread-1] tourGuide.service.TourGuideService       : Track Location for user internalUser1028
2022-10-02 23:12:34.108  INFO 75568 --- [    Test worker] tourGuide.service.TourGuideService       : Track Location for user internalUser8511
2022-10-02 23:12:34.108  INFO 75568 --- [    Test worker] tourGuide.service.TourGuideService       : Track Location for user internalUser9842
2022-10-02 23:12:34.108  INFO 75568 --- [    Test worker] tourGuide.service.TourGuideService       : Track Location for user internalUser8527
2022-10-02 23:12:34.108  INFO 75568 --- [pool-7-thread-1] tourGuide.service.TourGuideService       : Track Location for user internalUser2359
2022-10-02 23:12:34.108  INFO 75568 --- [    Test worker] tourGuide.service.TourGuideService       : Track Location for user internalUser9858
2022-10-02 23:12:34.108  INFO 75568 --- [pool-7-thread-1] tourGuide.service.TourGuideService       : Track Location for user internalUser1027
2022-10-02 23:12:34.108  INFO 75568 --- [pool-7-thread-1] tourGuide.service.TourGuideService       : Track Location for user internalUser2358
2022-10-02 23:12:34.108  INFO 75568 --- [pool-7-thread-1] tourGuide.service.TourGuideService       : Track Location for user internalUser3680
2022-10-02 23:12:34.108  INFO 75568 --- [pool-7-thread-1] tourGuide.service.TourGuideService       : Track Location for user internalUser1026
2022-10-02 23:12:34.108  INFO 75568 --- [pool-7-thread-1] tourGuide.service.TourGuideService       : Track Location for user internalUser2357
2022-10-02 23:12:34.108  INFO 75568 --- [pool-7-thread-1] tourGuide.service.TourGuideService       : Track Location for user internalUser3681
2022-10-02 23:12:34.108  INFO 75568 --- [pool-7-thread-1] tourGuide.service.TourGuideService       : Track Location for user internalUser1025
2022-10-02 23:12:34.108  INFO 75568 --- [pool-7-thread-1] tourGuide.service.TourGuideService       : Track Location for user internalUser2356
2022-10-02 23:12:34.108  INFO 75568 --- [pool-7-thread-1] tourGuide.service.TourGuideService       : Track Location for user internalUser3682
2022-10-02 23:12:34.108  INFO 75568 --- [pool-7-thread-1] tourGuide.service.TourGuideService       : Track Location for user internalUser1024
2022-10-02 23:12:34.108  INFO 75568 --- [pool-7-thread-1] tourGuide.service.TourGuideService       : Track Location for user internalUser2355
2022-10-02 23:12:34.108  INFO 75568 --- [pool-7-thread-1] tourGuide.service.TourGuideService       : Track Location for user internalUser3683
2022-10-02 23:12:34.108  INFO 75568 --- [pool-7-thread-1] tourGuide.service.TourGuideService       : Track Location for user internalUser1023
2022-10-02 23:12:34.108  INFO 75568 --- [pool-7-thread-1] tourGuide.service.TourGuideService       : Track Location for user internalUser2354
2022-10-02 23:12:34.108  INFO 75568 --- [    Test worker] tourGuide.service.TourGuideService       : Track Location for user internalUser8528
2022-10-02 23:12:34.108  INFO 75568 --- [    Test worker] tourGuide.service.TourGuideService       : Track Location for user internalUser9859
2022-10-02 23:12:34.108  INFO 75568 --- [    Test worker] tourGuide.service.TourGuideService       : Track Location for user internalUser8525
2022-10-02 23:12:34.108  INFO 75568 --- [    Test worker] tourGuide.service.TourGuideService       : Track Location for user internalUser9856
2022-10-02 23:12:34.108  INFO 75568 --- [pool-7-thread-1] tourGuide.service.TourGuideService       : Track Location for user internalUser3684
2022-10-02 23:12:34.108  INFO 75568 --- [    Test worker] tourGuide.service.TourGuideService       : Track Location for user internalUser8526
2022-10-02 23:12:34.108  INFO 75568 --- [pool-7-thread-1] tourGuide.service.TourGuideService       : Track Location for user internalUser1033
2022-10-02 23:12:34.108  INFO 75568 --- [    Test worker] tourGuide.service.TourGuideService       : Track Location for user internalUser9857
2022-10-02 23:12:34.108  INFO 75568 --- [    Test worker] tourGuide.service.TourGuideService       : Track Location for user internalUser8529
2022-10-02 23:12:34.108  INFO 75568 --- [    Test worker] tourGuide.service.TourGuideService       : Track Location for user internalUser9850
2022-10-02 23:12:34.108  INFO 75568 --- [pool-7-thread-1] tourGuide.service.TourGuideService       : Track Location for user internalUser2364
2022-10-02 23:12:34.108  INFO 75568 --- [    Test worker] tourGuide.service.TourGuideService       : Track Location for user internalUser8520
2022-10-02 23:12:34.108  INFO 75568 --- [    Test worker] tourGuide.service.TourGuideService       : Track Location for user internalUser9851
2022-10-02 23:12:34.108  INFO 75568 --- [    Test worker] tourGuide.service.TourGuideService       : Track Location for user internalUser8523
2022-10-02 23:12:34.108  INFO 75568 --- [    Test worker] tourGuide.service.TourGuideService       : Track Location for user internalUser9854
2022-10-02 23:12:34.108  INFO 75568 --- [pool-7-thread-1] tourGuide.service.TourGuideService       : Track Location for user internalUser3696
2022-10-02 23:12:34.108  INFO 75568 --- [    Test worker] tourGuide.service.TourGuideService       : Track Location for user internalUser8524
2022-10-02 23:12:34.108  INFO 75568 --- [    Test worker] tourGuide.service.TourGuideService       : Track Location for user internalUser9855
2022-10-02 23:12:34.108  INFO 75568 --- [    Test worker] tourGuide.service.TourGuideService       : Track Location for user internalUser8521
2022-10-02 23:12:34.108  INFO 75568 --- [    Test worker] tourGuide.service.TourGuideService       : Track Location for user internalUser9852
2022-10-02 23:12:34.108  INFO 75568 --- [    Test worker] tourGuide.service.TourGuideService       : Track Location for user internalUser8522
2022-10-02 23:12:34.108  INFO 75568 --- [pool-7-thread-1] tourGuide.service.TourGuideService       : Track Location for user internalUser1032
2022-10-02 23:12:34.108  INFO 75568 --- [    Test worker] tourGuide.service.TourGuideService       : Track Location for user internalUser9853
2022-10-02 23:12:34.108  INFO 75568 --- [pool-7-thread-1] tourGuide.service.TourGuideService       : Track Location for user internalUser2363
2022-10-02 23:12:34.108  INFO 75568 --- [    Test worker] tourGuide.service.TourGuideService       : Track Location for user internalUser7249
2022-10-02 23:12:34.108  INFO 75568 --- [pool-7-thread-1] tourGuide.service.TourGuideService       : Track Location for user internalUser3697
2022-10-02 23:12:34.108  INFO 75568 --- [    Test worker] tourGuide.service.TourGuideService       : Track Location for user internalUser644
2022-10-02 23:12:34.108  INFO 75568 --- [    Test worker] tourGuide.service.TourGuideService       : Track Location for user internalUser7242
2022-10-02 23:12:34.108  INFO 75568 --- [pool-7-thread-1] tourGuide.service.TourGuideService       : Track Location for user internalUser1031
2022-10-02 23:12:34.108  INFO 75568 --- [    Test worker] tourGuide.service.TourGuideService       : Track Location for user internalUser8574
2022-10-02 23:12:34.108  INFO 75568 --- [pool-7-thread-1] tourGuide.service.TourGuideService       : Track Location for user internalUser2362
2022-10-02 23:12:34.108  INFO 75568 --- [    Test worker] tourGuide.service.TourGuideService       : Track Location for user internalUser645
2022-10-02 23:12:34.109  INFO 75568 --- [    Test worker] tourGuide.service.TourGuideService       : Track Location for user internalUser7241
2022-10-02 23:12:34.109  INFO 75568 --- [pool-7-thread-1] tourGuide.service.TourGuideService       : Track Location for user internalUser3698
2022-10-02 23:12:34.109  INFO 75568 --- [    Test worker] tourGuide.service.TourGuideService       : Track Location for user internalUser8575
2022-10-02 23:12:34.109  INFO 75568 --- [pool-7-thread-1] tourGuide.service.TourGuideService       : Track Location for user internalUser1030
2022-10-02 23:12:34.109  INFO 75568 --- [    Test worker] tourGuide.service.TourGuideService       : Track Location for user internalUser642
2022-10-02 23:12:34.109  INFO 75568 --- [pool-7-thread-1] tourGuide.service.TourGuideService       : Track Location for user internalUser2361
2022-10-02 23:12:34.109  INFO 75568 --- [    Test worker] tourGuide.service.TourGuideService       : Track Location for user internalUser7244
2022-10-02 23:12:34.109  INFO 75568 --- [pool-7-thread-1] tourGuide.service.TourGuideService       : Track Location for user internalUser3699
2022-10-02 23:12:34.109  INFO 75568 --- [    Test worker] tourGuide.service.TourGuideService       : Track Location for user internalUser8572
2022-10-02 23:12:34.109  INFO 75568 --- [pool-7-thread-1] tourGuide.service.TourGuideService       : Track Location for user internalUser2360
2022-10-02 23:12:34.109  INFO 75568 --- [    Test worker] tourGuide.service.TourGuideService       : Track Location for user internalUser643
2022-10-02 23:12:34.109  INFO 75568 --- [pool-7-thread-1] tourGuide.service.TourGuideService       : Track Location for user internalUser1039
2022-10-02 23:12:34.109  INFO 75568 --- [    Test worker] tourGuide.service.TourGuideService       : Track Location for user internalUser7243
2022-10-02 23:12:34.109  INFO 75568 --- [pool-7-thread-1] tourGuide.service.TourGuideService       : Track Location for user internalUser3690
2022-10-02 23:12:34.109  INFO 75568 --- [    Test worker] tourGuide.service.TourGuideService       : Track Location for user internalUser8573
2022-10-02 23:12:34.109  INFO 75568 --- [pool-7-thread-1] tourGuide.service.TourGuideService       : Track Location for user internalUser1038
2022-10-02 23:12:34.109  INFO 75568 --- [    Test worker] tourGuide.service.TourGuideService       : Track Location for user internalUser640
2022-10-02 23:12:34.109  INFO 75568 --- [pool-7-thread-1] tourGuide.service.TourGuideService       : Track Location for user internalUser2369
2022-10-02 23:12:34.109  INFO 75568 --- [    Test worker] tourGuide.service.TourGuideService       : Track Location for user internalUser7246
2022-10-02 23:12:34.109  INFO 75568 --- [pool-7-thread-1] tourGuide.service.TourGuideService       : Track Location for user internalUser3691
2022-10-02 23:12:34.109  INFO 75568 --- [pool-7-thread-1] tourGuide.service.TourGuideService       : Track Location for user internalUser1037
2022-10-02 23:12:34.109  INFO 75568 --- [    Test worker] tourGuide.service.TourGuideService       : Track Location for user internalUser8578
2022-10-02 23:12:34.109  INFO 75568 --- [pool-7-thread-1] tourGuide.service.TourGuideService       : Track Location for user internalUser2368
2022-10-02 23:12:34.109  INFO 75568 --- [    Test worker] tourGuide.service.TourGuideService       : Track Location for user internalUser641
2022-10-02 23:12:34.109  INFO 75568 --- [pool-7-thread-1] tourGuide.service.TourGuideService       : Track Location for user internalUser3692
2022-10-02 23:12:34.109  INFO 75568 --- [    Test worker] tourGuide.service.TourGuideService       : Track Location for user internalUser7245
2022-10-02 23:12:34.109  INFO 75568 --- [pool-7-thread-1] tourGuide.service.TourGuideService       : Track Location for user internalUser1036
2022-10-02 23:12:34.109  INFO 75568 --- [    Test worker] tourGuide.service.TourGuideService       : Track Location for user internalUser8579
2022-10-02 23:12:34.109  INFO 75568 --- [    Test worker] tourGuide.service.TourGuideService       : Track Location for user internalUser7248
2022-10-02 23:12:34.109  INFO 75568 --- [    Test worker] tourGuide.service.TourGuideService       : Track Location for user internalUser8576
2022-10-02 23:12:34.109  INFO 75568 --- [    Test worker] tourGuide.service.TourGuideService       : Track Location for user internalUser7247
2022-10-02 23:12:34.109  INFO 75568 --- [    Test worker] tourGuide.service.TourGuideService       : Track Location for user internalUser8577
2022-10-02 23:12:34.109  INFO 75568 --- [pool-7-thread-1] tourGuide.service.TourGuideService       : Track Location for user internalUser2367
2022-10-02 23:12:34.109  INFO 75568 --- [    Test worker] tourGuide.service.TourGuideService       : Track Location for user internalUser648
2022-10-02 23:12:34.109  INFO 75568 --- [pool-7-thread-1] tourGuide.service.TourGuideService       : Track Location for user internalUser3693
2022-10-02 23:12:34.109  INFO 75568 --- [    Test worker] tourGuide.service.TourGuideService       : Track Location for user internalUser8581
2022-10-02 23:12:34.109  INFO 75568 --- [pool-7-thread-1] tourGuide.service.TourGuideService       : Track Location for user internalUser1035
2022-10-02 23:12:34.109  INFO 75568 --- [    Test worker] tourGuide.service.TourGuideService       : Track Location for user internalUser649
2022-10-02 23:12:34.109  INFO 75568 --- [pool-7-thread-1] tourGuide.service.TourGuideService       : Track Location for user internalUser2366
2022-10-02 23:12:34.109  INFO 75568 --- [    Test worker] tourGuide.service.TourGuideService       : Track Location for user internalUser8582
2022-10-02 23:12:34.109  INFO 75568 --- [pool-7-thread-1] tourGuide.service.TourGuideService       : Track Location for user internalUser3694
2022-10-02 23:12:34.109  INFO 75568 --- [pool-7-thread-1] tourGuide.service.TourGuideService       : Track Location for user internalUser1034
2022-10-02 23:12:34.109  INFO 75568 --- [pool-7-thread-1] tourGuide.service.TourGuideService       : Track Location for user internalUser2365
2022-10-02 23:12:34.109  INFO 75568 --- [pool-7-thread-1] tourGuide.service.TourGuideService       : Track Location for user internalUser3695
2022-10-02 23:12:34.109  INFO 75568 --- [pool-7-thread-1] tourGuide.service.TourGuideService       : Track Location for user internalUser1000
2022-10-02 23:12:34.109  INFO 75568 --- [pool-7-thread-1] tourGuide.service.TourGuideService       : Track Location for user internalUser2331
2022-10-02 23:12:34.109  INFO 75568 --- [pool-7-thread-1] tourGuide.service.TourGuideService       : Track Location for user internalUser3663
2022-10-02 23:12:34.109  INFO 75568 --- [    Test worker] tourGuide.service.TourGuideService       : Track Location for user internalUser646
2022-10-02 23:12:34.109  INFO 75568 --- [    Test worker] tourGuide.service.TourGuideService       : Track Location for user internalUser7251
2022-10-02 23:12:34.109  INFO 75568 --- [pool-7-thread-1] tourGuide.service.TourGuideService       : Track Location for user internalUser4994
2022-10-02 23:12:34.109  INFO 75568 --- [    Test worker] tourGuide.service.TourGuideService       : Track Location for user internalUser647
2022-10-02 23:12:34.109  INFO 75568 --- [pool-7-thread-1] tourGuide.service.TourGuideService       : Track Location for user internalUser2330
2022-10-02 23:12:34.109  INFO 75568 --- [    Test worker] tourGuide.service.TourGuideService       : Track Location for user internalUser7250
2022-10-02 23:12:34.109  INFO 75568 --- [pool-7-thread-1] tourGuide.service.TourGuideService       : Track Location for user internalUser3664
2022-10-02 23:12:34.109  INFO 75568 --- [    Test worker] tourGuide.service.TourGuideService       : Track Location for user internalUser8580
2022-10-02 23:12:34.109  INFO 75568 --- [pool-7-thread-1] tourGuide.service.TourGuideService       : Track Location for user internalUser4995
2022-10-02 23:12:34.109  INFO 75568 --- [    Test worker] tourGuide.service.TourGuideService       : Track Location for user internalUser655
2022-10-02 23:12:34.109  INFO 75568 --- [pool-7-thread-1] tourGuide.service.TourGuideService       : Track Location for user internalUser3665
2022-10-02 23:12:34.109  INFO 75568 --- [    Test worker] tourGuide.service.TourGuideService       : Track Location for user internalUser7253
2022-10-02 23:12:34.109  INFO 75568 --- [pool-7-thread-1] tourGuide.service.TourGuideService       : Track Location for user internalUser4996
2022-10-02 23:12:34.109  INFO 75568 --- [    Test worker] tourGuide.service.TourGuideService       : Track Location for user internalUser8585
2022-10-02 23:12:34.109  INFO 75568 --- [pool-7-thread-1] tourGuide.service.TourGuideService       : Track Location for user internalUser3666
2022-10-02 23:12:34.109  INFO 75568 --- [    Test worker] tourGuide.service.TourGuideService       : Track Location for user internalUser656
2022-10-02 23:12:34.109  INFO 75568 --- [    Test worker] tourGuide.service.TourGuideService       : Track Location for user internalUser7252
2022-10-02 23:12:34.109  INFO 75568 --- [    Test worker] tourGuide.service.TourGuideService       : Track Location for user internalUser8586
2022-10-02 23:12:34.109  INFO 75568 --- [pool-7-thread-1] tourGuide.service.TourGuideService       : Track Location for user internalUser4997
2022-10-02 23:12:34.109  INFO 75568 --- [    Test worker] tourGuide.service.TourGuideService       : Track Location for user internalUser653
2022-10-02 23:12:34.109  INFO 75568 --- [pool-7-thread-1] tourGuide.service.TourGuideService       : Track Location for user internalUser3667
2022-10-02 23:12:34.109  INFO 75568 --- [    Test worker] tourGuide.service.TourGuideService       : Track Location for user internalUser7255
2022-10-02 23:12:34.109  INFO 75568 --- [    Test worker] tourGuide.service.TourGuideService       : Track Location for user internalUser8583
2022-10-02 23:12:34.109  INFO 75568 --- [pool-7-thread-1] tourGuide.service.TourGuideService       : Track Location for user internalUser4998
2022-10-02 23:12:34.109  INFO 75568 --- [    Test worker] tourGuide.service.TourGuideService       : Track Location for user internalUser654
2022-10-02 23:12:34.109  INFO 75568 --- [pool-7-thread-1] tourGuide.service.TourGuideService       : Track Location for user internalUser3668
2022-10-02 23:12:34.109  INFO 75568 --- [    Test worker] tourGuide.service.TourGuideService       : Track Location for user internalUser7254
2022-10-02 23:12:34.109  INFO 75568 --- [pool-7-thread-1] tourGuide.service.TourGuideService       : Track Location for user internalUser4999
2022-10-02 23:12:34.109  INFO 75568 --- [    Test worker] tourGuide.service.TourGuideService       : Track Location for user internalUser8584
2022-10-02 23:12:34.109  INFO 75568 --- [pool-7-thread-1] tourGuide.service.TourGuideService       : Track Location for user internalUser3669
2022-10-02 23:12:34.109  INFO 75568 --- [    Test worker] tourGuide.service.TourGuideService       : Track Location for user internalUser651
2022-10-02 23:12:34.109  INFO 75568 --- [    Test worker] tourGuide.service.TourGuideService       : Track Location for user internalUser7257
2022-10-02 23:12:34.109  INFO 75568 --- [    Test worker] tourGuide.service.TourGuideService       : Track Location for user internalUser8589
2022-10-02 23:12:34.109  INFO 75568 --- [    Test worker] tourGuide.service.TourGuideService       : Track Location for user internalUser652
2022-10-02 23:12:34.109  INFO 75568 --- [pool-7-thread-1] tourGuide.service.TourGuideService       : Track Location for user internalUser1008
2022-10-02 23:12:34.109  INFO 75568 --- [    Test worker] tourGuide.service.TourGuideService       : Track Location for user internalUser7256
2022-10-02 23:12:34.109  INFO 75568 --- [    Test worker] tourGuide.service.TourGuideService       : Track Location for user internalUser7259
2022-10-02 23:12:34.109  INFO 75568 --- [    Test worker] tourGuide.service.TourGuideService       : Track Location for user internalUser8587
2022-10-02 23:12:34.109  INFO 75568 --- [pool-7-thread-1] tourGuide.service.TourGuideService       : Track Location for user internalUser2339
2022-10-02 23:12:34.109  INFO 75568 --- [pool-7-thread-1] tourGuide.service.TourGuideService       : Track Location for user internalUser1007
2022-10-02 23:12:34.109  INFO 75568 --- [    Test worker] tourGuide.service.TourGuideService       : Track Location for user internalUser650
2022-10-02 23:12:34.109  INFO 75568 --- [pool-7-thread-1] tourGuide.service.TourGuideService       : Track Location for user internalUser2338
2022-10-02 23:12:34.109  INFO 75568 --- [    Test worker] tourGuide.service.TourGuideService       : Track Location for user internalUser7258
2022-10-02 23:12:34.109  INFO 75568 --- [pool-7-thread-1] tourGuide.service.TourGuideService       : Track Location for user internalUser1006
2022-10-02 23:12:34.109  INFO 75568 --- [    Test worker] tourGuide.service.TourGuideService       : Track Location for user internalUser8588
2022-10-02 23:12:34.109  INFO 75568 --- [    Test worker] tourGuide.service.TourGuideService       : Track Location for user internalUser659
2022-10-02 23:12:34.109  INFO 75568 --- [    Test worker] tourGuide.service.TourGuideService       : Track Location for user internalUser7260
2022-10-02 23:12:34.109  INFO 75568 --- [    Test worker] tourGuide.service.TourGuideService       : Track Location for user internalUser8592
2022-10-02 23:12:34.109  INFO 75568 --- [    Test worker] tourGuide.service.TourGuideService       : Track Location for user internalUser8593
2022-10-02 23:12:34.109  INFO 75568 --- [    Test worker] tourGuide.service.TourGuideService       : Track Location for user internalUser657
2022-10-02 23:12:34.109  INFO 75568 --- [    Test worker] tourGuide.service.TourGuideService       : Track Location for user internalUser7262
2022-10-02 23:12:34.109  INFO 75568 --- [    Test worker] tourGuide.service.TourGuideService       : Track Location for user internalUser8590
2022-10-02 23:12:34.109  INFO 75568 --- [    Test worker] tourGuide.service.TourGuideService       : Track Location for user internalUser658
2022-10-02 23:12:34.109  INFO 75568 --- [    Test worker] tourGuide.service.TourGuideService       : Track Location for user internalUser7261
2022-10-02 23:12:34.109  INFO 75568 --- [    Test worker] tourGuide.service.TourGuideService       : Track Location for user internalUser8591
2022-10-02 23:12:34.109  INFO 75568 --- [    Test worker] tourGuide.service.TourGuideService       : Track Location for user internalUser7228
2022-10-02 23:12:34.109  INFO 75568 --- [pool-7-thread-1] tourGuide.service.TourGuideService       : Track Location for user internalUser2337
2022-10-02 23:12:34.109  INFO 75568 --- [    Test worker] tourGuide.service.TourGuideService       : Track Location for user internalUser7227
2022-10-02 23:12:34.109  INFO 75568 --- [pool-7-thread-1] tourGuide.service.TourGuideService       : Track Location for user internalUser1005
2022-10-02 23:12:34.109  INFO 75568 --- [    Test worker] tourGuide.service.TourGuideService       : Track Location for user internalUser8558
2022-10-02 23:12:34.109  INFO 75568 --- [    Test worker] tourGuide.service.TourGuideService       : Track Location for user internalUser9889
2022-10-02 23:12:34.109  INFO 75568 --- [    Test worker] tourGuide.service.TourGuideService       : Track Location for user internalUser7229
2022-10-02 23:12:34.109  INFO 75568 --- [    Test worker] tourGuide.service.TourGuideService       : Track Location for user internalUser8559
2022-10-02 23:12:34.109  INFO 75568 --- [    Test worker] tourGuide.service.TourGuideService       : Track Location for user internalUser666
2022-10-02 23:12:34.109  INFO 75568 --- [pool-7-thread-1] tourGuide.service.TourGuideService       : Track Location for user internalUser2336
2022-10-02 23:12:34.109  INFO 75568 --- [    Test worker] tourGuide.service.TourGuideService       : Track Location for user internalUser7220
2022-10-02 23:12:34.109  INFO 75568 --- [pool-7-thread-1] tourGuide.service.TourGuideService       : Track Location for user internalUser1004
2022-10-02 23:12:34.109  INFO 75568 --- [    Test worker] tourGuide.service.TourGuideService       : Track Location for user internalUser8552
2022-10-02 23:12:34.109  INFO 75568 --- [pool-7-thread-1] tourGuide.service.TourGuideService       : Track Location for user internalUser2335
2022-10-02 23:12:34.109  INFO 75568 --- [    Test worker] tourGuide.service.TourGuideService       : Track Location for user internalUser9883
2022-10-02 23:12:34.109  INFO 75568 --- [pool-7-thread-1] tourGuide.service.TourGuideService       : Track Location for user internalUser4990
2022-10-02 23:12:34.109  INFO 75568 --- [    Test worker] tourGuide.service.TourGuideService       : Track Location for user internalUser667
2022-10-02 23:12:34.109  INFO 75568 --- [pool-7-thread-1] tourGuide.service.TourGuideService       : Track Location for user internalUser1003
2022-10-02 23:12:34.109  INFO 75568 --- [    Test worker] tourGuide.service.TourGuideService       : Track Location for user internalUser8553
2022-10-02 23:12:34.109  INFO 75568 --- [pool-7-thread-1] tourGuide.service.TourGuideService       : Track Location for user internalUser2334
2022-10-02 23:12:34.109  INFO 75568 --- [    Test worker] tourGuide.service.TourGuideService       : Track Location for user internalUser9884
2022-10-02 23:12:34.109  INFO 75568 --- [pool-7-thread-1] tourGuide.service.TourGuideService       : Track Location for user internalUser3660
2022-10-02 23:12:34.109  INFO 75568 --- [pool-7-thread-1] tourGuide.service.TourGuideService       : Track Location for user internalUser4991
2022-10-02 23:12:34.109  INFO 75568 --- [    Test worker] tourGuide.service.TourGuideService       : Track Location for user internalUser664
2022-10-02 23:12:34.110  INFO 75568 --- [pool-7-thread-1] tourGuide.service.TourGuideService       : Track Location for user internalUser1002
2022-10-02 23:12:34.110  INFO 75568 --- [    Test worker] tourGuide.service.TourGuideService       : Track Location for user internalUser7222
2022-10-02 23:12:34.110  INFO 75568 --- [pool-7-thread-1] tourGuide.service.TourGuideService       : Track Location for user internalUser2333
2022-10-02 23:12:34.110  INFO 75568 --- [    Test worker] tourGuide.service.TourGuideService       : Track Location for user internalUser8550
2022-10-02 23:12:34.110  INFO 75568 --- [pool-7-thread-1] tourGuide.service.TourGuideService       : Track Location for user internalUser3661
2022-10-02 23:12:34.110  INFO 75568 --- [    Test worker] tourGuide.service.TourGuideService       : Track Location for user internalUser9881
2022-10-02 23:12:34.110  INFO 75568 --- [pool-7-thread-1] tourGuide.service.TourGuideService       : Track Location for user internalUser4992
2022-10-02 23:12:34.110  INFO 75568 --- [    Test worker] tourGuide.service.TourGuideService       : Track Location for user internalUser665
2022-10-02 23:12:34.110  INFO 75568 --- [    Test worker] tourGuide.service.TourGuideService       : Track Location for user internalUser7221
2022-10-02 23:12:34.110  INFO 75568 --- [    Test worker] tourGuide.service.TourGuideService       : Track Location for user internalUser8551
2022-10-02 23:12:34.110  INFO 75568 --- [pool-7-thread-1] tourGuide.service.TourGuideService       : Track Location for user internalUser1001
2022-10-02 23:12:34.110  INFO 75568 --- [    Test worker] tourGuide.service.TourGuideService       : Track Location for user internalUser9882
2022-10-02 23:12:34.110  INFO 75568 --- [pool-7-thread-1] tourGuide.service.TourGuideService       : Track Location for user internalUser2332
2022-10-02 23:12:34.110  INFO 75568 --- [    Test worker] tourGuide.service.TourGuideService       : Track Location for user internalUser662
2022-10-02 23:12:34.110  INFO 75568 --- [pool-7-thread-1] tourGuide.service.TourGuideService       : Track Location for user internalUser3662
2022-10-02 23:12:34.110  INFO 75568 --- [    Test worker] tourGuide.service.TourGuideService       : Track Location for user internalUser7224
2022-10-02 23:12:34.110  INFO 75568 --- [pool-7-thread-1] tourGuide.service.TourGuideService       : Track Location for user internalUser4993
2022-10-02 23:12:34.110  INFO 75568 --- [    Test worker] tourGuide.service.TourGuideService       : Track Location for user internalUser8556
2022-10-02 23:12:34.110  INFO 75568 --- [pool-7-thread-1] tourGuide.service.TourGuideService       : Track Location for user internalUser1009
2022-10-02 23:12:34.110  INFO 75568 --- [    Test worker] tourGuide.service.TourGuideService       : Track Location for user internalUser9887
2022-10-02 23:12:34.110  INFO 75568 --- [pool-7-thread-1] tourGuide.service.TourGuideService       : Track Location for user internalUser1011
2022-10-02 23:12:34.110  INFO 75568 --- [    Test worker] tourGuide.service.TourGuideService       : Track Location for user internalUser663
2022-10-02 23:12:34.110  INFO 75568 --- [pool-7-thread-1] tourGuide.service.TourGuideService       : Track Location for user internalUser2342
2022-10-02 23:12:34.110  INFO 75568 --- [    Test worker] tourGuide.service.TourGuideService       : Track Location for user internalUser7223
2022-10-02 23:12:34.110  INFO 75568 --- [    Test worker] tourGuide.service.TourGuideService       : Track Location for user internalUser8557
2022-10-02 23:12:34.110  INFO 75568 --- [    Test worker] tourGuide.service.TourGuideService       : Track Location for user internalUser9888
2022-10-02 23:12:34.110  INFO 75568 --- [pool-7-thread-1] tourGuide.service.TourGuideService       : Track Location for user internalUser3674
2022-10-02 23:12:34.110  INFO 75568 --- [    Test worker] tourGuide.service.TourGuideService       : Track Location for user internalUser660
2022-10-02 23:12:34.110  INFO 75568 --- [    Test worker] tourGuide.service.TourGuideService       : Track Location for user internalUser7226
2022-10-02 23:12:34.110  INFO 75568 --- [    Test worker] tourGuide.service.TourGuideService       : Track Location for user internalUser8554
2022-10-02 23:12:34.110  INFO 75568 --- [pool-7-thread-1] tourGuide.service.TourGuideService       : Track Location for user internalUser1010
2022-10-02 23:12:34.110  INFO 75568 --- [    Test worker] tourGuide.service.TourGuideService       : Track Location for user internalUser9885
2022-10-02 23:12:34.110  INFO 75568 --- [pool-7-thread-1] tourGuide.service.TourGuideService       : Track Location for user internalUser2341
2022-10-02 23:12:34.110  INFO 75568 --- [    Test worker] tourGuide.service.TourGuideService       : Track Location for user internalUser661
2022-10-02 23:12:34.110  INFO 75568 --- [pool-7-thread-1] tourGuide.service.TourGuideService       : Track Location for user internalUser3675
2022-10-02 23:12:34.110  INFO 75568 --- [    Test worker] tourGuide.service.TourGuideService       : Track Location for user internalUser7225
2022-10-02 23:12:34.110  INFO 75568 --- [pool-7-thread-1] tourGuide.service.TourGuideService       : Track Location for user internalUser2340
2022-10-02 23:12:34.110  INFO 75568 --- [    Test worker] tourGuide.service.TourGuideService       : Track Location for user internalUser8555
2022-10-02 23:12:34.110  INFO 75568 --- [pool-7-thread-1] tourGuide.service.TourGuideService       : Track Location for user internalUser3676
2022-10-02 23:12:34.110  INFO 75568 --- [    Test worker] tourGuide.service.TourGuideService       : Track Location for user internalUser9886
2022-10-02 23:12:34.110  INFO 75568 --- [    Test worker] tourGuide.service.TourGuideService       : Track Location for user internalUser9890
2022-10-02 23:12:34.110  INFO 75568 --- [    Test worker] tourGuide.service.TourGuideService       : Track Location for user internalUser8560
2022-10-02 23:12:34.110  INFO 75568 --- [    Test worker] tourGuide.service.TourGuideService       : Track Location for user internalUser9891
2022-10-02 23:12:34.110  INFO 75568 --- [    Test worker] tourGuide.service.TourGuideService       : Track Location for user internalUser668
2022-10-02 23:12:34.110  INFO 75568 --- [pool-7-thread-1] tourGuide.service.TourGuideService       : Track Location for user internalUser3677
2022-10-02 23:12:34.110  INFO 75568 --- [    Test worker] tourGuide.service.TourGuideService       : Track Location for user internalUser669
2022-10-02 23:12:34.110  INFO 75568 --- [pool-7-thread-1] tourGuide.service.TourGuideService       : Track Location for user internalUser3678
2022-10-02 23:12:34.110  INFO 75568 --- [    Test worker] tourGuide.service.TourGuideService       : Track Location for user internalUser7239
2022-10-02 23:12:34.110  INFO 75568 --- [pool-7-thread-1] tourGuide.service.TourGuideService       : Track Location for user internalUser3679
2022-10-02 23:12:34.110  INFO 75568 --- [    Test worker] tourGuide.service.TourGuideService       : Track Location for user internalUser670
2022-10-02 23:12:34.110  INFO 75568 --- [pool-7-thread-1] tourGuide.service.TourGuideService       : Track Location for user internalUser1019
2022-10-02 23:12:34.110  INFO 75568 --- [    Test worker] tourGuide.service.TourGuideService       : Track Location for user internalUser7238
2022-10-02 23:12:34.110  INFO 75568 --- [pool-7-thread-1] tourGuide.service.TourGuideService       : Track Location for user internalUser1018
2022-10-02 23:12:34.110  INFO 75568 --- [    Test worker] tourGuide.service.TourGuideService       : Track Location for user internalUser8569
2022-10-02 23:12:34.110  INFO 75568 --- [pool-7-thread-1] tourGuide.service.TourGuideService       : Track Location for user internalUser2349
2022-10-02 23:12:34.110  INFO 75568 --- [    Test worker] tourGuide.service.TourGuideService       : Track Location for user internalUser677
2022-10-02 23:12:34.110  INFO 75568 --- [pool-7-thread-1] tourGuide.service.TourGuideService       : Track Location for user internalUser1017
2022-10-02 23:12:34.110  INFO 75568 --- [    Test worker] tourGuide.service.TourGuideService       : Track Location for user internalUser7231
2022-10-02 23:12:34.110  INFO 75568 --- [pool-7-thread-1] tourGuide.service.TourGuideService       : Track Location for user internalUser2348
2022-10-02 23:12:34.110  INFO 75568 --- [    Test worker] tourGuide.service.TourGuideService       : Track Location for user internalUser8563
2022-10-02 23:12:34.110  INFO 75568 --- [pool-7-thread-1] tourGuide.service.TourGuideService       : Track Location for user internalUser1016
2022-10-02 23:12:34.110  INFO 75568 --- [    Test worker] tourGuide.service.TourGuideService       : Track Location for user internalUser9894
2022-10-02 23:12:34.110  INFO 75568 --- [    Test worker] tourGuide.service.TourGuideService       : Track Location for user internalUser678
2022-10-02 23:12:34.110  INFO 75568 --- [    Test worker] tourGuide.service.TourGuideService       : Track Location for user internalUser7230
2022-10-02 23:12:34.110  INFO 75568 --- [    Test worker] tourGuide.service.TourGuideService       : Track Location for user internalUser8564
2022-10-02 23:12:34.110  INFO 75568 --- [    Test worker] tourGuide.service.TourGuideService       : Track Location for user internalUser9895
2022-10-02 23:12:34.110  INFO 75568 --- [    Test worker] tourGuide.service.TourGuideService       : Track Location for user internalUser675
2022-10-02 23:12:34.110  INFO 75568 --- [    Test worker] tourGuide.service.TourGuideService       : Track Location for user internalUser7233
2022-10-02 23:12:34.110  INFO 75568 --- [    Test worker] tourGuide.service.TourGuideService       : Track Location for user internalUser8561
2022-10-02 23:12:34.110  INFO 75568 --- [    Test worker] tourGuide.service.TourGuideService       : Track Location for user internalUser9892
2022-10-02 23:12:34.110  INFO 75568 --- [    Test worker] tourGuide.service.TourGuideService       : Track Location for user internalUser676
2022-10-02 23:12:34.110  INFO 75568 --- [    Test worker] tourGuide.service.TourGuideService       : Track Location for user internalUser7232
2022-10-02 23:12:34.110  INFO 75568 --- [    Test worker] tourGuide.service.TourGuideService       : Track Location for user internalUser8562
2022-10-02 23:12:34.110  INFO 75568 --- [    Test worker] tourGuide.service.TourGuideService       : Track Location for user internalUser9893
2022-10-02 23:12:34.110  INFO 75568 --- [pool-7-thread-1] tourGuide.service.TourGuideService       : Track Location for user internalUser2347
2022-10-02 23:12:34.110  INFO 75568 --- [    Test worker] tourGuide.service.TourGuideService       : Track Location for user internalUser673
2022-10-02 23:12:34.110  INFO 75568 --- [pool-7-thread-1] tourGuide.service.TourGuideService       : Track Location for user internalUser1015
2022-10-02 23:12:34.110  INFO 75568 --- [    Test worker] tourGuide.service.TourGuideService       : Track Location for user internalUser7235
2022-10-02 23:12:34.110  INFO 75568 --- [pool-7-thread-1] tourGuide.service.TourGuideService       : Track Location for user internalUser2346
2022-10-02 23:12:34.110  INFO 75568 --- [    Test worker] tourGuide.service.TourGuideService       : Track Location for user internalUser8567
2022-10-02 23:12:34.110  INFO 75568 --- [pool-7-thread-1] tourGuide.service.TourGuideService       : Track Location for user internalUser3670
2022-10-02 23:12:34.110  INFO 75568 --- [    Test worker] tourGuide.service.TourGuideService       : Track Location for user internalUser9898
2022-10-02 23:12:34.110  INFO 75568 --- [pool-7-thread-1] tourGuide.service.TourGuideService       : Track Location for user internalUser1014
2022-10-02 23:12:34.110  INFO 75568 --- [    Test worker] tourGuide.service.TourGuideService       : Track Location for user internalUser674
2022-10-02 23:12:34.110  INFO 75568 --- [pool-7-thread-1] tourGuide.service.TourGuideService       : Track Location for user internalUser2345
2022-10-02 23:12:34.110  INFO 75568 --- [    Test worker] tourGuide.service.TourGuideService       : Track Location for user internalUser7234
2022-10-02 23:12:34.110  INFO 75568 --- [pool-7-thread-1] tourGuide.service.TourGuideService       : Track Location for user internalUser3671
2022-10-02 23:12:34.110  INFO 75568 --- [    Test worker] tourGuide.service.TourGuideService       : Track Location for user internalUser8568
2022-10-02 23:12:34.110  INFO 75568 --- [pool-7-thread-1] tourGuide.service.TourGuideService       : Track Location for user internalUser1013
2022-10-02 23:12:34.110  INFO 75568 --- [    Test worker] tourGuide.service.TourGuideService       : Track Location for user internalUser9899
2022-10-02 23:12:34.110  INFO 75568 --- [pool-7-thread-1] tourGuide.service.TourGuideService       : Track Location for user internalUser2344
2022-10-02 23:12:34.110  INFO 75568 --- [    Test worker] tourGuide.service.TourGuideService       : Track Location for user internalUser671
2022-10-02 23:12:34.110  INFO 75568 --- [pool-7-thread-1] tourGuide.service.TourGuideService       : Track Location for user internalUser3672
2022-10-02 23:12:34.110  INFO 75568 --- [    Test worker] tourGuide.service.TourGuideService       : Track Location for user internalUser7237
2022-10-02 23:12:34.110  INFO 75568 --- [pool-7-thread-1] tourGuide.service.TourGuideService       : Track Location for user internalUser1012
2022-10-02 23:12:34.110  INFO 75568 --- [    Test worker] tourGuide.service.TourGuideService       : Track Location for user internalUser8565
2022-10-02 23:12:34.110  INFO 75568 --- [pool-7-thread-1] tourGuide.service.TourGuideService       : Track Location for user internalUser2343
2022-10-02 23:12:34.110  INFO 75568 --- [    Test worker] tourGuide.service.TourGuideService       : Track Location for user internalUser9896
2022-10-02 23:12:34.110  INFO 75568 --- [pool-7-thread-1] tourGuide.service.TourGuideService       : Track Location for user internalUser3673
2022-10-02 23:12:34.110  INFO 75568 --- [    Test worker] tourGuide.service.TourGuideService       : Track Location for user internalUser672
2022-10-02 23:12:34.110  INFO 75568 --- [    Test worker] tourGuide.service.TourGuideService       : Track Location for user internalUser7236
2022-10-02 23:12:34.110  INFO 75568 --- [pool-7-thread-1] tourGuide.service.TourGuideService       : Track Location for user internalUser8255
2022-10-02 23:12:34.110  INFO 75568 --- [    Test worker] tourGuide.service.TourGuideService       : Track Location for user internalUser8566
2022-10-02 23:12:34.110  INFO 75568 --- [pool-7-thread-1] tourGuide.service.TourGuideService       : Track Location for user internalUser9586
2022-10-02 23:12:34.110  INFO 75568 --- [    Test worker] tourGuide.service.TourGuideService       : Track Location for user internalUser9897
2022-10-02 23:12:34.110  INFO 75568 --- [pool-7-thread-1] tourGuide.service.TourGuideService       : Track Location for user internalUser8256
2022-10-02 23:12:34.110  INFO 75568 --- [    Test worker] tourGuide.service.TourGuideService       : Track Location for user internalUser8570
2022-10-02 23:12:34.110  INFO 75568 --- [pool-7-thread-1] tourGuide.service.TourGuideService       : Track Location for user internalUser9587
2022-10-02 23:12:34.110  INFO 75568 --- [    Test worker] tourGuide.service.TourGuideService       : Track Location for user internalUser8571
2022-10-02 23:12:34.110  INFO 75568 --- [pool-7-thread-1] tourGuide.service.TourGuideService       : Track Location for user internalUser8253
2022-10-02 23:12:34.110  INFO 75568 --- [    Test worker] tourGuide.service.TourGuideService       : Track Location for user internalUser679
2022-10-02 23:12:34.110  INFO 75568 --- [pool-7-thread-1] tourGuide.service.TourGuideService       : Track Location for user internalUser9584
2022-10-02 23:12:34.110  INFO 75568 --- [    Test worker] tourGuide.service.TourGuideService       : Track Location for user internalUser7240
2022-10-02 23:12:34.110  INFO 75568 --- [pool-7-thread-1] tourGuide.service.TourGuideService       : Track Location for user internalUser8254
2022-10-02 23:12:34.110  INFO 75568 --- [    Test worker] tourGuide.service.TourGuideService       : Track Location for user internalUser1066
2022-10-02 23:12:34.110  INFO 75568 --- [pool-7-thread-1] tourGuide.service.TourGuideService       : Track Location for user internalUser9585
2022-10-02 23:12:34.110  INFO 75568 --- [    Test worker] tourGuide.service.TourGuideService       : Track Location for user internalUser2397
2022-10-02 23:12:34.110  INFO 75568 --- [pool-7-thread-1] tourGuide.service.TourGuideService       : Track Location for user internalUser8259
2022-10-02 23:12:34.110  INFO 75568 --- [pool-7-thread-1] tourGuide.service.TourGuideService       : Track Location for user internalUser8257
2022-10-02 23:12:34.110  INFO 75568 --- [    Test worker] tourGuide.service.TourGuideService       : Track Location for user internalUser1065
2022-10-02 23:12:34.110  INFO 75568 --- [pool-7-thread-1] tourGuide.service.TourGuideService       : Track Location for user internalUser9588
2022-10-02 23:12:34.110  INFO 75568 --- [    Test worker] tourGuide.service.TourGuideService       : Track Location for user internalUser2396
2022-10-02 23:12:34.110  INFO 75568 --- [pool-7-thread-1] tourGuide.service.TourGuideService       : Track Location for user internalUser8258
2022-10-02 23:12:34.110  INFO 75568 --- [    Test worker] tourGuide.service.TourGuideService       : Track Location for user internalUser1064
2022-10-02 23:12:34.110  INFO 75568 --- [pool-7-thread-1] tourGuide.service.TourGuideService       : Track Location for user internalUser9589
2022-10-02 23:12:34.110  INFO 75568 --- [    Test worker] tourGuide.service.TourGuideService       : Track Location for user internalUser2395
2022-10-02 23:12:34.110  INFO 75568 --- [pool-7-thread-1] tourGuide.service.TourGuideService       : Track Location for user internalUser9590
2022-10-02 23:12:34.110  INFO 75568 --- [    Test worker] tourGuide.service.TourGuideService       : Track Location for user internalUser1063
2022-10-02 23:12:34.110  INFO 75568 --- [pool-7-thread-1] tourGuide.service.TourGuideService       : Track Location for user internalUser8262
2022-10-02 23:12:34.110  INFO 75568 --- [    Test worker] tourGuide.service.TourGuideService       : Track Location for user internalUser2394
2022-10-02 23:12:34.110  INFO 75568 --- [pool-7-thread-1] tourGuide.service.TourGuideService       : Track Location for user internalUser9593
2022-10-02 23:12:34.110  INFO 75568 --- [    Test worker] tourGuide.service.TourGuideService       : Track Location for user internalUser1062
2022-10-02 23:12:34.110  INFO 75568 --- [pool-7-thread-1] tourGuide.service.TourGuideService       : Track Location for user internalUser8263
2022-10-02 23:12:34.110  INFO 75568 --- [    Test worker] tourGuide.service.TourGuideService       : Track Location for user internalUser2393
2022-10-02 23:12:34.110  INFO 75568 --- [pool-7-thread-1] tourGuide.service.TourGuideService       : Track Location for user internalUser9594
2022-10-02 23:12:34.110  INFO 75568 --- [    Test worker] tourGuide.service.TourGuideService       : Track Location for user internalUser1061
2022-10-02 23:12:34.110  INFO 75568 --- [pool-7-thread-1] tourGuide.service.TourGuideService       : Track Location for user internalUser8260
2022-10-02 23:12:34.110  INFO 75568 --- [    Test worker] tourGuide.service.TourGuideService       : Track Location for user internalUser2392
2022-10-02 23:12:34.110  INFO 75568 --- [pool-7-thread-1] tourGuide.service.TourGuideService       : Track Location for user internalUser9591
2022-10-02 23:12:34.110  INFO 75568 --- [    Test worker] tourGuide.service.TourGuideService       : Track Location for user internalUser1060
2022-10-02 23:12:34.110  INFO 75568 --- [pool-7-thread-1] tourGuide.service.TourGuideService       : Track Location for user internalUser8261
2022-10-02 23:12:34.110  INFO 75568 --- [    Test worker] tourGuide.service.TourGuideService       : Track Location for user internalUser2391
2022-10-02 23:12:34.110  INFO 75568 --- [pool-7-thread-1] tourGuide.service.TourGuideService       : Track Location for user internalUser9592
2022-10-02 23:12:34.110  INFO 75568 --- [pool-7-thread-1] tourGuide.service.TourGuideService       : Track Location for user internalUser8266
2022-10-02 23:12:34.110  INFO 75568 --- [pool-7-thread-1] tourGuide.service.TourGuideService       : Track Location for user internalUser9597
2022-10-02 23:12:34.110  INFO 75568 --- [    Test worker] tourGuide.service.TourGuideService       : Track Location for user internalUser2390
2022-10-02 23:12:34.110  INFO 75568 --- [pool-7-thread-1] tourGuide.service.TourGuideService       : Track Location for user internalUser8267
2022-10-02 23:12:34.110  INFO 75568 --- [    Test worker] tourGuide.service.TourGuideService       : Track Location for user internalUser721
2022-10-02 23:12:34.110  INFO 75568 --- [pool-7-thread-1] tourGuide.service.TourGuideService       : Track Location for user internalUser9598
2022-10-02 23:12:34.110  INFO 75568 --- [    Test worker] tourGuide.service.TourGuideService       : Track Location for user internalUser722
2022-10-02 23:12:34.110  INFO 75568 --- [pool-7-thread-1] tourGuide.service.TourGuideService       : Track Location for user internalUser8264
2022-10-02 23:12:34.110  INFO 75568 --- [    Test worker] tourGuide.service.TourGuideService       : Track Location for user internalUser720
2022-10-02 23:12:34.110  INFO 75568 --- [pool-7-thread-1] tourGuide.service.TourGuideService       : Track Location for user internalUser9595
2022-10-02 23:12:34.110  INFO 75568 --- [    Test worker] tourGuide.service.TourGuideService       : Track Location for user internalUser1069
2022-10-02 23:12:34.110  INFO 75568 --- [pool-7-thread-1] tourGuide.service.TourGuideService       : Track Location for user internalUser8265
2022-10-02 23:12:34.110  INFO 75568 --- [    Test worker] tourGuide.service.TourGuideService       : Track Location for user internalUser1068
2022-10-02 23:12:34.110  INFO 75568 --- [pool-7-thread-1] tourGuide.service.TourGuideService       : Track Location for user internalUser9596
2022-10-02 23:12:34.110  INFO 75568 --- [    Test worker] tourGuide.service.TourGuideService       : Track Location for user internalUser2399
2022-10-02 23:12:34.110  INFO 75568 --- [pool-7-thread-1] tourGuide.service.TourGuideService       : Track Location for user internalUser8268
2022-10-02 23:12:34.110  INFO 75568 --- [    Test worker] tourGuide.service.TourGuideService       : Track Location for user internalUser1067
2022-10-02 23:12:34.110  INFO 75568 --- [pool-7-thread-1] tourGuide.service.TourGuideService       : Track Location for user internalUser9599
2022-10-02 23:12:34.110  INFO 75568 --- [    Test worker] tourGuide.service.TourGuideService       : Track Location for user internalUser2398
2022-10-02 23:12:34.110  INFO 75568 --- [pool-7-thread-1] tourGuide.service.TourGuideService       : Track Location for user internalUser8269
2022-10-02 23:12:34.110  INFO 75568 --- [    Test worker] tourGuide.service.TourGuideService       : Track Location for user internalUser729
2022-10-02 23:12:34.110  INFO 75568 --- [pool-7-thread-1] tourGuide.service.TourGuideService       : Track Location for user internalUser8270
2022-10-02 23:12:34.110  INFO 75568 --- [    Test worker] tourGuide.service.TourGuideService       : Track Location for user internalUser727
2022-10-02 23:12:34.110  INFO 75568 --- [pool-7-thread-1] tourGuide.service.TourGuideService       : Track Location for user internalUser8273
2022-10-02 23:12:34.110  INFO 75568 --- [    Test worker] tourGuide.service.TourGuideService       : Track Location for user internalUser728
2022-10-02 23:12:34.110  INFO 75568 --- [pool-7-thread-1] tourGuide.service.TourGuideService       : Track Location for user internalUser8274
2022-10-02 23:12:34.110  INFO 75568 --- [    Test worker] tourGuide.service.TourGuideService       : Track Location for user internalUser725
2022-10-02 23:12:34.110  INFO 75568 --- [    Test worker] tourGuide.service.TourGuideService       : Track Location for user internalUser726
2022-10-02 23:12:34.110  INFO 75568 --- [pool-7-thread-1] tourGuide.service.TourGuideService       : Track Location for user internalUser8271
2022-10-02 23:12:34.110  INFO 75568 --- [pool-7-thread-1] tourGuide.service.TourGuideService       : Track Location for user internalUser8272
2022-10-02 23:12:34.110  INFO 75568 --- [pool-7-thread-1] tourGuide.service.TourGuideService       : Track Location for user internalUser8239
2022-10-02 23:12:34.110  INFO 75568 --- [    Test worker] tourGuide.service.TourGuideService       : Track Location for user internalUser723
2022-10-02 23:12:34.110  INFO 75568 --- [pool-7-thread-1] tourGuide.service.TourGuideService       : Track Location for user internalUser8233
2022-10-02 23:12:34.110  INFO 75568 --- [pool-7-thread-1] tourGuide.service.TourGuideService       : Track Location for user internalUser9564
2022-10-02 23:12:34.110  INFO 75568 --- [    Test worker] tourGuide.service.TourGuideService       : Track Location for user internalUser724
2022-10-02 23:12:34.110  INFO 75568 --- [pool-7-thread-1] tourGuide.service.TourGuideService       : Track Location for user internalUser8234
2022-10-02 23:12:34.110  INFO 75568 --- [    Test worker] tourGuide.service.TourGuideService       : Track Location for user internalUser1077
2022-10-02 23:12:34.110  INFO 75568 --- [pool-7-thread-1] tourGuide.service.TourGuideService       : Track Location for user internalUser9565
2022-10-02 23:12:34.110  INFO 75568 --- [    Test worker] tourGuide.service.TourGuideService       : Track Location for user internalUser1076
2022-10-02 23:12:34.111  INFO 75568 --- [pool-7-thread-1] tourGuide.service.TourGuideService       : Track Location for user internalUser8231
2022-10-02 23:12:34.111  INFO 75568 --- [    Test worker] tourGuide.service.TourGuideService       : Track Location for user internalUser1075
2022-10-02 23:12:34.111  INFO 75568 --- [pool-7-thread-1] tourGuide.service.TourGuideService       : Track Location for user internalUser9562
2022-10-02 23:12:34.111  INFO 75568 --- [    Test worker] tourGuide.service.TourGuideService       : Track Location for user internalUser1074
2022-10-02 23:12:34.111  INFO 75568 --- [pool-7-thread-1] tourGuide.service.TourGuideService       : Track Location for user internalUser8232
2022-10-02 23:12:34.111  INFO 75568 --- [pool-7-thread-1] tourGuide.service.TourGuideService       : Track Location for user internalUser9563
2022-10-02 23:12:34.111  INFO 75568 --- [pool-7-thread-1] tourGuide.service.TourGuideService       : Track Location for user internalUser8237
2022-10-02 23:12:34.111  INFO 75568 --- [    Test worker] tourGuide.service.TourGuideService       : Track Location for user internalUser1073
2022-10-02 23:12:34.111  INFO 75568 --- [pool-7-thread-1] tourGuide.service.TourGuideService       : Track Location for user internalUser9568
2022-10-02 23:12:34.111  INFO 75568 --- [    Test worker] tourGuide.service.TourGuideService       : Track Location for user internalUser1072
2022-10-02 23:12:34.111  INFO 75568 --- [pool-7-thread-1] tourGuide.service.TourGuideService       : Track Location for user internalUser8238
2022-10-02 23:12:34.111  INFO 75568 --- [    Test worker] tourGuide.service.TourGuideService       : Track Location for user internalUser1071
2022-10-02 23:12:34.111  INFO 75568 --- [pool-7-thread-1] tourGuide.service.TourGuideService       : Track Location for user internalUser9569
2022-10-02 23:12:34.111  INFO 75568 --- [    Test worker] tourGuide.service.TourGuideService       : Track Location for user internalUser1070
2022-10-02 23:12:34.111  INFO 75568 --- [pool-7-thread-1] tourGuide.service.TourGuideService       : Track Location for user internalUser8235
2022-10-02 23:12:34.111  INFO 75568 --- [    Test worker] tourGuide.service.TourGuideService       : Track Location for user internalUser732
2022-10-02 23:12:34.111  INFO 75568 --- [pool-7-thread-1] tourGuide.service.TourGuideService       : Track Location for user internalUser9566
2022-10-02 23:12:34.111  INFO 75568 --- [    Test worker] tourGuide.service.TourGuideService       : Track Location for user internalUser733
2022-10-02 23:12:34.111  INFO 75568 --- [pool-7-thread-1] tourGuide.service.TourGuideService       : Track Location for user internalUser8236
2022-10-02 23:12:34.111  INFO 75568 --- [    Test worker] tourGuide.service.TourGuideService       : Track Location for user internalUser730
2022-10-02 23:12:34.111  INFO 75568 --- [pool-7-thread-1] tourGuide.service.TourGuideService       : Track Location for user internalUser9567
2022-10-02 23:12:34.111  INFO 75568 --- [    Test worker] tourGuide.service.TourGuideService       : Track Location for user internalUser731
2022-10-02 23:12:34.111  INFO 75568 --- [pool-7-thread-1] tourGuide.service.TourGuideService       : Track Location for user internalUser8240
2022-10-02 23:12:34.111  INFO 75568 --- [pool-7-thread-1] tourGuide.service.TourGuideService       : Track Location for user internalUser9571
2022-10-02 23:12:34.111  INFO 75568 --- [    Test worker] tourGuide.service.TourGuideService       : Track Location for user internalUser1079
2022-10-02 23:12:34.111  INFO 75568 --- [pool-7-thread-1] tourGuide.service.TourGuideService       : Track Location for user internalUser8241
2022-10-02 23:12:34.111  INFO 75568 --- [    Test worker] tourGuide.service.TourGuideService       : Track Location for user internalUser1078
2022-10-02 23:12:34.111  INFO 75568 --- [pool-7-thread-1] tourGuide.service.TourGuideService       : Track Location for user internalUser9572
2022-10-02 23:12:34.111  INFO 75568 --- [    Test worker] tourGuide.service.TourGuideService       : Track Location for user internalUser738
2022-10-02 23:12:34.111  INFO 75568 --- [    Test worker] tourGuide.service.TourGuideService       : Track Location for user internalUser739
2022-10-02 23:12:34.111  INFO 75568 --- [    Test worker] tourGuide.service.TourGuideService       : Track Location for user internalUser736
2022-10-02 23:12:34.111  INFO 75568 --- [pool-7-thread-1] tourGuide.service.TourGuideService       : Track Location for user internalUser9570
2022-10-02 23:12:34.111  INFO 75568 --- [    Test worker] tourGuide.service.TourGuideService       : Track Location for user internalUser737
2022-10-02 23:12:34.111  INFO 75568 --- [pool-7-thread-1] tourGuide.service.TourGuideService       : Track Location for user internalUser8244
2022-10-02 23:12:34.111  INFO 75568 --- [    Test worker] tourGuide.service.TourGuideService       : Track Location for user internalUser734
2022-10-02 23:12:34.111  INFO 75568 --- [    Test worker] tourGuide.service.TourGuideService       : Track Location for user internalUser735
2022-10-02 23:12:34.111  INFO 75568 --- [    Test worker] tourGuide.service.TourGuideService       : Track Location for user internalUser1080
2022-10-02 23:12:34.111  INFO 75568 --- [    Test worker] tourGuide.service.TourGuideService       : Track Location for user internalUser1044
2022-10-02 23:12:34.111  INFO 75568 --- [pool-7-thread-1] tourGuide.service.TourGuideService       : Track Location for user internalUser9575
2022-10-02 23:12:34.111  INFO 75568 --- [pool-7-thread-1] tourGuide.service.TourGuideService       : Track Location for user internalUser8245
2022-10-02 23:12:34.111  INFO 75568 --- [pool-7-thread-1] tourGuide.service.TourGuideService       : Track Location for user internalUser9576
2022-10-02 23:12:34.111  INFO 75568 --- [pool-7-thread-1] tourGuide.service.TourGuideService       : Track Location for user internalUser8242
2022-10-02 23:12:34.111  INFO 75568 --- [pool-7-thread-1] tourGuide.service.TourGuideService       : Track Location for user internalUser9573
2022-10-02 23:12:34.111  INFO 75568 --- [    Test worker] tourGuide.service.TourGuideService       : Track Location for user internalUser2375
2022-10-02 23:12:34.111  INFO 75568 --- [pool-7-thread-1] tourGuide.service.TourGuideService       : Track Location for user internalUser8243
2022-10-02 23:12:34.111  INFO 75568 --- [    Test worker] tourGuide.service.TourGuideService       : Track Location for user internalUser1043
2022-10-02 23:12:34.111  INFO 75568 --- [pool-7-thread-1] tourGuide.service.TourGuideService       : Track Location for user internalUser9574
2022-10-02 23:12:34.111  INFO 75568 --- [    Test worker] tourGuide.service.TourGuideService       : Track Location for user internalUser2374
2022-10-02 23:12:34.111  INFO 75568 --- [pool-7-thread-1] tourGuide.service.TourGuideService       : Track Location for user internalUser8248
2022-10-02 23:12:34.111  INFO 75568 --- [    Test worker] tourGuide.service.TourGuideService       : Track Location for user internalUser1042
2022-10-02 23:12:34.111  INFO 75568 --- [pool-7-thread-1] tourGuide.service.TourGuideService       : Track Location for user internalUser9579
2022-10-02 23:12:34.111  INFO 75568 --- [    Test worker] tourGuide.service.TourGuideService       : Track Location for user internalUser2373
2022-10-02 23:12:34.111  INFO 75568 --- [pool-7-thread-1] tourGuide.service.TourGuideService       : Track Location for user internalUser8249
2022-10-02 23:12:34.111  INFO 75568 --- [    Test worker] tourGuide.service.TourGuideService       : Track Location for user internalUser1041
2022-10-02 23:12:34.111  INFO 75568 --- [pool-7-thread-1] tourGuide.service.TourGuideService       : Track Location for user internalUser8246
2022-10-02 23:12:34.111  INFO 75568 --- [    Test worker] tourGuide.service.TourGuideService       : Track Location for user internalUser2372
2022-10-02 23:12:34.111  INFO 75568 --- [pool-7-thread-1] tourGuide.service.TourGuideService       : Track Location for user internalUser9577
2022-10-02 23:12:34.111  INFO 75568 --- [    Test worker] tourGuide.service.TourGuideService       : Track Location for user internalUser1040
2022-10-02 23:12:34.111  INFO 75568 --- [pool-7-thread-1] tourGuide.service.TourGuideService       : Track Location for user internalUser8247
2022-10-02 23:12:34.111  INFO 75568 --- [    Test worker] tourGuide.service.TourGuideService       : Track Location for user internalUser2371
2022-10-02 23:12:34.111  INFO 75568 --- [pool-7-thread-1] tourGuide.service.TourGuideService       : Track Location for user internalUser9578
2022-10-02 23:12:34.111  INFO 75568 --- [    Test worker] tourGuide.service.TourGuideService       : Track Location for user internalUser2370
2022-10-02 23:12:34.111  INFO 75568 --- [    Test worker] tourGuide.service.TourGuideService       : Track Location for user internalUser743
2022-10-02 23:12:34.111  INFO 75568 --- [pool-7-thread-1] tourGuide.service.TourGuideService       : Track Location for user internalUser8251
2022-10-02 23:12:34.111  INFO 75568 --- [    Test worker] tourGuide.service.TourGuideService       : Track Location for user internalUser744
2022-10-02 23:12:34.111  INFO 75568 --- [    Test worker] tourGuide.service.TourGuideService       : Track Location for user internalUser741
2022-10-02 23:12:34.111  INFO 75568 --- [pool-7-thread-1] tourGuide.service.TourGuideService       : Track Location for user internalUser9582
2022-10-02 23:12:34.111  INFO 75568 --- [    Test worker] tourGuide.service.TourGuideService       : Track Location for user internalUser742
2022-10-02 23:12:34.111  INFO 75568 --- [    Test worker] tourGuide.service.TourGuideService       : Track Location for user internalUser1049
2022-10-02 23:12:34.111  INFO 75568 --- [pool-7-thread-1] tourGuide.service.TourGuideService       : Track Location for user internalUser8252
2022-10-02 23:12:34.111  INFO 75568 --- [    Test worker] tourGuide.service.TourGuideService       : Track Location for user internalUser1048
2022-10-02 23:12:34.111  INFO 75568 --- [pool-7-thread-1] tourGuide.service.TourGuideService       : Track Location for user internalUser9583
2022-10-02 23:12:34.111  INFO 75568 --- [    Test worker] tourGuide.service.TourGuideService       : Track Location for user internalUser2379
2022-10-02 23:12:34.111  INFO 75568 --- [pool-7-thread-1] tourGuide.service.TourGuideService       : Track Location for user internalUser9580
2022-10-02 23:12:34.111  INFO 75568 --- [    Test worker] tourGuide.service.TourGuideService       : Track Location for user internalUser740
2022-10-02 23:12:34.111  INFO 75568 --- [pool-7-thread-1] tourGuide.service.TourGuideService       : Track Location for user internalUser8250
2022-10-02 23:12:34.111  INFO 75568 --- [    Test worker] tourGuide.service.TourGuideService       : Track Location for user internalUser1047
2022-10-02 23:12:34.111  INFO 75568 --- [pool-7-thread-1] tourGuide.service.TourGuideService       : Track Location for user internalUser9581
2022-10-02 23:12:34.111  INFO 75568 --- [    Test worker] tourGuide.service.TourGuideService       : Track Location for user internalUser2378
2022-10-02 23:12:34.111  INFO 75568 --- [pool-7-thread-1] tourGuide.service.TourGuideService       : Track Location for user internalUser8299
2022-10-02 23:12:34.111  INFO 75568 --- [    Test worker] tourGuide.service.TourGuideService       : Track Location for user internalUser1046
2022-10-02 23:12:34.111  INFO 75568 --- [pool-7-thread-1] tourGuide.service.TourGuideService       : Track Location for user internalUser8297
2022-10-02 23:12:34.111  INFO 75568 --- [    Test worker] tourGuide.service.TourGuideService       : Track Location for user internalUser2377
2022-10-02 23:12:34.111  INFO 75568 --- [pool-7-thread-1] tourGuide.service.TourGuideService       : Track Location for user internalUser8298
2022-10-02 23:12:34.111  INFO 75568 --- [    Test worker] tourGuide.service.TourGuideService       : Track Location for user internalUser1045
2022-10-02 23:12:34.111  INFO 75568 --- [pool-7-thread-1] tourGuide.service.TourGuideService       : Track Location for user internalUser4700
2022-10-02 23:12:34.111  INFO 75568 --- [    Test worker] tourGuide.service.TourGuideService       : Track Location for user internalUser2376
2022-10-02 23:12:34.111  INFO 75568 --- [pool-7-thread-1] tourGuide.service.TourGuideService       : Track Location for user internalUser4701
2022-10-02 23:12:34.111  INFO 75568 --- [    Test worker] tourGuide.service.TourGuideService       : Track Location for user internalUser749
2022-10-02 23:12:34.111  INFO 75568 --- [pool-7-thread-1] tourGuide.service.TourGuideService       : Track Location for user internalUser4702
2022-10-02 23:12:34.111  INFO 75568 --- [    Test worker] tourGuide.service.TourGuideService       : Track Location for user internalUser747
2022-10-02 23:12:34.111  INFO 75568 --- [pool-7-thread-1] tourGuide.service.TourGuideService       : Track Location for user internalUser4703
2022-10-02 23:12:34.111  INFO 75568 --- [    Test worker] tourGuide.service.TourGuideService       : Track Location for user internalUser748
2022-10-02 23:12:34.111  INFO 75568 --- [pool-7-thread-1] tourGuide.service.TourGuideService       : Track Location for user internalUser4704
2022-10-02 23:12:34.111  INFO 75568 --- [    Test worker] tourGuide.service.TourGuideService       : Track Location for user internalUser745
2022-10-02 23:12:34.111  INFO 75568 --- [pool-7-thread-1] tourGuide.service.TourGuideService       : Track Location for user internalUser4705
2022-10-02 23:12:34.111  INFO 75568 --- [    Test worker] tourGuide.service.TourGuideService       : Track Location for user internalUser746
2022-10-02 23:12:34.111  INFO 75568 --- [pool-7-thread-1] tourGuide.service.TourGuideService       : Track Location for user internalUser4706
2022-10-02 23:12:34.111  INFO 75568 --- [    Test worker] tourGuide.service.TourGuideService       : Track Location for user internalUser1055
2022-10-02 23:12:34.111  INFO 75568 --- [pool-7-thread-1] tourGuide.service.TourGuideService       : Track Location for user internalUser4707
2022-10-02 23:12:34.111  INFO 75568 --- [    Test worker] tourGuide.service.TourGuideService       : Track Location for user internalUser2386
2022-10-02 23:12:34.111  INFO 75568 --- [pool-7-thread-1] tourGuide.service.TourGuideService       : Track Location for user internalUser4708
2022-10-02 23:12:34.111  INFO 75568 --- [    Test worker] tourGuide.service.TourGuideService       : Track Location for user internalUser1054
2022-10-02 23:12:34.111  INFO 75568 --- [pool-7-thread-1] tourGuide.service.TourGuideService       : Track Location for user internalUser4709
2022-10-02 23:12:34.111  INFO 75568 --- [    Test worker] tourGuide.service.TourGuideService       : Track Location for user internalUser2385
2022-10-02 23:12:34.111  INFO 75568 --- [pool-7-thread-1] tourGuide.service.TourGuideService       : Track Location for user internalUser8277
2022-10-02 23:12:34.111  INFO 75568 --- [    Test worker] tourGuide.service.TourGuideService       : Track Location for user internalUser1053
2022-10-02 23:12:34.111  INFO 75568 --- [pool-7-thread-1] tourGuide.service.TourGuideService       : Track Location for user internalUser8278
2022-10-02 23:12:34.111  INFO 75568 --- [    Test worker] tourGuide.service.TourGuideService       : Track Location for user internalUser2384
2022-10-02 23:12:34.111  INFO 75568 --- [pool-7-thread-1] tourGuide.service.TourGuideService       : Track Location for user internalUser8275
2022-10-02 23:12:34.111  INFO 75568 --- [    Test worker] tourGuide.service.TourGuideService       : Track Location for user internalUser1052
2022-10-02 23:12:34.111  INFO 75568 --- [pool-7-thread-1] tourGuide.service.TourGuideService       : Track Location for user internalUser8276
2022-10-02 23:12:34.111  INFO 75568 --- [    Test worker] tourGuide.service.TourGuideService       : Track Location for user internalUser2383
2022-10-02 23:12:34.111  INFO 75568 --- [pool-7-thread-1] tourGuide.service.TourGuideService       : Track Location for user internalUser8279
2022-10-02 23:12:34.111  INFO 75568 --- [    Test worker] tourGuide.service.TourGuideService       : Track Location for user internalUser1051
2022-10-02 23:12:34.111  INFO 75568 --- [pool-7-thread-1] tourGuide.service.TourGuideService       : Track Location for user internalUser8280
2022-10-02 23:12:34.111  INFO 75568 --- [    Test worker] tourGuide.service.TourGuideService       : Track Location for user internalUser2382
2022-10-02 23:12:34.111  INFO 75568 --- [pool-7-thread-1] tourGuide.service.TourGuideService       : Track Location for user internalUser8281
2022-10-02 23:12:34.111  INFO 75568 --- [    Test worker] tourGuide.service.TourGuideService       : Track Location for user internalUser1050
2022-10-02 23:12:34.111  INFO 75568 --- [pool-7-thread-1] tourGuide.service.TourGuideService       : Track Location for user internalUser8284
2022-10-02 23:12:34.111  INFO 75568 --- [    Test worker] tourGuide.service.TourGuideService       : Track Location for user internalUser2381
2022-10-02 23:12:34.111  INFO 75568 --- [pool-7-thread-1] tourGuide.service.TourGuideService       : Track Location for user internalUser8285
2022-10-02 23:12:34.111  INFO 75568 --- [    Test worker] tourGuide.service.TourGuideService       : Track Location for user internalUser2380
2022-10-02 23:12:34.111  INFO 75568 --- [pool-7-thread-1] tourGuide.service.TourGuideService       : Track Location for user internalUser8282
2022-10-02 23:12:34.111  INFO 75568 --- [    Test worker] tourGuide.service.TourGuideService       : Track Location for user internalUser754
2022-10-02 23:12:34.111  INFO 75568 --- [pool-7-thread-1] tourGuide.service.TourGuideService       : Track Location for user internalUser8283
2022-10-02 23:12:34.111  INFO 75568 --- [    Test worker] tourGuide.service.TourGuideService       : Track Location for user internalUser755
2022-10-02 23:12:34.111  INFO 75568 --- [pool-7-thread-1] tourGuide.service.TourGuideService       : Track Location for user internalUser8288
2022-10-02 23:12:34.111  INFO 75568 --- [    Test worker] tourGuide.service.TourGuideService       : Track Location for user internalUser752
2022-10-02 23:12:34.111  INFO 75568 --- [pool-7-thread-1] tourGuide.service.TourGuideService       : Track Location for user internalUser8289
2022-10-02 23:12:34.111  INFO 75568 --- [    Test worker] tourGuide.service.TourGuideService       : Track Location for user internalUser753
2022-10-02 23:12:34.111  INFO 75568 --- [pool-7-thread-1] tourGuide.service.TourGuideService       : Track Location for user internalUser8286
2022-10-02 23:12:34.111  INFO 75568 --- [    Test worker] tourGuide.service.TourGuideService       : Track Location for user internalUser750
2022-10-02 23:12:34.111  INFO 75568 --- [pool-7-thread-1] tourGuide.service.TourGuideService       : Track Location for user internalUser8287
2022-10-02 23:12:34.111  INFO 75568 --- [    Test worker] tourGuide.service.TourGuideService       : Track Location for user internalUser1059
2022-10-02 23:12:34.111  INFO 75568 --- [pool-7-thread-1] tourGuide.service.TourGuideService       : Track Location for user internalUser8291
2022-10-02 23:12:34.111  INFO 75568 --- [    Test worker] tourGuide.service.TourGuideService       : Track Location for user internalUser751
2022-10-02 23:12:34.111  INFO 75568 --- [pool-7-thread-1] tourGuide.service.TourGuideService       : Track Location for user internalUser8292
2022-10-02 23:12:34.111  INFO 75568 --- [    Test worker] tourGuide.service.TourGuideService       : Track Location for user internalUser1058
2022-10-02 23:12:34.111  INFO 75568 --- [pool-7-thread-1] tourGuide.service.TourGuideService       : Track Location for user internalUser8290
2022-10-02 23:12:34.111  INFO 75568 --- [    Test worker] tourGuide.service.TourGuideService       : Track Location for user internalUser2389
2022-10-02 23:12:34.111  INFO 75568 --- [pool-7-thread-1] tourGuide.service.TourGuideService       : Track Location for user internalUser8295
2022-10-02 23:12:34.111  INFO 75568 --- [    Test worker] tourGuide.service.TourGuideService       : Track Location for user internalUser1057
2022-10-02 23:12:34.111  INFO 75568 --- [pool-7-thread-1] tourGuide.service.TourGuideService       : Track Location for user internalUser8296
2022-10-02 23:12:34.111  INFO 75568 --- [    Test worker] tourGuide.service.TourGuideService       : Track Location for user internalUser2388
2022-10-02 23:12:34.111  INFO 75568 --- [pool-7-thread-1] tourGuide.service.TourGuideService       : Track Location for user internalUser8293
2022-10-02 23:12:34.111  INFO 75568 --- [    Test worker] tourGuide.service.TourGuideService       : Track Location for user internalUser1056
2022-10-02 23:12:34.112  INFO 75568 --- [pool-7-thread-1] tourGuide.service.TourGuideService       : Track Location for user internalUser8294
2022-10-02 23:12:34.112  INFO 75568 --- [pool-7-thread-1] tourGuide.service.TourGuideService       : Track Location for user internalUser9506
2022-10-02 23:12:34.112  INFO 75568 --- [    Test worker] tourGuide.service.TourGuideService       : Track Location for user internalUser2387
2022-10-02 23:12:34.112  INFO 75568 --- [pool-7-thread-1] tourGuide.service.TourGuideService       : Track Location for user internalUser9507
2022-10-02 23:12:34.112  INFO 75568 --- [    Test worker] tourGuide.service.TourGuideService       : Track Location for user internalUser758
2022-10-02 23:12:34.112  INFO 75568 --- [pool-7-thread-1] tourGuide.service.TourGuideService       : Track Location for user internalUser9504
2022-10-02 23:12:34.112  INFO 75568 --- [    Test worker] tourGuide.service.TourGuideService       : Track Location for user internalUser759
2022-10-02 23:12:34.112  INFO 75568 --- [pool-7-thread-1] tourGuide.service.TourGuideService       : Track Location for user internalUser9505
2022-10-02 23:12:34.112  INFO 75568 --- [    Test worker] tourGuide.service.TourGuideService       : Track Location for user internalUser756
2022-10-02 23:12:34.112  INFO 75568 --- [    Test worker] tourGuide.service.TourGuideService       : Track Location for user internalUser757
2022-10-02 23:12:34.112  INFO 75568 --- [pool-7-thread-1] tourGuide.service.TourGuideService       : Track Location for user internalUser9508
2022-10-02 23:12:34.112  INFO 75568 --- [    Test worker] tourGuide.service.TourGuideService       : Track Location for user internalUser9825
2022-10-02 23:12:34.112  INFO 75568 --- [pool-7-thread-1] tourGuide.service.TourGuideService       : Track Location for user internalUser9509
2022-10-02 23:12:34.112  INFO 75568 --- [    Test worker] tourGuide.service.TourGuideService       : Track Location for user internalUser9826
2022-10-02 23:12:34.112  INFO 75568 --- [    Test worker] tourGuide.service.TourGuideService       : Track Location for user internalUser9823
2022-10-02 23:12:34.112  INFO 75568 --- [pool-7-thread-1] tourGuide.service.TourGuideService       : Track Location for user internalUser9502
2022-10-02 23:12:34.112  INFO 75568 --- [    Test worker] tourGuide.service.TourGuideService       : Track Location for user internalUser9824
2022-10-02 23:12:34.112  INFO 75568 --- [pool-7-thread-1] tourGuide.service.TourGuideService       : Track Location for user internalUser9503
2022-10-02 23:12:34.112  INFO 75568 --- [    Test worker] tourGuide.service.TourGuideService       : Track Location for user internalUser9829
2022-10-02 23:12:34.112  INFO 75568 --- [pool-7-thread-1] tourGuide.service.TourGuideService       : Track Location for user internalUser9500
2022-10-02 23:12:34.112  INFO 75568 --- [    Test worker] tourGuide.service.TourGuideService       : Track Location for user internalUser9827
2022-10-02 23:12:34.112  INFO 75568 --- [pool-7-thread-1] tourGuide.service.TourGuideService       : Track Location for user internalUser9501
2022-10-02 23:12:34.112  INFO 75568 --- [    Test worker] tourGuide.service.TourGuideService       : Track Location for user internalUser9828
2022-10-02 23:12:34.112  INFO 75568 --- [pool-7-thread-1] tourGuide.service.TourGuideService       : Track Location for user internalUser9517
2022-10-02 23:12:34.112  INFO 75568 --- [    Test worker] tourGuide.service.TourGuideService       : Track Location for user internalUser9821
2022-10-02 23:12:34.112  INFO 75568 --- [pool-7-thread-1] tourGuide.service.TourGuideService       : Track Location for user internalUser9518
2022-10-02 23:12:34.112  INFO 75568 --- [    Test worker] tourGuide.service.TourGuideService       : Track Location for user internalUser9822
2022-10-02 23:12:34.112  INFO 75568 --- [pool-7-thread-1] tourGuide.service.TourGuideService       : Track Location for user internalUser9515
2022-10-02 23:12:34.112  INFO 75568 --- [    Test worker] tourGuide.service.TourGuideService       : Track Location for user internalUser9820
2022-10-02 23:12:34.112  INFO 75568 --- [pool-7-thread-1] tourGuide.service.TourGuideService       : Track Location for user internalUser9516
2022-10-02 23:12:34.112  INFO 75568 --- [    Test worker] tourGuide.service.TourGuideService       : Track Location for user internalUser8505
2022-10-02 23:12:34.112  INFO 75568 --- [pool-7-thread-1] tourGuide.service.TourGuideService       : Track Location for user internalUser9519
2022-10-02 23:12:34.112  INFO 75568 --- [    Test worker] tourGuide.service.TourGuideService       : Track Location for user internalUser9836
2022-10-02 23:12:34.112  INFO 75568 --- [pool-7-thread-1] tourGuide.service.TourGuideService       : Track Location for user internalUser9510
2022-10-02 23:12:34.112  INFO 75568 --- [    Test worker] tourGuide.service.TourGuideService       : Track Location for user internalUser8506
2022-10-02 23:12:34.112  INFO 75568 --- [pool-7-thread-1] tourGuide.service.TourGuideService       : Track Location for user internalUser9513
2022-10-02 23:12:34.112  INFO 75568 --- [    Test worker] tourGuide.service.TourGuideService       : Track Location for user internalUser9837
2022-10-02 23:12:34.112  INFO 75568 --- [pool-7-thread-1] tourGuide.service.TourGuideService       : Track Location for user internalUser9514
2022-10-02 23:12:34.112  INFO 75568 --- [    Test worker] tourGuide.service.TourGuideService       : Track Location for user internalUser8503
2022-10-02 23:12:34.112  INFO 75568 --- [pool-7-thread-1] tourGuide.service.TourGuideService       : Track Location for user internalUser9511
2022-10-02 23:12:34.112  INFO 75568 --- [pool-7-thread-1] tourGuide.service.TourGuideService       : Track Location for user internalUser9512
2022-10-02 23:12:34.112  INFO 75568 --- [    Test worker] tourGuide.service.TourGuideService       : Track Location for user internalUser9834
2022-10-02 23:12:34.112  INFO 75568 --- [pool-7-thread-1] tourGuide.service.TourGuideService       : Track Location for user internalUser2099
2022-10-02 23:12:34.112  INFO 75568 --- [    Test worker] tourGuide.service.TourGuideService       : Track Location for user internalUser8504
2022-10-02 23:12:34.112  INFO 75568 --- [    Test worker] tourGuide.service.TourGuideService       : Track Location for user internalUser9835
2022-10-02 23:12:34.112  INFO 75568 --- [pool-7-thread-1] tourGuide.service.TourGuideService       : Track Location for user internalUser9
2022-10-02 23:12:34.112  INFO 75568 --- [    Test worker] tourGuide.service.TourGuideService       : Track Location for user internalUser8509
2022-10-02 23:12:34.112  INFO 75568 --- [pool-7-thread-1] tourGuide.service.TourGuideService       : Track Location for user internalUser2098
2022-10-02 23:12:34.112  INFO 75568 --- [    Test worker] tourGuide.service.TourGuideService       : Track Location for user internalUser8507
2022-10-02 23:12:34.112  INFO 75568 --- [pool-7-thread-1] tourGuide.service.TourGuideService       : Track Location for user internalUser8
2022-10-02 23:12:34.112  INFO 75568 --- [    Test worker] tourGuide.service.TourGuideService       : Track Location for user internalUser9838
2022-10-02 23:12:34.112  INFO 75568 --- [pool-7-thread-1] tourGuide.service.TourGuideService       : Track Location for user internalUser2097
2022-10-02 23:12:34.112  INFO 75568 --- [    Test worker] tourGuide.service.TourGuideService       : Track Location for user internalUser8508
2022-10-02 23:12:34.112  INFO 75568 --- [pool-7-thread-1] tourGuide.service.TourGuideService       : Track Location for user internalUser2096
2022-10-02 23:12:34.112  INFO 75568 --- [    Test worker] tourGuide.service.TourGuideService       : Track Location for user internalUser9839
2022-10-02 23:12:34.112  INFO 75568 --- [pool-7-thread-1] tourGuide.service.TourGuideService       : Track Location for user internalUser2095
2022-10-02 23:12:34.112  INFO 75568 --- [    Test worker] tourGuide.service.TourGuideService       : Track Location for user internalUser8501
2022-10-02 23:12:34.112  INFO 75568 --- [pool-7-thread-1] tourGuide.service.TourGuideService       : Track Location for user internalUser2094
2022-10-02 23:12:34.112  INFO 75568 --- [    Test worker] tourGuide.service.TourGuideService       : Track Location for user internalUser9832
2022-10-02 23:12:34.112  INFO 75568 --- [    Test worker] tourGuide.service.TourGuideService       : Track Location for user internalUser8502
2022-10-02 23:12:34.112  INFO 75568 --- [pool-7-thread-1] tourGuide.service.TourGuideService       : Track Location for user internalUser2093
2022-10-02 23:12:34.112  INFO 75568 --- [    Test worker] tourGuide.service.TourGuideService       : Track Location for user internalUser9833
2022-10-02 23:12:34.112  INFO 75568 --- [pool-7-thread-1] tourGuide.service.TourGuideService       : Track Location for user internalUser3
2022-10-02 23:12:34.112  INFO 75568 --- [    Test worker] tourGuide.service.TourGuideService       : Track Location for user internalUser9830
2022-10-02 23:12:34.112  INFO 75568 --- [pool-7-thread-1] tourGuide.service.TourGuideService       : Track Location for user internalUser2
2022-10-02 23:12:34.112  INFO 75568 --- [    Test worker] tourGuide.service.TourGuideService       : Track Location for user internalUser8500
2022-10-02 23:12:34.112  INFO 75568 --- [pool-7-thread-1] tourGuide.service.TourGuideService       : Track Location for user internalUser1
2022-10-02 23:12:34.112  INFO 75568 --- [pool-7-thread-1] tourGuide.service.TourGuideService       : Track Location for user internalUser0
2022-10-02 23:12:34.112  INFO 75568 --- [    Test worker] tourGuide.service.TourGuideService       : Track Location for user internalUser9831
2022-10-02 23:12:34.112  INFO 75568 --- [pool-7-thread-1] tourGuide.service.TourGuideService       : Track Location for user internalUser7
2022-10-02 23:12:34.112  INFO 75568 --- [pool-7-thread-1] tourGuide.service.TourGuideService       : Track Location for user internalUser6
2022-10-02 23:12:34.112  INFO 75568 --- [    Test worker] tourGuide.service.TourGuideService       : Track Location for user internalUser1088
2022-10-02 23:12:34.112  INFO 75568 --- [pool-7-thread-1] tourGuide.service.TourGuideService       : Track Location for user internalUser5
2022-10-02 23:12:34.112  INFO 75568 --- [pool-7-thread-1] tourGuide.service.TourGuideService       : Track Location for user internalUser4
2022-10-02 23:12:34.112  INFO 75568 --- [    Test worker] tourGuide.service.TourGuideService       : Track Location for user internalUser9803
2022-10-02 23:12:34.112  INFO 75568 --- [pool-7-thread-1] tourGuide.service.TourGuideService       : Track Location for user internalUser8219
2022-10-02 23:12:34.112  INFO 75568 --- [    Test worker] tourGuide.service.TourGuideService       : Track Location for user internalUser1087
2022-10-02 23:12:34.112  INFO 75568 --- [pool-7-thread-1] tourGuide.service.TourGuideService       : Track Location for user internalUser8217
2022-10-02 23:12:34.112  INFO 75568 --- [    Test worker] tourGuide.service.TourGuideService       : Track Location for user internalUser9804
2022-10-02 23:12:34.112  INFO 75568 --- [    Test worker] tourGuide.service.TourGuideService       : Track Location for user internalUser1086
2022-10-02 23:12:34.112  INFO 75568 --- [pool-7-thread-1] tourGuide.service.TourGuideService       : Track Location for user internalUser9548
2022-10-02 23:12:34.112  INFO 75568 --- [    Test worker] tourGuide.service.TourGuideService       : Track Location for user internalUser9801
2022-10-02 23:12:34.112  INFO 75568 --- [    Test worker] tourGuide.service.TourGuideService       : Track Location for user internalUser1085
2022-10-02 23:12:34.112  INFO 75568 --- [    Test worker] tourGuide.service.TourGuideService       : Track Location for user internalUser9802
2022-10-02 23:12:34.112  INFO 75568 --- [pool-7-thread-1] tourGuide.service.TourGuideService       : Track Location for user internalUser8218
2022-10-02 23:12:34.112  INFO 75568 --- [    Test worker] tourGuide.service.TourGuideService       : Track Location for user internalUser1084
2022-10-02 23:12:34.112  INFO 75568 --- [pool-7-thread-1] tourGuide.service.TourGuideService       : Track Location for user internalUser9549
2022-10-02 23:12:34.112  INFO 75568 --- [pool-7-thread-1] tourGuide.service.TourGuideService       : Track Location for user internalUser8211
2022-10-02 23:12:34.112  INFO 75568 --- [    Test worker] tourGuide.service.TourGuideService       : Track Location for user internalUser9807
2022-10-02 23:12:34.112  INFO 75568 --- [    Test worker] tourGuide.service.TourGuideService       : Track Location for user internalUser1083
2022-10-02 23:12:34.112  INFO 75568 --- [    Test worker] tourGuide.service.TourGuideService       : Track Location for user internalUser9808
2022-10-02 23:12:34.112  INFO 75568 --- [    Test worker] tourGuide.service.TourGuideService       : Track Location for user internalUser1082
2022-10-02 23:12:34.112  INFO 75568 --- [    Test worker] tourGuide.service.TourGuideService       : Track Location for user internalUser9805
2022-10-02 23:12:34.112  INFO 75568 --- [    Test worker] tourGuide.service.TourGuideService       : Track Location for user internalUser1081
2022-10-02 23:12:34.112  INFO 75568 --- [    Test worker] tourGuide.service.TourGuideService       : Track Location for user internalUser9806
2022-10-02 23:12:34.112  INFO 75568 --- [pool-7-thread-1] tourGuide.service.TourGuideService       : Track Location for user internalUser9542
2022-10-02 23:12:34.112  INFO 75568 --- [    Test worker] tourGuide.service.TourGuideService       : Track Location for user internalUser700
2022-10-02 23:12:34.112  INFO 75568 --- [pool-7-thread-1] tourGuide.service.TourGuideService       : Track Location for user internalUser8212
2022-10-02 23:12:34.112  INFO 75568 --- [pool-7-thread-1] tourGuide.service.TourGuideService       : Track Location for user internalUser9543
2022-10-02 23:12:34.112  INFO 75568 --- [pool-7-thread-1] tourGuide.service.TourGuideService       : Track Location for user internalUser9540
2022-10-02 23:12:34.112  INFO 75568 --- [    Test worker] tourGuide.service.TourGuideService       : Track Location for user internalUser9800
2022-10-02 23:12:34.112  INFO 75568 --- [pool-7-thread-1] tourGuide.service.TourGuideService       : Track Location for user internalUser8210
2022-10-02 23:12:34.112  INFO 75568 --- [    Test worker] tourGuide.service.TourGuideService       : Track Location for user internalUser1089
2022-10-02 23:12:34.113  INFO 75568 --- [pool-7-thread-1] tourGuide.service.TourGuideService       : Track Location for user internalUser9541
2022-10-02 23:12:34.113  INFO 75568 --- [    Test worker] tourGuide.service.TourGuideService       : Track Location for user internalUser707
2022-10-02 23:12:34.113  INFO 75568 --- [pool-7-thread-1] tourGuide.service.TourGuideService       : Track Location for user internalUser8215
2022-10-02 23:12:34.113  INFO 75568 --- [pool-7-thread-1] tourGuide.service.TourGuideService       : Track Location for user internalUser9546
2022-10-02 23:12:34.113  INFO 75568 --- [    Test worker] tourGuide.service.TourGuideService       : Track Location for user internalUser708
2022-10-02 23:12:34.113  INFO 75568 --- [pool-7-thread-1] tourGuide.service.TourGuideService       : Track Location for user internalUser8216
2022-10-02 23:12:34.113  INFO 75568 --- [    Test worker] tourGuide.service.TourGuideService       : Track Location for user internalUser705
2022-10-02 23:12:34.113  INFO 75568 --- [pool-7-thread-1] tourGuide.service.TourGuideService       : Track Location for user internalUser9547
2022-10-02 23:12:34.113  INFO 75568 --- [    Test worker] tourGuide.service.TourGuideService       : Track Location for user internalUser706
2022-10-02 23:12:34.113  INFO 75568 --- [pool-7-thread-1] tourGuide.service.TourGuideService       : Track Location for user internalUser8213
2022-10-02 23:12:34.113  INFO 75568 --- [    Test worker] tourGuide.service.TourGuideService       : Track Location for user internalUser703
2022-10-02 23:12:34.113  INFO 75568 --- [pool-7-thread-1] tourGuide.service.TourGuideService       : Track Location for user internalUser9544
2022-10-02 23:12:34.113  INFO 75568 --- [pool-7-thread-1] tourGuide.service.TourGuideService       : Track Location for user internalUser8214
2022-10-02 23:12:34.113  INFO 75568 --- [pool-7-thread-1] tourGuide.service.TourGuideService       : Track Location for user internalUser9545
2022-10-02 23:12:34.113  INFO 75568 --- [pool-7-thread-1] tourGuide.service.TourGuideService       : Track Location for user internalUser9550
2022-10-02 23:12:34.113  INFO 75568 --- [pool-7-thread-1] tourGuide.service.TourGuideService       : Track Location for user internalUser8228
2022-10-02 23:12:34.113  INFO 75568 --- [pool-7-thread-1] tourGuide.service.TourGuideService       : Track Location for user internalUser9559
2022-10-02 23:12:34.113  INFO 75568 --- [pool-7-thread-1] tourGuide.service.TourGuideService       : Track Location for user internalUser8229
2022-10-02 23:12:34.113  INFO 75568 --- [pool-7-thread-1] tourGuide.service.TourGuideService       : Track Location for user internalUser8222
2022-10-02 23:12:34.113  INFO 75568 --- [pool-7-thread-1] tourGuide.service.TourGuideService       : Track Location for user internalUser9553
2022-10-02 23:12:34.113  INFO 75568 --- [    Test worker] tourGuide.service.TourGuideService       : Track Location for user internalUser704
2022-10-02 23:12:34.113  INFO 75568 --- [pool-7-thread-1] tourGuide.service.TourGuideService       : Track Location for user internalUser8223
2022-10-02 23:12:34.113  INFO 75568 --- [    Test worker] tourGuide.service.TourGuideService       : Track Location for user internalUser701
2022-10-02 23:12:34.113  INFO 75568 --- [pool-7-thread-1] tourGuide.service.TourGuideService       : Track Location for user internalUser9554
2022-10-02 23:12:34.113  INFO 75568 --- [    Test worker] tourGuide.service.TourGuideService       : Track Location for user internalUser702
2022-10-02 23:12:34.113  INFO 75568 --- [pool-7-thread-1] tourGuide.service.TourGuideService       : Track Location for user internalUser8220
2022-10-02 23:12:34.113  INFO 75568 --- [pool-7-thread-1] tourGuide.service.TourGuideService       : Track Location for user internalUser9551
2022-10-02 23:12:34.113  INFO 75568 --- [pool-7-thread-1] tourGuide.service.TourGuideService       : Track Location for user internalUser8221
2022-10-02 23:12:34.113  INFO 75568 --- [    Test worker] tourGuide.service.TourGuideService       : Track Location for user internalUser1091
2022-10-02 23:12:34.113  INFO 75568 --- [pool-7-thread-1] tourGuide.service.TourGuideService       : Track Location for user internalUser9552
2022-10-02 23:12:34.113  INFO 75568 --- [    Test worker] tourGuide.service.TourGuideService       : Track Location for user internalUser1090
2022-10-02 23:12:34.113  INFO 75568 --- [pool-7-thread-1] tourGuide.service.TourGuideService       : Track Location for user internalUser8226
2022-10-02 23:12:34.113  INFO 75568 --- [    Test worker] tourGuide.service.TourGuideService       : Track Location for user internalUser9809
2022-10-02 23:12:34.113  INFO 75568 --- [pool-7-thread-1] tourGuide.service.TourGuideService       : Track Location for user internalUser9557
2022-10-02 23:12:34.113  INFO 75568 --- [    Test worker] tourGuide.service.TourGuideService       : Track Location for user internalUser709
2022-10-02 23:12:34.113  INFO 75568 --- [pool-7-thread-1] tourGuide.service.TourGuideService       : Track Location for user internalUser8227
2022-10-02 23:12:34.113  INFO 75568 --- [    Test worker] tourGuide.service.TourGuideService       : Track Location for user internalUser1099
2022-10-02 23:12:34.113  INFO 75568 --- [pool-7-thread-1] tourGuide.service.TourGuideService       : Track Location for user internalUser9558
2022-10-02 23:12:34.113  INFO 75568 --- [    Test worker] tourGuide.service.TourGuideService       : Track Location for user internalUser9814
2022-10-02 23:12:34.113  INFO 75568 --- [pool-7-thread-1] tourGuide.service.TourGuideService       : Track Location for user internalUser8224
2022-10-02 23:12:34.113  INFO 75568 --- [    Test worker] tourGuide.service.TourGuideService       : Track Location for user internalUser1098
2022-10-02 23:12:34.113  INFO 75568 --- [pool-7-thread-1] tourGuide.service.TourGuideService       : Track Location for user internalUser9555
2022-10-02 23:12:34.113  INFO 75568 --- [    Test worker] tourGuide.service.TourGuideService       : Track Location for user internalUser9815
2022-10-02 23:12:34.113  INFO 75568 --- [pool-7-thread-1] tourGuide.service.TourGuideService       : Track Location for user internalUser8225
2022-10-02 23:12:34.113  INFO 75568 --- [    Test worker] tourGuide.service.TourGuideService       : Track Location for user internalUser1097
2022-10-02 23:12:34.113  INFO 75568 --- [pool-7-thread-1] tourGuide.service.TourGuideService       : Track Location for user internalUser9556
2022-10-02 23:12:34.113  INFO 75568 --- [    Test worker] tourGuide.service.TourGuideService       : Track Location for user internalUser9812
2022-10-02 23:12:34.113  INFO 75568 --- [pool-7-thread-1] tourGuide.service.TourGuideService       : Track Location for user internalUser9560
2022-10-02 23:12:34.113  INFO 75568 --- [    Test worker] tourGuide.service.TourGuideService       : Track Location for user internalUser1096
2022-10-02 23:12:34.113  INFO 75568 --- [pool-7-thread-1] tourGuide.service.TourGuideService       : Track Location for user internalUser8230
2022-10-02 23:12:34.113  INFO 75568 --- [pool-7-thread-1] tourGuide.service.TourGuideService       : Track Location for user internalUser9561
2022-10-02 23:12:34.113  INFO 75568 --- [pool-7-thread-1] tourGuide.service.TourGuideService       : Track Location for user internalUser9528
2022-10-02 23:12:34.113  INFO 75568 --- [    Test worker] tourGuide.service.TourGuideService       : Track Location for user internalUser9813
2022-10-02 23:12:34.113  INFO 75568 --- [pool-7-thread-1] tourGuide.service.TourGuideService       : Track Location for user internalUser9529
2022-10-02 23:12:34.113  INFO 75568 --- [    Test worker] tourGuide.service.TourGuideService       : Track Location for user internalUser1095
2022-10-02 23:12:34.113  INFO 75568 --- [pool-7-thread-1] tourGuide.service.TourGuideService       : Track Location for user internalUser9526
2022-10-02 23:12:34.113  INFO 75568 --- [    Test worker] tourGuide.service.TourGuideService       : Track Location for user internalUser9818
2022-10-02 23:12:34.113  INFO 75568 --- [pool-7-thread-1] tourGuide.service.TourGuideService       : Track Location for user internalUser9527
2022-10-02 23:12:34.113  INFO 75568 --- [    Test worker] tourGuide.service.TourGuideService       : Track Location for user internalUser1094
2022-10-02 23:12:34.113  INFO 75568 --- [pool-7-thread-1] tourGuide.service.TourGuideService       : Track Location for user internalUser9520
2022-10-02 23:12:34.113  INFO 75568 --- [pool-7-thread-1] tourGuide.service.TourGuideService       : Track Location for user internalUser9521
2022-10-02 23:12:34.113  INFO 75568 --- [    Test worker] tourGuide.service.TourGuideService       : Track Location for user internalUser9819
2022-10-02 23:12:34.113  INFO 75568 --- [pool-7-thread-1] tourGuide.service.TourGuideService       : Track Location for user internalUser9524
2022-10-02 23:12:34.113  INFO 75568 --- [    Test worker] tourGuide.service.TourGuideService       : Track Location for user internalUser1093
2022-10-02 23:12:34.113  INFO 75568 --- [pool-7-thread-1] tourGuide.service.TourGuideService       : Track Location for user internalUser9525
2022-10-02 23:12:34.113  INFO 75568 --- [    Test worker] tourGuide.service.TourGuideService       : Track Location for user internalUser9816
2022-10-02 23:12:34.113  INFO 75568 --- [pool-7-thread-1] tourGuide.service.TourGuideService       : Track Location for user internalUser9522
2022-10-02 23:12:34.113  INFO 75568 --- [    Test worker] tourGuide.service.TourGuideService       : Track Location for user internalUser1092
2022-10-02 23:12:34.113  INFO 75568 --- [pool-7-thread-1] tourGuide.service.TourGuideService       : Track Location for user internalUser9523
2022-10-02 23:12:34.113  INFO 75568 --- [    Test worker] tourGuide.service.TourGuideService       : Track Location for user internalUser9817
2022-10-02 23:12:34.113  INFO 75568 --- [pool-7-thread-1] tourGuide.service.TourGuideService       : Track Location for user internalUser8208
2022-10-02 23:12:34.113  INFO 75568 --- [    Test worker] tourGuide.service.TourGuideService       : Track Location for user internalUser710
2022-10-02 23:12:34.113  INFO 75568 --- [pool-7-thread-1] tourGuide.service.TourGuideService       : Track Location for user internalUser9539
2022-10-02 23:12:34.113  INFO 75568 --- [    Test worker] tourGuide.service.TourGuideService       : Track Location for user internalUser711
2022-10-02 23:12:34.113  INFO 75568 --- [pool-7-thread-1] tourGuide.service.TourGuideService       : Track Location for user internalUser8209
2022-10-02 23:12:34.113  INFO 75568 --- [    Test worker] tourGuide.service.TourGuideService       : Track Location for user internalUser9810
2022-10-02 23:12:34.113  INFO 75568 --- [pool-7-thread-1] tourGuide.service.TourGuideService       : Track Location for user internalUser8206
2022-10-02 23:12:34.113  INFO 75568 --- [    Test worker] tourGuide.service.TourGuideService       : Track Location for user internalUser9811
2022-10-02 23:12:34.113  INFO 75568 --- [pool-7-thread-1] tourGuide.service.TourGuideService       : Track Location for user internalUser9537
2022-10-02 23:12:34.113  INFO 75568 --- [    Test worker] tourGuide.service.TourGuideService       : Track Location for user internalUser718
2022-10-02 23:12:34.113  INFO 75568 --- [pool-7-thread-1] tourGuide.service.TourGuideService       : Track Location for user internalUser8207
2022-10-02 23:12:34.113  INFO 75568 --- [    Test worker] tourGuide.service.TourGuideService       : Track Location for user internalUser719
2022-10-02 23:12:34.113  INFO 75568 --- [pool-7-thread-1] tourGuide.service.TourGuideService       : Track Location for user internalUser9538
2022-10-02 23:12:34.113  INFO 75568 --- [    Test worker] tourGuide.service.TourGuideService       : Track Location for user internalUser716
2022-10-02 23:12:34.113  INFO 75568 --- [pool-7-thread-1] tourGuide.service.TourGuideService       : Track Location for user internalUser8200
2022-10-02 23:12:34.113  INFO 75568 --- [    Test worker] tourGuide.service.TourGuideService       : Track Location for user internalUser717
2022-10-02 23:12:34.113  INFO 75568 --- [pool-7-thread-1] tourGuide.service.TourGuideService       : Track Location for user internalUser9531
2022-10-02 23:12:34.113  INFO 75568 --- [    Test worker] tourGuide.service.TourGuideService       : Track Location for user internalUser714
2022-10-02 23:12:34.113  INFO 75568 --- [pool-7-thread-1] tourGuide.service.TourGuideService       : Track Location for user internalUser8201
2022-10-02 23:12:34.113  INFO 75568 --- [    Test worker] tourGuide.service.TourGuideService       : Track Location for user internalUser715
2022-10-02 23:12:34.113  INFO 75568 --- [pool-7-thread-1] tourGuide.service.TourGuideService       : Track Location for user internalUser9532
2022-10-02 23:12:34.113  INFO 75568 --- [    Test worker] tourGuide.service.TourGuideService       : Track Location for user internalUser712
2022-10-02 23:12:34.113  INFO 75568 --- [pool-7-thread-1] tourGuide.service.TourGuideService       : Track Location for user internalUser9530
2022-10-02 23:12:34.113  INFO 75568 --- [    Test worker] tourGuide.service.TourGuideService       : Track Location for user internalUser713
2022-10-02 23:12:34.113  INFO 75568 --- [pool-7-thread-1] tourGuide.service.TourGuideService       : Track Location for user internalUser8204
2022-10-02 23:12:34.113  INFO 75568 --- [    Test worker] tourGuide.service.TourGuideService       : Track Location for user internalUser3641
2022-10-02 23:12:34.113  INFO 75568 --- [pool-7-thread-1] tourGuide.service.TourGuideService       : Track Location for user internalUser9535
2022-10-02 23:12:34.113  INFO 75568 --- [    Test worker] tourGuide.service.TourGuideService       : Track Location for user internalUser4972
2022-10-02 23:12:34.113  INFO 75568 --- [pool-7-thread-1] tourGuide.service.TourGuideService       : Track Location for user internalUser8205
2022-10-02 23:12:34.113  INFO 75568 --- [pool-7-thread-1] tourGuide.service.TourGuideService       : Track Location for user internalUser9536
2022-10-02 23:12:34.113  INFO 75568 --- [pool-7-thread-1] tourGuide.service.TourGuideService       : Track Location for user internalUser8202
2022-10-02 23:12:34.113  INFO 75568 --- [pool-7-thread-1] tourGuide.service.TourGuideService       : Track Location for user internalUser9533
2022-10-02 23:12:34.113  INFO 75568 --- [    Test worker] tourGuide.service.TourGuideService       : Track Location for user internalUser3642
2022-10-02 23:12:34.113  INFO 75568 --- [pool-7-thread-1] tourGuide.service.TourGuideService       : Track Location for user internalUser8203
2022-10-02 23:12:34.113  INFO 75568 --- [    Test worker] tourGuide.service.TourGuideService       : Track Location for user internalUser4973
2022-10-02 23:12:34.113  INFO 75568 --- [pool-7-thread-1] tourGuide.service.TourGuideService       : Track Location for user internalUser9534
2022-10-02 23:12:34.113  INFO 75568 --- [    Test worker] tourGuide.service.TourGuideService       : Track Location for user internalUser3643
2022-10-02 23:12:34.113  INFO 75568 --- [pool-7-thread-1] tourGuide.service.TourGuideService       : Track Location for user internalUser2034
2022-10-02 23:12:34.113  INFO 75568 --- [    Test worker] tourGuide.service.TourGuideService       : Track Location for user internalUser4974
2022-10-02 23:12:34.113  INFO 75568 --- [pool-7-thread-1] tourGuide.service.TourGuideService       : Track Location for user internalUser3366
2022-10-02 23:12:34.113  INFO 75568 --- [pool-7-thread-1] tourGuide.service.TourGuideService       : Track Location for user internalUser4697
2022-10-02 23:12:34.113  INFO 75568 --- [    Test worker] tourGuide.service.TourGuideService       : Track Location for user internalUser3644
2022-10-02 23:12:34.113  INFO 75568 --- [pool-7-thread-1] tourGuide.service.TourGuideService       : Track Location for user internalUser2033
2022-10-02 23:12:34.113  INFO 75568 --- [pool-7-thread-1] tourGuide.service.TourGuideService       : Track Location for user internalUser3367
2022-10-02 23:12:34.113  INFO 75568 --- [pool-7-thread-1] tourGuide.service.TourGuideService       : Track Location for user internalUser4698
2022-10-02 23:12:34.113  INFO 75568 --- [pool-7-thread-1] tourGuide.service.TourGuideService       : Track Location for user internalUser2032
2022-10-02 23:12:34.113  INFO 75568 --- [pool-7-thread-1] tourGuide.service.TourGuideService       : Track Location for user internalUser3368
2022-10-02 23:12:34.113  INFO 75568 --- [    Test worker] tourGuide.service.TourGuideService       : Track Location for user internalUser4975
2022-10-02 23:12:34.113  INFO 75568 --- [pool-7-thread-1] tourGuide.service.TourGuideService       : Track Location for user internalUser4699
2022-10-02 23:12:34.113  INFO 75568 --- [    Test worker] tourGuide.service.TourGuideService       : Track Location for user internalUser3645
2022-10-02 23:12:34.113  INFO 75568 --- [pool-7-thread-1] tourGuide.service.TourGuideService       : Track Location for user internalUser2031
2022-10-02 23:12:34.113  INFO 75568 --- [pool-7-thread-1] tourGuide.service.TourGuideService       : Track Location for user internalUser3369
2022-10-02 23:12:34.113  INFO 75568 --- [pool-7-thread-1] tourGuide.service.TourGuideService       : Track Location for user internalUser2030
2022-10-02 23:12:34.113  INFO 75568 --- [    Test worker] tourGuide.service.TourGuideService       : Track Location for user internalUser4976
2022-10-02 23:12:34.113  INFO 75568 --- [pool-7-thread-1] tourGuide.service.TourGuideService       : Track Location for user internalUser4690
2022-10-02 23:12:34.113  INFO 75568 --- [pool-7-thread-1] tourGuide.service.TourGuideService       : Track Location for user internalUser3360
2022-10-02 23:12:34.113  INFO 75568 --- [    Test worker] tourGuide.service.TourGuideService       : Track Location for user internalUser3646
2022-10-02 23:12:34.113  INFO 75568 --- [pool-7-thread-1] tourGuide.service.TourGuideService       : Track Location for user internalUser4691
2022-10-02 23:12:34.113  INFO 75568 --- [pool-7-thread-1] tourGuide.service.TourGuideService       : Track Location for user internalUser2039
2022-10-02 23:12:34.113  INFO 75568 --- [pool-7-thread-1] tourGuide.service.TourGuideService       : Track Location for user internalUser3361
2022-10-02 23:12:34.113  INFO 75568 --- [    Test worker] tourGuide.service.TourGuideService       : Track Location for user internalUser4977
2022-10-02 23:12:34.113  INFO 75568 --- [pool-7-thread-1] tourGuide.service.TourGuideService       : Track Location for user internalUser4692
2022-10-02 23:12:34.113  INFO 75568 --- [    Test worker] tourGuide.service.TourGuideService       : Track Location for user internalUser3647
2022-10-02 23:12:34.113  INFO 75568 --- [pool-7-thread-1] tourGuide.service.TourGuideService       : Track Location for user internalUser2038
2022-10-02 23:12:34.113  INFO 75568 --- [    Test worker] tourGuide.service.TourGuideService       : Track Location for user internalUser4978
2022-10-02 23:12:34.113  INFO 75568 --- [pool-7-thread-1] tourGuide.service.TourGuideService       : Track Location for user internalUser3362
2022-10-02 23:12:34.113  INFO 75568 --- [    Test worker] tourGuide.service.TourGuideService       : Track Location for user internalUser3648
2022-10-02 23:12:34.113  INFO 75568 --- [pool-7-thread-1] tourGuide.service.TourGuideService       : Track Location for user internalUser4693
2022-10-02 23:12:34.113  INFO 75568 --- [    Test worker] tourGuide.service.TourGuideService       : Track Location for user internalUser4979
2022-10-02 23:12:34.113  INFO 75568 --- [pool-7-thread-1] tourGuide.service.TourGuideService       : Track Location for user internalUser2037
2022-10-02 23:12:34.113  INFO 75568 --- [    Test worker] tourGuide.service.TourGuideService       : Track Location for user internalUser2317
2022-10-02 23:12:34.113  INFO 75568 --- [pool-7-thread-1] tourGuide.service.TourGuideService       : Track Location for user internalUser3363
2022-10-02 23:12:34.113  INFO 75568 --- [    Test worker] tourGuide.service.TourGuideService       : Track Location for user internalUser2316
2022-10-02 23:12:34.113  INFO 75568 --- [pool-7-thread-1] tourGuide.service.TourGuideService       : Track Location for user internalUser4694
2022-10-02 23:12:34.113  INFO 75568 --- [    Test worker] tourGuide.service.TourGuideService       : Track Location for user internalUser2315
2022-10-02 23:12:34.113  INFO 75568 --- [pool-7-thread-1] tourGuide.service.TourGuideService       : Track Location for user internalUser2036
2022-10-02 23:12:34.113  INFO 75568 --- [    Test worker] tourGuide.service.TourGuideService       : Track Location for user internalUser2314
2022-10-02 23:12:34.113  INFO 75568 --- [pool-7-thread-1] tourGuide.service.TourGuideService       : Track Location for user internalUser3364
2022-10-02 23:12:34.113  INFO 75568 --- [    Test worker] tourGuide.service.TourGuideService       : Track Location for user internalUser2313
2022-10-02 23:12:34.113  INFO 75568 --- [pool-7-thread-1] tourGuide.service.TourGuideService       : Track Location for user internalUser4695
2022-10-02 23:12:34.113  INFO 75568 --- [    Test worker] tourGuide.service.TourGuideService       : Track Location for user internalUser2312
2022-10-02 23:12:34.113  INFO 75568 --- [pool-7-thread-1] tourGuide.service.TourGuideService       : Track Location for user internalUser2035
2022-10-02 23:12:34.113  INFO 75568 --- [    Test worker] tourGuide.service.TourGuideService       : Track Location for user internalUser2311
2022-10-02 23:12:34.113  INFO 75568 --- [pool-7-thread-1] tourGuide.service.TourGuideService       : Track Location for user internalUser3365
2022-10-02 23:12:34.113  INFO 75568 --- [    Test worker] tourGuide.service.TourGuideService       : Track Location for user internalUser4970
2022-10-02 23:12:34.113  INFO 75568 --- [pool-7-thread-1] tourGuide.service.TourGuideService       : Track Location for user internalUser4696
2022-10-02 23:12:34.113  INFO 75568 --- [    Test worker] tourGuide.service.TourGuideService       : Track Location for user internalUser2310
2022-10-02 23:12:34.113  INFO 75568 --- [pool-7-thread-1] tourGuide.service.TourGuideService       : Track Location for user internalUser2045
2022-10-02 23:12:34.113  INFO 75568 --- [    Test worker] tourGuide.service.TourGuideService       : Track Location for user internalUser3640
2022-10-02 23:12:34.113  INFO 75568 --- [pool-7-thread-1] tourGuide.service.TourGuideService       : Track Location for user internalUser3377
2022-10-02 23:12:34.113  INFO 75568 --- [    Test worker] tourGuide.service.TourGuideService       : Track Location for user internalUser4971
2022-10-02 23:12:34.113  INFO 75568 --- [pool-7-thread-1] tourGuide.service.TourGuideService       : Track Location for user internalUser2044
2022-10-02 23:12:34.113  INFO 75568 --- [    Test worker] tourGuide.service.TourGuideService       : Track Location for user internalUser2319
2022-10-02 23:12:34.113  INFO 75568 --- [pool-7-thread-1] tourGuide.service.TourGuideService       : Track Location for user internalUser3378
2022-10-02 23:12:34.113  INFO 75568 --- [    Test worker] tourGuide.service.TourGuideService       : Track Location for user internalUser2318
2022-10-02 23:12:34.113  INFO 75568 --- [pool-7-thread-1] tourGuide.service.TourGuideService       : Track Location for user internalUser2043
2022-10-02 23:12:34.113  INFO 75568 --- [    Test worker] tourGuide.service.TourGuideService       : Track Location for user internalUser3649
2022-10-02 23:12:34.113  INFO 75568 --- [pool-7-thread-1] tourGuide.service.TourGuideService       : Track Location for user internalUser3379
2022-10-02 23:12:34.113  INFO 75568 --- [pool-7-thread-1] tourGuide.service.TourGuideService       : Track Location for user internalUser2042
2022-10-02 23:12:34.113  INFO 75568 --- [    Test worker] tourGuide.service.TourGuideService       : Track Location for user internalUser2320
2022-10-02 23:12:34.113  INFO 75568 --- [pool-7-thread-1] tourGuide.service.TourGuideService       : Track Location for user internalUser2041
2022-10-02 23:12:34.113  INFO 75568 --- [    Test worker] tourGuide.service.TourGuideService       : Track Location for user internalUser3652
2022-10-02 23:12:34.113  INFO 75568 --- [    Test worker] tourGuide.service.TourGuideService       : Track Location for user internalUser4983
2022-10-02 23:12:34.113  INFO 75568 --- [pool-7-thread-1] tourGuide.service.TourGuideService       : Track Location for user internalUser2040
2022-10-02 23:12:34.114  INFO 75568 --- [    Test worker] tourGuide.service.TourGuideService       : Track Location for user internalUser3653
2022-10-02 23:12:34.114  INFO 75568 --- [pool-7-thread-1] tourGuide.service.TourGuideService       : Track Location for user internalUser3370
2022-10-02 23:12:34.114  INFO 75568 --- [    Test worker] tourGuide.service.TourGuideService       : Track Location for user internalUser4984
2022-10-02 23:12:34.114  INFO 75568 --- [pool-7-thread-1] tourGuide.service.TourGuideService       : Track Location for user internalUser3371
2022-10-02 23:12:34.114  INFO 75568 --- [    Test worker] tourGuide.service.TourGuideService       : Track Location for user internalUser3654
2022-10-02 23:12:34.114  INFO 75568 --- [    Test worker] tourGuide.service.TourGuideService       : Track Location for user internalUser4985
2022-10-02 23:12:34.114  INFO 75568 --- [pool-7-thread-1] tourGuide.service.TourGuideService       : Track Location for user internalUser3372
2022-10-02 23:12:34.114  INFO 75568 --- [    Test worker] tourGuide.service.TourGuideService       : Track Location for user internalUser3655
2022-10-02 23:12:34.114  INFO 75568 --- [pool-7-thread-1] tourGuide.service.TourGuideService       : Track Location for user internalUser2049
2022-10-02 23:12:34.114  INFO 75568 --- [    Test worker] tourGuide.service.TourGuideService       : Track Location for user internalUser4986
2022-10-02 23:12:34.114  INFO 75568 --- [pool-7-thread-1] tourGuide.service.TourGuideService       : Track Location for user internalUser3373
2022-10-02 23:12:34.114  INFO 75568 --- [    Test worker] tourGuide.service.TourGuideService       : Track Location for user internalUser3656
2022-10-02 23:12:34.114  INFO 75568 --- [pool-7-thread-1] tourGuide.service.TourGuideService       : Track Location for user internalUser2048
2022-10-02 23:12:34.114  INFO 75568 --- [    Test worker] tourGuide.service.TourGuideService       : Track Location for user internalUser4987
2022-10-02 23:12:34.114  INFO 75568 --- [    Test worker] tourGuide.service.TourGuideService       : Track Location for user internalUser3657
2022-10-02 23:12:34.114  INFO 75568 --- [    Test worker] tourGuide.service.TourGuideService       : Track Location for user internalUser4988
2022-10-02 23:12:34.114  INFO 75568 --- [pool-7-thread-1] tourGuide.service.TourGuideService       : Track Location for user internalUser3374
2022-10-02 23:12:34.114  INFO 75568 --- [    Test worker] tourGuide.service.TourGuideService       : Track Location for user internalUser3658
2022-10-02 23:12:34.114  INFO 75568 --- [    Test worker] tourGuide.service.TourGuideService       : Track Location for user internalUser4989
2022-10-02 23:12:34.114  INFO 75568 --- [    Test worker] tourGuide.service.TourGuideService       : Track Location for user internalUser3659
2022-10-02 23:12:34.114  INFO 75568 --- [pool-7-thread-1] tourGuide.service.TourGuideService       : Track Location for user internalUser2047
2022-10-02 23:12:34.114  INFO 75568 --- [    Test worker] tourGuide.service.TourGuideService       : Track Location for user internalUser2328
2022-10-02 23:12:34.114  INFO 75568 --- [pool-7-thread-1] tourGuide.service.TourGuideService       : Track Location for user internalUser3375
2022-10-02 23:12:34.114  INFO 75568 --- [    Test worker] tourGuide.service.TourGuideService       : Track Location for user internalUser2327
2022-10-02 23:12:34.114  INFO 75568 --- [    Test worker] tourGuide.service.TourGuideService       : Track Location for user internalUser2326
2022-10-02 23:12:34.114  INFO 75568 --- [    Test worker] tourGuide.service.TourGuideService       : Track Location for user internalUser2325
2022-10-02 23:12:34.114  INFO 75568 --- [pool-7-thread-1] tourGuide.service.TourGuideService       : Track Location for user internalUser2046
2022-10-02 23:12:34.114  INFO 75568 --- [    Test worker] tourGuide.service.TourGuideService       : Track Location for user internalUser2324
2022-10-02 23:12:34.114  INFO 75568 --- [pool-7-thread-1] tourGuide.service.TourGuideService       : Track Location for user internalUser3376
2022-10-02 23:12:34.114  INFO 75568 --- [    Test worker] tourGuide.service.TourGuideService       : Track Location for user internalUser2323
2022-10-02 23:12:34.114  INFO 75568 --- [pool-7-thread-1] tourGuide.service.TourGuideService       : Track Location for user internalUser2012
2022-10-02 23:12:34.114  INFO 75568 --- [    Test worker] tourGuide.service.TourGuideService       : Track Location for user internalUser4980
2022-10-02 23:12:34.114  INFO 75568 --- [pool-7-thread-1] tourGuide.service.TourGuideService       : Track Location for user internalUser3344
2022-10-02 23:12:34.114  INFO 75568 --- [    Test worker] tourGuide.service.TourGuideService       : Track Location for user internalUser2322
2022-10-02 23:12:34.114  INFO 75568 --- [pool-7-thread-1] tourGuide.service.TourGuideService       : Track Location for user internalUser4675
2022-10-02 23:12:34.114  INFO 75568 --- [pool-7-thread-1] tourGuide.service.TourGuideService       : Track Location for user internalUser2011
2022-10-02 23:12:34.114  INFO 75568 --- [pool-7-thread-1] tourGuide.service.TourGuideService       : Track Location for user internalUser3345
2022-10-02 23:12:34.114  INFO 75568 --- [    Test worker] tourGuide.service.TourGuideService       : Track Location for user internalUser3650
2022-10-02 23:12:34.114  INFO 75568 --- [pool-7-thread-1] tourGuide.service.TourGuideService       : Track Location for user internalUser4676
2022-10-02 23:12:34.114  INFO 75568 --- [    Test worker] tourGuide.service.TourGuideService       : Track Location for user internalUser4981
2022-10-02 23:12:34.114  INFO 75568 --- [pool-7-thread-1] tourGuide.service.TourGuideService       : Track Location for user internalUser2010
2022-10-02 23:12:34.114  INFO 75568 --- [    Test worker] tourGuide.service.TourGuideService       : Track Location for user internalUser2321
2022-10-02 23:12:34.114  INFO 75568 --- [pool-7-thread-1] tourGuide.service.TourGuideService       : Track Location for user internalUser3346
2022-10-02 23:12:34.114  INFO 75568 --- [    Test worker] tourGuide.service.TourGuideService       : Track Location for user internalUser3651
2022-10-02 23:12:34.114  INFO 75568 --- [pool-7-thread-1] tourGuide.service.TourGuideService       : Track Location for user internalUser4677
2022-10-02 23:12:34.114  INFO 75568 --- [    Test worker] tourGuide.service.TourGuideService       : Track Location for user internalUser4982
2022-10-02 23:12:34.114  INFO 75568 --- [pool-7-thread-1] tourGuide.service.TourGuideService       : Track Location for user internalUser3347
2022-10-02 23:12:34.114  INFO 75568 --- [    Test worker] tourGuide.service.TourGuideService       : Track Location for user internalUser2329
2022-10-02 23:12:34.114  INFO 75568 --- [pool-7-thread-1] tourGuide.service.TourGuideService       : Track Location for user internalUser4678
2022-10-02 23:12:34.114  INFO 75568 --- [    Test worker] tourGuide.service.TourGuideService       : Track Location for user internalUser4950
2022-10-02 23:12:34.114  INFO 75568 --- [pool-7-thread-1] tourGuide.service.TourGuideService       : Track Location for user internalUser3348
2022-10-02 23:12:34.114  INFO 75568 --- [    Test worker] tourGuide.service.TourGuideService       : Track Location for user internalUser3620
2022-10-02 23:12:34.114  INFO 75568 --- [pool-7-thread-1] tourGuide.service.TourGuideService       : Track Location for user internalUser4679
2022-10-02 23:12:34.114  INFO 75568 --- [    Test worker] tourGuide.service.TourGuideService       : Track Location for user internalUser4951
2022-10-02 23:12:34.114  INFO 75568 --- [pool-7-thread-1] tourGuide.service.TourGuideService       : Track Location for user internalUser3349
2022-10-02 23:12:34.114  INFO 75568 --- [    Test worker] tourGuide.service.TourGuideService       : Track Location for user internalUser3621
2022-10-02 23:12:34.114  INFO 75568 --- [pool-7-thread-1] tourGuide.service.TourGuideService       : Track Location for user internalUser2019
2022-10-02 23:12:34.114  INFO 75568 --- [    Test worker] tourGuide.service.TourGuideService       : Track Location for user internalUser4952
2022-10-02 23:12:34.114  INFO 75568 --- [pool-7-thread-1] tourGuide.service.TourGuideService       : Track Location for user internalUser2018
2022-10-02 23:12:34.114  INFO 75568 --- [    Test worker] tourGuide.service.TourGuideService       : Track Location for user internalUser3622
2022-10-02 23:12:34.114  INFO 75568 --- [pool-7-thread-1] tourGuide.service.TourGuideService       : Track Location for user internalUser2017
2022-10-02 23:12:34.114  INFO 75568 --- [    Test worker] tourGuide.service.TourGuideService       : Track Location for user internalUser4953
2022-10-02 23:12:34.114  INFO 75568 --- [pool-7-thread-1] tourGuide.service.TourGuideService       : Track Location for user internalUser4670
2022-10-02 23:12:34.114  INFO 75568 --- [    Test worker] tourGuide.service.TourGuideService       : Track Location for user internalUser3623
2022-10-02 23:12:34.114  INFO 75568 --- [    Test worker] tourGuide.service.TourGuideService       : Track Location for user internalUser4954
2022-10-02 23:12:34.114  INFO 75568 --- [    Test worker] tourGuide.service.TourGuideService       : Track Location for user internalUser3624
2022-10-02 23:12:34.114  INFO 75568 --- [pool-7-thread-1] tourGuide.service.TourGuideService       : Track Location for user internalUser2016
2022-10-02 23:12:34.114  INFO 75568 --- [pool-7-thread-1] tourGuide.service.TourGuideService       : Track Location for user internalUser3340
2022-10-02 23:12:34.114  INFO 75568 --- [pool-7-thread-1] tourGuide.service.TourGuideService       : Track Location for user internalUser4671
2022-10-02 23:12:34.114  INFO 75568 --- [    Test worker] tourGuide.service.TourGuideService       : Track Location for user internalUser4955
2022-10-02 23:12:34.114  INFO 75568 --- [pool-7-thread-1] tourGuide.service.TourGuideService       : Track Location for user internalUser2015
2022-10-02 23:12:34.114  INFO 75568 --- [    Test worker] tourGuide.service.TourGuideService       : Track Location for user internalUser3625
2022-10-02 23:12:34.114  INFO 75568 --- [pool-7-thread-1] tourGuide.service.TourGuideService       : Track Location for user internalUser3341
2022-10-02 23:12:34.114  INFO 75568 --- [    Test worker] tourGuide.service.TourGuideService       : Track Location for user internalUser4956
2022-10-02 23:12:34.114  INFO 75568 --- [pool-7-thread-1] tourGuide.service.TourGuideService       : Track Location for user internalUser4672
2022-10-02 23:12:34.114  INFO 75568 --- [pool-7-thread-1] tourGuide.service.TourGuideService       : Track Location for user internalUser2014
2022-10-02 23:12:34.114  INFO 75568 --- [pool-7-thread-1] tourGuide.service.TourGuideService       : Track Location for user internalUser3342
2022-10-02 23:12:34.114  INFO 75568 --- [pool-7-thread-1] tourGuide.service.TourGuideService       : Track Location for user internalUser4673
2022-10-02 23:12:34.114  INFO 75568 --- [pool-7-thread-1] tourGuide.service.TourGuideService       : Track Location for user internalUser2013
2022-10-02 23:12:34.114  INFO 75568 --- [pool-7-thread-1] tourGuide.service.TourGuideService       : Track Location for user internalUser3343
2022-10-02 23:12:34.114  INFO 75568 --- [pool-7-thread-1] tourGuide.service.TourGuideService       : Track Location for user internalUser4674
2022-10-02 23:12:34.114  INFO 75568 --- [    Test worker] tourGuide.service.TourGuideService       : Track Location for user internalUser3626
2022-10-02 23:12:34.114  INFO 75568 --- [pool-7-thread-1] tourGuide.service.TourGuideService       : Track Location for user internalUser2023
2022-10-02 23:12:34.114  INFO 75568 --- [    Test worker] tourGuide.service.TourGuideService       : Track Location for user internalUser4957
2022-10-02 23:12:34.114  INFO 75568 --- [pool-7-thread-1] tourGuide.service.TourGuideService       : Track Location for user internalUser3355
2022-10-02 23:12:34.114  INFO 75568 --- [    Test worker] tourGuide.service.TourGuideService       : Track Location for user internalUser3627
2022-10-02 23:12:34.114  INFO 75568 --- [pool-7-thread-1] tourGuide.service.TourGuideService       : Track Location for user internalUser4686
2022-10-02 23:12:34.114  INFO 75568 --- [    Test worker] tourGuide.service.TourGuideService       : Track Location for user internalUser4958
2022-10-02 23:12:34.114  INFO 75568 --- [pool-7-thread-1] tourGuide.service.TourGuideService       : Track Location for user internalUser2022
2022-10-02 23:12:34.114  INFO 75568 --- [    Test worker] tourGuide.service.TourGuideService       : Track Location for user internalUser3628
2022-10-02 23:12:34.114  INFO 75568 --- [pool-7-thread-1] tourGuide.service.TourGuideService       : Track Location for user internalUser3356
2022-10-02 23:12:34.114  INFO 75568 --- [pool-7-thread-1] tourGuide.service.TourGuideService       : Track Location for user internalUser4687
2022-10-02 23:12:34.114  INFO 75568 --- [pool-7-thread-1] tourGuide.service.TourGuideService       : Track Location for user internalUser2021
2022-10-02 23:12:34.114  INFO 75568 --- [    Test worker] tourGuide.service.TourGuideService       : Track Location for user internalUser4959
2022-10-02 23:12:34.114  INFO 75568 --- [pool-7-thread-1] tourGuide.service.TourGuideService       : Track Location for user internalUser3357
2022-10-02 23:12:34.114  INFO 75568 --- [    Test worker] tourGuide.service.TourGuideService       : Track Location for user internalUser3629
2022-10-02 23:12:34.114  INFO 75568 --- [pool-7-thread-1] tourGuide.service.TourGuideService       : Track Location for user internalUser4688
2022-10-02 23:12:34.114  INFO 75568 --- [    Test worker] tourGuide.service.TourGuideService       : Track Location for user internalUser3630
2022-10-02 23:12:34.114  INFO 75568 --- [pool-7-thread-1] tourGuide.service.TourGuideService       : Track Location for user internalUser2020
2022-10-02 23:12:34.114  INFO 75568 --- [    Test worker] tourGuide.service.TourGuideService       : Track Location for user internalUser4961
2022-10-02 23:12:34.114  INFO 75568 --- [pool-7-thread-1] tourGuide.service.TourGuideService       : Track Location for user internalUser3358
2022-10-02 23:12:34.114  INFO 75568 --- [    Test worker] tourGuide.service.TourGuideService       : Track Location for user internalUser3631
2022-10-02 23:12:34.114  INFO 75568 --- [pool-7-thread-1] tourGuide.service.TourGuideService       : Track Location for user internalUser4689
2022-10-02 23:12:34.114  INFO 75568 --- [    Test worker] tourGuide.service.TourGuideService       : Track Location for user internalUser4962
2022-10-02 23:12:34.114  INFO 75568 --- [pool-7-thread-1] tourGuide.service.TourGuideService       : Track Location for user internalUser3359
2022-10-02 23:12:34.114  INFO 75568 --- [    Test worker] tourGuide.service.TourGuideService       : Track Location for user internalUser3632
2022-10-02 23:12:34.114  INFO 75568 --- [pool-7-thread-1] tourGuide.service.TourGuideService       : Track Location for user internalUser2029
2022-10-02 23:12:34.114  INFO 75568 --- [    Test worker] tourGuide.service.TourGuideService       : Track Location for user internalUser4963
2022-10-02 23:12:34.114  INFO 75568 --- [pool-7-thread-1] tourGuide.service.TourGuideService       : Track Location for user internalUser4680
2022-10-02 23:12:34.114  INFO 75568 --- [    Test worker] tourGuide.service.TourGuideService       : Track Location for user internalUser3633
2022-10-02 23:12:34.114  INFO 75568 --- [pool-7-thread-1] tourGuide.service.TourGuideService       : Track Location for user internalUser2028
2022-10-02 23:12:34.114  INFO 75568 --- [    Test worker] tourGuide.service.TourGuideService       : Track Location for user internalUser4964
2022-10-02 23:12:34.114  INFO 75568 --- [pool-7-thread-1] tourGuide.service.TourGuideService       : Track Location for user internalUser3350
2022-10-02 23:12:34.114  INFO 75568 --- [    Test worker] tourGuide.service.TourGuideService       : Track Location for user internalUser3634
2022-10-02 23:12:34.114  INFO 75568 --- [pool-7-thread-1] tourGuide.service.TourGuideService       : Track Location for user internalUser4681
2022-10-02 23:12:34.114  INFO 75568 --- [    Test worker] tourGuide.service.TourGuideService       : Track Location for user internalUser4965
2022-10-02 23:12:34.114  INFO 75568 --- [pool-7-thread-1] tourGuide.service.TourGuideService       : Track Location for user internalUser2027
2022-10-02 23:12:34.114  INFO 75568 --- [    Test worker] tourGuide.service.TourGuideService       : Track Location for user internalUser3635
2022-10-02 23:12:34.114  INFO 75568 --- [pool-7-thread-1] tourGuide.service.TourGuideService       : Track Location for user internalUser3351
2022-10-02 23:12:34.114  INFO 75568 --- [    Test worker] tourGuide.service.TourGuideService       : Track Location for user internalUser4966
2022-10-02 23:12:34.114  INFO 75568 --- [pool-7-thread-1] tourGuide.service.TourGuideService       : Track Location for user internalUser4682
2022-10-02 23:12:34.114  INFO 75568 --- [    Test worker] tourGuide.service.TourGuideService       : Track Location for user internalUser3636
2022-10-02 23:12:34.114  INFO 75568 --- [pool-7-thread-1] tourGuide.service.TourGuideService       : Track Location for user internalUser2026
2022-10-02 23:12:34.114  INFO 75568 --- [    Test worker] tourGuide.service.TourGuideService       : Track Location for user internalUser4967
2022-10-02 23:12:34.114  INFO 75568 --- [pool-7-thread-1] tourGuide.service.TourGuideService       : Track Location for user internalUser3352
2022-10-02 23:12:34.114  INFO 75568 --- [    Test worker] tourGuide.service.TourGuideService       : Track Location for user internalUser3637
2022-10-02 23:12:34.114  INFO 75568 --- [pool-7-thread-1] tourGuide.service.TourGuideService       : Track Location for user internalUser4683
2022-10-02 23:12:34.114  INFO 75568 --- [    Test worker] tourGuide.service.TourGuideService       : Track Location for user internalUser4968
2022-10-02 23:12:34.114  INFO 75568 --- [pool-7-thread-1] tourGuide.service.TourGuideService       : Track Location for user internalUser2025
2022-10-02 23:12:34.114  INFO 75568 --- [    Test worker] tourGuide.service.TourGuideService       : Track Location for user internalUser2306
2022-10-02 23:12:34.114  INFO 75568 --- [pool-7-thread-1] tourGuide.service.TourGuideService       : Track Location for user internalUser3353
2022-10-02 23:12:34.114  INFO 75568 --- [    Test worker] tourGuide.service.TourGuideService       : Track Location for user internalUser2305
2022-10-02 23:12:34.114  INFO 75568 --- [pool-7-thread-1] tourGuide.service.TourGuideService       : Track Location for user internalUser4684
2022-10-02 23:12:34.114  INFO 75568 --- [    Test worker] tourGuide.service.TourGuideService       : Track Location for user internalUser2304
2022-10-02 23:12:34.114  INFO 75568 --- [pool-7-thread-1] tourGuide.service.TourGuideService       : Track Location for user internalUser2024
2022-10-02 23:12:34.114  INFO 75568 --- [    Test worker] tourGuide.service.TourGuideService       : Track Location for user internalUser2303
2022-10-02 23:12:34.114  INFO 75568 --- [pool-7-thread-1] tourGuide.service.TourGuideService       : Track Location for user internalUser3354
2022-10-02 23:12:34.114  INFO 75568 --- [    Test worker] tourGuide.service.TourGuideService       : Track Location for user internalUser2302
2022-10-02 23:12:34.114  INFO 75568 --- [pool-7-thread-1] tourGuide.service.TourGuideService       : Track Location for user internalUser4685
2022-10-02 23:12:34.114  INFO 75568 --- [    Test worker] tourGuide.service.TourGuideService       : Track Location for user internalUser2301
2022-10-02 23:12:34.114  INFO 75568 --- [pool-7-thread-1] tourGuide.service.TourGuideService       : Track Location for user internalUser2078
2022-10-02 23:12:34.114  INFO 75568 --- [    Test worker] tourGuide.service.TourGuideService       : Track Location for user internalUser2300
2022-10-02 23:12:34.114  INFO 75568 --- [pool-7-thread-1] tourGuide.service.TourGuideService       : Track Location for user internalUser2077
2022-10-02 23:12:34.114  INFO 75568 --- [    Test worker] tourGuide.service.TourGuideService       : Track Location for user internalUser4960
2022-10-02 23:12:34.114  INFO 75568 --- [    Test worker] tourGuide.service.TourGuideService       : Track Location for user internalUser2309
2022-10-02 23:12:34.114  INFO 75568 --- [    Test worker] tourGuide.service.TourGuideService       : Track Location for user internalUser2308
2022-10-02 23:12:34.114  INFO 75568 --- [    Test worker] tourGuide.service.TourGuideService       : Track Location for user internalUser2307
2022-10-02 23:12:34.114  INFO 75568 --- [    Test worker] tourGuide.service.TourGuideService       : Track Location for user internalUser3638
2022-10-02 23:12:34.114  INFO 75568 --- [pool-7-thread-1] tourGuide.service.TourGuideService       : Track Location for user internalUser2076
2022-10-02 23:12:34.114  INFO 75568 --- [    Test worker] tourGuide.service.TourGuideService       : Track Location for user internalUser4969
2022-10-02 23:12:34.114  INFO 75568 --- [pool-7-thread-1] tourGuide.service.TourGuideService       : Track Location for user internalUser2075
2022-10-02 23:12:34.114  INFO 75568 --- [    Test worker] tourGuide.service.TourGuideService       : Track Location for user internalUser3639
2022-10-02 23:12:34.114  INFO 75568 --- [    Test worker] tourGuide.service.TourGuideService       : Track Location for user internalUser1022
2022-10-02 23:12:34.114  INFO 75568 --- [    Test worker] tourGuide.service.TourGuideService       : Track Location for user internalUser2353
2022-10-02 23:12:34.114  INFO 75568 --- [    Test worker] tourGuide.service.TourGuideService       : Track Location for user internalUser3685
2022-10-02 23:12:34.114  INFO 75568 --- [    Test worker] tourGuide.service.TourGuideService       : Track Location for user internalUser1021
2022-10-02 23:12:34.114  INFO 75568 --- [pool-7-thread-1] tourGuide.service.TourGuideService       : Track Location for user internalUser2074
2022-10-02 23:12:34.114  INFO 75568 --- [    Test worker] tourGuide.service.TourGuideService       : Track Location for user internalUser2352
2022-10-02 23:12:34.114  INFO 75568 --- [pool-7-thread-1] tourGuide.service.TourGuideService       : Track Location for user internalUser2073
2022-10-02 23:12:34.114  INFO 75568 --- [    Test worker] tourGuide.service.TourGuideService       : Track Location for user internalUser3686
2022-10-02 23:12:34.114  INFO 75568 --- [pool-7-thread-1] tourGuide.service.TourGuideService       : Track Location for user internalUser2072
2022-10-02 23:12:34.114  INFO 75568 --- [pool-7-thread-1] tourGuide.service.TourGuideService       : Track Location for user internalUser2071
2022-10-02 23:12:34.114  INFO 75568 --- [pool-7-thread-1] tourGuide.service.TourGuideService       : Track Location for user internalUser2079
2022-10-02 23:12:34.114  INFO 75568 --- [pool-7-thread-1] tourGuide.service.TourGuideService       : Track Location for user internalUser2081
2022-10-02 23:12:34.114  INFO 75568 --- [pool-7-thread-1] tourGuide.service.TourGuideService       : Track Location for user internalUser2080
2022-10-02 23:12:34.114  INFO 75568 --- [pool-7-thread-1] tourGuide.service.TourGuideService       : Track Location for user internalUser2089
2022-10-02 23:12:34.114  INFO 75568 --- [    Test worker] tourGuide.service.TourGuideService       : Track Location for user internalUser1020
2022-10-02 23:12:34.114  INFO 75568 --- [pool-7-thread-1] tourGuide.service.TourGuideService       : Track Location for user internalUser2088
2022-10-02 23:12:34.114  INFO 75568 --- [    Test worker] tourGuide.service.TourGuideService       : Track Location for user internalUser2351
2022-10-02 23:12:34.115  INFO 75568 --- [pool-7-thread-1] tourGuide.service.TourGuideService       : Track Location for user internalUser2087
2022-10-02 23:12:34.115  INFO 75568 --- [    Test worker] tourGuide.service.TourGuideService       : Track Location for user internalUser3687
2022-10-02 23:12:34.115  INFO 75568 --- [pool-7-thread-1] tourGuide.service.TourGuideService       : Track Location for user internalUser2086
2022-10-02 23:12:34.115  INFO 75568 --- [    Test worker] tourGuide.service.TourGuideService       : Track Location for user internalUser2350
2022-10-02 23:12:34.115  INFO 75568 --- [pool-7-thread-1] tourGuide.service.TourGuideService       : Track Location for user internalUser2085
2022-10-02 23:12:34.115  INFO 75568 --- [    Test worker] tourGuide.service.TourGuideService       : Track Location for user internalUser3688
2022-10-02 23:12:34.115  INFO 75568 --- [pool-7-thread-1] tourGuide.service.TourGuideService       : Track Location for user internalUser2084
2022-10-02 23:12:34.115  INFO 75568 --- [pool-7-thread-1] tourGuide.service.TourGuideService       : Track Location for user internalUser2083
2022-10-02 23:12:34.115  INFO 75568 --- [pool-7-thread-1] tourGuide.service.TourGuideService       : Track Location for user internalUser2082
2022-10-02 23:12:34.115  INFO 75568 --- [pool-7-thread-1] tourGuide.service.TourGuideService       : Track Location for user internalUser2092
2022-10-02 23:12:34.115  INFO 75568 --- [    Test worker] tourGuide.service.TourGuideService       : Track Location for user internalUser3689
2022-10-02 23:12:34.115  INFO 75568 --- [pool-7-thread-1] tourGuide.service.TourGuideService       : Track Location for user internalUser2091
2022-10-02 23:12:34.115  INFO 75568 --- [    Test worker] tourGuide.service.TourGuideService       : Track Location for user internalUser1029
2022-10-02 23:12:34.115  INFO 75568 --- [    Test worker] tourGuide.service.TourGuideService       : Track Location for user internalUser1028
2022-10-02 23:12:34.115  INFO 75568 --- [    Test worker] tourGuide.service.TourGuideService       : Track Location for user internalUser2359
2022-10-02 23:12:34.115  INFO 75568 --- [pool-7-thread-1] tourGuide.service.TourGuideService       : Track Location for user internalUser2090
2022-10-02 23:12:34.115  INFO 75568 --- [    Test worker] tourGuide.service.TourGuideService       : Track Location for user internalUser1027
2022-10-02 23:12:34.115  INFO 75568 --- [pool-7-thread-1] tourGuide.service.TourGuideService       : Track Location for user internalUser2056
2022-10-02 23:12:34.115  INFO 75568 --- [    Test worker] tourGuide.service.TourGuideService       : Track Location for user internalUser2358
2022-10-02 23:12:34.115  INFO 75568 --- [pool-7-thread-1] tourGuide.service.TourGuideService       : Track Location for user internalUser3388
2022-10-02 23:12:34.115  INFO 75568 --- [    Test worker] tourGuide.service.TourGuideService       : Track Location for user internalUser3680
2022-10-02 23:12:34.115  INFO 75568 --- [pool-7-thread-1] tourGuide.service.TourGuideService       : Track Location for user internalUser2055
2022-10-02 23:12:34.115  INFO 75568 --- [    Test worker] tourGuide.service.TourGuideService       : Track Location for user internalUser1026
2022-10-02 23:12:34.115  INFO 75568 --- [pool-7-thread-1] tourGuide.service.TourGuideService       : Track Location for user internalUser3389
2022-10-02 23:12:34.115  INFO 75568 --- [    Test worker] tourGuide.service.TourGuideService       : Track Location for user internalUser2357
2022-10-02 23:12:34.115  INFO 75568 --- [pool-7-thread-1] tourGuide.service.TourGuideService       : Track Location for user internalUser2054
2022-10-02 23:12:34.115  INFO 75568 --- [    Test worker] tourGuide.service.TourGuideService       : Track Location for user internalUser3681
2022-10-02 23:12:34.115  INFO 75568 --- [pool-7-thread-1] tourGuide.service.TourGuideService       : Track Location for user internalUser2053
2022-10-02 23:12:34.115  INFO 75568 --- [    Test worker] tourGuide.service.TourGuideService       : Track Location for user internalUser1025
2022-10-02 23:12:34.115  INFO 75568 --- [pool-7-thread-1] tourGuide.service.TourGuideService       : Track Location for user internalUser2052
2022-10-02 23:12:34.115  INFO 75568 --- [    Test worker] tourGuide.service.TourGuideService       : Track Location for user internalUser2356
2022-10-02 23:12:34.115  INFO 75568 --- [pool-7-thread-1] tourGuide.service.TourGuideService       : Track Location for user internalUser2051
2022-10-02 23:12:34.115  INFO 75568 --- [    Test worker] tourGuide.service.TourGuideService       : Track Location for user internalUser3682
2022-10-02 23:12:34.115  INFO 75568 --- [pool-7-thread-1] tourGuide.service.TourGuideService       : Track Location for user internalUser2050
2022-10-02 23:12:34.115  INFO 75568 --- [pool-7-thread-1] tourGuide.service.TourGuideService       : Track Location for user internalUser3380
2022-10-02 23:12:34.115  INFO 75568 --- [pool-7-thread-1] tourGuide.service.TourGuideService       : Track Location for user internalUser3381
2022-10-02 23:12:34.115  INFO 75568 --- [    Test worker] tourGuide.service.TourGuideService       : Track Location for user internalUser1024
2022-10-02 23:12:34.115  INFO 75568 --- [pool-7-thread-1] tourGuide.service.TourGuideService       : Track Location for user internalUser3382
2022-10-02 23:12:34.115  INFO 75568 --- [    Test worker] tourGuide.service.TourGuideService       : Track Location for user internalUser2355
2022-10-02 23:12:34.115  INFO 75568 --- [pool-7-thread-1] tourGuide.service.TourGuideService       : Track Location for user internalUser3383
2022-10-02 23:12:34.115  INFO 75568 --- [    Test worker] tourGuide.service.TourGuideService       : Track Location for user internalUser3683
2022-10-02 23:12:34.115  INFO 75568 --- [pool-7-thread-1] tourGuide.service.TourGuideService       : Track Location for user internalUser3384
2022-10-02 23:12:34.115  INFO 75568 --- [    Test worker] tourGuide.service.TourGuideService       : Track Location for user internalUser1023
2022-10-02 23:12:34.115  INFO 75568 --- [pool-7-thread-1] tourGuide.service.TourGuideService       : Track Location for user internalUser2059
2022-10-02 23:12:34.115  INFO 75568 --- [    Test worker] tourGuide.service.TourGuideService       : Track Location for user internalUser2354
2022-10-02 23:12:34.115  INFO 75568 --- [pool-7-thread-1] tourGuide.service.TourGuideService       : Track Location for user internalUser3385
2022-10-02 23:12:34.115  INFO 75568 --- [pool-7-thread-1] tourGuide.service.TourGuideService       : Track Location for user internalUser2058
2022-10-02 23:12:34.115  INFO 75568 --- [    Test worker] tourGuide.service.TourGuideService       : Track Location for user internalUser3684
2022-10-02 23:12:34.115  INFO 75568 --- [pool-7-thread-1] tourGuide.service.TourGuideService       : Track Location for user internalUser3386
2022-10-02 23:12:34.115  INFO 75568 --- [    Test worker] tourGuide.service.TourGuideService       : Track Location for user internalUser1033
2022-10-02 23:12:34.115  INFO 75568 --- [    Test worker] tourGuide.service.TourGuideService       : Track Location for user internalUser2364
2022-10-02 23:12:34.115  INFO 75568 --- [    Test worker] tourGuide.service.TourGuideService       : Track Location for user internalUser3696
2022-10-02 23:12:34.115  INFO 75568 --- [    Test worker] tourGuide.service.TourGuideService       : Track Location for user internalUser1032
2022-10-02 23:12:34.115  INFO 75568 --- [pool-7-thread-1] tourGuide.service.TourGuideService       : Track Location for user internalUser2057
2022-10-02 23:12:34.115  INFO 75568 --- [    Test worker] tourGuide.service.TourGuideService       : Track Location for user internalUser2363
2022-10-02 23:12:34.115  INFO 75568 --- [pool-7-thread-1] tourGuide.service.TourGuideService       : Track Location for user internalUser3387
2022-10-02 23:12:34.115  INFO 75568 --- [    Test worker] tourGuide.service.TourGuideService       : Track Location for user internalUser3697
2022-10-02 23:12:34.115  INFO 75568 --- [pool-7-thread-1] tourGuide.service.TourGuideService       : Track Location for user internalUser3390
2022-10-02 23:12:34.115  INFO 75568 --- [    Test worker] tourGuide.service.TourGuideService       : Track Location for user internalUser1031
2022-10-02 23:12:34.115  INFO 75568 --- [pool-7-thread-1] tourGuide.service.TourGuideService       : Track Location for user internalUser2067
2022-10-02 23:12:34.115  INFO 75568 --- [    Test worker] tourGuide.service.TourGuideService       : Track Location for user internalUser2362
2022-10-02 23:12:34.115  INFO 75568 --- [pool-7-thread-1] tourGuide.service.TourGuideService       : Track Location for user internalUser3399
2022-10-02 23:12:34.115  INFO 75568 --- [    Test worker] tourGuide.service.TourGuideService       : Track Location for user internalUser3698
2022-10-02 23:12:34.115  INFO 75568 --- [pool-7-thread-1] tourGuide.service.TourGuideService       : Track Location for user internalUser2066
2022-10-02 23:12:34.115  INFO 75568 --- [    Test worker] tourGuide.service.TourGuideService       : Track Location for user internalUser1030
2022-10-02 23:12:34.115  INFO 75568 --- [pool-7-thread-1] tourGuide.service.TourGuideService       : Track Location for user internalUser2065
2022-10-02 23:12:34.115  INFO 75568 --- [pool-7-thread-1] tourGuide.service.TourGuideService       : Track Location for user internalUser2064
2022-10-02 23:12:34.115  INFO 75568 --- [pool-7-thread-1] tourGuide.service.TourGuideService       : Track Location for user internalUser2063
2022-10-02 23:12:34.115  INFO 75568 --- [pool-7-thread-1] tourGuide.service.TourGuideService       : Track Location for user internalUser2062
2022-10-02 23:12:34.115  INFO 75568 --- [    Test worker] tourGuide.service.TourGuideService       : Track Location for user internalUser2361
2022-10-02 23:12:34.115  INFO 75568 --- [pool-7-thread-1] tourGuide.service.TourGuideService       : Track Location for user internalUser2061
2022-10-02 23:12:34.115  INFO 75568 --- [    Test worker] tourGuide.service.TourGuideService       : Track Location for user internalUser3699
2022-10-02 23:12:34.115  INFO 75568 --- [pool-7-thread-1] tourGuide.service.TourGuideService       : Track Location for user internalUser2060
2022-10-02 23:12:34.115  INFO 75568 --- [    Test worker] tourGuide.service.TourGuideService       : Track Location for user internalUser2360
2022-10-02 23:12:34.115  INFO 75568 --- [pool-7-thread-1] tourGuide.service.TourGuideService       : Track Location for user internalUser3391
2022-10-02 23:12:34.115  INFO 75568 --- [    Test worker] tourGuide.service.TourGuideService       : Track Location for user internalUser1039
2022-10-02 23:12:34.115  INFO 75568 --- [pool-7-thread-1] tourGuide.service.TourGuideService       : Track Location for user internalUser3392
2022-10-02 23:12:34.115  INFO 75568 --- [    Test worker] tourGuide.service.TourGuideService       : Track Location for user internalUser3690
2022-10-02 23:12:34.115  INFO 75568 --- [pool-7-thread-1] tourGuide.service.TourGuideService       : Track Location for user internalUser3393
2022-10-02 23:12:34.115  INFO 75568 --- [    Test worker] tourGuide.service.TourGuideService       : Track Location for user internalUser1038
2022-10-02 23:12:34.115  INFO 75568 --- [pool-7-thread-1] tourGuide.service.TourGuideService       : Track Location for user internalUser3394
2022-10-02 23:12:34.115  INFO 75568 --- [    Test worker] tourGuide.service.TourGuideService       : Track Location for user internalUser2369
2022-10-02 23:12:34.115  INFO 75568 --- [pool-7-thread-1] tourGuide.service.TourGuideService       : Track Location for user internalUser3395
2022-10-02 23:12:34.115  INFO 75568 --- [    Test worker] tourGuide.service.TourGuideService       : Track Location for user internalUser3691
2022-10-02 23:12:34.115  INFO 75568 --- [    Test worker] tourGuide.service.TourGuideService       : Track Location for user internalUser1037
2022-10-02 23:12:34.115  INFO 75568 --- [    Test worker] tourGuide.service.TourGuideService       : Track Location for user internalUser2368
2022-10-02 23:12:34.115  INFO 75568 --- [    Test worker] tourGuide.service.TourGuideService       : Track Location for user internalUser3692
2022-10-02 23:12:34.115  INFO 75568 --- [pool-7-thread-1] tourGuide.service.TourGuideService       : Track Location for user internalUser3396
2022-10-02 23:12:34.115  INFO 75568 --- [    Test worker] tourGuide.service.TourGuideService       : Track Location for user internalUser1036
2022-10-02 23:12:34.115  INFO 75568 --- [pool-7-thread-1] tourGuide.service.TourGuideService       : Track Location for user internalUser2069
2022-10-02 23:12:34.115  INFO 75568 --- [pool-7-thread-1] tourGuide.service.TourGuideService       : Track Location for user internalUser3397
2022-10-02 23:12:34.115  INFO 75568 --- [pool-7-thread-1] tourGuide.service.TourGuideService       : Track Location for user internalUser2068
2022-10-02 23:12:34.115  INFO 75568 --- [pool-7-thread-1] tourGuide.service.TourGuideService       : Track Location for user internalUser3398
2022-10-02 23:12:34.115  INFO 75568 --- [    Test worker] tourGuide.service.TourGuideService       : Track Location for user internalUser2367
2022-10-02 23:12:34.115  INFO 75568 --- [pool-7-thread-1] tourGuide.service.TourGuideService       : Track Location for user internalUser2070
2022-10-02 23:12:34.115  INFO 75568 --- [    Test worker] tourGuide.service.TourGuideService       : Track Location for user internalUser3693
2022-10-02 23:12:34.115  INFO 75568 --- [    Test worker] tourGuide.service.TourGuideService       : Track Location for user internalUser1035
2022-10-02 23:12:34.115  INFO 75568 --- [pool-7-thread-1] tourGuide.service.TourGuideService       : Track Location for user internalUser5941
2022-10-02 23:12:34.115  INFO 75568 --- [    Test worker] tourGuide.service.TourGuideService       : Track Location for user internalUser2366
2022-10-02 23:12:34.115  INFO 75568 --- [pool-7-thread-1] tourGuide.service.TourGuideService       : Track Location for user internalUser4610
2022-10-02 23:12:34.115  INFO 75568 --- [    Test worker] tourGuide.service.TourGuideService       : Track Location for user internalUser3694
2022-10-02 23:12:34.115  INFO 75568 --- [    Test worker] tourGuide.service.TourGuideService       : Track Location for user internalUser1034
2022-10-02 23:12:34.115  INFO 75568 --- [    Test worker] tourGuide.service.TourGuideService       : Track Location for user internalUser2365
2022-10-02 23:12:34.115  INFO 75568 --- [    Test worker] tourGuide.service.TourGuideService       : Track Location for user internalUser3695
2022-10-02 23:12:34.115  INFO 75568 --- [    Test worker] tourGuide.service.TourGuideService       : Track Location for user internalUser1000
2022-10-02 23:12:34.115  INFO 75568 --- [    Test worker] tourGuide.service.TourGuideService       : Track Location for user internalUser2331
2022-10-02 23:12:34.115  INFO 75568 --- [    Test worker] tourGuide.service.TourGuideService       : Track Location for user internalUser3663
2022-10-02 23:12:34.115  INFO 75568 --- [    Test worker] tourGuide.service.TourGuideService       : Track Location for user internalUser4994
2022-10-02 23:12:34.115  INFO 75568 --- [pool-7-thread-1] tourGuide.service.TourGuideService       : Track Location for user internalUser5940
2022-10-02 23:12:34.115  INFO 75568 --- [    Test worker] tourGuide.service.TourGuideService       : Track Location for user internalUser2330
2022-10-02 23:12:34.115  INFO 75568 --- [pool-7-thread-1] tourGuide.service.TourGuideService       : Track Location for user internalUser4611
2022-10-02 23:12:34.115  INFO 75568 --- [    Test worker] tourGuide.service.TourGuideService       : Track Location for user internalUser3664
2022-10-02 23:12:34.115  INFO 75568 --- [pool-7-thread-1] tourGuide.service.TourGuideService       : Track Location for user internalUser5943
2022-10-02 23:12:34.115  INFO 75568 --- [    Test worker] tourGuide.service.TourGuideService       : Track Location for user internalUser4995
2022-10-02 23:12:34.115  INFO 75568 --- [    Test worker] tourGuide.service.TourGuideService       : Track Location for user internalUser3665
2022-10-02 23:12:34.115  INFO 75568 --- [    Test worker] tourGuide.service.TourGuideService       : Track Location for user internalUser4996
2022-10-02 23:12:34.115  INFO 75568 --- [    Test worker] tourGuide.service.TourGuideService       : Track Location for user internalUser3666
2022-10-02 23:12:34.115  INFO 75568 --- [    Test worker] tourGuide.service.TourGuideService       : Track Location for user internalUser4997
2022-10-02 23:12:34.115  INFO 75568 --- [pool-7-thread-1] tourGuide.service.TourGuideService       : Track Location for user internalUser4612
2022-10-02 23:12:34.115  INFO 75568 --- [    Test worker] tourGuide.service.TourGuideService       : Track Location for user internalUser3667
2022-10-02 23:12:34.115  INFO 75568 --- [pool-7-thread-1] tourGuide.service.TourGuideService       : Track Location for user internalUser5942
2022-10-02 23:12:34.115  INFO 75568 --- [    Test worker] tourGuide.service.TourGuideService       : Track Location for user internalUser4998
2022-10-02 23:12:34.115  INFO 75568 --- [pool-7-thread-1] tourGuide.service.TourGuideService       : Track Location for user internalUser4613
2022-10-02 23:12:34.115  INFO 75568 --- [    Test worker] tourGuide.service.TourGuideService       : Track Location for user internalUser3668
2022-10-02 23:12:34.115  INFO 75568 --- [pool-7-thread-1] tourGuide.service.TourGuideService       : Track Location for user internalUser5945
2022-10-02 23:12:34.115  INFO 75568 --- [    Test worker] tourGuide.service.TourGuideService       : Track Location for user internalUser4999
2022-10-02 23:12:34.115  INFO 75568 --- [pool-7-thread-1] tourGuide.service.TourGuideService       : Track Location for user internalUser4614
2022-10-02 23:12:34.115  INFO 75568 --- [    Test worker] tourGuide.service.TourGuideService       : Track Location for user internalUser3669
2022-10-02 23:12:34.115  INFO 75568 --- [pool-7-thread-1] tourGuide.service.TourGuideService       : Track Location for user internalUser5944
2022-10-02 23:12:34.115  INFO 75568 --- [    Test worker] tourGuide.service.TourGuideService       : Track Location for user internalUser1008
2022-10-02 23:12:34.115  INFO 75568 --- [pool-7-thread-1] tourGuide.service.TourGuideService       : Track Location for user internalUser4615
2022-10-02 23:12:34.115  INFO 75568 --- [pool-7-thread-1] tourGuide.service.TourGuideService       : Track Location for user internalUser5947
2022-10-02 23:12:34.115  INFO 75568 --- [pool-7-thread-1] tourGuide.service.TourGuideService       : Track Location for user internalUser4616
2022-10-02 23:12:34.115  INFO 75568 --- [pool-7-thread-1] tourGuide.service.TourGuideService       : Track Location for user internalUser5946
2022-10-02 23:12:34.115  INFO 75568 --- [pool-7-thread-1] tourGuide.service.TourGuideService       : Track Location for user internalUser4617
2022-10-02 23:12:34.115  INFO 75568 --- [    Test worker] tourGuide.service.TourGuideService       : Track Location for user internalUser2339
2022-10-02 23:12:34.115  INFO 75568 --- [    Test worker] tourGuide.service.TourGuideService       : Track Location for user internalUser1007
2022-10-02 23:12:34.115  INFO 75568 --- [    Test worker] tourGuide.service.TourGuideService       : Track Location for user internalUser2338
2022-10-02 23:12:34.115  INFO 75568 --- [    Test worker] tourGuide.service.TourGuideService       : Track Location for user internalUser1006
2022-10-02 23:12:34.115  INFO 75568 --- [    Test worker] tourGuide.service.TourGuideService       : Track Location for user internalUser2337
2022-10-02 23:12:34.115  INFO 75568 --- [    Test worker] tourGuide.service.TourGuideService       : Track Location for user internalUser1005
2022-10-02 23:12:34.115  INFO 75568 --- [    Test worker] tourGuide.service.TourGuideService       : Track Location for user internalUser2336
2022-10-02 23:12:34.115  INFO 75568 --- [pool-7-thread-1] tourGuide.service.TourGuideService       : Track Location for user internalUser5949
2022-10-02 23:12:34.115  INFO 75568 --- [    Test worker] tourGuide.service.TourGuideService       : Track Location for user internalUser1004
2022-10-02 23:12:34.115  INFO 75568 --- [pool-7-thread-1] tourGuide.service.TourGuideService       : Track Location for user internalUser4618
2022-10-02 23:12:34.115  INFO 75568 --- [    Test worker] tourGuide.service.TourGuideService       : Track Location for user internalUser2335
2022-10-02 23:12:34.115  INFO 75568 --- [pool-7-thread-1] tourGuide.service.TourGuideService       : Track Location for user internalUser5948
2022-10-02 23:12:34.115  INFO 75568 --- [    Test worker] tourGuide.service.TourGuideService       : Track Location for user internalUser4990
2022-10-02 23:12:34.115  INFO 75568 --- [pool-7-thread-1] tourGuide.service.TourGuideService       : Track Location for user internalUser4619
2022-10-02 23:12:34.115  INFO 75568 --- [pool-7-thread-1] tourGuide.service.TourGuideService       : Track Location for user internalUser4620
2022-10-02 23:12:34.115  INFO 75568 --- [pool-7-thread-1] tourGuide.service.TourGuideService       : Track Location for user internalUser5952
2022-10-02 23:12:34.115  INFO 75568 --- [pool-7-thread-1] tourGuide.service.TourGuideService       : Track Location for user internalUser4621
2022-10-02 23:12:34.115  INFO 75568 --- [    Test worker] tourGuide.service.TourGuideService       : Track Location for user internalUser1003
2022-10-02 23:12:34.115  INFO 75568 --- [pool-7-thread-1] tourGuide.service.TourGuideService       : Track Location for user internalUser5951
2022-10-02 23:12:34.115  INFO 75568 --- [    Test worker] tourGuide.service.TourGuideService       : Track Location for user internalUser2334
2022-10-02 23:12:34.115  INFO 75568 --- [pool-7-thread-1] tourGuide.service.TourGuideService       : Track Location for user internalUser4622
2022-10-02 23:12:34.115  INFO 75568 --- [    Test worker] tourGuide.service.TourGuideService       : Track Location for user internalUser3660
2022-10-02 23:12:34.115  INFO 75568 --- [pool-7-thread-1] tourGuide.service.TourGuideService       : Track Location for user internalUser5954
2022-10-02 23:12:34.115  INFO 75568 --- [pool-7-thread-1] tourGuide.service.TourGuideService       : Track Location for user internalUser4623
2022-10-02 23:12:34.115  INFO 75568 --- [pool-7-thread-1] tourGuide.service.TourGuideService       : Track Location for user internalUser5953
2022-10-02 23:12:34.115  INFO 75568 --- [pool-7-thread-1] tourGuide.service.TourGuideService       : Track Location for user internalUser4624
2022-10-02 23:12:34.115  INFO 75568 --- [pool-7-thread-1] tourGuide.service.TourGuideService       : Track Location for user internalUser5956
2022-10-02 23:12:34.115  INFO 75568 --- [    Test worker] tourGuide.service.TourGuideService       : Track Location for user internalUser4991
2022-10-02 23:12:34.115  INFO 75568 --- [pool-7-thread-1] tourGuide.service.TourGuideService       : Track Location for user internalUser4625
2022-10-02 23:12:34.115  INFO 75568 --- [pool-7-thread-1] tourGuide.service.TourGuideService       : Track Location for user internalUser5955
2022-10-02 23:12:34.115  INFO 75568 --- [pool-7-thread-1] tourGuide.service.TourGuideService       : Track Location for user internalUser4626
2022-10-02 23:12:34.115  INFO 75568 --- [pool-7-thread-1] tourGuide.service.TourGuideService       : Track Location for user internalUser5958
2022-10-02 23:12:34.115  INFO 75568 --- [    Test worker] tourGuide.service.TourGuideService       : Track Location for user internalUser1002
2022-10-02 23:12:34.115  INFO 75568 --- [pool-7-thread-1] tourGuide.service.TourGuideService       : Track Location for user internalUser4627
2022-10-02 23:12:34.115  INFO 75568 --- [    Test worker] tourGuide.service.TourGuideService       : Track Location for user internalUser2333
2022-10-02 23:12:34.115  INFO 75568 --- [pool-7-thread-1] tourGuide.service.TourGuideService       : Track Location for user internalUser5957
2022-10-02 23:12:34.115  INFO 75568 --- [    Test worker] tourGuide.service.TourGuideService       : Track Location for user internalUser3661
2022-10-02 23:12:34.115  INFO 75568 --- [pool-7-thread-1] tourGuide.service.TourGuideService       : Track Location for user internalUser5950
2022-10-02 23:12:34.115  INFO 75568 --- [    Test worker] tourGuide.service.TourGuideService       : Track Location for user internalUser4992
2022-10-02 23:12:34.115  INFO 75568 --- [pool-7-thread-1] tourGuide.service.TourGuideService       : Track Location for user internalUser4628
2022-10-02 23:12:34.115  INFO 75568 --- [    Test worker] tourGuide.service.TourGuideService       : Track Location for user internalUser1001
2022-10-02 23:12:34.115  INFO 75568 --- [pool-7-thread-1] tourGuide.service.TourGuideService       : Track Location for user internalUser4629
2022-10-02 23:12:34.115  INFO 75568 --- [    Test worker] tourGuide.service.TourGuideService       : Track Location for user internalUser2332
2022-10-02 23:12:34.115  INFO 75568 --- [pool-7-thread-1] tourGuide.service.TourGuideService       : Track Location for user internalUser5959
2022-10-02 23:12:34.115  INFO 75568 --- [    Test worker] tourGuide.service.TourGuideService       : Track Location for user internalUser3662
2022-10-02 23:12:34.115  INFO 75568 --- [pool-7-thread-1] tourGuide.service.TourGuideService       : Track Location for user internalUser5921
2022-10-02 23:12:34.115  INFO 75568 --- [    Test worker] tourGuide.service.TourGuideService       : Track Location for user internalUser4993
2022-10-02 23:12:34.115  INFO 75568 --- [pool-7-thread-1] tourGuide.service.TourGuideService       : Track Location for user internalUser5920
2022-10-02 23:12:34.115  INFO 75568 --- [    Test worker] tourGuide.service.TourGuideService       : Track Location for user internalUser1009
2022-10-02 23:12:34.115  INFO 75568 --- [pool-7-thread-1] tourGuide.service.TourGuideService       : Track Location for user internalUser5923
2022-10-02 23:12:34.115  INFO 75568 --- [    Test worker] tourGuide.service.TourGuideService       : Track Location for user internalUser1011
2022-10-02 23:12:34.115  INFO 75568 --- [pool-7-thread-1] tourGuide.service.TourGuideService       : Track Location for user internalUser5922
2022-10-02 23:12:34.115  INFO 75568 --- [    Test worker] tourGuide.service.TourGuideService       : Track Location for user internalUser2342
2022-10-02 23:12:34.115  INFO 75568 --- [    Test worker] tourGuide.service.TourGuideService       : Track Location for user internalUser3674
2022-10-02 23:12:34.115  INFO 75568 --- [    Test worker] tourGuide.service.TourGuideService       : Track Location for user internalUser1010
2022-10-02 23:12:34.115  INFO 75568 --- [pool-7-thread-1] tourGuide.service.TourGuideService       : Track Location for user internalUser5925
2022-10-02 23:12:34.115  INFO 75568 --- [    Test worker] tourGuide.service.TourGuideService       : Track Location for user internalUser2341
2022-10-02 23:12:34.115  INFO 75568 --- [pool-7-thread-1] tourGuide.service.TourGuideService       : Track Location for user internalUser5924
2022-10-02 23:12:34.115  INFO 75568 --- [    Test worker] tourGuide.service.TourGuideService       : Track Location for user internalUser3675
2022-10-02 23:12:34.115  INFO 75568 --- [pool-7-thread-1] tourGuide.service.TourGuideService       : Track Location for user internalUser8198
2022-10-02 23:12:34.115  INFO 75568 --- [    Test worker] tourGuide.service.TourGuideService       : Track Location for user internalUser2340
2022-10-02 23:12:34.115  INFO 75568 --- [pool-7-thread-1] tourGuide.service.TourGuideService       : Track Location for user internalUser8199
2022-10-02 23:12:34.115  INFO 75568 --- [    Test worker] tourGuide.service.TourGuideService       : Track Location for user internalUser3676
2022-10-02 23:12:34.115  INFO 75568 --- [pool-7-thread-1] tourGuide.service.TourGuideService       : Track Location for user internalUser5927
2022-10-02 23:12:34.115  INFO 75568 --- [    Test worker] tourGuide.service.TourGuideService       : Track Location for user internalUser3677
2022-10-02 23:12:34.115  INFO 75568 --- [pool-7-thread-1] tourGuide.service.TourGuideService       : Track Location for user internalUser5926
2022-10-02 23:12:34.115  INFO 75568 --- [    Test worker] tourGuide.service.TourGuideService       : Track Location for user internalUser3678
2022-10-02 23:12:34.115  INFO 75568 --- [pool-7-thread-1] tourGuide.service.TourGuideService       : Track Location for user internalUser5929
2022-10-02 23:12:34.115  INFO 75568 --- [    Test worker] tourGuide.service.TourGuideService       : Track Location for user internalUser3679
2022-10-02 23:12:34.115  INFO 75568 --- [pool-7-thread-1] tourGuide.service.TourGuideService       : Track Location for user internalUser5928
2022-10-02 23:12:34.115  INFO 75568 --- [    Test worker] tourGuide.service.TourGuideService       : Track Location for user internalUser1019
2022-10-02 23:12:34.115  INFO 75568 --- [pool-7-thread-1] tourGuide.service.TourGuideService       : Track Location for user internalUser5930
2022-10-02 23:12:34.115  INFO 75568 --- [    Test worker] tourGuide.service.TourGuideService       : Track Location for user internalUser1018
2022-10-02 23:12:34.116  INFO 75568 --- [pool-7-thread-1] tourGuide.service.TourGuideService       : Track Location for user internalUser4600
2022-10-02 23:12:34.116  INFO 75568 --- [    Test worker] tourGuide.service.TourGuideService       : Track Location for user internalUser2349
2022-10-02 23:12:34.116  INFO 75568 --- [pool-7-thread-1] tourGuide.service.TourGuideService       : Track Location for user internalUser5932
2022-10-02 23:12:34.116  INFO 75568 --- [    Test worker] tourGuide.service.TourGuideService       : Track Location for user internalUser1017
2022-10-02 23:12:34.116  INFO 75568 --- [pool-7-thread-1] tourGuide.service.TourGuideService       : Track Location for user internalUser4601
2022-10-02 23:12:34.116  INFO 75568 --- [    Test worker] tourGuide.service.TourGuideService       : Track Location for user internalUser2348
2022-10-02 23:12:34.116  INFO 75568 --- [pool-7-thread-1] tourGuide.service.TourGuideService       : Track Location for user internalUser5931
2022-10-02 23:12:34.116  INFO 75568 --- [    Test worker] tourGuide.service.TourGuideService       : Track Location for user internalUser1016
2022-10-02 23:12:34.116  INFO 75568 --- [pool-7-thread-1] tourGuide.service.TourGuideService       : Track Location for user internalUser4602
2022-10-02 23:12:34.116  INFO 75568 --- [pool-7-thread-1] tourGuide.service.TourGuideService       : Track Location for user internalUser5934
2022-10-02 23:12:34.116  INFO 75568 --- [    Test worker] tourGuide.service.TourGuideService       : Track Location for user internalUser2347
2022-10-02 23:12:34.116  INFO 75568 --- [pool-7-thread-1] tourGuide.service.TourGuideService       : Track Location for user internalUser4603
2022-10-02 23:12:34.116  INFO 75568 --- [    Test worker] tourGuide.service.TourGuideService       : Track Location for user internalUser1015
2022-10-02 23:12:34.116  INFO 75568 --- [    Test worker] tourGuide.service.TourGuideService       : Track Location for user internalUser2346
2022-10-02 23:12:34.116  INFO 75568 --- [pool-7-thread-1] tourGuide.service.TourGuideService       : Track Location for user internalUser5933
2022-10-02 23:12:34.116  INFO 75568 --- [    Test worker] tourGuide.service.TourGuideService       : Track Location for user internalUser3670
2022-10-02 23:12:34.116  INFO 75568 --- [pool-7-thread-1] tourGuide.service.TourGuideService       : Track Location for user internalUser4604
2022-10-02 23:12:34.116  INFO 75568 --- [    Test worker] tourGuide.service.TourGuideService       : Track Location for user internalUser1014
2022-10-02 23:12:34.116  INFO 75568 --- [pool-7-thread-1] tourGuide.service.TourGuideService       : Track Location for user internalUser5936
2022-10-02 23:12:34.116  INFO 75568 --- [    Test worker] tourGuide.service.TourGuideService       : Track Location for user internalUser2345
2022-10-02 23:12:34.116  INFO 75568 --- [    Test worker] tourGuide.service.TourGuideService       : Track Location for user internalUser3671
2022-10-02 23:12:34.116  INFO 75568 --- [pool-7-thread-1] tourGuide.service.TourGuideService       : Track Location for user internalUser4605
2022-10-02 23:12:34.116  INFO 75568 --- [    Test worker] tourGuide.service.TourGuideService       : Track Location for user internalUser1013
2022-10-02 23:12:34.116  INFO 75568 --- [    Test worker] tourGuide.service.TourGuideService       : Track Location for user internalUser2344
2022-10-02 23:12:34.116  INFO 75568 --- [pool-7-thread-1] tourGuide.service.TourGuideService       : Track Location for user internalUser5935
2022-10-02 23:12:34.116  INFO 75568 --- [    Test worker] tourGuide.service.TourGuideService       : Track Location for user internalUser3672
2022-10-02 23:12:34.116  INFO 75568 --- [    Test worker] tourGuide.service.TourGuideService       : Track Location for user internalUser1012
2022-10-02 23:12:34.116  INFO 75568 --- [    Test worker] tourGuide.service.TourGuideService       : Track Location for user internalUser2343
2022-10-02 23:12:34.116  INFO 75568 --- [    Test worker] tourGuide.service.TourGuideService       : Track Location for user internalUser3673
2022-10-02 23:12:34.116  INFO 75568 --- [    Test worker] tourGuide.service.TourGuideService       : Track Location for user internalUser8255
2022-10-02 23:12:34.116  INFO 75568 --- [    Test worker] tourGuide.service.TourGuideService       : Track Location for user internalUser9586
2022-10-02 23:12:34.116  INFO 75568 --- [    Test worker] tourGuide.service.TourGuideService       : Track Location for user internalUser8256
2022-10-02 23:12:34.116  INFO 75568 --- [    Test worker] tourGuide.service.TourGuideService       : Track Location for user internalUser9587
2022-10-02 23:12:34.116  INFO 75568 --- [    Test worker] tourGuide.service.TourGuideService       : Track Location for user internalUser8253
2022-10-02 23:12:34.116  INFO 75568 --- [    Test worker] tourGuide.service.TourGuideService       : Track Location for user internalUser9584
2022-10-02 23:12:34.116  INFO 75568 --- [pool-7-thread-1] tourGuide.service.TourGuideService       : Track Location for user internalUser4606
2022-10-02 23:12:34.116  INFO 75568 --- [    Test worker] tourGuide.service.TourGuideService       : Track Location for user internalUser8254
2022-10-02 23:12:34.116  INFO 75568 --- [pool-7-thread-1] tourGuide.service.TourGuideService       : Track Location for user internalUser5938
2022-10-02 23:12:34.116  INFO 75568 --- [    Test worker] tourGuide.service.TourGuideService       : Track Location for user internalUser9585
2022-10-02 23:12:34.116  INFO 75568 --- [pool-7-thread-1] tourGuide.service.TourGuideService       : Track Location for user internalUser4607
2022-10-02 23:12:34.116  INFO 75568 --- [    Test worker] tourGuide.service.TourGuideService       : Track Location for user internalUser8259
2022-10-02 23:12:34.116  INFO 75568 --- [pool-7-thread-1] tourGuide.service.TourGuideService       : Track Location for user internalUser5937
2022-10-02 23:12:34.116  INFO 75568 --- [    Test worker] tourGuide.service.TourGuideService       : Track Location for user internalUser8257
2022-10-02 23:12:34.116  INFO 75568 --- [pool-7-thread-1] tourGuide.service.TourGuideService       : Track Location for user internalUser4608
2022-10-02 23:12:34.116  INFO 75568 --- [    Test worker] tourGuide.service.TourGuideService       : Track Location for user internalUser9588
2022-10-02 23:12:34.116  INFO 75568 --- [pool-7-thread-1] tourGuide.service.TourGuideService       : Track Location for user internalUser4609
2022-10-02 23:12:34.116  INFO 75568 --- [    Test worker] tourGuide.service.TourGuideService       : Track Location for user internalUser8258
2022-10-02 23:12:34.116  INFO 75568 --- [pool-7-thread-1] tourGuide.service.TourGuideService       : Track Location for user internalUser5939
2022-10-02 23:12:34.116  INFO 75568 --- [    Test worker] tourGuide.service.TourGuideService       : Track Location for user internalUser9589
2022-10-02 23:12:34.116  INFO 75568 --- [pool-7-thread-1] tourGuide.service.TourGuideService       : Track Location for user internalUser3322
2022-10-02 23:12:34.116  INFO 75568 --- [    Test worker] tourGuide.service.TourGuideService       : Track Location for user internalUser9590
2022-10-02 23:12:34.116  INFO 75568 --- [    Test worker] tourGuide.service.TourGuideService       : Track Location for user internalUser8262
2022-10-02 23:12:34.116  INFO 75568 --- [pool-7-thread-1] tourGuide.service.TourGuideService       : Track Location for user internalUser4653
2022-10-02 23:12:34.116  INFO 75568 --- [    Test worker] tourGuide.service.TourGuideService       : Track Location for user internalUser9593
2022-10-02 23:12:34.116  INFO 75568 --- [pool-7-thread-1] tourGuide.service.TourGuideService       : Track Location for user internalUser5985
2022-10-02 23:12:34.116  INFO 75568 --- [    Test worker] tourGuide.service.TourGuideService       : Track Location for user internalUser8263
2022-10-02 23:12:34.116  INFO 75568 --- [pool-7-thread-1] tourGuide.service.TourGuideService       : Track Location for user internalUser3323
2022-10-02 23:12:34.116  INFO 75568 --- [    Test worker] tourGuide.service.TourGuideService       : Track Location for user internalUser9594
2022-10-02 23:12:34.116  INFO 75568 --- [pool-7-thread-1] tourGuide.service.TourGuideService       : Track Location for user internalUser4654
2022-10-02 23:12:34.116  INFO 75568 --- [    Test worker] tourGuide.service.TourGuideService       : Track Location for user internalUser8260
2022-10-02 23:12:34.116  INFO 75568 --- [pool-7-thread-1] tourGuide.service.TourGuideService       : Track Location for user internalUser5984
2022-10-02 23:12:34.116  INFO 75568 --- [    Test worker] tourGuide.service.TourGuideService       : Track Location for user internalUser9591
2022-10-02 23:12:34.116  INFO 75568 --- [pool-7-thread-1] tourGuide.service.TourGuideService       : Track Location for user internalUser3324
2022-10-02 23:12:34.116  INFO 75568 --- [    Test worker] tourGuide.service.TourGuideService       : Track Location for user internalUser8261
2022-10-02 23:12:34.116  INFO 75568 --- [pool-7-thread-1] tourGuide.service.TourGuideService       : Track Location for user internalUser4655
2022-10-02 23:12:34.116  INFO 75568 --- [    Test worker] tourGuide.service.TourGuideService       : Track Location for user internalUser9592
2022-10-02 23:12:34.116  INFO 75568 --- [pool-7-thread-1] tourGuide.service.TourGuideService       : Track Location for user internalUser5987
2022-10-02 23:12:34.116  INFO 75568 --- [    Test worker] tourGuide.service.TourGuideService       : Track Location for user internalUser8266
2022-10-02 23:12:34.116  INFO 75568 --- [pool-7-thread-1] tourGuide.service.TourGuideService       : Track Location for user internalUser3325
2022-10-02 23:12:34.116  INFO 75568 --- [    Test worker] tourGuide.service.TourGuideService       : Track Location for user internalUser9597
2022-10-02 23:12:34.116  INFO 75568 --- [pool-7-thread-1] tourGuide.service.TourGuideService       : Track Location for user internalUser4656
2022-10-02 23:12:34.116  INFO 75568 --- [    Test worker] tourGuide.service.TourGuideService       : Track Location for user internalUser8267
2022-10-02 23:12:34.116  INFO 75568 --- [pool-7-thread-1] tourGuide.service.TourGuideService       : Track Location for user internalUser5986
2022-10-02 23:12:34.116  INFO 75568 --- [    Test worker] tourGuide.service.TourGuideService       : Track Location for user internalUser9598
2022-10-02 23:12:34.116  INFO 75568 --- [pool-7-thread-1] tourGuide.service.TourGuideService       : Track Location for user internalUser3326
2022-10-02 23:12:34.116  INFO 75568 --- [pool-7-thread-1] tourGuide.service.TourGuideService       : Track Location for user internalUser4657
2022-10-02 23:12:34.116  INFO 75568 --- [pool-7-thread-1] tourGuide.service.TourGuideService       : Track Location for user internalUser5989
2022-10-02 23:12:34.116  INFO 75568 --- [pool-7-thread-1] tourGuide.service.TourGuideService       : Track Location for user internalUser3327
2022-10-02 23:12:34.116  INFO 75568 --- [    Test worker] tourGuide.service.TourGuideService       : Track Location for user internalUser8264
2022-10-02 23:12:34.116  INFO 75568 --- [pool-7-thread-1] tourGuide.service.TourGuideService       : Track Location for user internalUser4658
2022-10-02 23:12:34.116  INFO 75568 --- [    Test worker] tourGuide.service.TourGuideService       : Track Location for user internalUser9595
2022-10-02 23:12:34.116  INFO 75568 --- [pool-7-thread-1] tourGuide.service.TourGuideService       : Track Location for user internalUser5988
2022-10-02 23:12:34.116  INFO 75568 --- [    Test worker] tourGuide.service.TourGuideService       : Track Location for user internalUser8265
2022-10-02 23:12:34.116  INFO 75568 --- [pool-7-thread-1] tourGuide.service.TourGuideService       : Track Location for user internalUser3328
2022-10-02 23:12:34.116  INFO 75568 --- [    Test worker] tourGuide.service.TourGuideService       : Track Location for user internalUser9596
2022-10-02 23:12:34.116  INFO 75568 --- [pool-7-thread-1] tourGuide.service.TourGuideService       : Track Location for user internalUser4659
2022-10-02 23:12:34.116  INFO 75568 --- [    Test worker] tourGuide.service.TourGuideService       : Track Location for user internalUser8268
2022-10-02 23:12:34.116  INFO 75568 --- [pool-7-thread-1] tourGuide.service.TourGuideService       : Track Location for user internalUser3329
2022-10-02 23:12:34.116  INFO 75568 --- [    Test worker] tourGuide.service.TourGuideService       : Track Location for user internalUser9599
2022-10-02 23:12:34.116  INFO 75568 --- [pool-7-thread-1] tourGuide.service.TourGuideService       : Track Location for user internalUser5981
2022-10-02 23:12:34.116  INFO 75568 --- [    Test worker] tourGuide.service.TourGuideService       : Track Location for user internalUser8269
2022-10-02 23:12:34.116  INFO 75568 --- [pool-7-thread-1] tourGuide.service.TourGuideService       : Track Location for user internalUser4650
2022-10-02 23:12:34.116  INFO 75568 --- [    Test worker] tourGuide.service.TourGuideService       : Track Location for user internalUser8270
2022-10-02 23:12:34.116  INFO 75568 --- [    Test worker] tourGuide.service.TourGuideService       : Track Location for user internalUser8273
2022-10-02 23:12:34.116  INFO 75568 --- [    Test worker] tourGuide.service.TourGuideService       : Track Location for user internalUser8274
2022-10-02 23:12:34.116  INFO 75568 --- [pool-7-thread-1] tourGuide.service.TourGuideService       : Track Location for user internalUser5980
2022-10-02 23:12:34.116  INFO 75568 --- [    Test worker] tourGuide.service.TourGuideService       : Track Location for user internalUser8271
2022-10-02 23:12:34.116  INFO 75568 --- [pool-7-thread-1] tourGuide.service.TourGuideService       : Track Location for user internalUser3320
2022-10-02 23:12:34.116  INFO 75568 --- [    Test worker] tourGuide.service.TourGuideService       : Track Location for user internalUser8272
2022-10-02 23:12:34.116  INFO 75568 --- [pool-7-thread-1] tourGuide.service.TourGuideService       : Track Location for user internalUser4651
2022-10-02 23:12:34.116  INFO 75568 --- [    Test worker] tourGuide.service.TourGuideService       : Track Location for user internalUser8239
2022-10-02 23:12:34.116  INFO 75568 --- [pool-7-thread-1] tourGuide.service.TourGuideService       : Track Location for user internalUser5983
2022-10-02 23:12:34.116  INFO 75568 --- [    Test worker] tourGuide.service.TourGuideService       : Track Location for user internalUser8233
2022-10-02 23:12:34.116  INFO 75568 --- [pool-7-thread-1] tourGuide.service.TourGuideService       : Track Location for user internalUser3321
2022-10-02 23:12:34.116  INFO 75568 --- [    Test worker] tourGuide.service.TourGuideService       : Track Location for user internalUser9564
2022-10-02 23:12:34.116  INFO 75568 --- [pool-7-thread-1] tourGuide.service.TourGuideService       : Track Location for user internalUser4652
2022-10-02 23:12:34.116  INFO 75568 --- [    Test worker] tourGuide.service.TourGuideService       : Track Location for user internalUser8234
2022-10-02 23:12:34.116  INFO 75568 --- [pool-7-thread-1] tourGuide.service.TourGuideService       : Track Location for user internalUser5982
2022-10-02 23:12:34.116  INFO 75568 --- [    Test worker] tourGuide.service.TourGuideService       : Track Location for user internalUser9565
2022-10-02 23:12:34.116  INFO 75568 --- [pool-7-thread-1] tourGuide.service.TourGuideService       : Track Location for user internalUser2001
2022-10-02 23:12:34.116  INFO 75568 --- [    Test worker] tourGuide.service.TourGuideService       : Track Location for user internalUser8231
2022-10-02 23:12:34.116  INFO 75568 --- [pool-7-thread-1] tourGuide.service.TourGuideService       : Track Location for user internalUser3333
2022-10-02 23:12:34.116  INFO 75568 --- [    Test worker] tourGuide.service.TourGuideService       : Track Location for user internalUser9562
2022-10-02 23:12:34.116  INFO 75568 --- [pool-7-thread-1] tourGuide.service.TourGuideService       : Track Location for user internalUser4664
2022-10-02 23:12:34.116  INFO 75568 --- [pool-7-thread-1] tourGuide.service.TourGuideService       : Track Location for user internalUser5996
2022-10-02 23:12:34.116  INFO 75568 --- [    Test worker] tourGuide.service.TourGuideService       : Track Location for user internalUser8232
2022-10-02 23:12:34.116  INFO 75568 --- [pool-7-thread-1] tourGuide.service.TourGuideService       : Track Location for user internalUser2000
2022-10-02 23:12:34.116  INFO 75568 --- [    Test worker] tourGuide.service.TourGuideService       : Track Location for user internalUser9563
2022-10-02 23:12:34.116  INFO 75568 --- [pool-7-thread-1] tourGuide.service.TourGuideService       : Track Location for user internalUser3334
2022-10-02 23:12:34.116  INFO 75568 --- [pool-7-thread-1] tourGuide.service.TourGuideService       : Track Location for user internalUser4665
2022-10-02 23:12:34.116  INFO 75568 --- [pool-7-thread-1] tourGuide.service.TourGuideService       : Track Location for user internalUser5995
2022-10-02 23:12:34.116  INFO 75568 --- [pool-7-thread-1] tourGuide.service.TourGuideService       : Track Location for user internalUser3335
2022-10-02 23:12:34.116  INFO 75568 --- [pool-7-thread-1] tourGuide.service.TourGuideService       : Track Location for user internalUser4666
2022-10-02 23:12:34.116  INFO 75568 --- [    Test worker] tourGuide.service.TourGuideService       : Track Location for user internalUser8237
2022-10-02 23:12:34.116  INFO 75568 --- [pool-7-thread-1] tourGuide.service.TourGuideService       : Track Location for user internalUser5998
2022-10-02 23:12:34.116  INFO 75568 --- [    Test worker] tourGuide.service.TourGuideService       : Track Location for user internalUser9568
2022-10-02 23:12:34.116  INFO 75568 --- [pool-7-thread-1] tourGuide.service.TourGuideService       : Track Location for user internalUser3336
2022-10-02 23:12:34.116  INFO 75568 --- [pool-7-thread-1] tourGuide.service.TourGuideService       : Track Location for user internalUser4667
2022-10-02 23:12:34.116  INFO 75568 --- [pool-7-thread-1] tourGuide.service.TourGuideService       : Track Location for user internalUser5997
2022-10-02 23:12:34.116  INFO 75568 --- [pool-7-thread-1] tourGuide.service.TourGuideService       : Track Location for user internalUser3337
2022-10-02 23:12:34.116  INFO 75568 --- [    Test worker] tourGuide.service.TourGuideService       : Track Location for user internalUser8238
2022-10-02 23:12:34.116  INFO 75568 --- [pool-7-thread-1] tourGuide.service.TourGuideService       : Track Location for user internalUser4668
2022-10-02 23:12:34.116  INFO 75568 --- [    Test worker] tourGuide.service.TourGuideService       : Track Location for user internalUser9569
2022-10-02 23:12:34.116  INFO 75568 --- [pool-7-thread-1] tourGuide.service.TourGuideService       : Track Location for user internalUser3338
2022-10-02 23:12:34.116  INFO 75568 --- [    Test worker] tourGuide.service.TourGuideService       : Track Location for user internalUser8235
2022-10-02 23:12:34.116  INFO 75568 --- [    Test worker] tourGuide.service.TourGuideService       : Track Location for user internalUser9566
2022-10-02 23:12:34.116  INFO 75568 --- [    Test worker] tourGuide.service.TourGuideService       : Track Location for user internalUser8236
2022-10-02 23:12:34.116  INFO 75568 --- [    Test worker] tourGuide.service.TourGuideService       : Track Location for user internalUser9567
2022-10-02 23:12:34.116  INFO 75568 --- [    Test worker] tourGuide.service.TourGuideService       : Track Location for user internalUser8240
2022-10-02 23:12:34.116  INFO 75568 --- [    Test worker] tourGuide.service.TourGuideService       : Track Location for user internalUser9571
2022-10-02 23:12:34.116  INFO 75568 --- [    Test worker] tourGuide.service.TourGuideService       : Track Location for user internalUser8241
2022-10-02 23:12:34.116  INFO 75568 --- [    Test worker] tourGuide.service.TourGuideService       : Track Location for user internalUser9572
2022-10-02 23:12:34.116  INFO 75568 --- [    Test worker] tourGuide.service.TourGuideService       : Track Location for user internalUser9570
2022-10-02 23:12:34.116  INFO 75568 --- [pool-7-thread-1] tourGuide.service.TourGuideService       : Track Location for user internalUser4669
2022-10-02 23:12:34.116  INFO 75568 --- [    Test worker] tourGuide.service.TourGuideService       : Track Location for user internalUser8244
2022-10-02 23:12:34.116  INFO 75568 --- [pool-7-thread-1] tourGuide.service.TourGuideService       : Track Location for user internalUser5999
2022-10-02 23:12:34.116  INFO 75568 --- [    Test worker] tourGuide.service.TourGuideService       : Track Location for user internalUser9575
2022-10-02 23:12:34.116  INFO 75568 --- [pool-7-thread-1] tourGuide.service.TourGuideService       : Track Location for user internalUser3339
2022-10-02 23:12:34.116  INFO 75568 --- [pool-7-thread-1] tourGuide.service.TourGuideService       : Track Location for user internalUser2009
2022-10-02 23:12:34.116  INFO 75568 --- [pool-7-thread-1] tourGuide.service.TourGuideService       : Track Location for user internalUser2008
2022-10-02 23:12:34.116  INFO 75568 --- [pool-7-thread-1] tourGuide.service.TourGuideService       : Track Location for user internalUser2007
2022-10-02 23:12:34.116  INFO 75568 --- [pool-7-thread-1] tourGuide.service.TourGuideService       : Track Location for user internalUser5990
2022-10-02 23:12:34.116  INFO 75568 --- [    Test worker] tourGuide.service.TourGuideService       : Track Location for user internalUser8245
2022-10-02 23:12:34.116  INFO 75568 --- [pool-7-thread-1] tourGuide.service.TourGuideService       : Track Location for user internalUser2006
2022-10-02 23:12:34.116  INFO 75568 --- [pool-7-thread-1] tourGuide.service.TourGuideService       : Track Location for user internalUser2005
2022-10-02 23:12:34.116  INFO 75568 --- [pool-7-thread-1] tourGuide.service.TourGuideService       : Track Location for user internalUser4660
2022-10-02 23:12:34.116  INFO 75568 --- [    Test worker] tourGuide.service.TourGuideService       : Track Location for user internalUser9576
2022-10-02 23:12:34.116  INFO 75568 --- [pool-7-thread-1] tourGuide.service.TourGuideService       : Track Location for user internalUser5992
2022-10-02 23:12:34.116  INFO 75568 --- [    Test worker] tourGuide.service.TourGuideService       : Track Location for user internalUser8242
2022-10-02 23:12:34.116  INFO 75568 --- [pool-7-thread-1] tourGuide.service.TourGuideService       : Track Location for user internalUser2004
2022-10-02 23:12:34.116  INFO 75568 --- [    Test worker] tourGuide.service.TourGuideService       : Track Location for user internalUser9573
2022-10-02 23:12:34.116  INFO 75568 --- [pool-7-thread-1] tourGuide.service.TourGuideService       : Track Location for user internalUser3330
2022-10-02 23:12:34.116  INFO 75568 --- [    Test worker] tourGuide.service.TourGuideService       : Track Location for user internalUser8243
2022-10-02 23:12:34.116  INFO 75568 --- [    Test worker] tourGuide.service.TourGuideService       : Track Location for user internalUser9574
2022-10-02 23:12:34.116  INFO 75568 --- [    Test worker] tourGuide.service.TourGuideService       : Track Location for user internalUser8248
2022-10-02 23:12:34.116  INFO 75568 --- [    Test worker] tourGuide.service.TourGuideService       : Track Location for user internalUser9579
2022-10-02 23:12:34.116  INFO 75568 --- [pool-7-thread-1] tourGuide.service.TourGuideService       : Track Location for user internalUser4661
2022-10-02 23:12:34.116  INFO 75568 --- [    Test worker] tourGuide.service.TourGuideService       : Track Location for user internalUser8249
2022-10-02 23:12:34.116  INFO 75568 --- [pool-7-thread-1] tourGuide.service.TourGuideService       : Track Location for user internalUser5991
2022-10-02 23:12:34.116  INFO 75568 --- [    Test worker] tourGuide.service.TourGuideService       : Track Location for user internalUser8246
2022-10-02 23:12:34.116  INFO 75568 --- [pool-7-thread-1] tourGuide.service.TourGuideService       : Track Location for user internalUser2003
2022-10-02 23:12:34.116  INFO 75568 --- [    Test worker] tourGuide.service.TourGuideService       : Track Location for user internalUser9577
2022-10-02 23:12:34.116  INFO 75568 --- [pool-7-thread-1] tourGuide.service.TourGuideService       : Track Location for user internalUser3331
2022-10-02 23:12:34.116  INFO 75568 --- [pool-7-thread-1] tourGuide.service.TourGuideService       : Track Location for user internalUser4662
2022-10-02 23:12:34.116  INFO 75568 --- [pool-7-thread-1] tourGuide.service.TourGuideService       : Track Location for user internalUser5994
2022-10-02 23:12:34.116  INFO 75568 --- [    Test worker] tourGuide.service.TourGuideService       : Track Location for user internalUser8247
2022-10-02 23:12:34.116  INFO 75568 --- [pool-7-thread-1] tourGuide.service.TourGuideService       : Track Location for user internalUser2002
2022-10-02 23:12:34.116  INFO 75568 --- [pool-7-thread-1] tourGuide.service.TourGuideService       : Track Location for user internalUser3332
2022-10-02 23:12:34.116  INFO 75568 --- [    Test worker] tourGuide.service.TourGuideService       : Track Location for user internalUser9578
2022-10-02 23:12:34.116  INFO 75568 --- [pool-7-thread-1] tourGuide.service.TourGuideService       : Track Location for user internalUser4663
2022-10-02 23:12:34.116  INFO 75568 --- [    Test worker] tourGuide.service.TourGuideService       : Track Location for user internalUser8251
2022-10-02 23:12:34.116  INFO 75568 --- [pool-7-thread-1] tourGuide.service.TourGuideService       : Track Location for user internalUser5993
2022-10-02 23:12:34.116  INFO 75568 --- [    Test worker] tourGuide.service.TourGuideService       : Track Location for user internalUser9582
2022-10-02 23:12:34.116  INFO 75568 --- [pool-7-thread-1] tourGuide.service.TourGuideService       : Track Location for user internalUser3300
2022-10-02 23:12:34.116  INFO 75568 --- [    Test worker] tourGuide.service.TourGuideService       : Track Location for user internalUser8252
2022-10-02 23:12:34.116  INFO 75568 --- [    Test worker] tourGuide.service.TourGuideService       : Track Location for user internalUser9583
2022-10-02 23:12:34.116  INFO 75568 --- [    Test worker] tourGuide.service.TourGuideService       : Track Location for user internalUser9580
2022-10-02 23:12:34.116  INFO 75568 --- [pool-7-thread-1] tourGuide.service.TourGuideService       : Track Location for user internalUser4631
2022-10-02 23:12:34.116  INFO 75568 --- [pool-7-thread-1] tourGuide.service.TourGuideService       : Track Location for user internalUser5963
2022-10-02 23:12:34.116  INFO 75568 --- [    Test worker] tourGuide.service.TourGuideService       : Track Location for user internalUser8250
2022-10-02 23:12:34.117  INFO 75568 --- [pool-7-thread-1] tourGuide.service.TourGuideService       : Track Location for user internalUser3301
2022-10-02 23:12:34.117  INFO 75568 --- [    Test worker] tourGuide.service.TourGuideService       : Track Location for user internalUser9581
2022-10-02 23:12:34.117  INFO 75568 --- [pool-7-thread-1] tourGuide.service.TourGuideService       : Track Location for user internalUser4632
2022-10-02 23:12:34.117  INFO 75568 --- [    Test worker] tourGuide.service.TourGuideService       : Track Location for user internalUser8299
2022-10-02 23:12:34.117  INFO 75568 --- [pool-7-thread-1] tourGuide.service.TourGuideService       : Track Location for user internalUser5962
2022-10-02 23:12:34.117  INFO 75568 --- [    Test worker] tourGuide.service.TourGuideService       : Track Location for user internalUser8297
2022-10-02 23:12:34.117  INFO 75568 --- [pool-7-thread-1] tourGuide.service.TourGuideService       : Track Location for user internalUser3302
2022-10-02 23:12:34.117  INFO 75568 --- [pool-7-thread-1] tourGuide.service.TourGuideService       : Track Location for user internalUser4633
2022-10-02 23:12:34.117  INFO 75568 --- [    Test worker] tourGuide.service.TourGuideService       : Track Location for user internalUser8298
2022-10-02 23:12:34.117  INFO 75568 --- [pool-7-thread-1] tourGuide.service.TourGuideService       : Track Location for user internalUser5965
2022-10-02 23:12:34.117  INFO 75568 --- [    Test worker] tourGuide.service.TourGuideService       : Track Location for user internalUser4700
2022-10-02 23:12:34.117  INFO 75568 --- [pool-7-thread-1] tourGuide.service.TourGuideService       : Track Location for user internalUser3303
2022-10-02 23:12:34.117  INFO 75568 --- [    Test worker] tourGuide.service.TourGuideService       : Track Location for user internalUser4701
2022-10-02 23:12:34.117  INFO 75568 --- [pool-7-thread-1] tourGuide.service.TourGuideService       : Track Location for user internalUser4634
2022-10-02 23:12:34.117  INFO 75568 --- [    Test worker] tourGuide.service.TourGuideService       : Track Location for user internalUser4702
2022-10-02 23:12:34.117  INFO 75568 --- [pool-7-thread-1] tourGuide.service.TourGuideService       : Track Location for user internalUser5964
2022-10-02 23:12:34.117  INFO 75568 --- [    Test worker] tourGuide.service.TourGuideService       : Track Location for user internalUser4703
2022-10-02 23:12:34.117  INFO 75568 --- [    Test worker] tourGuide.service.TourGuideService       : Track Location for user internalUser4704
2022-10-02 23:12:34.117  INFO 75568 --- [    Test worker] tourGuide.service.TourGuideService       : Track Location for user internalUser4705
2022-10-02 23:12:34.117  INFO 75568 --- [pool-7-thread-1] tourGuide.service.TourGuideService       : Track Location for user internalUser3304
2022-10-02 23:12:34.117  INFO 75568 --- [    Test worker] tourGuide.service.TourGuideService       : Track Location for user internalUser4706
2022-10-02 23:12:34.117  INFO 75568 --- [pool-7-thread-1] tourGuide.service.TourGuideService       : Track Location for user internalUser4635
2022-10-02 23:12:34.117  INFO 75568 --- [    Test worker] tourGuide.service.TourGuideService       : Track Location for user internalUser4707
2022-10-02 23:12:34.117  INFO 75568 --- [pool-7-thread-1] tourGuide.service.TourGuideService       : Track Location for user internalUser5967
2022-10-02 23:12:34.117  INFO 75568 --- [    Test worker] tourGuide.service.TourGuideService       : Track Location for user internalUser4708
2022-10-02 23:12:34.117  INFO 75568 --- [pool-7-thread-1] tourGuide.service.TourGuideService       : Track Location for user internalUser3305
2022-10-02 23:12:34.117  INFO 75568 --- [    Test worker] tourGuide.service.TourGuideService       : Track Location for user internalUser4709
2022-10-02 23:12:34.117  INFO 75568 --- [pool-7-thread-1] tourGuide.service.TourGuideService       : Track Location for user internalUser4636
2022-10-02 23:12:34.117  INFO 75568 --- [    Test worker] tourGuide.service.TourGuideService       : Track Location for user internalUser8277
2022-10-02 23:12:34.117  INFO 75568 --- [pool-7-thread-1] tourGuide.service.TourGuideService       : Track Location for user internalUser5966
2022-10-02 23:12:34.117  INFO 75568 --- [    Test worker] tourGuide.service.TourGuideService       : Track Location for user internalUser8278
2022-10-02 23:12:34.117  INFO 75568 --- [pool-7-thread-1] tourGuide.service.TourGuideService       : Track Location for user internalUser3306
2022-10-02 23:12:34.117  INFO 75568 --- [    Test worker] tourGuide.service.TourGuideService       : Track Location for user internalUser8275
2022-10-02 23:12:34.117  INFO 75568 --- [pool-7-thread-1] tourGuide.service.TourGuideService       : Track Location for user internalUser4637
2022-10-02 23:12:34.117  INFO 75568 --- [    Test worker] tourGuide.service.TourGuideService       : Track Location for user internalUser8276
2022-10-02 23:12:34.117  INFO 75568 --- [pool-7-thread-1] tourGuide.service.TourGuideService       : Track Location for user internalUser5969
2022-10-02 23:12:34.117  INFO 75568 --- [    Test worker] tourGuide.service.TourGuideService       : Track Location for user internalUser8279
2022-10-02 23:12:34.117  INFO 75568 --- [pool-7-thread-1] tourGuide.service.TourGuideService       : Track Location for user internalUser3307
2022-10-02 23:12:34.117  INFO 75568 --- [    Test worker] tourGuide.service.TourGuideService       : Track Location for user internalUser8280
2022-10-02 23:12:34.117  INFO 75568 --- [    Test worker] tourGuide.service.TourGuideService       : Track Location for user internalUser8281
2022-10-02 23:12:34.117  INFO 75568 --- [    Test worker] tourGuide.service.TourGuideService       : Track Location for user internalUser8284
2022-10-02 23:12:34.117  INFO 75568 --- [    Test worker] tourGuide.service.TourGuideService       : Track Location for user internalUser8285
2022-10-02 23:12:34.117  INFO 75568 --- [pool-7-thread-1] tourGuide.service.TourGuideService       : Track Location for user internalUser4638
2022-10-02 23:12:34.117  INFO 75568 --- [    Test worker] tourGuide.service.TourGuideService       : Track Location for user internalUser8282
2022-10-02 23:12:34.117  INFO 75568 --- [pool-7-thread-1] tourGuide.service.TourGuideService       : Track Location for user internalUser5968
2022-10-02 23:12:34.117  INFO 75568 --- [    Test worker] tourGuide.service.TourGuideService       : Track Location for user internalUser8283
2022-10-02 23:12:34.117  INFO 75568 --- [pool-7-thread-1] tourGuide.service.TourGuideService       : Track Location for user internalUser5961
2022-10-02 23:12:34.117  INFO 75568 --- [    Test worker] tourGuide.service.TourGuideService       : Track Location for user internalUser8288
2022-10-02 23:12:34.117  INFO 75568 --- [pool-7-thread-1] tourGuide.service.TourGuideService       : Track Location for user internalUser4630
2022-10-02 23:12:34.117  INFO 75568 --- [    Test worker] tourGuide.service.TourGuideService       : Track Location for user internalUser8289
2022-10-02 23:12:34.117  INFO 75568 --- [    Test worker] tourGuide.service.TourGuideService       : Track Location for user internalUser8286
2022-10-02 23:12:34.117  INFO 75568 --- [    Test worker] tourGuide.service.TourGuideService       : Track Location for user internalUser8287
2022-10-02 23:12:34.117  INFO 75568 --- [    Test worker] tourGuide.service.TourGuideService       : Track Location for user internalUser8291
2022-10-02 23:12:34.117  INFO 75568 --- [pool-7-thread-1] tourGuide.service.TourGuideService       : Track Location for user internalUser5960
2022-10-02 23:12:34.117  INFO 75568 --- [    Test worker] tourGuide.service.TourGuideService       : Track Location for user internalUser8292
2022-10-02 23:12:34.117  INFO 75568 --- [pool-7-thread-1] tourGuide.service.TourGuideService       : Track Location for user internalUser3308
2022-10-02 23:12:34.117  INFO 75568 --- [    Test worker] tourGuide.service.TourGuideService       : Track Location for user internalUser8290
2022-10-02 23:12:34.117  INFO 75568 --- [pool-7-thread-1] tourGuide.service.TourGuideService       : Track Location for user internalUser4639
2022-10-02 23:12:34.117  INFO 75568 --- [pool-7-thread-1] tourGuide.service.TourGuideService       : Track Location for user internalUser3309
2022-10-02 23:12:34.117  INFO 75568 --- [pool-7-thread-1] tourGuide.service.TourGuideService       : Track Location for user internalUser3311
2022-10-02 23:12:34.117  INFO 75568 --- [pool-7-thread-1] tourGuide.service.TourGuideService       : Track Location for user internalUser4642
2022-10-02 23:12:34.117  INFO 75568 --- [    Test worker] tourGuide.service.TourGuideService       : Track Location for user internalUser8295
2022-10-02 23:12:34.117  INFO 75568 --- [pool-7-thread-1] tourGuide.service.TourGuideService       : Track Location for user internalUser5974
2022-10-02 23:12:34.117  INFO 75568 --- [    Test worker] tourGuide.service.TourGuideService       : Track Location for user internalUser8296
2022-10-02 23:12:34.117  INFO 75568 --- [pool-7-thread-1] tourGuide.service.TourGuideService       : Track Location for user internalUser3312
2022-10-02 23:12:34.117  INFO 75568 --- [pool-7-thread-1] tourGuide.service.TourGuideService       : Track Location for user internalUser4643
2022-10-02 23:12:34.117  INFO 75568 --- [pool-7-thread-1] tourGuide.service.TourGuideService       : Track Location for user internalUser5973
2022-10-02 23:12:34.117  INFO 75568 --- [pool-7-thread-1] tourGuide.service.TourGuideService       : Track Location for user internalUser3313
2022-10-02 23:12:34.117  INFO 75568 --- [    Test worker] tourGuide.service.TourGuideService       : Track Location for user internalUser8293
2022-10-02 23:12:34.117  INFO 75568 --- [pool-7-thread-1] tourGuide.service.TourGuideService       : Track Location for user internalUser4644
2022-10-02 23:12:34.117  INFO 75568 --- [pool-7-thread-1] tourGuide.service.TourGuideService       : Track Location for user internalUser5976
2022-10-02 23:12:34.117  INFO 75568 --- [pool-7-thread-1] tourGuide.service.TourGuideService       : Track Location for user internalUser3314
2022-10-02 23:12:34.117  INFO 75568 --- [    Test worker] tourGuide.service.TourGuideService       : Track Location for user internalUser8294
2022-10-02 23:12:34.117  INFO 75568 --- [pool-7-thread-1] tourGuide.service.TourGuideService       : Track Location for user internalUser4645
2022-10-02 23:12:34.117  INFO 75568 --- [pool-7-thread-1] tourGuide.service.TourGuideService       : Track Location for user internalUser5975
2022-10-02 23:12:34.117  INFO 75568 --- [pool-7-thread-1] tourGuide.service.TourGuideService       : Track Location for user internalUser3315
2022-10-02 23:12:34.117  INFO 75568 --- [    Test worker] tourGuide.service.TourGuideService       : Track Location for user internalUser9506
2022-10-02 23:12:34.117  INFO 75568 --- [pool-7-thread-1] tourGuide.service.TourGuideService       : Track Location for user internalUser4646
2022-10-02 23:12:34.117  INFO 75568 --- [    Test worker] tourGuide.service.TourGuideService       : Track Location for user internalUser9507
2022-10-02 23:12:34.117  INFO 75568 --- [pool-7-thread-1] tourGuide.service.TourGuideService       : Track Location for user internalUser5978
2022-10-02 23:12:34.117  INFO 75568 --- [    Test worker] tourGuide.service.TourGuideService       : Track Location for user internalUser9504
2022-10-02 23:12:34.117  INFO 75568 --- [pool-7-thread-1] tourGuide.service.TourGuideService       : Track Location for user internalUser3316
2022-10-02 23:12:34.117  INFO 75568 --- [    Test worker] tourGuide.service.TourGuideService       : Track Location for user internalUser9505
2022-10-02 23:12:34.117  INFO 75568 --- [pool-7-thread-1] tourGuide.service.TourGuideService       : Track Location for user internalUser4647
2022-10-02 23:12:34.117  INFO 75568 --- [    Test worker] tourGuide.service.TourGuideService       : Track Location for user internalUser9508
2022-10-02 23:12:34.117  INFO 75568 --- [pool-7-thread-1] tourGuide.service.TourGuideService       : Track Location for user internalUser5977
2022-10-02 23:12:34.117  INFO 75568 --- [    Test worker] tourGuide.service.TourGuideService       : Track Location for user internalUser9509
2022-10-02 23:12:34.117  INFO 75568 --- [pool-7-thread-1] tourGuide.service.TourGuideService       : Track Location for user internalUser3317
2022-10-02 23:12:34.117  INFO 75568 --- [    Test worker] tourGuide.service.TourGuideService       : Track Location for user internalUser9502
2022-10-02 23:12:34.117  INFO 75568 --- [pool-7-thread-1] tourGuide.service.TourGuideService       : Track Location for user internalUser4648
2022-10-02 23:12:34.117  INFO 75568 --- [    Test worker] tourGuide.service.TourGuideService       : Track Location for user internalUser9503
2022-10-02 23:12:34.117  INFO 75568 --- [pool-7-thread-1] tourGuide.service.TourGuideService       : Track Location for user internalUser3318
2022-10-02 23:12:34.117  INFO 75568 --- [    Test worker] tourGuide.service.TourGuideService       : Track Location for user internalUser9500
2022-10-02 23:12:34.117  INFO 75568 --- [pool-7-thread-1] tourGuide.service.TourGuideService       : Track Location for user internalUser4649
2022-10-02 23:12:34.117  INFO 75568 --- [    Test worker] tourGuide.service.TourGuideService       : Track Location for user internalUser9501
2022-10-02 23:12:34.117  INFO 75568 --- [pool-7-thread-1] tourGuide.service.TourGuideService       : Track Location for user internalUser5979
2022-10-02 23:12:34.117  INFO 75568 --- [    Test worker] tourGuide.service.TourGuideService       : Track Location for user internalUser9517
2022-10-02 23:12:34.117  INFO 75568 --- [pool-7-thread-1] tourGuide.service.TourGuideService       : Track Location for user internalUser5970
2022-10-02 23:12:34.117  INFO 75568 --- [    Test worker] tourGuide.service.TourGuideService       : Track Location for user internalUser9518
2022-10-02 23:12:34.117  INFO 75568 --- [pool-7-thread-1] tourGuide.service.TourGuideService       : Track Location for user internalUser4640
2022-10-02 23:12:34.117  INFO 75568 --- [    Test worker] tourGuide.service.TourGuideService       : Track Location for user internalUser9515
2022-10-02 23:12:34.117  INFO 75568 --- [pool-7-thread-1] tourGuide.service.TourGuideService       : Track Location for user internalUser5972
2022-10-02 23:12:34.117  INFO 75568 --- [    Test worker] tourGuide.service.TourGuideService       : Track Location for user internalUser9516
2022-10-02 23:12:34.117  INFO 75568 --- [pool-7-thread-1] tourGuide.service.TourGuideService       : Track Location for user internalUser3310
2022-10-02 23:12:34.117  INFO 75568 --- [    Test worker] tourGuide.service.TourGuideService       : Track Location for user internalUser9519
2022-10-02 23:12:34.117  INFO 75568 --- [pool-7-thread-1] tourGuide.service.TourGuideService       : Track Location for user internalUser4641
2022-10-02 23:12:34.117  INFO 75568 --- [    Test worker] tourGuide.service.TourGuideService       : Track Location for user internalUser9510
2022-10-02 23:12:34.117  INFO 75568 --- [pool-7-thread-1] tourGuide.service.TourGuideService       : Track Location for user internalUser5971
2022-10-02 23:12:34.117  INFO 75568 --- [    Test worker] tourGuide.service.TourGuideService       : Track Location for user internalUser9513
2022-10-02 23:12:34.117  INFO 75568 --- [pool-7-thread-1] tourGuide.service.TourGuideService       : Track Location for user internalUser3319
2022-10-02 23:12:34.117  INFO 75568 --- [    Test worker] tourGuide.service.TourGuideService       : Track Location for user internalUser9514
2022-10-02 23:12:34.117  INFO 75568 --- [pool-7-thread-1] tourGuide.service.TourGuideService       : Track Location for user internalUser7044
2022-10-02 23:12:34.117  INFO 75568 --- [    Test worker] tourGuide.service.TourGuideService       : Track Location for user internalUser9511
2022-10-02 23:12:34.117  INFO 75568 --- [    Test worker] tourGuide.service.TourGuideService       : Track Location for user internalUser9512
2022-10-02 23:12:34.117  INFO 75568 --- [    Test worker] tourGuide.service.TourGuideService       : Track Location for user internalUser2099
2022-10-02 23:12:34.117  INFO 75568 --- [    Test worker] tourGuide.service.TourGuideService       : Track Location for user internalUser9
2022-10-02 23:12:34.117  INFO 75568 --- [    Test worker] tourGuide.service.TourGuideService       : Track Location for user internalUser2098
2022-10-02 23:12:34.117  INFO 75568 --- [pool-7-thread-1] tourGuide.service.TourGuideService       : Track Location for user internalUser8376
2022-10-02 23:12:34.117  INFO 75568 --- [    Test worker] tourGuide.service.TourGuideService       : Track Location for user internalUser8
2022-10-02 23:12:34.117  INFO 75568 --- [pool-7-thread-1] tourGuide.service.TourGuideService       : Track Location for user internalUser7043
2022-10-02 23:12:34.117  INFO 75568 --- [    Test worker] tourGuide.service.TourGuideService       : Track Location for user internalUser2097
2022-10-02 23:12:34.117  INFO 75568 --- [pool-7-thread-1] tourGuide.service.TourGuideService       : Track Location for user internalUser8377
2022-10-02 23:12:34.117  INFO 75568 --- [    Test worker] tourGuide.service.TourGuideService       : Track Location for user internalUser2096
2022-10-02 23:12:34.117  INFO 75568 --- [pool-7-thread-1] tourGuide.service.TourGuideService       : Track Location for user internalUser7046
2022-10-02 23:12:34.117  INFO 75568 --- [pool-7-thread-1] tourGuide.service.TourGuideService       : Track Location for user internalUser8374
2022-10-02 23:12:34.117  INFO 75568 --- [pool-7-thread-1] tourGuide.service.TourGuideService       : Track Location for user internalUser7045
2022-10-02 23:12:34.117  INFO 75568 --- [    Test worker] tourGuide.service.TourGuideService       : Track Location for user internalUser2095
2022-10-02 23:12:34.117  INFO 75568 --- [pool-7-thread-1] tourGuide.service.TourGuideService       : Track Location for user internalUser8375
2022-10-02 23:12:34.117  INFO 75568 --- [    Test worker] tourGuide.service.TourGuideService       : Track Location for user internalUser2094
2022-10-02 23:12:34.117  INFO 75568 --- [pool-7-thread-1] tourGuide.service.TourGuideService       : Track Location for user internalUser7048
2022-10-02 23:12:34.117  INFO 75568 --- [    Test worker] tourGuide.service.TourGuideService       : Track Location for user internalUser2093
2022-10-02 23:12:34.117  INFO 75568 --- [pool-7-thread-1] tourGuide.service.TourGuideService       : Track Location for user internalUser7047
2022-10-02 23:12:34.117  INFO 75568 --- [    Test worker] tourGuide.service.TourGuideService       : Track Location for user internalUser3
2022-10-02 23:12:34.117  INFO 75568 --- [pool-7-thread-1] tourGuide.service.TourGuideService       : Track Location for user internalUser8378
2022-10-02 23:12:34.117  INFO 75568 --- [    Test worker] tourGuide.service.TourGuideService       : Track Location for user internalUser2
2022-10-02 23:12:34.117  INFO 75568 --- [pool-7-thread-1] tourGuide.service.TourGuideService       : Track Location for user internalUser7049
2022-10-02 23:12:34.117  INFO 75568 --- [    Test worker] tourGuide.service.TourGuideService       : Track Location for user internalUser1
2022-10-02 23:12:34.117  INFO 75568 --- [pool-7-thread-1] tourGuide.service.TourGuideService       : Track Location for user internalUser8379
2022-10-02 23:12:34.117  INFO 75568 --- [    Test worker] tourGuide.service.TourGuideService       : Track Location for user internalUser0
2022-10-02 23:12:34.117  INFO 75568 --- [pool-7-thread-1] tourGuide.service.TourGuideService       : Track Location for user internalUser8380
2022-10-02 23:12:34.117  INFO 75568 --- [    Test worker] tourGuide.service.TourGuideService       : Track Location for user internalUser7
2022-10-02 23:12:34.117  INFO 75568 --- [pool-7-thread-1] tourGuide.service.TourGuideService       : Track Location for user internalUser7051
2022-10-02 23:12:34.117  INFO 75568 --- [    Test worker] tourGuide.service.TourGuideService       : Track Location for user internalUser6
2022-10-02 23:12:34.117  INFO 75568 --- [pool-7-thread-1] tourGuide.service.TourGuideService       : Track Location for user internalUser8383
2022-10-02 23:12:34.117  INFO 75568 --- [pool-7-thread-1] tourGuide.service.TourGuideService       : Track Location for user internalUser7050
2022-10-02 23:12:34.117  INFO 75568 --- [pool-7-thread-1] tourGuide.service.TourGuideService       : Track Location for user internalUser8384
2022-10-02 23:12:34.117  INFO 75568 --- [pool-7-thread-1] tourGuide.service.TourGuideService       : Track Location for user internalUser7053
2022-10-02 23:12:34.117  INFO 75568 --- [pool-7-thread-1] tourGuide.service.TourGuideService       : Track Location for user internalUser8381
2022-10-02 23:12:34.117  INFO 75568 --- [    Test worker] tourGuide.service.TourGuideService       : Track Location for user internalUser5
2022-10-02 23:12:34.117  INFO 75568 --- [pool-7-thread-1] tourGuide.service.TourGuideService       : Track Location for user internalUser7052
2022-10-02 23:12:34.117  INFO 75568 --- [    Test worker] tourGuide.service.TourGuideService       : Track Location for user internalUser4
2022-10-02 23:12:34.117  INFO 75568 --- [pool-7-thread-1] tourGuide.service.TourGuideService       : Track Location for user internalUser8382
2022-10-02 23:12:34.117  INFO 75568 --- [    Test worker] tourGuide.service.TourGuideService       : Track Location for user internalUser8219
2022-10-02 23:12:34.117  INFO 75568 --- [    Test worker] tourGuide.service.TourGuideService       : Track Location for user internalUser8217
2022-10-02 23:12:34.117  INFO 75568 --- [    Test worker] tourGuide.service.TourGuideService       : Track Location for user internalUser9548
2022-10-02 23:12:34.117  INFO 75568 --- [    Test worker] tourGuide.service.TourGuideService       : Track Location for user internalUser8218
2022-10-02 23:12:34.117  INFO 75568 --- [    Test worker] tourGuide.service.TourGuideService       : Track Location for user internalUser9549
2022-10-02 23:12:34.117  INFO 75568 --- [    Test worker] tourGuide.service.TourGuideService       : Track Location for user internalUser8211
2022-10-02 23:12:34.117  INFO 75568 --- [pool-7-thread-1] tourGuide.service.TourGuideService       : Track Location for user internalUser7055
2022-10-02 23:12:34.117  INFO 75568 --- [    Test worker] tourGuide.service.TourGuideService       : Track Location for user internalUser9542
2022-10-02 23:12:34.117  INFO 75568 --- [pool-7-thread-1] tourGuide.service.TourGuideService       : Track Location for user internalUser8387
2022-10-02 23:12:34.117  INFO 75568 --- [pool-7-thread-1] tourGuide.service.TourGuideService       : Track Location for user internalUser7054
2022-10-02 23:12:34.117  INFO 75568 --- [pool-7-thread-1] tourGuide.service.TourGuideService       : Track Location for user internalUser8388
2022-10-02 23:12:34.117  INFO 75568 --- [pool-7-thread-1] tourGuide.service.TourGuideService       : Track Location for user internalUser7057
2022-10-02 23:12:34.117  INFO 75568 --- [    Test worker] tourGuide.service.TourGuideService       : Track Location for user internalUser8212
2022-10-02 23:12:34.117  INFO 75568 --- [pool-7-thread-1] tourGuide.service.TourGuideService       : Track Location for user internalUser8385
2022-10-02 23:12:34.117  INFO 75568 --- [    Test worker] tourGuide.service.TourGuideService       : Track Location for user internalUser9543
2022-10-02 23:12:34.117  INFO 75568 --- [pool-7-thread-1] tourGuide.service.TourGuideService       : Track Location for user internalUser7056
2022-10-02 23:12:34.117  INFO 75568 --- [    Test worker] tourGuide.service.TourGuideService       : Track Location for user internalUser9540
2022-10-02 23:12:34.117  INFO 75568 --- [pool-7-thread-1] tourGuide.service.TourGuideService       : Track Location for user internalUser8386
2022-10-02 23:12:34.117  INFO 75568 --- [    Test worker] tourGuide.service.TourGuideService       : Track Location for user internalUser8210
2022-10-02 23:12:34.117  INFO 75568 --- [pool-7-thread-1] tourGuide.service.TourGuideService       : Track Location for user internalUser7059
2022-10-02 23:12:34.117  INFO 75568 --- [    Test worker] tourGuide.service.TourGuideService       : Track Location for user internalUser9541
2022-10-02 23:12:34.117  INFO 75568 --- [pool-7-thread-1] tourGuide.service.TourGuideService       : Track Location for user internalUser7058
2022-10-02 23:12:34.117  INFO 75568 --- [    Test worker] tourGuide.service.TourGuideService       : Track Location for user internalUser8215
2022-10-02 23:12:34.117  INFO 75568 --- [pool-7-thread-1] tourGuide.service.TourGuideService       : Track Location for user internalUser8389
2022-10-02 23:12:34.117  INFO 75568 --- [    Test worker] tourGuide.service.TourGuideService       : Track Location for user internalUser9546
2022-10-02 23:12:34.117  INFO 75568 --- [    Test worker] tourGuide.service.TourGuideService       : Track Location for user internalUser8216
2022-10-02 23:12:34.117  INFO 75568 --- [    Test worker] tourGuide.service.TourGuideService       : Track Location for user internalUser9547
2022-10-02 23:12:34.117  INFO 75568 --- [pool-7-thread-1] tourGuide.service.TourGuideService       : Track Location for user internalUser8390
2022-10-02 23:12:34.117  INFO 75568 --- [    Test worker] tourGuide.service.TourGuideService       : Track Location for user internalUser8213
2022-10-02 23:12:34.117  INFO 75568 --- [pool-7-thread-1] tourGuide.service.TourGuideService       : Track Location for user internalUser8391
2022-10-02 23:12:34.117  INFO 75568 --- [pool-7-thread-1] tourGuide.service.TourGuideService       : Track Location for user internalUser7060
2022-10-02 23:12:34.117  INFO 75568 --- [pool-7-thread-1] tourGuide.service.TourGuideService       : Track Location for user internalUser7062
2022-10-02 23:12:34.117  INFO 75568 --- [pool-7-thread-1] tourGuide.service.TourGuideService       : Track Location for user internalUser8394
2022-10-02 23:12:34.117  INFO 75568 --- [    Test worker] tourGuide.service.TourGuideService       : Track Location for user internalUser9544
2022-10-02 23:12:34.117  INFO 75568 --- [pool-7-thread-1] tourGuide.service.TourGuideService       : Track Location for user internalUser7061
2022-10-02 23:12:34.117  INFO 75568 --- [    Test worker] tourGuide.service.TourGuideService       : Track Location for user internalUser8214
2022-10-02 23:12:34.117  INFO 75568 --- [    Test worker] tourGuide.service.TourGuideService       : Track Location for user internalUser9545
2022-10-02 23:12:34.117  INFO 75568 --- [pool-7-thread-1] tourGuide.service.TourGuideService       : Track Location for user internalUser8395
2022-10-02 23:12:34.117  INFO 75568 --- [    Test worker] tourGuide.service.TourGuideService       : Track Location for user internalUser9550
2022-10-02 23:12:34.117  INFO 75568 --- [pool-7-thread-1] tourGuide.service.TourGuideService       : Track Location for user internalUser7064
2022-10-02 23:12:34.117  INFO 75568 --- [    Test worker] tourGuide.service.TourGuideService       : Track Location for user internalUser8228
2022-10-02 23:12:34.117  INFO 75568 --- [    Test worker] tourGuide.service.TourGuideService       : Track Location for user internalUser9559
2022-10-02 23:12:34.117  INFO 75568 --- [    Test worker] tourGuide.service.TourGuideService       : Track Location for user internalUser8229
2022-10-02 23:12:34.117  INFO 75568 --- [pool-7-thread-1] tourGuide.service.TourGuideService       : Track Location for user internalUser8392
2022-10-02 23:12:34.117  INFO 75568 --- [    Test worker] tourGuide.service.TourGuideService       : Track Location for user internalUser8222
2022-10-02 23:12:34.117  INFO 75568 --- [pool-7-thread-1] tourGuide.service.TourGuideService       : Track Location for user internalUser7063
2022-10-02 23:12:34.117  INFO 75568 --- [    Test worker] tourGuide.service.TourGuideService       : Track Location for user internalUser9553
2022-10-02 23:12:34.117  INFO 75568 --- [pool-7-thread-1] tourGuide.service.TourGuideService       : Track Location for user internalUser8393
2022-10-02 23:12:34.117  INFO 75568 --- [pool-7-thread-1] tourGuide.service.TourGuideService       : Track Location for user internalUser7029
2022-10-02 23:12:34.117  INFO 75568 --- [pool-7-thread-1] tourGuide.service.TourGuideService       : Track Location for user internalUser7022
2022-10-02 23:12:34.117  INFO 75568 --- [pool-7-thread-1] tourGuide.service.TourGuideService       : Track Location for user internalUser8354
2022-10-02 23:12:34.117  INFO 75568 --- [    Test worker] tourGuide.service.TourGuideService       : Track Location for user internalUser8223
2022-10-02 23:12:34.117  INFO 75568 --- [pool-7-thread-1] tourGuide.service.TourGuideService       : Track Location for user internalUser9685
2022-10-02 23:12:34.117  INFO 75568 --- [    Test worker] tourGuide.service.TourGuideService       : Track Location for user internalUser9554
2022-10-02 23:12:34.117  INFO 75568 --- [pool-7-thread-1] tourGuide.service.TourGuideService       : Track Location for user internalUser7021
2022-10-02 23:12:34.117  INFO 75568 --- [pool-7-thread-1] tourGuide.service.TourGuideService       : Track Location for user internalUser8355
2022-10-02 23:12:34.117  INFO 75568 --- [pool-7-thread-1] tourGuide.service.TourGuideService       : Track Location for user internalUser9686
2022-10-02 23:12:34.117  INFO 75568 --- [pool-7-thread-1] tourGuide.service.TourGuideService       : Track Location for user internalUser7024
2022-10-02 23:12:34.117  INFO 75568 --- [    Test worker] tourGuide.service.TourGuideService       : Track Location for user internalUser8220
2022-10-02 23:12:34.117  INFO 75568 --- [pool-7-thread-1] tourGuide.service.TourGuideService       : Track Location for user internalUser8352
2022-10-02 23:12:34.118  INFO 75568 --- [    Test worker] tourGuide.service.TourGuideService       : Track Location for user internalUser9551
2022-10-02 23:12:34.118  INFO 75568 --- [pool-7-thread-1] tourGuide.service.TourGuideService       : Track Location for user internalUser9683
2022-10-02 23:12:34.118  INFO 75568 --- [pool-7-thread-1] tourGuide.service.TourGuideService       : Track Location for user internalUser7023
2022-10-02 23:12:34.118  INFO 75568 --- [pool-7-thread-1] tourGuide.service.TourGuideService       : Track Location for user internalUser8353
2022-10-02 23:12:34.118  INFO 75568 --- [pool-7-thread-1] tourGuide.service.TourGuideService       : Track Location for user internalUser9684
2022-10-02 23:12:34.118  INFO 75568 --- [pool-7-thread-1] tourGuide.service.TourGuideService       : Track Location for user internalUser7026
2022-10-02 23:12:34.118  INFO 75568 --- [pool-7-thread-1] tourGuide.service.TourGuideService       : Track Location for user internalUser8358
2022-10-02 23:12:34.118  INFO 75568 --- [    Test worker] tourGuide.service.TourGuideService       : Track Location for user internalUser8221
2022-10-02 23:12:34.118  INFO 75568 --- [pool-7-thread-1] tourGuide.service.TourGuideService       : Track Location for user internalUser9689
2022-10-02 23:12:34.118  INFO 75568 --- [pool-7-thread-1] tourGuide.service.TourGuideService       : Track Location for user internalUser7025
2022-10-02 23:12:34.118  INFO 75568 --- [pool-7-thread-1] tourGuide.service.TourGuideService       : Track Location for user internalUser8359
2022-10-02 23:12:34.118  INFO 75568 --- [pool-7-thread-1] tourGuide.service.TourGuideService       : Track Location for user internalUser7028
2022-10-02 23:12:34.118  INFO 75568 --- [    Test worker] tourGuide.service.TourGuideService       : Track Location for user internalUser9552
2022-10-02 23:12:34.118  INFO 75568 --- [pool-7-thread-1] tourGuide.service.TourGuideService       : Track Location for user internalUser8356
2022-10-02 23:12:34.118  INFO 75568 --- [pool-7-thread-1] tourGuide.service.TourGuideService       : Track Location for user internalUser9687
2022-10-02 23:12:34.118  INFO 75568 --- [pool-7-thread-1] tourGuide.service.TourGuideService       : Track Location for user internalUser7027
2022-10-02 23:12:34.118  INFO 75568 --- [pool-7-thread-1] tourGuide.service.TourGuideService       : Track Location for user internalUser8357
2022-10-02 23:12:34.118  INFO 75568 --- [pool-7-thread-1] tourGuide.service.TourGuideService       : Track Location for user internalUser9688
2022-10-02 23:12:34.118  INFO 75568 --- [pool-7-thread-1] tourGuide.service.TourGuideService       : Track Location for user internalUser8361
2022-10-02 23:12:34.118  INFO 75568 --- [pool-7-thread-1] tourGuide.service.TourGuideService       : Track Location for user internalUser9692
2022-10-02 23:12:34.118  INFO 75568 --- [pool-7-thread-1] tourGuide.service.TourGuideService       : Track Location for user internalUser8362
2022-10-02 23:12:34.118  INFO 75568 --- [    Test worker] tourGuide.service.TourGuideService       : Track Location for user internalUser8226
2022-10-02 23:12:34.118  INFO 75568 --- [pool-7-thread-1] tourGuide.service.TourGuideService       : Track Location for user internalUser9693
2022-10-02 23:12:34.118  INFO 75568 --- [    Test worker] tourGuide.service.TourGuideService       : Track Location for user internalUser9557
2022-10-02 23:12:34.118  INFO 75568 --- [    Test worker] tourGuide.service.TourGuideService       : Track Location for user internalUser8227
2022-10-02 23:12:34.118  INFO 75568 --- [    Test worker] tourGuide.service.TourGuideService       : Track Location for user internalUser9558
2022-10-02 23:12:34.118  INFO 75568 --- [pool-7-thread-1] tourGuide.service.TourGuideService       : Track Location for user internalUser7031
2022-10-02 23:12:34.118  INFO 75568 --- [    Test worker] tourGuide.service.TourGuideService       : Track Location for user internalUser8224
2022-10-02 23:12:34.118  INFO 75568 --- [pool-7-thread-1] tourGuide.service.TourGuideService       : Track Location for user internalUser9690
2022-10-02 23:12:34.118  INFO 75568 --- [pool-7-thread-1] tourGuide.service.TourGuideService       : Track Location for user internalUser7030
2022-10-02 23:12:34.118  INFO 75568 --- [pool-7-thread-1] tourGuide.service.TourGuideService       : Track Location for user internalUser8360
2022-10-02 23:12:34.118  INFO 75568 --- [pool-7-thread-1] tourGuide.service.TourGuideService       : Track Location for user internalUser9691
2022-10-02 23:12:34.118  INFO 75568 --- [pool-7-thread-1] tourGuide.service.TourGuideService       : Track Location for user internalUser7033
2022-10-02 23:12:34.118  INFO 75568 --- [    Test worker] tourGuide.service.TourGuideService       : Track Location for user internalUser9555
2022-10-02 23:12:34.118  INFO 75568 --- [pool-7-thread-1] tourGuide.service.TourGuideService       : Track Location for user internalUser8365
2022-10-02 23:12:34.118  INFO 75568 --- [    Test worker] tourGuide.service.TourGuideService       : Track Location for user internalUser8225
2022-10-02 23:12:34.118  INFO 75568 --- [    Test worker] tourGuide.service.TourGuideService       : Track Location for user internalUser9556
2022-10-02 23:12:34.118  INFO 75568 --- [    Test worker] tourGuide.service.TourGuideService       : Track Location for user internalUser9560
2022-10-02 23:12:34.118  INFO 75568 --- [    Test worker] tourGuide.service.TourGuideService       : Track Location for user internalUser8230
2022-10-02 23:12:34.118  INFO 75568 --- [    Test worker] tourGuide.service.TourGuideService       : Track Location for user internalUser9561
2022-10-02 23:12:34.118  INFO 75568 --- [    Test worker] tourGuide.service.TourGuideService       : Track Location for user internalUser9528
2022-10-02 23:12:34.118  INFO 75568 --- [    Test worker] tourGuide.service.TourGuideService       : Track Location for user internalUser9529
2022-10-02 23:12:34.118  INFO 75568 --- [    Test worker] tourGuide.service.TourGuideService       : Track Location for user internalUser9526
2022-10-02 23:12:34.118  INFO 75568 --- [pool-7-thread-1] tourGuide.service.TourGuideService       : Track Location for user internalUser9696
2022-10-02 23:12:34.118  INFO 75568 --- [pool-7-thread-1] tourGuide.service.TourGuideService       : Track Location for user internalUser7032
2022-10-02 23:12:34.118  INFO 75568 --- [pool-7-thread-1] tourGuide.service.TourGuideService       : Track Location for user internalUser8366
2022-10-02 23:12:34.118  INFO 75568 --- [pool-7-thread-1] tourGuide.service.TourGuideService       : Track Location for user internalUser9697
2022-10-02 23:12:34.118  INFO 75568 --- [    Test worker] tourGuide.service.TourGuideService       : Track Location for user internalUser9527
2022-10-02 23:12:34.118  INFO 75568 --- [pool-7-thread-1] tourGuide.service.TourGuideService       : Track Location for user internalUser7035
2022-10-02 23:12:34.118  INFO 75568 --- [    Test worker] tourGuide.service.TourGuideService       : Track Location for user internalUser9520
2022-10-02 23:12:34.118  INFO 75568 --- [pool-7-thread-1] tourGuide.service.TourGuideService       : Track Location for user internalUser8363
2022-10-02 23:12:34.118  INFO 75568 --- [pool-7-thread-1] tourGuide.service.TourGuideService       : Track Location for user internalUser9694
2022-10-02 23:12:34.118  INFO 75568 --- [pool-7-thread-1] tourGuide.service.TourGuideService       : Track Location for user internalUser7034
2022-10-02 23:12:34.118  INFO 75568 --- [pool-7-thread-1] tourGuide.service.TourGuideService       : Track Location for user internalUser8364
2022-10-02 23:12:34.118  INFO 75568 --- [pool-7-thread-1] tourGuide.service.TourGuideService       : Track Location for user internalUser9695
2022-10-02 23:12:34.118  INFO 75568 --- [pool-7-thread-1] tourGuide.service.TourGuideService       : Track Location for user internalUser7037
2022-10-02 23:12:34.118  INFO 75568 --- [    Test worker] tourGuide.service.TourGuideService       : Track Location for user internalUser9521
2022-10-02 23:12:34.118  INFO 75568 --- [pool-7-thread-1] tourGuide.service.TourGuideService       : Track Location for user internalUser8369
2022-10-02 23:12:34.118  INFO 75568 --- [    Test worker] tourGuide.service.TourGuideService       : Track Location for user internalUser9524
2022-10-02 23:12:34.118  INFO 75568 --- [pool-7-thread-1] tourGuide.service.TourGuideService       : Track Location for user internalUser7036
2022-10-02 23:12:34.118  INFO 75568 --- [    Test worker] tourGuide.service.TourGuideService       : Track Location for user internalUser9525
2022-10-02 23:12:34.118  INFO 75568 --- [pool-7-thread-1] tourGuide.service.TourGuideService       : Track Location for user internalUser7039
2022-10-02 23:12:34.118  INFO 75568 --- [pool-7-thread-1] tourGuide.service.TourGuideService       : Track Location for user internalUser8367
2022-10-02 23:12:34.118  INFO 75568 --- [pool-7-thread-1] tourGuide.service.TourGuideService       : Track Location for user internalUser9698
2022-10-02 23:12:34.118  INFO 75568 --- [pool-7-thread-1] tourGuide.service.TourGuideService       : Track Location for user internalUser7038
2022-10-02 23:12:34.118  INFO 75568 --- [    Test worker] tourGuide.service.TourGuideService       : Track Location for user internalUser9522
2022-10-02 23:12:34.118  INFO 75568 --- [pool-7-thread-1] tourGuide.service.TourGuideService       : Track Location for user internalUser8368
2022-10-02 23:12:34.118  INFO 75568 --- [    Test worker] tourGuide.service.TourGuideService       : Track Location for user internalUser9523
2022-10-02 23:12:34.118  INFO 75568 --- [pool-7-thread-1] tourGuide.service.TourGuideService       : Track Location for user internalUser9699
2022-10-02 23:12:34.118  INFO 75568 --- [    Test worker] tourGuide.service.TourGuideService       : Track Location for user internalUser8208
2022-10-02 23:12:34.118  INFO 75568 --- [pool-7-thread-1] tourGuide.service.TourGuideService       : Track Location for user internalUser7040
2022-10-02 23:12:34.118  INFO 75568 --- [    Test worker] tourGuide.service.TourGuideService       : Track Location for user internalUser9539
2022-10-02 23:12:34.118  INFO 75568 --- [pool-7-thread-1] tourGuide.service.TourGuideService       : Track Location for user internalUser8372
2022-10-02 23:12:34.118  INFO 75568 --- [    Test worker] tourGuide.service.TourGuideService       : Track Location for user internalUser8209
2022-10-02 23:12:34.118  INFO 75568 --- [pool-7-thread-1] tourGuide.service.TourGuideService       : Track Location for user internalUser8373
2022-10-02 23:12:34.118  INFO 75568 --- [    Test worker] tourGuide.service.TourGuideService       : Track Location for user internalUser8206
2022-10-02 23:12:34.118  INFO 75568 --- [pool-7-thread-1] tourGuide.service.TourGuideService       : Track Location for user internalUser7042
2022-10-02 23:12:34.118  INFO 75568 --- [    Test worker] tourGuide.service.TourGuideService       : Track Location for user internalUser9537
2022-10-02 23:12:34.118  INFO 75568 --- [pool-7-thread-1] tourGuide.service.TourGuideService       : Track Location for user internalUser8370
2022-10-02 23:12:34.118  INFO 75568 --- [    Test worker] tourGuide.service.TourGuideService       : Track Location for user internalUser8207
2022-10-02 23:12:34.118  INFO 75568 --- [    Test worker] tourGuide.service.TourGuideService       : Track Location for user internalUser9538
2022-10-02 23:12:34.118  INFO 75568 --- [pool-7-thread-1] tourGuide.service.TourGuideService       : Track Location for user internalUser7041
2022-10-02 23:12:34.118  INFO 75568 --- [    Test worker] tourGuide.service.TourGuideService       : Track Location for user internalUser8200
2022-10-02 23:12:34.118  INFO 75568 --- [pool-7-thread-1] tourGuide.service.TourGuideService       : Track Location for user internalUser8371
2022-10-02 23:12:34.118  INFO 75568 --- [pool-7-thread-1] tourGuide.service.TourGuideService       : Track Location for user internalUser4810
2022-10-02 23:12:34.118  INFO 75568 --- [pool-7-thread-1] tourGuide.service.TourGuideService       : Track Location for user internalUser4811
2022-10-02 23:12:34.118  INFO 75568 --- [pool-7-thread-1] tourGuide.service.TourGuideService       : Track Location for user internalUser4812
2022-10-02 23:12:34.118  INFO 75568 --- [pool-7-thread-1] tourGuide.service.TourGuideService       : Track Location for user internalUser4813
2022-10-02 23:12:34.118  INFO 75568 --- [    Test worker] tourGuide.service.TourGuideService       : Track Location for user internalUser9531
2022-10-02 23:12:34.118  INFO 75568 --- [pool-7-thread-1] tourGuide.service.TourGuideService       : Track Location for user internalUser4814
2022-10-02 23:12:34.118  INFO 75568 --- [pool-7-thread-1] tourGuide.service.TourGuideService       : Track Location for user internalUser7088
2022-10-02 23:12:34.118  INFO 75568 --- [pool-7-thread-1] tourGuide.service.TourGuideService       : Track Location for user internalUser7087
2022-10-02 23:12:34.118  INFO 75568 --- [pool-7-thread-1] tourGuide.service.TourGuideService       : Track Location for user internalUser7089
2022-10-02 23:12:34.118  INFO 75568 --- [    Test worker] tourGuide.service.TourGuideService       : Track Location for user internalUser8201
2022-10-02 23:12:34.118  INFO 75568 --- [pool-7-thread-1] tourGuide.service.TourGuideService       : Track Location for user internalUser7091
2022-10-02 23:12:34.118  INFO 75568 --- [    Test worker] tourGuide.service.TourGuideService       : Track Location for user internalUser9532
2022-10-02 23:12:34.118  INFO 75568 --- [pool-7-thread-1] tourGuide.service.TourGuideService       : Track Location for user internalUser7090
2022-10-02 23:12:34.118  INFO 75568 --- [pool-7-thread-1] tourGuide.service.TourGuideService       : Track Location for user internalUser7093
2022-10-02 23:12:34.118  INFO 75568 --- [pool-7-thread-1] tourGuide.service.TourGuideService       : Track Location for user internalUser7092
2022-10-02 23:12:34.118  INFO 75568 --- [    Test worker] tourGuide.service.TourGuideService       : Track Location for user internalUser9530
2022-10-02 23:12:34.118  INFO 75568 --- [pool-7-thread-1] tourGuide.service.TourGuideService       : Track Location for user internalUser7095
2022-10-02 23:12:34.118  INFO 75568 --- [    Test worker] tourGuide.service.TourGuideService       : Track Location for user internalUser8204
2022-10-02 23:12:34.118  INFO 75568 --- [    Test worker] tourGuide.service.TourGuideService       : Track Location for user internalUser9535
2022-10-02 23:12:34.118  INFO 75568 --- [    Test worker] tourGuide.service.TourGuideService       : Track Location for user internalUser8205
2022-10-02 23:12:34.118  INFO 75568 --- [    Test worker] tourGuide.service.TourGuideService       : Track Location for user internalUser9536
2022-10-02 23:12:34.118  INFO 75568 --- [    Test worker] tourGuide.service.TourGuideService       : Track Location for user internalUser8202
2022-10-02 23:12:34.118  INFO 75568 --- [    Test worker] tourGuide.service.TourGuideService       : Track Location for user internalUser9533
2022-10-02 23:12:34.118  INFO 75568 --- [pool-7-thread-1] tourGuide.service.TourGuideService       : Track Location for user internalUser7094
2022-10-02 23:12:34.118  INFO 75568 --- [    Test worker] tourGuide.service.TourGuideService       : Track Location for user internalUser8203
2022-10-02 23:12:34.118  INFO 75568 --- [pool-7-thread-1] tourGuide.service.TourGuideService       : Track Location for user internalUser7097
2022-10-02 23:12:34.118  INFO 75568 --- [pool-7-thread-1] tourGuide.service.TourGuideService       : Track Location for user internalUser7096
2022-10-02 23:12:34.118  INFO 75568 --- [pool-7-thread-1] tourGuide.service.TourGuideService       : Track Location for user internalUser4815
2022-10-02 23:12:34.118  INFO 75568 --- [pool-7-thread-1] tourGuide.service.TourGuideService       : Track Location for user internalUser4816
2022-10-02 23:12:34.118  INFO 75568 --- [    Test worker] tourGuide.service.TourGuideService       : Track Location for user internalUser9534
2022-10-02 23:12:34.118  INFO 75568 --- [pool-7-thread-1] tourGuide.service.TourGuideService       : Track Location for user internalUser4817
2022-10-02 23:12:34.118  INFO 75568 --- [    Test worker] tourGuide.service.TourGuideService       : Track Location for user internalUser2034
2022-10-02 23:12:34.118  INFO 75568 --- [pool-7-thread-1] tourGuide.service.TourGuideService       : Track Location for user internalUser4818
2022-10-02 23:12:34.118  INFO 75568 --- [    Test worker] tourGuide.service.TourGuideService       : Track Location for user internalUser3366
2022-10-02 23:12:34.118  INFO 75568 --- [pool-7-thread-1] tourGuide.service.TourGuideService       : Track Location for user internalUser4819
2022-10-02 23:12:34.118  INFO 75568 --- [    Test worker] tourGuide.service.TourGuideService       : Track Location for user internalUser4697
2022-10-02 23:12:34.118  INFO 75568 --- [pool-7-thread-1] tourGuide.service.TourGuideService       : Track Location for user internalUser4820
2022-10-02 23:12:34.118  INFO 75568 --- [    Test worker] tourGuide.service.TourGuideService       : Track Location for user internalUser2033
2022-10-02 23:12:34.118  INFO 75568 --- [pool-7-thread-1] tourGuide.service.TourGuideService       : Track Location for user internalUser4821
2022-10-02 23:12:34.118  INFO 75568 --- [    Test worker] tourGuide.service.TourGuideService       : Track Location for user internalUser3367
2022-10-02 23:12:34.118  INFO 75568 --- [pool-7-thread-1] tourGuide.service.TourGuideService       : Track Location for user internalUser4822
2022-10-02 23:12:34.118  INFO 75568 --- [    Test worker] tourGuide.service.TourGuideService       : Track Location for user internalUser4698
2022-10-02 23:12:34.118  INFO 75568 --- [pool-7-thread-1] tourGuide.service.TourGuideService       : Track Location for user internalUser4823
2022-10-02 23:12:34.118  INFO 75568 --- [    Test worker] tourGuide.service.TourGuideService       : Track Location for user internalUser2032
2022-10-02 23:12:34.118  INFO 75568 --- [pool-7-thread-1] tourGuide.service.TourGuideService       : Track Location for user internalUser4824
2022-10-02 23:12:34.118  INFO 75568 --- [    Test worker] tourGuide.service.TourGuideService       : Track Location for user internalUser3368
2022-10-02 23:12:34.118  INFO 75568 --- [pool-7-thread-1] tourGuide.service.TourGuideService       : Track Location for user internalUser4825
2022-10-02 23:12:34.118  INFO 75568 --- [    Test worker] tourGuide.service.TourGuideService       : Track Location for user internalUser4699
2022-10-02 23:12:34.118  INFO 75568 --- [pool-7-thread-1] tourGuide.service.TourGuideService       : Track Location for user internalUser7099
2022-10-02 23:12:34.118  INFO 75568 --- [    Test worker] tourGuide.service.TourGuideService       : Track Location for user internalUser2031
2022-10-02 23:12:34.118  INFO 75568 --- [pool-7-thread-1] tourGuide.service.TourGuideService       : Track Location for user internalUser7098
2022-10-02 23:12:34.118  INFO 75568 --- [    Test worker] tourGuide.service.TourGuideService       : Track Location for user internalUser3369
2022-10-02 23:12:34.118  INFO 75568 --- [pool-7-thread-1] tourGuide.service.TourGuideService       : Track Location for user internalUser4826
2022-10-02 23:12:34.118  INFO 75568 --- [pool-7-thread-1] tourGuide.service.TourGuideService       : Track Location for user internalUser4827
2022-10-02 23:12:34.118  INFO 75568 --- [pool-7-thread-1] tourGuide.service.TourGuideService       : Track Location for user internalUser4828
2022-10-02 23:12:34.118  INFO 75568 --- [pool-7-thread-1] tourGuide.service.TourGuideService       : Track Location for user internalUser4829
2022-10-02 23:12:34.118  INFO 75568 --- [pool-7-thread-1] tourGuide.service.TourGuideService       : Track Location for user internalUser7066
2022-10-02 23:12:34.118  INFO 75568 --- [    Test worker] tourGuide.service.TourGuideService       : Track Location for user internalUser2030
2022-10-02 23:12:34.118  INFO 75568 --- [pool-7-thread-1] tourGuide.service.TourGuideService       : Track Location for user internalUser8398
2022-10-02 23:12:34.118  INFO 75568 --- [    Test worker] tourGuide.service.TourGuideService       : Track Location for user internalUser4690
2022-10-02 23:12:34.118  INFO 75568 --- [pool-7-thread-1] tourGuide.service.TourGuideService       : Track Location for user internalUser7065
2022-10-02 23:12:34.118  INFO 75568 --- [pool-7-thread-1] tourGuide.service.TourGuideService       : Track Location for user internalUser8399
2022-10-02 23:12:34.118  INFO 75568 --- [pool-7-thread-1] tourGuide.service.TourGuideService       : Track Location for user internalUser7068
2022-10-02 23:12:34.118  INFO 75568 --- [pool-7-thread-1] tourGuide.service.TourGuideService       : Track Location for user internalUser8396
2022-10-02 23:12:34.118  INFO 75568 --- [    Test worker] tourGuide.service.TourGuideService       : Track Location for user internalUser3360
2022-10-02 23:12:34.118  INFO 75568 --- [pool-7-thread-1] tourGuide.service.TourGuideService       : Track Location for user internalUser7067
2022-10-02 23:12:34.118  INFO 75568 --- [    Test worker] tourGuide.service.TourGuideService       : Track Location for user internalUser4691
2022-10-02 23:12:34.118  INFO 75568 --- [pool-7-thread-1] tourGuide.service.TourGuideService       : Track Location for user internalUser8397
2022-10-02 23:12:34.118  INFO 75568 --- [    Test worker] tourGuide.service.TourGuideService       : Track Location for user internalUser2039
2022-10-02 23:12:34.118  INFO 75568 --- [pool-7-thread-1] tourGuide.service.TourGuideService       : Track Location for user internalUser7069
2022-10-02 23:12:34.118  INFO 75568 --- [    Test worker] tourGuide.service.TourGuideService       : Track Location for user internalUser3361
2022-10-02 23:12:34.118  INFO 75568 --- [pool-7-thread-1] tourGuide.service.TourGuideService       : Track Location for user internalUser7071
2022-10-02 23:12:34.118  INFO 75568 --- [    Test worker] tourGuide.service.TourGuideService       : Track Location for user internalUser4692
2022-10-02 23:12:34.118  INFO 75568 --- [pool-7-thread-1] tourGuide.service.TourGuideService       : Track Location for user internalUser7070
2022-10-02 23:12:34.118  INFO 75568 --- [    Test worker] tourGuide.service.TourGuideService       : Track Location for user internalUser2038
2022-10-02 23:12:34.118  INFO 75568 --- [pool-7-thread-1] tourGuide.service.TourGuideService       : Track Location for user internalUser7073
2022-10-02 23:12:34.118  INFO 75568 --- [    Test worker] tourGuide.service.TourGuideService       : Track Location for user internalUser3362
2022-10-02 23:12:34.118  INFO 75568 --- [pool-7-thread-1] tourGuide.service.TourGuideService       : Track Location for user internalUser7072
2022-10-02 23:12:34.118  INFO 75568 --- [    Test worker] tourGuide.service.TourGuideService       : Track Location for user internalUser4693
2022-10-02 23:12:34.118  INFO 75568 --- [pool-7-thread-1] tourGuide.service.TourGuideService       : Track Location for user internalUser7075
2022-10-02 23:12:34.118  INFO 75568 --- [    Test worker] tourGuide.service.TourGuideService       : Track Location for user internalUser2037
2022-10-02 23:12:34.118  INFO 75568 --- [    Test worker] tourGuide.service.TourGuideService       : Track Location for user internalUser3363
2022-10-02 23:12:34.118  INFO 75568 --- [    Test worker] tourGuide.service.TourGuideService       : Track Location for user internalUser4694
2022-10-02 23:12:34.118  INFO 75568 --- [    Test worker] tourGuide.service.TourGuideService       : Track Location for user internalUser2036
2022-10-02 23:12:34.118  INFO 75568 --- [pool-7-thread-1] tourGuide.service.TourGuideService       : Track Location for user internalUser7074
2022-10-02 23:12:34.118  INFO 75568 --- [    Test worker] tourGuide.service.TourGuideService       : Track Location for user internalUser3364
2022-10-02 23:12:34.118  INFO 75568 --- [pool-7-thread-1] tourGuide.service.TourGuideService       : Track Location for user internalUser4800
2022-10-02 23:12:34.118  INFO 75568 --- [pool-7-thread-1] tourGuide.service.TourGuideService       : Track Location for user internalUser4801
2022-10-02 23:12:34.118  INFO 75568 --- [pool-7-thread-1] tourGuide.service.TourGuideService       : Track Location for user internalUser4802
2022-10-02 23:12:34.118  INFO 75568 --- [pool-7-thread-1] tourGuide.service.TourGuideService       : Track Location for user internalUser4803
2022-10-02 23:12:34.118  INFO 75568 --- [    Test worker] tourGuide.service.TourGuideService       : Track Location for user internalUser4695
2022-10-02 23:12:34.118  INFO 75568 --- [pool-7-thread-1] tourGuide.service.TourGuideService       : Track Location for user internalUser7077
2022-10-02 23:12:34.118  INFO 75568 --- [pool-7-thread-1] tourGuide.service.TourGuideService       : Track Location for user internalUser7076
2022-10-02 23:12:34.118  INFO 75568 --- [pool-7-thread-1] tourGuide.service.TourGuideService       : Track Location for user internalUser7079
2022-10-02 23:12:34.118  INFO 75568 --- [pool-7-thread-1] tourGuide.service.TourGuideService       : Track Location for user internalUser7078
2022-10-02 23:12:34.118  INFO 75568 --- [    Test worker] tourGuide.service.TourGuideService       : Track Location for user internalUser2035
2022-10-02 23:12:34.118  INFO 75568 --- [pool-7-thread-1] tourGuide.service.TourGuideService       : Track Location for user internalUser7080
2022-10-02 23:12:34.118  INFO 75568 --- [    Test worker] tourGuide.service.TourGuideService       : Track Location for user internalUser3365
2022-10-02 23:12:34.118  INFO 75568 --- [pool-7-thread-1] tourGuide.service.TourGuideService       : Track Location for user internalUser7082
2022-10-02 23:12:34.118  INFO 75568 --- [    Test worker] tourGuide.service.TourGuideService       : Track Location for user internalUser4696
2022-10-02 23:12:34.118  INFO 75568 --- [pool-7-thread-1] tourGuide.service.TourGuideService       : Track Location for user internalUser7081
2022-10-02 23:12:34.118  INFO 75568 --- [    Test worker] tourGuide.service.TourGuideService       : Track Location for user internalUser2045
2022-10-02 23:12:34.118  INFO 75568 --- [pool-7-thread-1] tourGuide.service.TourGuideService       : Track Location for user internalUser7084
2022-10-02 23:12:34.118  INFO 75568 --- [    Test worker] tourGuide.service.TourGuideService       : Track Location for user internalUser3377
2022-10-02 23:12:34.118  INFO 75568 --- [pool-7-thread-1] tourGuide.service.TourGuideService       : Track Location for user internalUser7083
2022-10-02 23:12:34.118  INFO 75568 --- [    Test worker] tourGuide.service.TourGuideService       : Track Location for user internalUser2044
2022-10-02 23:12:34.118  INFO 75568 --- [pool-7-thread-1] tourGuide.service.TourGuideService       : Track Location for user internalUser7086
2022-10-02 23:12:34.118  INFO 75568 --- [    Test worker] tourGuide.service.TourGuideService       : Track Location for user internalUser3378
2022-10-02 23:12:34.118  INFO 75568 --- [pool-7-thread-1] tourGuide.service.TourGuideService       : Track Location for user internalUser7085
2022-10-02 23:12:34.118  INFO 75568 --- [    Test worker] tourGuide.service.TourGuideService       : Track Location for user internalUser2043
2022-10-02 23:12:34.118  INFO 75568 --- [pool-7-thread-1] tourGuide.service.TourGuideService       : Track Location for user internalUser4804
2022-10-02 23:12:34.118  INFO 75568 --- [    Test worker] tourGuide.service.TourGuideService       : Track Location for user internalUser3379
2022-10-02 23:12:34.118  INFO 75568 --- [pool-7-thread-1] tourGuide.service.TourGuideService       : Track Location for user internalUser4805
2022-10-02 23:12:34.118  INFO 75568 --- [    Test worker] tourGuide.service.TourGuideService       : Track Location for user internalUser2042
2022-10-02 23:12:34.118  INFO 75568 --- [pool-7-thread-1] tourGuide.service.TourGuideService       : Track Location for user internalUser4806
2022-10-02 23:12:34.118  INFO 75568 --- [    Test worker] tourGuide.service.TourGuideService       : Track Location for user internalUser2041
2022-10-02 23:12:34.118  INFO 75568 --- [    Test worker] tourGuide.service.TourGuideService       : Track Location for user internalUser2040
2022-10-02 23:12:34.118  INFO 75568 --- [pool-7-thread-1] tourGuide.service.TourGuideService       : Track Location for user internalUser4807
2022-10-02 23:12:34.118  INFO 75568 --- [pool-7-thread-1] tourGuide.service.TourGuideService       : Track Location for user internalUser4808
2022-10-02 23:12:34.118  INFO 75568 --- [pool-7-thread-1] tourGuide.service.TourGuideService       : Track Location for user internalUser4809
2022-10-02 23:12:34.118  INFO 75568 --- [pool-7-thread-1] tourGuide.service.TourGuideService       : Track Location for user internalUser9627
2022-10-02 23:12:34.118  INFO 75568 --- [    Test worker] tourGuide.service.TourGuideService       : Track Location for user internalUser3370
2022-10-02 23:12:34.118  INFO 75568 --- [pool-7-thread-1] tourGuide.service.TourGuideService       : Track Location for user internalUser9628
2022-10-02 23:12:34.118  INFO 75568 --- [    Test worker] tourGuide.service.TourGuideService       : Track Location for user internalUser3371
2022-10-02 23:12:34.118  INFO 75568 --- [pool-7-thread-1] tourGuide.service.TourGuideService       : Track Location for user internalUser9625
2022-10-02 23:12:34.118  INFO 75568 --- [pool-7-thread-1] tourGuide.service.TourGuideService       : Track Location for user internalUser9626
2022-10-02 23:12:34.118  INFO 75568 --- [pool-7-thread-1] tourGuide.service.TourGuideService       : Track Location for user internalUser9629
2022-10-02 23:12:34.118  INFO 75568 --- [pool-7-thread-1] tourGuide.service.TourGuideService       : Track Location for user internalUser9620
2022-10-02 23:12:34.118  INFO 75568 --- [pool-7-thread-1] tourGuide.service.TourGuideService       : Track Location for user internalUser9623
2022-10-02 23:12:34.118  INFO 75568 --- [    Test worker] tourGuide.service.TourGuideService       : Track Location for user internalUser3372
2022-10-02 23:12:34.119  INFO 75568 --- [pool-7-thread-1] tourGuide.service.TourGuideService       : Track Location for user internalUser9624
2022-10-02 23:12:34.119  INFO 75568 --- [    Test worker] tourGuide.service.TourGuideService       : Track Location for user internalUser2049
2022-10-02 23:12:34.119  INFO 75568 --- [pool-7-thread-1] tourGuide.service.TourGuideService       : Track Location for user internalUser9621
2022-10-02 23:12:34.119  INFO 75568 --- [    Test worker] tourGuide.service.TourGuideService       : Track Location for user internalUser3373
2022-10-02 23:12:34.119  INFO 75568 --- [pool-7-thread-1] tourGuide.service.TourGuideService       : Track Location for user internalUser9622
2022-10-02 23:12:34.119  INFO 75568 --- [    Test worker] tourGuide.service.TourGuideService       : Track Location for user internalUser2048
2022-10-02 23:12:34.119  INFO 75568 --- [pool-7-thread-1] tourGuide.service.TourGuideService       : Track Location for user internalUser8307
2022-10-02 23:12:34.119  INFO 75568 --- [pool-7-thread-1] tourGuide.service.TourGuideService       : Track Location for user internalUser9638
2022-10-02 23:12:34.119  INFO 75568 --- [pool-7-thread-1] tourGuide.service.TourGuideService       : Track Location for user internalUser8308
2022-10-02 23:12:34.119  INFO 75568 --- [pool-7-thread-1] tourGuide.service.TourGuideService       : Track Location for user internalUser9639
2022-10-02 23:12:34.119  INFO 75568 --- [pool-7-thread-1] tourGuide.service.TourGuideService       : Track Location for user internalUser8305
2022-10-02 23:12:34.119  INFO 75568 --- [pool-7-thread-1] tourGuide.service.TourGuideService       : Track Location for user internalUser9636
2022-10-02 23:12:34.119  INFO 75568 --- [pool-7-thread-1] tourGuide.service.TourGuideService       : Track Location for user internalUser8306
2022-10-02 23:12:34.119  INFO 75568 --- [    Test worker] tourGuide.service.TourGuideService       : Track Location for user internalUser3374
2022-10-02 23:12:34.119  INFO 75568 --- [pool-7-thread-1] tourGuide.service.TourGuideService       : Track Location for user internalUser9637
2022-10-02 23:12:34.119  INFO 75568 --- [    Test worker] tourGuide.service.TourGuideService       : Track Location for user internalUser2047
2022-10-02 23:12:34.119  INFO 75568 --- [pool-7-thread-1] tourGuide.service.TourGuideService       : Track Location for user internalUser8309
2022-10-02 23:12:34.119  INFO 75568 --- [    Test worker] tourGuide.service.TourGuideService       : Track Location for user internalUser3375
2022-10-02 23:12:34.119  INFO 75568 --- [pool-7-thread-1] tourGuide.service.TourGuideService       : Track Location for user internalUser9630
2022-10-02 23:12:34.119  INFO 75568 --- [    Test worker] tourGuide.service.TourGuideService       : Track Location for user internalUser2046
2022-10-02 23:12:34.119  INFO 75568 --- [pool-7-thread-1] tourGuide.service.TourGuideService       : Track Location for user internalUser8300
2022-10-02 23:12:34.119  INFO 75568 --- [pool-7-thread-1] tourGuide.service.TourGuideService       : Track Location for user internalUser9631
2022-10-02 23:12:34.119  INFO 75568 --- [pool-7-thread-1] tourGuide.service.TourGuideService       : Track Location for user internalUser8303
2022-10-02 23:12:34.119  INFO 75568 --- [pool-7-thread-1] tourGuide.service.TourGuideService       : Track Location for user internalUser9634
2022-10-02 23:12:34.119  INFO 75568 --- [pool-7-thread-1] tourGuide.service.TourGuideService       : Track Location for user internalUser8304
2022-10-02 23:12:34.119  INFO 75568 --- [    Test worker] tourGuide.service.TourGuideService       : Track Location for user internalUser3376
2022-10-02 23:12:34.119  INFO 75568 --- [pool-7-thread-1] tourGuide.service.TourGuideService       : Track Location for user internalUser9635
2022-10-02 23:12:34.119  INFO 75568 --- [    Test worker] tourGuide.service.TourGuideService       : Track Location for user internalUser2012
2022-10-02 23:12:34.119  INFO 75568 --- [pool-7-thread-1] tourGuide.service.TourGuideService       : Track Location for user internalUser8301
2022-10-02 23:12:34.119  INFO 75568 --- [    Test worker] tourGuide.service.TourGuideService       : Track Location for user internalUser3344
2022-10-02 23:12:34.119  INFO 75568 --- [pool-7-thread-1] tourGuide.service.TourGuideService       : Track Location for user internalUser9632
2022-10-02 23:12:34.119  INFO 75568 --- [    Test worker] tourGuide.service.TourGuideService       : Track Location for user internalUser4675
2022-10-02 23:12:34.119  INFO 75568 --- [pool-7-thread-1] tourGuide.service.TourGuideService       : Track Location for user internalUser8302
2022-10-02 23:12:34.119  INFO 75568 --- [    Test worker] tourGuide.service.TourGuideService       : Track Location for user internalUser2011
2022-10-02 23:12:34.119  INFO 75568 --- [pool-7-thread-1] tourGuide.service.TourGuideService       : Track Location for user internalUser9633
2022-10-02 23:12:34.119  INFO 75568 --- [    Test worker] tourGuide.service.TourGuideService       : Track Location for user internalUser3345
2022-10-02 23:12:34.119  INFO 75568 --- [pool-7-thread-1] tourGuide.service.TourGuideService       : Track Location for user internalUser9605
2022-10-02 23:12:34.119  INFO 75568 --- [    Test worker] tourGuide.service.TourGuideService       : Track Location for user internalUser4676
2022-10-02 23:12:34.119  INFO 75568 --- [pool-7-thread-1] tourGuide.service.TourGuideService       : Track Location for user internalUser9606
2022-10-02 23:12:34.119  INFO 75568 --- [    Test worker] tourGuide.service.TourGuideService       : Track Location for user internalUser2010
2022-10-02 23:12:34.119  INFO 75568 --- [pool-7-thread-1] tourGuide.service.TourGuideService       : Track Location for user internalUser9603
2022-10-02 23:12:34.119  INFO 75568 --- [    Test worker] tourGuide.service.TourGuideService       : Track Location for user internalUser3346
2022-10-02 23:12:34.119  INFO 75568 --- [pool-7-thread-1] tourGuide.service.TourGuideService       : Track Location for user internalUser9604
2022-10-02 23:12:34.119  INFO 75568 --- [    Test worker] tourGuide.service.TourGuideService       : Track Location for user internalUser4677
2022-10-02 23:12:34.119  INFO 75568 --- [pool-7-thread-1] tourGuide.service.TourGuideService       : Track Location for user internalUser9609
2022-10-02 23:12:34.119  INFO 75568 --- [    Test worker] tourGuide.service.TourGuideService       : Track Location for user internalUser3347
2022-10-02 23:12:34.119  INFO 75568 --- [pool-7-thread-1] tourGuide.service.TourGuideService       : Track Location for user internalUser9607
2022-10-02 23:12:34.119  INFO 75568 --- [    Test worker] tourGuide.service.TourGuideService       : Track Location for user internalUser4678
2022-10-02 23:12:34.119  INFO 75568 --- [pool-7-thread-1] tourGuide.service.TourGuideService       : Track Location for user internalUser9608
2022-10-02 23:12:34.119  INFO 75568 --- [    Test worker] tourGuide.service.TourGuideService       : Track Location for user internalUser3348
2022-10-02 23:12:34.119  INFO 75568 --- [pool-7-thread-1] tourGuide.service.TourGuideService       : Track Location for user internalUser9601
2022-10-02 23:12:34.119  INFO 75568 --- [    Test worker] tourGuide.service.TourGuideService       : Track Location for user internalUser4679
2022-10-02 23:12:34.119  INFO 75568 --- [pool-7-thread-1] tourGuide.service.TourGuideService       : Track Location for user internalUser9602
2022-10-02 23:12:34.119  INFO 75568 --- [    Test worker] tourGuide.service.TourGuideService       : Track Location for user internalUser3349
2022-10-02 23:12:34.119  INFO 75568 --- [pool-7-thread-1] tourGuide.service.TourGuideService       : Track Location for user internalUser9600
2022-10-02 23:12:34.119  INFO 75568 --- [    Test worker] tourGuide.service.TourGuideService       : Track Location for user internalUser2019
2022-10-02 23:12:34.119  INFO 75568 --- [pool-7-thread-1] tourGuide.service.TourGuideService       : Track Location for user internalUser9616
2022-10-02 23:12:34.119  INFO 75568 --- [    Test worker] tourGuide.service.TourGuideService       : Track Location for user internalUser2018
2022-10-02 23:12:34.119  INFO 75568 --- [pool-7-thread-1] tourGuide.service.TourGuideService       : Track Location for user internalUser9617
2022-10-02 23:12:34.119  INFO 75568 --- [    Test worker] tourGuide.service.TourGuideService       : Track Location for user internalUser2017
2022-10-02 23:12:34.119  INFO 75568 --- [pool-7-thread-1] tourGuide.service.TourGuideService       : Track Location for user internalUser9614
2022-10-02 23:12:34.119  INFO 75568 --- [    Test worker] tourGuide.service.TourGuideService       : Track Location for user internalUser4670
2022-10-02 23:12:34.119  INFO 75568 --- [pool-7-thread-1] tourGuide.service.TourGuideService       : Track Location for user internalUser9615
2022-10-02 23:12:34.119  INFO 75568 --- [    Test worker] tourGuide.service.TourGuideService       : Track Location for user internalUser2016
2022-10-02 23:12:34.119  INFO 75568 --- [pool-7-thread-1] tourGuide.service.TourGuideService       : Track Location for user internalUser9618
2022-10-02 23:12:34.119  INFO 75568 --- [    Test worker] tourGuide.service.TourGuideService       : Track Location for user internalUser3340
2022-10-02 23:12:34.119  INFO 75568 --- [pool-7-thread-1] tourGuide.service.TourGuideService       : Track Location for user internalUser9619
2022-10-02 23:12:34.119  INFO 75568 --- [    Test worker] tourGuide.service.TourGuideService       : Track Location for user internalUser4671
2022-10-02 23:12:34.119  INFO 75568 --- [pool-7-thread-1] tourGuide.service.TourGuideService       : Track Location for user internalUser9612
2022-10-02 23:12:34.119  INFO 75568 --- [    Test worker] tourGuide.service.TourGuideService       : Track Location for user internalUser2015
2022-10-02 23:12:34.119  INFO 75568 --- [pool-7-thread-1] tourGuide.service.TourGuideService       : Track Location for user internalUser9613
2022-10-02 23:12:34.119  INFO 75568 --- [    Test worker] tourGuide.service.TourGuideService       : Track Location for user internalUser3341
2022-10-02 23:12:34.119  INFO 75568 --- [pool-7-thread-1] tourGuide.service.TourGuideService       : Track Location for user internalUser9610
2022-10-02 23:12:34.119  INFO 75568 --- [    Test worker] tourGuide.service.TourGuideService       : Track Location for user internalUser4672
2022-10-02 23:12:34.119  INFO 75568 --- [pool-7-thread-1] tourGuide.service.TourGuideService       : Track Location for user internalUser9611
2022-10-02 23:12:34.119  INFO 75568 --- [    Test worker] tourGuide.service.TourGuideService       : Track Location for user internalUser2014
2022-10-02 23:12:34.119  INFO 75568 --- [pool-7-thread-1] tourGuide.service.TourGuideService       : Track Location for user internalUser7008
2022-10-02 23:12:34.119  INFO 75568 --- [    Test worker] tourGuide.service.TourGuideService       : Track Location for user internalUser3342
2022-10-02 23:12:34.119  INFO 75568 --- [pool-7-thread-1] tourGuide.service.TourGuideService       : Track Location for user internalUser7007
2022-10-02 23:12:34.119  INFO 75568 --- [    Test worker] tourGuide.service.TourGuideService       : Track Location for user internalUser4673
2022-10-02 23:12:34.119  INFO 75568 --- [pool-7-thread-1] tourGuide.service.TourGuideService       : Track Location for user internalUser8338
2022-10-02 23:12:34.119  INFO 75568 --- [    Test worker] tourGuide.service.TourGuideService       : Track Location for user internalUser2013
2022-10-02 23:12:34.119  INFO 75568 --- [pool-7-thread-1] tourGuide.service.TourGuideService       : Track Location for user internalUser9669
2022-10-02 23:12:34.119  INFO 75568 --- [pool-7-thread-1] tourGuide.service.TourGuideService       : Track Location for user internalUser7009
2022-10-02 23:12:34.119  INFO 75568 --- [pool-7-thread-1] tourGuide.service.TourGuideService       : Track Location for user internalUser8339
2022-10-02 23:12:34.119  INFO 75568 --- [    Test worker] tourGuide.service.TourGuideService       : Track Location for user internalUser3343
2022-10-02 23:12:34.119  INFO 75568 --- [pool-7-thread-1] tourGuide.service.TourGuideService       : Track Location for user internalUser886
2022-10-02 23:12:34.119  INFO 75568 --- [    Test worker] tourGuide.service.TourGuideService       : Track Location for user internalUser4674
2022-10-02 23:12:34.119  INFO 75568 --- [pool-7-thread-1] tourGuide.service.TourGuideService       : Track Location for user internalUser7000
2022-10-02 23:12:34.119  INFO 75568 --- [    Test worker] tourGuide.service.TourGuideService       : Track Location for user internalUser2023
2022-10-02 23:12:34.119  INFO 75568 --- [pool-7-thread-1] tourGuide.service.TourGuideService       : Track Location for user internalUser8332
2022-10-02 23:12:34.119  INFO 75568 --- [    Test worker] tourGuide.service.TourGuideService       : Track Location for user internalUser3355
2022-10-02 23:12:34.119  INFO 75568 --- [pool-7-thread-1] tourGuide.service.TourGuideService       : Track Location for user internalUser9663
2022-10-02 23:12:34.119  INFO 75568 --- [    Test worker] tourGuide.service.TourGuideService       : Track Location for user internalUser4686
2022-10-02 23:12:34.119  INFO 75568 --- [pool-7-thread-1] tourGuide.service.TourGuideService       : Track Location for user internalUser887
2022-10-02 23:12:34.119  INFO 75568 --- [    Test worker] tourGuide.service.TourGuideService       : Track Location for user internalUser2022
2022-10-02 23:12:34.119  INFO 75568 --- [pool-7-thread-1] tourGuide.service.TourGuideService       : Track Location for user internalUser8333
2022-10-02 23:12:34.119  INFO 75568 --- [    Test worker] tourGuide.service.TourGuideService       : Track Location for user internalUser3356
2022-10-02 23:12:34.119  INFO 75568 --- [pool-7-thread-1] tourGuide.service.TourGuideService       : Track Location for user internalUser9664
2022-10-02 23:12:34.119  INFO 75568 --- [    Test worker] tourGuide.service.TourGuideService       : Track Location for user internalUser4687
2022-10-02 23:12:34.119  INFO 75568 --- [pool-7-thread-1] tourGuide.service.TourGuideService       : Track Location for user internalUser884
2022-10-02 23:12:34.119  INFO 75568 --- [    Test worker] tourGuide.service.TourGuideService       : Track Location for user internalUser2021
2022-10-02 23:12:34.119  INFO 75568 --- [pool-7-thread-1] tourGuide.service.TourGuideService       : Track Location for user internalUser7002
2022-10-02 23:12:34.119  INFO 75568 --- [    Test worker] tourGuide.service.TourGuideService       : Track Location for user internalUser3357
2022-10-02 23:12:34.119  INFO 75568 --- [pool-7-thread-1] tourGuide.service.TourGuideService       : Track Location for user internalUser8330
2022-10-02 23:12:34.119  INFO 75568 --- [    Test worker] tourGuide.service.TourGuideService       : Track Location for user internalUser4688
2022-10-02 23:12:34.119  INFO 75568 --- [pool-7-thread-1] tourGuide.service.TourGuideService       : Track Location for user internalUser9661
2022-10-02 23:12:34.119  INFO 75568 --- [    Test worker] tourGuide.service.TourGuideService       : Track Location for user internalUser2020
2022-10-02 23:12:34.119  INFO 75568 --- [pool-7-thread-1] tourGuide.service.TourGuideService       : Track Location for user internalUser885
2022-10-02 23:12:34.119  INFO 75568 --- [    Test worker] tourGuide.service.TourGuideService       : Track Location for user internalUser3358
2022-10-02 23:12:34.119  INFO 75568 --- [pool-7-thread-1] tourGuide.service.TourGuideService       : Track Location for user internalUser7001
2022-10-02 23:12:34.119  INFO 75568 --- [    Test worker] tourGuide.service.TourGuideService       : Track Location for user internalUser4689
2022-10-02 23:12:34.119  INFO 75568 --- [pool-7-thread-1] tourGuide.service.TourGuideService       : Track Location for user internalUser8331
2022-10-02 23:12:34.119  INFO 75568 --- [    Test worker] tourGuide.service.TourGuideService       : Track Location for user internalUser3359
2022-10-02 23:12:34.119  INFO 75568 --- [pool-7-thread-1] tourGuide.service.TourGuideService       : Track Location for user internalUser9662
2022-10-02 23:12:34.119  INFO 75568 --- [    Test worker] tourGuide.service.TourGuideService       : Track Location for user internalUser2029
2022-10-02 23:12:34.119  INFO 75568 --- [pool-7-thread-1] tourGuide.service.TourGuideService       : Track Location for user internalUser882
2022-10-02 23:12:34.119  INFO 75568 --- [    Test worker] tourGuide.service.TourGuideService       : Track Location for user internalUser4680
2022-10-02 23:12:34.119  INFO 75568 --- [pool-7-thread-1] tourGuide.service.TourGuideService       : Track Location for user internalUser7004
2022-10-02 23:12:34.119  INFO 75568 --- [    Test worker] tourGuide.service.TourGuideService       : Track Location for user internalUser2028
2022-10-02 23:12:34.119  INFO 75568 --- [pool-7-thread-1] tourGuide.service.TourGuideService       : Track Location for user internalUser8336
2022-10-02 23:12:34.119  INFO 75568 --- [    Test worker] tourGuide.service.TourGuideService       : Track Location for user internalUser3350
2022-10-02 23:12:34.119  INFO 75568 --- [pool-7-thread-1] tourGuide.service.TourGuideService       : Track Location for user internalUser9667
2022-10-02 23:12:34.119  INFO 75568 --- [    Test worker] tourGuide.service.TourGuideService       : Track Location for user internalUser4681
2022-10-02 23:12:34.119  INFO 75568 --- [pool-7-thread-1] tourGuide.service.TourGuideService       : Track Location for user internalUser883
2022-10-02 23:12:34.119  INFO 75568 --- [    Test worker] tourGuide.service.TourGuideService       : Track Location for user internalUser2027
2022-10-02 23:12:34.119  INFO 75568 --- [pool-7-thread-1] tourGuide.service.TourGuideService       : Track Location for user internalUser7003
2022-10-02 23:12:34.119  INFO 75568 --- [    Test worker] tourGuide.service.TourGuideService       : Track Location for user internalUser3351
2022-10-02 23:12:34.119  INFO 75568 --- [pool-7-thread-1] tourGuide.service.TourGuideService       : Track Location for user internalUser8337
2022-10-02 23:12:34.119  INFO 75568 --- [    Test worker] tourGuide.service.TourGuideService       : Track Location for user internalUser4682
2022-10-02 23:12:34.119  INFO 75568 --- [pool-7-thread-1] tourGuide.service.TourGuideService       : Track Location for user internalUser9668
2022-10-02 23:12:34.119  INFO 75568 --- [    Test worker] tourGuide.service.TourGuideService       : Track Location for user internalUser2026
2022-10-02 23:12:34.119  INFO 75568 --- [pool-7-thread-1] tourGuide.service.TourGuideService       : Track Location for user internalUser880
2022-10-02 23:12:34.119  INFO 75568 --- [    Test worker] tourGuide.service.TourGuideService       : Track Location for user internalUser3352
2022-10-02 23:12:34.119  INFO 75568 --- [pool-7-thread-1] tourGuide.service.TourGuideService       : Track Location for user internalUser7006
2022-10-02 23:12:34.120  INFO 75568 --- [    Test worker] tourGuide.service.TourGuideService       : Track Location for user internalUser4683
2022-10-02 23:12:34.120  INFO 75568 --- [pool-7-thread-1] tourGuide.service.TourGuideService       : Track Location for user internalUser8334
2022-10-02 23:12:34.120  INFO 75568 --- [    Test worker] tourGuide.service.TourGuideService       : Track Location for user internalUser2025
2022-10-02 23:12:34.120  INFO 75568 --- [pool-7-thread-1] tourGuide.service.TourGuideService       : Track Location for user internalUser9665
2022-10-02 23:12:34.120  INFO 75568 --- [    Test worker] tourGuide.service.TourGuideService       : Track Location for user internalUser3353
2022-10-02 23:12:34.120  INFO 75568 --- [pool-7-thread-1] tourGuide.service.TourGuideService       : Track Location for user internalUser881
2022-10-02 23:12:34.120  INFO 75568 --- [    Test worker] tourGuide.service.TourGuideService       : Track Location for user internalUser4684
2022-10-02 23:12:34.120  INFO 75568 --- [pool-7-thread-1] tourGuide.service.TourGuideService       : Track Location for user internalUser7005
2022-10-02 23:12:34.120  INFO 75568 --- [    Test worker] tourGuide.service.TourGuideService       : Track Location for user internalUser2024
2022-10-02 23:12:34.120  INFO 75568 --- [pool-7-thread-1] tourGuide.service.TourGuideService       : Track Location for user internalUser8335
2022-10-02 23:12:34.120  INFO 75568 --- [    Test worker] tourGuide.service.TourGuideService       : Track Location for user internalUser3354
2022-10-02 23:12:34.120  INFO 75568 --- [pool-7-thread-1] tourGuide.service.TourGuideService       : Track Location for user internalUser9666
2022-10-02 23:12:34.120  INFO 75568 --- [    Test worker] tourGuide.service.TourGuideService       : Track Location for user internalUser4685
2022-10-02 23:12:34.120  INFO 75568 --- [pool-7-thread-1] tourGuide.service.TourGuideService       : Track Location for user internalUser9670
2022-10-02 23:12:34.120  INFO 75568 --- [    Test worker] tourGuide.service.TourGuideService       : Track Location for user internalUser2078
2022-10-02 23:12:34.120  INFO 75568 --- [pool-7-thread-1] tourGuide.service.TourGuideService       : Track Location for user internalUser8340
2022-10-02 23:12:34.120  INFO 75568 --- [    Test worker] tourGuide.service.TourGuideService       : Track Location for user internalUser2077
2022-10-02 23:12:34.120  INFO 75568 --- [pool-7-thread-1] tourGuide.service.TourGuideService       : Track Location for user internalUser9671
2022-10-02 23:12:34.120  INFO 75568 --- [    Test worker] tourGuide.service.TourGuideService       : Track Location for user internalUser2076
2022-10-02 23:12:34.120  INFO 75568 --- [pool-7-thread-1] tourGuide.service.TourGuideService       : Track Location for user internalUser888
2022-10-02 23:12:34.120  INFO 75568 --- [pool-7-thread-1] tourGuide.service.TourGuideService       : Track Location for user internalUser889
2022-10-02 23:12:34.120  INFO 75568 --- [pool-7-thread-1] tourGuide.service.TourGuideService       : Track Location for user internalUser7019
2022-10-02 23:12:34.120  INFO 75568 --- [pool-7-thread-1] tourGuide.service.TourGuideService       : Track Location for user internalUser890
2022-10-02 23:12:34.120  INFO 75568 --- [pool-7-thread-1] tourGuide.service.TourGuideService       : Track Location for user internalUser7018
2022-10-02 23:12:34.120  INFO 75568 --- [    Test worker] tourGuide.service.TourGuideService       : Track Location for user internalUser2075
2022-10-02 23:12:34.120  INFO 75568 --- [pool-7-thread-1] tourGuide.service.TourGuideService       : Track Location for user internalUser8349
2022-10-02 23:12:34.120  INFO 75568 --- [    Test worker] tourGuide.service.TourGuideService       : Track Location for user internalUser2074
2022-10-02 23:12:34.120  INFO 75568 --- [    Test worker] tourGuide.service.TourGuideService       : Track Location for user internalUser2073
2022-10-02 23:12:34.120  INFO 75568 --- [pool-7-thread-1] tourGuide.service.TourGuideService       : Track Location for user internalUser897
2022-10-02 23:12:34.120  INFO 75568 --- [    Test worker] tourGuide.service.TourGuideService       : Track Location for user internalUser2072
2022-10-02 23:12:34.120  INFO 75568 --- [    Test worker] tourGuide.service.TourGuideService       : Track Location for user internalUser2071
2022-10-02 23:12:34.120  INFO 75568 --- [pool-7-thread-1] tourGuide.service.TourGuideService       : Track Location for user internalUser7011
2022-10-02 23:12:34.120  INFO 75568 --- [    Test worker] tourGuide.service.TourGuideService       : Track Location for user internalUser2079
2022-10-02 23:12:34.120  INFO 75568 --- [pool-7-thread-1] tourGuide.service.TourGuideService       : Track Location for user internalUser8343
2022-10-02 23:12:34.120  INFO 75568 --- [pool-7-thread-1] tourGuide.service.TourGuideService       : Track Location for user internalUser9674
2022-10-02 23:12:34.120  INFO 75568 --- [pool-7-thread-1] tourGuide.service.TourGuideService       : Track Location for user internalUser898
2022-10-02 23:12:34.120  INFO 75568 --- [pool-7-thread-1] tourGuide.service.TourGuideService       : Track Location for user internalUser7010
2022-10-02 23:12:34.120  INFO 75568 --- [    Test worker] tourGuide.service.TourGuideService       : Track Location for user internalUser2081
2022-10-02 23:12:34.120  INFO 75568 --- [pool-7-thread-1] tourGuide.service.TourGuideService       : Track Location for user internalUser8344
2022-10-02 23:12:34.120  INFO 75568 --- [    Test worker] tourGuide.service.TourGuideService       : Track Location for user internalUser2080
2022-10-02 23:12:34.120  INFO 75568 --- [pool-7-thread-1] tourGuide.service.TourGuideService       : Track Location for user internalUser9675
2022-10-02 23:12:34.120  INFO 75568 --- [    Test worker] tourGuide.service.TourGuideService       : Track Location for user internalUser2089
2022-10-02 23:12:34.120  INFO 75568 --- [pool-7-thread-1] tourGuide.service.TourGuideService       : Track Location for user internalUser895
2022-10-02 23:12:34.120  INFO 75568 --- [    Test worker] tourGuide.service.TourGuideService       : Track Location for user internalUser2088
2022-10-02 23:12:34.120  INFO 75568 --- [pool-7-thread-1] tourGuide.service.TourGuideService       : Track Location for user internalUser7013
2022-10-02 23:12:34.120  INFO 75568 --- [    Test worker] tourGuide.service.TourGuideService       : Track Location for user internalUser2087
2022-10-02 23:12:34.120  INFO 75568 --- [pool-7-thread-1] tourGuide.service.TourGuideService       : Track Location for user internalUser8341
2022-10-02 23:12:34.120  INFO 75568 --- [    Test worker] tourGuide.service.TourGuideService       : Track Location for user internalUser2086
2022-10-02 23:12:34.120  INFO 75568 --- [pool-7-thread-1] tourGuide.service.TourGuideService       : Track Location for user internalUser9672
2022-10-02 23:12:34.120  INFO 75568 --- [    Test worker] tourGuide.service.TourGuideService       : Track Location for user internalUser2085
2022-10-02 23:12:34.120  INFO 75568 --- [pool-7-thread-1] tourGuide.service.TourGuideService       : Track Location for user internalUser896
2022-10-02 23:12:34.120  INFO 75568 --- [    Test worker] tourGuide.service.TourGuideService       : Track Location for user internalUser2084
2022-10-02 23:12:34.120  INFO 75568 --- [pool-7-thread-1] tourGuide.service.TourGuideService       : Track Location for user internalUser7012
2022-10-02 23:12:34.120  INFO 75568 --- [    Test worker] tourGuide.service.TourGuideService       : Track Location for user internalUser2083
2022-10-02 23:12:34.120  INFO 75568 --- [pool-7-thread-1] tourGuide.service.TourGuideService       : Track Location for user internalUser8342
2022-10-02 23:12:34.120  INFO 75568 --- [    Test worker] tourGuide.service.TourGuideService       : Track Location for user internalUser2082
2022-10-02 23:12:34.120  INFO 75568 --- [pool-7-thread-1] tourGuide.service.TourGuideService       : Track Location for user internalUser9673
2022-10-02 23:12:34.120  INFO 75568 --- [    Test worker] tourGuide.service.TourGuideService       : Track Location for user internalUser2092
2022-10-02 23:12:34.120  INFO 75568 --- [pool-7-thread-1] tourGuide.service.TourGuideService       : Track Location for user internalUser893
2022-10-02 23:12:34.120  INFO 75568 --- [    Test worker] tourGuide.service.TourGuideService       : Track Location for user internalUser2091
2022-10-02 23:12:34.120  INFO 75568 --- [pool-7-thread-1] tourGuide.service.TourGuideService       : Track Location for user internalUser7015
2022-10-02 23:12:34.120  INFO 75568 --- [    Test worker] tourGuide.service.TourGuideService       : Track Location for user internalUser2090
2022-10-02 23:12:34.120  INFO 75568 --- [pool-7-thread-1] tourGuide.service.TourGuideService       : Track Location for user internalUser8347
2022-10-02 23:12:34.120  INFO 75568 --- [    Test worker] tourGuide.service.TourGuideService       : Track Location for user internalUser2056
2022-10-02 23:12:34.120  INFO 75568 --- [pool-7-thread-1] tourGuide.service.TourGuideService       : Track Location for user internalUser9678
2022-10-02 23:12:34.120  INFO 75568 --- [    Test worker] tourGuide.service.TourGuideService       : Track Location for user internalUser3388
2022-10-02 23:12:34.120  INFO 75568 --- [pool-7-thread-1] tourGuide.service.TourGuideService       : Track Location for user internalUser894
2022-10-02 23:12:34.120  INFO 75568 --- [    Test worker] tourGuide.service.TourGuideService       : Track Location for user internalUser2055
2022-10-02 23:12:34.120  INFO 75568 --- [pool-7-thread-1] tourGuide.service.TourGuideService       : Track Location for user internalUser7014
2022-10-02 23:12:34.120  INFO 75568 --- [    Test worker] tourGuide.service.TourGuideService       : Track Location for user internalUser3389
2022-10-02 23:12:34.120  INFO 75568 --- [pool-7-thread-1] tourGuide.service.TourGuideService       : Track Location for user internalUser8348
2022-10-02 23:12:34.120  INFO 75568 --- [    Test worker] tourGuide.service.TourGuideService       : Track Location for user internalUser2054
2022-10-02 23:12:34.120  INFO 75568 --- [pool-7-thread-1] tourGuide.service.TourGuideService       : Track Location for user internalUser9679
2022-10-02 23:12:34.120  INFO 75568 --- [    Test worker] tourGuide.service.TourGuideService       : Track Location for user internalUser2053
2022-10-02 23:12:34.120  INFO 75568 --- [pool-7-thread-1] tourGuide.service.TourGuideService       : Track Location for user internalUser891
2022-10-02 23:12:34.120  INFO 75568 --- [    Test worker] tourGuide.service.TourGuideService       : Track Location for user internalUser2052
2022-10-02 23:12:34.120  INFO 75568 --- [pool-7-thread-1] tourGuide.service.TourGuideService       : Track Location for user internalUser7017
2022-10-02 23:12:34.120  INFO 75568 --- [    Test worker] tourGuide.service.TourGuideService       : Track Location for user internalUser2051
2022-10-02 23:12:34.120  INFO 75568 --- [pool-7-thread-1] tourGuide.service.TourGuideService       : Track Location for user internalUser8345
2022-10-02 23:12:34.120  INFO 75568 --- [    Test worker] tourGuide.service.TourGuideService       : Track Location for user internalUser2050
2022-10-02 23:12:34.120  INFO 75568 --- [pool-7-thread-1] tourGuide.service.TourGuideService       : Track Location for user internalUser9676
2022-10-02 23:12:34.120  INFO 75568 --- [pool-7-thread-1] tourGuide.service.TourGuideService       : Track Location for user internalUser892
2022-10-02 23:12:34.120  INFO 75568 --- [pool-7-thread-1] tourGuide.service.TourGuideService       : Track Location for user internalUser7016
2022-10-02 23:12:34.120  INFO 75568 --- [pool-7-thread-1] tourGuide.service.TourGuideService       : Track Location for user internalUser8346
2022-10-02 23:12:34.120  INFO 75568 --- [pool-7-thread-1] tourGuide.service.TourGuideService       : Track Location for user internalUser9677
2022-10-02 23:12:34.120  INFO 75568 --- [pool-7-thread-1] tourGuide.service.TourGuideService       : Track Location for user internalUser8350
2022-10-02 23:12:34.120  INFO 75568 --- [    Test worker] tourGuide.service.TourGuideService       : Track Location for user internalUser3380
2022-10-02 23:12:34.120  INFO 75568 --- [pool-7-thread-1] tourGuide.service.TourGuideService       : Track Location for user internalUser9681
2022-10-02 23:12:34.120  INFO 75568 --- [    Test worker] tourGuide.service.TourGuideService       : Track Location for user internalUser3381
2022-10-02 23:12:34.120  INFO 75568 --- [pool-7-thread-1] tourGuide.service.TourGuideService       : Track Location for user internalUser8351
2022-10-02 23:12:34.120  INFO 75568 --- [    Test worker] tourGuide.service.TourGuideService       : Track Location for user internalUser3382
2022-10-02 23:12:34.120  INFO 75568 --- [pool-7-thread-1] tourGuide.service.TourGuideService       : Track Location for user internalUser9682
2022-10-02 23:12:34.120  INFO 75568 --- [    Test worker] tourGuide.service.TourGuideService       : Track Location for user internalUser3383
2022-10-02 23:12:34.120  INFO 75568 --- [pool-7-thread-1] tourGuide.service.TourGuideService       : Track Location for user internalUser899
2022-10-02 23:12:34.120  INFO 75568 --- [    Test worker] tourGuide.service.TourGuideService       : Track Location for user internalUser3384
2022-10-02 23:12:34.120  INFO 75568 --- [pool-7-thread-1] tourGuide.service.TourGuideService       : Track Location for user internalUser7020
2022-10-02 23:12:34.120  INFO 75568 --- [    Test worker] tourGuide.service.TourGuideService       : Track Location for user internalUser2059
2022-10-02 23:12:34.120  INFO 75568 --- [pool-7-thread-1] tourGuide.service.TourGuideService       : Track Location for user internalUser9680
2022-10-02 23:12:34.120  INFO 75568 --- [    Test worker] tourGuide.service.TourGuideService       : Track Location for user internalUser3385
2022-10-02 23:12:34.120  INFO 75568 --- [pool-7-thread-1] tourGuide.service.TourGuideService       : Track Location for user internalUser8318
2022-10-02 23:12:34.120  INFO 75568 --- [    Test worker] tourGuide.service.TourGuideService       : Track Location for user internalUser2058
2022-10-02 23:12:34.120  INFO 75568 --- [    Test worker] tourGuide.service.TourGuideService       : Track Location for user internalUser3386
2022-10-02 23:12:34.120  INFO 75568 --- [pool-7-thread-1] tourGuide.service.TourGuideService       : Track Location for user internalUser9649
2022-10-02 23:12:34.120  INFO 75568 --- [    Test worker] tourGuide.service.TourGuideService       : Track Location for user internalUser2057
2022-10-02 23:12:34.120  INFO 75568 --- [pool-7-thread-1] tourGuide.service.TourGuideService       : Track Location for user internalUser8319
2022-10-02 23:12:34.120  INFO 75568 --- [    Test worker] tourGuide.service.TourGuideService       : Track Location for user internalUser3387
2022-10-02 23:12:34.120  INFO 75568 --- [pool-7-thread-1] tourGuide.service.TourGuideService       : Track Location for user internalUser8316
2022-10-02 23:12:34.120  INFO 75568 --- [    Test worker] tourGuide.service.TourGuideService       : Track Location for user internalUser3390
2022-10-02 23:12:34.120  INFO 75568 --- [pool-7-thread-1] tourGuide.service.TourGuideService       : Track Location for user internalUser9647
2022-10-02 23:12:34.120  INFO 75568 --- [    Test worker] tourGuide.service.TourGuideService       : Track Location for user internalUser2067
2022-10-02 23:12:34.120  INFO 75568 --- [pool-7-thread-1] tourGuide.service.TourGuideService       : Track Location for user internalUser8317
2022-10-02 23:12:34.120  INFO 75568 --- [pool-7-thread-1] tourGuide.service.TourGuideService       : Track Location for user internalUser9648
2022-10-02 23:12:34.120  INFO 75568 --- [pool-7-thread-1] tourGuide.service.TourGuideService       : Track Location for user internalUser8310
2022-10-02 23:12:34.120  INFO 75568 --- [pool-7-thread-1] tourGuide.service.TourGuideService       : Track Location for user internalUser9641
2022-10-02 23:12:34.120  INFO 75568 --- [    Test worker] tourGuide.service.TourGuideService       : Track Location for user internalUser3399
2022-10-02 23:12:34.120  INFO 75568 --- [pool-7-thread-1] tourGuide.service.TourGuideService       : Track Location for user internalUser8311
2022-10-02 23:12:34.120  INFO 75568 --- [pool-7-thread-1] tourGuide.service.TourGuideService       : Track Location for user internalUser9642
2022-10-02 23:12:34.120  INFO 75568 --- [pool-7-thread-1] tourGuide.service.TourGuideService       : Track Location for user internalUser9640
2022-10-02 23:12:34.120  INFO 75568 --- [pool-7-thread-1] tourGuide.service.TourGuideService       : Track Location for user internalUser8314
2022-10-02 23:12:34.120  INFO 75568 --- [    Test worker] tourGuide.service.TourGuideService       : Track Location for user internalUser2066
2022-10-02 23:12:34.120  INFO 75568 --- [pool-7-thread-1] tourGuide.service.TourGuideService       : Track Location for user internalUser9645
2022-10-02 23:12:34.120  INFO 75568 --- [pool-7-thread-1] tourGuide.service.TourGuideService       : Track Location for user internalUser8315
2022-10-02 23:12:34.120  INFO 75568 --- [    Test worker] tourGuide.service.TourGuideService       : Track Location for user internalUser2065
2022-10-02 23:12:34.120  INFO 75568 --- [    Test worker] tourGuide.service.TourGuideService       : Track Location for user internalUser2064
2022-10-02 23:12:34.120  INFO 75568 --- [    Test worker] tourGuide.service.TourGuideService       : Track Location for user internalUser2063
2022-10-02 23:12:34.120  INFO 75568 --- [    Test worker] tourGuide.service.TourGuideService       : Track Location for user internalUser2062
2022-10-02 23:12:34.120  INFO 75568 --- [    Test worker] tourGuide.service.TourGuideService       : Track Location for user internalUser2061
2022-10-02 23:12:34.120  INFO 75568 --- [    Test worker] tourGuide.service.TourGuideService       : Track Location for user internalUser2060
2022-10-02 23:12:34.120  INFO 75568 --- [pool-7-thread-1] tourGuide.service.TourGuideService       : Track Location for user internalUser9646
2022-10-02 23:12:34.120  INFO 75568 --- [    Test worker] tourGuide.service.TourGuideService       : Track Location for user internalUser3391
2022-10-02 23:12:34.120  INFO 75568 --- [pool-7-thread-1] tourGuide.service.TourGuideService       : Track Location for user internalUser8312
2022-10-02 23:12:34.120  INFO 75568 --- [    Test worker] tourGuide.service.TourGuideService       : Track Location for user internalUser3392
2022-10-02 23:12:34.120  INFO 75568 --- [pool-7-thread-1] tourGuide.service.TourGuideService       : Track Location for user internalUser9643
2022-10-02 23:12:34.120  INFO 75568 --- [    Test worker] tourGuide.service.TourGuideService       : Track Location for user internalUser3393
2022-10-02 23:12:34.120  INFO 75568 --- [pool-7-thread-1] tourGuide.service.TourGuideService       : Track Location for user internalUser8313
2022-10-02 23:12:34.120  INFO 75568 --- [    Test worker] tourGuide.service.TourGuideService       : Track Location for user internalUser3394
2022-10-02 23:12:34.120  INFO 75568 --- [pool-7-thread-1] tourGuide.service.TourGuideService       : Track Location for user internalUser9644
2022-10-02 23:12:34.120  INFO 75568 --- [    Test worker] tourGuide.service.TourGuideService       : Track Location for user internalUser3395
2022-10-02 23:12:34.120  INFO 75568 --- [pool-7-thread-1] tourGuide.service.TourGuideService       : Track Location for user internalUser8329
2022-10-02 23:12:34.120  INFO 75568 --- [pool-7-thread-1] tourGuide.service.TourGuideService       : Track Location for user internalUser8327
2022-10-02 23:12:34.120  INFO 75568 --- [    Test worker] tourGuide.service.TourGuideService       : Track Location for user internalUser3396
2022-10-02 23:12:34.120  INFO 75568 --- [pool-7-thread-1] tourGuide.service.TourGuideService       : Track Location for user internalUser9658
2022-10-02 23:12:34.120  INFO 75568 --- [    Test worker] tourGuide.service.TourGuideService       : Track Location for user internalUser2069
2022-10-02 23:12:34.120  INFO 75568 --- [pool-7-thread-1] tourGuide.service.TourGuideService       : Track Location for user internalUser8328
2022-10-02 23:12:34.120  INFO 75568 --- [    Test worker] tourGuide.service.TourGuideService       : Track Location for user internalUser3397
2022-10-02 23:12:34.120  INFO 75568 --- [pool-7-thread-1] tourGuide.service.TourGuideService       : Track Location for user internalUser9659
2022-10-02 23:12:34.120  INFO 75568 --- [    Test worker] tourGuide.service.TourGuideService       : Track Location for user internalUser2068
2022-10-02 23:12:34.120  INFO 75568 --- [pool-7-thread-1] tourGuide.service.TourGuideService       : Track Location for user internalUser8321
2022-10-02 23:12:34.120  INFO 75568 --- [    Test worker] tourGuide.service.TourGuideService       : Track Location for user internalUser3398
2022-10-02 23:12:34.120  INFO 75568 --- [pool-7-thread-1] tourGuide.service.TourGuideService       : Track Location for user internalUser9652
2022-10-02 23:12:34.120  INFO 75568 --- [    Test worker] tourGuide.service.TourGuideService       : Track Location for user internalUser2070
2022-10-02 23:12:34.120  INFO 75568 --- [    Test worker] tourGuide.service.TourGuideService       : Track Location for user internalUser5941
2022-10-02 23:12:34.120  INFO 75568 --- [    Test worker] tourGuide.service.TourGuideService       : Track Location for user internalUser4610
2022-10-02 23:12:34.120  INFO 75568 --- [    Test worker] tourGuide.service.TourGuideService       : Track Location for user internalUser5940
2022-10-02 23:12:34.120  INFO 75568 --- [pool-7-thread-1] tourGuide.service.TourGuideService       : Track Location for user internalUser8322
2022-10-02 23:12:34.120  INFO 75568 --- [    Test worker] tourGuide.service.TourGuideService       : Track Location for user internalUser4611
2022-10-02 23:12:34.120  INFO 75568 --- [pool-7-thread-1] tourGuide.service.TourGuideService       : Track Location for user internalUser9653
2022-10-02 23:12:34.120  INFO 75568 --- [    Test worker] tourGuide.service.TourGuideService       : Track Location for user internalUser5943
2022-10-02 23:12:34.120  INFO 75568 --- [pool-7-thread-1] tourGuide.service.TourGuideService       : Track Location for user internalUser9650
2022-10-02 23:12:34.120  INFO 75568 --- [    Test worker] tourGuide.service.TourGuideService       : Track Location for user internalUser4612
2022-10-02 23:12:34.120  INFO 75568 --- [pool-7-thread-1] tourGuide.service.TourGuideService       : Track Location for user internalUser8320
2022-10-02 23:12:34.120  INFO 75568 --- [    Test worker] tourGuide.service.TourGuideService       : Track Location for user internalUser5942
2022-10-02 23:12:34.120  INFO 75568 --- [pool-7-thread-1] tourGuide.service.TourGuideService       : Track Location for user internalUser9651
2022-10-02 23:12:34.120  INFO 75568 --- [    Test worker] tourGuide.service.TourGuideService       : Track Location for user internalUser4613
2022-10-02 23:12:34.120  INFO 75568 --- [pool-7-thread-1] tourGuide.service.TourGuideService       : Track Location for user internalUser8325
2022-10-02 23:12:34.120  INFO 75568 --- [    Test worker] tourGuide.service.TourGuideService       : Track Location for user internalUser5945
2022-10-02 23:12:34.120  INFO 75568 --- [pool-7-thread-1] tourGuide.service.TourGuideService       : Track Location for user internalUser9656
2022-10-02 23:12:34.120  INFO 75568 --- [    Test worker] tourGuide.service.TourGuideService       : Track Location for user internalUser4614
2022-10-02 23:12:34.120  INFO 75568 --- [pool-7-thread-1] tourGuide.service.TourGuideService       : Track Location for user internalUser8326
2022-10-02 23:12:34.120  INFO 75568 --- [    Test worker] tourGuide.service.TourGuideService       : Track Location for user internalUser5944
2022-10-02 23:12:34.120  INFO 75568 --- [pool-7-thread-1] tourGuide.service.TourGuideService       : Track Location for user internalUser9657
2022-10-02 23:12:34.120  INFO 75568 --- [    Test worker] tourGuide.service.TourGuideService       : Track Location for user internalUser4615
2022-10-02 23:12:34.120  INFO 75568 --- [pool-7-thread-1] tourGuide.service.TourGuideService       : Track Location for user internalUser8323
2022-10-02 23:12:34.120  INFO 75568 --- [    Test worker] tourGuide.service.TourGuideService       : Track Location for user internalUser5947
2022-10-02 23:12:34.120  INFO 75568 --- [pool-7-thread-1] tourGuide.service.TourGuideService       : Track Location for user internalUser9654
2022-10-02 23:12:34.120  INFO 75568 --- [    Test worker] tourGuide.service.TourGuideService       : Track Location for user internalUser4616
2022-10-02 23:12:34.120  INFO 75568 --- [pool-7-thread-1] tourGuide.service.TourGuideService       : Track Location for user internalUser8324
2022-10-02 23:12:34.120  INFO 75568 --- [pool-7-thread-1] tourGuide.service.TourGuideService       : Track Location for user internalUser9655
2022-10-02 23:12:34.120  INFO 75568 --- [    Test worker] tourGuide.service.TourGuideService       : Track Location for user internalUser5946
2022-10-02 23:12:34.120  INFO 75568 --- [pool-7-thread-1] tourGuide.service.TourGuideService       : Track Location for user internalUser9660
2022-10-02 23:12:34.120  INFO 75568 --- [    Test worker] tourGuide.service.TourGuideService       : Track Location for user internalUser4617
2022-10-02 23:12:34.120  INFO 75568 --- [    Test worker] tourGuide.service.TourGuideService       : Track Location for user internalUser5949
2022-10-02 23:12:34.120  INFO 75568 --- [pool-7-thread-1] tourGuide.service.TourGuideService       : Track Location for user internalUser2155
2022-10-02 23:12:34.121  INFO 75568 --- [    Test worker] tourGuide.service.TourGuideService       : Track Location for user internalUser4618
2022-10-02 23:12:34.121  INFO 75568 --- [pool-7-thread-1] tourGuide.service.TourGuideService       : Track Location for user internalUser3487
2022-10-02 23:12:34.121  INFO 75568 --- [    Test worker] tourGuide.service.TourGuideService       : Track Location for user internalUser5948
2022-10-02 23:12:34.121  INFO 75568 --- [    Test worker] tourGuide.service.TourGuideService       : Track Location for user internalUser4619
2022-10-02 23:12:34.121  INFO 75568 --- [pool-7-thread-1] tourGuide.service.TourGuideService       : Track Location for user internalUser2154
2022-10-02 23:12:34.121  INFO 75568 --- [    Test worker] tourGuide.service.TourGuideService       : Track Location for user internalUser4620
2022-10-02 23:12:34.121  INFO 75568 --- [pool-7-thread-1] tourGuide.service.TourGuideService       : Track Location for user internalUser3488
2022-10-02 23:12:34.121  INFO 75568 --- [    Test worker] tourGuide.service.TourGuideService       : Track Location for user internalUser5952
2022-10-02 23:12:34.121  INFO 75568 --- [pool-7-thread-1] tourGuide.service.TourGuideService       : Track Location for user internalUser2153
2022-10-02 23:12:34.121  INFO 75568 --- [    Test worker] tourGuide.service.TourGuideService       : Track Location for user internalUser4621
2022-10-02 23:12:34.121  INFO 75568 --- [pool-7-thread-1] tourGuide.service.TourGuideService       : Track Location for user internalUser3489
2022-10-02 23:12:34.121  INFO 75568 --- [    Test worker] tourGuide.service.TourGuideService       : Track Location for user internalUser5951
2022-10-02 23:12:34.121  INFO 75568 --- [pool-7-thread-1] tourGuide.service.TourGuideService       : Track Location for user internalUser2152
2022-10-02 23:12:34.121  INFO 75568 --- [    Test worker] tourGuide.service.TourGuideService       : Track Location for user internalUser4622
2022-10-02 23:12:34.121  INFO 75568 --- [pool-7-thread-1] tourGuide.service.TourGuideService       : Track Location for user internalUser2151
2022-10-02 23:12:34.121  INFO 75568 --- [    Test worker] tourGuide.service.TourGuideService       : Track Location for user internalUser5954
2022-10-02 23:12:34.121  INFO 75568 --- [pool-7-thread-1] tourGuide.service.TourGuideService       : Track Location for user internalUser2150
2022-10-02 23:12:34.121  INFO 75568 --- [pool-7-thread-1] tourGuide.service.TourGuideService       : Track Location for user internalUser963
2022-10-02 23:12:34.121  INFO 75568 --- [    Test worker] tourGuide.service.TourGuideService       : Track Location for user internalUser4623
2022-10-02 23:12:34.121  INFO 75568 --- [    Test worker] tourGuide.service.TourGuideService       : Track Location for user internalUser5953
2022-10-02 23:12:34.121  INFO 75568 --- [    Test worker] tourGuide.service.TourGuideService       : Track Location for user internalUser4624
2022-10-02 23:12:34.121  INFO 75568 --- [    Test worker] tourGuide.service.TourGuideService       : Track Location for user internalUser5956
2022-10-02 23:12:34.121  INFO 75568 --- [pool-7-thread-1] tourGuide.service.TourGuideService       : Track Location for user internalUser964
2022-10-02 23:12:34.121  INFO 75568 --- [    Test worker] tourGuide.service.TourGuideService       : Track Location for user internalUser4625
2022-10-02 23:12:34.121  INFO 75568 --- [pool-7-thread-1] tourGuide.service.TourGuideService       : Track Location for user internalUser3480
2022-10-02 23:12:34.121  INFO 75568 --- [    Test worker] tourGuide.service.TourGuideService       : Track Location for user internalUser5955
2022-10-02 23:12:34.121  INFO 75568 --- [pool-7-thread-1] tourGuide.service.TourGuideService       : Track Location for user internalUser961
2022-10-02 23:12:34.121  INFO 75568 --- [    Test worker] tourGuide.service.TourGuideService       : Track Location for user internalUser4626
2022-10-02 23:12:34.121  INFO 75568 --- [pool-7-thread-1] tourGuide.service.TourGuideService       : Track Location for user internalUser3481
2022-10-02 23:12:34.121  INFO 75568 --- [    Test worker] tourGuide.service.TourGuideService       : Track Location for user internalUser5958
2022-10-02 23:12:34.121  INFO 75568 --- [pool-7-thread-1] tourGuide.service.TourGuideService       : Track Location for user internalUser962
2022-10-02 23:12:34.121  INFO 75568 --- [    Test worker] tourGuide.service.TourGuideService       : Track Location for user internalUser4627
2022-10-02 23:12:34.121  INFO 75568 --- [pool-7-thread-1] tourGuide.service.TourGuideService       : Track Location for user internalUser3482
2022-10-02 23:12:34.121  INFO 75568 --- [    Test worker] tourGuide.service.TourGuideService       : Track Location for user internalUser5957
2022-10-02 23:12:34.121  INFO 75568 --- [pool-7-thread-1] tourGuide.service.TourGuideService       : Track Location for user internalUser2159
2022-10-02 23:12:34.121  INFO 75568 --- [    Test worker] tourGuide.service.TourGuideService       : Track Location for user internalUser5950
2022-10-02 23:12:34.121  INFO 75568 --- [pool-7-thread-1] tourGuide.service.TourGuideService       : Track Location for user internalUser3483
2022-10-02 23:12:34.121  INFO 75568 --- [    Test worker] tourGuide.service.TourGuideService       : Track Location for user internalUser4628
2022-10-02 23:12:34.121  INFO 75568 --- [pool-7-thread-1] tourGuide.service.TourGuideService       : Track Location for user internalUser960
2022-10-02 23:12:34.121  INFO 75568 --- [    Test worker] tourGuide.service.TourGuideService       : Track Location for user internalUser4629
2022-10-02 23:12:34.121  INFO 75568 --- [pool-7-thread-1] tourGuide.service.TourGuideService       : Track Location for user internalUser2158
2022-10-02 23:12:34.121  INFO 75568 --- [    Test worker] tourGuide.service.TourGuideService       : Track Location for user internalUser5959
2022-10-02 23:12:34.121  INFO 75568 --- [pool-7-thread-1] tourGuide.service.TourGuideService       : Track Location for user internalUser3484
2022-10-02 23:12:34.121  INFO 75568 --- [    Test worker] tourGuide.service.TourGuideService       : Track Location for user internalUser5921
2022-10-02 23:12:34.121  INFO 75568 --- [    Test worker] tourGuide.service.TourGuideService       : Track Location for user internalUser5920
2022-10-02 23:12:34.121  INFO 75568 --- [    Test worker] tourGuide.service.TourGuideService       : Track Location for user internalUser5923
2022-10-02 23:12:34.121  INFO 75568 --- [    Test worker] tourGuide.service.TourGuideService       : Track Location for user internalUser5922
2022-10-02 23:12:34.121  INFO 75568 --- [    Test worker] tourGuide.service.TourGuideService       : Track Location for user internalUser5925
2022-10-02 23:12:34.121  INFO 75568 --- [pool-7-thread-1] tourGuide.service.TourGuideService       : Track Location for user internalUser2157
2022-10-02 23:12:34.121  INFO 75568 --- [    Test worker] tourGuide.service.TourGuideService       : Track Location for user internalUser5924
2022-10-02 23:12:34.121  INFO 75568 --- [    Test worker] tourGuide.service.TourGuideService       : Track Location for user internalUser8198
2022-10-02 23:12:34.121  INFO 75568 --- [    Test worker] tourGuide.service.TourGuideService       : Track Location for user internalUser8199
2022-10-02 23:12:34.121  INFO 75568 --- [    Test worker] tourGuide.service.TourGuideService       : Track Location for user internalUser5927
2022-10-02 23:12:34.121  INFO 75568 --- [    Test worker] tourGuide.service.TourGuideService       : Track Location for user internalUser5926
2022-10-02 23:12:34.121  INFO 75568 --- [    Test worker] tourGuide.service.TourGuideService       : Track Location for user internalUser5929
2022-10-02 23:12:34.121  INFO 75568 --- [    Test worker] tourGuide.service.TourGuideService       : Track Location for user internalUser5928
2022-10-02 23:12:34.121  INFO 75568 --- [    Test worker] tourGuide.service.TourGuideService       : Track Location for user internalUser5930
2022-10-02 23:12:34.121  INFO 75568 --- [pool-7-thread-1] tourGuide.service.TourGuideService       : Track Location for user internalUser3485
2022-10-02 23:12:34.121  INFO 75568 --- [    Test worker] tourGuide.service.TourGuideService       : Track Location for user internalUser4600
2022-10-02 23:12:34.121  INFO 75568 --- [    Test worker] tourGuide.service.TourGuideService       : Track Location for user internalUser5932
2022-10-02 23:12:34.121  INFO 75568 --- [pool-7-thread-1] tourGuide.service.TourGuideService       : Track Location for user internalUser2156
2022-10-02 23:12:34.121  INFO 75568 --- [    Test worker] tourGuide.service.TourGuideService       : Track Location for user internalUser4601
2022-10-02 23:12:34.121  INFO 75568 --- [pool-7-thread-1] tourGuide.service.TourGuideService       : Track Location for user internalUser3486
2022-10-02 23:12:34.121  INFO 75568 --- [    Test worker] tourGuide.service.TourGuideService       : Track Location for user internalUser5931
2022-10-02 23:12:34.121  INFO 75568 --- [pool-7-thread-1] tourGuide.service.TourGuideService       : Track Location for user internalUser969
2022-10-02 23:12:34.121  INFO 75568 --- [    Test worker] tourGuide.service.TourGuideService       : Track Location for user internalUser4602
2022-10-02 23:12:34.121  INFO 75568 --- [pool-7-thread-1] tourGuide.service.TourGuideService       : Track Location for user internalUser967
2022-10-02 23:12:34.121  INFO 75568 --- [    Test worker] tourGuide.service.TourGuideService       : Track Location for user internalUser5934
2022-10-02 23:12:34.121  INFO 75568 --- [pool-7-thread-1] tourGuide.service.TourGuideService       : Track Location for user internalUser968
2022-10-02 23:12:34.121  INFO 75568 --- [    Test worker] tourGuide.service.TourGuideService       : Track Location for user internalUser4603
2022-10-02 23:12:34.121  INFO 75568 --- [    Test worker] tourGuide.service.TourGuideService       : Track Location for user internalUser5933
2022-10-02 23:12:34.121  INFO 75568 --- [    Test worker] tourGuide.service.TourGuideService       : Track Location for user internalUser4604
2022-10-02 23:12:34.121  INFO 75568 --- [    Test worker] tourGuide.service.TourGuideService       : Track Location for user internalUser5936
2022-10-02 23:12:34.121  INFO 75568 --- [pool-7-thread-1] tourGuide.service.TourGuideService       : Track Location for user internalUser965
2022-10-02 23:12:34.121  INFO 75568 --- [    Test worker] tourGuide.service.TourGuideService       : Track Location for user internalUser4605
2022-10-02 23:12:34.121  INFO 75568 --- [pool-7-thread-1] tourGuide.service.TourGuideService       : Track Location for user internalUser966
2022-10-02 23:12:34.121  INFO 75568 --- [    Test worker] tourGuide.service.TourGuideService       : Track Location for user internalUser5935
2022-10-02 23:12:34.121  INFO 75568 --- [pool-7-thread-1] tourGuide.service.TourGuideService       : Track Location for user internalUser2166
2022-10-02 23:12:34.121  INFO 75568 --- [    Test worker] tourGuide.service.TourGuideService       : Track Location for user internalUser4606
2022-10-02 23:12:34.121  INFO 75568 --- [pool-7-thread-1] tourGuide.service.TourGuideService       : Track Location for user internalUser3498
2022-10-02 23:12:34.121  INFO 75568 --- [    Test worker] tourGuide.service.TourGuideService       : Track Location for user internalUser5938
2022-10-02 23:12:34.121  INFO 75568 --- [pool-7-thread-1] tourGuide.service.TourGuideService       : Track Location for user internalUser2165
2022-10-02 23:12:34.121  INFO 75568 --- [    Test worker] tourGuide.service.TourGuideService       : Track Location for user internalUser4607
2022-10-02 23:12:34.121  INFO 75568 --- [pool-7-thread-1] tourGuide.service.TourGuideService       : Track Location for user internalUser3499
2022-10-02 23:12:34.121  INFO 75568 --- [pool-7-thread-1] tourGuide.service.TourGuideService       : Track Location for user internalUser2164
2022-10-02 23:12:34.121  INFO 75568 --- [pool-7-thread-1] tourGuide.service.TourGuideService       : Track Location for user internalUser2163
2022-10-02 23:12:34.121  INFO 75568 --- [pool-7-thread-1] tourGuide.service.TourGuideService       : Track Location for user internalUser2162
2022-10-02 23:12:34.121  INFO 75568 --- [pool-7-thread-1] tourGuide.service.TourGuideService       : Track Location for user internalUser2161
2022-10-02 23:12:34.121  INFO 75568 --- [    Test worker] tourGuide.service.TourGuideService       : Track Location for user internalUser5937
2022-10-02 23:12:34.121  INFO 75568 --- [pool-7-thread-1] tourGuide.service.TourGuideService       : Track Location for user internalUser2160
2022-10-02 23:12:34.121  INFO 75568 --- [    Test worker] tourGuide.service.TourGuideService       : Track Location for user internalUser4608
2022-10-02 23:12:34.121  INFO 75568 --- [pool-7-thread-1] tourGuide.service.TourGuideService       : Track Location for user internalUser974
2022-10-02 23:12:34.121  INFO 75568 --- [    Test worker] tourGuide.service.TourGuideService       : Track Location for user internalUser4609
2022-10-02 23:12:34.121  INFO 75568 --- [pool-7-thread-1] tourGuide.service.TourGuideService       : Track Location for user internalUser3490
2022-10-02 23:12:34.121  INFO 75568 --- [    Test worker] tourGuide.service.TourGuideService       : Track Location for user internalUser5939
2022-10-02 23:12:34.121  INFO 75568 --- [pool-7-thread-1] tourGuide.service.TourGuideService       : Track Location for user internalUser975
2022-10-02 23:12:34.121  INFO 75568 --- [    Test worker] tourGuide.service.TourGuideService       : Track Location for user internalUser3322
2022-10-02 23:12:34.121  INFO 75568 --- [pool-7-thread-1] tourGuide.service.TourGuideService       : Track Location for user internalUser3491
2022-10-02 23:12:34.121  INFO 75568 --- [    Test worker] tourGuide.service.TourGuideService       : Track Location for user internalUser4653
2022-10-02 23:12:34.121  INFO 75568 --- [pool-7-thread-1] tourGuide.service.TourGuideService       : Track Location for user internalUser972
2022-10-02 23:12:34.121  INFO 75568 --- [    Test worker] tourGuide.service.TourGuideService       : Track Location for user internalUser5985
2022-10-02 23:12:34.121  INFO 75568 --- [pool-7-thread-1] tourGuide.service.TourGuideService       : Track Location for user internalUser3492
2022-10-02 23:12:34.121  INFO 75568 --- [    Test worker] tourGuide.service.TourGuideService       : Track Location for user internalUser3323
2022-10-02 23:12:34.121  INFO 75568 --- [pool-7-thread-1] tourGuide.service.TourGuideService       : Track Location for user internalUser973
2022-10-02 23:12:34.121  INFO 75568 --- [    Test worker] tourGuide.service.TourGuideService       : Track Location for user internalUser4654
2022-10-02 23:12:34.121  INFO 75568 --- [pool-7-thread-1] tourGuide.service.TourGuideService       : Track Location for user internalUser3493
2022-10-02 23:12:34.121  INFO 75568 --- [    Test worker] tourGuide.service.TourGuideService       : Track Location for user internalUser5984
2022-10-02 23:12:34.121  INFO 75568 --- [pool-7-thread-1] tourGuide.service.TourGuideService       : Track Location for user internalUser970
2022-10-02 23:12:34.121  INFO 75568 --- [pool-7-thread-1] tourGuide.service.TourGuideService       : Track Location for user internalUser3494
2022-10-02 23:12:34.121  INFO 75568 --- [pool-7-thread-1] tourGuide.service.TourGuideService       : Track Location for user internalUser971
2022-10-02 23:12:34.121  INFO 75568 --- [pool-7-thread-1] tourGuide.service.TourGuideService       : Track Location for user internalUser2169
2022-10-02 23:12:34.121  INFO 75568 --- [pool-7-thread-1] tourGuide.service.TourGuideService       : Track Location for user internalUser3495
2022-10-02 23:12:34.121  INFO 75568 --- [    Test worker] tourGuide.service.TourGuideService       : Track Location for user internalUser3324
2022-10-02 23:12:34.121  INFO 75568 --- [pool-7-thread-1] tourGuide.service.TourGuideService       : Track Location for user internalUser2168
2022-10-02 23:12:34.121  INFO 75568 --- [    Test worker] tourGuide.service.TourGuideService       : Track Location for user internalUser4655
2022-10-02 23:12:34.121  INFO 75568 --- [pool-7-thread-1] tourGuide.service.TourGuideService       : Track Location for user internalUser3496
2022-10-02 23:12:34.121  INFO 75568 --- [    Test worker] tourGuide.service.TourGuideService       : Track Location for user internalUser5987
2022-10-02 23:12:34.121  INFO 75568 --- [pool-7-thread-1] tourGuide.service.TourGuideService       : Track Location for user internalUser2167
2022-10-02 23:12:34.121  INFO 75568 --- [    Test worker] tourGuide.service.TourGuideService       : Track Location for user internalUser3325
2022-10-02 23:12:34.121  INFO 75568 --- [pool-7-thread-1] tourGuide.service.TourGuideService       : Track Location for user internalUser3497
2022-10-02 23:12:34.121  INFO 75568 --- [    Test worker] tourGuide.service.TourGuideService       : Track Location for user internalUser4656
2022-10-02 23:12:34.121  INFO 75568 --- [pool-7-thread-1] tourGuide.service.TourGuideService       : Track Location for user internalUser978
2022-10-02 23:12:34.121  INFO 75568 --- [    Test worker] tourGuide.service.TourGuideService       : Track Location for user internalUser5986
2022-10-02 23:12:34.121  INFO 75568 --- [pool-7-thread-1] tourGuide.service.TourGuideService       : Track Location for user internalUser979
2022-10-02 23:12:34.121  INFO 75568 --- [    Test worker] tourGuide.service.TourGuideService       : Track Location for user internalUser3326
2022-10-02 23:12:34.121  INFO 75568 --- [pool-7-thread-1] tourGuide.service.TourGuideService       : Track Location for user internalUser976
2022-10-02 23:12:34.121  INFO 75568 --- [    Test worker] tourGuide.service.TourGuideService       : Track Location for user internalUser4657
2022-10-02 23:12:34.121  INFO 75568 --- [pool-7-thread-1] tourGuide.service.TourGuideService       : Track Location for user internalUser977
2022-10-02 23:12:34.121  INFO 75568 --- [    Test worker] tourGuide.service.TourGuideService       : Track Location for user internalUser5989
2022-10-02 23:12:34.121  INFO 75568 --- [pool-7-thread-1] tourGuide.service.TourGuideService       : Track Location for user internalUser2133
2022-10-02 23:12:34.121  INFO 75568 --- [    Test worker] tourGuide.service.TourGuideService       : Track Location for user internalUser3327
2022-10-02 23:12:34.121  INFO 75568 --- [pool-7-thread-1] tourGuide.service.TourGuideService       : Track Location for user internalUser3465
2022-10-02 23:12:34.121  INFO 75568 --- [    Test worker] tourGuide.service.TourGuideService       : Track Location for user internalUser4658
2022-10-02 23:12:34.121  INFO 75568 --- [pool-7-thread-1] tourGuide.service.TourGuideService       : Track Location for user internalUser4796
2022-10-02 23:12:34.121  INFO 75568 --- [    Test worker] tourGuide.service.TourGuideService       : Track Location for user internalUser5988
2022-10-02 23:12:34.121  INFO 75568 --- [pool-7-thread-1] tourGuide.service.TourGuideService       : Track Location for user internalUser2132
2022-10-02 23:12:34.121  INFO 75568 --- [    Test worker] tourGuide.service.TourGuideService       : Track Location for user internalUser3328
2022-10-02 23:12:34.121  INFO 75568 --- [pool-7-thread-1] tourGuide.service.TourGuideService       : Track Location for user internalUser3466
2022-10-02 23:12:34.121  INFO 75568 --- [    Test worker] tourGuide.service.TourGuideService       : Track Location for user internalUser4659
2022-10-02 23:12:34.121  INFO 75568 --- [pool-7-thread-1] tourGuide.service.TourGuideService       : Track Location for user internalUser4797
2022-10-02 23:12:34.121  INFO 75568 --- [    Test worker] tourGuide.service.TourGuideService       : Track Location for user internalUser3329
2022-10-02 23:12:34.121  INFO 75568 --- [pool-7-thread-1] tourGuide.service.TourGuideService       : Track Location for user internalUser2131
2022-10-02 23:12:34.121  INFO 75568 --- [    Test worker] tourGuide.service.TourGuideService       : Track Location for user internalUser5981
2022-10-02 23:12:34.121  INFO 75568 --- [pool-7-thread-1] tourGuide.service.TourGuideService       : Track Location for user internalUser3467
2022-10-02 23:12:34.121  INFO 75568 --- [    Test worker] tourGuide.service.TourGuideService       : Track Location for user internalUser4650
2022-10-02 23:12:34.121  INFO 75568 --- [pool-7-thread-1] tourGuide.service.TourGuideService       : Track Location for user internalUser4798
2022-10-02 23:12:34.121  INFO 75568 --- [    Test worker] tourGuide.service.TourGuideService       : Track Location for user internalUser5980
2022-10-02 23:12:34.121  INFO 75568 --- [pool-7-thread-1] tourGuide.service.TourGuideService       : Track Location for user internalUser2130
2022-10-02 23:12:34.121  INFO 75568 --- [    Test worker] tourGuide.service.TourGuideService       : Track Location for user internalUser3320
2022-10-02 23:12:34.121  INFO 75568 --- [pool-7-thread-1] tourGuide.service.TourGuideService       : Track Location for user internalUser3468
2022-10-02 23:12:34.121  INFO 75568 --- [    Test worker] tourGuide.service.TourGuideService       : Track Location for user internalUser4651
2022-10-02 23:12:34.121  INFO 75568 --- [pool-7-thread-1] tourGuide.service.TourGuideService       : Track Location for user internalUser4799
2022-10-02 23:12:34.121  INFO 75568 --- [    Test worker] tourGuide.service.TourGuideService       : Track Location for user internalUser5983
2022-10-02 23:12:34.121  INFO 75568 --- [pool-7-thread-1] tourGuide.service.TourGuideService       : Track Location for user internalUser3469
2022-10-02 23:12:34.121  INFO 75568 --- [pool-7-thread-1] tourGuide.service.TourGuideService       : Track Location for user internalUser985
2022-10-02 23:12:34.121  INFO 75568 --- [    Test worker] tourGuide.service.TourGuideService       : Track Location for user internalUser3321
2022-10-02 23:12:34.121  INFO 75568 --- [pool-7-thread-1] tourGuide.service.TourGuideService       : Track Location for user internalUser986
2022-10-02 23:12:34.121  INFO 75568 --- [    Test worker] tourGuide.service.TourGuideService       : Track Location for user internalUser4652
2022-10-02 23:12:34.121  INFO 75568 --- [pool-7-thread-1] tourGuide.service.TourGuideService       : Track Location for user internalUser983
2022-10-02 23:12:34.121  INFO 75568 --- [    Test worker] tourGuide.service.TourGuideService       : Track Location for user internalUser5982
2022-10-02 23:12:34.121  INFO 75568 --- [pool-7-thread-1] tourGuide.service.TourGuideService       : Track Location for user internalUser2139
2022-10-02 23:12:34.121  INFO 75568 --- [    Test worker] tourGuide.service.TourGuideService       : Track Location for user internalUser2001
2022-10-02 23:12:34.121  INFO 75568 --- [pool-7-thread-1] tourGuide.service.TourGuideService       : Track Location for user internalUser4790
2022-10-02 23:12:34.121  INFO 75568 --- [    Test worker] tourGuide.service.TourGuideService       : Track Location for user internalUser3333
2022-10-02 23:12:34.121  INFO 75568 --- [pool-7-thread-1] tourGuide.service.TourGuideService       : Track Location for user internalUser984
2022-10-02 23:12:34.121  INFO 75568 --- [    Test worker] tourGuide.service.TourGuideService       : Track Location for user internalUser4664
2022-10-02 23:12:34.121  INFO 75568 --- [pool-7-thread-1] tourGuide.service.TourGuideService       : Track Location for user internalUser2138
2022-10-02 23:12:34.121  INFO 75568 --- [    Test worker] tourGuide.service.TourGuideService       : Track Location for user internalUser5996
2022-10-02 23:12:34.121  INFO 75568 --- [pool-7-thread-1] tourGuide.service.TourGuideService       : Track Location for user internalUser3460
2022-10-02 23:12:34.121  INFO 75568 --- [    Test worker] tourGuide.service.TourGuideService       : Track Location for user internalUser2000
2022-10-02 23:12:34.121  INFO 75568 --- [pool-7-thread-1] tourGuide.service.TourGuideService       : Track Location for user internalUser4791
2022-10-02 23:12:34.121  INFO 75568 --- [    Test worker] tourGuide.service.TourGuideService       : Track Location for user internalUser3334
2022-10-02 23:12:34.122  INFO 75568 --- [pool-7-thread-1] tourGuide.service.TourGuideService       : Track Location for user internalUser981
2022-10-02 23:12:34.122  INFO 75568 --- [    Test worker] tourGuide.service.TourGuideService       : Track Location for user internalUser4665
2022-10-02 23:12:34.122  INFO 75568 --- [pool-7-thread-1] tourGuide.service.TourGuideService       : Track Location for user internalUser2137
2022-10-02 23:12:34.122  INFO 75568 --- [    Test worker] tourGuide.service.TourGuideService       : Track Location for user internalUser5995
2022-10-02 23:12:34.122  INFO 75568 --- [pool-7-thread-1] tourGuide.service.TourGuideService       : Track Location for user internalUser3461
2022-10-02 23:12:34.122  INFO 75568 --- [    Test worker] tourGuide.service.TourGuideService       : Track Location for user internalUser3335
2022-10-02 23:12:34.122  INFO 75568 --- [pool-7-thread-1] tourGuide.service.TourGuideService       : Track Location for user internalUser4792
2022-10-02 23:12:34.122  INFO 75568 --- [    Test worker] tourGuide.service.TourGuideService       : Track Location for user internalUser4666
2022-10-02 23:12:34.122  INFO 75568 --- [pool-7-thread-1] tourGuide.service.TourGuideService       : Track Location for user internalUser982
2022-10-02 23:12:34.122  INFO 75568 --- [    Test worker] tourGuide.service.TourGuideService       : Track Location for user internalUser5998
2022-10-02 23:12:34.122  INFO 75568 --- [pool-7-thread-1] tourGuide.service.TourGuideService       : Track Location for user internalUser2136
2022-10-02 23:12:34.122  INFO 75568 --- [    Test worker] tourGuide.service.TourGuideService       : Track Location for user internalUser3336
2022-10-02 23:12:34.122  INFO 75568 --- [    Test worker] tourGuide.service.TourGuideService       : Track Location for user internalUser4667
2022-10-02 23:12:34.122  INFO 75568 --- [    Test worker] tourGuide.service.TourGuideService       : Track Location for user internalUser5997
2022-10-02 23:12:34.122  INFO 75568 --- [pool-7-thread-1] tourGuide.service.TourGuideService       : Track Location for user internalUser3462
2022-10-02 23:12:34.122  INFO 75568 --- [    Test worker] tourGuide.service.TourGuideService       : Track Location for user internalUser3337
2022-10-02 23:12:34.122  INFO 75568 --- [pool-7-thread-1] tourGuide.service.TourGuideService       : Track Location for user internalUser4793
2022-10-02 23:12:34.122  INFO 75568 --- [    Test worker] tourGuide.service.TourGuideService       : Track Location for user internalUser4668
2022-10-02 23:12:34.122  INFO 75568 --- [pool-7-thread-1] tourGuide.service.TourGuideService       : Track Location for user internalUser2135
2022-10-02 23:12:34.122  INFO 75568 --- [    Test worker] tourGuide.service.TourGuideService       : Track Location for user internalUser3338
2022-10-02 23:12:34.122  INFO 75568 --- [pool-7-thread-1] tourGuide.service.TourGuideService       : Track Location for user internalUser3463
2022-10-02 23:12:34.122  INFO 75568 --- [    Test worker] tourGuide.service.TourGuideService       : Track Location for user internalUser4669
2022-10-02 23:12:34.122  INFO 75568 --- [pool-7-thread-1] tourGuide.service.TourGuideService       : Track Location for user internalUser4794
2022-10-02 23:12:34.122  INFO 75568 --- [    Test worker] tourGuide.service.TourGuideService       : Track Location for user internalUser5999
2022-10-02 23:12:34.122  INFO 75568 --- [pool-7-thread-1] tourGuide.service.TourGuideService       : Track Location for user internalUser980
2022-10-02 23:12:34.122  INFO 75568 --- [    Test worker] tourGuide.service.TourGuideService       : Track Location for user internalUser3339
2022-10-02 23:12:34.122  INFO 75568 --- [pool-7-thread-1] tourGuide.service.TourGuideService       : Track Location for user internalUser2134
2022-10-02 23:12:34.122  INFO 75568 --- [    Test worker] tourGuide.service.TourGuideService       : Track Location for user internalUser2009
2022-10-02 23:12:34.122  INFO 75568 --- [pool-7-thread-1] tourGuide.service.TourGuideService       : Track Location for user internalUser3464
2022-10-02 23:12:34.122  INFO 75568 --- [    Test worker] tourGuide.service.TourGuideService       : Track Location for user internalUser2008
2022-10-02 23:12:34.122  INFO 75568 --- [pool-7-thread-1] tourGuide.service.TourGuideService       : Track Location for user internalUser4795
2022-10-02 23:12:34.122  INFO 75568 --- [    Test worker] tourGuide.service.TourGuideService       : Track Location for user internalUser2007
2022-10-02 23:12:34.122  INFO 75568 --- [pool-7-thread-1] tourGuide.service.TourGuideService       : Track Location for user internalUser989
2022-10-02 23:12:34.122  INFO 75568 --- [    Test worker] tourGuide.service.TourGuideService       : Track Location for user internalUser5990
2022-10-02 23:12:34.122  INFO 75568 --- [pool-7-thread-1] tourGuide.service.TourGuideService       : Track Location for user internalUser987
2022-10-02 23:12:34.122  INFO 75568 --- [    Test worker] tourGuide.service.TourGuideService       : Track Location for user internalUser2006
2022-10-02 23:12:34.122  INFO 75568 --- [pool-7-thread-1] tourGuide.service.TourGuideService       : Track Location for user internalUser988
2022-10-02 23:12:34.122  INFO 75568 --- [    Test worker] tourGuide.service.TourGuideService       : Track Location for user internalUser2005
2022-10-02 23:12:34.122  INFO 75568 --- [pool-7-thread-1] tourGuide.service.TourGuideService       : Track Location for user internalUser2144
2022-10-02 23:12:34.122  INFO 75568 --- [    Test worker] tourGuide.service.TourGuideService       : Track Location for user internalUser4660
2022-10-02 23:12:34.122  INFO 75568 --- [pool-7-thread-1] tourGuide.service.TourGuideService       : Track Location for user internalUser3476
2022-10-02 23:12:34.122  INFO 75568 --- [    Test worker] tourGuide.service.TourGuideService       : Track Location for user internalUser5992
2022-10-02 23:12:34.122  INFO 75568 --- [pool-7-thread-1] tourGuide.service.TourGuideService       : Track Location for user internalUser2143
2022-10-02 23:12:34.122  INFO 75568 --- [pool-7-thread-1] tourGuide.service.TourGuideService       : Track Location for user internalUser3477
2022-10-02 23:12:34.122  INFO 75568 --- [    Test worker] tourGuide.service.TourGuideService       : Track Location for user internalUser2004
2022-10-02 23:12:34.122  INFO 75568 --- [pool-7-thread-1] tourGuide.service.TourGuideService       : Track Location for user internalUser2142
2022-10-02 23:12:34.122  INFO 75568 --- [    Test worker] tourGuide.service.TourGuideService       : Track Location for user internalUser3330
2022-10-02 23:12:34.122  INFO 75568 --- [pool-7-thread-1] tourGuide.service.TourGuideService       : Track Location for user internalUser3478
2022-10-02 23:12:34.122  INFO 75568 --- [    Test worker] tourGuide.service.TourGuideService       : Track Location for user internalUser4661
2022-10-02 23:12:34.122  INFO 75568 --- [pool-7-thread-1] tourGuide.service.TourGuideService       : Track Location for user internalUser2141
2022-10-02 23:12:34.122  INFO 75568 --- [    Test worker] tourGuide.service.TourGuideService       : Track Location for user internalUser5991
2022-10-02 23:12:34.122  INFO 75568 --- [pool-7-thread-1] tourGuide.service.TourGuideService       : Track Location for user internalUser3479
2022-10-02 23:12:34.122  INFO 75568 --- [    Test worker] tourGuide.service.TourGuideService       : Track Location for user internalUser2003
2022-10-02 23:12:34.122  INFO 75568 --- [pool-7-thread-1] tourGuide.service.TourGuideService       : Track Location for user internalUser2140
2022-10-02 23:12:34.122  INFO 75568 --- [    Test worker] tourGuide.service.TourGuideService       : Track Location for user internalUser3331
2022-10-02 23:12:34.122  INFO 75568 --- [pool-7-thread-1] tourGuide.service.TourGuideService       : Track Location for user internalUser996
2022-10-02 23:12:34.122  INFO 75568 --- [    Test worker] tourGuide.service.TourGuideService       : Track Location for user internalUser4662
2022-10-02 23:12:34.122  INFO 75568 --- [pool-7-thread-1] tourGuide.service.TourGuideService       : Track Location for user internalUser997
2022-10-02 23:12:34.122  INFO 75568 --- [    Test worker] tourGuide.service.TourGuideService       : Track Location for user internalUser5994
2022-10-02 23:12:34.122  INFO 75568 --- [pool-7-thread-1] tourGuide.service.TourGuideService       : Track Location for user internalUser994
2022-10-02 23:12:34.122  INFO 75568 --- [pool-7-thread-1] tourGuide.service.TourGuideService       : Track Location for user internalUser3470
2022-10-02 23:12:34.122  INFO 75568 --- [pool-7-thread-1] tourGuide.service.TourGuideService       : Track Location for user internalUser995
2022-10-02 23:12:34.122  INFO 75568 --- [    Test worker] tourGuide.service.TourGuideService       : Track Location for user internalUser2002
2022-10-02 23:12:34.122  INFO 75568 --- [pool-7-thread-1] tourGuide.service.TourGuideService       : Track Location for user internalUser2149
2022-10-02 23:12:34.122  INFO 75568 --- [    Test worker] tourGuide.service.TourGuideService       : Track Location for user internalUser3332
2022-10-02 23:12:34.122  INFO 75568 --- [pool-7-thread-1] tourGuide.service.TourGuideService       : Track Location for user internalUser3471
2022-10-02 23:12:34.122  INFO 75568 --- [    Test worker] tourGuide.service.TourGuideService       : Track Location for user internalUser4663
2022-10-02 23:12:34.122  INFO 75568 --- [pool-7-thread-1] tourGuide.service.TourGuideService       : Track Location for user internalUser992
2022-10-02 23:12:34.122  INFO 75568 --- [    Test worker] tourGuide.service.TourGuideService       : Track Location for user internalUser5993
2022-10-02 23:12:34.122  INFO 75568 --- [pool-7-thread-1] tourGuide.service.TourGuideService       : Track Location for user internalUser2148
2022-10-02 23:12:34.122  INFO 75568 --- [    Test worker] tourGuide.service.TourGuideService       : Track Location for user internalUser3300
2022-10-02 23:12:34.122  INFO 75568 --- [pool-7-thread-1] tourGuide.service.TourGuideService       : Track Location for user internalUser3472
2022-10-02 23:12:34.122  INFO 75568 --- [    Test worker] tourGuide.service.TourGuideService       : Track Location for user internalUser4631
2022-10-02 23:12:34.122  INFO 75568 --- [pool-7-thread-1] tourGuide.service.TourGuideService       : Track Location for user internalUser993
2022-10-02 23:12:34.122  INFO 75568 --- [    Test worker] tourGuide.service.TourGuideService       : Track Location for user internalUser5963
2022-10-02 23:12:34.122  INFO 75568 --- [pool-7-thread-1] tourGuide.service.TourGuideService       : Track Location for user internalUser2147
2022-10-02 23:12:34.122  INFO 75568 --- [    Test worker] tourGuide.service.TourGuideService       : Track Location for user internalUser3301
2022-10-02 23:12:34.122  INFO 75568 --- [pool-7-thread-1] tourGuide.service.TourGuideService       : Track Location for user internalUser3473
2022-10-02 23:12:34.122  INFO 75568 --- [    Test worker] tourGuide.service.TourGuideService       : Track Location for user internalUser4632
2022-10-02 23:12:34.122  INFO 75568 --- [pool-7-thread-1] tourGuide.service.TourGuideService       : Track Location for user internalUser990
2022-10-02 23:12:34.122  INFO 75568 --- [    Test worker] tourGuide.service.TourGuideService       : Track Location for user internalUser5962
2022-10-02 23:12:34.122  INFO 75568 --- [    Test worker] tourGuide.service.TourGuideService       : Track Location for user internalUser3302
2022-10-02 23:12:34.122  INFO 75568 --- [    Test worker] tourGuide.service.TourGuideService       : Track Location for user internalUser4633
2022-10-02 23:12:34.122  INFO 75568 --- [pool-7-thread-1] tourGuide.service.TourGuideService       : Track Location for user internalUser2146
2022-10-02 23:12:34.122  INFO 75568 --- [    Test worker] tourGuide.service.TourGuideService       : Track Location for user internalUser5965
2022-10-02 23:12:34.122  INFO 75568 --- [pool-7-thread-1] tourGuide.service.TourGuideService       : Track Location for user internalUser3474
2022-10-02 23:12:34.122  INFO 75568 --- [    Test worker] tourGuide.service.TourGuideService       : Track Location for user internalUser3303
2022-10-02 23:12:34.122  INFO 75568 --- [pool-7-thread-1] tourGuide.service.TourGuideService       : Track Location for user internalUser991
2022-10-02 23:12:34.122  INFO 75568 --- [    Test worker] tourGuide.service.TourGuideService       : Track Location for user internalUser4634
2022-10-02 23:12:34.122  INFO 75568 --- [pool-7-thread-1] tourGuide.service.TourGuideService       : Track Location for user internalUser2145
2022-10-02 23:12:34.122  INFO 75568 --- [    Test worker] tourGuide.service.TourGuideService       : Track Location for user internalUser5964
2022-10-02 23:12:34.122  INFO 75568 --- [pool-7-thread-1] tourGuide.service.TourGuideService       : Track Location for user internalUser3475
2022-10-02 23:12:34.122  INFO 75568 --- [    Test worker] tourGuide.service.TourGuideService       : Track Location for user internalUser3304
2022-10-02 23:12:34.122  INFO 75568 --- [    Test worker] tourGuide.service.TourGuideService       : Track Location for user internalUser4635
2022-10-02 23:12:34.122  INFO 75568 --- [    Test worker] tourGuide.service.TourGuideService       : Track Location for user internalUser5967
2022-10-02 23:12:34.122  INFO 75568 --- [pool-7-thread-1] tourGuide.service.TourGuideService       : Track Location for user internalUser998
2022-10-02 23:12:34.122  INFO 75568 --- [    Test worker] tourGuide.service.TourGuideService       : Track Location for user internalUser3305
2022-10-02 23:12:34.122  INFO 75568 --- [pool-7-thread-1] tourGuide.service.TourGuideService       : Track Location for user internalUser999
2022-10-02 23:12:34.122  INFO 75568 --- [pool-7-thread-1] tourGuide.service.TourGuideService       : Track Location for user internalUser2199
2022-10-02 23:12:34.122  INFO 75568 --- [    Test worker] tourGuide.service.TourGuideService       : Track Location for user internalUser4636
2022-10-02 23:12:34.122  INFO 75568 --- [pool-7-thread-1] tourGuide.service.TourGuideService       : Track Location for user internalUser2198
2022-10-02 23:12:34.122  INFO 75568 --- [pool-7-thread-1] tourGuide.service.TourGuideService       : Track Location for user internalUser2197
2022-10-02 23:12:34.122  INFO 75568 --- [pool-7-thread-1] tourGuide.service.TourGuideService       : Track Location for user internalUser2196
2022-10-02 23:12:34.122  INFO 75568 --- [pool-7-thread-1] tourGuide.service.TourGuideService       : Track Location for user internalUser2195
2022-10-02 23:12:34.122  INFO 75568 --- [    Test worker] tourGuide.service.TourGuideService       : Track Location for user internalUser5966
2022-10-02 23:12:34.122  INFO 75568 --- [pool-7-thread-1] tourGuide.service.TourGuideService       : Track Location for user internalUser2194
2022-10-02 23:12:34.122  INFO 75568 --- [    Test worker] tourGuide.service.TourGuideService       : Track Location for user internalUser3306
2022-10-02 23:12:34.122  INFO 75568 --- [pool-7-thread-1] tourGuide.service.TourGuideService       : Track Location for user internalUser2193
2022-10-02 23:12:34.122  INFO 75568 --- [    Test worker] tourGuide.service.TourGuideService       : Track Location for user internalUser4637
2022-10-02 23:12:34.122  INFO 75568 --- [pool-7-thread-1] tourGuide.service.TourGuideService       : Track Location for user internalUser2192
2022-10-02 23:12:34.122  INFO 75568 --- [    Test worker] tourGuide.service.TourGuideService       : Track Location for user internalUser5969
2022-10-02 23:12:34.122  INFO 75568 --- [pool-7-thread-1] tourGuide.service.TourGuideService       : Track Location for user internalUser920
2022-10-02 23:12:34.122  INFO 75568 --- [    Test worker] tourGuide.service.TourGuideService       : Track Location for user internalUser3307
2022-10-02 23:12:34.122  INFO 75568 --- [pool-7-thread-1] tourGuide.service.TourGuideService       : Track Location for user internalUser927
2022-10-02 23:12:34.122  INFO 75568 --- [    Test worker] tourGuide.service.TourGuideService       : Track Location for user internalUser4638
2022-10-02 23:12:34.122  INFO 75568 --- [pool-7-thread-1] tourGuide.service.TourGuideService       : Track Location for user internalUser928
2022-10-02 23:12:34.122  INFO 75568 --- [    Test worker] tourGuide.service.TourGuideService       : Track Location for user internalUser5968
2022-10-02 23:12:34.122  INFO 75568 --- [pool-7-thread-1] tourGuide.service.TourGuideService       : Track Location for user internalUser925
2022-10-02 23:12:34.122  INFO 75568 --- [    Test worker] tourGuide.service.TourGuideService       : Track Location for user internalUser5961
2022-10-02 23:12:34.122  INFO 75568 --- [pool-7-thread-1] tourGuide.service.TourGuideService       : Track Location for user internalUser926
2022-10-02 23:12:34.122  INFO 75568 --- [    Test worker] tourGuide.service.TourGuideService       : Track Location for user internalUser4630
2022-10-02 23:12:34.122  INFO 75568 --- [pool-7-thread-1] tourGuide.service.TourGuideService       : Track Location for user internalUser923
2022-10-02 23:12:34.122  INFO 75568 --- [    Test worker] tourGuide.service.TourGuideService       : Track Location for user internalUser5960
2022-10-02 23:12:34.122  INFO 75568 --- [pool-7-thread-1] tourGuide.service.TourGuideService       : Track Location for user internalUser924
2022-10-02 23:12:34.122  INFO 75568 --- [    Test worker] tourGuide.service.TourGuideService       : Track Location for user internalUser3308
2022-10-02 23:12:34.122  INFO 75568 --- [pool-7-thread-1] tourGuide.service.TourGuideService       : Track Location for user internalUser921
2022-10-02 23:12:34.122  INFO 75568 --- [    Test worker] tourGuide.service.TourGuideService       : Track Location for user internalUser4639
2022-10-02 23:12:34.122  INFO 75568 --- [pool-7-thread-1] tourGuide.service.TourGuideService       : Track Location for user internalUser922
2022-10-02 23:12:34.122  INFO 75568 --- [    Test worker] tourGuide.service.TourGuideService       : Track Location for user internalUser3309
2022-10-02 23:12:34.122  INFO 75568 --- [pool-7-thread-1] tourGuide.service.TourGuideService       : Track Location for user internalUser929
2022-10-02 23:12:34.122  INFO 75568 --- [    Test worker] tourGuide.service.TourGuideService       : Track Location for user internalUser3311
2022-10-02 23:12:34.122  INFO 75568 --- [pool-7-thread-1] tourGuide.service.TourGuideService       : Track Location for user internalUser930
2022-10-02 23:12:34.122  INFO 75568 --- [    Test worker] tourGuide.service.TourGuideService       : Track Location for user internalUser4642
2022-10-02 23:12:34.122  INFO 75568 --- [pool-7-thread-1] tourGuide.service.TourGuideService       : Track Location for user internalUser931
2022-10-02 23:12:34.122  INFO 75568 --- [    Test worker] tourGuide.service.TourGuideService       : Track Location for user internalUser5974
2022-10-02 23:12:34.122  INFO 75568 --- [pool-7-thread-1] tourGuide.service.TourGuideService       : Track Location for user internalUser938
2022-10-02 23:12:34.122  INFO 75568 --- [    Test worker] tourGuide.service.TourGuideService       : Track Location for user internalUser3312
2022-10-02 23:12:34.122  INFO 75568 --- [pool-7-thread-1] tourGuide.service.TourGuideService       : Track Location for user internalUser939
2022-10-02 23:12:34.122  INFO 75568 --- [    Test worker] tourGuide.service.TourGuideService       : Track Location for user internalUser4643
2022-10-02 23:12:34.122  INFO 75568 --- [pool-7-thread-1] tourGuide.service.TourGuideService       : Track Location for user internalUser936
2022-10-02 23:12:34.123  INFO 75568 --- [    Test worker] tourGuide.service.TourGuideService       : Track Location for user internalUser5973
2022-10-02 23:12:34.123  INFO 75568 --- [pool-7-thread-1] tourGuide.service.TourGuideService       : Track Location for user internalUser937
2022-10-02 23:12:34.123  INFO 75568 --- [    Test worker] tourGuide.service.TourGuideService       : Track Location for user internalUser3313
2022-10-02 23:12:34.123  INFO 75568 --- [pool-7-thread-1] tourGuide.service.TourGuideService       : Track Location for user internalUser934
2022-10-02 23:12:34.123  INFO 75568 --- [    Test worker] tourGuide.service.TourGuideService       : Track Location for user internalUser4644
2022-10-02 23:12:34.123  INFO 75568 --- [pool-7-thread-1] tourGuide.service.TourGuideService       : Track Location for user internalUser935
2022-10-02 23:12:34.123  INFO 75568 --- [    Test worker] tourGuide.service.TourGuideService       : Track Location for user internalUser5976
2022-10-02 23:12:34.123  INFO 75568 --- [pool-7-thread-1] tourGuide.service.TourGuideService       : Track Location for user internalUser932
2022-10-02 23:12:34.123  INFO 75568 --- [    Test worker] tourGuide.service.TourGuideService       : Track Location for user internalUser3314
2022-10-02 23:12:34.123  INFO 75568 --- [pool-7-thread-1] tourGuide.service.TourGuideService       : Track Location for user internalUser933
2022-10-02 23:12:34.123  INFO 75568 --- [    Test worker] tourGuide.service.TourGuideService       : Track Location for user internalUser4645
2022-10-02 23:12:34.123  INFO 75568 --- [pool-7-thread-1] tourGuide.service.TourGuideService       : Track Location for user internalUser2177
2022-10-02 23:12:34.123  INFO 75568 --- [    Test worker] tourGuide.service.TourGuideService       : Track Location for user internalUser5975
2022-10-02 23:12:34.123  INFO 75568 --- [pool-7-thread-1] tourGuide.service.TourGuideService       : Track Location for user internalUser2176
2022-10-02 23:12:34.123  INFO 75568 --- [    Test worker] tourGuide.service.TourGuideService       : Track Location for user internalUser3315
2022-10-02 23:12:34.123  INFO 75568 --- [pool-7-thread-1] tourGuide.service.TourGuideService       : Track Location for user internalUser2175
2022-10-02 23:12:34.123  INFO 75568 --- [    Test worker] tourGuide.service.TourGuideService       : Track Location for user internalUser4646
2022-10-02 23:12:34.123  INFO 75568 --- [pool-7-thread-1] tourGuide.service.TourGuideService       : Track Location for user internalUser2174
2022-10-02 23:12:34.123  INFO 75568 --- [    Test worker] tourGuide.service.TourGuideService       : Track Location for user internalUser5978
2022-10-02 23:12:34.123  INFO 75568 --- [pool-7-thread-1] tourGuide.service.TourGuideService       : Track Location for user internalUser2173
2022-10-02 23:12:34.123  INFO 75568 --- [    Test worker] tourGuide.service.TourGuideService       : Track Location for user internalUser3316
2022-10-02 23:12:34.123  INFO 75568 --- [pool-7-thread-1] tourGuide.service.TourGuideService       : Track Location for user internalUser2172
2022-10-02 23:12:34.123  INFO 75568 --- [    Test worker] tourGuide.service.TourGuideService       : Track Location for user internalUser4647
2022-10-02 23:12:34.123  INFO 75568 --- [pool-7-thread-1] tourGuide.service.TourGuideService       : Track Location for user internalUser2171
2022-10-02 23:12:34.123  INFO 75568 --- [    Test worker] tourGuide.service.TourGuideService       : Track Location for user internalUser5977
2022-10-02 23:12:34.123  INFO 75568 --- [pool-7-thread-1] tourGuide.service.TourGuideService       : Track Location for user internalUser2170
2022-10-02 23:12:34.123  INFO 75568 --- [    Test worker] tourGuide.service.TourGuideService       : Track Location for user internalUser3317
2022-10-02 23:12:34.123  INFO 75568 --- [pool-7-thread-1] tourGuide.service.TourGuideService       : Track Location for user internalUser941
2022-10-02 23:12:34.123  INFO 75568 --- [    Test worker] tourGuide.service.TourGuideService       : Track Location for user internalUser4648
2022-10-02 23:12:34.123  INFO 75568 --- [pool-7-thread-1] tourGuide.service.TourGuideService       : Track Location for user internalUser942
2022-10-02 23:12:34.123  INFO 75568 --- [    Test worker] tourGuide.service.TourGuideService       : Track Location for user internalUser3318
2022-10-02 23:12:34.123  INFO 75568 --- [pool-7-thread-1] tourGuide.service.TourGuideService       : Track Location for user internalUser940
2022-10-02 23:12:34.123  INFO 75568 --- [    Test worker] tourGuide.service.TourGuideService       : Track Location for user internalUser4649
2022-10-02 23:12:34.123  INFO 75568 --- [    Test worker] tourGuide.service.TourGuideService       : Track Location for user internalUser5979
2022-10-02 23:12:34.123  INFO 75568 --- [    Test worker] tourGuide.service.TourGuideService       : Track Location for user internalUser5970
2022-10-02 23:12:34.123  INFO 75568 --- [    Test worker] tourGuide.service.TourGuideService       : Track Location for user internalUser4640
2022-10-02 23:12:34.123  INFO 75568 --- [    Test worker] tourGuide.service.TourGuideService       : Track Location for user internalUser5972
2022-10-02 23:12:34.123  INFO 75568 --- [    Test worker] tourGuide.service.TourGuideService       : Track Location for user internalUser3310
2022-10-02 23:12:34.123  INFO 75568 --- [    Test worker] tourGuide.service.TourGuideService       : Track Location for user internalUser4641
2022-10-02 23:12:34.123  INFO 75568 --- [pool-7-thread-1] tourGuide.service.TourGuideService       : Track Location for user internalUser2179
2022-10-02 23:12:34.123  INFO 75568 --- [    Test worker] tourGuide.service.TourGuideService       : Track Location for user internalUser5971
2022-10-02 23:12:34.123  INFO 75568 --- [pool-7-thread-1] tourGuide.service.TourGuideService       : Track Location for user internalUser2178
2022-10-02 23:12:34.123  INFO 75568 --- [    Test worker] tourGuide.service.TourGuideService       : Track Location for user internalUser3319
2022-10-02 23:12:34.123  INFO 75568 --- [pool-7-thread-1] tourGuide.service.TourGuideService       : Track Location for user internalUser949
2022-10-02 23:12:34.123  INFO 75568 --- [    Test worker] tourGuide.service.TourGuideService       : Track Location for user internalUser7044
2022-10-02 23:12:34.123  INFO 75568 --- [pool-7-thread-1] tourGuide.service.TourGuideService       : Track Location for user internalUser947
2022-10-02 23:12:34.123  INFO 75568 --- [    Test worker] tourGuide.service.TourGuideService       : Track Location for user internalUser8376
2022-10-02 23:12:34.123  INFO 75568 --- [pool-7-thread-1] tourGuide.service.TourGuideService       : Track Location for user internalUser948
2022-10-02 23:12:34.123  INFO 75568 --- [    Test worker] tourGuide.service.TourGuideService       : Track Location for user internalUser7043
2022-10-02 23:12:34.123  INFO 75568 --- [pool-7-thread-1] tourGuide.service.TourGuideService       : Track Location for user internalUser945
2022-10-02 23:12:34.123  INFO 75568 --- [    Test worker] tourGuide.service.TourGuideService       : Track Location for user internalUser8377
2022-10-02 23:12:34.123  INFO 75568 --- [pool-7-thread-1] tourGuide.service.TourGuideService       : Track Location for user internalUser946
2022-10-02 23:12:34.123  INFO 75568 --- [    Test worker] tourGuide.service.TourGuideService       : Track Location for user internalUser7046
2022-10-02 23:12:34.123  INFO 75568 --- [pool-7-thread-1] tourGuide.service.TourGuideService       : Track Location for user internalUser943
2022-10-02 23:12:34.123  INFO 75568 --- [    Test worker] tourGuide.service.TourGuideService       : Track Location for user internalUser8374
2022-10-02 23:12:34.123  INFO 75568 --- [pool-7-thread-1] tourGuide.service.TourGuideService       : Track Location for user internalUser944
2022-10-02 23:12:34.123  INFO 75568 --- [    Test worker] tourGuide.service.TourGuideService       : Track Location for user internalUser7045
2022-10-02 23:12:34.123  INFO 75568 --- [pool-7-thread-1] tourGuide.service.TourGuideService       : Track Location for user internalUser2180
2022-10-02 23:12:34.123  INFO 75568 --- [    Test worker] tourGuide.service.TourGuideService       : Track Location for user internalUser8375
2022-10-02 23:12:34.123  INFO 75568 --- [pool-7-thread-1] tourGuide.service.TourGuideService       : Track Location for user internalUser2188
2022-10-02 23:12:34.123  INFO 75568 --- [    Test worker] tourGuide.service.TourGuideService       : Track Location for user internalUser7048
2022-10-02 23:12:34.123  INFO 75568 --- [pool-7-thread-1] tourGuide.service.TourGuideService       : Track Location for user internalUser2187
2022-10-02 23:12:34.123  INFO 75568 --- [    Test worker] tourGuide.service.TourGuideService       : Track Location for user internalUser7047
2022-10-02 23:12:34.123  INFO 75568 --- [pool-7-thread-1] tourGuide.service.TourGuideService       : Track Location for user internalUser2186
2022-10-02 23:12:34.123  INFO 75568 --- [    Test worker] tourGuide.service.TourGuideService       : Track Location for user internalUser8378
2022-10-02 23:12:34.123  INFO 75568 --- [pool-7-thread-1] tourGuide.service.TourGuideService       : Track Location for user internalUser2185
2022-10-02 23:12:34.123  INFO 75568 --- [    Test worker] tourGuide.service.TourGuideService       : Track Location for user internalUser7049
2022-10-02 23:12:34.123  INFO 75568 --- [pool-7-thread-1] tourGuide.service.TourGuideService       : Track Location for user internalUser2184
2022-10-02 23:12:34.123  INFO 75568 --- [    Test worker] tourGuide.service.TourGuideService       : Track Location for user internalUser8379
2022-10-02 23:12:34.123  INFO 75568 --- [pool-7-thread-1] tourGuide.service.TourGuideService       : Track Location for user internalUser2183
2022-10-02 23:12:34.123  INFO 75568 --- [    Test worker] tourGuide.service.TourGuideService       : Track Location for user internalUser8380
2022-10-02 23:12:34.123  INFO 75568 --- [pool-7-thread-1] tourGuide.service.TourGuideService       : Track Location for user internalUser2182
2022-10-02 23:12:34.123  INFO 75568 --- [    Test worker] tourGuide.service.TourGuideService       : Track Location for user internalUser7051
2022-10-02 23:12:34.123  INFO 75568 --- [    Test worker] tourGuide.service.TourGuideService       : Track Location for user internalUser8383
2022-10-02 23:12:34.123  INFO 75568 --- [pool-7-thread-1] tourGuide.service.TourGuideService       : Track Location for user internalUser2181
2022-10-02 23:12:34.123  INFO 75568 --- [    Test worker] tourGuide.service.TourGuideService       : Track Location for user internalUser7050
2022-10-02 23:12:34.123  INFO 75568 --- [    Test worker] tourGuide.service.TourGuideService       : Track Location for user internalUser8384
2022-10-02 23:12:34.123  INFO 75568 --- [    Test worker] tourGuide.service.TourGuideService       : Track Location for user internalUser7053
2022-10-02 23:12:34.123  INFO 75568 --- [pool-7-thread-1] tourGuide.service.TourGuideService       : Track Location for user internalUser952
2022-10-02 23:12:34.123  INFO 75568 --- [pool-7-thread-1] tourGuide.service.TourGuideService       : Track Location for user internalUser953
2022-10-02 23:12:34.123  INFO 75568 --- [pool-7-thread-1] tourGuide.service.TourGuideService       : Track Location for user internalUser950
2022-10-02 23:12:34.123  INFO 75568 --- [    Test worker] tourGuide.service.TourGuideService       : Track Location for user internalUser8381
2022-10-02 23:12:34.123  INFO 75568 --- [pool-7-thread-1] tourGuide.service.TourGuideService       : Track Location for user internalUser951
2022-10-02 23:12:34.123  INFO 75568 --- [    Test worker] tourGuide.service.TourGuideService       : Track Location for user internalUser7052
2022-10-02 23:12:34.123  INFO 75568 --- [pool-7-thread-1] tourGuide.service.TourGuideService       : Track Location for user internalUser2189
2022-10-02 23:12:34.123  INFO 75568 --- [    Test worker] tourGuide.service.TourGuideService       : Track Location for user internalUser8382
2022-10-02 23:12:34.123  INFO 75568 --- [pool-7-thread-1] tourGuide.service.TourGuideService       : Track Location for user internalUser958
2022-10-02 23:12:34.123  INFO 75568 --- [    Test worker] tourGuide.service.TourGuideService       : Track Location for user internalUser7055
2022-10-02 23:12:34.123  INFO 75568 --- [pool-7-thread-1] tourGuide.service.TourGuideService       : Track Location for user internalUser959
2022-10-02 23:12:34.123  INFO 75568 --- [    Test worker] tourGuide.service.TourGuideService       : Track Location for user internalUser8387
2022-10-02 23:12:34.123  INFO 75568 --- [pool-7-thread-1] tourGuide.service.TourGuideService       : Track Location for user internalUser956
2022-10-02 23:12:34.123  INFO 75568 --- [    Test worker] tourGuide.service.TourGuideService       : Track Location for user internalUser7054
2022-10-02 23:12:34.123  INFO 75568 --- [pool-7-thread-1] tourGuide.service.TourGuideService       : Track Location for user internalUser957
2022-10-02 23:12:34.123  INFO 75568 --- [    Test worker] tourGuide.service.TourGuideService       : Track Location for user internalUser8388
2022-10-02 23:12:34.123  INFO 75568 --- [pool-7-thread-1] tourGuide.service.TourGuideService       : Track Location for user internalUser954
2022-10-02 23:12:34.123  INFO 75568 --- [    Test worker] tourGuide.service.TourGuideService       : Track Location for user internalUser7057
2022-10-02 23:12:34.123  INFO 75568 --- [pool-7-thread-1] tourGuide.service.TourGuideService       : Track Location for user internalUser955
2022-10-02 23:12:34.123  INFO 75568 --- [    Test worker] tourGuide.service.TourGuideService       : Track Location for user internalUser8385
2022-10-02 23:12:34.123  INFO 75568 --- [pool-7-thread-1] tourGuide.service.TourGuideService       : Track Location for user internalUser2191
2022-10-02 23:12:34.123  INFO 75568 --- [    Test worker] tourGuide.service.TourGuideService       : Track Location for user internalUser7056
2022-10-02 23:12:34.123  INFO 75568 --- [pool-7-thread-1] tourGuide.service.TourGuideService       : Track Location for user internalUser2190
2022-10-02 23:12:34.123  INFO 75568 --- [    Test worker] tourGuide.service.TourGuideService       : Track Location for user internalUser8386
2022-10-02 23:12:34.123  INFO 75568 --- [pool-7-thread-1] tourGuide.service.TourGuideService       : Track Location for user internalUser4730
2022-10-02 23:12:34.123  INFO 75568 --- [    Test worker] tourGuide.service.TourGuideService       : Track Location for user internalUser7059
2022-10-02 23:12:34.123  INFO 75568 --- [pool-7-thread-1] tourGuide.service.TourGuideService       : Track Location for user internalUser3400
2022-10-02 23:12:34.123  INFO 75568 --- [    Test worker] tourGuide.service.TourGuideService       : Track Location for user internalUser7058
2022-10-02 23:12:34.123  INFO 75568 --- [pool-7-thread-1] tourGuide.service.TourGuideService       : Track Location for user internalUser4731
2022-10-02 23:12:34.123  INFO 75568 --- [    Test worker] tourGuide.service.TourGuideService       : Track Location for user internalUser8389
2022-10-02 23:12:34.123  INFO 75568 --- [pool-7-thread-1] tourGuide.service.TourGuideService       : Track Location for user internalUser3401
2022-10-02 23:12:34.123  INFO 75568 --- [pool-7-thread-1] tourGuide.service.TourGuideService       : Track Location for user internalUser4732
2022-10-02 23:12:34.123  INFO 75568 --- [    Test worker] tourGuide.service.TourGuideService       : Track Location for user internalUser8390
2022-10-02 23:12:34.123  INFO 75568 --- [pool-7-thread-1] tourGuide.service.TourGuideService       : Track Location for user internalUser3402
2022-10-02 23:12:34.123  INFO 75568 --- [    Test worker] tourGuide.service.TourGuideService       : Track Location for user internalUser8391
2022-10-02 23:12:34.123  INFO 75568 --- [pool-7-thread-1] tourGuide.service.TourGuideService       : Track Location for user internalUser4733
2022-10-02 23:12:34.123  INFO 75568 --- [    Test worker] tourGuide.service.TourGuideService       : Track Location for user internalUser7060
2022-10-02 23:12:34.123  INFO 75568 --- [pool-7-thread-1] tourGuide.service.TourGuideService       : Track Location for user internalUser3403
2022-10-02 23:12:34.123  INFO 75568 --- [    Test worker] tourGuide.service.TourGuideService       : Track Location for user internalUser7062
2022-10-02 23:12:34.123  INFO 75568 --- [pool-7-thread-1] tourGuide.service.TourGuideService       : Track Location for user internalUser4734
2022-10-02 23:12:34.123  INFO 75568 --- [    Test worker] tourGuide.service.TourGuideService       : Track Location for user internalUser8394
2022-10-02 23:12:34.123  INFO 75568 --- [    Test worker] tourGuide.service.TourGuideService       : Track Location for user internalUser7061
2022-10-02 23:12:34.123  INFO 75568 --- [    Test worker] tourGuide.service.TourGuideService       : Track Location for user internalUser8395
2022-10-02 23:12:34.123  INFO 75568 --- [    Test worker] tourGuide.service.TourGuideService       : Track Location for user internalUser7064
2022-10-02 23:12:34.123  INFO 75568 --- [    Test worker] tourGuide.service.TourGuideService       : Track Location for user internalUser8392
2022-10-02 23:12:34.123  INFO 75568 --- [    Test worker] tourGuide.service.TourGuideService       : Track Location for user internalUser7063
2022-10-02 23:12:34.123  INFO 75568 --- [    Test worker] tourGuide.service.TourGuideService       : Track Location for user internalUser8393
2022-10-02 23:12:34.123  INFO 75568 --- [    Test worker] tourGuide.service.TourGuideService       : Track Location for user internalUser7029
2022-10-02 23:12:34.123  INFO 75568 --- [    Test worker] tourGuide.service.TourGuideService       : Track Location for user internalUser7022
2022-10-02 23:12:34.123  INFO 75568 --- [pool-7-thread-1] tourGuide.service.TourGuideService       : Track Location for user internalUser3404
2022-10-02 23:12:34.123  INFO 75568 --- [    Test worker] tourGuide.service.TourGuideService       : Track Location for user internalUser8354
2022-10-02 23:12:34.123  INFO 75568 --- [pool-7-thread-1] tourGuide.service.TourGuideService       : Track Location for user internalUser4735
2022-10-02 23:12:34.123  INFO 75568 --- [    Test worker] tourGuide.service.TourGuideService       : Track Location for user internalUser9685
2022-10-02 23:12:34.123  INFO 75568 --- [pool-7-thread-1] tourGuide.service.TourGuideService       : Track Location for user internalUser3405
2022-10-02 23:12:34.123  INFO 75568 --- [    Test worker] tourGuide.service.TourGuideService       : Track Location for user internalUser7021
2022-10-02 23:12:34.123  INFO 75568 --- [pool-7-thread-1] tourGuide.service.TourGuideService       : Track Location for user internalUser4736
2022-10-02 23:12:34.123  INFO 75568 --- [    Test worker] tourGuide.service.TourGuideService       : Track Location for user internalUser8355
2022-10-02 23:12:34.123  INFO 75568 --- [pool-7-thread-1] tourGuide.service.TourGuideService       : Track Location for user internalUser3406
2022-10-02 23:12:34.123  INFO 75568 --- [    Test worker] tourGuide.service.TourGuideService       : Track Location for user internalUser9686
2022-10-02 23:12:34.123  INFO 75568 --- [pool-7-thread-1] tourGuide.service.TourGuideService       : Track Location for user internalUser4737
2022-10-02 23:12:34.123  INFO 75568 --- [    Test worker] tourGuide.service.TourGuideService       : Track Location for user internalUser7024
2022-10-02 23:12:34.123  INFO 75568 --- [pool-7-thread-1] tourGuide.service.TourGuideService       : Track Location for user internalUser3407
2022-10-02 23:12:34.123  INFO 75568 --- [    Test worker] tourGuide.service.TourGuideService       : Track Location for user internalUser8352
2022-10-02 23:12:34.123  INFO 75568 --- [pool-7-thread-1] tourGuide.service.TourGuideService       : Track Location for user internalUser4738
2022-10-02 23:12:34.123  INFO 75568 --- [    Test worker] tourGuide.service.TourGuideService       : Track Location for user internalUser9683
2022-10-02 23:12:34.123  INFO 75568 --- [pool-7-thread-1] tourGuide.service.TourGuideService       : Track Location for user internalUser3408
2022-10-02 23:12:34.123  INFO 75568 --- [    Test worker] tourGuide.service.TourGuideService       : Track Location for user internalUser7023
2022-10-02 23:12:34.123  INFO 75568 --- [    Test worker] tourGuide.service.TourGuideService       : Track Location for user internalUser8353
2022-10-02 23:12:34.123  INFO 75568 --- [    Test worker] tourGuide.service.TourGuideService       : Track Location for user internalUser9684
2022-10-02 23:12:34.123  INFO 75568 --- [    Test worker] tourGuide.service.TourGuideService       : Track Location for user internalUser7026
2022-10-02 23:12:34.123  INFO 75568 --- [pool-7-thread-1] tourGuide.service.TourGuideService       : Track Location for user internalUser4739
2022-10-02 23:12:34.123  INFO 75568 --- [    Test worker] tourGuide.service.TourGuideService       : Track Location for user internalUser8358
2022-10-02 23:12:34.123  INFO 75568 --- [pool-7-thread-1] tourGuide.service.TourGuideService       : Track Location for user internalUser3409
2022-10-02 23:12:34.123  INFO 75568 --- [    Test worker] tourGuide.service.TourGuideService       : Track Location for user internalUser9689
2022-10-02 23:12:34.123  INFO 75568 --- [    Test worker] tourGuide.service.TourGuideService       : Track Location for user internalUser7025
2022-10-02 23:12:34.123  INFO 75568 --- [    Test worker] tourGuide.service.TourGuideService       : Track Location for user internalUser8359
2022-10-02 23:12:34.123  INFO 75568 --- [pool-7-thread-1] tourGuide.service.TourGuideService       : Track Location for user internalUser3410
2022-10-02 23:12:34.123  INFO 75568 --- [    Test worker] tourGuide.service.TourGuideService       : Track Location for user internalUser7028
2022-10-02 23:12:34.123  INFO 75568 --- [pool-7-thread-1] tourGuide.service.TourGuideService       : Track Location for user internalUser4741
2022-10-02 23:12:34.123  INFO 75568 --- [    Test worker] tourGuide.service.TourGuideService       : Track Location for user internalUser8356
2022-10-02 23:12:34.123  INFO 75568 --- [pool-7-thread-1] tourGuide.service.TourGuideService       : Track Location for user internalUser3411
2022-10-02 23:12:34.123  INFO 75568 --- [    Test worker] tourGuide.service.TourGuideService       : Track Location for user internalUser9687
2022-10-02 23:12:34.123  INFO 75568 --- [pool-7-thread-1] tourGuide.service.TourGuideService       : Track Location for user internalUser4742
2022-10-02 23:12:34.123  INFO 75568 --- [    Test worker] tourGuide.service.TourGuideService       : Track Location for user internalUser7027
2022-10-02 23:12:34.123  INFO 75568 --- [pool-7-thread-1] tourGuide.service.TourGuideService       : Track Location for user internalUser3412
2022-10-02 23:12:34.123  INFO 75568 --- [    Test worker] tourGuide.service.TourGuideService       : Track Location for user internalUser8357
2022-10-02 23:12:34.123  INFO 75568 --- [    Test worker] tourGuide.service.TourGuideService       : Track Location for user internalUser9688
2022-10-02 23:12:34.123  INFO 75568 --- [pool-7-thread-1] tourGuide.service.TourGuideService       : Track Location for user internalUser4743
2022-10-02 23:12:34.123  INFO 75568 --- [    Test worker] tourGuide.service.TourGuideService       : Track Location for user internalUser8361
2022-10-02 23:12:34.123  INFO 75568 --- [pool-7-thread-1] tourGuide.service.TourGuideService       : Track Location for user internalUser3413
2022-10-02 23:12:34.123  INFO 75568 --- [    Test worker] tourGuide.service.TourGuideService       : Track Location for user internalUser9692
2022-10-02 23:12:34.123  INFO 75568 --- [pool-7-thread-1] tourGuide.service.TourGuideService       : Track Location for user internalUser4744
2022-10-02 23:12:34.123  INFO 75568 --- [    Test worker] tourGuide.service.TourGuideService       : Track Location for user internalUser8362
2022-10-02 23:12:34.123  INFO 75568 --- [pool-7-thread-1] tourGuide.service.TourGuideService       : Track Location for user internalUser3414
2022-10-02 23:12:34.123  INFO 75568 --- [pool-7-thread-1] tourGuide.service.TourGuideService       : Track Location for user internalUser4745
2022-10-02 23:12:34.123  INFO 75568 --- [    Test worker] tourGuide.service.TourGuideService       : Track Location for user internalUser9693
2022-10-02 23:12:34.123  INFO 75568 --- [pool-7-thread-1] tourGuide.service.TourGuideService       : Track Location for user internalUser3415
2022-10-02 23:12:34.124  INFO 75568 --- [    Test worker] tourGuide.service.TourGuideService       : Track Location for user internalUser7031
2022-10-02 23:12:34.124  INFO 75568 --- [pool-7-thread-1] tourGuide.service.TourGuideService       : Track Location for user internalUser4746
2022-10-02 23:12:34.124  INFO 75568 --- [    Test worker] tourGuide.service.TourGuideService       : Track Location for user internalUser9690
2022-10-02 23:12:34.124  INFO 75568 --- [pool-7-thread-1] tourGuide.service.TourGuideService       : Track Location for user internalUser3416
2022-10-02 23:12:34.124  INFO 75568 --- [    Test worker] tourGuide.service.TourGuideService       : Track Location for user internalUser7030
2022-10-02 23:12:34.124  INFO 75568 --- [pool-7-thread-1] tourGuide.service.TourGuideService       : Track Location for user internalUser4747
2022-10-02 23:12:34.124  INFO 75568 --- [    Test worker] tourGuide.service.TourGuideService       : Track Location for user internalUser8360
2022-10-02 23:12:34.124  INFO 75568 --- [pool-7-thread-1] tourGuide.service.TourGuideService       : Track Location for user internalUser3417
2022-10-02 23:12:34.124  INFO 75568 --- [    Test worker] tourGuide.service.TourGuideService       : Track Location for user internalUser9691
2022-10-02 23:12:34.124  INFO 75568 --- [pool-7-thread-1] tourGuide.service.TourGuideService       : Track Location for user internalUser4748
2022-10-02 23:12:34.124  INFO 75568 --- [    Test worker] tourGuide.service.TourGuideService       : Track Location for user internalUser7033
2022-10-02 23:12:34.124  INFO 75568 --- [pool-7-thread-1] tourGuide.service.TourGuideService       : Track Location for user internalUser4740
2022-10-02 23:12:34.124  INFO 75568 --- [    Test worker] tourGuide.service.TourGuideService       : Track Location for user internalUser8365
2022-10-02 23:12:34.124  INFO 75568 --- [pool-7-thread-1] tourGuide.service.TourGuideService       : Track Location for user internalUser3418
2022-10-02 23:12:34.124  INFO 75568 --- [    Test worker] tourGuide.service.TourGuideService       : Track Location for user internalUser9696
2022-10-02 23:12:34.124  INFO 75568 --- [pool-7-thread-1] tourGuide.service.TourGuideService       : Track Location for user internalUser4749
2022-10-02 23:12:34.124  INFO 75568 --- [    Test worker] tourGuide.service.TourGuideService       : Track Location for user internalUser7032
2022-10-02 23:12:34.124  INFO 75568 --- [pool-7-thread-1] tourGuide.service.TourGuideService       : Track Location for user internalUser3419
2022-10-02 23:12:34.124  INFO 75568 --- [    Test worker] tourGuide.service.TourGuideService       : Track Location for user internalUser8366
2022-10-02 23:12:34.124  INFO 75568 --- [pool-7-thread-1] tourGuide.service.TourGuideService       : Track Location for user internalUser4710
2022-10-02 23:12:34.124  INFO 75568 --- [    Test worker] tourGuide.service.TourGuideService       : Track Location for user internalUser9697
2022-10-02 23:12:34.124  INFO 75568 --- [pool-7-thread-1] tourGuide.service.TourGuideService       : Track Location for user internalUser4711
2022-10-02 23:12:34.124  INFO 75568 --- [    Test worker] tourGuide.service.TourGuideService       : Track Location for user internalUser7035
2022-10-02 23:12:34.124  INFO 75568 --- [pool-7-thread-1] tourGuide.service.TourGuideService       : Track Location for user internalUser4712
2022-10-02 23:12:34.124  INFO 75568 --- [    Test worker] tourGuide.service.TourGuideService       : Track Location for user internalUser8363
2022-10-02 23:12:34.124  INFO 75568 --- [pool-7-thread-1] tourGuide.service.TourGuideService       : Track Location for user internalUser4713
2022-10-02 23:12:34.124  INFO 75568 --- [    Test worker] tourGuide.service.TourGuideService       : Track Location for user internalUser9694
2022-10-02 23:12:34.124  INFO 75568 --- [pool-7-thread-1] tourGuide.service.TourGuideService       : Track Location for user internalUser4714
2022-10-02 23:12:34.124  INFO 75568 --- [    Test worker] tourGuide.service.TourGuideService       : Track Location for user internalUser7034
2022-10-02 23:12:34.124  INFO 75568 --- [pool-7-thread-1] tourGuide.service.TourGuideService       : Track Location for user internalUser4715
2022-10-02 23:12:34.124  INFO 75568 --- [pool-7-thread-1] tourGuide.service.TourGuideService       : Track Location for user internalUser905
2022-10-02 23:12:34.124  INFO 75568 --- [pool-7-thread-1] tourGuide.service.TourGuideService       : Track Location for user internalUser906
2022-10-02 23:12:34.124  INFO 75568 --- [pool-7-thread-1] tourGuide.service.TourGuideService       : Track Location for user internalUser903
2022-10-02 23:12:34.124  INFO 75568 --- [pool-7-thread-1] tourGuide.service.TourGuideService       : Track Location for user internalUser904
2022-10-02 23:12:34.124  INFO 75568 --- [    Test worker] tourGuide.service.TourGuideService       : Track Location for user internalUser8364
2022-10-02 23:12:34.124  INFO 75568 --- [pool-7-thread-1] tourGuide.service.TourGuideService       : Track Location for user internalUser901
2022-10-02 23:12:34.124  INFO 75568 --- [    Test worker] tourGuide.service.TourGuideService       : Track Location for user internalUser9695
2022-10-02 23:12:34.124  INFO 75568 --- [pool-7-thread-1] tourGuide.service.TourGuideService       : Track Location for user internalUser902
2022-10-02 23:12:34.124  INFO 75568 --- [    Test worker] tourGuide.service.TourGuideService       : Track Location for user internalUser7037
2022-10-02 23:12:34.124  INFO 75568 --- [pool-7-thread-1] tourGuide.service.TourGuideService       : Track Location for user internalUser900
2022-10-02 23:12:34.124  INFO 75568 --- [    Test worker] tourGuide.service.TourGuideService       : Track Location for user internalUser8369
2022-10-02 23:12:34.124  INFO 75568 --- [pool-7-thread-1] tourGuide.service.TourGuideService       : Track Location for user internalUser4716
2022-10-02 23:12:34.124  INFO 75568 --- [    Test worker] tourGuide.service.TourGuideService       : Track Location for user internalUser7036
2022-10-02 23:12:34.124  INFO 75568 --- [pool-7-thread-1] tourGuide.service.TourGuideService       : Track Location for user internalUser4717
2022-10-02 23:12:34.124  INFO 75568 --- [pool-7-thread-1] tourGuide.service.TourGuideService       : Track Location for user internalUser4718
2022-10-02 23:12:34.124  INFO 75568 --- [pool-7-thread-1] tourGuide.service.TourGuideService       : Track Location for user internalUser4719
2022-10-02 23:12:34.124  INFO 75568 --- [pool-7-thread-1] tourGuide.service.TourGuideService       : Track Location for user internalUser909
2022-10-02 23:12:34.124  INFO 75568 --- [    Test worker] tourGuide.service.TourGuideService       : Track Location for user internalUser7039
2022-10-02 23:12:34.124  INFO 75568 --- [pool-7-thread-1] tourGuide.service.TourGuideService       : Track Location for user internalUser907
2022-10-02 23:12:34.124  INFO 75568 --- [    Test worker] tourGuide.service.TourGuideService       : Track Location for user internalUser8367
2022-10-02 23:12:34.124  INFO 75568 --- [pool-7-thread-1] tourGuide.service.TourGuideService       : Track Location for user internalUser908
2022-10-02 23:12:34.124  INFO 75568 --- [pool-7-thread-1] tourGuide.service.TourGuideService       : Track Location for user internalUser4720
2022-10-02 23:12:34.124  INFO 75568 --- [pool-7-thread-1] tourGuide.service.TourGuideService       : Track Location for user internalUser4721
2022-10-02 23:12:34.124  INFO 75568 --- [pool-7-thread-1] tourGuide.service.TourGuideService       : Track Location for user internalUser4722
2022-10-02 23:12:34.124  INFO 75568 --- [pool-7-thread-1] tourGuide.service.TourGuideService       : Track Location for user internalUser4723
2022-10-02 23:12:34.124  INFO 75568 --- [    Test worker] tourGuide.service.TourGuideService       : Track Location for user internalUser9698
2022-10-02 23:12:34.124  INFO 75568 --- [pool-7-thread-1] tourGuide.service.TourGuideService       : Track Location for user internalUser4724
2022-10-02 23:12:34.124  INFO 75568 --- [    Test worker] tourGuide.service.TourGuideService       : Track Location for user internalUser7038
2022-10-02 23:12:34.124  INFO 75568 --- [pool-7-thread-1] tourGuide.service.TourGuideService       : Track Location for user internalUser4725
2022-10-02 23:12:34.124  INFO 75568 --- [pool-7-thread-1] tourGuide.service.TourGuideService       : Track Location for user internalUser4726
2022-10-02 23:12:34.124  INFO 75568 --- [pool-7-thread-1] tourGuide.service.TourGuideService       : Track Location for user internalUser916
2022-10-02 23:12:34.124  INFO 75568 --- [    Test worker] tourGuide.service.TourGuideService       : Track Location for user internalUser8368
2022-10-02 23:12:34.124  INFO 75568 --- [pool-7-thread-1] tourGuide.service.TourGuideService       : Track Location for user internalUser917
2022-10-02 23:12:34.124  INFO 75568 --- [    Test worker] tourGuide.service.TourGuideService       : Track Location for user internalUser9699
2022-10-02 23:12:34.124  INFO 75568 --- [pool-7-thread-1] tourGuide.service.TourGuideService       : Track Location for user internalUser914
2022-10-02 23:12:34.124  INFO 75568 --- [    Test worker] tourGuide.service.TourGuideService       : Track Location for user internalUser7040
2022-10-02 23:12:34.124  INFO 75568 --- [pool-7-thread-1] tourGuide.service.TourGuideService       : Track Location for user internalUser915
2022-10-02 23:12:34.124  INFO 75568 --- [    Test worker] tourGuide.service.TourGuideService       : Track Location for user internalUser8372
2022-10-02 23:12:34.124  INFO 75568 --- [pool-7-thread-1] tourGuide.service.TourGuideService       : Track Location for user internalUser912
2022-10-02 23:12:34.124  INFO 75568 --- [    Test worker] tourGuide.service.TourGuideService       : Track Location for user internalUser8373
2022-10-02 23:12:34.124  INFO 75568 --- [pool-7-thread-1] tourGuide.service.TourGuideService       : Track Location for user internalUser913
2022-10-02 23:12:34.124  INFO 75568 --- [pool-7-thread-1] tourGuide.service.TourGuideService       : Track Location for user internalUser910
2022-10-02 23:12:34.124  INFO 75568 --- [pool-7-thread-1] tourGuide.service.TourGuideService       : Track Location for user internalUser911
2022-10-02 23:12:34.124  INFO 75568 --- [    Test worker] tourGuide.service.TourGuideService       : Track Location for user internalUser7042
2022-10-02 23:12:34.124  INFO 75568 --- [pool-7-thread-1] tourGuide.service.TourGuideService       : Track Location for user internalUser4727
2022-10-02 23:12:34.124  INFO 75568 --- [pool-7-thread-1] tourGuide.service.TourGuideService       : Track Location for user internalUser4728
2022-10-02 23:12:34.124  INFO 75568 --- [pool-7-thread-1] tourGuide.service.TourGuideService       : Track Location for user internalUser4729
2022-10-02 23:12:34.124  INFO 75568 --- [pool-7-thread-1] tourGuide.service.TourGuideService       : Track Location for user internalUser918
2022-10-02 23:12:34.124  INFO 75568 --- [pool-7-thread-1] tourGuide.service.TourGuideService       : Track Location for user internalUser919
2022-10-02 23:12:34.124  INFO 75568 --- [    Test worker] tourGuide.service.TourGuideService       : Track Location for user internalUser8370
2022-10-02 23:12:34.124  INFO 75568 --- [pool-7-thread-1] tourGuide.service.TourGuideService       : Track Location for user internalUser2111
2022-10-02 23:12:34.124  INFO 75568 --- [    Test worker] tourGuide.service.TourGuideService       : Track Location for user internalUser7041
2022-10-02 23:12:34.124  INFO 75568 --- [pool-7-thread-1] tourGuide.service.TourGuideService       : Track Location for user internalUser3443
2022-10-02 23:12:34.124  INFO 75568 --- [    Test worker] tourGuide.service.TourGuideService       : Track Location for user internalUser8371
2022-10-02 23:12:34.124  INFO 75568 --- [pool-7-thread-1] tourGuide.service.TourGuideService       : Track Location for user internalUser4774
2022-10-02 23:12:34.124  INFO 75568 --- [    Test worker] tourGuide.service.TourGuideService       : Track Location for user internalUser4810
2022-10-02 23:12:34.124  INFO 75568 --- [pool-7-thread-1] tourGuide.service.TourGuideService       : Track Location for user internalUser2110
2022-10-02 23:12:34.124  INFO 75568 --- [    Test worker] tourGuide.service.TourGuideService       : Track Location for user internalUser4811
2022-10-02 23:12:34.124  INFO 75568 --- [pool-7-thread-1] tourGuide.service.TourGuideService       : Track Location for user internalUser3444
2022-10-02 23:12:34.124  INFO 75568 --- [    Test worker] tourGuide.service.TourGuideService       : Track Location for user internalUser4812
2022-10-02 23:12:34.124  INFO 75568 --- [pool-7-thread-1] tourGuide.service.TourGuideService       : Track Location for user internalUser4775
2022-10-02 23:12:34.124  INFO 75568 --- [    Test worker] tourGuide.service.TourGuideService       : Track Location for user internalUser4813
2022-10-02 23:12:34.124  INFO 75568 --- [pool-7-thread-1] tourGuide.service.TourGuideService       : Track Location for user internalUser3445
2022-10-02 23:12:34.124  INFO 75568 --- [    Test worker] tourGuide.service.TourGuideService       : Track Location for user internalUser4814
2022-10-02 23:12:34.124  INFO 75568 --- [pool-7-thread-1] tourGuide.service.TourGuideService       : Track Location for user internalUser4776
2022-10-02 23:12:34.124  INFO 75568 --- [    Test worker] tourGuide.service.TourGuideService       : Track Location for user internalUser7088
2022-10-02 23:12:34.124  INFO 75568 --- [pool-7-thread-1] tourGuide.service.TourGuideService       : Track Location for user internalUser3446
2022-10-02 23:12:34.124  INFO 75568 --- [    Test worker] tourGuide.service.TourGuideService       : Track Location for user internalUser7087
2022-10-02 23:12:34.124  INFO 75568 --- [pool-7-thread-1] tourGuide.service.TourGuideService       : Track Location for user internalUser4777
2022-10-02 23:12:34.124  INFO 75568 --- [    Test worker] tourGuide.service.TourGuideService       : Track Location for user internalUser7089
2022-10-02 23:12:34.124  INFO 75568 --- [pool-7-thread-1] tourGuide.service.TourGuideService       : Track Location for user internalUser3447
2022-10-02 23:12:34.124  INFO 75568 --- [    Test worker] tourGuide.service.TourGuideService       : Track Location for user internalUser7091
2022-10-02 23:12:34.124  INFO 75568 --- [pool-7-thread-1] tourGuide.service.TourGuideService       : Track Location for user internalUser4778
2022-10-02 23:12:34.124  INFO 75568 --- [    Test worker] tourGuide.service.TourGuideService       : Track Location for user internalUser7090
2022-10-02 23:12:34.124  INFO 75568 --- [pool-7-thread-1] tourGuide.service.TourGuideService       : Track Location for user internalUser3448
2022-10-02 23:12:34.124  INFO 75568 --- [    Test worker] tourGuide.service.TourGuideService       : Track Location for user internalUser7093
2022-10-02 23:12:34.124  INFO 75568 --- [pool-7-thread-1] tourGuide.service.TourGuideService       : Track Location for user internalUser4779
2022-10-02 23:12:34.124  INFO 75568 --- [    Test worker] tourGuide.service.TourGuideService       : Track Location for user internalUser7092
2022-10-02 23:12:34.124  INFO 75568 --- [pool-7-thread-1] tourGuide.service.TourGuideService       : Track Location for user internalUser3449
2022-10-02 23:12:34.124  INFO 75568 --- [pool-7-thread-1] tourGuide.service.TourGuideService       : Track Location for user internalUser2119
2022-10-02 23:12:34.124  INFO 75568 --- [pool-7-thread-1] tourGuide.service.TourGuideService       : Track Location for user internalUser2118
2022-10-02 23:12:34.124  INFO 75568 --- [pool-7-thread-1] tourGuide.service.TourGuideService       : Track Location for user internalUser2117
2022-10-02 23:12:34.124  INFO 75568 --- [    Test worker] tourGuide.service.TourGuideService       : Track Location for user internalUser7095
2022-10-02 23:12:34.124  INFO 75568 --- [pool-7-thread-1] tourGuide.service.TourGuideService       : Track Location for user internalUser2116
2022-10-02 23:12:34.124  INFO 75568 --- [    Test worker] tourGuide.service.TourGuideService       : Track Location for user internalUser7094
2022-10-02 23:12:34.124  INFO 75568 --- [pool-7-thread-1] tourGuide.service.TourGuideService       : Track Location for user internalUser2115
2022-10-02 23:12:34.124  INFO 75568 --- [    Test worker] tourGuide.service.TourGuideService       : Track Location for user internalUser7097
2022-10-02 23:12:34.124  INFO 75568 --- [pool-7-thread-1] tourGuide.service.TourGuideService       : Track Location for user internalUser4770
2022-10-02 23:12:34.124  INFO 75568 --- [    Test worker] tourGuide.service.TourGuideService       : Track Location for user internalUser7096
2022-10-02 23:12:34.124  INFO 75568 --- [pool-7-thread-1] tourGuide.service.TourGuideService       : Track Location for user internalUser2114
2022-10-02 23:12:34.124  INFO 75568 --- [    Test worker] tourGuide.service.TourGuideService       : Track Location for user internalUser4815
2022-10-02 23:12:34.124  INFO 75568 --- [    Test worker] tourGuide.service.TourGuideService       : Track Location for user internalUser4816
2022-10-02 23:12:34.124  INFO 75568 --- [    Test worker] tourGuide.service.TourGuideService       : Track Location for user internalUser4817
2022-10-02 23:12:34.124  INFO 75568 --- [    Test worker] tourGuide.service.TourGuideService       : Track Location for user internalUser4818
2022-10-02 23:12:34.124  INFO 75568 --- [    Test worker] tourGuide.service.TourGuideService       : Track Location for user internalUser4819
2022-10-02 23:12:34.124  INFO 75568 --- [    Test worker] tourGuide.service.TourGuideService       : Track Location for user internalUser4820
2022-10-02 23:12:34.124  INFO 75568 --- [    Test worker] tourGuide.service.TourGuideService       : Track Location for user internalUser4821
2022-10-02 23:12:34.124  INFO 75568 --- [    Test worker] tourGuide.service.TourGuideService       : Track Location for user internalUser4822
2022-10-02 23:12:34.124  INFO 75568 --- [    Test worker] tourGuide.service.TourGuideService       : Track Location for user internalUser4823
2022-10-02 23:12:34.124  INFO 75568 --- [    Test worker] tourGuide.service.TourGuideService       : Track Location for user internalUser4824
2022-10-02 23:12:34.124  INFO 75568 --- [    Test worker] tourGuide.service.TourGuideService       : Track Location for user internalUser4825
2022-10-02 23:12:34.124  INFO 75568 --- [    Test worker] tourGuide.service.TourGuideService       : Track Location for user internalUser7099
2022-10-02 23:12:34.124  INFO 75568 --- [    Test worker] tourGuide.service.TourGuideService       : Track Location for user internalUser7098
2022-10-02 23:12:34.124  INFO 75568 --- [    Test worker] tourGuide.service.TourGuideService       : Track Location for user internalUser4826
2022-10-02 23:12:34.124  INFO 75568 --- [    Test worker] tourGuide.service.TourGuideService       : Track Location for user internalUser4827
2022-10-02 23:12:34.124  INFO 75568 --- [    Test worker] tourGuide.service.TourGuideService       : Track Location for user internalUser4828
2022-10-02 23:12:34.124  INFO 75568 --- [    Test worker] tourGuide.service.TourGuideService       : Track Location for user internalUser4829
2022-10-02 23:12:34.124  INFO 75568 --- [    Test worker] tourGuide.service.TourGuideService       : Track Location for user internalUser7066
2022-10-02 23:12:34.124  INFO 75568 --- [pool-7-thread-1] tourGuide.service.TourGuideService       : Track Location for user internalUser3440
2022-10-02 23:12:34.124  INFO 75568 --- [    Test worker] tourGuide.service.TourGuideService       : Track Location for user internalUser8398
2022-10-02 23:12:34.124  INFO 75568 --- [pool-7-thread-1] tourGuide.service.TourGuideService       : Track Location for user internalUser4771
2022-10-02 23:12:34.124  INFO 75568 --- [pool-7-thread-1] tourGuide.service.TourGuideService       : Track Location for user internalUser2113
2022-10-02 23:12:34.124  INFO 75568 --- [pool-7-thread-1] tourGuide.service.TourGuideService       : Track Location for user internalUser3441
2022-10-02 23:12:34.124  INFO 75568 --- [pool-7-thread-1] tourGuide.service.TourGuideService       : Track Location for user internalUser4772
2022-10-02 23:12:34.124  INFO 75568 --- [pool-7-thread-1] tourGuide.service.TourGuideService       : Track Location for user internalUser2112
2022-10-02 23:12:34.124  INFO 75568 --- [    Test worker] tourGuide.service.TourGuideService       : Track Location for user internalUser7065
2022-10-02 23:12:34.124  INFO 75568 --- [pool-7-thread-1] tourGuide.service.TourGuideService       : Track Location for user internalUser3442
2022-10-02 23:12:34.124  INFO 75568 --- [    Test worker] tourGuide.service.TourGuideService       : Track Location for user internalUser8399
2022-10-02 23:12:34.124  INFO 75568 --- [pool-7-thread-1] tourGuide.service.TourGuideService       : Track Location for user internalUser4773
2022-10-02 23:12:34.124  INFO 75568 --- [pool-7-thread-1] tourGuide.service.TourGuideService       : Track Location for user internalUser2122
2022-10-02 23:12:34.124  INFO 75568 --- [pool-7-thread-1] tourGuide.service.TourGuideService       : Track Location for user internalUser3454
2022-10-02 23:12:34.124  INFO 75568 --- [pool-7-thread-1] tourGuide.service.TourGuideService       : Track Location for user internalUser4785
2022-10-02 23:12:34.124  INFO 75568 --- [pool-7-thread-1] tourGuide.service.TourGuideService       : Track Location for user internalUser2121
2022-10-02 23:12:34.124  INFO 75568 --- [    Test worker] tourGuide.service.TourGuideService       : Track Location for user internalUser7068
2022-10-02 23:12:34.124  INFO 75568 --- [pool-7-thread-1] tourGuide.service.TourGuideService       : Track Location for user internalUser3455
2022-10-02 23:12:34.124  INFO 75568 --- [    Test worker] tourGuide.service.TourGuideService       : Track Location for user internalUser8396
2022-10-02 23:12:34.124  INFO 75568 --- [    Test worker] tourGuide.service.TourGuideService       : Track Location for user internalUser7067
2022-10-02 23:12:34.124  INFO 75568 --- [    Test worker] tourGuide.service.TourGuideService       : Track Location for user internalUser8397
2022-10-02 23:12:34.124  INFO 75568 --- [    Test worker] tourGuide.service.TourGuideService       : Track Location for user internalUser7069
2022-10-02 23:12:34.124  INFO 75568 --- [    Test worker] tourGuide.service.TourGuideService       : Track Location for user internalUser7071
2022-10-02 23:12:34.124  INFO 75568 --- [    Test worker] tourGuide.service.TourGuideService       : Track Location for user internalUser7070
2022-10-02 23:12:34.124  INFO 75568 --- [    Test worker] tourGuide.service.TourGuideService       : Track Location for user internalUser7073
2022-10-02 23:12:34.124  INFO 75568 --- [    Test worker] tourGuide.service.TourGuideService       : Track Location for user internalUser7072
2022-10-02 23:12:34.124  INFO 75568 --- [    Test worker] tourGuide.service.TourGuideService       : Track Location for user internalUser7075
2022-10-02 23:12:34.124  INFO 75568 --- [    Test worker] tourGuide.service.TourGuideService       : Track Location for user internalUser7074
2022-10-02 23:12:34.124  INFO 75568 --- [pool-7-thread-1] tourGuide.service.TourGuideService       : Track Location for user internalUser4786
2022-10-02 23:12:34.124  INFO 75568 --- [    Test worker] tourGuide.service.TourGuideService       : Track Location for user internalUser4800
2022-10-02 23:12:34.124  INFO 75568 --- [pool-7-thread-1] tourGuide.service.TourGuideService       : Track Location for user internalUser2120
2022-10-02 23:12:34.124  INFO 75568 --- [pool-7-thread-1] tourGuide.service.TourGuideService       : Track Location for user internalUser3456
2022-10-02 23:12:34.124  INFO 75568 --- [    Test worker] tourGuide.service.TourGuideService       : Track Location for user internalUser4801
2022-10-02 23:12:34.124  INFO 75568 --- [pool-7-thread-1] tourGuide.service.TourGuideService       : Track Location for user internalUser4787
2022-10-02 23:12:34.124  INFO 75568 --- [    Test worker] tourGuide.service.TourGuideService       : Track Location for user internalUser4802
2022-10-02 23:12:34.124  INFO 75568 --- [    Test worker] tourGuide.service.TourGuideService       : Track Location for user internalUser4803
2022-10-02 23:12:34.124  INFO 75568 --- [pool-7-thread-1] tourGuide.service.TourGuideService       : Track Location for user internalUser3457
2022-10-02 23:12:34.124  INFO 75568 --- [pool-7-thread-1] tourGuide.service.TourGuideService       : Track Location for user internalUser4788
2022-10-02 23:12:34.124  INFO 75568 --- [pool-7-thread-1] tourGuide.service.TourGuideService       : Track Location for user internalUser3458
2022-10-02 23:12:34.124  INFO 75568 --- [pool-7-thread-1] tourGuide.service.TourGuideService       : Track Location for user internalUser4789
2022-10-02 23:12:34.124  INFO 75568 --- [pool-7-thread-1] tourGuide.service.TourGuideService       : Track Location for user internalUser3459
2022-10-02 23:12:34.124  INFO 75568 --- [    Test worker] tourGuide.service.TourGuideService       : Track Location for user internalUser7077
2022-10-02 23:12:34.124  INFO 75568 --- [pool-7-thread-1] tourGuide.service.TourGuideService       : Track Location for user internalUser2129
2022-10-02 23:12:34.124  INFO 75568 --- [    Test worker] tourGuide.service.TourGuideService       : Track Location for user internalUser7076
2022-10-02 23:12:34.124  INFO 75568 --- [pool-7-thread-1] tourGuide.service.TourGuideService       : Track Location for user internalUser2128
2022-10-02 23:12:34.124  INFO 75568 --- [    Test worker] tourGuide.service.TourGuideService       : Track Location for user internalUser7079
2022-10-02 23:12:34.124  INFO 75568 --- [pool-7-thread-1] tourGuide.service.TourGuideService       : Track Location for user internalUser2127
2022-10-02 23:12:34.124  INFO 75568 --- [    Test worker] tourGuide.service.TourGuideService       : Track Location for user internalUser7078
2022-10-02 23:12:34.124  INFO 75568 --- [pool-7-thread-1] tourGuide.service.TourGuideService       : Track Location for user internalUser4780
2022-10-02 23:12:34.124  INFO 75568 --- [    Test worker] tourGuide.service.TourGuideService       : Track Location for user internalUser7080
2022-10-02 23:12:34.124  INFO 75568 --- [pool-7-thread-1] tourGuide.service.TourGuideService       : Track Location for user internalUser2126
2022-10-02 23:12:34.124  INFO 75568 --- [    Test worker] tourGuide.service.TourGuideService       : Track Location for user internalUser7082
2022-10-02 23:12:34.124  INFO 75568 --- [pool-7-thread-1] tourGuide.service.TourGuideService       : Track Location for user internalUser3450
2022-10-02 23:12:34.124  INFO 75568 --- [    Test worker] tourGuide.service.TourGuideService       : Track Location for user internalUser7081
2022-10-02 23:12:34.124  INFO 75568 --- [pool-7-thread-1] tourGuide.service.TourGuideService       : Track Location for user internalUser4781
2022-10-02 23:12:34.124  INFO 75568 --- [    Test worker] tourGuide.service.TourGuideService       : Track Location for user internalUser7084
2022-10-02 23:12:34.124  INFO 75568 --- [pool-7-thread-1] tourGuide.service.TourGuideService       : Track Location for user internalUser2125
2022-10-02 23:12:34.124  INFO 75568 --- [    Test worker] tourGuide.service.TourGuideService       : Track Location for user internalUser7083
2022-10-02 23:12:34.124  INFO 75568 --- [pool-7-thread-1] tourGuide.service.TourGuideService       : Track Location for user internalUser3451
2022-10-02 23:12:34.124  INFO 75568 --- [    Test worker] tourGuide.service.TourGuideService       : Track Location for user internalUser7086
2022-10-02 23:12:34.124  INFO 75568 --- [pool-7-thread-1] tourGuide.service.TourGuideService       : Track Location for user internalUser4782
2022-10-02 23:12:34.124  INFO 75568 --- [    Test worker] tourGuide.service.TourGuideService       : Track Location for user internalUser7085
2022-10-02 23:12:34.124  INFO 75568 --- [pool-7-thread-1] tourGuide.service.TourGuideService       : Track Location for user internalUser2124
2022-10-02 23:12:34.124  INFO 75568 --- [pool-7-thread-1] tourGuide.service.TourGuideService       : Track Location for user internalUser3452
2022-10-02 23:12:34.124  INFO 75568 --- [pool-7-thread-1] tourGuide.service.TourGuideService       : Track Location for user internalUser4783
2022-10-02 23:12:34.124  INFO 75568 --- [    Test worker] tourGuide.service.TourGuideService       : Track Location for user internalUser4804
2022-10-02 23:12:34.124  INFO 75568 --- [pool-7-thread-1] tourGuide.service.TourGuideService       : Track Location for user internalUser2123
2022-10-02 23:12:34.124  INFO 75568 --- [pool-7-thread-1] tourGuide.service.TourGuideService       : Track Location for user internalUser3453
2022-10-02 23:12:34.124  INFO 75568 --- [pool-7-thread-1] tourGuide.service.TourGuideService       : Track Location for user internalUser4784
2022-10-02 23:12:34.124  INFO 75568 --- [pool-7-thread-1] tourGuide.service.TourGuideService       : Track Location for user internalUser3421
2022-10-02 23:12:34.124  INFO 75568 --- [pool-7-thread-1] tourGuide.service.TourGuideService       : Track Location for user internalUser4752
2022-10-02 23:12:34.124  INFO 75568 --- [    Test worker] tourGuide.service.TourGuideService       : Track Location for user internalUser4805
2022-10-02 23:12:34.124  INFO 75568 --- [pool-7-thread-1] tourGuide.service.TourGuideService       : Track Location for user internalUser3422
2022-10-02 23:12:34.124  INFO 75568 --- [    Test worker] tourGuide.service.TourGuideService       : Track Location for user internalUser4806
2022-10-02 23:12:34.124  INFO 75568 --- [pool-7-thread-1] tourGuide.service.TourGuideService       : Track Location for user internalUser4753
2022-10-02 23:12:34.124  INFO 75568 --- [    Test worker] tourGuide.service.TourGuideService       : Track Location for user internalUser4807
2022-10-02 23:12:34.124  INFO 75568 --- [pool-7-thread-1] tourGuide.service.TourGuideService       : Track Location for user internalUser3423
2022-10-02 23:12:34.124  INFO 75568 --- [    Test worker] tourGuide.service.TourGuideService       : Track Location for user internalUser4808
2022-10-02 23:12:34.124  INFO 75568 --- [pool-7-thread-1] tourGuide.service.TourGuideService       : Track Location for user internalUser4754
2022-10-02 23:12:34.125  INFO 75568 --- [    Test worker] tourGuide.service.TourGuideService       : Track Location for user internalUser4809
2022-10-02 23:12:34.125  INFO 75568 --- [pool-7-thread-1] tourGuide.service.TourGuideService       : Track Location for user internalUser3424
2022-10-02 23:12:34.125  INFO 75568 --- [    Test worker] tourGuide.service.TourGuideService       : Track Location for user internalUser9627
2022-10-02 23:12:34.125  INFO 75568 --- [pool-7-thread-1] tourGuide.service.TourGuideService       : Track Location for user internalUser4755
2022-10-02 23:12:34.125  INFO 75568 --- [pool-7-thread-1] tourGuide.service.TourGuideService       : Track Location for user internalUser3425
2022-10-02 23:12:34.125  INFO 75568 --- [pool-7-thread-1] tourGuide.service.TourGuideService       : Track Location for user internalUser4756
2022-10-02 23:12:34.125  INFO 75568 --- [pool-7-thread-1] tourGuide.service.TourGuideService       : Track Location for user internalUser3426
2022-10-02 23:12:34.125  INFO 75568 --- [    Test worker] tourGuide.service.TourGuideService       : Track Location for user internalUser9628
2022-10-02 23:12:34.125  INFO 75568 --- [pool-7-thread-1] tourGuide.service.TourGuideService       : Track Location for user internalUser4757
2022-10-02 23:12:34.125  INFO 75568 --- [    Test worker] tourGuide.service.TourGuideService       : Track Location for user internalUser9625
2022-10-02 23:12:34.125  INFO 75568 --- [pool-7-thread-1] tourGuide.service.TourGuideService       : Track Location for user internalUser3427
2022-10-02 23:12:34.125  INFO 75568 --- [    Test worker] tourGuide.service.TourGuideService       : Track Location for user internalUser9626
2022-10-02 23:12:34.125  INFO 75568 --- [pool-7-thread-1] tourGuide.service.TourGuideService       : Track Location for user internalUser4758
2022-10-02 23:12:34.125  INFO 75568 --- [    Test worker] tourGuide.service.TourGuideService       : Track Location for user internalUser9629
2022-10-02 23:12:34.125  INFO 75568 --- [    Test worker] tourGuide.service.TourGuideService       : Track Location for user internalUser9620
2022-10-02 23:12:34.125  INFO 75568 --- [    Test worker] tourGuide.service.TourGuideService       : Track Location for user internalUser9623
2022-10-02 23:12:34.125  INFO 75568 --- [    Test worker] tourGuide.service.TourGuideService       : Track Location for user internalUser9624
2022-10-02 23:12:34.125  INFO 75568 --- [    Test worker] tourGuide.service.TourGuideService       : Track Location for user internalUser9621
2022-10-02 23:12:34.125  INFO 75568 --- [    Test worker] tourGuide.service.TourGuideService       : Track Location for user internalUser9622
2022-10-02 23:12:34.125  INFO 75568 --- [    Test worker] tourGuide.service.TourGuideService       : Track Location for user internalUser8307
2022-10-02 23:12:34.125  INFO 75568 --- [    Test worker] tourGuide.service.TourGuideService       : Track Location for user internalUser9638
2022-10-02 23:12:34.125  INFO 75568 --- [    Test worker] tourGuide.service.TourGuideService       : Track Location for user internalUser8308
2022-10-02 23:12:34.125  INFO 75568 --- [    Test worker] tourGuide.service.TourGuideService       : Track Location for user internalUser9639
2022-10-02 23:12:34.125  INFO 75568 --- [    Test worker] tourGuide.service.TourGuideService       : Track Location for user internalUser8305
2022-10-02 23:12:34.125  INFO 75568 --- [    Test worker] tourGuide.service.TourGuideService       : Track Location for user internalUser9636
2022-10-02 23:12:34.125  INFO 75568 --- [    Test worker] tourGuide.service.TourGuideService       : Track Location for user internalUser8306
2022-10-02 23:12:34.125  INFO 75568 --- [    Test worker] tourGuide.service.TourGuideService       : Track Location for user internalUser9637
2022-10-02 23:12:34.125  INFO 75568 --- [    Test worker] tourGuide.service.TourGuideService       : Track Location for user internalUser8309
2022-10-02 23:12:34.125  INFO 75568 --- [pool-7-thread-1] tourGuide.service.TourGuideService       : Track Location for user internalUser3428
2022-10-02 23:12:34.125  INFO 75568 --- [    Test worker] tourGuide.service.TourGuideService       : Track Location for user internalUser9630
2022-10-02 23:12:34.125  INFO 75568 --- [pool-7-thread-1] tourGuide.service.TourGuideService       : Track Location for user internalUser4759
2022-10-02 23:12:34.125  INFO 75568 --- [    Test worker] tourGuide.service.TourGuideService       : Track Location for user internalUser8300
2022-10-02 23:12:34.125  INFO 75568 --- [pool-7-thread-1] tourGuide.service.TourGuideService       : Track Location for user internalUser4750
2022-10-02 23:12:34.125  INFO 75568 --- [    Test worker] tourGuide.service.TourGuideService       : Track Location for user internalUser9631
2022-10-02 23:12:34.125  INFO 75568 --- [pool-7-thread-1] tourGuide.service.TourGuideService       : Track Location for user internalUser3420
2022-10-02 23:12:34.125  INFO 75568 --- [    Test worker] tourGuide.service.TourGuideService       : Track Location for user internalUser8303
2022-10-02 23:12:34.125  INFO 75568 --- [pool-7-thread-1] tourGuide.service.TourGuideService       : Track Location for user internalUser4751
2022-10-02 23:12:34.125  INFO 75568 --- [pool-7-thread-1] tourGuide.service.TourGuideService       : Track Location for user internalUser3429
2022-10-02 23:12:34.125  INFO 75568 --- [pool-7-thread-1] tourGuide.service.TourGuideService       : Track Location for user internalUser2100
2022-10-02 23:12:34.125  INFO 75568 --- [pool-7-thread-1] tourGuide.service.TourGuideService       : Track Location for user internalUser3432
2022-10-02 23:12:34.125  INFO 75568 --- [    Test worker] tourGuide.service.TourGuideService       : Track Location for user internalUser9634
2022-10-02 23:12:34.125  INFO 75568 --- [pool-7-thread-1] tourGuide.service.TourGuideService       : Track Location for user internalUser4763
2022-10-02 23:12:34.125  INFO 75568 --- [    Test worker] tourGuide.service.TourGuideService       : Track Location for user internalUser8304
2022-10-02 23:12:34.125  INFO 75568 --- [pool-7-thread-1] tourGuide.service.TourGuideService       : Track Location for user internalUser3433
2022-10-02 23:12:34.125  INFO 75568 --- [pool-7-thread-1] tourGuide.service.TourGuideService       : Track Location for user internalUser4764
2022-10-02 23:12:34.125  INFO 75568 --- [pool-7-thread-1] tourGuide.service.TourGuideService       : Track Location for user internalUser3434
2022-10-02 23:12:34.125  INFO 75568 --- [pool-7-thread-1] tourGuide.service.TourGuideService       : Track Location for user internalUser4765
2022-10-02 23:12:34.125  INFO 75568 --- [    Test worker] tourGuide.service.TourGuideService       : Track Location for user internalUser9635
2022-10-02 23:12:34.125  INFO 75568 --- [pool-7-thread-1] tourGuide.service.TourGuideService       : Track Location for user internalUser3435
2022-10-02 23:12:34.125  INFO 75568 --- [    Test worker] tourGuide.service.TourGuideService       : Track Location for user internalUser8301
2022-10-02 23:12:34.125  INFO 75568 --- [pool-7-thread-1] tourGuide.service.TourGuideService       : Track Location for user internalUser4766
2022-10-02 23:12:34.125  INFO 75568 --- [    Test worker] tourGuide.service.TourGuideService       : Track Location for user internalUser9632
2022-10-02 23:12:34.125  INFO 75568 --- [pool-7-thread-1] tourGuide.service.TourGuideService       : Track Location for user internalUser3436
2022-10-02 23:12:34.125  INFO 75568 --- [    Test worker] tourGuide.service.TourGuideService       : Track Location for user internalUser8302
2022-10-02 23:12:34.125  INFO 75568 --- [    Test worker] tourGuide.service.TourGuideService       : Track Location for user internalUser9633
2022-10-02 23:12:34.125  INFO 75568 --- [    Test worker] tourGuide.service.TourGuideService       : Track Location for user internalUser9605
2022-10-02 23:12:34.125  INFO 75568 --- [    Test worker] tourGuide.service.TourGuideService       : Track Location for user internalUser9606
2022-10-02 23:12:34.125  INFO 75568 --- [    Test worker] tourGuide.service.TourGuideService       : Track Location for user internalUser9603
2022-10-02 23:12:34.125  INFO 75568 --- [    Test worker] tourGuide.service.TourGuideService       : Track Location for user internalUser9604
2022-10-02 23:12:34.125  INFO 75568 --- [    Test worker] tourGuide.service.TourGuideService       : Track Location for user internalUser9609
2022-10-02 23:12:34.125  INFO 75568 --- [    Test worker] tourGuide.service.TourGuideService       : Track Location for user internalUser9607
2022-10-02 23:12:34.125  INFO 75568 --- [    Test worker] tourGuide.service.TourGuideService       : Track Location for user internalUser9608
2022-10-02 23:12:34.125  INFO 75568 --- [    Test worker] tourGuide.service.TourGuideService       : Track Location for user internalUser9601
2022-10-02 23:12:34.125  INFO 75568 --- [pool-7-thread-1] tourGuide.service.TourGuideService       : Track Location for user internalUser4767
2022-10-02 23:12:34.125  INFO 75568 --- [    Test worker] tourGuide.service.TourGuideService       : Track Location for user internalUser9602
2022-10-02 23:12:34.125  INFO 75568 --- [pool-7-thread-1] tourGuide.service.TourGuideService       : Track Location for user internalUser3437
2022-10-02 23:12:34.125  INFO 75568 --- [    Test worker] tourGuide.service.TourGuideService       : Track Location for user internalUser9600
2022-10-02 23:12:34.125  INFO 75568 --- [pool-7-thread-1] tourGuide.service.TourGuideService       : Track Location for user internalUser4768
2022-10-02 23:12:34.125  INFO 75568 --- [    Test worker] tourGuide.service.TourGuideService       : Track Location for user internalUser9616
2022-10-02 23:12:34.125  INFO 75568 --- [pool-7-thread-1] tourGuide.service.TourGuideService       : Track Location for user internalUser3438
2022-10-02 23:12:34.125  INFO 75568 --- [    Test worker] tourGuide.service.TourGuideService       : Track Location for user internalUser9617
2022-10-02 23:12:34.125  INFO 75568 --- [pool-7-thread-1] tourGuide.service.TourGuideService       : Track Location for user internalUser4769
2022-10-02 23:12:34.125  INFO 75568 --- [    Test worker] tourGuide.service.TourGuideService       : Track Location for user internalUser9614
2022-10-02 23:12:34.125  INFO 75568 --- [pool-7-thread-1] tourGuide.service.TourGuideService       : Track Location for user internalUser3439
2022-10-02 23:12:34.125  INFO 75568 --- [    Test worker] tourGuide.service.TourGuideService       : Track Location for user internalUser9615
2022-10-02 23:12:34.125  INFO 75568 --- [pool-7-thread-1] tourGuide.service.TourGuideService       : Track Location for user internalUser2108
2022-10-02 23:12:34.125  INFO 75568 --- [pool-7-thread-1] tourGuide.service.TourGuideService       : Track Location for user internalUser2107
2022-10-02 23:12:34.125  INFO 75568 --- [pool-7-thread-1] tourGuide.service.TourGuideService       : Track Location for user internalUser2106
2022-10-02 23:12:34.125  INFO 75568 --- [    Test worker] tourGuide.service.TourGuideService       : Track Location for user internalUser9618
2022-10-02 23:12:34.125  INFO 75568 --- [pool-7-thread-1] tourGuide.service.TourGuideService       : Track Location for user internalUser2105
2022-10-02 23:12:34.125  INFO 75568 --- [pool-7-thread-1] tourGuide.service.TourGuideService       : Track Location for user internalUser2104
2022-10-02 23:12:34.125  INFO 75568 --- [pool-7-thread-1] tourGuide.service.TourGuideService       : Track Location for user internalUser2103
2022-10-02 23:12:34.125  INFO 75568 --- [pool-7-thread-1] tourGuide.service.TourGuideService       : Track Location for user internalUser4760
2022-10-02 23:12:34.125  INFO 75568 --- [    Test worker] tourGuide.service.TourGuideService       : Track Location for user internalUser9619
2022-10-02 23:12:34.125  INFO 75568 --- [pool-7-thread-1] tourGuide.service.TourGuideService       : Track Location for user internalUser2102
2022-10-02 23:12:34.125  INFO 75568 --- [pool-7-thread-1] tourGuide.service.TourGuideService       : Track Location for user internalUser3430
2022-10-02 23:12:34.125  INFO 75568 --- [pool-7-thread-1] tourGuide.service.TourGuideService       : Track Location for user internalUser4761
2022-10-02 23:12:34.125  INFO 75568 --- [    Test worker] tourGuide.service.TourGuideService       : Track Location for user internalUser9612
2022-10-02 23:12:34.125  INFO 75568 --- [    Test worker] tourGuide.service.TourGuideService       : Track Location for user internalUser9613
2022-10-02 23:12:34.125  INFO 75568 --- [pool-7-thread-1] tourGuide.service.TourGuideService       : Track Location for user internalUser2101
2022-10-02 23:12:34.125  INFO 75568 --- [    Test worker] tourGuide.service.TourGuideService       : Track Location for user internalUser9610
2022-10-02 23:12:34.125  INFO 75568 --- [    Test worker] tourGuide.service.TourGuideService       : Track Location for user internalUser9611
2022-10-02 23:12:34.125  INFO 75568 --- [    Test worker] tourGuide.service.TourGuideService       : Track Location for user internalUser7008
2022-10-02 23:12:34.125  INFO 75568 --- [    Test worker] tourGuide.service.TourGuideService       : Track Location for user internalUser7007
2022-10-02 23:12:34.125  INFO 75568 --- [    Test worker] tourGuide.service.TourGuideService       : Track Location for user internalUser8338
2022-10-02 23:12:34.125  INFO 75568 --- [pool-7-thread-1] tourGuide.service.TourGuideService       : Track Location for user internalUser3431
2022-10-02 23:12:34.125  INFO 75568 --- [    Test worker] tourGuide.service.TourGuideService       : Track Location for user internalUser9669
2022-10-02 23:12:34.125  INFO 75568 --- [pool-7-thread-1] tourGuide.service.TourGuideService       : Track Location for user internalUser4762
2022-10-02 23:12:34.125  INFO 75568 --- [pool-7-thread-1] tourGuide.service.TourGuideService       : Track Location for user internalUser2109
2022-10-02 23:12:34.125  INFO 75568 --- [pool-7-thread-1] tourGuide.service.TourGuideService       : Track Location for user internalUser2713
2022-10-02 23:12:34.125  INFO 75568 --- [pool-7-thread-1] tourGuide.service.TourGuideService       : Track Location for user internalUser2712
2022-10-02 23:12:34.125  INFO 75568 --- [    Test worker] tourGuide.service.TourGuideService       : Track Location for user internalUser7009
2022-10-02 23:12:34.125  INFO 75568 --- [pool-7-thread-1] tourGuide.service.TourGuideService       : Track Location for user internalUser2711
2022-10-02 23:12:34.125  INFO 75568 --- [    Test worker] tourGuide.service.TourGuideService       : Track Location for user internalUser8339
2022-10-02 23:12:34.125  INFO 75568 --- [pool-7-thread-1] tourGuide.service.TourGuideService       : Track Location for user internalUser2710
2022-10-02 23:12:34.125  INFO 75568 --- [pool-7-thread-1] tourGuide.service.TourGuideService       : Track Location for user internalUser2719
2022-10-02 23:12:34.125  INFO 75568 --- [pool-7-thread-1] tourGuide.service.TourGuideService       : Track Location for user internalUser2718
2022-10-02 23:12:34.125  INFO 75568 --- [pool-7-thread-1] tourGuide.service.TourGuideService       : Track Location for user internalUser2717
2022-10-02 23:12:34.125  INFO 75568 --- [pool-7-thread-1] tourGuide.service.TourGuideService       : Track Location for user internalUser2716
2022-10-02 23:12:34.125  INFO 75568 --- [    Test worker] tourGuide.service.TourGuideService       : Track Location for user internalUser886
2022-10-02 23:12:34.125  INFO 75568 --- [pool-7-thread-1] tourGuide.service.TourGuideService       : Track Location for user internalUser2715
2022-10-02 23:12:34.125  INFO 75568 --- [pool-7-thread-1] tourGuide.service.TourGuideService       : Track Location for user internalUser2714
2022-10-02 23:12:34.125  INFO 75568 --- [pool-7-thread-1] tourGuide.service.TourGuideService       : Track Location for user internalUser2724
2022-10-02 23:12:34.125  INFO 75568 --- [pool-7-thread-1] tourGuide.service.TourGuideService       : Track Location for user internalUser2723
2022-10-02 23:12:34.125  INFO 75568 --- [pool-7-thread-1] tourGuide.service.TourGuideService       : Track Location for user internalUser2722
2022-10-02 23:12:34.125  INFO 75568 --- [    Test worker] tourGuide.service.TourGuideService       : Track Location for user internalUser7000
2022-10-02 23:12:34.125  INFO 75568 --- [pool-7-thread-1] tourGuide.service.TourGuideService       : Track Location for user internalUser2721
2022-10-02 23:12:34.125  INFO 75568 --- [    Test worker] tourGuide.service.TourGuideService       : Track Location for user internalUser8332
2022-10-02 23:12:34.125  INFO 75568 --- [pool-7-thread-1] tourGuide.service.TourGuideService       : Track Location for user internalUser2720
2022-10-02 23:12:34.125  INFO 75568 --- [    Test worker] tourGuide.service.TourGuideService       : Track Location for user internalUser9663
2022-10-02 23:12:34.125  INFO 75568 --- [pool-7-thread-1] tourGuide.service.TourGuideService       : Track Location for user internalUser2729
2022-10-02 23:12:34.125  INFO 75568 --- [    Test worker] tourGuide.service.TourGuideService       : Track Location for user internalUser887
2022-10-02 23:12:34.125  INFO 75568 --- [pool-7-thread-1] tourGuide.service.TourGuideService       : Track Location for user internalUser2728
2022-10-02 23:12:34.125  INFO 75568 --- [    Test worker] tourGuide.service.TourGuideService       : Track Location for user internalUser8333
2022-10-02 23:12:34.125  INFO 75568 --- [pool-7-thread-1] tourGuide.service.TourGuideService       : Track Location for user internalUser2727
2022-10-02 23:12:34.125  INFO 75568 --- [    Test worker] tourGuide.service.TourGuideService       : Track Location for user internalUser9664
2022-10-02 23:12:34.125  INFO 75568 --- [pool-7-thread-1] tourGuide.service.TourGuideService       : Track Location for user internalUser2726
2022-10-02 23:12:34.125  INFO 75568 --- [    Test worker] tourGuide.service.TourGuideService       : Track Location for user internalUser884
2022-10-02 23:12:34.125  INFO 75568 --- [pool-7-thread-1] tourGuide.service.TourGuideService       : Track Location for user internalUser2725
2022-10-02 23:12:34.125  INFO 75568 --- [    Test worker] tourGuide.service.TourGuideService       : Track Location for user internalUser7002
2022-10-02 23:12:34.125  INFO 75568 --- [pool-7-thread-1] tourGuide.service.TourGuideService       : Track Location for user internalUser6296
2022-10-02 23:12:34.125  INFO 75568 --- [    Test worker] tourGuide.service.TourGuideService       : Track Location for user internalUser8330
2022-10-02 23:12:34.125  INFO 75568 --- [pool-7-thread-1] tourGuide.service.TourGuideService       : Track Location for user internalUser6295
2022-10-02 23:12:34.125  INFO 75568 --- [    Test worker] tourGuide.service.TourGuideService       : Track Location for user internalUser9661
2022-10-02 23:12:34.125  INFO 75568 --- [pool-7-thread-1] tourGuide.service.TourGuideService       : Track Location for user internalUser6298
2022-10-02 23:12:34.125  INFO 75568 --- [    Test worker] tourGuide.service.TourGuideService       : Track Location for user internalUser885
2022-10-02 23:12:34.125  INFO 75568 --- [pool-7-thread-1] tourGuide.service.TourGuideService       : Track Location for user internalUser6297
2022-10-02 23:12:34.125  INFO 75568 --- [    Test worker] tourGuide.service.TourGuideService       : Track Location for user internalUser7001
2022-10-02 23:12:34.125  INFO 75568 --- [pool-7-thread-1] tourGuide.service.TourGuideService       : Track Location for user internalUser6299
2022-10-02 23:12:34.125  INFO 75568 --- [    Test worker] tourGuide.service.TourGuideService       : Track Location for user internalUser8331
2022-10-02 23:12:34.125  INFO 75568 --- [pool-7-thread-1] tourGuide.service.TourGuideService       : Track Location for user internalUser2702
2022-10-02 23:12:34.125  INFO 75568 --- [    Test worker] tourGuide.service.TourGuideService       : Track Location for user internalUser9662
2022-10-02 23:12:34.125  INFO 75568 --- [pool-7-thread-1] tourGuide.service.TourGuideService       : Track Location for user internalUser2701
2022-10-02 23:12:34.125  INFO 75568 --- [    Test worker] tourGuide.service.TourGuideService       : Track Location for user internalUser882
2022-10-02 23:12:34.125  INFO 75568 --- [pool-7-thread-1] tourGuide.service.TourGuideService       : Track Location for user internalUser2700
2022-10-02 23:12:34.125  INFO 75568 --- [pool-7-thread-1] tourGuide.service.TourGuideService       : Track Location for user internalUser2709
2022-10-02 23:12:34.125  INFO 75568 --- [pool-7-thread-1] tourGuide.service.TourGuideService       : Track Location for user internalUser2708
2022-10-02 23:12:34.125  INFO 75568 --- [pool-7-thread-1] tourGuide.service.TourGuideService       : Track Location for user internalUser2707
2022-10-02 23:12:34.125  INFO 75568 --- [pool-7-thread-1] tourGuide.service.TourGuideService       : Track Location for user internalUser2706
2022-10-02 23:12:34.125  INFO 75568 --- [    Test worker] tourGuide.service.TourGuideService       : Track Location for user internalUser7004
2022-10-02 23:12:34.125  INFO 75568 --- [pool-7-thread-1] tourGuide.service.TourGuideService       : Track Location for user internalUser2705
2022-10-02 23:12:34.125  INFO 75568 --- [    Test worker] tourGuide.service.TourGuideService       : Track Location for user internalUser8336
2022-10-02 23:12:34.125  INFO 75568 --- [pool-7-thread-1] tourGuide.service.TourGuideService       : Track Location for user internalUser2704
2022-10-02 23:12:34.125  INFO 75568 --- [    Test worker] tourGuide.service.TourGuideService       : Track Location for user internalUser9667
2022-10-02 23:12:34.125  INFO 75568 --- [pool-7-thread-1] tourGuide.service.TourGuideService       : Track Location for user internalUser2703
2022-10-02 23:12:34.125  INFO 75568 --- [    Test worker] tourGuide.service.TourGuideService       : Track Location for user internalUser883
2022-10-02 23:12:34.125  INFO 75568 --- [pool-7-thread-1] tourGuide.service.TourGuideService       : Track Location for user internalUser1426
2022-10-02 23:12:34.125  INFO 75568 --- [    Test worker] tourGuide.service.TourGuideService       : Track Location for user internalUser7003
2022-10-02 23:12:34.125  INFO 75568 --- [    Test worker] tourGuide.service.TourGuideService       : Track Location for user internalUser8337
2022-10-02 23:12:34.125  INFO 75568 --- [pool-7-thread-1] tourGuide.service.TourGuideService       : Track Location for user internalUser2757
2022-10-02 23:12:34.125  INFO 75568 --- [    Test worker] tourGuide.service.TourGuideService       : Track Location for user internalUser9668
2022-10-02 23:12:34.125  INFO 75568 --- [pool-7-thread-1] tourGuide.service.TourGuideService       : Track Location for user internalUser1425
2022-10-02 23:12:34.125  INFO 75568 --- [pool-7-thread-1] tourGuide.service.TourGuideService       : Track Location for user internalUser2756
2022-10-02 23:12:34.125  INFO 75568 --- [pool-7-thread-1] tourGuide.service.TourGuideService       : Track Location for user internalUser1424
2022-10-02 23:12:34.125  INFO 75568 --- [    Test worker] tourGuide.service.TourGuideService       : Track Location for user internalUser880
2022-10-02 23:12:34.125  INFO 75568 --- [pool-7-thread-1] tourGuide.service.TourGuideService       : Track Location for user internalUser2755
2022-10-02 23:12:34.125  INFO 75568 --- [    Test worker] tourGuide.service.TourGuideService       : Track Location for user internalUser7006
2022-10-02 23:12:34.125  INFO 75568 --- [pool-7-thread-1] tourGuide.service.TourGuideService       : Track Location for user internalUser1423
2022-10-02 23:12:34.125  INFO 75568 --- [    Test worker] tourGuide.service.TourGuideService       : Track Location for user internalUser8334
2022-10-02 23:12:34.125  INFO 75568 --- [pool-7-thread-1] tourGuide.service.TourGuideService       : Track Location for user internalUser2754
2022-10-02 23:12:34.125  INFO 75568 --- [pool-7-thread-1] tourGuide.service.TourGuideService       : Track Location for user internalUser1422
2022-10-02 23:12:34.125  INFO 75568 --- [pool-7-thread-1] tourGuide.service.TourGuideService       : Track Location for user internalUser2753
2022-10-02 23:12:34.125  INFO 75568 --- [pool-7-thread-1] tourGuide.service.TourGuideService       : Track Location for user internalUser1421
2022-10-02 23:12:34.125  INFO 75568 --- [    Test worker] tourGuide.service.TourGuideService       : Track Location for user internalUser9665
2022-10-02 23:12:34.125  INFO 75568 --- [pool-7-thread-1] tourGuide.service.TourGuideService       : Track Location for user internalUser2752
2022-10-02 23:12:34.125  INFO 75568 --- [    Test worker] tourGuide.service.TourGuideService       : Track Location for user internalUser881
2022-10-02 23:12:34.125  INFO 75568 --- [pool-7-thread-1] tourGuide.service.TourGuideService       : Track Location for user internalUser1420
2022-10-02 23:12:34.125  INFO 75568 --- [    Test worker] tourGuide.service.TourGuideService       : Track Location for user internalUser7005
2022-10-02 23:12:34.125  INFO 75568 --- [pool-7-thread-1] tourGuide.service.TourGuideService       : Track Location for user internalUser2751
2022-10-02 23:12:34.125  INFO 75568 --- [    Test worker] tourGuide.service.TourGuideService       : Track Location for user internalUser8335
2022-10-02 23:12:34.125  INFO 75568 --- [pool-7-thread-1] tourGuide.service.TourGuideService       : Track Location for user internalUser2750
2022-10-02 23:12:34.125  INFO 75568 --- [    Test worker] tourGuide.service.TourGuideService       : Track Location for user internalUser9666
2022-10-02 23:12:34.125  INFO 75568 --- [pool-7-thread-1] tourGuide.service.TourGuideService       : Track Location for user internalUser1429
2022-10-02 23:12:34.125  INFO 75568 --- [    Test worker] tourGuide.service.TourGuideService       : Track Location for user internalUser9670
2022-10-02 23:12:34.125  INFO 75568 --- [pool-7-thread-1] tourGuide.service.TourGuideService       : Track Location for user internalUser1428
2022-10-02 23:12:34.125  INFO 75568 --- [    Test worker] tourGuide.service.TourGuideService       : Track Location for user internalUser8340
2022-10-02 23:12:34.125  INFO 75568 --- [pool-7-thread-1] tourGuide.service.TourGuideService       : Track Location for user internalUser2759
2022-10-02 23:12:34.125  INFO 75568 --- [    Test worker] tourGuide.service.TourGuideService       : Track Location for user internalUser9671
2022-10-02 23:12:34.125  INFO 75568 --- [pool-7-thread-1] tourGuide.service.TourGuideService       : Track Location for user internalUser1427
2022-10-02 23:12:34.125  INFO 75568 --- [pool-7-thread-1] tourGuide.service.TourGuideService       : Track Location for user internalUser2758
2022-10-02 23:12:34.125  INFO 75568 --- [pool-7-thread-1] tourGuide.service.TourGuideService       : Track Location for user internalUser2760
2022-10-02 23:12:34.125  INFO 75568 --- [pool-7-thread-1] tourGuide.service.TourGuideService       : Track Location for user internalUser1437
2022-10-02 23:12:34.125  INFO 75568 --- [pool-7-thread-1] tourGuide.service.TourGuideService       : Track Location for user internalUser2768
2022-10-02 23:12:34.125  INFO 75568 --- [pool-7-thread-1] tourGuide.service.TourGuideService       : Track Location for user internalUser1436
2022-10-02 23:12:34.125  INFO 75568 --- [    Test worker] tourGuide.service.TourGuideService       : Track Location for user internalUser888
2022-10-02 23:12:34.125  INFO 75568 --- [pool-7-thread-1] tourGuide.service.TourGuideService       : Track Location for user internalUser2767
2022-10-02 23:12:34.125  INFO 75568 --- [    Test worker] tourGuide.service.TourGuideService       : Track Location for user internalUser889
2022-10-02 23:12:34.125  INFO 75568 --- [pool-7-thread-1] tourGuide.service.TourGuideService       : Track Location for user internalUser1435
2022-10-02 23:12:34.125  INFO 75568 --- [    Test worker] tourGuide.service.TourGuideService       : Track Location for user internalUser7019
2022-10-02 23:12:34.125  INFO 75568 --- [pool-7-thread-1] tourGuide.service.TourGuideService       : Track Location for user internalUser2766
2022-10-02 23:12:34.125  INFO 75568 --- [    Test worker] tourGuide.service.TourGuideService       : Track Location for user internalUser890
2022-10-02 23:12:34.125  INFO 75568 --- [pool-7-thread-1] tourGuide.service.TourGuideService       : Track Location for user internalUser1434
2022-10-02 23:12:34.125  INFO 75568 --- [    Test worker] tourGuide.service.TourGuideService       : Track Location for user internalUser7018
2022-10-02 23:12:34.125  INFO 75568 --- [pool-7-thread-1] tourGuide.service.TourGuideService       : Track Location for user internalUser2765
2022-10-02 23:12:34.125  INFO 75568 --- [    Test worker] tourGuide.service.TourGuideService       : Track Location for user internalUser8349
2022-10-02 23:12:34.125  INFO 75568 --- [pool-7-thread-1] tourGuide.service.TourGuideService       : Track Location for user internalUser1433
2022-10-02 23:12:34.125  INFO 75568 --- [    Test worker] tourGuide.service.TourGuideService       : Track Location for user internalUser897
2022-10-02 23:12:34.125  INFO 75568 --- [pool-7-thread-1] tourGuide.service.TourGuideService       : Track Location for user internalUser2764
2022-10-02 23:12:34.126  INFO 75568 --- [    Test worker] tourGuide.service.TourGuideService       : Track Location for user internalUser7011
2022-10-02 23:12:34.126  INFO 75568 --- [    Test worker] tourGuide.service.TourGuideService       : Track Location for user internalUser8343
2022-10-02 23:12:34.126  INFO 75568 --- [pool-7-thread-1] tourGuide.service.TourGuideService       : Track Location for user internalUser1432
2022-10-02 23:12:34.126  INFO 75568 --- [    Test worker] tourGuide.service.TourGuideService       : Track Location for user internalUser9674
2022-10-02 23:12:34.126  INFO 75568 --- [pool-7-thread-1] tourGuide.service.TourGuideService       : Track Location for user internalUser2763
2022-10-02 23:12:34.126  INFO 75568 --- [    Test worker] tourGuide.service.TourGuideService       : Track Location for user internalUser898
2022-10-02 23:12:34.126  INFO 75568 --- [pool-7-thread-1] tourGuide.service.TourGuideService       : Track Location for user internalUser1431
2022-10-02 23:12:34.126  INFO 75568 --- [    Test worker] tourGuide.service.TourGuideService       : Track Location for user internalUser7010
2022-10-02 23:12:34.126  INFO 75568 --- [pool-7-thread-1] tourGuide.service.TourGuideService       : Track Location for user internalUser2762
2022-10-02 23:12:34.126  INFO 75568 --- [    Test worker] tourGuide.service.TourGuideService       : Track Location for user internalUser8344
2022-10-02 23:12:34.126  INFO 75568 --- [pool-7-thread-1] tourGuide.service.TourGuideService       : Track Location for user internalUser1430
2022-10-02 23:12:34.126  INFO 75568 --- [    Test worker] tourGuide.service.TourGuideService       : Track Location for user internalUser9675
2022-10-02 23:12:34.126  INFO 75568 --- [pool-7-thread-1] tourGuide.service.TourGuideService       : Track Location for user internalUser2761
2022-10-02 23:12:34.126  INFO 75568 --- [    Test worker] tourGuide.service.TourGuideService       : Track Location for user internalUser895
2022-10-02 23:12:34.126  INFO 75568 --- [pool-7-thread-1] tourGuide.service.TourGuideService       : Track Location for user internalUser1439
2022-10-02 23:12:34.126  INFO 75568 --- [    Test worker] tourGuide.service.TourGuideService       : Track Location for user internalUser7013
2022-10-02 23:12:34.126  INFO 75568 --- [    Test worker] tourGuide.service.TourGuideService       : Track Location for user internalUser8341
2022-10-02 23:12:34.126  INFO 75568 --- [pool-7-thread-1] tourGuide.service.TourGuideService       : Track Location for user internalUser1438
2022-10-02 23:12:34.126  INFO 75568 --- [    Test worker] tourGuide.service.TourGuideService       : Track Location for user internalUser9672
2022-10-02 23:12:34.126  INFO 75568 --- [pool-7-thread-1] tourGuide.service.TourGuideService       : Track Location for user internalUser2769
2022-10-02 23:12:34.126  INFO 75568 --- [pool-7-thread-1] tourGuide.service.TourGuideService       : Track Location for user internalUser1404
2022-10-02 23:12:34.126  INFO 75568 --- [    Test worker] tourGuide.service.TourGuideService       : Track Location for user internalUser896
2022-10-02 23:12:34.126  INFO 75568 --- [pool-7-thread-1] tourGuide.service.TourGuideService       : Track Location for user internalUser2735
2022-10-02 23:12:34.126  INFO 75568 --- [pool-7-thread-1] tourGuide.service.TourGuideService       : Track Location for user internalUser1403
2022-10-02 23:12:34.126  INFO 75568 --- [pool-7-thread-1] tourGuide.service.TourGuideService       : Track Location for user internalUser2734
2022-10-02 23:12:34.126  INFO 75568 --- [pool-7-thread-1] tourGuide.service.TourGuideService       : Track Location for user internalUser1402
2022-10-02 23:12:34.126  INFO 75568 --- [pool-7-thread-1] tourGuide.service.TourGuideService       : Track Location for user internalUser2733
2022-10-02 23:12:34.126  INFO 75568 --- [pool-7-thread-1] tourGuide.service.TourGuideService       : Track Location for user internalUser1401
2022-10-02 23:12:34.126  INFO 75568 --- [    Test worker] tourGuide.service.TourGuideService       : Track Location for user internalUser7012
2022-10-02 23:12:34.126  INFO 75568 --- [pool-7-thread-1] tourGuide.service.TourGuideService       : Track Location for user internalUser2732
2022-10-02 23:12:34.126  INFO 75568 --- [    Test worker] tourGuide.service.TourGuideService       : Track Location for user internalUser8342
2022-10-02 23:12:34.126  INFO 75568 --- [    Test worker] tourGuide.service.TourGuideService       : Track Location for user internalUser9673
2022-10-02 23:12:34.126  INFO 75568 --- [pool-7-thread-1] tourGuide.service.TourGuideService       : Track Location for user internalUser1400
2022-10-02 23:12:34.126  INFO 75568 --- [    Test worker] tourGuide.service.TourGuideService       : Track Location for user internalUser893
2022-10-02 23:12:34.126  INFO 75568 --- [pool-7-thread-1] tourGuide.service.TourGuideService       : Track Location for user internalUser2731
2022-10-02 23:12:34.126  INFO 75568 --- [    Test worker] tourGuide.service.TourGuideService       : Track Location for user internalUser7015
2022-10-02 23:12:34.126  INFO 75568 --- [pool-7-thread-1] tourGuide.service.TourGuideService       : Track Location for user internalUser2730
2022-10-02 23:12:34.126  INFO 75568 --- [pool-7-thread-1] tourGuide.service.TourGuideService       : Track Location for user internalUser1409
2022-10-02 23:12:34.126  INFO 75568 --- [pool-7-thread-1] tourGuide.service.TourGuideService       : Track Location for user internalUser1408
2022-10-02 23:12:34.126  INFO 75568 --- [pool-7-thread-1] tourGuide.service.TourGuideService       : Track Location for user internalUser2739
2022-10-02 23:12:34.126  INFO 75568 --- [pool-7-thread-1] tourGuide.service.TourGuideService       : Track Location for user internalUser1407
2022-10-02 23:12:34.126  INFO 75568 --- [pool-7-thread-1] tourGuide.service.TourGuideService       : Track Location for user internalUser2738
2022-10-02 23:12:34.126  INFO 75568 --- [pool-7-thread-1] tourGuide.service.TourGuideService       : Track Location for user internalUser1406
2022-10-02 23:12:34.126  INFO 75568 --- [    Test worker] tourGuide.service.TourGuideService       : Track Location for user internalUser8347
2022-10-02 23:12:34.126  INFO 75568 --- [pool-7-thread-1] tourGuide.service.TourGuideService       : Track Location for user internalUser2737
2022-10-02 23:12:34.126  INFO 75568 --- [    Test worker] tourGuide.service.TourGuideService       : Track Location for user internalUser9678
2022-10-02 23:12:34.126  INFO 75568 --- [pool-7-thread-1] tourGuide.service.TourGuideService       : Track Location for user internalUser1405
2022-10-02 23:12:34.126  INFO 75568 --- [    Test worker] tourGuide.service.TourGuideService       : Track Location for user internalUser894
2022-10-02 23:12:34.126  INFO 75568 --- [pool-7-thread-1] tourGuide.service.TourGuideService       : Track Location for user internalUser2736
2022-10-02 23:12:34.126  INFO 75568 --- [    Test worker] tourGuide.service.TourGuideService       : Track Location for user internalUser7014
2022-10-02 23:12:34.126  INFO 75568 --- [pool-7-thread-1] tourGuide.service.TourGuideService       : Track Location for user internalUser1415
2022-10-02 23:12:34.126  INFO 75568 --- [    Test worker] tourGuide.service.TourGuideService       : Track Location for user internalUser8348
2022-10-02 23:12:34.126  INFO 75568 --- [pool-7-thread-1] tourGuide.service.TourGuideService       : Track Location for user internalUser2746
2022-10-02 23:12:34.126  INFO 75568 --- [    Test worker] tourGuide.service.TourGuideService       : Track Location for user internalUser9679
2022-10-02 23:12:34.126  INFO 75568 --- [pool-7-thread-1] tourGuide.service.TourGuideService       : Track Location for user internalUser1414
2022-10-02 23:12:34.126  INFO 75568 --- [    Test worker] tourGuide.service.TourGuideService       : Track Location for user internalUser891
2022-10-02 23:12:34.126  INFO 75568 --- [pool-7-thread-1] tourGuide.service.TourGuideService       : Track Location for user internalUser2745
2022-10-02 23:12:34.126  INFO 75568 --- [    Test worker] tourGuide.service.TourGuideService       : Track Location for user internalUser7017
2022-10-02 23:12:34.126  INFO 75568 --- [pool-7-thread-1] tourGuide.service.TourGuideService       : Track Location for user internalUser1413
2022-10-02 23:12:34.126  INFO 75568 --- [    Test worker] tourGuide.service.TourGuideService       : Track Location for user internalUser8345
2022-10-02 23:12:34.126  INFO 75568 --- [pool-7-thread-1] tourGuide.service.TourGuideService       : Track Location for user internalUser2744
2022-10-02 23:12:34.126  INFO 75568 --- [    Test worker] tourGuide.service.TourGuideService       : Track Location for user internalUser9676
2022-10-02 23:12:34.126  INFO 75568 --- [pool-7-thread-1] tourGuide.service.TourGuideService       : Track Location for user internalUser1412
2022-10-02 23:12:34.126  INFO 75568 --- [    Test worker] tourGuide.service.TourGuideService       : Track Location for user internalUser892
2022-10-02 23:12:34.126  INFO 75568 --- [pool-7-thread-1] tourGuide.service.TourGuideService       : Track Location for user internalUser2743
2022-10-02 23:12:34.126  INFO 75568 --- [    Test worker] tourGuide.service.TourGuideService       : Track Location for user internalUser7016
2022-10-02 23:12:34.126  INFO 75568 --- [pool-7-thread-1] tourGuide.service.TourGuideService       : Track Location for user internalUser1411
2022-10-02 23:12:34.126  INFO 75568 --- [    Test worker] tourGuide.service.TourGuideService       : Track Location for user internalUser8346
2022-10-02 23:12:34.126  INFO 75568 --- [pool-7-thread-1] tourGuide.service.TourGuideService       : Track Location for user internalUser2742
2022-10-02 23:12:34.126  INFO 75568 --- [    Test worker] tourGuide.service.TourGuideService       : Track Location for user internalUser9677
2022-10-02 23:12:34.126  INFO 75568 --- [pool-7-thread-1] tourGuide.service.TourGuideService       : Track Location for user internalUser1410
2022-10-02 23:12:34.126  INFO 75568 --- [    Test worker] tourGuide.service.TourGuideService       : Track Location for user internalUser8350
2022-10-02 23:12:34.126  INFO 75568 --- [pool-7-thread-1] tourGuide.service.TourGuideService       : Track Location for user internalUser2741
2022-10-02 23:12:34.126  INFO 75568 --- [    Test worker] tourGuide.service.TourGuideService       : Track Location for user internalUser9681
2022-10-02 23:12:34.126  INFO 75568 --- [pool-7-thread-1] tourGuide.service.TourGuideService       : Track Location for user internalUser2740
2022-10-02 23:12:34.126  INFO 75568 --- [    Test worker] tourGuide.service.TourGuideService       : Track Location for user internalUser8351
2022-10-02 23:12:34.126  INFO 75568 --- [pool-7-thread-1] tourGuide.service.TourGuideService       : Track Location for user internalUser1419
2022-10-02 23:12:34.126  INFO 75568 --- [pool-7-thread-1] tourGuide.service.TourGuideService       : Track Location for user internalUser1418
2022-10-02 23:12:34.126  INFO 75568 --- [    Test worker] tourGuide.service.TourGuideService       : Track Location for user internalUser9682
2022-10-02 23:12:34.126  INFO 75568 --- [pool-7-thread-1] tourGuide.service.TourGuideService       : Track Location for user internalUser2749
2022-10-02 23:12:34.126  INFO 75568 --- [    Test worker] tourGuide.service.TourGuideService       : Track Location for user internalUser899
2022-10-02 23:12:34.126  INFO 75568 --- [pool-7-thread-1] tourGuide.service.TourGuideService       : Track Location for user internalUser1417
2022-10-02 23:12:34.126  INFO 75568 --- [    Test worker] tourGuide.service.TourGuideService       : Track Location for user internalUser7020
2022-10-02 23:12:34.126  INFO 75568 --- [pool-7-thread-1] tourGuide.service.TourGuideService       : Track Location for user internalUser2748
2022-10-02 23:12:34.126  INFO 75568 --- [    Test worker] tourGuide.service.TourGuideService       : Track Location for user internalUser9680
2022-10-02 23:12:34.126  INFO 75568 --- [pool-7-thread-1] tourGuide.service.TourGuideService       : Track Location for user internalUser1416
2022-10-02 23:12:34.126  INFO 75568 --- [    Test worker] tourGuide.service.TourGuideService       : Track Location for user internalUser8318
2022-10-02 23:12:34.126  INFO 75568 --- [pool-7-thread-1] tourGuide.service.TourGuideService       : Track Location for user internalUser2747
2022-10-02 23:12:34.126  INFO 75568 --- [    Test worker] tourGuide.service.TourGuideService       : Track Location for user internalUser9649
2022-10-02 23:12:34.126  INFO 75568 --- [pool-7-thread-1] tourGuide.service.TourGuideService       : Track Location for user internalUser6238
2022-10-02 23:12:34.126  INFO 75568 --- [    Test worker] tourGuide.service.TourGuideService       : Track Location for user internalUser8319
2022-10-02 23:12:34.126  INFO 75568 --- [pool-7-thread-1] tourGuide.service.TourGuideService       : Track Location for user internalUser7569
2022-10-02 23:12:34.126  INFO 75568 --- [pool-7-thread-1] tourGuide.service.TourGuideService       : Track Location for user internalUser6237
2022-10-02 23:12:34.126  INFO 75568 --- [pool-7-thread-1] tourGuide.service.TourGuideService       : Track Location for user internalUser7568
2022-10-02 23:12:34.126  INFO 75568 --- [pool-7-thread-1] tourGuide.service.TourGuideService       : Track Location for user internalUser8899
2022-10-02 23:12:34.126  INFO 75568 --- [pool-7-thread-1] tourGuide.service.TourGuideService       : Track Location for user internalUser6239
2022-10-02 23:12:34.126  INFO 75568 --- [    Test worker] tourGuide.service.TourGuideService       : Track Location for user internalUser8316
2022-10-02 23:12:34.126  INFO 75568 --- [pool-7-thread-1] tourGuide.service.TourGuideService       : Track Location for user internalUser6230
2022-10-02 23:12:34.126  INFO 75568 --- [    Test worker] tourGuide.service.TourGuideService       : Track Location for user internalUser9647
2022-10-02 23:12:34.126  INFO 75568 --- [pool-7-thread-1] tourGuide.service.TourGuideService       : Track Location for user internalUser7561
2022-10-02 23:12:34.126  INFO 75568 --- [pool-7-thread-1] tourGuide.service.TourGuideService       : Track Location for user internalUser8893
2022-10-02 23:12:34.126  INFO 75568 --- [    Test worker] tourGuide.service.TourGuideService       : Track Location for user internalUser8317
2022-10-02 23:12:34.126  INFO 75568 --- [pool-7-thread-1] tourGuide.service.TourGuideService       : Track Location for user internalUser7560
2022-10-02 23:12:34.126  INFO 75568 --- [    Test worker] tourGuide.service.TourGuideService       : Track Location for user internalUser9648
2022-10-02 23:12:34.126  INFO 75568 --- [pool-7-thread-1] tourGuide.service.TourGuideService       : Track Location for user internalUser8894
2022-10-02 23:12:34.126  INFO 75568 --- [    Test worker] tourGuide.service.TourGuideService       : Track Location for user internalUser8310
2022-10-02 23:12:34.126  INFO 75568 --- [pool-7-thread-1] tourGuide.service.TourGuideService       : Track Location for user internalUser6232
2022-10-02 23:12:34.126  INFO 75568 --- [    Test worker] tourGuide.service.TourGuideService       : Track Location for user internalUser9641
2022-10-02 23:12:34.126  INFO 75568 --- [    Test worker] tourGuide.service.TourGuideService       : Track Location for user internalUser8311
2022-10-02 23:12:34.126  INFO 75568 --- [pool-7-thread-1] tourGuide.service.TourGuideService       : Track Location for user internalUser7563
2022-10-02 23:12:34.126  INFO 75568 --- [    Test worker] tourGuide.service.TourGuideService       : Track Location for user internalUser9642
2022-10-02 23:12:34.126  INFO 75568 --- [pool-7-thread-1] tourGuide.service.TourGuideService       : Track Location for user internalUser8891
2022-10-02 23:12:34.126  INFO 75568 --- [pool-7-thread-1] tourGuide.service.TourGuideService       : Track Location for user internalUser6231
2022-10-02 23:12:34.126  INFO 75568 --- [pool-7-thread-1] tourGuide.service.TourGuideService       : Track Location for user internalUser7562
2022-10-02 23:12:34.126  INFO 75568 --- [pool-7-thread-1] tourGuide.service.TourGuideService       : Track Location for user internalUser8892
2022-10-02 23:12:34.126  INFO 75568 --- [pool-7-thread-1] tourGuide.service.TourGuideService       : Track Location for user internalUser6234
2022-10-02 23:12:34.126  INFO 75568 --- [pool-7-thread-1] tourGuide.service.TourGuideService       : Track Location for user internalUser7565
2022-10-02 23:12:34.126  INFO 75568 --- [    Test worker] tourGuide.service.TourGuideService       : Track Location for user internalUser9640
2022-10-02 23:12:34.126  INFO 75568 --- [pool-7-thread-1] tourGuide.service.TourGuideService       : Track Location for user internalUser8897
2022-10-02 23:12:34.126  INFO 75568 --- [    Test worker] tourGuide.service.TourGuideService       : Track Location for user internalUser8314
2022-10-02 23:12:34.126  INFO 75568 --- [pool-7-thread-1] tourGuide.service.TourGuideService       : Track Location for user internalUser6233
2022-10-02 23:12:34.126  INFO 75568 --- [    Test worker] tourGuide.service.TourGuideService       : Track Location for user internalUser9645
2022-10-02 23:12:34.126  INFO 75568 --- [pool-7-thread-1] tourGuide.service.TourGuideService       : Track Location for user internalUser7564
2022-10-02 23:12:34.126  INFO 75568 --- [    Test worker] tourGuide.service.TourGuideService       : Track Location for user internalUser8315
2022-10-02 23:12:34.126  INFO 75568 --- [pool-7-thread-1] tourGuide.service.TourGuideService       : Track Location for user internalUser8898
2022-10-02 23:12:34.126  INFO 75568 --- [    Test worker] tourGuide.service.TourGuideService       : Track Location for user internalUser9646
2022-10-02 23:12:34.126  INFO 75568 --- [pool-7-thread-1] tourGuide.service.TourGuideService       : Track Location for user internalUser6236
2022-10-02 23:12:34.126  INFO 75568 --- [    Test worker] tourGuide.service.TourGuideService       : Track Location for user internalUser8312
2022-10-02 23:12:34.126  INFO 75568 --- [    Test worker] tourGuide.service.TourGuideService       : Track Location for user internalUser9643
2022-10-02 23:12:34.126  INFO 75568 --- [pool-7-thread-1] tourGuide.service.TourGuideService       : Track Location for user internalUser7567
2022-10-02 23:12:34.126  INFO 75568 --- [    Test worker] tourGuide.service.TourGuideService       : Track Location for user internalUser8313
2022-10-02 23:12:34.126  INFO 75568 --- [pool-7-thread-1] tourGuide.service.TourGuideService       : Track Location for user internalUser8895
2022-10-02 23:12:34.126  INFO 75568 --- [    Test worker] tourGuide.service.TourGuideService       : Track Location for user internalUser9644
2022-10-02 23:12:34.126  INFO 75568 --- [pool-7-thread-1] tourGuide.service.TourGuideService       : Track Location for user internalUser6235
2022-10-02 23:12:34.126  INFO 75568 --- [    Test worker] tourGuide.service.TourGuideService       : Track Location for user internalUser8329
2022-10-02 23:12:34.126  INFO 75568 --- [pool-7-thread-1] tourGuide.service.TourGuideService       : Track Location for user internalUser7566
2022-10-02 23:12:34.126  INFO 75568 --- [    Test worker] tourGuide.service.TourGuideService       : Track Location for user internalUser8327
2022-10-02 23:12:34.126  INFO 75568 --- [pool-7-thread-1] tourGuide.service.TourGuideService       : Track Location for user internalUser8896
2022-10-02 23:12:34.126  INFO 75568 --- [    Test worker] tourGuide.service.TourGuideService       : Track Location for user internalUser9658
2022-10-02 23:12:34.126  INFO 75568 --- [pool-7-thread-1] tourGuide.service.TourGuideService       : Track Location for user internalUser7570
2022-10-02 23:12:34.126  INFO 75568 --- [    Test worker] tourGuide.service.TourGuideService       : Track Location for user internalUser8328
2022-10-02 23:12:34.126  INFO 75568 --- [pool-7-thread-1] tourGuide.service.TourGuideService       : Track Location for user internalUser6249
2022-10-02 23:12:34.126  INFO 75568 --- [pool-7-thread-1] tourGuide.service.TourGuideService       : Track Location for user internalUser6248
2022-10-02 23:12:34.126  INFO 75568 --- [    Test worker] tourGuide.service.TourGuideService       : Track Location for user internalUser9659
2022-10-02 23:12:34.126  INFO 75568 --- [pool-7-thread-1] tourGuide.service.TourGuideService       : Track Location for user internalUser7579
2022-10-02 23:12:34.126  INFO 75568 --- [    Test worker] tourGuide.service.TourGuideService       : Track Location for user internalUser8321
2022-10-02 23:12:34.126  INFO 75568 --- [pool-7-thread-1] tourGuide.service.TourGuideService       : Track Location for user internalUser6241
2022-10-02 23:12:34.126  INFO 75568 --- [    Test worker] tourGuide.service.TourGuideService       : Track Location for user internalUser9652
2022-10-02 23:12:34.126  INFO 75568 --- [pool-7-thread-1] tourGuide.service.TourGuideService       : Track Location for user internalUser7572
2022-10-02 23:12:34.126  INFO 75568 --- [    Test worker] tourGuide.service.TourGuideService       : Track Location for user internalUser8322
2022-10-02 23:12:34.126  INFO 75568 --- [pool-7-thread-1] tourGuide.service.TourGuideService       : Track Location for user internalUser6240
2022-10-02 23:12:34.126  INFO 75568 --- [    Test worker] tourGuide.service.TourGuideService       : Track Location for user internalUser9653
2022-10-02 23:12:34.126  INFO 75568 --- [pool-7-thread-1] tourGuide.service.TourGuideService       : Track Location for user internalUser7571
2022-10-02 23:12:34.126  INFO 75568 --- [    Test worker] tourGuide.service.TourGuideService       : Track Location for user internalUser9650
2022-10-02 23:12:34.126  INFO 75568 --- [pool-7-thread-1] tourGuide.service.TourGuideService       : Track Location for user internalUser6243
2022-10-02 23:12:34.126  INFO 75568 --- [    Test worker] tourGuide.service.TourGuideService       : Track Location for user internalUser8320
2022-10-02 23:12:34.126  INFO 75568 --- [pool-7-thread-1] tourGuide.service.TourGuideService       : Track Location for user internalUser7574
2022-10-02 23:12:34.126  INFO 75568 --- [    Test worker] tourGuide.service.TourGuideService       : Track Location for user internalUser9651
2022-10-02 23:12:34.126  INFO 75568 --- [pool-7-thread-1] tourGuide.service.TourGuideService       : Track Location for user internalUser6242
2022-10-02 23:12:34.126  INFO 75568 --- [    Test worker] tourGuide.service.TourGuideService       : Track Location for user internalUser8325
2022-10-02 23:12:34.126  INFO 75568 --- [pool-7-thread-1] tourGuide.service.TourGuideService       : Track Location for user internalUser7573
2022-10-02 23:12:34.126  INFO 75568 --- [pool-7-thread-1] tourGuide.service.TourGuideService       : Track Location for user internalUser6245
2022-10-02 23:12:34.126  INFO 75568 --- [    Test worker] tourGuide.service.TourGuideService       : Track Location for user internalUser9656
2022-10-02 23:12:34.126  INFO 75568 --- [pool-7-thread-1] tourGuide.service.TourGuideService       : Track Location for user internalUser7576
2022-10-02 23:12:34.126  INFO 75568 --- [pool-7-thread-1] tourGuide.service.TourGuideService       : Track Location for user internalUser6244
2022-10-02 23:12:34.126  INFO 75568 --- [pool-7-thread-1] tourGuide.service.TourGuideService       : Track Location for user internalUser7575
2022-10-02 23:12:34.126  INFO 75568 --- [pool-7-thread-1] tourGuide.service.TourGuideService       : Track Location for user internalUser6247
2022-10-02 23:12:34.126  INFO 75568 --- [pool-7-thread-1] tourGuide.service.TourGuideService       : Track Location for user internalUser7578
2022-10-02 23:12:34.126  INFO 75568 --- [pool-7-thread-1] tourGuide.service.TourGuideService       : Track Location for user internalUser6246
2022-10-02 23:12:34.126  INFO 75568 --- [    Test worker] tourGuide.service.TourGuideService       : Track Location for user internalUser8326
2022-10-02 23:12:34.126  INFO 75568 --- [pool-7-thread-1] tourGuide.service.TourGuideService       : Track Location for user internalUser7577
2022-10-02 23:12:34.126  INFO 75568 --- [    Test worker] tourGuide.service.TourGuideService       : Track Location for user internalUser9657
2022-10-02 23:12:34.126  INFO 75568 --- [pool-7-thread-1] tourGuide.service.TourGuideService       : Track Location for user internalUser6250
2022-10-02 23:12:34.126  INFO 75568 --- [pool-7-thread-1] tourGuide.service.TourGuideService       : Track Location for user internalUser7581
2022-10-02 23:12:34.126  INFO 75568 --- [pool-7-thread-1] tourGuide.service.TourGuideService       : Track Location for user internalUser7580
2022-10-02 23:12:34.126  INFO 75568 --- [pool-7-thread-1] tourGuide.service.TourGuideService       : Track Location for user internalUser6216
2022-10-02 23:12:34.126  INFO 75568 --- [    Test worker] tourGuide.service.TourGuideService       : Track Location for user internalUser8323
2022-10-02 23:12:34.126  INFO 75568 --- [pool-7-thread-1] tourGuide.service.TourGuideService       : Track Location for user internalUser7547
2022-10-02 23:12:34.126  INFO 75568 --- [    Test worker] tourGuide.service.TourGuideService       : Track Location for user internalUser9654
2022-10-02 23:12:34.126  INFO 75568 --- [pool-7-thread-1] tourGuide.service.TourGuideService       : Track Location for user internalUser8879
2022-10-02 23:12:34.126  INFO 75568 --- [pool-7-thread-1] tourGuide.service.TourGuideService       : Track Location for user internalUser6215
2022-10-02 23:12:34.126  INFO 75568 --- [pool-7-thread-1] tourGuide.service.TourGuideService       : Track Location for user internalUser7546
2022-10-02 23:12:34.126  INFO 75568 --- [    Test worker] tourGuide.service.TourGuideService       : Track Location for user internalUser8324
2022-10-02 23:12:34.126  INFO 75568 --- [pool-7-thread-1] tourGuide.service.TourGuideService       : Track Location for user internalUser6218
2022-10-02 23:12:34.126  INFO 75568 --- [    Test worker] tourGuide.service.TourGuideService       : Track Location for user internalUser9655
2022-10-02 23:12:34.126  INFO 75568 --- [pool-7-thread-1] tourGuide.service.TourGuideService       : Track Location for user internalUser7549
2022-10-02 23:12:34.126  INFO 75568 --- [    Test worker] tourGuide.service.TourGuideService       : Track Location for user internalUser9660
2022-10-02 23:12:34.126  INFO 75568 --- [pool-7-thread-1] tourGuide.service.TourGuideService       : Track Location for user internalUser8877
2022-10-02 23:12:34.126  INFO 75568 --- [pool-7-thread-1] tourGuide.service.TourGuideService       : Track Location for user internalUser6217
2022-10-02 23:12:34.126  INFO 75568 --- [pool-7-thread-1] tourGuide.service.TourGuideService       : Track Location for user internalUser7548
2022-10-02 23:12:34.126  INFO 75568 --- [    Test worker] tourGuide.service.TourGuideService       : Track Location for user internalUser2155
2022-10-02 23:12:34.126  INFO 75568 --- [pool-7-thread-1] tourGuide.service.TourGuideService       : Track Location for user internalUser8878
2022-10-02 23:12:34.126  INFO 75568 --- [    Test worker] tourGuide.service.TourGuideService       : Track Location for user internalUser3487
2022-10-02 23:12:34.127  INFO 75568 --- [pool-7-thread-1] tourGuide.service.TourGuideService       : Track Location for user internalUser6219
2022-10-02 23:12:34.127  INFO 75568 --- [pool-7-thread-1] tourGuide.service.TourGuideService       : Track Location for user internalUser8871
2022-10-02 23:12:34.127  INFO 75568 --- [    Test worker] tourGuide.service.TourGuideService       : Track Location for user internalUser2154
2022-10-02 23:12:34.127  INFO 75568 --- [pool-7-thread-1] tourGuide.service.TourGuideService       : Track Location for user internalUser8872
2022-10-02 23:12:34.127  INFO 75568 --- [    Test worker] tourGuide.service.TourGuideService       : Track Location for user internalUser3488
2022-10-02 23:12:34.127  INFO 75568 --- [pool-7-thread-1] tourGuide.service.TourGuideService       : Track Location for user internalUser6210
2022-10-02 23:12:34.127  INFO 75568 --- [pool-7-thread-1] tourGuide.service.TourGuideService       : Track Location for user internalUser7541
2022-10-02 23:12:34.127  INFO 75568 --- [pool-7-thread-1] tourGuide.service.TourGuideService       : Track Location for user internalUser7540
2022-10-02 23:12:34.127  INFO 75568 --- [pool-7-thread-1] tourGuide.service.TourGuideService       : Track Location for user internalUser8870
2022-10-02 23:12:34.127  INFO 75568 --- [    Test worker] tourGuide.service.TourGuideService       : Track Location for user internalUser2153
2022-10-02 23:12:34.127  INFO 75568 --- [pool-7-thread-1] tourGuide.service.TourGuideService       : Track Location for user internalUser6212
2022-10-02 23:12:34.127  INFO 75568 --- [pool-7-thread-1] tourGuide.service.TourGuideService       : Track Location for user internalUser7543
2022-10-02 23:12:34.127  INFO 75568 --- [pool-7-thread-1] tourGuide.service.TourGuideService       : Track Location for user internalUser8875
2022-10-02 23:12:34.127  INFO 75568 --- [pool-7-thread-1] tourGuide.service.TourGuideService       : Track Location for user internalUser6211
2022-10-02 23:12:34.127  INFO 75568 --- [pool-7-thread-1] tourGuide.service.TourGuideService       : Track Location for user internalUser7542
2022-10-02 23:12:34.127  INFO 75568 --- [    Test worker] tourGuide.service.TourGuideService       : Track Location for user internalUser3489
2022-10-02 23:12:34.127  INFO 75568 --- [pool-7-thread-1] tourGuide.service.TourGuideService       : Track Location for user internalUser8876
2022-10-02 23:12:34.127  INFO 75568 --- [    Test worker] tourGuide.service.TourGuideService       : Track Location for user internalUser2152
2022-10-02 23:12:34.127  INFO 75568 --- [pool-7-thread-1] tourGuide.service.TourGuideService       : Track Location for user internalUser6214
2022-10-02 23:12:34.127  INFO 75568 --- [    Test worker] tourGuide.service.TourGuideService       : Track Location for user internalUser2151
2022-10-02 23:12:34.127  INFO 75568 --- [pool-7-thread-1] tourGuide.service.TourGuideService       : Track Location for user internalUser7545
2022-10-02 23:12:34.127  INFO 75568 --- [    Test worker] tourGuide.service.TourGuideService       : Track Location for user internalUser2150
2022-10-02 23:12:34.127  INFO 75568 --- [pool-7-thread-1] tourGuide.service.TourGuideService       : Track Location for user internalUser8873
2022-10-02 23:12:34.127  INFO 75568 --- [    Test worker] tourGuide.service.TourGuideService       : Track Location for user internalUser963
2022-10-02 23:12:34.127  INFO 75568 --- [pool-7-thread-1] tourGuide.service.TourGuideService       : Track Location for user internalUser6213
2022-10-02 23:12:34.127  INFO 75568 --- [    Test worker] tourGuide.service.TourGuideService       : Track Location for user internalUser964
2022-10-02 23:12:34.127  INFO 75568 --- [pool-7-thread-1] tourGuide.service.TourGuideService       : Track Location for user internalUser7544
2022-10-02 23:12:34.127  INFO 75568 --- [    Test worker] tourGuide.service.TourGuideService       : Track Location for user internalUser3480
2022-10-02 23:12:34.127  INFO 75568 --- [pool-7-thread-1] tourGuide.service.TourGuideService       : Track Location for user internalUser8874
2022-10-02 23:12:34.127  INFO 75568 --- [    Test worker] tourGuide.service.TourGuideService       : Track Location for user internalUser961
2022-10-02 23:12:34.127  INFO 75568 --- [pool-7-thread-1] tourGuide.service.TourGuideService       : Track Location for user internalUser6227
2022-10-02 23:12:34.127  INFO 75568 --- [pool-7-thread-1] tourGuide.service.TourGuideService       : Track Location for user internalUser7558
2022-10-02 23:12:34.127  INFO 75568 --- [pool-7-thread-1] tourGuide.service.TourGuideService       : Track Location for user internalUser6226
2022-10-02 23:12:34.127  INFO 75568 --- [pool-7-thread-1] tourGuide.service.TourGuideService       : Track Location for user internalUser7557
2022-10-02 23:12:34.127  INFO 75568 --- [pool-7-thread-1] tourGuide.service.TourGuideService       : Track Location for user internalUser6229
2022-10-02 23:12:34.127  INFO 75568 --- [pool-7-thread-1] tourGuide.service.TourGuideService       : Track Location for user internalUser8888
2022-10-02 23:12:34.127  INFO 75568 --- [pool-7-thread-1] tourGuide.service.TourGuideService       : Track Location for user internalUser6228
2022-10-02 23:12:34.127  INFO 75568 --- [    Test worker] tourGuide.service.TourGuideService       : Track Location for user internalUser3481
2022-10-02 23:12:34.127  INFO 75568 --- [pool-7-thread-1] tourGuide.service.TourGuideService       : Track Location for user internalUser7559
2022-10-02 23:12:34.127  INFO 75568 --- [    Test worker] tourGuide.service.TourGuideService       : Track Location for user internalUser962
2022-10-02 23:12:34.127  INFO 75568 --- [    Test worker] tourGuide.service.TourGuideService       : Track Location for user internalUser3482
2022-10-02 23:12:34.127  INFO 75568 --- [    Test worker] tourGuide.service.TourGuideService       : Track Location for user internalUser2159
2022-10-02 23:12:34.127  INFO 75568 --- [    Test worker] tourGuide.service.TourGuideService       : Track Location for user internalUser3483
2022-10-02 23:12:34.127  INFO 75568 --- [    Test worker] tourGuide.service.TourGuideService       : Track Location for user internalUser960
2022-10-02 23:12:34.127  INFO 75568 --- [    Test worker] tourGuide.service.TourGuideService       : Track Location for user internalUser2158
2022-10-02 23:12:34.127  INFO 75568 --- [pool-7-thread-1] tourGuide.service.TourGuideService       : Track Location for user internalUser8889
2022-10-02 23:12:34.127  INFO 75568 --- [pool-7-thread-1] tourGuide.service.TourGuideService       : Track Location for user internalUser7550
2022-10-02 23:12:34.127  INFO 75568 --- [pool-7-thread-1] tourGuide.service.TourGuideService       : Track Location for user internalUser8882
2022-10-02 23:12:34.127  INFO 75568 --- [pool-7-thread-1] tourGuide.service.TourGuideService       : Track Location for user internalUser8883
2022-10-02 23:12:34.127  INFO 75568 --- [    Test worker] tourGuide.service.TourGuideService       : Track Location for user internalUser3484
2022-10-02 23:12:34.127  INFO 75568 --- [pool-7-thread-1] tourGuide.service.TourGuideService       : Track Location for user internalUser6221
2022-10-02 23:12:34.127  INFO 75568 --- [    Test worker] tourGuide.service.TourGuideService       : Track Location for user internalUser2157
2022-10-02 23:12:34.127  INFO 75568 --- [pool-7-thread-1] tourGuide.service.TourGuideService       : Track Location for user internalUser7552
2022-10-02 23:12:34.127  INFO 75568 --- [    Test worker] tourGuide.service.TourGuideService       : Track Location for user internalUser3485
2022-10-02 23:12:34.127  INFO 75568 --- [pool-7-thread-1] tourGuide.service.TourGuideService       : Track Location for user internalUser8880
2022-10-02 23:12:34.127  INFO 75568 --- [    Test worker] tourGuide.service.TourGuideService       : Track Location for user internalUser2156
2022-10-02 23:12:34.127  INFO 75568 --- [pool-7-thread-1] tourGuide.service.TourGuideService       : Track Location for user internalUser6220
2022-10-02 23:12:34.127  INFO 75568 --- [pool-7-thread-1] tourGuide.service.TourGuideService       : Track Location for user internalUser7551
2022-10-02 23:12:34.127  INFO 75568 --- [pool-7-thread-1] tourGuide.service.TourGuideService       : Track Location for user internalUser8881
2022-10-02 23:12:34.127  INFO 75568 --- [pool-7-thread-1] tourGuide.service.TourGuideService       : Track Location for user internalUser6223
2022-10-02 23:12:34.127  INFO 75568 --- [    Test worker] tourGuide.service.TourGuideService       : Track Location for user internalUser3486
2022-10-02 23:12:34.127  INFO 75568 --- [pool-7-thread-1] tourGuide.service.TourGuideService       : Track Location for user internalUser7554
2022-10-02 23:12:34.127  INFO 75568 --- [    Test worker] tourGuide.service.TourGuideService       : Track Location for user internalUser969
2022-10-02 23:12:34.127  INFO 75568 --- [pool-7-thread-1] tourGuide.service.TourGuideService       : Track Location for user internalUser8886
2022-10-02 23:12:34.127  INFO 75568 --- [    Test worker] tourGuide.service.TourGuideService       : Track Location for user internalUser967
2022-10-02 23:12:34.127  INFO 75568 --- [pool-7-thread-1] tourGuide.service.TourGuideService       : Track Location for user internalUser6222
2022-10-02 23:12:34.127  INFO 75568 --- [    Test worker] tourGuide.service.TourGuideService       : Track Location for user internalUser968
2022-10-02 23:12:34.127  INFO 75568 --- [pool-7-thread-1] tourGuide.service.TourGuideService       : Track Location for user internalUser7553
2022-10-02 23:12:34.127  INFO 75568 --- [    Test worker] tourGuide.service.TourGuideService       : Track Location for user internalUser965
2022-10-02 23:12:34.127  INFO 75568 --- [pool-7-thread-1] tourGuide.service.TourGuideService       : Track Location for user internalUser8887
2022-10-02 23:12:34.127  INFO 75568 --- [    Test worker] tourGuide.service.TourGuideService       : Track Location for user internalUser966
2022-10-02 23:12:34.127  INFO 75568 --- [pool-7-thread-1] tourGuide.service.TourGuideService       : Track Location for user internalUser6225
2022-10-02 23:12:34.127  INFO 75568 --- [    Test worker] tourGuide.service.TourGuideService       : Track Location for user internalUser2166
2022-10-02 23:12:34.127  INFO 75568 --- [pool-7-thread-1] tourGuide.service.TourGuideService       : Track Location for user internalUser7556
2022-10-02 23:12:34.127  INFO 75568 --- [    Test worker] tourGuide.service.TourGuideService       : Track Location for user internalUser3498
2022-10-02 23:12:34.127  INFO 75568 --- [pool-7-thread-1] tourGuide.service.TourGuideService       : Track Location for user internalUser8884
2022-10-02 23:12:34.127  INFO 75568 --- [    Test worker] tourGuide.service.TourGuideService       : Track Location for user internalUser2165
2022-10-02 23:12:34.127  INFO 75568 --- [pool-7-thread-1] tourGuide.service.TourGuideService       : Track Location for user internalUser6224
2022-10-02 23:12:34.127  INFO 75568 --- [    Test worker] tourGuide.service.TourGuideService       : Track Location for user internalUser3499
2022-10-02 23:12:34.127  INFO 75568 --- [pool-7-thread-1] tourGuide.service.TourGuideService       : Track Location for user internalUser7555
2022-10-02 23:12:34.127  INFO 75568 --- [    Test worker] tourGuide.service.TourGuideService       : Track Location for user internalUser2164
2022-10-02 23:12:34.127  INFO 75568 --- [pool-7-thread-1] tourGuide.service.TourGuideService       : Track Location for user internalUser8885
2022-10-02 23:12:34.127  INFO 75568 --- [pool-7-thread-1] tourGuide.service.TourGuideService       : Track Location for user internalUser8890
2022-10-02 23:12:34.127  INFO 75568 --- [pool-7-thread-1] tourGuide.service.TourGuideService       : Track Location for user internalUser6274
2022-10-02 23:12:34.127  INFO 75568 --- [pool-7-thread-1] tourGuide.service.TourGuideService       : Track Location for user internalUser6273
2022-10-02 23:12:34.127  INFO 75568 --- [    Test worker] tourGuide.service.TourGuideService       : Track Location for user internalUser2163
2022-10-02 23:12:34.127  INFO 75568 --- [pool-7-thread-1] tourGuide.service.TourGuideService       : Track Location for user internalUser6276
2022-10-02 23:12:34.127  INFO 75568 --- [    Test worker] tourGuide.service.TourGuideService       : Track Location for user internalUser2162
2022-10-02 23:12:34.127  INFO 75568 --- [pool-7-thread-1] tourGuide.service.TourGuideService       : Track Location for user internalUser6275
2022-10-02 23:12:34.127  INFO 75568 --- [    Test worker] tourGuide.service.TourGuideService       : Track Location for user internalUser2161
2022-10-02 23:12:34.127  INFO 75568 --- [    Test worker] tourGuide.service.TourGuideService       : Track Location for user internalUser2160
2022-10-02 23:12:34.127  INFO 75568 --- [    Test worker] tourGuide.service.TourGuideService       : Track Location for user internalUser974
2022-10-02 23:12:34.127  INFO 75568 --- [    Test worker] tourGuide.service.TourGuideService       : Track Location for user internalUser3490
2022-10-02 23:12:34.127  INFO 75568 --- [    Test worker] tourGuide.service.TourGuideService       : Track Location for user internalUser975
2022-10-02 23:12:34.127  INFO 75568 --- [    Test worker] tourGuide.service.TourGuideService       : Track Location for user internalUser3491
2022-10-02 23:12:34.127  INFO 75568 --- [    Test worker] tourGuide.service.TourGuideService       : Track Location for user internalUser972
2022-10-02 23:12:34.127  INFO 75568 --- [    Test worker] tourGuide.service.TourGuideService       : Track Location for user internalUser3492
2022-10-02 23:12:34.127  INFO 75568 --- [    Test worker] tourGuide.service.TourGuideService       : Track Location for user internalUser973
2022-10-02 23:12:34.127  INFO 75568 --- [    Test worker] tourGuide.service.TourGuideService       : Track Location for user internalUser3493
2022-10-02 23:12:34.127  INFO 75568 --- [    Test worker] tourGuide.service.TourGuideService       : Track Location for user internalUser970
2022-10-02 23:12:34.127  INFO 75568 --- [pool-7-thread-1] tourGuide.service.TourGuideService       : Track Location for user internalUser6278
2022-10-02 23:12:34.127  INFO 75568 --- [pool-7-thread-1] tourGuide.service.TourGuideService       : Track Location for user internalUser6277
2022-10-02 23:12:34.127  INFO 75568 --- [pool-7-thread-1] tourGuide.service.TourGuideService       : Track Location for user internalUser6279
2022-10-02 23:12:34.127  INFO 75568 --- [    Test worker] tourGuide.service.TourGuideService       : Track Location for user internalUser3494
2022-10-02 23:12:34.127  INFO 75568 --- [pool-7-thread-1] tourGuide.service.TourGuideService       : Track Location for user internalUser6281
2022-10-02 23:12:34.127  INFO 75568 --- [    Test worker] tourGuide.service.TourGuideService       : Track Location for user internalUser971
2022-10-02 23:12:34.127  INFO 75568 --- [pool-7-thread-1] tourGuide.service.TourGuideService       : Track Location for user internalUser6280
2022-10-02 23:12:34.127  INFO 75568 --- [    Test worker] tourGuide.service.TourGuideService       : Track Location for user internalUser2169
2022-10-02 23:12:34.127  INFO 75568 --- [pool-7-thread-1] tourGuide.service.TourGuideService       : Track Location for user internalUser6283
2022-10-02 23:12:34.127  INFO 75568 --- [pool-7-thread-1] tourGuide.service.TourGuideService       : Track Location for user internalUser6282
2022-10-02 23:12:34.127  INFO 75568 --- [pool-7-thread-1] tourGuide.service.TourGuideService       : Track Location for user internalUser6285
2022-10-02 23:12:34.127  INFO 75568 --- [pool-7-thread-1] tourGuide.service.TourGuideService       : Track Location for user internalUser6284
2022-10-02 23:12:34.127  INFO 75568 --- [    Test worker] tourGuide.service.TourGuideService       : Track Location for user internalUser3495
2022-10-02 23:12:34.127  INFO 75568 --- [pool-7-thread-1] tourGuide.service.TourGuideService       : Track Location for user internalUser6287
2022-10-02 23:12:34.127  INFO 75568 --- [    Test worker] tourGuide.service.TourGuideService       : Track Location for user internalUser2168
2022-10-02 23:12:34.127  INFO 75568 --- [pool-7-thread-1] tourGuide.service.TourGuideService       : Track Location for user internalUser6286
2022-10-02 23:12:34.127  INFO 75568 --- [    Test worker] tourGuide.service.TourGuideService       : Track Location for user internalUser3496
2022-10-02 23:12:34.127  INFO 75568 --- [pool-7-thread-1] tourGuide.service.TourGuideService       : Track Location for user internalUser6289
2022-10-02 23:12:34.127  INFO 75568 --- [pool-7-thread-1] tourGuide.service.TourGuideService       : Track Location for user internalUser6288
2022-10-02 23:12:34.127  INFO 75568 --- [pool-7-thread-1] tourGuide.service.TourGuideService       : Track Location for user internalUser6290
2022-10-02 23:12:34.127  INFO 75568 --- [    Test worker] tourGuide.service.TourGuideService       : Track Location for user internalUser2167
2022-10-02 23:12:34.127  INFO 75568 --- [pool-7-thread-1] tourGuide.service.TourGuideService       : Track Location for user internalUser6292
2022-10-02 23:12:34.127  INFO 75568 --- [    Test worker] tourGuide.service.TourGuideService       : Track Location for user internalUser3497
2022-10-02 23:12:34.127  INFO 75568 --- [pool-7-thread-1] tourGuide.service.TourGuideService       : Track Location for user internalUser6291
2022-10-02 23:12:34.127  INFO 75568 --- [    Test worker] tourGuide.service.TourGuideService       : Track Location for user internalUser978
2022-10-02 23:12:34.127  INFO 75568 --- [pool-7-thread-1] tourGuide.service.TourGuideService       : Track Location for user internalUser6294
2022-10-02 23:12:34.127  INFO 75568 --- [    Test worker] tourGuide.service.TourGuideService       : Track Location for user internalUser979
2022-10-02 23:12:34.127  INFO 75568 --- [    Test worker] tourGuide.service.TourGuideService       : Track Location for user internalUser976
2022-10-02 23:12:34.127  INFO 75568 --- [    Test worker] tourGuide.service.TourGuideService       : Track Location for user internalUser977
2022-10-02 23:12:34.127  INFO 75568 --- [    Test worker] tourGuide.service.TourGuideService       : Track Location for user internalUser2133
2022-10-02 23:12:34.127  INFO 75568 --- [    Test worker] tourGuide.service.TourGuideService       : Track Location for user internalUser3465
2022-10-02 23:12:34.127  INFO 75568 --- [    Test worker] tourGuide.service.TourGuideService       : Track Location for user internalUser4796
2022-10-02 23:12:34.127  INFO 75568 --- [    Test worker] tourGuide.service.TourGuideService       : Track Location for user internalUser2132
2022-10-02 23:12:34.127  INFO 75568 --- [    Test worker] tourGuide.service.TourGuideService       : Track Location for user internalUser3466
2022-10-02 23:12:34.127  INFO 75568 --- [    Test worker] tourGuide.service.TourGuideService       : Track Location for user internalUser4797
2022-10-02 23:12:34.127  INFO 75568 --- [    Test worker] tourGuide.service.TourGuideService       : Track Location for user internalUser2131
2022-10-02 23:12:34.127  INFO 75568 --- [    Test worker] tourGuide.service.TourGuideService       : Track Location for user internalUser3467
2022-10-02 23:12:34.127  INFO 75568 --- [    Test worker] tourGuide.service.TourGuideService       : Track Location for user internalUser4798
2022-10-02 23:12:34.127  INFO 75568 --- [    Test worker] tourGuide.service.TourGuideService       : Track Location for user internalUser2130
2022-10-02 23:12:34.127  INFO 75568 --- [    Test worker] tourGuide.service.TourGuideService       : Track Location for user internalUser3468
2022-10-02 23:12:34.127  INFO 75568 --- [    Test worker] tourGuide.service.TourGuideService       : Track Location for user internalUser4799
2022-10-02 23:12:34.127  INFO 75568 --- [    Test worker] tourGuide.service.TourGuideService       : Track Location for user internalUser3469
2022-10-02 23:12:34.127  INFO 75568 --- [    Test worker] tourGuide.service.TourGuideService       : Track Location for user internalUser985
2022-10-02 23:12:34.127  INFO 75568 --- [    Test worker] tourGuide.service.TourGuideService       : Track Location for user internalUser986
2022-10-02 23:12:34.127  INFO 75568 --- [    Test worker] tourGuide.service.TourGuideService       : Track Location for user internalUser983
2022-10-02 23:12:34.127  INFO 75568 --- [    Test worker] tourGuide.service.TourGuideService       : Track Location for user internalUser2139
2022-10-02 23:12:34.127  INFO 75568 --- [    Test worker] tourGuide.service.TourGuideService       : Track Location for user internalUser4790
2022-10-02 23:12:34.127  INFO 75568 --- [    Test worker] tourGuide.service.TourGuideService       : Track Location for user internalUser984
2022-10-02 23:12:34.127  INFO 75568 --- [    Test worker] tourGuide.service.TourGuideService       : Track Location for user internalUser2138
2022-10-02 23:12:34.127  INFO 75568 --- [    Test worker] tourGuide.service.TourGuideService       : Track Location for user internalUser3460
2022-10-02 23:12:34.127  INFO 75568 --- [pool-7-thread-1] tourGuide.service.TourGuideService       : Track Location for user internalUser6293
2022-10-02 23:12:34.127  INFO 75568 --- [    Test worker] tourGuide.service.TourGuideService       : Track Location for user internalUser4791
2022-10-02 23:12:34.127  INFO 75568 --- [pool-7-thread-1] tourGuide.service.TourGuideService       : Track Location for user internalUser6259
2022-10-02 23:12:34.127  INFO 75568 --- [    Test worker] tourGuide.service.TourGuideService       : Track Location for user internalUser981
2022-10-02 23:12:34.127  INFO 75568 --- [pool-7-thread-1] tourGuide.service.TourGuideService       : Track Location for user internalUser6252
2022-10-02 23:12:34.127  INFO 75568 --- [pool-7-thread-1] tourGuide.service.TourGuideService       : Track Location for user internalUser7583
2022-10-02 23:12:34.127  INFO 75568 --- [pool-7-thread-1] tourGuide.service.TourGuideService       : Track Location for user internalUser6251
2022-10-02 23:12:34.127  INFO 75568 --- [    Test worker] tourGuide.service.TourGuideService       : Track Location for user internalUser2137
2022-10-02 23:12:34.127  INFO 75568 --- [pool-7-thread-1] tourGuide.service.TourGuideService       : Track Location for user internalUser7582
2022-10-02 23:12:34.127  INFO 75568 --- [    Test worker] tourGuide.service.TourGuideService       : Track Location for user internalUser3461
2022-10-02 23:12:34.127  INFO 75568 --- [pool-7-thread-1] tourGuide.service.TourGuideService       : Track Location for user internalUser6254
2022-10-02 23:12:34.127  INFO 75568 --- [    Test worker] tourGuide.service.TourGuideService       : Track Location for user internalUser4792
2022-10-02 23:12:34.127  INFO 75568 --- [pool-7-thread-1] tourGuide.service.TourGuideService       : Track Location for user internalUser7585
2022-10-02 23:12:34.127  INFO 75568 --- [    Test worker] tourGuide.service.TourGuideService       : Track Location for user internalUser982
2022-10-02 23:12:34.127  INFO 75568 --- [pool-7-thread-1] tourGuide.service.TourGuideService       : Track Location for user internalUser6253
2022-10-02 23:12:34.127  INFO 75568 --- [pool-7-thread-1] tourGuide.service.TourGuideService       : Track Location for user internalUser7584
2022-10-02 23:12:34.127  INFO 75568 --- [pool-7-thread-1] tourGuide.service.TourGuideService       : Track Location for user internalUser6256
2022-10-02 23:12:34.127  INFO 75568 --- [pool-7-thread-1] tourGuide.service.TourGuideService       : Track Location for user internalUser7587
2022-10-02 23:12:34.127  INFO 75568 --- [    Test worker] tourGuide.service.TourGuideService       : Track Location for user internalUser2136
2022-10-02 23:12:34.127  INFO 75568 --- [pool-7-thread-1] tourGuide.service.TourGuideService       : Track Location for user internalUser6255
2022-10-02 23:12:34.127  INFO 75568 --- [    Test worker] tourGuide.service.TourGuideService       : Track Location for user internalUser3462
2022-10-02 23:12:34.127  INFO 75568 --- [pool-7-thread-1] tourGuide.service.TourGuideService       : Track Location for user internalUser7586
2022-10-02 23:12:34.127  INFO 75568 --- [    Test worker] tourGuide.service.TourGuideService       : Track Location for user internalUser4793
2022-10-02 23:12:34.127  INFO 75568 --- [    Test worker] tourGuide.service.TourGuideService       : Track Location for user internalUser2135
2022-10-02 23:12:34.127  INFO 75568 --- [    Test worker] tourGuide.service.TourGuideService       : Track Location for user internalUser3463
2022-10-02 23:12:34.127  INFO 75568 --- [    Test worker] tourGuide.service.TourGuideService       : Track Location for user internalUser4794
2022-10-02 23:12:34.127  INFO 75568 --- [pool-7-thread-1] tourGuide.service.TourGuideService       : Track Location for user internalUser6258
2022-10-02 23:12:34.128  INFO 75568 --- [    Test worker] tourGuide.service.TourGuideService       : Track Location for user internalUser980
2022-10-02 23:12:34.128  INFO 75568 --- [pool-7-thread-1] tourGuide.service.TourGuideService       : Track Location for user internalUser7589
2022-10-02 23:12:34.128  INFO 75568 --- [    Test worker] tourGuide.service.TourGuideService       : Track Location for user internalUser2134
2022-10-02 23:12:34.128  INFO 75568 --- [pool-7-thread-1] tourGuide.service.TourGuideService       : Track Location for user internalUser6257
2022-10-02 23:12:34.128  INFO 75568 --- [    Test worker] tourGuide.service.TourGuideService       : Track Location for user internalUser3464
2022-10-02 23:12:34.128  INFO 75568 --- [pool-7-thread-1] tourGuide.service.TourGuideService       : Track Location for user internalUser7588
2022-10-02 23:12:34.128  INFO 75568 --- [    Test worker] tourGuide.service.TourGuideService       : Track Location for user internalUser4795
2022-10-02 23:12:34.128  INFO 75568 --- [pool-7-thread-1] tourGuide.service.TourGuideService       : Track Location for user internalUser7590
2022-10-02 23:12:34.128  INFO 75568 --- [    Test worker] tourGuide.service.TourGuideService       : Track Location for user internalUser989
2022-10-02 23:12:34.128  INFO 75568 --- [pool-7-thread-1] tourGuide.service.TourGuideService       : Track Location for user internalUser6261
2022-10-02 23:12:34.128  INFO 75568 --- [pool-7-thread-1] tourGuide.service.TourGuideService       : Track Location for user internalUser7592
2022-10-02 23:12:34.128  INFO 75568 --- [pool-7-thread-1] tourGuide.service.TourGuideService       : Track Location for user internalUser6260
2022-10-02 23:12:34.128  INFO 75568 --- [pool-7-thread-1] tourGuide.service.TourGuideService       : Track Location for user internalUser7591
2022-10-02 23:12:34.128  INFO 75568 --- [pool-7-thread-1] tourGuide.service.TourGuideService       : Track Location for user internalUser6263
2022-10-02 23:12:34.128  INFO 75568 --- [    Test worker] tourGuide.service.TourGuideService       : Track Location for user internalUser987
2022-10-02 23:12:34.128  INFO 75568 --- [pool-7-thread-1] tourGuide.service.TourGuideService       : Track Location for user internalUser7594
2022-10-02 23:12:34.128  INFO 75568 --- [    Test worker] tourGuide.service.TourGuideService       : Track Location for user internalUser988
2022-10-02 23:12:34.128  INFO 75568 --- [pool-7-thread-1] tourGuide.service.TourGuideService       : Track Location for user internalUser6262
2022-10-02 23:12:34.128  INFO 75568 --- [    Test worker] tourGuide.service.TourGuideService       : Track Location for user internalUser2144
2022-10-02 23:12:34.128  INFO 75568 --- [pool-7-thread-1] tourGuide.service.TourGuideService       : Track Location for user internalUser7593
2022-10-02 23:12:34.128  INFO 75568 --- [pool-7-thread-1] tourGuide.service.TourGuideService       : Track Location for user internalUser6265
2022-10-02 23:12:34.128  INFO 75568 --- [pool-7-thread-1] tourGuide.service.TourGuideService       : Track Location for user internalUser7596
2022-10-02 23:12:34.128  INFO 75568 --- [    Test worker] tourGuide.service.TourGuideService       : Track Location for user internalUser3476
2022-10-02 23:12:34.128  INFO 75568 --- [pool-7-thread-1] tourGuide.service.TourGuideService       : Track Location for user internalUser6264
2022-10-02 23:12:34.128  INFO 75568 --- [    Test worker] tourGuide.service.TourGuideService       : Track Location for user internalUser2143
2022-10-02 23:12:34.128  INFO 75568 --- [pool-7-thread-1] tourGuide.service.TourGuideService       : Track Location for user internalUser7595
2022-10-02 23:12:34.128  INFO 75568 --- [    Test worker] tourGuide.service.TourGuideService       : Track Location for user internalUser3477
2022-10-02 23:12:34.128  INFO 75568 --- [pool-7-thread-1] tourGuide.service.TourGuideService       : Track Location for user internalUser6267
2022-10-02 23:12:34.128  INFO 75568 --- [    Test worker] tourGuide.service.TourGuideService       : Track Location for user internalUser2142
2022-10-02 23:12:34.128  INFO 75568 --- [pool-7-thread-1] tourGuide.service.TourGuideService       : Track Location for user internalUser7598
2022-10-02 23:12:34.128  INFO 75568 --- [    Test worker] tourGuide.service.TourGuideService       : Track Location for user internalUser3478
2022-10-02 23:12:34.128  INFO 75568 --- [    Test worker] tourGuide.service.TourGuideService       : Track Location for user internalUser2141
2022-10-02 23:12:34.128  INFO 75568 --- [pool-7-thread-1] tourGuide.service.TourGuideService       : Track Location for user internalUser6266
2022-10-02 23:12:34.128  INFO 75568 --- [    Test worker] tourGuide.service.TourGuideService       : Track Location for user internalUser3479
2022-10-02 23:12:34.128  INFO 75568 --- [pool-7-thread-1] tourGuide.service.TourGuideService       : Track Location for user internalUser7597
2022-10-02 23:12:34.128  INFO 75568 --- [pool-7-thread-1] tourGuide.service.TourGuideService       : Track Location for user internalUser6269
2022-10-02 23:12:34.128  INFO 75568 --- [pool-7-thread-1] tourGuide.service.TourGuideService       : Track Location for user internalUser6268
2022-10-02 23:12:34.128  INFO 75568 --- [    Test worker] tourGuide.service.TourGuideService       : Track Location for user internalUser2140
2022-10-02 23:12:34.128  INFO 75568 --- [pool-7-thread-1] tourGuide.service.TourGuideService       : Track Location for user internalUser7599
2022-10-02 23:12:34.128  INFO 75568 --- [    Test worker] tourGuide.service.TourGuideService       : Track Location for user internalUser996
2022-10-02 23:12:34.128  INFO 75568 --- [pool-7-thread-1] tourGuide.service.TourGuideService       : Track Location for user internalUser6270
2022-10-02 23:12:34.128  INFO 75568 --- [    Test worker] tourGuide.service.TourGuideService       : Track Location for user internalUser997
2022-10-02 23:12:34.128  INFO 75568 --- [pool-7-thread-1] tourGuide.service.TourGuideService       : Track Location for user internalUser6272
2022-10-02 23:12:34.128  INFO 75568 --- [pool-7-thread-1] tourGuide.service.TourGuideService       : Track Location for user internalUser6271
2022-10-02 23:12:34.128  INFO 75568 --- [pool-7-thread-1] tourGuide.service.TourGuideService       : Track Location for user internalUser8813
2022-10-02 23:12:34.128  INFO 75568 --- [pool-7-thread-1] tourGuide.service.TourGuideService       : Track Location for user internalUser8814
2022-10-02 23:12:34.128  INFO 75568 --- [    Test worker] tourGuide.service.TourGuideService       : Track Location for user internalUser994
2022-10-02 23:12:34.128  INFO 75568 --- [pool-7-thread-1] tourGuide.service.TourGuideService       : Track Location for user internalUser8811
2022-10-02 23:12:34.128  INFO 75568 --- [    Test worker] tourGuide.service.TourGuideService       : Track Location for user internalUser3470
2022-10-02 23:12:34.128  INFO 75568 --- [pool-7-thread-1] tourGuide.service.TourGuideService       : Track Location for user internalUser8812
2022-10-02 23:12:34.128  INFO 75568 --- [    Test worker] tourGuide.service.TourGuideService       : Track Location for user internalUser995
2022-10-02 23:12:34.128  INFO 75568 --- [pool-7-thread-1] tourGuide.service.TourGuideService       : Track Location for user internalUser8817
2022-10-02 23:12:34.128  INFO 75568 --- [pool-7-thread-1] tourGuide.service.TourGuideService       : Track Location for user internalUser8818
2022-10-02 23:12:34.128  INFO 75568 --- [pool-7-thread-1] tourGuide.service.TourGuideService       : Track Location for user internalUser8815
2022-10-02 23:12:34.128  INFO 75568 --- [    Test worker] tourGuide.service.TourGuideService       : Track Location for user internalUser2149
2022-10-02 23:12:34.128  INFO 75568 --- [pool-7-thread-1] tourGuide.service.TourGuideService       : Track Location for user internalUser8816
2022-10-02 23:12:34.128  INFO 75568 --- [pool-7-thread-1] tourGuide.service.TourGuideService       : Track Location for user internalUser8810
2022-10-02 23:12:34.128  INFO 75568 --- [pool-7-thread-1] tourGuide.service.TourGuideService       : Track Location for user internalUser8819
2022-10-02 23:12:34.128  INFO 75568 --- [pool-7-thread-1] tourGuide.service.TourGuideService       : Track Location for user internalUser8824
2022-10-02 23:12:34.128  INFO 75568 --- [pool-7-thread-1] tourGuide.service.TourGuideService       : Track Location for user internalUser8825
2022-10-02 23:12:34.128  INFO 75568 --- [pool-7-thread-1] tourGuide.service.TourGuideService       : Track Location for user internalUser8822
2022-10-02 23:12:34.128  INFO 75568 --- [pool-7-thread-1] tourGuide.service.TourGuideService       : Track Location for user internalUser8823
2022-10-02 23:12:34.128  INFO 75568 --- [    Test worker] tourGuide.service.TourGuideService       : Track Location for user internalUser3471
2022-10-02 23:12:34.128  INFO 75568 --- [pool-7-thread-1] tourGuide.service.TourGuideService       : Track Location for user internalUser8828
2022-10-02 23:12:34.128  INFO 75568 --- [    Test worker] tourGuide.service.TourGuideService       : Track Location for user internalUser992
2022-10-02 23:12:34.128  INFO 75568 --- [pool-7-thread-1] tourGuide.service.TourGuideService       : Track Location for user internalUser8829
2022-10-02 23:12:34.128  INFO 75568 --- [    Test worker] tourGuide.service.TourGuideService       : Track Location for user internalUser2148
2022-10-02 23:12:34.128  INFO 75568 --- [pool-7-thread-1] tourGuide.service.TourGuideService       : Track Location for user internalUser8826
2022-10-02 23:12:34.128  INFO 75568 --- [pool-7-thread-1] tourGuide.service.TourGuideService       : Track Location for user internalUser8827
2022-10-02 23:12:34.128  INFO 75568 --- [pool-7-thread-1] tourGuide.service.TourGuideService       : Track Location for user internalUser8820
2022-10-02 23:12:34.128  INFO 75568 --- [pool-7-thread-1] tourGuide.service.TourGuideService       : Track Location for user internalUser8821
2022-10-02 23:12:34.128  INFO 75568 --- [pool-7-thread-1] tourGuide.service.TourGuideService       : Track Location for user internalUser8802
2022-10-02 23:12:34.128  INFO 75568 --- [    Test worker] tourGuide.service.TourGuideService       : Track Location for user internalUser3472
2022-10-02 23:12:34.128  INFO 75568 --- [pool-7-thread-1] tourGuide.service.TourGuideService       : Track Location for user internalUser8803
2022-10-02 23:12:34.128  INFO 75568 --- [    Test worker] tourGuide.service.TourGuideService       : Track Location for user internalUser993
2022-10-02 23:12:34.128  INFO 75568 --- [pool-7-thread-1] tourGuide.service.TourGuideService       : Track Location for user internalUser8800
2022-10-02 23:12:34.128  INFO 75568 --- [    Test worker] tourGuide.service.TourGuideService       : Track Location for user internalUser2147
2022-10-02 23:12:34.128  INFO 75568 --- [pool-7-thread-1] tourGuide.service.TourGuideService       : Track Location for user internalUser8801
2022-10-02 23:12:34.128  INFO 75568 --- [    Test worker] tourGuide.service.TourGuideService       : Track Location for user internalUser3473
2022-10-02 23:12:34.128  INFO 75568 --- [pool-7-thread-1] tourGuide.service.TourGuideService       : Track Location for user internalUser8806
2022-10-02 23:12:34.128  INFO 75568 --- [    Test worker] tourGuide.service.TourGuideService       : Track Location for user internalUser990
2022-10-02 23:12:34.128  INFO 75568 --- [pool-7-thread-1] tourGuide.service.TourGuideService       : Track Location for user internalUser8807
2022-10-02 23:12:34.128  INFO 75568 --- [pool-7-thread-1] tourGuide.service.TourGuideService       : Track Location for user internalUser8804
2022-10-02 23:12:34.128  INFO 75568 --- [    Test worker] tourGuide.service.TourGuideService       : Track Location for user internalUser2146
2022-10-02 23:12:34.128  INFO 75568 --- [pool-7-thread-1] tourGuide.service.TourGuideService       : Track Location for user internalUser8805
2022-10-02 23:12:34.128  INFO 75568 --- [pool-7-thread-1] tourGuide.service.TourGuideService       : Track Location for user internalUser8808
2022-10-02 23:12:34.128  INFO 75568 --- [pool-7-thread-1] tourGuide.service.TourGuideService       : Track Location for user internalUser8809
2022-10-02 23:12:34.128  INFO 75568 --- [pool-7-thread-1] tourGuide.service.TourGuideService       : Track Location for user internalUser7525
2022-10-02 23:12:34.128  INFO 75568 --- [    Test worker] tourGuide.service.TourGuideService       : Track Location for user internalUser3474
2022-10-02 23:12:34.128  INFO 75568 --- [pool-7-thread-1] tourGuide.service.TourGuideService       : Track Location for user internalUser8857
2022-10-02 23:12:34.128  INFO 75568 --- [    Test worker] tourGuide.service.TourGuideService       : Track Location for user internalUser991
2022-10-02 23:12:34.128  INFO 75568 --- [    Test worker] tourGuide.service.TourGuideService       : Track Location for user internalUser2145
2022-10-02 23:12:34.128  INFO 75568 --- [    Test worker] tourGuide.service.TourGuideService       : Track Location for user internalUser3475
2022-10-02 23:12:34.128  INFO 75568 --- [    Test worker] tourGuide.service.TourGuideService       : Track Location for user internalUser998
2022-10-02 23:12:34.128  INFO 75568 --- [pool-7-thread-1] tourGuide.service.TourGuideService       : Track Location for user internalUser7524
2022-10-02 23:12:34.128  INFO 75568 --- [pool-7-thread-1] tourGuide.service.TourGuideService       : Track Location for user internalUser8858
2022-10-02 23:12:34.128  INFO 75568 --- [pool-7-thread-1] tourGuide.service.TourGuideService       : Track Location for user internalUser7527
2022-10-02 23:12:34.128  INFO 75568 --- [pool-7-thread-1] tourGuide.service.TourGuideService       : Track Location for user internalUser8855
2022-10-02 23:12:34.128  INFO 75568 --- [pool-7-thread-1] tourGuide.service.TourGuideService       : Track Location for user internalUser7526
2022-10-02 23:12:34.128  INFO 75568 --- [pool-7-thread-1] tourGuide.service.TourGuideService       : Track Location for user internalUser8856
2022-10-02 23:12:34.128  INFO 75568 --- [    Test worker] tourGuide.service.TourGuideService       : Track Location for user internalUser999
2022-10-02 23:12:34.128  INFO 75568 --- [pool-7-thread-1] tourGuide.service.TourGuideService       : Track Location for user internalUser7529
2022-10-02 23:12:34.128  INFO 75568 --- [    Test worker] tourGuide.service.TourGuideService       : Track Location for user internalUser2199
2022-10-02 23:12:34.128  INFO 75568 --- [pool-7-thread-1] tourGuide.service.TourGuideService       : Track Location for user internalUser7528
2022-10-02 23:12:34.128  INFO 75568 --- [    Test worker] tourGuide.service.TourGuideService       : Track Location for user internalUser2198
2022-10-02 23:12:34.128  INFO 75568 --- [pool-7-thread-1] tourGuide.service.TourGuideService       : Track Location for user internalUser8859
2022-10-02 23:12:34.128  INFO 75568 --- [pool-7-thread-1] tourGuide.service.TourGuideService       : Track Location for user internalUser8850
2022-10-02 23:12:34.128  INFO 75568 --- [pool-7-thread-1] tourGuide.service.TourGuideService       : Track Location for user internalUser7521
2022-10-02 23:12:34.128  INFO 75568 --- [pool-7-thread-1] tourGuide.service.TourGuideService       : Track Location for user internalUser8853
2022-10-02 23:12:34.128  INFO 75568 --- [pool-7-thread-1] tourGuide.service.TourGuideService       : Track Location for user internalUser7520
2022-10-02 23:12:34.128  INFO 75568 --- [pool-7-thread-1] tourGuide.service.TourGuideService       : Track Location for user internalUser8854
2022-10-02 23:12:34.128  INFO 75568 --- [pool-7-thread-1] tourGuide.service.TourGuideService       : Track Location for user internalUser7523
2022-10-02 23:12:34.128  INFO 75568 --- [pool-7-thread-1] tourGuide.service.TourGuideService       : Track Location for user internalUser8851
2022-10-02 23:12:34.128  INFO 75568 --- [pool-7-thread-1] tourGuide.service.TourGuideService       : Track Location for user internalUser7522
2022-10-02 23:12:34.128  INFO 75568 --- [pool-7-thread-1] tourGuide.service.TourGuideService       : Track Location for user internalUser8852
2022-10-02 23:12:34.128  INFO 75568 --- [    Test worker] tourGuide.service.TourGuideService       : Track Location for user internalUser2197
2022-10-02 23:12:34.128  INFO 75568 --- [pool-7-thread-1] tourGuide.service.TourGuideService       : Track Location for user internalUser6205
2022-10-02 23:12:34.128  INFO 75568 --- [    Test worker] tourGuide.service.TourGuideService       : Track Location for user internalUser2196
2022-10-02 23:12:34.128  INFO 75568 --- [pool-7-thread-1] tourGuide.service.TourGuideService       : Track Location for user internalUser7536
2022-10-02 23:12:34.128  INFO 75568 --- [    Test worker] tourGuide.service.TourGuideService       : Track Location for user internalUser2195
2022-10-02 23:12:34.128  INFO 75568 --- [pool-7-thread-1] tourGuide.service.TourGuideService       : Track Location for user internalUser8868
2022-10-02 23:12:34.128  INFO 75568 --- [pool-7-thread-1] tourGuide.service.TourGuideService       : Track Location for user internalUser6204
2022-10-02 23:12:34.128  INFO 75568 --- [pool-7-thread-1] tourGuide.service.TourGuideService       : Track Location for user internalUser7535
2022-10-02 23:12:34.128  INFO 75568 --- [pool-7-thread-1] tourGuide.service.TourGuideService       : Track Location for user internalUser8869
2022-10-02 23:12:34.128  INFO 75568 --- [    Test worker] tourGuide.service.TourGuideService       : Track Location for user internalUser2194
2022-10-02 23:12:34.128  INFO 75568 --- [pool-7-thread-1] tourGuide.service.TourGuideService       : Track Location for user internalUser6207
2022-10-02 23:12:34.128  INFO 75568 --- [pool-7-thread-1] tourGuide.service.TourGuideService       : Track Location for user internalUser7538
2022-10-02 23:12:34.128  INFO 75568 --- [pool-7-thread-1] tourGuide.service.TourGuideService       : Track Location for user internalUser8866
2022-10-02 23:12:34.128  INFO 75568 --- [    Test worker] tourGuide.service.TourGuideService       : Track Location for user internalUser2193
2022-10-02 23:12:34.128  INFO 75568 --- [pool-7-thread-1] tourGuide.service.TourGuideService       : Track Location for user internalUser6206
2022-10-02 23:12:34.128  INFO 75568 --- [    Test worker] tourGuide.service.TourGuideService       : Track Location for user internalUser2192
2022-10-02 23:12:34.128  INFO 75568 --- [pool-7-thread-1] tourGuide.service.TourGuideService       : Track Location for user internalUser7537
2022-10-02 23:12:34.128  INFO 75568 --- [    Test worker] tourGuide.service.TourGuideService       : Track Location for user internalUser920
2022-10-02 23:12:34.128  INFO 75568 --- [pool-7-thread-1] tourGuide.service.TourGuideService       : Track Location for user internalUser8867
2022-10-02 23:12:34.128  INFO 75568 --- [    Test worker] tourGuide.service.TourGuideService       : Track Location for user internalUser927
2022-10-02 23:12:34.128  INFO 75568 --- [pool-7-thread-1] tourGuide.service.TourGuideService       : Track Location for user internalUser6209
2022-10-02 23:12:34.128  INFO 75568 --- [    Test worker] tourGuide.service.TourGuideService       : Track Location for user internalUser928
2022-10-02 23:12:34.128  INFO 75568 --- [pool-7-thread-1] tourGuide.service.TourGuideService       : Track Location for user internalUser6208
2022-10-02 23:12:34.128  INFO 75568 --- [pool-7-thread-1] tourGuide.service.TourGuideService       : Track Location for user internalUser7539
2022-10-02 23:12:34.128  INFO 75568 --- [pool-7-thread-1] tourGuide.service.TourGuideService       : Track Location for user internalUser8860
2022-10-02 23:12:34.128  INFO 75568 --- [pool-7-thread-1] tourGuide.service.TourGuideService       : Track Location for user internalUser8861
2022-10-02 23:12:34.128  INFO 75568 --- [    Test worker] tourGuide.service.TourGuideService       : Track Location for user internalUser925
2022-10-02 23:12:34.128  INFO 75568 --- [pool-7-thread-1] tourGuide.service.TourGuideService       : Track Location for user internalUser7530
2022-10-02 23:12:34.128  INFO 75568 --- [    Test worker] tourGuide.service.TourGuideService       : Track Location for user internalUser926
2022-10-02 23:12:34.128  INFO 75568 --- [pool-7-thread-1] tourGuide.service.TourGuideService       : Track Location for user internalUser6201
2022-10-02 23:12:34.128  INFO 75568 --- [    Test worker] tourGuide.service.TourGuideService       : Track Location for user internalUser923
2022-10-02 23:12:34.128  INFO 75568 --- [pool-7-thread-1] tourGuide.service.TourGuideService       : Track Location for user internalUser7532
2022-10-02 23:12:34.128  INFO 75568 --- [    Test worker] tourGuide.service.TourGuideService       : Track Location for user internalUser924
2022-10-02 23:12:34.128  INFO 75568 --- [pool-7-thread-1] tourGuide.service.TourGuideService       : Track Location for user internalUser8864
2022-10-02 23:12:34.128  INFO 75568 --- [    Test worker] tourGuide.service.TourGuideService       : Track Location for user internalUser921
2022-10-02 23:12:34.128  INFO 75568 --- [pool-7-thread-1] tourGuide.service.TourGuideService       : Track Location for user internalUser6200
2022-10-02 23:12:34.128  INFO 75568 --- [    Test worker] tourGuide.service.TourGuideService       : Track Location for user internalUser922
2022-10-02 23:12:34.128  INFO 75568 --- [pool-7-thread-1] tourGuide.service.TourGuideService       : Track Location for user internalUser7531
2022-10-02 23:12:34.128  INFO 75568 --- [    Test worker] tourGuide.service.TourGuideService       : Track Location for user internalUser929
2022-10-02 23:12:34.128  INFO 75568 --- [pool-7-thread-1] tourGuide.service.TourGuideService       : Track Location for user internalUser8865
2022-10-02 23:12:34.128  INFO 75568 --- [    Test worker] tourGuide.service.TourGuideService       : Track Location for user internalUser930
2022-10-02 23:12:34.128  INFO 75568 --- [pool-7-thread-1] tourGuide.service.TourGuideService       : Track Location for user internalUser6203
2022-10-02 23:12:34.128  INFO 75568 --- [pool-7-thread-1] tourGuide.service.TourGuideService       : Track Location for user internalUser7534
2022-10-02 23:12:34.128  INFO 75568 --- [pool-7-thread-1] tourGuide.service.TourGuideService       : Track Location for user internalUser8862
2022-10-02 23:12:34.128  INFO 75568 --- [    Test worker] tourGuide.service.TourGuideService       : Track Location for user internalUser931
2022-10-02 23:12:34.128  INFO 75568 --- [pool-7-thread-1] tourGuide.service.TourGuideService       : Track Location for user internalUser6202
2022-10-02 23:12:34.128  INFO 75568 --- [    Test worker] tourGuide.service.TourGuideService       : Track Location for user internalUser938
2022-10-02 23:12:34.128  INFO 75568 --- [pool-7-thread-1] tourGuide.service.TourGuideService       : Track Location for user internalUser7533
2022-10-02 23:12:34.128  INFO 75568 --- [    Test worker] tourGuide.service.TourGuideService       : Track Location for user internalUser939
2022-10-02 23:12:34.128  INFO 75568 --- [pool-7-thread-1] tourGuide.service.TourGuideService       : Track Location for user internalUser8863
2022-10-02 23:12:34.128  INFO 75568 --- [    Test worker] tourGuide.service.TourGuideService       : Track Location for user internalUser936
2022-10-02 23:12:34.128  INFO 75568 --- [pool-7-thread-1] tourGuide.service.TourGuideService       : Track Location for user internalUser7503
2022-10-02 23:12:34.128  INFO 75568 --- [pool-7-thread-1] tourGuide.service.TourGuideService       : Track Location for user internalUser8835
2022-10-02 23:12:34.128  INFO 75568 --- [pool-7-thread-1] tourGuide.service.TourGuideService       : Track Location for user internalUser7502
2022-10-02 23:12:34.128  INFO 75568 --- [pool-7-thread-1] tourGuide.service.TourGuideService       : Track Location for user internalUser8836
2022-10-02 23:12:34.128  INFO 75568 --- [    Test worker] tourGuide.service.TourGuideService       : Track Location for user internalUser937
2022-10-02 23:12:34.128  INFO 75568 --- [pool-7-thread-1] tourGuide.service.TourGuideService       : Track Location for user internalUser7505
2022-10-02 23:12:34.128  INFO 75568 --- [pool-7-thread-1] tourGuide.service.TourGuideService       : Track Location for user internalUser8833
2022-10-02 23:12:34.128  INFO 75568 --- [pool-7-thread-1] tourGuide.service.TourGuideService       : Track Location for user internalUser7504
2022-10-02 23:12:34.128  INFO 75568 --- [pool-7-thread-1] tourGuide.service.TourGuideService       : Track Location for user internalUser8834
2022-10-02 23:12:34.128  INFO 75568 --- [pool-7-thread-1] tourGuide.service.TourGuideService       : Track Location for user internalUser7507
2022-10-02 23:12:34.128  INFO 75568 --- [pool-7-thread-1] tourGuide.service.TourGuideService       : Track Location for user internalUser8839
2022-10-02 23:12:34.128  INFO 75568 --- [    Test worker] tourGuide.service.TourGuideService       : Track Location for user internalUser934
2022-10-02 23:12:34.128  INFO 75568 --- [pool-7-thread-1] tourGuide.service.TourGuideService       : Track Location for user internalUser7506
2022-10-02 23:12:34.128  INFO 75568 --- [    Test worker] tourGuide.service.TourGuideService       : Track Location for user internalUser935
2022-10-02 23:12:34.128  INFO 75568 --- [    Test worker] tourGuide.service.TourGuideService       : Track Location for user internalUser932
2022-10-02 23:12:34.128  INFO 75568 --- [    Test worker] tourGuide.service.TourGuideService       : Track Location for user internalUser933
2022-10-02 23:12:34.128  INFO 75568 --- [pool-7-thread-1] tourGuide.service.TourGuideService       : Track Location for user internalUser7509
2022-10-02 23:12:34.128  INFO 75568 --- [    Test worker] tourGuide.service.TourGuideService       : Track Location for user internalUser2177
2022-10-02 23:12:34.128  INFO 75568 --- [pool-7-thread-1] tourGuide.service.TourGuideService       : Track Location for user internalUser8837
2022-10-02 23:12:34.128  INFO 75568 --- [    Test worker] tourGuide.service.TourGuideService       : Track Location for user internalUser2176
2022-10-02 23:12:34.128  INFO 75568 --- [pool-7-thread-1] tourGuide.service.TourGuideService       : Track Location for user internalUser7508
2022-10-02 23:12:34.128  INFO 75568 --- [    Test worker] tourGuide.service.TourGuideService       : Track Location for user internalUser2175
2022-10-02 23:12:34.128  INFO 75568 --- [pool-7-thread-1] tourGuide.service.TourGuideService       : Track Location for user internalUser8838
2022-10-02 23:12:34.128  INFO 75568 --- [    Test worker] tourGuide.service.TourGuideService       : Track Location for user internalUser2174
2022-10-02 23:12:34.128  INFO 75568 --- [pool-7-thread-1] tourGuide.service.TourGuideService       : Track Location for user internalUser8831
2022-10-02 23:12:34.128  INFO 75568 --- [    Test worker] tourGuide.service.TourGuideService       : Track Location for user internalUser2173
2022-10-02 23:12:34.128  INFO 75568 --- [pool-7-thread-1] tourGuide.service.TourGuideService       : Track Location for user internalUser8832
2022-10-02 23:12:34.128  INFO 75568 --- [    Test worker] tourGuide.service.TourGuideService       : Track Location for user internalUser2172
2022-10-02 23:12:34.128  INFO 75568 --- [pool-7-thread-1] tourGuide.service.TourGuideService       : Track Location for user internalUser7501
2022-10-02 23:12:34.128  INFO 75568 --- [    Test worker] tourGuide.service.TourGuideService       : Track Location for user internalUser2171
2022-10-02 23:12:34.128  INFO 75568 --- [pool-7-thread-1] tourGuide.service.TourGuideService       : Track Location for user internalUser7500
2022-10-02 23:12:34.128  INFO 75568 --- [    Test worker] tourGuide.service.TourGuideService       : Track Location for user internalUser2170
2022-10-02 23:12:34.129  INFO 75568 --- [pool-7-thread-1] tourGuide.service.TourGuideService       : Track Location for user internalUser8830
2022-10-02 23:12:34.129  INFO 75568 --- [pool-7-thread-1] tourGuide.service.TourGuideService       : Track Location for user internalUser7514
2022-10-02 23:12:34.129  INFO 75568 --- [pool-7-thread-1] tourGuide.service.TourGuideService       : Track Location for user internalUser8846
2022-10-02 23:12:34.129  INFO 75568 --- [    Test worker] tourGuide.service.TourGuideService       : Track Location for user internalUser941
2022-10-02 23:12:34.129  INFO 75568 --- [pool-7-thread-1] tourGuide.service.TourGuideService       : Track Location for user internalUser7513
2022-10-02 23:12:34.129  INFO 75568 --- [    Test worker] tourGuide.service.TourGuideService       : Track Location for user internalUser942
2022-10-02 23:12:34.129  INFO 75568 --- [pool-7-thread-1] tourGuide.service.TourGuideService       : Track Location for user internalUser8847
2022-10-02 23:12:34.129  INFO 75568 --- [pool-7-thread-1] tourGuide.service.TourGuideService       : Track Location for user internalUser7516
2022-10-02 23:12:34.129  INFO 75568 --- [pool-7-thread-1] tourGuide.service.TourGuideService       : Track Location for user internalUser8844
2022-10-02 23:12:34.129  INFO 75568 --- [pool-7-thread-1] tourGuide.service.TourGuideService       : Track Location for user internalUser7515
2022-10-02 23:12:34.129  INFO 75568 --- [    Test worker] tourGuide.service.TourGuideService       : Track Location for user internalUser940
2022-10-02 23:12:34.129  INFO 75568 --- [pool-7-thread-1] tourGuide.service.TourGuideService       : Track Location for user internalUser8845
2022-10-02 23:12:34.129  INFO 75568 --- [    Test worker] tourGuide.service.TourGuideService       : Track Location for user internalUser2179
2022-10-02 23:12:34.129  INFO 75568 --- [pool-7-thread-1] tourGuide.service.TourGuideService       : Track Location for user internalUser7518
2022-10-02 23:12:34.129  INFO 75568 --- [    Test worker] tourGuide.service.TourGuideService       : Track Location for user internalUser2178
2022-10-02 23:12:34.129  INFO 75568 --- [pool-7-thread-1] tourGuide.service.TourGuideService       : Track Location for user internalUser7517
2022-10-02 23:12:34.129  INFO 75568 --- [    Test worker] tourGuide.service.TourGuideService       : Track Location for user internalUser949
2022-10-02 23:12:34.129  INFO 75568 --- [pool-7-thread-1] tourGuide.service.TourGuideService       : Track Location for user internalUser8848
2022-10-02 23:12:34.129  INFO 75568 --- [    Test worker] tourGuide.service.TourGuideService       : Track Location for user internalUser947
2022-10-02 23:12:34.129  INFO 75568 --- [pool-7-thread-1] tourGuide.service.TourGuideService       : Track Location for user internalUser7519
2022-10-02 23:12:34.129  INFO 75568 --- [    Test worker] tourGuide.service.TourGuideService       : Track Location for user internalUser948
2022-10-02 23:12:34.129  INFO 75568 --- [pool-7-thread-1] tourGuide.service.TourGuideService       : Track Location for user internalUser8849
2022-10-02 23:12:34.129  INFO 75568 --- [    Test worker] tourGuide.service.TourGuideService       : Track Location for user internalUser945
2022-10-02 23:12:34.129  INFO 75568 --- [pool-7-thread-1] tourGuide.service.TourGuideService       : Track Location for user internalUser7510
2022-10-02 23:12:34.129  INFO 75568 --- [pool-7-thread-1] tourGuide.service.TourGuideService       : Track Location for user internalUser8842
2022-10-02 23:12:34.129  INFO 75568 --- [pool-7-thread-1] tourGuide.service.TourGuideService       : Track Location for user internalUser8843
2022-10-02 23:12:34.129  INFO 75568 --- [pool-7-thread-1] tourGuide.service.TourGuideService       : Track Location for user internalUser7512
2022-10-02 23:12:34.129  INFO 75568 --- [pool-7-thread-1] tourGuide.service.TourGuideService       : Track Location for user internalUser8840
2022-10-02 23:12:34.129  INFO 75568 --- [pool-7-thread-1] tourGuide.service.TourGuideService       : Track Location for user internalUser7511
2022-10-02 23:12:34.129  INFO 75568 --- [pool-7-thread-1] tourGuide.service.TourGuideService       : Track Location for user internalUser8841
2022-10-02 23:12:34.129  INFO 75568 --- [    Test worker] tourGuide.service.TourGuideService       : Track Location for user internalUser946
2022-10-02 23:12:34.129  INFO 75568 --- [pool-7-thread-1] tourGuide.service.TourGuideService       : Track Location for user internalUser1341
2022-10-02 23:12:34.129  INFO 75568 --- [    Test worker] tourGuide.service.TourGuideService       : Track Location for user internalUser943
2022-10-02 23:12:34.129  INFO 75568 --- [pool-7-thread-1] tourGuide.service.TourGuideService       : Track Location for user internalUser2672
2022-10-02 23:12:34.129  INFO 75568 --- [    Test worker] tourGuide.service.TourGuideService       : Track Location for user internalUser944
2022-10-02 23:12:34.129  INFO 75568 --- [pool-7-thread-1] tourGuide.service.TourGuideService       : Track Location for user internalUser1340
2022-10-02 23:12:34.129  INFO 75568 --- [    Test worker] tourGuide.service.TourGuideService       : Track Location for user internalUser2180
2022-10-02 23:12:34.129  INFO 75568 --- [pool-7-thread-1] tourGuide.service.TourGuideService       : Track Location for user internalUser2671
2022-10-02 23:12:34.129  INFO 75568 --- [    Test worker] tourGuide.service.TourGuideService       : Track Location for user internalUser2188
2022-10-02 23:12:34.129  INFO 75568 --- [pool-7-thread-1] tourGuide.service.TourGuideService       : Track Location for user internalUser2670
2022-10-02 23:12:34.129  INFO 75568 --- [    Test worker] tourGuide.service.TourGuideService       : Track Location for user internalUser2187
2022-10-02 23:12:34.129  INFO 75568 --- [pool-7-thread-1] tourGuide.service.TourGuideService       : Track Location for user internalUser1349
2022-10-02 23:12:34.129  INFO 75568 --- [pool-7-thread-1] tourGuide.service.TourGuideService       : Track Location for user internalUser1348
2022-10-02 23:12:34.129  INFO 75568 --- [pool-7-thread-1] tourGuide.service.TourGuideService       : Track Location for user internalUser2679
2022-10-02 23:12:34.129  INFO 75568 --- [pool-7-thread-1] tourGuide.service.TourGuideService       : Track Location for user internalUser1347
2022-10-02 23:12:34.129  INFO 75568 --- [pool-7-thread-1] tourGuide.service.TourGuideService       : Track Location for user internalUser2678
2022-10-02 23:12:34.129  INFO 75568 --- [    Test worker] tourGuide.service.TourGuideService       : Track Location for user internalUser2186
2022-10-02 23:12:34.129  INFO 75568 --- [pool-7-thread-1] tourGuide.service.TourGuideService       : Track Location for user internalUser1346
2022-10-02 23:12:34.129  INFO 75568 --- [    Test worker] tourGuide.service.TourGuideService       : Track Location for user internalUser2185
2022-10-02 23:12:34.129  INFO 75568 --- [pool-7-thread-1] tourGuide.service.TourGuideService       : Track Location for user internalUser2677
2022-10-02 23:12:34.129  INFO 75568 --- [    Test worker] tourGuide.service.TourGuideService       : Track Location for user internalUser2184
2022-10-02 23:12:34.129  INFO 75568 --- [pool-7-thread-1] tourGuide.service.TourGuideService       : Track Location for user internalUser1345
2022-10-02 23:12:34.129  INFO 75568 --- [    Test worker] tourGuide.service.TourGuideService       : Track Location for user internalUser2183
2022-10-02 23:12:34.129  INFO 75568 --- [pool-7-thread-1] tourGuide.service.TourGuideService       : Track Location for user internalUser2676
2022-10-02 23:12:34.129  INFO 75568 --- [    Test worker] tourGuide.service.TourGuideService       : Track Location for user internalUser2182
2022-10-02 23:12:34.129  INFO 75568 --- [pool-7-thread-1] tourGuide.service.TourGuideService       : Track Location for user internalUser1344
2022-10-02 23:12:34.129  INFO 75568 --- [    Test worker] tourGuide.service.TourGuideService       : Track Location for user internalUser2181
2022-10-02 23:12:34.129  INFO 75568 --- [pool-7-thread-1] tourGuide.service.TourGuideService       : Track Location for user internalUser2675
2022-10-02 23:12:34.129  INFO 75568 --- [    Test worker] tourGuide.service.TourGuideService       : Track Location for user internalUser952
2022-10-02 23:12:34.129  INFO 75568 --- [pool-7-thread-1] tourGuide.service.TourGuideService       : Track Location for user internalUser1343
2022-10-02 23:12:34.129  INFO 75568 --- [pool-7-thread-1] tourGuide.service.TourGuideService       : Track Location for user internalUser2674
2022-10-02 23:12:34.129  INFO 75568 --- [pool-7-thread-1] tourGuide.service.TourGuideService       : Track Location for user internalUser1342
2022-10-02 23:12:34.129  INFO 75568 --- [pool-7-thread-1] tourGuide.service.TourGuideService       : Track Location for user internalUser2673
2022-10-02 23:12:34.129  INFO 75568 --- [    Test worker] tourGuide.service.TourGuideService       : Track Location for user internalUser953
2022-10-02 23:12:34.129  INFO 75568 --- [pool-7-thread-1] tourGuide.service.TourGuideService       : Track Location for user internalUser1352
2022-10-02 23:12:34.129  INFO 75568 --- [pool-7-thread-1] tourGuide.service.TourGuideService       : Track Location for user internalUser2683
2022-10-02 23:12:34.129  INFO 75568 --- [pool-7-thread-1] tourGuide.service.TourGuideService       : Track Location for user internalUser1351
2022-10-02 23:12:34.129  INFO 75568 --- [pool-7-thread-1] tourGuide.service.TourGuideService       : Track Location for user internalUser2682
2022-10-02 23:12:34.129  INFO 75568 --- [pool-7-thread-1] tourGuide.service.TourGuideService       : Track Location for user internalUser1350
2022-10-02 23:12:34.129  INFO 75568 --- [pool-7-thread-1] tourGuide.service.TourGuideService       : Track Location for user internalUser2681
2022-10-02 23:12:34.129  INFO 75568 --- [pool-7-thread-1] tourGuide.service.TourGuideService       : Track Location for user internalUser2680
2022-10-02 23:12:34.129  INFO 75568 --- [pool-7-thread-1] tourGuide.service.TourGuideService       : Track Location for user internalUser1359
2022-10-02 23:12:34.129  INFO 75568 --- [pool-7-thread-1] tourGuide.service.TourGuideService       : Track Location for user internalUser1358
2022-10-02 23:12:34.129  INFO 75568 --- [    Test worker] tourGuide.service.TourGuideService       : Track Location for user internalUser950
2022-10-02 23:12:34.129  INFO 75568 --- [pool-7-thread-1] tourGuide.service.TourGuideService       : Track Location for user internalUser2689
2022-10-02 23:12:34.129  INFO 75568 --- [    Test worker] tourGuide.service.TourGuideService       : Track Location for user internalUser951
2022-10-02 23:12:34.129  INFO 75568 --- [pool-7-thread-1] tourGuide.service.TourGuideService       : Track Location for user internalUser1357
2022-10-02 23:12:34.129  INFO 75568 --- [    Test worker] tourGuide.service.TourGuideService       : Track Location for user internalUser2189
2022-10-02 23:12:34.129  INFO 75568 --- [pool-7-thread-1] tourGuide.service.TourGuideService       : Track Location for user internalUser2688
2022-10-02 23:12:34.129  INFO 75568 --- [    Test worker] tourGuide.service.TourGuideService       : Track Location for user internalUser958
2022-10-02 23:12:34.129  INFO 75568 --- [pool-7-thread-1] tourGuide.service.TourGuideService       : Track Location for user internalUser1356
2022-10-02 23:12:34.129  INFO 75568 --- [    Test worker] tourGuide.service.TourGuideService       : Track Location for user internalUser959
2022-10-02 23:12:34.129  INFO 75568 --- [pool-7-thread-1] tourGuide.service.TourGuideService       : Track Location for user internalUser2687
2022-10-02 23:12:34.129  INFO 75568 --- [    Test worker] tourGuide.service.TourGuideService       : Track Location for user internalUser956
2022-10-02 23:12:34.129  INFO 75568 --- [pool-7-thread-1] tourGuide.service.TourGuideService       : Track Location for user internalUser1355
2022-10-02 23:12:34.129  INFO 75568 --- [pool-7-thread-1] tourGuide.service.TourGuideService       : Track Location for user internalUser2686
2022-10-02 23:12:34.129  INFO 75568 --- [pool-7-thread-1] tourGuide.service.TourGuideService       : Track Location for user internalUser1354
2022-10-02 23:12:34.129  INFO 75568 --- [    Test worker] tourGuide.service.TourGuideService       : Track Location for user internalUser957
2022-10-02 23:12:34.129  INFO 75568 --- [pool-7-thread-1] tourGuide.service.TourGuideService       : Track Location for user internalUser2685
2022-10-02 23:12:34.129  INFO 75568 --- [pool-7-thread-1] tourGuide.service.TourGuideService       : Track Location for user internalUser1353
2022-10-02 23:12:34.129  INFO 75568 --- [pool-7-thread-1] tourGuide.service.TourGuideService       : Track Location for user internalUser2684
2022-10-02 23:12:34.129  INFO 75568 --- [pool-7-thread-1] tourGuide.service.TourGuideService       : Track Location for user internalUser2650
2022-10-02 23:12:34.129  INFO 75568 --- [pool-7-thread-1] tourGuide.service.TourGuideService       : Track Location for user internalUser3982
2022-10-02 23:12:34.129  INFO 75568 --- [    Test worker] tourGuide.service.TourGuideService       : Track Location for user internalUser954
2022-10-02 23:12:34.129  INFO 75568 --- [pool-7-thread-1] tourGuide.service.TourGuideService       : Track Location for user internalUser3983
2022-10-02 23:12:34.129  INFO 75568 --- [pool-7-thread-1] tourGuide.service.TourGuideService       : Track Location for user internalUser3984
2022-10-02 23:12:34.129  INFO 75568 --- [pool-7-thread-1] tourGuide.service.TourGuideService       : Track Location for user internalUser3985
2022-10-02 23:12:34.129  INFO 75568 --- [pool-7-thread-1] tourGuide.service.TourGuideService       : Track Location for user internalUser3986
2022-10-02 23:12:34.129  INFO 75568 --- [pool-7-thread-1] tourGuide.service.TourGuideService       : Track Location for user internalUser3987
2022-10-02 23:12:34.129  INFO 75568 --- [    Test worker] tourGuide.service.TourGuideService       : Track Location for user internalUser955
2022-10-02 23:12:34.129  INFO 75568 --- [pool-7-thread-1] tourGuide.service.TourGuideService       : Track Location for user internalUser3988
2022-10-02 23:12:34.129  INFO 75568 --- [    Test worker] tourGuide.service.TourGuideService       : Track Location for user internalUser2191
2022-10-02 23:12:34.129  INFO 75568 --- [pool-7-thread-1] tourGuide.service.TourGuideService       : Track Location for user internalUser3989
2022-10-02 23:12:34.129  INFO 75568 --- [    Test worker] tourGuide.service.TourGuideService       : Track Location for user internalUser2190
2022-10-02 23:12:34.129  INFO 75568 --- [pool-7-thread-1] tourGuide.service.TourGuideService       : Track Location for user internalUser1327
2022-10-02 23:12:34.129  INFO 75568 --- [    Test worker] tourGuide.service.TourGuideService       : Track Location for user internalUser4730
2022-10-02 23:12:34.129  INFO 75568 --- [    Test worker] tourGuide.service.TourGuideService       : Track Location for user internalUser3400
2022-10-02 23:12:34.129  INFO 75568 --- [    Test worker] tourGuide.service.TourGuideService       : Track Location for user internalUser4731
2022-10-02 23:12:34.129  INFO 75568 --- [    Test worker] tourGuide.service.TourGuideService       : Track Location for user internalUser3401
2022-10-02 23:12:34.129  INFO 75568 --- [    Test worker] tourGuide.service.TourGuideService       : Track Location for user internalUser4732
2022-10-02 23:12:34.129  INFO 75568 --- [    Test worker] tourGuide.service.TourGuideService       : Track Location for user internalUser3402
2022-10-02 23:12:34.129  INFO 75568 --- [    Test worker] tourGuide.service.TourGuideService       : Track Location for user internalUser4733
2022-10-02 23:12:34.129  INFO 75568 --- [pool-7-thread-1] tourGuide.service.TourGuideService       : Track Location for user internalUser2658
2022-10-02 23:12:34.129  INFO 75568 --- [    Test worker] tourGuide.service.TourGuideService       : Track Location for user internalUser3403
2022-10-02 23:12:34.129  INFO 75568 --- [pool-7-thread-1] tourGuide.service.TourGuideService       : Track Location for user internalUser1326
2022-10-02 23:12:34.129  INFO 75568 --- [    Test worker] tourGuide.service.TourGuideService       : Track Location for user internalUser4734
2022-10-02 23:12:34.129  INFO 75568 --- [pool-7-thread-1] tourGuide.service.TourGuideService       : Track Location for user internalUser2657
2022-10-02 23:12:34.129  INFO 75568 --- [    Test worker] tourGuide.service.TourGuideService       : Track Location for user internalUser3404
2022-10-02 23:12:34.129  INFO 75568 --- [pool-7-thread-1] tourGuide.service.TourGuideService       : Track Location for user internalUser1325
2022-10-02 23:12:34.129  INFO 75568 --- [    Test worker] tourGuide.service.TourGuideService       : Track Location for user internalUser4735
2022-10-02 23:12:34.129  INFO 75568 --- [pool-7-thread-1] tourGuide.service.TourGuideService       : Track Location for user internalUser2656
2022-10-02 23:12:34.129  INFO 75568 --- [    Test worker] tourGuide.service.TourGuideService       : Track Location for user internalUser3405
2022-10-02 23:12:34.129  INFO 75568 --- [pool-7-thread-1] tourGuide.service.TourGuideService       : Track Location for user internalUser1324
2022-10-02 23:12:34.129  INFO 75568 --- [    Test worker] tourGuide.service.TourGuideService       : Track Location for user internalUser4736
2022-10-02 23:12:34.129  INFO 75568 --- [pool-7-thread-1] tourGuide.service.TourGuideService       : Track Location for user internalUser2655
2022-10-02 23:12:34.129  INFO 75568 --- [    Test worker] tourGuide.service.TourGuideService       : Track Location for user internalUser3406
2022-10-02 23:12:34.129  INFO 75568 --- [pool-7-thread-1] tourGuide.service.TourGuideService       : Track Location for user internalUser1323
2022-10-02 23:12:34.129  INFO 75568 --- [    Test worker] tourGuide.service.TourGuideService       : Track Location for user internalUser4737
2022-10-02 23:12:34.129  INFO 75568 --- [pool-7-thread-1] tourGuide.service.TourGuideService       : Track Location for user internalUser2654
2022-10-02 23:12:34.129  INFO 75568 --- [    Test worker] tourGuide.service.TourGuideService       : Track Location for user internalUser3407
2022-10-02 23:12:34.129  INFO 75568 --- [pool-7-thread-1] tourGuide.service.TourGuideService       : Track Location for user internalUser1322
2022-10-02 23:12:34.129  INFO 75568 --- [    Test worker] tourGuide.service.TourGuideService       : Track Location for user internalUser4738
2022-10-02 23:12:34.129  INFO 75568 --- [pool-7-thread-1] tourGuide.service.TourGuideService       : Track Location for user internalUser2653
2022-10-02 23:12:34.129  INFO 75568 --- [    Test worker] tourGuide.service.TourGuideService       : Track Location for user internalUser3408
2022-10-02 23:12:34.129  INFO 75568 --- [pool-7-thread-1] tourGuide.service.TourGuideService       : Track Location for user internalUser1321
2022-10-02 23:12:34.129  INFO 75568 --- [pool-7-thread-1] tourGuide.service.TourGuideService       : Track Location for user internalUser2652
2022-10-02 23:12:34.129  INFO 75568 --- [pool-7-thread-1] tourGuide.service.TourGuideService       : Track Location for user internalUser3980
2022-10-02 23:12:34.129  INFO 75568 --- [pool-7-thread-1] tourGuide.service.TourGuideService       : Track Location for user internalUser1320
2022-10-02 23:12:34.129  INFO 75568 --- [pool-7-thread-1] tourGuide.service.TourGuideService       : Track Location for user internalUser2651
2022-10-02 23:12:34.129  INFO 75568 --- [    Test worker] tourGuide.service.TourGuideService       : Track Location for user internalUser4739
2022-10-02 23:12:34.129  INFO 75568 --- [pool-7-thread-1] tourGuide.service.TourGuideService       : Track Location for user internalUser3981
2022-10-02 23:12:34.129  INFO 75568 --- [    Test worker] tourGuide.service.TourGuideService       : Track Location for user internalUser3409
2022-10-02 23:12:34.129  INFO 75568 --- [    Test worker] tourGuide.service.TourGuideService       : Track Location for user internalUser3410
2022-10-02 23:12:34.129  INFO 75568 --- [    Test worker] tourGuide.service.TourGuideService       : Track Location for user internalUser4741
2022-10-02 23:12:34.129  INFO 75568 --- [    Test worker] tourGuide.service.TourGuideService       : Track Location for user internalUser3411
2022-10-02 23:12:34.129  INFO 75568 --- [    Test worker] tourGuide.service.TourGuideService       : Track Location for user internalUser4742
2022-10-02 23:12:34.129  INFO 75568 --- [    Test worker] tourGuide.service.TourGuideService       : Track Location for user internalUser3412
2022-10-02 23:12:34.129  INFO 75568 --- [    Test worker] tourGuide.service.TourGuideService       : Track Location for user internalUser4743
2022-10-02 23:12:34.129  INFO 75568 --- [pool-7-thread-1] tourGuide.service.TourGuideService       : Track Location for user internalUser1329
2022-10-02 23:12:34.129  INFO 75568 --- [    Test worker] tourGuide.service.TourGuideService       : Track Location for user internalUser3413
2022-10-02 23:12:34.129  INFO 75568 --- [pool-7-thread-1] tourGuide.service.TourGuideService       : Track Location for user internalUser1328
2022-10-02 23:12:34.129  INFO 75568 --- [    Test worker] tourGuide.service.TourGuideService       : Track Location for user internalUser4744
2022-10-02 23:12:34.129  INFO 75568 --- [pool-7-thread-1] tourGuide.service.TourGuideService       : Track Location for user internalUser2659
2022-10-02 23:12:34.129  INFO 75568 --- [    Test worker] tourGuide.service.TourGuideService       : Track Location for user internalUser3414
2022-10-02 23:12:34.129  INFO 75568 --- [pool-7-thread-1] tourGuide.service.TourGuideService       : Track Location for user internalUser1330
2022-10-02 23:12:34.129  INFO 75568 --- [    Test worker] tourGuide.service.TourGuideService       : Track Location for user internalUser4745
2022-10-02 23:12:34.129  INFO 75568 --- [pool-7-thread-1] tourGuide.service.TourGuideService       : Track Location for user internalUser2661
2022-10-02 23:12:34.129  INFO 75568 --- [    Test worker] tourGuide.service.TourGuideService       : Track Location for user internalUser3415
2022-10-02 23:12:34.129  INFO 75568 --- [pool-7-thread-1] tourGuide.service.TourGuideService       : Track Location for user internalUser3993
2022-10-02 23:12:34.129  INFO 75568 --- [    Test worker] tourGuide.service.TourGuideService       : Track Location for user internalUser4746
2022-10-02 23:12:34.129  INFO 75568 --- [    Test worker] tourGuide.service.TourGuideService       : Track Location for user internalUser3416
2022-10-02 23:12:34.129  INFO 75568 --- [pool-7-thread-1] tourGuide.service.TourGuideService       : Track Location for user internalUser2660
2022-10-02 23:12:34.129  INFO 75568 --- [    Test worker] tourGuide.service.TourGuideService       : Track Location for user internalUser4747
2022-10-02 23:12:34.129  INFO 75568 --- [pool-7-thread-1] tourGuide.service.TourGuideService       : Track Location for user internalUser3994
2022-10-02 23:12:34.129  INFO 75568 --- [pool-7-thread-1] tourGuide.service.TourGuideService       : Track Location for user internalUser3995
2022-10-02 23:12:34.129  INFO 75568 --- [    Test worker] tourGuide.service.TourGuideService       : Track Location for user internalUser3417
2022-10-02 23:12:34.129  INFO 75568 --- [pool-7-thread-1] tourGuide.service.TourGuideService       : Track Location for user internalUser3996
2022-10-02 23:12:34.129  INFO 75568 --- [    Test worker] tourGuide.service.TourGuideService       : Track Location for user internalUser4748
2022-10-02 23:12:34.129  INFO 75568 --- [pool-7-thread-1] tourGuide.service.TourGuideService       : Track Location for user internalUser3997
2022-10-02 23:12:34.129  INFO 75568 --- [    Test worker] tourGuide.service.TourGuideService       : Track Location for user internalUser4740
2022-10-02 23:12:34.129  INFO 75568 --- [pool-7-thread-1] tourGuide.service.TourGuideService       : Track Location for user internalUser3998
2022-10-02 23:12:34.129  INFO 75568 --- [    Test worker] tourGuide.service.TourGuideService       : Track Location for user internalUser3418
2022-10-02 23:12:34.129  INFO 75568 --- [    Test worker] tourGuide.service.TourGuideService       : Track Location for user internalUser4749
2022-10-02 23:12:34.129  INFO 75568 --- [pool-7-thread-1] tourGuide.service.TourGuideService       : Track Location for user internalUser3999
2022-10-02 23:12:34.129  INFO 75568 --- [    Test worker] tourGuide.service.TourGuideService       : Track Location for user internalUser3419
2022-10-02 23:12:34.129  INFO 75568 --- [pool-7-thread-1] tourGuide.service.TourGuideService       : Track Location for user internalUser1338
2022-10-02 23:12:34.129  INFO 75568 --- [pool-7-thread-1] tourGuide.service.TourGuideService       : Track Location for user internalUser2669
2022-10-02 23:12:34.129  INFO 75568 --- [pool-7-thread-1] tourGuide.service.TourGuideService       : Track Location for user internalUser1337
2022-10-02 23:12:34.129  INFO 75568 --- [    Test worker] tourGuide.service.TourGuideService       : Track Location for user internalUser4710
2022-10-02 23:12:34.129  INFO 75568 --- [pool-7-thread-1] tourGuide.service.TourGuideService       : Track Location for user internalUser2668
2022-10-02 23:12:34.129  INFO 75568 --- [pool-7-thread-1] tourGuide.service.TourGuideService       : Track Location for user internalUser1336
2022-10-02 23:12:34.129  INFO 75568 --- [    Test worker] tourGuide.service.TourGuideService       : Track Location for user internalUser4711
2022-10-02 23:12:34.129  INFO 75568 --- [pool-7-thread-1] tourGuide.service.TourGuideService       : Track Location for user internalUser2667
2022-10-02 23:12:34.130  INFO 75568 --- [pool-7-thread-1] tourGuide.service.TourGuideService       : Track Location for user internalUser1335
2022-10-02 23:12:34.130  INFO 75568 --- [pool-7-thread-1] tourGuide.service.TourGuideService       : Track Location for user internalUser2666
2022-10-02 23:12:34.130  INFO 75568 --- [    Test worker] tourGuide.service.TourGuideService       : Track Location for user internalUser4712
2022-10-02 23:12:34.130  INFO 75568 --- [pool-7-thread-1] tourGuide.service.TourGuideService       : Track Location for user internalUser1334
2022-10-02 23:12:34.130  INFO 75568 --- [    Test worker] tourGuide.service.TourGuideService       : Track Location for user internalUser4713
2022-10-02 23:12:34.130  INFO 75568 --- [pool-7-thread-1] tourGuide.service.TourGuideService       : Track Location for user internalUser2665
2022-10-02 23:12:34.130  INFO 75568 --- [    Test worker] tourGuide.service.TourGuideService       : Track Location for user internalUser4714
2022-10-02 23:12:34.130  INFO 75568 --- [pool-7-thread-1] tourGuide.service.TourGuideService       : Track Location for user internalUser1333
2022-10-02 23:12:34.130  INFO 75568 --- [    Test worker] tourGuide.service.TourGuideService       : Track Location for user internalUser4715
2022-10-02 23:12:34.130  INFO 75568 --- [pool-7-thread-1] tourGuide.service.TourGuideService       : Track Location for user internalUser2664
2022-10-02 23:12:34.130  INFO 75568 --- [pool-7-thread-1] tourGuide.service.TourGuideService       : Track Location for user internalUser3990
2022-10-02 23:12:34.130  INFO 75568 --- [    Test worker] tourGuide.service.TourGuideService       : Track Location for user internalUser905
2022-10-02 23:12:34.130  INFO 75568 --- [pool-7-thread-1] tourGuide.service.TourGuideService       : Track Location for user internalUser1332
2022-10-02 23:12:34.130  INFO 75568 --- [    Test worker] tourGuide.service.TourGuideService       : Track Location for user internalUser906
2022-10-02 23:12:34.130  INFO 75568 --- [pool-7-thread-1] tourGuide.service.TourGuideService       : Track Location for user internalUser2663
2022-10-02 23:12:34.130  INFO 75568 --- [pool-7-thread-1] tourGuide.service.TourGuideService       : Track Location for user internalUser3991
2022-10-02 23:12:34.130  INFO 75568 --- [    Test worker] tourGuide.service.TourGuideService       : Track Location for user internalUser903
2022-10-02 23:12:34.130  INFO 75568 --- [pool-7-thread-1] tourGuide.service.TourGuideService       : Track Location for user internalUser1331
2022-10-02 23:12:34.130  INFO 75568 --- [pool-7-thread-1] tourGuide.service.TourGuideService       : Track Location for user internalUser2662
2022-10-02 23:12:34.130  INFO 75568 --- [    Test worker] tourGuide.service.TourGuideService       : Track Location for user internalUser904
2022-10-02 23:12:34.130  INFO 75568 --- [pool-7-thread-1] tourGuide.service.TourGuideService       : Track Location for user internalUser3992
2022-10-02 23:12:34.130  INFO 75568 --- [    Test worker] tourGuide.service.TourGuideService       : Track Location for user internalUser901
2022-10-02 23:12:34.130  INFO 75568 --- [pool-7-thread-1] tourGuide.service.TourGuideService       : Track Location for user internalUser1339
2022-10-02 23:12:34.130  INFO 75568 --- [    Test worker] tourGuide.service.TourGuideService       : Track Location for user internalUser902
2022-10-02 23:12:34.130  INFO 75568 --- [pool-7-thread-1] tourGuide.service.TourGuideService       : Track Location for user internalUser1385
2022-10-02 23:12:34.130  INFO 75568 --- [pool-7-thread-1] tourGuide.service.TourGuideService       : Track Location for user internalUser1384
2022-10-02 23:12:34.130  INFO 75568 --- [    Test worker] tourGuide.service.TourGuideService       : Track Location for user internalUser900
2022-10-02 23:12:34.130  INFO 75568 --- [pool-7-thread-1] tourGuide.service.TourGuideService       : Track Location for user internalUser1383
2022-10-02 23:12:34.130  INFO 75568 --- [    Test worker] tourGuide.service.TourGuideService       : Track Location for user internalUser4716
2022-10-02 23:12:34.130  INFO 75568 --- [pool-7-thread-1] tourGuide.service.TourGuideService       : Track Location for user internalUser1382
2022-10-02 23:12:34.130  INFO 75568 --- [    Test worker] tourGuide.service.TourGuideService       : Track Location for user internalUser4717
2022-10-02 23:12:34.130  INFO 75568 --- [pool-7-thread-1] tourGuide.service.TourGuideService       : Track Location for user internalUser1381
2022-10-02 23:12:34.130  INFO 75568 --- [    Test worker] tourGuide.service.TourGuideService       : Track Location for user internalUser4718
2022-10-02 23:12:34.130  INFO 75568 --- [pool-7-thread-1] tourGuide.service.TourGuideService       : Track Location for user internalUser1380
2022-10-02 23:12:34.130  INFO 75568 --- [    Test worker] tourGuide.service.TourGuideService       : Track Location for user internalUser4719
2022-10-02 23:12:34.130  INFO 75568 --- [pool-7-thread-1] tourGuide.service.TourGuideService       : Track Location for user internalUser1389
2022-10-02 23:12:34.130  INFO 75568 --- [    Test worker] tourGuide.service.TourGuideService       : Track Location for user internalUser909
2022-10-02 23:12:34.130  INFO 75568 --- [    Test worker] tourGuide.service.TourGuideService       : Track Location for user internalUser907
2022-10-02 23:12:34.130  INFO 75568 --- [    Test worker] tourGuide.service.TourGuideService       : Track Location for user internalUser908
2022-10-02 23:12:34.130  INFO 75568 --- [pool-7-thread-1] tourGuide.service.TourGuideService       : Track Location for user internalUser1388
2022-10-02 23:12:34.130  INFO 75568 --- [    Test worker] tourGuide.service.TourGuideService       : Track Location for user internalUser4720
2022-10-02 23:12:34.130  INFO 75568 --- [pool-7-thread-1] tourGuide.service.TourGuideService       : Track Location for user internalUser1387
2022-10-02 23:12:34.130  INFO 75568 --- [    Test worker] tourGuide.service.TourGuideService       : Track Location for user internalUser4721
2022-10-02 23:12:34.130  INFO 75568 --- [pool-7-thread-1] tourGuide.service.TourGuideService       : Track Location for user internalUser1386
2022-10-02 23:12:34.130  INFO 75568 --- [    Test worker] tourGuide.service.TourGuideService       : Track Location for user internalUser4722
2022-10-02 23:12:34.130  INFO 75568 --- [pool-7-thread-1] tourGuide.service.TourGuideService       : Track Location for user internalUser1396
2022-10-02 23:12:34.130  INFO 75568 --- [    Test worker] tourGuide.service.TourGuideService       : Track Location for user internalUser4723
2022-10-02 23:12:34.130  INFO 75568 --- [pool-7-thread-1] tourGuide.service.TourGuideService       : Track Location for user internalUser1395
2022-10-02 23:12:34.130  INFO 75568 --- [    Test worker] tourGuide.service.TourGuideService       : Track Location for user internalUser4724
2022-10-02 23:12:34.130  INFO 75568 --- [pool-7-thread-1] tourGuide.service.TourGuideService       : Track Location for user internalUser1394
2022-10-02 23:12:34.130  INFO 75568 --- [    Test worker] tourGuide.service.TourGuideService       : Track Location for user internalUser4725
2022-10-02 23:12:34.130  INFO 75568 --- [pool-7-thread-1] tourGuide.service.TourGuideService       : Track Location for user internalUser1393
2022-10-02 23:12:34.130  INFO 75568 --- [    Test worker] tourGuide.service.TourGuideService       : Track Location for user internalUser4726
2022-10-02 23:12:34.130  INFO 75568 --- [pool-7-thread-1] tourGuide.service.TourGuideService       : Track Location for user internalUser1392
2022-10-02 23:12:34.130  INFO 75568 --- [    Test worker] tourGuide.service.TourGuideService       : Track Location for user internalUser916
2022-10-02 23:12:34.130  INFO 75568 --- [pool-7-thread-1] tourGuide.service.TourGuideService       : Track Location for user internalUser1391
2022-10-02 23:12:34.130  INFO 75568 --- [    Test worker] tourGuide.service.TourGuideService       : Track Location for user internalUser917
2022-10-02 23:12:34.130  INFO 75568 --- [pool-7-thread-1] tourGuide.service.TourGuideService       : Track Location for user internalUser1390
2022-10-02 23:12:34.130  INFO 75568 --- [    Test worker] tourGuide.service.TourGuideService       : Track Location for user internalUser914
2022-10-02 23:12:34.130  INFO 75568 --- [pool-7-thread-1] tourGuide.service.TourGuideService       : Track Location for user internalUser1399
2022-10-02 23:12:34.130  INFO 75568 --- [    Test worker] tourGuide.service.TourGuideService       : Track Location for user internalUser915
2022-10-02 23:12:34.130  INFO 75568 --- [pool-7-thread-1] tourGuide.service.TourGuideService       : Track Location for user internalUser1398
2022-10-02 23:12:34.130  INFO 75568 --- [    Test worker] tourGuide.service.TourGuideService       : Track Location for user internalUser912
2022-10-02 23:12:34.130  INFO 75568 --- [pool-7-thread-1] tourGuide.service.TourGuideService       : Track Location for user internalUser1397
2022-10-02 23:12:34.130  INFO 75568 --- [    Test worker] tourGuide.service.TourGuideService       : Track Location for user internalUser913
2022-10-02 23:12:34.130  INFO 75568 --- [pool-7-thread-1] tourGuide.service.TourGuideService       : Track Location for user internalUser1363
2022-10-02 23:12:34.130  INFO 75568 --- [pool-7-thread-1] tourGuide.service.TourGuideService       : Track Location for user internalUser2694
2022-10-02 23:12:34.130  INFO 75568 --- [pool-7-thread-1] tourGuide.service.TourGuideService       : Track Location for user internalUser1362
2022-10-02 23:12:34.130  INFO 75568 --- [pool-7-thread-1] tourGuide.service.TourGuideService       : Track Location for user internalUser2693
2022-10-02 23:12:34.130  INFO 75568 --- [pool-7-thread-1] tourGuide.service.TourGuideService       : Track Location for user internalUser1361
2022-10-02 23:12:34.130  INFO 75568 --- [    Test worker] tourGuide.service.TourGuideService       : Track Location for user internalUser910
2022-10-02 23:12:34.130  INFO 75568 --- [pool-7-thread-1] tourGuide.service.TourGuideService       : Track Location for user internalUser2692
2022-10-02 23:12:34.130  INFO 75568 --- [    Test worker] tourGuide.service.TourGuideService       : Track Location for user internalUser911
2022-10-02 23:12:34.130  INFO 75568 --- [pool-7-thread-1] tourGuide.service.TourGuideService       : Track Location for user internalUser1360
2022-10-02 23:12:34.130  INFO 75568 --- [    Test worker] tourGuide.service.TourGuideService       : Track Location for user internalUser4727
2022-10-02 23:12:34.130  INFO 75568 --- [pool-7-thread-1] tourGuide.service.TourGuideService       : Track Location for user internalUser2691
2022-10-02 23:12:34.130  INFO 75568 --- [    Test worker] tourGuide.service.TourGuideService       : Track Location for user internalUser4728
2022-10-02 23:12:34.130  INFO 75568 --- [    Test worker] tourGuide.service.TourGuideService       : Track Location for user internalUser4729
2022-10-02 23:12:34.130  INFO 75568 --- [pool-7-thread-1] tourGuide.service.TourGuideService       : Track Location for user internalUser2690
2022-10-02 23:12:34.130  INFO 75568 --- [    Test worker] tourGuide.service.TourGuideService       : Track Location for user internalUser918
2022-10-02 23:12:34.130  INFO 75568 --- [pool-7-thread-1] tourGuide.service.TourGuideService       : Track Location for user internalUser1369
2022-10-02 23:12:34.130  INFO 75568 --- [    Test worker] tourGuide.service.TourGuideService       : Track Location for user internalUser919
2022-10-02 23:12:34.130  INFO 75568 --- [pool-7-thread-1] tourGuide.service.TourGuideService       : Track Location for user internalUser1368
2022-10-02 23:12:34.130  INFO 75568 --- [pool-7-thread-1] tourGuide.service.TourGuideService       : Track Location for user internalUser2699
2022-10-02 23:12:34.130  INFO 75568 --- [pool-7-thread-1] tourGuide.service.TourGuideService       : Track Location for user internalUser1367
2022-10-02 23:12:34.130  INFO 75568 --- [pool-7-thread-1] tourGuide.service.TourGuideService       : Track Location for user internalUser2698
2022-10-02 23:12:34.130  INFO 75568 --- [    Test worker] tourGuide.service.TourGuideService       : Track Location for user internalUser2111
2022-10-02 23:12:34.130  INFO 75568 --- [pool-7-thread-1] tourGuide.service.TourGuideService       : Track Location for user internalUser1366
2022-10-02 23:12:34.130  INFO 75568 --- [    Test worker] tourGuide.service.TourGuideService       : Track Location for user internalUser3443
2022-10-02 23:12:34.130  INFO 75568 --- [pool-7-thread-1] tourGuide.service.TourGuideService       : Track Location for user internalUser2697
2022-10-02 23:12:34.130  INFO 75568 --- [    Test worker] tourGuide.service.TourGuideService       : Track Location for user internalUser4774
2022-10-02 23:12:34.130  INFO 75568 --- [pool-7-thread-1] tourGuide.service.TourGuideService       : Track Location for user internalUser1365
2022-10-02 23:12:34.130  INFO 75568 --- [    Test worker] tourGuide.service.TourGuideService       : Track Location for user internalUser2110
2022-10-02 23:12:34.130  INFO 75568 --- [pool-7-thread-1] tourGuide.service.TourGuideService       : Track Location for user internalUser2696
2022-10-02 23:12:34.130  INFO 75568 --- [    Test worker] tourGuide.service.TourGuideService       : Track Location for user internalUser3444
2022-10-02 23:12:34.130  INFO 75568 --- [pool-7-thread-1] tourGuide.service.TourGuideService       : Track Location for user internalUser1364
2022-10-02 23:12:34.130  INFO 75568 --- [pool-7-thread-1] tourGuide.service.TourGuideService       : Track Location for user internalUser2695
2022-10-02 23:12:34.130  INFO 75568 --- [pool-7-thread-1] tourGuide.service.TourGuideService       : Track Location for user internalUser1374
2022-10-02 23:12:34.130  INFO 75568 --- [pool-7-thread-1] tourGuide.service.TourGuideService       : Track Location for user internalUser1373
2022-10-02 23:12:34.130  INFO 75568 --- [    Test worker] tourGuide.service.TourGuideService       : Track Location for user internalUser4775
2022-10-02 23:12:34.130  INFO 75568 --- [pool-7-thread-1] tourGuide.service.TourGuideService       : Track Location for user internalUser1372
2022-10-02 23:12:34.130  INFO 75568 --- [    Test worker] tourGuide.service.TourGuideService       : Track Location for user internalUser3445
2022-10-02 23:12:34.130  INFO 75568 --- [pool-7-thread-1] tourGuide.service.TourGuideService       : Track Location for user internalUser1371
2022-10-02 23:12:34.130  INFO 75568 --- [pool-7-thread-1] tourGuide.service.TourGuideService       : Track Location for user internalUser1370
2022-10-02 23:12:34.130  INFO 75568 --- [pool-7-thread-1] tourGuide.service.TourGuideService       : Track Location for user internalUser1379
2022-10-02 23:12:34.130  INFO 75568 --- [pool-7-thread-1] tourGuide.service.TourGuideService       : Track Location for user internalUser1378
2022-10-02 23:12:34.130  INFO 75568 --- [pool-7-thread-1] tourGuide.service.TourGuideService       : Track Location for user internalUser1377
2022-10-02 23:12:34.130  INFO 75568 --- [    Test worker] tourGuide.service.TourGuideService       : Track Location for user internalUser4776
2022-10-02 23:12:34.130  INFO 75568 --- [pool-7-thread-1] tourGuide.service.TourGuideService       : Track Location for user internalUser1376
2022-10-02 23:12:34.130  INFO 75568 --- [    Test worker] tourGuide.service.TourGuideService       : Track Location for user internalUser3446
2022-10-02 23:12:34.130  INFO 75568 --- [pool-7-thread-1] tourGuide.service.TourGuideService       : Track Location for user internalUser1375
2022-10-02 23:12:34.130  INFO 75568 --- [    Test worker] tourGuide.service.TourGuideService       : Track Location for user internalUser4777
2022-10-02 23:12:34.130  INFO 75568 --- [pool-7-thread-1] tourGuide.service.TourGuideService       : Track Location for user internalUser1503
2022-10-02 23:12:34.130  INFO 75568 --- [    Test worker] tourGuide.service.TourGuideService       : Track Location for user internalUser3447
2022-10-02 23:12:34.130  INFO 75568 --- [pool-7-thread-1] tourGuide.service.TourGuideService       : Track Location for user internalUser2834
2022-10-02 23:12:34.130  INFO 75568 --- [pool-7-thread-1] tourGuide.service.TourGuideService       : Track Location for user internalUser1502
2022-10-02 23:12:34.130  INFO 75568 --- [pool-7-thread-1] tourGuide.service.TourGuideService       : Track Location for user internalUser2833
2022-10-02 23:12:34.130  INFO 75568 --- [    Test worker] tourGuide.service.TourGuideService       : Track Location for user internalUser4778
2022-10-02 23:12:34.130  INFO 75568 --- [pool-7-thread-1] tourGuide.service.TourGuideService       : Track Location for user internalUser1501
2022-10-02 23:12:34.130  INFO 75568 --- [pool-7-thread-1] tourGuide.service.TourGuideService       : Track Location for user internalUser2832
2022-10-02 23:12:34.130  INFO 75568 --- [pool-7-thread-1] tourGuide.service.TourGuideService       : Track Location for user internalUser1500
2022-10-02 23:12:34.130  INFO 75568 --- [pool-7-thread-1] tourGuide.service.TourGuideService       : Track Location for user internalUser2831
2022-10-02 23:12:34.130  INFO 75568 --- [    Test worker] tourGuide.service.TourGuideService       : Track Location for user internalUser3448
2022-10-02 23:12:34.130  INFO 75568 --- [pool-7-thread-1] tourGuide.service.TourGuideService       : Track Location for user internalUser2830
2022-10-02 23:12:34.130  INFO 75568 --- [    Test worker] tourGuide.service.TourGuideService       : Track Location for user internalUser4779
2022-10-02 23:12:34.130  INFO 75568 --- [    Test worker] tourGuide.service.TourGuideService       : Track Location for user internalUser3449
2022-10-02 23:12:34.130  INFO 75568 --- [pool-7-thread-1] tourGuide.service.TourGuideService       : Track Location for user internalUser1509
2022-10-02 23:12:34.130  INFO 75568 --- [    Test worker] tourGuide.service.TourGuideService       : Track Location for user internalUser2119
2022-10-02 23:12:34.130  INFO 75568 --- [pool-7-thread-1] tourGuide.service.TourGuideService       : Track Location for user internalUser1508
2022-10-02 23:12:34.130  INFO 75568 --- [pool-7-thread-1] tourGuide.service.TourGuideService       : Track Location for user internalUser2839
2022-10-02 23:12:34.130  INFO 75568 --- [pool-7-thread-1] tourGuide.service.TourGuideService       : Track Location for user internalUser1507
2022-10-02 23:12:34.130  INFO 75568 --- [pool-7-thread-1] tourGuide.service.TourGuideService       : Track Location for user internalUser2838
2022-10-02 23:12:34.130  INFO 75568 --- [    Test worker] tourGuide.service.TourGuideService       : Track Location for user internalUser2118
2022-10-02 23:12:34.130  INFO 75568 --- [    Test worker] tourGuide.service.TourGuideService       : Track Location for user internalUser2117
2022-10-02 23:12:34.130  INFO 75568 --- [pool-7-thread-1] tourGuide.service.TourGuideService       : Track Location for user internalUser1506
2022-10-02 23:12:34.130  INFO 75568 --- [    Test worker] tourGuide.service.TourGuideService       : Track Location for user internalUser2116
2022-10-02 23:12:34.130  INFO 75568 --- [pool-7-thread-1] tourGuide.service.TourGuideService       : Track Location for user internalUser2837
2022-10-02 23:12:34.130  INFO 75568 --- [    Test worker] tourGuide.service.TourGuideService       : Track Location for user internalUser2115
2022-10-02 23:12:34.130  INFO 75568 --- [pool-7-thread-1] tourGuide.service.TourGuideService       : Track Location for user internalUser1505
2022-10-02 23:12:34.130  INFO 75568 --- [    Test worker] tourGuide.service.TourGuideService       : Track Location for user internalUser4770
2022-10-02 23:12:34.130  INFO 75568 --- [pool-7-thread-1] tourGuide.service.TourGuideService       : Track Location for user internalUser2836
2022-10-02 23:12:34.130  INFO 75568 --- [    Test worker] tourGuide.service.TourGuideService       : Track Location for user internalUser2114
2022-10-02 23:12:34.130  INFO 75568 --- [pool-7-thread-1] tourGuide.service.TourGuideService       : Track Location for user internalUser1504
2022-10-02 23:12:34.130  INFO 75568 --- [pool-7-thread-1] tourGuide.service.TourGuideService       : Track Location for user internalUser2835
2022-10-02 23:12:34.130  INFO 75568 --- [pool-7-thread-1] tourGuide.service.TourGuideService       : Track Location for user internalUser1514
2022-10-02 23:12:34.130  INFO 75568 --- [pool-7-thread-1] tourGuide.service.TourGuideService       : Track Location for user internalUser2845
2022-10-02 23:12:34.130  INFO 75568 --- [pool-7-thread-1] tourGuide.service.TourGuideService       : Track Location for user internalUser1513
2022-10-02 23:12:34.130  INFO 75568 --- [    Test worker] tourGuide.service.TourGuideService       : Track Location for user internalUser3440
2022-10-02 23:12:34.130  INFO 75568 --- [pool-7-thread-1] tourGuide.service.TourGuideService       : Track Location for user internalUser2844
2022-10-02 23:12:34.130  INFO 75568 --- [    Test worker] tourGuide.service.TourGuideService       : Track Location for user internalUser4771
2022-10-02 23:12:34.130  INFO 75568 --- [pool-7-thread-1] tourGuide.service.TourGuideService       : Track Location for user internalUser1512
2022-10-02 23:12:34.130  INFO 75568 --- [pool-7-thread-1] tourGuide.service.TourGuideService       : Track Location for user internalUser2843
2022-10-02 23:12:34.130  INFO 75568 --- [pool-7-thread-1] tourGuide.service.TourGuideService       : Track Location for user internalUser1511
2022-10-02 23:12:34.130  INFO 75568 --- [pool-7-thread-1] tourGuide.service.TourGuideService       : Track Location for user internalUser2842
2022-10-02 23:12:34.130  INFO 75568 --- [    Test worker] tourGuide.service.TourGuideService       : Track Location for user internalUser2113
2022-10-02 23:12:34.130  INFO 75568 --- [pool-7-thread-1] tourGuide.service.TourGuideService       : Track Location for user internalUser1510
2022-10-02 23:12:34.130  INFO 75568 --- [    Test worker] tourGuide.service.TourGuideService       : Track Location for user internalUser3441
2022-10-02 23:12:34.130  INFO 75568 --- [pool-7-thread-1] tourGuide.service.TourGuideService       : Track Location for user internalUser2841
2022-10-02 23:12:34.130  INFO 75568 --- [    Test worker] tourGuide.service.TourGuideService       : Track Location for user internalUser4772
2022-10-02 23:12:34.130  INFO 75568 --- [pool-7-thread-1] tourGuide.service.TourGuideService       : Track Location for user internalUser2840
2022-10-02 23:12:34.130  INFO 75568 --- [    Test worker] tourGuide.service.TourGuideService       : Track Location for user internalUser2112
2022-10-02 23:12:34.130  INFO 75568 --- [pool-7-thread-1] tourGuide.service.TourGuideService       : Track Location for user internalUser1519
2022-10-02 23:12:34.130  INFO 75568 --- [    Test worker] tourGuide.service.TourGuideService       : Track Location for user internalUser3442
2022-10-02 23:12:34.130  INFO 75568 --- [pool-7-thread-1] tourGuide.service.TourGuideService       : Track Location for user internalUser1518
2022-10-02 23:12:34.130  INFO 75568 --- [    Test worker] tourGuide.service.TourGuideService       : Track Location for user internalUser4773
2022-10-02 23:12:34.130  INFO 75568 --- [pool-7-thread-1] tourGuide.service.TourGuideService       : Track Location for user internalUser2849
2022-10-02 23:12:34.130  INFO 75568 --- [    Test worker] tourGuide.service.TourGuideService       : Track Location for user internalUser2122
2022-10-02 23:12:34.130  INFO 75568 --- [pool-7-thread-1] tourGuide.service.TourGuideService       : Track Location for user internalUser1517
2022-10-02 23:12:34.130  INFO 75568 --- [    Test worker] tourGuide.service.TourGuideService       : Track Location for user internalUser3454
2022-10-02 23:12:34.130  INFO 75568 --- [    Test worker] tourGuide.service.TourGuideService       : Track Location for user internalUser4785
2022-10-02 23:12:34.130  INFO 75568 --- [    Test worker] tourGuide.service.TourGuideService       : Track Location for user internalUser2121
2022-10-02 23:12:34.130  INFO 75568 --- [    Test worker] tourGuide.service.TourGuideService       : Track Location for user internalUser3455
2022-10-02 23:12:34.130  INFO 75568 --- [    Test worker] tourGuide.service.TourGuideService       : Track Location for user internalUser4786
2022-10-02 23:12:34.130  INFO 75568 --- [pool-7-thread-1] tourGuide.service.TourGuideService       : Track Location for user internalUser2848
2022-10-02 23:12:34.130  INFO 75568 --- [    Test worker] tourGuide.service.TourGuideService       : Track Location for user internalUser2120
2022-10-02 23:12:34.130  INFO 75568 --- [pool-7-thread-1] tourGuide.service.TourGuideService       : Track Location for user internalUser1516
2022-10-02 23:12:34.130  INFO 75568 --- [pool-7-thread-1] tourGuide.service.TourGuideService       : Track Location for user internalUser2847
2022-10-02 23:12:34.130  INFO 75568 --- [    Test worker] tourGuide.service.TourGuideService       : Track Location for user internalUser3456
2022-10-02 23:12:34.130  INFO 75568 --- [pool-7-thread-1] tourGuide.service.TourGuideService       : Track Location for user internalUser1515
2022-10-02 23:12:34.130  INFO 75568 --- [pool-7-thread-1] tourGuide.service.TourGuideService       : Track Location for user internalUser2846
2022-10-02 23:12:34.130  INFO 75568 --- [pool-7-thread-1] tourGuide.service.TourGuideService       : Track Location for user internalUser2812
2022-10-02 23:12:34.130  INFO 75568 --- [    Test worker] tourGuide.service.TourGuideService       : Track Location for user internalUser4787
2022-10-02 23:12:34.130  INFO 75568 --- [pool-7-thread-1] tourGuide.service.TourGuideService       : Track Location for user internalUser5085
2022-10-02 23:12:34.130  INFO 75568 --- [    Test worker] tourGuide.service.TourGuideService       : Track Location for user internalUser3457
2022-10-02 23:12:34.130  INFO 75568 --- [pool-7-thread-1] tourGuide.service.TourGuideService       : Track Location for user internalUser2811
2022-10-02 23:12:34.130  INFO 75568 --- [    Test worker] tourGuide.service.TourGuideService       : Track Location for user internalUser4788
2022-10-02 23:12:34.130  INFO 75568 --- [pool-7-thread-1] tourGuide.service.TourGuideService       : Track Location for user internalUser5086
2022-10-02 23:12:34.130  INFO 75568 --- [    Test worker] tourGuide.service.TourGuideService       : Track Location for user internalUser3458
2022-10-02 23:12:34.130  INFO 75568 --- [pool-7-thread-1] tourGuide.service.TourGuideService       : Track Location for user internalUser2810
2022-10-02 23:12:34.130  INFO 75568 --- [    Test worker] tourGuide.service.TourGuideService       : Track Location for user internalUser4789
2022-10-02 23:12:34.130  INFO 75568 --- [pool-7-thread-1] tourGuide.service.TourGuideService       : Track Location for user internalUser5087
2022-10-02 23:12:34.131  INFO 75568 --- [pool-7-thread-1] tourGuide.service.TourGuideService       : Track Location for user internalUser5088
2022-10-02 23:12:34.131  INFO 75568 --- [    Test worker] tourGuide.service.TourGuideService       : Track Location for user internalUser3459
2022-10-02 23:12:34.131  INFO 75568 --- [pool-7-thread-1] tourGuide.service.TourGuideService       : Track Location for user internalUser5089
2022-10-02 23:12:34.131  INFO 75568 --- [    Test worker] tourGuide.service.TourGuideService       : Track Location for user internalUser2129
2022-10-02 23:12:34.131  INFO 75568 --- [pool-7-thread-1] tourGuide.service.TourGuideService       : Track Location for user internalUser2819
2022-10-02 23:12:34.131  INFO 75568 --- [    Test worker] tourGuide.service.TourGuideService       : Track Location for user internalUser2128
2022-10-02 23:12:34.131  INFO 75568 --- [pool-7-thread-1] tourGuide.service.TourGuideService       : Track Location for user internalUser2818
2022-10-02 23:12:34.131  INFO 75568 --- [pool-7-thread-1] tourGuide.service.TourGuideService       : Track Location for user internalUser5090
2022-10-02 23:12:34.131  INFO 75568 --- [pool-7-thread-1] tourGuide.service.TourGuideService       : Track Location for user internalUser2817
2022-10-02 23:12:34.131  INFO 75568 --- [pool-7-thread-1] tourGuide.service.TourGuideService       : Track Location for user internalUser5091
2022-10-02 23:12:34.131  INFO 75568 --- [    Test worker] tourGuide.service.TourGuideService       : Track Location for user internalUser2127
2022-10-02 23:12:34.131  INFO 75568 --- [pool-7-thread-1] tourGuide.service.TourGuideService       : Track Location for user internalUser2816
2022-10-02 23:12:34.131  INFO 75568 --- [    Test worker] tourGuide.service.TourGuideService       : Track Location for user internalUser4780
2022-10-02 23:12:34.131  INFO 75568 --- [pool-7-thread-1] tourGuide.service.TourGuideService       : Track Location for user internalUser5092
2022-10-02 23:12:34.131  INFO 75568 --- [    Test worker] tourGuide.service.TourGuideService       : Track Location for user internalUser2126
2022-10-02 23:12:34.131  INFO 75568 --- [pool-7-thread-1] tourGuide.service.TourGuideService       : Track Location for user internalUser2815
2022-10-02 23:12:34.131  INFO 75568 --- [    Test worker] tourGuide.service.TourGuideService       : Track Location for user internalUser3450
2022-10-02 23:12:34.131  INFO 75568 --- [    Test worker] tourGuide.service.TourGuideService       : Track Location for user internalUser4781
2022-10-02 23:12:34.131  INFO 75568 --- [pool-7-thread-1] tourGuide.service.TourGuideService       : Track Location for user internalUser5093
2022-10-02 23:12:34.131  INFO 75568 --- [pool-7-thread-1] tourGuide.service.TourGuideService       : Track Location for user internalUser2814
2022-10-02 23:12:34.131  INFO 75568 --- [pool-7-thread-1] tourGuide.service.TourGuideService       : Track Location for user internalUser5094
2022-10-02 23:12:34.131  INFO 75568 --- [    Test worker] tourGuide.service.TourGuideService       : Track Location for user internalUser2125
2022-10-02 23:12:34.131  INFO 75568 --- [pool-7-thread-1] tourGuide.service.TourGuideService       : Track Location for user internalUser2813
2022-10-02 23:12:34.131  INFO 75568 --- [    Test worker] tourGuide.service.TourGuideService       : Track Location for user internalUser3451
2022-10-02 23:12:34.131  INFO 75568 --- [pool-7-thread-1] tourGuide.service.TourGuideService       : Track Location for user internalUser5095
2022-10-02 23:12:34.131  INFO 75568 --- [    Test worker] tourGuide.service.TourGuideService       : Track Location for user internalUser4782
2022-10-02 23:12:34.131  INFO 75568 --- [pool-7-thread-1] tourGuide.service.TourGuideService       : Track Location for user internalUser2823
2022-10-02 23:12:34.131  INFO 75568 --- [pool-7-thread-1] tourGuide.service.TourGuideService       : Track Location for user internalUser5096
2022-10-02 23:12:34.131  INFO 75568 --- [pool-7-thread-1] tourGuide.service.TourGuideService       : Track Location for user internalUser2822
2022-10-02 23:12:34.131  INFO 75568 --- [pool-7-thread-1] tourGuide.service.TourGuideService       : Track Location for user internalUser5097
2022-10-02 23:12:34.131  INFO 75568 --- [pool-7-thread-1] tourGuide.service.TourGuideService       : Track Location for user internalUser2821
2022-10-02 23:12:34.131  INFO 75568 --- [    Test worker] tourGuide.service.TourGuideService       : Track Location for user internalUser2124
2022-10-02 23:12:34.131  INFO 75568 --- [pool-7-thread-1] tourGuide.service.TourGuideService       : Track Location for user internalUser5098
2022-10-02 23:12:34.131  INFO 75568 --- [    Test worker] tourGuide.service.TourGuideService       : Track Location for user internalUser3452
2022-10-02 23:12:34.131  INFO 75568 --- [pool-7-thread-1] tourGuide.service.TourGuideService       : Track Location for user internalUser2820
2022-10-02 23:12:34.131  INFO 75568 --- [    Test worker] tourGuide.service.TourGuideService       : Track Location for user internalUser4783
2022-10-02 23:12:34.131  INFO 75568 --- [pool-7-thread-1] tourGuide.service.TourGuideService       : Track Location for user internalUser5099
2022-10-02 23:12:34.131  INFO 75568 --- [    Test worker] tourGuide.service.TourGuideService       : Track Location for user internalUser2123
2022-10-02 23:12:34.131  INFO 75568 --- [pool-7-thread-1] tourGuide.service.TourGuideService       : Track Location for user internalUser2829
2022-10-02 23:12:34.131  INFO 75568 --- [    Test worker] tourGuide.service.TourGuideService       : Track Location for user internalUser3453
2022-10-02 23:12:34.131  INFO 75568 --- [pool-7-thread-1] tourGuide.service.TourGuideService       : Track Location for user internalUser2828
2022-10-02 23:12:34.131  INFO 75568 --- [    Test worker] tourGuide.service.TourGuideService       : Track Location for user internalUser4784
2022-10-02 23:12:34.131  INFO 75568 --- [pool-7-thread-1] tourGuide.service.TourGuideService       : Track Location for user internalUser2827
2022-10-02 23:12:34.131  INFO 75568 --- [    Test worker] tourGuide.service.TourGuideService       : Track Location for user internalUser3421
2022-10-02 23:12:34.131  INFO 75568 --- [pool-7-thread-1] tourGuide.service.TourGuideService       : Track Location for user internalUser2826
2022-10-02 23:12:34.131  INFO 75568 --- [    Test worker] tourGuide.service.TourGuideService       : Track Location for user internalUser4752
2022-10-02 23:12:34.131  INFO 75568 --- [pool-7-thread-1] tourGuide.service.TourGuideService       : Track Location for user internalUser2825
2022-10-02 23:12:34.131  INFO 75568 --- [    Test worker] tourGuide.service.TourGuideService       : Track Location for user internalUser3422
2022-10-02 23:12:34.131  INFO 75568 --- [pool-7-thread-1] tourGuide.service.TourGuideService       : Track Location for user internalUser2824
2022-10-02 23:12:34.131  INFO 75568 --- [    Test worker] tourGuide.service.TourGuideService       : Track Location for user internalUser4753
2022-10-02 23:12:34.131  INFO 75568 --- [pool-7-thread-1] tourGuide.service.TourGuideService       : Track Location for user internalUser2870
2022-10-02 23:12:34.131  INFO 75568 --- [    Test worker] tourGuide.service.TourGuideService       : Track Location for user internalUser3423
2022-10-02 23:12:34.131  INFO 75568 --- [pool-7-thread-1] tourGuide.service.TourGuideService       : Track Location for user internalUser1547
2022-10-02 23:12:34.131  INFO 75568 --- [    Test worker] tourGuide.service.TourGuideService       : Track Location for user internalUser4754
2022-10-02 23:12:34.131  INFO 75568 --- [pool-7-thread-1] tourGuide.service.TourGuideService       : Track Location for user internalUser2878
2022-10-02 23:12:34.131  INFO 75568 --- [    Test worker] tourGuide.service.TourGuideService       : Track Location for user internalUser3424
2022-10-02 23:12:34.131  INFO 75568 --- [pool-7-thread-1] tourGuide.service.TourGuideService       : Track Location for user internalUser1546
2022-10-02 23:12:34.131  INFO 75568 --- [    Test worker] tourGuide.service.TourGuideService       : Track Location for user internalUser4755
2022-10-02 23:12:34.131  INFO 75568 --- [pool-7-thread-1] tourGuide.service.TourGuideService       : Track Location for user internalUser2877
2022-10-02 23:12:34.131  INFO 75568 --- [    Test worker] tourGuide.service.TourGuideService       : Track Location for user internalUser3425
2022-10-02 23:12:34.131  INFO 75568 --- [pool-7-thread-1] tourGuide.service.TourGuideService       : Track Location for user internalUser1545
2022-10-02 23:12:34.131  INFO 75568 --- [    Test worker] tourGuide.service.TourGuideService       : Track Location for user internalUser4756
2022-10-02 23:12:34.131  INFO 75568 --- [pool-7-thread-1] tourGuide.service.TourGuideService       : Track Location for user internalUser2876
2022-10-02 23:12:34.131  INFO 75568 --- [    Test worker] tourGuide.service.TourGuideService       : Track Location for user internalUser3426
2022-10-02 23:12:34.131  INFO 75568 --- [pool-7-thread-1] tourGuide.service.TourGuideService       : Track Location for user internalUser1544
2022-10-02 23:12:34.131  INFO 75568 --- [    Test worker] tourGuide.service.TourGuideService       : Track Location for user internalUser4757
2022-10-02 23:12:34.131  INFO 75568 --- [pool-7-thread-1] tourGuide.service.TourGuideService       : Track Location for user internalUser2875
2022-10-02 23:12:34.131  INFO 75568 --- [    Test worker] tourGuide.service.TourGuideService       : Track Location for user internalUser3427
2022-10-02 23:12:34.131  INFO 75568 --- [pool-7-thread-1] tourGuide.service.TourGuideService       : Track Location for user internalUser1543
2022-10-02 23:12:34.131  INFO 75568 --- [    Test worker] tourGuide.service.TourGuideService       : Track Location for user internalUser4758
2022-10-02 23:12:34.131  INFO 75568 --- [pool-7-thread-1] tourGuide.service.TourGuideService       : Track Location for user internalUser2874
2022-10-02 23:12:34.131  INFO 75568 --- [pool-7-thread-1] tourGuide.service.TourGuideService       : Track Location for user internalUser1542
2022-10-02 23:12:34.131  INFO 75568 --- [    Test worker] tourGuide.service.TourGuideService       : Track Location for user internalUser3428
2022-10-02 23:12:34.131  INFO 75568 --- [pool-7-thread-1] tourGuide.service.TourGuideService       : Track Location for user internalUser2873
2022-10-02 23:12:34.131  INFO 75568 --- [    Test worker] tourGuide.service.TourGuideService       : Track Location for user internalUser4759
2022-10-02 23:12:34.131  INFO 75568 --- [pool-7-thread-1] tourGuide.service.TourGuideService       : Track Location for user internalUser1541
2022-10-02 23:12:34.131  INFO 75568 --- [    Test worker] tourGuide.service.TourGuideService       : Track Location for user internalUser4750
2022-10-02 23:12:34.131  INFO 75568 --- [    Test worker] tourGuide.service.TourGuideService       : Track Location for user internalUser3420
2022-10-02 23:12:34.131  INFO 75568 --- [    Test worker] tourGuide.service.TourGuideService       : Track Location for user internalUser4751
2022-10-02 23:12:34.131  INFO 75568 --- [    Test worker] tourGuide.service.TourGuideService       : Track Location for user internalUser3429
2022-10-02 23:12:34.131  INFO 75568 --- [pool-7-thread-1] tourGuide.service.TourGuideService       : Track Location for user internalUser2872
2022-10-02 23:12:34.131  INFO 75568 --- [    Test worker] tourGuide.service.TourGuideService       : Track Location for user internalUser2100
2022-10-02 23:12:34.131  INFO 75568 --- [pool-7-thread-1] tourGuide.service.TourGuideService       : Track Location for user internalUser1540
2022-10-02 23:12:34.131  INFO 75568 --- [    Test worker] tourGuide.service.TourGuideService       : Track Location for user internalUser3432
2022-10-02 23:12:34.131  INFO 75568 --- [pool-7-thread-1] tourGuide.service.TourGuideService       : Track Location for user internalUser2871
2022-10-02 23:12:34.131  INFO 75568 --- [    Test worker] tourGuide.service.TourGuideService       : Track Location for user internalUser4763
2022-10-02 23:12:34.131  INFO 75568 --- [pool-7-thread-1] tourGuide.service.TourGuideService       : Track Location for user internalUser1549
2022-10-02 23:12:34.131  INFO 75568 --- [    Test worker] tourGuide.service.TourGuideService       : Track Location for user internalUser3433
2022-10-02 23:12:34.131  INFO 75568 --- [pool-7-thread-1] tourGuide.service.TourGuideService       : Track Location for user internalUser1548
2022-10-02 23:12:34.131  INFO 75568 --- [    Test worker] tourGuide.service.TourGuideService       : Track Location for user internalUser4764
2022-10-02 23:12:34.131  INFO 75568 --- [pool-7-thread-1] tourGuide.service.TourGuideService       : Track Location for user internalUser2879
2022-10-02 23:12:34.131  INFO 75568 --- [    Test worker] tourGuide.service.TourGuideService       : Track Location for user internalUser3434
2022-10-02 23:12:34.131  INFO 75568 --- [pool-7-thread-1] tourGuide.service.TourGuideService       : Track Location for user internalUser1550
2022-10-02 23:12:34.131  INFO 75568 --- [    Test worker] tourGuide.service.TourGuideService       : Track Location for user internalUser4765
2022-10-02 23:12:34.131  INFO 75568 --- [pool-7-thread-1] tourGuide.service.TourGuideService       : Track Location for user internalUser2881
2022-10-02 23:12:34.131  INFO 75568 --- [    Test worker] tourGuide.service.TourGuideService       : Track Location for user internalUser3435
2022-10-02 23:12:34.131  INFO 75568 --- [pool-7-thread-1] tourGuide.service.TourGuideService       : Track Location for user internalUser2880
2022-10-02 23:12:34.131  INFO 75568 --- [    Test worker] tourGuide.service.TourGuideService       : Track Location for user internalUser4766
2022-10-02 23:12:34.131  INFO 75568 --- [pool-7-thread-1] tourGuide.service.TourGuideService       : Track Location for user internalUser1558
2022-10-02 23:12:34.131  INFO 75568 --- [    Test worker] tourGuide.service.TourGuideService       : Track Location for user internalUser3436
2022-10-02 23:12:34.131  INFO 75568 --- [pool-7-thread-1] tourGuide.service.TourGuideService       : Track Location for user internalUser2889
2022-10-02 23:12:34.131  INFO 75568 --- [    Test worker] tourGuide.service.TourGuideService       : Track Location for user internalUser4767
2022-10-02 23:12:34.131  INFO 75568 --- [pool-7-thread-1] tourGuide.service.TourGuideService       : Track Location for user internalUser1557
2022-10-02 23:12:34.131  INFO 75568 --- [    Test worker] tourGuide.service.TourGuideService       : Track Location for user internalUser3437
2022-10-02 23:12:34.131  INFO 75568 --- [pool-7-thread-1] tourGuide.service.TourGuideService       : Track Location for user internalUser2888
2022-10-02 23:12:34.131  INFO 75568 --- [    Test worker] tourGuide.service.TourGuideService       : Track Location for user internalUser4768
2022-10-02 23:12:34.131  INFO 75568 --- [pool-7-thread-1] tourGuide.service.TourGuideService       : Track Location for user internalUser1556
2022-10-02 23:12:34.131  INFO 75568 --- [    Test worker] tourGuide.service.TourGuideService       : Track Location for user internalUser3438
2022-10-02 23:12:34.131  INFO 75568 --- [pool-7-thread-1] tourGuide.service.TourGuideService       : Track Location for user internalUser2887
2022-10-02 23:12:34.131  INFO 75568 --- [    Test worker] tourGuide.service.TourGuideService       : Track Location for user internalUser4769
2022-10-02 23:12:34.131  INFO 75568 --- [pool-7-thread-1] tourGuide.service.TourGuideService       : Track Location for user internalUser1555
2022-10-02 23:12:34.131  INFO 75568 --- [    Test worker] tourGuide.service.TourGuideService       : Track Location for user internalUser3439
2022-10-02 23:12:34.131  INFO 75568 --- [pool-7-thread-1] tourGuide.service.TourGuideService       : Track Location for user internalUser2886
2022-10-02 23:12:34.131  INFO 75568 --- [    Test worker] tourGuide.service.TourGuideService       : Track Location for user internalUser2108
2022-10-02 23:12:34.131  INFO 75568 --- [pool-7-thread-1] tourGuide.service.TourGuideService       : Track Location for user internalUser1554
2022-10-02 23:12:34.131  INFO 75568 --- [    Test worker] tourGuide.service.TourGuideService       : Track Location for user internalUser2107
2022-10-02 23:12:34.131  INFO 75568 --- [pool-7-thread-1] tourGuide.service.TourGuideService       : Track Location for user internalUser2885
2022-10-02 23:12:34.131  INFO 75568 --- [    Test worker] tourGuide.service.TourGuideService       : Track Location for user internalUser2106
2022-10-02 23:12:34.131  INFO 75568 --- [pool-7-thread-1] tourGuide.service.TourGuideService       : Track Location for user internalUser1553
2022-10-02 23:12:34.131  INFO 75568 --- [    Test worker] tourGuide.service.TourGuideService       : Track Location for user internalUser2105
2022-10-02 23:12:34.131  INFO 75568 --- [pool-7-thread-1] tourGuide.service.TourGuideService       : Track Location for user internalUser2884
2022-10-02 23:12:34.131  INFO 75568 --- [    Test worker] tourGuide.service.TourGuideService       : Track Location for user internalUser2104
2022-10-02 23:12:34.131  INFO 75568 --- [pool-7-thread-1] tourGuide.service.TourGuideService       : Track Location for user internalUser1552
2022-10-02 23:12:34.131  INFO 75568 --- [    Test worker] tourGuide.service.TourGuideService       : Track Location for user internalUser2103
2022-10-02 23:12:34.131  INFO 75568 --- [pool-7-thread-1] tourGuide.service.TourGuideService       : Track Location for user internalUser2883
2022-10-02 23:12:34.131  INFO 75568 --- [pool-7-thread-1] tourGuide.service.TourGuideService       : Track Location for user internalUser1551
2022-10-02 23:12:34.131  INFO 75568 --- [    Test worker] tourGuide.service.TourGuideService       : Track Location for user internalUser4760
2022-10-02 23:12:34.131  INFO 75568 --- [pool-7-thread-1] tourGuide.service.TourGuideService       : Track Location for user internalUser2882
2022-10-02 23:12:34.131  INFO 75568 --- [    Test worker] tourGuide.service.TourGuideService       : Track Location for user internalUser2102
2022-10-02 23:12:34.131  INFO 75568 --- [pool-7-thread-1] tourGuide.service.TourGuideService       : Track Location for user internalUser1559
2022-10-02 23:12:34.131  INFO 75568 --- [    Test worker] tourGuide.service.TourGuideService       : Track Location for user internalUser3430
2022-10-02 23:12:34.131  INFO 75568 --- [pool-7-thread-1] tourGuide.service.TourGuideService       : Track Location for user internalUser1525
2022-10-02 23:12:34.131  INFO 75568 --- [    Test worker] tourGuide.service.TourGuideService       : Track Location for user internalUser4761
2022-10-02 23:12:34.131  INFO 75568 --- [pool-7-thread-1] tourGuide.service.TourGuideService       : Track Location for user internalUser2856
2022-10-02 23:12:34.131  INFO 75568 --- [    Test worker] tourGuide.service.TourGuideService       : Track Location for user internalUser2101
2022-10-02 23:12:34.131  INFO 75568 --- [pool-7-thread-1] tourGuide.service.TourGuideService       : Track Location for user internalUser1524
2022-10-02 23:12:34.131  INFO 75568 --- [    Test worker] tourGuide.service.TourGuideService       : Track Location for user internalUser3431
2022-10-02 23:12:34.131  INFO 75568 --- [pool-7-thread-1] tourGuide.service.TourGuideService       : Track Location for user internalUser2855
2022-10-02 23:12:34.131  INFO 75568 --- [    Test worker] tourGuide.service.TourGuideService       : Track Location for user internalUser4762
2022-10-02 23:12:34.131  INFO 75568 --- [pool-7-thread-1] tourGuide.service.TourGuideService       : Track Location for user internalUser1523
2022-10-02 23:12:34.131  INFO 75568 --- [    Test worker] tourGuide.service.TourGuideService       : Track Location for user internalUser2109
2022-10-02 23:12:34.131  INFO 75568 --- [pool-7-thread-1] tourGuide.service.TourGuideService       : Track Location for user internalUser2854
2022-10-02 23:12:34.131  INFO 75568 --- [    Test worker] tourGuide.service.TourGuideService       : Track Location for user internalUser2713
2022-10-02 23:12:34.131  INFO 75568 --- [pool-7-thread-1] tourGuide.service.TourGuideService       : Track Location for user internalUser1522
2022-10-02 23:12:34.131  INFO 75568 --- [    Test worker] tourGuide.service.TourGuideService       : Track Location for user internalUser2712
2022-10-02 23:12:34.131  INFO 75568 --- [pool-7-thread-1] tourGuide.service.TourGuideService       : Track Location for user internalUser2853
2022-10-02 23:12:34.131  INFO 75568 --- [    Test worker] tourGuide.service.TourGuideService       : Track Location for user internalUser2711
2022-10-02 23:12:34.131  INFO 75568 --- [pool-7-thread-1] tourGuide.service.TourGuideService       : Track Location for user internalUser1521
2022-10-02 23:12:34.131  INFO 75568 --- [    Test worker] tourGuide.service.TourGuideService       : Track Location for user internalUser2710
2022-10-02 23:12:34.131  INFO 75568 --- [pool-7-thread-1] tourGuide.service.TourGuideService       : Track Location for user internalUser2852
2022-10-02 23:12:34.131  INFO 75568 --- [    Test worker] tourGuide.service.TourGuideService       : Track Location for user internalUser2719
2022-10-02 23:12:34.131  INFO 75568 --- [pool-7-thread-1] tourGuide.service.TourGuideService       : Track Location for user internalUser1520
2022-10-02 23:12:34.131  INFO 75568 --- [    Test worker] tourGuide.service.TourGuideService       : Track Location for user internalUser2718
2022-10-02 23:12:34.131  INFO 75568 --- [pool-7-thread-1] tourGuide.service.TourGuideService       : Track Location for user internalUser2851
2022-10-02 23:12:34.131  INFO 75568 --- [    Test worker] tourGuide.service.TourGuideService       : Track Location for user internalUser2717
2022-10-02 23:12:34.131  INFO 75568 --- [pool-7-thread-1] tourGuide.service.TourGuideService       : Track Location for user internalUser2850
2022-10-02 23:12:34.131  INFO 75568 --- [    Test worker] tourGuide.service.TourGuideService       : Track Location for user internalUser2716
2022-10-02 23:12:34.131  INFO 75568 --- [pool-7-thread-1] tourGuide.service.TourGuideService       : Track Location for user internalUser1529
2022-10-02 23:12:34.131  INFO 75568 --- [    Test worker] tourGuide.service.TourGuideService       : Track Location for user internalUser2715
2022-10-02 23:12:34.131  INFO 75568 --- [pool-7-thread-1] tourGuide.service.TourGuideService       : Track Location for user internalUser1528
2022-10-02 23:12:34.131  INFO 75568 --- [    Test worker] tourGuide.service.TourGuideService       : Track Location for user internalUser2714
2022-10-02 23:12:34.131  INFO 75568 --- [pool-7-thread-1] tourGuide.service.TourGuideService       : Track Location for user internalUser2859
2022-10-02 23:12:34.131  INFO 75568 --- [    Test worker] tourGuide.service.TourGuideService       : Track Location for user internalUser2724
2022-10-02 23:12:34.131  INFO 75568 --- [pool-7-thread-1] tourGuide.service.TourGuideService       : Track Location for user internalUser1527
2022-10-02 23:12:34.131  INFO 75568 --- [    Test worker] tourGuide.service.TourGuideService       : Track Location for user internalUser2723
2022-10-02 23:12:34.131  INFO 75568 --- [pool-7-thread-1] tourGuide.service.TourGuideService       : Track Location for user internalUser2858
2022-10-02 23:12:34.131  INFO 75568 --- [    Test worker] tourGuide.service.TourGuideService       : Track Location for user internalUser2722
2022-10-02 23:12:34.131  INFO 75568 --- [pool-7-thread-1] tourGuide.service.TourGuideService       : Track Location for user internalUser1526
2022-10-02 23:12:34.131  INFO 75568 --- [    Test worker] tourGuide.service.TourGuideService       : Track Location for user internalUser2721
2022-10-02 23:12:34.131  INFO 75568 --- [pool-7-thread-1] tourGuide.service.TourGuideService       : Track Location for user internalUser2857
2022-10-02 23:12:34.131  INFO 75568 --- [    Test worker] tourGuide.service.TourGuideService       : Track Location for user internalUser2720
2022-10-02 23:12:34.131  INFO 75568 --- [pool-7-thread-1] tourGuide.service.TourGuideService       : Track Location for user internalUser1536
2022-10-02 23:12:34.131  INFO 75568 --- [    Test worker] tourGuide.service.TourGuideService       : Track Location for user internalUser2729
2022-10-02 23:12:34.131  INFO 75568 --- [pool-7-thread-1] tourGuide.service.TourGuideService       : Track Location for user internalUser2867
2022-10-02 23:12:34.131  INFO 75568 --- [    Test worker] tourGuide.service.TourGuideService       : Track Location for user internalUser2728
2022-10-02 23:12:34.131  INFO 75568 --- [pool-7-thread-1] tourGuide.service.TourGuideService       : Track Location for user internalUser1535
2022-10-02 23:12:34.131  INFO 75568 --- [    Test worker] tourGuide.service.TourGuideService       : Track Location for user internalUser2727
2022-10-02 23:12:34.131  INFO 75568 --- [pool-7-thread-1] tourGuide.service.TourGuideService       : Track Location for user internalUser2866
2022-10-02 23:12:34.131  INFO 75568 --- [    Test worker] tourGuide.service.TourGuideService       : Track Location for user internalUser2726
2022-10-02 23:12:34.131  INFO 75568 --- [pool-7-thread-1] tourGuide.service.TourGuideService       : Track Location for user internalUser1534
2022-10-02 23:12:34.131  INFO 75568 --- [    Test worker] tourGuide.service.TourGuideService       : Track Location for user internalUser2725
2022-10-02 23:12:34.131  INFO 75568 --- [pool-7-thread-1] tourGuide.service.TourGuideService       : Track Location for user internalUser2865
2022-10-02 23:12:34.131  INFO 75568 --- [    Test worker] tourGuide.service.TourGuideService       : Track Location for user internalUser6296
2022-10-02 23:12:34.131  INFO 75568 --- [pool-7-thread-1] tourGuide.service.TourGuideService       : Track Location for user internalUser1533
2022-10-02 23:12:34.131  INFO 75568 --- [    Test worker] tourGuide.service.TourGuideService       : Track Location for user internalUser6295
2022-10-02 23:12:34.131  INFO 75568 --- [pool-7-thread-1] tourGuide.service.TourGuideService       : Track Location for user internalUser2864
2022-10-02 23:12:34.131  INFO 75568 --- [    Test worker] tourGuide.service.TourGuideService       : Track Location for user internalUser6298
2022-10-02 23:12:34.131  INFO 75568 --- [pool-7-thread-1] tourGuide.service.TourGuideService       : Track Location for user internalUser1532
2022-10-02 23:12:34.131  INFO 75568 --- [    Test worker] tourGuide.service.TourGuideService       : Track Location for user internalUser6297
2022-10-02 23:12:34.131  INFO 75568 --- [pool-7-thread-1] tourGuide.service.TourGuideService       : Track Location for user internalUser2863
2022-10-02 23:12:34.131  INFO 75568 --- [    Test worker] tourGuide.service.TourGuideService       : Track Location for user internalUser6299
2022-10-02 23:12:34.132  INFO 75568 --- [pool-7-thread-1] tourGuide.service.TourGuideService       : Track Location for user internalUser1531
2022-10-02 23:12:34.132  INFO 75568 --- [    Test worker] tourGuide.service.TourGuideService       : Track Location for user internalUser2702
2022-10-02 23:12:34.132  INFO 75568 --- [pool-7-thread-1] tourGuide.service.TourGuideService       : Track Location for user internalUser2862
2022-10-02 23:12:34.132  INFO 75568 --- [    Test worker] tourGuide.service.TourGuideService       : Track Location for user internalUser2701
2022-10-02 23:12:34.132  INFO 75568 --- [pool-7-thread-1] tourGuide.service.TourGuideService       : Track Location for user internalUser1530
2022-10-02 23:12:34.132  INFO 75568 --- [    Test worker] tourGuide.service.TourGuideService       : Track Location for user internalUser2700
2022-10-02 23:12:34.132  INFO 75568 --- [pool-7-thread-1] tourGuide.service.TourGuideService       : Track Location for user internalUser2861
2022-10-02 23:12:34.132  INFO 75568 --- [    Test worker] tourGuide.service.TourGuideService       : Track Location for user internalUser2709
2022-10-02 23:12:34.132  INFO 75568 --- [pool-7-thread-1] tourGuide.service.TourGuideService       : Track Location for user internalUser2860
2022-10-02 23:12:34.132  INFO 75568 --- [    Test worker] tourGuide.service.TourGuideService       : Track Location for user internalUser2708
2022-10-02 23:12:34.132  INFO 75568 --- [pool-7-thread-1] tourGuide.service.TourGuideService       : Track Location for user internalUser1539
2022-10-02 23:12:34.132  INFO 75568 --- [pool-7-thread-1] tourGuide.service.TourGuideService       : Track Location for user internalUser1538
2022-10-02 23:12:34.132  INFO 75568 --- [    Test worker] tourGuide.service.TourGuideService       : Track Location for user internalUser2707
2022-10-02 23:12:34.132  INFO 75568 --- [pool-7-thread-1] tourGuide.service.TourGuideService       : Track Location for user internalUser2869
2022-10-02 23:12:34.132  INFO 75568 --- [    Test worker] tourGuide.service.TourGuideService       : Track Location for user internalUser2706
2022-10-02 23:12:34.132  INFO 75568 --- [pool-7-thread-1] tourGuide.service.TourGuideService       : Track Location for user internalUser1537
2022-10-02 23:12:34.132  INFO 75568 --- [    Test worker] tourGuide.service.TourGuideService       : Track Location for user internalUser2705
2022-10-02 23:12:34.132  INFO 75568 --- [pool-7-thread-1] tourGuide.service.TourGuideService       : Track Location for user internalUser2868
2022-10-02 23:12:34.132  INFO 75568 --- [    Test worker] tourGuide.service.TourGuideService       : Track Location for user internalUser2704
2022-10-02 23:12:34.132  INFO 75568 --- [pool-7-thread-1] tourGuide.service.TourGuideService       : Track Location for user internalUser5027
2022-10-02 23:12:34.132  INFO 75568 --- [    Test worker] tourGuide.service.TourGuideService       : Track Location for user internalUser2703
2022-10-02 23:12:34.132  INFO 75568 --- [pool-7-thread-1] tourGuide.service.TourGuideService       : Track Location for user internalUser6359
2022-10-02 23:12:34.132  INFO 75568 --- [pool-7-thread-1] tourGuide.service.TourGuideService       : Track Location for user internalUser5028
2022-10-02 23:12:34.132  INFO 75568 --- [pool-7-thread-1] tourGuide.service.TourGuideService       : Track Location for user internalUser6358
2022-10-02 23:12:34.132  INFO 75568 --- [pool-7-thread-1] tourGuide.service.TourGuideService       : Track Location for user internalUser7689
2022-10-02 23:12:34.132  INFO 75568 --- [    Test worker] tourGuide.service.TourGuideService       : Track Location for user internalUser1426
2022-10-02 23:12:34.132  INFO 75568 --- [pool-7-thread-1] tourGuide.service.TourGuideService       : Track Location for user internalUser5029
2022-10-02 23:12:34.132  INFO 75568 --- [    Test worker] tourGuide.service.TourGuideService       : Track Location for user internalUser2757
2022-10-02 23:12:34.132  INFO 75568 --- [pool-7-thread-1] tourGuide.service.TourGuideService       : Track Location for user internalUser6351
2022-10-02 23:12:34.132  INFO 75568 --- [    Test worker] tourGuide.service.TourGuideService       : Track Location for user internalUser1425
2022-10-02 23:12:34.132  INFO 75568 --- [pool-7-thread-1] tourGuide.service.TourGuideService       : Track Location for user internalUser7682
2022-10-02 23:12:34.132  INFO 75568 --- [    Test worker] tourGuide.service.TourGuideService       : Track Location for user internalUser2756
2022-10-02 23:12:34.132  INFO 75568 --- [pool-7-thread-1] tourGuide.service.TourGuideService       : Track Location for user internalUser5020
2022-10-02 23:12:34.132  INFO 75568 --- [    Test worker] tourGuide.service.TourGuideService       : Track Location for user internalUser1424
2022-10-02 23:12:34.132  INFO 75568 --- [    Test worker] tourGuide.service.TourGuideService       : Track Location for user internalUser2755
2022-10-02 23:12:34.132  INFO 75568 --- [    Test worker] tourGuide.service.TourGuideService       : Track Location for user internalUser1423
2022-10-02 23:12:34.132  INFO 75568 --- [pool-7-thread-1] tourGuide.service.TourGuideService       : Track Location for user internalUser6350
2022-10-02 23:12:34.132  INFO 75568 --- [    Test worker] tourGuide.service.TourGuideService       : Track Location for user internalUser2754
2022-10-02 23:12:34.132  INFO 75568 --- [pool-7-thread-1] tourGuide.service.TourGuideService       : Track Location for user internalUser7681
2022-10-02 23:12:34.132  INFO 75568 --- [    Test worker] tourGuide.service.TourGuideService       : Track Location for user internalUser1422
2022-10-02 23:12:34.132  INFO 75568 --- [pool-7-thread-1] tourGuide.service.TourGuideService       : Track Location for user internalUser5021
2022-10-02 23:12:34.132  INFO 75568 --- [    Test worker] tourGuide.service.TourGuideService       : Track Location for user internalUser2753
2022-10-02 23:12:34.132  INFO 75568 --- [pool-7-thread-1] tourGuide.service.TourGuideService       : Track Location for user internalUser6353
2022-10-02 23:12:34.132  INFO 75568 --- [    Test worker] tourGuide.service.TourGuideService       : Track Location for user internalUser1421
2022-10-02 23:12:34.132  INFO 75568 --- [pool-7-thread-1] tourGuide.service.TourGuideService       : Track Location for user internalUser7684
2022-10-02 23:12:34.132  INFO 75568 --- [    Test worker] tourGuide.service.TourGuideService       : Track Location for user internalUser2752
2022-10-02 23:12:34.132  INFO 75568 --- [pool-7-thread-1] tourGuide.service.TourGuideService       : Track Location for user internalUser5022
2022-10-02 23:12:34.132  INFO 75568 --- [    Test worker] tourGuide.service.TourGuideService       : Track Location for user internalUser1420
2022-10-02 23:12:34.132  INFO 75568 --- [pool-7-thread-1] tourGuide.service.TourGuideService       : Track Location for user internalUser6352
2022-10-02 23:12:34.132  INFO 75568 --- [    Test worker] tourGuide.service.TourGuideService       : Track Location for user internalUser2751
2022-10-02 23:12:34.132  INFO 75568 --- [pool-7-thread-1] tourGuide.service.TourGuideService       : Track Location for user internalUser7683
2022-10-02 23:12:34.132  INFO 75568 --- [    Test worker] tourGuide.service.TourGuideService       : Track Location for user internalUser2750
2022-10-02 23:12:34.132  INFO 75568 --- [pool-7-thread-1] tourGuide.service.TourGuideService       : Track Location for user internalUser5023
2022-10-02 23:12:34.132  INFO 75568 --- [    Test worker] tourGuide.service.TourGuideService       : Track Location for user internalUser1429
2022-10-02 23:12:34.132  INFO 75568 --- [pool-7-thread-1] tourGuide.service.TourGuideService       : Track Location for user internalUser6355
2022-10-02 23:12:34.132  INFO 75568 --- [    Test worker] tourGuide.service.TourGuideService       : Track Location for user internalUser1428
2022-10-02 23:12:34.132  INFO 75568 --- [pool-7-thread-1] tourGuide.service.TourGuideService       : Track Location for user internalUser7686
2022-10-02 23:12:34.132  INFO 75568 --- [    Test worker] tourGuide.service.TourGuideService       : Track Location for user internalUser2759
2022-10-02 23:12:34.132  INFO 75568 --- [pool-7-thread-1] tourGuide.service.TourGuideService       : Track Location for user internalUser5024
2022-10-02 23:12:34.132  INFO 75568 --- [    Test worker] tourGuide.service.TourGuideService       : Track Location for user internalUser1427
2022-10-02 23:12:34.132  INFO 75568 --- [pool-7-thread-1] tourGuide.service.TourGuideService       : Track Location for user internalUser6354
2022-10-02 23:12:34.132  INFO 75568 --- [    Test worker] tourGuide.service.TourGuideService       : Track Location for user internalUser2758
2022-10-02 23:12:34.132  INFO 75568 --- [pool-7-thread-1] tourGuide.service.TourGuideService       : Track Location for user internalUser7685
2022-10-02 23:12:34.132  INFO 75568 --- [    Test worker] tourGuide.service.TourGuideService       : Track Location for user internalUser2760
2022-10-02 23:12:34.132  INFO 75568 --- [pool-7-thread-1] tourGuide.service.TourGuideService       : Track Location for user internalUser5025
2022-10-02 23:12:34.132  INFO 75568 --- [    Test worker] tourGuide.service.TourGuideService       : Track Location for user internalUser1437
2022-10-02 23:12:34.132  INFO 75568 --- [pool-7-thread-1] tourGuide.service.TourGuideService       : Track Location for user internalUser6357
2022-10-02 23:12:34.132  INFO 75568 --- [    Test worker] tourGuide.service.TourGuideService       : Track Location for user internalUser2768
2022-10-02 23:12:34.132  INFO 75568 --- [pool-7-thread-1] tourGuide.service.TourGuideService       : Track Location for user internalUser7688
2022-10-02 23:12:34.132  INFO 75568 --- [    Test worker] tourGuide.service.TourGuideService       : Track Location for user internalUser1436
2022-10-02 23:12:34.132  INFO 75568 --- [pool-7-thread-1] tourGuide.service.TourGuideService       : Track Location for user internalUser5026
2022-10-02 23:12:34.132  INFO 75568 --- [    Test worker] tourGuide.service.TourGuideService       : Track Location for user internalUser2767
2022-10-02 23:12:34.132  INFO 75568 --- [pool-7-thread-1] tourGuide.service.TourGuideService       : Track Location for user internalUser6356
2022-10-02 23:12:34.132  INFO 75568 --- [    Test worker] tourGuide.service.TourGuideService       : Track Location for user internalUser1435
2022-10-02 23:12:34.132  INFO 75568 --- [pool-7-thread-1] tourGuide.service.TourGuideService       : Track Location for user internalUser7687
2022-10-02 23:12:34.132  INFO 75568 --- [    Test worker] tourGuide.service.TourGuideService       : Track Location for user internalUser2766
2022-10-02 23:12:34.132  INFO 75568 --- [pool-7-thread-1] tourGuide.service.TourGuideService       : Track Location for user internalUser6360
2022-10-02 23:12:34.132  INFO 75568 --- [    Test worker] tourGuide.service.TourGuideService       : Track Location for user internalUser1434
2022-10-02 23:12:34.132  INFO 75568 --- [pool-7-thread-1] tourGuide.service.TourGuideService       : Track Location for user internalUser7691
2022-10-02 23:12:34.132  INFO 75568 --- [    Test worker] tourGuide.service.TourGuideService       : Track Location for user internalUser2765
2022-10-02 23:12:34.132  INFO 75568 --- [pool-7-thread-1] tourGuide.service.TourGuideService       : Track Location for user internalUser7690
2022-10-02 23:12:34.132  INFO 75568 --- [    Test worker] tourGuide.service.TourGuideService       : Track Location for user internalUser1433
2022-10-02 23:12:34.132  INFO 75568 --- [pool-7-thread-1] tourGuide.service.TourGuideService       : Track Location for user internalUser5038
2022-10-02 23:12:34.132  INFO 75568 --- [    Test worker] tourGuide.service.TourGuideService       : Track Location for user internalUser2764
2022-10-02 23:12:34.132  INFO 75568 --- [pool-7-thread-1] tourGuide.service.TourGuideService       : Track Location for user internalUser5039
2022-10-02 23:12:34.132  INFO 75568 --- [    Test worker] tourGuide.service.TourGuideService       : Track Location for user internalUser1432
2022-10-02 23:12:34.132  INFO 75568 --- [    Test worker] tourGuide.service.TourGuideService       : Track Location for user internalUser2763
2022-10-02 23:12:34.132  INFO 75568 --- [    Test worker] tourGuide.service.TourGuideService       : Track Location for user internalUser1431
2022-10-02 23:12:34.132  INFO 75568 --- [    Test worker] tourGuide.service.TourGuideService       : Track Location for user internalUser2762
2022-10-02 23:12:34.132  INFO 75568 --- [pool-7-thread-1] tourGuide.service.TourGuideService       : Track Location for user internalUser6369
2022-10-02 23:12:34.132  INFO 75568 --- [pool-7-thread-1] tourGuide.service.TourGuideService       : Track Location for user internalUser5030
2022-10-02 23:12:34.132  INFO 75568 --- [pool-7-thread-1] tourGuide.service.TourGuideService       : Track Location for user internalUser6362
2022-10-02 23:12:34.132  INFO 75568 --- [pool-7-thread-1] tourGuide.service.TourGuideService       : Track Location for user internalUser7693
2022-10-02 23:12:34.132  INFO 75568 --- [pool-7-thread-1] tourGuide.service.TourGuideService       : Track Location for user internalUser5031
2022-10-02 23:12:34.132  INFO 75568 --- [pool-7-thread-1] tourGuide.service.TourGuideService       : Track Location for user internalUser6361
2022-10-02 23:12:34.132  INFO 75568 --- [pool-7-thread-1] tourGuide.service.TourGuideService       : Track Location for user internalUser7692
2022-10-02 23:12:34.132  INFO 75568 --- [pool-7-thread-1] tourGuide.service.TourGuideService       : Track Location for user internalUser5032
2022-10-02 23:12:34.132  INFO 75568 --- [    Test worker] tourGuide.service.TourGuideService       : Track Location for user internalUser1430
2022-10-02 23:12:34.132  INFO 75568 --- [pool-7-thread-1] tourGuide.service.TourGuideService       : Track Location for user internalUser6364
2022-10-02 23:12:34.132  INFO 75568 --- [    Test worker] tourGuide.service.TourGuideService       : Track Location for user internalUser2761
2022-10-02 23:12:34.132  INFO 75568 --- [pool-7-thread-1] tourGuide.service.TourGuideService       : Track Location for user internalUser7695
2022-10-02 23:12:34.132  INFO 75568 --- [    Test worker] tourGuide.service.TourGuideService       : Track Location for user internalUser1439
2022-10-02 23:12:34.132  INFO 75568 --- [pool-7-thread-1] tourGuide.service.TourGuideService       : Track Location for user internalUser5033
2022-10-02 23:12:34.132  INFO 75568 --- [    Test worker] tourGuide.service.TourGuideService       : Track Location for user internalUser1438
2022-10-02 23:12:34.132  INFO 75568 --- [pool-7-thread-1] tourGuide.service.TourGuideService       : Track Location for user internalUser6363
2022-10-02 23:12:34.132  INFO 75568 --- [    Test worker] tourGuide.service.TourGuideService       : Track Location for user internalUser2769
2022-10-02 23:12:34.132  INFO 75568 --- [pool-7-thread-1] tourGuide.service.TourGuideService       : Track Location for user internalUser7694
2022-10-02 23:12:34.132  INFO 75568 --- [    Test worker] tourGuide.service.TourGuideService       : Track Location for user internalUser1404
2022-10-02 23:12:34.132  INFO 75568 --- [pool-7-thread-1] tourGuide.service.TourGuideService       : Track Location for user internalUser5034
2022-10-02 23:12:34.132  INFO 75568 --- [    Test worker] tourGuide.service.TourGuideService       : Track Location for user internalUser2735
2022-10-02 23:12:34.132  INFO 75568 --- [pool-7-thread-1] tourGuide.service.TourGuideService       : Track Location for user internalUser6366
2022-10-02 23:12:34.132  INFO 75568 --- [    Test worker] tourGuide.service.TourGuideService       : Track Location for user internalUser1403
2022-10-02 23:12:34.132  INFO 75568 --- [pool-7-thread-1] tourGuide.service.TourGuideService       : Track Location for user internalUser7697
2022-10-02 23:12:34.132  INFO 75568 --- [    Test worker] tourGuide.service.TourGuideService       : Track Location for user internalUser2734
2022-10-02 23:12:34.132  INFO 75568 --- [pool-7-thread-1] tourGuide.service.TourGuideService       : Track Location for user internalUser5035
2022-10-02 23:12:34.132  INFO 75568 --- [    Test worker] tourGuide.service.TourGuideService       : Track Location for user internalUser1402
2022-10-02 23:12:34.132  INFO 75568 --- [pool-7-thread-1] tourGuide.service.TourGuideService       : Track Location for user internalUser6365
2022-10-02 23:12:34.132  INFO 75568 --- [    Test worker] tourGuide.service.TourGuideService       : Track Location for user internalUser2733
2022-10-02 23:12:34.132  INFO 75568 --- [pool-7-thread-1] tourGuide.service.TourGuideService       : Track Location for user internalUser7696
2022-10-02 23:12:34.132  INFO 75568 --- [    Test worker] tourGuide.service.TourGuideService       : Track Location for user internalUser1401
2022-10-02 23:12:34.132  INFO 75568 --- [pool-7-thread-1] tourGuide.service.TourGuideService       : Track Location for user internalUser5036
2022-10-02 23:12:34.132  INFO 75568 --- [    Test worker] tourGuide.service.TourGuideService       : Track Location for user internalUser2732
2022-10-02 23:12:34.132  INFO 75568 --- [pool-7-thread-1] tourGuide.service.TourGuideService       : Track Location for user internalUser6368
2022-10-02 23:12:34.132  INFO 75568 --- [    Test worker] tourGuide.service.TourGuideService       : Track Location for user internalUser1400
2022-10-02 23:12:34.132  INFO 75568 --- [pool-7-thread-1] tourGuide.service.TourGuideService       : Track Location for user internalUser7699
2022-10-02 23:12:34.132  INFO 75568 --- [    Test worker] tourGuide.service.TourGuideService       : Track Location for user internalUser2731
2022-10-02 23:12:34.132  INFO 75568 --- [pool-7-thread-1] tourGuide.service.TourGuideService       : Track Location for user internalUser5037
2022-10-02 23:12:34.132  INFO 75568 --- [    Test worker] tourGuide.service.TourGuideService       : Track Location for user internalUser2730
2022-10-02 23:12:34.132  INFO 75568 --- [pool-7-thread-1] tourGuide.service.TourGuideService       : Track Location for user internalUser6367
2022-10-02 23:12:34.132  INFO 75568 --- [    Test worker] tourGuide.service.TourGuideService       : Track Location for user internalUser1409
2022-10-02 23:12:34.132  INFO 75568 --- [pool-7-thread-1] tourGuide.service.TourGuideService       : Track Location for user internalUser7698
2022-10-02 23:12:34.132  INFO 75568 --- [    Test worker] tourGuide.service.TourGuideService       : Track Location for user internalUser1408
2022-10-02 23:12:34.132  INFO 75568 --- [pool-7-thread-1] tourGuide.service.TourGuideService       : Track Location for user internalUser6371
2022-10-02 23:12:34.132  INFO 75568 --- [    Test worker] tourGuide.service.TourGuideService       : Track Location for user internalUser2739
2022-10-02 23:12:34.132  INFO 75568 --- [pool-7-thread-1] tourGuide.service.TourGuideService       : Track Location for user internalUser5040
2022-10-02 23:12:34.132  INFO 75568 --- [    Test worker] tourGuide.service.TourGuideService       : Track Location for user internalUser1407
2022-10-02 23:12:34.132  INFO 75568 --- [pool-7-thread-1] tourGuide.service.TourGuideService       : Track Location for user internalUser6370
2022-10-02 23:12:34.132  INFO 75568 --- [    Test worker] tourGuide.service.TourGuideService       : Track Location for user internalUser2738
2022-10-02 23:12:34.132  INFO 75568 --- [pool-7-thread-1] tourGuide.service.TourGuideService       : Track Location for user internalUser5005
2022-10-02 23:12:34.132  INFO 75568 --- [    Test worker] tourGuide.service.TourGuideService       : Track Location for user internalUser1406
2022-10-02 23:12:34.132  INFO 75568 --- [pool-7-thread-1] tourGuide.service.TourGuideService       : Track Location for user internalUser6337
2022-10-02 23:12:34.132  INFO 75568 --- [    Test worker] tourGuide.service.TourGuideService       : Track Location for user internalUser2737
2022-10-02 23:12:34.132  INFO 75568 --- [pool-7-thread-1] tourGuide.service.TourGuideService       : Track Location for user internalUser7668
2022-10-02 23:12:34.132  INFO 75568 --- [    Test worker] tourGuide.service.TourGuideService       : Track Location for user internalUser1405
2022-10-02 23:12:34.132  INFO 75568 --- [pool-7-thread-1] tourGuide.service.TourGuideService       : Track Location for user internalUser5006
2022-10-02 23:12:34.132  INFO 75568 --- [    Test worker] tourGuide.service.TourGuideService       : Track Location for user internalUser2736
2022-10-02 23:12:34.132  INFO 75568 --- [pool-7-thread-1] tourGuide.service.TourGuideService       : Track Location for user internalUser6336
2022-10-02 23:12:34.132  INFO 75568 --- [    Test worker] tourGuide.service.TourGuideService       : Track Location for user internalUser1415
2022-10-02 23:12:34.132  INFO 75568 --- [pool-7-thread-1] tourGuide.service.TourGuideService       : Track Location for user internalUser7667
2022-10-02 23:12:34.132  INFO 75568 --- [    Test worker] tourGuide.service.TourGuideService       : Track Location for user internalUser2746
2022-10-02 23:12:34.132  INFO 75568 --- [pool-7-thread-1] tourGuide.service.TourGuideService       : Track Location for user internalUser5007
2022-10-02 23:12:34.132  INFO 75568 --- [    Test worker] tourGuide.service.TourGuideService       : Track Location for user internalUser1414
2022-10-02 23:12:34.132  INFO 75568 --- [pool-7-thread-1] tourGuide.service.TourGuideService       : Track Location for user internalUser6339
2022-10-02 23:12:34.132  INFO 75568 --- [    Test worker] tourGuide.service.TourGuideService       : Track Location for user internalUser2745
2022-10-02 23:12:34.132  INFO 75568 --- [pool-7-thread-1] tourGuide.service.TourGuideService       : Track Location for user internalUser8998
2022-10-02 23:12:34.132  INFO 75568 --- [    Test worker] tourGuide.service.TourGuideService       : Track Location for user internalUser1413
2022-10-02 23:12:34.132  INFO 75568 --- [pool-7-thread-1] tourGuide.service.TourGuideService       : Track Location for user internalUser5008
2022-10-02 23:12:34.132  INFO 75568 --- [    Test worker] tourGuide.service.TourGuideService       : Track Location for user internalUser2744
2022-10-02 23:12:34.132  INFO 75568 --- [pool-7-thread-1] tourGuide.service.TourGuideService       : Track Location for user internalUser6338
2022-10-02 23:12:34.132  INFO 75568 --- [    Test worker] tourGuide.service.TourGuideService       : Track Location for user internalUser1412
2022-10-02 23:12:34.132  INFO 75568 --- [pool-7-thread-1] tourGuide.service.TourGuideService       : Track Location for user internalUser7669
2022-10-02 23:12:34.132  INFO 75568 --- [pool-7-thread-1] tourGuide.service.TourGuideService       : Track Location for user internalUser8999
2022-10-02 23:12:34.132  INFO 75568 --- [    Test worker] tourGuide.service.TourGuideService       : Track Location for user internalUser2743
2022-10-02 23:12:34.132  INFO 75568 --- [pool-7-thread-1] tourGuide.service.TourGuideService       : Track Location for user internalUser5009
2022-10-02 23:12:34.132  INFO 75568 --- [    Test worker] tourGuide.service.TourGuideService       : Track Location for user internalUser1411
2022-10-02 23:12:34.132  INFO 75568 --- [pool-7-thread-1] tourGuide.service.TourGuideService       : Track Location for user internalUser7660
2022-10-02 23:12:34.132  INFO 75568 --- [pool-7-thread-1] tourGuide.service.TourGuideService       : Track Location for user internalUser8992
2022-10-02 23:12:34.132  INFO 75568 --- [    Test worker] tourGuide.service.TourGuideService       : Track Location for user internalUser2742
2022-10-02 23:12:34.132  INFO 75568 --- [pool-7-thread-1] tourGuide.service.TourGuideService       : Track Location for user internalUser8993
2022-10-02 23:12:34.132  INFO 75568 --- [    Test worker] tourGuide.service.TourGuideService       : Track Location for user internalUser1410
2022-10-02 23:12:34.132  INFO 75568 --- [pool-7-thread-1] tourGuide.service.TourGuideService       : Track Location for user internalUser6331
2022-10-02 23:12:34.132  INFO 75568 --- [    Test worker] tourGuide.service.TourGuideService       : Track Location for user internalUser2741
2022-10-02 23:12:34.133  INFO 75568 --- [pool-7-thread-1] tourGuide.service.TourGuideService       : Track Location for user internalUser7662
2022-10-02 23:12:34.133  INFO 75568 --- [    Test worker] tourGuide.service.TourGuideService       : Track Location for user internalUser2740
2022-10-02 23:12:34.133  INFO 75568 --- [pool-7-thread-1] tourGuide.service.TourGuideService       : Track Location for user internalUser8990
2022-10-02 23:12:34.133  INFO 75568 --- [    Test worker] tourGuide.service.TourGuideService       : Track Location for user internalUser1419
2022-10-02 23:12:34.133  INFO 75568 --- [pool-7-thread-1] tourGuide.service.TourGuideService       : Track Location for user internalUser5000
2022-10-02 23:12:34.133  INFO 75568 --- [    Test worker] tourGuide.service.TourGuideService       : Track Location for user internalUser1418
2022-10-02 23:12:34.133  INFO 75568 --- [pool-7-thread-1] tourGuide.service.TourGuideService       : Track Location for user internalUser6330
2022-10-02 23:12:34.133  INFO 75568 --- [    Test worker] tourGuide.service.TourGuideService       : Track Location for user internalUser2749
2022-10-02 23:12:34.133  INFO 75568 --- [pool-7-thread-1] tourGuide.service.TourGuideService       : Track Location for user internalUser7661
2022-10-02 23:12:34.133  INFO 75568 --- [    Test worker] tourGuide.service.TourGuideService       : Track Location for user internalUser1417
2022-10-02 23:12:34.133  INFO 75568 --- [pool-7-thread-1] tourGuide.service.TourGuideService       : Track Location for user internalUser8991
2022-10-02 23:12:34.133  INFO 75568 --- [    Test worker] tourGuide.service.TourGuideService       : Track Location for user internalUser2748
2022-10-02 23:12:34.133  INFO 75568 --- [pool-7-thread-1] tourGuide.service.TourGuideService       : Track Location for user internalUser5001
2022-10-02 23:12:34.133  INFO 75568 --- [    Test worker] tourGuide.service.TourGuideService       : Track Location for user internalUser1416
2022-10-02 23:12:34.133  INFO 75568 --- [pool-7-thread-1] tourGuide.service.TourGuideService       : Track Location for user internalUser6333
2022-10-02 23:12:34.133  INFO 75568 --- [    Test worker] tourGuide.service.TourGuideService       : Track Location for user internalUser2747
2022-10-02 23:12:34.133  INFO 75568 --- [pool-7-thread-1] tourGuide.service.TourGuideService       : Track Location for user internalUser7664
2022-10-02 23:12:34.133  INFO 75568 --- [    Test worker] tourGuide.service.TourGuideService       : Track Location for user internalUser6238
2022-10-02 23:12:34.133  INFO 75568 --- [pool-7-thread-1] tourGuide.service.TourGuideService       : Track Location for user internalUser8996
2022-10-02 23:12:34.133  INFO 75568 --- [    Test worker] tourGuide.service.TourGuideService       : Track Location for user internalUser7569
2022-10-02 23:12:34.133  INFO 75568 --- [pool-7-thread-1] tourGuide.service.TourGuideService       : Track Location for user internalUser5002
2022-10-02 23:12:34.133  INFO 75568 --- [    Test worker] tourGuide.service.TourGuideService       : Track Location for user internalUser6237
2022-10-02 23:12:34.133  INFO 75568 --- [pool-7-thread-1] tourGuide.service.TourGuideService       : Track Location for user internalUser6332
2022-10-02 23:12:34.133  INFO 75568 --- [    Test worker] tourGuide.service.TourGuideService       : Track Location for user internalUser7568
2022-10-02 23:12:34.133  INFO 75568 --- [pool-7-thread-1] tourGuide.service.TourGuideService       : Track Location for user internalUser7663
2022-10-02 23:12:34.133  INFO 75568 --- [    Test worker] tourGuide.service.TourGuideService       : Track Location for user internalUser8899
2022-10-02 23:12:34.133  INFO 75568 --- [pool-7-thread-1] tourGuide.service.TourGuideService       : Track Location for user internalUser8997
2022-10-02 23:12:34.133  INFO 75568 --- [    Test worker] tourGuide.service.TourGuideService       : Track Location for user internalUser6239
2022-10-02 23:12:34.133  INFO 75568 --- [pool-7-thread-1] tourGuide.service.TourGuideService       : Track Location for user internalUser5003
2022-10-02 23:12:34.133  INFO 75568 --- [pool-7-thread-1] tourGuide.service.TourGuideService       : Track Location for user internalUser6335
2022-10-02 23:12:34.133  INFO 75568 --- [    Test worker] tourGuide.service.TourGuideService       : Track Location for user internalUser6230
2022-10-02 23:12:34.133  INFO 75568 --- [pool-7-thread-1] tourGuide.service.TourGuideService       : Track Location for user internalUser7666
2022-10-02 23:12:34.133  INFO 75568 --- [    Test worker] tourGuide.service.TourGuideService       : Track Location for user internalUser7561
2022-10-02 23:12:34.133  INFO 75568 --- [pool-7-thread-1] tourGuide.service.TourGuideService       : Track Location for user internalUser8994
2022-10-02 23:12:34.133  INFO 75568 --- [    Test worker] tourGuide.service.TourGuideService       : Track Location for user internalUser8893
2022-10-02 23:12:34.133  INFO 75568 --- [pool-7-thread-1] tourGuide.service.TourGuideService       : Track Location for user internalUser5004
2022-10-02 23:12:34.133  INFO 75568 --- [    Test worker] tourGuide.service.TourGuideService       : Track Location for user internalUser7560
2022-10-02 23:12:34.133  INFO 75568 --- [pool-7-thread-1] tourGuide.service.TourGuideService       : Track Location for user internalUser6334
2022-10-02 23:12:34.133  INFO 75568 --- [    Test worker] tourGuide.service.TourGuideService       : Track Location for user internalUser8894
2022-10-02 23:12:34.133  INFO 75568 --- [pool-7-thread-1] tourGuide.service.TourGuideService       : Track Location for user internalUser7665
2022-10-02 23:12:34.133  INFO 75568 --- [    Test worker] tourGuide.service.TourGuideService       : Track Location for user internalUser6232
2022-10-02 23:12:34.133  INFO 75568 --- [pool-7-thread-1] tourGuide.service.TourGuideService       : Track Location for user internalUser8995
2022-10-02 23:12:34.133  INFO 75568 --- [pool-7-thread-1] tourGuide.service.TourGuideService       : Track Location for user internalUser5016
2022-10-02 23:12:34.133  INFO 75568 --- [pool-7-thread-1] tourGuide.service.TourGuideService       : Track Location for user internalUser6348
2022-10-02 23:12:34.133  INFO 75568 --- [    Test worker] tourGuide.service.TourGuideService       : Track Location for user internalUser7563
2022-10-02 23:12:34.133  INFO 75568 --- [pool-7-thread-1] tourGuide.service.TourGuideService       : Track Location for user internalUser7679
2022-10-02 23:12:34.133  INFO 75568 --- [    Test worker] tourGuide.service.TourGuideService       : Track Location for user internalUser8891
2022-10-02 23:12:34.133  INFO 75568 --- [pool-7-thread-1] tourGuide.service.TourGuideService       : Track Location for user internalUser5017
2022-10-02 23:12:34.133  INFO 75568 --- [pool-7-thread-1] tourGuide.service.TourGuideService       : Track Location for user internalUser6347
2022-10-02 23:12:34.133  INFO 75568 --- [    Test worker] tourGuide.service.TourGuideService       : Track Location for user internalUser6231
2022-10-02 23:12:34.133  INFO 75568 --- [pool-7-thread-1] tourGuide.service.TourGuideService       : Track Location for user internalUser7678
2022-10-02 23:12:34.133  INFO 75568 --- [    Test worker] tourGuide.service.TourGuideService       : Track Location for user internalUser7562
2022-10-02 23:12:34.133  INFO 75568 --- [pool-7-thread-1] tourGuide.service.TourGuideService       : Track Location for user internalUser5018
2022-10-02 23:12:34.133  INFO 75568 --- [    Test worker] tourGuide.service.TourGuideService       : Track Location for user internalUser8892
2022-10-02 23:12:34.133  INFO 75568 --- [pool-7-thread-1] tourGuide.service.TourGuideService       : Track Location for user internalUser5019
2022-10-02 23:12:34.133  INFO 75568 --- [    Test worker] tourGuide.service.TourGuideService       : Track Location for user internalUser6234
2022-10-02 23:12:34.133  INFO 75568 --- [pool-7-thread-1] tourGuide.service.TourGuideService       : Track Location for user internalUser6349
2022-10-02 23:12:34.133  INFO 75568 --- [    Test worker] tourGuide.service.TourGuideService       : Track Location for user internalUser7565
2022-10-02 23:12:34.133  INFO 75568 --- [pool-7-thread-1] tourGuide.service.TourGuideService       : Track Location for user internalUser6340
2022-10-02 23:12:34.133  INFO 75568 --- [    Test worker] tourGuide.service.TourGuideService       : Track Location for user internalUser8897
2022-10-02 23:12:34.133  INFO 75568 --- [pool-7-thread-1] tourGuide.service.TourGuideService       : Track Location for user internalUser7671
2022-10-02 23:12:34.133  INFO 75568 --- [    Test worker] tourGuide.service.TourGuideService       : Track Location for user internalUser6233
2022-10-02 23:12:34.133  INFO 75568 --- [pool-7-thread-1] tourGuide.service.TourGuideService       : Track Location for user internalUser7670
2022-10-02 23:12:34.133  INFO 75568 --- [    Test worker] tourGuide.service.TourGuideService       : Track Location for user internalUser7564
2022-10-02 23:12:34.133  INFO 75568 --- [pool-7-thread-1] tourGuide.service.TourGuideService       : Track Location for user internalUser5010
2022-10-02 23:12:34.133  INFO 75568 --- [    Test worker] tourGuide.service.TourGuideService       : Track Location for user internalUser8898
2022-10-02 23:12:34.133  INFO 75568 --- [pool-7-thread-1] tourGuide.service.TourGuideService       : Track Location for user internalUser6342
2022-10-02 23:12:34.133  INFO 75568 --- [    Test worker] tourGuide.service.TourGuideService       : Track Location for user internalUser6236
2022-10-02 23:12:34.133  INFO 75568 --- [pool-7-thread-1] tourGuide.service.TourGuideService       : Track Location for user internalUser7673
2022-10-02 23:12:34.133  INFO 75568 --- [    Test worker] tourGuide.service.TourGuideService       : Track Location for user internalUser7567
2022-10-02 23:12:34.133  INFO 75568 --- [pool-7-thread-1] tourGuide.service.TourGuideService       : Track Location for user internalUser5011
2022-10-02 23:12:34.133  INFO 75568 --- [    Test worker] tourGuide.service.TourGuideService       : Track Location for user internalUser8895
2022-10-02 23:12:34.133  INFO 75568 --- [pool-7-thread-1] tourGuide.service.TourGuideService       : Track Location for user internalUser6341
2022-10-02 23:12:34.133  INFO 75568 --- [    Test worker] tourGuide.service.TourGuideService       : Track Location for user internalUser6235
2022-10-02 23:12:34.133  INFO 75568 --- [pool-7-thread-1] tourGuide.service.TourGuideService       : Track Location for user internalUser7672
2022-10-02 23:12:34.133  INFO 75568 --- [    Test worker] tourGuide.service.TourGuideService       : Track Location for user internalUser7566
2022-10-02 23:12:34.133  INFO 75568 --- [pool-7-thread-1] tourGuide.service.TourGuideService       : Track Location for user internalUser5012
2022-10-02 23:12:34.133  INFO 75568 --- [    Test worker] tourGuide.service.TourGuideService       : Track Location for user internalUser8896
2022-10-02 23:12:34.133  INFO 75568 --- [pool-7-thread-1] tourGuide.service.TourGuideService       : Track Location for user internalUser6344
2022-10-02 23:12:34.133  INFO 75568 --- [    Test worker] tourGuide.service.TourGuideService       : Track Location for user internalUser7570
2022-10-02 23:12:34.133  INFO 75568 --- [pool-7-thread-1] tourGuide.service.TourGuideService       : Track Location for user internalUser7675
2022-10-02 23:12:34.133  INFO 75568 --- [    Test worker] tourGuide.service.TourGuideService       : Track Location for user internalUser6249
2022-10-02 23:12:34.133  INFO 75568 --- [pool-7-thread-1] tourGuide.service.TourGuideService       : Track Location for user internalUser5013
2022-10-02 23:12:34.133  INFO 75568 --- [    Test worker] tourGuide.service.TourGuideService       : Track Location for user internalUser6248
2022-10-02 23:12:34.133  INFO 75568 --- [pool-7-thread-1] tourGuide.service.TourGuideService       : Track Location for user internalUser6343
2022-10-02 23:12:34.133  INFO 75568 --- [    Test worker] tourGuide.service.TourGuideService       : Track Location for user internalUser7579
2022-10-02 23:12:34.133  INFO 75568 --- [pool-7-thread-1] tourGuide.service.TourGuideService       : Track Location for user internalUser7674
2022-10-02 23:12:34.133  INFO 75568 --- [    Test worker] tourGuide.service.TourGuideService       : Track Location for user internalUser6241
2022-10-02 23:12:34.133  INFO 75568 --- [pool-7-thread-1] tourGuide.service.TourGuideService       : Track Location for user internalUser5014
2022-10-02 23:12:34.133  INFO 75568 --- [    Test worker] tourGuide.service.TourGuideService       : Track Location for user internalUser7572
2022-10-02 23:12:34.133  INFO 75568 --- [pool-7-thread-1] tourGuide.service.TourGuideService       : Track Location for user internalUser6346
2022-10-02 23:12:34.133  INFO 75568 --- [    Test worker] tourGuide.service.TourGuideService       : Track Location for user internalUser6240
2022-10-02 23:12:34.133  INFO 75568 --- [pool-7-thread-1] tourGuide.service.TourGuideService       : Track Location for user internalUser7677
2022-10-02 23:12:34.133  INFO 75568 --- [    Test worker] tourGuide.service.TourGuideService       : Track Location for user internalUser7571
2022-10-02 23:12:34.133  INFO 75568 --- [pool-7-thread-1] tourGuide.service.TourGuideService       : Track Location for user internalUser5015
2022-10-02 23:12:34.133  INFO 75568 --- [    Test worker] tourGuide.service.TourGuideService       : Track Location for user internalUser6243
2022-10-02 23:12:34.133  INFO 75568 --- [pool-7-thread-1] tourGuide.service.TourGuideService       : Track Location for user internalUser6345
2022-10-02 23:12:34.133  INFO 75568 --- [    Test worker] tourGuide.service.TourGuideService       : Track Location for user internalUser7574
2022-10-02 23:12:34.133  INFO 75568 --- [pool-7-thread-1] tourGuide.service.TourGuideService       : Track Location for user internalUser7676
2022-10-02 23:12:34.133  INFO 75568 --- [    Test worker] tourGuide.service.TourGuideService       : Track Location for user internalUser6242
2022-10-02 23:12:34.133  INFO 75568 --- [pool-7-thread-1] tourGuide.service.TourGuideService       : Track Location for user internalUser7680
2022-10-02 23:12:34.133  INFO 75568 --- [    Test worker] tourGuide.service.TourGuideService       : Track Location for user internalUser7573
2022-10-02 23:12:34.133  INFO 75568 --- [pool-7-thread-1] tourGuide.service.TourGuideService       : Track Location for user internalUser5063
2022-10-02 23:12:34.133  INFO 75568 --- [    Test worker] tourGuide.service.TourGuideService       : Track Location for user internalUser6245
2022-10-02 23:12:34.133  INFO 75568 --- [pool-7-thread-1] tourGuide.service.TourGuideService       : Track Location for user internalUser6395
2022-10-02 23:12:34.133  INFO 75568 --- [    Test worker] tourGuide.service.TourGuideService       : Track Location for user internalUser7576
2022-10-02 23:12:34.133  INFO 75568 --- [pool-7-thread-1] tourGuide.service.TourGuideService       : Track Location for user internalUser5064
2022-10-02 23:12:34.133  INFO 75568 --- [    Test worker] tourGuide.service.TourGuideService       : Track Location for user internalUser6244
2022-10-02 23:12:34.133  INFO 75568 --- [pool-7-thread-1] tourGuide.service.TourGuideService       : Track Location for user internalUser6394
2022-10-02 23:12:34.133  INFO 75568 --- [pool-7-thread-1] tourGuide.service.TourGuideService       : Track Location for user internalUser5065
2022-10-02 23:12:34.133  INFO 75568 --- [    Test worker] tourGuide.service.TourGuideService       : Track Location for user internalUser7575
2022-10-02 23:12:34.133  INFO 75568 --- [pool-7-thread-1] tourGuide.service.TourGuideService       : Track Location for user internalUser6397
2022-10-02 23:12:34.133  INFO 75568 --- [    Test worker] tourGuide.service.TourGuideService       : Track Location for user internalUser6247
2022-10-02 23:12:34.133  INFO 75568 --- [pool-7-thread-1] tourGuide.service.TourGuideService       : Track Location for user internalUser5066
2022-10-02 23:12:34.133  INFO 75568 --- [    Test worker] tourGuide.service.TourGuideService       : Track Location for user internalUser7578
2022-10-02 23:12:34.133  INFO 75568 --- [pool-7-thread-1] tourGuide.service.TourGuideService       : Track Location for user internalUser6396
2022-10-02 23:12:34.133  INFO 75568 --- [    Test worker] tourGuide.service.TourGuideService       : Track Location for user internalUser6246
2022-10-02 23:12:34.133  INFO 75568 --- [pool-7-thread-1] tourGuide.service.TourGuideService       : Track Location for user internalUser5067
2022-10-02 23:12:34.133  INFO 75568 --- [    Test worker] tourGuide.service.TourGuideService       : Track Location for user internalUser7577
2022-10-02 23:12:34.133  INFO 75568 --- [pool-7-thread-1] tourGuide.service.TourGuideService       : Track Location for user internalUser6399
2022-10-02 23:12:34.133  INFO 75568 --- [    Test worker] tourGuide.service.TourGuideService       : Track Location for user internalUser6250
2022-10-02 23:12:34.133  INFO 75568 --- [pool-7-thread-1] tourGuide.service.TourGuideService       : Track Location for user internalUser5068
2022-10-02 23:12:34.133  INFO 75568 --- [    Test worker] tourGuide.service.TourGuideService       : Track Location for user internalUser7581
2022-10-02 23:12:34.133  INFO 75568 --- [pool-7-thread-1] tourGuide.service.TourGuideService       : Track Location for user internalUser6398
2022-10-02 23:12:34.133  INFO 75568 --- [    Test worker] tourGuide.service.TourGuideService       : Track Location for user internalUser7580
2022-10-02 23:12:34.133  INFO 75568 --- [pool-7-thread-1] tourGuide.service.TourGuideService       : Track Location for user internalUser5069
2022-10-02 23:12:34.133  INFO 75568 --- [    Test worker] tourGuide.service.TourGuideService       : Track Location for user internalUser6216
2022-10-02 23:12:34.133  INFO 75568 --- [pool-7-thread-1] tourGuide.service.TourGuideService       : Track Location for user internalUser5070
2022-10-02 23:12:34.133  INFO 75568 --- [    Test worker] tourGuide.service.TourGuideService       : Track Location for user internalUser7547
2022-10-02 23:12:34.133  INFO 75568 --- [pool-7-thread-1] tourGuide.service.TourGuideService       : Track Location for user internalUser5071
2022-10-02 23:12:34.133  INFO 75568 --- [    Test worker] tourGuide.service.TourGuideService       : Track Location for user internalUser8879
2022-10-02 23:12:34.133  INFO 75568 --- [pool-7-thread-1] tourGuide.service.TourGuideService       : Track Location for user internalUser5072
2022-10-02 23:12:34.133  INFO 75568 --- [    Test worker] tourGuide.service.TourGuideService       : Track Location for user internalUser6215
2022-10-02 23:12:34.133  INFO 75568 --- [pool-7-thread-1] tourGuide.service.TourGuideService       : Track Location for user internalUser5073
2022-10-02 23:12:34.133  INFO 75568 --- [    Test worker] tourGuide.service.TourGuideService       : Track Location for user internalUser7546
2022-10-02 23:12:34.133  INFO 75568 --- [pool-7-thread-1] tourGuide.service.TourGuideService       : Track Location for user internalUser2801
2022-10-02 23:12:34.133  INFO 75568 --- [    Test worker] tourGuide.service.TourGuideService       : Track Location for user internalUser6218
2022-10-02 23:12:34.133  INFO 75568 --- [pool-7-thread-1] tourGuide.service.TourGuideService       : Track Location for user internalUser5074
2022-10-02 23:12:34.133  INFO 75568 --- [    Test worker] tourGuide.service.TourGuideService       : Track Location for user internalUser7549
2022-10-02 23:12:34.133  INFO 75568 --- [pool-7-thread-1] tourGuide.service.TourGuideService       : Track Location for user internalUser2800
2022-10-02 23:12:34.133  INFO 75568 --- [    Test worker] tourGuide.service.TourGuideService       : Track Location for user internalUser8877
2022-10-02 23:12:34.133  INFO 75568 --- [pool-7-thread-1] tourGuide.service.TourGuideService       : Track Location for user internalUser5075
2022-10-02 23:12:34.133  INFO 75568 --- [    Test worker] tourGuide.service.TourGuideService       : Track Location for user internalUser6217
2022-10-02 23:12:34.133  INFO 75568 --- [pool-7-thread-1] tourGuide.service.TourGuideService       : Track Location for user internalUser5076
2022-10-02 23:12:34.133  INFO 75568 --- [    Test worker] tourGuide.service.TourGuideService       : Track Location for user internalUser7548
2022-10-02 23:12:34.133  INFO 75568 --- [pool-7-thread-1] tourGuide.service.TourGuideService       : Track Location for user internalUser5077
2022-10-02 23:12:34.133  INFO 75568 --- [    Test worker] tourGuide.service.TourGuideService       : Track Location for user internalUser8878
2022-10-02 23:12:34.133  INFO 75568 --- [pool-7-thread-1] tourGuide.service.TourGuideService       : Track Location for user internalUser5078
2022-10-02 23:12:34.133  INFO 75568 --- [    Test worker] tourGuide.service.TourGuideService       : Track Location for user internalUser6219
2022-10-02 23:12:34.133  INFO 75568 --- [pool-7-thread-1] tourGuide.service.TourGuideService       : Track Location for user internalUser5079
2022-10-02 23:12:34.133  INFO 75568 --- [    Test worker] tourGuide.service.TourGuideService       : Track Location for user internalUser8871
2022-10-02 23:12:34.134  INFO 75568 --- [    Test worker] tourGuide.service.TourGuideService       : Track Location for user internalUser8872
2022-10-02 23:12:34.134  INFO 75568 --- [pool-7-thread-1] tourGuide.service.TourGuideService       : Track Location for user internalUser2809
2022-10-02 23:12:34.134  INFO 75568 --- [    Test worker] tourGuide.service.TourGuideService       : Track Location for user internalUser6210
2022-10-02 23:12:34.134  INFO 75568 --- [pool-7-thread-1] tourGuide.service.TourGuideService       : Track Location for user internalUser2808
2022-10-02 23:12:34.134  INFO 75568 --- [    Test worker] tourGuide.service.TourGuideService       : Track Location for user internalUser7541
2022-10-02 23:12:34.134  INFO 75568 --- [pool-7-thread-1] tourGuide.service.TourGuideService       : Track Location for user internalUser2807
2022-10-02 23:12:34.134  INFO 75568 --- [    Test worker] tourGuide.service.TourGuideService       : Track Location for user internalUser7540
2022-10-02 23:12:34.134  INFO 75568 --- [pool-7-thread-1] tourGuide.service.TourGuideService       : Track Location for user internalUser2806
2022-10-02 23:12:34.134  INFO 75568 --- [    Test worker] tourGuide.service.TourGuideService       : Track Location for user internalUser8870
2022-10-02 23:12:34.134  INFO 75568 --- [pool-7-thread-1] tourGuide.service.TourGuideService       : Track Location for user internalUser5080
2022-10-02 23:12:34.134  INFO 75568 --- [    Test worker] tourGuide.service.TourGuideService       : Track Location for user internalUser6212
2022-10-02 23:12:34.134  INFO 75568 --- [pool-7-thread-1] tourGuide.service.TourGuideService       : Track Location for user internalUser2805
2022-10-02 23:12:34.134  INFO 75568 --- [    Test worker] tourGuide.service.TourGuideService       : Track Location for user internalUser7543
2022-10-02 23:12:34.134  INFO 75568 --- [pool-7-thread-1] tourGuide.service.TourGuideService       : Track Location for user internalUser5081
2022-10-02 23:12:34.134  INFO 75568 --- [    Test worker] tourGuide.service.TourGuideService       : Track Location for user internalUser8875
2022-10-02 23:12:34.134  INFO 75568 --- [pool-7-thread-1] tourGuide.service.TourGuideService       : Track Location for user internalUser2804
2022-10-02 23:12:34.134  INFO 75568 --- [    Test worker] tourGuide.service.TourGuideService       : Track Location for user internalUser6211
2022-10-02 23:12:34.134  INFO 75568 --- [pool-7-thread-1] tourGuide.service.TourGuideService       : Track Location for user internalUser5082
2022-10-02 23:12:34.134  INFO 75568 --- [    Test worker] tourGuide.service.TourGuideService       : Track Location for user internalUser7542
2022-10-02 23:12:34.134  INFO 75568 --- [pool-7-thread-1] tourGuide.service.TourGuideService       : Track Location for user internalUser2803
2022-10-02 23:12:34.134  INFO 75568 --- [    Test worker] tourGuide.service.TourGuideService       : Track Location for user internalUser8876
2022-10-02 23:12:34.134  INFO 75568 --- [pool-7-thread-1] tourGuide.service.TourGuideService       : Track Location for user internalUser5083
2022-10-02 23:12:34.134  INFO 75568 --- [    Test worker] tourGuide.service.TourGuideService       : Track Location for user internalUser6214
2022-10-02 23:12:34.134  INFO 75568 --- [pool-7-thread-1] tourGuide.service.TourGuideService       : Track Location for user internalUser2802
2022-10-02 23:12:34.134  INFO 75568 --- [    Test worker] tourGuide.service.TourGuideService       : Track Location for user internalUser7545
2022-10-02 23:12:34.134  INFO 75568 --- [pool-7-thread-1] tourGuide.service.TourGuideService       : Track Location for user internalUser5084
2022-10-02 23:12:34.134  INFO 75568 --- [pool-7-thread-1] tourGuide.service.TourGuideService       : Track Location for user internalUser5049
2022-10-02 23:12:34.134  INFO 75568 --- [pool-7-thread-1] tourGuide.service.TourGuideService       : Track Location for user internalUser5041
2022-10-02 23:12:34.134  INFO 75568 --- [    Test worker] tourGuide.service.TourGuideService       : Track Location for user internalUser8873
2022-10-02 23:12:34.134  INFO 75568 --- [pool-7-thread-1] tourGuide.service.TourGuideService       : Track Location for user internalUser6373
2022-10-02 23:12:34.134  INFO 75568 --- [    Test worker] tourGuide.service.TourGuideService       : Track Location for user internalUser6213
2022-10-02 23:12:34.134  INFO 75568 --- [pool-7-thread-1] tourGuide.service.TourGuideService       : Track Location for user internalUser5042
2022-10-02 23:12:34.134  INFO 75568 --- [    Test worker] tourGuide.service.TourGuideService       : Track Location for user internalUser7544
2022-10-02 23:12:34.134  INFO 75568 --- [pool-7-thread-1] tourGuide.service.TourGuideService       : Track Location for user internalUser6372
2022-10-02 23:12:34.134  INFO 75568 --- [    Test worker] tourGuide.service.TourGuideService       : Track Location for user internalUser8874
2022-10-02 23:12:34.134  INFO 75568 --- [pool-7-thread-1] tourGuide.service.TourGuideService       : Track Location for user internalUser5043
2022-10-02 23:12:34.134  INFO 75568 --- [    Test worker] tourGuide.service.TourGuideService       : Track Location for user internalUser6227
2022-10-02 23:12:34.134  INFO 75568 --- [pool-7-thread-1] tourGuide.service.TourGuideService       : Track Location for user internalUser6375
2022-10-02 23:12:34.134  INFO 75568 --- [    Test worker] tourGuide.service.TourGuideService       : Track Location for user internalUser7558
2022-10-02 23:12:34.134  INFO 75568 --- [pool-7-thread-1] tourGuide.service.TourGuideService       : Track Location for user internalUser5044
2022-10-02 23:12:34.134  INFO 75568 --- [    Test worker] tourGuide.service.TourGuideService       : Track Location for user internalUser6226
2022-10-02 23:12:34.134  INFO 75568 --- [pool-7-thread-1] tourGuide.service.TourGuideService       : Track Location for user internalUser6374
2022-10-02 23:12:34.134  INFO 75568 --- [pool-7-thread-1] tourGuide.service.TourGuideService       : Track Location for user internalUser5045
2022-10-02 23:12:34.134  INFO 75568 --- [    Test worker] tourGuide.service.TourGuideService       : Track Location for user internalUser7557
2022-10-02 23:12:34.134  INFO 75568 --- [pool-7-thread-1] tourGuide.service.TourGuideService       : Track Location for user internalUser6377
2022-10-02 23:12:34.134  INFO 75568 --- [    Test worker] tourGuide.service.TourGuideService       : Track Location for user internalUser6229
2022-10-02 23:12:34.134  INFO 75568 --- [pool-7-thread-1] tourGuide.service.TourGuideService       : Track Location for user internalUser5046
2022-10-02 23:12:34.134  INFO 75568 --- [    Test worker] tourGuide.service.TourGuideService       : Track Location for user internalUser8888
2022-10-02 23:12:34.134  INFO 75568 --- [pool-7-thread-1] tourGuide.service.TourGuideService       : Track Location for user internalUser6376
2022-10-02 23:12:34.134  INFO 75568 --- [    Test worker] tourGuide.service.TourGuideService       : Track Location for user internalUser6228
2022-10-02 23:12:34.134  INFO 75568 --- [pool-7-thread-1] tourGuide.service.TourGuideService       : Track Location for user internalUser5047
2022-10-02 23:12:34.134  INFO 75568 --- [    Test worker] tourGuide.service.TourGuideService       : Track Location for user internalUser7559
2022-10-02 23:12:34.134  INFO 75568 --- [pool-7-thread-1] tourGuide.service.TourGuideService       : Track Location for user internalUser6379
2022-10-02 23:12:34.134  INFO 75568 --- [    Test worker] tourGuide.service.TourGuideService       : Track Location for user internalUser8889
2022-10-02 23:12:34.134  INFO 75568 --- [pool-7-thread-1] tourGuide.service.TourGuideService       : Track Location for user internalUser5048
2022-10-02 23:12:34.134  INFO 75568 --- [    Test worker] tourGuide.service.TourGuideService       : Track Location for user internalUser7550
2022-10-02 23:12:34.134  INFO 75568 --- [pool-7-thread-1] tourGuide.service.TourGuideService       : Track Location for user internalUser6378
2022-10-02 23:12:34.134  INFO 75568 --- [    Test worker] tourGuide.service.TourGuideService       : Track Location for user internalUser8882
2022-10-02 23:12:34.134  INFO 75568 --- [pool-7-thread-1] tourGuide.service.TourGuideService       : Track Location for user internalUser6380
2022-10-02 23:12:34.134  INFO 75568 --- [    Test worker] tourGuide.service.TourGuideService       : Track Location for user internalUser8883
2022-10-02 23:12:34.134  INFO 75568 --- [pool-7-thread-1] tourGuide.service.TourGuideService       : Track Location for user internalUser5050
2022-10-02 23:12:34.134  INFO 75568 --- [    Test worker] tourGuide.service.TourGuideService       : Track Location for user internalUser6221
2022-10-02 23:12:34.134  INFO 75568 --- [pool-7-thread-1] tourGuide.service.TourGuideService       : Track Location for user internalUser6382
2022-10-02 23:12:34.134  INFO 75568 --- [    Test worker] tourGuide.service.TourGuideService       : Track Location for user internalUser7552
2022-10-02 23:12:34.134  INFO 75568 --- [pool-7-thread-1] tourGuide.service.TourGuideService       : Track Location for user internalUser5051
2022-10-02 23:12:34.134  INFO 75568 --- [    Test worker] tourGuide.service.TourGuideService       : Track Location for user internalUser8880
2022-10-02 23:12:34.134  INFO 75568 --- [pool-7-thread-1] tourGuide.service.TourGuideService       : Track Location for user internalUser6381
2022-10-02 23:12:34.134  INFO 75568 --- [    Test worker] tourGuide.service.TourGuideService       : Track Location for user internalUser6220
2022-10-02 23:12:34.134  INFO 75568 --- [pool-7-thread-1] tourGuide.service.TourGuideService       : Track Location for user internalUser5052
2022-10-02 23:12:34.134  INFO 75568 --- [    Test worker] tourGuide.service.TourGuideService       : Track Location for user internalUser7551
2022-10-02 23:12:34.134  INFO 75568 --- [pool-7-thread-1] tourGuide.service.TourGuideService       : Track Location for user internalUser6384
2022-10-02 23:12:34.134  INFO 75568 --- [    Test worker] tourGuide.service.TourGuideService       : Track Location for user internalUser8881
2022-10-02 23:12:34.134  INFO 75568 --- [pool-7-thread-1] tourGuide.service.TourGuideService       : Track Location for user internalUser5053
2022-10-02 23:12:34.134  INFO 75568 --- [    Test worker] tourGuide.service.TourGuideService       : Track Location for user internalUser6223
2022-10-02 23:12:34.134  INFO 75568 --- [pool-7-thread-1] tourGuide.service.TourGuideService       : Track Location for user internalUser6383
2022-10-02 23:12:34.134  INFO 75568 --- [    Test worker] tourGuide.service.TourGuideService       : Track Location for user internalUser7554
2022-10-02 23:12:34.134  INFO 75568 --- [pool-7-thread-1] tourGuide.service.TourGuideService       : Track Location for user internalUser5054
2022-10-02 23:12:34.134  INFO 75568 --- [    Test worker] tourGuide.service.TourGuideService       : Track Location for user internalUser8886
2022-10-02 23:12:34.134  INFO 75568 --- [pool-7-thread-1] tourGuide.service.TourGuideService       : Track Location for user internalUser6386
2022-10-02 23:12:34.134  INFO 75568 --- [    Test worker] tourGuide.service.TourGuideService       : Track Location for user internalUser6222
2022-10-02 23:12:34.134  INFO 75568 --- [pool-7-thread-1] tourGuide.service.TourGuideService       : Track Location for user internalUser5055
2022-10-02 23:12:34.134  INFO 75568 --- [    Test worker] tourGuide.service.TourGuideService       : Track Location for user internalUser7553
2022-10-02 23:12:34.134  INFO 75568 --- [pool-7-thread-1] tourGuide.service.TourGuideService       : Track Location for user internalUser6385
2022-10-02 23:12:34.134  INFO 75568 --- [    Test worker] tourGuide.service.TourGuideService       : Track Location for user internalUser8887
2022-10-02 23:12:34.134  INFO 75568 --- [pool-7-thread-1] tourGuide.service.TourGuideService       : Track Location for user internalUser5056
2022-10-02 23:12:34.134  INFO 75568 --- [    Test worker] tourGuide.service.TourGuideService       : Track Location for user internalUser6225
2022-10-02 23:12:34.134  INFO 75568 --- [pool-7-thread-1] tourGuide.service.TourGuideService       : Track Location for user internalUser6388
2022-10-02 23:12:34.134  INFO 75568 --- [    Test worker] tourGuide.service.TourGuideService       : Track Location for user internalUser7556
2022-10-02 23:12:34.134  INFO 75568 --- [pool-7-thread-1] tourGuide.service.TourGuideService       : Track Location for user internalUser5057
2022-10-02 23:12:34.134  INFO 75568 --- [    Test worker] tourGuide.service.TourGuideService       : Track Location for user internalUser8884
2022-10-02 23:12:34.134  INFO 75568 --- [pool-7-thread-1] tourGuide.service.TourGuideService       : Track Location for user internalUser6387
2022-10-02 23:12:34.134  INFO 75568 --- [    Test worker] tourGuide.service.TourGuideService       : Track Location for user internalUser6224
2022-10-02 23:12:34.134  INFO 75568 --- [pool-7-thread-1] tourGuide.service.TourGuideService       : Track Location for user internalUser5058
2022-10-02 23:12:34.134  INFO 75568 --- [pool-7-thread-1] tourGuide.service.TourGuideService       : Track Location for user internalUser5059
2022-10-02 23:12:34.134  INFO 75568 --- [pool-7-thread-1] tourGuide.service.TourGuideService       : Track Location for user internalUser6389
2022-10-02 23:12:34.134  INFO 75568 --- [    Test worker] tourGuide.service.TourGuideService       : Track Location for user internalUser7555
2022-10-02 23:12:34.134  INFO 75568 --- [pool-7-thread-1] tourGuide.service.TourGuideService       : Track Location for user internalUser6391
2022-10-02 23:12:34.134  INFO 75568 --- [    Test worker] tourGuide.service.TourGuideService       : Track Location for user internalUser8885
2022-10-02 23:12:34.134  INFO 75568 --- [pool-7-thread-1] tourGuide.service.TourGuideService       : Track Location for user internalUser5060
2022-10-02 23:12:34.134  INFO 75568 --- [    Test worker] tourGuide.service.TourGuideService       : Track Location for user internalUser8890
2022-10-02 23:12:34.134  INFO 75568 --- [    Test worker] tourGuide.service.TourGuideService       : Track Location for user internalUser6274
2022-10-02 23:12:34.134  INFO 75568 --- [    Test worker] tourGuide.service.TourGuideService       : Track Location for user internalUser6273
2022-10-02 23:12:34.134  INFO 75568 --- [pool-7-thread-1] tourGuide.service.TourGuideService       : Track Location for user internalUser6390
2022-10-02 23:12:34.134  INFO 75568 --- [pool-7-thread-1] tourGuide.service.TourGuideService       : Track Location for user internalUser5061
2022-10-02 23:12:34.134  INFO 75568 --- [    Test worker] tourGuide.service.TourGuideService       : Track Location for user internalUser6276
2022-10-02 23:12:34.134  INFO 75568 --- [    Test worker] tourGuide.service.TourGuideService       : Track Location for user internalUser6275
2022-10-02 23:12:34.134  INFO 75568 --- [    Test worker] tourGuide.service.TourGuideService       : Track Location for user internalUser6278
2022-10-02 23:12:34.134  INFO 75568 --- [    Test worker] tourGuide.service.TourGuideService       : Track Location for user internalUser6277
2022-10-02 23:12:34.134  INFO 75568 --- [    Test worker] tourGuide.service.TourGuideService       : Track Location for user internalUser6279
2022-10-02 23:12:34.134  INFO 75568 --- [    Test worker] tourGuide.service.TourGuideService       : Track Location for user internalUser6281
2022-10-02 23:12:34.134  INFO 75568 --- [pool-7-thread-1] tourGuide.service.TourGuideService       : Track Location for user internalUser6393
2022-10-02 23:12:34.134  INFO 75568 --- [    Test worker] tourGuide.service.TourGuideService       : Track Location for user internalUser6280
2022-10-02 23:12:34.134  INFO 75568 --- [pool-7-thread-1] tourGuide.service.TourGuideService       : Track Location for user internalUser5062
2022-10-02 23:12:34.134  INFO 75568 --- [    Test worker] tourGuide.service.TourGuideService       : Track Location for user internalUser6283
2022-10-02 23:12:34.134  INFO 75568 --- [pool-7-thread-1] tourGuide.service.TourGuideService       : Track Location for user internalUser6392
2022-10-02 23:12:34.134  INFO 75568 --- [    Test worker] tourGuide.service.TourGuideService       : Track Location for user internalUser6282
2022-10-02 23:12:34.134  INFO 75568 --- [pool-7-thread-1] tourGuide.service.TourGuideService       : Track Location for user internalUser7602
2022-10-02 23:12:34.134  INFO 75568 --- [    Test worker] tourGuide.service.TourGuideService       : Track Location for user internalUser6285
2022-10-02 23:12:34.134  INFO 75568 --- [pool-7-thread-1] tourGuide.service.TourGuideService       : Track Location for user internalUser8934
2022-10-02 23:12:34.134  INFO 75568 --- [    Test worker] tourGuide.service.TourGuideService       : Track Location for user internalUser6284
2022-10-02 23:12:34.134  INFO 75568 --- [pool-7-thread-1] tourGuide.service.TourGuideService       : Track Location for user internalUser7601
2022-10-02 23:12:34.134  INFO 75568 --- [    Test worker] tourGuide.service.TourGuideService       : Track Location for user internalUser6287
2022-10-02 23:12:34.134  INFO 75568 --- [    Test worker] tourGuide.service.TourGuideService       : Track Location for user internalUser6286
2022-10-02 23:12:34.134  INFO 75568 --- [    Test worker] tourGuide.service.TourGuideService       : Track Location for user internalUser6289
2022-10-02 23:12:34.134  INFO 75568 --- [    Test worker] tourGuide.service.TourGuideService       : Track Location for user internalUser6288
2022-10-02 23:12:34.134  INFO 75568 --- [    Test worker] tourGuide.service.TourGuideService       : Track Location for user internalUser6290
2022-10-02 23:12:34.134  INFO 75568 --- [pool-7-thread-1] tourGuide.service.TourGuideService       : Track Location for user internalUser8935
2022-10-02 23:12:34.134  INFO 75568 --- [    Test worker] tourGuide.service.TourGuideService       : Track Location for user internalUser6292
2022-10-02 23:12:34.134  INFO 75568 --- [pool-7-thread-1] tourGuide.service.TourGuideService       : Track Location for user internalUser7604
2022-10-02 23:12:34.134  INFO 75568 --- [    Test worker] tourGuide.service.TourGuideService       : Track Location for user internalUser6291
2022-10-02 23:12:34.134  INFO 75568 --- [pool-7-thread-1] tourGuide.service.TourGuideService       : Track Location for user internalUser8932
2022-10-02 23:12:34.134  INFO 75568 --- [    Test worker] tourGuide.service.TourGuideService       : Track Location for user internalUser6294
2022-10-02 23:12:34.134  INFO 75568 --- [pool-7-thread-1] tourGuide.service.TourGuideService       : Track Location for user internalUser7603
2022-10-02 23:12:34.134  INFO 75568 --- [    Test worker] tourGuide.service.TourGuideService       : Track Location for user internalUser6293
2022-10-02 23:12:34.134  INFO 75568 --- [pool-7-thread-1] tourGuide.service.TourGuideService       : Track Location for user internalUser8933
2022-10-02 23:12:34.134  INFO 75568 --- [    Test worker] tourGuide.service.TourGuideService       : Track Location for user internalUser6259
2022-10-02 23:12:34.134  INFO 75568 --- [    Test worker] tourGuide.service.TourGuideService       : Track Location for user internalUser6252
2022-10-02 23:12:34.134  INFO 75568 --- [pool-7-thread-1] tourGuide.service.TourGuideService       : Track Location for user internalUser7606
2022-10-02 23:12:34.134  INFO 75568 --- [pool-7-thread-1] tourGuide.service.TourGuideService       : Track Location for user internalUser8938
2022-10-02 23:12:34.134  INFO 75568 --- [    Test worker] tourGuide.service.TourGuideService       : Track Location for user internalUser7583
2022-10-02 23:12:34.134  INFO 75568 --- [pool-7-thread-1] tourGuide.service.TourGuideService       : Track Location for user internalUser7605
2022-10-02 23:12:34.134  INFO 75568 --- [    Test worker] tourGuide.service.TourGuideService       : Track Location for user internalUser6251
2022-10-02 23:12:34.134  INFO 75568 --- [pool-7-thread-1] tourGuide.service.TourGuideService       : Track Location for user internalUser8939
2022-10-02 23:12:34.134  INFO 75568 --- [    Test worker] tourGuide.service.TourGuideService       : Track Location for user internalUser7582
2022-10-02 23:12:34.134  INFO 75568 --- [pool-7-thread-1] tourGuide.service.TourGuideService       : Track Location for user internalUser7608
2022-10-02 23:12:34.134  INFO 75568 --- [    Test worker] tourGuide.service.TourGuideService       : Track Location for user internalUser6254
2022-10-02 23:12:34.134  INFO 75568 --- [pool-7-thread-1] tourGuide.service.TourGuideService       : Track Location for user internalUser8936
2022-10-02 23:12:34.134  INFO 75568 --- [    Test worker] tourGuide.service.TourGuideService       : Track Location for user internalUser7585
2022-10-02 23:12:34.134  INFO 75568 --- [pool-7-thread-1] tourGuide.service.TourGuideService       : Track Location for user internalUser7607
2022-10-02 23:12:34.134  INFO 75568 --- [    Test worker] tourGuide.service.TourGuideService       : Track Location for user internalUser6253
2022-10-02 23:12:34.134  INFO 75568 --- [pool-7-thread-1] tourGuide.service.TourGuideService       : Track Location for user internalUser8937
2022-10-02 23:12:34.134  INFO 75568 --- [    Test worker] tourGuide.service.TourGuideService       : Track Location for user internalUser7584
2022-10-02 23:12:34.134  INFO 75568 --- [pool-7-thread-1] tourGuide.service.TourGuideService       : Track Location for user internalUser8930
2022-10-02 23:12:34.134  INFO 75568 --- [    Test worker] tourGuide.service.TourGuideService       : Track Location for user internalUser6256
2022-10-02 23:12:34.134  INFO 75568 --- [pool-7-thread-1] tourGuide.service.TourGuideService       : Track Location for user internalUser8931
2022-10-02 23:12:34.134  INFO 75568 --- [    Test worker] tourGuide.service.TourGuideService       : Track Location for user internalUser7587
2022-10-02 23:12:34.134  INFO 75568 --- [pool-7-thread-1] tourGuide.service.TourGuideService       : Track Location for user internalUser7600
2022-10-02 23:12:34.134  INFO 75568 --- [    Test worker] tourGuide.service.TourGuideService       : Track Location for user internalUser6255
2022-10-02 23:12:34.134  INFO 75568 --- [pool-7-thread-1] tourGuide.service.TourGuideService       : Track Location for user internalUser7609
2022-10-02 23:12:34.134  INFO 75568 --- [    Test worker] tourGuide.service.TourGuideService       : Track Location for user internalUser7586
2022-10-02 23:12:34.134  INFO 75568 --- [pool-7-thread-1] tourGuide.service.TourGuideService       : Track Location for user internalUser7613
2022-10-02 23:12:34.134  INFO 75568 --- [    Test worker] tourGuide.service.TourGuideService       : Track Location for user internalUser6258
2022-10-02 23:12:34.134  INFO 75568 --- [pool-7-thread-1] tourGuide.service.TourGuideService       : Track Location for user internalUser8945
2022-10-02 23:12:34.134  INFO 75568 --- [    Test worker] tourGuide.service.TourGuideService       : Track Location for user internalUser7589
2022-10-02 23:12:34.134  INFO 75568 --- [pool-7-thread-1] tourGuide.service.TourGuideService       : Track Location for user internalUser7612
2022-10-02 23:12:34.134  INFO 75568 --- [    Test worker] tourGuide.service.TourGuideService       : Track Location for user internalUser6257
2022-10-02 23:12:34.134  INFO 75568 --- [pool-7-thread-1] tourGuide.service.TourGuideService       : Track Location for user internalUser8946
2022-10-02 23:12:34.134  INFO 75568 --- [    Test worker] tourGuide.service.TourGuideService       : Track Location for user internalUser7588
2022-10-02 23:12:34.134  INFO 75568 --- [pool-7-thread-1] tourGuide.service.TourGuideService       : Track Location for user internalUser7615
2022-10-02 23:12:34.134  INFO 75568 --- [    Test worker] tourGuide.service.TourGuideService       : Track Location for user internalUser7590
2022-10-02 23:12:34.134  INFO 75568 --- [pool-7-thread-1] tourGuide.service.TourGuideService       : Track Location for user internalUser8943
2022-10-02 23:12:34.134  INFO 75568 --- [    Test worker] tourGuide.service.TourGuideService       : Track Location for user internalUser6261
2022-10-02 23:12:34.134  INFO 75568 --- [pool-7-thread-1] tourGuide.service.TourGuideService       : Track Location for user internalUser7614
2022-10-02 23:12:34.134  INFO 75568 --- [    Test worker] tourGuide.service.TourGuideService       : Track Location for user internalUser7592
2022-10-02 23:12:34.134  INFO 75568 --- [pool-7-thread-1] tourGuide.service.TourGuideService       : Track Location for user internalUser8944
2022-10-02 23:12:34.134  INFO 75568 --- [    Test worker] tourGuide.service.TourGuideService       : Track Location for user internalUser6260
2022-10-02 23:12:34.134  INFO 75568 --- [pool-7-thread-1] tourGuide.service.TourGuideService       : Track Location for user internalUser7617
2022-10-02 23:12:34.134  INFO 75568 --- [    Test worker] tourGuide.service.TourGuideService       : Track Location for user internalUser7591
2022-10-02 23:12:34.134  INFO 75568 --- [pool-7-thread-1] tourGuide.service.TourGuideService       : Track Location for user internalUser8949
2022-10-02 23:12:34.134  INFO 75568 --- [    Test worker] tourGuide.service.TourGuideService       : Track Location for user internalUser6263
2022-10-02 23:12:34.135  INFO 75568 --- [    Test worker] tourGuide.service.TourGuideService       : Track Location for user internalUser7594
2022-10-02 23:12:34.135  INFO 75568 --- [    Test worker] tourGuide.service.TourGuideService       : Track Location for user internalUser6262
2022-10-02 23:12:34.135  INFO 75568 --- [    Test worker] tourGuide.service.TourGuideService       : Track Location for user internalUser7593
2022-10-02 23:12:34.135  INFO 75568 --- [pool-7-thread-1] tourGuide.service.TourGuideService       : Track Location for user internalUser7616
2022-10-02 23:12:34.135  INFO 75568 --- [    Test worker] tourGuide.service.TourGuideService       : Track Location for user internalUser6265
2022-10-02 23:12:34.135  INFO 75568 --- [pool-7-thread-1] tourGuide.service.TourGuideService       : Track Location for user internalUser7619
2022-10-02 23:12:34.135  INFO 75568 --- [    Test worker] tourGuide.service.TourGuideService       : Track Location for user internalUser7596
2022-10-02 23:12:34.135  INFO 75568 --- [pool-7-thread-1] tourGuide.service.TourGuideService       : Track Location for user internalUser8947
2022-10-02 23:12:34.135  INFO 75568 --- [    Test worker] tourGuide.service.TourGuideService       : Track Location for user internalUser6264
2022-10-02 23:12:34.135  INFO 75568 --- [pool-7-thread-1] tourGuide.service.TourGuideService       : Track Location for user internalUser7618
2022-10-02 23:12:34.135  INFO 75568 --- [    Test worker] tourGuide.service.TourGuideService       : Track Location for user internalUser7595
2022-10-02 23:12:34.135  INFO 75568 --- [pool-7-thread-1] tourGuide.service.TourGuideService       : Track Location for user internalUser8948
2022-10-02 23:12:34.135  INFO 75568 --- [    Test worker] tourGuide.service.TourGuideService       : Track Location for user internalUser6267
2022-10-02 23:12:34.135  INFO 75568 --- [pool-7-thread-1] tourGuide.service.TourGuideService       : Track Location for user internalUser8941
2022-10-02 23:12:34.135  INFO 75568 --- [    Test worker] tourGuide.service.TourGuideService       : Track Location for user internalUser7598
2022-10-02 23:12:34.135  INFO 75568 --- [pool-7-thread-1] tourGuide.service.TourGuideService       : Track Location for user internalUser8942
2022-10-02 23:12:34.135  INFO 75568 --- [    Test worker] tourGuide.service.TourGuideService       : Track Location for user internalUser6266
2022-10-02 23:12:34.135  INFO 75568 --- [    Test worker] tourGuide.service.TourGuideService       : Track Location for user internalUser7597
2022-10-02 23:12:34.135  INFO 75568 --- [pool-7-thread-1] tourGuide.service.TourGuideService       : Track Location for user internalUser7611
2022-10-02 23:12:34.135  INFO 75568 --- [    Test worker] tourGuide.service.TourGuideService       : Track Location for user internalUser6269
2022-10-02 23:12:34.135  INFO 75568 --- [pool-7-thread-1] tourGuide.service.TourGuideService       : Track Location for user internalUser7610
2022-10-02 23:12:34.135  INFO 75568 --- [    Test worker] tourGuide.service.TourGuideService       : Track Location for user internalUser6268
2022-10-02 23:12:34.135  INFO 75568 --- [    Test worker] tourGuide.service.TourGuideService       : Track Location for user internalUser7599
2022-10-02 23:12:34.135  INFO 75568 --- [    Test worker] tourGuide.service.TourGuideService       : Track Location for user internalUser6270
2022-10-02 23:12:34.135  INFO 75568 --- [    Test worker] tourGuide.service.TourGuideService       : Track Location for user internalUser6272
2022-10-02 23:12:34.135  INFO 75568 --- [    Test worker] tourGuide.service.TourGuideService       : Track Location for user internalUser6271
2022-10-02 23:12:34.135  INFO 75568 --- [pool-7-thread-1] tourGuide.service.TourGuideService       : Track Location for user internalUser8940
2022-10-02 23:12:34.135  INFO 75568 --- [    Test worker] tourGuide.service.TourGuideService       : Track Location for user internalUser8813
2022-10-02 23:12:34.135  INFO 75568 --- [pool-7-thread-1] tourGuide.service.TourGuideService       : Track Location for user internalUser8912
2022-10-02 23:12:34.135  INFO 75568 --- [    Test worker] tourGuide.service.TourGuideService       : Track Location for user internalUser8814
2022-10-02 23:12:34.135  INFO 75568 --- [pool-7-thread-1] tourGuide.service.TourGuideService       : Track Location for user internalUser8913
2022-10-02 23:12:34.135  INFO 75568 --- [    Test worker] tourGuide.service.TourGuideService       : Track Location for user internalUser8811
2022-10-02 23:12:34.135  INFO 75568 --- [pool-7-thread-1] tourGuide.service.TourGuideService       : Track Location for user internalUser8910
2022-10-02 23:12:34.135  INFO 75568 --- [    Test worker] tourGuide.service.TourGuideService       : Track Location for user internalUser8812
2022-10-02 23:12:34.135  INFO 75568 --- [pool-7-thread-1] tourGuide.service.TourGuideService       : Track Location for user internalUser8911
2022-10-02 23:12:34.135  INFO 75568 --- [    Test worker] tourGuide.service.TourGuideService       : Track Location for user internalUser8817
2022-10-02 23:12:34.135  INFO 75568 --- [pool-7-thread-1] tourGuide.service.TourGuideService       : Track Location for user internalUser8916
2022-10-02 23:12:34.135  INFO 75568 --- [    Test worker] tourGuide.service.TourGuideService       : Track Location for user internalUser8818
2022-10-02 23:12:34.135  INFO 75568 --- [pool-7-thread-1] tourGuide.service.TourGuideService       : Track Location for user internalUser8917
2022-10-02 23:12:34.135  INFO 75568 --- [    Test worker] tourGuide.service.TourGuideService       : Track Location for user internalUser8815
2022-10-02 23:12:34.135  INFO 75568 --- [pool-7-thread-1] tourGuide.service.TourGuideService       : Track Location for user internalUser8914
2022-10-02 23:12:34.135  INFO 75568 --- [    Test worker] tourGuide.service.TourGuideService       : Track Location for user internalUser8816
2022-10-02 23:12:34.135  INFO 75568 --- [pool-7-thread-1] tourGuide.service.TourGuideService       : Track Location for user internalUser8915
2022-10-02 23:12:34.135  INFO 75568 --- [    Test worker] tourGuide.service.TourGuideService       : Track Location for user internalUser8810
2022-10-02 23:12:34.135  INFO 75568 --- [pool-7-thread-1] tourGuide.service.TourGuideService       : Track Location for user internalUser8918
2022-10-02 23:12:34.135  INFO 75568 --- [    Test worker] tourGuide.service.TourGuideService       : Track Location for user internalUser8819
2022-10-02 23:12:34.135  INFO 75568 --- [pool-7-thread-1] tourGuide.service.TourGuideService       : Track Location for user internalUser8919
2022-10-02 23:12:34.135  INFO 75568 --- [    Test worker] tourGuide.service.TourGuideService       : Track Location for user internalUser8824
2022-10-02 23:12:34.135  INFO 75568 --- [pool-7-thread-1] tourGuide.service.TourGuideService       : Track Location for user internalUser8923
2022-10-02 23:12:34.135  INFO 75568 --- [    Test worker] tourGuide.service.TourGuideService       : Track Location for user internalUser8825
2022-10-02 23:12:34.135  INFO 75568 --- [pool-7-thread-1] tourGuide.service.TourGuideService       : Track Location for user internalUser8924
2022-10-02 23:12:34.135  INFO 75568 --- [    Test worker] tourGuide.service.TourGuideService       : Track Location for user internalUser8822
2022-10-02 23:12:34.135  INFO 75568 --- [pool-7-thread-1] tourGuide.service.TourGuideService       : Track Location for user internalUser8921
2022-10-02 23:12:34.135  INFO 75568 --- [    Test worker] tourGuide.service.TourGuideService       : Track Location for user internalUser8823
2022-10-02 23:12:34.135  INFO 75568 --- [    Test worker] tourGuide.service.TourGuideService       : Track Location for user internalUser8828
2022-10-02 23:12:34.135  INFO 75568 --- [    Test worker] tourGuide.service.TourGuideService       : Track Location for user internalUser8829
2022-10-02 23:12:34.135  INFO 75568 --- [pool-7-thread-1] tourGuide.service.TourGuideService       : Track Location for user internalUser8922
2022-10-02 23:12:34.135  INFO 75568 --- [    Test worker] tourGuide.service.TourGuideService       : Track Location for user internalUser8826
2022-10-02 23:12:34.135  INFO 75568 --- [pool-7-thread-1] tourGuide.service.TourGuideService       : Track Location for user internalUser8927
2022-10-02 23:12:34.135  INFO 75568 --- [    Test worker] tourGuide.service.TourGuideService       : Track Location for user internalUser8827
2022-10-02 23:12:34.135  INFO 75568 --- [    Test worker] tourGuide.service.TourGuideService       : Track Location for user internalUser8820
2022-10-02 23:12:34.135  INFO 75568 --- [pool-7-thread-1] tourGuide.service.TourGuideService       : Track Location for user internalUser8928
2022-10-02 23:12:34.135  INFO 75568 --- [    Test worker] tourGuide.service.TourGuideService       : Track Location for user internalUser8821
2022-10-02 23:12:34.135  INFO 75568 --- [pool-7-thread-1] tourGuide.service.TourGuideService       : Track Location for user internalUser8925
2022-10-02 23:12:34.135  INFO 75568 --- [    Test worker] tourGuide.service.TourGuideService       : Track Location for user internalUser8802
2022-10-02 23:12:34.135  INFO 75568 --- [pool-7-thread-1] tourGuide.service.TourGuideService       : Track Location for user internalUser8926
2022-10-02 23:12:34.135  INFO 75568 --- [    Test worker] tourGuide.service.TourGuideService       : Track Location for user internalUser8803
2022-10-02 23:12:34.135  INFO 75568 --- [pool-7-thread-1] tourGuide.service.TourGuideService       : Track Location for user internalUser8920
2022-10-02 23:12:34.135  INFO 75568 --- [    Test worker] tourGuide.service.TourGuideService       : Track Location for user internalUser8800
2022-10-02 23:12:34.135  INFO 75568 --- [pool-7-thread-1] tourGuide.service.TourGuideService       : Track Location for user internalUser8929
2022-10-02 23:12:34.135  INFO 75568 --- [    Test worker] tourGuide.service.TourGuideService       : Track Location for user internalUser8801
2022-10-02 23:12:34.135  INFO 75568 --- [pool-7-thread-1] tourGuide.service.TourGuideService       : Track Location for user internalUser6315
2022-10-02 23:12:34.135  INFO 75568 --- [    Test worker] tourGuide.service.TourGuideService       : Track Location for user internalUser8806
2022-10-02 23:12:34.135  INFO 75568 --- [pool-7-thread-1] tourGuide.service.TourGuideService       : Track Location for user internalUser7646
2022-10-02 23:12:34.135  INFO 75568 --- [    Test worker] tourGuide.service.TourGuideService       : Track Location for user internalUser8807
2022-10-02 23:12:34.135  INFO 75568 --- [pool-7-thread-1] tourGuide.service.TourGuideService       : Track Location for user internalUser8978
2022-10-02 23:12:34.135  INFO 75568 --- [    Test worker] tourGuide.service.TourGuideService       : Track Location for user internalUser8804
2022-10-02 23:12:34.135  INFO 75568 --- [pool-7-thread-1] tourGuide.service.TourGuideService       : Track Location for user internalUser6314
2022-10-02 23:12:34.135  INFO 75568 --- [    Test worker] tourGuide.service.TourGuideService       : Track Location for user internalUser8805
2022-10-02 23:12:34.135  INFO 75568 --- [pool-7-thread-1] tourGuide.service.TourGuideService       : Track Location for user internalUser7645
2022-10-02 23:12:34.135  INFO 75568 --- [    Test worker] tourGuide.service.TourGuideService       : Track Location for user internalUser8808
2022-10-02 23:12:34.135  INFO 75568 --- [pool-7-thread-1] tourGuide.service.TourGuideService       : Track Location for user internalUser8979
2022-10-02 23:12:34.135  INFO 75568 --- [    Test worker] tourGuide.service.TourGuideService       : Track Location for user internalUser8809
2022-10-02 23:12:34.135  INFO 75568 --- [pool-7-thread-1] tourGuide.service.TourGuideService       : Track Location for user internalUser6317
2022-10-02 23:12:34.135  INFO 75568 --- [    Test worker] tourGuide.service.TourGuideService       : Track Location for user internalUser7525
2022-10-02 23:12:34.135  INFO 75568 --- [pool-7-thread-1] tourGuide.service.TourGuideService       : Track Location for user internalUser7648
2022-10-02 23:12:34.135  INFO 75568 --- [    Test worker] tourGuide.service.TourGuideService       : Track Location for user internalUser8857
2022-10-02 23:12:34.135  INFO 75568 --- [pool-7-thread-1] tourGuide.service.TourGuideService       : Track Location for user internalUser8976
2022-10-02 23:12:34.135  INFO 75568 --- [    Test worker] tourGuide.service.TourGuideService       : Track Location for user internalUser7524
2022-10-02 23:12:34.135  INFO 75568 --- [pool-7-thread-1] tourGuide.service.TourGuideService       : Track Location for user internalUser6316
2022-10-02 23:12:34.135  INFO 75568 --- [    Test worker] tourGuide.service.TourGuideService       : Track Location for user internalUser8858
2022-10-02 23:12:34.135  INFO 75568 --- [pool-7-thread-1] tourGuide.service.TourGuideService       : Track Location for user internalUser7647
2022-10-02 23:12:34.135  INFO 75568 --- [    Test worker] tourGuide.service.TourGuideService       : Track Location for user internalUser7527
2022-10-02 23:12:34.135  INFO 75568 --- [pool-7-thread-1] tourGuide.service.TourGuideService       : Track Location for user internalUser8977
2022-10-02 23:12:34.135  INFO 75568 --- [    Test worker] tourGuide.service.TourGuideService       : Track Location for user internalUser8855
2022-10-02 23:12:34.135  INFO 75568 --- [pool-7-thread-1] tourGuide.service.TourGuideService       : Track Location for user internalUser6319
2022-10-02 23:12:34.135  INFO 75568 --- [    Test worker] tourGuide.service.TourGuideService       : Track Location for user internalUser7526
2022-10-02 23:12:34.135  INFO 75568 --- [pool-7-thread-1] tourGuide.service.TourGuideService       : Track Location for user internalUser6318
2022-10-02 23:12:34.135  INFO 75568 --- [    Test worker] tourGuide.service.TourGuideService       : Track Location for user internalUser8856
2022-10-02 23:12:34.135  INFO 75568 --- [pool-7-thread-1] tourGuide.service.TourGuideService       : Track Location for user internalUser7649
2022-10-02 23:12:34.135  INFO 75568 --- [    Test worker] tourGuide.service.TourGuideService       : Track Location for user internalUser7529
2022-10-02 23:12:34.135  INFO 75568 --- [pool-7-thread-1] tourGuide.service.TourGuideService       : Track Location for user internalUser8970
2022-10-02 23:12:34.135  INFO 75568 --- [    Test worker] tourGuide.service.TourGuideService       : Track Location for user internalUser7528
2022-10-02 23:12:34.135  INFO 75568 --- [    Test worker] tourGuide.service.TourGuideService       : Track Location for user internalUser8859
2022-10-02 23:12:34.135  INFO 75568 --- [pool-7-thread-1] tourGuide.service.TourGuideService       : Track Location for user internalUser8971
2022-10-02 23:12:34.135  INFO 75568 --- [    Test worker] tourGuide.service.TourGuideService       : Track Location for user internalUser8850
2022-10-02 23:12:34.135  INFO 75568 --- [pool-7-thread-1] tourGuide.service.TourGuideService       : Track Location for user internalUser7640
2022-10-02 23:12:34.135  INFO 75568 --- [    Test worker] tourGuide.service.TourGuideService       : Track Location for user internalUser7521
2022-10-02 23:12:34.135  INFO 75568 --- [pool-7-thread-1] tourGuide.service.TourGuideService       : Track Location for user internalUser6311
2022-10-02 23:12:34.135  INFO 75568 --- [    Test worker] tourGuide.service.TourGuideService       : Track Location for user internalUser8853
2022-10-02 23:12:34.135  INFO 75568 --- [    Test worker] tourGuide.service.TourGuideService       : Track Location for user internalUser7520
2022-10-02 23:12:34.135  INFO 75568 --- [    Test worker] tourGuide.service.TourGuideService       : Track Location for user internalUser8854
2022-10-02 23:12:34.135  INFO 75568 --- [    Test worker] tourGuide.service.TourGuideService       : Track Location for user internalUser7523
2022-10-02 23:12:34.135  INFO 75568 --- [pool-7-thread-1] tourGuide.service.TourGuideService       : Track Location for user internalUser7642
2022-10-02 23:12:34.135  INFO 75568 --- [    Test worker] tourGuide.service.TourGuideService       : Track Location for user internalUser8851
2022-10-02 23:12:34.135  INFO 75568 --- [pool-7-thread-1] tourGuide.service.TourGuideService       : Track Location for user internalUser8974
2022-10-02 23:12:34.135  INFO 75568 --- [    Test worker] tourGuide.service.TourGuideService       : Track Location for user internalUser7522
2022-10-02 23:12:34.135  INFO 75568 --- [pool-7-thread-1] tourGuide.service.TourGuideService       : Track Location for user internalUser6310
2022-10-02 23:12:34.135  INFO 75568 --- [    Test worker] tourGuide.service.TourGuideService       : Track Location for user internalUser8852
2022-10-02 23:12:34.135  INFO 75568 --- [pool-7-thread-1] tourGuide.service.TourGuideService       : Track Location for user internalUser7641
2022-10-02 23:12:34.135  INFO 75568 --- [    Test worker] tourGuide.service.TourGuideService       : Track Location for user internalUser6205
2022-10-02 23:12:34.136  INFO 75568 --- [pool-7-thread-1] tourGuide.service.TourGuideService       : Track Location for user internalUser8975
2022-10-02 23:12:34.136  INFO 75568 --- [    Test worker] tourGuide.service.TourGuideService       : Track Location for user internalUser7536
2022-10-02 23:12:34.136  INFO 75568 --- [pool-7-thread-1] tourGuide.service.TourGuideService       : Track Location for user internalUser6313
2022-10-02 23:12:34.136  INFO 75568 --- [    Test worker] tourGuide.service.TourGuideService       : Track Location for user internalUser8868
2022-10-02 23:12:34.136  INFO 75568 --- [pool-7-thread-1] tourGuide.service.TourGuideService       : Track Location for user internalUser7644
2022-10-02 23:12:34.136  INFO 75568 --- [    Test worker] tourGuide.service.TourGuideService       : Track Location for user internalUser6204
2022-10-02 23:12:34.136  INFO 75568 --- [pool-7-thread-1] tourGuide.service.TourGuideService       : Track Location for user internalUser8972
2022-10-02 23:12:34.136  INFO 75568 --- [    Test worker] tourGuide.service.TourGuideService       : Track Location for user internalUser7535
2022-10-02 23:12:34.136  INFO 75568 --- [pool-7-thread-1] tourGuide.service.TourGuideService       : Track Location for user internalUser6312
2022-10-02 23:12:34.136  INFO 75568 --- [    Test worker] tourGuide.service.TourGuideService       : Track Location for user internalUser8869
2022-10-02 23:12:34.136  INFO 75568 --- [pool-7-thread-1] tourGuide.service.TourGuideService       : Track Location for user internalUser7643
2022-10-02 23:12:34.136  INFO 75568 --- [    Test worker] tourGuide.service.TourGuideService       : Track Location for user internalUser6207
2022-10-02 23:12:34.136  INFO 75568 --- [    Test worker] tourGuide.service.TourGuideService       : Track Location for user internalUser7538
2022-10-02 23:12:34.136  INFO 75568 --- [pool-7-thread-1] tourGuide.service.TourGuideService       : Track Location for user internalUser8973
2022-10-02 23:12:34.136  INFO 75568 --- [    Test worker] tourGuide.service.TourGuideService       : Track Location for user internalUser8866
2022-10-02 23:12:34.136  INFO 75568 --- [pool-7-thread-1] tourGuide.service.TourGuideService       : Track Location for user internalUser6326
2022-10-02 23:12:34.136  INFO 75568 --- [    Test worker] tourGuide.service.TourGuideService       : Track Location for user internalUser6206
2022-10-02 23:12:34.136  INFO 75568 --- [pool-7-thread-1] tourGuide.service.TourGuideService       : Track Location for user internalUser7657
2022-10-02 23:12:34.136  INFO 75568 --- [    Test worker] tourGuide.service.TourGuideService       : Track Location for user internalUser7537
2022-10-02 23:12:34.136  INFO 75568 --- [pool-7-thread-1] tourGuide.service.TourGuideService       : Track Location for user internalUser8989
2022-10-02 23:12:34.136  INFO 75568 --- [    Test worker] tourGuide.service.TourGuideService       : Track Location for user internalUser8867
2022-10-02 23:12:34.136  INFO 75568 --- [pool-7-thread-1] tourGuide.service.TourGuideService       : Track Location for user internalUser6325
2022-10-02 23:12:34.136  INFO 75568 --- [    Test worker] tourGuide.service.TourGuideService       : Track Location for user internalUser6209
2022-10-02 23:12:34.136  INFO 75568 --- [    Test worker] tourGuide.service.TourGuideService       : Track Location for user internalUser6208
2022-10-02 23:12:34.136  INFO 75568 --- [    Test worker] tourGuide.service.TourGuideService       : Track Location for user internalUser7539
2022-10-02 23:12:34.136  INFO 75568 --- [pool-7-thread-1] tourGuide.service.TourGuideService       : Track Location for user internalUser7656
2022-10-02 23:12:34.136  INFO 75568 --- [    Test worker] tourGuide.service.TourGuideService       : Track Location for user internalUser8860
2022-10-02 23:12:34.136  INFO 75568 --- [pool-7-thread-1] tourGuide.service.TourGuideService       : Track Location for user internalUser6328
2022-10-02 23:12:34.136  INFO 75568 --- [    Test worker] tourGuide.service.TourGuideService       : Track Location for user internalUser8861
2022-10-02 23:12:34.136  INFO 75568 --- [pool-7-thread-1] tourGuide.service.TourGuideService       : Track Location for user internalUser7659
2022-10-02 23:12:34.136  INFO 75568 --- [    Test worker] tourGuide.service.TourGuideService       : Track Location for user internalUser7530
2022-10-02 23:12:34.136  INFO 75568 --- [    Test worker] tourGuide.service.TourGuideService       : Track Location for user internalUser6201
2022-10-02 23:12:34.136  INFO 75568 --- [    Test worker] tourGuide.service.TourGuideService       : Track Location for user internalUser7532
2022-10-02 23:12:34.136  INFO 75568 --- [pool-7-thread-1] tourGuide.service.TourGuideService       : Track Location for user internalUser8987
2022-10-02 23:12:34.136  INFO 75568 --- [    Test worker] tourGuide.service.TourGuideService       : Track Location for user internalUser8864
2022-10-02 23:12:34.136  INFO 75568 --- [    Test worker] tourGuide.service.TourGuideService       : Track Location for user internalUser6200
2022-10-02 23:12:34.136  INFO 75568 --- [    Test worker] tourGuide.service.TourGuideService       : Track Location for user internalUser7531
2022-10-02 23:12:34.136  INFO 75568 --- [    Test worker] tourGuide.service.TourGuideService       : Track Location for user internalUser8865
2022-10-02 23:12:34.136  INFO 75568 --- [pool-7-thread-1] tourGuide.service.TourGuideService       : Track Location for user internalUser6327
2022-10-02 23:12:34.136  INFO 75568 --- [    Test worker] tourGuide.service.TourGuideService       : Track Location for user internalUser6203
2022-10-02 23:12:34.136  INFO 75568 --- [pool-7-thread-1] tourGuide.service.TourGuideService       : Track Location for user internalUser7658
2022-10-02 23:12:34.136  INFO 75568 --- [    Test worker] tourGuide.service.TourGuideService       : Track Location for user internalUser7534
2022-10-02 23:12:34.136  INFO 75568 --- [    Test worker] tourGuide.service.TourGuideService       : Track Location for user internalUser8862
2022-10-02 23:12:34.136  INFO 75568 --- [    Test worker] tourGuide.service.TourGuideService       : Track Location for user internalUser6202
2022-10-02 23:12:34.136  INFO 75568 --- [    Test worker] tourGuide.service.TourGuideService       : Track Location for user internalUser7533
2022-10-02 23:12:34.136  INFO 75568 --- [pool-7-thread-1] tourGuide.service.TourGuideService       : Track Location for user internalUser8988
2022-10-02 23:12:34.136  INFO 75568 --- [    Test worker] tourGuide.service.TourGuideService       : Track Location for user internalUser8863
2022-10-02 23:12:34.136  INFO 75568 --- [    Test worker] tourGuide.service.TourGuideService       : Track Location for user internalUser7503
2022-10-02 23:12:34.136  INFO 75568 --- [pool-7-thread-1] tourGuide.service.TourGuideService       : Track Location for user internalUser6329
2022-10-02 23:12:34.136  INFO 75568 --- [    Test worker] tourGuide.service.TourGuideService       : Track Location for user internalUser8835
2022-10-02 23:12:34.136  INFO 75568 --- [pool-7-thread-1] tourGuide.service.TourGuideService       : Track Location for user internalUser8981
2022-10-02 23:12:34.136  INFO 75568 --- [    Test worker] tourGuide.service.TourGuideService       : Track Location for user internalUser7502
2022-10-02 23:12:34.136  INFO 75568 --- [pool-7-thread-1] tourGuide.service.TourGuideService       : Track Location for user internalUser8982
2022-10-02 23:12:34.136  INFO 75568 --- [    Test worker] tourGuide.service.TourGuideService       : Track Location for user internalUser8836
2022-10-02 23:12:34.136  INFO 75568 --- [pool-7-thread-1] tourGuide.service.TourGuideService       : Track Location for user internalUser6320
2022-10-02 23:12:34.136  INFO 75568 --- [    Test worker] tourGuide.service.TourGuideService       : Track Location for user internalUser7505
2022-10-02 23:12:34.136  INFO 75568 --- [pool-7-thread-1] tourGuide.service.TourGuideService       : Track Location for user internalUser7651
2022-10-02 23:12:34.136  INFO 75568 --- [pool-7-thread-1] tourGuide.service.TourGuideService       : Track Location for user internalUser7650
2022-10-02 23:12:34.136  INFO 75568 --- [pool-7-thread-1] tourGuide.service.TourGuideService       : Track Location for user internalUser8980
2022-10-02 23:12:34.136  INFO 75568 --- [    Test worker] tourGuide.service.TourGuideService       : Track Location for user internalUser8833
2022-10-02 23:12:34.136  INFO 75568 --- [pool-7-thread-1] tourGuide.service.TourGuideService       : Track Location for user internalUser6322
2022-10-02 23:12:34.136  INFO 75568 --- [    Test worker] tourGuide.service.TourGuideService       : Track Location for user internalUser7504
2022-10-02 23:12:34.136  INFO 75568 --- [pool-7-thread-1] tourGuide.service.TourGuideService       : Track Location for user internalUser7653
2022-10-02 23:12:34.136  INFO 75568 --- [    Test worker] tourGuide.service.TourGuideService       : Track Location for user internalUser8834
2022-10-02 23:12:34.136  INFO 75568 --- [    Test worker] tourGuide.service.TourGuideService       : Track Location for user internalUser7507
2022-10-02 23:12:34.136  INFO 75568 --- [pool-7-thread-1] tourGuide.service.TourGuideService       : Track Location for user internalUser8985
2022-10-02 23:12:34.136  INFO 75568 --- [    Test worker] tourGuide.service.TourGuideService       : Track Location for user internalUser8839
2022-10-02 23:12:34.136  INFO 75568 --- [pool-7-thread-1] tourGuide.service.TourGuideService       : Track Location for user internalUser6321
2022-10-02 23:12:34.136  INFO 75568 --- [    Test worker] tourGuide.service.TourGuideService       : Track Location for user internalUser7506
2022-10-02 23:12:34.136  INFO 75568 --- [    Test worker] tourGuide.service.TourGuideService       : Track Location for user internalUser7509
2022-10-02 23:12:34.136  INFO 75568 --- [    Test worker] tourGuide.service.TourGuideService       : Track Location for user internalUser8837
2022-10-02 23:12:34.136  INFO 75568 --- [pool-7-thread-1] tourGuide.service.TourGuideService       : Track Location for user internalUser7652
2022-10-02 23:12:34.136  INFO 75568 --- [    Test worker] tourGuide.service.TourGuideService       : Track Location for user internalUser7508
2022-10-02 23:12:34.136  INFO 75568 --- [pool-7-thread-1] tourGuide.service.TourGuideService       : Track Location for user internalUser8986
2022-10-02 23:12:34.136  INFO 75568 --- [    Test worker] tourGuide.service.TourGuideService       : Track Location for user internalUser8838
2022-10-02 23:12:34.136  INFO 75568 --- [pool-7-thread-1] tourGuide.service.TourGuideService       : Track Location for user internalUser6324
2022-10-02 23:12:34.136  INFO 75568 --- [    Test worker] tourGuide.service.TourGuideService       : Track Location for user internalUser8831
2022-10-02 23:12:34.136  INFO 75568 --- [pool-7-thread-1] tourGuide.service.TourGuideService       : Track Location for user internalUser7655
2022-10-02 23:12:34.136  INFO 75568 --- [    Test worker] tourGuide.service.TourGuideService       : Track Location for user internalUser8832
2022-10-02 23:12:34.136  INFO 75568 --- [pool-7-thread-1] tourGuide.service.TourGuideService       : Track Location for user internalUser8983
2022-10-02 23:12:34.136  INFO 75568 --- [    Test worker] tourGuide.service.TourGuideService       : Track Location for user internalUser7501
2022-10-02 23:12:34.136  INFO 75568 --- [pool-7-thread-1] tourGuide.service.TourGuideService       : Track Location for user internalUser6323
2022-10-02 23:12:34.136  INFO 75568 --- [    Test worker] tourGuide.service.TourGuideService       : Track Location for user internalUser7500
2022-10-02 23:12:34.136  INFO 75568 --- [pool-7-thread-1] tourGuide.service.TourGuideService       : Track Location for user internalUser7654
2022-10-02 23:12:34.136  INFO 75568 --- [    Test worker] tourGuide.service.TourGuideService       : Track Location for user internalUser8830
2022-10-02 23:12:34.136  INFO 75568 --- [pool-7-thread-1] tourGuide.service.TourGuideService       : Track Location for user internalUser8984
2022-10-02 23:12:34.136  INFO 75568 --- [    Test worker] tourGuide.service.TourGuideService       : Track Location for user internalUser7514
2022-10-02 23:12:34.136  INFO 75568 --- [pool-7-thread-1] tourGuide.service.TourGuideService       : Track Location for user internalUser7624
2022-10-02 23:12:34.136  INFO 75568 --- [    Test worker] tourGuide.service.TourGuideService       : Track Location for user internalUser8846
2022-10-02 23:12:34.136  INFO 75568 --- [pool-7-thread-1] tourGuide.service.TourGuideService       : Track Location for user internalUser8956
2022-10-02 23:12:34.136  INFO 75568 --- [    Test worker] tourGuide.service.TourGuideService       : Track Location for user internalUser7513
2022-10-02 23:12:34.136  INFO 75568 --- [pool-7-thread-1] tourGuide.service.TourGuideService       : Track Location for user internalUser7623
2022-10-02 23:12:34.136  INFO 75568 --- [    Test worker] tourGuide.service.TourGuideService       : Track Location for user internalUser8847
2022-10-02 23:12:34.136  INFO 75568 --- [pool-7-thread-1] tourGuide.service.TourGuideService       : Track Location for user internalUser8957
2022-10-02 23:12:34.136  INFO 75568 --- [    Test worker] tourGuide.service.TourGuideService       : Track Location for user internalUser7516
2022-10-02 23:12:34.136  INFO 75568 --- [pool-7-thread-1] tourGuide.service.TourGuideService       : Track Location for user internalUser7626
2022-10-02 23:12:34.136  INFO 75568 --- [pool-7-thread-1] tourGuide.service.TourGuideService       : Track Location for user internalUser8954
2022-10-02 23:12:34.136  INFO 75568 --- [pool-7-thread-1] tourGuide.service.TourGuideService       : Track Location for user internalUser7625
2022-10-02 23:12:34.136  INFO 75568 --- [    Test worker] tourGuide.service.TourGuideService       : Track Location for user internalUser8844
2022-10-02 23:12:34.136  INFO 75568 --- [pool-7-thread-1] tourGuide.service.TourGuideService       : Track Location for user internalUser8955
2022-10-02 23:12:34.136  INFO 75568 --- [    Test worker] tourGuide.service.TourGuideService       : Track Location for user internalUser7515
2022-10-02 23:12:34.136  INFO 75568 --- [pool-7-thread-1] tourGuide.service.TourGuideService       : Track Location for user internalUser7628
2022-10-02 23:12:34.136  INFO 75568 --- [    Test worker] tourGuide.service.TourGuideService       : Track Location for user internalUser8845
2022-10-02 23:12:34.136  INFO 75568 --- [    Test worker] tourGuide.service.TourGuideService       : Track Location for user internalUser7518
2022-10-02 23:12:34.136  INFO 75568 --- [    Test worker] tourGuide.service.TourGuideService       : Track Location for user internalUser7517
2022-10-02 23:12:34.136  INFO 75568 --- [    Test worker] tourGuide.service.TourGuideService       : Track Location for user internalUser8848
2022-10-02 23:12:34.136  INFO 75568 --- [    Test worker] tourGuide.service.TourGuideService       : Track Location for user internalUser7519
2022-10-02 23:12:34.136  INFO 75568 --- [    Test worker] tourGuide.service.TourGuideService       : Track Location for user internalUser8849
2022-10-02 23:12:34.136  INFO 75568 --- [    Test worker] tourGuide.service.TourGuideService       : Track Location for user internalUser7510
2022-10-02 23:12:34.136  INFO 75568 --- [    Test worker] tourGuide.service.TourGuideService       : Track Location for user internalUser8842
2022-10-02 23:12:34.136  INFO 75568 --- [    Test worker] tourGuide.service.TourGuideService       : Track Location for user internalUser8843
2022-10-02 23:12:34.136  INFO 75568 --- [    Test worker] tourGuide.service.TourGuideService       : Track Location for user internalUser7512
2022-10-02 23:12:34.136  INFO 75568 --- [    Test worker] tourGuide.service.TourGuideService       : Track Location for user internalUser8840
2022-10-02 23:12:34.136  INFO 75568 --- [    Test worker] tourGuide.service.TourGuideService       : Track Location for user internalUser7511
2022-10-02 23:12:34.136  INFO 75568 --- [    Test worker] tourGuide.service.TourGuideService       : Track Location for user internalUser8841
2022-10-02 23:12:34.136  INFO 75568 --- [pool-7-thread-1] tourGuide.service.TourGuideService       : Track Location for user internalUser7627
2022-10-02 23:12:34.136  INFO 75568 --- [    Test worker] tourGuide.service.TourGuideService       : Track Location for user internalUser1341
2022-10-02 23:12:34.136  INFO 75568 --- [pool-7-thread-1] tourGuide.service.TourGuideService       : Track Location for user internalUser8958
2022-10-02 23:12:34.136  INFO 75568 --- [    Test worker] tourGuide.service.TourGuideService       : Track Location for user internalUser2672
2022-10-02 23:12:34.136  INFO 75568 --- [pool-7-thread-1] tourGuide.service.TourGuideService       : Track Location for user internalUser7629
2022-10-02 23:12:34.136  INFO 75568 --- [    Test worker] tourGuide.service.TourGuideService       : Track Location for user internalUser1340
2022-10-02 23:12:34.136  INFO 75568 --- [pool-7-thread-1] tourGuide.service.TourGuideService       : Track Location for user internalUser8959
2022-10-02 23:12:34.136  INFO 75568 --- [    Test worker] tourGuide.service.TourGuideService       : Track Location for user internalUser2671
2022-10-02 23:12:34.136  INFO 75568 --- [pool-7-thread-1] tourGuide.service.TourGuideService       : Track Location for user internalUser7620
2022-10-02 23:12:34.136  INFO 75568 --- [    Test worker] tourGuide.service.TourGuideService       : Track Location for user internalUser2670
2022-10-02 23:12:34.136  INFO 75568 --- [pool-7-thread-1] tourGuide.service.TourGuideService       : Track Location for user internalUser8952
2022-10-02 23:12:34.136  INFO 75568 --- [    Test worker] tourGuide.service.TourGuideService       : Track Location for user internalUser1349
2022-10-02 23:12:34.136  INFO 75568 --- [pool-7-thread-1] tourGuide.service.TourGuideService       : Track Location for user internalUser8953
2022-10-02 23:12:34.136  INFO 75568 --- [    Test worker] tourGuide.service.TourGuideService       : Track Location for user internalUser1348
2022-10-02 23:12:34.136  INFO 75568 --- [pool-7-thread-1] tourGuide.service.TourGuideService       : Track Location for user internalUser7622
2022-10-02 23:12:34.136  INFO 75568 --- [    Test worker] tourGuide.service.TourGuideService       : Track Location for user internalUser2679
2022-10-02 23:12:34.136  INFO 75568 --- [pool-7-thread-1] tourGuide.service.TourGuideService       : Track Location for user internalUser8950
2022-10-02 23:12:34.136  INFO 75568 --- [    Test worker] tourGuide.service.TourGuideService       : Track Location for user internalUser1347
2022-10-02 23:12:34.136  INFO 75568 --- [pool-7-thread-1] tourGuide.service.TourGuideService       : Track Location for user internalUser7621
2022-10-02 23:12:34.136  INFO 75568 --- [    Test worker] tourGuide.service.TourGuideService       : Track Location for user internalUser2678
2022-10-02 23:12:34.136  INFO 75568 --- [pool-7-thread-1] tourGuide.service.TourGuideService       : Track Location for user internalUser8951
2022-10-02 23:12:34.136  INFO 75568 --- [    Test worker] tourGuide.service.TourGuideService       : Track Location for user internalUser1346
2022-10-02 23:12:34.136  INFO 75568 --- [    Test worker] tourGuide.service.TourGuideService       : Track Location for user internalUser2677
2022-10-02 23:12:34.136  INFO 75568 --- [pool-7-thread-1] tourGuide.service.TourGuideService       : Track Location for user internalUser6304
2022-10-02 23:12:34.136  INFO 75568 --- [    Test worker] tourGuide.service.TourGuideService       : Track Location for user internalUser1345
2022-10-02 23:12:34.136  INFO 75568 --- [pool-7-thread-1] tourGuide.service.TourGuideService       : Track Location for user internalUser7635
2022-10-02 23:12:34.136  INFO 75568 --- [pool-7-thread-1] tourGuide.service.TourGuideService       : Track Location for user internalUser8967
2022-10-02 23:12:34.136  INFO 75568 --- [    Test worker] tourGuide.service.TourGuideService       : Track Location for user internalUser2676
2022-10-02 23:12:34.136  INFO 75568 --- [pool-7-thread-1] tourGuide.service.TourGuideService       : Track Location for user internalUser6303
2022-10-02 23:12:34.136  INFO 75568 --- [pool-7-thread-1] tourGuide.service.TourGuideService       : Track Location for user internalUser7634
2022-10-02 23:12:34.136  INFO 75568 --- [pool-7-thread-1] tourGuide.service.TourGuideService       : Track Location for user internalUser8968
2022-10-02 23:12:34.136  INFO 75568 --- [pool-7-thread-1] tourGuide.service.TourGuideService       : Track Location for user internalUser6306
2022-10-02 23:12:34.136  INFO 75568 --- [    Test worker] tourGuide.service.TourGuideService       : Track Location for user internalUser1344
2022-10-02 23:12:34.137  INFO 75568 --- [pool-7-thread-1] tourGuide.service.TourGuideService       : Track Location for user internalUser7637
2022-10-02 23:12:34.137  INFO 75568 --- [    Test worker] tourGuide.service.TourGuideService       : Track Location for user internalUser2675
2022-10-02 23:12:34.137  INFO 75568 --- [pool-7-thread-1] tourGuide.service.TourGuideService       : Track Location for user internalUser8965
2022-10-02 23:12:34.137  INFO 75568 --- [pool-7-thread-1] tourGuide.service.TourGuideService       : Track Location for user internalUser6305
2022-10-02 23:12:34.137  INFO 75568 --- [    Test worker] tourGuide.service.TourGuideService       : Track Location for user internalUser1343
2022-10-02 23:12:34.137  INFO 75568 --- [pool-7-thread-1] tourGuide.service.TourGuideService       : Track Location for user internalUser7636
2022-10-02 23:12:34.137  INFO 75568 --- [    Test worker] tourGuide.service.TourGuideService       : Track Location for user internalUser2674
2022-10-02 23:12:34.137  INFO 75568 --- [pool-7-thread-1] tourGuide.service.TourGuideService       : Track Location for user internalUser8966
2022-10-02 23:12:34.137  INFO 75568 --- [    Test worker] tourGuide.service.TourGuideService       : Track Location for user internalUser1342
2022-10-02 23:12:34.137  INFO 75568 --- [pool-7-thread-1] tourGuide.service.TourGuideService       : Track Location for user internalUser6308
2022-10-02 23:12:34.137  INFO 75568 --- [    Test worker] tourGuide.service.TourGuideService       : Track Location for user internalUser2673
2022-10-02 23:12:34.137  INFO 75568 --- [pool-7-thread-1] tourGuide.service.TourGuideService       : Track Location for user internalUser7639
2022-10-02 23:12:34.137  INFO 75568 --- [    Test worker] tourGuide.service.TourGuideService       : Track Location for user internalUser1352
2022-10-02 23:12:34.137  INFO 75568 --- [pool-7-thread-1] tourGuide.service.TourGuideService       : Track Location for user internalUser6307
2022-10-02 23:12:34.137  INFO 75568 --- [    Test worker] tourGuide.service.TourGuideService       : Track Location for user internalUser2683
2022-10-02 23:12:34.137  INFO 75568 --- [pool-7-thread-1] tourGuide.service.TourGuideService       : Track Location for user internalUser7638
2022-10-02 23:12:34.137  INFO 75568 --- [    Test worker] tourGuide.service.TourGuideService       : Track Location for user internalUser1351
2022-10-02 23:12:34.137  INFO 75568 --- [pool-7-thread-1] tourGuide.service.TourGuideService       : Track Location for user internalUser8969
2022-10-02 23:12:34.137  INFO 75568 --- [    Test worker] tourGuide.service.TourGuideService       : Track Location for user internalUser2682
2022-10-02 23:12:34.137  INFO 75568 --- [pool-7-thread-1] tourGuide.service.TourGuideService       : Track Location for user internalUser6309
2022-10-02 23:12:34.137  INFO 75568 --- [    Test worker] tourGuide.service.TourGuideService       : Track Location for user internalUser1350
2022-10-02 23:12:34.137  INFO 75568 --- [pool-7-thread-1] tourGuide.service.TourGuideService       : Track Location for user internalUser8960
2022-10-02 23:12:34.137  INFO 75568 --- [    Test worker] tourGuide.service.TourGuideService       : Track Location for user internalUser2681
2022-10-02 23:12:34.137  INFO 75568 --- [pool-7-thread-1] tourGuide.service.TourGuideService       : Track Location for user internalUser6300
2022-10-02 23:12:34.137  INFO 75568 --- [    Test worker] tourGuide.service.TourGuideService       : Track Location for user internalUser2680
2022-10-02 23:12:34.137  INFO 75568 --- [pool-7-thread-1] tourGuide.service.TourGuideService       : Track Location for user internalUser7631
2022-10-02 23:12:34.137  INFO 75568 --- [    Test worker] tourGuide.service.TourGuideService       : Track Location for user internalUser1359
2022-10-02 23:12:34.137  INFO 75568 --- [pool-7-thread-1] tourGuide.service.TourGuideService       : Track Location for user internalUser8963
2022-10-02 23:12:34.137  INFO 75568 --- [    Test worker] tourGuide.service.TourGuideService       : Track Location for user internalUser1358
2022-10-02 23:12:34.137  INFO 75568 --- [pool-7-thread-1] tourGuide.service.TourGuideService       : Track Location for user internalUser7630
2022-10-02 23:12:34.137  INFO 75568 --- [    Test worker] tourGuide.service.TourGuideService       : Track Location for user internalUser2689
2022-10-02 23:12:34.137  INFO 75568 --- [pool-7-thread-1] tourGuide.service.TourGuideService       : Track Location for user internalUser8964
2022-10-02 23:12:34.137  INFO 75568 --- [    Test worker] tourGuide.service.TourGuideService       : Track Location for user internalUser1357
2022-10-02 23:12:34.137  INFO 75568 --- [pool-7-thread-1] tourGuide.service.TourGuideService       : Track Location for user internalUser6302
2022-10-02 23:12:34.137  INFO 75568 --- [    Test worker] tourGuide.service.TourGuideService       : Track Location for user internalUser2688
2022-10-02 23:12:34.137  INFO 75568 --- [pool-7-thread-1] tourGuide.service.TourGuideService       : Track Location for user internalUser7633
2022-10-02 23:12:34.137  INFO 75568 --- [    Test worker] tourGuide.service.TourGuideService       : Track Location for user internalUser1356
2022-10-02 23:12:34.137  INFO 75568 --- [pool-7-thread-1] tourGuide.service.TourGuideService       : Track Location for user internalUser8961
2022-10-02 23:12:34.137  INFO 75568 --- [    Test worker] tourGuide.service.TourGuideService       : Track Location for user internalUser2687
2022-10-02 23:12:34.137  INFO 75568 --- [pool-7-thread-1] tourGuide.service.TourGuideService       : Track Location for user internalUser6301
2022-10-02 23:12:34.137  INFO 75568 --- [    Test worker] tourGuide.service.TourGuideService       : Track Location for user internalUser1355
2022-10-02 23:12:34.137  INFO 75568 --- [    Test worker] tourGuide.service.TourGuideService       : Track Location for user internalUser2686
2022-10-02 23:12:34.137  INFO 75568 --- [pool-7-thread-1] tourGuide.service.TourGuideService       : Track Location for user internalUser7632
2022-10-02 23:12:34.137  INFO 75568 --- [    Test worker] tourGuide.service.TourGuideService       : Track Location for user internalUser1354
2022-10-02 23:12:34.137  INFO 75568 --- [pool-7-thread-1] tourGuide.service.TourGuideService       : Track Location for user internalUser8962
2022-10-02 23:12:34.137  INFO 75568 --- [    Test worker] tourGuide.service.TourGuideService       : Track Location for user internalUser2685
2022-10-02 23:12:34.137  INFO 75568 --- [pool-7-thread-1] tourGuide.service.TourGuideService       : Track Location for user internalUser1462
2022-10-02 23:12:34.137  INFO 75568 --- [    Test worker] tourGuide.service.TourGuideService       : Track Location for user internalUser1353
2022-10-02 23:12:34.137  INFO 75568 --- [pool-7-thread-1] tourGuide.service.TourGuideService       : Track Location for user internalUser2793
2022-10-02 23:12:34.137  INFO 75568 --- [    Test worker] tourGuide.service.TourGuideService       : Track Location for user internalUser2684
2022-10-02 23:12:34.137  INFO 75568 --- [pool-7-thread-1] tourGuide.service.TourGuideService       : Track Location for user internalUser1461
2022-10-02 23:12:34.137  INFO 75568 --- [    Test worker] tourGuide.service.TourGuideService       : Track Location for user internalUser2650
2022-10-02 23:12:34.137  INFO 75568 --- [pool-7-thread-1] tourGuide.service.TourGuideService       : Track Location for user internalUser2792
2022-10-02 23:12:34.137  INFO 75568 --- [    Test worker] tourGuide.service.TourGuideService       : Track Location for user internalUser3982
2022-10-02 23:12:34.137  INFO 75568 --- [pool-7-thread-1] tourGuide.service.TourGuideService       : Track Location for user internalUser1460
2022-10-02 23:12:34.137  INFO 75568 --- [    Test worker] tourGuide.service.TourGuideService       : Track Location for user internalUser3983
2022-10-02 23:12:34.137  INFO 75568 --- [pool-7-thread-1] tourGuide.service.TourGuideService       : Track Location for user internalUser2791
2022-10-02 23:12:34.137  INFO 75568 --- [    Test worker] tourGuide.service.TourGuideService       : Track Location for user internalUser3984
2022-10-02 23:12:34.137  INFO 75568 --- [pool-7-thread-1] tourGuide.service.TourGuideService       : Track Location for user internalUser2790
2022-10-02 23:12:34.137  INFO 75568 --- [    Test worker] tourGuide.service.TourGuideService       : Track Location for user internalUser3985
2022-10-02 23:12:34.137  INFO 75568 --- [pool-7-thread-1] tourGuide.service.TourGuideService       : Track Location for user internalUser1469
2022-10-02 23:12:34.137  INFO 75568 --- [    Test worker] tourGuide.service.TourGuideService       : Track Location for user internalUser3986
2022-10-02 23:12:34.137  INFO 75568 --- [pool-7-thread-1] tourGuide.service.TourGuideService       : Track Location for user internalUser1468
2022-10-02 23:12:34.137  INFO 75568 --- [    Test worker] tourGuide.service.TourGuideService       : Track Location for user internalUser3987
2022-10-02 23:12:34.137  INFO 75568 --- [pool-7-thread-1] tourGuide.service.TourGuideService       : Track Location for user internalUser2799
2022-10-02 23:12:34.137  INFO 75568 --- [    Test worker] tourGuide.service.TourGuideService       : Track Location for user internalUser3988
2022-10-02 23:12:34.137  INFO 75568 --- [pool-7-thread-1] tourGuide.service.TourGuideService       : Track Location for user internalUser1467
2022-10-02 23:12:34.137  INFO 75568 --- [    Test worker] tourGuide.service.TourGuideService       : Track Location for user internalUser3989
2022-10-02 23:12:34.137  INFO 75568 --- [pool-7-thread-1] tourGuide.service.TourGuideService       : Track Location for user internalUser2798
2022-10-02 23:12:34.137  INFO 75568 --- [    Test worker] tourGuide.service.TourGuideService       : Track Location for user internalUser1327
2022-10-02 23:12:34.137  INFO 75568 --- [pool-7-thread-1] tourGuide.service.TourGuideService       : Track Location for user internalUser1466
2022-10-02 23:12:34.137  INFO 75568 --- [    Test worker] tourGuide.service.TourGuideService       : Track Location for user internalUser2658
2022-10-02 23:12:34.137  INFO 75568 --- [pool-7-thread-1] tourGuide.service.TourGuideService       : Track Location for user internalUser2797
2022-10-02 23:12:34.137  INFO 75568 --- [pool-7-thread-1] tourGuide.service.TourGuideService       : Track Location for user internalUser1465
2022-10-02 23:12:34.137  INFO 75568 --- [    Test worker] tourGuide.service.TourGuideService       : Track Location for user internalUser1326
2022-10-02 23:12:34.137  INFO 75568 --- [pool-7-thread-1] tourGuide.service.TourGuideService       : Track Location for user internalUser2796
2022-10-02 23:12:34.137  INFO 75568 --- [    Test worker] tourGuide.service.TourGuideService       : Track Location for user internalUser2657
2022-10-02 23:12:34.137  INFO 75568 --- [pool-7-thread-1] tourGuide.service.TourGuideService       : Track Location for user internalUser1464
2022-10-02 23:12:34.137  INFO 75568 --- [    Test worker] tourGuide.service.TourGuideService       : Track Location for user internalUser1325
2022-10-02 23:12:34.137  INFO 75568 --- [pool-7-thread-1] tourGuide.service.TourGuideService       : Track Location for user internalUser2795
2022-10-02 23:12:34.137  INFO 75568 --- [    Test worker] tourGuide.service.TourGuideService       : Track Location for user internalUser2656
2022-10-02 23:12:34.137  INFO 75568 --- [pool-7-thread-1] tourGuide.service.TourGuideService       : Track Location for user internalUser1463
2022-10-02 23:12:34.137  INFO 75568 --- [    Test worker] tourGuide.service.TourGuideService       : Track Location for user internalUser1324
2022-10-02 23:12:34.137  INFO 75568 --- [pool-7-thread-1] tourGuide.service.TourGuideService       : Track Location for user internalUser2794
2022-10-02 23:12:34.137  INFO 75568 --- [    Test worker] tourGuide.service.TourGuideService       : Track Location for user internalUser2655
2022-10-02 23:12:34.137  INFO 75568 --- [pool-7-thread-1] tourGuide.service.TourGuideService       : Track Location for user internalUser1473
2022-10-02 23:12:34.137  INFO 75568 --- [    Test worker] tourGuide.service.TourGuideService       : Track Location for user internalUser1323
2022-10-02 23:12:34.137  INFO 75568 --- [pool-7-thread-1] tourGuide.service.TourGuideService       : Track Location for user internalUser1472
2022-10-02 23:12:34.137  INFO 75568 --- [    Test worker] tourGuide.service.TourGuideService       : Track Location for user internalUser2654
2022-10-02 23:12:34.137  INFO 75568 --- [pool-7-thread-1] tourGuide.service.TourGuideService       : Track Location for user internalUser1471
2022-10-02 23:12:34.137  INFO 75568 --- [    Test worker] tourGuide.service.TourGuideService       : Track Location for user internalUser1322
2022-10-02 23:12:34.137  INFO 75568 --- [pool-7-thread-1] tourGuide.service.TourGuideService       : Track Location for user internalUser1470
2022-10-02 23:12:34.137  INFO 75568 --- [    Test worker] tourGuide.service.TourGuideService       : Track Location for user internalUser2653
2022-10-02 23:12:34.137  INFO 75568 --- [pool-7-thread-1] tourGuide.service.TourGuideService       : Track Location for user internalUser1479
2022-10-02 23:12:34.137  INFO 75568 --- [    Test worker] tourGuide.service.TourGuideService       : Track Location for user internalUser1321
2022-10-02 23:12:34.137  INFO 75568 --- [pool-7-thread-1] tourGuide.service.TourGuideService       : Track Location for user internalUser1478
2022-10-02 23:12:34.137  INFO 75568 --- [    Test worker] tourGuide.service.TourGuideService       : Track Location for user internalUser2652
2022-10-02 23:12:34.137  INFO 75568 --- [pool-7-thread-1] tourGuide.service.TourGuideService       : Track Location for user internalUser1477
2022-10-02 23:12:34.137  INFO 75568 --- [    Test worker] tourGuide.service.TourGuideService       : Track Location for user internalUser3980
2022-10-02 23:12:34.137  INFO 75568 --- [pool-7-thread-1] tourGuide.service.TourGuideService       : Track Location for user internalUser1476
2022-10-02 23:12:34.137  INFO 75568 --- [    Test worker] tourGuide.service.TourGuideService       : Track Location for user internalUser1320
2022-10-02 23:12:34.137  INFO 75568 --- [pool-7-thread-1] tourGuide.service.TourGuideService       : Track Location for user internalUser1475
2022-10-02 23:12:34.137  INFO 75568 --- [    Test worker] tourGuide.service.TourGuideService       : Track Location for user internalUser2651
2022-10-02 23:12:34.137  INFO 75568 --- [pool-7-thread-1] tourGuide.service.TourGuideService       : Track Location for user internalUser1474
2022-10-02 23:12:34.137  INFO 75568 --- [    Test worker] tourGuide.service.TourGuideService       : Track Location for user internalUser3981
2022-10-02 23:12:34.137  INFO 75568 --- [pool-7-thread-1] tourGuide.service.TourGuideService       : Track Location for user internalUser1440
2022-10-02 23:12:34.137  INFO 75568 --- [    Test worker] tourGuide.service.TourGuideService       : Track Location for user internalUser1329
2022-10-02 23:12:34.137  INFO 75568 --- [pool-7-thread-1] tourGuide.service.TourGuideService       : Track Location for user internalUser2771
2022-10-02 23:12:34.137  INFO 75568 --- [    Test worker] tourGuide.service.TourGuideService       : Track Location for user internalUser1328
2022-10-02 23:12:34.137  INFO 75568 --- [pool-7-thread-1] tourGuide.service.TourGuideService       : Track Location for user internalUser2770
2022-10-02 23:12:34.137  INFO 75568 --- [    Test worker] tourGuide.service.TourGuideService       : Track Location for user internalUser2659
2022-10-02 23:12:34.137  INFO 75568 --- [pool-7-thread-1] tourGuide.service.TourGuideService       : Track Location for user internalUser1448
2022-10-02 23:12:34.137  INFO 75568 --- [    Test worker] tourGuide.service.TourGuideService       : Track Location for user internalUser1330
2022-10-02 23:12:34.137  INFO 75568 --- [pool-7-thread-1] tourGuide.service.TourGuideService       : Track Location for user internalUser2779
2022-10-02 23:12:34.137  INFO 75568 --- [pool-7-thread-1] tourGuide.service.TourGuideService       : Track Location for user internalUser1447
2022-10-02 23:12:34.137  INFO 75568 --- [pool-7-thread-1] tourGuide.service.TourGuideService       : Track Location for user internalUser2778
2022-10-02 23:12:34.137  INFO 75568 --- [pool-7-thread-1] tourGuide.service.TourGuideService       : Track Location for user internalUser1446
2022-10-02 23:12:34.137  INFO 75568 --- [    Test worker] tourGuide.service.TourGuideService       : Track Location for user internalUser2661
2022-10-02 23:12:34.137  INFO 75568 --- [pool-7-thread-1] tourGuide.service.TourGuideService       : Track Location for user internalUser2777
2022-10-02 23:12:34.137  INFO 75568 --- [    Test worker] tourGuide.service.TourGuideService       : Track Location for user internalUser3993
2022-10-02 23:12:34.137  INFO 75568 --- [pool-7-thread-1] tourGuide.service.TourGuideService       : Track Location for user internalUser1445
2022-10-02 23:12:34.137  INFO 75568 --- [    Test worker] tourGuide.service.TourGuideService       : Track Location for user internalUser2660
2022-10-02 23:12:34.137  INFO 75568 --- [pool-7-thread-1] tourGuide.service.TourGuideService       : Track Location for user internalUser2776
2022-10-02 23:12:34.137  INFO 75568 --- [    Test worker] tourGuide.service.TourGuideService       : Track Location for user internalUser3994
2022-10-02 23:12:34.137  INFO 75568 --- [pool-7-thread-1] tourGuide.service.TourGuideService       : Track Location for user internalUser1444
2022-10-02 23:12:34.137  INFO 75568 --- [    Test worker] tourGuide.service.TourGuideService       : Track Location for user internalUser3995
2022-10-02 23:12:34.137  INFO 75568 --- [pool-7-thread-1] tourGuide.service.TourGuideService       : Track Location for user internalUser2775
2022-10-02 23:12:34.137  INFO 75568 --- [    Test worker] tourGuide.service.TourGuideService       : Track Location for user internalUser3996
2022-10-02 23:12:34.137  INFO 75568 --- [pool-7-thread-1] tourGuide.service.TourGuideService       : Track Location for user internalUser1443
2022-10-02 23:12:34.137  INFO 75568 --- [    Test worker] tourGuide.service.TourGuideService       : Track Location for user internalUser3997
2022-10-02 23:12:34.137  INFO 75568 --- [pool-7-thread-1] tourGuide.service.TourGuideService       : Track Location for user internalUser2774
2022-10-02 23:12:34.137  INFO 75568 --- [    Test worker] tourGuide.service.TourGuideService       : Track Location for user internalUser3998
2022-10-02 23:12:34.137  INFO 75568 --- [pool-7-thread-1] tourGuide.service.TourGuideService       : Track Location for user internalUser1442
2022-10-02 23:12:34.137  INFO 75568 --- [    Test worker] tourGuide.service.TourGuideService       : Track Location for user internalUser3999
2022-10-02 23:12:34.137  INFO 75568 --- [pool-7-thread-1] tourGuide.service.TourGuideService       : Track Location for user internalUser2773
2022-10-02 23:12:34.137  INFO 75568 --- [    Test worker] tourGuide.service.TourGuideService       : Track Location for user internalUser1338
2022-10-02 23:12:34.137  INFO 75568 --- [    Test worker] tourGuide.service.TourGuideService       : Track Location for user internalUser2669
2022-10-02 23:12:34.137  INFO 75568 --- [pool-7-thread-1] tourGuide.service.TourGuideService       : Track Location for user internalUser1441
2022-10-02 23:12:34.137  INFO 75568 --- [    Test worker] tourGuide.service.TourGuideService       : Track Location for user internalUser1337
2022-10-02 23:12:34.137  INFO 75568 --- [pool-7-thread-1] tourGuide.service.TourGuideService       : Track Location for user internalUser2772
2022-10-02 23:12:34.137  INFO 75568 --- [    Test worker] tourGuide.service.TourGuideService       : Track Location for user internalUser2668
2022-10-02 23:12:34.137  INFO 75568 --- [pool-7-thread-1] tourGuide.service.TourGuideService       : Track Location for user internalUser1449
2022-10-02 23:12:34.137  INFO 75568 --- [pool-7-thread-1] tourGuide.service.TourGuideService       : Track Location for user internalUser1451
2022-10-02 23:12:34.137  INFO 75568 --- [    Test worker] tourGuide.service.TourGuideService       : Track Location for user internalUser1336
2022-10-02 23:12:34.137  INFO 75568 --- [pool-7-thread-1] tourGuide.service.TourGuideService       : Track Location for user internalUser2782
2022-10-02 23:12:34.137  INFO 75568 --- [    Test worker] tourGuide.service.TourGuideService       : Track Location for user internalUser2667
2022-10-02 23:12:34.137  INFO 75568 --- [pool-7-thread-1] tourGuide.service.TourGuideService       : Track Location for user internalUser1450
2022-10-02 23:12:34.137  INFO 75568 --- [    Test worker] tourGuide.service.TourGuideService       : Track Location for user internalUser1335
2022-10-02 23:12:34.137  INFO 75568 --- [pool-7-thread-1] tourGuide.service.TourGuideService       : Track Location for user internalUser2781
2022-10-02 23:12:34.137  INFO 75568 --- [    Test worker] tourGuide.service.TourGuideService       : Track Location for user internalUser2666
2022-10-02 23:12:34.137  INFO 75568 --- [pool-7-thread-1] tourGuide.service.TourGuideService       : Track Location for user internalUser2780
2022-10-02 23:12:34.137  INFO 75568 --- [pool-7-thread-1] tourGuide.service.TourGuideService       : Track Location for user internalUser1459
2022-10-02 23:12:34.137  INFO 75568 --- [    Test worker] tourGuide.service.TourGuideService       : Track Location for user internalUser1334
2022-10-02 23:12:34.137  INFO 75568 --- [pool-7-thread-1] tourGuide.service.TourGuideService       : Track Location for user internalUser1458
2022-10-02 23:12:34.137  INFO 75568 --- [    Test worker] tourGuide.service.TourGuideService       : Track Location for user internalUser2665
2022-10-02 23:12:34.137  INFO 75568 --- [pool-7-thread-1] tourGuide.service.TourGuideService       : Track Location for user internalUser2789
2022-10-02 23:12:34.137  INFO 75568 --- [    Test worker] tourGuide.service.TourGuideService       : Track Location for user internalUser1333
2022-10-02 23:12:34.138  INFO 75568 --- [pool-7-thread-1] tourGuide.service.TourGuideService       : Track Location for user internalUser1457
2022-10-02 23:12:34.138  INFO 75568 --- [    Test worker] tourGuide.service.TourGuideService       : Track Location for user internalUser2664
2022-10-02 23:12:34.138  INFO 75568 --- [pool-7-thread-1] tourGuide.service.TourGuideService       : Track Location for user internalUser2788
2022-10-02 23:12:34.138  INFO 75568 --- [    Test worker] tourGuide.service.TourGuideService       : Track Location for user internalUser3990
2022-10-02 23:12:34.138  INFO 75568 --- [pool-7-thread-1] tourGuide.service.TourGuideService       : Track Location for user internalUser1456
2022-10-02 23:12:34.138  INFO 75568 --- [    Test worker] tourGuide.service.TourGuideService       : Track Location for user internalUser1332
2022-10-02 23:12:34.138  INFO 75568 --- [pool-7-thread-1] tourGuide.service.TourGuideService       : Track Location for user internalUser2787
2022-10-02 23:12:34.138  INFO 75568 --- [    Test worker] tourGuide.service.TourGuideService       : Track Location for user internalUser2663
2022-10-02 23:12:34.138  INFO 75568 --- [pool-7-thread-1] tourGuide.service.TourGuideService       : Track Location for user internalUser1455
2022-10-02 23:12:34.138  INFO 75568 --- [    Test worker] tourGuide.service.TourGuideService       : Track Location for user internalUser3991
2022-10-02 23:12:34.138  INFO 75568 --- [pool-7-thread-1] tourGuide.service.TourGuideService       : Track Location for user internalUser2786
2022-10-02 23:12:34.138  INFO 75568 --- [    Test worker] tourGuide.service.TourGuideService       : Track Location for user internalUser1331
2022-10-02 23:12:34.138  INFO 75568 --- [pool-7-thread-1] tourGuide.service.TourGuideService       : Track Location for user internalUser1454
2022-10-02 23:12:34.138  INFO 75568 --- [    Test worker] tourGuide.service.TourGuideService       : Track Location for user internalUser2662
2022-10-02 23:12:34.138  INFO 75568 --- [pool-7-thread-1] tourGuide.service.TourGuideService       : Track Location for user internalUser2785
2022-10-02 23:12:34.138  INFO 75568 --- [    Test worker] tourGuide.service.TourGuideService       : Track Location for user internalUser3992
2022-10-02 23:12:34.138  INFO 75568 --- [pool-7-thread-1] tourGuide.service.TourGuideService       : Track Location for user internalUser1453
2022-10-02 23:12:34.138  INFO 75568 --- [    Test worker] tourGuide.service.TourGuideService       : Track Location for user internalUser1339
2022-10-02 23:12:34.138  INFO 75568 --- [pool-7-thread-1] tourGuide.service.TourGuideService       : Track Location for user internalUser2784
2022-10-02 23:12:34.138  INFO 75568 --- [    Test worker] tourGuide.service.TourGuideService       : Track Location for user internalUser1385
2022-10-02 23:12:34.138  INFO 75568 --- [pool-7-thread-1] tourGuide.service.TourGuideService       : Track Location for user internalUser1452
2022-10-02 23:12:34.138  INFO 75568 --- [    Test worker] tourGuide.service.TourGuideService       : Track Location for user internalUser1384
2022-10-02 23:12:34.138  INFO 75568 --- [pool-7-thread-1] tourGuide.service.TourGuideService       : Track Location for user internalUser2783
2022-10-02 23:12:34.138  INFO 75568 --- [    Test worker] tourGuide.service.TourGuideService       : Track Location for user internalUser1383
2022-10-02 23:12:34.138  INFO 75568 --- [pool-7-thread-1] tourGuide.service.TourGuideService       : Track Location for user internalUser8901
2022-10-02 23:12:34.138  INFO 75568 --- [    Test worker] tourGuide.service.TourGuideService       : Track Location for user internalUser1382
2022-10-02 23:12:34.138  INFO 75568 --- [pool-7-thread-1] tourGuide.service.TourGuideService       : Track Location for user internalUser8902
2022-10-02 23:12:34.138  INFO 75568 --- [    Test worker] tourGuide.service.TourGuideService       : Track Location for user internalUser1381
2022-10-02 23:12:34.138  INFO 75568 --- [pool-7-thread-1] tourGuide.service.TourGuideService       : Track Location for user internalUser8900
2022-10-02 23:12:34.138  INFO 75568 --- [    Test worker] tourGuide.service.TourGuideService       : Track Location for user internalUser1380
2022-10-02 23:12:34.138  INFO 75568 --- [pool-7-thread-1] tourGuide.service.TourGuideService       : Track Location for user internalUser8905
2022-10-02 23:12:34.138  INFO 75568 --- [    Test worker] tourGuide.service.TourGuideService       : Track Location for user internalUser1389
2022-10-02 23:12:34.138  INFO 75568 --- [pool-7-thread-1] tourGuide.service.TourGuideService       : Track Location for user internalUser8906
2022-10-02 23:12:34.138  INFO 75568 --- [    Test worker] tourGuide.service.TourGuideService       : Track Location for user internalUser1388
2022-10-02 23:12:34.138  INFO 75568 --- [pool-7-thread-1] tourGuide.service.TourGuideService       : Track Location for user internalUser8903
2022-10-02 23:12:34.138  INFO 75568 --- [    Test worker] tourGuide.service.TourGuideService       : Track Location for user internalUser1387
2022-10-02 23:12:34.138  INFO 75568 --- [pool-7-thread-1] tourGuide.service.TourGuideService       : Track Location for user internalUser8904
2022-10-02 23:12:34.138  INFO 75568 --- [    Test worker] tourGuide.service.TourGuideService       : Track Location for user internalUser1386
2022-10-02 23:12:34.138  INFO 75568 --- [pool-7-thread-1] tourGuide.service.TourGuideService       : Track Location for user internalUser8909
2022-10-02 23:12:34.138  INFO 75568 --- [    Test worker] tourGuide.service.TourGuideService       : Track Location for user internalUser1396
2022-10-02 23:12:34.138  INFO 75568 --- [pool-7-thread-1] tourGuide.service.TourGuideService       : Track Location for user internalUser8907
2022-10-02 23:12:34.138  INFO 75568 --- [    Test worker] tourGuide.service.TourGuideService       : Track Location for user internalUser1395
2022-10-02 23:12:34.138  INFO 75568 --- [pool-7-thread-1] tourGuide.service.TourGuideService       : Track Location for user internalUser8908
2022-10-02 23:12:34.138  INFO 75568 --- [    Test worker] tourGuide.service.TourGuideService       : Track Location for user internalUser1394
2022-10-02 23:12:34.138  INFO 75568 --- [pool-7-thread-1] tourGuide.service.TourGuideService       : Track Location for user internalUser1484
2022-10-02 23:12:34.138  INFO 75568 --- [    Test worker] tourGuide.service.TourGuideService       : Track Location for user internalUser1393
2022-10-02 23:12:34.138  INFO 75568 --- [pool-7-thread-1] tourGuide.service.TourGuideService       : Track Location for user internalUser1483
2022-10-02 23:12:34.138  INFO 75568 --- [    Test worker] tourGuide.service.TourGuideService       : Track Location for user internalUser1392
2022-10-02 23:12:34.138  INFO 75568 --- [pool-7-thread-1] tourGuide.service.TourGuideService       : Track Location for user internalUser1482
2022-10-02 23:12:34.138  INFO 75568 --- [    Test worker] tourGuide.service.TourGuideService       : Track Location for user internalUser1391
2022-10-02 23:12:34.138  INFO 75568 --- [    Test worker] tourGuide.service.TourGuideService       : Track Location for user internalUser1390
2022-10-02 23:12:34.138  INFO 75568 --- [    Test worker] tourGuide.service.TourGuideService       : Track Location for user internalUser1399
2022-10-02 23:12:34.138  INFO 75568 --- [    Test worker] tourGuide.service.TourGuideService       : Track Location for user internalUser1398
2022-10-02 23:12:34.138  INFO 75568 --- [    Test worker] tourGuide.service.TourGuideService       : Track Location for user internalUser1397
2022-10-02 23:12:34.138  INFO 75568 --- [pool-7-thread-1] tourGuide.service.TourGuideService       : Track Location for user internalUser1481
2022-10-02 23:12:34.138  INFO 75568 --- [    Test worker] tourGuide.service.TourGuideService       : Track Location for user internalUser1363
2022-10-02 23:12:34.138  INFO 75568 --- [pool-7-thread-1] tourGuide.service.TourGuideService       : Track Location for user internalUser1480
2022-10-02 23:12:34.138  INFO 75568 --- [    Test worker] tourGuide.service.TourGuideService       : Track Location for user internalUser2694
2022-10-02 23:12:34.138  INFO 75568 --- [pool-7-thread-1] tourGuide.service.TourGuideService       : Track Location for user internalUser1489
2022-10-02 23:12:34.138  INFO 75568 --- [    Test worker] tourGuide.service.TourGuideService       : Track Location for user internalUser1362
2022-10-02 23:12:34.138  INFO 75568 --- [pool-7-thread-1] tourGuide.service.TourGuideService       : Track Location for user internalUser1488
2022-10-02 23:12:34.138  INFO 75568 --- [    Test worker] tourGuide.service.TourGuideService       : Track Location for user internalUser2693
2022-10-02 23:12:34.138  INFO 75568 --- [pool-7-thread-1] tourGuide.service.TourGuideService       : Track Location for user internalUser1487
2022-10-02 23:12:34.138  INFO 75568 --- [    Test worker] tourGuide.service.TourGuideService       : Track Location for user internalUser1361
2022-10-02 23:12:34.138  INFO 75568 --- [pool-7-thread-1] tourGuide.service.TourGuideService       : Track Location for user internalUser1486
2022-10-02 23:12:34.138  INFO 75568 --- [    Test worker] tourGuide.service.TourGuideService       : Track Location for user internalUser2692
2022-10-02 23:12:34.138  INFO 75568 --- [pool-7-thread-1] tourGuide.service.TourGuideService       : Track Location for user internalUser1485
2022-10-02 23:12:34.138  INFO 75568 --- [    Test worker] tourGuide.service.TourGuideService       : Track Location for user internalUser1360
2022-10-02 23:12:34.138  INFO 75568 --- [pool-7-thread-1] tourGuide.service.TourGuideService       : Track Location for user internalUser1495
2022-10-02 23:12:34.138  INFO 75568 --- [    Test worker] tourGuide.service.TourGuideService       : Track Location for user internalUser2691
2022-10-02 23:12:34.138  INFO 75568 --- [pool-7-thread-1] tourGuide.service.TourGuideService       : Track Location for user internalUser1494
2022-10-02 23:12:34.138  INFO 75568 --- [    Test worker] tourGuide.service.TourGuideService       : Track Location for user internalUser2690
2022-10-02 23:12:34.138  INFO 75568 --- [pool-7-thread-1] tourGuide.service.TourGuideService       : Track Location for user internalUser1493
2022-10-02 23:12:34.138  INFO 75568 --- [    Test worker] tourGuide.service.TourGuideService       : Track Location for user internalUser1369
2022-10-02 23:12:34.138  INFO 75568 --- [pool-7-thread-1] tourGuide.service.TourGuideService       : Track Location for user internalUser1492
2022-10-02 23:12:34.138  INFO 75568 --- [    Test worker] tourGuide.service.TourGuideService       : Track Location for user internalUser1368
2022-10-02 23:12:34.138  INFO 75568 --- [pool-7-thread-1] tourGuide.service.TourGuideService       : Track Location for user internalUser1491
2022-10-02 23:12:34.138  INFO 75568 --- [    Test worker] tourGuide.service.TourGuideService       : Track Location for user internalUser2699
2022-10-02 23:12:34.138  INFO 75568 --- [pool-7-thread-1] tourGuide.service.TourGuideService       : Track Location for user internalUser1490
2022-10-02 23:12:34.138  INFO 75568 --- [    Test worker] tourGuide.service.TourGuideService       : Track Location for user internalUser1367
2022-10-02 23:12:34.138  INFO 75568 --- [pool-7-thread-1] tourGuide.service.TourGuideService       : Track Location for user internalUser1499
2022-10-02 23:12:34.138  INFO 75568 --- [    Test worker] tourGuide.service.TourGuideService       : Track Location for user internalUser2698
2022-10-02 23:12:34.138  INFO 75568 --- [pool-7-thread-1] tourGuide.service.TourGuideService       : Track Location for user internalUser1498
2022-10-02 23:12:34.138  INFO 75568 --- [    Test worker] tourGuide.service.TourGuideService       : Track Location for user internalUser1366
2022-10-02 23:12:34.138  INFO 75568 --- [pool-7-thread-1] tourGuide.service.TourGuideService       : Track Location for user internalUser1497
2022-10-02 23:12:34.138  INFO 75568 --- [    Test worker] tourGuide.service.TourGuideService       : Track Location for user internalUser2697
2022-10-02 23:12:34.138  INFO 75568 --- [pool-7-thread-1] tourGuide.service.TourGuideService       : Track Location for user internalUser1496
2022-10-02 23:12:34.138  INFO 75568 --- [    Test worker] tourGuide.service.TourGuideService       : Track Location for user internalUser1365
2022-10-02 23:12:34.138  INFO 75568 --- [pool-7-thread-1] tourGuide.service.TourGuideService       : Track Location for user internalUser3800
2022-10-02 23:12:34.138  INFO 75568 --- [    Test worker] tourGuide.service.TourGuideService       : Track Location for user internalUser2696
2022-10-02 23:12:34.138  INFO 75568 --- [pool-7-thread-1] tourGuide.service.TourGuideService       : Track Location for user internalUser3801
2022-10-02 23:12:34.138  INFO 75568 --- [    Test worker] tourGuide.service.TourGuideService       : Track Location for user internalUser1364
2022-10-02 23:12:34.138  INFO 75568 --- [pool-7-thread-1] tourGuide.service.TourGuideService       : Track Location for user internalUser3802
2022-10-02 23:12:34.138  INFO 75568 --- [    Test worker] tourGuide.service.TourGuideService       : Track Location for user internalUser2695
2022-10-02 23:12:34.138  INFO 75568 --- [pool-7-thread-1] tourGuide.service.TourGuideService       : Track Location for user internalUser6076
2022-10-02 23:12:34.138  INFO 75568 --- [    Test worker] tourGuide.service.TourGuideService       : Track Location for user internalUser1374
2022-10-02 23:12:34.138  INFO 75568 --- [pool-7-thread-1] tourGuide.service.TourGuideService       : Track Location for user internalUser6075
2022-10-02 23:12:34.138  INFO 75568 --- [    Test worker] tourGuide.service.TourGuideService       : Track Location for user internalUser1373
2022-10-02 23:12:34.138  INFO 75568 --- [pool-7-thread-1] tourGuide.service.TourGuideService       : Track Location for user internalUser6078
2022-10-02 23:12:34.138  INFO 75568 --- [    Test worker] tourGuide.service.TourGuideService       : Track Location for user internalUser1372
2022-10-02 23:12:34.138  INFO 75568 --- [pool-7-thread-1] tourGuide.service.TourGuideService       : Track Location for user internalUser6077
2022-10-02 23:12:34.138  INFO 75568 --- [    Test worker] tourGuide.service.TourGuideService       : Track Location for user internalUser1371
2022-10-02 23:12:34.138  INFO 75568 --- [pool-7-thread-1] tourGuide.service.TourGuideService       : Track Location for user internalUser6079
2022-10-02 23:12:34.138  INFO 75568 --- [    Test worker] tourGuide.service.TourGuideService       : Track Location for user internalUser1370
2022-10-02 23:12:34.138  INFO 75568 --- [pool-7-thread-1] tourGuide.service.TourGuideService       : Track Location for user internalUser6081
2022-10-02 23:12:34.138  INFO 75568 --- [    Test worker] tourGuide.service.TourGuideService       : Track Location for user internalUser1379
2022-10-02 23:12:34.138  INFO 75568 --- [pool-7-thread-1] tourGuide.service.TourGuideService       : Track Location for user internalUser6080
2022-10-02 23:12:34.138  INFO 75568 --- [    Test worker] tourGuide.service.TourGuideService       : Track Location for user internalUser1378
2022-10-02 23:12:34.138  INFO 75568 --- [pool-7-thread-1] tourGuide.service.TourGuideService       : Track Location for user internalUser6083
2022-10-02 23:12:34.138  INFO 75568 --- [    Test worker] tourGuide.service.TourGuideService       : Track Location for user internalUser1377
2022-10-02 23:12:34.138  INFO 75568 --- [pool-7-thread-1] tourGuide.service.TourGuideService       : Track Location for user internalUser6082
2022-10-02 23:12:34.138  INFO 75568 --- [    Test worker] tourGuide.service.TourGuideService       : Track Location for user internalUser1376
2022-10-02 23:12:34.138  INFO 75568 --- [pool-7-thread-1] tourGuide.service.TourGuideService       : Track Location for user internalUser6085
2022-10-02 23:12:34.138  INFO 75568 --- [    Test worker] tourGuide.service.TourGuideService       : Track Location for user internalUser1375
2022-10-02 23:12:34.138  INFO 75568 --- [pool-7-thread-1] tourGuide.service.TourGuideService       : Track Location for user internalUser6084
2022-10-02 23:12:34.138  INFO 75568 --- [    Test worker] tourGuide.service.TourGuideService       : Track Location for user internalUser1503
2022-10-02 23:12:34.138  INFO 75568 --- [pool-7-thread-1] tourGuide.service.TourGuideService       : Track Location for user internalUser3803
2022-10-02 23:12:34.138  INFO 75568 --- [    Test worker] tourGuide.service.TourGuideService       : Track Location for user internalUser2834
2022-10-02 23:12:34.138  INFO 75568 --- [pool-7-thread-1] tourGuide.service.TourGuideService       : Track Location for user internalUser3804
2022-10-02 23:12:34.138  INFO 75568 --- [    Test worker] tourGuide.service.TourGuideService       : Track Location for user internalUser1502
2022-10-02 23:12:34.138  INFO 75568 --- [pool-7-thread-1] tourGuide.service.TourGuideService       : Track Location for user internalUser3805
2022-10-02 23:12:34.138  INFO 75568 --- [    Test worker] tourGuide.service.TourGuideService       : Track Location for user internalUser2833
2022-10-02 23:12:34.138  INFO 75568 --- [pool-7-thread-1] tourGuide.service.TourGuideService       : Track Location for user internalUser3806
2022-10-02 23:12:34.138  INFO 75568 --- [    Test worker] tourGuide.service.TourGuideService       : Track Location for user internalUser1501
2022-10-02 23:12:34.138  INFO 75568 --- [pool-7-thread-1] tourGuide.service.TourGuideService       : Track Location for user internalUser3807
2022-10-02 23:12:34.138  INFO 75568 --- [    Test worker] tourGuide.service.TourGuideService       : Track Location for user internalUser2832
2022-10-02 23:12:34.138  INFO 75568 --- [pool-7-thread-1] tourGuide.service.TourGuideService       : Track Location for user internalUser3808
2022-10-02 23:12:34.138  INFO 75568 --- [    Test worker] tourGuide.service.TourGuideService       : Track Location for user internalUser1500
2022-10-02 23:12:34.138  INFO 75568 --- [pool-7-thread-1] tourGuide.service.TourGuideService       : Track Location for user internalUser3809
2022-10-02 23:12:34.138  INFO 75568 --- [    Test worker] tourGuide.service.TourGuideService       : Track Location for user internalUser2831
2022-10-02 23:12:34.138  INFO 75568 --- [    Test worker] tourGuide.service.TourGuideService       : Track Location for user internalUser2830
2022-10-02 23:12:34.138  INFO 75568 --- [pool-7-thread-1] tourGuide.service.TourGuideService       : Track Location for user internalUser3810
2022-10-02 23:12:34.138  INFO 75568 --- [    Test worker] tourGuide.service.TourGuideService       : Track Location for user internalUser1509
2022-10-02 23:12:34.138  INFO 75568 --- [pool-7-thread-1] tourGuide.service.TourGuideService       : Track Location for user internalUser3811
2022-10-02 23:12:34.138  INFO 75568 --- [    Test worker] tourGuide.service.TourGuideService       : Track Location for user internalUser1508
2022-10-02 23:12:34.138  INFO 75568 --- [pool-7-thread-1] tourGuide.service.TourGuideService       : Track Location for user internalUser3812
2022-10-02 23:12:34.138  INFO 75568 --- [    Test worker] tourGuide.service.TourGuideService       : Track Location for user internalUser2839
2022-10-02 23:12:34.138  INFO 75568 --- [pool-7-thread-1] tourGuide.service.TourGuideService       : Track Location for user internalUser3813
2022-10-02 23:12:34.138  INFO 75568 --- [    Test worker] tourGuide.service.TourGuideService       : Track Location for user internalUser1507
2022-10-02 23:12:34.138  INFO 75568 --- [pool-7-thread-1] tourGuide.service.TourGuideService       : Track Location for user internalUser6087
2022-10-02 23:12:34.138  INFO 75568 --- [    Test worker] tourGuide.service.TourGuideService       : Track Location for user internalUser2838
2022-10-02 23:12:34.138  INFO 75568 --- [pool-7-thread-1] tourGuide.service.TourGuideService       : Track Location for user internalUser6086
2022-10-02 23:12:34.138  INFO 75568 --- [    Test worker] tourGuide.service.TourGuideService       : Track Location for user internalUser1506
2022-10-02 23:12:34.138  INFO 75568 --- [pool-7-thread-1] tourGuide.service.TourGuideService       : Track Location for user internalUser6089
2022-10-02 23:12:34.138  INFO 75568 --- [    Test worker] tourGuide.service.TourGuideService       : Track Location for user internalUser2837
2022-10-02 23:12:34.138  INFO 75568 --- [pool-7-thread-1] tourGuide.service.TourGuideService       : Track Location for user internalUser6088
2022-10-02 23:12:34.138  INFO 75568 --- [    Test worker] tourGuide.service.TourGuideService       : Track Location for user internalUser1505
2022-10-02 23:12:34.138  INFO 75568 --- [pool-7-thread-1] tourGuide.service.TourGuideService       : Track Location for user internalUser6090
2022-10-02 23:12:34.138  INFO 75568 --- [pool-7-thread-1] tourGuide.service.TourGuideService       : Track Location for user internalUser6092
2022-10-02 23:12:34.138  INFO 75568 --- [pool-7-thread-1] tourGuide.service.TourGuideService       : Track Location for user internalUser6091
2022-10-02 23:12:34.138  INFO 75568 --- [pool-7-thread-1] tourGuide.service.TourGuideService       : Track Location for user internalUser6094
2022-10-02 23:12:34.138  INFO 75568 --- [pool-7-thread-1] tourGuide.service.TourGuideService       : Track Location for user internalUser6093
2022-10-02 23:12:34.138  INFO 75568 --- [pool-7-thread-1] tourGuide.service.TourGuideService       : Track Location for user internalUser6096
2022-10-02 23:12:34.138  INFO 75568 --- [pool-7-thread-1] tourGuide.service.TourGuideService       : Track Location for user internalUser6095
2022-10-02 23:12:34.138  INFO 75568 --- [pool-7-thread-1] tourGuide.service.TourGuideService       : Track Location for user internalUser3814
2022-10-02 23:12:34.138  INFO 75568 --- [    Test worker] tourGuide.service.TourGuideService       : Track Location for user internalUser2836
2022-10-02 23:12:34.138  INFO 75568 --- [pool-7-thread-1] tourGuide.service.TourGuideService       : Track Location for user internalUser3815
2022-10-02 23:12:34.138  INFO 75568 --- [    Test worker] tourGuide.service.TourGuideService       : Track Location for user internalUser1504
2022-10-02 23:12:34.138  INFO 75568 --- [pool-7-thread-1] tourGuide.service.TourGuideService       : Track Location for user internalUser3816
2022-10-02 23:12:34.138  INFO 75568 --- [    Test worker] tourGuide.service.TourGuideService       : Track Location for user internalUser2835
2022-10-02 23:12:34.138  INFO 75568 --- [pool-7-thread-1] tourGuide.service.TourGuideService       : Track Location for user internalUser3817
2022-10-02 23:12:34.138  INFO 75568 --- [    Test worker] tourGuide.service.TourGuideService       : Track Location for user internalUser1514
2022-10-02 23:12:34.138  INFO 75568 --- [pool-7-thread-1] tourGuide.service.TourGuideService       : Track Location for user internalUser3818
2022-10-02 23:12:34.138  INFO 75568 --- [pool-7-thread-1] tourGuide.service.TourGuideService       : Track Location for user internalUser3819
2022-10-02 23:12:34.138  INFO 75568 --- [    Test worker] tourGuide.service.TourGuideService       : Track Location for user internalUser2845
2022-10-02 23:12:34.139  INFO 75568 --- [    Test worker] tourGuide.service.TourGuideService       : Track Location for user internalUser1513
2022-10-02 23:12:34.139  INFO 75568 --- [pool-7-thread-1] tourGuide.service.TourGuideService       : Track Location for user internalUser6054
2022-10-02 23:12:34.139  INFO 75568 --- [    Test worker] tourGuide.service.TourGuideService       : Track Location for user internalUser2844
2022-10-02 23:12:34.139  INFO 75568 --- [pool-7-thread-1] tourGuide.service.TourGuideService       : Track Location for user internalUser7385
2022-10-02 23:12:34.139  INFO 75568 --- [    Test worker] tourGuide.service.TourGuideService       : Track Location for user internalUser1512
2022-10-02 23:12:34.139  INFO 75568 --- [    Test worker] tourGuide.service.TourGuideService       : Track Location for user internalUser2843
2022-10-02 23:12:34.139  INFO 75568 --- [    Test worker] tourGuide.service.TourGuideService       : Track Location for user internalUser1511
2022-10-02 23:12:34.139  INFO 75568 --- [    Test worker] tourGuide.service.TourGuideService       : Track Location for user internalUser2842
2022-10-02 23:12:34.139  INFO 75568 --- [pool-7-thread-1] tourGuide.service.TourGuideService       : Track Location for user internalUser6053
2022-10-02 23:12:34.139  INFO 75568 --- [    Test worker] tourGuide.service.TourGuideService       : Track Location for user internalUser1510
2022-10-02 23:12:34.139  INFO 75568 --- [    Test worker] tourGuide.service.TourGuideService       : Track Location for user internalUser2841
2022-10-02 23:12:34.139  INFO 75568 --- [pool-7-thread-1] tourGuide.service.TourGuideService       : Track Location for user internalUser7384
2022-10-02 23:12:34.139  INFO 75568 --- [    Test worker] tourGuide.service.TourGuideService       : Track Location for user internalUser2840
2022-10-02 23:12:34.139  INFO 75568 --- [pool-7-thread-1] tourGuide.service.TourGuideService       : Track Location for user internalUser6056
2022-10-02 23:12:34.139  INFO 75568 --- [    Test worker] tourGuide.service.TourGuideService       : Track Location for user internalUser1519
2022-10-02 23:12:34.139  INFO 75568 --- [pool-7-thread-1] tourGuide.service.TourGuideService       : Track Location for user internalUser7387
2022-10-02 23:12:34.139  INFO 75568 --- [    Test worker] tourGuide.service.TourGuideService       : Track Location for user internalUser1518
2022-10-02 23:12:34.139  INFO 75568 --- [pool-7-thread-1] tourGuide.service.TourGuideService       : Track Location for user internalUser6055
2022-10-02 23:12:34.139  INFO 75568 --- [    Test worker] tourGuide.service.TourGuideService       : Track Location for user internalUser2849
2022-10-02 23:12:34.139  INFO 75568 --- [pool-7-thread-1] tourGuide.service.TourGuideService       : Track Location for user internalUser7386
2022-10-02 23:12:34.139  INFO 75568 --- [    Test worker] tourGuide.service.TourGuideService       : Track Location for user internalUser1517
2022-10-02 23:12:34.139  INFO 75568 --- [pool-7-thread-1] tourGuide.service.TourGuideService       : Track Location for user internalUser6058
2022-10-02 23:12:34.139  INFO 75568 --- [    Test worker] tourGuide.service.TourGuideService       : Track Location for user internalUser2848
2022-10-02 23:12:34.139  INFO 75568 --- [pool-7-thread-1] tourGuide.service.TourGuideService       : Track Location for user internalUser7389
2022-10-02 23:12:34.139  INFO 75568 --- [    Test worker] tourGuide.service.TourGuideService       : Track Location for user internalUser1516
2022-10-02 23:12:34.139  INFO 75568 --- [pool-7-thread-1] tourGuide.service.TourGuideService       : Track Location for user internalUser6057
2022-10-02 23:12:34.139  INFO 75568 --- [    Test worker] tourGuide.service.TourGuideService       : Track Location for user internalUser2847
2022-10-02 23:12:34.139  INFO 75568 --- [pool-7-thread-1] tourGuide.service.TourGuideService       : Track Location for user internalUser7388
2022-10-02 23:12:34.139  INFO 75568 --- [    Test worker] tourGuide.service.TourGuideService       : Track Location for user internalUser1515
2022-10-02 23:12:34.139  INFO 75568 --- [pool-7-thread-1] tourGuide.service.TourGuideService       : Track Location for user internalUser6059
2022-10-02 23:12:34.139  INFO 75568 --- [    Test worker] tourGuide.service.TourGuideService       : Track Location for user internalUser2846
2022-10-02 23:12:34.139  INFO 75568 --- [pool-7-thread-1] tourGuide.service.TourGuideService       : Track Location for user internalUser7390
2022-10-02 23:12:34.139  INFO 75568 --- [    Test worker] tourGuide.service.TourGuideService       : Track Location for user internalUser2812
2022-10-02 23:12:34.139  INFO 75568 --- [pool-7-thread-1] tourGuide.service.TourGuideService       : Track Location for user internalUser6061
2022-10-02 23:12:34.139  INFO 75568 --- [    Test worker] tourGuide.service.TourGuideService       : Track Location for user internalUser5085
2022-10-02 23:12:34.139  INFO 75568 --- [pool-7-thread-1] tourGuide.service.TourGuideService       : Track Location for user internalUser7392
2022-10-02 23:12:34.139  INFO 75568 --- [    Test worker] tourGuide.service.TourGuideService       : Track Location for user internalUser2811
2022-10-02 23:12:34.139  INFO 75568 --- [pool-7-thread-1] tourGuide.service.TourGuideService       : Track Location for user internalUser6060
2022-10-02 23:12:34.139  INFO 75568 --- [    Test worker] tourGuide.service.TourGuideService       : Track Location for user internalUser5086
2022-10-02 23:12:34.139  INFO 75568 --- [pool-7-thread-1] tourGuide.service.TourGuideService       : Track Location for user internalUser7391
2022-10-02 23:12:34.139  INFO 75568 --- [    Test worker] tourGuide.service.TourGuideService       : Track Location for user internalUser2810
2022-10-02 23:12:34.139  INFO 75568 --- [pool-7-thread-1] tourGuide.service.TourGuideService       : Track Location for user internalUser6063
2022-10-02 23:12:34.139  INFO 75568 --- [    Test worker] tourGuide.service.TourGuideService       : Track Location for user internalUser5087
2022-10-02 23:12:34.139  INFO 75568 --- [pool-7-thread-1] tourGuide.service.TourGuideService       : Track Location for user internalUser7394
2022-10-02 23:12:34.139  INFO 75568 --- [    Test worker] tourGuide.service.TourGuideService       : Track Location for user internalUser5088
2022-10-02 23:12:34.139  INFO 75568 --- [pool-7-thread-1] tourGuide.service.TourGuideService       : Track Location for user internalUser6062
2022-10-02 23:12:34.139  INFO 75568 --- [    Test worker] tourGuide.service.TourGuideService       : Track Location for user internalUser5089
2022-10-02 23:12:34.139  INFO 75568 --- [pool-7-thread-1] tourGuide.service.TourGuideService       : Track Location for user internalUser7393
2022-10-02 23:12:34.139  INFO 75568 --- [    Test worker] tourGuide.service.TourGuideService       : Track Location for user internalUser2819
2022-10-02 23:12:34.139  INFO 75568 --- [pool-7-thread-1] tourGuide.service.TourGuideService       : Track Location for user internalUser6065
2022-10-02 23:12:34.139  INFO 75568 --- [    Test worker] tourGuide.service.TourGuideService       : Track Location for user internalUser2818
2022-10-02 23:12:34.139  INFO 75568 --- [pool-7-thread-1] tourGuide.service.TourGuideService       : Track Location for user internalUser7396
2022-10-02 23:12:34.139  INFO 75568 --- [    Test worker] tourGuide.service.TourGuideService       : Track Location for user internalUser5090
2022-10-02 23:12:34.139  INFO 75568 --- [pool-7-thread-1] tourGuide.service.TourGuideService       : Track Location for user internalUser6064
2022-10-02 23:12:34.139  INFO 75568 --- [    Test worker] tourGuide.service.TourGuideService       : Track Location for user internalUser2817
2022-10-02 23:12:34.139  INFO 75568 --- [pool-7-thread-1] tourGuide.service.TourGuideService       : Track Location for user internalUser7395
2022-10-02 23:12:34.139  INFO 75568 --- [    Test worker] tourGuide.service.TourGuideService       : Track Location for user internalUser5091
2022-10-02 23:12:34.139  INFO 75568 --- [pool-7-thread-1] tourGuide.service.TourGuideService       : Track Location for user internalUser6067
2022-10-02 23:12:34.139  INFO 75568 --- [pool-7-thread-1] tourGuide.service.TourGuideService       : Track Location for user internalUser7398
2022-10-02 23:12:34.139  INFO 75568 --- [    Test worker] tourGuide.service.TourGuideService       : Track Location for user internalUser2816
2022-10-02 23:12:34.139  INFO 75568 --- [pool-7-thread-1] tourGuide.service.TourGuideService       : Track Location for user internalUser6066
2022-10-02 23:12:34.139  INFO 75568 --- [    Test worker] tourGuide.service.TourGuideService       : Track Location for user internalUser5092
2022-10-02 23:12:34.139  INFO 75568 --- [pool-7-thread-1] tourGuide.service.TourGuideService       : Track Location for user internalUser7397
2022-10-02 23:12:34.139  INFO 75568 --- [    Test worker] tourGuide.service.TourGuideService       : Track Location for user internalUser2815
2022-10-02 23:12:34.139  INFO 75568 --- [pool-7-thread-1] tourGuide.service.TourGuideService       : Track Location for user internalUser6069
2022-10-02 23:12:34.139  INFO 75568 --- [    Test worker] tourGuide.service.TourGuideService       : Track Location for user internalUser5093
2022-10-02 23:12:34.139  INFO 75568 --- [pool-7-thread-1] tourGuide.service.TourGuideService       : Track Location for user internalUser6068
2022-10-02 23:12:34.139  INFO 75568 --- [    Test worker] tourGuide.service.TourGuideService       : Track Location for user internalUser2814
2022-10-02 23:12:34.139  INFO 75568 --- [pool-7-thread-1] tourGuide.service.TourGuideService       : Track Location for user internalUser7399
2022-10-02 23:12:34.139  INFO 75568 --- [    Test worker] tourGuide.service.TourGuideService       : Track Location for user internalUser5094
2022-10-02 23:12:34.139  INFO 75568 --- [pool-7-thread-1] tourGuide.service.TourGuideService       : Track Location for user internalUser6070
2022-10-02 23:12:34.139  INFO 75568 --- [    Test worker] tourGuide.service.TourGuideService       : Track Location for user internalUser2813
2022-10-02 23:12:34.139  INFO 75568 --- [pool-7-thread-1] tourGuide.service.TourGuideService       : Track Location for user internalUser6072
2022-10-02 23:12:34.139  INFO 75568 --- [    Test worker] tourGuide.service.TourGuideService       : Track Location for user internalUser5095
2022-10-02 23:12:34.139  INFO 75568 --- [pool-7-thread-1] tourGuide.service.TourGuideService       : Track Location for user internalUser6071
2022-10-02 23:12:34.139  INFO 75568 --- [    Test worker] tourGuide.service.TourGuideService       : Track Location for user internalUser2823
2022-10-02 23:12:34.139  INFO 75568 --- [pool-7-thread-1] tourGuide.service.TourGuideService       : Track Location for user internalUser6074
2022-10-02 23:12:34.139  INFO 75568 --- [    Test worker] tourGuide.service.TourGuideService       : Track Location for user internalUser5096
2022-10-02 23:12:34.139  INFO 75568 --- [pool-7-thread-1] tourGuide.service.TourGuideService       : Track Location for user internalUser6073
2022-10-02 23:12:34.139  INFO 75568 --- [    Test worker] tourGuide.service.TourGuideService       : Track Location for user internalUser2822
2022-10-02 23:12:34.139  INFO 75568 --- [pool-7-thread-1] tourGuide.service.TourGuideService       : Track Location for user internalUser3840
2022-10-02 23:12:34.139  INFO 75568 --- [    Test worker] tourGuide.service.TourGuideService       : Track Location for user internalUser5097
2022-10-02 23:12:34.139  INFO 75568 --- [pool-7-thread-1] tourGuide.service.TourGuideService       : Track Location for user internalUser3841
2022-10-02 23:12:34.139  INFO 75568 --- [    Test worker] tourGuide.service.TourGuideService       : Track Location for user internalUser2821
2022-10-02 23:12:34.139  INFO 75568 --- [    Test worker] tourGuide.service.TourGuideService       : Track Location for user internalUser5098
2022-10-02 23:12:34.139  INFO 75568 --- [pool-7-thread-1] tourGuide.service.TourGuideService       : Track Location for user internalUser3842
2022-10-02 23:12:34.139  INFO 75568 --- [    Test worker] tourGuide.service.TourGuideService       : Track Location for user internalUser2820
2022-10-02 23:12:34.139  INFO 75568 --- [pool-7-thread-1] tourGuide.service.TourGuideService       : Track Location for user internalUser3843
2022-10-02 23:12:34.139  INFO 75568 --- [    Test worker] tourGuide.service.TourGuideService       : Track Location for user internalUser5099
2022-10-02 23:12:34.139  INFO 75568 --- [pool-7-thread-1] tourGuide.service.TourGuideService       : Track Location for user internalUser3844
2022-10-02 23:12:34.139  INFO 75568 --- [    Test worker] tourGuide.service.TourGuideService       : Track Location for user internalUser2829
2022-10-02 23:12:34.139  INFO 75568 --- [pool-7-thread-1] tourGuide.service.TourGuideService       : Track Location for user internalUser3845
2022-10-02 23:12:34.139  INFO 75568 --- [    Test worker] tourGuide.service.TourGuideService       : Track Location for user internalUser2828
2022-10-02 23:12:34.139  INFO 75568 --- [pool-7-thread-1] tourGuide.service.TourGuideService       : Track Location for user internalUser3846
2022-10-02 23:12:34.139  INFO 75568 --- [    Test worker] tourGuide.service.TourGuideService       : Track Location for user internalUser2827
2022-10-02 23:12:34.139  INFO 75568 --- [pool-7-thread-1] tourGuide.service.TourGuideService       : Track Location for user internalUser2515
2022-10-02 23:12:34.139  INFO 75568 --- [    Test worker] tourGuide.service.TourGuideService       : Track Location for user internalUser2826
2022-10-02 23:12:34.139  INFO 75568 --- [pool-7-thread-1] tourGuide.service.TourGuideService       : Track Location for user internalUser2514
2022-10-02 23:12:34.139  INFO 75568 --- [    Test worker] tourGuide.service.TourGuideService       : Track Location for user internalUser2825
2022-10-02 23:12:34.139  INFO 75568 --- [pool-7-thread-1] tourGuide.service.TourGuideService       : Track Location for user internalUser2513
2022-10-02 23:12:34.139  INFO 75568 --- [    Test worker] tourGuide.service.TourGuideService       : Track Location for user internalUser2824
2022-10-02 23:12:34.139  INFO 75568 --- [pool-7-thread-1] tourGuide.service.TourGuideService       : Track Location for user internalUser2512
2022-10-02 23:12:34.139  INFO 75568 --- [    Test worker] tourGuide.service.TourGuideService       : Track Location for user internalUser2870
2022-10-02 23:12:34.139  INFO 75568 --- [pool-7-thread-1] tourGuide.service.TourGuideService       : Track Location for user internalUser2511
2022-10-02 23:12:34.139  INFO 75568 --- [    Test worker] tourGuide.service.TourGuideService       : Track Location for user internalUser1547
2022-10-02 23:12:34.139  INFO 75568 --- [pool-7-thread-1] tourGuide.service.TourGuideService       : Track Location for user internalUser2510
2022-10-02 23:12:34.139  INFO 75568 --- [    Test worker] tourGuide.service.TourGuideService       : Track Location for user internalUser2878
2022-10-02 23:12:34.139  INFO 75568 --- [pool-7-thread-1] tourGuide.service.TourGuideService       : Track Location for user internalUser2519
2022-10-02 23:12:34.139  INFO 75568 --- [    Test worker] tourGuide.service.TourGuideService       : Track Location for user internalUser1546
2022-10-02 23:12:34.139  INFO 75568 --- [pool-7-thread-1] tourGuide.service.TourGuideService       : Track Location for user internalUser2518
2022-10-02 23:12:34.139  INFO 75568 --- [    Test worker] tourGuide.service.TourGuideService       : Track Location for user internalUser2877
2022-10-02 23:12:34.139  INFO 75568 --- [pool-7-thread-1] tourGuide.service.TourGuideService       : Track Location for user internalUser2517
2022-10-02 23:12:34.139  INFO 75568 --- [    Test worker] tourGuide.service.TourGuideService       : Track Location for user internalUser1545
2022-10-02 23:12:34.139  INFO 75568 --- [pool-7-thread-1] tourGuide.service.TourGuideService       : Track Location for user internalUser2516
2022-10-02 23:12:34.139  INFO 75568 --- [    Test worker] tourGuide.service.TourGuideService       : Track Location for user internalUser2876
2022-10-02 23:12:34.139  INFO 75568 --- [pool-7-thread-1] tourGuide.service.TourGuideService       : Track Location for user internalUser3847
2022-10-02 23:12:34.139  INFO 75568 --- [    Test worker] tourGuide.service.TourGuideService       : Track Location for user internalUser1544
2022-10-02 23:12:34.139  INFO 75568 --- [pool-7-thread-1] tourGuide.service.TourGuideService       : Track Location for user internalUser3848
2022-10-02 23:12:34.139  INFO 75568 --- [    Test worker] tourGuide.service.TourGuideService       : Track Location for user internalUser2875
2022-10-02 23:12:34.139  INFO 75568 --- [pool-7-thread-1] tourGuide.service.TourGuideService       : Track Location for user internalUser3849
2022-10-02 23:12:34.139  INFO 75568 --- [    Test worker] tourGuide.service.TourGuideService       : Track Location for user internalUser1543
2022-10-02 23:12:34.139  INFO 75568 --- [pool-7-thread-1] tourGuide.service.TourGuideService       : Track Location for user internalUser3850
2022-10-02 23:12:34.139  INFO 75568 --- [    Test worker] tourGuide.service.TourGuideService       : Track Location for user internalUser2874
2022-10-02 23:12:34.139  INFO 75568 --- [pool-7-thread-1] tourGuide.service.TourGuideService       : Track Location for user internalUser3851
2022-10-02 23:12:34.139  INFO 75568 --- [    Test worker] tourGuide.service.TourGuideService       : Track Location for user internalUser1542
2022-10-02 23:12:34.139  INFO 75568 --- [pool-7-thread-1] tourGuide.service.TourGuideService       : Track Location for user internalUser3852
2022-10-02 23:12:34.139  INFO 75568 --- [    Test worker] tourGuide.service.TourGuideService       : Track Location for user internalUser2873
2022-10-02 23:12:34.139  INFO 75568 --- [pool-7-thread-1] tourGuide.service.TourGuideService       : Track Location for user internalUser3853
2022-10-02 23:12:34.139  INFO 75568 --- [    Test worker] tourGuide.service.TourGuideService       : Track Location for user internalUser1541
2022-10-02 23:12:34.139  INFO 75568 --- [pool-7-thread-1] tourGuide.service.TourGuideService       : Track Location for user internalUser3854
2022-10-02 23:12:34.139  INFO 75568 --- [    Test worker] tourGuide.service.TourGuideService       : Track Location for user internalUser2872
2022-10-02 23:12:34.139  INFO 75568 --- [pool-7-thread-1] tourGuide.service.TourGuideService       : Track Location for user internalUser3855
2022-10-02 23:12:34.139  INFO 75568 --- [    Test worker] tourGuide.service.TourGuideService       : Track Location for user internalUser1540
2022-10-02 23:12:34.139  INFO 75568 --- [pool-7-thread-1] tourGuide.service.TourGuideService       : Track Location for user internalUser3856
2022-10-02 23:12:34.139  INFO 75568 --- [    Test worker] tourGuide.service.TourGuideService       : Track Location for user internalUser2871
2022-10-02 23:12:34.139  INFO 75568 --- [pool-7-thread-1] tourGuide.service.TourGuideService       : Track Location for user internalUser3857
2022-10-02 23:12:34.139  INFO 75568 --- [    Test worker] tourGuide.service.TourGuideService       : Track Location for user internalUser1549
2022-10-02 23:12:34.139  INFO 75568 --- [pool-7-thread-1] tourGuide.service.TourGuideService       : Track Location for user internalUser2526
2022-10-02 23:12:34.139  INFO 75568 --- [    Test worker] tourGuide.service.TourGuideService       : Track Location for user internalUser1548
2022-10-02 23:12:34.139  INFO 75568 --- [pool-7-thread-1] tourGuide.service.TourGuideService       : Track Location for user internalUser2525
2022-10-02 23:12:34.139  INFO 75568 --- [    Test worker] tourGuide.service.TourGuideService       : Track Location for user internalUser2879
2022-10-02 23:12:34.139  INFO 75568 --- [pool-7-thread-1] tourGuide.service.TourGuideService       : Track Location for user internalUser2524
2022-10-02 23:12:34.139  INFO 75568 --- [    Test worker] tourGuide.service.TourGuideService       : Track Location for user internalUser1550
2022-10-02 23:12:34.139  INFO 75568 --- [pool-7-thread-1] tourGuide.service.TourGuideService       : Track Location for user internalUser2523
2022-10-02 23:12:34.139  INFO 75568 --- [    Test worker] tourGuide.service.TourGuideService       : Track Location for user internalUser2881
2022-10-02 23:12:34.139  INFO 75568 --- [pool-7-thread-1] tourGuide.service.TourGuideService       : Track Location for user internalUser2522
2022-10-02 23:12:34.139  INFO 75568 --- [    Test worker] tourGuide.service.TourGuideService       : Track Location for user internalUser2880
2022-10-02 23:12:34.139  INFO 75568 --- [pool-7-thread-1] tourGuide.service.TourGuideService       : Track Location for user internalUser2521
2022-10-02 23:12:34.139  INFO 75568 --- [    Test worker] tourGuide.service.TourGuideService       : Track Location for user internalUser1558
2022-10-02 23:12:34.139  INFO 75568 --- [pool-7-thread-1] tourGuide.service.TourGuideService       : Track Location for user internalUser2520
2022-10-02 23:12:34.139  INFO 75568 --- [    Test worker] tourGuide.service.TourGuideService       : Track Location for user internalUser2889
2022-10-02 23:12:34.139  INFO 75568 --- [pool-7-thread-1] tourGuide.service.TourGuideService       : Track Location for user internalUser2529
2022-10-02 23:12:34.140  INFO 75568 --- [    Test worker] tourGuide.service.TourGuideService       : Track Location for user internalUser1557
2022-10-02 23:12:34.140  INFO 75568 --- [pool-7-thread-1] tourGuide.service.TourGuideService       : Track Location for user internalUser2528
2022-10-02 23:12:34.140  INFO 75568 --- [    Test worker] tourGuide.service.TourGuideService       : Track Location for user internalUser2888
2022-10-02 23:12:34.140  INFO 75568 --- [pool-7-thread-1] tourGuide.service.TourGuideService       : Track Location for user internalUser2527
2022-10-02 23:12:34.140  INFO 75568 --- [    Test worker] tourGuide.service.TourGuideService       : Track Location for user internalUser1556
2022-10-02 23:12:34.140  INFO 75568 --- [pool-7-thread-1] tourGuide.service.TourGuideService       : Track Location for user internalUser3858
2022-10-02 23:12:34.140  INFO 75568 --- [    Test worker] tourGuide.service.TourGuideService       : Track Location for user internalUser2887
2022-10-02 23:12:34.140  INFO 75568 --- [pool-7-thread-1] tourGuide.service.TourGuideService       : Track Location for user internalUser3859
2022-10-02 23:12:34.140  INFO 75568 --- [    Test worker] tourGuide.service.TourGuideService       : Track Location for user internalUser1555
2022-10-02 23:12:34.140  INFO 75568 --- [pool-7-thread-1] tourGuide.service.TourGuideService       : Track Location for user internalUser3820
2022-10-02 23:12:34.140  INFO 75568 --- [    Test worker] tourGuide.service.TourGuideService       : Track Location for user internalUser2886
2022-10-02 23:12:34.140  INFO 75568 --- [pool-7-thread-1] tourGuide.service.TourGuideService       : Track Location for user internalUser3821
2022-10-02 23:12:34.140  INFO 75568 --- [    Test worker] tourGuide.service.TourGuideService       : Track Location for user internalUser1554
2022-10-02 23:12:34.140  INFO 75568 --- [pool-7-thread-1] tourGuide.service.TourGuideService       : Track Location for user internalUser3822
2022-10-02 23:12:34.140  INFO 75568 --- [    Test worker] tourGuide.service.TourGuideService       : Track Location for user internalUser2885
2022-10-02 23:12:34.140  INFO 75568 --- [pool-7-thread-1] tourGuide.service.TourGuideService       : Track Location for user internalUser3823
2022-10-02 23:12:34.140  INFO 75568 --- [    Test worker] tourGuide.service.TourGuideService       : Track Location for user internalUser1553
2022-10-02 23:12:34.140  INFO 75568 --- [pool-7-thread-1] tourGuide.service.TourGuideService       : Track Location for user internalUser3824
2022-10-02 23:12:34.140  INFO 75568 --- [    Test worker] tourGuide.service.TourGuideService       : Track Location for user internalUser2884
2022-10-02 23:12:34.140  INFO 75568 --- [pool-7-thread-1] tourGuide.service.TourGuideService       : Track Location for user internalUser6098
2022-10-02 23:12:34.140  INFO 75568 --- [    Test worker] tourGuide.service.TourGuideService       : Track Location for user internalUser1552
2022-10-02 23:12:34.140  INFO 75568 --- [pool-7-thread-1] tourGuide.service.TourGuideService       : Track Location for user internalUser6097
2022-10-02 23:12:34.140  INFO 75568 --- [    Test worker] tourGuide.service.TourGuideService       : Track Location for user internalUser2883
2022-10-02 23:12:34.140  INFO 75568 --- [pool-7-thread-1] tourGuide.service.TourGuideService       : Track Location for user internalUser6099
2022-10-02 23:12:34.140  INFO 75568 --- [    Test worker] tourGuide.service.TourGuideService       : Track Location for user internalUser1551
2022-10-02 23:12:34.140  INFO 75568 --- [pool-7-thread-1] tourGuide.service.TourGuideService       : Track Location for user internalUser3825
2022-10-02 23:12:34.140  INFO 75568 --- [    Test worker] tourGuide.service.TourGuideService       : Track Location for user internalUser2882
2022-10-02 23:12:34.140  INFO 75568 --- [pool-7-thread-1] tourGuide.service.TourGuideService       : Track Location for user internalUser3826
2022-10-02 23:12:34.140  INFO 75568 --- [    Test worker] tourGuide.service.TourGuideService       : Track Location for user internalUser1559
2022-10-02 23:12:34.140  INFO 75568 --- [pool-7-thread-1] tourGuide.service.TourGuideService       : Track Location for user internalUser3827
2022-10-02 23:12:34.140  INFO 75568 --- [    Test worker] tourGuide.service.TourGuideService       : Track Location for user internalUser1525
2022-10-02 23:12:34.140  INFO 75568 --- [pool-7-thread-1] tourGuide.service.TourGuideService       : Track Location for user internalUser3828
2022-10-02 23:12:34.140  INFO 75568 --- [    Test worker] tourGuide.service.TourGuideService       : Track Location for user internalUser2856
2022-10-02 23:12:34.140  INFO 75568 --- [pool-7-thread-1] tourGuide.service.TourGuideService       : Track Location for user internalUser3829
2022-10-02 23:12:34.140  INFO 75568 --- [pool-7-thread-1] tourGuide.service.TourGuideService       : Track Location for user internalUser3830
2022-10-02 23:12:34.140  INFO 75568 --- [    Test worker] tourGuide.service.TourGuideService       : Track Location for user internalUser1524
2022-10-02 23:12:34.140  INFO 75568 --- [pool-7-thread-1] tourGuide.service.TourGuideService       : Track Location for user internalUser3831
2022-10-02 23:12:34.140  INFO 75568 --- [    Test worker] tourGuide.service.TourGuideService       : Track Location for user internalUser2855
2022-10-02 23:12:34.140  INFO 75568 --- [pool-7-thread-1] tourGuide.service.TourGuideService       : Track Location for user internalUser3832
2022-10-02 23:12:34.140  INFO 75568 --- [    Test worker] tourGuide.service.TourGuideService       : Track Location for user internalUser1523
2022-10-02 23:12:34.140  INFO 75568 --- [pool-7-thread-1] tourGuide.service.TourGuideService       : Track Location for user internalUser3833
2022-10-02 23:12:34.140  INFO 75568 --- [    Test worker] tourGuide.service.TourGuideService       : Track Location for user internalUser2854
2022-10-02 23:12:34.140  INFO 75568 --- [pool-7-thread-1] tourGuide.service.TourGuideService       : Track Location for user internalUser3834
2022-10-02 23:12:34.140  INFO 75568 --- [    Test worker] tourGuide.service.TourGuideService       : Track Location for user internalUser1522
2022-10-02 23:12:34.140  INFO 75568 --- [pool-7-thread-1] tourGuide.service.TourGuideService       : Track Location for user internalUser3835
2022-10-02 23:12:34.140  INFO 75568 --- [    Test worker] tourGuide.service.TourGuideService       : Track Location for user internalUser2853
2022-10-02 23:12:34.140  INFO 75568 --- [pool-7-thread-1] tourGuide.service.TourGuideService       : Track Location for user internalUser2504
2022-10-02 23:12:34.140  INFO 75568 --- [    Test worker] tourGuide.service.TourGuideService       : Track Location for user internalUser1521
2022-10-02 23:12:34.140  INFO 75568 --- [pool-7-thread-1] tourGuide.service.TourGuideService       : Track Location for user internalUser2503
2022-10-02 23:12:34.140  INFO 75568 --- [    Test worker] tourGuide.service.TourGuideService       : Track Location for user internalUser2852
2022-10-02 23:12:34.140  INFO 75568 --- [pool-7-thread-1] tourGuide.service.TourGuideService       : Track Location for user internalUser2502
2022-10-02 23:12:34.140  INFO 75568 --- [    Test worker] tourGuide.service.TourGuideService       : Track Location for user internalUser1520
2022-10-02 23:12:34.140  INFO 75568 --- [    Test worker] tourGuide.service.TourGuideService       : Track Location for user internalUser2851
2022-10-02 23:12:34.140  INFO 75568 --- [    Test worker] tourGuide.service.TourGuideService       : Track Location for user internalUser2850
2022-10-02 23:12:34.140  INFO 75568 --- [    Test worker] tourGuide.service.TourGuideService       : Track Location for user internalUser1529
2022-10-02 23:12:34.140  INFO 75568 --- [    Test worker] tourGuide.service.TourGuideService       : Track Location for user internalUser1528
2022-10-02 23:12:34.140  INFO 75568 --- [pool-7-thread-1] tourGuide.service.TourGuideService       : Track Location for user internalUser2501
2022-10-02 23:12:34.140  INFO 75568 --- [    Test worker] tourGuide.service.TourGuideService       : Track Location for user internalUser2859
2022-10-02 23:12:34.140  INFO 75568 --- [pool-7-thread-1] tourGuide.service.TourGuideService       : Track Location for user internalUser2500
2022-10-02 23:12:34.140  INFO 75568 --- [    Test worker] tourGuide.service.TourGuideService       : Track Location for user internalUser1527
2022-10-02 23:12:34.140  INFO 75568 --- [pool-7-thread-1] tourGuide.service.TourGuideService       : Track Location for user internalUser2509
2022-10-02 23:12:34.140  INFO 75568 --- [    Test worker] tourGuide.service.TourGuideService       : Track Location for user internalUser2858
2022-10-02 23:12:34.140  INFO 75568 --- [pool-7-thread-1] tourGuide.service.TourGuideService       : Track Location for user internalUser2508
2022-10-02 23:12:34.140  INFO 75568 --- [    Test worker] tourGuide.service.TourGuideService       : Track Location for user internalUser1526
2022-10-02 23:12:34.140  INFO 75568 --- [pool-7-thread-1] tourGuide.service.TourGuideService       : Track Location for user internalUser2507
2022-10-02 23:12:34.140  INFO 75568 --- [    Test worker] tourGuide.service.TourGuideService       : Track Location for user internalUser2857
2022-10-02 23:12:34.140  INFO 75568 --- [pool-7-thread-1] tourGuide.service.TourGuideService       : Track Location for user internalUser2506
2022-10-02 23:12:34.140  INFO 75568 --- [    Test worker] tourGuide.service.TourGuideService       : Track Location for user internalUser1536
2022-10-02 23:12:34.140  INFO 75568 --- [pool-7-thread-1] tourGuide.service.TourGuideService       : Track Location for user internalUser2505
2022-10-02 23:12:34.140  INFO 75568 --- [    Test worker] tourGuide.service.TourGuideService       : Track Location for user internalUser2867
2022-10-02 23:12:34.140  INFO 75568 --- [pool-7-thread-1] tourGuide.service.TourGuideService       : Track Location for user internalUser3836
2022-10-02 23:12:34.140  INFO 75568 --- [    Test worker] tourGuide.service.TourGuideService       : Track Location for user internalUser1535
2022-10-02 23:12:34.140  INFO 75568 --- [pool-7-thread-1] tourGuide.service.TourGuideService       : Track Location for user internalUser3837
2022-10-02 23:12:34.140  INFO 75568 --- [pool-7-thread-1] tourGuide.service.TourGuideService       : Track Location for user internalUser3838
2022-10-02 23:12:34.140  INFO 75568 --- [pool-7-thread-1] tourGuide.service.TourGuideService       : Track Location for user internalUser3839
2022-10-02 23:12:34.140  INFO 75568 --- [    Test worker] tourGuide.service.TourGuideService       : Track Location for user internalUser2866
2022-10-02 23:12:34.140  INFO 75568 --- [pool-7-thread-1] tourGuide.service.TourGuideService       : Track Location for user internalUser7327
2022-10-02 23:12:34.140  INFO 75568 --- [    Test worker] tourGuide.service.TourGuideService       : Track Location for user internalUser1534
2022-10-02 23:12:34.140  INFO 75568 --- [pool-7-thread-1] tourGuide.service.TourGuideService       : Track Location for user internalUser8659
2022-10-02 23:12:34.140  INFO 75568 --- [    Test worker] tourGuide.service.TourGuideService       : Track Location for user internalUser2865
2022-10-02 23:12:34.140  INFO 75568 --- [pool-7-thread-1] tourGuide.service.TourGuideService       : Track Location for user internalUser7326
2022-10-02 23:12:34.140  INFO 75568 --- [    Test worker] tourGuide.service.TourGuideService       : Track Location for user internalUser1533
2022-10-02 23:12:34.140  INFO 75568 --- [pool-7-thread-1] tourGuide.service.TourGuideService       : Track Location for user internalUser7329
2022-10-02 23:12:34.140  INFO 75568 --- [    Test worker] tourGuide.service.TourGuideService       : Track Location for user internalUser2864
2022-10-02 23:12:34.140  INFO 75568 --- [pool-7-thread-1] tourGuide.service.TourGuideService       : Track Location for user internalUser8657
2022-10-02 23:12:34.140  INFO 75568 --- [    Test worker] tourGuide.service.TourGuideService       : Track Location for user internalUser1532
2022-10-02 23:12:34.140  INFO 75568 --- [pool-7-thread-1] tourGuide.service.TourGuideService       : Track Location for user internalUser9988
2022-10-02 23:12:34.140  INFO 75568 --- [    Test worker] tourGuide.service.TourGuideService       : Track Location for user internalUser2863
2022-10-02 23:12:34.140  INFO 75568 --- [pool-7-thread-1] tourGuide.service.TourGuideService       : Track Location for user internalUser7328
2022-10-02 23:12:34.140  INFO 75568 --- [    Test worker] tourGuide.service.TourGuideService       : Track Location for user internalUser1531
2022-10-02 23:12:34.140  INFO 75568 --- [pool-7-thread-1] tourGuide.service.TourGuideService       : Track Location for user internalUser8658
2022-10-02 23:12:34.140  INFO 75568 --- [    Test worker] tourGuide.service.TourGuideService       : Track Location for user internalUser2862
2022-10-02 23:12:34.140  INFO 75568 --- [pool-7-thread-1] tourGuide.service.TourGuideService       : Track Location for user internalUser9989
2022-10-02 23:12:34.140  INFO 75568 --- [    Test worker] tourGuide.service.TourGuideService       : Track Location for user internalUser1530
2022-10-02 23:12:34.140  INFO 75568 --- [pool-7-thread-1] tourGuide.service.TourGuideService       : Track Location for user internalUser8651
2022-10-02 23:12:34.140  INFO 75568 --- [    Test worker] tourGuide.service.TourGuideService       : Track Location for user internalUser2861
2022-10-02 23:12:34.140  INFO 75568 --- [pool-7-thread-1] tourGuide.service.TourGuideService       : Track Location for user internalUser9982
2022-10-02 23:12:34.140  INFO 75568 --- [    Test worker] tourGuide.service.TourGuideService       : Track Location for user internalUser2860
2022-10-02 23:12:34.140  INFO 75568 --- [pool-7-thread-1] tourGuide.service.TourGuideService       : Track Location for user internalUser8652
2022-10-02 23:12:34.140  INFO 75568 --- [    Test worker] tourGuide.service.TourGuideService       : Track Location for user internalUser1539
2022-10-02 23:12:34.140  INFO 75568 --- [pool-7-thread-1] tourGuide.service.TourGuideService       : Track Location for user internalUser9983
2022-10-02 23:12:34.140  INFO 75568 --- [pool-7-thread-1] tourGuide.service.TourGuideService       : Track Location for user internalUser7321
2022-10-02 23:12:34.140  INFO 75568 --- [pool-7-thread-1] tourGuide.service.TourGuideService       : Track Location for user internalUser9980
2022-10-02 23:12:34.140  INFO 75568 --- [    Test worker] tourGuide.service.TourGuideService       : Track Location for user internalUser1538
2022-10-02 23:12:34.140  INFO 75568 --- [pool-7-thread-1] tourGuide.service.TourGuideService       : Track Location for user internalUser7320
2022-10-02 23:12:34.140  INFO 75568 --- [    Test worker] tourGuide.service.TourGuideService       : Track Location for user internalUser2869
2022-10-02 23:12:34.140  INFO 75568 --- [    Test worker] tourGuide.service.TourGuideService       : Track Location for user internalUser1537
2022-10-02 23:12:34.140  INFO 75568 --- [pool-7-thread-1] tourGuide.service.TourGuideService       : Track Location for user internalUser8650
2022-10-02 23:12:34.140  INFO 75568 --- [    Test worker] tourGuide.service.TourGuideService       : Track Location for user internalUser2868
2022-10-02 23:12:34.140  INFO 75568 --- [pool-7-thread-1] tourGuide.service.TourGuideService       : Track Location for user internalUser9981
2022-10-02 23:12:34.140  INFO 75568 --- [    Test worker] tourGuide.service.TourGuideService       : Track Location for user internalUser5027
2022-10-02 23:12:34.140  INFO 75568 --- [pool-7-thread-1] tourGuide.service.TourGuideService       : Track Location for user internalUser7323
2022-10-02 23:12:34.140  INFO 75568 --- [pool-7-thread-1] tourGuide.service.TourGuideService       : Track Location for user internalUser8655
2022-10-02 23:12:34.140  INFO 75568 --- [    Test worker] tourGuide.service.TourGuideService       : Track Location for user internalUser6359
2022-10-02 23:12:34.140  INFO 75568 --- [pool-7-thread-1] tourGuide.service.TourGuideService       : Track Location for user internalUser9986
2022-10-02 23:12:34.140  INFO 75568 --- [pool-7-thread-1] tourGuide.service.TourGuideService       : Track Location for user internalUser7322
2022-10-02 23:12:34.140  INFO 75568 --- [    Test worker] tourGuide.service.TourGuideService       : Track Location for user internalUser5028
2022-10-02 23:12:34.140  INFO 75568 --- [pool-7-thread-1] tourGuide.service.TourGuideService       : Track Location for user internalUser8656
2022-10-02 23:12:34.140  INFO 75568 --- [pool-7-thread-1] tourGuide.service.TourGuideService       : Track Location for user internalUser9987
2022-10-02 23:12:34.140  INFO 75568 --- [pool-7-thread-1] tourGuide.service.TourGuideService       : Track Location for user internalUser7325
2022-10-02 23:12:34.140  INFO 75568 --- [pool-7-thread-1] tourGuide.service.TourGuideService       : Track Location for user internalUser8653
2022-10-02 23:12:34.140  INFO 75568 --- [    Test worker] tourGuide.service.TourGuideService       : Track Location for user internalUser6358
2022-10-02 23:12:34.140  INFO 75568 --- [pool-7-thread-1] tourGuide.service.TourGuideService       : Track Location for user internalUser9984
2022-10-02 23:12:34.140  INFO 75568 --- [    Test worker] tourGuide.service.TourGuideService       : Track Location for user internalUser7689
2022-10-02 23:12:34.140  INFO 75568 --- [pool-7-thread-1] tourGuide.service.TourGuideService       : Track Location for user internalUser7324
2022-10-02 23:12:34.140  INFO 75568 --- [    Test worker] tourGuide.service.TourGuideService       : Track Location for user internalUser5029
2022-10-02 23:12:34.140  INFO 75568 --- [pool-7-thread-1] tourGuide.service.TourGuideService       : Track Location for user internalUser8654
2022-10-02 23:12:34.140  INFO 75568 --- [    Test worker] tourGuide.service.TourGuideService       : Track Location for user internalUser6351
2022-10-02 23:12:34.140  INFO 75568 --- [pool-7-thread-1] tourGuide.service.TourGuideService       : Track Location for user internalUser9985
2022-10-02 23:12:34.140  INFO 75568 --- [    Test worker] tourGuide.service.TourGuideService       : Track Location for user internalUser7682
2022-10-02 23:12:34.140  INFO 75568 --- [pool-7-thread-1] tourGuide.service.TourGuideService       : Track Location for user internalUser9990
2022-10-02 23:12:34.140  INFO 75568 --- [    Test worker] tourGuide.service.TourGuideService       : Track Location for user internalUser5020
2022-10-02 23:12:34.140  INFO 75568 --- [pool-7-thread-1] tourGuide.service.TourGuideService       : Track Location for user internalUser6007
2022-10-02 23:12:34.140  INFO 75568 --- [    Test worker] tourGuide.service.TourGuideService       : Track Location for user internalUser6350
2022-10-02 23:12:34.140  INFO 75568 --- [pool-7-thread-1] tourGuide.service.TourGuideService       : Track Location for user internalUser7338
2022-10-02 23:12:34.140  INFO 75568 --- [    Test worker] tourGuide.service.TourGuideService       : Track Location for user internalUser7681
2022-10-02 23:12:34.140  INFO 75568 --- [pool-7-thread-1] tourGuide.service.TourGuideService       : Track Location for user internalUser6006
2022-10-02 23:12:34.140  INFO 75568 --- [    Test worker] tourGuide.service.TourGuideService       : Track Location for user internalUser5021
2022-10-02 23:12:34.140  INFO 75568 --- [pool-7-thread-1] tourGuide.service.TourGuideService       : Track Location for user internalUser7337
2022-10-02 23:12:34.140  INFO 75568 --- [    Test worker] tourGuide.service.TourGuideService       : Track Location for user internalUser6353
2022-10-02 23:12:34.140  INFO 75568 --- [pool-7-thread-1] tourGuide.service.TourGuideService       : Track Location for user internalUser6009
2022-10-02 23:12:34.140  INFO 75568 --- [    Test worker] tourGuide.service.TourGuideService       : Track Location for user internalUser7684
2022-10-02 23:12:34.140  INFO 75568 --- [pool-7-thread-1] tourGuide.service.TourGuideService       : Track Location for user internalUser8668
2022-10-02 23:12:34.140  INFO 75568 --- [    Test worker] tourGuide.service.TourGuideService       : Track Location for user internalUser5022
2022-10-02 23:12:34.140  INFO 75568 --- [pool-7-thread-1] tourGuide.service.TourGuideService       : Track Location for user internalUser9999
2022-10-02 23:12:34.140  INFO 75568 --- [    Test worker] tourGuide.service.TourGuideService       : Track Location for user internalUser6352
2022-10-02 23:12:34.140  INFO 75568 --- [pool-7-thread-1] tourGuide.service.TourGuideService       : Track Location for user internalUser6008
2022-10-02 23:12:34.140  INFO 75568 --- [    Test worker] tourGuide.service.TourGuideService       : Track Location for user internalUser7683
2022-10-02 23:12:34.140  INFO 75568 --- [pool-7-thread-1] tourGuide.service.TourGuideService       : Track Location for user internalUser7339
2022-10-02 23:12:34.140  INFO 75568 --- [    Test worker] tourGuide.service.TourGuideService       : Track Location for user internalUser5023
2022-10-02 23:12:34.140  INFO 75568 --- [pool-7-thread-1] tourGuide.service.TourGuideService       : Track Location for user internalUser8669
2022-10-02 23:12:34.140  INFO 75568 --- [pool-7-thread-1] tourGuide.service.TourGuideService       : Track Location for user internalUser7330
2022-10-02 23:12:34.140  INFO 75568 --- [    Test worker] tourGuide.service.TourGuideService       : Track Location for user internalUser6355
2022-10-02 23:12:34.140  INFO 75568 --- [pool-7-thread-1] tourGuide.service.TourGuideService       : Track Location for user internalUser8662
2022-10-02 23:12:34.140  INFO 75568 --- [pool-7-thread-1] tourGuide.service.TourGuideService       : Track Location for user internalUser9993
2022-10-02 23:12:34.140  INFO 75568 --- [    Test worker] tourGuide.service.TourGuideService       : Track Location for user internalUser7686
2022-10-02 23:12:34.141  INFO 75568 --- [pool-7-thread-1] tourGuide.service.TourGuideService       : Track Location for user internalUser8663
2022-10-02 23:12:34.141  INFO 75568 --- [    Test worker] tourGuide.service.TourGuideService       : Track Location for user internalUser5024
2022-10-02 23:12:34.141  INFO 75568 --- [pool-7-thread-1] tourGuide.service.TourGuideService       : Track Location for user internalUser9994
2022-10-02 23:12:34.141  INFO 75568 --- [    Test worker] tourGuide.service.TourGuideService       : Track Location for user internalUser6354
2022-10-02 23:12:34.141  INFO 75568 --- [pool-7-thread-1] tourGuide.service.TourGuideService       : Track Location for user internalUser6001
2022-10-02 23:12:34.141  INFO 75568 --- [pool-7-thread-1] tourGuide.service.TourGuideService       : Track Location for user internalUser7332
2022-10-02 23:12:34.141  INFO 75568 --- [    Test worker] tourGuide.service.TourGuideService       : Track Location for user internalUser7685
2022-10-02 23:12:34.141  INFO 75568 --- [pool-7-thread-1] tourGuide.service.TourGuideService       : Track Location for user internalUser8660
2022-10-02 23:12:34.141  INFO 75568 --- [    Test worker] tourGuide.service.TourGuideService       : Track Location for user internalUser5025
2022-10-02 23:12:34.141  INFO 75568 --- [pool-7-thread-1] tourGuide.service.TourGuideService       : Track Location for user internalUser9991
2022-10-02 23:12:34.141  INFO 75568 --- [    Test worker] tourGuide.service.TourGuideService       : Track Location for user internalUser6357
2022-10-02 23:12:34.141  INFO 75568 --- [pool-7-thread-1] tourGuide.service.TourGuideService       : Track Location for user internalUser6000
2022-10-02 23:12:34.141  INFO 75568 --- [    Test worker] tourGuide.service.TourGuideService       : Track Location for user internalUser7688
2022-10-02 23:12:34.141  INFO 75568 --- [pool-7-thread-1] tourGuide.service.TourGuideService       : Track Location for user internalUser7331
2022-10-02 23:12:34.141  INFO 75568 --- [    Test worker] tourGuide.service.TourGuideService       : Track Location for user internalUser5026
2022-10-02 23:12:34.141  INFO 75568 --- [    Test worker] tourGuide.service.TourGuideService       : Track Location for user internalUser6356
2022-10-02 23:12:34.141  INFO 75568 --- [pool-7-thread-1] tourGuide.service.TourGuideService       : Track Location for user internalUser8661
2022-10-02 23:12:34.141  INFO 75568 --- [    Test worker] tourGuide.service.TourGuideService       : Track Location for user internalUser7687
2022-10-02 23:12:34.141  INFO 75568 --- [pool-7-thread-1] tourGuide.service.TourGuideService       : Track Location for user internalUser9992
2022-10-02 23:12:34.141  INFO 75568 --- [    Test worker] tourGuide.service.TourGuideService       : Track Location for user internalUser6360
2022-10-02 23:12:34.141  INFO 75568 --- [pool-7-thread-1] tourGuide.service.TourGuideService       : Track Location for user internalUser6003
2022-10-02 23:12:34.141  INFO 75568 --- [    Test worker] tourGuide.service.TourGuideService       : Track Location for user internalUser7691
2022-10-02 23:12:34.141  INFO 75568 --- [pool-7-thread-1] tourGuide.service.TourGuideService       : Track Location for user internalUser7334
2022-10-02 23:12:34.141  INFO 75568 --- [    Test worker] tourGuide.service.TourGuideService       : Track Location for user internalUser7690
2022-10-02 23:12:34.141  INFO 75568 --- [pool-7-thread-1] tourGuide.service.TourGuideService       : Track Location for user internalUser8666
2022-10-02 23:12:34.141  INFO 75568 --- [    Test worker] tourGuide.service.TourGuideService       : Track Location for user internalUser5038
2022-10-02 23:12:34.141  INFO 75568 --- [pool-7-thread-1] tourGuide.service.TourGuideService       : Track Location for user internalUser9997
2022-10-02 23:12:34.141  INFO 75568 --- [    Test worker] tourGuide.service.TourGuideService       : Track Location for user internalUser5039
2022-10-02 23:12:34.141  INFO 75568 --- [pool-7-thread-1] tourGuide.service.TourGuideService       : Track Location for user internalUser6002
2022-10-02 23:12:34.141  INFO 75568 --- [pool-7-thread-1] tourGuide.service.TourGuideService       : Track Location for user internalUser7333
2022-10-02 23:12:34.141  INFO 75568 --- [pool-7-thread-1] tourGuide.service.TourGuideService       : Track Location for user internalUser8667
2022-10-02 23:12:34.141  INFO 75568 --- [pool-7-thread-1] tourGuide.service.TourGuideService       : Track Location for user internalUser9998
2022-10-02 23:12:34.141  INFO 75568 --- [pool-7-thread-1] tourGuide.service.TourGuideService       : Track Location for user internalUser6005
2022-10-02 23:12:34.141  INFO 75568 --- [pool-7-thread-1] tourGuide.service.TourGuideService       : Track Location for user internalUser7336
2022-10-02 23:12:34.141  INFO 75568 --- [pool-7-thread-1] tourGuide.service.TourGuideService       : Track Location for user internalUser8664
2022-10-02 23:12:34.141  INFO 75568 --- [pool-7-thread-1] tourGuide.service.TourGuideService       : Track Location for user internalUser9995
2022-10-02 23:12:34.141  INFO 75568 --- [pool-7-thread-1] tourGuide.service.TourGuideService       : Track Location for user internalUser6004
2022-10-02 23:12:34.141  INFO 75568 --- [pool-7-thread-1] tourGuide.service.TourGuideService       : Track Location for user internalUser7335
2022-10-02 23:12:34.141  INFO 75568 --- [pool-7-thread-1] tourGuide.service.TourGuideService       : Track Location for user internalUser8665
2022-10-02 23:12:34.141  INFO 75568 --- [pool-7-thread-1] tourGuide.service.TourGuideService       : Track Location for user internalUser9996
2022-10-02 23:12:34.141  INFO 75568 --- [pool-7-thread-1] tourGuide.service.TourGuideService       : Track Location for user internalUser8670
2022-10-02 23:12:34.141  INFO 75568 --- [pool-7-thread-1] tourGuide.service.TourGuideService       : Track Location for user internalUser7305
2022-10-02 23:12:34.141  INFO 75568 --- [pool-7-thread-1] tourGuide.service.TourGuideService       : Track Location for user internalUser8637
2022-10-02 23:12:34.141  INFO 75568 --- [pool-7-thread-1] tourGuide.service.TourGuideService       : Track Location for user internalUser9968
2022-10-02 23:12:34.141  INFO 75568 --- [pool-7-thread-1] tourGuide.service.TourGuideService       : Track Location for user internalUser7304
2022-10-02 23:12:34.141  INFO 75568 --- [pool-7-thread-1] tourGuide.service.TourGuideService       : Track Location for user internalUser8638
2022-10-02 23:12:34.141  INFO 75568 --- [pool-7-thread-1] tourGuide.service.TourGuideService       : Track Location for user internalUser9969
2022-10-02 23:12:34.141  INFO 75568 --- [pool-7-thread-1] tourGuide.service.TourGuideService       : Track Location for user internalUser7307
2022-10-02 23:12:34.141  INFO 75568 --- [pool-7-thread-1] tourGuide.service.TourGuideService       : Track Location for user internalUser8635
2022-10-02 23:12:34.141  INFO 75568 --- [pool-7-thread-1] tourGuide.service.TourGuideService       : Track Location for user internalUser9966
2022-10-02 23:12:34.141  INFO 75568 --- [pool-7-thread-1] tourGuide.service.TourGuideService       : Track Location for user internalUser7306
2022-10-02 23:12:34.141  INFO 75568 --- [pool-7-thread-1] tourGuide.service.TourGuideService       : Track Location for user internalUser8636
2022-10-02 23:12:34.141  INFO 75568 --- [pool-7-thread-1] tourGuide.service.TourGuideService       : Track Location for user internalUser9967
2022-10-02 23:12:34.141  INFO 75568 --- [pool-7-thread-1] tourGuide.service.TourGuideService       : Track Location for user internalUser7309
2022-10-02 23:12:34.141  INFO 75568 --- [pool-7-thread-1] tourGuide.service.TourGuideService       : Track Location for user internalUser7308
2022-10-02 23:12:34.141  INFO 75568 --- [pool-7-thread-1] tourGuide.service.TourGuideService       : Track Location for user internalUser8639
2022-10-02 23:12:34.141  INFO 75568 --- [pool-7-thread-1] tourGuide.service.TourGuideService       : Track Location for user internalUser9960
2022-10-02 23:12:34.141  INFO 75568 --- [pool-7-thread-1] tourGuide.service.TourGuideService       : Track Location for user internalUser8630
2022-10-02 23:12:34.141  INFO 75568 --- [pool-7-thread-1] tourGuide.service.TourGuideService       : Track Location for user internalUser9961
2022-10-02 23:12:34.141  INFO 75568 --- [pool-7-thread-1] tourGuide.service.TourGuideService       : Track Location for user internalUser7301
2022-10-02 23:12:34.141  INFO 75568 --- [pool-7-thread-1] tourGuide.service.TourGuideService       : Track Location for user internalUser8633
2022-10-02 23:12:34.141  INFO 75568 --- [pool-7-thread-1] tourGuide.service.TourGuideService       : Track Location for user internalUser9964
2022-10-02 23:12:34.141  INFO 75568 --- [pool-7-thread-1] tourGuide.service.TourGuideService       : Track Location for user internalUser7300
2022-10-02 23:12:34.141  INFO 75568 --- [    Test worker] tourGuide.service.TourGuideService       : Track Location for user internalUser6369
2022-10-02 23:12:34.141  INFO 75568 --- [pool-7-thread-1] tourGuide.service.TourGuideService       : Track Location for user internalUser8634
2022-10-02 23:12:34.141  INFO 75568 --- [    Test worker] tourGuide.service.TourGuideService       : Track Location for user internalUser5030
2022-10-02 23:12:34.141  INFO 75568 --- [pool-7-thread-1] tourGuide.service.TourGuideService       : Track Location for user internalUser9965
2022-10-02 23:12:34.141  INFO 75568 --- [    Test worker] tourGuide.service.TourGuideService       : Track Location for user internalUser6362
2022-10-02 23:12:34.141  INFO 75568 --- [pool-7-thread-1] tourGuide.service.TourGuideService       : Track Location for user internalUser7303
2022-10-02 23:12:34.141  INFO 75568 --- [    Test worker] tourGuide.service.TourGuideService       : Track Location for user internalUser7693
2022-10-02 23:12:34.141  INFO 75568 --- [pool-7-thread-1] tourGuide.service.TourGuideService       : Track Location for user internalUser8631
2022-10-02 23:12:34.141  INFO 75568 --- [    Test worker] tourGuide.service.TourGuideService       : Track Location for user internalUser5031
2022-10-02 23:12:34.141  INFO 75568 --- [pool-7-thread-1] tourGuide.service.TourGuideService       : Track Location for user internalUser9962
2022-10-02 23:12:34.141  INFO 75568 --- [    Test worker] tourGuide.service.TourGuideService       : Track Location for user internalUser6361
2022-10-02 23:12:34.141  INFO 75568 --- [pool-7-thread-1] tourGuide.service.TourGuideService       : Track Location for user internalUser7302
2022-10-02 23:12:34.141  INFO 75568 --- [    Test worker] tourGuide.service.TourGuideService       : Track Location for user internalUser7692
2022-10-02 23:12:34.141  INFO 75568 --- [pool-7-thread-1] tourGuide.service.TourGuideService       : Track Location for user internalUser8632
2022-10-02 23:12:34.141  INFO 75568 --- [    Test worker] tourGuide.service.TourGuideService       : Track Location for user internalUser5032
2022-10-02 23:12:34.141  INFO 75568 --- [pool-7-thread-1] tourGuide.service.TourGuideService       : Track Location for user internalUser9963
2022-10-02 23:12:34.141  INFO 75568 --- [    Test worker] tourGuide.service.TourGuideService       : Track Location for user internalUser6364
2022-10-02 23:12:34.141  INFO 75568 --- [pool-7-thread-1] tourGuide.service.TourGuideService       : Track Location for user internalUser7316
2022-10-02 23:12:34.141  INFO 75568 --- [    Test worker] tourGuide.service.TourGuideService       : Track Location for user internalUser7695
2022-10-02 23:12:34.141  INFO 75568 --- [pool-7-thread-1] tourGuide.service.TourGuideService       : Track Location for user internalUser8648
2022-10-02 23:12:34.141  INFO 75568 --- [pool-7-thread-1] tourGuide.service.TourGuideService       : Track Location for user internalUser9979
2022-10-02 23:12:34.141  INFO 75568 --- [pool-7-thread-1] tourGuide.service.TourGuideService       : Track Location for user internalUser7315
2022-10-02 23:12:34.141  INFO 75568 --- [pool-7-thread-1] tourGuide.service.TourGuideService       : Track Location for user internalUser8649
2022-10-02 23:12:34.141  INFO 75568 --- [pool-7-thread-1] tourGuide.service.TourGuideService       : Track Location for user internalUser7318
2022-10-02 23:12:34.141  INFO 75568 --- [    Test worker] tourGuide.service.TourGuideService       : Track Location for user internalUser5033
2022-10-02 23:12:34.141  INFO 75568 --- [pool-7-thread-1] tourGuide.service.TourGuideService       : Track Location for user internalUser8646
2022-10-02 23:12:34.141  INFO 75568 --- [    Test worker] tourGuide.service.TourGuideService       : Track Location for user internalUser6363
2022-10-02 23:12:34.141  INFO 75568 --- [pool-7-thread-1] tourGuide.service.TourGuideService       : Track Location for user internalUser9977
2022-10-02 23:12:34.141  INFO 75568 --- [    Test worker] tourGuide.service.TourGuideService       : Track Location for user internalUser7694
2022-10-02 23:12:34.141  INFO 75568 --- [pool-7-thread-1] tourGuide.service.TourGuideService       : Track Location for user internalUser7317
2022-10-02 23:12:34.141  INFO 75568 --- [pool-7-thread-1] tourGuide.service.TourGuideService       : Track Location for user internalUser8647
2022-10-02 23:12:34.141  INFO 75568 --- [pool-7-thread-1] tourGuide.service.TourGuideService       : Track Location for user internalUser9978
2022-10-02 23:12:34.141  INFO 75568 --- [pool-7-thread-1] tourGuide.service.TourGuideService       : Track Location for user internalUser7319
2022-10-02 23:12:34.141  INFO 75568 --- [pool-7-thread-1] tourGuide.service.TourGuideService       : Track Location for user internalUser8640
2022-10-02 23:12:34.141  INFO 75568 --- [pool-7-thread-1] tourGuide.service.TourGuideService       : Track Location for user internalUser9971
2022-10-02 23:12:34.141  INFO 75568 --- [    Test worker] tourGuide.service.TourGuideService       : Track Location for user internalUser5034
2022-10-02 23:12:34.141  INFO 75568 --- [pool-7-thread-1] tourGuide.service.TourGuideService       : Track Location for user internalUser8641
2022-10-02 23:12:34.141  INFO 75568 --- [    Test worker] tourGuide.service.TourGuideService       : Track Location for user internalUser6366
2022-10-02 23:12:34.141  INFO 75568 --- [pool-7-thread-1] tourGuide.service.TourGuideService       : Track Location for user internalUser9972
2022-10-02 23:12:34.141  INFO 75568 --- [    Test worker] tourGuide.service.TourGuideService       : Track Location for user internalUser7697
2022-10-02 23:12:34.141  INFO 75568 --- [pool-7-thread-1] tourGuide.service.TourGuideService       : Track Location for user internalUser7310
2022-10-02 23:12:34.141  INFO 75568 --- [    Test worker] tourGuide.service.TourGuideService       : Track Location for user internalUser5035
2022-10-02 23:12:34.141  INFO 75568 --- [pool-7-thread-1] tourGuide.service.TourGuideService       : Track Location for user internalUser9970
2022-10-02 23:12:34.141  INFO 75568 --- [    Test worker] tourGuide.service.TourGuideService       : Track Location for user internalUser6365
2022-10-02 23:12:34.141  INFO 75568 --- [pool-7-thread-1] tourGuide.service.TourGuideService       : Track Location for user internalUser7312
2022-10-02 23:12:34.141  INFO 75568 --- [    Test worker] tourGuide.service.TourGuideService       : Track Location for user internalUser7696
2022-10-02 23:12:34.141  INFO 75568 --- [pool-7-thread-1] tourGuide.service.TourGuideService       : Track Location for user internalUser8644
2022-10-02 23:12:34.141  INFO 75568 --- [    Test worker] tourGuide.service.TourGuideService       : Track Location for user internalUser5036
2022-10-02 23:12:34.141  INFO 75568 --- [pool-7-thread-1] tourGuide.service.TourGuideService       : Track Location for user internalUser9975
2022-10-02 23:12:34.141  INFO 75568 --- [    Test worker] tourGuide.service.TourGuideService       : Track Location for user internalUser6368
2022-10-02 23:12:34.141  INFO 75568 --- [pool-7-thread-1] tourGuide.service.TourGuideService       : Track Location for user internalUser7311
2022-10-02 23:12:34.141  INFO 75568 --- [    Test worker] tourGuide.service.TourGuideService       : Track Location for user internalUser7699
2022-10-02 23:12:34.141  INFO 75568 --- [pool-7-thread-1] tourGuide.service.TourGuideService       : Track Location for user internalUser8645
2022-10-02 23:12:34.141  INFO 75568 --- [    Test worker] tourGuide.service.TourGuideService       : Track Location for user internalUser5037
2022-10-02 23:12:34.141  INFO 75568 --- [pool-7-thread-1] tourGuide.service.TourGuideService       : Track Location for user internalUser9976
2022-10-02 23:12:34.141  INFO 75568 --- [    Test worker] tourGuide.service.TourGuideService       : Track Location for user internalUser6367
2022-10-02 23:12:34.141  INFO 75568 --- [pool-7-thread-1] tourGuide.service.TourGuideService       : Track Location for user internalUser7314
2022-10-02 23:12:34.141  INFO 75568 --- [    Test worker] tourGuide.service.TourGuideService       : Track Location for user internalUser7698
2022-10-02 23:12:34.141  INFO 75568 --- [pool-7-thread-1] tourGuide.service.TourGuideService       : Track Location for user internalUser8642
2022-10-02 23:12:34.141  INFO 75568 --- [    Test worker] tourGuide.service.TourGuideService       : Track Location for user internalUser6371
2022-10-02 23:12:34.141  INFO 75568 --- [pool-7-thread-1] tourGuide.service.TourGuideService       : Track Location for user internalUser9973
2022-10-02 23:12:34.141  INFO 75568 --- [    Test worker] tourGuide.service.TourGuideService       : Track Location for user internalUser5040
2022-10-02 23:12:34.141  INFO 75568 --- [pool-7-thread-1] tourGuide.service.TourGuideService       : Track Location for user internalUser7313
2022-10-02 23:12:34.141  INFO 75568 --- [    Test worker] tourGuide.service.TourGuideService       : Track Location for user internalUser6370
2022-10-02 23:12:34.141  INFO 75568 --- [pool-7-thread-1] tourGuide.service.TourGuideService       : Track Location for user internalUser8643
2022-10-02 23:12:34.141  INFO 75568 --- [    Test worker] tourGuide.service.TourGuideService       : Track Location for user internalUser5005
2022-10-02 23:12:34.141  INFO 75568 --- [pool-7-thread-1] tourGuide.service.TourGuideService       : Track Location for user internalUser9974
2022-10-02 23:12:34.141  INFO 75568 --- [    Test worker] tourGuide.service.TourGuideService       : Track Location for user internalUser6337
2022-10-02 23:12:34.141  INFO 75568 --- [pool-7-thread-1] tourGuide.service.TourGuideService       : Track Location for user internalUser6039
2022-10-02 23:12:34.141  INFO 75568 --- [    Test worker] tourGuide.service.TourGuideService       : Track Location for user internalUser7668
2022-10-02 23:12:34.141  INFO 75568 --- [pool-7-thread-1] tourGuide.service.TourGuideService       : Track Location for user internalUser6032
2022-10-02 23:12:34.141  INFO 75568 --- [    Test worker] tourGuide.service.TourGuideService       : Track Location for user internalUser5006
2022-10-02 23:12:34.141  INFO 75568 --- [pool-7-thread-1] tourGuide.service.TourGuideService       : Track Location for user internalUser7363
2022-10-02 23:12:34.141  INFO 75568 --- [pool-7-thread-1] tourGuide.service.TourGuideService       : Track Location for user internalUser8695
2022-10-02 23:12:34.141  INFO 75568 --- [pool-7-thread-1] tourGuide.service.TourGuideService       : Track Location for user internalUser6031
2022-10-02 23:12:34.141  INFO 75568 --- [pool-7-thread-1] tourGuide.service.TourGuideService       : Track Location for user internalUser7362
2022-10-02 23:12:34.141  INFO 75568 --- [pool-7-thread-1] tourGuide.service.TourGuideService       : Track Location for user internalUser8696
2022-10-02 23:12:34.141  INFO 75568 --- [pool-7-thread-1] tourGuide.service.TourGuideService       : Track Location for user internalUser6034
2022-10-02 23:12:34.141  INFO 75568 --- [pool-7-thread-1] tourGuide.service.TourGuideService       : Track Location for user internalUser7365
2022-10-02 23:12:34.141  INFO 75568 --- [    Test worker] tourGuide.service.TourGuideService       : Track Location for user internalUser6336
2022-10-02 23:12:34.141  INFO 75568 --- [pool-7-thread-1] tourGuide.service.TourGuideService       : Track Location for user internalUser8693
2022-10-02 23:12:34.141  INFO 75568 --- [    Test worker] tourGuide.service.TourGuideService       : Track Location for user internalUser7667
2022-10-02 23:12:34.141  INFO 75568 --- [pool-7-thread-1] tourGuide.service.TourGuideService       : Track Location for user internalUser6033
2022-10-02 23:12:34.141  INFO 75568 --- [    Test worker] tourGuide.service.TourGuideService       : Track Location for user internalUser5007
2022-10-02 23:12:34.141  INFO 75568 --- [pool-7-thread-1] tourGuide.service.TourGuideService       : Track Location for user internalUser7364
2022-10-02 23:12:34.141  INFO 75568 --- [    Test worker] tourGuide.service.TourGuideService       : Track Location for user internalUser6339
2022-10-02 23:12:34.141  INFO 75568 --- [pool-7-thread-1] tourGuide.service.TourGuideService       : Track Location for user internalUser8694
2022-10-02 23:12:34.141  INFO 75568 --- [    Test worker] tourGuide.service.TourGuideService       : Track Location for user internalUser8998
2022-10-02 23:12:34.141  INFO 75568 --- [pool-7-thread-1] tourGuide.service.TourGuideService       : Track Location for user internalUser6036
2022-10-02 23:12:34.141  INFO 75568 --- [    Test worker] tourGuide.service.TourGuideService       : Track Location for user internalUser5008
2022-10-02 23:12:34.141  INFO 75568 --- [pool-7-thread-1] tourGuide.service.TourGuideService       : Track Location for user internalUser7367
2022-10-02 23:12:34.141  INFO 75568 --- [    Test worker] tourGuide.service.TourGuideService       : Track Location for user internalUser6338
2022-10-02 23:12:34.141  INFO 75568 --- [pool-7-thread-1] tourGuide.service.TourGuideService       : Track Location for user internalUser8699
2022-10-02 23:12:34.141  INFO 75568 --- [    Test worker] tourGuide.service.TourGuideService       : Track Location for user internalUser7669
2022-10-02 23:12:34.141  INFO 75568 --- [pool-7-thread-1] tourGuide.service.TourGuideService       : Track Location for user internalUser6035
2022-10-02 23:12:34.141  INFO 75568 --- [    Test worker] tourGuide.service.TourGuideService       : Track Location for user internalUser8999
2022-10-02 23:12:34.141  INFO 75568 --- [pool-7-thread-1] tourGuide.service.TourGuideService       : Track Location for user internalUser7366
2022-10-02 23:12:34.141  INFO 75568 --- [    Test worker] tourGuide.service.TourGuideService       : Track Location for user internalUser5009
2022-10-02 23:12:34.141  INFO 75568 --- [pool-7-thread-1] tourGuide.service.TourGuideService       : Track Location for user internalUser6038
2022-10-02 23:12:34.141  INFO 75568 --- [    Test worker] tourGuide.service.TourGuideService       : Track Location for user internalUser7660
2022-10-02 23:12:34.141  INFO 75568 --- [pool-7-thread-1] tourGuide.service.TourGuideService       : Track Location for user internalUser7369
2022-10-02 23:12:34.141  INFO 75568 --- [pool-7-thread-1] tourGuide.service.TourGuideService       : Track Location for user internalUser8697
2022-10-02 23:12:34.141  INFO 75568 --- [pool-7-thread-1] tourGuide.service.TourGuideService       : Track Location for user internalUser6037
2022-10-02 23:12:34.141  INFO 75568 --- [pool-7-thread-1] tourGuide.service.TourGuideService       : Track Location for user internalUser7368
2022-10-02 23:12:34.141  INFO 75568 --- [    Test worker] tourGuide.service.TourGuideService       : Track Location for user internalUser8992
2022-10-02 23:12:34.141  INFO 75568 --- [pool-7-thread-1] tourGuide.service.TourGuideService       : Track Location for user internalUser8698
2022-10-02 23:12:34.141  INFO 75568 --- [    Test worker] tourGuide.service.TourGuideService       : Track Location for user internalUser8993
2022-10-02 23:12:34.141  INFO 75568 --- [pool-7-thread-1] tourGuide.service.TourGuideService       : Track Location for user internalUser7370
2022-10-02 23:12:34.141  INFO 75568 --- [pool-7-thread-1] tourGuide.service.TourGuideService       : Track Location for user internalUser6041
2022-10-02 23:12:34.141  INFO 75568 --- [pool-7-thread-1] tourGuide.service.TourGuideService       : Track Location for user internalUser7372
2022-10-02 23:12:34.141  INFO 75568 --- [pool-7-thread-1] tourGuide.service.TourGuideService       : Track Location for user internalUser6040
2022-10-02 23:12:34.141  INFO 75568 --- [pool-7-thread-1] tourGuide.service.TourGuideService       : Track Location for user internalUser7371
2022-10-02 23:12:34.141  INFO 75568 --- [pool-7-thread-1] tourGuide.service.TourGuideService       : Track Location for user internalUser6043
2022-10-02 23:12:34.141  INFO 75568 --- [pool-7-thread-1] tourGuide.service.TourGuideService       : Track Location for user internalUser7374
2022-10-02 23:12:34.142  INFO 75568 --- [pool-7-thread-1] tourGuide.service.TourGuideService       : Track Location for user internalUser6042
2022-10-02 23:12:34.141  INFO 75568 --- [    Test worker] tourGuide.service.TourGuideService       : Track Location for user internalUser6331
2022-10-02 23:12:34.142  INFO 75568 --- [pool-7-thread-1] tourGuide.service.TourGuideService       : Track Location for user internalUser7373
2022-10-02 23:12:34.142  INFO 75568 --- [    Test worker] tourGuide.service.TourGuideService       : Track Location for user internalUser7662
2022-10-02 23:12:34.142  INFO 75568 --- [pool-7-thread-1] tourGuide.service.TourGuideService       : Track Location for user internalUser6045
2022-10-02 23:12:34.142  INFO 75568 --- [    Test worker] tourGuide.service.TourGuideService       : Track Location for user internalUser8990
2022-10-02 23:12:34.142  INFO 75568 --- [pool-7-thread-1] tourGuide.service.TourGuideService       : Track Location for user internalUser7376
2022-10-02 23:12:34.142  INFO 75568 --- [    Test worker] tourGuide.service.TourGuideService       : Track Location for user internalUser5000
2022-10-02 23:12:34.142  INFO 75568 --- [pool-7-thread-1] tourGuide.service.TourGuideService       : Track Location for user internalUser6044
2022-10-02 23:12:34.142  INFO 75568 --- [    Test worker] tourGuide.service.TourGuideService       : Track Location for user internalUser6330
2022-10-02 23:12:34.142  INFO 75568 --- [pool-7-thread-1] tourGuide.service.TourGuideService       : Track Location for user internalUser7375
2022-10-02 23:12:34.142  INFO 75568 --- [    Test worker] tourGuide.service.TourGuideService       : Track Location for user internalUser7661
2022-10-02 23:12:34.142  INFO 75568 --- [pool-7-thread-1] tourGuide.service.TourGuideService       : Track Location for user internalUser6047
2022-10-02 23:12:34.142  INFO 75568 --- [    Test worker] tourGuide.service.TourGuideService       : Track Location for user internalUser8991
2022-10-02 23:12:34.142  INFO 75568 --- [pool-7-thread-1] tourGuide.service.TourGuideService       : Track Location for user internalUser7378
2022-10-02 23:12:34.142  INFO 75568 --- [    Test worker] tourGuide.service.TourGuideService       : Track Location for user internalUser5001
2022-10-02 23:12:34.142  INFO 75568 --- [pool-7-thread-1] tourGuide.service.TourGuideService       : Track Location for user internalUser6046
2022-10-02 23:12:34.142  INFO 75568 --- [    Test worker] tourGuide.service.TourGuideService       : Track Location for user internalUser6333
2022-10-02 23:12:34.142  INFO 75568 --- [    Test worker] tourGuide.service.TourGuideService       : Track Location for user internalUser7664
2022-10-02 23:12:34.142  INFO 75568 --- [    Test worker] tourGuide.service.TourGuideService       : Track Location for user internalUser8996
2022-10-02 23:12:34.142  INFO 75568 --- [    Test worker] tourGuide.service.TourGuideService       : Track Location for user internalUser5002
2022-10-02 23:12:34.142  INFO 75568 --- [    Test worker] tourGuide.service.TourGuideService       : Track Location for user internalUser6332
2022-10-02 23:12:34.142  INFO 75568 --- [    Test worker] tourGuide.service.TourGuideService       : Track Location for user internalUser7663
2022-10-02 23:12:34.142  INFO 75568 --- [pool-7-thread-1] tourGuide.service.TourGuideService       : Track Location for user internalUser7377
2022-10-02 23:12:34.142  INFO 75568 --- [    Test worker] tourGuide.service.TourGuideService       : Track Location for user internalUser8997
2022-10-02 23:12:34.142  INFO 75568 --- [pool-7-thread-1] tourGuide.service.TourGuideService       : Track Location for user internalUser6049
2022-10-02 23:12:34.142  INFO 75568 --- [    Test worker] tourGuide.service.TourGuideService       : Track Location for user internalUser5003
2022-10-02 23:12:34.142  INFO 75568 --- [pool-7-thread-1] tourGuide.service.TourGuideService       : Track Location for user internalUser6048
2022-10-02 23:12:34.142  INFO 75568 --- [    Test worker] tourGuide.service.TourGuideService       : Track Location for user internalUser6335
2022-10-02 23:12:34.142  INFO 75568 --- [pool-7-thread-1] tourGuide.service.TourGuideService       : Track Location for user internalUser7379
2022-10-02 23:12:34.142  INFO 75568 --- [    Test worker] tourGuide.service.TourGuideService       : Track Location for user internalUser7666
2022-10-02 23:12:34.142  INFO 75568 --- [pool-7-thread-1] tourGuide.service.TourGuideService       : Track Location for user internalUser6050
2022-10-02 23:12:34.142  INFO 75568 --- [    Test worker] tourGuide.service.TourGuideService       : Track Location for user internalUser8994
2022-10-02 23:12:34.142  INFO 75568 --- [pool-7-thread-1] tourGuide.service.TourGuideService       : Track Location for user internalUser7381
2022-10-02 23:12:34.142  INFO 75568 --- [pool-7-thread-1] tourGuide.service.TourGuideService       : Track Location for user internalUser7380
2022-10-02 23:12:34.142  INFO 75568 --- [pool-7-thread-1] tourGuide.service.TourGuideService       : Track Location for user internalUser6052
2022-10-02 23:12:34.142  INFO 75568 --- [    Test worker] tourGuide.service.TourGuideService       : Track Location for user internalUser5004
2022-10-02 23:12:34.142  INFO 75568 --- [pool-7-thread-1] tourGuide.service.TourGuideService       : Track Location for user internalUser7383
2022-10-02 23:12:34.142  INFO 75568 --- [    Test worker] tourGuide.service.TourGuideService       : Track Location for user internalUser6334
2022-10-02 23:12:34.142  INFO 75568 --- [pool-7-thread-1] tourGuide.service.TourGuideService       : Track Location for user internalUser6051
2022-10-02 23:12:34.142  INFO 75568 --- [    Test worker] tourGuide.service.TourGuideService       : Track Location for user internalUser7665
2022-10-02 23:12:34.142  INFO 75568 --- [pool-7-thread-1] tourGuide.service.TourGuideService       : Track Location for user internalUser7382
2022-10-02 23:12:34.142  INFO 75568 --- [    Test worker] tourGuide.service.TourGuideService       : Track Location for user internalUser8995
2022-10-02 23:12:34.142  INFO 75568 --- [    Test worker] tourGuide.service.TourGuideService       : Track Location for user internalUser5016
2022-10-02 23:12:34.142  INFO 75568 --- [    Test worker] tourGuide.service.TourGuideService       : Track Location for user internalUser6348
2022-10-02 23:12:34.142  INFO 75568 --- [pool-7-thread-1] tourGuide.service.TourGuideService       : Track Location for user internalUser6018
2022-10-02 23:12:34.142  INFO 75568 --- [    Test worker] tourGuide.service.TourGuideService       : Track Location for user internalUser7679
2022-10-02 23:12:34.142  INFO 75568 --- [pool-7-thread-1] tourGuide.service.TourGuideService       : Track Location for user internalUser7349
2022-10-02 23:12:34.142  INFO 75568 --- [    Test worker] tourGuide.service.TourGuideService       : Track Location for user internalUser5017
2022-10-02 23:12:34.142  INFO 75568 --- [pool-7-thread-1] tourGuide.service.TourGuideService       : Track Location for user internalUser6017
2022-10-02 23:12:34.142  INFO 75568 --- [    Test worker] tourGuide.service.TourGuideService       : Track Location for user internalUser6347
2022-10-02 23:12:34.142  INFO 75568 --- [pool-7-thread-1] tourGuide.service.TourGuideService       : Track Location for user internalUser7348
2022-10-02 23:12:34.142  INFO 75568 --- [    Test worker] tourGuide.service.TourGuideService       : Track Location for user internalUser7678
2022-10-02 23:12:34.142  INFO 75568 --- [pool-7-thread-1] tourGuide.service.TourGuideService       : Track Location for user internalUser8679
2022-10-02 23:12:34.142  INFO 75568 --- [    Test worker] tourGuide.service.TourGuideService       : Track Location for user internalUser5018
2022-10-02 23:12:34.142  INFO 75568 --- [pool-7-thread-1] tourGuide.service.TourGuideService       : Track Location for user internalUser6019
2022-10-02 23:12:34.142  INFO 75568 --- [    Test worker] tourGuide.service.TourGuideService       : Track Location for user internalUser5019
2022-10-02 23:12:34.142  INFO 75568 --- [pool-7-thread-1] tourGuide.service.TourGuideService       : Track Location for user internalUser6010
2022-10-02 23:12:34.142  INFO 75568 --- [    Test worker] tourGuide.service.TourGuideService       : Track Location for user internalUser6349
2022-10-02 23:12:34.142  INFO 75568 --- [pool-7-thread-1] tourGuide.service.TourGuideService       : Track Location for user internalUser7341
2022-10-02 23:12:34.142  INFO 75568 --- [    Test worker] tourGuide.service.TourGuideService       : Track Location for user internalUser6340
2022-10-02 23:12:34.142  INFO 75568 --- [pool-7-thread-1] tourGuide.service.TourGuideService       : Track Location for user internalUser8673
2022-10-02 23:12:34.142  INFO 75568 --- [    Test worker] tourGuide.service.TourGuideService       : Track Location for user internalUser7671
2022-10-02 23:12:34.142  INFO 75568 --- [pool-7-thread-1] tourGuide.service.TourGuideService       : Track Location for user internalUser7340
2022-10-02 23:12:34.142  INFO 75568 --- [    Test worker] tourGuide.service.TourGuideService       : Track Location for user internalUser7670
2022-10-02 23:12:34.142  INFO 75568 --- [pool-7-thread-1] tourGuide.service.TourGuideService       : Track Location for user internalUser8674
2022-10-02 23:12:34.142  INFO 75568 --- [    Test worker] tourGuide.service.TourGuideService       : Track Location for user internalUser5010
2022-10-02 23:12:34.142  INFO 75568 --- [pool-7-thread-1] tourGuide.service.TourGuideService       : Track Location for user internalUser6012
2022-10-02 23:12:34.142  INFO 75568 --- [    Test worker] tourGuide.service.TourGuideService       : Track Location for user internalUser6342
2022-10-02 23:12:34.142  INFO 75568 --- [pool-7-thread-1] tourGuide.service.TourGuideService       : Track Location for user internalUser7343
2022-10-02 23:12:34.142  INFO 75568 --- [pool-7-thread-1] tourGuide.service.TourGuideService       : Track Location for user internalUser8671
2022-10-02 23:12:34.142  INFO 75568 --- [pool-7-thread-1] tourGuide.service.TourGuideService       : Track Location for user internalUser6011
2022-10-02 23:12:34.142  INFO 75568 --- [    Test worker] tourGuide.service.TourGuideService       : Track Location for user internalUser7673
2022-10-02 23:12:34.142  INFO 75568 --- [pool-7-thread-1] tourGuide.service.TourGuideService       : Track Location for user internalUser7342
2022-10-02 23:12:34.142  INFO 75568 --- [    Test worker] tourGuide.service.TourGuideService       : Track Location for user internalUser5011
2022-10-02 23:12:34.142  INFO 75568 --- [pool-7-thread-1] tourGuide.service.TourGuideService       : Track Location for user internalUser8672
2022-10-02 23:12:34.142  INFO 75568 --- [    Test worker] tourGuide.service.TourGuideService       : Track Location for user internalUser6341
2022-10-02 23:12:34.142  INFO 75568 --- [pool-7-thread-1] tourGuide.service.TourGuideService       : Track Location for user internalUser6014
2022-10-02 23:12:34.142  INFO 75568 --- [    Test worker] tourGuide.service.TourGuideService       : Track Location for user internalUser7672
2022-10-02 23:12:34.142  INFO 75568 --- [pool-7-thread-1] tourGuide.service.TourGuideService       : Track Location for user internalUser7345
2022-10-02 23:12:34.142  INFO 75568 --- [    Test worker] tourGuide.service.TourGuideService       : Track Location for user internalUser5012
2022-10-02 23:12:34.142  INFO 75568 --- [pool-7-thread-1] tourGuide.service.TourGuideService       : Track Location for user internalUser8677
2022-10-02 23:12:34.142  INFO 75568 --- [    Test worker] tourGuide.service.TourGuideService       : Track Location for user internalUser6344
2022-10-02 23:12:34.142  INFO 75568 --- [pool-7-thread-1] tourGuide.service.TourGuideService       : Track Location for user internalUser6013
2022-10-02 23:12:34.142  INFO 75568 --- [    Test worker] tourGuide.service.TourGuideService       : Track Location for user internalUser7675
2022-10-02 23:12:34.142  INFO 75568 --- [pool-7-thread-1] tourGuide.service.TourGuideService       : Track Location for user internalUser7344
2022-10-02 23:12:34.142  INFO 75568 --- [pool-7-thread-1] tourGuide.service.TourGuideService       : Track Location for user internalUser8678
2022-10-02 23:12:34.142  INFO 75568 --- [    Test worker] tourGuide.service.TourGuideService       : Track Location for user internalUser5013
2022-10-02 23:12:34.142  INFO 75568 --- [pool-7-thread-1] tourGuide.service.TourGuideService       : Track Location for user internalUser6016
2022-10-02 23:12:34.142  INFO 75568 --- [    Test worker] tourGuide.service.TourGuideService       : Track Location for user internalUser6343
2022-10-02 23:12:34.142  INFO 75568 --- [pool-7-thread-1] tourGuide.service.TourGuideService       : Track Location for user internalUser7347
2022-10-02 23:12:34.142  INFO 75568 --- [    Test worker] tourGuide.service.TourGuideService       : Track Location for user internalUser7674
2022-10-02 23:12:34.142  INFO 75568 --- [pool-7-thread-1] tourGuide.service.TourGuideService       : Track Location for user internalUser8675
2022-10-02 23:12:34.142  INFO 75568 --- [    Test worker] tourGuide.service.TourGuideService       : Track Location for user internalUser5014
2022-10-02 23:12:34.142  INFO 75568 --- [pool-7-thread-1] tourGuide.service.TourGuideService       : Track Location for user internalUser6015
2022-10-02 23:12:34.142  INFO 75568 --- [    Test worker] tourGuide.service.TourGuideService       : Track Location for user internalUser6346
2022-10-02 23:12:34.142  INFO 75568 --- [pool-7-thread-1] tourGuide.service.TourGuideService       : Track Location for user internalUser7346
2022-10-02 23:12:34.142  INFO 75568 --- [    Test worker] tourGuide.service.TourGuideService       : Track Location for user internalUser7677
2022-10-02 23:12:34.142  INFO 75568 --- [pool-7-thread-1] tourGuide.service.TourGuideService       : Track Location for user internalUser8676
2022-10-02 23:12:34.142  INFO 75568 --- [    Test worker] tourGuide.service.TourGuideService       : Track Location for user internalUser5015
2022-10-02 23:12:34.142  INFO 75568 --- [pool-7-thread-1] tourGuide.service.TourGuideService       : Track Location for user internalUser8680
2022-10-02 23:12:34.142  INFO 75568 --- [    Test worker] tourGuide.service.TourGuideService       : Track Location for user internalUser6345
2022-10-02 23:12:34.142  INFO 75568 --- [pool-7-thread-1] tourGuide.service.TourGuideService       : Track Location for user internalUser8681
2022-10-02 23:12:34.142  INFO 75568 --- [    Test worker] tourGuide.service.TourGuideService       : Track Location for user internalUser7676
2022-10-02 23:12:34.142  INFO 75568 --- [pool-7-thread-1] tourGuide.service.TourGuideService       : Track Location for user internalUser7350
2022-10-02 23:12:34.142  INFO 75568 --- [    Test worker] tourGuide.service.TourGuideService       : Track Location for user internalUser7680
2022-10-02 23:12:34.142  INFO 75568 --- [pool-7-thread-1] tourGuide.service.TourGuideService       : Track Location for user internalUser6029
2022-10-02 23:12:34.142  INFO 75568 --- [    Test worker] tourGuide.service.TourGuideService       : Track Location for user internalUser5063
2022-10-02 23:12:34.142  INFO 75568 --- [pool-7-thread-1] tourGuide.service.TourGuideService       : Track Location for user internalUser6028
2022-10-02 23:12:34.142  INFO 75568 --- [    Test worker] tourGuide.service.TourGuideService       : Track Location for user internalUser6395
2022-10-02 23:12:34.142  INFO 75568 --- [pool-7-thread-1] tourGuide.service.TourGuideService       : Track Location for user internalUser7359
2022-10-02 23:12:34.142  INFO 75568 --- [pool-7-thread-1] tourGuide.service.TourGuideService       : Track Location for user internalUser6021
2022-10-02 23:12:34.142  INFO 75568 --- [pool-7-thread-1] tourGuide.service.TourGuideService       : Track Location for user internalUser7352
2022-10-02 23:12:34.142  INFO 75568 --- [    Test worker] tourGuide.service.TourGuideService       : Track Location for user internalUser5064
2022-10-02 23:12:34.142  INFO 75568 --- [pool-7-thread-1] tourGuide.service.TourGuideService       : Track Location for user internalUser8684
2022-10-02 23:12:34.142  INFO 75568 --- [    Test worker] tourGuide.service.TourGuideService       : Track Location for user internalUser6394
2022-10-02 23:12:34.142  INFO 75568 --- [pool-7-thread-1] tourGuide.service.TourGuideService       : Track Location for user internalUser6020
2022-10-02 23:12:34.142  INFO 75568 --- [    Test worker] tourGuide.service.TourGuideService       : Track Location for user internalUser5065
2022-10-02 23:12:34.142  INFO 75568 --- [pool-7-thread-1] tourGuide.service.TourGuideService       : Track Location for user internalUser7351
2022-10-02 23:12:34.142  INFO 75568 --- [    Test worker] tourGuide.service.TourGuideService       : Track Location for user internalUser6397
2022-10-02 23:12:34.142  INFO 75568 --- [pool-7-thread-1] tourGuide.service.TourGuideService       : Track Location for user internalUser8685
2022-10-02 23:12:34.142  INFO 75568 --- [    Test worker] tourGuide.service.TourGuideService       : Track Location for user internalUser5066
2022-10-02 23:12:34.142  INFO 75568 --- [pool-7-thread-1] tourGuide.service.TourGuideService       : Track Location for user internalUser6023
2022-10-02 23:12:34.142  INFO 75568 --- [pool-7-thread-1] tourGuide.service.TourGuideService       : Track Location for user internalUser7354
2022-10-02 23:12:34.142  INFO 75568 --- [pool-7-thread-1] tourGuide.service.TourGuideService       : Track Location for user internalUser8682
2022-10-02 23:12:34.142  INFO 75568 --- [    Test worker] tourGuide.service.TourGuideService       : Track Location for user internalUser6396
2022-10-02 23:12:34.142  INFO 75568 --- [pool-7-thread-1] tourGuide.service.TourGuideService       : Track Location for user internalUser6022
2022-10-02 23:12:34.142  INFO 75568 --- [    Test worker] tourGuide.service.TourGuideService       : Track Location for user internalUser5067
2022-10-02 23:12:34.142  INFO 75568 --- [pool-7-thread-1] tourGuide.service.TourGuideService       : Track Location for user internalUser7353
2022-10-02 23:12:34.142  INFO 75568 --- [    Test worker] tourGuide.service.TourGuideService       : Track Location for user internalUser6399
2022-10-02 23:12:34.142  INFO 75568 --- [pool-7-thread-1] tourGuide.service.TourGuideService       : Track Location for user internalUser8683
2022-10-02 23:12:34.142  INFO 75568 --- [pool-7-thread-1] tourGuide.service.TourGuideService       : Track Location for user internalUser6025
2022-10-02 23:12:34.142  INFO 75568 --- [pool-7-thread-1] tourGuide.service.TourGuideService       : Track Location for user internalUser7356
2022-10-02 23:12:34.142  INFO 75568 --- [    Test worker] tourGuide.service.TourGuideService       : Track Location for user internalUser5068
2022-10-02 23:12:34.142  INFO 75568 --- [pool-7-thread-1] tourGuide.service.TourGuideService       : Track Location for user internalUser8688
2022-10-02 23:12:34.142  INFO 75568 --- [    Test worker] tourGuide.service.TourGuideService       : Track Location for user internalUser6398
2022-10-02 23:12:34.142  INFO 75568 --- [pool-7-thread-1] tourGuide.service.TourGuideService       : Track Location for user internalUser6024
2022-10-02 23:12:34.142  INFO 75568 --- [    Test worker] tourGuide.service.TourGuideService       : Track Location for user internalUser5069
2022-10-02 23:12:34.142  INFO 75568 --- [pool-7-thread-1] tourGuide.service.TourGuideService       : Track Location for user internalUser7355
2022-10-02 23:12:34.142  INFO 75568 --- [pool-7-thread-1] tourGuide.service.TourGuideService       : Track Location for user internalUser8689
2022-10-02 23:12:34.142  INFO 75568 --- [    Test worker] tourGuide.service.TourGuideService       : Track Location for user internalUser5070
2022-10-02 23:12:34.142  INFO 75568 --- [pool-7-thread-1] tourGuide.service.TourGuideService       : Track Location for user internalUser6027
2022-10-02 23:12:34.142  INFO 75568 --- [    Test worker] tourGuide.service.TourGuideService       : Track Location for user internalUser5071
2022-10-02 23:12:34.142  INFO 75568 --- [pool-7-thread-1] tourGuide.service.TourGuideService       : Track Location for user internalUser7358
2022-10-02 23:12:34.142  INFO 75568 --- [    Test worker] tourGuide.service.TourGuideService       : Track Location for user internalUser5072
2022-10-02 23:12:34.142  INFO 75568 --- [pool-7-thread-1] tourGuide.service.TourGuideService       : Track Location for user internalUser8686
2022-10-02 23:12:34.142  INFO 75568 --- [    Test worker] tourGuide.service.TourGuideService       : Track Location for user internalUser5073
2022-10-02 23:12:34.142  INFO 75568 --- [pool-7-thread-1] tourGuide.service.TourGuideService       : Track Location for user internalUser6026
2022-10-02 23:12:34.142  INFO 75568 --- [    Test worker] tourGuide.service.TourGuideService       : Track Location for user internalUser2801
2022-10-02 23:12:34.142  INFO 75568 --- [pool-7-thread-1] tourGuide.service.TourGuideService       : Track Location for user internalUser7357
2022-10-02 23:12:34.142  INFO 75568 --- [pool-7-thread-1] tourGuide.service.TourGuideService       : Track Location for user internalUser8687
2022-10-02 23:12:34.142  INFO 75568 --- [    Test worker] tourGuide.service.TourGuideService       : Track Location for user internalUser5074
2022-10-02 23:12:34.142  INFO 75568 --- [pool-7-thread-1] tourGuide.service.TourGuideService       : Track Location for user internalUser8691
2022-10-02 23:12:34.142  INFO 75568 --- [    Test worker] tourGuide.service.TourGuideService       : Track Location for user internalUser2800
2022-10-02 23:12:34.142  INFO 75568 --- [pool-7-thread-1] tourGuide.service.TourGuideService       : Track Location for user internalUser8692
2022-10-02 23:12:34.142  INFO 75568 --- [    Test worker] tourGuide.service.TourGuideService       : Track Location for user internalUser5075
2022-10-02 23:12:34.142  INFO 75568 --- [pool-7-thread-1] tourGuide.service.TourGuideService       : Track Location for user internalUser6030
2022-10-02 23:12:34.142  INFO 75568 --- [    Test worker] tourGuide.service.TourGuideService       : Track Location for user internalUser5076
2022-10-02 23:12:34.143  INFO 75568 --- [pool-7-thread-1] tourGuide.service.TourGuideService       : Track Location for user internalUser7361
2022-10-02 23:12:34.143  INFO 75568 --- [    Test worker] tourGuide.service.TourGuideService       : Track Location for user internalUser5077
2022-10-02 23:12:34.143  INFO 75568 --- [pool-7-thread-1] tourGuide.service.TourGuideService       : Track Location for user internalUser7360
2022-10-02 23:12:34.143  INFO 75568 --- [    Test worker] tourGuide.service.TourGuideService       : Track Location for user internalUser5078
2022-10-02 23:12:34.143  INFO 75568 --- [pool-7-thread-1] tourGuide.service.TourGuideService       : Track Location for user internalUser8690
2022-10-02 23:12:34.143  INFO 75568 --- [    Test worker] tourGuide.service.TourGuideService       : Track Location for user internalUser5079
2022-10-02 23:12:34.143  INFO 75568 --- [pool-7-thread-1] tourGuide.service.TourGuideService       : Track Location for user internalUser1187
2022-10-02 23:12:34.143  INFO 75568 --- [    Test worker] tourGuide.service.TourGuideService       : Track Location for user internalUser2809
2022-10-02 23:12:34.143  INFO 75568 --- [pool-7-thread-1] tourGuide.service.TourGuideService       : Track Location for user internalUser9902
2022-10-02 23:12:34.143  INFO 75568 --- [    Test worker] tourGuide.service.TourGuideService       : Track Location for user internalUser2808
2022-10-02 23:12:34.143  INFO 75568 --- [pool-7-thread-1] tourGuide.service.TourGuideService       : Track Location for user internalUser1186
2022-10-02 23:12:34.143  INFO 75568 --- [    Test worker] tourGuide.service.TourGuideService       : Track Location for user internalUser2807
2022-10-02 23:12:34.143  INFO 75568 --- [pool-7-thread-1] tourGuide.service.TourGuideService       : Track Location for user internalUser9903
2022-10-02 23:12:34.143  INFO 75568 --- [    Test worker] tourGuide.service.TourGuideService       : Track Location for user internalUser2806
2022-10-02 23:12:34.143  INFO 75568 --- [pool-7-thread-1] tourGuide.service.TourGuideService       : Track Location for user internalUser1185
2022-10-02 23:12:34.143  INFO 75568 --- [    Test worker] tourGuide.service.TourGuideService       : Track Location for user internalUser5080
2022-10-02 23:12:34.143  INFO 75568 --- [pool-7-thread-1] tourGuide.service.TourGuideService       : Track Location for user internalUser9900
2022-10-02 23:12:34.143  INFO 75568 --- [    Test worker] tourGuide.service.TourGuideService       : Track Location for user internalUser2805
2022-10-02 23:12:34.143  INFO 75568 --- [pool-7-thread-1] tourGuide.service.TourGuideService       : Track Location for user internalUser1184
2022-10-02 23:12:34.143  INFO 75568 --- [    Test worker] tourGuide.service.TourGuideService       : Track Location for user internalUser5081
2022-10-02 23:12:34.143  INFO 75568 --- [pool-7-thread-1] tourGuide.service.TourGuideService       : Track Location for user internalUser9901
2022-10-02 23:12:34.143  INFO 75568 --- [    Test worker] tourGuide.service.TourGuideService       : Track Location for user internalUser2804
2022-10-02 23:12:34.143  INFO 75568 --- [pool-7-thread-1] tourGuide.service.TourGuideService       : Track Location for user internalUser1183
2022-10-02 23:12:34.143  INFO 75568 --- [    Test worker] tourGuide.service.TourGuideService       : Track Location for user internalUser5082
2022-10-02 23:12:34.143  INFO 75568 --- [pool-7-thread-1] tourGuide.service.TourGuideService       : Track Location for user internalUser9906
2022-10-02 23:12:34.143  INFO 75568 --- [    Test worker] tourGuide.service.TourGuideService       : Track Location for user internalUser2803
2022-10-02 23:12:34.143  INFO 75568 --- [pool-7-thread-1] tourGuide.service.TourGuideService       : Track Location for user internalUser1182
2022-10-02 23:12:34.143  INFO 75568 --- [pool-7-thread-1] tourGuide.service.TourGuideService       : Track Location for user internalUser9907
2022-10-02 23:12:34.143  INFO 75568 --- [pool-7-thread-1] tourGuide.service.TourGuideService       : Track Location for user internalUser1181
2022-10-02 23:12:34.143  INFO 75568 --- [    Test worker] tourGuide.service.TourGuideService       : Track Location for user internalUser5083
2022-10-02 23:12:34.143  INFO 75568 --- [pool-7-thread-1] tourGuide.service.TourGuideService       : Track Location for user internalUser9904
2022-10-02 23:12:34.143  INFO 75568 --- [    Test worker] tourGuide.service.TourGuideService       : Track Location for user internalUser2802
2022-10-02 23:12:34.143  INFO 75568 --- [pool-7-thread-1] tourGuide.service.TourGuideService       : Track Location for user internalUser1180
2022-10-02 23:12:34.143  INFO 75568 --- [    Test worker] tourGuide.service.TourGuideService       : Track Location for user internalUser5084
2022-10-02 23:12:34.143  INFO 75568 --- [pool-7-thread-1] tourGuide.service.TourGuideService       : Track Location for user internalUser9905
2022-10-02 23:12:34.143  INFO 75568 --- [    Test worker] tourGuide.service.TourGuideService       : Track Location for user internalUser5049
2022-10-02 23:12:34.143  INFO 75568 --- [pool-7-thread-1] tourGuide.service.TourGuideService       : Track Location for user internalUser1189
2022-10-02 23:12:34.143  INFO 75568 --- [    Test worker] tourGuide.service.TourGuideService       : Track Location for user internalUser5041
2022-10-02 23:12:34.143  INFO 75568 --- [pool-7-thread-1] tourGuide.service.TourGuideService       : Track Location for user internalUser1188
2022-10-02 23:12:34.143  INFO 75568 --- [pool-7-thread-1] tourGuide.service.TourGuideService       : Track Location for user internalUser1190
2022-10-02 23:12:34.143  INFO 75568 --- [    Test worker] tourGuide.service.TourGuideService       : Track Location for user internalUser6373
2022-10-02 23:12:34.143  INFO 75568 --- [pool-7-thread-1] tourGuide.service.TourGuideService       : Track Location for user internalUser9908
2022-10-02 23:12:34.143  INFO 75568 --- [    Test worker] tourGuide.service.TourGuideService       : Track Location for user internalUser5042
2022-10-02 23:12:34.143  INFO 75568 --- [pool-7-thread-1] tourGuide.service.TourGuideService       : Track Location for user internalUser9909
2022-10-02 23:12:34.143  INFO 75568 --- [    Test worker] tourGuide.service.TourGuideService       : Track Location for user internalUser6372
2022-10-02 23:12:34.143  INFO 75568 --- [pool-7-thread-1] tourGuide.service.TourGuideService       : Track Location for user internalUser1198
2022-10-02 23:12:34.143  INFO 75568 --- [    Test worker] tourGuide.service.TourGuideService       : Track Location for user internalUser5043
2022-10-02 23:12:34.143  INFO 75568 --- [pool-7-thread-1] tourGuide.service.TourGuideService       : Track Location for user internalUser9913
2022-10-02 23:12:34.143  INFO 75568 --- [    Test worker] tourGuide.service.TourGuideService       : Track Location for user internalUser6375
2022-10-02 23:12:34.143  INFO 75568 --- [pool-7-thread-1] tourGuide.service.TourGuideService       : Track Location for user internalUser1197
2022-10-02 23:12:34.143  INFO 75568 --- [    Test worker] tourGuide.service.TourGuideService       : Track Location for user internalUser5044
2022-10-02 23:12:34.143  INFO 75568 --- [pool-7-thread-1] tourGuide.service.TourGuideService       : Track Location for user internalUser9914
2022-10-02 23:12:34.143  INFO 75568 --- [    Test worker] tourGuide.service.TourGuideService       : Track Location for user internalUser6374
2022-10-02 23:12:34.143  INFO 75568 --- [pool-7-thread-1] tourGuide.service.TourGuideService       : Track Location for user internalUser1196
2022-10-02 23:12:34.143  INFO 75568 --- [    Test worker] tourGuide.service.TourGuideService       : Track Location for user internalUser5045
2022-10-02 23:12:34.143  INFO 75568 --- [pool-7-thread-1] tourGuide.service.TourGuideService       : Track Location for user internalUser9911
2022-10-02 23:12:34.143  INFO 75568 --- [    Test worker] tourGuide.service.TourGuideService       : Track Location for user internalUser6377
2022-10-02 23:12:34.143  INFO 75568 --- [pool-7-thread-1] tourGuide.service.TourGuideService       : Track Location for user internalUser1195
2022-10-02 23:12:34.143  INFO 75568 --- [pool-7-thread-1] tourGuide.service.TourGuideService       : Track Location for user internalUser9912
2022-10-02 23:12:34.143  INFO 75568 --- [pool-7-thread-1] tourGuide.service.TourGuideService       : Track Location for user internalUser1194
2022-10-02 23:12:34.143  INFO 75568 --- [    Test worker] tourGuide.service.TourGuideService       : Track Location for user internalUser5046
2022-10-02 23:12:34.143  INFO 75568 --- [pool-7-thread-1] tourGuide.service.TourGuideService       : Track Location for user internalUser9917
2022-10-02 23:12:34.143  INFO 75568 --- [    Test worker] tourGuide.service.TourGuideService       : Track Location for user internalUser6376
2022-10-02 23:12:34.143  INFO 75568 --- [pool-7-thread-1] tourGuide.service.TourGuideService       : Track Location for user internalUser1193
2022-10-02 23:12:34.143  INFO 75568 --- [    Test worker] tourGuide.service.TourGuideService       : Track Location for user internalUser5047
2022-10-02 23:12:34.143  INFO 75568 --- [pool-7-thread-1] tourGuide.service.TourGuideService       : Track Location for user internalUser9918
2022-10-02 23:12:34.143  INFO 75568 --- [    Test worker] tourGuide.service.TourGuideService       : Track Location for user internalUser6379
2022-10-02 23:12:34.143  INFO 75568 --- [pool-7-thread-1] tourGuide.service.TourGuideService       : Track Location for user internalUser1192
2022-10-02 23:12:34.143  INFO 75568 --- [    Test worker] tourGuide.service.TourGuideService       : Track Location for user internalUser5048
2022-10-02 23:12:34.143  INFO 75568 --- [pool-7-thread-1] tourGuide.service.TourGuideService       : Track Location for user internalUser9915
2022-10-02 23:12:34.143  INFO 75568 --- [    Test worker] tourGuide.service.TourGuideService       : Track Location for user internalUser6378
2022-10-02 23:12:34.143  INFO 75568 --- [pool-7-thread-1] tourGuide.service.TourGuideService       : Track Location for user internalUser1191
2022-10-02 23:12:34.143  INFO 75568 --- [    Test worker] tourGuide.service.TourGuideService       : Track Location for user internalUser6380
2022-10-02 23:12:34.143  INFO 75568 --- [pool-7-thread-1] tourGuide.service.TourGuideService       : Track Location for user internalUser9916
2022-10-02 23:12:34.143  INFO 75568 --- [    Test worker] tourGuide.service.TourGuideService       : Track Location for user internalUser5050
2022-10-02 23:12:34.143  INFO 75568 --- [pool-7-thread-1] tourGuide.service.TourGuideService       : Track Location for user internalUser9910
2022-10-02 23:12:34.143  INFO 75568 --- [    Test worker] tourGuide.service.TourGuideService       : Track Location for user internalUser6382
2022-10-02 23:12:34.143  INFO 75568 --- [pool-7-thread-1] tourGuide.service.TourGuideService       : Track Location for user internalUser1199
2022-10-02 23:12:34.143  INFO 75568 --- [    Test worker] tourGuide.service.TourGuideService       : Track Location for user internalUser5051
2022-10-02 23:12:34.143  INFO 75568 --- [pool-7-thread-1] tourGuide.service.TourGuideService       : Track Location for user internalUser9919
2022-10-02 23:12:34.143  INFO 75568 --- [    Test worker] tourGuide.service.TourGuideService       : Track Location for user internalUser6381
2022-10-02 23:12:34.143  INFO 75568 --- [pool-7-thread-1] tourGuide.service.TourGuideService       : Track Location for user internalUser1165
2022-10-02 23:12:34.143  INFO 75568 --- [    Test worker] tourGuide.service.TourGuideService       : Track Location for user internalUser5052
2022-10-02 23:12:34.143  INFO 75568 --- [pool-7-thread-1] tourGuide.service.TourGuideService       : Track Location for user internalUser2496
2022-10-02 23:12:34.143  INFO 75568 --- [    Test worker] tourGuide.service.TourGuideService       : Track Location for user internalUser6384
2022-10-02 23:12:34.143  INFO 75568 --- [pool-7-thread-1] tourGuide.service.TourGuideService       : Track Location for user internalUser1164
2022-10-02 23:12:34.143  INFO 75568 --- [    Test worker] tourGuide.service.TourGuideService       : Track Location for user internalUser5053
2022-10-02 23:12:34.143  INFO 75568 --- [pool-7-thread-1] tourGuide.service.TourGuideService       : Track Location for user internalUser2495
2022-10-02 23:12:34.143  INFO 75568 --- [    Test worker] tourGuide.service.TourGuideService       : Track Location for user internalUser6383
2022-10-02 23:12:34.143  INFO 75568 --- [pool-7-thread-1] tourGuide.service.TourGuideService       : Track Location for user internalUser1163
2022-10-02 23:12:34.143  INFO 75568 --- [    Test worker] tourGuide.service.TourGuideService       : Track Location for user internalUser5054
2022-10-02 23:12:34.143  INFO 75568 --- [pool-7-thread-1] tourGuide.service.TourGuideService       : Track Location for user internalUser2494
2022-10-02 23:12:34.143  INFO 75568 --- [    Test worker] tourGuide.service.TourGuideService       : Track Location for user internalUser6386
2022-10-02 23:12:34.143  INFO 75568 --- [pool-7-thread-1] tourGuide.service.TourGuideService       : Track Location for user internalUser1162
2022-10-02 23:12:34.143  INFO 75568 --- [pool-7-thread-1] tourGuide.service.TourGuideService       : Track Location for user internalUser2493
2022-10-02 23:12:34.143  INFO 75568 --- [    Test worker] tourGuide.service.TourGuideService       : Track Location for user internalUser5055
2022-10-02 23:12:34.143  INFO 75568 --- [pool-7-thread-1] tourGuide.service.TourGuideService       : Track Location for user internalUser1161
2022-10-02 23:12:34.143  INFO 75568 --- [    Test worker] tourGuide.service.TourGuideService       : Track Location for user internalUser6385
2022-10-02 23:12:34.143  INFO 75568 --- [pool-7-thread-1] tourGuide.service.TourGuideService       : Track Location for user internalUser2492
2022-10-02 23:12:34.143  INFO 75568 --- [    Test worker] tourGuide.service.TourGuideService       : Track Location for user internalUser5056
2022-10-02 23:12:34.143  INFO 75568 --- [pool-7-thread-1] tourGuide.service.TourGuideService       : Track Location for user internalUser1160
2022-10-02 23:12:34.143  INFO 75568 --- [    Test worker] tourGuide.service.TourGuideService       : Track Location for user internalUser6388
2022-10-02 23:12:34.143  INFO 75568 --- [pool-7-thread-1] tourGuide.service.TourGuideService       : Track Location for user internalUser2491
2022-10-02 23:12:34.143  INFO 75568 --- [    Test worker] tourGuide.service.TourGuideService       : Track Location for user internalUser5057
2022-10-02 23:12:34.143  INFO 75568 --- [pool-7-thread-1] tourGuide.service.TourGuideService       : Track Location for user internalUser2490
2022-10-02 23:12:34.143  INFO 75568 --- [    Test worker] tourGuide.service.TourGuideService       : Track Location for user internalUser6387
2022-10-02 23:12:34.143  INFO 75568 --- [pool-7-thread-1] tourGuide.service.TourGuideService       : Track Location for user internalUser1169
2022-10-02 23:12:34.143  INFO 75568 --- [    Test worker] tourGuide.service.TourGuideService       : Track Location for user internalUser5058
2022-10-02 23:12:34.143  INFO 75568 --- [pool-7-thread-1] tourGuide.service.TourGuideService       : Track Location for user internalUser1168
2022-10-02 23:12:34.143  INFO 75568 --- [    Test worker] tourGuide.service.TourGuideService       : Track Location for user internalUser5059
2022-10-02 23:12:34.143  INFO 75568 --- [pool-7-thread-1] tourGuide.service.TourGuideService       : Track Location for user internalUser2499
2022-10-02 23:12:34.143  INFO 75568 --- [    Test worker] tourGuide.service.TourGuideService       : Track Location for user internalUser6389
2022-10-02 23:12:34.143  INFO 75568 --- [pool-7-thread-1] tourGuide.service.TourGuideService       : Track Location for user internalUser1167
2022-10-02 23:12:34.143  INFO 75568 --- [    Test worker] tourGuide.service.TourGuideService       : Track Location for user internalUser6391
2022-10-02 23:12:34.143  INFO 75568 --- [pool-7-thread-1] tourGuide.service.TourGuideService       : Track Location for user internalUser2498
2022-10-02 23:12:34.143  INFO 75568 --- [    Test worker] tourGuide.service.TourGuideService       : Track Location for user internalUser5060
2022-10-02 23:12:34.143  INFO 75568 --- [pool-7-thread-1] tourGuide.service.TourGuideService       : Track Location for user internalUser1166
2022-10-02 23:12:34.143  INFO 75568 --- [    Test worker] tourGuide.service.TourGuideService       : Track Location for user internalUser6390
2022-10-02 23:12:34.143  INFO 75568 --- [pool-7-thread-1] tourGuide.service.TourGuideService       : Track Location for user internalUser2497
2022-10-02 23:12:34.143  INFO 75568 --- [    Test worker] tourGuide.service.TourGuideService       : Track Location for user internalUser5061
2022-10-02 23:12:34.143  INFO 75568 --- [pool-7-thread-1] tourGuide.service.TourGuideService       : Track Location for user internalUser1176
2022-10-02 23:12:34.143  INFO 75568 --- [    Test worker] tourGuide.service.TourGuideService       : Track Location for user internalUser6393
2022-10-02 23:12:34.143  INFO 75568 --- [pool-7-thread-1] tourGuide.service.TourGuideService       : Track Location for user internalUser1175
2022-10-02 23:12:34.143  INFO 75568 --- [    Test worker] tourGuide.service.TourGuideService       : Track Location for user internalUser5062
2022-10-02 23:12:34.143  INFO 75568 --- [pool-7-thread-1] tourGuide.service.TourGuideService       : Track Location for user internalUser1174
2022-10-02 23:12:34.143  INFO 75568 --- [    Test worker] tourGuide.service.TourGuideService       : Track Location for user internalUser6392
2022-10-02 23:12:34.143  INFO 75568 --- [pool-7-thread-1] tourGuide.service.TourGuideService       : Track Location for user internalUser1173
2022-10-02 23:12:34.143  INFO 75568 --- [pool-7-thread-1] tourGuide.service.TourGuideService       : Track Location for user internalUser1172
2022-10-02 23:12:34.143  INFO 75568 --- [pool-7-thread-1] tourGuide.service.TourGuideService       : Track Location for user internalUser1171
2022-10-02 23:12:34.143  INFO 75568 --- [pool-7-thread-1] tourGuide.service.TourGuideService       : Track Location for user internalUser1170
2022-10-02 23:12:34.143  INFO 75568 --- [pool-7-thread-1] tourGuide.service.TourGuideService       : Track Location for user internalUser1179
2022-10-02 23:12:34.143  INFO 75568 --- [pool-7-thread-1] tourGuide.service.TourGuideService       : Track Location for user internalUser1178
2022-10-02 23:12:34.143  INFO 75568 --- [pool-7-thread-1] tourGuide.service.TourGuideService       : Track Location for user internalUser1177
2022-10-02 23:12:34.143  INFO 75568 --- [    Test worker] tourGuide.service.TourGuideService       : Track Location for user internalUser7602
2022-10-02 23:12:34.143  INFO 75568 --- [pool-7-thread-1] tourGuide.service.TourGuideService       : Track Location for user internalUser8615
2022-10-02 23:12:34.143  INFO 75568 --- [    Test worker] tourGuide.service.TourGuideService       : Track Location for user internalUser8934
2022-10-02 23:12:34.143  INFO 75568 --- [pool-7-thread-1] tourGuide.service.TourGuideService       : Track Location for user internalUser9946
2022-10-02 23:12:34.143  INFO 75568 --- [    Test worker] tourGuide.service.TourGuideService       : Track Location for user internalUser7601
2022-10-02 23:12:34.143  INFO 75568 --- [pool-7-thread-1] tourGuide.service.TourGuideService       : Track Location for user internalUser8616
2022-10-02 23:12:34.143  INFO 75568 --- [    Test worker] tourGuide.service.TourGuideService       : Track Location for user internalUser8935
2022-10-02 23:12:34.143  INFO 75568 --- [pool-7-thread-1] tourGuide.service.TourGuideService       : Track Location for user internalUser9947
2022-10-02 23:12:34.143  INFO 75568 --- [    Test worker] tourGuide.service.TourGuideService       : Track Location for user internalUser7604
2022-10-02 23:12:34.143  INFO 75568 --- [pool-7-thread-1] tourGuide.service.TourGuideService       : Track Location for user internalUser8613
2022-10-02 23:12:34.143  INFO 75568 --- [pool-7-thread-1] tourGuide.service.TourGuideService       : Track Location for user internalUser9944
2022-10-02 23:12:34.143  INFO 75568 --- [pool-7-thread-1] tourGuide.service.TourGuideService       : Track Location for user internalUser8614
2022-10-02 23:12:34.143  INFO 75568 --- [    Test worker] tourGuide.service.TourGuideService       : Track Location for user internalUser8932
2022-10-02 23:12:34.143  INFO 75568 --- [pool-7-thread-1] tourGuide.service.TourGuideService       : Track Location for user internalUser9945
2022-10-02 23:12:34.143  INFO 75568 --- [    Test worker] tourGuide.service.TourGuideService       : Track Location for user internalUser7603
2022-10-02 23:12:34.143  INFO 75568 --- [pool-7-thread-1] tourGuide.service.TourGuideService       : Track Location for user internalUser8619
2022-10-02 23:12:34.143  INFO 75568 --- [    Test worker] tourGuide.service.TourGuideService       : Track Location for user internalUser8933
2022-10-02 23:12:34.143  INFO 75568 --- [pool-7-thread-1] tourGuide.service.TourGuideService       : Track Location for user internalUser8617
2022-10-02 23:12:34.143  INFO 75568 --- [    Test worker] tourGuide.service.TourGuideService       : Track Location for user internalUser7606
2022-10-02 23:12:34.143  INFO 75568 --- [pool-7-thread-1] tourGuide.service.TourGuideService       : Track Location for user internalUser9948
2022-10-02 23:12:34.143  INFO 75568 --- [    Test worker] tourGuide.service.TourGuideService       : Track Location for user internalUser8938
2022-10-02 23:12:34.143  INFO 75568 --- [pool-7-thread-1] tourGuide.service.TourGuideService       : Track Location for user internalUser8618
2022-10-02 23:12:34.143  INFO 75568 --- [    Test worker] tourGuide.service.TourGuideService       : Track Location for user internalUser7605
2022-10-02 23:12:34.143  INFO 75568 --- [pool-7-thread-1] tourGuide.service.TourGuideService       : Track Location for user internalUser9949
2022-10-02 23:12:34.143  INFO 75568 --- [    Test worker] tourGuide.service.TourGuideService       : Track Location for user internalUser8939
2022-10-02 23:12:34.143  INFO 75568 --- [pool-7-thread-1] tourGuide.service.TourGuideService       : Track Location for user internalUser8611
2022-10-02 23:12:34.143  INFO 75568 --- [    Test worker] tourGuide.service.TourGuideService       : Track Location for user internalUser7608
2022-10-02 23:12:34.143  INFO 75568 --- [pool-7-thread-1] tourGuide.service.TourGuideService       : Track Location for user internalUser9942
2022-10-02 23:12:34.143  INFO 75568 --- [pool-7-thread-1] tourGuide.service.TourGuideService       : Track Location for user internalUser8612
2022-10-02 23:12:34.143  INFO 75568 --- [    Test worker] tourGuide.service.TourGuideService       : Track Location for user internalUser8936
2022-10-02 23:12:34.143  INFO 75568 --- [pool-7-thread-1] tourGuide.service.TourGuideService       : Track Location for user internalUser9943
2022-10-02 23:12:34.143  INFO 75568 --- [    Test worker] tourGuide.service.TourGuideService       : Track Location for user internalUser7607
2022-10-02 23:12:34.143  INFO 75568 --- [pool-7-thread-1] tourGuide.service.TourGuideService       : Track Location for user internalUser9940
2022-10-02 23:12:34.143  INFO 75568 --- [    Test worker] tourGuide.service.TourGuideService       : Track Location for user internalUser8937
2022-10-02 23:12:34.143  INFO 75568 --- [pool-7-thread-1] tourGuide.service.TourGuideService       : Track Location for user internalUser8610
2022-10-02 23:12:34.143  INFO 75568 --- [pool-7-thread-1] tourGuide.service.TourGuideService       : Track Location for user internalUser9941
2022-10-02 23:12:34.143  INFO 75568 --- [pool-7-thread-1] tourGuide.service.TourGuideService       : Track Location for user internalUser8626
2022-10-02 23:12:34.143  INFO 75568 --- [pool-7-thread-1] tourGuide.service.TourGuideService       : Track Location for user internalUser9957
2022-10-02 23:12:34.143  INFO 75568 --- [pool-7-thread-1] tourGuide.service.TourGuideService       : Track Location for user internalUser8627
2022-10-02 23:12:34.143  INFO 75568 --- [    Test worker] tourGuide.service.TourGuideService       : Track Location for user internalUser8930
2022-10-02 23:12:34.143  INFO 75568 --- [pool-7-thread-1] tourGuide.service.TourGuideService       : Track Location for user internalUser9958
2022-10-02 23:12:34.143  INFO 75568 --- [    Test worker] tourGuide.service.TourGuideService       : Track Location for user internalUser8931
2022-10-02 23:12:34.143  INFO 75568 --- [pool-7-thread-1] tourGuide.service.TourGuideService       : Track Location for user internalUser8624
2022-10-02 23:12:34.143  INFO 75568 --- [    Test worker] tourGuide.service.TourGuideService       : Track Location for user internalUser7600
2022-10-02 23:12:34.143  INFO 75568 --- [pool-7-thread-1] tourGuide.service.TourGuideService       : Track Location for user internalUser9955
2022-10-02 23:12:34.144  INFO 75568 --- [    Test worker] tourGuide.service.TourGuideService       : Track Location for user internalUser7609
2022-10-02 23:12:34.144  INFO 75568 --- [pool-7-thread-1] tourGuide.service.TourGuideService       : Track Location for user internalUser8625
2022-10-02 23:12:34.144  INFO 75568 --- [    Test worker] tourGuide.service.TourGuideService       : Track Location for user internalUser7613
2022-10-02 23:12:34.144  INFO 75568 --- [pool-7-thread-1] tourGuide.service.TourGuideService       : Track Location for user internalUser9956
2022-10-02 23:12:34.144  INFO 75568 --- [    Test worker] tourGuide.service.TourGuideService       : Track Location for user internalUser8945
2022-10-02 23:12:34.144  INFO 75568 --- [pool-7-thread-1] tourGuide.service.TourGuideService       : Track Location for user internalUser8628
2022-10-02 23:12:34.144  INFO 75568 --- [    Test worker] tourGuide.service.TourGuideService       : Track Location for user internalUser7612
2022-10-02 23:12:34.144  INFO 75568 --- [pool-7-thread-1] tourGuide.service.TourGuideService       : Track Location for user internalUser9959
2022-10-02 23:12:34.144  INFO 75568 --- [    Test worker] tourGuide.service.TourGuideService       : Track Location for user internalUser8946
2022-10-02 23:12:34.144  INFO 75568 --- [    Test worker] tourGuide.service.TourGuideService       : Track Location for user internalUser7615
2022-10-02 23:12:34.144  INFO 75568 --- [pool-7-thread-1] tourGuide.service.TourGuideService       : Track Location for user internalUser8629
2022-10-02 23:12:34.144  INFO 75568 --- [    Test worker] tourGuide.service.TourGuideService       : Track Location for user internalUser8943
2022-10-02 23:12:34.144  INFO 75568 --- [pool-7-thread-1] tourGuide.service.TourGuideService       : Track Location for user internalUser9950
2022-10-02 23:12:34.144  INFO 75568 --- [    Test worker] tourGuide.service.TourGuideService       : Track Location for user internalUser7614
2022-10-02 23:12:34.144  INFO 75568 --- [pool-7-thread-1] tourGuide.service.TourGuideService       : Track Location for user internalUser8622
2022-10-02 23:12:34.144  INFO 75568 --- [    Test worker] tourGuide.service.TourGuideService       : Track Location for user internalUser8944
2022-10-02 23:12:34.144  INFO 75568 --- [pool-7-thread-1] tourGuide.service.TourGuideService       : Track Location for user internalUser9953
2022-10-02 23:12:34.144  INFO 75568 --- [    Test worker] tourGuide.service.TourGuideService       : Track Location for user internalUser7617
2022-10-02 23:12:34.144  INFO 75568 --- [pool-7-thread-1] tourGuide.service.TourGuideService       : Track Location for user internalUser8623
2022-10-02 23:12:34.144  INFO 75568 --- [    Test worker] tourGuide.service.TourGuideService       : Track Location for user internalUser8949
2022-10-02 23:12:34.144  INFO 75568 --- [pool-7-thread-1] tourGuide.service.TourGuideService       : Track Location for user internalUser9954
2022-10-02 23:12:34.144  INFO 75568 --- [    Test worker] tourGuide.service.TourGuideService       : Track Location for user internalUser7616
2022-10-02 23:12:34.144  INFO 75568 --- [pool-7-thread-1] tourGuide.service.TourGuideService       : Track Location for user internalUser8620
2022-10-02 23:12:34.144  INFO 75568 --- [    Test worker] tourGuide.service.TourGuideService       : Track Location for user internalUser7619
2022-10-02 23:12:34.144  INFO 75568 --- [pool-7-thread-1] tourGuide.service.TourGuideService       : Track Location for user internalUser9951
2022-10-02 23:12:34.144  INFO 75568 --- [    Test worker] tourGuide.service.TourGuideService       : Track Location for user internalUser8947
2022-10-02 23:12:34.144  INFO 75568 --- [pool-7-thread-1] tourGuide.service.TourGuideService       : Track Location for user internalUser8621
2022-10-02 23:12:34.144  INFO 75568 --- [    Test worker] tourGuide.service.TourGuideService       : Track Location for user internalUser7618
2022-10-02 23:12:34.144  INFO 75568 --- [pool-7-thread-1] tourGuide.service.TourGuideService       : Track Location for user internalUser9952
2022-10-02 23:12:34.144  INFO 75568 --- [    Test worker] tourGuide.service.TourGuideService       : Track Location for user internalUser8948
2022-10-02 23:12:34.144  INFO 75568 --- [pool-7-thread-1] tourGuide.service.TourGuideService       : Track Location for user internalUser9924
2022-10-02 23:12:34.144  INFO 75568 --- [    Test worker] tourGuide.service.TourGuideService       : Track Location for user internalUser8941
2022-10-02 23:12:34.144  INFO 75568 --- [pool-7-thread-1] tourGuide.service.TourGuideService       : Track Location for user internalUser9925
2022-10-02 23:12:34.144  INFO 75568 --- [    Test worker] tourGuide.service.TourGuideService       : Track Location for user internalUser8942
2022-10-02 23:12:34.144  INFO 75568 --- [pool-7-thread-1] tourGuide.service.TourGuideService       : Track Location for user internalUser9922
2022-10-02 23:12:34.144  INFO 75568 --- [    Test worker] tourGuide.service.TourGuideService       : Track Location for user internalUser7611
2022-10-02 23:12:34.144  INFO 75568 --- [pool-7-thread-1] tourGuide.service.TourGuideService       : Track Location for user internalUser9923
2022-10-02 23:12:34.144  INFO 75568 --- [    Test worker] tourGuide.service.TourGuideService       : Track Location for user internalUser7610
2022-10-02 23:12:34.144  INFO 75568 --- [pool-7-thread-1] tourGuide.service.TourGuideService       : Track Location for user internalUser9928
2022-10-02 23:12:34.144  INFO 75568 --- [    Test worker] tourGuide.service.TourGuideService       : Track Location for user internalUser8940
2022-10-02 23:12:34.144  INFO 75568 --- [pool-7-thread-1] tourGuide.service.TourGuideService       : Track Location for user internalUser9929
2022-10-02 23:12:34.144  INFO 75568 --- [    Test worker] tourGuide.service.TourGuideService       : Track Location for user internalUser8912
2022-10-02 23:12:34.144  INFO 75568 --- [pool-7-thread-1] tourGuide.service.TourGuideService       : Track Location for user internalUser9926
2022-10-02 23:12:34.144  INFO 75568 --- [    Test worker] tourGuide.service.TourGuideService       : Track Location for user internalUser8913
2022-10-02 23:12:34.144  INFO 75568 --- [pool-7-thread-1] tourGuide.service.TourGuideService       : Track Location for user internalUser9927
2022-10-02 23:12:34.144  INFO 75568 --- [    Test worker] tourGuide.service.TourGuideService       : Track Location for user internalUser8910
2022-10-02 23:12:34.144  INFO 75568 --- [    Test worker] tourGuide.service.TourGuideService       : Track Location for user internalUser8911
2022-10-02 23:12:34.144  INFO 75568 --- [    Test worker] tourGuide.service.TourGuideService       : Track Location for user internalUser8916
2022-10-02 23:12:34.144  INFO 75568 --- [pool-7-thread-1] tourGuide.service.TourGuideService       : Track Location for user internalUser9920
2022-10-02 23:12:34.144  INFO 75568 --- [    Test worker] tourGuide.service.TourGuideService       : Track Location for user internalUser8917
2022-10-02 23:12:34.144  INFO 75568 --- [pool-7-thread-1] tourGuide.service.TourGuideService       : Track Location for user internalUser9921
2022-10-02 23:12:34.144  INFO 75568 --- [    Test worker] tourGuide.service.TourGuideService       : Track Location for user internalUser8914
2022-10-02 23:12:34.144  INFO 75568 --- [pool-7-thread-1] tourGuide.service.TourGuideService       : Track Location for user internalUser8604
2022-10-02 23:12:34.144  INFO 75568 --- [    Test worker] tourGuide.service.TourGuideService       : Track Location for user internalUser8915
2022-10-02 23:12:34.144  INFO 75568 --- [pool-7-thread-1] tourGuide.service.TourGuideService       : Track Location for user internalUser9935
2022-10-02 23:12:34.144  INFO 75568 --- [    Test worker] tourGuide.service.TourGuideService       : Track Location for user internalUser8918
2022-10-02 23:12:34.144  INFO 75568 --- [pool-7-thread-1] tourGuide.service.TourGuideService       : Track Location for user internalUser8605
2022-10-02 23:12:34.144  INFO 75568 --- [    Test worker] tourGuide.service.TourGuideService       : Track Location for user internalUser8919
2022-10-02 23:12:34.144  INFO 75568 --- [pool-7-thread-1] tourGuide.service.TourGuideService       : Track Location for user internalUser9936
2022-10-02 23:12:34.144  INFO 75568 --- [    Test worker] tourGuide.service.TourGuideService       : Track Location for user internalUser8923
2022-10-02 23:12:34.144  INFO 75568 --- [pool-7-thread-1] tourGuide.service.TourGuideService       : Track Location for user internalUser8602
2022-10-02 23:12:34.144  INFO 75568 --- [    Test worker] tourGuide.service.TourGuideService       : Track Location for user internalUser8924
2022-10-02 23:12:34.144  INFO 75568 --- [pool-7-thread-1] tourGuide.service.TourGuideService       : Track Location for user internalUser9933
2022-10-02 23:12:34.144  INFO 75568 --- [    Test worker] tourGuide.service.TourGuideService       : Track Location for user internalUser8921
2022-10-02 23:12:34.144  INFO 75568 --- [pool-7-thread-1] tourGuide.service.TourGuideService       : Track Location for user internalUser8603
2022-10-02 23:12:34.144  INFO 75568 --- [pool-7-thread-1] tourGuide.service.TourGuideService       : Track Location for user internalUser9934
2022-10-02 23:12:34.144  INFO 75568 --- [pool-7-thread-1] tourGuide.service.TourGuideService       : Track Location for user internalUser8608
2022-10-02 23:12:34.144  INFO 75568 --- [    Test worker] tourGuide.service.TourGuideService       : Track Location for user internalUser8922
2022-10-02 23:12:34.144  INFO 75568 --- [pool-7-thread-1] tourGuide.service.TourGuideService       : Track Location for user internalUser9939
2022-10-02 23:12:34.144  INFO 75568 --- [    Test worker] tourGuide.service.TourGuideService       : Track Location for user internalUser8927
2022-10-02 23:12:34.144  INFO 75568 --- [pool-7-thread-1] tourGuide.service.TourGuideService       : Track Location for user internalUser8609
2022-10-02 23:12:34.144  INFO 75568 --- [    Test worker] tourGuide.service.TourGuideService       : Track Location for user internalUser8928
2022-10-02 23:12:34.144  INFO 75568 --- [pool-7-thread-1] tourGuide.service.TourGuideService       : Track Location for user internalUser8606
2022-10-02 23:12:34.144  INFO 75568 --- [    Test worker] tourGuide.service.TourGuideService       : Track Location for user internalUser8925
2022-10-02 23:12:34.144  INFO 75568 --- [pool-7-thread-1] tourGuide.service.TourGuideService       : Track Location for user internalUser9937
2022-10-02 23:12:34.144  INFO 75568 --- [    Test worker] tourGuide.service.TourGuideService       : Track Location for user internalUser8926
2022-10-02 23:12:34.144  INFO 75568 --- [pool-7-thread-1] tourGuide.service.TourGuideService       : Track Location for user internalUser8607
2022-10-02 23:12:34.144  INFO 75568 --- [    Test worker] tourGuide.service.TourGuideService       : Track Location for user internalUser8920
2022-10-02 23:12:34.144  INFO 75568 --- [pool-7-thread-1] tourGuide.service.TourGuideService       : Track Location for user internalUser9938
2022-10-02 23:12:34.144  INFO 75568 --- [    Test worker] tourGuide.service.TourGuideService       : Track Location for user internalUser8929
2022-10-02 23:12:34.144  INFO 75568 --- [pool-7-thread-1] tourGuide.service.TourGuideService       : Track Location for user internalUser8600
2022-10-02 23:12:34.144  INFO 75568 --- [    Test worker] tourGuide.service.TourGuideService       : Track Location for user internalUser6315
2022-10-02 23:12:34.144  INFO 75568 --- [pool-7-thread-1] tourGuide.service.TourGuideService       : Track Location for user internalUser9931
2022-10-02 23:12:34.144  INFO 75568 --- [    Test worker] tourGuide.service.TourGuideService       : Track Location for user internalUser7646
2022-10-02 23:12:34.144  INFO 75568 --- [    Test worker] tourGuide.service.TourGuideService       : Track Location for user internalUser8978
2022-10-02 23:12:34.144  INFO 75568 --- [pool-7-thread-1] tourGuide.service.TourGuideService       : Track Location for user internalUser8601
2022-10-02 23:12:34.144  INFO 75568 --- [    Test worker] tourGuide.service.TourGuideService       : Track Location for user internalUser6314
2022-10-02 23:12:34.144  INFO 75568 --- [    Test worker] tourGuide.service.TourGuideService       : Track Location for user internalUser7645
2022-10-02 23:12:34.144  INFO 75568 --- [    Test worker] tourGuide.service.TourGuideService       : Track Location for user internalUser8979
2022-10-02 23:12:34.144  INFO 75568 --- [    Test worker] tourGuide.service.TourGuideService       : Track Location for user internalUser6317
2022-10-02 23:12:34.144  INFO 75568 --- [pool-7-thread-1] tourGuide.service.TourGuideService       : Track Location for user internalUser9932
2022-10-02 23:12:34.144  INFO 75568 --- [    Test worker] tourGuide.service.TourGuideService       : Track Location for user internalUser7648
2022-10-02 23:12:34.144  INFO 75568 --- [pool-7-thread-1] tourGuide.service.TourGuideService       : Track Location for user internalUser9930
2022-10-02 23:12:34.144  INFO 75568 --- [    Test worker] tourGuide.service.TourGuideService       : Track Location for user internalUser8976
2022-10-02 23:12:34.144  INFO 75568 --- [pool-7-thread-1] tourGuide.service.TourGuideService       : Track Location for user internalUser2430
2022-10-02 23:12:34.144  INFO 75568 --- [    Test worker] tourGuide.service.TourGuideService       : Track Location for user internalUser6316
2022-10-02 23:12:34.144  INFO 75568 --- [pool-7-thread-1] tourGuide.service.TourGuideService       : Track Location for user internalUser3762
2022-10-02 23:12:34.144  INFO 75568 --- [    Test worker] tourGuide.service.TourGuideService       : Track Location for user internalUser7647
2022-10-02 23:12:34.144  INFO 75568 --- [pool-7-thread-1] tourGuide.service.TourGuideService       : Track Location for user internalUser3763
2022-10-02 23:12:34.144  INFO 75568 --- [    Test worker] tourGuide.service.TourGuideService       : Track Location for user internalUser8977
2022-10-02 23:12:34.144  INFO 75568 --- [pool-7-thread-1] tourGuide.service.TourGuideService       : Track Location for user internalUser3764
2022-10-02 23:12:34.144  INFO 75568 --- [    Test worker] tourGuide.service.TourGuideService       : Track Location for user internalUser6319
2022-10-02 23:12:34.144  INFO 75568 --- [pool-7-thread-1] tourGuide.service.TourGuideService       : Track Location for user internalUser3765
2022-10-02 23:12:34.144  INFO 75568 --- [    Test worker] tourGuide.service.TourGuideService       : Track Location for user internalUser6318
2022-10-02 23:12:34.144  INFO 75568 --- [pool-7-thread-1] tourGuide.service.TourGuideService       : Track Location for user internalUser3766
2022-10-02 23:12:34.144  INFO 75568 --- [    Test worker] tourGuide.service.TourGuideService       : Track Location for user internalUser7649
2022-10-02 23:12:34.144  INFO 75568 --- [    Test worker] tourGuide.service.TourGuideService       : Track Location for user internalUser8970
2022-10-02 23:12:34.144  INFO 75568 --- [pool-7-thread-1] tourGuide.service.TourGuideService       : Track Location for user internalUser3767
2022-10-02 23:12:34.144  INFO 75568 --- [    Test worker] tourGuide.service.TourGuideService       : Track Location for user internalUser8971
2022-10-02 23:12:34.144  INFO 75568 --- [pool-7-thread-1] tourGuide.service.TourGuideService       : Track Location for user internalUser3768
2022-10-02 23:12:34.144  INFO 75568 --- [    Test worker] tourGuide.service.TourGuideService       : Track Location for user internalUser7640
2022-10-02 23:12:34.144  INFO 75568 --- [pool-7-thread-1] tourGuide.service.TourGuideService       : Track Location for user internalUser3769
2022-10-02 23:12:34.144  INFO 75568 --- [    Test worker] tourGuide.service.TourGuideService       : Track Location for user internalUser6311
2022-10-02 23:12:34.144  INFO 75568 --- [pool-7-thread-1] tourGuide.service.TourGuideService       : Track Location for user internalUser1107
2022-10-02 23:12:34.144  INFO 75568 --- [    Test worker] tourGuide.service.TourGuideService       : Track Location for user internalUser7642
2022-10-02 23:12:34.144  INFO 75568 --- [pool-7-thread-1] tourGuide.service.TourGuideService       : Track Location for user internalUser2438
2022-10-02 23:12:34.144  INFO 75568 --- [    Test worker] tourGuide.service.TourGuideService       : Track Location for user internalUser8974
2022-10-02 23:12:34.144  INFO 75568 --- [pool-7-thread-1] tourGuide.service.TourGuideService       : Track Location for user internalUser1106
2022-10-02 23:12:34.144  INFO 75568 --- [    Test worker] tourGuide.service.TourGuideService       : Track Location for user internalUser6310
2022-10-02 23:12:34.144  INFO 75568 --- [pool-7-thread-1] tourGuide.service.TourGuideService       : Track Location for user internalUser2437
2022-10-02 23:12:34.144  INFO 75568 --- [    Test worker] tourGuide.service.TourGuideService       : Track Location for user internalUser7641
2022-10-02 23:12:34.144  INFO 75568 --- [pool-7-thread-1] tourGuide.service.TourGuideService       : Track Location for user internalUser1105
2022-10-02 23:12:34.144  INFO 75568 --- [    Test worker] tourGuide.service.TourGuideService       : Track Location for user internalUser8975
2022-10-02 23:12:34.144  INFO 75568 --- [pool-7-thread-1] tourGuide.service.TourGuideService       : Track Location for user internalUser2436
2022-10-02 23:12:34.144  INFO 75568 --- [    Test worker] tourGuide.service.TourGuideService       : Track Location for user internalUser6313
2022-10-02 23:12:34.144  INFO 75568 --- [pool-7-thread-1] tourGuide.service.TourGuideService       : Track Location for user internalUser1104
2022-10-02 23:12:34.144  INFO 75568 --- [    Test worker] tourGuide.service.TourGuideService       : Track Location for user internalUser7644
2022-10-02 23:12:34.144  INFO 75568 --- [pool-7-thread-1] tourGuide.service.TourGuideService       : Track Location for user internalUser2435
2022-10-02 23:12:34.144  INFO 75568 --- [    Test worker] tourGuide.service.TourGuideService       : Track Location for user internalUser8972
2022-10-02 23:12:34.144  INFO 75568 --- [pool-7-thread-1] tourGuide.service.TourGuideService       : Track Location for user internalUser1103
2022-10-02 23:12:34.144  INFO 75568 --- [    Test worker] tourGuide.service.TourGuideService       : Track Location for user internalUser6312
2022-10-02 23:12:34.144  INFO 75568 --- [pool-7-thread-1] tourGuide.service.TourGuideService       : Track Location for user internalUser2434
2022-10-02 23:12:34.144  INFO 75568 --- [    Test worker] tourGuide.service.TourGuideService       : Track Location for user internalUser7643
2022-10-02 23:12:34.144  INFO 75568 --- [pool-7-thread-1] tourGuide.service.TourGuideService       : Track Location for user internalUser1102
2022-10-02 23:12:34.144  INFO 75568 --- [    Test worker] tourGuide.service.TourGuideService       : Track Location for user internalUser8973
2022-10-02 23:12:34.144  INFO 75568 --- [pool-7-thread-1] tourGuide.service.TourGuideService       : Track Location for user internalUser2433
2022-10-02 23:12:34.144  INFO 75568 --- [    Test worker] tourGuide.service.TourGuideService       : Track Location for user internalUser6326
2022-10-02 23:12:34.144  INFO 75568 --- [pool-7-thread-1] tourGuide.service.TourGuideService       : Track Location for user internalUser1101
2022-10-02 23:12:34.144  INFO 75568 --- [    Test worker] tourGuide.service.TourGuideService       : Track Location for user internalUser7657
2022-10-02 23:12:34.144  INFO 75568 --- [pool-7-thread-1] tourGuide.service.TourGuideService       : Track Location for user internalUser2432
2022-10-02 23:12:34.144  INFO 75568 --- [    Test worker] tourGuide.service.TourGuideService       : Track Location for user internalUser8989
2022-10-02 23:12:34.144  INFO 75568 --- [pool-7-thread-1] tourGuide.service.TourGuideService       : Track Location for user internalUser3760
2022-10-02 23:12:34.144  INFO 75568 --- [    Test worker] tourGuide.service.TourGuideService       : Track Location for user internalUser6325
2022-10-02 23:12:34.144  INFO 75568 --- [pool-7-thread-1] tourGuide.service.TourGuideService       : Track Location for user internalUser1100
2022-10-02 23:12:34.144  INFO 75568 --- [    Test worker] tourGuide.service.TourGuideService       : Track Location for user internalUser7656
2022-10-02 23:12:34.144  INFO 75568 --- [pool-7-thread-1] tourGuide.service.TourGuideService       : Track Location for user internalUser2431
2022-10-02 23:12:34.144  INFO 75568 --- [    Test worker] tourGuide.service.TourGuideService       : Track Location for user internalUser6328
2022-10-02 23:12:34.144  INFO 75568 --- [pool-7-thread-1] tourGuide.service.TourGuideService       : Track Location for user internalUser3761
2022-10-02 23:12:34.144  INFO 75568 --- [    Test worker] tourGuide.service.TourGuideService       : Track Location for user internalUser7659
2022-10-02 23:12:34.144  INFO 75568 --- [pool-7-thread-1] tourGuide.service.TourGuideService       : Track Location for user internalUser1109
2022-10-02 23:12:34.144  INFO 75568 --- [    Test worker] tourGuide.service.TourGuideService       : Track Location for user internalUser8987
2022-10-02 23:12:34.144  INFO 75568 --- [pool-7-thread-1] tourGuide.service.TourGuideService       : Track Location for user internalUser1108
2022-10-02 23:12:34.144  INFO 75568 --- [    Test worker] tourGuide.service.TourGuideService       : Track Location for user internalUser6327
2022-10-02 23:12:34.144  INFO 75568 --- [pool-7-thread-1] tourGuide.service.TourGuideService       : Track Location for user internalUser2439
2022-10-02 23:12:34.144  INFO 75568 --- [    Test worker] tourGuide.service.TourGuideService       : Track Location for user internalUser7658
2022-10-02 23:12:34.144  INFO 75568 --- [pool-7-thread-1] tourGuide.service.TourGuideService       : Track Location for user internalUser1110
2022-10-02 23:12:34.144  INFO 75568 --- [    Test worker] tourGuide.service.TourGuideService       : Track Location for user internalUser8988
2022-10-02 23:12:34.144  INFO 75568 --- [pool-7-thread-1] tourGuide.service.TourGuideService       : Track Location for user internalUser2441
2022-10-02 23:12:34.144  INFO 75568 --- [    Test worker] tourGuide.service.TourGuideService       : Track Location for user internalUser6329
2022-10-02 23:12:34.144  INFO 75568 --- [pool-7-thread-1] tourGuide.service.TourGuideService       : Track Location for user internalUser3773
2022-10-02 23:12:34.144  INFO 75568 --- [    Test worker] tourGuide.service.TourGuideService       : Track Location for user internalUser8981
2022-10-02 23:12:34.144  INFO 75568 --- [pool-7-thread-1] tourGuide.service.TourGuideService       : Track Location for user internalUser2440
2022-10-02 23:12:34.144  INFO 75568 --- [    Test worker] tourGuide.service.TourGuideService       : Track Location for user internalUser8982
2022-10-02 23:12:34.144  INFO 75568 --- [pool-7-thread-1] tourGuide.service.TourGuideService       : Track Location for user internalUser3774
2022-10-02 23:12:34.144  INFO 75568 --- [    Test worker] tourGuide.service.TourGuideService       : Track Location for user internalUser6320
2022-10-02 23:12:34.144  INFO 75568 --- [pool-7-thread-1] tourGuide.service.TourGuideService       : Track Location for user internalUser3775
2022-10-02 23:12:34.144  INFO 75568 --- [    Test worker] tourGuide.service.TourGuideService       : Track Location for user internalUser7651
2022-10-02 23:12:34.144  INFO 75568 --- [pool-7-thread-1] tourGuide.service.TourGuideService       : Track Location for user internalUser3776
2022-10-02 23:12:34.144  INFO 75568 --- [    Test worker] tourGuide.service.TourGuideService       : Track Location for user internalUser7650
2022-10-02 23:12:34.144  INFO 75568 --- [pool-7-thread-1] tourGuide.service.TourGuideService       : Track Location for user internalUser3777
2022-10-02 23:12:34.144  INFO 75568 --- [    Test worker] tourGuide.service.TourGuideService       : Track Location for user internalUser8980
2022-10-02 23:12:34.144  INFO 75568 --- [pool-7-thread-1] tourGuide.service.TourGuideService       : Track Location for user internalUser3778
2022-10-02 23:12:34.144  INFO 75568 --- [    Test worker] tourGuide.service.TourGuideService       : Track Location for user internalUser6322
2022-10-02 23:12:34.144  INFO 75568 --- [pool-7-thread-1] tourGuide.service.TourGuideService       : Track Location for user internalUser3779
2022-10-02 23:12:34.144  INFO 75568 --- [    Test worker] tourGuide.service.TourGuideService       : Track Location for user internalUser7653
2022-10-02 23:12:34.144  INFO 75568 --- [pool-7-thread-1] tourGuide.service.TourGuideService       : Track Location for user internalUser1118
2022-10-02 23:12:34.144  INFO 75568 --- [    Test worker] tourGuide.service.TourGuideService       : Track Location for user internalUser8985
2022-10-02 23:12:34.144  INFO 75568 --- [pool-7-thread-1] tourGuide.service.TourGuideService       : Track Location for user internalUser2449
2022-10-02 23:12:34.144  INFO 75568 --- [pool-7-thread-1] tourGuide.service.TourGuideService       : Track Location for user internalUser1117
2022-10-02 23:12:34.144  INFO 75568 --- [pool-7-thread-1] tourGuide.service.TourGuideService       : Track Location for user internalUser2448
2022-10-02 23:12:34.144  INFO 75568 --- [pool-7-thread-1] tourGuide.service.TourGuideService       : Track Location for user internalUser1116
2022-10-02 23:12:34.144  INFO 75568 --- [pool-7-thread-1] tourGuide.service.TourGuideService       : Track Location for user internalUser2447
2022-10-02 23:12:34.144  INFO 75568 --- [    Test worker] tourGuide.service.TourGuideService       : Track Location for user internalUser6321
2022-10-02 23:12:34.144  INFO 75568 --- [pool-7-thread-1] tourGuide.service.TourGuideService       : Track Location for user internalUser1115
2022-10-02 23:12:34.144  INFO 75568 --- [pool-7-thread-1] tourGuide.service.TourGuideService       : Track Location for user internalUser2446
2022-10-02 23:12:34.144  INFO 75568 --- [    Test worker] tourGuide.service.TourGuideService       : Track Location for user internalUser7652
2022-10-02 23:12:34.144  INFO 75568 --- [pool-7-thread-1] tourGuide.service.TourGuideService       : Track Location for user internalUser1114
2022-10-02 23:12:34.144  INFO 75568 --- [    Test worker] tourGuide.service.TourGuideService       : Track Location for user internalUser8986
2022-10-02 23:12:34.144  INFO 75568 --- [pool-7-thread-1] tourGuide.service.TourGuideService       : Track Location for user internalUser2445
2022-10-02 23:12:34.144  INFO 75568 --- [    Test worker] tourGuide.service.TourGuideService       : Track Location for user internalUser6324
2022-10-02 23:12:34.144  INFO 75568 --- [pool-7-thread-1] tourGuide.service.TourGuideService       : Track Location for user internalUser1113
2022-10-02 23:12:34.144  INFO 75568 --- [    Test worker] tourGuide.service.TourGuideService       : Track Location for user internalUser7655
2022-10-02 23:12:34.145  INFO 75568 --- [pool-7-thread-1] tourGuide.service.TourGuideService       : Track Location for user internalUser2444
2022-10-02 23:12:34.145  INFO 75568 --- [    Test worker] tourGuide.service.TourGuideService       : Track Location for user internalUser8983
2022-10-02 23:12:34.145  INFO 75568 --- [pool-7-thread-1] tourGuide.service.TourGuideService       : Track Location for user internalUser3770
2022-10-02 23:12:34.145  INFO 75568 --- [    Test worker] tourGuide.service.TourGuideService       : Track Location for user internalUser6323
2022-10-02 23:12:34.145  INFO 75568 --- [pool-7-thread-1] tourGuide.service.TourGuideService       : Track Location for user internalUser1112
2022-10-02 23:12:34.145  INFO 75568 --- [    Test worker] tourGuide.service.TourGuideService       : Track Location for user internalUser7654
2022-10-02 23:12:34.145  INFO 75568 --- [pool-7-thread-1] tourGuide.service.TourGuideService       : Track Location for user internalUser2443
2022-10-02 23:12:34.145  INFO 75568 --- [    Test worker] tourGuide.service.TourGuideService       : Track Location for user internalUser8984
2022-10-02 23:12:34.145  INFO 75568 --- [pool-7-thread-1] tourGuide.service.TourGuideService       : Track Location for user internalUser3771
2022-10-02 23:12:34.145  INFO 75568 --- [    Test worker] tourGuide.service.TourGuideService       : Track Location for user internalUser7624
2022-10-02 23:12:34.145  INFO 75568 --- [pool-7-thread-1] tourGuide.service.TourGuideService       : Track Location for user internalUser1111
2022-10-02 23:12:34.145  INFO 75568 --- [    Test worker] tourGuide.service.TourGuideService       : Track Location for user internalUser8956
2022-10-02 23:12:34.145  INFO 75568 --- [pool-7-thread-1] tourGuide.service.TourGuideService       : Track Location for user internalUser2442
2022-10-02 23:12:34.145  INFO 75568 --- [    Test worker] tourGuide.service.TourGuideService       : Track Location for user internalUser7623
2022-10-02 23:12:34.145  INFO 75568 --- [pool-7-thread-1] tourGuide.service.TourGuideService       : Track Location for user internalUser3772
2022-10-02 23:12:34.145  INFO 75568 --- [    Test worker] tourGuide.service.TourGuideService       : Track Location for user internalUser8957
2022-10-02 23:12:34.145  INFO 75568 --- [pool-7-thread-1] tourGuide.service.TourGuideService       : Track Location for user internalUser1119
2022-10-02 23:12:34.145  INFO 75568 --- [    Test worker] tourGuide.service.TourGuideService       : Track Location for user internalUser7626
2022-10-02 23:12:34.145  INFO 75568 --- [pool-7-thread-1] tourGuide.service.TourGuideService       : Track Location for user internalUser3740
2022-10-02 23:12:34.145  INFO 75568 --- [    Test worker] tourGuide.service.TourGuideService       : Track Location for user internalUser8954
2022-10-02 23:12:34.145  INFO 75568 --- [pool-7-thread-1] tourGuide.service.TourGuideService       : Track Location for user internalUser3741
2022-10-02 23:12:34.145  INFO 75568 --- [    Test worker] tourGuide.service.TourGuideService       : Track Location for user internalUser7625
2022-10-02 23:12:34.145  INFO 75568 --- [pool-7-thread-1] tourGuide.service.TourGuideService       : Track Location for user internalUser3742
2022-10-02 23:12:34.145  INFO 75568 --- [    Test worker] tourGuide.service.TourGuideService       : Track Location for user internalUser8955
2022-10-02 23:12:34.145  INFO 75568 --- [    Test worker] tourGuide.service.TourGuideService       : Track Location for user internalUser7628
2022-10-02 23:12:34.145  INFO 75568 --- [pool-7-thread-1] tourGuide.service.TourGuideService       : Track Location for user internalUser3743
2022-10-02 23:12:34.145  INFO 75568 --- [    Test worker] tourGuide.service.TourGuideService       : Track Location for user internalUser7627
2022-10-02 23:12:34.145  INFO 75568 --- [pool-7-thread-1] tourGuide.service.TourGuideService       : Track Location for user internalUser3744
2022-10-02 23:12:34.145  INFO 75568 --- [    Test worker] tourGuide.service.TourGuideService       : Track Location for user internalUser8958
2022-10-02 23:12:34.145  INFO 75568 --- [    Test worker] tourGuide.service.TourGuideService       : Track Location for user internalUser7629
2022-10-02 23:12:34.145  INFO 75568 --- [    Test worker] tourGuide.service.TourGuideService       : Track Location for user internalUser8959
2022-10-02 23:12:34.145  INFO 75568 --- [    Test worker] tourGuide.service.TourGuideService       : Track Location for user internalUser7620
2022-10-02 23:12:34.145  INFO 75568 --- [    Test worker] tourGuide.service.TourGuideService       : Track Location for user internalUser8952
2022-10-02 23:12:34.145  INFO 75568 --- [    Test worker] tourGuide.service.TourGuideService       : Track Location for user internalUser8953
2022-10-02 23:12:34.145  INFO 75568 --- [    Test worker] tourGuide.service.TourGuideService       : Track Location for user internalUser7622
2022-10-02 23:12:34.145  INFO 75568 --- [    Test worker] tourGuide.service.TourGuideService       : Track Location for user internalUser8950
2022-10-02 23:12:34.145  INFO 75568 --- [    Test worker] tourGuide.service.TourGuideService       : Track Location for user internalUser7621
2022-10-02 23:12:34.145  INFO 75568 --- [pool-7-thread-1] tourGuide.service.TourGuideService       : Track Location for user internalUser3745
2022-10-02 23:12:34.145  INFO 75568 --- [    Test worker] tourGuide.service.TourGuideService       : Track Location for user internalUser8951
2022-10-02 23:12:34.145  INFO 75568 --- [pool-7-thread-1] tourGuide.service.TourGuideService       : Track Location for user internalUser3746
2022-10-02 23:12:34.145  INFO 75568 --- [    Test worker] tourGuide.service.TourGuideService       : Track Location for user internalUser6304
2022-10-02 23:12:34.145  INFO 75568 --- [pool-7-thread-1] tourGuide.service.TourGuideService       : Track Location for user internalUser3747
2022-10-02 23:12:34.145  INFO 75568 --- [    Test worker] tourGuide.service.TourGuideService       : Track Location for user internalUser7635
2022-10-02 23:12:34.145  INFO 75568 --- [pool-7-thread-1] tourGuide.service.TourGuideService       : Track Location for user internalUser2416
2022-10-02 23:12:34.145  INFO 75568 --- [    Test worker] tourGuide.service.TourGuideService       : Track Location for user internalUser8967
2022-10-02 23:12:34.145  INFO 75568 --- [pool-7-thread-1] tourGuide.service.TourGuideService       : Track Location for user internalUser2415
2022-10-02 23:12:34.145  INFO 75568 --- [    Test worker] tourGuide.service.TourGuideService       : Track Location for user internalUser6303
2022-10-02 23:12:34.145  INFO 75568 --- [pool-7-thread-1] tourGuide.service.TourGuideService       : Track Location for user internalUser2414
2022-10-02 23:12:34.145  INFO 75568 --- [    Test worker] tourGuide.service.TourGuideService       : Track Location for user internalUser7634
2022-10-02 23:12:34.145  INFO 75568 --- [pool-7-thread-1] tourGuide.service.TourGuideService       : Track Location for user internalUser2413
2022-10-02 23:12:34.145  INFO 75568 --- [    Test worker] tourGuide.service.TourGuideService       : Track Location for user internalUser8968
2022-10-02 23:12:34.145  INFO 75568 --- [pool-7-thread-1] tourGuide.service.TourGuideService       : Track Location for user internalUser2412
2022-10-02 23:12:34.145  INFO 75568 --- [    Test worker] tourGuide.service.TourGuideService       : Track Location for user internalUser6306
2022-10-02 23:12:34.145  INFO 75568 --- [pool-7-thread-1] tourGuide.service.TourGuideService       : Track Location for user internalUser2411
2022-10-02 23:12:34.145  INFO 75568 --- [    Test worker] tourGuide.service.TourGuideService       : Track Location for user internalUser7637
2022-10-02 23:12:34.145  INFO 75568 --- [pool-7-thread-1] tourGuide.service.TourGuideService       : Track Location for user internalUser2410
2022-10-02 23:12:34.145  INFO 75568 --- [    Test worker] tourGuide.service.TourGuideService       : Track Location for user internalUser8965
2022-10-02 23:12:34.145  INFO 75568 --- [pool-7-thread-1] tourGuide.service.TourGuideService       : Track Location for user internalUser2419
2022-10-02 23:12:34.145  INFO 75568 --- [    Test worker] tourGuide.service.TourGuideService       : Track Location for user internalUser6305
2022-10-02 23:12:34.145  INFO 75568 --- [pool-7-thread-1] tourGuide.service.TourGuideService       : Track Location for user internalUser2418
2022-10-02 23:12:34.145  INFO 75568 --- [    Test worker] tourGuide.service.TourGuideService       : Track Location for user internalUser7636
2022-10-02 23:12:34.145  INFO 75568 --- [pool-7-thread-1] tourGuide.service.TourGuideService       : Track Location for user internalUser2417
2022-10-02 23:12:34.145  INFO 75568 --- [    Test worker] tourGuide.service.TourGuideService       : Track Location for user internalUser8966
2022-10-02 23:12:34.145  INFO 75568 --- [pool-7-thread-1] tourGuide.service.TourGuideService       : Track Location for user internalUser3748
2022-10-02 23:12:34.145  INFO 75568 --- [    Test worker] tourGuide.service.TourGuideService       : Track Location for user internalUser6308
2022-10-02 23:12:34.145  INFO 75568 --- [pool-7-thread-1] tourGuide.service.TourGuideService       : Track Location for user internalUser3749
2022-10-02 23:12:34.145  INFO 75568 --- [    Test worker] tourGuide.service.TourGuideService       : Track Location for user internalUser7639
2022-10-02 23:12:34.145  INFO 75568 --- [pool-7-thread-1] tourGuide.service.TourGuideService       : Track Location for user internalUser3751
2022-10-02 23:12:34.145  INFO 75568 --- [    Test worker] tourGuide.service.TourGuideService       : Track Location for user internalUser6307
2022-10-02 23:12:34.145  INFO 75568 --- [pool-7-thread-1] tourGuide.service.TourGuideService       : Track Location for user internalUser3752
2022-10-02 23:12:34.145  INFO 75568 --- [    Test worker] tourGuide.service.TourGuideService       : Track Location for user internalUser7638
2022-10-02 23:12:34.145  INFO 75568 --- [pool-7-thread-1] tourGuide.service.TourGuideService       : Track Location for user internalUser3753
2022-10-02 23:12:34.145  INFO 75568 --- [    Test worker] tourGuide.service.TourGuideService       : Track Location for user internalUser8969
2022-10-02 23:12:34.145  INFO 75568 --- [pool-7-thread-1] tourGuide.service.TourGuideService       : Track Location for user internalUser3754
2022-10-02 23:12:34.145  INFO 75568 --- [    Test worker] tourGuide.service.TourGuideService       : Track Location for user internalUser6309
2022-10-02 23:12:34.145  INFO 75568 --- [pool-7-thread-1] tourGuide.service.TourGuideService       : Track Location for user internalUser3755
2022-10-02 23:12:34.145  INFO 75568 --- [    Test worker] tourGuide.service.TourGuideService       : Track Location for user internalUser8960
2022-10-02 23:12:34.145  INFO 75568 --- [pool-7-thread-1] tourGuide.service.TourGuideService       : Track Location for user internalUser3756
2022-10-02 23:12:34.145  INFO 75568 --- [    Test worker] tourGuide.service.TourGuideService       : Track Location for user internalUser6300
2022-10-02 23:12:34.145  INFO 75568 --- [pool-7-thread-1] tourGuide.service.TourGuideService       : Track Location for user internalUser3757
2022-10-02 23:12:34.145  INFO 75568 --- [    Test worker] tourGuide.service.TourGuideService       : Track Location for user internalUser7631
2022-10-02 23:12:34.145  INFO 75568 --- [pool-7-thread-1] tourGuide.service.TourGuideService       : Track Location for user internalUser3758
2022-10-02 23:12:34.145  INFO 75568 --- [    Test worker] tourGuide.service.TourGuideService       : Track Location for user internalUser8963
2022-10-02 23:12:34.145  INFO 75568 --- [pool-7-thread-1] tourGuide.service.TourGuideService       : Track Location for user internalUser2427
2022-10-02 23:12:34.145  INFO 75568 --- [    Test worker] tourGuide.service.TourGuideService       : Track Location for user internalUser7630
2022-10-02 23:12:34.145  INFO 75568 --- [    Test worker] tourGuide.service.TourGuideService       : Track Location for user internalUser8964
2022-10-02 23:12:34.145  INFO 75568 --- [    Test worker] tourGuide.service.TourGuideService       : Track Location for user internalUser6302
2022-10-02 23:12:34.145  INFO 75568 --- [    Test worker] tourGuide.service.TourGuideService       : Track Location for user internalUser7633
2022-10-02 23:12:34.145  INFO 75568 --- [    Test worker] tourGuide.service.TourGuideService       : Track Location for user internalUser8961
2022-10-02 23:12:34.145  INFO 75568 --- [pool-7-thread-1] tourGuide.service.TourGuideService       : Track Location for user internalUser2426
2022-10-02 23:12:34.174  INFO 75568 --- [pool-7-thread-1] tourGuide.service.TourGuideService       : Track Location for user internalUser2425
2022-10-02 23:12:34.174  INFO 75568 --- [pool-7-thread-1] tourGuide.service.TourGuideService       : Track Location for user internalUser2424
2022-10-02 23:12:34.174  INFO 75568 --- [pool-7-thread-1] tourGuide.service.TourGuideService       : Track Location for user internalUser2423
2022-10-02 23:12:34.174  INFO 75568 --- [pool-7-thread-1] tourGuide.service.TourGuideService       : Track Location for user internalUser2422
2022-10-02 23:12:34.174  INFO 75568 --- [pool-7-thread-1] tourGuide.service.TourGuideService       : Track Location for user internalUser2421
2022-10-02 23:12:34.174  INFO 75568 --- [pool-7-thread-1] tourGuide.service.TourGuideService       : Track Location for user internalUser2420
2022-10-02 23:12:34.174  INFO 75568 --- [pool-7-thread-1] tourGuide.service.TourGuideService       : Track Location for user internalUser3750
2022-10-02 23:12:34.174  INFO 75568 --- [pool-7-thread-1] tourGuide.service.TourGuideService       : Track Location for user internalUser2429
2022-10-02 23:12:34.174  INFO 75568 --- [pool-7-thread-1] tourGuide.service.TourGuideService       : Track Location for user internalUser2428
2022-10-02 23:12:34.174  INFO 75568 --- [pool-7-thread-1] tourGuide.service.TourGuideService       : Track Location for user internalUser3759
2022-10-02 23:12:34.174  INFO 75568 --- [pool-7-thread-1] tourGuide.service.TourGuideService       : Track Location for user internalUser1143
2022-10-02 23:12:34.174  INFO 75568 --- [pool-7-thread-1] tourGuide.service.TourGuideService       : Track Location for user internalUser2474
2022-10-02 23:12:34.174  INFO 75568 --- [pool-7-thread-1] tourGuide.service.TourGuideService       : Track Location for user internalUser1142
2022-10-02 23:12:34.174  INFO 75568 --- [pool-7-thread-1] tourGuide.service.TourGuideService       : Track Location for user internalUser2473
2022-10-02 23:12:34.174  INFO 75568 --- [pool-7-thread-1] tourGuide.service.TourGuideService       : Track Location for user internalUser1141
2022-10-02 23:12:34.174  INFO 75568 --- [pool-7-thread-1] tourGuide.service.TourGuideService       : Track Location for user internalUser2472
2022-10-02 23:12:34.174  INFO 75568 --- [pool-7-thread-1] tourGuide.service.TourGuideService       : Track Location for user internalUser1140
2022-10-02 23:12:34.174  INFO 75568 --- [pool-7-thread-1] tourGuide.service.TourGuideService       : Track Location for user internalUser2471
2022-10-02 23:12:34.174  INFO 75568 --- [pool-7-thread-1] tourGuide.service.TourGuideService       : Track Location for user internalUser2470
2022-10-02 23:12:34.174  INFO 75568 --- [pool-7-thread-1] tourGuide.service.TourGuideService       : Track Location for user internalUser1149
2022-10-02 23:12:34.174  INFO 75568 --- [pool-7-thread-1] tourGuide.service.TourGuideService       : Track Location for user internalUser1148
2022-10-02 23:12:34.174  INFO 75568 --- [pool-7-thread-1] tourGuide.service.TourGuideService       : Track Location for user internalUser2479
2022-10-02 23:12:34.174  INFO 75568 --- [pool-7-thread-1] tourGuide.service.TourGuideService       : Track Location for user internalUser1147
2022-10-02 23:12:34.174  INFO 75568 --- [pool-7-thread-1] tourGuide.service.TourGuideService       : Track Location for user internalUser2478
2022-10-02 23:12:34.174  INFO 75568 --- [pool-7-thread-1] tourGuide.service.TourGuideService       : Track Location for user internalUser1146
2022-10-02 23:12:34.174  INFO 75568 --- [pool-7-thread-1] tourGuide.service.TourGuideService       : Track Location for user internalUser2477
2022-10-02 23:12:34.174  INFO 75568 --- [pool-7-thread-1] tourGuide.service.TourGuideService       : Track Location for user internalUser1145
2022-10-02 23:12:34.174  INFO 75568 --- [pool-7-thread-1] tourGuide.service.TourGuideService       : Track Location for user internalUser2476
2022-10-02 23:12:34.174  INFO 75568 --- [pool-7-thread-1] tourGuide.service.TourGuideService       : Track Location for user internalUser1144
2022-10-02 23:12:34.174  INFO 75568 --- [pool-7-thread-1] tourGuide.service.TourGuideService       : Track Location for user internalUser2475
2022-10-02 23:12:34.174  INFO 75568 --- [pool-7-thread-1] tourGuide.service.TourGuideService       : Track Location for user internalUser1154
2022-10-02 23:12:34.174  INFO 75568 --- [pool-7-thread-1] tourGuide.service.TourGuideService       : Track Location for user internalUser2485
2022-10-02 23:12:34.174  INFO 75568 --- [pool-7-thread-1] tourGuide.service.TourGuideService       : Track Location for user internalUser1153
2022-10-02 23:12:34.174  INFO 75568 --- [pool-7-thread-1] tourGuide.service.TourGuideService       : Track Location for user internalUser2484
2022-10-02 23:12:34.174  INFO 75568 --- [pool-7-thread-1] tourGuide.service.TourGuideService       : Track Location for user internalUser1152
2022-10-02 23:12:34.174  INFO 75568 --- [pool-7-thread-1] tourGuide.service.TourGuideService       : Track Location for user internalUser2483
2022-10-02 23:12:34.174  INFO 75568 --- [pool-7-thread-1] tourGuide.service.TourGuideService       : Track Location for user internalUser1151
2022-10-02 23:12:34.175  INFO 75568 --- [pool-7-thread-1] tourGuide.service.TourGuideService       : Track Location for user internalUser2482
2022-10-02 23:12:34.175  INFO 75568 --- [pool-7-thread-1] tourGuide.service.TourGuideService       : Track Location for user internalUser1150
2022-10-02 23:12:34.175  INFO 75568 --- [pool-7-thread-1] tourGuide.service.TourGuideService       : Track Location for user internalUser2481
2022-10-02 23:12:34.175  INFO 75568 --- [pool-7-thread-1] tourGuide.service.TourGuideService       : Track Location for user internalUser2480
2022-10-02 23:12:34.175  INFO 75568 --- [pool-7-thread-1] tourGuide.service.TourGuideService       : Track Location for user internalUser1159
2022-10-02 23:12:34.175  INFO 75568 --- [pool-7-thread-1] tourGuide.service.TourGuideService       : Track Location for user internalUser1158
2022-10-02 23:12:34.175  INFO 75568 --- [pool-7-thread-1] tourGuide.service.TourGuideService       : Track Location for user internalUser2489
2022-10-02 23:12:34.175  INFO 75568 --- [pool-7-thread-1] tourGuide.service.TourGuideService       : Track Location for user internalUser1157
2022-10-02 23:12:34.175  INFO 75568 --- [pool-7-thread-1] tourGuide.service.TourGuideService       : Track Location for user internalUser2488
2022-10-02 23:12:34.175  INFO 75568 --- [pool-7-thread-1] tourGuide.service.TourGuideService       : Track Location for user internalUser1156
2022-10-02 23:12:34.175  INFO 75568 --- [pool-7-thread-1] tourGuide.service.TourGuideService       : Track Location for user internalUser2487
2022-10-02 23:12:34.145  INFO 75568 --- [    Test worker] tourGuide.service.TourGuideService       : Track Location for user internalUser6301
2022-10-02 23:12:34.175  INFO 75568 --- [pool-7-thread-1] tourGuide.service.TourGuideService       : Track Location for user internalUser1155
2022-10-02 23:12:34.175  INFO 75568 --- [    Test worker] tourGuide.service.TourGuideService       : Track Location for user internalUser7632
2022-10-02 23:12:34.175  INFO 75568 --- [pool-7-thread-1] tourGuide.service.TourGuideService       : Track Location for user internalUser2486
2022-10-02 23:12:34.175  INFO 75568 --- [    Test worker] tourGuide.service.TourGuideService       : Track Location for user internalUser8962
2022-10-02 23:12:34.175  INFO 75568 --- [pool-7-thread-1] tourGuide.service.TourGuideService       : Track Location for user internalUser1121
2022-10-02 23:12:34.175  INFO 75568 --- [    Test worker] tourGuide.service.TourGuideService       : Track Location for user internalUser1462
2022-10-02 23:12:34.175  INFO 75568 --- [pool-7-thread-1] tourGuide.service.TourGuideService       : Track Location for user internalUser2452
2022-10-02 23:12:34.175  INFO 75568 --- [    Test worker] tourGuide.service.TourGuideService       : Track Location for user internalUser2793
2022-10-02 23:12:34.175  INFO 75568 --- [pool-7-thread-1] tourGuide.service.TourGuideService       : Track Location for user internalUser3784
2022-10-02 23:12:34.175  INFO 75568 --- [    Test worker] tourGuide.service.TourGuideService       : Track Location for user internalUser1461
2022-10-02 23:12:34.175  INFO 75568 --- [pool-7-thread-1] tourGuide.service.TourGuideService       : Track Location for user internalUser1120
2022-10-02 23:12:34.175  INFO 75568 --- [    Test worker] tourGuide.service.TourGuideService       : Track Location for user internalUser2792
2022-10-02 23:12:34.175  INFO 75568 --- [pool-7-thread-1] tourGuide.service.TourGuideService       : Track Location for user internalUser2451
2022-10-02 23:12:34.175  INFO 75568 --- [    Test worker] tourGuide.service.TourGuideService       : Track Location for user internalUser1460
2022-10-02 23:12:34.175  INFO 75568 --- [pool-7-thread-1] tourGuide.service.TourGuideService       : Track Location for user internalUser3785
2022-10-02 23:12:34.175  INFO 75568 --- [    Test worker] tourGuide.service.TourGuideService       : Track Location for user internalUser2791
2022-10-02 23:12:34.175  INFO 75568 --- [pool-7-thread-1] tourGuide.service.TourGuideService       : Track Location for user internalUser2450
2022-10-02 23:12:34.175  INFO 75568 --- [    Test worker] tourGuide.service.TourGuideService       : Track Location for user internalUser2790
2022-10-02 23:12:34.175  INFO 75568 --- [pool-7-thread-1] tourGuide.service.TourGuideService       : Track Location for user internalUser3786
2022-10-02 23:12:34.175  INFO 75568 --- [    Test worker] tourGuide.service.TourGuideService       : Track Location for user internalUser1469
2022-10-02 23:12:34.175  INFO 75568 --- [pool-7-thread-1] tourGuide.service.TourGuideService       : Track Location for user internalUser3787
2022-10-02 23:12:34.175  INFO 75568 --- [    Test worker] tourGuide.service.TourGuideService       : Track Location for user internalUser1468
2022-10-02 23:12:34.175  INFO 75568 --- [pool-7-thread-1] tourGuide.service.TourGuideService       : Track Location for user internalUser3788
2022-10-02 23:12:34.175  INFO 75568 --- [    Test worker] tourGuide.service.TourGuideService       : Track Location for user internalUser2799
2022-10-02 23:12:34.175  INFO 75568 --- [pool-7-thread-1] tourGuide.service.TourGuideService       : Track Location for user internalUser3789
2022-10-02 23:12:34.175  INFO 75568 --- [    Test worker] tourGuide.service.TourGuideService       : Track Location for user internalUser1467
2022-10-02 23:12:34.175  INFO 75568 --- [pool-7-thread-1] tourGuide.service.TourGuideService       : Track Location for user internalUser1129
2022-10-02 23:12:34.175  INFO 75568 --- [    Test worker] tourGuide.service.TourGuideService       : Track Location for user internalUser2798
2022-10-02 23:12:34.175  INFO 75568 --- [pool-7-thread-1] tourGuide.service.TourGuideService       : Track Location for user internalUser1128
2022-10-02 23:12:34.175  INFO 75568 --- [    Test worker] tourGuide.service.TourGuideService       : Track Location for user internalUser1466
2022-10-02 23:12:34.175  INFO 75568 --- [pool-7-thread-1] tourGuide.service.TourGuideService       : Track Location for user internalUser2459
2022-10-02 23:12:34.175  INFO 75568 --- [    Test worker] tourGuide.service.TourGuideService       : Track Location for user internalUser2797
2022-10-02 23:12:34.175  INFO 75568 --- [pool-7-thread-1] tourGuide.service.TourGuideService       : Track Location for user internalUser1127
2022-10-02 23:12:34.175  INFO 75568 --- [    Test worker] tourGuide.service.TourGuideService       : Track Location for user internalUser1465
2022-10-02 23:12:34.175  INFO 75568 --- [pool-7-thread-1] tourGuide.service.TourGuideService       : Track Location for user internalUser2458
2022-10-02 23:12:34.175  INFO 75568 --- [    Test worker] tourGuide.service.TourGuideService       : Track Location for user internalUser2796
2022-10-02 23:12:34.175  INFO 75568 --- [pool-7-thread-1] tourGuide.service.TourGuideService       : Track Location for user internalUser1126
2022-10-02 23:12:34.175  INFO 75568 --- [    Test worker] tourGuide.service.TourGuideService       : Track Location for user internalUser1464
2022-10-02 23:12:34.175  INFO 75568 --- [pool-7-thread-1] tourGuide.service.TourGuideService       : Track Location for user internalUser2457
2022-10-02 23:12:34.175  INFO 75568 --- [    Test worker] tourGuide.service.TourGuideService       : Track Location for user internalUser2795
2022-10-02 23:12:34.175  INFO 75568 --- [pool-7-thread-1] tourGuide.service.TourGuideService       : Track Location for user internalUser1125
2022-10-02 23:12:34.175  INFO 75568 --- [pool-7-thread-1] tourGuide.service.TourGuideService       : Track Location for user internalUser2456
2022-10-02 23:12:34.175  INFO 75568 --- [    Test worker] tourGuide.service.TourGuideService       : Track Location for user internalUser1463
2022-10-02 23:12:34.175  INFO 75568 --- [pool-7-thread-1] tourGuide.service.TourGuideService       : Track Location for user internalUser3780
2022-10-02 23:12:34.175  INFO 75568 --- [    Test worker] tourGuide.service.TourGuideService       : Track Location for user internalUser2794
2022-10-02 23:12:34.175  INFO 75568 --- [pool-7-thread-1] tourGuide.service.TourGuideService       : Track Location for user internalUser1124
2022-10-02 23:12:34.175  INFO 75568 --- [    Test worker] tourGuide.service.TourGuideService       : Track Location for user internalUser1473
2022-10-02 23:12:34.175  INFO 75568 --- [pool-7-thread-1] tourGuide.service.TourGuideService       : Track Location for user internalUser2455
2022-10-02 23:12:34.175  INFO 75568 --- [    Test worker] tourGuide.service.TourGuideService       : Track Location for user internalUser1472
2022-10-02 23:12:34.175  INFO 75568 --- [pool-7-thread-1] tourGuide.service.TourGuideService       : Track Location for user internalUser3781
2022-10-02 23:12:34.175  INFO 75568 --- [    Test worker] tourGuide.service.TourGuideService       : Track Location for user internalUser1471
2022-10-02 23:12:34.175  INFO 75568 --- [pool-7-thread-1] tourGuide.service.TourGuideService       : Track Location for user internalUser1123
2022-10-02 23:12:34.175  INFO 75568 --- [    Test worker] tourGuide.service.TourGuideService       : Track Location for user internalUser1470
2022-10-02 23:12:34.175  INFO 75568 --- [pool-7-thread-1] tourGuide.service.TourGuideService       : Track Location for user internalUser2454
2022-10-02 23:12:34.175  INFO 75568 --- [    Test worker] tourGuide.service.TourGuideService       : Track Location for user internalUser1479
2022-10-02 23:12:34.175  INFO 75568 --- [pool-7-thread-1] tourGuide.service.TourGuideService       : Track Location for user internalUser3782
2022-10-02 23:12:34.175  INFO 75568 --- [    Test worker] tourGuide.service.TourGuideService       : Track Location for user internalUser1478
2022-10-02 23:12:34.175  INFO 75568 --- [pool-7-thread-1] tourGuide.service.TourGuideService       : Track Location for user internalUser1122
2022-10-02 23:12:34.175  INFO 75568 --- [    Test worker] tourGuide.service.TourGuideService       : Track Location for user internalUser1477
2022-10-02 23:12:34.175  INFO 75568 --- [pool-7-thread-1] tourGuide.service.TourGuideService       : Track Location for user internalUser2453
2022-10-02 23:12:34.175  INFO 75568 --- [    Test worker] tourGuide.service.TourGuideService       : Track Location for user internalUser1476
2022-10-02 23:12:34.175  INFO 75568 --- [pool-7-thread-1] tourGuide.service.TourGuideService       : Track Location for user internalUser3783
2022-10-02 23:12:34.175  INFO 75568 --- [    Test worker] tourGuide.service.TourGuideService       : Track Location for user internalUser1475
2022-10-02 23:12:34.175  INFO 75568 --- [pool-7-thread-1] tourGuide.service.TourGuideService       : Track Location for user internalUser1132
2022-10-02 23:12:34.175  INFO 75568 --- [    Test worker] tourGuide.service.TourGuideService       : Track Location for user internalUser1474
2022-10-02 23:12:34.175  INFO 75568 --- [    Test worker] tourGuide.service.TourGuideService       : Track Location for user internalUser1440
2022-10-02 23:12:34.175  INFO 75568 --- [pool-7-thread-1] tourGuide.service.TourGuideService       : Track Location for user internalUser2463
2022-10-02 23:12:34.175  INFO 75568 --- [    Test worker] tourGuide.service.TourGuideService       : Track Location for user internalUser2771
2022-10-02 23:12:34.175  INFO 75568 --- [pool-7-thread-1] tourGuide.service.TourGuideService       : Track Location for user internalUser3795
2022-10-02 23:12:34.175  INFO 75568 --- [    Test worker] tourGuide.service.TourGuideService       : Track Location for user internalUser2770
2022-10-02 23:12:34.175  INFO 75568 --- [pool-7-thread-1] tourGuide.service.TourGuideService       : Track Location for user internalUser1131
2022-10-02 23:12:34.175  INFO 75568 --- [    Test worker] tourGuide.service.TourGuideService       : Track Location for user internalUser1448
2022-10-02 23:12:34.175  INFO 75568 --- [pool-7-thread-1] tourGuide.service.TourGuideService       : Track Location for user internalUser2462
2022-10-02 23:12:34.175  INFO 75568 --- [    Test worker] tourGuide.service.TourGuideService       : Track Location for user internalUser2779
2022-10-02 23:12:34.175  INFO 75568 --- [pool-7-thread-1] tourGuide.service.TourGuideService       : Track Location for user internalUser3796
2022-10-02 23:12:34.175  INFO 75568 --- [    Test worker] tourGuide.service.TourGuideService       : Track Location for user internalUser1447
2022-10-02 23:12:34.175  INFO 75568 --- [pool-7-thread-1] tourGuide.service.TourGuideService       : Track Location for user internalUser1130
2022-10-02 23:12:34.175  INFO 75568 --- [    Test worker] tourGuide.service.TourGuideService       : Track Location for user internalUser2778
2022-10-02 23:12:34.175  INFO 75568 --- [pool-7-thread-1] tourGuide.service.TourGuideService       : Track Location for user internalUser2461
2022-10-02 23:12:34.175  INFO 75568 --- [    Test worker] tourGuide.service.TourGuideService       : Track Location for user internalUser1446
2022-10-02 23:12:34.175  INFO 75568 --- [pool-7-thread-1] tourGuide.service.TourGuideService       : Track Location for user internalUser3797
2022-10-02 23:12:34.175  INFO 75568 --- [    Test worker] tourGuide.service.TourGuideService       : Track Location for user internalUser2777
2022-10-02 23:12:34.175  INFO 75568 --- [pool-7-thread-1] tourGuide.service.TourGuideService       : Track Location for user internalUser2460
2022-10-02 23:12:34.175  INFO 75568 --- [    Test worker] tourGuide.service.TourGuideService       : Track Location for user internalUser1445
2022-10-02 23:12:34.175  INFO 75568 --- [pool-7-thread-1] tourGuide.service.TourGuideService       : Track Location for user internalUser3798
2022-10-02 23:12:34.175  INFO 75568 --- [    Test worker] tourGuide.service.TourGuideService       : Track Location for user internalUser2776
2022-10-02 23:12:34.175  INFO 75568 --- [pool-7-thread-1] tourGuide.service.TourGuideService       : Track Location for user internalUser3799
2022-10-02 23:12:34.175  INFO 75568 --- [    Test worker] tourGuide.service.TourGuideService       : Track Location for user internalUser1444
2022-10-02 23:12:34.175  INFO 75568 --- [pool-7-thread-1] tourGuide.service.TourGuideService       : Track Location for user internalUser1139
2022-10-02 23:12:34.175  INFO 75568 --- [    Test worker] tourGuide.service.TourGuideService       : Track Location for user internalUser2775
2022-10-02 23:12:34.175  INFO 75568 --- [pool-7-thread-1] tourGuide.service.TourGuideService       : Track Location for user internalUser1138
2022-10-02 23:12:34.175  INFO 75568 --- [    Test worker] tourGuide.service.TourGuideService       : Track Location for user internalUser1443
2022-10-02 23:12:34.175  INFO 75568 --- [pool-7-thread-1] tourGuide.service.TourGuideService       : Track Location for user internalUser2469
2022-10-02 23:12:34.175  INFO 75568 --- [    Test worker] tourGuide.service.TourGuideService       : Track Location for user internalUser2774
2022-10-02 23:12:34.175  INFO 75568 --- [pool-7-thread-1] tourGuide.service.TourGuideService       : Track Location for user internalUser1137
2022-10-02 23:12:34.175  INFO 75568 --- [    Test worker] tourGuide.service.TourGuideService       : Track Location for user internalUser1442
2022-10-02 23:12:34.175  INFO 75568 --- [pool-7-thread-1] tourGuide.service.TourGuideService       : Track Location for user internalUser2468
2022-10-02 23:12:34.175  INFO 75568 --- [    Test worker] tourGuide.service.TourGuideService       : Track Location for user internalUser2773
2022-10-02 23:12:34.175  INFO 75568 --- [pool-7-thread-1] tourGuide.service.TourGuideService       : Track Location for user internalUser3790
2022-10-02 23:12:34.175  INFO 75568 --- [    Test worker] tourGuide.service.TourGuideService       : Track Location for user internalUser1441
2022-10-02 23:12:34.175  INFO 75568 --- [pool-7-thread-1] tourGuide.service.TourGuideService       : Track Location for user internalUser1136
2022-10-02 23:12:34.175  INFO 75568 --- [    Test worker] tourGuide.service.TourGuideService       : Track Location for user internalUser2772
2022-10-02 23:12:34.175  INFO 75568 --- [pool-7-thread-1] tourGuide.service.TourGuideService       : Track Location for user internalUser2467
2022-10-02 23:12:34.175  INFO 75568 --- [    Test worker] tourGuide.service.TourGuideService       : Track Location for user internalUser1449
2022-10-02 23:12:34.175  INFO 75568 --- [pool-7-thread-1] tourGuide.service.TourGuideService       : Track Location for user internalUser3791
2022-10-02 23:12:34.175  INFO 75568 --- [    Test worker] tourGuide.service.TourGuideService       : Track Location for user internalUser1451
2022-10-02 23:12:34.175  INFO 75568 --- [pool-7-thread-1] tourGuide.service.TourGuideService       : Track Location for user internalUser1135
2022-10-02 23:12:34.175  INFO 75568 --- [    Test worker] tourGuide.service.TourGuideService       : Track Location for user internalUser2782
2022-10-02 23:12:34.175  INFO 75568 --- [pool-7-thread-1] tourGuide.service.TourGuideService       : Track Location for user internalUser2466
2022-10-02 23:12:34.175  INFO 75568 --- [    Test worker] tourGuide.service.TourGuideService       : Track Location for user internalUser1450
2022-10-02 23:12:34.175  INFO 75568 --- [pool-7-thread-1] tourGuide.service.TourGuideService       : Track Location for user internalUser3792
2022-10-02 23:12:34.175  INFO 75568 --- [    Test worker] tourGuide.service.TourGuideService       : Track Location for user internalUser2781
2022-10-02 23:12:34.175  INFO 75568 --- [pool-7-thread-1] tourGuide.service.TourGuideService       : Track Location for user internalUser1134
2022-10-02 23:12:34.175  INFO 75568 --- [    Test worker] tourGuide.service.TourGuideService       : Track Location for user internalUser2780
2022-10-02 23:12:34.175  INFO 75568 --- [pool-7-thread-1] tourGuide.service.TourGuideService       : Track Location for user internalUser2465
2022-10-02 23:12:34.175  INFO 75568 --- [    Test worker] tourGuide.service.TourGuideService       : Track Location for user internalUser1459
2022-10-02 23:12:34.175  INFO 75568 --- [pool-7-thread-1] tourGuide.service.TourGuideService       : Track Location for user internalUser3793
2022-10-02 23:12:34.175  INFO 75568 --- [    Test worker] tourGuide.service.TourGuideService       : Track Location for user internalUser1458
2022-10-02 23:12:34.175  INFO 75568 --- [pool-7-thread-1] tourGuide.service.TourGuideService       : Track Location for user internalUser1133
2022-10-02 23:12:34.175  INFO 75568 --- [    Test worker] tourGuide.service.TourGuideService       : Track Location for user internalUser2789
2022-10-02 23:12:34.175  INFO 75568 --- [pool-7-thread-1] tourGuide.service.TourGuideService       : Track Location for user internalUser2464
2022-10-02 23:12:34.175  INFO 75568 --- [    Test worker] tourGuide.service.TourGuideService       : Track Location for user internalUser1457
2022-10-02 23:12:34.175  INFO 75568 --- [pool-7-thread-1] tourGuide.service.TourGuideService       : Track Location for user internalUser3794
2022-10-02 23:12:34.175  INFO 75568 --- [    Test worker] tourGuide.service.TourGuideService       : Track Location for user internalUser2788
2022-10-02 23:12:34.175  INFO 75568 --- [pool-7-thread-1] tourGuide.service.TourGuideService       : Track Location for user internalUser3920
2022-10-02 23:12:34.175  INFO 75568 --- [    Test worker] tourGuide.service.TourGuideService       : Track Location for user internalUser1456
2022-10-02 23:12:34.175  INFO 75568 --- [pool-7-thread-1] tourGuide.service.TourGuideService       : Track Location for user internalUser3921
2022-10-02 23:12:34.175  INFO 75568 --- [    Test worker] tourGuide.service.TourGuideService       : Track Location for user internalUser2787
2022-10-02 23:12:34.175  INFO 75568 --- [    Test worker] tourGuide.service.TourGuideService       : Track Location for user internalUser1455
2022-10-02 23:12:34.175  INFO 75568 --- [pool-7-thread-1] tourGuide.service.TourGuideService       : Track Location for user internalUser3922
2022-10-02 23:12:34.175  INFO 75568 --- [    Test worker] tourGuide.service.TourGuideService       : Track Location for user internalUser2786
2022-10-02 23:12:34.175  INFO 75568 --- [pool-7-thread-1] tourGuide.service.TourGuideService       : Track Location for user internalUser3923
2022-10-02 23:12:34.175  INFO 75568 --- [    Test worker] tourGuide.service.TourGuideService       : Track Location for user internalUser1454
2022-10-02 23:12:34.175  INFO 75568 --- [pool-7-thread-1] tourGuide.service.TourGuideService       : Track Location for user internalUser6197
2022-10-02 23:12:34.175  INFO 75568 --- [    Test worker] tourGuide.service.TourGuideService       : Track Location for user internalUser2785
2022-10-02 23:12:34.175  INFO 75568 --- [pool-7-thread-1] tourGuide.service.TourGuideService       : Track Location for user internalUser6196
2022-10-02 23:12:34.175  INFO 75568 --- [    Test worker] tourGuide.service.TourGuideService       : Track Location for user internalUser1453
2022-10-02 23:12:34.175  INFO 75568 --- [pool-7-thread-1] tourGuide.service.TourGuideService       : Track Location for user internalUser6199
2022-10-02 23:12:34.175  INFO 75568 --- [    Test worker] tourGuide.service.TourGuideService       : Track Location for user internalUser2784
2022-10-02 23:12:34.175  INFO 75568 --- [pool-7-thread-1] tourGuide.service.TourGuideService       : Track Location for user internalUser6198
2022-10-02 23:12:34.175  INFO 75568 --- [    Test worker] tourGuide.service.TourGuideService       : Track Location for user internalUser1452
2022-10-02 23:12:34.175  INFO 75568 --- [pool-7-thread-1] tourGuide.service.TourGuideService       : Track Location for user internalUser3924
2022-10-02 23:12:34.175  INFO 75568 --- [    Test worker] tourGuide.service.TourGuideService       : Track Location for user internalUser2783
2022-10-02 23:12:34.175  INFO 75568 --- [pool-7-thread-1] tourGuide.service.TourGuideService       : Track Location for user internalUser3925
2022-10-02 23:12:34.175  INFO 75568 --- [    Test worker] tourGuide.service.TourGuideService       : Track Location for user internalUser8901
2022-10-02 23:12:34.175  INFO 75568 --- [pool-7-thread-1] tourGuide.service.TourGuideService       : Track Location for user internalUser3926
2022-10-02 23:12:34.175  INFO 75568 --- [    Test worker] tourGuide.service.TourGuideService       : Track Location for user internalUser8902
2022-10-02 23:12:34.175  INFO 75568 --- [pool-7-thread-1] tourGuide.service.TourGuideService       : Track Location for user internalUser3927
2022-10-02 23:12:34.175  INFO 75568 --- [    Test worker] tourGuide.service.TourGuideService       : Track Location for user internalUser8900
2022-10-02 23:12:34.175  INFO 75568 --- [pool-7-thread-1] tourGuide.service.TourGuideService       : Track Location for user internalUser3928
2022-10-02 23:12:34.175  INFO 75568 --- [    Test worker] tourGuide.service.TourGuideService       : Track Location for user internalUser8905
2022-10-02 23:12:34.175  INFO 75568 --- [pool-7-thread-1] tourGuide.service.TourGuideService       : Track Location for user internalUser3929
2022-10-02 23:12:34.175  INFO 75568 --- [pool-7-thread-1] tourGuide.service.TourGuideService       : Track Location for user internalUser3930
2022-10-02 23:12:34.175  INFO 75568 --- [pool-7-thread-1] tourGuide.service.TourGuideService       : Track Location for user internalUser3931
2022-10-02 23:12:34.175  INFO 75568 --- [    Test worker] tourGuide.service.TourGuideService       : Track Location for user internalUser8906
2022-10-02 23:12:34.175  INFO 75568 --- [pool-7-thread-1] tourGuide.service.TourGuideService       : Track Location for user internalUser3932
2022-10-02 23:12:34.175  INFO 75568 --- [    Test worker] tourGuide.service.TourGuideService       : Track Location for user internalUser8903
2022-10-02 23:12:34.175  INFO 75568 --- [pool-7-thread-1] tourGuide.service.TourGuideService       : Track Location for user internalUser3933
2022-10-02 23:12:34.175  INFO 75568 --- [    Test worker] tourGuide.service.TourGuideService       : Track Location for user internalUser8904
2022-10-02 23:12:34.175  INFO 75568 --- [pool-7-thread-1] tourGuide.service.TourGuideService       : Track Location for user internalUser3934
2022-10-02 23:12:34.176  INFO 75568 --- [    Test worker] tourGuide.service.TourGuideService       : Track Location for user internalUser8909
2022-10-02 23:12:34.176  INFO 75568 --- [pool-7-thread-1] tourGuide.service.TourGuideService       : Track Location for user internalUser2603
2022-10-02 23:12:34.176  INFO 75568 --- [    Test worker] tourGuide.service.TourGuideService       : Track Location for user internalUser8907
2022-10-02 23:12:34.176  INFO 75568 --- [pool-7-thread-1] tourGuide.service.TourGuideService       : Track Location for user internalUser2602
2022-10-02 23:12:34.176  INFO 75568 --- [    Test worker] tourGuide.service.TourGuideService       : Track Location for user internalUser8908
2022-10-02 23:12:34.176  INFO 75568 --- [pool-7-thread-1] tourGuide.service.TourGuideService       : Track Location for user internalUser2601
2022-10-02 23:12:34.176  INFO 75568 --- [    Test worker] tourGuide.service.TourGuideService       : Track Location for user internalUser1484
2022-10-02 23:12:34.176  INFO 75568 --- [pool-7-thread-1] tourGuide.service.TourGuideService       : Track Location for user internalUser2600
2022-10-02 23:12:34.176  INFO 75568 --- [    Test worker] tourGuide.service.TourGuideService       : Track Location for user internalUser1483
2022-10-02 23:12:34.176  INFO 75568 --- [pool-7-thread-1] tourGuide.service.TourGuideService       : Track Location for user internalUser2609
2022-10-02 23:12:34.176  INFO 75568 --- [    Test worker] tourGuide.service.TourGuideService       : Track Location for user internalUser1482
2022-10-02 23:12:34.176  INFO 75568 --- [pool-7-thread-1] tourGuide.service.TourGuideService       : Track Location for user internalUser2608
2022-10-02 23:12:34.176  INFO 75568 --- [    Test worker] tourGuide.service.TourGuideService       : Track Location for user internalUser1481
2022-10-02 23:12:34.176  INFO 75568 --- [pool-7-thread-1] tourGuide.service.TourGuideService       : Track Location for user internalUser2607
2022-10-02 23:12:34.176  INFO 75568 --- [    Test worker] tourGuide.service.TourGuideService       : Track Location for user internalUser1480
2022-10-02 23:12:34.176  INFO 75568 --- [    Test worker] tourGuide.service.TourGuideService       : Track Location for user internalUser1489
2022-10-02 23:12:34.176  INFO 75568 --- [    Test worker] tourGuide.service.TourGuideService       : Track Location for user internalUser1488
2022-10-02 23:12:34.176  INFO 75568 --- [    Test worker] tourGuide.service.TourGuideService       : Track Location for user internalUser1487
2022-10-02 23:12:34.176  INFO 75568 --- [    Test worker] tourGuide.service.TourGuideService       : Track Location for user internalUser1486
2022-10-02 23:12:34.176  INFO 75568 --- [    Test worker] tourGuide.service.TourGuideService       : Track Location for user internalUser1485
2022-10-02 23:12:34.176  INFO 75568 --- [    Test worker] tourGuide.service.TourGuideService       : Track Location for user internalUser1495
2022-10-02 23:12:34.176  INFO 75568 --- [    Test worker] tourGuide.service.TourGuideService       : Track Location for user internalUser1494
2022-10-02 23:12:34.176  INFO 75568 --- [    Test worker] tourGuide.service.TourGuideService       : Track Location for user internalUser1493
2022-10-02 23:12:34.176  INFO 75568 --- [    Test worker] tourGuide.service.TourGuideService       : Track Location for user internalUser1492
2022-10-02 23:12:34.176  INFO 75568 --- [    Test worker] tourGuide.service.TourGuideService       : Track Location for user internalUser1491
2022-10-02 23:12:34.176  INFO 75568 --- [    Test worker] tourGuide.service.TourGuideService       : Track Location for user internalUser1490
2022-10-02 23:12:34.176  INFO 75568 --- [    Test worker] tourGuide.service.TourGuideService       : Track Location for user internalUser1499
2022-10-02 23:12:34.176  INFO 75568 --- [    Test worker] tourGuide.service.TourGuideService       : Track Location for user internalUser1498
2022-10-02 23:12:34.176  INFO 75568 --- [    Test worker] tourGuide.service.TourGuideService       : Track Location for user internalUser1497
2022-10-02 23:12:34.176  INFO 75568 --- [    Test worker] tourGuide.service.TourGuideService       : Track Location for user internalUser1496
2022-10-02 23:12:34.176  INFO 75568 --- [    Test worker] tourGuide.service.TourGuideService       : Track Location for user internalUser3800
2022-10-02 23:12:34.176  INFO 75568 --- [pool-7-thread-1] tourGuide.service.TourGuideService       : Track Location for user internalUser2606
2022-10-02 23:12:34.176  INFO 75568 --- [    Test worker] tourGuide.service.TourGuideService       : Track Location for user internalUser3801
2022-10-02 23:12:34.176  INFO 75568 --- [pool-7-thread-1] tourGuide.service.TourGuideService       : Track Location for user internalUser2605
2022-10-02 23:12:34.176  INFO 75568 --- [    Test worker] tourGuide.service.TourGuideService       : Track Location for user internalUser3802
2022-10-02 23:12:34.176  INFO 75568 --- [pool-7-thread-1] tourGuide.service.TourGuideService       : Track Location for user internalUser2604
2022-10-02 23:12:34.176  INFO 75568 --- [    Test worker] tourGuide.service.TourGuideService       : Track Location for user internalUser6076
2022-10-02 23:12:34.176  INFO 75568 --- [pool-7-thread-1] tourGuide.service.TourGuideService       : Track Location for user internalUser3935
2022-10-02 23:12:34.176  INFO 75568 --- [    Test worker] tourGuide.service.TourGuideService       : Track Location for user internalUser6075
2022-10-02 23:12:34.176  INFO 75568 --- [pool-7-thread-1] tourGuide.service.TourGuideService       : Track Location for user internalUser3936
2022-10-02 23:12:34.176  INFO 75568 --- [    Test worker] tourGuide.service.TourGuideService       : Track Location for user internalUser6078
2022-10-02 23:12:34.176  INFO 75568 --- [pool-7-thread-1] tourGuide.service.TourGuideService       : Track Location for user internalUser3937
2022-10-02 23:12:34.176  INFO 75568 --- [    Test worker] tourGuide.service.TourGuideService       : Track Location for user internalUser6077
2022-10-02 23:12:34.176  INFO 75568 --- [pool-7-thread-1] tourGuide.service.TourGuideService       : Track Location for user internalUser3938
2022-10-02 23:12:34.176  INFO 75568 --- [    Test worker] tourGuide.service.TourGuideService       : Track Location for user internalUser6079
2022-10-02 23:12:34.176  INFO 75568 --- [pool-7-thread-1] tourGuide.service.TourGuideService       : Track Location for user internalUser3939
2022-10-02 23:12:34.176  INFO 75568 --- [pool-7-thread-1] tourGuide.service.TourGuideService       : Track Location for user internalUser3900
2022-10-02 23:12:34.176  INFO 75568 --- [    Test worker] tourGuide.service.TourGuideService       : Track Location for user internalUser6081
2022-10-02 23:12:34.176  INFO 75568 --- [pool-7-thread-1] tourGuide.service.TourGuideService       : Track Location for user internalUser3901
2022-10-02 23:12:34.176  INFO 75568 --- [    Test worker] tourGuide.service.TourGuideService       : Track Location for user internalUser6080
2022-10-02 23:12:34.176  INFO 75568 --- [pool-7-thread-1] tourGuide.service.TourGuideService       : Track Location for user internalUser6175
2022-10-02 23:12:34.176  INFO 75568 --- [    Test worker] tourGuide.service.TourGuideService       : Track Location for user internalUser6083
2022-10-02 23:12:34.176  INFO 75568 --- [    Test worker] tourGuide.service.TourGuideService       : Track Location for user internalUser6082
2022-10-02 23:12:34.176  INFO 75568 --- [pool-7-thread-1] tourGuide.service.TourGuideService       : Track Location for user internalUser6174
2022-10-02 23:12:34.176  INFO 75568 --- [    Test worker] tourGuide.service.TourGuideService       : Track Location for user internalUser6085
2022-10-02 23:12:34.176  INFO 75568 --- [pool-7-thread-1] tourGuide.service.TourGuideService       : Track Location for user internalUser6177
2022-10-02 23:12:34.176  INFO 75568 --- [    Test worker] tourGuide.service.TourGuideService       : Track Location for user internalUser6084
2022-10-02 23:12:34.176  INFO 75568 --- [pool-7-thread-1] tourGuide.service.TourGuideService       : Track Location for user internalUser6176
2022-10-02 23:12:34.176  INFO 75568 --- [    Test worker] tourGuide.service.TourGuideService       : Track Location for user internalUser3803
2022-10-02 23:12:34.176  INFO 75568 --- [pool-7-thread-1] tourGuide.service.TourGuideService       : Track Location for user internalUser6179
2022-10-02 23:12:34.176  INFO 75568 --- [    Test worker] tourGuide.service.TourGuideService       : Track Location for user internalUser3804
2022-10-02 23:12:34.176  INFO 75568 --- [pool-7-thread-1] tourGuide.service.TourGuideService       : Track Location for user internalUser6178
2022-10-02 23:12:34.176  INFO 75568 --- [    Test worker] tourGuide.service.TourGuideService       : Track Location for user internalUser3805
2022-10-02 23:12:34.176  INFO 75568 --- [pool-7-thread-1] tourGuide.service.TourGuideService       : Track Location for user internalUser6180
2022-10-02 23:12:34.176  INFO 75568 --- [    Test worker] tourGuide.service.TourGuideService       : Track Location for user internalUser3806
2022-10-02 23:12:34.176  INFO 75568 --- [pool-7-thread-1] tourGuide.service.TourGuideService       : Track Location for user internalUser6182
2022-10-02 23:12:34.176  INFO 75568 --- [    Test worker] tourGuide.service.TourGuideService       : Track Location for user internalUser3807
2022-10-02 23:12:34.176  INFO 75568 --- [pool-7-thread-1] tourGuide.service.TourGuideService       : Track Location for user internalUser6181
2022-10-02 23:12:34.176  INFO 75568 --- [    Test worker] tourGuide.service.TourGuideService       : Track Location for user internalUser3808
2022-10-02 23:12:34.176  INFO 75568 --- [pool-7-thread-1] tourGuide.service.TourGuideService       : Track Location for user internalUser6184
2022-10-02 23:12:34.176  INFO 75568 --- [    Test worker] tourGuide.service.TourGuideService       : Track Location for user internalUser3809
2022-10-02 23:12:34.176  INFO 75568 --- [pool-7-thread-1] tourGuide.service.TourGuideService       : Track Location for user internalUser6183
2022-10-02 23:12:34.176  INFO 75568 --- [    Test worker] tourGuide.service.TourGuideService       : Track Location for user internalUser3810
2022-10-02 23:12:34.176  INFO 75568 --- [pool-7-thread-1] tourGuide.service.TourGuideService       : Track Location for user internalUser3902
2022-10-02 23:12:34.176  INFO 75568 --- [    Test worker] tourGuide.service.TourGuideService       : Track Location for user internalUser3811
2022-10-02 23:12:34.176  INFO 75568 --- [pool-7-thread-1] tourGuide.service.TourGuideService       : Track Location for user internalUser3903
2022-10-02 23:12:34.176  INFO 75568 --- [    Test worker] tourGuide.service.TourGuideService       : Track Location for user internalUser3812
2022-10-02 23:12:34.176  INFO 75568 --- [pool-7-thread-1] tourGuide.service.TourGuideService       : Track Location for user internalUser3904
2022-10-02 23:12:34.176  INFO 75568 --- [    Test worker] tourGuide.service.TourGuideService       : Track Location for user internalUser3813
2022-10-02 23:12:34.176  INFO 75568 --- [pool-7-thread-1] tourGuide.service.TourGuideService       : Track Location for user internalUser3905
2022-10-02 23:12:34.176  INFO 75568 --- [pool-7-thread-1] tourGuide.service.TourGuideService       : Track Location for user internalUser3906
2022-10-02 23:12:34.176  INFO 75568 --- [    Test worker] tourGuide.service.TourGuideService       : Track Location for user internalUser6087
2022-10-02 23:12:34.176  INFO 75568 --- [pool-7-thread-1] tourGuide.service.TourGuideService       : Track Location for user internalUser3907
2022-10-02 23:12:34.176  INFO 75568 --- [    Test worker] tourGuide.service.TourGuideService       : Track Location for user internalUser6086
2022-10-02 23:12:34.176  INFO 75568 --- [pool-7-thread-1] tourGuide.service.TourGuideService       : Track Location for user internalUser3908
2022-10-02 23:12:34.176  INFO 75568 --- [    Test worker] tourGuide.service.TourGuideService       : Track Location for user internalUser6089
2022-10-02 23:12:34.176  INFO 75568 --- [pool-7-thread-1] tourGuide.service.TourGuideService       : Track Location for user internalUser3909
2022-10-02 23:12:34.176  INFO 75568 --- [    Test worker] tourGuide.service.TourGuideService       : Track Location for user internalUser6088
2022-10-02 23:12:34.176  INFO 75568 --- [pool-7-thread-1] tourGuide.service.TourGuideService       : Track Location for user internalUser3910
2022-10-02 23:12:34.176  INFO 75568 --- [    Test worker] tourGuide.service.TourGuideService       : Track Location for user internalUser6090
2022-10-02 23:12:34.176  INFO 75568 --- [pool-7-thread-1] tourGuide.service.TourGuideService       : Track Location for user internalUser3911
2022-10-02 23:12:34.176  INFO 75568 --- [    Test worker] tourGuide.service.TourGuideService       : Track Location for user internalUser6092
2022-10-02 23:12:34.176  INFO 75568 --- [pool-7-thread-1] tourGuide.service.TourGuideService       : Track Location for user internalUser3912
2022-10-02 23:12:34.176  INFO 75568 --- [    Test worker] tourGuide.service.TourGuideService       : Track Location for user internalUser6091
2022-10-02 23:12:34.176  INFO 75568 --- [pool-7-thread-1] tourGuide.service.TourGuideService       : Track Location for user internalUser6186
2022-10-02 23:12:34.176  INFO 75568 --- [    Test worker] tourGuide.service.TourGuideService       : Track Location for user internalUser6094
2022-10-02 23:12:34.176  INFO 75568 --- [pool-7-thread-1] tourGuide.service.TourGuideService       : Track Location for user internalUser6185
2022-10-02 23:12:34.176  INFO 75568 --- [    Test worker] tourGuide.service.TourGuideService       : Track Location for user internalUser6093
2022-10-02 23:12:34.176  INFO 75568 --- [pool-7-thread-1] tourGuide.service.TourGuideService       : Track Location for user internalUser6188
2022-10-02 23:12:34.176  INFO 75568 --- [    Test worker] tourGuide.service.TourGuideService       : Track Location for user internalUser6096
2022-10-02 23:12:34.176  INFO 75568 --- [pool-7-thread-1] tourGuide.service.TourGuideService       : Track Location for user internalUser6187
2022-10-02 23:12:34.176  INFO 75568 --- [    Test worker] tourGuide.service.TourGuideService       : Track Location for user internalUser6095
2022-10-02 23:12:34.176  INFO 75568 --- [pool-7-thread-1] tourGuide.service.TourGuideService       : Track Location for user internalUser6189
2022-10-02 23:12:34.176  INFO 75568 --- [    Test worker] tourGuide.service.TourGuideService       : Track Location for user internalUser3814
2022-10-02 23:12:34.176  INFO 75568 --- [pool-7-thread-1] tourGuide.service.TourGuideService       : Track Location for user internalUser6191
2022-10-02 23:12:34.176  INFO 75568 --- [    Test worker] tourGuide.service.TourGuideService       : Track Location for user internalUser3815
2022-10-02 23:12:34.176  INFO 75568 --- [pool-7-thread-1] tourGuide.service.TourGuideService       : Track Location for user internalUser6190
2022-10-02 23:12:34.176  INFO 75568 --- [    Test worker] tourGuide.service.TourGuideService       : Track Location for user internalUser3816
2022-10-02 23:12:34.176  INFO 75568 --- [pool-7-thread-1] tourGuide.service.TourGuideService       : Track Location for user internalUser6193
2022-10-02 23:12:34.176  INFO 75568 --- [    Test worker] tourGuide.service.TourGuideService       : Track Location for user internalUser3817
2022-10-02 23:12:34.176  INFO 75568 --- [pool-7-thread-1] tourGuide.service.TourGuideService       : Track Location for user internalUser6192
2022-10-02 23:12:34.176  INFO 75568 --- [    Test worker] tourGuide.service.TourGuideService       : Track Location for user internalUser3818
2022-10-02 23:12:34.176  INFO 75568 --- [pool-7-thread-1] tourGuide.service.TourGuideService       : Track Location for user internalUser6195
2022-10-02 23:12:34.176  INFO 75568 --- [    Test worker] tourGuide.service.TourGuideService       : Track Location for user internalUser3819
2022-10-02 23:12:34.176  INFO 75568 --- [pool-7-thread-1] tourGuide.service.TourGuideService       : Track Location for user internalUser6194
2022-10-02 23:12:34.176  INFO 75568 --- [    Test worker] tourGuide.service.TourGuideService       : Track Location for user internalUser6054
2022-10-02 23:12:34.176  INFO 75568 --- [pool-7-thread-1] tourGuide.service.TourGuideService       : Track Location for user internalUser3913
2022-10-02 23:12:34.176  INFO 75568 --- [    Test worker] tourGuide.service.TourGuideService       : Track Location for user internalUser7385
2022-10-02 23:12:34.176  INFO 75568 --- [pool-7-thread-1] tourGuide.service.TourGuideService       : Track Location for user internalUser3914
2022-10-02 23:12:34.176  INFO 75568 --- [    Test worker] tourGuide.service.TourGuideService       : Track Location for user internalUser6053
2022-10-02 23:12:34.176  INFO 75568 --- [pool-7-thread-1] tourGuide.service.TourGuideService       : Track Location for user internalUser3915
2022-10-02 23:12:34.176  INFO 75568 --- [    Test worker] tourGuide.service.TourGuideService       : Track Location for user internalUser7384
2022-10-02 23:12:34.176  INFO 75568 --- [pool-7-thread-1] tourGuide.service.TourGuideService       : Track Location for user internalUser3916
2022-10-02 23:12:34.176  INFO 75568 --- [    Test worker] tourGuide.service.TourGuideService       : Track Location for user internalUser6056
2022-10-02 23:12:34.176  INFO 75568 --- [pool-7-thread-1] tourGuide.service.TourGuideService       : Track Location for user internalUser3917
2022-10-02 23:12:34.176  INFO 75568 --- [    Test worker] tourGuide.service.TourGuideService       : Track Location for user internalUser7387
2022-10-02 23:12:34.176  INFO 75568 --- [pool-7-thread-1] tourGuide.service.TourGuideService       : Track Location for user internalUser3918
2022-10-02 23:12:34.176  INFO 75568 --- [    Test worker] tourGuide.service.TourGuideService       : Track Location for user internalUser6055
2022-10-02 23:12:34.176  INFO 75568 --- [pool-7-thread-1] tourGuide.service.TourGuideService       : Track Location for user internalUser3919
2022-10-02 23:12:34.176  INFO 75568 --- [    Test worker] tourGuide.service.TourGuideService       : Track Location for user internalUser7386
2022-10-02 23:12:34.176  INFO 75568 --- [pool-7-thread-1] tourGuide.service.TourGuideService       : Track Location for user internalUser3960
2022-10-02 23:12:34.176  INFO 75568 --- [    Test worker] tourGuide.service.TourGuideService       : Track Location for user internalUser6058
2022-10-02 23:12:34.176  INFO 75568 --- [pool-7-thread-1] tourGuide.service.TourGuideService       : Track Location for user internalUser3961
2022-10-02 23:12:34.176  INFO 75568 --- [    Test worker] tourGuide.service.TourGuideService       : Track Location for user internalUser7389
2022-10-02 23:12:34.176  INFO 75568 --- [pool-7-thread-1] tourGuide.service.TourGuideService       : Track Location for user internalUser3962
2022-10-02 23:12:34.176  INFO 75568 --- [    Test worker] tourGuide.service.TourGuideService       : Track Location for user internalUser6057
2022-10-02 23:12:34.176  INFO 75568 --- [pool-7-thread-1] tourGuide.service.TourGuideService       : Track Location for user internalUser3963
2022-10-02 23:12:34.176  INFO 75568 --- [    Test worker] tourGuide.service.TourGuideService       : Track Location for user internalUser7388
2022-10-02 23:12:34.176  INFO 75568 --- [pool-7-thread-1] tourGuide.service.TourGuideService       : Track Location for user internalUser3964
2022-10-02 23:12:34.176  INFO 75568 --- [    Test worker] tourGuide.service.TourGuideService       : Track Location for user internalUser6059
2022-10-02 23:12:34.176  INFO 75568 --- [pool-7-thread-1] tourGuide.service.TourGuideService       : Track Location for user internalUser3965
2022-10-02 23:12:34.176  INFO 75568 --- [pool-7-thread-1] tourGuide.service.TourGuideService       : Track Location for user internalUser3966
2022-10-02 23:12:34.176  INFO 75568 --- [    Test worker] tourGuide.service.TourGuideService       : Track Location for user internalUser7390
2022-10-02 23:12:34.176  INFO 75568 --- [pool-7-thread-1] tourGuide.service.TourGuideService       : Track Location for user internalUser3967
2022-10-02 23:12:34.176  INFO 75568 --- [    Test worker] tourGuide.service.TourGuideService       : Track Location for user internalUser6061
2022-10-02 23:12:34.176  INFO 75568 --- [pool-7-thread-1] tourGuide.service.TourGuideService       : Track Location for user internalUser1305
2022-10-02 23:12:34.176  INFO 75568 --- [    Test worker] tourGuide.service.TourGuideService       : Track Location for user internalUser7392
2022-10-02 23:12:34.176  INFO 75568 --- [pool-7-thread-1] tourGuide.service.TourGuideService       : Track Location for user internalUser2636
2022-10-02 23:12:34.176  INFO 75568 --- [pool-7-thread-1] tourGuide.service.TourGuideService       : Track Location for user internalUser1304
2022-10-02 23:12:34.176  INFO 75568 --- [pool-7-thread-1] tourGuide.service.TourGuideService       : Track Location for user internalUser2635
2022-10-02 23:12:34.176  INFO 75568 --- [pool-7-thread-1] tourGuide.service.TourGuideService       : Track Location for user internalUser1303
2022-10-02 23:12:34.176  INFO 75568 --- [    Test worker] tourGuide.service.TourGuideService       : Track Location for user internalUser6060
2022-10-02 23:12:34.176  INFO 75568 --- [pool-7-thread-1] tourGuide.service.TourGuideService       : Track Location for user internalUser2634
2022-10-02 23:12:34.177  INFO 75568 --- [    Test worker] tourGuide.service.TourGuideService       : Track Location for user internalUser7391
2022-10-02 23:12:34.177  INFO 75568 --- [pool-7-thread-1] tourGuide.service.TourGuideService       : Track Location for user internalUser1302
2022-10-02 23:12:34.177  INFO 75568 --- [    Test worker] tourGuide.service.TourGuideService       : Track Location for user internalUser6063
2022-10-02 23:12:34.177  INFO 75568 --- [pool-7-thread-1] tourGuide.service.TourGuideService       : Track Location for user internalUser2633
2022-10-02 23:12:34.177  INFO 75568 --- [    Test worker] tourGuide.service.TourGuideService       : Track Location for user internalUser7394
2022-10-02 23:12:34.177  INFO 75568 --- [pool-7-thread-1] tourGuide.service.TourGuideService       : Track Location for user internalUser1301
2022-10-02 23:12:34.177  INFO 75568 --- [    Test worker] tourGuide.service.TourGuideService       : Track Location for user internalUser6062
2022-10-02 23:12:34.177  INFO 75568 --- [pool-7-thread-1] tourGuide.service.TourGuideService       : Track Location for user internalUser2632
2022-10-02 23:12:34.177  INFO 75568 --- [    Test worker] tourGuide.service.TourGuideService       : Track Location for user internalUser7393
2022-10-02 23:12:34.177  INFO 75568 --- [pool-7-thread-1] tourGuide.service.TourGuideService       : Track Location for user internalUser1300
2022-10-02 23:12:34.177  INFO 75568 --- [    Test worker] tourGuide.service.TourGuideService       : Track Location for user internalUser6065
2022-10-02 23:12:34.177  INFO 75568 --- [pool-7-thread-1] tourGuide.service.TourGuideService       : Track Location for user internalUser2631
2022-10-02 23:12:34.177  INFO 75568 --- [    Test worker] tourGuide.service.TourGuideService       : Track Location for user internalUser7396
2022-10-02 23:12:34.177  INFO 75568 --- [    Test worker] tourGuide.service.TourGuideService       : Track Location for user internalUser6064
2022-10-02 23:12:34.177  INFO 75568 --- [pool-7-thread-1] tourGuide.service.TourGuideService       : Track Location for user internalUser2630
2022-10-02 23:12:34.177  INFO 75568 --- [    Test worker] tourGuide.service.TourGuideService       : Track Location for user internalUser7395
2022-10-02 23:12:34.177  INFO 75568 --- [pool-7-thread-1] tourGuide.service.TourGuideService       : Track Location for user internalUser1309
2022-10-02 23:12:34.177  INFO 75568 --- [    Test worker] tourGuide.service.TourGuideService       : Track Location for user internalUser6067
2022-10-02 23:12:34.177  INFO 75568 --- [pool-7-thread-1] tourGuide.service.TourGuideService       : Track Location for user internalUser1308
2022-10-02 23:12:34.177  INFO 75568 --- [    Test worker] tourGuide.service.TourGuideService       : Track Location for user internalUser7398
2022-10-02 23:12:34.177  INFO 75568 --- [pool-7-thread-1] tourGuide.service.TourGuideService       : Track Location for user internalUser2639
2022-10-02 23:12:34.177  INFO 75568 --- [    Test worker] tourGuide.service.TourGuideService       : Track Location for user internalUser6066
2022-10-02 23:12:34.177  INFO 75568 --- [pool-7-thread-1] tourGuide.service.TourGuideService       : Track Location for user internalUser1307
2022-10-02 23:12:34.177  INFO 75568 --- [    Test worker] tourGuide.service.TourGuideService       : Track Location for user internalUser7397
2022-10-02 23:12:34.177  INFO 75568 --- [pool-7-thread-1] tourGuide.service.TourGuideService       : Track Location for user internalUser2638
2022-10-02 23:12:34.177  INFO 75568 --- [    Test worker] tourGuide.service.TourGuideService       : Track Location for user internalUser6069
2022-10-02 23:12:34.177  INFO 75568 --- [pool-7-thread-1] tourGuide.service.TourGuideService       : Track Location for user internalUser1306
2022-10-02 23:12:34.177  INFO 75568 --- [    Test worker] tourGuide.service.TourGuideService       : Track Location for user internalUser6068
2022-10-02 23:12:34.177  INFO 75568 --- [pool-7-thread-1] tourGuide.service.TourGuideService       : Track Location for user internalUser2637
2022-10-02 23:12:34.177  INFO 75568 --- [    Test worker] tourGuide.service.TourGuideService       : Track Location for user internalUser7399
2022-10-02 23:12:34.177  INFO 75568 --- [pool-7-thread-1] tourGuide.service.TourGuideService       : Track Location for user internalUser3968
2022-10-02 23:12:34.177  INFO 75568 --- [    Test worker] tourGuide.service.TourGuideService       : Track Location for user internalUser6070
2022-10-02 23:12:34.177  INFO 75568 --- [pool-7-thread-1] tourGuide.service.TourGuideService       : Track Location for user internalUser3969
2022-10-02 23:12:34.177  INFO 75568 --- [    Test worker] tourGuide.service.TourGuideService       : Track Location for user internalUser6072
2022-10-02 23:12:34.177  INFO 75568 --- [pool-7-thread-1] tourGuide.service.TourGuideService       : Track Location for user internalUser3971
2022-10-02 23:12:34.177  INFO 75568 --- [pool-7-thread-1] tourGuide.service.TourGuideService       : Track Location for user internalUser3972
2022-10-02 23:12:34.177  INFO 75568 --- [pool-7-thread-1] tourGuide.service.TourGuideService       : Track Location for user internalUser3973
2022-10-02 23:12:34.177  INFO 75568 --- [pool-7-thread-1] tourGuide.service.TourGuideService       : Track Location for user internalUser3974
2022-10-02 23:12:34.177  INFO 75568 --- [    Test worker] tourGuide.service.TourGuideService       : Track Location for user internalUser6071
2022-10-02 23:12:34.177  INFO 75568 --- [pool-7-thread-1] tourGuide.service.TourGuideService       : Track Location for user internalUser3975
2022-10-02 23:12:34.177  INFO 75568 --- [    Test worker] tourGuide.service.TourGuideService       : Track Location for user internalUser6074
2022-10-02 23:12:34.177  INFO 75568 --- [    Test worker] tourGuide.service.TourGuideService       : Track Location for user internalUser6073
2022-10-02 23:12:34.177  INFO 75568 --- [    Test worker] tourGuide.service.TourGuideService       : Track Location for user internalUser3840
2022-10-02 23:12:34.177  INFO 75568 --- [    Test worker] tourGuide.service.TourGuideService       : Track Location for user internalUser3841
2022-10-02 23:12:34.177  INFO 75568 --- [    Test worker] tourGuide.service.TourGuideService       : Track Location for user internalUser3842
2022-10-02 23:12:34.177  INFO 75568 --- [    Test worker] tourGuide.service.TourGuideService       : Track Location for user internalUser3843
2022-10-02 23:12:34.177  INFO 75568 --- [    Test worker] tourGuide.service.TourGuideService       : Track Location for user internalUser3844
2022-10-02 23:12:34.177  INFO 75568 --- [    Test worker] tourGuide.service.TourGuideService       : Track Location for user internalUser3845
2022-10-02 23:12:34.177  INFO 75568 --- [    Test worker] tourGuide.service.TourGuideService       : Track Location for user internalUser3846
2022-10-02 23:12:34.177  INFO 75568 --- [    Test worker] tourGuide.service.TourGuideService       : Track Location for user internalUser2515
2022-10-02 23:12:34.177  INFO 75568 --- [    Test worker] tourGuide.service.TourGuideService       : Track Location for user internalUser2514
2022-10-02 23:12:34.177  INFO 75568 --- [    Test worker] tourGuide.service.TourGuideService       : Track Location for user internalUser2513
2022-10-02 23:12:34.177  INFO 75568 --- [    Test worker] tourGuide.service.TourGuideService       : Track Location for user internalUser2512
2022-10-02 23:12:34.177  INFO 75568 --- [    Test worker] tourGuide.service.TourGuideService       : Track Location for user internalUser2511
2022-10-02 23:12:34.177  INFO 75568 --- [    Test worker] tourGuide.service.TourGuideService       : Track Location for user internalUser2510
2022-10-02 23:12:34.177  INFO 75568 --- [    Test worker] tourGuide.service.TourGuideService       : Track Location for user internalUser2519
2022-10-02 23:12:34.177  INFO 75568 --- [    Test worker] tourGuide.service.TourGuideService       : Track Location for user internalUser2518
2022-10-02 23:12:34.177  INFO 75568 --- [    Test worker] tourGuide.service.TourGuideService       : Track Location for user internalUser2517
2022-10-02 23:12:34.177  INFO 75568 --- [    Test worker] tourGuide.service.TourGuideService       : Track Location for user internalUser2516
2022-10-02 23:12:34.177  INFO 75568 --- [    Test worker] tourGuide.service.TourGuideService       : Track Location for user internalUser3847
2022-10-02 23:12:34.177  INFO 75568 --- [    Test worker] tourGuide.service.TourGuideService       : Track Location for user internalUser3848
2022-10-02 23:12:34.177  INFO 75568 --- [    Test worker] tourGuide.service.TourGuideService       : Track Location for user internalUser3849
2022-10-02 23:12:34.177  INFO 75568 --- [    Test worker] tourGuide.service.TourGuideService       : Track Location for user internalUser3850
2022-10-02 23:12:34.177  INFO 75568 --- [    Test worker] tourGuide.service.TourGuideService       : Track Location for user internalUser3851
2022-10-02 23:12:34.177  INFO 75568 --- [    Test worker] tourGuide.service.TourGuideService       : Track Location for user internalUser3852
2022-10-02 23:12:34.177  INFO 75568 --- [    Test worker] tourGuide.service.TourGuideService       : Track Location for user internalUser3853
2022-10-02 23:12:34.177  INFO 75568 --- [    Test worker] tourGuide.service.TourGuideService       : Track Location for user internalUser3854
2022-10-02 23:12:34.177  INFO 75568 --- [    Test worker] tourGuide.service.TourGuideService       : Track Location for user internalUser3855
2022-10-02 23:12:34.177  INFO 75568 --- [pool-7-thread-1] tourGuide.service.TourGuideService       : Track Location for user internalUser3976
2022-10-02 23:12:34.177  INFO 75568 --- [    Test worker] tourGuide.service.TourGuideService       : Track Location for user internalUser3856
2022-10-02 23:12:34.177  INFO 75568 --- [pool-7-thread-1] tourGuide.service.TourGuideService       : Track Location for user internalUser3977
2022-10-02 23:12:34.177  INFO 75568 --- [    Test worker] tourGuide.service.TourGuideService       : Track Location for user internalUser3857
2022-10-02 23:12:34.177  INFO 75568 --- [pool-7-thread-1] tourGuide.service.TourGuideService       : Track Location for user internalUser3978
2022-10-02 23:12:34.177  INFO 75568 --- [    Test worker] tourGuide.service.TourGuideService       : Track Location for user internalUser2526
2022-10-02 23:12:34.177  INFO 75568 --- [pool-7-thread-1] tourGuide.service.TourGuideService       : Track Location for user internalUser1316
2022-10-02 23:12:34.177  INFO 75568 --- [    Test worker] tourGuide.service.TourGuideService       : Track Location for user internalUser2525
2022-10-02 23:12:34.177  INFO 75568 --- [pool-7-thread-1] tourGuide.service.TourGuideService       : Track Location for user internalUser2647
2022-10-02 23:12:34.177  INFO 75568 --- [    Test worker] tourGuide.service.TourGuideService       : Track Location for user internalUser2524
2022-10-02 23:12:34.177  INFO 75568 --- [pool-7-thread-1] tourGuide.service.TourGuideService       : Track Location for user internalUser1315
2022-10-02 23:12:34.177  INFO 75568 --- [    Test worker] tourGuide.service.TourGuideService       : Track Location for user internalUser2523
2022-10-02 23:12:34.177  INFO 75568 --- [pool-7-thread-1] tourGuide.service.TourGuideService       : Track Location for user internalUser2646
2022-10-02 23:12:34.177  INFO 75568 --- [    Test worker] tourGuide.service.TourGuideService       : Track Location for user internalUser2522
2022-10-02 23:12:34.177  INFO 75568 --- [pool-7-thread-1] tourGuide.service.TourGuideService       : Track Location for user internalUser1314
2022-10-02 23:12:34.177  INFO 75568 --- [    Test worker] tourGuide.service.TourGuideService       : Track Location for user internalUser2521
2022-10-02 23:12:34.177  INFO 75568 --- [pool-7-thread-1] tourGuide.service.TourGuideService       : Track Location for user internalUser2645
2022-10-02 23:12:34.177  INFO 75568 --- [    Test worker] tourGuide.service.TourGuideService       : Track Location for user internalUser2520
2022-10-02 23:12:34.177  INFO 75568 --- [pool-7-thread-1] tourGuide.service.TourGuideService       : Track Location for user internalUser1313
2022-10-02 23:12:34.177  INFO 75568 --- [    Test worker] tourGuide.service.TourGuideService       : Track Location for user internalUser2529
2022-10-02 23:12:34.177  INFO 75568 --- [pool-7-thread-1] tourGuide.service.TourGuideService       : Track Location for user internalUser2644
2022-10-02 23:12:34.177  INFO 75568 --- [    Test worker] tourGuide.service.TourGuideService       : Track Location for user internalUser2528
2022-10-02 23:12:34.177  INFO 75568 --- [pool-7-thread-1] tourGuide.service.TourGuideService       : Track Location for user internalUser1312
2022-10-02 23:12:34.177  INFO 75568 --- [    Test worker] tourGuide.service.TourGuideService       : Track Location for user internalUser2527
2022-10-02 23:12:34.177  INFO 75568 --- [pool-7-thread-1] tourGuide.service.TourGuideService       : Track Location for user internalUser2643
2022-10-02 23:12:34.177  INFO 75568 --- [    Test worker] tourGuide.service.TourGuideService       : Track Location for user internalUser3858
2022-10-02 23:12:34.177  INFO 75568 --- [pool-7-thread-1] tourGuide.service.TourGuideService       : Track Location for user internalUser1311
2022-10-02 23:12:34.177  INFO 75568 --- [    Test worker] tourGuide.service.TourGuideService       : Track Location for user internalUser3859
2022-10-02 23:12:34.177  INFO 75568 --- [pool-7-thread-1] tourGuide.service.TourGuideService       : Track Location for user internalUser2642
2022-10-02 23:12:34.177  INFO 75568 --- [    Test worker] tourGuide.service.TourGuideService       : Track Location for user internalUser3820
2022-10-02 23:12:34.177  INFO 75568 --- [pool-7-thread-1] tourGuide.service.TourGuideService       : Track Location for user internalUser1310
2022-10-02 23:12:34.177  INFO 75568 --- [    Test worker] tourGuide.service.TourGuideService       : Track Location for user internalUser3821
2022-10-02 23:12:34.177  INFO 75568 --- [pool-7-thread-1] tourGuide.service.TourGuideService       : Track Location for user internalUser2641
2022-10-02 23:12:34.177  INFO 75568 --- [pool-7-thread-1] tourGuide.service.TourGuideService       : Track Location for user internalUser2640
2022-10-02 23:12:34.177  INFO 75568 --- [pool-7-thread-1] tourGuide.service.TourGuideService       : Track Location for user internalUser3970
2022-10-02 23:12:34.177  INFO 75568 --- [pool-7-thread-1] tourGuide.service.TourGuideService       : Track Location for user internalUser1319
2022-10-02 23:12:34.177  INFO 75568 --- [    Test worker] tourGuide.service.TourGuideService       : Track Location for user internalUser3822
2022-10-02 23:12:34.177  INFO 75568 --- [pool-7-thread-1] tourGuide.service.TourGuideService       : Track Location for user internalUser1318
2022-10-02 23:12:34.177  INFO 75568 --- [    Test worker] tourGuide.service.TourGuideService       : Track Location for user internalUser3823
2022-10-02 23:12:34.177  INFO 75568 --- [pool-7-thread-1] tourGuide.service.TourGuideService       : Track Location for user internalUser2649
2022-10-02 23:12:34.177  INFO 75568 --- [    Test worker] tourGuide.service.TourGuideService       : Track Location for user internalUser3824
2022-10-02 23:12:34.177  INFO 75568 --- [pool-7-thread-1] tourGuide.service.TourGuideService       : Track Location for user internalUser1317
2022-10-02 23:12:34.177  INFO 75568 --- [    Test worker] tourGuide.service.TourGuideService       : Track Location for user internalUser6098
2022-10-02 23:12:34.177  INFO 75568 --- [pool-7-thread-1] tourGuide.service.TourGuideService       : Track Location for user internalUser2648
2022-10-02 23:12:34.177  INFO 75568 --- [    Test worker] tourGuide.service.TourGuideService       : Track Location for user internalUser6097
2022-10-02 23:12:34.177  INFO 75568 --- [pool-7-thread-1] tourGuide.service.TourGuideService       : Track Location for user internalUser3979
2022-10-02 23:12:34.177  INFO 75568 --- [    Test worker] tourGuide.service.TourGuideService       : Track Location for user internalUser6099
2022-10-02 23:12:34.177  INFO 75568 --- [pool-7-thread-1] tourGuide.service.TourGuideService       : Track Location for user internalUser3940
2022-10-02 23:12:34.177  INFO 75568 --- [    Test worker] tourGuide.service.TourGuideService       : Track Location for user internalUser3825
2022-10-02 23:12:34.177  INFO 75568 --- [pool-7-thread-1] tourGuide.service.TourGuideService       : Track Location for user internalUser3941
2022-10-02 23:12:34.177  INFO 75568 --- [    Test worker] tourGuide.service.TourGuideService       : Track Location for user internalUser3826
2022-10-02 23:12:34.177  INFO 75568 --- [pool-7-thread-1] tourGuide.service.TourGuideService       : Track Location for user internalUser3942
2022-10-02 23:12:34.177  INFO 75568 --- [pool-7-thread-1] tourGuide.service.TourGuideService       : Track Location for user internalUser3943
2022-10-02 23:12:34.177  INFO 75568 --- [    Test worker] tourGuide.service.TourGuideService       : Track Location for user internalUser3827
2022-10-02 23:12:34.177  INFO 75568 --- [pool-7-thread-1] tourGuide.service.TourGuideService       : Track Location for user internalUser3944
2022-10-02 23:12:34.177  INFO 75568 --- [    Test worker] tourGuide.service.TourGuideService       : Track Location for user internalUser3828
2022-10-02 23:12:34.177  INFO 75568 --- [pool-7-thread-1] tourGuide.service.TourGuideService       : Track Location for user internalUser3945
2022-10-02 23:12:34.177  INFO 75568 --- [    Test worker] tourGuide.service.TourGuideService       : Track Location for user internalUser3829
2022-10-02 23:12:34.177  INFO 75568 --- [pool-7-thread-1] tourGuide.service.TourGuideService       : Track Location for user internalUser2614
2022-10-02 23:12:34.177  INFO 75568 --- [    Test worker] tourGuide.service.TourGuideService       : Track Location for user internalUser3830
2022-10-02 23:12:34.177  INFO 75568 --- [pool-7-thread-1] tourGuide.service.TourGuideService       : Track Location for user internalUser2613
2022-10-02 23:12:34.177  INFO 75568 --- [    Test worker] tourGuide.service.TourGuideService       : Track Location for user internalUser3831
2022-10-02 23:12:34.177  INFO 75568 --- [pool-7-thread-1] tourGuide.service.TourGuideService       : Track Location for user internalUser2612
2022-10-02 23:12:34.177  INFO 75568 --- [    Test worker] tourGuide.service.TourGuideService       : Track Location for user internalUser3832
2022-10-02 23:12:34.177  INFO 75568 --- [pool-7-thread-1] tourGuide.service.TourGuideService       : Track Location for user internalUser2611
2022-10-02 23:12:34.177  INFO 75568 --- [    Test worker] tourGuide.service.TourGuideService       : Track Location for user internalUser3833
2022-10-02 23:12:34.177  INFO 75568 --- [pool-7-thread-1] tourGuide.service.TourGuideService       : Track Location for user internalUser2610
2022-10-02 23:12:34.177  INFO 75568 --- [    Test worker] tourGuide.service.TourGuideService       : Track Location for user internalUser3834
2022-10-02 23:12:34.177  INFO 75568 --- [pool-7-thread-1] tourGuide.service.TourGuideService       : Track Location for user internalUser2619
2022-10-02 23:12:34.177  INFO 75568 --- [    Test worker] tourGuide.service.TourGuideService       : Track Location for user internalUser3835
2022-10-02 23:12:34.177  INFO 75568 --- [pool-7-thread-1] tourGuide.service.TourGuideService       : Track Location for user internalUser2618
2022-10-02 23:12:34.177  INFO 75568 --- [    Test worker] tourGuide.service.TourGuideService       : Track Location for user internalUser2504
2022-10-02 23:12:34.177  INFO 75568 --- [pool-7-thread-1] tourGuide.service.TourGuideService       : Track Location for user internalUser2617
2022-10-02 23:12:34.177  INFO 75568 --- [    Test worker] tourGuide.service.TourGuideService       : Track Location for user internalUser2503
2022-10-02 23:12:34.177  INFO 75568 --- [    Test worker] tourGuide.service.TourGuideService       : Track Location for user internalUser2502
2022-10-02 23:12:34.177  INFO 75568 --- [pool-7-thread-1] tourGuide.service.TourGuideService       : Track Location for user internalUser2616
2022-10-02 23:12:34.177  INFO 75568 --- [    Test worker] tourGuide.service.TourGuideService       : Track Location for user internalUser2501
2022-10-02 23:12:34.177  INFO 75568 --- [pool-7-thread-1] tourGuide.service.TourGuideService       : Track Location for user internalUser2615
2022-10-02 23:12:34.177  INFO 75568 --- [    Test worker] tourGuide.service.TourGuideService       : Track Location for user internalUser2500
2022-10-02 23:12:34.177  INFO 75568 --- [pool-7-thread-1] tourGuide.service.TourGuideService       : Track Location for user internalUser3946
2022-10-02 23:12:34.177  INFO 75568 --- [    Test worker] tourGuide.service.TourGuideService       : Track Location for user internalUser2509
2022-10-02 23:12:34.177  INFO 75568 --- [pool-7-thread-1] tourGuide.service.TourGuideService       : Track Location for user internalUser3947
2022-10-02 23:12:34.177  INFO 75568 --- [    Test worker] tourGuide.service.TourGuideService       : Track Location for user internalUser2508
2022-10-02 23:12:34.177  INFO 75568 --- [pool-7-thread-1] tourGuide.service.TourGuideService       : Track Location for user internalUser3948
2022-10-02 23:12:34.177  INFO 75568 --- [    Test worker] tourGuide.service.TourGuideService       : Track Location for user internalUser2507
2022-10-02 23:12:34.177  INFO 75568 --- [pool-7-thread-1] tourGuide.service.TourGuideService       : Track Location for user internalUser3949
2022-10-02 23:12:34.177  INFO 75568 --- [    Test worker] tourGuide.service.TourGuideService       : Track Location for user internalUser2506
2022-10-02 23:12:34.177  INFO 75568 --- [pool-7-thread-1] tourGuide.service.TourGuideService       : Track Location for user internalUser3950
2022-10-02 23:12:34.177  INFO 75568 --- [    Test worker] tourGuide.service.TourGuideService       : Track Location for user internalUser2505
2022-10-02 23:12:34.177  INFO 75568 --- [pool-7-thread-1] tourGuide.service.TourGuideService       : Track Location for user internalUser3951
2022-10-02 23:12:34.177  INFO 75568 --- [    Test worker] tourGuide.service.TourGuideService       : Track Location for user internalUser3836
2022-10-02 23:12:34.177  INFO 75568 --- [pool-7-thread-1] tourGuide.service.TourGuideService       : Track Location for user internalUser3952
2022-10-02 23:12:34.177  INFO 75568 --- [    Test worker] tourGuide.service.TourGuideService       : Track Location for user internalUser3837
2022-10-02 23:12:34.177  INFO 75568 --- [pool-7-thread-1] tourGuide.service.TourGuideService       : Track Location for user internalUser3953
2022-10-02 23:12:34.177  INFO 75568 --- [    Test worker] tourGuide.service.TourGuideService       : Track Location for user internalUser3838
2022-10-02 23:12:34.177  INFO 75568 --- [pool-7-thread-1] tourGuide.service.TourGuideService       : Track Location for user internalUser3954
2022-10-02 23:12:34.177  INFO 75568 --- [    Test worker] tourGuide.service.TourGuideService       : Track Location for user internalUser3839
2022-10-02 23:12:34.178  INFO 75568 --- [pool-7-thread-1] tourGuide.service.TourGuideService       : Track Location for user internalUser3955
2022-10-02 23:12:34.178  INFO 75568 --- [    Test worker] tourGuide.service.TourGuideService       : Track Location for user internalUser7327
2022-10-02 23:12:34.178  INFO 75568 --- [pool-7-thread-1] tourGuide.service.TourGuideService       : Track Location for user internalUser3956
2022-10-02 23:12:34.178  INFO 75568 --- [    Test worker] tourGuide.service.TourGuideService       : Track Location for user internalUser8659
2022-10-02 23:12:34.178  INFO 75568 --- [pool-7-thread-1] tourGuide.service.TourGuideService       : Track Location for user internalUser2625
2022-10-02 23:12:34.178  INFO 75568 --- [    Test worker] tourGuide.service.TourGuideService       : Track Location for user internalUser7326
2022-10-02 23:12:34.178  INFO 75568 --- [pool-7-thread-1] tourGuide.service.TourGuideService       : Track Location for user internalUser2624
2022-10-02 23:12:34.178  INFO 75568 --- [    Test worker] tourGuide.service.TourGuideService       : Track Location for user internalUser7329
2022-10-02 23:12:34.178  INFO 75568 --- [pool-7-thread-1] tourGuide.service.TourGuideService       : Track Location for user internalUser2623
2022-10-02 23:12:34.178  INFO 75568 --- [    Test worker] tourGuide.service.TourGuideService       : Track Location for user internalUser8657
2022-10-02 23:12:34.178  INFO 75568 --- [pool-7-thread-1] tourGuide.service.TourGuideService       : Track Location for user internalUser2622
2022-10-02 23:12:34.178  INFO 75568 --- [    Test worker] tourGuide.service.TourGuideService       : Track Location for user internalUser9988
2022-10-02 23:12:34.178  INFO 75568 --- [pool-7-thread-1] tourGuide.service.TourGuideService       : Track Location for user internalUser2621
2022-10-02 23:12:34.178  INFO 75568 --- [    Test worker] tourGuide.service.TourGuideService       : Track Location for user internalUser7328
2022-10-02 23:12:34.178  INFO 75568 --- [pool-7-thread-1] tourGuide.service.TourGuideService       : Track Location for user internalUser2620
2022-10-02 23:12:34.178  INFO 75568 --- [    Test worker] tourGuide.service.TourGuideService       : Track Location for user internalUser8658
2022-10-02 23:12:34.178  INFO 75568 --- [pool-7-thread-1] tourGuide.service.TourGuideService       : Track Location for user internalUser2629
2022-10-02 23:12:34.178  INFO 75568 --- [    Test worker] tourGuide.service.TourGuideService       : Track Location for user internalUser9989
2022-10-02 23:12:34.178  INFO 75568 --- [pool-7-thread-1] tourGuide.service.TourGuideService       : Track Location for user internalUser2628
2022-10-02 23:12:34.178  INFO 75568 --- [    Test worker] tourGuide.service.TourGuideService       : Track Location for user internalUser8651
2022-10-02 23:12:34.178  INFO 75568 --- [pool-7-thread-1] tourGuide.service.TourGuideService       : Track Location for user internalUser2627
2022-10-02 23:12:34.178  INFO 75568 --- [    Test worker] tourGuide.service.TourGuideService       : Track Location for user internalUser9982
2022-10-02 23:12:34.178  INFO 75568 --- [pool-7-thread-1] tourGuide.service.TourGuideService       : Track Location for user internalUser2626
2022-10-02 23:12:34.178  INFO 75568 --- [    Test worker] tourGuide.service.TourGuideService       : Track Location for user internalUser8652
2022-10-02 23:12:34.178  INFO 75568 --- [pool-7-thread-1] tourGuide.service.TourGuideService       : Track Location for user internalUser3957
2022-10-02 23:12:34.178  INFO 75568 --- [    Test worker] tourGuide.service.TourGuideService       : Track Location for user internalUser9983
2022-10-02 23:12:34.178  INFO 75568 --- [pool-7-thread-1] tourGuide.service.TourGuideService       : Track Location for user internalUser3958
2022-10-02 23:12:34.178  INFO 75568 --- [    Test worker] tourGuide.service.TourGuideService       : Track Location for user internalUser7321
2022-10-02 23:12:34.178  INFO 75568 --- [pool-7-thread-1] tourGuide.service.TourGuideService       : Track Location for user internalUser3959
2022-10-02 23:12:34.178  INFO 75568 --- [    Test worker] tourGuide.service.TourGuideService       : Track Location for user internalUser9980
2022-10-02 23:12:34.178  INFO 75568 --- [pool-7-thread-1] tourGuide.service.TourGuideService       : Track Location for user internalUser6117
2022-10-02 23:12:34.178  INFO 75568 --- [    Test worker] tourGuide.service.TourGuideService       : Track Location for user internalUser7320
2022-10-02 23:12:34.178  INFO 75568 --- [pool-7-thread-1] tourGuide.service.TourGuideService       : Track Location for user internalUser7448
2022-10-02 23:12:34.178  INFO 75568 --- [    Test worker] tourGuide.service.TourGuideService       : Track Location for user internalUser8650
2022-10-02 23:12:34.178  INFO 75568 --- [pool-7-thread-1] tourGuide.service.TourGuideService       : Track Location for user internalUser6116
2022-10-02 23:12:34.178  INFO 75568 --- [    Test worker] tourGuide.service.TourGuideService       : Track Location for user internalUser9981
2022-10-02 23:12:34.178  INFO 75568 --- [    Test worker] tourGuide.service.TourGuideService       : Track Location for user internalUser7323
2022-10-02 23:12:34.178  INFO 75568 --- [    Test worker] tourGuide.service.TourGuideService       : Track Location for user internalUser8655
2022-10-02 23:12:34.178  INFO 75568 --- [pool-7-thread-1] tourGuide.service.TourGuideService       : Track Location for user internalUser7447
2022-10-02 23:12:34.178  INFO 75568 --- [    Test worker] tourGuide.service.TourGuideService       : Track Location for user internalUser9986
2022-10-02 23:12:34.178  INFO 75568 --- [    Test worker] tourGuide.service.TourGuideService       : Track Location for user internalUser7322
2022-10-02 23:12:34.178  INFO 75568 --- [    Test worker] tourGuide.service.TourGuideService       : Track Location for user internalUser8656
2022-10-02 23:12:34.178  INFO 75568 --- [pool-7-thread-1] tourGuide.service.TourGuideService       : Track Location for user internalUser6119
2022-10-02 23:12:34.178  INFO 75568 --- [    Test worker] tourGuide.service.TourGuideService       : Track Location for user internalUser9987
2022-10-02 23:12:34.178  INFO 75568 --- [pool-7-thread-1] tourGuide.service.TourGuideService       : Track Location for user internalUser8778
2022-10-02 23:12:34.178  INFO 75568 --- [    Test worker] tourGuide.service.TourGuideService       : Track Location for user internalUser7325
2022-10-02 23:12:34.178  INFO 75568 --- [pool-7-thread-1] tourGuide.service.TourGuideService       : Track Location for user internalUser6118
2022-10-02 23:12:34.178  INFO 75568 --- [    Test worker] tourGuide.service.TourGuideService       : Track Location for user internalUser8653
2022-10-02 23:12:34.178  INFO 75568 --- [pool-7-thread-1] tourGuide.service.TourGuideService       : Track Location for user internalUser7449
2022-10-02 23:12:34.178  INFO 75568 --- [    Test worker] tourGuide.service.TourGuideService       : Track Location for user internalUser9984
2022-10-02 23:12:34.178  INFO 75568 --- [pool-7-thread-1] tourGuide.service.TourGuideService       : Track Location for user internalUser8779
2022-10-02 23:12:34.178  INFO 75568 --- [    Test worker] tourGuide.service.TourGuideService       : Track Location for user internalUser7324
2022-10-02 23:12:34.178  INFO 75568 --- [pool-7-thread-1] tourGuide.service.TourGuideService       : Track Location for user internalUser7440
2022-10-02 23:12:34.178  INFO 75568 --- [    Test worker] tourGuide.service.TourGuideService       : Track Location for user internalUser8654
2022-10-02 23:12:34.178  INFO 75568 --- [    Test worker] tourGuide.service.TourGuideService       : Track Location for user internalUser9985
2022-10-02 23:12:34.178  INFO 75568 --- [    Test worker] tourGuide.service.TourGuideService       : Track Location for user internalUser9990
2022-10-02 23:12:34.178  INFO 75568 --- [pool-7-thread-1] tourGuide.service.TourGuideService       : Track Location for user internalUser8772
2022-10-02 23:12:34.178  INFO 75568 --- [    Test worker] tourGuide.service.TourGuideService       : Track Location for user internalUser6007
2022-10-02 23:12:34.178  INFO 75568 --- [pool-7-thread-1] tourGuide.service.TourGuideService       : Track Location for user internalUser8773
2022-10-02 23:12:34.178  INFO 75568 --- [    Test worker] tourGuide.service.TourGuideService       : Track Location for user internalUser7338
2022-10-02 23:12:34.178  INFO 75568 --- [pool-7-thread-1] tourGuide.service.TourGuideService       : Track Location for user internalUser6111
2022-10-02 23:12:34.178  INFO 75568 --- [    Test worker] tourGuide.service.TourGuideService       : Track Location for user internalUser6006
2022-10-02 23:12:34.178  INFO 75568 --- [pool-7-thread-1] tourGuide.service.TourGuideService       : Track Location for user internalUser7442
2022-10-02 23:12:34.178  INFO 75568 --- [    Test worker] tourGuide.service.TourGuideService       : Track Location for user internalUser7337
2022-10-02 23:12:34.178  INFO 75568 --- [pool-7-thread-1] tourGuide.service.TourGuideService       : Track Location for user internalUser8770
2022-10-02 23:12:34.178  INFO 75568 --- [    Test worker] tourGuide.service.TourGuideService       : Track Location for user internalUser6009
2022-10-02 23:12:34.178  INFO 75568 --- [    Test worker] tourGuide.service.TourGuideService       : Track Location for user internalUser8668
2022-10-02 23:12:34.178  INFO 75568 --- [    Test worker] tourGuide.service.TourGuideService       : Track Location for user internalUser9999
2022-10-02 23:12:34.178  INFO 75568 --- [    Test worker] tourGuide.service.TourGuideService       : Track Location for user internalUser6008
2022-10-02 23:12:34.178  INFO 75568 --- [    Test worker] tourGuide.service.TourGuideService       : Track Location for user internalUser7339
2022-10-02 23:12:34.178  INFO 75568 --- [    Test worker] tourGuide.service.TourGuideService       : Track Location for user internalUser8669
2022-10-02 23:12:34.178  INFO 75568 --- [pool-7-thread-1] tourGuide.service.TourGuideService       : Track Location for user internalUser6110
2022-10-02 23:12:34.178  INFO 75568 --- [    Test worker] tourGuide.service.TourGuideService       : Track Location for user internalUser7330
2022-10-02 23:12:34.178  INFO 75568 --- [pool-7-thread-1] tourGuide.service.TourGuideService       : Track Location for user internalUser7441
2022-10-02 23:12:34.178  INFO 75568 --- [    Test worker] tourGuide.service.TourGuideService       : Track Location for user internalUser8662
2022-10-02 23:12:34.178  INFO 75568 --- [pool-7-thread-1] tourGuide.service.TourGuideService       : Track Location for user internalUser8771
2022-10-02 23:12:34.178  INFO 75568 --- [    Test worker] tourGuide.service.TourGuideService       : Track Location for user internalUser9993
2022-10-02 23:12:34.178  INFO 75568 --- [pool-7-thread-1] tourGuide.service.TourGuideService       : Track Location for user internalUser6113
2022-10-02 23:12:34.178  INFO 75568 --- [    Test worker] tourGuide.service.TourGuideService       : Track Location for user internalUser8663
2022-10-02 23:12:34.178  INFO 75568 --- [pool-7-thread-1] tourGuide.service.TourGuideService       : Track Location for user internalUser7444
2022-10-02 23:12:34.178  INFO 75568 --- [    Test worker] tourGuide.service.TourGuideService       : Track Location for user internalUser9994
2022-10-02 23:12:34.178  INFO 75568 --- [pool-7-thread-1] tourGuide.service.TourGuideService       : Track Location for user internalUser8776
2022-10-02 23:12:34.178  INFO 75568 --- [pool-7-thread-1] tourGuide.service.TourGuideService       : Track Location for user internalUser6112
2022-10-02 23:12:34.178  INFO 75568 --- [    Test worker] tourGuide.service.TourGuideService       : Track Location for user internalUser6001
2022-10-02 23:12:34.178  INFO 75568 --- [pool-7-thread-1] tourGuide.service.TourGuideService       : Track Location for user internalUser7443
2022-10-02 23:12:34.178  INFO 75568 --- [    Test worker] tourGuide.service.TourGuideService       : Track Location for user internalUser7332
2022-10-02 23:12:34.178  INFO 75568 --- [pool-7-thread-1] tourGuide.service.TourGuideService       : Track Location for user internalUser8777
2022-10-02 23:12:34.178  INFO 75568 --- [    Test worker] tourGuide.service.TourGuideService       : Track Location for user internalUser8660
2022-10-02 23:12:34.178  INFO 75568 --- [pool-7-thread-1] tourGuide.service.TourGuideService       : Track Location for user internalUser6115
2022-10-02 23:12:34.178  INFO 75568 --- [    Test worker] tourGuide.service.TourGuideService       : Track Location for user internalUser9991
2022-10-02 23:12:34.178  INFO 75568 --- [pool-7-thread-1] tourGuide.service.TourGuideService       : Track Location for user internalUser7446
2022-10-02 23:12:34.178  INFO 75568 --- [pool-7-thread-1] tourGuide.service.TourGuideService       : Track Location for user internalUser8774
2022-10-02 23:12:34.178  INFO 75568 --- [pool-7-thread-1] tourGuide.service.TourGuideService       : Track Location for user internalUser6114
2022-10-02 23:12:34.178  INFO 75568 --- [pool-7-thread-1] tourGuide.service.TourGuideService       : Track Location for user internalUser7445
2022-10-02 23:12:34.178  INFO 75568 --- [    Test worker] tourGuide.service.TourGuideService       : Track Location for user internalUser6000
2022-10-02 23:12:34.178  INFO 75568 --- [pool-7-thread-1] tourGuide.service.TourGuideService       : Track Location for user internalUser8775
2022-10-02 23:12:34.178  INFO 75568 --- [    Test worker] tourGuide.service.TourGuideService       : Track Location for user internalUser7331
2022-10-02 23:12:34.178  INFO 75568 --- [pool-7-thread-1] tourGuide.service.TourGuideService       : Track Location for user internalUser8780
2022-10-02 23:12:34.178  INFO 75568 --- [    Test worker] tourGuide.service.TourGuideService       : Track Location for user internalUser8661
2022-10-02 23:12:34.178  INFO 75568 --- [pool-7-thread-1] tourGuide.service.TourGuideService       : Track Location for user internalUser6128
2022-10-02 23:12:34.178  INFO 75568 --- [    Test worker] tourGuide.service.TourGuideService       : Track Location for user internalUser9992
2022-10-02 23:12:34.178  INFO 75568 --- [pool-7-thread-1] tourGuide.service.TourGuideService       : Track Location for user internalUser7459
2022-10-02 23:12:34.178  INFO 75568 --- [    Test worker] tourGuide.service.TourGuideService       : Track Location for user internalUser6003
2022-10-02 23:12:34.178  INFO 75568 --- [pool-7-thread-1] tourGuide.service.TourGuideService       : Track Location for user internalUser6127
2022-10-02 23:12:34.178  INFO 75568 --- [    Test worker] tourGuide.service.TourGuideService       : Track Location for user internalUser7334
2022-10-02 23:12:34.178  INFO 75568 --- [pool-7-thread-1] tourGuide.service.TourGuideService       : Track Location for user internalUser7458
2022-10-02 23:12:34.178  INFO 75568 --- [    Test worker] tourGuide.service.TourGuideService       : Track Location for user internalUser8666
2022-10-02 23:12:34.178  INFO 75568 --- [pool-7-thread-1] tourGuide.service.TourGuideService       : Track Location for user internalUser8789
2022-10-02 23:12:34.178  INFO 75568 --- [pool-7-thread-1] tourGuide.service.TourGuideService       : Track Location for user internalUser6129
2022-10-02 23:12:34.178  INFO 75568 --- [    Test worker] tourGuide.service.TourGuideService       : Track Location for user internalUser9997
2022-10-02 23:12:34.178  INFO 75568 --- [pool-7-thread-1] tourGuide.service.TourGuideService       : Track Location for user internalUser6120
2022-10-02 23:12:34.178  INFO 75568 --- [    Test worker] tourGuide.service.TourGuideService       : Track Location for user internalUser6002
2022-10-02 23:12:34.178  INFO 75568 --- [pool-7-thread-1] tourGuide.service.TourGuideService       : Track Location for user internalUser7451
2022-10-02 23:12:34.178  INFO 75568 --- [    Test worker] tourGuide.service.TourGuideService       : Track Location for user internalUser7333
2022-10-02 23:12:34.178  INFO 75568 --- [pool-7-thread-1] tourGuide.service.TourGuideService       : Track Location for user internalUser8783
2022-10-02 23:12:34.178  INFO 75568 --- [    Test worker] tourGuide.service.TourGuideService       : Track Location for user internalUser8667
2022-10-02 23:12:34.178  INFO 75568 --- [pool-7-thread-1] tourGuide.service.TourGuideService       : Track Location for user internalUser7450
2022-10-02 23:12:34.178  INFO 75568 --- [    Test worker] tourGuide.service.TourGuideService       : Track Location for user internalUser9998
2022-10-02 23:12:34.178  INFO 75568 --- [pool-7-thread-1] tourGuide.service.TourGuideService       : Track Location for user internalUser8784
2022-10-02 23:12:34.178  INFO 75568 --- [    Test worker] tourGuide.service.TourGuideService       : Track Location for user internalUser6005
2022-10-02 23:12:34.178  INFO 75568 --- [pool-7-thread-1] tourGuide.service.TourGuideService       : Track Location for user internalUser6122
2022-10-02 23:12:34.178  INFO 75568 --- [    Test worker] tourGuide.service.TourGuideService       : Track Location for user internalUser7336
2022-10-02 23:12:34.178  INFO 75568 --- [pool-7-thread-1] tourGuide.service.TourGuideService       : Track Location for user internalUser7453
2022-10-02 23:12:34.178  INFO 75568 --- [    Test worker] tourGuide.service.TourGuideService       : Track Location for user internalUser8664
2022-10-02 23:12:34.178  INFO 75568 --- [pool-7-thread-1] tourGuide.service.TourGuideService       : Track Location for user internalUser8781
2022-10-02 23:12:34.178  INFO 75568 --- [    Test worker] tourGuide.service.TourGuideService       : Track Location for user internalUser9995
2022-10-02 23:12:34.178  INFO 75568 --- [pool-7-thread-1] tourGuide.service.TourGuideService       : Track Location for user internalUser6121
2022-10-02 23:12:34.178  INFO 75568 --- [    Test worker] tourGuide.service.TourGuideService       : Track Location for user internalUser6004
2022-10-02 23:12:34.178  INFO 75568 --- [    Test worker] tourGuide.service.TourGuideService       : Track Location for user internalUser7335
2022-10-02 23:12:34.178  INFO 75568 --- [pool-7-thread-1] tourGuide.service.TourGuideService       : Track Location for user internalUser7452
2022-10-02 23:12:34.178  INFO 75568 --- [    Test worker] tourGuide.service.TourGuideService       : Track Location for user internalUser8665
2022-10-02 23:12:34.178  INFO 75568 --- [pool-7-thread-1] tourGuide.service.TourGuideService       : Track Location for user internalUser8782
2022-10-02 23:12:34.178  INFO 75568 --- [    Test worker] tourGuide.service.TourGuideService       : Track Location for user internalUser9996
2022-10-02 23:12:34.178  INFO 75568 --- [pool-7-thread-1] tourGuide.service.TourGuideService       : Track Location for user internalUser6124
2022-10-02 23:12:34.178  INFO 75568 --- [    Test worker] tourGuide.service.TourGuideService       : Track Location for user internalUser8670
2022-10-02 23:12:34.178  INFO 75568 --- [pool-7-thread-1] tourGuide.service.TourGuideService       : Track Location for user internalUser7455
2022-10-02 23:12:34.178  INFO 75568 --- [    Test worker] tourGuide.service.TourGuideService       : Track Location for user internalUser7305
2022-10-02 23:12:34.178  INFO 75568 --- [pool-7-thread-1] tourGuide.service.TourGuideService       : Track Location for user internalUser8787
2022-10-02 23:12:34.178  INFO 75568 --- [    Test worker] tourGuide.service.TourGuideService       : Track Location for user internalUser8637
2022-10-02 23:12:34.178  INFO 75568 --- [    Test worker] tourGuide.service.TourGuideService       : Track Location for user internalUser9968
2022-10-02 23:12:34.178  INFO 75568 --- [pool-7-thread-1] tourGuide.service.TourGuideService       : Track Location for user internalUser6123
2022-10-02 23:12:34.178  INFO 75568 --- [    Test worker] tourGuide.service.TourGuideService       : Track Location for user internalUser7304
2022-10-02 23:12:34.178  INFO 75568 --- [pool-7-thread-1] tourGuide.service.TourGuideService       : Track Location for user internalUser7454
2022-10-02 23:12:34.178  INFO 75568 --- [    Test worker] tourGuide.service.TourGuideService       : Track Location for user internalUser8638
2022-10-02 23:12:34.178  INFO 75568 --- [pool-7-thread-1] tourGuide.service.TourGuideService       : Track Location for user internalUser8788
2022-10-02 23:12:34.178  INFO 75568 --- [    Test worker] tourGuide.service.TourGuideService       : Track Location for user internalUser9969
2022-10-02 23:12:34.178  INFO 75568 --- [pool-7-thread-1] tourGuide.service.TourGuideService       : Track Location for user internalUser6126
2022-10-02 23:12:34.178  INFO 75568 --- [    Test worker] tourGuide.service.TourGuideService       : Track Location for user internalUser7307
2022-10-02 23:12:34.178  INFO 75568 --- [pool-7-thread-1] tourGuide.service.TourGuideService       : Track Location for user internalUser7457
2022-10-02 23:12:34.178  INFO 75568 --- [    Test worker] tourGuide.service.TourGuideService       : Track Location for user internalUser8635
2022-10-02 23:12:34.178  INFO 75568 --- [pool-7-thread-1] tourGuide.service.TourGuideService       : Track Location for user internalUser8785
2022-10-02 23:12:34.178  INFO 75568 --- [    Test worker] tourGuide.service.TourGuideService       : Track Location for user internalUser9966
2022-10-02 23:12:34.179  INFO 75568 --- [    Test worker] tourGuide.service.TourGuideService       : Track Location for user internalUser7306
2022-10-02 23:12:34.179  INFO 75568 --- [pool-7-thread-1] tourGuide.service.TourGuideService       : Track Location for user internalUser6125
2022-10-02 23:12:34.179  INFO 75568 --- [    Test worker] tourGuide.service.TourGuideService       : Track Location for user internalUser8636
2022-10-02 23:12:34.179  INFO 75568 --- [pool-7-thread-1] tourGuide.service.TourGuideService       : Track Location for user internalUser7456
2022-10-02 23:12:34.179  INFO 75568 --- [    Test worker] tourGuide.service.TourGuideService       : Track Location for user internalUser9967
2022-10-02 23:12:34.179  INFO 75568 --- [pool-7-thread-1] tourGuide.service.TourGuideService       : Track Location for user internalUser8786
2022-10-02 23:12:34.179  INFO 75568 --- [    Test worker] tourGuide.service.TourGuideService       : Track Location for user internalUser7309
2022-10-02 23:12:34.179  INFO 75568 --- [pool-7-thread-1] tourGuide.service.TourGuideService       : Track Location for user internalUser8790
2022-10-02 23:12:34.179  INFO 75568 --- [    Test worker] tourGuide.service.TourGuideService       : Track Location for user internalUser7308
2022-10-02 23:12:34.179  INFO 75568 --- [pool-7-thread-1] tourGuide.service.TourGuideService       : Track Location for user internalUser8791
2022-10-02 23:12:34.179  INFO 75568 --- [    Test worker] tourGuide.service.TourGuideService       : Track Location for user internalUser8639
2022-10-02 23:12:34.179  INFO 75568 --- [pool-7-thread-1] tourGuide.service.TourGuideService       : Track Location for user internalUser7460
2022-10-02 23:12:34.179  INFO 75568 --- [    Test worker] tourGuide.service.TourGuideService       : Track Location for user internalUser9960
2022-10-02 23:12:34.179  INFO 75568 --- [pool-7-thread-1] tourGuide.service.TourGuideService       : Track Location for user internalUser7426
2022-10-02 23:12:34.179  INFO 75568 --- [    Test worker] tourGuide.service.TourGuideService       : Track Location for user internalUser8630
2022-10-02 23:12:34.179  INFO 75568 --- [pool-7-thread-1] tourGuide.service.TourGuideService       : Track Location for user internalUser8758
2022-10-02 23:12:34.179  INFO 75568 --- [    Test worker] tourGuide.service.TourGuideService       : Track Location for user internalUser9961
2022-10-02 23:12:34.179  INFO 75568 --- [pool-7-thread-1] tourGuide.service.TourGuideService       : Track Location for user internalUser7425
2022-10-02 23:12:34.179  INFO 75568 --- [    Test worker] tourGuide.service.TourGuideService       : Track Location for user internalUser7301
2022-10-02 23:12:34.179  INFO 75568 --- [pool-7-thread-1] tourGuide.service.TourGuideService       : Track Location for user internalUser8759
2022-10-02 23:12:34.179  INFO 75568 --- [    Test worker] tourGuide.service.TourGuideService       : Track Location for user internalUser8633
2022-10-02 23:12:34.179  INFO 75568 --- [pool-7-thread-1] tourGuide.service.TourGuideService       : Track Location for user internalUser7428
2022-10-02 23:12:34.179  INFO 75568 --- [    Test worker] tourGuide.service.TourGuideService       : Track Location for user internalUser9964
2022-10-02 23:12:34.179  INFO 75568 --- [    Test worker] tourGuide.service.TourGuideService       : Track Location for user internalUser7300
2022-10-02 23:12:34.179  INFO 75568 --- [    Test worker] tourGuide.service.TourGuideService       : Track Location for user internalUser8634
2022-10-02 23:12:34.179  INFO 75568 --- [    Test worker] tourGuide.service.TourGuideService       : Track Location for user internalUser9965
2022-10-02 23:12:34.179  INFO 75568 --- [    Test worker] tourGuide.service.TourGuideService       : Track Location for user internalUser7303
2022-10-02 23:12:34.179  INFO 75568 --- [    Test worker] tourGuide.service.TourGuideService       : Track Location for user internalUser8631
2022-10-02 23:12:34.179  INFO 75568 --- [pool-7-thread-1] tourGuide.service.TourGuideService       : Track Location for user internalUser8756
2022-10-02 23:12:34.179  INFO 75568 --- [pool-7-thread-1] tourGuide.service.TourGuideService       : Track Location for user internalUser7427
2022-10-02 23:12:34.179  INFO 75568 --- [pool-7-thread-1] tourGuide.service.TourGuideService       : Track Location for user internalUser8757
2022-10-02 23:12:34.179  INFO 75568 --- [pool-7-thread-1] tourGuide.service.TourGuideService       : Track Location for user internalUser7429
2022-10-02 23:12:34.179  INFO 75568 --- [    Test worker] tourGuide.service.TourGuideService       : Track Location for user internalUser9962
2022-10-02 23:12:34.179  INFO 75568 --- [pool-7-thread-1] tourGuide.service.TourGuideService       : Track Location for user internalUser8750
2022-10-02 23:12:34.179  INFO 75568 --- [    Test worker] tourGuide.service.TourGuideService       : Track Location for user internalUser7302
2022-10-02 23:12:34.179  INFO 75568 --- [pool-7-thread-1] tourGuide.service.TourGuideService       : Track Location for user internalUser8751
2022-10-02 23:12:34.179  INFO 75568 --- [    Test worker] tourGuide.service.TourGuideService       : Track Location for user internalUser8632
2022-10-02 23:12:34.179  INFO 75568 --- [pool-7-thread-1] tourGuide.service.TourGuideService       : Track Location for user internalUser7420
2022-10-02 23:12:34.179  INFO 75568 --- [    Test worker] tourGuide.service.TourGuideService       : Track Location for user internalUser9963
2022-10-02 23:12:34.179  INFO 75568 --- [pool-7-thread-1] tourGuide.service.TourGuideService       : Track Location for user internalUser7422
2022-10-02 23:12:34.179  INFO 75568 --- [    Test worker] tourGuide.service.TourGuideService       : Track Location for user internalUser7316
2022-10-02 23:12:34.179  INFO 75568 --- [pool-7-thread-1] tourGuide.service.TourGuideService       : Track Location for user internalUser8754
2022-10-02 23:12:34.179  INFO 75568 --- [    Test worker] tourGuide.service.TourGuideService       : Track Location for user internalUser8648
2022-10-02 23:12:34.179  INFO 75568 --- [pool-7-thread-1] tourGuide.service.TourGuideService       : Track Location for user internalUser7421
2022-10-02 23:12:34.179  INFO 75568 --- [    Test worker] tourGuide.service.TourGuideService       : Track Location for user internalUser9979
2022-10-02 23:12:34.179  INFO 75568 --- [pool-7-thread-1] tourGuide.service.TourGuideService       : Track Location for user internalUser8755
2022-10-02 23:12:34.179  INFO 75568 --- [    Test worker] tourGuide.service.TourGuideService       : Track Location for user internalUser7315
2022-10-02 23:12:34.179  INFO 75568 --- [pool-7-thread-1] tourGuide.service.TourGuideService       : Track Location for user internalUser7424
2022-10-02 23:12:34.179  INFO 75568 --- [    Test worker] tourGuide.service.TourGuideService       : Track Location for user internalUser8649
2022-10-02 23:12:34.179  INFO 75568 --- [pool-7-thread-1] tourGuide.service.TourGuideService       : Track Location for user internalUser8752
2022-10-02 23:12:34.179  INFO 75568 --- [    Test worker] tourGuide.service.TourGuideService       : Track Location for user internalUser7318
2022-10-02 23:12:34.179  INFO 75568 --- [pool-7-thread-1] tourGuide.service.TourGuideService       : Track Location for user internalUser7423
2022-10-02 23:12:34.179  INFO 75568 --- [    Test worker] tourGuide.service.TourGuideService       : Track Location for user internalUser8646
2022-10-02 23:12:34.179  INFO 75568 --- [pool-7-thread-1] tourGuide.service.TourGuideService       : Track Location for user internalUser8753
2022-10-02 23:12:34.179  INFO 75568 --- [    Test worker] tourGuide.service.TourGuideService       : Track Location for user internalUser9977
2022-10-02 23:12:34.179  INFO 75568 --- [pool-7-thread-1] tourGuide.service.TourGuideService       : Track Location for user internalUser6106
2022-10-02 23:12:34.179  INFO 75568 --- [    Test worker] tourGuide.service.TourGuideService       : Track Location for user internalUser7317
2022-10-02 23:12:34.179  INFO 75568 --- [pool-7-thread-1] tourGuide.service.TourGuideService       : Track Location for user internalUser7437
2022-10-02 23:12:34.179  INFO 75568 --- [pool-7-thread-1] tourGuide.service.TourGuideService       : Track Location for user internalUser8769
2022-10-02 23:12:34.179  INFO 75568 --- [pool-7-thread-1] tourGuide.service.TourGuideService       : Track Location for user internalUser6105
2022-10-02 23:12:34.179  INFO 75568 --- [pool-7-thread-1] tourGuide.service.TourGuideService       : Track Location for user internalUser7436
2022-10-02 23:12:34.179  INFO 75568 --- [pool-7-thread-1] tourGuide.service.TourGuideService       : Track Location for user internalUser6108
2022-10-02 23:12:34.179  INFO 75568 --- [pool-7-thread-1] tourGuide.service.TourGuideService       : Track Location for user internalUser7439
2022-10-02 23:12:34.179  INFO 75568 --- [    Test worker] tourGuide.service.TourGuideService       : Track Location for user internalUser8647
2022-10-02 23:12:34.179  INFO 75568 --- [pool-7-thread-1] tourGuide.service.TourGuideService       : Track Location for user internalUser8767
2022-10-02 23:12:34.179  INFO 75568 --- [    Test worker] tourGuide.service.TourGuideService       : Track Location for user internalUser9978
2022-10-02 23:12:34.179  INFO 75568 --- [pool-7-thread-1] tourGuide.service.TourGuideService       : Track Location for user internalUser6107
2022-10-02 23:12:34.179  INFO 75568 --- [    Test worker] tourGuide.service.TourGuideService       : Track Location for user internalUser7319
2022-10-02 23:12:34.179  INFO 75568 --- [pool-7-thread-1] tourGuide.service.TourGuideService       : Track Location for user internalUser7438
2022-10-02 23:12:34.179  INFO 75568 --- [    Test worker] tourGuide.service.TourGuideService       : Track Location for user internalUser8640
2022-10-02 23:12:34.179  INFO 75568 --- [pool-7-thread-1] tourGuide.service.TourGuideService       : Track Location for user internalUser8768
2022-10-02 23:12:34.179  INFO 75568 --- [pool-7-thread-1] tourGuide.service.TourGuideService       : Track Location for user internalUser6109
2022-10-02 23:12:34.179  INFO 75568 --- [pool-7-thread-1] tourGuide.service.TourGuideService       : Track Location for user internalUser8761
2022-10-02 23:12:34.179  INFO 75568 --- [pool-7-thread-1] tourGuide.service.TourGuideService       : Track Location for user internalUser8762
2022-10-02 23:12:34.179  INFO 75568 --- [    Test worker] tourGuide.service.TourGuideService       : Track Location for user internalUser9971
2022-10-02 23:12:34.179  INFO 75568 --- [pool-7-thread-1] tourGuide.service.TourGuideService       : Track Location for user internalUser6100
2022-10-02 23:12:34.179  INFO 75568 --- [    Test worker] tourGuide.service.TourGuideService       : Track Location for user internalUser8641
2022-10-02 23:12:34.179  INFO 75568 --- [pool-7-thread-1] tourGuide.service.TourGuideService       : Track Location for user internalUser7431
2022-10-02 23:12:34.179  INFO 75568 --- [    Test worker] tourGuide.service.TourGuideService       : Track Location for user internalUser9972
2022-10-02 23:12:34.179  INFO 75568 --- [pool-7-thread-1] tourGuide.service.TourGuideService       : Track Location for user internalUser7430
2022-10-02 23:12:34.179  INFO 75568 --- [    Test worker] tourGuide.service.TourGuideService       : Track Location for user internalUser7310
2022-10-02 23:12:34.179  INFO 75568 --- [pool-7-thread-1] tourGuide.service.TourGuideService       : Track Location for user internalUser8760
2022-10-02 23:12:34.179  INFO 75568 --- [    Test worker] tourGuide.service.TourGuideService       : Track Location for user internalUser9970
2022-10-02 23:12:34.179  INFO 75568 --- [pool-7-thread-1] tourGuide.service.TourGuideService       : Track Location for user internalUser6102
2022-10-02 23:12:34.179  INFO 75568 --- [    Test worker] tourGuide.service.TourGuideService       : Track Location for user internalUser7312
2022-10-02 23:12:34.179  INFO 75568 --- [pool-7-thread-1] tourGuide.service.TourGuideService       : Track Location for user internalUser7433
2022-10-02 23:12:34.179  INFO 75568 --- [    Test worker] tourGuide.service.TourGuideService       : Track Location for user internalUser8644
2022-10-02 23:12:34.179  INFO 75568 --- [pool-7-thread-1] tourGuide.service.TourGuideService       : Track Location for user internalUser8765
2022-10-02 23:12:34.179  INFO 75568 --- [    Test worker] tourGuide.service.TourGuideService       : Track Location for user internalUser9975
2022-10-02 23:12:34.179  INFO 75568 --- [pool-7-thread-1] tourGuide.service.TourGuideService       : Track Location for user internalUser6101
2022-10-02 23:12:34.179  INFO 75568 --- [    Test worker] tourGuide.service.TourGuideService       : Track Location for user internalUser7311
2022-10-02 23:12:34.179  INFO 75568 --- [pool-7-thread-1] tourGuide.service.TourGuideService       : Track Location for user internalUser7432
2022-10-02 23:12:34.179  INFO 75568 --- [    Test worker] tourGuide.service.TourGuideService       : Track Location for user internalUser8645
2022-10-02 23:12:34.179  INFO 75568 --- [pool-7-thread-1] tourGuide.service.TourGuideService       : Track Location for user internalUser8766
2022-10-02 23:12:34.179  INFO 75568 --- [    Test worker] tourGuide.service.TourGuideService       : Track Location for user internalUser9976
2022-10-02 23:12:34.179  INFO 75568 --- [pool-7-thread-1] tourGuide.service.TourGuideService       : Track Location for user internalUser6104
2022-10-02 23:12:34.179  INFO 75568 --- [    Test worker] tourGuide.service.TourGuideService       : Track Location for user internalUser7314
2022-10-02 23:12:34.179  INFO 75568 --- [pool-7-thread-1] tourGuide.service.TourGuideService       : Track Location for user internalUser7435
2022-10-02 23:12:34.179  INFO 75568 --- [    Test worker] tourGuide.service.TourGuideService       : Track Location for user internalUser8642
2022-10-02 23:12:34.179  INFO 75568 --- [pool-7-thread-1] tourGuide.service.TourGuideService       : Track Location for user internalUser8763
2022-10-02 23:12:34.179  INFO 75568 --- [    Test worker] tourGuide.service.TourGuideService       : Track Location for user internalUser9973
2022-10-02 23:12:34.179  INFO 75568 --- [pool-7-thread-1] tourGuide.service.TourGuideService       : Track Location for user internalUser6103
2022-10-02 23:12:34.179  INFO 75568 --- [    Test worker] tourGuide.service.TourGuideService       : Track Location for user internalUser7313
2022-10-02 23:12:34.179  INFO 75568 --- [pool-7-thread-1] tourGuide.service.TourGuideService       : Track Location for user internalUser7434
2022-10-02 23:12:34.179  INFO 75568 --- [    Test worker] tourGuide.service.TourGuideService       : Track Location for user internalUser8643
2022-10-02 23:12:34.179  INFO 75568 --- [pool-7-thread-1] tourGuide.service.TourGuideService       : Track Location for user internalUser8764
2022-10-02 23:12:34.179  INFO 75568 --- [    Test worker] tourGuide.service.TourGuideService       : Track Location for user internalUser9974
2022-10-02 23:12:34.179  INFO 75568 --- [pool-7-thread-1] tourGuide.service.TourGuideService       : Track Location for user internalUser6153
2022-10-02 23:12:34.179  INFO 75568 --- [    Test worker] tourGuide.service.TourGuideService       : Track Location for user internalUser6039
2022-10-02 23:12:34.179  INFO 75568 --- [pool-7-thread-1] tourGuide.service.TourGuideService       : Track Location for user internalUser7484
2022-10-02 23:12:34.179  INFO 75568 --- [    Test worker] tourGuide.service.TourGuideService       : Track Location for user internalUser6032
2022-10-02 23:12:34.179  INFO 75568 --- [pool-7-thread-1] tourGuide.service.TourGuideService       : Track Location for user internalUser6152
2022-10-02 23:12:34.179  INFO 75568 --- [    Test worker] tourGuide.service.TourGuideService       : Track Location for user internalUser7363
2022-10-02 23:12:34.179  INFO 75568 --- [pool-7-thread-1] tourGuide.service.TourGuideService       : Track Location for user internalUser7483
2022-10-02 23:12:34.179  INFO 75568 --- [    Test worker] tourGuide.service.TourGuideService       : Track Location for user internalUser8695
2022-10-02 23:12:34.179  INFO 75568 --- [pool-7-thread-1] tourGuide.service.TourGuideService       : Track Location for user internalUser6155
2022-10-02 23:12:34.179  INFO 75568 --- [    Test worker] tourGuide.service.TourGuideService       : Track Location for user internalUser6031
2022-10-02 23:12:34.179  INFO 75568 --- [pool-7-thread-1] tourGuide.service.TourGuideService       : Track Location for user internalUser7486
2022-10-02 23:12:34.179  INFO 75568 --- [    Test worker] tourGuide.service.TourGuideService       : Track Location for user internalUser7362
2022-10-02 23:12:34.179  INFO 75568 --- [pool-7-thread-1] tourGuide.service.TourGuideService       : Track Location for user internalUser6154
2022-10-02 23:12:34.179  INFO 75568 --- [    Test worker] tourGuide.service.TourGuideService       : Track Location for user internalUser8696
2022-10-02 23:12:34.179  INFO 75568 --- [pool-7-thread-1] tourGuide.service.TourGuideService       : Track Location for user internalUser7485
2022-10-02 23:12:34.179  INFO 75568 --- [    Test worker] tourGuide.service.TourGuideService       : Track Location for user internalUser6034
2022-10-02 23:12:34.179  INFO 75568 --- [pool-7-thread-1] tourGuide.service.TourGuideService       : Track Location for user internalUser6157
2022-10-02 23:12:34.179  INFO 75568 --- [pool-7-thread-1] tourGuide.service.TourGuideService       : Track Location for user internalUser7488
2022-10-02 23:12:34.179  INFO 75568 --- [pool-7-thread-1] tourGuide.service.TourGuideService       : Track Location for user internalUser6156
2022-10-02 23:12:34.179  INFO 75568 --- [pool-7-thread-1] tourGuide.service.TourGuideService       : Track Location for user internalUser7487
2022-10-02 23:12:34.179  INFO 75568 --- [pool-7-thread-1] tourGuide.service.TourGuideService       : Track Location for user internalUser6159
2022-10-02 23:12:34.179  INFO 75568 --- [pool-7-thread-1] tourGuide.service.TourGuideService       : Track Location for user internalUser6158
2022-10-02 23:12:34.179  INFO 75568 --- [pool-7-thread-1] tourGuide.service.TourGuideService       : Track Location for user internalUser7489
2022-10-02 23:12:34.179  INFO 75568 --- [    Test worker] tourGuide.service.TourGuideService       : Track Location for user internalUser7365
2022-10-02 23:12:34.179  INFO 75568 --- [pool-7-thread-1] tourGuide.service.TourGuideService       : Track Location for user internalUser6160
2022-10-02 23:12:34.179  INFO 75568 --- [    Test worker] tourGuide.service.TourGuideService       : Track Location for user internalUser8693
2022-10-02 23:12:34.179  INFO 75568 --- [pool-7-thread-1] tourGuide.service.TourGuideService       : Track Location for user internalUser7491
2022-10-02 23:12:34.179  INFO 75568 --- [    Test worker] tourGuide.service.TourGuideService       : Track Location for user internalUser6033
2022-10-02 23:12:34.179  INFO 75568 --- [pool-7-thread-1] tourGuide.service.TourGuideService       : Track Location for user internalUser7490
2022-10-02 23:12:34.179  INFO 75568 --- [    Test worker] tourGuide.service.TourGuideService       : Track Location for user internalUser7364
2022-10-02 23:12:34.179  INFO 75568 --- [pool-7-thread-1] tourGuide.service.TourGuideService       : Track Location for user internalUser6162
2022-10-02 23:12:34.179  INFO 75568 --- [    Test worker] tourGuide.service.TourGuideService       : Track Location for user internalUser8694
2022-10-02 23:12:34.179  INFO 75568 --- [pool-7-thread-1] tourGuide.service.TourGuideService       : Track Location for user internalUser7493
2022-10-02 23:12:34.179  INFO 75568 --- [    Test worker] tourGuide.service.TourGuideService       : Track Location for user internalUser6036
2022-10-02 23:12:34.179  INFO 75568 --- [pool-7-thread-1] tourGuide.service.TourGuideService       : Track Location for user internalUser6161
2022-10-02 23:12:34.179  INFO 75568 --- [    Test worker] tourGuide.service.TourGuideService       : Track Location for user internalUser7367
2022-10-02 23:12:34.179  INFO 75568 --- [pool-7-thread-1] tourGuide.service.TourGuideService       : Track Location for user internalUser7492
2022-10-02 23:12:34.179  INFO 75568 --- [    Test worker] tourGuide.service.TourGuideService       : Track Location for user internalUser8699
2022-10-02 23:12:34.179  INFO 75568 --- [pool-7-thread-1] tourGuide.service.TourGuideService       : Track Location for user internalUser6164
2022-10-02 23:12:34.179  INFO 75568 --- [    Test worker] tourGuide.service.TourGuideService       : Track Location for user internalUser6035
2022-10-02 23:12:34.179  INFO 75568 --- [pool-7-thread-1] tourGuide.service.TourGuideService       : Track Location for user internalUser7495
2022-10-02 23:12:34.179  INFO 75568 --- [    Test worker] tourGuide.service.TourGuideService       : Track Location for user internalUser7366
2022-10-02 23:12:34.179  INFO 75568 --- [pool-7-thread-1] tourGuide.service.TourGuideService       : Track Location for user internalUser6163
2022-10-02 23:12:34.179  INFO 75568 --- [    Test worker] tourGuide.service.TourGuideService       : Track Location for user internalUser6038
2022-10-02 23:12:34.179  INFO 75568 --- [pool-7-thread-1] tourGuide.service.TourGuideService       : Track Location for user internalUser7494
2022-10-02 23:12:34.179  INFO 75568 --- [    Test worker] tourGuide.service.TourGuideService       : Track Location for user internalUser7369
2022-10-02 23:12:34.179  INFO 75568 --- [pool-7-thread-1] tourGuide.service.TourGuideService       : Track Location for user internalUser6166
2022-10-02 23:12:34.179  INFO 75568 --- [    Test worker] tourGuide.service.TourGuideService       : Track Location for user internalUser8697
2022-10-02 23:12:34.179  INFO 75568 --- [pool-7-thread-1] tourGuide.service.TourGuideService       : Track Location for user internalUser7497
2022-10-02 23:12:34.179  INFO 75568 --- [    Test worker] tourGuide.service.TourGuideService       : Track Location for user internalUser6037
2022-10-02 23:12:34.179  INFO 75568 --- [pool-7-thread-1] tourGuide.service.TourGuideService       : Track Location for user internalUser6165
2022-10-02 23:12:34.179  INFO 75568 --- [    Test worker] tourGuide.service.TourGuideService       : Track Location for user internalUser7368
2022-10-02 23:12:34.179  INFO 75568 --- [pool-7-thread-1] tourGuide.service.TourGuideService       : Track Location for user internalUser7496
2022-10-02 23:12:34.179  INFO 75568 --- [    Test worker] tourGuide.service.TourGuideService       : Track Location for user internalUser8698
2022-10-02 23:12:34.179  INFO 75568 --- [pool-7-thread-1] tourGuide.service.TourGuideService       : Track Location for user internalUser6168
2022-10-02 23:12:34.179  INFO 75568 --- [    Test worker] tourGuide.service.TourGuideService       : Track Location for user internalUser7370
2022-10-02 23:12:34.179  INFO 75568 --- [pool-7-thread-1] tourGuide.service.TourGuideService       : Track Location for user internalUser7499
2022-10-02 23:12:34.179  INFO 75568 --- [    Test worker] tourGuide.service.TourGuideService       : Track Location for user internalUser6041
2022-10-02 23:12:34.179  INFO 75568 --- [pool-7-thread-1] tourGuide.service.TourGuideService       : Track Location for user internalUser6167
2022-10-02 23:12:34.179  INFO 75568 --- [    Test worker] tourGuide.service.TourGuideService       : Track Location for user internalUser7372
2022-10-02 23:12:34.179  INFO 75568 --- [pool-7-thread-1] tourGuide.service.TourGuideService       : Track Location for user internalUser7498
2022-10-02 23:12:34.179  INFO 75568 --- [    Test worker] tourGuide.service.TourGuideService       : Track Location for user internalUser6040
2022-10-02 23:12:34.180  INFO 75568 --- [pool-7-thread-1] tourGuide.service.TourGuideService       : Track Location for user internalUser6169
2022-10-02 23:12:34.180  INFO 75568 --- [pool-7-thread-1] tourGuide.service.TourGuideService       : Track Location for user internalUser6171
2022-10-02 23:12:34.180  INFO 75568 --- [pool-7-thread-1] tourGuide.service.TourGuideService       : Track Location for user internalUser6170
2022-10-02 23:12:34.180  INFO 75568 --- [    Test worker] tourGuide.service.TourGuideService       : Track Location for user internalUser7371
2022-10-02 23:12:34.180  INFO 75568 --- [pool-7-thread-1] tourGuide.service.TourGuideService       : Track Location for user internalUser6173
2022-10-02 23:12:34.180  INFO 75568 --- [    Test worker] tourGuide.service.TourGuideService       : Track Location for user internalUser6043
2022-10-02 23:12:34.180  INFO 75568 --- [pool-7-thread-1] tourGuide.service.TourGuideService       : Track Location for user internalUser6172
2022-10-02 23:12:34.180  INFO 75568 --- [    Test worker] tourGuide.service.TourGuideService       : Track Location for user internalUser7374
2022-10-02 23:12:34.180  INFO 75568 --- [pool-7-thread-1] tourGuide.service.TourGuideService       : Track Location for user internalUser6139
2022-10-02 23:12:34.180  INFO 75568 --- [    Test worker] tourGuide.service.TourGuideService       : Track Location for user internalUser6042
2022-10-02 23:12:34.180  INFO 75568 --- [pool-7-thread-1] tourGuide.service.TourGuideService       : Track Location for user internalUser6138
2022-10-02 23:12:34.180  INFO 75568 --- [    Test worker] tourGuide.service.TourGuideService       : Track Location for user internalUser7373
2022-10-02 23:12:34.180  INFO 75568 --- [pool-7-thread-1] tourGuide.service.TourGuideService       : Track Location for user internalUser7469
2022-10-02 23:12:34.180  INFO 75568 --- [    Test worker] tourGuide.service.TourGuideService       : Track Location for user internalUser6045
2022-10-02 23:12:34.180  INFO 75568 --- [pool-7-thread-1] tourGuide.service.TourGuideService       : Track Location for user internalUser6131
2022-10-02 23:12:34.180  INFO 75568 --- [    Test worker] tourGuide.service.TourGuideService       : Track Location for user internalUser7376
2022-10-02 23:12:34.180  INFO 75568 --- [pool-7-thread-1] tourGuide.service.TourGuideService       : Track Location for user internalUser7462
2022-10-02 23:12:34.180  INFO 75568 --- [    Test worker] tourGuide.service.TourGuideService       : Track Location for user internalUser6044
2022-10-02 23:12:34.180  INFO 75568 --- [pool-7-thread-1] tourGuide.service.TourGuideService       : Track Location for user internalUser8794
2022-10-02 23:12:34.180  INFO 75568 --- [    Test worker] tourGuide.service.TourGuideService       : Track Location for user internalUser7375
2022-10-02 23:12:34.180  INFO 75568 --- [pool-7-thread-1] tourGuide.service.TourGuideService       : Track Location for user internalUser6130
2022-10-02 23:12:34.180  INFO 75568 --- [    Test worker] tourGuide.service.TourGuideService       : Track Location for user internalUser6047
2022-10-02 23:12:34.180  INFO 75568 --- [pool-7-thread-1] tourGuide.service.TourGuideService       : Track Location for user internalUser7461
2022-10-02 23:12:34.180  INFO 75568 --- [    Test worker] tourGuide.service.TourGuideService       : Track Location for user internalUser7378
2022-10-02 23:12:34.180  INFO 75568 --- [pool-7-thread-1] tourGuide.service.TourGuideService       : Track Location for user internalUser8795
2022-10-02 23:12:34.180  INFO 75568 --- [    Test worker] tourGuide.service.TourGuideService       : Track Location for user internalUser6046
2022-10-02 23:12:34.180  INFO 75568 --- [pool-7-thread-1] tourGuide.service.TourGuideService       : Track Location for user internalUser6133
2022-10-02 23:12:34.180  INFO 75568 --- [    Test worker] tourGuide.service.TourGuideService       : Track Location for user internalUser7377
2022-10-02 23:12:34.180  INFO 75568 --- [pool-7-thread-1] tourGuide.service.TourGuideService       : Track Location for user internalUser7464
2022-10-02 23:12:34.180  INFO 75568 --- [pool-7-thread-1] tourGuide.service.TourGuideService       : Track Location for user internalUser8792
2022-10-02 23:12:34.180  INFO 75568 --- [pool-7-thread-1] tourGuide.service.TourGuideService       : Track Location for user internalUser6132
2022-10-02 23:12:34.180  INFO 75568 --- [pool-7-thread-1] tourGuide.service.TourGuideService       : Track Location for user internalUser7463
2022-10-02 23:12:34.180  INFO 75568 --- [pool-7-thread-1] tourGuide.service.TourGuideService       : Track Location for user internalUser8793
2022-10-02 23:12:34.180  INFO 75568 --- [pool-7-thread-1] tourGuide.service.TourGuideService       : Track Location for user internalUser6135
2022-10-02 23:12:34.180  INFO 75568 --- [    Test worker] tourGuide.service.TourGuideService       : Track Location for user internalUser6049
2022-10-02 23:12:34.180  INFO 75568 --- [pool-7-thread-1] tourGuide.service.TourGuideService       : Track Location for user internalUser7466
2022-10-02 23:12:34.180  INFO 75568 --- [    Test worker] tourGuide.service.TourGuideService       : Track Location for user internalUser6048
2022-10-02 23:12:34.180  INFO 75568 --- [pool-7-thread-1] tourGuide.service.TourGuideService       : Track Location for user internalUser8798
2022-10-02 23:12:34.180  INFO 75568 --- [    Test worker] tourGuide.service.TourGuideService       : Track Location for user internalUser7379
2022-10-02 23:12:34.180  INFO 75568 --- [pool-7-thread-1] tourGuide.service.TourGuideService       : Track Location for user internalUser6134
2022-10-02 23:12:34.180  INFO 75568 --- [    Test worker] tourGuide.service.TourGuideService       : Track Location for user internalUser6050
2022-10-02 23:12:34.180  INFO 75568 --- [pool-7-thread-1] tourGuide.service.TourGuideService       : Track Location for user internalUser7465
2022-10-02 23:12:34.180  INFO 75568 --- [    Test worker] tourGuide.service.TourGuideService       : Track Location for user internalUser7381
2022-10-02 23:12:34.180  INFO 75568 --- [pool-7-thread-1] tourGuide.service.TourGuideService       : Track Location for user internalUser8799
2022-10-02 23:12:34.180  INFO 75568 --- [    Test worker] tourGuide.service.TourGuideService       : Track Location for user internalUser7380
2022-10-02 23:12:34.180  INFO 75568 --- [pool-7-thread-1] tourGuide.service.TourGuideService       : Track Location for user internalUser6137
2022-10-02 23:12:34.180  INFO 75568 --- [    Test worker] tourGuide.service.TourGuideService       : Track Location for user internalUser6052
2022-10-02 23:12:34.180  INFO 75568 --- [pool-7-thread-1] tourGuide.service.TourGuideService       : Track Location for user internalUser7468
2022-10-02 23:12:34.180  INFO 75568 --- [    Test worker] tourGuide.service.TourGuideService       : Track Location for user internalUser7383
2022-10-02 23:12:34.180  INFO 75568 --- [pool-7-thread-1] tourGuide.service.TourGuideService       : Track Location for user internalUser8796
2022-10-02 23:12:34.180  INFO 75568 --- [    Test worker] tourGuide.service.TourGuideService       : Track Location for user internalUser6051
2022-10-02 23:12:34.180  INFO 75568 --- [pool-7-thread-1] tourGuide.service.TourGuideService       : Track Location for user internalUser6136
2022-10-02 23:12:34.180  INFO 75568 --- [    Test worker] tourGuide.service.TourGuideService       : Track Location for user internalUser7382
2022-10-02 23:12:34.180  INFO 75568 --- [pool-7-thread-1] tourGuide.service.TourGuideService       : Track Location for user internalUser7467
2022-10-02 23:12:34.180  INFO 75568 --- [    Test worker] tourGuide.service.TourGuideService       : Track Location for user internalUser6018
2022-10-02 23:12:34.180  INFO 75568 --- [pool-7-thread-1] tourGuide.service.TourGuideService       : Track Location for user internalUser8797
2022-10-02 23:12:34.180  INFO 75568 --- [    Test worker] tourGuide.service.TourGuideService       : Track Location for user internalUser7349
2022-10-02 23:12:34.180  INFO 75568 --- [pool-7-thread-1] tourGuide.service.TourGuideService       : Track Location for user internalUser6140
2022-10-02 23:12:34.180  INFO 75568 --- [pool-7-thread-1] tourGuide.service.TourGuideService       : Track Location for user internalUser7471
2022-10-02 23:12:34.180  INFO 75568 --- [pool-7-thread-1] tourGuide.service.TourGuideService       : Track Location for user internalUser7470
2022-10-02 23:12:34.180  INFO 75568 --- [pool-7-thread-1] tourGuide.service.TourGuideService       : Track Location for user internalUser6149
2022-10-02 23:12:34.180  INFO 75568 --- [    Test worker] tourGuide.service.TourGuideService       : Track Location for user internalUser6017
2022-10-02 23:12:34.180  INFO 75568 --- [pool-7-thread-1] tourGuide.service.TourGuideService       : Track Location for user internalUser6142
2022-10-02 23:12:34.180  INFO 75568 --- [    Test worker] tourGuide.service.TourGuideService       : Track Location for user internalUser7348
2022-10-02 23:12:34.180  INFO 75568 --- [pool-7-thread-1] tourGuide.service.TourGuideService       : Track Location for user internalUser7473
2022-10-02 23:12:34.180  INFO 75568 --- [    Test worker] tourGuide.service.TourGuideService       : Track Location for user internalUser8679
2022-10-02 23:12:34.180  INFO 75568 --- [pool-7-thread-1] tourGuide.service.TourGuideService       : Track Location for user internalUser6141
2022-10-02 23:12:34.180  INFO 75568 --- [    Test worker] tourGuide.service.TourGuideService       : Track Location for user internalUser6019
2022-10-02 23:12:34.180  INFO 75568 --- [pool-7-thread-1] tourGuide.service.TourGuideService       : Track Location for user internalUser7472
2022-10-02 23:12:34.180  INFO 75568 --- [    Test worker] tourGuide.service.TourGuideService       : Track Location for user internalUser6010
2022-10-02 23:12:34.180  INFO 75568 --- [pool-7-thread-1] tourGuide.service.TourGuideService       : Track Location for user internalUser6144
2022-10-02 23:12:34.180  INFO 75568 --- [    Test worker] tourGuide.service.TourGuideService       : Track Location for user internalUser7341
2022-10-02 23:12:34.180  INFO 75568 --- [pool-7-thread-1] tourGuide.service.TourGuideService       : Track Location for user internalUser7475
2022-10-02 23:12:34.180  INFO 75568 --- [    Test worker] tourGuide.service.TourGuideService       : Track Location for user internalUser8673
2022-10-02 23:12:34.180  INFO 75568 --- [pool-7-thread-1] tourGuide.service.TourGuideService       : Track Location for user internalUser6143
2022-10-02 23:12:34.180  INFO 75568 --- [    Test worker] tourGuide.service.TourGuideService       : Track Location for user internalUser7340
2022-10-02 23:12:34.180  INFO 75568 --- [pool-7-thread-1] tourGuide.service.TourGuideService       : Track Location for user internalUser7474
2022-10-02 23:12:34.180  INFO 75568 --- [    Test worker] tourGuide.service.TourGuideService       : Track Location for user internalUser8674
2022-10-02 23:12:34.180  INFO 75568 --- [pool-7-thread-1] tourGuide.service.TourGuideService       : Track Location for user internalUser6146
2022-10-02 23:12:34.180  INFO 75568 --- [    Test worker] tourGuide.service.TourGuideService       : Track Location for user internalUser6012
2022-10-02 23:12:34.180  INFO 75568 --- [pool-7-thread-1] tourGuide.service.TourGuideService       : Track Location for user internalUser7477
2022-10-02 23:12:34.180  INFO 75568 --- [    Test worker] tourGuide.service.TourGuideService       : Track Location for user internalUser7343
2022-10-02 23:12:34.180  INFO 75568 --- [pool-7-thread-1] tourGuide.service.TourGuideService       : Track Location for user internalUser6145
2022-10-02 23:12:34.180  INFO 75568 --- [    Test worker] tourGuide.service.TourGuideService       : Track Location for user internalUser8671
2022-10-02 23:12:34.180  INFO 75568 --- [pool-7-thread-1] tourGuide.service.TourGuideService       : Track Location for user internalUser7476
2022-10-02 23:12:34.180  INFO 75568 --- [    Test worker] tourGuide.service.TourGuideService       : Track Location for user internalUser6011
2022-10-02 23:12:34.180  INFO 75568 --- [pool-7-thread-1] tourGuide.service.TourGuideService       : Track Location for user internalUser6148
2022-10-02 23:12:34.180  INFO 75568 --- [    Test worker] tourGuide.service.TourGuideService       : Track Location for user internalUser7342
2022-10-02 23:12:34.180  INFO 75568 --- [pool-7-thread-1] tourGuide.service.TourGuideService       : Track Location for user internalUser7479
2022-10-02 23:12:34.180  INFO 75568 --- [    Test worker] tourGuide.service.TourGuideService       : Track Location for user internalUser8672
2022-10-02 23:12:34.180  INFO 75568 --- [pool-7-thread-1] tourGuide.service.TourGuideService       : Track Location for user internalUser6147
2022-10-02 23:12:34.180  INFO 75568 --- [    Test worker] tourGuide.service.TourGuideService       : Track Location for user internalUser6014
2022-10-02 23:12:34.180  INFO 75568 --- [pool-7-thread-1] tourGuide.service.TourGuideService       : Track Location for user internalUser7478
2022-10-02 23:12:34.180  INFO 75568 --- [    Test worker] tourGuide.service.TourGuideService       : Track Location for user internalUser7345
2022-10-02 23:12:34.180  INFO 75568 --- [pool-7-thread-1] tourGuide.service.TourGuideService       : Track Location for user internalUser7480
2022-10-02 23:12:34.180  INFO 75568 --- [    Test worker] tourGuide.service.TourGuideService       : Track Location for user internalUser8677
2022-10-02 23:12:34.180  INFO 75568 --- [pool-7-thread-1] tourGuide.service.TourGuideService       : Track Location for user internalUser6151
2022-10-02 23:12:34.180  INFO 75568 --- [    Test worker] tourGuide.service.TourGuideService       : Track Location for user internalUser6013
2022-10-02 23:12:34.180  INFO 75568 --- [pool-7-thread-1] tourGuide.service.TourGuideService       : Track Location for user internalUser7482
2022-10-02 23:12:34.180  INFO 75568 --- [    Test worker] tourGuide.service.TourGuideService       : Track Location for user internalUser7344
2022-10-02 23:12:34.180  INFO 75568 --- [pool-7-thread-1] tourGuide.service.TourGuideService       : Track Location for user internalUser6150
2022-10-02 23:12:34.180  INFO 75568 --- [    Test worker] tourGuide.service.TourGuideService       : Track Location for user internalUser8678
2022-10-02 23:12:34.180  INFO 75568 --- [pool-7-thread-1] tourGuide.service.TourGuideService       : Track Location for user internalUser7481
2022-10-02 23:12:34.180  INFO 75568 --- [    Test worker] tourGuide.service.TourGuideService       : Track Location for user internalUser6016
2022-10-02 23:12:34.180  INFO 75568 --- [pool-7-thread-1] tourGuide.service.TourGuideService       : Track Location for user internalUser8703
2022-10-02 23:12:34.180  INFO 75568 --- [    Test worker] tourGuide.service.TourGuideService       : Track Location for user internalUser7347
2022-10-02 23:12:34.180  INFO 75568 --- [pool-7-thread-1] tourGuide.service.TourGuideService       : Track Location for user internalUser8704
2022-10-02 23:12:34.180  INFO 75568 --- [pool-7-thread-1] tourGuide.service.TourGuideService       : Track Location for user internalUser8701
2022-10-02 23:12:34.180  INFO 75568 --- [pool-7-thread-1] tourGuide.service.TourGuideService       : Track Location for user internalUser8702
2022-10-02 23:12:34.180  INFO 75568 --- [pool-7-thread-1] tourGuide.service.TourGuideService       : Track Location for user internalUser8707
2022-10-02 23:12:34.180  INFO 75568 --- [    Test worker] tourGuide.service.TourGuideService       : Track Location for user internalUser8675
2022-10-02 23:12:34.180  INFO 75568 --- [pool-7-thread-1] tourGuide.service.TourGuideService       : Track Location for user internalUser8708
2022-10-02 23:12:34.180  INFO 75568 --- [    Test worker] tourGuide.service.TourGuideService       : Track Location for user internalUser6015
2022-10-02 23:12:34.180  INFO 75568 --- [pool-7-thread-1] tourGuide.service.TourGuideService       : Track Location for user internalUser8705
2022-10-02 23:12:34.180  INFO 75568 --- [    Test worker] tourGuide.service.TourGuideService       : Track Location for user internalUser7346
2022-10-02 23:12:34.180  INFO 75568 --- [pool-7-thread-1] tourGuide.service.TourGuideService       : Track Location for user internalUser8706
2022-10-02 23:12:34.180  INFO 75568 --- [    Test worker] tourGuide.service.TourGuideService       : Track Location for user internalUser8676
2022-10-02 23:12:34.180  INFO 75568 --- [pool-7-thread-1] tourGuide.service.TourGuideService       : Track Location for user internalUser8700
2022-10-02 23:12:34.180  INFO 75568 --- [    Test worker] tourGuide.service.TourGuideService       : Track Location for user internalUser8680
2022-10-02 23:12:34.180  INFO 75568 --- [pool-7-thread-1] tourGuide.service.TourGuideService       : Track Location for user internalUser8709
2022-10-02 23:12:34.180  INFO 75568 --- [pool-7-thread-1] tourGuide.service.TourGuideService       : Track Location for user internalUser1286
2022-10-02 23:12:34.180  INFO 75568 --- [    Test worker] tourGuide.service.TourGuideService       : Track Location for user internalUser8681
2022-10-02 23:12:34.180  INFO 75568 --- [pool-7-thread-1] tourGuide.service.TourGuideService       : Track Location for user internalUser1285
2022-10-02 23:12:34.180  INFO 75568 --- [    Test worker] tourGuide.service.TourGuideService       : Track Location for user internalUser7350
2022-10-02 23:12:34.180  INFO 75568 --- [pool-7-thread-1] tourGuide.service.TourGuideService       : Track Location for user internalUser1284
2022-10-02 23:12:34.180  INFO 75568 --- [    Test worker] tourGuide.service.TourGuideService       : Track Location for user internalUser6029
2022-10-02 23:12:34.180  INFO 75568 --- [pool-7-thread-1] tourGuide.service.TourGuideService       : Track Location for user internalUser1283
2022-10-02 23:12:34.180  INFO 75568 --- [    Test worker] tourGuide.service.TourGuideService       : Track Location for user internalUser6028
2022-10-02 23:12:34.180  INFO 75568 --- [pool-7-thread-1] tourGuide.service.TourGuideService       : Track Location for user internalUser1282
2022-10-02 23:12:34.180  INFO 75568 --- [    Test worker] tourGuide.service.TourGuideService       : Track Location for user internalUser7359
2022-10-02 23:12:34.180  INFO 75568 --- [pool-7-thread-1] tourGuide.service.TourGuideService       : Track Location for user internalUser1281
2022-10-02 23:12:34.180  INFO 75568 --- [    Test worker] tourGuide.service.TourGuideService       : Track Location for user internalUser6021
2022-10-02 23:12:34.180  INFO 75568 --- [pool-7-thread-1] tourGuide.service.TourGuideService       : Track Location for user internalUser1280
2022-10-02 23:12:34.180  INFO 75568 --- [    Test worker] tourGuide.service.TourGuideService       : Track Location for user internalUser7352
2022-10-02 23:12:34.180  INFO 75568 --- [pool-7-thread-1] tourGuide.service.TourGuideService       : Track Location for user internalUser1289
2022-10-02 23:12:34.180  INFO 75568 --- [    Test worker] tourGuide.service.TourGuideService       : Track Location for user internalUser8684
2022-10-02 23:12:34.180  INFO 75568 --- [pool-7-thread-1] tourGuide.service.TourGuideService       : Track Location for user internalUser1288
2022-10-02 23:12:34.180  INFO 75568 --- [    Test worker] tourGuide.service.TourGuideService       : Track Location for user internalUser6020
2022-10-02 23:12:34.180  INFO 75568 --- [pool-7-thread-1] tourGuide.service.TourGuideService       : Track Location for user internalUser1287
2022-10-02 23:12:34.180  INFO 75568 --- [    Test worker] tourGuide.service.TourGuideService       : Track Location for user internalUser7351
2022-10-02 23:12:34.180  INFO 75568 --- [pool-7-thread-1] tourGuide.service.TourGuideService       : Track Location for user internalUser1297
2022-10-02 23:12:34.180  INFO 75568 --- [    Test worker] tourGuide.service.TourGuideService       : Track Location for user internalUser8685
2022-10-02 23:12:34.180  INFO 75568 --- [pool-7-thread-1] tourGuide.service.TourGuideService       : Track Location for user internalUser1296
2022-10-02 23:12:34.181  INFO 75568 --- [    Test worker] tourGuide.service.TourGuideService       : Track Location for user internalUser6023
2022-10-02 23:12:34.181  INFO 75568 --- [pool-7-thread-1] tourGuide.service.TourGuideService       : Track Location for user internalUser1295
2022-10-02 23:12:34.181  INFO 75568 --- [    Test worker] tourGuide.service.TourGuideService       : Track Location for user internalUser7354
2022-10-02 23:12:34.181  INFO 75568 --- [pool-7-thread-1] tourGuide.service.TourGuideService       : Track Location for user internalUser1294
2022-10-02 23:12:34.181  INFO 75568 --- [pool-7-thread-1] tourGuide.service.TourGuideService       : Track Location for user internalUser1293
2022-10-02 23:12:34.181  INFO 75568 --- [pool-7-thread-1] tourGuide.service.TourGuideService       : Track Location for user internalUser1292
2022-10-02 23:12:34.181  INFO 75568 --- [pool-7-thread-1] tourGuide.service.TourGuideService       : Track Location for user internalUser1291
2022-10-02 23:12:34.181  INFO 75568 --- [    Test worker] tourGuide.service.TourGuideService       : Track Location for user internalUser8682
2022-10-02 23:12:34.181  INFO 75568 --- [pool-7-thread-1] tourGuide.service.TourGuideService       : Track Location for user internalUser1290
2022-10-02 23:12:34.181  INFO 75568 --- [    Test worker] tourGuide.service.TourGuideService       : Track Location for user internalUser6022
2022-10-02 23:12:34.181  INFO 75568 --- [pool-7-thread-1] tourGuide.service.TourGuideService       : Track Location for user internalUser1299
2022-10-02 23:12:34.181  INFO 75568 --- [    Test worker] tourGuide.service.TourGuideService       : Track Location for user internalUser7353
2022-10-02 23:12:34.181  INFO 75568 --- [    Test worker] tourGuide.service.TourGuideService       : Track Location for user internalUser8683
2022-10-02 23:12:34.181  INFO 75568 --- [pool-7-thread-1] tourGuide.service.TourGuideService       : Track Location for user internalUser1298
2022-10-02 23:12:34.181  INFO 75568 --- [    Test worker] tourGuide.service.TourGuideService       : Track Location for user internalUser6025
2022-10-02 23:12:34.181  INFO 75568 --- [pool-7-thread-1] tourGuide.service.TourGuideService       : Track Location for user internalUser7404
2022-10-02 23:12:34.181  INFO 75568 --- [    Test worker] tourGuide.service.TourGuideService       : Track Location for user internalUser7356
2022-10-02 23:12:34.181  INFO 75568 --- [pool-7-thread-1] tourGuide.service.TourGuideService       : Track Location for user internalUser8736
2022-10-02 23:12:34.181  INFO 75568 --- [    Test worker] tourGuide.service.TourGuideService       : Track Location for user internalUser8688
2022-10-02 23:12:34.181  INFO 75568 --- [pool-7-thread-1] tourGuide.service.TourGuideService       : Track Location for user internalUser7403
2022-10-02 23:12:34.181  INFO 75568 --- [    Test worker] tourGuide.service.TourGuideService       : Track Location for user internalUser6024
2022-10-02 23:12:34.181  INFO 75568 --- [pool-7-thread-1] tourGuide.service.TourGuideService       : Track Location for user internalUser8737
2022-10-02 23:12:34.181  INFO 75568 --- [    Test worker] tourGuide.service.TourGuideService       : Track Location for user internalUser7355
2022-10-02 23:12:34.181  INFO 75568 --- [pool-7-thread-1] tourGuide.service.TourGuideService       : Track Location for user internalUser7406
2022-10-02 23:12:34.181  INFO 75568 --- [    Test worker] tourGuide.service.TourGuideService       : Track Location for user internalUser8689
2022-10-02 23:12:34.181  INFO 75568 --- [pool-7-thread-1] tourGuide.service.TourGuideService       : Track Location for user internalUser8734
2022-10-02 23:12:34.181  INFO 75568 --- [    Test worker] tourGuide.service.TourGuideService       : Track Location for user internalUser6027
2022-10-02 23:12:34.181  INFO 75568 --- [pool-7-thread-1] tourGuide.service.TourGuideService       : Track Location for user internalUser7405
2022-10-02 23:12:34.181  INFO 75568 --- [    Test worker] tourGuide.service.TourGuideService       : Track Location for user internalUser7358
2022-10-02 23:12:34.181  INFO 75568 --- [pool-7-thread-1] tourGuide.service.TourGuideService       : Track Location for user internalUser8735
2022-10-02 23:12:34.181  INFO 75568 --- [    Test worker] tourGuide.service.TourGuideService       : Track Location for user internalUser8686
2022-10-02 23:12:34.181  INFO 75568 --- [pool-7-thread-1] tourGuide.service.TourGuideService       : Track Location for user internalUser7408
2022-10-02 23:12:34.181  INFO 75568 --- [    Test worker] tourGuide.service.TourGuideService       : Track Location for user internalUser6026
2022-10-02 23:12:34.181  INFO 75568 --- [pool-7-thread-1] tourGuide.service.TourGuideService       : Track Location for user internalUser7407
2022-10-02 23:12:34.181  INFO 75568 --- [    Test worker] tourGuide.service.TourGuideService       : Track Location for user internalUser7357
2022-10-02 23:12:34.181  INFO 75568 --- [pool-7-thread-1] tourGuide.service.TourGuideService       : Track Location for user internalUser8738
2022-10-02 23:12:34.181  INFO 75568 --- [    Test worker] tourGuide.service.TourGuideService       : Track Location for user internalUser8687
2022-10-02 23:12:34.181  INFO 75568 --- [pool-7-thread-1] tourGuide.service.TourGuideService       : Track Location for user internalUser7409
2022-10-02 23:12:34.181  INFO 75568 --- [    Test worker] tourGuide.service.TourGuideService       : Track Location for user internalUser8691
2022-10-02 23:12:34.181  INFO 75568 --- [pool-7-thread-1] tourGuide.service.TourGuideService       : Track Location for user internalUser8739
2022-10-02 23:12:34.181  INFO 75568 --- [    Test worker] tourGuide.service.TourGuideService       : Track Location for user internalUser8692
2022-10-02 23:12:34.181  INFO 75568 --- [pool-7-thread-1] tourGuide.service.TourGuideService       : Track Location for user internalUser7400
2022-10-02 23:12:34.181  INFO 75568 --- [    Test worker] tourGuide.service.TourGuideService       : Track Location for user internalUser6030
2022-10-02 23:12:34.181  INFO 75568 --- [pool-7-thread-1] tourGuide.service.TourGuideService       : Track Location for user internalUser8732
2022-10-02 23:12:34.181  INFO 75568 --- [    Test worker] tourGuide.service.TourGuideService       : Track Location for user internalUser7361
2022-10-02 23:12:34.181  INFO 75568 --- [pool-7-thread-1] tourGuide.service.TourGuideService       : Track Location for user internalUser8733
2022-10-02 23:12:34.181  INFO 75568 --- [    Test worker] tourGuide.service.TourGuideService       : Track Location for user internalUser7360
2022-10-02 23:12:34.181  INFO 75568 --- [pool-7-thread-1] tourGuide.service.TourGuideService       : Track Location for user internalUser7402
2022-10-02 23:12:34.181  INFO 75568 --- [    Test worker] tourGuide.service.TourGuideService       : Track Location for user internalUser8690
2022-10-02 23:12:34.181  INFO 75568 --- [pool-7-thread-1] tourGuide.service.TourGuideService       : Track Location for user internalUser8730
2022-10-02 23:12:34.181  INFO 75568 --- [    Test worker] tourGuide.service.TourGuideService       : Track Location for user internalUser1187
2022-10-02 23:12:34.181  INFO 75568 --- [pool-7-thread-1] tourGuide.service.TourGuideService       : Track Location for user internalUser7401
2022-10-02 23:12:34.181  INFO 75568 --- [    Test worker] tourGuide.service.TourGuideService       : Track Location for user internalUser9902
2022-10-02 23:12:34.181  INFO 75568 --- [pool-7-thread-1] tourGuide.service.TourGuideService       : Track Location for user internalUser8731
2022-10-02 23:12:34.181  INFO 75568 --- [    Test worker] tourGuide.service.TourGuideService       : Track Location for user internalUser1186
2022-10-02 23:12:34.181  INFO 75568 --- [pool-7-thread-1] tourGuide.service.TourGuideService       : Track Location for user internalUser7415
2022-10-02 23:12:34.181  INFO 75568 --- [    Test worker] tourGuide.service.TourGuideService       : Track Location for user internalUser9903
2022-10-02 23:12:34.181  INFO 75568 --- [pool-7-thread-1] tourGuide.service.TourGuideService       : Track Location for user internalUser8747
2022-10-02 23:12:34.181  INFO 75568 --- [    Test worker] tourGuide.service.TourGuideService       : Track Location for user internalUser1185
2022-10-02 23:12:34.181  INFO 75568 --- [pool-7-thread-1] tourGuide.service.TourGuideService       : Track Location for user internalUser7414
2022-10-02 23:12:34.181  INFO 75568 --- [    Test worker] tourGuide.service.TourGuideService       : Track Location for user internalUser9900
2022-10-02 23:12:34.181  INFO 75568 --- [pool-7-thread-1] tourGuide.service.TourGuideService       : Track Location for user internalUser8748
2022-10-02 23:12:34.181  INFO 75568 --- [    Test worker] tourGuide.service.TourGuideService       : Track Location for user internalUser1184
2022-10-02 23:12:34.181  INFO 75568 --- [pool-7-thread-1] tourGuide.service.TourGuideService       : Track Location for user internalUser7417
2022-10-02 23:12:34.181  INFO 75568 --- [    Test worker] tourGuide.service.TourGuideService       : Track Location for user internalUser9901
2022-10-02 23:12:34.181  INFO 75568 --- [pool-7-thread-1] tourGuide.service.TourGuideService       : Track Location for user internalUser8745
2022-10-02 23:12:34.181  INFO 75568 --- [    Test worker] tourGuide.service.TourGuideService       : Track Location for user internalUser1183
2022-10-02 23:12:34.181  INFO 75568 --- [pool-7-thread-1] tourGuide.service.TourGuideService       : Track Location for user internalUser7416
2022-10-02 23:12:34.181  INFO 75568 --- [    Test worker] tourGuide.service.TourGuideService       : Track Location for user internalUser9906
2022-10-02 23:12:34.181  INFO 75568 --- [pool-7-thread-1] tourGuide.service.TourGuideService       : Track Location for user internalUser8746
2022-10-02 23:12:34.181  INFO 75568 --- [    Test worker] tourGuide.service.TourGuideService       : Track Location for user internalUser1182
2022-10-02 23:12:34.181  INFO 75568 --- [pool-7-thread-1] tourGuide.service.TourGuideService       : Track Location for user internalUser7419
2022-10-02 23:12:34.181  INFO 75568 --- [    Test worker] tourGuide.service.TourGuideService       : Track Location for user internalUser9907
2022-10-02 23:12:34.181  INFO 75568 --- [pool-7-thread-1] tourGuide.service.TourGuideService       : Track Location for user internalUser7418
2022-10-02 23:12:34.181  INFO 75568 --- [    Test worker] tourGuide.service.TourGuideService       : Track Location for user internalUser1181
2022-10-02 23:12:34.181  INFO 75568 --- [pool-7-thread-1] tourGuide.service.TourGuideService       : Track Location for user internalUser8749
2022-10-02 23:12:34.181  INFO 75568 --- [pool-7-thread-1] tourGuide.service.TourGuideService       : Track Location for user internalUser8740
2022-10-02 23:12:34.181  INFO 75568 --- [pool-7-thread-1] tourGuide.service.TourGuideService       : Track Location for user internalUser7411
2022-10-02 23:12:34.181  INFO 75568 --- [pool-7-thread-1] tourGuide.service.TourGuideService       : Track Location for user internalUser8743
2022-10-02 23:12:34.181  INFO 75568 --- [pool-7-thread-1] tourGuide.service.TourGuideService       : Track Location for user internalUser7410
2022-10-02 23:12:34.181  INFO 75568 --- [    Test worker] tourGuide.service.TourGuideService       : Track Location for user internalUser9904
2022-10-02 23:12:34.181  INFO 75568 --- [pool-7-thread-1] tourGuide.service.TourGuideService       : Track Location for user internalUser8744
2022-10-02 23:12:34.181  INFO 75568 --- [    Test worker] tourGuide.service.TourGuideService       : Track Location for user internalUser1180
2022-10-02 23:12:34.181  INFO 75568 --- [pool-7-thread-1] tourGuide.service.TourGuideService       : Track Location for user internalUser7413
2022-10-02 23:12:34.181  INFO 75568 --- [pool-7-thread-1] tourGuide.service.TourGuideService       : Track Location for user internalUser8741
2022-10-02 23:12:34.181  INFO 75568 --- [    Test worker] tourGuide.service.TourGuideService       : Track Location for user internalUser9905
2022-10-02 23:12:34.181  INFO 75568 --- [pool-7-thread-1] tourGuide.service.TourGuideService       : Track Location for user internalUser7412
2022-10-02 23:12:34.181  INFO 75568 --- [    Test worker] tourGuide.service.TourGuideService       : Track Location for user internalUser1189
2022-10-02 23:12:34.181  INFO 75568 --- [pool-7-thread-1] tourGuide.service.TourGuideService       : Track Location for user internalUser8742
2022-10-02 23:12:34.181  INFO 75568 --- [    Test worker] tourGuide.service.TourGuideService       : Track Location for user internalUser1188
2022-10-02 23:12:34.181  INFO 75568 --- [pool-7-thread-1] tourGuide.service.TourGuideService       : Track Location for user internalUser8714
2022-10-02 23:12:34.181  INFO 75568 --- [    Test worker] tourGuide.service.TourGuideService       : Track Location for user internalUser1190
2022-10-02 23:12:34.181  INFO 75568 --- [pool-7-thread-1] tourGuide.service.TourGuideService       : Track Location for user internalUser8715
2022-10-02 23:12:34.181  INFO 75568 --- [    Test worker] tourGuide.service.TourGuideService       : Track Location for user internalUser9908
2022-10-02 23:12:34.181  INFO 75568 --- [pool-7-thread-1] tourGuide.service.TourGuideService       : Track Location for user internalUser8712
2022-10-02 23:12:34.181  INFO 75568 --- [    Test worker] tourGuide.service.TourGuideService       : Track Location for user internalUser9909
2022-10-02 23:12:34.181  INFO 75568 --- [pool-7-thread-1] tourGuide.service.TourGuideService       : Track Location for user internalUser8713
2022-10-02 23:12:34.181  INFO 75568 --- [    Test worker] tourGuide.service.TourGuideService       : Track Location for user internalUser1198
2022-10-02 23:12:34.181  INFO 75568 --- [pool-7-thread-1] tourGuide.service.TourGuideService       : Track Location for user internalUser8718
2022-10-02 23:12:34.181  INFO 75568 --- [    Test worker] tourGuide.service.TourGuideService       : Track Location for user internalUser9913
2022-10-02 23:12:34.181  INFO 75568 --- [pool-7-thread-1] tourGuide.service.TourGuideService       : Track Location for user internalUser8719
2022-10-02 23:12:34.181  INFO 75568 --- [    Test worker] tourGuide.service.TourGuideService       : Track Location for user internalUser1197
2022-10-02 23:12:34.181  INFO 75568 --- [pool-7-thread-1] tourGuide.service.TourGuideService       : Track Location for user internalUser8716
2022-10-02 23:12:34.181  INFO 75568 --- [    Test worker] tourGuide.service.TourGuideService       : Track Location for user internalUser9914
2022-10-02 23:12:34.181  INFO 75568 --- [pool-7-thread-1] tourGuide.service.TourGuideService       : Track Location for user internalUser8717
2022-10-02 23:12:34.181  INFO 75568 --- [    Test worker] tourGuide.service.TourGuideService       : Track Location for user internalUser1196
2022-10-02 23:12:34.181  INFO 75568 --- [pool-7-thread-1] tourGuide.service.TourGuideService       : Track Location for user internalUser8710
2022-10-02 23:12:34.181  INFO 75568 --- [    Test worker] tourGuide.service.TourGuideService       : Track Location for user internalUser9911
2022-10-02 23:12:34.181  INFO 75568 --- [pool-7-thread-1] tourGuide.service.TourGuideService       : Track Location for user internalUser8711
2022-10-02 23:12:34.181  INFO 75568 --- [    Test worker] tourGuide.service.TourGuideService       : Track Location for user internalUser1195
2022-10-02 23:12:34.181  INFO 75568 --- [pool-7-thread-1] tourGuide.service.TourGuideService       : Track Location for user internalUser8725
2022-10-02 23:12:34.181  INFO 75568 --- [    Test worker] tourGuide.service.TourGuideService       : Track Location for user internalUser9912
2022-10-02 23:12:34.181  INFO 75568 --- [pool-7-thread-1] tourGuide.service.TourGuideService       : Track Location for user internalUser8726
2022-10-02 23:12:34.181  INFO 75568 --- [    Test worker] tourGuide.service.TourGuideService       : Track Location for user internalUser1194
2022-10-02 23:12:34.181  INFO 75568 --- [pool-7-thread-1] tourGuide.service.TourGuideService       : Track Location for user internalUser8723
2022-10-02 23:12:34.181  INFO 75568 --- [    Test worker] tourGuide.service.TourGuideService       : Track Location for user internalUser9917
2022-10-02 23:12:34.181  INFO 75568 --- [pool-7-thread-1] tourGuide.service.TourGuideService       : Track Location for user internalUser8724
2022-10-02 23:12:34.181  INFO 75568 --- [    Test worker] tourGuide.service.TourGuideService       : Track Location for user internalUser1193
2022-10-02 23:12:34.181  INFO 75568 --- [pool-7-thread-1] tourGuide.service.TourGuideService       : Track Location for user internalUser8729
2022-10-02 23:12:34.181  INFO 75568 --- [    Test worker] tourGuide.service.TourGuideService       : Track Location for user internalUser9918
2022-10-02 23:12:34.181  INFO 75568 --- [pool-7-thread-1] tourGuide.service.TourGuideService       : Track Location for user internalUser8727
2022-10-02 23:12:34.181  INFO 75568 --- [    Test worker] tourGuide.service.TourGuideService       : Track Location for user internalUser1192
2022-10-02 23:12:34.181  INFO 75568 --- [pool-7-thread-1] tourGuide.service.TourGuideService       : Track Location for user internalUser8728
2022-10-02 23:12:34.181  INFO 75568 --- [    Test worker] tourGuide.service.TourGuideService       : Track Location for user internalUser9915
2022-10-02 23:12:34.181  INFO 75568 --- [pool-7-thread-1] tourGuide.service.TourGuideService       : Track Location for user internalUser8721
2022-10-02 23:12:34.181  INFO 75568 --- [    Test worker] tourGuide.service.TourGuideService       : Track Location for user internalUser1191
2022-10-02 23:12:34.181  INFO 75568 --- [pool-7-thread-1] tourGuide.service.TourGuideService       : Track Location for user internalUser8722
2022-10-02 23:12:34.181  INFO 75568 --- [    Test worker] tourGuide.service.TourGuideService       : Track Location for user internalUser9916
2022-10-02 23:12:34.181  INFO 75568 --- [pool-7-thread-1] tourGuide.service.TourGuideService       : Track Location for user internalUser8720
2022-10-02 23:12:34.181  INFO 75568 --- [    Test worker] tourGuide.service.TourGuideService       : Track Location for user internalUser9910
2022-10-02 23:12:34.181  INFO 75568 --- [pool-7-thread-1] tourGuide.service.TourGuideService       : Track Location for user internalUser1220
2022-10-02 23:12:34.181  INFO 75568 --- [    Test worker] tourGuide.service.TourGuideService       : Track Location for user internalUser1199
2022-10-02 23:12:34.181  INFO 75568 --- [pool-7-thread-1] tourGuide.service.TourGuideService       : Track Location for user internalUser2551
2022-10-02 23:12:34.181  INFO 75568 --- [    Test worker] tourGuide.service.TourGuideService       : Track Location for user internalUser9919
2022-10-02 23:12:34.181  INFO 75568 --- [pool-7-thread-1] tourGuide.service.TourGuideService       : Track Location for user internalUser3883
2022-10-02 23:12:34.181  INFO 75568 --- [    Test worker] tourGuide.service.TourGuideService       : Track Location for user internalUser1165
2022-10-02 23:12:34.181  INFO 75568 --- [pool-7-thread-1] tourGuide.service.TourGuideService       : Track Location for user internalUser2550
2022-10-02 23:12:34.181  INFO 75568 --- [    Test worker] tourGuide.service.TourGuideService       : Track Location for user internalUser2496
2022-10-02 23:12:34.181  INFO 75568 --- [pool-7-thread-1] tourGuide.service.TourGuideService       : Track Location for user internalUser3884
2022-10-02 23:12:34.181  INFO 75568 --- [    Test worker] tourGuide.service.TourGuideService       : Track Location for user internalUser1164
2022-10-02 23:12:34.181  INFO 75568 --- [pool-7-thread-1] tourGuide.service.TourGuideService       : Track Location for user internalUser3885
2022-10-02 23:12:34.181  INFO 75568 --- [    Test worker] tourGuide.service.TourGuideService       : Track Location for user internalUser2495
2022-10-02 23:12:34.181  INFO 75568 --- [pool-7-thread-1] tourGuide.service.TourGuideService       : Track Location for user internalUser3886
2022-10-02 23:12:34.181  INFO 75568 --- [    Test worker] tourGuide.service.TourGuideService       : Track Location for user internalUser1163
2022-10-02 23:12:34.181  INFO 75568 --- [pool-7-thread-1] tourGuide.service.TourGuideService       : Track Location for user internalUser3887
2022-10-02 23:12:34.181  INFO 75568 --- [    Test worker] tourGuide.service.TourGuideService       : Track Location for user internalUser2494
2022-10-02 23:12:34.181  INFO 75568 --- [pool-7-thread-1] tourGuide.service.TourGuideService       : Track Location for user internalUser3888
2022-10-02 23:12:34.181  INFO 75568 --- [    Test worker] tourGuide.service.TourGuideService       : Track Location for user internalUser1162
2022-10-02 23:12:34.181  INFO 75568 --- [pool-7-thread-1] tourGuide.service.TourGuideService       : Track Location for user internalUser3889
2022-10-02 23:12:34.181  INFO 75568 --- [    Test worker] tourGuide.service.TourGuideService       : Track Location for user internalUser2493
2022-10-02 23:12:34.181  INFO 75568 --- [pool-7-thread-1] tourGuide.service.TourGuideService       : Track Location for user internalUser1228
2022-10-02 23:12:34.181  INFO 75568 --- [    Test worker] tourGuide.service.TourGuideService       : Track Location for user internalUser1161
2022-10-02 23:12:34.181  INFO 75568 --- [pool-7-thread-1] tourGuide.service.TourGuideService       : Track Location for user internalUser2559
2022-10-02 23:12:34.181  INFO 75568 --- [    Test worker] tourGuide.service.TourGuideService       : Track Location for user internalUser2492
2022-10-02 23:12:34.181  INFO 75568 --- [pool-7-thread-1] tourGuide.service.TourGuideService       : Track Location for user internalUser1227
2022-10-02 23:12:34.181  INFO 75568 --- [    Test worker] tourGuide.service.TourGuideService       : Track Location for user internalUser1160
2022-10-02 23:12:34.181  INFO 75568 --- [pool-7-thread-1] tourGuide.service.TourGuideService       : Track Location for user internalUser2558
2022-10-02 23:12:34.181  INFO 75568 --- [    Test worker] tourGuide.service.TourGuideService       : Track Location for user internalUser2491
2022-10-02 23:12:34.181  INFO 75568 --- [pool-7-thread-1] tourGuide.service.TourGuideService       : Track Location for user internalUser1226
2022-10-02 23:12:34.181  INFO 75568 --- [    Test worker] tourGuide.service.TourGuideService       : Track Location for user internalUser2490
2022-10-02 23:12:34.181  INFO 75568 --- [pool-7-thread-1] tourGuide.service.TourGuideService       : Track Location for user internalUser2557
2022-10-02 23:12:34.181  INFO 75568 --- [    Test worker] tourGuide.service.TourGuideService       : Track Location for user internalUser1169
2022-10-02 23:12:34.181  INFO 75568 --- [pool-7-thread-1] tourGuide.service.TourGuideService       : Track Location for user internalUser1225
2022-10-02 23:12:34.181  INFO 75568 --- [    Test worker] tourGuide.service.TourGuideService       : Track Location for user internalUser1168
2022-10-02 23:12:34.181  INFO 75568 --- [pool-7-thread-1] tourGuide.service.TourGuideService       : Track Location for user internalUser2556
2022-10-02 23:12:34.181  INFO 75568 --- [    Test worker] tourGuide.service.TourGuideService       : Track Location for user internalUser2499
2022-10-02 23:12:34.181  INFO 75568 --- [pool-7-thread-1] tourGuide.service.TourGuideService       : Track Location for user internalUser1224
2022-10-02 23:12:34.181  INFO 75568 --- [    Test worker] tourGuide.service.TourGuideService       : Track Location for user internalUser1167
2022-10-02 23:12:34.182  INFO 75568 --- [pool-7-thread-1] tourGuide.service.TourGuideService       : Track Location for user internalUser2555
2022-10-02 23:12:34.182  INFO 75568 --- [    Test worker] tourGuide.service.TourGuideService       : Track Location for user internalUser2498
2022-10-02 23:12:34.182  INFO 75568 --- [pool-7-thread-1] tourGuide.service.TourGuideService       : Track Location for user internalUser1223
2022-10-02 23:12:34.182  INFO 75568 --- [    Test worker] tourGuide.service.TourGuideService       : Track Location for user internalUser1166
2022-10-02 23:12:34.182  INFO 75568 --- [pool-7-thread-1] tourGuide.service.TourGuideService       : Track Location for user internalUser2554
2022-10-02 23:12:34.182  INFO 75568 --- [    Test worker] tourGuide.service.TourGuideService       : Track Location for user internalUser2497
2022-10-02 23:12:34.182  INFO 75568 --- [pool-7-thread-1] tourGuide.service.TourGuideService       : Track Location for user internalUser3880
2022-10-02 23:12:34.182  INFO 75568 --- [    Test worker] tourGuide.service.TourGuideService       : Track Location for user internalUser1176
2022-10-02 23:12:34.182  INFO 75568 --- [pool-7-thread-1] tourGuide.service.TourGuideService       : Track Location for user internalUser1222
2022-10-02 23:12:34.182  INFO 75568 --- [pool-7-thread-1] tourGuide.service.TourGuideService       : Track Location for user internalUser2553
2022-10-02 23:12:34.182  INFO 75568 --- [    Test worker] tourGuide.service.TourGuideService       : Track Location for user internalUser1175
2022-10-02 23:12:34.182  INFO 75568 --- [pool-7-thread-1] tourGuide.service.TourGuideService       : Track Location for user internalUser3881
2022-10-02 23:12:34.182  INFO 75568 --- [    Test worker] tourGuide.service.TourGuideService       : Track Location for user internalUser1174
2022-10-02 23:12:34.182  INFO 75568 --- [pool-7-thread-1] tourGuide.service.TourGuideService       : Track Location for user internalUser1221
2022-10-02 23:12:34.182  INFO 75568 --- [    Test worker] tourGuide.service.TourGuideService       : Track Location for user internalUser1173
2022-10-02 23:12:34.182  INFO 75568 --- [pool-7-thread-1] tourGuide.service.TourGuideService       : Track Location for user internalUser2552
2022-10-02 23:12:34.182  INFO 75568 --- [    Test worker] tourGuide.service.TourGuideService       : Track Location for user internalUser1172
2022-10-02 23:12:34.182  INFO 75568 --- [pool-7-thread-1] tourGuide.service.TourGuideService       : Track Location for user internalUser3882
2022-10-02 23:12:34.182  INFO 75568 --- [    Test worker] tourGuide.service.TourGuideService       : Track Location for user internalUser1171
2022-10-02 23:12:34.182  INFO 75568 --- [pool-7-thread-1] tourGuide.service.TourGuideService       : Track Location for user internalUser1229
2022-10-02 23:12:34.182  INFO 75568 --- [pool-7-thread-1] tourGuide.service.TourGuideService       : Track Location for user internalUser1231
2022-10-02 23:12:34.182  INFO 75568 --- [    Test worker] tourGuide.service.TourGuideService       : Track Location for user internalUser1170
2022-10-02 23:12:34.182  INFO 75568 --- [    Test worker] tourGuide.service.TourGuideService       : Track Location for user internalUser1179
2022-10-02 23:12:34.182  INFO 75568 --- [    Test worker] tourGuide.service.TourGuideService       : Track Location for user internalUser1178
2022-10-02 23:12:34.182  INFO 75568 --- [pool-7-thread-1] tourGuide.service.TourGuideService       : Track Location for user internalUser2562
2022-10-02 23:12:34.182  INFO 75568 --- [    Test worker] tourGuide.service.TourGuideService       : Track Location for user internalUser1177
2022-10-02 23:12:34.182  INFO 75568 --- [pool-7-thread-1] tourGuide.service.TourGuideService       : Track Location for user internalUser3894
2022-10-02 23:12:34.182  INFO 75568 --- [    Test worker] tourGuide.service.TourGuideService       : Track Location for user internalUser8615
2022-10-02 23:12:34.182  INFO 75568 --- [pool-7-thread-1] tourGuide.service.TourGuideService       : Track Location for user internalUser1230
2022-10-02 23:12:34.182  INFO 75568 --- [    Test worker] tourGuide.service.TourGuideService       : Track Location for user internalUser9946
2022-10-02 23:12:34.182  INFO 75568 --- [pool-7-thread-1] tourGuide.service.TourGuideService       : Track Location for user internalUser2561
2022-10-02 23:12:34.182  INFO 75568 --- [    Test worker] tourGuide.service.TourGuideService       : Track Location for user internalUser8616
2022-10-02 23:12:34.182  INFO 75568 --- [pool-7-thread-1] tourGuide.service.TourGuideService       : Track Location for user internalUser3895
2022-10-02 23:12:34.182  INFO 75568 --- [    Test worker] tourGuide.service.TourGuideService       : Track Location for user internalUser9947
2022-10-02 23:12:34.182  INFO 75568 --- [pool-7-thread-1] tourGuide.service.TourGuideService       : Track Location for user internalUser2560
2022-10-02 23:12:34.182  INFO 75568 --- [    Test worker] tourGuide.service.TourGuideService       : Track Location for user internalUser8613
2022-10-02 23:12:34.182  INFO 75568 --- [pool-7-thread-1] tourGuide.service.TourGuideService       : Track Location for user internalUser3896
2022-10-02 23:12:34.182  INFO 75568 --- [    Test worker] tourGuide.service.TourGuideService       : Track Location for user internalUser9944
2022-10-02 23:12:34.182  INFO 75568 --- [pool-7-thread-1] tourGuide.service.TourGuideService       : Track Location for user internalUser3897
2022-10-02 23:12:34.182  INFO 75568 --- [    Test worker] tourGuide.service.TourGuideService       : Track Location for user internalUser8614
2022-10-02 23:12:34.182  INFO 75568 --- [pool-7-thread-1] tourGuide.service.TourGuideService       : Track Location for user internalUser3898
2022-10-02 23:12:34.182  INFO 75568 --- [    Test worker] tourGuide.service.TourGuideService       : Track Location for user internalUser9945
2022-10-02 23:12:34.182  INFO 75568 --- [pool-7-thread-1] tourGuide.service.TourGuideService       : Track Location for user internalUser3899
2022-10-02 23:12:34.182  INFO 75568 --- [    Test worker] tourGuide.service.TourGuideService       : Track Location for user internalUser8619
2022-10-02 23:12:34.182  INFO 75568 --- [pool-7-thread-1] tourGuide.service.TourGuideService       : Track Location for user internalUser1239
2022-10-02 23:12:34.182  INFO 75568 --- [pool-7-thread-1] tourGuide.service.TourGuideService       : Track Location for user internalUser1238
2022-10-02 23:12:34.182  INFO 75568 --- [    Test worker] tourGuide.service.TourGuideService       : Track Location for user internalUser8617
2022-10-02 23:12:34.182  INFO 75568 --- [pool-7-thread-1] tourGuide.service.TourGuideService       : Track Location for user internalUser2569
2022-10-02 23:12:34.182  INFO 75568 --- [    Test worker] tourGuide.service.TourGuideService       : Track Location for user internalUser9948
2022-10-02 23:12:34.182  INFO 75568 --- [pool-7-thread-1] tourGuide.service.TourGuideService       : Track Location for user internalUser1237
2022-10-02 23:12:34.182  INFO 75568 --- [    Test worker] tourGuide.service.TourGuideService       : Track Location for user internalUser8618
2022-10-02 23:12:34.182  INFO 75568 --- [pool-7-thread-1] tourGuide.service.TourGuideService       : Track Location for user internalUser2568
2022-10-02 23:12:34.182  INFO 75568 --- [    Test worker] tourGuide.service.TourGuideService       : Track Location for user internalUser9949
2022-10-02 23:12:34.182  INFO 75568 --- [pool-7-thread-1] tourGuide.service.TourGuideService       : Track Location for user internalUser1236
2022-10-02 23:12:34.182  INFO 75568 --- [    Test worker] tourGuide.service.TourGuideService       : Track Location for user internalUser8611
2022-10-02 23:12:34.182  INFO 75568 --- [pool-7-thread-1] tourGuide.service.TourGuideService       : Track Location for user internalUser2567
2022-10-02 23:12:34.182  INFO 75568 --- [    Test worker] tourGuide.service.TourGuideService       : Track Location for user internalUser9942
2022-10-02 23:12:34.182  INFO 75568 --- [pool-7-thread-1] tourGuide.service.TourGuideService       : Track Location for user internalUser1235
2022-10-02 23:12:34.182  INFO 75568 --- [    Test worker] tourGuide.service.TourGuideService       : Track Location for user internalUser8612
2022-10-02 23:12:34.182  INFO 75568 --- [pool-7-thread-1] tourGuide.service.TourGuideService       : Track Location for user internalUser2566
2022-10-02 23:12:34.182  INFO 75568 --- [    Test worker] tourGuide.service.TourGuideService       : Track Location for user internalUser9943
2022-10-02 23:12:34.182  INFO 75568 --- [pool-7-thread-1] tourGuide.service.TourGuideService       : Track Location for user internalUser3890
2022-10-02 23:12:34.182  INFO 75568 --- [    Test worker] tourGuide.service.TourGuideService       : Track Location for user internalUser9940
2022-10-02 23:12:34.182  INFO 75568 --- [pool-7-thread-1] tourGuide.service.TourGuideService       : Track Location for user internalUser1234
2022-10-02 23:12:34.182  INFO 75568 --- [    Test worker] tourGuide.service.TourGuideService       : Track Location for user internalUser8610
2022-10-02 23:12:34.182  INFO 75568 --- [pool-7-thread-1] tourGuide.service.TourGuideService       : Track Location for user internalUser2565
2022-10-02 23:12:34.182  INFO 75568 --- [    Test worker] tourGuide.service.TourGuideService       : Track Location for user internalUser9941
2022-10-02 23:12:34.182  INFO 75568 --- [pool-7-thread-1] tourGuide.service.TourGuideService       : Track Location for user internalUser3891
2022-10-02 23:12:34.182  INFO 75568 --- [    Test worker] tourGuide.service.TourGuideService       : Track Location for user internalUser8626
2022-10-02 23:12:34.182  INFO 75568 --- [pool-7-thread-1] tourGuide.service.TourGuideService       : Track Location for user internalUser1233
2022-10-02 23:12:34.182  INFO 75568 --- [    Test worker] tourGuide.service.TourGuideService       : Track Location for user internalUser9957
2022-10-02 23:12:34.182  INFO 75568 --- [pool-7-thread-1] tourGuide.service.TourGuideService       : Track Location for user internalUser2564
2022-10-02 23:12:34.182  INFO 75568 --- [    Test worker] tourGuide.service.TourGuideService       : Track Location for user internalUser8627
2022-10-02 23:12:34.182  INFO 75568 --- [    Test worker] tourGuide.service.TourGuideService       : Track Location for user internalUser9958
2022-10-02 23:12:34.182  INFO 75568 --- [    Test worker] tourGuide.service.TourGuideService       : Track Location for user internalUser8624
2022-10-02 23:12:34.182  INFO 75568 --- [pool-7-thread-1] tourGuide.service.TourGuideService       : Track Location for user internalUser3892
2022-10-02 23:12:34.182  INFO 75568 --- [    Test worker] tourGuide.service.TourGuideService       : Track Location for user internalUser9955
2022-10-02 23:12:34.182  INFO 75568 --- [pool-7-thread-1] tourGuide.service.TourGuideService       : Track Location for user internalUser1232
2022-10-02 23:12:34.182  INFO 75568 --- [    Test worker] tourGuide.service.TourGuideService       : Track Location for user internalUser8625
2022-10-02 23:12:34.182  INFO 75568 --- [pool-7-thread-1] tourGuide.service.TourGuideService       : Track Location for user internalUser2563
2022-10-02 23:12:34.182  INFO 75568 --- [pool-7-thread-1] tourGuide.service.TourGuideService       : Track Location for user internalUser3893
2022-10-02 23:12:34.182  INFO 75568 --- [pool-7-thread-1] tourGuide.service.TourGuideService       : Track Location for user internalUser3861
2022-10-02 23:12:34.182  INFO 75568 --- [    Test worker] tourGuide.service.TourGuideService       : Track Location for user internalUser9956
2022-10-02 23:12:34.182  INFO 75568 --- [pool-7-thread-1] tourGuide.service.TourGuideService       : Track Location for user internalUser3862
2022-10-02 23:12:34.182  INFO 75568 --- [    Test worker] tourGuide.service.TourGuideService       : Track Location for user internalUser8628
2022-10-02 23:12:34.182  INFO 75568 --- [pool-7-thread-1] tourGuide.service.TourGuideService       : Track Location for user internalUser3863
2022-10-02 23:12:34.182  INFO 75568 --- [    Test worker] tourGuide.service.TourGuideService       : Track Location for user internalUser9959
2022-10-02 23:12:34.182  INFO 75568 --- [pool-7-thread-1] tourGuide.service.TourGuideService       : Track Location for user internalUser3864
2022-10-02 23:12:34.182  INFO 75568 --- [    Test worker] tourGuide.service.TourGuideService       : Track Location for user internalUser8629
2022-10-02 23:12:34.182  INFO 75568 --- [    Test worker] tourGuide.service.TourGuideService       : Track Location for user internalUser9950
2022-10-02 23:12:34.182  INFO 75568 --- [    Test worker] tourGuide.service.TourGuideService       : Track Location for user internalUser8622
2022-10-02 23:12:34.182  INFO 75568 --- [pool-7-thread-1] tourGuide.service.TourGuideService       : Track Location for user internalUser3865
2022-10-02 23:12:34.182  INFO 75568 --- [    Test worker] tourGuide.service.TourGuideService       : Track Location for user internalUser9953
2022-10-02 23:12:34.182  INFO 75568 --- [pool-7-thread-1] tourGuide.service.TourGuideService       : Track Location for user internalUser3866
2022-10-02 23:12:34.182  INFO 75568 --- [    Test worker] tourGuide.service.TourGuideService       : Track Location for user internalUser8623
2022-10-02 23:12:34.182  INFO 75568 --- [pool-7-thread-1] tourGuide.service.TourGuideService       : Track Location for user internalUser3867
2022-10-02 23:12:34.182  INFO 75568 --- [    Test worker] tourGuide.service.TourGuideService       : Track Location for user internalUser9954
2022-10-02 23:12:34.182  INFO 75568 --- [pool-7-thread-1] tourGuide.service.TourGuideService       : Track Location for user internalUser3868
2022-10-02 23:12:34.182  INFO 75568 --- [    Test worker] tourGuide.service.TourGuideService       : Track Location for user internalUser8620
2022-10-02 23:12:34.182  INFO 75568 --- [pool-7-thread-1] tourGuide.service.TourGuideService       : Track Location for user internalUser1206
2022-10-02 23:12:34.182  INFO 75568 --- [    Test worker] tourGuide.service.TourGuideService       : Track Location for user internalUser9951
2022-10-02 23:12:34.182  INFO 75568 --- [pool-7-thread-1] tourGuide.service.TourGuideService       : Track Location for user internalUser2537
2022-10-02 23:12:34.182  INFO 75568 --- [pool-7-thread-1] tourGuide.service.TourGuideService       : Track Location for user internalUser1205
2022-10-02 23:12:34.182  INFO 75568 --- [pool-7-thread-1] tourGuide.service.TourGuideService       : Track Location for user internalUser2536
2022-10-02 23:12:34.182  INFO 75568 --- [pool-7-thread-1] tourGuide.service.TourGuideService       : Track Location for user internalUser1204
2022-10-02 23:12:34.182  INFO 75568 --- [pool-7-thread-1] tourGuide.service.TourGuideService       : Track Location for user internalUser2535
2022-10-02 23:12:34.182  INFO 75568 --- [pool-7-thread-1] tourGuide.service.TourGuideService       : Track Location for user internalUser1203
2022-10-02 23:12:34.182  INFO 75568 --- [pool-7-thread-1] tourGuide.service.TourGuideService       : Track Location for user internalUser2534
2022-10-02 23:12:34.182  INFO 75568 --- [    Test worker] tourGuide.service.TourGuideService       : Track Location for user internalUser8621
2022-10-02 23:12:34.182  INFO 75568 --- [pool-7-thread-1] tourGuide.service.TourGuideService       : Track Location for user internalUser1202
2022-10-02 23:12:34.182  INFO 75568 --- [    Test worker] tourGuide.service.TourGuideService       : Track Location for user internalUser9952
2022-10-02 23:12:34.182  INFO 75568 --- [pool-7-thread-1] tourGuide.service.TourGuideService       : Track Location for user internalUser2533
2022-10-02 23:12:34.182  INFO 75568 --- [    Test worker] tourGuide.service.TourGuideService       : Track Location for user internalUser9924
2022-10-02 23:12:34.183  INFO 75568 --- [pool-7-thread-1] tourGuide.service.TourGuideService       : Track Location for user internalUser1201
2022-10-02 23:12:34.183  INFO 75568 --- [    Test worker] tourGuide.service.TourGuideService       : Track Location for user internalUser9925
2022-10-02 23:12:34.183  INFO 75568 --- [pool-7-thread-1] tourGuide.service.TourGuideService       : Track Location for user internalUser2532
2022-10-02 23:12:34.183  INFO 75568 --- [    Test worker] tourGuide.service.TourGuideService       : Track Location for user internalUser9922
2022-10-02 23:12:34.183  INFO 75568 --- [pool-7-thread-1] tourGuide.service.TourGuideService       : Track Location for user internalUser1200
2022-10-02 23:12:34.183  INFO 75568 --- [    Test worker] tourGuide.service.TourGuideService       : Track Location for user internalUser9923
2022-10-02 23:12:34.183  INFO 75568 --- [    Test worker] tourGuide.service.TourGuideService       : Track Location for user internalUser9928
2022-10-02 23:12:34.183  INFO 75568 --- [pool-7-thread-1] tourGuide.service.TourGuideService       : Track Location for user internalUser2531
2022-10-02 23:12:34.183  INFO 75568 --- [    Test worker] tourGuide.service.TourGuideService       : Track Location for user internalUser9929
2022-10-02 23:12:34.183  INFO 75568 --- [pool-7-thread-1] tourGuide.service.TourGuideService       : Track Location for user internalUser2530
2022-10-02 23:12:34.183  INFO 75568 --- [    Test worker] tourGuide.service.TourGuideService       : Track Location for user internalUser9926
2022-10-02 23:12:34.183  INFO 75568 --- [pool-7-thread-1] tourGuide.service.TourGuideService       : Track Location for user internalUser3860
2022-10-02 23:12:34.183  INFO 75568 --- [    Test worker] tourGuide.service.TourGuideService       : Track Location for user internalUser9927
2022-10-02 23:12:34.183  INFO 75568 --- [pool-7-thread-1] tourGuide.service.TourGuideService       : Track Location for user internalUser1209
2022-10-02 23:12:34.183  INFO 75568 --- [    Test worker] tourGuide.service.TourGuideService       : Track Location for user internalUser9920
2022-10-02 23:12:34.183  INFO 75568 --- [pool-7-thread-1] tourGuide.service.TourGuideService       : Track Location for user internalUser1208
2022-10-02 23:12:34.183  INFO 75568 --- [    Test worker] tourGuide.service.TourGuideService       : Track Location for user internalUser9921
2022-10-02 23:12:34.183  INFO 75568 --- [pool-7-thread-1] tourGuide.service.TourGuideService       : Track Location for user internalUser2539
2022-10-02 23:12:34.183  INFO 75568 --- [    Test worker] tourGuide.service.TourGuideService       : Track Location for user internalUser8604
2022-10-02 23:12:34.183  INFO 75568 --- [pool-7-thread-1] tourGuide.service.TourGuideService       : Track Location for user internalUser1207
2022-10-02 23:12:34.183  INFO 75568 --- [    Test worker] tourGuide.service.TourGuideService       : Track Location for user internalUser9935
2022-10-02 23:12:34.183  INFO 75568 --- [pool-7-thread-1] tourGuide.service.TourGuideService       : Track Location for user internalUser2538
2022-10-02 23:12:34.183  INFO 75568 --- [    Test worker] tourGuide.service.TourGuideService       : Track Location for user internalUser8605
2022-10-02 23:12:34.183  INFO 75568 --- [pool-7-thread-1] tourGuide.service.TourGuideService       : Track Location for user internalUser3869
2022-10-02 23:12:34.183  INFO 75568 --- [    Test worker] tourGuide.service.TourGuideService       : Track Location for user internalUser9936
2022-10-02 23:12:34.183  INFO 75568 --- [    Test worker] tourGuide.service.TourGuideService       : Track Location for user internalUser8602
2022-10-02 23:12:34.183  INFO 75568 --- [    Test worker] tourGuide.service.TourGuideService       : Track Location for user internalUser9933
2022-10-02 23:12:34.183  INFO 75568 --- [    Test worker] tourGuide.service.TourGuideService       : Track Location for user internalUser8603
2022-10-02 23:12:34.183  INFO 75568 --- [pool-7-thread-1] tourGuide.service.TourGuideService       : Track Location for user internalUser2540
2022-10-02 23:12:34.183  INFO 75568 --- [    Test worker] tourGuide.service.TourGuideService       : Track Location for user internalUser9934
2022-10-02 23:12:34.183  INFO 75568 --- [pool-7-thread-1] tourGuide.service.TourGuideService       : Track Location for user internalUser3872
2022-10-02 23:12:34.183  INFO 75568 --- [    Test worker] tourGuide.service.TourGuideService       : Track Location for user internalUser8608
2022-10-02 23:12:34.183  INFO 75568 --- [pool-7-thread-1] tourGuide.service.TourGuideService       : Track Location for user internalUser3873
2022-10-02 23:12:34.183  INFO 75568 --- [    Test worker] tourGuide.service.TourGuideService       : Track Location for user internalUser9939
2022-10-02 23:12:34.183  INFO 75568 --- [pool-7-thread-1] tourGuide.service.TourGuideService       : Track Location for user internalUser3874
2022-10-02 23:12:34.183  INFO 75568 --- [    Test worker] tourGuide.service.TourGuideService       : Track Location for user internalUser8609
2022-10-02 23:12:34.183  INFO 75568 --- [pool-7-thread-1] tourGuide.service.TourGuideService       : Track Location for user internalUser3875
2022-10-02 23:12:34.183  INFO 75568 --- [    Test worker] tourGuide.service.TourGuideService       : Track Location for user internalUser8606
2022-10-02 23:12:34.183  INFO 75568 --- [pool-7-thread-1] tourGuide.service.TourGuideService       : Track Location for user internalUser3876
2022-10-02 23:12:34.183  INFO 75568 --- [    Test worker] tourGuide.service.TourGuideService       : Track Location for user internalUser9937
2022-10-02 23:12:34.183  INFO 75568 --- [pool-7-thread-1] tourGuide.service.TourGuideService       : Track Location for user internalUser3877
2022-10-02 23:12:34.183  INFO 75568 --- [    Test worker] tourGuide.service.TourGuideService       : Track Location for user internalUser8607
2022-10-02 23:12:34.183  INFO 75568 --- [pool-7-thread-1] tourGuide.service.TourGuideService       : Track Location for user internalUser3878
2022-10-02 23:12:34.183  INFO 75568 --- [    Test worker] tourGuide.service.TourGuideService       : Track Location for user internalUser9938
2022-10-02 23:12:34.183  INFO 75568 --- [pool-7-thread-1] tourGuide.service.TourGuideService       : Track Location for user internalUser3879
2022-10-02 23:12:34.183  INFO 75568 --- [    Test worker] tourGuide.service.TourGuideService       : Track Location for user internalUser8600
2022-10-02 23:12:34.183  INFO 75568 --- [pool-7-thread-1] tourGuide.service.TourGuideService       : Track Location for user internalUser1217
2022-10-02 23:12:34.183  INFO 75568 --- [    Test worker] tourGuide.service.TourGuideService       : Track Location for user internalUser9931
2022-10-02 23:12:34.183  INFO 75568 --- [pool-7-thread-1] tourGuide.service.TourGuideService       : Track Location for user internalUser2548
2022-10-02 23:12:34.183  INFO 75568 --- [    Test worker] tourGuide.service.TourGuideService       : Track Location for user internalUser8601
2022-10-02 23:12:34.183  INFO 75568 --- [pool-7-thread-1] tourGuide.service.TourGuideService       : Track Location for user internalUser1216
2022-10-02 23:12:34.183  INFO 75568 --- [    Test worker] tourGuide.service.TourGuideService       : Track Location for user internalUser9932
2022-10-02 23:12:34.183  INFO 75568 --- [pool-7-thread-1] tourGuide.service.TourGuideService       : Track Location for user internalUser2547
2022-10-02 23:12:34.183  INFO 75568 --- [    Test worker] tourGuide.service.TourGuideService       : Track Location for user internalUser9930
2022-10-02 23:12:34.183  INFO 75568 --- [pool-7-thread-1] tourGuide.service.TourGuideService       : Track Location for user internalUser1215
2022-10-02 23:12:34.183  INFO 75568 --- [    Test worker] tourGuide.service.TourGuideService       : Track Location for user internalUser2430
2022-10-02 23:12:34.183  INFO 75568 --- [pool-7-thread-1] tourGuide.service.TourGuideService       : Track Location for user internalUser2546
2022-10-02 23:12:34.183  INFO 75568 --- [    Test worker] tourGuide.service.TourGuideService       : Track Location for user internalUser3762
2022-10-02 23:12:34.183  INFO 75568 --- [pool-7-thread-1] tourGuide.service.TourGuideService       : Track Location for user internalUser1214
2022-10-02 23:12:34.183  INFO 75568 --- [    Test worker] tourGuide.service.TourGuideService       : Track Location for user internalUser3763
2022-10-02 23:12:34.183  INFO 75568 --- [pool-7-thread-1] tourGuide.service.TourGuideService       : Track Location for user internalUser2545
2022-10-02 23:12:34.183  INFO 75568 --- [    Test worker] tourGuide.service.TourGuideService       : Track Location for user internalUser3764
2022-10-02 23:12:34.183  INFO 75568 --- [pool-7-thread-1] tourGuide.service.TourGuideService       : Track Location for user internalUser1213
2022-10-02 23:12:34.183  INFO 75568 --- [    Test worker] tourGuide.service.TourGuideService       : Track Location for user internalUser3765
2022-10-02 23:12:34.183  INFO 75568 --- [pool-7-thread-1] tourGuide.service.TourGuideService       : Track Location for user internalUser2544
2022-10-02 23:12:34.183  INFO 75568 --- [    Test worker] tourGuide.service.TourGuideService       : Track Location for user internalUser3766
2022-10-02 23:12:34.183  INFO 75568 --- [pool-7-thread-1] tourGuide.service.TourGuideService       : Track Location for user internalUser1212
2022-10-02 23:12:34.183  INFO 75568 --- [    Test worker] tourGuide.service.TourGuideService       : Track Location for user internalUser3767
2022-10-02 23:12:34.183  INFO 75568 --- [pool-7-thread-1] tourGuide.service.TourGuideService       : Track Location for user internalUser2543
2022-10-02 23:12:34.183  INFO 75568 --- [    Test worker] tourGuide.service.TourGuideService       : Track Location for user internalUser3768
2022-10-02 23:12:34.183  INFO 75568 --- [pool-7-thread-1] tourGuide.service.TourGuideService       : Track Location for user internalUser1211
2022-10-02 23:12:34.183  INFO 75568 --- [    Test worker] tourGuide.service.TourGuideService       : Track Location for user internalUser3769
2022-10-02 23:12:34.183  INFO 75568 --- [pool-7-thread-1] tourGuide.service.TourGuideService       : Track Location for user internalUser2542
2022-10-02 23:12:34.183  INFO 75568 --- [    Test worker] tourGuide.service.TourGuideService       : Track Location for user internalUser1107
2022-10-02 23:12:34.183  INFO 75568 --- [pool-7-thread-1] tourGuide.service.TourGuideService       : Track Location for user internalUser3870
2022-10-02 23:12:34.183  INFO 75568 --- [    Test worker] tourGuide.service.TourGuideService       : Track Location for user internalUser2438
2022-10-02 23:12:34.183  INFO 75568 --- [pool-7-thread-1] tourGuide.service.TourGuideService       : Track Location for user internalUser1210
2022-10-02 23:12:34.183  INFO 75568 --- [    Test worker] tourGuide.service.TourGuideService       : Track Location for user internalUser1106
2022-10-02 23:12:34.183  INFO 75568 --- [pool-7-thread-1] tourGuide.service.TourGuideService       : Track Location for user internalUser2541
2022-10-02 23:12:34.183  INFO 75568 --- [    Test worker] tourGuide.service.TourGuideService       : Track Location for user internalUser2437
2022-10-02 23:12:34.183  INFO 75568 --- [pool-7-thread-1] tourGuide.service.TourGuideService       : Track Location for user internalUser3871
2022-10-02 23:12:34.183  INFO 75568 --- [    Test worker] tourGuide.service.TourGuideService       : Track Location for user internalUser1105
2022-10-02 23:12:34.183  INFO 75568 --- [pool-7-thread-1] tourGuide.service.TourGuideService       : Track Location for user internalUser1219
2022-10-02 23:12:34.183  INFO 75568 --- [    Test worker] tourGuide.service.TourGuideService       : Track Location for user internalUser2436
2022-10-02 23:12:34.183  INFO 75568 --- [pool-7-thread-1] tourGuide.service.TourGuideService       : Track Location for user internalUser1218
2022-10-02 23:12:34.183  INFO 75568 --- [    Test worker] tourGuide.service.TourGuideService       : Track Location for user internalUser1104
2022-10-02 23:12:34.183  INFO 75568 --- [pool-7-thread-1] tourGuide.service.TourGuideService       : Track Location for user internalUser2549
2022-10-02 23:12:34.183  INFO 75568 --- [    Test worker] tourGuide.service.TourGuideService       : Track Location for user internalUser2435
2022-10-02 23:12:34.183  INFO 75568 --- [pool-7-thread-1] tourGuide.service.TourGuideService       : Track Location for user internalUser1264
2022-10-02 23:12:34.183  INFO 75568 --- [    Test worker] tourGuide.service.TourGuideService       : Track Location for user internalUser1103
2022-10-02 23:12:34.183  INFO 75568 --- [pool-7-thread-1] tourGuide.service.TourGuideService       : Track Location for user internalUser2595
2022-10-02 23:12:34.183  INFO 75568 --- [    Test worker] tourGuide.service.TourGuideService       : Track Location for user internalUser2434
2022-10-02 23:12:34.183  INFO 75568 --- [pool-7-thread-1] tourGuide.service.TourGuideService       : Track Location for user internalUser1263
2022-10-02 23:12:34.183  INFO 75568 --- [    Test worker] tourGuide.service.TourGuideService       : Track Location for user internalUser1102
2022-10-02 23:12:34.183  INFO 75568 --- [pool-7-thread-1] tourGuide.service.TourGuideService       : Track Location for user internalUser2594
2022-10-02 23:12:34.183  INFO 75568 --- [    Test worker] tourGuide.service.TourGuideService       : Track Location for user internalUser2433
2022-10-02 23:12:34.183  INFO 75568 --- [pool-7-thread-1] tourGuide.service.TourGuideService       : Track Location for user internalUser1262
2022-10-02 23:12:34.183  INFO 75568 --- [    Test worker] tourGuide.service.TourGuideService       : Track Location for user internalUser1101
2022-10-02 23:12:34.183  INFO 75568 --- [pool-7-thread-1] tourGuide.service.TourGuideService       : Track Location for user internalUser2593
2022-10-02 23:12:34.183  INFO 75568 --- [    Test worker] tourGuide.service.TourGuideService       : Track Location for user internalUser2432
2022-10-02 23:12:34.183  INFO 75568 --- [pool-7-thread-1] tourGuide.service.TourGuideService       : Track Location for user internalUser1261
2022-10-02 23:12:34.183  INFO 75568 --- [    Test worker] tourGuide.service.TourGuideService       : Track Location for user internalUser3760
2022-10-02 23:12:34.183  INFO 75568 --- [pool-7-thread-1] tourGuide.service.TourGuideService       : Track Location for user internalUser2592
2022-10-02 23:12:34.183  INFO 75568 --- [    Test worker] tourGuide.service.TourGuideService       : Track Location for user internalUser1100
2022-10-02 23:12:34.183  INFO 75568 --- [pool-7-thread-1] tourGuide.service.TourGuideService       : Track Location for user internalUser1260
2022-10-02 23:12:34.183  INFO 75568 --- [    Test worker] tourGuide.service.TourGuideService       : Track Location for user internalUser2431
2022-10-02 23:12:34.183  INFO 75568 --- [pool-7-thread-1] tourGuide.service.TourGuideService       : Track Location for user internalUser2591
2022-10-02 23:12:34.183  INFO 75568 --- [    Test worker] tourGuide.service.TourGuideService       : Track Location for user internalUser3761
2022-10-02 23:12:34.183  INFO 75568 --- [pool-7-thread-1] tourGuide.service.TourGuideService       : Track Location for user internalUser2590
2022-10-02 23:12:34.183  INFO 75568 --- [    Test worker] tourGuide.service.TourGuideService       : Track Location for user internalUser1109
2022-10-02 23:12:34.183  INFO 75568 --- [pool-7-thread-1] tourGuide.service.TourGuideService       : Track Location for user internalUser1269
2022-10-02 23:12:34.183  INFO 75568 --- [    Test worker] tourGuide.service.TourGuideService       : Track Location for user internalUser1108
2022-10-02 23:12:34.183  INFO 75568 --- [pool-7-thread-1] tourGuide.service.TourGuideService       : Track Location for user internalUser1268
2022-10-02 23:12:34.183  INFO 75568 --- [    Test worker] tourGuide.service.TourGuideService       : Track Location for user internalUser2439
2022-10-02 23:12:34.183  INFO 75568 --- [pool-7-thread-1] tourGuide.service.TourGuideService       : Track Location for user internalUser2599
2022-10-02 23:12:34.183  INFO 75568 --- [    Test worker] tourGuide.service.TourGuideService       : Track Location for user internalUser1110
2022-10-02 23:12:34.183  INFO 75568 --- [pool-7-thread-1] tourGuide.service.TourGuideService       : Track Location for user internalUser1267
2022-10-02 23:12:34.183  INFO 75568 --- [    Test worker] tourGuide.service.TourGuideService       : Track Location for user internalUser2441
2022-10-02 23:12:34.183  INFO 75568 --- [pool-7-thread-1] tourGuide.service.TourGuideService       : Track Location for user internalUser2598
2022-10-02 23:12:34.183  INFO 75568 --- [    Test worker] tourGuide.service.TourGuideService       : Track Location for user internalUser3773
2022-10-02 23:12:34.183  INFO 75568 --- [pool-7-thread-1] tourGuide.service.TourGuideService       : Track Location for user internalUser1266
2022-10-02 23:12:34.183  INFO 75568 --- [    Test worker] tourGuide.service.TourGuideService       : Track Location for user internalUser2440
2022-10-02 23:12:34.183  INFO 75568 --- [pool-7-thread-1] tourGuide.service.TourGuideService       : Track Location for user internalUser2597
2022-10-02 23:12:34.183  INFO 75568 --- [    Test worker] tourGuide.service.TourGuideService       : Track Location for user internalUser3774
2022-10-02 23:12:34.183  INFO 75568 --- [pool-7-thread-1] tourGuide.service.TourGuideService       : Track Location for user internalUser1265
2022-10-02 23:12:34.183  INFO 75568 --- [    Test worker] tourGuide.service.TourGuideService       : Track Location for user internalUser3775
2022-10-02 23:12:34.183  INFO 75568 --- [pool-7-thread-1] tourGuide.service.TourGuideService       : Track Location for user internalUser2596
2022-10-02 23:12:34.183  INFO 75568 --- [    Test worker] tourGuide.service.TourGuideService       : Track Location for user internalUser3776
2022-10-02 23:12:34.183  INFO 75568 --- [pool-7-thread-1] tourGuide.service.TourGuideService       : Track Location for user internalUser1275
2022-10-02 23:12:34.183  INFO 75568 --- [    Test worker] tourGuide.service.TourGuideService       : Track Location for user internalUser3777
2022-10-02 23:12:34.183  INFO 75568 --- [pool-7-thread-1] tourGuide.service.TourGuideService       : Track Location for user internalUser1274
2022-10-02 23:12:34.183  INFO 75568 --- [    Test worker] tourGuide.service.TourGuideService       : Track Location for user internalUser3778
2022-10-02 23:12:34.183  INFO 75568 --- [pool-7-thread-1] tourGuide.service.TourGuideService       : Track Location for user internalUser1273
2022-10-02 23:12:34.183  INFO 75568 --- [    Test worker] tourGuide.service.TourGuideService       : Track Location for user internalUser3779
2022-10-02 23:12:34.183  INFO 75568 --- [pool-7-thread-1] tourGuide.service.TourGuideService       : Track Location for user internalUser1272
2022-10-02 23:12:34.183  INFO 75568 --- [    Test worker] tourGuide.service.TourGuideService       : Track Location for user internalUser1118
2022-10-02 23:12:34.183  INFO 75568 --- [pool-7-thread-1] tourGuide.service.TourGuideService       : Track Location for user internalUser1271
2022-10-02 23:12:34.183  INFO 75568 --- [    Test worker] tourGuide.service.TourGuideService       : Track Location for user internalUser2449
2022-10-02 23:12:34.183  INFO 75568 --- [pool-7-thread-1] tourGuide.service.TourGuideService       : Track Location for user internalUser1270
2022-10-02 23:12:34.183  INFO 75568 --- [    Test worker] tourGuide.service.TourGuideService       : Track Location for user internalUser1117
2022-10-02 23:12:34.183  INFO 75568 --- [pool-7-thread-1] tourGuide.service.TourGuideService       : Track Location for user internalUser1279
2022-10-02 23:12:34.183  INFO 75568 --- [    Test worker] tourGuide.service.TourGuideService       : Track Location for user internalUser2448
2022-10-02 23:12:34.183  INFO 75568 --- [pool-7-thread-1] tourGuide.service.TourGuideService       : Track Location for user internalUser1278
2022-10-02 23:12:34.183  INFO 75568 --- [    Test worker] tourGuide.service.TourGuideService       : Track Location for user internalUser1116
2022-10-02 23:12:34.183  INFO 75568 --- [pool-7-thread-1] tourGuide.service.TourGuideService       : Track Location for user internalUser1277
2022-10-02 23:12:34.183  INFO 75568 --- [    Test worker] tourGuide.service.TourGuideService       : Track Location for user internalUser2447
2022-10-02 23:12:34.183  INFO 75568 --- [pool-7-thread-1] tourGuide.service.TourGuideService       : Track Location for user internalUser1276
2022-10-02 23:12:34.183  INFO 75568 --- [    Test worker] tourGuide.service.TourGuideService       : Track Location for user internalUser1115
2022-10-02 23:12:34.183  INFO 75568 --- [pool-7-thread-1] tourGuide.service.TourGuideService       : Track Location for user internalUser1242
2022-10-02 23:12:34.183  INFO 75568 --- [    Test worker] tourGuide.service.TourGuideService       : Track Location for user internalUser2446
2022-10-02 23:12:34.183  INFO 75568 --- [    Test worker] tourGuide.service.TourGuideService       : Track Location for user internalUser1114
2022-10-02 23:12:34.183  INFO 75568 --- [pool-7-thread-1] tourGuide.service.TourGuideService       : Track Location for user internalUser2573
2022-10-02 23:12:34.183  INFO 75568 --- [    Test worker] tourGuide.service.TourGuideService       : Track Location for user internalUser2445
2022-10-02 23:12:34.183  INFO 75568 --- [pool-7-thread-1] tourGuide.service.TourGuideService       : Track Location for user internalUser1241
2022-10-02 23:12:34.183  INFO 75568 --- [    Test worker] tourGuide.service.TourGuideService       : Track Location for user internalUser1113
2022-10-02 23:12:34.183  INFO 75568 --- [pool-7-thread-1] tourGuide.service.TourGuideService       : Track Location for user internalUser2572
2022-10-02 23:12:34.183  INFO 75568 --- [    Test worker] tourGuide.service.TourGuideService       : Track Location for user internalUser2444
2022-10-02 23:12:34.183  INFO 75568 --- [pool-7-thread-1] tourGuide.service.TourGuideService       : Track Location for user internalUser1240
2022-10-02 23:12:34.183  INFO 75568 --- [    Test worker] tourGuide.service.TourGuideService       : Track Location for user internalUser3770
2022-10-02 23:12:34.183  INFO 75568 --- [pool-7-thread-1] tourGuide.service.TourGuideService       : Track Location for user internalUser2571
2022-10-02 23:12:34.183  INFO 75568 --- [    Test worker] tourGuide.service.TourGuideService       : Track Location for user internalUser1112
2022-10-02 23:12:34.183  INFO 75568 --- [pool-7-thread-1] tourGuide.service.TourGuideService       : Track Location for user internalUser2570
2022-10-02 23:12:34.183  INFO 75568 --- [    Test worker] tourGuide.service.TourGuideService       : Track Location for user internalUser2443
2022-10-02 23:12:34.183  INFO 75568 --- [pool-7-thread-1] tourGuide.service.TourGuideService       : Track Location for user internalUser1249
2022-10-02 23:12:34.183  INFO 75568 --- [    Test worker] tourGuide.service.TourGuideService       : Track Location for user internalUser3771
2022-10-02 23:12:34.183  INFO 75568 --- [pool-7-thread-1] tourGuide.service.TourGuideService       : Track Location for user internalUser1248
2022-10-02 23:12:34.183  INFO 75568 --- [    Test worker] tourGuide.service.TourGuideService       : Track Location for user internalUser1111
2022-10-02 23:12:34.183  INFO 75568 --- [pool-7-thread-1] tourGuide.service.TourGuideService       : Track Location for user internalUser2579
2022-10-02 23:12:34.183  INFO 75568 --- [    Test worker] tourGuide.service.TourGuideService       : Track Location for user internalUser2442
2022-10-02 23:12:34.183  INFO 75568 --- [pool-7-thread-1] tourGuide.service.TourGuideService       : Track Location for user internalUser1247
2022-10-02 23:12:34.183  INFO 75568 --- [    Test worker] tourGuide.service.TourGuideService       : Track Location for user internalUser3772
2022-10-02 23:12:34.183  INFO 75568 --- [pool-7-thread-1] tourGuide.service.TourGuideService       : Track Location for user internalUser2578
2022-10-02 23:12:34.183  INFO 75568 --- [    Test worker] tourGuide.service.TourGuideService       : Track Location for user internalUser1119
2022-10-02 23:12:34.183  INFO 75568 --- [pool-7-thread-1] tourGuide.service.TourGuideService       : Track Location for user internalUser1246
2022-10-02 23:12:34.183  INFO 75568 --- [    Test worker] tourGuide.service.TourGuideService       : Track Location for user internalUser3740
2022-10-02 23:12:34.183  INFO 75568 --- [pool-7-thread-1] tourGuide.service.TourGuideService       : Track Location for user internalUser2577
2022-10-02 23:12:34.183  INFO 75568 --- [    Test worker] tourGuide.service.TourGuideService       : Track Location for user internalUser3741
2022-10-02 23:12:34.183  INFO 75568 --- [pool-7-thread-1] tourGuide.service.TourGuideService       : Track Location for user internalUser1245
2022-10-02 23:12:34.183  INFO 75568 --- [    Test worker] tourGuide.service.TourGuideService       : Track Location for user internalUser3742
2022-10-02 23:12:34.183  INFO 75568 --- [pool-7-thread-1] tourGuide.service.TourGuideService       : Track Location for user internalUser2576
2022-10-02 23:12:34.183  INFO 75568 --- [    Test worker] tourGuide.service.TourGuideService       : Track Location for user internalUser3743
2022-10-02 23:12:34.183  INFO 75568 --- [pool-7-thread-1] tourGuide.service.TourGuideService       : Track Location for user internalUser1244
2022-10-02 23:12:34.183  INFO 75568 --- [    Test worker] tourGuide.service.TourGuideService       : Track Location for user internalUser3744
2022-10-02 23:12:34.183  INFO 75568 --- [pool-7-thread-1] tourGuide.service.TourGuideService       : Track Location for user internalUser2575
2022-10-02 23:12:34.183  INFO 75568 --- [    Test worker] tourGuide.service.TourGuideService       : Track Location for user internalUser3745
2022-10-02 23:12:34.183  INFO 75568 --- [pool-7-thread-1] tourGuide.service.TourGuideService       : Track Location for user internalUser1243
2022-10-02 23:12:34.184  INFO 75568 --- [pool-7-thread-1] tourGuide.service.TourGuideService       : Track Location for user internalUser2574
2022-10-02 23:12:34.184  INFO 75568 --- [pool-7-thread-1] tourGuide.service.TourGuideService       : Track Location for user internalUser1253
2022-10-02 23:12:34.184  INFO 75568 --- [    Test worker] tourGuide.service.TourGuideService       : Track Location for user internalUser3746
2022-10-02 23:12:34.184  INFO 75568 --- [pool-7-thread-1] tourGuide.service.TourGuideService       : Track Location for user internalUser2584
2022-10-02 23:12:34.184  INFO 75568 --- [    Test worker] tourGuide.service.TourGuideService       : Track Location for user internalUser3747
2022-10-02 23:12:34.184  INFO 75568 --- [pool-7-thread-1] tourGuide.service.TourGuideService       : Track Location for user internalUser1252
2022-10-02 23:12:34.184  INFO 75568 --- [    Test worker] tourGuide.service.TourGuideService       : Track Location for user internalUser2416
2022-10-02 23:12:34.184  INFO 75568 --- [pool-7-thread-1] tourGuide.service.TourGuideService       : Track Location for user internalUser2583
2022-10-02 23:12:34.184  INFO 75568 --- [pool-7-thread-1] tourGuide.service.TourGuideService       : Track Location for user internalUser1251
2022-10-02 23:12:34.184  INFO 75568 --- [    Test worker] tourGuide.service.TourGuideService       : Track Location for user internalUser2415
2022-10-02 23:12:34.184  INFO 75568 --- [pool-7-thread-1] tourGuide.service.TourGuideService       : Track Location for user internalUser2582
2022-10-02 23:12:34.184  INFO 75568 --- [    Test worker] tourGuide.service.TourGuideService       : Track Location for user internalUser2414
2022-10-02 23:12:34.184  INFO 75568 --- [pool-7-thread-1] tourGuide.service.TourGuideService       : Track Location for user internalUser1250
2022-10-02 23:12:34.184  INFO 75568 --- [    Test worker] tourGuide.service.TourGuideService       : Track Location for user internalUser2413
2022-10-02 23:12:34.184  INFO 75568 --- [pool-7-thread-1] tourGuide.service.TourGuideService       : Track Location for user internalUser2581
2022-10-02 23:12:34.184  INFO 75568 --- [    Test worker] tourGuide.service.TourGuideService       : Track Location for user internalUser2412
2022-10-02 23:12:34.184  INFO 75568 --- [pool-7-thread-1] tourGuide.service.TourGuideService       : Track Location for user internalUser2580
2022-10-02 23:12:34.184  INFO 75568 --- [    Test worker] tourGuide.service.TourGuideService       : Track Location for user internalUser2411
2022-10-02 23:12:34.184  INFO 75568 --- [pool-7-thread-1] tourGuide.service.TourGuideService       : Track Location for user internalUser1259
2022-10-02 23:12:34.184  INFO 75568 --- [    Test worker] tourGuide.service.TourGuideService       : Track Location for user internalUser2410
2022-10-02 23:12:34.184  INFO 75568 --- [    Test worker] tourGuide.service.TourGuideService       : Track Location for user internalUser2419
2022-10-02 23:12:34.184  INFO 75568 --- [pool-7-thread-1] tourGuide.service.TourGuideService       : Track Location for user internalUser1258
2022-10-02 23:12:34.184  INFO 75568 --- [    Test worker] tourGuide.service.TourGuideService       : Track Location for user internalUser2418
2022-10-02 23:12:34.184  INFO 75568 --- [pool-7-thread-1] tourGuide.service.TourGuideService       : Track Location for user internalUser2589
2022-10-02 23:12:34.184  INFO 75568 --- [    Test worker] tourGuide.service.TourGuideService       : Track Location for user internalUser2417
2022-10-02 23:12:34.184  INFO 75568 --- [pool-7-thread-1] tourGuide.service.TourGuideService       : Track Location for user internalUser1257
2022-10-02 23:12:34.184  INFO 75568 --- [    Test worker] tourGuide.service.TourGuideService       : Track Location for user internalUser3748
2022-10-02 23:12:34.184  INFO 75568 --- [pool-7-thread-1] tourGuide.service.TourGuideService       : Track Location for user internalUser2588
2022-10-02 23:12:34.184  INFO 75568 --- [    Test worker] tourGuide.service.TourGuideService       : Track Location for user internalUser3749
2022-10-02 23:12:34.184  INFO 75568 --- [pool-7-thread-1] tourGuide.service.TourGuideService       : Track Location for user internalUser1256
2022-10-02 23:12:34.184  INFO 75568 --- [    Test worker] tourGuide.service.TourGuideService       : Track Location for user internalUser3751
2022-10-02 23:12:34.184  INFO 75568 --- [pool-7-thread-1] tourGuide.service.TourGuideService       : Track Location for user internalUser2587
2022-10-02 23:12:34.184  INFO 75568 --- [    Test worker] tourGuide.service.TourGuideService       : Track Location for user internalUser3752
2022-10-02 23:12:34.184  INFO 75568 --- [pool-7-thread-1] tourGuide.service.TourGuideService       : Track Location for user internalUser1255
2022-10-02 23:12:34.184  INFO 75568 --- [    Test worker] tourGuide.service.TourGuideService       : Track Location for user internalUser3753
2022-10-02 23:12:34.184  INFO 75568 --- [pool-7-thread-1] tourGuide.service.TourGuideService       : Track Location for user internalUser2586
2022-10-02 23:12:34.184  INFO 75568 --- [    Test worker] tourGuide.service.TourGuideService       : Track Location for user internalUser3754
2022-10-02 23:12:34.184  INFO 75568 --- [pool-7-thread-1] tourGuide.service.TourGuideService       : Track Location for user internalUser1254
2022-10-02 23:12:34.184  INFO 75568 --- [    Test worker] tourGuide.service.TourGuideService       : Track Location for user internalUser3755
2022-10-02 23:12:34.184  INFO 75568 --- [pool-7-thread-1] tourGuide.service.TourGuideService       : Track Location for user internalUser2585
2022-10-02 23:12:34.184  INFO 75568 --- [    Test worker] tourGuide.service.TourGuideService       : Track Location for user internalUser3756
2022-10-02 23:12:34.184  INFO 75568 --- [    Test worker] tourGuide.service.TourGuideService       : Track Location for user internalUser3757
2022-10-02 23:12:34.184  INFO 75568 --- [    Test worker] tourGuide.service.TourGuideService       : Track Location for user internalUser3758
2022-10-02 23:12:34.184  INFO 75568 --- [    Test worker] tourGuide.service.TourGuideService       : Track Location for user internalUser2427
2022-10-02 23:12:34.184  INFO 75568 --- [    Test worker] tourGuide.service.TourGuideService       : Track Location for user internalUser2426
2022-10-02 23:12:34.184  INFO 75568 --- [    Test worker] tourGuide.service.TourGuideService       : Track Location for user internalUser2425
2022-10-02 23:12:34.184  INFO 75568 --- [    Test worker] tourGuide.service.TourGuideService       : Track Location for user internalUser2424
2022-10-02 23:12:34.184  INFO 75568 --- [    Test worker] tourGuide.service.TourGuideService       : Track Location for user internalUser2423
2022-10-02 23:12:34.184  INFO 75568 --- [    Test worker] tourGuide.service.TourGuideService       : Track Location for user internalUser2422
2022-10-02 23:12:34.184  INFO 75568 --- [    Test worker] tourGuide.service.TourGuideService       : Track Location for user internalUser2421
2022-10-02 23:12:34.184  INFO 75568 --- [    Test worker] tourGuide.service.TourGuideService       : Track Location for user internalUser2420
2022-10-02 23:12:34.184  INFO 75568 --- [    Test worker] tourGuide.service.TourGuideService       : Track Location for user internalUser3750
2022-10-02 23:12:34.184  INFO 75568 --- [    Test worker] tourGuide.service.TourGuideService       : Track Location for user internalUser2429
2022-10-02 23:12:34.184  INFO 75568 --- [    Test worker] tourGuide.service.TourGuideService       : Track Location for user internalUser2428
2022-10-02 23:12:34.184  INFO 75568 --- [    Test worker] tourGuide.service.TourGuideService       : Track Location for user internalUser3759
2022-10-02 23:12:34.184  INFO 75568 --- [    Test worker] tourGuide.service.TourGuideService       : Track Location for user internalUser1143
2022-10-02 23:12:34.184  INFO 75568 --- [    Test worker] tourGuide.service.TourGuideService       : Track Location for user internalUser2474
2022-10-02 23:12:34.184  INFO 75568 --- [    Test worker] tourGuide.service.TourGuideService       : Track Location for user internalUser1142
2022-10-02 23:12:34.184  INFO 75568 --- [    Test worker] tourGuide.service.TourGuideService       : Track Location for user internalUser2473
2022-10-02 23:12:34.184  INFO 75568 --- [    Test worker] tourGuide.service.TourGuideService       : Track Location for user internalUser1141
2022-10-02 23:12:34.184  INFO 75568 --- [    Test worker] tourGuide.service.TourGuideService       : Track Location for user internalUser2472
2022-10-02 23:12:34.184  INFO 75568 --- [    Test worker] tourGuide.service.TourGuideService       : Track Location for user internalUser1140
2022-10-02 23:12:34.184  INFO 75568 --- [    Test worker] tourGuide.service.TourGuideService       : Track Location for user internalUser2471
2022-10-02 23:12:34.184  INFO 75568 --- [    Test worker] tourGuide.service.TourGuideService       : Track Location for user internalUser2470
2022-10-02 23:12:34.184  INFO 75568 --- [    Test worker] tourGuide.service.TourGuideService       : Track Location for user internalUser1149
2022-10-02 23:12:34.184  INFO 75568 --- [    Test worker] tourGuide.service.TourGuideService       : Track Location for user internalUser1148
2022-10-02 23:12:34.184  INFO 75568 --- [    Test worker] tourGuide.service.TourGuideService       : Track Location for user internalUser2479
2022-10-02 23:12:34.184  INFO 75568 --- [    Test worker] tourGuide.service.TourGuideService       : Track Location for user internalUser1147
2022-10-02 23:12:34.184  INFO 75568 --- [    Test worker] tourGuide.service.TourGuideService       : Track Location for user internalUser2478
2022-10-02 23:12:34.184  INFO 75568 --- [    Test worker] tourGuide.service.TourGuideService       : Track Location for user internalUser1146
2022-10-02 23:12:34.184  INFO 75568 --- [    Test worker] tourGuide.service.TourGuideService       : Track Location for user internalUser2477
2022-10-02 23:12:34.184 DEBUG 75568 --- [pool-7-thread-1] tourGuide.tracker.Tracker                : Tracker Time Elapsed: 1 seconds.
2022-10-02 23:12:34.184  INFO 75568 --- [    Test worker] tourGuide.service.TourGuideService       : Track Location for user internalUser1145
2022-10-02 23:12:34.184  INFO 75568 --- [    Test worker] tourGuide.service.TourGuideService       : Track Location for user internalUser2476
2022-10-02 23:12:34.184  INFO 75568 --- [    Test worker] tourGuide.service.TourGuideService       : Track Location for user internalUser1144
2022-10-02 23:12:34.184  INFO 75568 --- [    Test worker] tourGuide.service.TourGuideService       : Track Location for user internalUser2475
2022-10-02 23:12:34.184  INFO 75568 --- [    Test worker] tourGuide.service.TourGuideService       : Track Location for user internalUser1154
2022-10-02 23:12:34.184  INFO 75568 --- [    Test worker] tourGuide.service.TourGuideService       : Track Location for user internalUser2485
2022-10-02 23:12:34.184  INFO 75568 --- [    Test worker] tourGuide.service.TourGuideService       : Track Location for user internalUser1153
2022-10-02 23:12:34.184 DEBUG 75568 --- [pool-7-thread-1] tourGuide.tracker.Tracker                : Tracker sleeping
2022-10-02 23:12:34.184  INFO 75568 --- [    Test worker] tourGuide.service.TourGuideService       : Track Location for user internalUser2484
2022-10-02 23:12:34.184  INFO 75568 --- [    Test worker] tourGuide.service.TourGuideService       : Track Location for user internalUser1152
2022-10-02 23:12:34.184  INFO 75568 --- [    Test worker] tourGuide.service.TourGuideService       : Track Location for user internalUser2483
2022-10-02 23:12:34.184  INFO 75568 --- [    Test worker] tourGuide.service.TourGuideService       : Track Location for user internalUser1151
2022-10-02 23:12:34.184  INFO 75568 --- [    Test worker] tourGuide.service.TourGuideService       : Track Location for user internalUser2482
2022-10-02 23:12:34.184  INFO 75568 --- [    Test worker] tourGuide.service.TourGuideService       : Track Location for user internalUser1150
2022-10-02 23:12:34.184  INFO 75568 --- [    Test worker] tourGuide.service.TourGuideService       : Track Location for user internalUser2481
2022-10-02 23:12:34.184  INFO 75568 --- [    Test worker] tourGuide.service.TourGuideService       : Track Location for user internalUser2480
2022-10-02 23:12:34.184  INFO 75568 --- [    Test worker] tourGuide.service.TourGuideService       : Track Location for user internalUser1159
2022-10-02 23:12:34.184  INFO 75568 --- [    Test worker] tourGuide.service.TourGuideService       : Track Location for user internalUser1158
2022-10-02 23:12:34.184  INFO 75568 --- [    Test worker] tourGuide.service.TourGuideService       : Track Location for user internalUser2489
2022-10-02 23:12:34.184  INFO 75568 --- [    Test worker] tourGuide.service.TourGuideService       : Track Location for user internalUser1157
2022-10-02 23:12:34.184  INFO 75568 --- [    Test worker] tourGuide.service.TourGuideService       : Track Location for user internalUser2488
2022-10-02 23:12:34.184  INFO 75568 --- [    Test worker] tourGuide.service.TourGuideService       : Track Location for user internalUser1156
2022-10-02 23:12:34.184  INFO 75568 --- [    Test worker] tourGuide.service.TourGuideService       : Track Location for user internalUser2487
2022-10-02 23:12:34.184  INFO 75568 --- [    Test worker] tourGuide.service.TourGuideService       : Track Location for user internalUser1155
2022-10-02 23:12:34.184  INFO 75568 --- [    Test worker] tourGuide.service.TourGuideService       : Track Location for user internalUser2486
2022-10-02 23:12:34.184  INFO 75568 --- [    Test worker] tourGuide.service.TourGuideService       : Track Location for user internalUser1121
2022-10-02 23:12:34.184  INFO 75568 --- [    Test worker] tourGuide.service.TourGuideService       : Track Location for user internalUser2452
2022-10-02 23:12:34.184  INFO 75568 --- [    Test worker] tourGuide.service.TourGuideService       : Track Location for user internalUser3784
2022-10-02 23:12:34.184  INFO 75568 --- [    Test worker] tourGuide.service.TourGuideService       : Track Location for user internalUser1120
2022-10-02 23:12:34.184  INFO 75568 --- [    Test worker] tourGuide.service.TourGuideService       : Track Location for user internalUser2451
2022-10-02 23:12:34.184  INFO 75568 --- [    Test worker] tourGuide.service.TourGuideService       : Track Location for user internalUser3785
2022-10-02 23:12:34.184  INFO 75568 --- [    Test worker] tourGuide.service.TourGuideService       : Track Location for user internalUser2450
2022-10-02 23:12:34.184  INFO 75568 --- [    Test worker] tourGuide.service.TourGuideService       : Track Location for user internalUser3786
2022-10-02 23:12:34.184  INFO 75568 --- [    Test worker] tourGuide.service.TourGuideService       : Track Location for user internalUser3787
2022-10-02 23:12:34.184  INFO 75568 --- [    Test worker] tourGuide.service.TourGuideService       : Track Location for user internalUser3788
2022-10-02 23:12:34.184  INFO 75568 --- [    Test worker] tourGuide.service.TourGuideService       : Track Location for user internalUser3789
2022-10-02 23:12:34.184  INFO 75568 --- [    Test worker] tourGuide.service.TourGuideService       : Track Location for user internalUser1129
2022-10-02 23:12:34.184  INFO 75568 --- [    Test worker] tourGuide.service.TourGuideService       : Track Location for user internalUser1128
2022-10-02 23:12:34.184  INFO 75568 --- [    Test worker] tourGuide.service.TourGuideService       : Track Location for user internalUser2459
2022-10-02 23:12:34.184  INFO 75568 --- [    Test worker] tourGuide.service.TourGuideService       : Track Location for user internalUser1127
2022-10-02 23:12:34.184  INFO 75568 --- [    Test worker] tourGuide.service.TourGuideService       : Track Location for user internalUser2458
2022-10-02 23:12:34.184  INFO 75568 --- [    Test worker] tourGuide.service.TourGuideService       : Track Location for user internalUser1126
2022-10-02 23:12:34.184  INFO 75568 --- [    Test worker] tourGuide.service.TourGuideService       : Track Location for user internalUser2457
2022-10-02 23:12:34.184  INFO 75568 --- [    Test worker] tourGuide.service.TourGuideService       : Track Location for user internalUser1125
2022-10-02 23:12:34.184  INFO 75568 --- [    Test worker] tourGuide.service.TourGuideService       : Track Location for user internalUser2456
2022-10-02 23:12:34.184  INFO 75568 --- [    Test worker] tourGuide.service.TourGuideService       : Track Location for user internalUser3780
2022-10-02 23:12:34.184  INFO 75568 --- [    Test worker] tourGuide.service.TourGuideService       : Track Location for user internalUser1124
2022-10-02 23:12:34.184  INFO 75568 --- [    Test worker] tourGuide.service.TourGuideService       : Track Location for user internalUser2455
2022-10-02 23:12:34.184  INFO 75568 --- [    Test worker] tourGuide.service.TourGuideService       : Track Location for user internalUser3781
2022-10-02 23:12:34.184  INFO 75568 --- [    Test worker] tourGuide.service.TourGuideService       : Track Location for user internalUser1123
2022-10-02 23:12:34.184  INFO 75568 --- [    Test worker] tourGuide.service.TourGuideService       : Track Location for user internalUser2454
2022-10-02 23:12:34.184  INFO 75568 --- [    Test worker] tourGuide.service.TourGuideService       : Track Location for user internalUser3782
2022-10-02 23:12:34.184  INFO 75568 --- [    Test worker] tourGuide.service.TourGuideService       : Track Location for user internalUser1122
2022-10-02 23:12:34.184  INFO 75568 --- [    Test worker] tourGuide.service.TourGuideService       : Track Location for user internalUser2453
2022-10-02 23:12:34.184  INFO 75568 --- [    Test worker] tourGuide.service.TourGuideService       : Track Location for user internalUser3783
2022-10-02 23:12:34.184  INFO 75568 --- [    Test worker] tourGuide.service.TourGuideService       : Track Location for user internalUser1132
2022-10-02 23:12:34.184  INFO 75568 --- [    Test worker] tourGuide.service.TourGuideService       : Track Location for user internalUser2463
2022-10-02 23:12:34.184  INFO 75568 --- [    Test worker] tourGuide.service.TourGuideService       : Track Location for user internalUser3795
2022-10-02 23:12:34.184  INFO 75568 --- [    Test worker] tourGuide.service.TourGuideService       : Track Location for user internalUser1131
2022-10-02 23:12:34.185  INFO 75568 --- [    Test worker] tourGuide.service.TourGuideService       : Track Location for user internalUser2462
2022-10-02 23:12:34.185  INFO 75568 --- [    Test worker] tourGuide.service.TourGuideService       : Track Location for user internalUser3796
2022-10-02 23:12:34.185  INFO 75568 --- [    Test worker] tourGuide.service.TourGuideService       : Track Location for user internalUser1130
2022-10-02 23:12:34.185  INFO 75568 --- [    Test worker] tourGuide.service.TourGuideService       : Track Location for user internalUser2461
2022-10-02 23:12:34.185  INFO 75568 --- [    Test worker] tourGuide.service.TourGuideService       : Track Location for user internalUser3797
2022-10-02 23:12:34.185  INFO 75568 --- [    Test worker] tourGuide.service.TourGuideService       : Track Location for user internalUser2460
2022-10-02 23:12:34.185  INFO 75568 --- [    Test worker] tourGuide.service.TourGuideService       : Track Location for user internalUser3798
2022-10-02 23:12:34.185  INFO 75568 --- [    Test worker] tourGuide.service.TourGuideService       : Track Location for user internalUser3799
2022-10-02 23:12:34.185  INFO 75568 --- [    Test worker] tourGuide.service.TourGuideService       : Track Location for user internalUser1139
2022-10-02 23:12:34.185  INFO 75568 --- [    Test worker] tourGuide.service.TourGuideService       : Track Location for user internalUser1138
2022-10-02 23:12:34.185  INFO 75568 --- [    Test worker] tourGuide.service.TourGuideService       : Track Location for user internalUser2469
2022-10-02 23:12:34.185  INFO 75568 --- [    Test worker] tourGuide.service.TourGuideService       : Track Location for user internalUser1137
2022-10-02 23:12:34.185  INFO 75568 --- [    Test worker] tourGuide.service.TourGuideService       : Track Location for user internalUser2468
2022-10-02 23:12:34.185  INFO 75568 --- [    Test worker] tourGuide.service.TourGuideService       : Track Location for user internalUser3790
2022-10-02 23:12:34.185  INFO 75568 --- [    Test worker] tourGuide.service.TourGuideService       : Track Location for user internalUser1136
2022-10-02 23:12:34.185  INFO 75568 --- [    Test worker] tourGuide.service.TourGuideService       : Track Location for user internalUser2467
2022-10-02 23:12:34.185  INFO 75568 --- [    Test worker] tourGuide.service.TourGuideService       : Track Location for user internalUser3791
2022-10-02 23:12:34.185  INFO 75568 --- [    Test worker] tourGuide.service.TourGuideService       : Track Location for user internalUser1135
2022-10-02 23:12:34.185  INFO 75568 --- [    Test worker] tourGuide.service.TourGuideService       : Track Location for user internalUser2466
2022-10-02 23:12:34.185  INFO 75568 --- [    Test worker] tourGuide.service.TourGuideService       : Track Location for user internalUser3792
2022-10-02 23:12:34.185  INFO 75568 --- [    Test worker] tourGuide.service.TourGuideService       : Track Location for user internalUser1134
2022-10-02 23:12:34.185  INFO 75568 --- [    Test worker] tourGuide.service.TourGuideService       : Track Location for user internalUser2465
2022-10-02 23:12:34.185  INFO 75568 --- [    Test worker] tourGuide.service.TourGuideService       : Track Location for user internalUser3793
2022-10-02 23:12:34.185  INFO 75568 --- [    Test worker] tourGuide.service.TourGuideService       : Track Location for user internalUser1133
2022-10-02 23:12:34.185  INFO 75568 --- [    Test worker] tourGuide.service.TourGuideService       : Track Location for user internalUser2464
2022-10-02 23:12:34.185  INFO 75568 --- [    Test worker] tourGuide.service.TourGuideService       : Track Location for user internalUser3794
2022-10-02 23:12:34.185  INFO 75568 --- [    Test worker] tourGuide.service.TourGuideService       : Track Location for user internalUser3920
2022-10-02 23:12:34.185  INFO 75568 --- [    Test worker] tourGuide.service.TourGuideService       : Track Location for user internalUser3921
2022-10-02 23:12:34.185  INFO 75568 --- [    Test worker] tourGuide.service.TourGuideService       : Track Location for user internalUser3922
2022-10-02 23:12:34.185  INFO 75568 --- [    Test worker] tourGuide.service.TourGuideService       : Track Location for user internalUser3923
2022-10-02 23:12:34.185  INFO 75568 --- [    Test worker] tourGuide.service.TourGuideService       : Track Location for user internalUser6197
2022-10-02 23:12:34.185  INFO 75568 --- [    Test worker] tourGuide.service.TourGuideService       : Track Location for user internalUser6196
2022-10-02 23:12:34.185  INFO 75568 --- [    Test worker] tourGuide.service.TourGuideService       : Track Location for user internalUser6199
2022-10-02 23:12:34.185  INFO 75568 --- [    Test worker] tourGuide.service.TourGuideService       : Track Location for user internalUser6198
2022-10-02 23:12:34.185  INFO 75568 --- [    Test worker] tourGuide.service.TourGuideService       : Track Location for user internalUser3924
2022-10-02 23:12:34.185  INFO 75568 --- [    Test worker] tourGuide.service.TourGuideService       : Track Location for user internalUser3925
2022-10-02 23:12:34.185  INFO 75568 --- [    Test worker] tourGuide.service.TourGuideService       : Track Location for user internalUser3926
2022-10-02 23:12:34.185  INFO 75568 --- [    Test worker] tourGuide.service.TourGuideService       : Track Location for user internalUser3927
2022-10-02 23:12:34.185  INFO 75568 --- [    Test worker] tourGuide.service.TourGuideService       : Track Location for user internalUser3928
2022-10-02 23:12:34.185  INFO 75568 --- [    Test worker] tourGuide.service.TourGuideService       : Track Location for user internalUser3929
2022-10-02 23:12:34.185  INFO 75568 --- [    Test worker] tourGuide.service.TourGuideService       : Track Location for user internalUser3930
2022-10-02 23:12:34.185  INFO 75568 --- [    Test worker] tourGuide.service.TourGuideService       : Track Location for user internalUser3931
2022-10-02 23:12:34.185  INFO 75568 --- [    Test worker] tourGuide.service.TourGuideService       : Track Location for user internalUser3932
2022-10-02 23:12:34.185  INFO 75568 --- [    Test worker] tourGuide.service.TourGuideService       : Track Location for user internalUser3933
2022-10-02 23:12:34.185  INFO 75568 --- [    Test worker] tourGuide.service.TourGuideService       : Track Location for user internalUser3934
2022-10-02 23:12:34.185  INFO 75568 --- [    Test worker] tourGuide.service.TourGuideService       : Track Location for user internalUser2603
2022-10-02 23:12:34.185  INFO 75568 --- [    Test worker] tourGuide.service.TourGuideService       : Track Location for user internalUser2602
2022-10-02 23:12:34.185  INFO 75568 --- [    Test worker] tourGuide.service.TourGuideService       : Track Location for user internalUser2601
2022-10-02 23:12:34.185  INFO 75568 --- [    Test worker] tourGuide.service.TourGuideService       : Track Location for user internalUser2600
2022-10-02 23:12:34.185  INFO 75568 --- [    Test worker] tourGuide.service.TourGuideService       : Track Location for user internalUser2609
2022-10-02 23:12:34.185  INFO 75568 --- [    Test worker] tourGuide.service.TourGuideService       : Track Location for user internalUser2608
2022-10-02 23:12:34.185  INFO 75568 --- [    Test worker] tourGuide.service.TourGuideService       : Track Location for user internalUser2607
2022-10-02 23:12:34.185  INFO 75568 --- [    Test worker] tourGuide.service.TourGuideService       : Track Location for user internalUser2606
2022-10-02 23:12:34.185  INFO 75568 --- [    Test worker] tourGuide.service.TourGuideService       : Track Location for user internalUser2605
2022-10-02 23:12:34.185  INFO 75568 --- [    Test worker] tourGuide.service.TourGuideService       : Track Location for user internalUser2604
2022-10-02 23:12:34.185  INFO 75568 --- [    Test worker] tourGuide.service.TourGuideService       : Track Location for user internalUser3935
2022-10-02 23:12:34.185  INFO 75568 --- [    Test worker] tourGuide.service.TourGuideService       : Track Location for user internalUser3936
2022-10-02 23:12:34.185  INFO 75568 --- [    Test worker] tourGuide.service.TourGuideService       : Track Location for user internalUser3937
2022-10-02 23:12:34.185  INFO 75568 --- [    Test worker] tourGuide.service.TourGuideService       : Track Location for user internalUser3938
2022-10-02 23:12:34.185  INFO 75568 --- [    Test worker] tourGuide.service.TourGuideService       : Track Location for user internalUser3939
2022-10-02 23:12:34.185  INFO 75568 --- [    Test worker] tourGuide.service.TourGuideService       : Track Location for user internalUser3900
2022-10-02 23:12:34.185  INFO 75568 --- [    Test worker] tourGuide.service.TourGuideService       : Track Location for user internalUser3901
2022-10-02 23:12:34.185  INFO 75568 --- [    Test worker] tourGuide.service.TourGuideService       : Track Location for user internalUser6175
2022-10-02 23:12:34.185  INFO 75568 --- [    Test worker] tourGuide.service.TourGuideService       : Track Location for user internalUser6174
2022-10-02 23:12:34.185  INFO 75568 --- [    Test worker] tourGuide.service.TourGuideService       : Track Location for user internalUser6177
2022-10-02 23:12:34.185  INFO 75568 --- [    Test worker] tourGuide.service.TourGuideService       : Track Location for user internalUser6176
2022-10-02 23:12:34.185  INFO 75568 --- [    Test worker] tourGuide.service.TourGuideService       : Track Location for user internalUser6179
2022-10-02 23:12:34.185  INFO 75568 --- [    Test worker] tourGuide.service.TourGuideService       : Track Location for user internalUser6178
2022-10-02 23:12:34.185  INFO 75568 --- [    Test worker] tourGuide.service.TourGuideService       : Track Location for user internalUser6180
2022-10-02 23:12:34.185  INFO 75568 --- [    Test worker] tourGuide.service.TourGuideService       : Track Location for user internalUser6182
2022-10-02 23:12:34.185  INFO 75568 --- [    Test worker] tourGuide.service.TourGuideService       : Track Location for user internalUser6181
2022-10-02 23:12:34.185  INFO 75568 --- [    Test worker] tourGuide.service.TourGuideService       : Track Location for user internalUser6184
2022-10-02 23:12:34.185  INFO 75568 --- [    Test worker] tourGuide.service.TourGuideService       : Track Location for user internalUser6183
2022-10-02 23:12:34.185  INFO 75568 --- [    Test worker] tourGuide.service.TourGuideService       : Track Location for user internalUser3902
2022-10-02 23:12:34.185  INFO 75568 --- [    Test worker] tourGuide.service.TourGuideService       : Track Location for user internalUser3903
2022-10-02 23:12:34.185  INFO 75568 --- [    Test worker] tourGuide.service.TourGuideService       : Track Location for user internalUser3904
2022-10-02 23:12:34.185  INFO 75568 --- [    Test worker] tourGuide.service.TourGuideService       : Track Location for user internalUser3905
2022-10-02 23:12:34.185  INFO 75568 --- [    Test worker] tourGuide.service.TourGuideService       : Track Location for user internalUser3906
2022-10-02 23:12:34.185  INFO 75568 --- [    Test worker] tourGuide.service.TourGuideService       : Track Location for user internalUser3907
2022-10-02 23:12:34.185  INFO 75568 --- [    Test worker] tourGuide.service.TourGuideService       : Track Location for user internalUser3908
2022-10-02 23:12:34.185  INFO 75568 --- [    Test worker] tourGuide.service.TourGuideService       : Track Location for user internalUser3909
2022-10-02 23:12:34.185  INFO 75568 --- [    Test worker] tourGuide.service.TourGuideService       : Track Location for user internalUser3910
2022-10-02 23:12:34.185  INFO 75568 --- [    Test worker] tourGuide.service.TourGuideService       : Track Location for user internalUser3911
2022-10-02 23:12:34.185  INFO 75568 --- [    Test worker] tourGuide.service.TourGuideService       : Track Location for user internalUser3912
2022-10-02 23:12:34.185  INFO 75568 --- [    Test worker] tourGuide.service.TourGuideService       : Track Location for user internalUser6186
2022-10-02 23:12:34.185  INFO 75568 --- [    Test worker] tourGuide.service.TourGuideService       : Track Location for user internalUser6185
2022-10-02 23:12:34.185  INFO 75568 --- [    Test worker] tourGuide.service.TourGuideService       : Track Location for user internalUser6188
2022-10-02 23:12:34.185  INFO 75568 --- [    Test worker] tourGuide.service.TourGuideService       : Track Location for user internalUser6187
2022-10-02 23:12:34.185  INFO 75568 --- [    Test worker] tourGuide.service.TourGuideService       : Track Location for user internalUser6189
2022-10-02 23:12:34.185  INFO 75568 --- [    Test worker] tourGuide.service.TourGuideService       : Track Location for user internalUser6191
2022-10-02 23:12:34.185  INFO 75568 --- [    Test worker] tourGuide.service.TourGuideService       : Track Location for user internalUser6190
2022-10-02 23:12:34.185  INFO 75568 --- [    Test worker] tourGuide.service.TourGuideService       : Track Location for user internalUser6193
2022-10-02 23:12:34.185  INFO 75568 --- [    Test worker] tourGuide.service.TourGuideService       : Track Location for user internalUser6192
2022-10-02 23:12:34.185  INFO 75568 --- [    Test worker] tourGuide.service.TourGuideService       : Track Location for user internalUser6195
2022-10-02 23:12:34.185  INFO 75568 --- [    Test worker] tourGuide.service.TourGuideService       : Track Location for user internalUser6194
2022-10-02 23:12:34.185  INFO 75568 --- [    Test worker] tourGuide.service.TourGuideService       : Track Location for user internalUser3913
2022-10-02 23:12:34.185  INFO 75568 --- [    Test worker] tourGuide.service.TourGuideService       : Track Location for user internalUser3914
2022-10-02 23:12:34.185  INFO 75568 --- [    Test worker] tourGuide.service.TourGuideService       : Track Location for user internalUser3915
2022-10-02 23:12:34.185  INFO 75568 --- [    Test worker] tourGuide.service.TourGuideService       : Track Location for user internalUser3916
2022-10-02 23:12:34.185  INFO 75568 --- [    Test worker] tourGuide.service.TourGuideService       : Track Location for user internalUser3917
2022-10-02 23:12:34.185  INFO 75568 --- [    Test worker] tourGuide.service.TourGuideService       : Track Location for user internalUser3918
2022-10-02 23:12:34.185  INFO 75568 --- [    Test worker] tourGuide.service.TourGuideService       : Track Location for user internalUser3919
2022-10-02 23:12:34.185  INFO 75568 --- [    Test worker] tourGuide.service.TourGuideService       : Track Location for user internalUser3960
2022-10-02 23:12:34.185  INFO 75568 --- [    Test worker] tourGuide.service.TourGuideService       : Track Location for user internalUser3961
2022-10-02 23:12:34.185  INFO 75568 --- [    Test worker] tourGuide.service.TourGuideService       : Track Location for user internalUser3962
2022-10-02 23:12:34.185  INFO 75568 --- [    Test worker] tourGuide.service.TourGuideService       : Track Location for user internalUser3963
2022-10-02 23:12:34.185  INFO 75568 --- [    Test worker] tourGuide.service.TourGuideService       : Track Location for user internalUser3964
2022-10-02 23:12:34.185  INFO 75568 --- [    Test worker] tourGuide.service.TourGuideService       : Track Location for user internalUser3965
2022-10-02 23:12:34.185  INFO 75568 --- [    Test worker] tourGuide.service.TourGuideService       : Track Location for user internalUser3966
2022-10-02 23:12:34.185  INFO 75568 --- [    Test worker] tourGuide.service.TourGuideService       : Track Location for user internalUser3967
2022-10-02 23:12:34.185  INFO 75568 --- [    Test worker] tourGuide.service.TourGuideService       : Track Location for user internalUser1305
2022-10-02 23:12:34.185  INFO 75568 --- [    Test worker] tourGuide.service.TourGuideService       : Track Location for user internalUser2636
2022-10-02 23:12:34.185  INFO 75568 --- [    Test worker] tourGuide.service.TourGuideService       : Track Location for user internalUser1304
2022-10-02 23:12:34.185  INFO 75568 --- [    Test worker] tourGuide.service.TourGuideService       : Track Location for user internalUser2635
2022-10-02 23:12:34.185  INFO 75568 --- [    Test worker] tourGuide.service.TourGuideService       : Track Location for user internalUser1303
2022-10-02 23:12:34.185  INFO 75568 --- [    Test worker] tourGuide.service.TourGuideService       : Track Location for user internalUser2634
2022-10-02 23:12:34.185  INFO 75568 --- [    Test worker] tourGuide.service.TourGuideService       : Track Location for user internalUser1302
2022-10-02 23:12:34.185  INFO 75568 --- [    Test worker] tourGuide.service.TourGuideService       : Track Location for user internalUser2633
2022-10-02 23:12:34.185  INFO 75568 --- [    Test worker] tourGuide.service.TourGuideService       : Track Location for user internalUser1301
2022-10-02 23:12:34.185  INFO 75568 --- [    Test worker] tourGuide.service.TourGuideService       : Track Location for user internalUser2632
2022-10-02 23:12:34.185  INFO 75568 --- [    Test worker] tourGuide.service.TourGuideService       : Track Location for user internalUser1300
2022-10-02 23:12:34.185  INFO 75568 --- [    Test worker] tourGuide.service.TourGuideService       : Track Location for user internalUser2631
2022-10-02 23:12:34.185  INFO 75568 --- [    Test worker] tourGuide.service.TourGuideService       : Track Location for user internalUser2630
2022-10-02 23:12:34.185  INFO 75568 --- [    Test worker] tourGuide.service.TourGuideService       : Track Location for user internalUser1309
2022-10-02 23:12:34.186  INFO 75568 --- [    Test worker] tourGuide.service.TourGuideService       : Track Location for user internalUser1308
2022-10-02 23:12:34.186  INFO 75568 --- [    Test worker] tourGuide.service.TourGuideService       : Track Location for user internalUser2639
2022-10-02 23:12:34.186  INFO 75568 --- [    Test worker] tourGuide.service.TourGuideService       : Track Location for user internalUser1307
2022-10-02 23:12:34.186  INFO 75568 --- [    Test worker] tourGuide.service.TourGuideService       : Track Location for user internalUser2638
2022-10-02 23:12:34.186  INFO 75568 --- [    Test worker] tourGuide.service.TourGuideService       : Track Location for user internalUser1306
2022-10-02 23:12:34.186  INFO 75568 --- [    Test worker] tourGuide.service.TourGuideService       : Track Location for user internalUser2637
2022-10-02 23:12:34.186  INFO 75568 --- [    Test worker] tourGuide.service.TourGuideService       : Track Location for user internalUser3968
2022-10-02 23:12:34.186  INFO 75568 --- [    Test worker] tourGuide.service.TourGuideService       : Track Location for user internalUser3969
2022-10-02 23:12:34.186  INFO 75568 --- [    Test worker] tourGuide.service.TourGuideService       : Track Location for user internalUser3971
2022-10-02 23:12:34.186  INFO 75568 --- [    Test worker] tourGuide.service.TourGuideService       : Track Location for user internalUser3972
2022-10-02 23:12:34.186  INFO 75568 --- [    Test worker] tourGuide.service.TourGuideService       : Track Location for user internalUser3973
2022-10-02 23:12:34.186  INFO 75568 --- [    Test worker] tourGuide.service.TourGuideService       : Track Location for user internalUser3974
2022-10-02 23:12:34.186  INFO 75568 --- [    Test worker] tourGuide.service.TourGuideService       : Track Location for user internalUser3975
2022-10-02 23:12:34.186  INFO 75568 --- [    Test worker] tourGuide.service.TourGuideService       : Track Location for user internalUser3976
2022-10-02 23:12:34.186  INFO 75568 --- [    Test worker] tourGuide.service.TourGuideService       : Track Location for user internalUser3977
2022-10-02 23:12:34.186  INFO 75568 --- [    Test worker] tourGuide.service.TourGuideService       : Track Location for user internalUser3978
2022-10-02 23:12:34.186  INFO 75568 --- [    Test worker] tourGuide.service.TourGuideService       : Track Location for user internalUser1316
2022-10-02 23:12:34.186  INFO 75568 --- [    Test worker] tourGuide.service.TourGuideService       : Track Location for user internalUser2647
2022-10-02 23:12:34.186  INFO 75568 --- [    Test worker] tourGuide.service.TourGuideService       : Track Location for user internalUser1315
2022-10-02 23:12:34.186  INFO 75568 --- [    Test worker] tourGuide.service.TourGuideService       : Track Location for user internalUser2646
2022-10-02 23:12:34.186  INFO 75568 --- [    Test worker] tourGuide.service.TourGuideService       : Track Location for user internalUser1314
2022-10-02 23:12:34.186  INFO 75568 --- [    Test worker] tourGuide.service.TourGuideService       : Track Location for user internalUser2645
2022-10-02 23:12:34.186  INFO 75568 --- [    Test worker] tourGuide.service.TourGuideService       : Track Location for user internalUser1313
2022-10-02 23:12:34.186  INFO 75568 --- [    Test worker] tourGuide.service.TourGuideService       : Track Location for user internalUser2644
2022-10-02 23:12:34.186  INFO 75568 --- [    Test worker] tourGuide.service.TourGuideService       : Track Location for user internalUser1312
2022-10-02 23:12:34.186  INFO 75568 --- [    Test worker] tourGuide.service.TourGuideService       : Track Location for user internalUser2643
2022-10-02 23:12:34.186  INFO 75568 --- [    Test worker] tourGuide.service.TourGuideService       : Track Location for user internalUser1311
2022-10-02 23:12:34.186  INFO 75568 --- [    Test worker] tourGuide.service.TourGuideService       : Track Location for user internalUser2642
2022-10-02 23:12:34.186  INFO 75568 --- [    Test worker] tourGuide.service.TourGuideService       : Track Location for user internalUser1310
2022-10-02 23:12:34.186  INFO 75568 --- [    Test worker] tourGuide.service.TourGuideService       : Track Location for user internalUser2641
2022-10-02 23:12:34.186  INFO 75568 --- [    Test worker] tourGuide.service.TourGuideService       : Track Location for user internalUser2640
2022-10-02 23:12:34.186  INFO 75568 --- [    Test worker] tourGuide.service.TourGuideService       : Track Location for user internalUser3970
2022-10-02 23:12:34.186  INFO 75568 --- [    Test worker] tourGuide.service.TourGuideService       : Track Location for user internalUser1319
2022-10-02 23:12:34.186  INFO 75568 --- [    Test worker] tourGuide.service.TourGuideService       : Track Location for user internalUser1318
2022-10-02 23:12:34.186  INFO 75568 --- [    Test worker] tourGuide.service.TourGuideService       : Track Location for user internalUser2649
2022-10-02 23:12:34.186  INFO 75568 --- [    Test worker] tourGuide.service.TourGuideService       : Track Location for user internalUser1317
2022-10-02 23:12:34.186  INFO 75568 --- [    Test worker] tourGuide.service.TourGuideService       : Track Location for user internalUser2648
2022-10-02 23:12:34.186  INFO 75568 --- [    Test worker] tourGuide.service.TourGuideService       : Track Location for user internalUser3979
2022-10-02 23:12:34.186  INFO 75568 --- [    Test worker] tourGuide.service.TourGuideService       : Track Location for user internalUser3940
2022-10-02 23:12:34.186  INFO 75568 --- [    Test worker] tourGuide.service.TourGuideService       : Track Location for user internalUser3941
2022-10-02 23:12:34.186  INFO 75568 --- [    Test worker] tourGuide.service.TourGuideService       : Track Location for user internalUser3942
2022-10-02 23:12:34.186  INFO 75568 --- [    Test worker] tourGuide.service.TourGuideService       : Track Location for user internalUser3943
2022-10-02 23:12:34.186  INFO 75568 --- [    Test worker] tourGuide.service.TourGuideService       : Track Location for user internalUser3944
2022-10-02 23:12:34.186  INFO 75568 --- [    Test worker] tourGuide.service.TourGuideService       : Track Location for user internalUser3945
2022-10-02 23:12:34.186  INFO 75568 --- [    Test worker] tourGuide.service.TourGuideService       : Track Location for user internalUser2614
2022-10-02 23:12:34.186  INFO 75568 --- [    Test worker] tourGuide.service.TourGuideService       : Track Location for user internalUser2613
2022-10-02 23:12:34.186  INFO 75568 --- [    Test worker] tourGuide.service.TourGuideService       : Track Location for user internalUser2612
2022-10-02 23:12:34.186  INFO 75568 --- [    Test worker] tourGuide.service.TourGuideService       : Track Location for user internalUser2611
2022-10-02 23:12:34.186  INFO 75568 --- [    Test worker] tourGuide.service.TourGuideService       : Track Location for user internalUser2610
2022-10-02 23:12:34.186  INFO 75568 --- [    Test worker] tourGuide.service.TourGuideService       : Track Location for user internalUser2619
2022-10-02 23:12:34.186  INFO 75568 --- [    Test worker] tourGuide.service.TourGuideService       : Track Location for user internalUser2618
2022-10-02 23:12:34.186  INFO 75568 --- [    Test worker] tourGuide.service.TourGuideService       : Track Location for user internalUser2617
2022-10-02 23:12:34.186  INFO 75568 --- [    Test worker] tourGuide.service.TourGuideService       : Track Location for user internalUser2616
2022-10-02 23:12:34.186  INFO 75568 --- [    Test worker] tourGuide.service.TourGuideService       : Track Location for user internalUser2615
2022-10-02 23:12:34.186  INFO 75568 --- [    Test worker] tourGuide.service.TourGuideService       : Track Location for user internalUser3946
2022-10-02 23:12:34.186  INFO 75568 --- [    Test worker] tourGuide.service.TourGuideService       : Track Location for user internalUser3947
2022-10-02 23:12:34.186  INFO 75568 --- [    Test worker] tourGuide.service.TourGuideService       : Track Location for user internalUser3948
2022-10-02 23:12:34.186  INFO 75568 --- [    Test worker] tourGuide.service.TourGuideService       : Track Location for user internalUser3949
2022-10-02 23:12:34.186  INFO 75568 --- [    Test worker] tourGuide.service.TourGuideService       : Track Location for user internalUser3950
2022-10-02 23:12:34.186  INFO 75568 --- [    Test worker] tourGuide.service.TourGuideService       : Track Location for user internalUser3951
2022-10-02 23:12:34.186  INFO 75568 --- [    Test worker] tourGuide.service.TourGuideService       : Track Location for user internalUser3952
2022-10-02 23:12:34.186  INFO 75568 --- [    Test worker] tourGuide.service.TourGuideService       : Track Location for user internalUser3953
2022-10-02 23:12:34.186  INFO 75568 --- [    Test worker] tourGuide.service.TourGuideService       : Track Location for user internalUser3954
2022-10-02 23:12:34.186  INFO 75568 --- [    Test worker] tourGuide.service.TourGuideService       : Track Location for user internalUser3955
2022-10-02 23:12:34.186  INFO 75568 --- [    Test worker] tourGuide.service.TourGuideService       : Track Location for user internalUser3956
2022-10-02 23:12:34.186  INFO 75568 --- [    Test worker] tourGuide.service.TourGuideService       : Track Location for user internalUser2625
2022-10-02 23:12:34.186  INFO 75568 --- [    Test worker] tourGuide.service.TourGuideService       : Track Location for user internalUser2624
2022-10-02 23:12:34.186  INFO 75568 --- [    Test worker] tourGuide.service.TourGuideService       : Track Location for user internalUser2623
2022-10-02 23:12:34.186  INFO 75568 --- [    Test worker] tourGuide.service.TourGuideService       : Track Location for user internalUser2622
2022-10-02 23:12:34.186  INFO 75568 --- [    Test worker] tourGuide.service.TourGuideService       : Track Location for user internalUser2621
2022-10-02 23:12:34.186  INFO 75568 --- [    Test worker] tourGuide.service.TourGuideService       : Track Location for user internalUser2620
2022-10-02 23:12:34.186  INFO 75568 --- [    Test worker] tourGuide.service.TourGuideService       : Track Location for user internalUser2629
2022-10-02 23:12:34.186  INFO 75568 --- [    Test worker] tourGuide.service.TourGuideService       : Track Location for user internalUser2628
2022-10-02 23:12:34.186  INFO 75568 --- [    Test worker] tourGuide.service.TourGuideService       : Track Location for user internalUser2627
2022-10-02 23:12:34.186  INFO 75568 --- [    Test worker] tourGuide.service.TourGuideService       : Track Location for user internalUser2626
2022-10-02 23:12:34.186  INFO 75568 --- [    Test worker] tourGuide.service.TourGuideService       : Track Location for user internalUser3957
2022-10-02 23:12:34.186  INFO 75568 --- [    Test worker] tourGuide.service.TourGuideService       : Track Location for user internalUser3958
2022-10-02 23:12:34.186  INFO 75568 --- [    Test worker] tourGuide.service.TourGuideService       : Track Location for user internalUser3959
2022-10-02 23:12:34.186  INFO 75568 --- [    Test worker] tourGuide.service.TourGuideService       : Track Location for user internalUser6117
2022-10-02 23:12:34.186  INFO 75568 --- [    Test worker] tourGuide.service.TourGuideService       : Track Location for user internalUser7448
2022-10-02 23:12:34.186  INFO 75568 --- [    Test worker] tourGuide.service.TourGuideService       : Track Location for user internalUser6116
2022-10-02 23:12:34.186  INFO 75568 --- [    Test worker] tourGuide.service.TourGuideService       : Track Location for user internalUser7447
2022-10-02 23:12:34.186  INFO 75568 --- [    Test worker] tourGuide.service.TourGuideService       : Track Location for user internalUser6119
2022-10-02 23:12:34.186  INFO 75568 --- [    Test worker] tourGuide.service.TourGuideService       : Track Location for user internalUser8778
2022-10-02 23:12:34.186  INFO 75568 --- [    Test worker] tourGuide.service.TourGuideService       : Track Location for user internalUser6118
2022-10-02 23:12:34.186  INFO 75568 --- [    Test worker] tourGuide.service.TourGuideService       : Track Location for user internalUser7449
2022-10-02 23:12:34.186  INFO 75568 --- [    Test worker] tourGuide.service.TourGuideService       : Track Location for user internalUser8779
2022-10-02 23:12:34.186  INFO 75568 --- [    Test worker] tourGuide.service.TourGuideService       : Track Location for user internalUser7440
2022-10-02 23:12:34.186  INFO 75568 --- [    Test worker] tourGuide.service.TourGuideService       : Track Location for user internalUser8772
2022-10-02 23:12:34.186  INFO 75568 --- [    Test worker] tourGuide.service.TourGuideService       : Track Location for user internalUser8773
2022-10-02 23:12:34.186  INFO 75568 --- [    Test worker] tourGuide.service.TourGuideService       : Track Location for user internalUser6111
2022-10-02 23:12:34.186  INFO 75568 --- [    Test worker] tourGuide.service.TourGuideService       : Track Location for user internalUser7442
2022-10-02 23:12:34.186  INFO 75568 --- [    Test worker] tourGuide.service.TourGuideService       : Track Location for user internalUser8770
2022-10-02 23:12:34.186  INFO 75568 --- [    Test worker] tourGuide.service.TourGuideService       : Track Location for user internalUser6110
2022-10-02 23:12:34.186  INFO 75568 --- [    Test worker] tourGuide.service.TourGuideService       : Track Location for user internalUser7441
2022-10-02 23:12:34.186  INFO 75568 --- [    Test worker] tourGuide.service.TourGuideService       : Track Location for user internalUser8771
2022-10-02 23:12:34.186  INFO 75568 --- [    Test worker] tourGuide.service.TourGuideService       : Track Location for user internalUser6113
2022-10-02 23:12:34.186  INFO 75568 --- [    Test worker] tourGuide.service.TourGuideService       : Track Location for user internalUser7444
2022-10-02 23:12:34.186  INFO 75568 --- [    Test worker] tourGuide.service.TourGuideService       : Track Location for user internalUser8776
2022-10-02 23:12:34.186  INFO 75568 --- [    Test worker] tourGuide.service.TourGuideService       : Track Location for user internalUser6112
2022-10-02 23:12:34.186  INFO 75568 --- [    Test worker] tourGuide.service.TourGuideService       : Track Location for user internalUser7443
2022-10-02 23:12:34.186  INFO 75568 --- [    Test worker] tourGuide.service.TourGuideService       : Track Location for user internalUser8777
2022-10-02 23:12:34.186  INFO 75568 --- [    Test worker] tourGuide.service.TourGuideService       : Track Location for user internalUser6115
2022-10-02 23:12:34.186  INFO 75568 --- [    Test worker] tourGuide.service.TourGuideService       : Track Location for user internalUser7446
2022-10-02 23:12:34.186  INFO 75568 --- [    Test worker] tourGuide.service.TourGuideService       : Track Location for user internalUser8774
2022-10-02 23:12:34.186  INFO 75568 --- [    Test worker] tourGuide.service.TourGuideService       : Track Location for user internalUser6114
2022-10-02 23:12:34.186  INFO 75568 --- [    Test worker] tourGuide.service.TourGuideService       : Track Location for user internalUser7445
2022-10-02 23:12:34.186  INFO 75568 --- [    Test worker] tourGuide.service.TourGuideService       : Track Location for user internalUser8775
2022-10-02 23:12:34.186  INFO 75568 --- [    Test worker] tourGuide.service.TourGuideService       : Track Location for user internalUser8780
2022-10-02 23:12:34.186  INFO 75568 --- [    Test worker] tourGuide.service.TourGuideService       : Track Location for user internalUser6128
2022-10-02 23:12:34.186  INFO 75568 --- [    Test worker] tourGuide.service.TourGuideService       : Track Location for user internalUser7459
2022-10-02 23:12:34.186  INFO 75568 --- [    Test worker] tourGuide.service.TourGuideService       : Track Location for user internalUser6127
2022-10-02 23:12:34.186  INFO 75568 --- [    Test worker] tourGuide.service.TourGuideService       : Track Location for user internalUser7458
2022-10-02 23:12:34.186  INFO 75568 --- [    Test worker] tourGuide.service.TourGuideService       : Track Location for user internalUser8789
2022-10-02 23:12:34.186  INFO 75568 --- [    Test worker] tourGuide.service.TourGuideService       : Track Location for user internalUser6129
2022-10-02 23:12:34.186  INFO 75568 --- [    Test worker] tourGuide.service.TourGuideService       : Track Location for user internalUser6120
2022-10-02 23:12:34.186  INFO 75568 --- [    Test worker] tourGuide.service.TourGuideService       : Track Location for user internalUser7451
2022-10-02 23:12:34.186  INFO 75568 --- [    Test worker] tourGuide.service.TourGuideService       : Track Location for user internalUser8783
2022-10-02 23:12:34.186  INFO 75568 --- [    Test worker] tourGuide.service.TourGuideService       : Track Location for user internalUser7450
2022-10-02 23:12:34.186  INFO 75568 --- [    Test worker] tourGuide.service.TourGuideService       : Track Location for user internalUser8784
2022-10-02 23:12:34.186  INFO 75568 --- [    Test worker] tourGuide.service.TourGuideService       : Track Location for user internalUser6122
2022-10-02 23:12:34.186  INFO 75568 --- [    Test worker] tourGuide.service.TourGuideService       : Track Location for user internalUser7453
2022-10-02 23:12:34.186  INFO 75568 --- [    Test worker] tourGuide.service.TourGuideService       : Track Location for user internalUser8781
2022-10-02 23:12:34.186  INFO 75568 --- [    Test worker] tourGuide.service.TourGuideService       : Track Location for user internalUser6121
2022-10-02 23:12:34.186  INFO 75568 --- [    Test worker] tourGuide.service.TourGuideService       : Track Location for user internalUser7452
2022-10-02 23:12:34.186  INFO 75568 --- [    Test worker] tourGuide.service.TourGuideService       : Track Location for user internalUser8782
2022-10-02 23:12:34.186  INFO 75568 --- [    Test worker] tourGuide.service.TourGuideService       : Track Location for user internalUser6124
2022-10-02 23:12:34.186  INFO 75568 --- [    Test worker] tourGuide.service.TourGuideService       : Track Location for user internalUser7455
2022-10-02 23:12:34.186  INFO 75568 --- [    Test worker] tourGuide.service.TourGuideService       : Track Location for user internalUser8787
2022-10-02 23:12:34.186  INFO 75568 --- [    Test worker] tourGuide.service.TourGuideService       : Track Location for user internalUser6123
2022-10-02 23:12:34.186  INFO 75568 --- [    Test worker] tourGuide.service.TourGuideService       : Track Location for user internalUser7454
2022-10-02 23:12:34.186  INFO 75568 --- [    Test worker] tourGuide.service.TourGuideService       : Track Location for user internalUser8788
2022-10-02 23:12:34.186  INFO 75568 --- [    Test worker] tourGuide.service.TourGuideService       : Track Location for user internalUser6126
2022-10-02 23:12:34.186  INFO 75568 --- [    Test worker] tourGuide.service.TourGuideService       : Track Location for user internalUser7457
2022-10-02 23:12:34.186  INFO 75568 --- [    Test worker] tourGuide.service.TourGuideService       : Track Location for user internalUser8785
2022-10-02 23:12:34.186  INFO 75568 --- [    Test worker] tourGuide.service.TourGuideService       : Track Location for user internalUser6125
2022-10-02 23:12:34.186  INFO 75568 --- [    Test worker] tourGuide.service.TourGuideService       : Track Location for user internalUser7456
2022-10-02 23:12:34.186  INFO 75568 --- [    Test worker] tourGuide.service.TourGuideService       : Track Location for user internalUser8786
2022-10-02 23:12:34.186  INFO 75568 --- [    Test worker] tourGuide.service.TourGuideService       : Track Location for user internalUser8790
2022-10-02 23:12:34.186  INFO 75568 --- [    Test worker] tourGuide.service.TourGuideService       : Track Location for user internalUser8791
2022-10-02 23:12:34.186  INFO 75568 --- [    Test worker] tourGuide.service.TourGuideService       : Track Location for user internalUser7460
2022-10-02 23:12:34.186  INFO 75568 --- [    Test worker] tourGuide.service.TourGuideService       : Track Location for user internalUser7426
2022-10-02 23:12:34.186  INFO 75568 --- [    Test worker] tourGuide.service.TourGuideService       : Track Location for user internalUser8758
2022-10-02 23:12:34.186  INFO 75568 --- [    Test worker] tourGuide.service.TourGuideService       : Track Location for user internalUser7425
2022-10-02 23:12:34.186  INFO 75568 --- [    Test worker] tourGuide.service.TourGuideService       : Track Location for user internalUser8759
2022-10-02 23:12:34.186  INFO 75568 --- [    Test worker] tourGuide.service.TourGuideService       : Track Location for user internalUser7428
2022-10-02 23:12:34.186  INFO 75568 --- [    Test worker] tourGuide.service.TourGuideService       : Track Location for user internalUser8756
2022-10-02 23:12:34.186  INFO 75568 --- [    Test worker] tourGuide.service.TourGuideService       : Track Location for user internalUser7427
2022-10-02 23:12:34.186  INFO 75568 --- [    Test worker] tourGuide.service.TourGuideService       : Track Location for user internalUser8757
2022-10-02 23:12:34.186  INFO 75568 --- [    Test worker] tourGuide.service.TourGuideService       : Track Location for user internalUser7429
2022-10-02 23:12:34.186  INFO 75568 --- [    Test worker] tourGuide.service.TourGuideService       : Track Location for user internalUser8750
2022-10-02 23:12:34.186  INFO 75568 --- [    Test worker] tourGuide.service.TourGuideService       : Track Location for user internalUser8751
2022-10-02 23:12:34.186  INFO 75568 --- [    Test worker] tourGuide.service.TourGuideService       : Track Location for user internalUser7420
2022-10-02 23:12:34.187  INFO 75568 --- [    Test worker] tourGuide.service.TourGuideService       : Track Location for user internalUser7422
2022-10-02 23:12:34.187  INFO 75568 --- [    Test worker] tourGuide.service.TourGuideService       : Track Location for user internalUser8754
2022-10-02 23:12:34.187  INFO 75568 --- [    Test worker] tourGuide.service.TourGuideService       : Track Location for user internalUser7421
2022-10-02 23:12:34.187  INFO 75568 --- [    Test worker] tourGuide.service.TourGuideService       : Track Location for user internalUser8755
2022-10-02 23:12:34.187  INFO 75568 --- [    Test worker] tourGuide.service.TourGuideService       : Track Location for user internalUser7424
2022-10-02 23:12:34.187  INFO 75568 --- [    Test worker] tourGuide.service.TourGuideService       : Track Location for user internalUser8752
2022-10-02 23:12:34.187  INFO 75568 --- [    Test worker] tourGuide.service.TourGuideService       : Track Location for user internalUser7423
2022-10-02 23:12:34.187  INFO 75568 --- [    Test worker] tourGuide.service.TourGuideService       : Track Location for user internalUser8753
2022-10-02 23:12:34.187  INFO 75568 --- [    Test worker] tourGuide.service.TourGuideService       : Track Location for user internalUser6106
2022-10-02 23:12:34.187  INFO 75568 --- [    Test worker] tourGuide.service.TourGuideService       : Track Location for user internalUser7437
2022-10-02 23:12:34.187  INFO 75568 --- [    Test worker] tourGuide.service.TourGuideService       : Track Location for user internalUser8769
2022-10-02 23:12:34.187  INFO 75568 --- [    Test worker] tourGuide.service.TourGuideService       : Track Location for user internalUser6105
2022-10-02 23:12:34.187  INFO 75568 --- [    Test worker] tourGuide.service.TourGuideService       : Track Location for user internalUser7436
2022-10-02 23:12:34.187  INFO 75568 --- [    Test worker] tourGuide.service.TourGuideService       : Track Location for user internalUser6108
2022-10-02 23:12:34.187  INFO 75568 --- [    Test worker] tourGuide.service.TourGuideService       : Track Location for user internalUser7439
2022-10-02 23:12:34.187  INFO 75568 --- [    Test worker] tourGuide.service.TourGuideService       : Track Location for user internalUser8767
2022-10-02 23:12:34.187  INFO 75568 --- [    Test worker] tourGuide.service.TourGuideService       : Track Location for user internalUser6107
2022-10-02 23:12:34.187  INFO 75568 --- [    Test worker] tourGuide.service.TourGuideService       : Track Location for user internalUser7438
2022-10-02 23:12:34.187  INFO 75568 --- [    Test worker] tourGuide.service.TourGuideService       : Track Location for user internalUser8768
2022-10-02 23:12:34.187  INFO 75568 --- [    Test worker] tourGuide.service.TourGuideService       : Track Location for user internalUser6109
2022-10-02 23:12:34.187  INFO 75568 --- [    Test worker] tourGuide.service.TourGuideService       : Track Location for user internalUser8761
2022-10-02 23:12:34.187  INFO 75568 --- [    Test worker] tourGuide.service.TourGuideService       : Track Location for user internalUser8762
2022-10-02 23:12:34.187  INFO 75568 --- [    Test worker] tourGuide.service.TourGuideService       : Track Location for user internalUser6100
2022-10-02 23:12:34.187  INFO 75568 --- [    Test worker] tourGuide.service.TourGuideService       : Track Location for user internalUser7431
2022-10-02 23:12:34.187  INFO 75568 --- [    Test worker] tourGuide.service.TourGuideService       : Track Location for user internalUser7430
2022-10-02 23:12:34.187  INFO 75568 --- [    Test worker] tourGuide.service.TourGuideService       : Track Location for user internalUser8760
2022-10-02 23:12:34.187  INFO 75568 --- [    Test worker] tourGuide.service.TourGuideService       : Track Location for user internalUser6102
2022-10-02 23:12:34.187  INFO 75568 --- [    Test worker] tourGuide.service.TourGuideService       : Track Location for user internalUser7433
2022-10-02 23:12:34.187  INFO 75568 --- [    Test worker] tourGuide.service.TourGuideService       : Track Location for user internalUser8765
2022-10-02 23:12:34.187  INFO 75568 --- [    Test worker] tourGuide.service.TourGuideService       : Track Location for user internalUser6101
2022-10-02 23:12:34.187  INFO 75568 --- [    Test worker] tourGuide.service.TourGuideService       : Track Location for user internalUser7432
2022-10-02 23:12:34.187  INFO 75568 --- [    Test worker] tourGuide.service.TourGuideService       : Track Location for user internalUser8766
2022-10-02 23:12:34.187  INFO 75568 --- [    Test worker] tourGuide.service.TourGuideService       : Track Location for user internalUser6104
2022-10-02 23:12:34.187  INFO 75568 --- [    Test worker] tourGuide.service.TourGuideService       : Track Location for user internalUser7435
2022-10-02 23:12:34.187  INFO 75568 --- [    Test worker] tourGuide.service.TourGuideService       : Track Location for user internalUser8763
2022-10-02 23:12:34.187  INFO 75568 --- [    Test worker] tourGuide.service.TourGuideService       : Track Location for user internalUser6103
2022-10-02 23:12:34.187  INFO 75568 --- [    Test worker] tourGuide.service.TourGuideService       : Track Location for user internalUser7434
2022-10-02 23:12:34.187  INFO 75568 --- [    Test worker] tourGuide.service.TourGuideService       : Track Location for user internalUser8764
2022-10-02 23:12:34.187  INFO 75568 --- [    Test worker] tourGuide.service.TourGuideService       : Track Location for user internalUser6153
2022-10-02 23:12:34.187  INFO 75568 --- [    Test worker] tourGuide.service.TourGuideService       : Track Location for user internalUser7484
2022-10-02 23:12:34.187  INFO 75568 --- [    Test worker] tourGuide.service.TourGuideService       : Track Location for user internalUser6152
2022-10-02 23:12:34.187  INFO 75568 --- [    Test worker] tourGuide.service.TourGuideService       : Track Location for user internalUser7483
2022-10-02 23:12:34.187  INFO 75568 --- [    Test worker] tourGuide.service.TourGuideService       : Track Location for user internalUser6155
2022-10-02 23:12:34.187  INFO 75568 --- [    Test worker] tourGuide.service.TourGuideService       : Track Location for user internalUser7486
2022-10-02 23:12:34.187  INFO 75568 --- [    Test worker] tourGuide.service.TourGuideService       : Track Location for user internalUser6154
2022-10-02 23:12:34.187  INFO 75568 --- [    Test worker] tourGuide.service.TourGuideService       : Track Location for user internalUser7485
2022-10-02 23:12:34.187  INFO 75568 --- [    Test worker] tourGuide.service.TourGuideService       : Track Location for user internalUser6157
2022-10-02 23:12:34.187  INFO 75568 --- [    Test worker] tourGuide.service.TourGuideService       : Track Location for user internalUser7488
2022-10-02 23:12:34.187  INFO 75568 --- [    Test worker] tourGuide.service.TourGuideService       : Track Location for user internalUser6156
2022-10-02 23:12:34.187  INFO 75568 --- [    Test worker] tourGuide.service.TourGuideService       : Track Location for user internalUser7487
2022-10-02 23:12:34.187  INFO 75568 --- [    Test worker] tourGuide.service.TourGuideService       : Track Location for user internalUser6159
2022-10-02 23:12:34.187  INFO 75568 --- [    Test worker] tourGuide.service.TourGuideService       : Track Location for user internalUser6158
2022-10-02 23:12:34.187  INFO 75568 --- [    Test worker] tourGuide.service.TourGuideService       : Track Location for user internalUser7489
2022-10-02 23:12:34.187  INFO 75568 --- [    Test worker] tourGuide.service.TourGuideService       : Track Location for user internalUser6160
2022-10-02 23:12:34.187  INFO 75568 --- [    Test worker] tourGuide.service.TourGuideService       : Track Location for user internalUser7491
2022-10-02 23:12:34.187  INFO 75568 --- [    Test worker] tourGuide.service.TourGuideService       : Track Location for user internalUser7490
2022-10-02 23:12:34.187  INFO 75568 --- [    Test worker] tourGuide.service.TourGuideService       : Track Location for user internalUser6162
2022-10-02 23:12:34.187  INFO 75568 --- [    Test worker] tourGuide.service.TourGuideService       : Track Location for user internalUser7493
2022-10-02 23:12:34.187  INFO 75568 --- [    Test worker] tourGuide.service.TourGuideService       : Track Location for user internalUser6161
2022-10-02 23:12:34.187  INFO 75568 --- [    Test worker] tourGuide.service.TourGuideService       : Track Location for user internalUser7492
2022-10-02 23:12:34.187  INFO 75568 --- [    Test worker] tourGuide.service.TourGuideService       : Track Location for user internalUser6164
2022-10-02 23:12:34.187  INFO 75568 --- [    Test worker] tourGuide.service.TourGuideService       : Track Location for user internalUser7495
2022-10-02 23:12:34.187  INFO 75568 --- [    Test worker] tourGuide.service.TourGuideService       : Track Location for user internalUser6163
2022-10-02 23:12:34.187  INFO 75568 --- [    Test worker] tourGuide.service.TourGuideService       : Track Location for user internalUser7494
2022-10-02 23:12:34.187  INFO 75568 --- [    Test worker] tourGuide.service.TourGuideService       : Track Location for user internalUser6166
2022-10-02 23:12:34.187  INFO 75568 --- [    Test worker] tourGuide.service.TourGuideService       : Track Location for user internalUser7497
2022-10-02 23:12:34.187  INFO 75568 --- [    Test worker] tourGuide.service.TourGuideService       : Track Location for user internalUser6165
2022-10-02 23:12:34.187  INFO 75568 --- [    Test worker] tourGuide.service.TourGuideService       : Track Location for user internalUser7496
2022-10-02 23:12:34.187  INFO 75568 --- [    Test worker] tourGuide.service.TourGuideService       : Track Location for user internalUser6168
2022-10-02 23:12:34.187  INFO 75568 --- [    Test worker] tourGuide.service.TourGuideService       : Track Location for user internalUser7499
2022-10-02 23:12:34.187  INFO 75568 --- [    Test worker] tourGuide.service.TourGuideService       : Track Location for user internalUser6167
2022-10-02 23:12:34.187  INFO 75568 --- [    Test worker] tourGuide.service.TourGuideService       : Track Location for user internalUser7498
2022-10-02 23:12:34.187  INFO 75568 --- [    Test worker] tourGuide.service.TourGuideService       : Track Location for user internalUser6169
2022-10-02 23:12:34.187  INFO 75568 --- [    Test worker] tourGuide.service.TourGuideService       : Track Location for user internalUser6171
2022-10-02 23:12:34.187  INFO 75568 --- [    Test worker] tourGuide.service.TourGuideService       : Track Location for user internalUser6170
2022-10-02 23:12:34.187  INFO 75568 --- [    Test worker] tourGuide.service.TourGuideService       : Track Location for user internalUser6173
2022-10-02 23:12:34.187  INFO 75568 --- [    Test worker] tourGuide.service.TourGuideService       : Track Location for user internalUser6172
2022-10-02 23:12:34.187  INFO 75568 --- [    Test worker] tourGuide.service.TourGuideService       : Track Location for user internalUser6139
2022-10-02 23:12:34.187  INFO 75568 --- [    Test worker] tourGuide.service.TourGuideService       : Track Location for user internalUser6138
2022-10-02 23:12:34.187  INFO 75568 --- [    Test worker] tourGuide.service.TourGuideService       : Track Location for user internalUser7469
2022-10-02 23:12:34.187  INFO 75568 --- [    Test worker] tourGuide.service.TourGuideService       : Track Location for user internalUser6131
2022-10-02 23:12:34.187  INFO 75568 --- [    Test worker] tourGuide.service.TourGuideService       : Track Location for user internalUser7462
2022-10-02 23:12:34.187  INFO 75568 --- [    Test worker] tourGuide.service.TourGuideService       : Track Location for user internalUser8794
2022-10-02 23:12:34.187  INFO 75568 --- [    Test worker] tourGuide.service.TourGuideService       : Track Location for user internalUser6130
2022-10-02 23:12:34.187  INFO 75568 --- [    Test worker] tourGuide.service.TourGuideService       : Track Location for user internalUser7461
2022-10-02 23:12:34.187  INFO 75568 --- [    Test worker] tourGuide.service.TourGuideService       : Track Location for user internalUser8795
2022-10-02 23:12:34.187  INFO 75568 --- [    Test worker] tourGuide.service.TourGuideService       : Track Location for user internalUser6133
2022-10-02 23:12:34.187  INFO 75568 --- [    Test worker] tourGuide.service.TourGuideService       : Track Location for user internalUser7464
2022-10-02 23:12:34.187  INFO 75568 --- [    Test worker] tourGuide.service.TourGuideService       : Track Location for user internalUser8792
2022-10-02 23:12:34.187  INFO 75568 --- [    Test worker] tourGuide.service.TourGuideService       : Track Location for user internalUser6132
2022-10-02 23:12:34.187  INFO 75568 --- [    Test worker] tourGuide.service.TourGuideService       : Track Location for user internalUser7463
2022-10-02 23:12:34.187  INFO 75568 --- [    Test worker] tourGuide.service.TourGuideService       : Track Location for user internalUser8793
2022-10-02 23:12:34.187  INFO 75568 --- [    Test worker] tourGuide.service.TourGuideService       : Track Location for user internalUser6135
2022-10-02 23:12:34.187  INFO 75568 --- [    Test worker] tourGuide.service.TourGuideService       : Track Location for user internalUser7466
2022-10-02 23:12:34.187  INFO 75568 --- [    Test worker] tourGuide.service.TourGuideService       : Track Location for user internalUser8798
2022-10-02 23:12:34.187  INFO 75568 --- [    Test worker] tourGuide.service.TourGuideService       : Track Location for user internalUser6134
2022-10-02 23:12:34.187  INFO 75568 --- [    Test worker] tourGuide.service.TourGuideService       : Track Location for user internalUser7465
2022-10-02 23:12:34.187  INFO 75568 --- [    Test worker] tourGuide.service.TourGuideService       : Track Location for user internalUser8799
2022-10-02 23:12:34.187  INFO 75568 --- [    Test worker] tourGuide.service.TourGuideService       : Track Location for user internalUser6137
2022-10-02 23:12:34.187  INFO 75568 --- [    Test worker] tourGuide.service.TourGuideService       : Track Location for user internalUser7468
2022-10-02 23:12:34.187  INFO 75568 --- [    Test worker] tourGuide.service.TourGuideService       : Track Location for user internalUser8796
2022-10-02 23:12:34.187  INFO 75568 --- [    Test worker] tourGuide.service.TourGuideService       : Track Location for user internalUser6136
2022-10-02 23:12:34.187  INFO 75568 --- [    Test worker] tourGuide.service.TourGuideService       : Track Location for user internalUser7467
2022-10-02 23:12:34.187  INFO 75568 --- [    Test worker] tourGuide.service.TourGuideService       : Track Location for user internalUser8797
2022-10-02 23:12:34.187  INFO 75568 --- [    Test worker] tourGuide.service.TourGuideService       : Track Location for user internalUser6140
2022-10-02 23:12:34.187  INFO 75568 --- [    Test worker] tourGuide.service.TourGuideService       : Track Location for user internalUser7471
2022-10-02 23:12:34.187  INFO 75568 --- [    Test worker] tourGuide.service.TourGuideService       : Track Location for user internalUser7470
2022-10-02 23:12:34.187  INFO 75568 --- [    Test worker] tourGuide.service.TourGuideService       : Track Location for user internalUser6149
2022-10-02 23:12:34.187  INFO 75568 --- [    Test worker] tourGuide.service.TourGuideService       : Track Location for user internalUser6142
2022-10-02 23:12:34.187  INFO 75568 --- [    Test worker] tourGuide.service.TourGuideService       : Track Location for user internalUser7473
2022-10-02 23:12:34.187  INFO 75568 --- [    Test worker] tourGuide.service.TourGuideService       : Track Location for user internalUser6141
2022-10-02 23:12:34.187  INFO 75568 --- [    Test worker] tourGuide.service.TourGuideService       : Track Location for user internalUser7472
2022-10-02 23:12:34.187  INFO 75568 --- [    Test worker] tourGuide.service.TourGuideService       : Track Location for user internalUser6144
2022-10-02 23:12:34.187  INFO 75568 --- [    Test worker] tourGuide.service.TourGuideService       : Track Location for user internalUser7475
2022-10-02 23:12:34.187  INFO 75568 --- [    Test worker] tourGuide.service.TourGuideService       : Track Location for user internalUser6143
2022-10-02 23:12:34.187  INFO 75568 --- [    Test worker] tourGuide.service.TourGuideService       : Track Location for user internalUser7474
2022-10-02 23:12:34.187  INFO 75568 --- [    Test worker] tourGuide.service.TourGuideService       : Track Location for user internalUser6146
2022-10-02 23:12:34.187  INFO 75568 --- [    Test worker] tourGuide.service.TourGuideService       : Track Location for user internalUser7477
2022-10-02 23:12:34.187  INFO 75568 --- [    Test worker] tourGuide.service.TourGuideService       : Track Location for user internalUser6145
2022-10-02 23:12:34.187  INFO 75568 --- [    Test worker] tourGuide.service.TourGuideService       : Track Location for user internalUser7476
2022-10-02 23:12:34.187  INFO 75568 --- [    Test worker] tourGuide.service.TourGuideService       : Track Location for user internalUser6148
2022-10-02 23:12:34.187  INFO 75568 --- [    Test worker] tourGuide.service.TourGuideService       : Track Location for user internalUser7479
2022-10-02 23:12:34.187  INFO 75568 --- [    Test worker] tourGuide.service.TourGuideService       : Track Location for user internalUser6147
2022-10-02 23:12:34.187  INFO 75568 --- [    Test worker] tourGuide.service.TourGuideService       : Track Location for user internalUser7478
2022-10-02 23:12:34.187  INFO 75568 --- [    Test worker] tourGuide.service.TourGuideService       : Track Location for user internalUser7480
2022-10-02 23:12:34.187  INFO 75568 --- [    Test worker] tourGuide.service.TourGuideService       : Track Location for user internalUser6151
2022-10-02 23:12:34.187  INFO 75568 --- [    Test worker] tourGuide.service.TourGuideService       : Track Location for user internalUser7482
2022-10-02 23:12:34.187  INFO 75568 --- [    Test worker] tourGuide.service.TourGuideService       : Track Location for user internalUser6150
2022-10-02 23:12:34.187  INFO 75568 --- [    Test worker] tourGuide.service.TourGuideService       : Track Location for user internalUser7481
2022-10-02 23:12:34.187  INFO 75568 --- [    Test worker] tourGuide.service.TourGuideService       : Track Location for user internalUser8703
2022-10-02 23:12:34.187  INFO 75568 --- [    Test worker] tourGuide.service.TourGuideService       : Track Location for user internalUser8704
2022-10-02 23:12:34.187  INFO 75568 --- [    Test worker] tourGuide.service.TourGuideService       : Track Location for user internalUser8701
2022-10-02 23:12:34.187  INFO 75568 --- [    Test worker] tourGuide.service.TourGuideService       : Track Location for user internalUser8702
2022-10-02 23:12:34.187  INFO 75568 --- [    Test worker] tourGuide.service.TourGuideService       : Track Location for user internalUser8707
2022-10-02 23:12:34.187  INFO 75568 --- [    Test worker] tourGuide.service.TourGuideService       : Track Location for user internalUser8708
2022-10-02 23:12:34.187  INFO 75568 --- [    Test worker] tourGuide.service.TourGuideService       : Track Location for user internalUser8705
2022-10-02 23:12:34.187  INFO 75568 --- [    Test worker] tourGuide.service.TourGuideService       : Track Location for user internalUser8706
2022-10-02 23:12:34.187  INFO 75568 --- [    Test worker] tourGuide.service.TourGuideService       : Track Location for user internalUser8700
2022-10-02 23:12:34.187  INFO 75568 --- [    Test worker] tourGuide.service.TourGuideService       : Track Location for user internalUser8709
2022-10-02 23:12:34.187  INFO 75568 --- [    Test worker] tourGuide.service.TourGuideService       : Track Location for user internalUser1286
2022-10-02 23:12:34.187  INFO 75568 --- [    Test worker] tourGuide.service.TourGuideService       : Track Location for user internalUser1285
2022-10-02 23:12:34.187  INFO 75568 --- [    Test worker] tourGuide.service.TourGuideService       : Track Location for user internalUser1284
2022-10-02 23:12:34.187  INFO 75568 --- [    Test worker] tourGuide.service.TourGuideService       : Track Location for user internalUser1283
2022-10-02 23:12:34.187  INFO 75568 --- [    Test worker] tourGuide.service.TourGuideService       : Track Location for user internalUser1282
2022-10-02 23:12:34.187  INFO 75568 --- [    Test worker] tourGuide.service.TourGuideService       : Track Location for user internalUser1281
2022-10-02 23:12:34.187  INFO 75568 --- [    Test worker] tourGuide.service.TourGuideService       : Track Location for user internalUser1280
2022-10-02 23:12:34.187  INFO 75568 --- [    Test worker] tourGuide.service.TourGuideService       : Track Location for user internalUser1289
2022-10-02 23:12:34.187  INFO 75568 --- [    Test worker] tourGuide.service.TourGuideService       : Track Location for user internalUser1288
2022-10-02 23:12:34.187  INFO 75568 --- [    Test worker] tourGuide.service.TourGuideService       : Track Location for user internalUser1287
2022-10-02 23:12:34.187  INFO 75568 --- [    Test worker] tourGuide.service.TourGuideService       : Track Location for user internalUser1297
2022-10-02 23:12:34.187  INFO 75568 --- [    Test worker] tourGuide.service.TourGuideService       : Track Location for user internalUser1296
2022-10-02 23:12:34.187  INFO 75568 --- [    Test worker] tourGuide.service.TourGuideService       : Track Location for user internalUser1295
2022-10-02 23:12:34.187  INFO 75568 --- [    Test worker] tourGuide.service.TourGuideService       : Track Location for user internalUser1294
2022-10-02 23:12:34.187  INFO 75568 --- [    Test worker] tourGuide.service.TourGuideService       : Track Location for user internalUser1293
2022-10-02 23:12:34.187  INFO 75568 --- [    Test worker] tourGuide.service.TourGuideService       : Track Location for user internalUser1292
2022-10-02 23:12:34.187  INFO 75568 --- [    Test worker] tourGuide.service.TourGuideService       : Track Location for user internalUser1291
2022-10-02 23:12:34.187  INFO 75568 --- [    Test worker] tourGuide.service.TourGuideService       : Track Location for user internalUser1290
2022-10-02 23:12:34.187  INFO 75568 --- [    Test worker] tourGuide.service.TourGuideService       : Track Location for user internalUser1299
2022-10-02 23:12:34.187  INFO 75568 --- [    Test worker] tourGuide.service.TourGuideService       : Track Location for user internalUser1298
2022-10-02 23:12:34.187  INFO 75568 --- [    Test worker] tourGuide.service.TourGuideService       : Track Location for user internalUser7404
2022-10-02 23:12:34.187  INFO 75568 --- [    Test worker] tourGuide.service.TourGuideService       : Track Location for user internalUser8736
2022-10-02 23:12:34.187  INFO 75568 --- [    Test worker] tourGuide.service.TourGuideService       : Track Location for user internalUser7403
2022-10-02 23:12:34.187  INFO 75568 --- [    Test worker] tourGuide.service.TourGuideService       : Track Location for user internalUser8737
2022-10-02 23:12:34.187  INFO 75568 --- [    Test worker] tourGuide.service.TourGuideService       : Track Location for user internalUser7406
2022-10-02 23:12:34.187  INFO 75568 --- [    Test worker] tourGuide.service.TourGuideService       : Track Location for user internalUser8734
2022-10-02 23:12:34.187  INFO 75568 --- [    Test worker] tourGuide.service.TourGuideService       : Track Location for user internalUser7405
2022-10-02 23:12:34.187  INFO 75568 --- [    Test worker] tourGuide.service.TourGuideService       : Track Location for user internalUser8735
2022-10-02 23:12:34.187  INFO 75568 --- [    Test worker] tourGuide.service.TourGuideService       : Track Location for user internalUser7408
2022-10-02 23:12:34.187  INFO 75568 --- [    Test worker] tourGuide.service.TourGuideService       : Track Location for user internalUser7407
2022-10-02 23:12:34.187  INFO 75568 --- [    Test worker] tourGuide.service.TourGuideService       : Track Location for user internalUser8738
2022-10-02 23:12:34.187  INFO 75568 --- [    Test worker] tourGuide.service.TourGuideService       : Track Location for user internalUser7409
2022-10-02 23:12:34.187  INFO 75568 --- [    Test worker] tourGuide.service.TourGuideService       : Track Location for user internalUser8739
2022-10-02 23:12:34.187  INFO 75568 --- [    Test worker] tourGuide.service.TourGuideService       : Track Location for user internalUser7400
2022-10-02 23:12:34.187  INFO 75568 --- [    Test worker] tourGuide.service.TourGuideService       : Track Location for user internalUser8732
2022-10-02 23:12:34.187  INFO 75568 --- [    Test worker] tourGuide.service.TourGuideService       : Track Location for user internalUser8733
2022-10-02 23:12:34.187  INFO 75568 --- [    Test worker] tourGuide.service.TourGuideService       : Track Location for user internalUser7402
2022-10-02 23:12:34.188  INFO 75568 --- [    Test worker] tourGuide.service.TourGuideService       : Track Location for user internalUser8730
2022-10-02 23:12:34.188  INFO 75568 --- [    Test worker] tourGuide.service.TourGuideService       : Track Location for user internalUser7401
2022-10-02 23:12:34.188  INFO 75568 --- [    Test worker] tourGuide.service.TourGuideService       : Track Location for user internalUser8731
2022-10-02 23:12:34.188  INFO 75568 --- [    Test worker] tourGuide.service.TourGuideService       : Track Location for user internalUser7415
2022-10-02 23:12:34.188  INFO 75568 --- [    Test worker] tourGuide.service.TourGuideService       : Track Location for user internalUser8747
2022-10-02 23:12:34.188  INFO 75568 --- [    Test worker] tourGuide.service.TourGuideService       : Track Location for user internalUser7414
2022-10-02 23:12:34.188  INFO 75568 --- [    Test worker] tourGuide.service.TourGuideService       : Track Location for user internalUser8748
2022-10-02 23:12:34.188  INFO 75568 --- [    Test worker] tourGuide.service.TourGuideService       : Track Location for user internalUser7417
2022-10-02 23:12:34.188  INFO 75568 --- [    Test worker] tourGuide.service.TourGuideService       : Track Location for user internalUser8745
2022-10-02 23:12:34.188  INFO 75568 --- [    Test worker] tourGuide.service.TourGuideService       : Track Location for user internalUser7416
2022-10-02 23:12:34.188  INFO 75568 --- [    Test worker] tourGuide.service.TourGuideService       : Track Location for user internalUser8746
2022-10-02 23:12:34.188  INFO 75568 --- [    Test worker] tourGuide.service.TourGuideService       : Track Location for user internalUser7419
2022-10-02 23:12:34.188  INFO 75568 --- [    Test worker] tourGuide.service.TourGuideService       : Track Location for user internalUser7418
2022-10-02 23:12:34.188  INFO 75568 --- [    Test worker] tourGuide.service.TourGuideService       : Track Location for user internalUser8749
2022-10-02 23:12:34.188  INFO 75568 --- [    Test worker] tourGuide.service.TourGuideService       : Track Location for user internalUser8740
2022-10-02 23:12:34.188  INFO 75568 --- [    Test worker] tourGuide.service.TourGuideService       : Track Location for user internalUser7411
2022-10-02 23:12:34.188  INFO 75568 --- [    Test worker] tourGuide.service.TourGuideService       : Track Location for user internalUser8743
2022-10-02 23:12:34.188  INFO 75568 --- [    Test worker] tourGuide.service.TourGuideService       : Track Location for user internalUser7410
2022-10-02 23:12:34.188  INFO 75568 --- [    Test worker] tourGuide.service.TourGuideService       : Track Location for user internalUser8744
2022-10-02 23:12:34.188  INFO 75568 --- [    Test worker] tourGuide.service.TourGuideService       : Track Location for user internalUser7413
2022-10-02 23:12:34.188  INFO 75568 --- [    Test worker] tourGuide.service.TourGuideService       : Track Location for user internalUser8741
2022-10-02 23:12:34.188  INFO 75568 --- [    Test worker] tourGuide.service.TourGuideService       : Track Location for user internalUser7412
2022-10-02 23:12:34.188  INFO 75568 --- [    Test worker] tourGuide.service.TourGuideService       : Track Location for user internalUser8742
2022-10-02 23:12:34.188  INFO 75568 --- [    Test worker] tourGuide.service.TourGuideService       : Track Location for user internalUser8714
2022-10-02 23:12:34.188  INFO 75568 --- [    Test worker] tourGuide.service.TourGuideService       : Track Location for user internalUser8715
2022-10-02 23:12:34.188  INFO 75568 --- [    Test worker] tourGuide.service.TourGuideService       : Track Location for user internalUser8712
2022-10-02 23:12:34.188  INFO 75568 --- [    Test worker] tourGuide.service.TourGuideService       : Track Location for user internalUser8713
2022-10-02 23:12:34.188  INFO 75568 --- [    Test worker] tourGuide.service.TourGuideService       : Track Location for user internalUser8718
2022-10-02 23:12:34.188  INFO 75568 --- [    Test worker] tourGuide.service.TourGuideService       : Track Location for user internalUser8719
2022-10-02 23:12:34.188  INFO 75568 --- [    Test worker] tourGuide.service.TourGuideService       : Track Location for user internalUser8716
2022-10-02 23:12:34.188  INFO 75568 --- [    Test worker] tourGuide.service.TourGuideService       : Track Location for user internalUser8717
2022-10-02 23:12:34.188  INFO 75568 --- [    Test worker] tourGuide.service.TourGuideService       : Track Location for user internalUser8710
2022-10-02 23:12:34.188  INFO 75568 --- [    Test worker] tourGuide.service.TourGuideService       : Track Location for user internalUser8711
2022-10-02 23:12:34.188  INFO 75568 --- [    Test worker] tourGuide.service.TourGuideService       : Track Location for user internalUser8725
2022-10-02 23:12:34.188  INFO 75568 --- [    Test worker] tourGuide.service.TourGuideService       : Track Location for user internalUser8726
2022-10-02 23:12:34.188  INFO 75568 --- [    Test worker] tourGuide.service.TourGuideService       : Track Location for user internalUser8723
2022-10-02 23:12:34.188  INFO 75568 --- [    Test worker] tourGuide.service.TourGuideService       : Track Location for user internalUser8724
2022-10-02 23:12:34.188  INFO 75568 --- [    Test worker] tourGuide.service.TourGuideService       : Track Location for user internalUser8729
2022-10-02 23:12:34.188  INFO 75568 --- [    Test worker] tourGuide.service.TourGuideService       : Track Location for user internalUser8727
2022-10-02 23:12:34.188  INFO 75568 --- [    Test worker] tourGuide.service.TourGuideService       : Track Location for user internalUser8728
2022-10-02 23:12:34.188  INFO 75568 --- [    Test worker] tourGuide.service.TourGuideService       : Track Location for user internalUser8721
2022-10-02 23:12:34.188  INFO 75568 --- [    Test worker] tourGuide.service.TourGuideService       : Track Location for user internalUser8722
2022-10-02 23:12:34.188  INFO 75568 --- [    Test worker] tourGuide.service.TourGuideService       : Track Location for user internalUser8720
2022-10-02 23:12:34.188  INFO 75568 --- [    Test worker] tourGuide.service.TourGuideService       : Track Location for user internalUser1220
2022-10-02 23:12:34.188  INFO 75568 --- [    Test worker] tourGuide.service.TourGuideService       : Track Location for user internalUser2551
2022-10-02 23:12:34.188  INFO 75568 --- [    Test worker] tourGuide.service.TourGuideService       : Track Location for user internalUser3883
2022-10-02 23:12:34.188  INFO 75568 --- [    Test worker] tourGuide.service.TourGuideService       : Track Location for user internalUser2550
2022-10-02 23:12:34.188  INFO 75568 --- [    Test worker] tourGuide.service.TourGuideService       : Track Location for user internalUser3884
2022-10-02 23:12:34.188  INFO 75568 --- [    Test worker] tourGuide.service.TourGuideService       : Track Location for user internalUser3885
2022-10-02 23:12:34.188  INFO 75568 --- [    Test worker] tourGuide.service.TourGuideService       : Track Location for user internalUser3886
2022-10-02 23:12:34.188  INFO 75568 --- [    Test worker] tourGuide.service.TourGuideService       : Track Location for user internalUser3887
2022-10-02 23:12:34.188  INFO 75568 --- [    Test worker] tourGuide.service.TourGuideService       : Track Location for user internalUser3888
2022-10-02 23:12:34.188  INFO 75568 --- [    Test worker] tourGuide.service.TourGuideService       : Track Location for user internalUser3889
2022-10-02 23:12:34.188  INFO 75568 --- [    Test worker] tourGuide.service.TourGuideService       : Track Location for user internalUser1228
2022-10-02 23:12:34.188  INFO 75568 --- [    Test worker] tourGuide.service.TourGuideService       : Track Location for user internalUser2559
2022-10-02 23:12:34.188  INFO 75568 --- [    Test worker] tourGuide.service.TourGuideService       : Track Location for user internalUser1227
2022-10-02 23:12:34.188  INFO 75568 --- [    Test worker] tourGuide.service.TourGuideService       : Track Location for user internalUser2558
2022-10-02 23:12:34.188  INFO 75568 --- [    Test worker] tourGuide.service.TourGuideService       : Track Location for user internalUser1226
2022-10-02 23:12:34.188  INFO 75568 --- [    Test worker] tourGuide.service.TourGuideService       : Track Location for user internalUser2557
2022-10-02 23:12:34.188  INFO 75568 --- [    Test worker] tourGuide.service.TourGuideService       : Track Location for user internalUser1225
2022-10-02 23:12:34.188  INFO 75568 --- [    Test worker] tourGuide.service.TourGuideService       : Track Location for user internalUser2556
2022-10-02 23:12:34.188  INFO 75568 --- [    Test worker] tourGuide.service.TourGuideService       : Track Location for user internalUser1224
2022-10-02 23:12:34.188  INFO 75568 --- [    Test worker] tourGuide.service.TourGuideService       : Track Location for user internalUser2555
2022-10-02 23:12:34.188  INFO 75568 --- [    Test worker] tourGuide.service.TourGuideService       : Track Location for user internalUser1223
2022-10-02 23:12:34.188  INFO 75568 --- [    Test worker] tourGuide.service.TourGuideService       : Track Location for user internalUser2554
2022-10-02 23:12:34.188  INFO 75568 --- [    Test worker] tourGuide.service.TourGuideService       : Track Location for user internalUser3880
2022-10-02 23:12:34.188  INFO 75568 --- [    Test worker] tourGuide.service.TourGuideService       : Track Location for user internalUser1222
2022-10-02 23:12:34.188  INFO 75568 --- [    Test worker] tourGuide.service.TourGuideService       : Track Location for user internalUser2553
2022-10-02 23:12:34.188  INFO 75568 --- [    Test worker] tourGuide.service.TourGuideService       : Track Location for user internalUser3881
2022-10-02 23:12:34.188  INFO 75568 --- [    Test worker] tourGuide.service.TourGuideService       : Track Location for user internalUser1221
2022-10-02 23:12:34.188  INFO 75568 --- [    Test worker] tourGuide.service.TourGuideService       : Track Location for user internalUser2552
2022-10-02 23:12:34.188  INFO 75568 --- [    Test worker] tourGuide.service.TourGuideService       : Track Location for user internalUser3882
2022-10-02 23:12:34.188  INFO 75568 --- [    Test worker] tourGuide.service.TourGuideService       : Track Location for user internalUser1229
2022-10-02 23:12:34.188  INFO 75568 --- [    Test worker] tourGuide.service.TourGuideService       : Track Location for user internalUser1231
2022-10-02 23:12:34.188  INFO 75568 --- [    Test worker] tourGuide.service.TourGuideService       : Track Location for user internalUser2562
2022-10-02 23:12:34.188  INFO 75568 --- [    Test worker] tourGuide.service.TourGuideService       : Track Location for user internalUser3894
2022-10-02 23:12:34.188  INFO 75568 --- [    Test worker] tourGuide.service.TourGuideService       : Track Location for user internalUser1230
2022-10-02 23:12:34.188  INFO 75568 --- [    Test worker] tourGuide.service.TourGuideService       : Track Location for user internalUser2561
2022-10-02 23:12:34.188  INFO 75568 --- [    Test worker] tourGuide.service.TourGuideService       : Track Location for user internalUser3895
2022-10-02 23:12:34.188  INFO 75568 --- [    Test worker] tourGuide.service.TourGuideService       : Track Location for user internalUser2560
2022-10-02 23:12:34.188  INFO 75568 --- [    Test worker] tourGuide.service.TourGuideService       : Track Location for user internalUser3896
2022-10-02 23:12:34.188  INFO 75568 --- [    Test worker] tourGuide.service.TourGuideService       : Track Location for user internalUser3897
2022-10-02 23:12:34.188  INFO 75568 --- [    Test worker] tourGuide.service.TourGuideService       : Track Location for user internalUser3898
2022-10-02 23:12:34.188  INFO 75568 --- [    Test worker] tourGuide.service.TourGuideService       : Track Location for user internalUser3899
2022-10-02 23:12:34.188  INFO 75568 --- [    Test worker] tourGuide.service.TourGuideService       : Track Location for user internalUser1239
2022-10-02 23:12:34.188  INFO 75568 --- [    Test worker] tourGuide.service.TourGuideService       : Track Location for user internalUser1238
2022-10-02 23:12:34.188  INFO 75568 --- [    Test worker] tourGuide.service.TourGuideService       : Track Location for user internalUser2569
2022-10-02 23:12:34.188  INFO 75568 --- [    Test worker] tourGuide.service.TourGuideService       : Track Location for user internalUser1237
2022-10-02 23:12:34.188  INFO 75568 --- [    Test worker] tourGuide.service.TourGuideService       : Track Location for user internalUser2568
2022-10-02 23:12:34.188  INFO 75568 --- [    Test worker] tourGuide.service.TourGuideService       : Track Location for user internalUser1236
2022-10-02 23:12:34.188  INFO 75568 --- [    Test worker] tourGuide.service.TourGuideService       : Track Location for user internalUser2567
2022-10-02 23:12:34.188  INFO 75568 --- [    Test worker] tourGuide.service.TourGuideService       : Track Location for user internalUser1235
2022-10-02 23:12:34.188  INFO 75568 --- [    Test worker] tourGuide.service.TourGuideService       : Track Location for user internalUser2566
2022-10-02 23:12:34.188  INFO 75568 --- [    Test worker] tourGuide.service.TourGuideService       : Track Location for user internalUser3890
2022-10-02 23:12:34.188  INFO 75568 --- [    Test worker] tourGuide.service.TourGuideService       : Track Location for user internalUser1234
2022-10-02 23:12:34.188  INFO 75568 --- [    Test worker] tourGuide.service.TourGuideService       : Track Location for user internalUser2565
2022-10-02 23:12:34.188  INFO 75568 --- [    Test worker] tourGuide.service.TourGuideService       : Track Location for user internalUser3891
2022-10-02 23:12:34.188  INFO 75568 --- [    Test worker] tourGuide.service.TourGuideService       : Track Location for user internalUser1233
2022-10-02 23:12:34.188  INFO 75568 --- [    Test worker] tourGuide.service.TourGuideService       : Track Location for user internalUser2564
2022-10-02 23:12:34.188  INFO 75568 --- [    Test worker] tourGuide.service.TourGuideService       : Track Location for user internalUser3892
2022-10-02 23:12:34.188  INFO 75568 --- [    Test worker] tourGuide.service.TourGuideService       : Track Location for user internalUser1232
2022-10-02 23:12:34.188  INFO 75568 --- [    Test worker] tourGuide.service.TourGuideService       : Track Location for user internalUser2563
2022-10-02 23:12:34.188  INFO 75568 --- [    Test worker] tourGuide.service.TourGuideService       : Track Location for user internalUser3893
2022-10-02 23:12:34.188  INFO 75568 --- [    Test worker] tourGuide.service.TourGuideService       : Track Location for user internalUser3861
2022-10-02 23:12:34.188  INFO 75568 --- [    Test worker] tourGuide.service.TourGuideService       : Track Location for user internalUser3862
2022-10-02 23:12:34.188  INFO 75568 --- [    Test worker] tourGuide.service.TourGuideService       : Track Location for user internalUser3863
2022-10-02 23:12:34.188  INFO 75568 --- [    Test worker] tourGuide.service.TourGuideService       : Track Location for user internalUser3864
2022-10-02 23:12:34.188  INFO 75568 --- [    Test worker] tourGuide.service.TourGuideService       : Track Location for user internalUser3865
2022-10-02 23:12:34.188  INFO 75568 --- [    Test worker] tourGuide.service.TourGuideService       : Track Location for user internalUser3866
2022-10-02 23:12:34.188  INFO 75568 --- [    Test worker] tourGuide.service.TourGuideService       : Track Location for user internalUser3867
2022-10-02 23:12:34.188  INFO 75568 --- [    Test worker] tourGuide.service.TourGuideService       : Track Location for user internalUser3868
2022-10-02 23:12:34.188  INFO 75568 --- [    Test worker] tourGuide.service.TourGuideService       : Track Location for user internalUser1206
2022-10-02 23:12:34.188  INFO 75568 --- [    Test worker] tourGuide.service.TourGuideService       : Track Location for user internalUser2537
2022-10-02 23:12:34.188  INFO 75568 --- [    Test worker] tourGuide.service.TourGuideService       : Track Location for user internalUser1205
2022-10-02 23:12:34.188  INFO 75568 --- [    Test worker] tourGuide.service.TourGuideService       : Track Location for user internalUser2536
2022-10-02 23:12:34.188  INFO 75568 --- [    Test worker] tourGuide.service.TourGuideService       : Track Location for user internalUser1204
2022-10-02 23:12:34.188  INFO 75568 --- [    Test worker] tourGuide.service.TourGuideService       : Track Location for user internalUser2535
2022-10-02 23:12:34.188  INFO 75568 --- [    Test worker] tourGuide.service.TourGuideService       : Track Location for user internalUser1203
2022-10-02 23:12:34.188  INFO 75568 --- [    Test worker] tourGuide.service.TourGuideService       : Track Location for user internalUser2534
2022-10-02 23:12:34.188  INFO 75568 --- [    Test worker] tourGuide.service.TourGuideService       : Track Location for user internalUser1202
2022-10-02 23:12:34.188  INFO 75568 --- [    Test worker] tourGuide.service.TourGuideService       : Track Location for user internalUser2533
2022-10-02 23:12:34.188  INFO 75568 --- [    Test worker] tourGuide.service.TourGuideService       : Track Location for user internalUser1201
2022-10-02 23:12:34.188  INFO 75568 --- [    Test worker] tourGuide.service.TourGuideService       : Track Location for user internalUser2532
2022-10-02 23:12:34.188  INFO 75568 --- [    Test worker] tourGuide.service.TourGuideService       : Track Location for user internalUser1200
2022-10-02 23:12:34.188  INFO 75568 --- [    Test worker] tourGuide.service.TourGuideService       : Track Location for user internalUser2531
2022-10-02 23:12:34.188  INFO 75568 --- [    Test worker] tourGuide.service.TourGuideService       : Track Location for user internalUser2530
2022-10-02 23:12:34.188  INFO 75568 --- [    Test worker] tourGuide.service.TourGuideService       : Track Location for user internalUser3860
2022-10-02 23:12:34.188  INFO 75568 --- [    Test worker] tourGuide.service.TourGuideService       : Track Location for user internalUser1209
2022-10-02 23:12:34.188  INFO 75568 --- [    Test worker] tourGuide.service.TourGuideService       : Track Location for user internalUser1208
2022-10-02 23:12:34.188  INFO 75568 --- [    Test worker] tourGuide.service.TourGuideService       : Track Location for user internalUser2539
2022-10-02 23:12:34.188  INFO 75568 --- [    Test worker] tourGuide.service.TourGuideService       : Track Location for user internalUser1207
2022-10-02 23:12:34.188  INFO 75568 --- [    Test worker] tourGuide.service.TourGuideService       : Track Location for user internalUser2538
2022-10-02 23:12:34.188  INFO 75568 --- [    Test worker] tourGuide.service.TourGuideService       : Track Location for user internalUser3869
2022-10-02 23:12:34.188  INFO 75568 --- [    Test worker] tourGuide.service.TourGuideService       : Track Location for user internalUser2540
2022-10-02 23:12:34.188  INFO 75568 --- [    Test worker] tourGuide.service.TourGuideService       : Track Location for user internalUser3872
2022-10-02 23:12:34.188  INFO 75568 --- [    Test worker] tourGuide.service.TourGuideService       : Track Location for user internalUser3873
2022-10-02 23:12:34.188  INFO 75568 --- [    Test worker] tourGuide.service.TourGuideService       : Track Location for user internalUser3874
2022-10-02 23:12:34.188  INFO 75568 --- [    Test worker] tourGuide.service.TourGuideService       : Track Location for user internalUser3875
2022-10-02 23:12:34.188  INFO 75568 --- [    Test worker] tourGuide.service.TourGuideService       : Track Location for user internalUser3876
2022-10-02 23:12:34.188  INFO 75568 --- [    Test worker] tourGuide.service.TourGuideService       : Track Location for user internalUser3877
2022-10-02 23:12:34.188  INFO 75568 --- [    Test worker] tourGuide.service.TourGuideService       : Track Location for user internalUser3878
2022-10-02 23:12:34.188  INFO 75568 --- [    Test worker] tourGuide.service.TourGuideService       : Track Location for user internalUser3879
2022-10-02 23:12:34.188  INFO 75568 --- [    Test worker] tourGuide.service.TourGuideService       : Track Location for user internalUser1217
2022-10-02 23:12:34.188  INFO 75568 --- [    Test worker] tourGuide.service.TourGuideService       : Track Location for user internalUser2548
2022-10-02 23:12:34.188  INFO 75568 --- [    Test worker] tourGuide.service.TourGuideService       : Track Location for user internalUser1216
2022-10-02 23:12:34.188  INFO 75568 --- [    Test worker] tourGuide.service.TourGuideService       : Track Location for user internalUser2547
2022-10-02 23:12:34.188  INFO 75568 --- [    Test worker] tourGuide.service.TourGuideService       : Track Location for user internalUser1215
2022-10-02 23:12:34.188  INFO 75568 --- [    Test worker] tourGuide.service.TourGuideService       : Track Location for user internalUser2546
2022-10-02 23:12:34.188  INFO 75568 --- [    Test worker] tourGuide.service.TourGuideService       : Track Location for user internalUser1214
2022-10-02 23:12:34.188  INFO 75568 --- [    Test worker] tourGuide.service.TourGuideService       : Track Location for user internalUser2545
2022-10-02 23:12:34.188  INFO 75568 --- [    Test worker] tourGuide.service.TourGuideService       : Track Location for user internalUser1213
2022-10-02 23:12:34.188  INFO 75568 --- [    Test worker] tourGuide.service.TourGuideService       : Track Location for user internalUser2544
2022-10-02 23:12:34.188  INFO 75568 --- [    Test worker] tourGuide.service.TourGuideService       : Track Location for user internalUser1212
2022-10-02 23:12:34.188  INFO 75568 --- [    Test worker] tourGuide.service.TourGuideService       : Track Location for user internalUser2543
2022-10-02 23:12:34.188  INFO 75568 --- [    Test worker] tourGuide.service.TourGuideService       : Track Location for user internalUser1211
2022-10-02 23:12:34.188  INFO 75568 --- [    Test worker] tourGuide.service.TourGuideService       : Track Location for user internalUser2542
2022-10-02 23:12:34.188  INFO 75568 --- [    Test worker] tourGuide.service.TourGuideService       : Track Location for user internalUser3870
2022-10-02 23:12:34.188  INFO 75568 --- [    Test worker] tourGuide.service.TourGuideService       : Track Location for user internalUser1210
2022-10-02 23:12:34.188  INFO 75568 --- [    Test worker] tourGuide.service.TourGuideService       : Track Location for user internalUser2541
2022-10-02 23:12:34.188  INFO 75568 --- [    Test worker] tourGuide.service.TourGuideService       : Track Location for user internalUser3871
2022-10-02 23:12:34.188  INFO 75568 --- [    Test worker] tourGuide.service.TourGuideService       : Track Location for user internalUser1219
2022-10-02 23:12:34.188  INFO 75568 --- [    Test worker] tourGuide.service.TourGuideService       : Track Location for user internalUser1218
2022-10-02 23:12:34.188  INFO 75568 --- [    Test worker] tourGuide.service.TourGuideService       : Track Location for user internalUser2549
2022-10-02 23:12:34.188  INFO 75568 --- [    Test worker] tourGuide.service.TourGuideService       : Track Location for user internalUser1264
2022-10-02 23:12:34.188  INFO 75568 --- [    Test worker] tourGuide.service.TourGuideService       : Track Location for user internalUser2595
2022-10-02 23:12:34.188  INFO 75568 --- [    Test worker] tourGuide.service.TourGuideService       : Track Location for user internalUser1263
2022-10-02 23:12:34.188  INFO 75568 --- [    Test worker] tourGuide.service.TourGuideService       : Track Location for user internalUser2594
2022-10-02 23:12:34.188  INFO 75568 --- [    Test worker] tourGuide.service.TourGuideService       : Track Location for user internalUser1262
2022-10-02 23:12:34.188  INFO 75568 --- [    Test worker] tourGuide.service.TourGuideService       : Track Location for user internalUser2593
2022-10-02 23:12:34.188  INFO 75568 --- [    Test worker] tourGuide.service.TourGuideService       : Track Location for user internalUser1261
2022-10-02 23:12:34.188  INFO 75568 --- [    Test worker] tourGuide.service.TourGuideService       : Track Location for user internalUser2592
2022-10-02 23:12:34.189  INFO 75568 --- [    Test worker] tourGuide.service.TourGuideService       : Track Location for user internalUser1260
2022-10-02 23:12:34.189  INFO 75568 --- [    Test worker] tourGuide.service.TourGuideService       : Track Location for user internalUser2591
2022-10-02 23:12:34.189  INFO 75568 --- [    Test worker] tourGuide.service.TourGuideService       : Track Location for user internalUser2590
2022-10-02 23:12:34.189  INFO 75568 --- [    Test worker] tourGuide.service.TourGuideService       : Track Location for user internalUser1269
2022-10-02 23:12:34.189  INFO 75568 --- [    Test worker] tourGuide.service.TourGuideService       : Track Location for user internalUser1268
2022-10-02 23:12:34.189  INFO 75568 --- [    Test worker] tourGuide.service.TourGuideService       : Track Location for user internalUser2599
2022-10-02 23:12:34.189  INFO 75568 --- [    Test worker] tourGuide.service.TourGuideService       : Track Location for user internalUser1267
2022-10-02 23:12:34.189  INFO 75568 --- [    Test worker] tourGuide.service.TourGuideService       : Track Location for user internalUser2598
2022-10-02 23:12:34.189  INFO 75568 --- [    Test worker] tourGuide.service.TourGuideService       : Track Location for user internalUser1266
2022-10-02 23:12:34.189  INFO 75568 --- [    Test worker] tourGuide.service.TourGuideService       : Track Location for user internalUser2597
2022-10-02 23:12:34.189  INFO 75568 --- [    Test worker] tourGuide.service.TourGuideService       : Track Location for user internalUser1265
2022-10-02 23:12:34.189  INFO 75568 --- [    Test worker] tourGuide.service.TourGuideService       : Track Location for user internalUser2596
2022-10-02 23:12:34.189  INFO 75568 --- [    Test worker] tourGuide.service.TourGuideService       : Track Location for user internalUser1275
2022-10-02 23:12:34.189  INFO 75568 --- [    Test worker] tourGuide.service.TourGuideService       : Track Location for user internalUser1274
2022-10-02 23:12:34.189  INFO 75568 --- [    Test worker] tourGuide.service.TourGuideService       : Track Location for user internalUser1273
2022-10-02 23:12:34.189  INFO 75568 --- [    Test worker] tourGuide.service.TourGuideService       : Track Location for user internalUser1272
2022-10-02 23:12:34.189  INFO 75568 --- [    Test worker] tourGuide.service.TourGuideService       : Track Location for user internalUser1271
2022-10-02 23:12:34.189  INFO 75568 --- [    Test worker] tourGuide.service.TourGuideService       : Track Location for user internalUser1270
2022-10-02 23:12:34.189  INFO 75568 --- [    Test worker] tourGuide.service.TourGuideService       : Track Location for user internalUser1279
2022-10-02 23:12:34.189  INFO 75568 --- [    Test worker] tourGuide.service.TourGuideService       : Track Location for user internalUser1278
2022-10-02 23:12:34.189  INFO 75568 --- [    Test worker] tourGuide.service.TourGuideService       : Track Location for user internalUser1277
2022-10-02 23:12:34.189  INFO 75568 --- [    Test worker] tourGuide.service.TourGuideService       : Track Location for user internalUser1276
2022-10-02 23:12:34.189  INFO 75568 --- [    Test worker] tourGuide.service.TourGuideService       : Track Location for user internalUser1242
2022-10-02 23:12:34.189  INFO 75568 --- [    Test worker] tourGuide.service.TourGuideService       : Track Location for user internalUser2573
2022-10-02 23:12:34.189  INFO 75568 --- [    Test worker] tourGuide.service.TourGuideService       : Track Location for user internalUser1241
2022-10-02 23:12:34.189  INFO 75568 --- [    Test worker] tourGuide.service.TourGuideService       : Track Location for user internalUser2572
2022-10-02 23:12:34.189  INFO 75568 --- [    Test worker] tourGuide.service.TourGuideService       : Track Location for user internalUser1240
2022-10-02 23:12:34.189  INFO 75568 --- [    Test worker] tourGuide.service.TourGuideService       : Track Location for user internalUser2571
2022-10-02 23:12:34.189  INFO 75568 --- [    Test worker] tourGuide.service.TourGuideService       : Track Location for user internalUser2570
2022-10-02 23:12:34.189  INFO 75568 --- [    Test worker] tourGuide.service.TourGuideService       : Track Location for user internalUser1249
2022-10-02 23:12:34.189  INFO 75568 --- [    Test worker] tourGuide.service.TourGuideService       : Track Location for user internalUser1248
2022-10-02 23:12:34.189  INFO 75568 --- [    Test worker] tourGuide.service.TourGuideService       : Track Location for user internalUser2579
2022-10-02 23:12:34.189  INFO 75568 --- [    Test worker] tourGuide.service.TourGuideService       : Track Location for user internalUser1247
2022-10-02 23:12:34.189  INFO 75568 --- [    Test worker] tourGuide.service.TourGuideService       : Track Location for user internalUser2578
2022-10-02 23:12:34.189  INFO 75568 --- [    Test worker] tourGuide.service.TourGuideService       : Track Location for user internalUser1246
2022-10-02 23:12:34.189  INFO 75568 --- [    Test worker] tourGuide.service.TourGuideService       : Track Location for user internalUser2577
2022-10-02 23:12:34.189  INFO 75568 --- [    Test worker] tourGuide.service.TourGuideService       : Track Location for user internalUser1245
2022-10-02 23:12:34.189  INFO 75568 --- [    Test worker] tourGuide.service.TourGuideService       : Track Location for user internalUser2576
2022-10-02 23:12:34.189  INFO 75568 --- [    Test worker] tourGuide.service.TourGuideService       : Track Location for user internalUser1244
2022-10-02 23:12:34.189  INFO 75568 --- [    Test worker] tourGuide.service.TourGuideService       : Track Location for user internalUser2575
2022-10-02 23:12:34.189  INFO 75568 --- [    Test worker] tourGuide.service.TourGuideService       : Track Location for user internalUser1243
2022-10-02 23:12:34.189  INFO 75568 --- [    Test worker] tourGuide.service.TourGuideService       : Track Location for user internalUser2574
2022-10-02 23:12:34.189  INFO 75568 --- [    Test worker] tourGuide.service.TourGuideService       : Track Location for user internalUser1253
2022-10-02 23:12:34.189  INFO 75568 --- [    Test worker] tourGuide.service.TourGuideService       : Track Location for user internalUser2584
2022-10-02 23:12:34.189  INFO 75568 --- [    Test worker] tourGuide.service.TourGuideService       : Track Location for user internalUser1252
2022-10-02 23:12:34.189  INFO 75568 --- [    Test worker] tourGuide.service.TourGuideService       : Track Location for user internalUser2583
2022-10-02 23:12:34.189  INFO 75568 --- [    Test worker] tourGuide.service.TourGuideService       : Track Location for user internalUser1251
2022-10-02 23:12:34.189  INFO 75568 --- [    Test worker] tourGuide.service.TourGuideService       : Track Location for user internalUser2582
2022-10-02 23:12:34.189  INFO 75568 --- [    Test worker] tourGuide.service.TourGuideService       : Track Location for user internalUser1250
2022-10-02 23:12:34.189  INFO 75568 --- [    Test worker] tourGuide.service.TourGuideService       : Track Location for user internalUser2581
2022-10-02 23:12:34.189  INFO 75568 --- [    Test worker] tourGuide.service.TourGuideService       : Track Location for user internalUser2580
2022-10-02 23:12:34.189  INFO 75568 --- [    Test worker] tourGuide.service.TourGuideService       : Track Location for user internalUser1259
2022-10-02 23:12:34.189  INFO 75568 --- [    Test worker] tourGuide.service.TourGuideService       : Track Location for user internalUser1258
2022-10-02 23:12:34.189  INFO 75568 --- [    Test worker] tourGuide.service.TourGuideService       : Track Location for user internalUser2589
2022-10-02 23:12:34.189  INFO 75568 --- [    Test worker] tourGuide.service.TourGuideService       : Track Location for user internalUser1257
2022-10-02 23:12:34.189  INFO 75568 --- [    Test worker] tourGuide.service.TourGuideService       : Track Location for user internalUser2588
2022-10-02 23:12:34.189  INFO 75568 --- [    Test worker] tourGuide.service.TourGuideService       : Track Location for user internalUser1256
2022-10-02 23:12:34.189  INFO 75568 --- [    Test worker] tourGuide.service.TourGuideService       : Track Location for user internalUser2587
2022-10-02 23:12:34.189  INFO 75568 --- [    Test worker] tourGuide.service.TourGuideService       : Track Location for user internalUser1255
2022-10-02 23:12:34.189  INFO 75568 --- [    Test worker] tourGuide.service.TourGuideService       : Track Location for user internalUser2586
2022-10-02 23:12:34.189  INFO 75568 --- [    Test worker] tourGuide.service.TourGuideService       : Track Location for user internalUser1254
2022-10-02 23:12:34.189  INFO 75568 --- [    Test worker] tourGuide.service.TourGuideService       : Track Location for user internalUser2585
highVolumeTrackLocation: Time Elapsed: 30 seconds.
2022-10-02 23:13:02.568  INFO 75568 --- [    Test worker] tourGuide.service.TourGuideService       : TestMode enabled
2022-10-02 23:13:02.568 DEBUG 75568 --- [    Test worker] tourGuide.service.TourGuideService       : Initializing users
2022-10-02 23:13:02.571 DEBUG 75568 --- [    Test worker] tourGuide.service.TourGuideService       : Created 1000 internal test users.
2022-10-02 23:13:02.571 DEBUG 75568 --- [    Test worker] tourGuide.service.TourGuideService       : Finished initializing users
2022-10-02 23:13:02.572 DEBUG 75568 --- [ool-10-thread-1] tourGuide.tracker.Tracker                : Begin Tracker. Tracking 1000 users.
2022-10-02 23:13:02.572  INFO 75568 --- [ool-10-thread-1] tourGuide.service.TourGuideService       : Track Location for user internalUser163
2022-10-02 23:13:02.573  INFO 75568 --- [ool-10-thread-1] tourGuide.service.TourGuideService       : Track Location for user internalUser164
2022-10-02 23:13:02.574  INFO 75568 --- [ool-10-thread-1] tourGuide.service.TourGuideService       : Track Location for user internalUser161
2022-10-02 23:13:02.574  INFO 75568 --- [ool-10-thread-1] tourGuide.service.TourGuideService       : Track Location for user internalUser162
2022-10-02 23:13:02.574  INFO 75568 --- [ool-10-thread-1] tourGuide.service.TourGuideService       : Track Location for user internalUser160
2022-10-02 23:13:02.575  INFO 75568 --- [ool-10-thread-1] tourGuide.service.TourGuideService       : Track Location for user internalUser169
2022-10-02 23:13:02.575  INFO 75568 --- [ool-10-thread-1] tourGuide.service.TourGuideService       : Track Location for user internalUser167
2022-10-02 23:13:02.575  INFO 75568 --- [ool-10-thread-1] tourGuide.service.TourGuideService       : Track Location for user internalUser168
2022-10-02 23:13:02.576  INFO 75568 --- [ool-10-thread-1] tourGuide.service.TourGuideService       : Track Location for user internalUser165
2022-10-02 23:13:02.576  INFO 75568 --- [ool-10-thread-1] tourGuide.service.TourGuideService       : Track Location for user internalUser166
2022-10-02 23:13:02.576  INFO 75568 --- [ool-10-thread-1] tourGuide.service.TourGuideService       : Track Location for user internalUser174
2022-10-02 23:13:02.577  INFO 75568 --- [ool-10-thread-1] tourGuide.service.TourGuideService       : Track Location for user internalUser175
2022-10-02 23:13:02.579  INFO 75568 --- [ool-10-thread-1] tourGuide.service.TourGuideService       : Track Location for user internalUser172
2022-10-02 23:13:02.579  INFO 75568 --- [ool-10-thread-1] tourGuide.service.TourGuideService       : Track Location for user internalUser173
2022-10-02 23:13:02.580  INFO 75568 --- [ool-10-thread-1] tourGuide.service.TourGuideService       : Track Location for user internalUser170
2022-10-02 23:13:02.580  INFO 75568 --- [ool-10-thread-1] tourGuide.service.TourGuideService       : Track Location for user internalUser171
2022-10-02 23:13:02.580  INFO 75568 --- [ool-10-thread-1] tourGuide.service.TourGuideService       : Track Location for user internalUser178
2022-10-02 23:13:02.581  INFO 75568 --- [ool-10-thread-1] tourGuide.service.TourGuideService       : Track Location for user internalUser179
2022-10-02 23:13:02.581  INFO 75568 --- [ool-10-thread-1] tourGuide.service.TourGuideService       : Track Location for user internalUser176
2022-10-02 23:13:02.581  INFO 75568 --- [ool-10-thread-1] tourGuide.service.TourGuideService       : Track Location for user internalUser177
2022-10-02 23:13:02.582  INFO 75568 --- [ool-10-thread-1] tourGuide.service.TourGuideService       : Track Location for user internalUser185
2022-10-02 23:13:02.582  INFO 75568 --- [ool-10-thread-1] tourGuide.service.TourGuideService       : Track Location for user internalUser186
2022-10-02 23:13:02.585  INFO 75568 --- [ool-10-thread-1] tourGuide.service.TourGuideService       : Track Location for user internalUser183
2022-10-02 23:13:02.585  INFO 75568 --- [ool-10-thread-1] tourGuide.service.TourGuideService       : Track Location for user internalUser184
2022-10-02 23:13:02.585  INFO 75568 --- [ool-10-thread-1] tourGuide.service.TourGuideService       : Track Location for user internalUser181
2022-10-02 23:13:02.586  INFO 75568 --- [ool-10-thread-1] tourGuide.service.TourGuideService       : Track Location for user internalUser182
2022-10-02 23:13:02.586  INFO 75568 --- [ool-10-thread-1] tourGuide.service.TourGuideService       : Track Location for user internalUser180
2022-10-02 23:13:02.586  INFO 75568 --- [ool-10-thread-1] tourGuide.service.TourGuideService       : Track Location for user internalUser189
2022-10-02 23:13:02.586  INFO 75568 --- [ool-10-thread-1] tourGuide.service.TourGuideService       : Track Location for user internalUser187
2022-10-02 23:13:02.587  INFO 75568 --- [ool-10-thread-1] tourGuide.service.TourGuideService       : Track Location for user internalUser188
2022-10-02 23:13:02.587  INFO 75568 --- [ool-10-thread-1] tourGuide.service.TourGuideService       : Track Location for user internalUser196
2022-10-02 23:13:02.587  INFO 75568 --- [ool-10-thread-1] tourGuide.service.TourGuideService       : Track Location for user internalUser197
2022-10-02 23:13:02.588  INFO 75568 --- [ool-10-thread-1] tourGuide.service.TourGuideService       : Track Location for user internalUser194
2022-10-02 23:13:02.588  INFO 75568 --- [ool-10-thread-1] tourGuide.service.TourGuideService       : Track Location for user internalUser195
2022-10-02 23:13:02.588  INFO 75568 --- [ool-10-thread-1] tourGuide.service.TourGuideService       : Track Location for user internalUser192
2022-10-02 23:13:02.589  INFO 75568 --- [ool-10-thread-1] tourGuide.service.TourGuideService       : Track Location for user internalUser193
2022-10-02 23:13:02.589  INFO 75568 --- [ool-10-thread-1] tourGuide.service.TourGuideService       : Track Location for user internalUser190
2022-10-02 23:13:02.590  INFO 75568 --- [ool-10-thread-1] tourGuide.service.TourGuideService       : Track Location for user internalUser191
2022-10-02 23:13:02.590  INFO 75568 --- [ool-10-thread-1] tourGuide.service.TourGuideService       : Track Location for user internalUser198
2022-10-02 23:13:02.590  INFO 75568 --- [ool-10-thread-1] tourGuide.service.TourGuideService       : Track Location for user internalUser199
2022-10-02 23:13:02.590  INFO 75568 --- [ool-10-thread-1] tourGuide.service.TourGuideService       : Track Location for user internalUser361
2022-10-02 23:13:02.591  INFO 75568 --- [ool-10-thread-1] tourGuide.service.TourGuideService       : Track Location for user internalUser120
2022-10-02 23:13:02.591  INFO 75568 --- [ool-10-thread-1] tourGuide.service.TourGuideService       : Track Location for user internalUser362
2022-10-02 23:13:02.591  INFO 75568 --- [ool-10-thread-1] tourGuide.service.TourGuideService       : Track Location for user internalUser360
2022-10-02 23:13:02.592  INFO 75568 --- [ool-10-thread-1] tourGuide.service.TourGuideService       : Track Location for user internalUser127
2022-10-02 23:13:02.592  INFO 75568 --- [ool-10-thread-1] tourGuide.service.TourGuideService       : Track Location for user internalUser369
2022-10-02 23:13:02.593  INFO 75568 --- [ool-10-thread-1] tourGuide.service.TourGuideService       : Track Location for user internalUser128
2022-10-02 23:13:02.593  INFO 75568 --- [ool-10-thread-1] tourGuide.service.TourGuideService       : Track Location for user internalUser125
2022-10-02 23:13:02.594  INFO 75568 --- [ool-10-thread-1] tourGuide.service.TourGuideService       : Track Location for user internalUser367
2022-10-02 23:13:02.594  INFO 75568 --- [ool-10-thread-1] tourGuide.service.TourGuideService       : Track Location for user internalUser126
2022-10-02 23:13:02.594  INFO 75568 --- [ool-10-thread-1] tourGuide.service.TourGuideService       : Track Location for user internalUser368
2022-10-02 23:13:02.595  INFO 75568 --- [ool-10-thread-1] tourGuide.service.TourGuideService       : Track Location for user internalUser123
2022-10-02 23:13:02.595  INFO 75568 --- [ool-10-thread-1] tourGuide.service.TourGuideService       : Track Location for user internalUser365
2022-10-02 23:13:02.595  INFO 75568 --- [ool-10-thread-1] tourGuide.service.TourGuideService       : Track Location for user internalUser124
2022-10-02 23:13:02.595  INFO 75568 --- [ool-10-thread-1] tourGuide.service.TourGuideService       : Track Location for user internalUser366
2022-10-02 23:13:02.595  INFO 75568 --- [ool-10-thread-1] tourGuide.service.TourGuideService       : Track Location for user internalUser121
2022-10-02 23:13:02.596  INFO 75568 --- [ool-10-thread-1] tourGuide.service.TourGuideService       : Track Location for user internalUser363
2022-10-02 23:13:02.596  INFO 75568 --- [ool-10-thread-1] tourGuide.service.TourGuideService       : Track Location for user internalUser122
2022-10-02 23:13:02.596  INFO 75568 --- [ool-10-thread-1] tourGuide.service.TourGuideService       : Track Location for user internalUser364
2022-10-02 23:13:02.596  INFO 75568 --- [ool-10-thread-1] tourGuide.service.TourGuideService       : Track Location for user internalUser129
2022-10-02 23:13:02.596  INFO 75568 --- [ool-10-thread-1] tourGuide.service.TourGuideService       : Track Location for user internalUser130
2022-10-02 23:13:02.596  INFO 75568 --- [ool-10-thread-1] tourGuide.service.TourGuideService       : Track Location for user internalUser372
2022-10-02 23:13:02.597  INFO 75568 --- [ool-10-thread-1] tourGuide.service.TourGuideService       : Track Location for user internalUser131
2022-10-02 23:13:02.597  INFO 75568 --- [ool-10-thread-1] tourGuide.service.TourGuideService       : Track Location for user internalUser373
2022-10-02 23:13:02.597  INFO 75568 --- [ool-10-thread-1] tourGuide.service.TourGuideService       : Track Location for user internalUser370
2022-10-02 23:13:02.597  INFO 75568 --- [ool-10-thread-1] tourGuide.service.TourGuideService       : Track Location for user internalUser371
2022-10-02 23:13:02.598  INFO 75568 --- [ool-10-thread-1] tourGuide.service.TourGuideService       : Track Location for user internalUser138
2022-10-02 23:13:02.598  INFO 75568 --- [ool-10-thread-1] tourGuide.service.TourGuideService       : Track Location for user internalUser139
2022-10-02 23:13:02.598  INFO 75568 --- [ool-10-thread-1] tourGuide.service.TourGuideService       : Track Location for user internalUser136
2022-10-02 23:13:02.598  INFO 75568 --- [ool-10-thread-1] tourGuide.service.TourGuideService       : Track Location for user internalUser378
2022-10-02 23:13:02.598  INFO 75568 --- [ool-10-thread-1] tourGuide.service.TourGuideService       : Track Location for user internalUser137
2022-10-02 23:13:02.598  INFO 75568 --- [ool-10-thread-1] tourGuide.service.TourGuideService       : Track Location for user internalUser379
2022-10-02 23:13:02.599  INFO 75568 --- [ool-10-thread-1] tourGuide.service.TourGuideService       : Track Location for user internalUser134
2022-10-02 23:13:02.599  INFO 75568 --- [ool-10-thread-1] tourGuide.service.TourGuideService       : Track Location for user internalUser376
2022-10-02 23:13:02.599  INFO 75568 --- [ool-10-thread-1] tourGuide.service.TourGuideService       : Track Location for user internalUser135
2022-10-02 23:13:02.599  INFO 75568 --- [ool-10-thread-1] tourGuide.service.TourGuideService       : Track Location for user internalUser377
2022-10-02 23:13:02.600  INFO 75568 --- [ool-10-thread-1] tourGuide.service.TourGuideService       : Track Location for user internalUser132
2022-10-02 23:13:02.600  INFO 75568 --- [ool-10-thread-1] tourGuide.service.TourGuideService       : Track Location for user internalUser374
2022-10-02 23:13:02.601  INFO 75568 --- [ool-10-thread-1] tourGuide.service.TourGuideService       : Track Location for user internalUser133
2022-10-02 23:13:02.602  INFO 75568 --- [ool-10-thread-1] tourGuide.service.TourGuideService       : Track Location for user internalUser375
2022-10-02 23:13:02.602  INFO 75568 --- [ool-10-thread-1] tourGuide.service.TourGuideService       : Track Location for user internalUser141
2022-10-02 23:13:02.602  INFO 75568 --- [ool-10-thread-1] tourGuide.service.TourGuideService       : Track Location for user internalUser383
2022-10-02 23:13:02.603  INFO 75568 --- [ool-10-thread-1] tourGuide.service.TourGuideService       : Track Location for user internalUser142
2022-10-02 23:13:02.603  INFO 75568 --- [ool-10-thread-1] tourGuide.service.TourGuideService       : Track Location for user internalUser384
2022-10-02 23:13:02.603  INFO 75568 --- [ool-10-thread-1] tourGuide.service.TourGuideService       : Track Location for user internalUser381
2022-10-02 23:13:02.604  INFO 75568 --- [ool-10-thread-1] tourGuide.service.TourGuideService       : Track Location for user internalUser140
2022-10-02 23:13:02.604  INFO 75568 --- [ool-10-thread-1] tourGuide.service.TourGuideService       : Track Location for user internalUser382
2022-10-02 23:13:02.605  INFO 75568 --- [ool-10-thread-1] tourGuide.service.TourGuideService       : Track Location for user internalUser380
2022-10-02 23:13:02.605  INFO 75568 --- [ool-10-thread-1] tourGuide.service.TourGuideService       : Track Location for user internalUser149
2022-10-02 23:13:02.605  INFO 75568 --- [ool-10-thread-1] tourGuide.service.TourGuideService       : Track Location for user internalUser147
2022-10-02 23:13:02.606  INFO 75568 --- [ool-10-thread-1] tourGuide.service.TourGuideService       : Track Location for user internalUser389
2022-10-02 23:13:02.606  INFO 75568 --- [ool-10-thread-1] tourGuide.service.TourGuideService       : Track Location for user internalUser148
2022-10-02 23:13:02.606  INFO 75568 --- [ool-10-thread-1] tourGuide.service.TourGuideService       : Track Location for user internalUser145
2022-10-02 23:13:02.606  INFO 75568 --- [ool-10-thread-1] tourGuide.service.TourGuideService       : Track Location for user internalUser387
2022-10-02 23:13:02.607  INFO 75568 --- [ool-10-thread-1] tourGuide.service.TourGuideService       : Track Location for user internalUser146
2022-10-02 23:13:02.607  INFO 75568 --- [ool-10-thread-1] tourGuide.service.TourGuideService       : Track Location for user internalUser388
2022-10-02 23:13:02.607  INFO 75568 --- [ool-10-thread-1] tourGuide.service.TourGuideService       : Track Location for user internalUser143
2022-10-02 23:13:02.607  INFO 75568 --- [ool-10-thread-1] tourGuide.service.TourGuideService       : Track Location for user internalUser385
2022-10-02 23:13:02.607  INFO 75568 --- [ool-10-thread-1] tourGuide.service.TourGuideService       : Track Location for user internalUser144
2022-10-02 23:13:02.608  INFO 75568 --- [ool-10-thread-1] tourGuide.service.TourGuideService       : Track Location for user internalUser386
2022-10-02 23:13:02.608  INFO 75568 --- [ool-10-thread-1] tourGuide.service.TourGuideService       : Track Location for user internalUser152
2022-10-02 23:13:02.608  INFO 75568 --- [ool-10-thread-1] tourGuide.service.TourGuideService       : Track Location for user internalUser394
2022-10-02 23:13:02.608  INFO 75568 --- [ool-10-thread-1] tourGuide.service.TourGuideService       : Track Location for user internalUser153
2022-10-02 23:13:02.608  INFO 75568 --- [ool-10-thread-1] tourGuide.service.TourGuideService       : Track Location for user internalUser395
2022-10-02 23:13:02.608  INFO 75568 --- [ool-10-thread-1] tourGuide.service.TourGuideService       : Track Location for user internalUser150
2022-10-02 23:13:02.609  INFO 75568 --- [ool-10-thread-1] tourGuide.service.TourGuideService       : Track Location for user internalUser392
2022-10-02 23:13:02.609  INFO 75568 --- [ool-10-thread-1] tourGuide.service.TourGuideService       : Track Location for user internalUser151
2022-10-02 23:13:02.609  INFO 75568 --- [ool-10-thread-1] tourGuide.service.TourGuideService       : Track Location for user internalUser393
2022-10-02 23:13:02.609  INFO 75568 --- [ool-10-thread-1] tourGuide.service.TourGuideService       : Track Location for user internalUser390
2022-10-02 23:13:02.609  INFO 75568 --- [ool-10-thread-1] tourGuide.service.TourGuideService       : Track Location for user internalUser391
2022-10-02 23:13:02.610  INFO 75568 --- [ool-10-thread-1] tourGuide.service.TourGuideService       : Track Location for user internalUser158
2022-10-02 23:13:02.610  INFO 75568 --- [ool-10-thread-1] tourGuide.service.TourGuideService       : Track Location for user internalUser159
2022-10-02 23:13:02.610  INFO 75568 --- [ool-10-thread-1] tourGuide.service.TourGuideService       : Track Location for user internalUser156
2022-10-02 23:13:02.610  INFO 75568 --- [ool-10-thread-1] tourGuide.service.TourGuideService       : Track Location for user internalUser398
2022-10-02 23:13:02.610  INFO 75568 --- [ool-10-thread-1] tourGuide.service.TourGuideService       : Track Location for user internalUser157
2022-10-02 23:13:02.610  INFO 75568 --- [ool-10-thread-1] tourGuide.service.TourGuideService       : Track Location for user internalUser399
2022-10-02 23:13:02.611  INFO 75568 --- [ool-10-thread-1] tourGuide.service.TourGuideService       : Track Location for user internalUser154
2022-10-02 23:13:02.611  INFO 75568 --- [ool-10-thread-1] tourGuide.service.TourGuideService       : Track Location for user internalUser396
2022-10-02 23:13:02.611  INFO 75568 --- [ool-10-thread-1] tourGuide.service.TourGuideService       : Track Location for user internalUser155
2022-10-02 23:13:02.611  INFO 75568 --- [ool-10-thread-1] tourGuide.service.TourGuideService       : Track Location for user internalUser397
2022-10-02 23:13:02.611  INFO 75568 --- [ool-10-thread-1] tourGuide.service.TourGuideService       : Track Location for user internalUser560
2022-10-02 23:13:02.611  INFO 75568 --- [ool-10-thread-1] tourGuide.service.TourGuideService       : Track Location for user internalUser325
2022-10-02 23:13:02.612  INFO 75568 --- [ool-10-thread-1] tourGuide.service.TourGuideService       : Track Location for user internalUser567
2022-10-02 23:13:02.612  INFO 75568 --- [ool-10-thread-1] tourGuide.service.TourGuideService       : Track Location for user internalUser326
2022-10-02 23:13:02.612  INFO 75568 --- [ool-10-thread-1] tourGuide.service.TourGuideService       : Track Location for user internalUser568
2022-10-02 23:13:02.612  INFO 75568 --- [ool-10-thread-1] tourGuide.service.TourGuideService       : Track Location for user internalUser323
2022-10-02 23:13:02.612  INFO 75568 --- [ool-10-thread-1] tourGuide.service.TourGuideService       : Track Location for user internalUser565
2022-10-02 23:13:02.612  INFO 75568 --- [ool-10-thread-1] tourGuide.service.TourGuideService       : Track Location for user internalUser324
2022-10-02 23:13:02.613  INFO 75568 --- [ool-10-thread-1] tourGuide.service.TourGuideService       : Track Location for user internalUser566
2022-10-02 23:13:02.613  INFO 75568 --- [ool-10-thread-1] tourGuide.service.TourGuideService       : Track Location for user internalUser321
2022-10-02 23:13:02.613  INFO 75568 --- [ool-10-thread-1] tourGuide.service.TourGuideService       : Track Location for user internalUser563
2022-10-02 23:13:02.613  INFO 75568 --- [ool-10-thread-1] tourGuide.service.TourGuideService       : Track Location for user internalUser322
2022-10-02 23:13:02.613  INFO 75568 --- [ool-10-thread-1] tourGuide.service.TourGuideService       : Track Location for user internalUser564
2022-10-02 23:13:02.614  INFO 75568 --- [ool-10-thread-1] tourGuide.service.TourGuideService       : Track Location for user internalUser561
2022-10-02 23:13:02.614  INFO 75568 --- [ool-10-thread-1] tourGuide.service.TourGuideService       : Track Location for user internalUser320
2022-10-02 23:13:02.614  INFO 75568 --- [ool-10-thread-1] tourGuide.service.TourGuideService       : Track Location for user internalUser562
2022-10-02 23:13:02.614  INFO 75568 --- [ool-10-thread-1] tourGuide.service.TourGuideService       : Track Location for user internalUser329
2022-10-02 23:13:02.615  INFO 75568 --- [ool-10-thread-1] tourGuide.service.TourGuideService       : Track Location for user internalUser327
2022-10-02 23:13:02.615  INFO 75568 --- [ool-10-thread-1] tourGuide.service.TourGuideService       : Track Location for user internalUser569
2022-10-02 23:13:02.615  INFO 75568 --- [ool-10-thread-1] tourGuide.service.TourGuideService       : Track Location for user internalUser328
2022-10-02 23:13:02.615  INFO 75568 --- [ool-10-thread-1] tourGuide.service.TourGuideService       : Track Location for user internalUser570
2022-10-02 23:13:02.615  INFO 75568 --- [ool-10-thread-1] tourGuide.service.TourGuideService       : Track Location for user internalUser571
2022-10-02 23:13:02.615  INFO 75568 --- [ool-10-thread-1] tourGuide.service.TourGuideService       : Track Location for user internalUser336
2022-10-02 23:13:02.616  INFO 75568 --- [ool-10-thread-1] tourGuide.service.TourGuideService       : Track Location for user internalUser578
2022-10-02 23:13:02.616  INFO 75568 --- [ool-10-thread-1] tourGuide.service.TourGuideService       : Track Location for user internalUser337
2022-10-02 23:13:02.616  INFO 75568 --- [ool-10-thread-1] tourGuide.service.TourGuideService       : Track Location for user internalUser579
2022-10-02 23:13:02.616  INFO 75568 --- [ool-10-thread-1] tourGuide.service.TourGuideService       : Track Location for user internalUser334
2022-10-02 23:13:02.616  INFO 75568 --- [ool-10-thread-1] tourGuide.service.TourGuideService       : Track Location for user internalUser576
2022-10-02 23:13:02.616  INFO 75568 --- [ool-10-thread-1] tourGuide.service.TourGuideService       : Track Location for user internalUser335
2022-10-02 23:13:02.617  INFO 75568 --- [ool-10-thread-1] tourGuide.service.TourGuideService       : Track Location for user internalUser577
2022-10-02 23:13:02.617  INFO 75568 --- [ool-10-thread-1] tourGuide.service.TourGuideService       : Track Location for user internalUser332
2022-10-02 23:13:02.617  INFO 75568 --- [ool-10-thread-1] tourGuide.service.TourGuideService       : Track Location for user internalUser574
2022-10-02 23:13:02.617  INFO 75568 --- [ool-10-thread-1] tourGuide.service.TourGuideService       : Track Location for user internalUser333
2022-10-02 23:13:02.617  INFO 75568 --- [ool-10-thread-1] tourGuide.service.TourGuideService       : Track Location for user internalUser575
2022-10-02 23:13:02.618  INFO 75568 --- [ool-10-thread-1] tourGuide.service.TourGuideService       : Track Location for user internalUser330
2022-10-02 23:13:02.618  INFO 75568 --- [ool-10-thread-1] tourGuide.service.TourGuideService       : Track Location for user internalUser572
2022-10-02 23:13:02.618  INFO 75568 --- [ool-10-thread-1] tourGuide.service.TourGuideService       : Track Location for user internalUser331
2022-10-02 23:13:02.618  INFO 75568 --- [ool-10-thread-1] tourGuide.service.TourGuideService       : Track Location for user internalUser573
2022-10-02 23:13:02.619  INFO 75568 --- [ool-10-thread-1] tourGuide.service.TourGuideService       : Track Location for user internalUser338
2022-10-02 23:13:02.619  INFO 75568 --- [ool-10-thread-1] tourGuide.service.TourGuideService       : Track Location for user internalUser339
2022-10-02 23:13:02.619  INFO 75568 --- [ool-10-thread-1] tourGuide.service.TourGuideService       : Track Location for user internalUser581
2022-10-02 23:13:02.619  INFO 75568 --- [ool-10-thread-1] tourGuide.service.TourGuideService       : Track Location for user internalUser340
2022-10-02 23:13:02.620  INFO 75568 --- [ool-10-thread-1] tourGuide.service.TourGuideService       : Track Location for user internalUser582
2022-10-02 23:13:02.620  INFO 75568 --- [ool-10-thread-1] tourGuide.service.TourGuideService       : Track Location for user internalUser9
2022-10-02 23:13:02.620  INFO 75568 --- [ool-10-thread-1] tourGuide.service.TourGuideService       : Track Location for user internalUser8
2022-10-02 23:13:02.621  INFO 75568 --- [ool-10-thread-1] tourGuide.service.TourGuideService       : Track Location for user internalUser580
2022-10-02 23:13:02.621  INFO 75568 --- [ool-10-thread-1] tourGuide.service.TourGuideService       : Track Location for user internalUser105
2022-10-02 23:13:02.622  INFO 75568 --- [ool-10-thread-1] tourGuide.service.TourGuideService       : Track Location for user internalUser347
2022-10-02 23:13:02.622  INFO 75568 --- [ool-10-thread-1] tourGuide.service.TourGuideService       : Track Location for user internalUser589
2022-10-02 23:13:02.622  INFO 75568 --- [ool-10-thread-1] tourGuide.service.TourGuideService       : Track Location for user internalUser106
2022-10-02 23:13:02.623  INFO 75568 --- [ool-10-thread-1] tourGuide.service.TourGuideService       : Track Location for user internalUser348
2022-10-02 23:13:02.623  INFO 75568 --- [ool-10-thread-1] tourGuide.service.TourGuideService       : Track Location for user internalUser103
2022-10-02 23:13:02.624  INFO 75568 --- [ool-10-thread-1] tourGuide.service.TourGuideService       : Track Location for user internalUser345
2022-10-02 23:13:02.624  INFO 75568 --- [ool-10-thread-1] tourGuide.service.TourGuideService       : Track Location for user internalUser587
2022-10-02 23:13:02.624  INFO 75568 --- [ool-10-thread-1] tourGuide.service.TourGuideService       : Track Location for user internalUser104
2022-10-02 23:13:02.625  INFO 75568 --- [ool-10-thread-1] tourGuide.service.TourGuideService       : Track Location for user internalUser346
2022-10-02 23:13:02.625  INFO 75568 --- [ool-10-thread-1] tourGuide.service.TourGuideService       : Track Location for user internalUser588
2022-10-02 23:13:02.626  INFO 75568 --- [ool-10-thread-1] tourGuide.service.TourGuideService       : Track Location for user internalUser101
2022-10-02 23:13:02.626  INFO 75568 --- [ool-10-thread-1] tourGuide.service.TourGuideService       : Track Location for user internalUser343
2022-10-02 23:13:02.626  INFO 75568 --- [ool-10-thread-1] tourGuide.service.TourGuideService       : Track Location for user internalUser585
2022-10-02 23:13:02.627  INFO 75568 --- [ool-10-thread-1] tourGuide.service.TourGuideService       : Track Location for user internalUser102
2022-10-02 23:13:02.627  INFO 75568 --- [ool-10-thread-1] tourGuide.service.TourGuideService       : Track Location for user internalUser344
2022-10-02 23:13:02.627  INFO 75568 --- [ool-10-thread-1] tourGuide.service.TourGuideService       : Track Location for user internalUser586
2022-10-02 23:13:02.628  INFO 75568 --- [ool-10-thread-1] tourGuide.service.TourGuideService       : Track Location for user internalUser341
2022-10-02 23:13:02.628  INFO 75568 --- [ool-10-thread-1] tourGuide.service.TourGuideService       : Track Location for user internalUser583
2022-10-02 23:13:02.628  INFO 75568 --- [ool-10-thread-1] tourGuide.service.TourGuideService       : Track Location for user internalUser100
2022-10-02 23:13:02.629  INFO 75568 --- [ool-10-thread-1] tourGuide.service.TourGuideService       : Track Location for user internalUser342
2022-10-02 23:13:02.629  INFO 75568 --- [ool-10-thread-1] tourGuide.service.TourGuideService       : Track Location for user internalUser584
2022-10-02 23:13:02.629  INFO 75568 --- [ool-10-thread-1] tourGuide.service.TourGuideService       : Track Location for user internalUser109
2022-10-02 23:13:02.630  INFO 75568 --- [ool-10-thread-1] tourGuide.service.TourGuideService       : Track Location for user internalUser107
2022-10-02 23:13:02.630  INFO 75568 --- [ool-10-thread-1] tourGuide.service.TourGuideService       : Track Location for user internalUser349
2022-10-02 23:13:02.630  INFO 75568 --- [ool-10-thread-1] tourGuide.service.TourGuideService       : Track Location for user internalUser108
2022-10-02 23:13:02.631  INFO 75568 --- [ool-10-thread-1] tourGuide.service.TourGuideService       : Track Location for user internalUser3
2022-10-02 23:13:02.631  INFO 75568 --- [ool-10-thread-1] tourGuide.service.TourGuideService       : Track Location for user internalUser2
2022-10-02 23:13:02.631  INFO 75568 --- [ool-10-thread-1] tourGuide.service.TourGuideService       : Track Location for user internalUser1
2022-10-02 23:13:02.632  INFO 75568 --- [ool-10-thread-1] tourGuide.service.TourGuideService       : Track Location for user internalUser0
2022-10-02 23:13:02.632  INFO 75568 --- [ool-10-thread-1] tourGuide.service.TourGuideService       : Track Location for user internalUser7
2022-10-02 23:13:02.632  INFO 75568 --- [ool-10-thread-1] tourGuide.service.TourGuideService       : Track Location for user internalUser6
2022-10-02 23:13:02.632  INFO 75568 --- [ool-10-thread-1] tourGuide.service.TourGuideService       : Track Location for user internalUser5
2022-10-02 23:13:02.633  INFO 75568 --- [ool-10-thread-1] tourGuide.service.TourGuideService       : Track Location for user internalUser4
2022-10-02 23:13:02.633  INFO 75568 --- [ool-10-thread-1] tourGuide.service.TourGuideService       : Track Location for user internalUser350
2022-10-02 23:13:02.633  INFO 75568 --- [ool-10-thread-1] tourGuide.service.TourGuideService       : Track Location for user internalUser592
2022-10-02 23:13:02.634  INFO 75568 --- [ool-10-thread-1] tourGuide.service.TourGuideService       : Track Location for user internalUser351
2022-10-02 23:13:02.634  INFO 75568 --- [ool-10-thread-1] tourGuide.service.TourGuideService       : Track Location for user internalUser593
2022-10-02 23:13:02.634  INFO 75568 --- [ool-10-thread-1] tourGuide.service.TourGuideService       : Track Location for user internalUser590
2022-10-02 23:13:02.635  INFO 75568 --- [ool-10-thread-1] tourGuide.service.TourGuideService       : Track Location for user internalUser591
2022-10-02 23:13:02.635  INFO 75568 --- [ool-10-thread-1] tourGuide.service.TourGuideService       : Track Location for user internalUser116
2022-10-02 23:13:02.635  INFO 75568 --- [ool-10-thread-1] tourGuide.service.TourGuideService       : Track Location for user internalUser358
2022-10-02 23:13:02.636  INFO 75568 --- [ool-10-thread-1] tourGuide.service.TourGuideService       : Track Location for user internalUser117
2022-10-02 23:13:02.636  INFO 75568 --- [ool-10-thread-1] tourGuide.service.TourGuideService       : Track Location for user internalUser359
2022-10-02 23:13:02.636  INFO 75568 --- [ool-10-thread-1] tourGuide.service.TourGuideService       : Track Location for user internalUser114
2022-10-02 23:13:02.637  INFO 75568 --- [ool-10-thread-1] tourGuide.service.TourGuideService       : Track Location for user internalUser356
2022-10-02 23:13:02.637  INFO 75568 --- [ool-10-thread-1] tourGuide.service.TourGuideService       : Track Location for user internalUser598
2022-10-02 23:13:02.637  INFO 75568 --- [ool-10-thread-1] tourGuide.service.TourGuideService       : Track Location for user internalUser115
2022-10-02 23:13:02.637  INFO 75568 --- [ool-10-thread-1] tourGuide.service.TourGuideService       : Track Location for user internalUser357
2022-10-02 23:13:02.638  INFO 75568 --- [ool-10-thread-1] tourGuide.service.TourGuideService       : Track Location for user internalUser599
2022-10-02 23:13:02.638  INFO 75568 --- [ool-10-thread-1] tourGuide.service.TourGuideService       : Track Location for user internalUser112
2022-10-02 23:13:02.638  INFO 75568 --- [ool-10-thread-1] tourGuide.service.TourGuideService       : Track Location for user internalUser354
2022-10-02 23:13:02.638  INFO 75568 --- [ool-10-thread-1] tourGuide.service.TourGuideService       : Track Location for user internalUser596
2022-10-02 23:13:02.639  INFO 75568 --- [ool-10-thread-1] tourGuide.service.TourGuideService       : Track Location for user internalUser113
2022-10-02 23:13:02.639  INFO 75568 --- [ool-10-thread-1] tourGuide.service.TourGuideService       : Track Location for user internalUser355
2022-10-02 23:13:02.639  INFO 75568 --- [ool-10-thread-1] tourGuide.service.TourGuideService       : Track Location for user internalUser597
2022-10-02 23:13:02.639  INFO 75568 --- [ool-10-thread-1] tourGuide.service.TourGuideService       : Track Location for user internalUser110
2022-10-02 23:13:02.639  INFO 75568 --- [ool-10-thread-1] tourGuide.service.TourGuideService       : Track Location for user internalUser352
2022-10-02 23:13:02.640  INFO 75568 --- [ool-10-thread-1] tourGuide.service.TourGuideService       : Track Location for user internalUser594
2022-10-02 23:13:02.641  INFO 75568 --- [ool-10-thread-1] tourGuide.service.TourGuideService       : Track Location for user internalUser111
2022-10-02 23:13:02.641  INFO 75568 --- [ool-10-thread-1] tourGuide.service.TourGuideService       : Track Location for user internalUser353
2022-10-02 23:13:02.642  INFO 75568 --- [ool-10-thread-1] tourGuide.service.TourGuideService       : Track Location for user internalUser595
2022-10-02 23:13:02.642  INFO 75568 --- [ool-10-thread-1] tourGuide.service.TourGuideService       : Track Location for user internalUser118
2022-10-02 23:13:02.642  INFO 75568 --- [ool-10-thread-1] tourGuide.service.TourGuideService       : Track Location for user internalUser119
2022-10-02 23:13:02.643  INFO 75568 --- [ool-10-thread-1] tourGuide.service.TourGuideService       : Track Location for user internalUser523
2022-10-02 23:13:02.643  INFO 75568 --- [ool-10-thread-1] tourGuide.service.TourGuideService       : Track Location for user internalUser765
2022-10-02 23:13:02.643  INFO 75568 --- [ool-10-thread-1] tourGuide.service.TourGuideService       : Track Location for user internalUser524
2022-10-02 23:13:02.644  INFO 75568 --- [ool-10-thread-1] tourGuide.service.TourGuideService       : Track Location for user internalUser766
2022-10-02 23:13:02.644  INFO 75568 --- [ool-10-thread-1] tourGuide.service.TourGuideService       : Track Location for user internalUser521
2022-10-02 23:13:02.644  INFO 75568 --- [ool-10-thread-1] tourGuide.service.TourGuideService       : Track Location for user internalUser763
2022-10-02 23:13:02.644  INFO 75568 --- [ool-10-thread-1] tourGuide.service.TourGuideService       : Track Location for user internalUser522
2022-10-02 23:13:02.645  INFO 75568 --- [ool-10-thread-1] tourGuide.service.TourGuideService       : Track Location for user internalUser764
2022-10-02 23:13:02.645  INFO 75568 --- [ool-10-thread-1] tourGuide.service.TourGuideService       : Track Location for user internalUser761
2022-10-02 23:13:02.645  INFO 75568 --- [ool-10-thread-1] tourGuide.service.TourGuideService       : Track Location for user internalUser520
2022-10-02 23:13:02.645  INFO 75568 --- [ool-10-thread-1] tourGuide.service.TourGuideService       : Track Location for user internalUser762
2022-10-02 23:13:02.645  INFO 75568 --- [ool-10-thread-1] tourGuide.service.TourGuideService       : Track Location for user internalUser760
2022-10-02 23:13:02.646  INFO 75568 --- [ool-10-thread-1] tourGuide.service.TourGuideService       : Track Location for user internalUser529
2022-10-02 23:13:02.646  INFO 75568 --- [ool-10-thread-1] tourGuide.service.TourGuideService       : Track Location for user internalUser527
2022-10-02 23:13:02.646  INFO 75568 --- [ool-10-thread-1] tourGuide.service.TourGuideService       : Track Location for user internalUser769
2022-10-02 23:13:02.646  INFO 75568 --- [ool-10-thread-1] tourGuide.service.TourGuideService       : Track Location for user internalUser528
2022-10-02 23:13:02.647  INFO 75568 --- [ool-10-thread-1] tourGuide.service.TourGuideService       : Track Location for user internalUser525
2022-10-02 23:13:02.647  INFO 75568 --- [ool-10-thread-1] tourGuide.service.TourGuideService       : Track Location for user internalUser767
2022-10-02 23:13:02.647  INFO 75568 --- [ool-10-thread-1] tourGuide.service.TourGuideService       : Track Location for user internalUser526
2022-10-02 23:13:02.648  INFO 75568 --- [ool-10-thread-1] tourGuide.service.TourGuideService       : Track Location for user internalUser768
2022-10-02 23:13:02.648  INFO 75568 --- [ool-10-thread-1] tourGuide.service.TourGuideService       : Track Location for user internalUser534
2022-10-02 23:13:02.648  INFO 75568 --- [ool-10-thread-1] tourGuide.service.TourGuideService       : Track Location for user internalUser776
2022-10-02 23:13:02.649  INFO 75568 --- [ool-10-thread-1] tourGuide.service.TourGuideService       : Track Location for user internalUser535
2022-10-02 23:13:02.649  INFO 75568 --- [ool-10-thread-1] tourGuide.service.TourGuideService       : Track Location for user internalUser777
2022-10-02 23:13:02.649  INFO 75568 --- [ool-10-thread-1] tourGuide.service.TourGuideService       : Track Location for user internalUser532
2022-10-02 23:13:02.649  INFO 75568 --- [ool-10-thread-1] tourGuide.service.TourGuideService       : Track Location for user internalUser774
2022-10-02 23:13:02.649  INFO 75568 --- [ool-10-thread-1] tourGuide.service.TourGuideService       : Track Location for user internalUser533
2022-10-02 23:13:02.650  INFO 75568 --- [ool-10-thread-1] tourGuide.service.TourGuideService       : Track Location for user internalUser775
2022-10-02 23:13:02.650  INFO 75568 --- [ool-10-thread-1] tourGuide.service.TourGuideService       : Track Location for user internalUser530
2022-10-02 23:13:02.650  INFO 75568 --- [ool-10-thread-1] tourGuide.service.TourGuideService       : Track Location for user internalUser772
2022-10-02 23:13:02.650  INFO 75568 --- [ool-10-thread-1] tourGuide.service.TourGuideService       : Track Location for user internalUser531
2022-10-02 23:13:02.650  INFO 75568 --- [ool-10-thread-1] tourGuide.service.TourGuideService       : Track Location for user internalUser773
2022-10-02 23:13:02.650  INFO 75568 --- [ool-10-thread-1] tourGuide.service.TourGuideService       : Track Location for user internalUser770
2022-10-02 23:13:02.651  INFO 75568 --- [ool-10-thread-1] tourGuide.service.TourGuideService       : Track Location for user internalUser771
2022-10-02 23:13:02.651  INFO 75568 --- [ool-10-thread-1] tourGuide.service.TourGuideService       : Track Location for user internalUser538
2022-10-02 23:13:02.651  INFO 75568 --- [ool-10-thread-1] tourGuide.service.TourGuideService       : Track Location for user internalUser539
2022-10-02 23:13:02.651  INFO 75568 --- [ool-10-thread-1] tourGuide.service.TourGuideService       : Track Location for user internalUser536
2022-10-02 23:13:02.651  INFO 75568 --- [ool-10-thread-1] tourGuide.service.TourGuideService       : Track Location for user internalUser778
2022-10-02 23:13:02.651  INFO 75568 --- [ool-10-thread-1] tourGuide.service.TourGuideService       : Track Location for user internalUser537
2022-10-02 23:13:02.652  INFO 75568 --- [ool-10-thread-1] tourGuide.service.TourGuideService       : Track Location for user internalUser779
2022-10-02 23:13:02.652  INFO 75568 --- [ool-10-thread-1] tourGuide.service.TourGuideService       : Track Location for user internalUser780
2022-10-02 23:13:02.652  INFO 75568 --- [ool-10-thread-1] tourGuide.service.TourGuideService       : Track Location for user internalUser303
2022-10-02 23:13:02.652  INFO 75568 --- [ool-10-thread-1] tourGuide.service.TourGuideService       : Track Location for user internalUser545
2022-10-02 23:13:02.653  INFO 75568 --- [ool-10-thread-1] tourGuide.service.TourGuideService       : Track Location for user internalUser787
2022-10-02 23:13:02.653  INFO 75568 --- [ool-10-thread-1] tourGuide.service.TourGuideService       : Track Location for user internalUser304
2022-10-02 23:13:02.653  INFO 75568 --- [ool-10-thread-1] tourGuide.service.TourGuideService       : Track Location for user internalUser546
2022-10-02 23:13:02.653  INFO 75568 --- [ool-10-thread-1] tourGuide.service.TourGuideService       : Track Location for user internalUser788
2022-10-02 23:13:02.653  INFO 75568 --- [ool-10-thread-1] tourGuide.service.TourGuideService       : Track Location for user internalUser301
2022-10-02 23:13:02.654  INFO 75568 --- [ool-10-thread-1] tourGuide.service.TourGuideService       : Track Location for user internalUser543
2022-10-02 23:13:02.654  INFO 75568 --- [ool-10-thread-1] tourGuide.service.TourGuideService       : Track Location for user internalUser785
2022-10-02 23:13:02.654  INFO 75568 --- [ool-10-thread-1] tourGuide.service.TourGuideService       : Track Location for user internalUser302
2022-10-02 23:13:02.655  INFO 75568 --- [ool-10-thread-1] tourGuide.service.TourGuideService       : Track Location for user internalUser544
2022-10-02 23:13:02.655  INFO 75568 --- [ool-10-thread-1] tourGuide.service.TourGuideService       : Track Location for user internalUser786
2022-10-02 23:13:02.655  INFO 75568 --- [ool-10-thread-1] tourGuide.service.TourGuideService       : Track Location for user internalUser541
2022-10-02 23:13:02.656  INFO 75568 --- [ool-10-thread-1] tourGuide.service.TourGuideService       : Track Location for user internalUser783
2022-10-02 23:13:02.656  INFO 75568 --- [ool-10-thread-1] tourGuide.service.TourGuideService       : Track Location for user internalUser300
2022-10-02 23:13:02.656  INFO 75568 --- [ool-10-thread-1] tourGuide.service.TourGuideService       : Track Location for user internalUser542
2022-10-02 23:13:02.656  INFO 75568 --- [ool-10-thread-1] tourGuide.service.TourGuideService       : Track Location for user internalUser784
2022-10-02 23:13:02.657  INFO 75568 --- [ool-10-thread-1] tourGuide.service.TourGuideService       : Track Location for user internalUser781
2022-10-02 23:13:02.657  INFO 75568 --- [ool-10-thread-1] tourGuide.service.TourGuideService       : Track Location for user internalUser540
2022-10-02 23:13:02.657  INFO 75568 --- [ool-10-thread-1] tourGuide.service.TourGuideService       : Track Location for user internalUser782
2022-10-02 23:13:02.658  INFO 75568 --- [ool-10-thread-1] tourGuide.service.TourGuideService       : Track Location for user internalUser309
2022-10-02 23:13:02.658  INFO 75568 --- [ool-10-thread-1] tourGuide.service.TourGuideService       : Track Location for user internalUser307
2022-10-02 23:13:02.658  INFO 75568 --- [ool-10-thread-1] tourGuide.service.TourGuideService       : Track Location for user internalUser549
2022-10-02 23:13:02.658  INFO 75568 --- [ool-10-thread-1] tourGuide.service.TourGuideService       : Track Location for user internalUser308
2022-10-02 23:13:02.658  INFO 75568 --- [ool-10-thread-1] tourGuide.service.TourGuideService       : Track Location for user internalUser305
2022-10-02 23:13:02.659  INFO 75568 --- [ool-10-thread-1] tourGuide.service.TourGuideService       : Track Location for user internalUser547
2022-10-02 23:13:02.659  INFO 75568 --- [ool-10-thread-1] tourGuide.service.TourGuideService       : Track Location for user internalUser789
2022-10-02 23:13:02.659  INFO 75568 --- [ool-10-thread-1] tourGuide.service.TourGuideService       : Track Location for user internalUser306
2022-10-02 23:13:02.659  INFO 75568 --- [ool-10-thread-1] tourGuide.service.TourGuideService       : Track Location for user internalUser548
2022-10-02 23:13:02.660  INFO 75568 --- [ool-10-thread-1] tourGuide.service.TourGuideService       : Track Location for user internalUser790
2022-10-02 23:13:02.660  INFO 75568 --- [ool-10-thread-1] tourGuide.service.TourGuideService       : Track Location for user internalUser791
2022-10-02 23:13:02.660  INFO 75568 --- [ool-10-thread-1] tourGuide.service.TourGuideService       : Track Location for user internalUser314
2022-10-02 23:13:02.660  INFO 75568 --- [ool-10-thread-1] tourGuide.service.TourGuideService       : Track Location for user internalUser556
2022-10-02 23:13:02.661  INFO 75568 --- [ool-10-thread-1] tourGuide.service.TourGuideService       : Track Location for user internalUser798
2022-10-02 23:13:02.661  INFO 75568 --- [ool-10-thread-1] tourGuide.service.TourGuideService       : Track Location for user internalUser315
2022-10-02 23:13:02.661  INFO 75568 --- [ool-10-thread-1] tourGuide.service.TourGuideService       : Track Location for user internalUser557
2022-10-02 23:13:02.661  INFO 75568 --- [ool-10-thread-1] tourGuide.service.TourGuideService       : Track Location for user internalUser799
2022-10-02 23:13:02.661  INFO 75568 --- [ool-10-thread-1] tourGuide.service.TourGuideService       : Track Location for user internalUser312
2022-10-02 23:13:02.661  INFO 75568 --- [ool-10-thread-1] tourGuide.service.TourGuideService       : Track Location for user internalUser554
2022-10-02 23:13:02.662  INFO 75568 --- [ool-10-thread-1] tourGuide.service.TourGuideService       : Track Location for user internalUser796
2022-10-02 23:13:02.662  INFO 75568 --- [ool-10-thread-1] tourGuide.service.TourGuideService       : Track Location for user internalUser313
2022-10-02 23:13:02.662  INFO 75568 --- [ool-10-thread-1] tourGuide.service.TourGuideService       : Track Location for user internalUser555
2022-10-02 23:13:02.662  INFO 75568 --- [ool-10-thread-1] tourGuide.service.TourGuideService       : Track Location for user internalUser797
2022-10-02 23:13:02.663  INFO 75568 --- [ool-10-thread-1] tourGuide.service.TourGuideService       : Track Location for user internalUser310
2022-10-02 23:13:02.663  INFO 75568 --- [ool-10-thread-1] tourGuide.service.TourGuideService       : Track Location for user internalUser552
2022-10-02 23:13:02.663  INFO 75568 --- [ool-10-thread-1] tourGuide.service.TourGuideService       : Track Location for user internalUser794
2022-10-02 23:13:02.663  INFO 75568 --- [ool-10-thread-1] tourGuide.service.TourGuideService       : Track Location for user internalUser311
2022-10-02 23:13:02.663  INFO 75568 --- [ool-10-thread-1] tourGuide.service.TourGuideService       : Track Location for user internalUser553
2022-10-02 23:13:02.663  INFO 75568 --- [ool-10-thread-1] tourGuide.service.TourGuideService       : Track Location for user internalUser795
2022-10-02 23:13:02.664  INFO 75568 --- [ool-10-thread-1] tourGuide.service.TourGuideService       : Track Location for user internalUser550
2022-10-02 23:13:02.664  INFO 75568 --- [ool-10-thread-1] tourGuide.service.TourGuideService       : Track Location for user internalUser792
2022-10-02 23:13:02.664  INFO 75568 --- [ool-10-thread-1] tourGuide.service.TourGuideService       : Track Location for user internalUser551
2022-10-02 23:13:02.664  INFO 75568 --- [ool-10-thread-1] tourGuide.service.TourGuideService       : Track Location for user internalUser793
2022-10-02 23:13:02.664  INFO 75568 --- [ool-10-thread-1] tourGuide.service.TourGuideService       : Track Location for user internalUser318
2022-10-02 23:13:02.664  INFO 75568 --- [ool-10-thread-1] tourGuide.service.TourGuideService       : Track Location for user internalUser319
2022-10-02 23:13:02.664  INFO 75568 --- [ool-10-thread-1] tourGuide.service.TourGuideService       : Track Location for user internalUser316
2022-10-02 23:13:02.665  INFO 75568 --- [ool-10-thread-1] tourGuide.service.TourGuideService       : Track Location for user internalUser558
2022-10-02 23:13:02.665  INFO 75568 --- [ool-10-thread-1] tourGuide.service.TourGuideService       : Track Location for user internalUser317
2022-10-02 23:13:02.665  INFO 75568 --- [ool-10-thread-1] tourGuide.service.TourGuideService       : Track Location for user internalUser559
2022-10-02 23:13:02.665  INFO 75568 --- [ool-10-thread-1] tourGuide.service.TourGuideService       : Track Location for user internalUser600
2022-10-02 23:13:02.665  INFO 75568 --- [ool-10-thread-1] tourGuide.service.TourGuideService       : Track Location for user internalUser842
2022-10-02 23:13:02.665  INFO 75568 --- [ool-10-thread-1] tourGuide.service.TourGuideService       : Track Location for user internalUser601
2022-10-02 23:13:02.665  INFO 75568 --- [ool-10-thread-1] tourGuide.service.TourGuideService       : Track Location for user internalUser843
2022-10-02 23:13:02.666  INFO 75568 --- [ool-10-thread-1] tourGuide.service.TourGuideService       : Track Location for user internalUser840
2022-10-02 23:13:02.666  INFO 75568 --- [ool-10-thread-1] tourGuide.service.TourGuideService       : Track Location for user internalUser841
2022-10-02 23:13:02.666  INFO 75568 --- [ool-10-thread-1] tourGuide.service.TourGuideService       : Track Location for user internalUser608
2022-10-02 23:13:02.666  INFO 75568 --- [ool-10-thread-1] tourGuide.service.TourGuideService       : Track Location for user internalUser609
2022-10-02 23:13:02.666  INFO 75568 --- [ool-10-thread-1] tourGuide.service.TourGuideService       : Track Location for user internalUser606
2022-10-02 23:13:02.667  INFO 75568 --- [ool-10-thread-1] tourGuide.service.TourGuideService       : Track Location for user internalUser848
2022-10-02 23:13:02.667  INFO 75568 --- [ool-10-thread-1] tourGuide.service.TourGuideService       : Track Location for user internalUser607
2022-10-02 23:13:02.667  INFO 75568 --- [ool-10-thread-1] tourGuide.service.TourGuideService       : Track Location for user internalUser849
2022-10-02 23:13:02.667  INFO 75568 --- [ool-10-thread-1] tourGuide.service.TourGuideService       : Track Location for user internalUser604
2022-10-02 23:13:02.667  INFO 75568 --- [ool-10-thread-1] tourGuide.service.TourGuideService       : Track Location for user internalUser846
2022-10-02 23:13:02.667  INFO 75568 --- [ool-10-thread-1] tourGuide.service.TourGuideService       : Track Location for user internalUser605
2022-10-02 23:13:02.667  INFO 75568 --- [ool-10-thread-1] tourGuide.service.TourGuideService       : Track Location for user internalUser847
2022-10-02 23:13:02.668  INFO 75568 --- [ool-10-thread-1] tourGuide.service.TourGuideService       : Track Location for user internalUser602
2022-10-02 23:13:02.668  INFO 75568 --- [ool-10-thread-1] tourGuide.service.TourGuideService       : Track Location for user internalUser844
2022-10-02 23:13:02.668  INFO 75568 --- [ool-10-thread-1] tourGuide.service.TourGuideService       : Track Location for user internalUser603
2022-10-02 23:13:02.668  INFO 75568 --- [ool-10-thread-1] tourGuide.service.TourGuideService       : Track Location for user internalUser845
2022-10-02 23:13:02.668  INFO 75568 --- [ool-10-thread-1] tourGuide.service.TourGuideService       : Track Location for user internalUser611
2022-10-02 23:13:02.669  INFO 75568 --- [ool-10-thread-1] tourGuide.service.TourGuideService       : Track Location for user internalUser853
2022-10-02 23:13:02.669  INFO 75568 --- [ool-10-thread-1] tourGuide.service.TourGuideService       : Track Location for user internalUser612
2022-10-02 23:13:02.669  INFO 75568 --- [ool-10-thread-1] tourGuide.service.TourGuideService       : Track Location for user internalUser854
2022-10-02 23:13:02.669  INFO 75568 --- [ool-10-thread-1] tourGuide.service.TourGuideService       : Track Location for user internalUser851
2022-10-02 23:13:02.669  INFO 75568 --- [ool-10-thread-1] tourGuide.service.TourGuideService       : Track Location for user internalUser610
2022-10-02 23:13:02.670  INFO 75568 --- [ool-10-thread-1] tourGuide.service.TourGuideService       : Track Location for user internalUser852
2022-10-02 23:13:02.670  INFO 75568 --- [ool-10-thread-1] tourGuide.service.TourGuideService       : Track Location for user internalUser850
2022-10-02 23:13:02.670  INFO 75568 --- [ool-10-thread-1] tourGuide.service.TourGuideService       : Track Location for user internalUser619
2022-10-02 23:13:02.670  INFO 75568 --- [ool-10-thread-1] tourGuide.service.TourGuideService       : Track Location for user internalUser617
2022-10-02 23:13:02.670  INFO 75568 --- [ool-10-thread-1] tourGuide.service.TourGuideService       : Track Location for user internalUser859
2022-10-02 23:13:02.671  INFO 75568 --- [ool-10-thread-1] tourGuide.service.TourGuideService       : Track Location for user internalUser618
2022-10-02 23:13:02.671  INFO 75568 --- [ool-10-thread-1] tourGuide.service.TourGuideService       : Track Location for user internalUser615
2022-10-02 23:13:02.671  INFO 75568 --- [ool-10-thread-1] tourGuide.service.TourGuideService       : Track Location for user internalUser857
2022-10-02 23:13:02.671  INFO 75568 --- [ool-10-thread-1] tourGuide.service.TourGuideService       : Track Location for user internalUser616
2022-10-02 23:13:02.671  INFO 75568 --- [ool-10-thread-1] tourGuide.service.TourGuideService       : Track Location for user internalUser858
2022-10-02 23:13:02.672  INFO 75568 --- [ool-10-thread-1] tourGuide.service.TourGuideService       : Track Location for user internalUser613
2022-10-02 23:13:02.672  INFO 75568 --- [ool-10-thread-1] tourGuide.service.TourGuideService       : Track Location for user internalUser855
2022-10-02 23:13:02.672  INFO 75568 --- [ool-10-thread-1] tourGuide.service.TourGuideService       : Track Location for user internalUser614
2022-10-02 23:13:02.672  INFO 75568 --- [ool-10-thread-1] tourGuide.service.TourGuideService       : Track Location for user internalUser856
2022-10-02 23:13:02.672  INFO 75568 --- [ool-10-thread-1] tourGuide.service.TourGuideService       : Track Location for user internalUser622
2022-10-02 23:13:02.672  INFO 75568 --- [ool-10-thread-1] tourGuide.service.TourGuideService       : Track Location for user internalUser864
2022-10-02 23:13:02.673  INFO 75568 --- [ool-10-thread-1] tourGuide.service.TourGuideService       : Track Location for user internalUser623
2022-10-02 23:13:02.673  INFO 75568 --- [ool-10-thread-1] tourGuide.service.TourGuideService       : Track Location for user internalUser865
2022-10-02 23:13:02.673  INFO 75568 --- [ool-10-thread-1] tourGuide.service.TourGuideService       : Track Location for user internalUser620
2022-10-02 23:13:02.673  INFO 75568 --- [ool-10-thread-1] tourGuide.service.TourGuideService       : Track Location for user internalUser862
2022-10-02 23:13:02.674  INFO 75568 --- [ool-10-thread-1] tourGuide.service.TourGuideService       : Track Location for user internalUser621
2022-10-02 23:13:02.674  INFO 75568 --- [ool-10-thread-1] tourGuide.service.TourGuideService       : Track Location for user internalUser863
2022-10-02 23:13:02.674  INFO 75568 --- [ool-10-thread-1] tourGuide.service.TourGuideService       : Track Location for user internalUser860
2022-10-02 23:13:02.674  INFO 75568 --- [ool-10-thread-1] tourGuide.service.TourGuideService       : Track Location for user internalUser19
2022-10-02 23:13:02.675  INFO 75568 --- [ool-10-thread-1] tourGuide.service.TourGuideService       : Track Location for user internalUser861
2022-10-02 23:13:02.675  INFO 75568 --- [ool-10-thread-1] tourGuide.service.TourGuideService       : Track Location for user internalUser16
2022-10-02 23:13:02.675  INFO 75568 --- [ool-10-thread-1] tourGuide.service.TourGuideService       : Track Location for user internalUser15
2022-10-02 23:13:02.675  INFO 75568 --- [ool-10-thread-1] tourGuide.service.TourGuideService       : Track Location for user internalUser18
2022-10-02 23:13:02.675  INFO 75568 --- [ool-10-thread-1] tourGuide.service.TourGuideService       : Track Location for user internalUser628
2022-10-02 23:13:02.676  INFO 75568 --- [ool-10-thread-1] tourGuide.service.TourGuideService       : Track Location for user internalUser17
2022-10-02 23:13:02.676  INFO 75568 --- [ool-10-thread-1] tourGuide.service.TourGuideService       : Track Location for user internalUser629
2022-10-02 23:13:02.676  INFO 75568 --- [ool-10-thread-1] tourGuide.service.TourGuideService       : Track Location for user internalUser12
2022-10-02 23:13:02.676  INFO 75568 --- [ool-10-thread-1] tourGuide.service.TourGuideService       : Track Location for user internalUser626
2022-10-02 23:13:02.677  INFO 75568 --- [ool-10-thread-1] tourGuide.service.TourGuideService       : Track Location for user internalUser868
2022-10-02 23:13:02.677  INFO 75568 --- [ool-10-thread-1] tourGuide.service.TourGuideService       : Track Location for user internalUser11
2022-10-02 23:13:02.677  INFO 75568 --- [ool-10-thread-1] tourGuide.service.TourGuideService       : Track Location for user internalUser627
2022-10-02 23:13:02.677  INFO 75568 --- [ool-10-thread-1] tourGuide.service.TourGuideService       : Track Location for user internalUser869
2022-10-02 23:13:02.677  INFO 75568 --- [ool-10-thread-1] tourGuide.service.TourGuideService       : Track Location for user internalUser14
2022-10-02 23:13:02.678  INFO 75568 --- [ool-10-thread-1] tourGuide.service.TourGuideService       : Track Location for user internalUser624
2022-10-02 23:13:02.678  INFO 75568 --- [ool-10-thread-1] tourGuide.service.TourGuideService       : Track Location for user internalUser866
2022-10-02 23:13:02.678  INFO 75568 --- [ool-10-thread-1] tourGuide.service.TourGuideService       : Track Location for user internalUser13
2022-10-02 23:13:02.678  INFO 75568 --- [ool-10-thread-1] tourGuide.service.TourGuideService       : Track Location for user internalUser625
2022-10-02 23:13:02.678  INFO 75568 --- [ool-10-thread-1] tourGuide.service.TourGuideService       : Track Location for user internalUser867
2022-10-02 23:13:02.679  INFO 75568 --- [ool-10-thread-1] tourGuide.service.TourGuideService       : Track Location for user internalUser10
2022-10-02 23:13:02.679  INFO 75568 --- [ool-10-thread-1] tourGuide.service.TourGuideService       : Track Location for user internalUser633
2022-10-02 23:13:02.679  INFO 75568 --- [ool-10-thread-1] tourGuide.service.TourGuideService       : Track Location for user internalUser875
2022-10-02 23:13:02.679  INFO 75568 --- [ool-10-thread-1] tourGuide.service.TourGuideService       : Track Location for user internalUser634
2022-10-02 23:13:02.679  INFO 75568 --- [ool-10-thread-1] tourGuide.service.TourGuideService       : Track Location for user internalUser876
2022-10-02 23:13:02.679  INFO 75568 --- [ool-10-thread-1] tourGuide.service.TourGuideService       : Track Location for user internalUser631
2022-10-02 23:13:02.680  INFO 75568 --- [ool-10-thread-1] tourGuide.service.TourGuideService       : Track Location for user internalUser873
2022-10-02 23:13:02.680  INFO 75568 --- [ool-10-thread-1] tourGuide.service.TourGuideService       : Track Location for user internalUser632
2022-10-02 23:13:02.680  INFO 75568 --- [ool-10-thread-1] tourGuide.service.TourGuideService       : Track Location for user internalUser874
2022-10-02 23:13:02.680  INFO 75568 --- [ool-10-thread-1] tourGuide.service.TourGuideService       : Track Location for user internalUser871
2022-10-02 23:13:02.680  INFO 75568 --- [ool-10-thread-1] tourGuide.service.TourGuideService       : Track Location for user internalUser630
2022-10-02 23:13:02.681  INFO 75568 --- [ool-10-thread-1] tourGuide.service.TourGuideService       : Track Location for user internalUser872
2022-10-02 23:13:02.681  INFO 75568 --- [ool-10-thread-1] tourGuide.service.TourGuideService       : Track Location for user internalUser870
2022-10-02 23:13:02.681  INFO 75568 --- [ool-10-thread-1] tourGuide.service.TourGuideService       : Track Location for user internalUser27
2022-10-02 23:13:02.681  INFO 75568 --- [ool-10-thread-1] tourGuide.service.TourGuideService       : Track Location for user internalUser26
2022-10-02 23:13:02.681  INFO 75568 --- [ool-10-thread-1] tourGuide.service.TourGuideService       : Track Location for user internalUser29
2022-10-02 23:13:02.682  INFO 75568 --- [ool-10-thread-1] tourGuide.service.TourGuideService       : Track Location for user internalUser639
2022-10-02 23:13:02.682  INFO 75568 --- [ool-10-thread-1] tourGuide.service.TourGuideService       : Track Location for user internalUser28
2022-10-02 23:13:02.682  INFO 75568 --- [ool-10-thread-1] tourGuide.service.TourGuideService       : Track Location for user internalUser23
2022-10-02 23:13:02.682  INFO 75568 --- [ool-10-thread-1] tourGuide.service.TourGuideService       : Track Location for user internalUser637
2022-10-02 23:13:02.682  INFO 75568 --- [ool-10-thread-1] tourGuide.service.TourGuideService       : Track Location for user internalUser879
2022-10-02 23:13:02.683  INFO 75568 --- [ool-10-thread-1] tourGuide.service.TourGuideService       : Track Location for user internalUser22
2022-10-02 23:13:02.683  INFO 75568 --- [ool-10-thread-1] tourGuide.service.TourGuideService       : Track Location for user internalUser638
2022-10-02 23:13:02.683  INFO 75568 --- [ool-10-thread-1] tourGuide.service.TourGuideService       : Track Location for user internalUser25
2022-10-02 23:13:02.683  INFO 75568 --- [ool-10-thread-1] tourGuide.service.TourGuideService       : Track Location for user internalUser635
2022-10-02 23:13:02.683  INFO 75568 --- [ool-10-thread-1] tourGuide.service.TourGuideService       : Track Location for user internalUser877
2022-10-02 23:13:02.683  INFO 75568 --- [ool-10-thread-1] tourGuide.service.TourGuideService       : Track Location for user internalUser24
2022-10-02 23:13:02.684  INFO 75568 --- [ool-10-thread-1] tourGuide.service.TourGuideService       : Track Location for user internalUser636
2022-10-02 23:13:02.684  INFO 75568 --- [ool-10-thread-1] tourGuide.service.TourGuideService       : Track Location for user internalUser878
2022-10-02 23:13:02.684  INFO 75568 --- [ool-10-thread-1] tourGuide.service.TourGuideService       : Track Location for user internalUser21
2022-10-02 23:13:02.684  INFO 75568 --- [ool-10-thread-1] tourGuide.service.TourGuideService       : Track Location for user internalUser20
2022-10-02 23:13:02.684  INFO 75568 --- [ool-10-thread-1] tourGuide.service.TourGuideService       : Track Location for user internalUser38
2022-10-02 23:13:02.685  INFO 75568 --- [ool-10-thread-1] tourGuide.service.TourGuideService       : Track Location for user internalUser806
2022-10-02 23:13:02.685  INFO 75568 --- [ool-10-thread-1] tourGuide.service.TourGuideService       : Track Location for user internalUser37
2022-10-02 23:13:02.685  INFO 75568 --- [ool-10-thread-1] tourGuide.service.TourGuideService       : Track Location for user internalUser807
2022-10-02 23:13:02.685  INFO 75568 --- [ool-10-thread-1] tourGuide.service.TourGuideService       : Track Location for user internalUser804
2022-10-02 23:13:02.685  INFO 75568 --- [ool-10-thread-1] tourGuide.service.TourGuideService       : Track Location for user internalUser39
2022-10-02 23:13:02.686  INFO 75568 --- [ool-10-thread-1] tourGuide.service.TourGuideService       : Track Location for user internalUser805
2022-10-02 23:13:02.686  INFO 75568 --- [ool-10-thread-1] tourGuide.service.TourGuideService       : Track Location for user internalUser34
2022-10-02 23:13:02.686  INFO 75568 --- [ool-10-thread-1] tourGuide.service.TourGuideService       : Track Location for user internalUser802
2022-10-02 23:13:02.686  INFO 75568 --- [ool-10-thread-1] tourGuide.service.TourGuideService       : Track Location for user internalUser33
2022-10-02 23:13:02.686  INFO 75568 --- [ool-10-thread-1] tourGuide.service.TourGuideService       : Track Location for user internalUser803
2022-10-02 23:13:02.687  INFO 75568 --- [ool-10-thread-1] tourGuide.service.TourGuideService       : Track Location for user internalUser36
2022-10-02 23:13:02.687  INFO 75568 --- [ool-10-thread-1] tourGuide.service.TourGuideService       : Track Location for user internalUser800
2022-10-02 23:13:02.687  INFO 75568 --- [ool-10-thread-1] tourGuide.service.TourGuideService       : Track Location for user internalUser35
2022-10-02 23:13:02.687  INFO 75568 --- [ool-10-thread-1] tourGuide.service.TourGuideService       : Track Location for user internalUser801
2022-10-02 23:13:02.687  INFO 75568 --- [ool-10-thread-1] tourGuide.service.TourGuideService       : Track Location for user internalUser30
2022-10-02 23:13:02.687  INFO 75568 --- [ool-10-thread-1] tourGuide.service.TourGuideService       : Track Location for user internalUser32
2022-10-02 23:13:02.688  INFO 75568 --- [ool-10-thread-1] tourGuide.service.TourGuideService       : Track Location for user internalUser31
2022-10-02 23:13:02.688  INFO 75568 --- [ool-10-thread-1] tourGuide.service.TourGuideService       : Track Location for user internalUser808
2022-10-02 23:13:02.688  INFO 75568 --- [ool-10-thread-1] tourGuide.service.TourGuideService       : Track Location for user internalUser809
2022-10-02 23:13:02.688  INFO 75568 --- [ool-10-thread-1] tourGuide.service.TourGuideService       : Track Location for user internalUser810
2022-10-02 23:13:02.688  INFO 75568 --- [ool-10-thread-1] tourGuide.service.TourGuideService       : Track Location for user internalUser49
2022-10-02 23:13:02.688  INFO 75568 --- [ool-10-thread-1] tourGuide.service.TourGuideService       : Track Location for user internalUser817
2022-10-02 23:13:02.689  INFO 75568 --- [ool-10-thread-1] tourGuide.service.TourGuideService       : Track Location for user internalUser48
2022-10-02 23:13:02.689  INFO 75568 --- [ool-10-thread-1] tourGuide.service.TourGuideService       : Track Location for user internalUser818
2022-10-02 23:13:02.689  INFO 75568 --- [ool-10-thread-1] tourGuide.service.TourGuideService       : Track Location for user internalUser815
2022-10-02 23:13:02.689  INFO 75568 --- [ool-10-thread-1] tourGuide.service.TourGuideService       : Track Location for user internalUser816
2022-10-02 23:13:02.689  INFO 75568 --- [ool-10-thread-1] tourGuide.service.TourGuideService       : Track Location for user internalUser45
2022-10-02 23:13:02.689  INFO 75568 --- [ool-10-thread-1] tourGuide.service.TourGuideService       : Track Location for user internalUser813
2022-10-02 23:13:02.690  INFO 75568 --- [ool-10-thread-1] tourGuide.service.TourGuideService       : Track Location for user internalUser44
2022-10-02 23:13:02.690  INFO 75568 --- [ool-10-thread-1] tourGuide.service.TourGuideService       : Track Location for user internalUser814
2022-10-02 23:13:02.690  INFO 75568 --- [ool-10-thread-1] tourGuide.service.TourGuideService       : Track Location for user internalUser47
2022-10-02 23:13:02.690  INFO 75568 --- [ool-10-thread-1] tourGuide.service.TourGuideService       : Track Location for user internalUser811
2022-10-02 23:13:02.690  INFO 75568 --- [ool-10-thread-1] tourGuide.service.TourGuideService       : Track Location for user internalUser46
2022-10-02 23:13:02.691  INFO 75568 --- [ool-10-thread-1] tourGuide.service.TourGuideService       : Track Location for user internalUser812
2022-10-02 23:13:02.691  INFO 75568 --- [ool-10-thread-1] tourGuide.service.TourGuideService       : Track Location for user internalUser41
2022-10-02 23:13:02.691  INFO 75568 --- [ool-10-thread-1] tourGuide.service.TourGuideService       : Track Location for user internalUser40
2022-10-02 23:13:02.691  INFO 75568 --- [ool-10-thread-1] tourGuide.service.TourGuideService       : Track Location for user internalUser43
2022-10-02 23:13:02.691  INFO 75568 --- [ool-10-thread-1] tourGuide.service.TourGuideService       : Track Location for user internalUser42
2022-10-02 23:13:02.692  INFO 75568 --- [ool-10-thread-1] tourGuide.service.TourGuideService       : Track Location for user internalUser819
2022-10-02 23:13:02.692  INFO 75568 --- [ool-10-thread-1] tourGuide.service.TourGuideService       : Track Location for user internalUser820
2022-10-02 23:13:02.692  INFO 75568 --- [ool-10-thread-1] tourGuide.service.TourGuideService       : Track Location for user internalUser821
2022-10-02 23:13:02.692  INFO 75568 --- [ool-10-thread-1] tourGuide.service.TourGuideService       : Track Location for user internalUser828
2022-10-02 23:13:02.692  INFO 75568 --- [ool-10-thread-1] tourGuide.service.TourGuideService       : Track Location for user internalUser59
2022-10-02 23:13:02.693  INFO 75568 --- [ool-10-thread-1] tourGuide.service.TourGuideService       : Track Location for user internalUser829
2022-10-02 23:13:02.693  INFO 75568 --- [ool-10-thread-1] tourGuide.service.TourGuideService       : Track Location for user internalUser826
2022-10-02 23:13:02.693  INFO 75568 --- [ool-10-thread-1] tourGuide.service.TourGuideService       : Track Location for user internalUser827
2022-10-02 23:13:02.693  INFO 75568 --- [ool-10-thread-1] tourGuide.service.TourGuideService       : Track Location for user internalUser56
2022-10-02 23:13:02.693  INFO 75568 --- [ool-10-thread-1] tourGuide.service.TourGuideService       : Track Location for user internalUser824
2022-10-02 23:13:02.693  INFO 75568 --- [ool-10-thread-1] tourGuide.service.TourGuideService       : Track Location for user internalUser55
2022-10-02 23:13:02.694  INFO 75568 --- [ool-10-thread-1] tourGuide.service.TourGuideService       : Track Location for user internalUser825
2022-10-02 23:13:02.694  INFO 75568 --- [ool-10-thread-1] tourGuide.service.TourGuideService       : Track Location for user internalUser58
2022-10-02 23:13:02.694  INFO 75568 --- [ool-10-thread-1] tourGuide.service.TourGuideService       : Track Location for user internalUser822
2022-10-02 23:13:02.694  INFO 75568 --- [ool-10-thread-1] tourGuide.service.TourGuideService       : Track Location for user internalUser57
2022-10-02 23:13:02.695  INFO 75568 --- [ool-10-thread-1] tourGuide.service.TourGuideService       : Track Location for user internalUser823
2022-10-02 23:13:02.695  INFO 75568 --- [ool-10-thread-1] tourGuide.service.TourGuideService       : Track Location for user internalUser52
2022-10-02 23:13:02.695  INFO 75568 --- [ool-10-thread-1] tourGuide.service.TourGuideService       : Track Location for user internalUser51
2022-10-02 23:13:02.695  INFO 75568 --- [ool-10-thread-1] tourGuide.service.TourGuideService       : Track Location for user internalUser54
2022-10-02 23:13:02.695  INFO 75568 --- [ool-10-thread-1] tourGuide.service.TourGuideService       : Track Location for user internalUser53
2022-10-02 23:13:02.695  INFO 75568 --- [ool-10-thread-1] tourGuide.service.TourGuideService       : Track Location for user internalUser50
2022-10-02 23:13:02.696  INFO 75568 --- [ool-10-thread-1] tourGuide.service.TourGuideService       : Track Location for user internalUser831
2022-10-02 23:13:02.696  INFO 75568 --- [ool-10-thread-1] tourGuide.service.TourGuideService       : Track Location for user internalUser832
2022-10-02 23:13:02.696  INFO 75568 --- [ool-10-thread-1] tourGuide.service.TourGuideService       : Track Location for user internalUser830
2022-10-02 23:13:02.696  INFO 75568 --- [ool-10-thread-1] tourGuide.service.TourGuideService       : Track Location for user internalUser839
2022-10-02 23:13:02.696  INFO 75568 --- [ool-10-thread-1] tourGuide.service.TourGuideService       : Track Location for user internalUser837
2022-10-02 23:13:02.696  INFO 75568 --- [ool-10-thread-1] tourGuide.service.TourGuideService       : Track Location for user internalUser838
2022-10-02 23:13:02.697  INFO 75568 --- [ool-10-thread-1] tourGuide.service.TourGuideService       : Track Location for user internalUser67
2022-10-02 23:13:02.697  INFO 75568 --- [ool-10-thread-1] tourGuide.service.TourGuideService       : Track Location for user internalUser835
2022-10-02 23:13:02.697  INFO 75568 --- [ool-10-thread-1] tourGuide.service.TourGuideService       : Track Location for user internalUser66
2022-10-02 23:13:02.697  INFO 75568 --- [ool-10-thread-1] tourGuide.service.TourGuideService       : Track Location for user internalUser836
2022-10-02 23:13:02.697  INFO 75568 --- [ool-10-thread-1] tourGuide.service.TourGuideService       : Track Location for user internalUser69
2022-10-02 23:13:02.697  INFO 75568 --- [ool-10-thread-1] tourGuide.service.TourGuideService       : Track Location for user internalUser833
2022-10-02 23:13:02.698  INFO 75568 --- [ool-10-thread-1] tourGuide.service.TourGuideService       : Track Location for user internalUser68
2022-10-02 23:13:02.698  INFO 75568 --- [ool-10-thread-1] tourGuide.service.TourGuideService       : Track Location for user internalUser834
2022-10-02 23:13:02.698  INFO 75568 --- [ool-10-thread-1] tourGuide.service.TourGuideService       : Track Location for user internalUser63
2022-10-02 23:13:02.698  INFO 75568 --- [ool-10-thread-1] tourGuide.service.TourGuideService       : Track Location for user internalUser62
2022-10-02 23:13:02.698  INFO 75568 --- [ool-10-thread-1] tourGuide.service.TourGuideService       : Track Location for user internalUser65
2022-10-02 23:13:02.698  INFO 75568 --- [ool-10-thread-1] tourGuide.service.TourGuideService       : Track Location for user internalUser64
2022-10-02 23:13:02.699  INFO 75568 --- [ool-10-thread-1] tourGuide.service.TourGuideService       : Track Location for user internalUser61
2022-10-02 23:13:02.699  INFO 75568 --- [ool-10-thread-1] tourGuide.service.TourGuideService       : Track Location for user internalUser60
2022-10-02 23:13:02.699  INFO 75568 --- [ool-10-thread-1] tourGuide.service.TourGuideService       : Track Location for user internalUser78
2022-10-02 23:13:02.699  INFO 75568 --- [ool-10-thread-1] tourGuide.service.TourGuideService       : Track Location for user internalUser77
2022-10-02 23:13:02.699  INFO 75568 --- [ool-10-thread-1] tourGuide.service.TourGuideService       : Track Location for user internalUser79
2022-10-02 23:13:02.699  INFO 75568 --- [ool-10-thread-1] tourGuide.service.TourGuideService       : Track Location for user internalUser74
2022-10-02 23:13:02.699  INFO 75568 --- [ool-10-thread-1] tourGuide.service.TourGuideService       : Track Location for user internalUser73
2022-10-02 23:13:02.700  INFO 75568 --- [ool-10-thread-1] tourGuide.service.TourGuideService       : Track Location for user internalUser76
2022-10-02 23:13:02.700  INFO 75568 --- [ool-10-thread-1] tourGuide.service.TourGuideService       : Track Location for user internalUser75
2022-10-02 23:13:02.700  INFO 75568 --- [ool-10-thread-1] tourGuide.service.TourGuideService       : Track Location for user internalUser70
2022-10-02 23:13:02.700  INFO 75568 --- [ool-10-thread-1] tourGuide.service.TourGuideService       : Track Location for user internalUser72
2022-10-02 23:13:02.700  INFO 75568 --- [ool-10-thread-1] tourGuide.service.TourGuideService       : Track Location for user internalUser71
2022-10-02 23:13:02.701  INFO 75568 --- [ool-10-thread-1] tourGuide.service.TourGuideService       : Track Location for user internalUser90
2022-10-02 23:13:02.701  INFO 75568 --- [ool-10-thread-1] tourGuide.service.TourGuideService       : Track Location for user internalUser89
2022-10-02 23:13:02.701  INFO 75568 --- [ool-10-thread-1] tourGuide.service.TourGuideService       : Track Location for user internalUser88
2022-10-02 23:13:02.701  INFO 75568 --- [ool-10-thread-1] tourGuide.service.TourGuideService       : Track Location for user internalUser85
2022-10-02 23:13:02.701  INFO 75568 --- [ool-10-thread-1] tourGuide.service.TourGuideService       : Track Location for user internalUser84
2022-10-02 23:13:02.701  INFO 75568 --- [ool-10-thread-1] tourGuide.service.TourGuideService       : Track Location for user internalUser87
2022-10-02 23:13:02.702  INFO 75568 --- [ool-10-thread-1] tourGuide.service.TourGuideService       : Track Location for user internalUser86
2022-10-02 23:13:02.702  INFO 75568 --- [ool-10-thread-1] tourGuide.service.TourGuideService       : Track Location for user internalUser81
2022-10-02 23:13:02.702  INFO 75568 --- [ool-10-thread-1] tourGuide.service.TourGuideService       : Track Location for user internalUser80
2022-10-02 23:13:02.702  INFO 75568 --- [ool-10-thread-1] tourGuide.service.TourGuideService       : Track Location for user internalUser83
2022-10-02 23:13:02.702  INFO 75568 --- [ool-10-thread-1] tourGuide.service.TourGuideService       : Track Location for user internalUser82
2022-10-02 23:13:02.702  INFO 75568 --- [ool-10-thread-1] tourGuide.service.TourGuideService       : Track Location for user internalUser99
2022-10-02 23:13:02.703  INFO 75568 --- [ool-10-thread-1] tourGuide.service.TourGuideService       : Track Location for user internalUser96
2022-10-02 23:13:02.703  INFO 75568 --- [ool-10-thread-1] tourGuide.service.TourGuideService       : Track Location for user internalUser95
2022-10-02 23:13:02.703  INFO 75568 --- [ool-10-thread-1] tourGuide.service.TourGuideService       : Track Location for user internalUser98
2022-10-02 23:13:02.703  INFO 75568 --- [ool-10-thread-1] tourGuide.service.TourGuideService       : Track Location for user internalUser97
2022-10-02 23:13:02.703  INFO 75568 --- [ool-10-thread-1] tourGuide.service.TourGuideService       : Track Location for user internalUser92
2022-10-02 23:13:02.703  INFO 75568 --- [ool-10-thread-1] tourGuide.service.TourGuideService       : Track Location for user internalUser91
2022-10-02 23:13:02.704  INFO 75568 --- [ool-10-thread-1] tourGuide.service.TourGuideService       : Track Location for user internalUser94
2022-10-02 23:13:02.704  INFO 75568 --- [ool-10-thread-1] tourGuide.service.TourGuideService       : Track Location for user internalUser93
2022-10-02 23:13:02.704  INFO 75568 --- [ool-10-thread-1] tourGuide.service.TourGuideService       : Track Location for user internalUser284
2022-10-02 23:13:02.704  INFO 75568 --- [ool-10-thread-1] tourGuide.service.TourGuideService       : Track Location for user internalUser285
2022-10-02 23:13:02.704  INFO 75568 --- [ool-10-thread-1] tourGuide.service.TourGuideService       : Track Location for user internalUser282
2022-10-02 23:13:02.705  INFO 75568 --- [ool-10-thread-1] tourGuide.service.TourGuideService       : Track Location for user internalUser283
2022-10-02 23:13:02.705  INFO 75568 --- [ool-10-thread-1] tourGuide.service.TourGuideService       : Track Location for user internalUser280
2022-10-02 23:13:02.705  INFO 75568 --- [ool-10-thread-1] tourGuide.service.TourGuideService       : Track Location for user internalUser281
2022-10-02 23:13:02.705  INFO 75568 --- [ool-10-thread-1] tourGuide.service.TourGuideService       : Track Location for user internalUser288
2022-10-02 23:13:02.705  INFO 75568 --- [ool-10-thread-1] tourGuide.service.TourGuideService       : Track Location for user internalUser289
2022-10-02 23:13:02.705  INFO 75568 --- [ool-10-thread-1] tourGuide.service.TourGuideService       : Track Location for user internalUser286
2022-10-02 23:13:02.706  INFO 75568 --- [ool-10-thread-1] tourGuide.service.TourGuideService       : Track Location for user internalUser287
2022-10-02 23:13:02.706  INFO 75568 --- [ool-10-thread-1] tourGuide.service.TourGuideService       : Track Location for user internalUser295
2022-10-02 23:13:02.706  INFO 75568 --- [ool-10-thread-1] tourGuide.service.TourGuideService       : Track Location for user internalUser296
2022-10-02 23:13:02.706  INFO 75568 --- [ool-10-thread-1] tourGuide.service.TourGuideService       : Track Location for user internalUser293
2022-10-02 23:13:02.706  INFO 75568 --- [ool-10-thread-1] tourGuide.service.TourGuideService       : Track Location for user internalUser294
2022-10-02 23:13:02.706  INFO 75568 --- [ool-10-thread-1] tourGuide.service.TourGuideService       : Track Location for user internalUser291
2022-10-02 23:13:02.706  INFO 75568 --- [ool-10-thread-1] tourGuide.service.TourGuideService       : Track Location for user internalUser292
2022-10-02 23:13:02.707  INFO 75568 --- [ool-10-thread-1] tourGuide.service.TourGuideService       : Track Location for user internalUser290
2022-10-02 23:13:02.707  INFO 75568 --- [ool-10-thread-1] tourGuide.service.TourGuideService       : Track Location for user internalUser299
2022-10-02 23:13:02.707  INFO 75568 --- [ool-10-thread-1] tourGuide.service.TourGuideService       : Track Location for user internalUser297
2022-10-02 23:13:02.707  INFO 75568 --- [ool-10-thread-1] tourGuide.service.TourGuideService       : Track Location for user internalUser298
2022-10-02 23:13:02.707  INFO 75568 --- [ool-10-thread-1] tourGuide.service.TourGuideService       : Track Location for user internalUser240
2022-10-02 23:13:02.707  INFO 75568 --- [ool-10-thread-1] tourGuide.service.TourGuideService       : Track Location for user internalUser482
2022-10-02 23:13:02.708  INFO 75568 --- [ool-10-thread-1] tourGuide.service.TourGuideService       : Track Location for user internalUser241
2022-10-02 23:13:02.708  INFO 75568 --- [ool-10-thread-1] tourGuide.service.TourGuideService       : Track Location for user internalUser483
2022-10-02 23:13:02.708  INFO 75568 --- [ool-10-thread-1] tourGuide.service.TourGuideService       : Track Location for user internalUser480
2022-10-02 23:13:02.708  INFO 75568 --- [ool-10-thread-1] tourGuide.service.TourGuideService       : Track Location for user internalUser481
2022-10-02 23:13:02.708  INFO 75568 --- [ool-10-thread-1] tourGuide.service.TourGuideService       : Track Location for user internalUser248
2022-10-02 23:13:02.708  INFO 75568 --- [ool-10-thread-1] tourGuide.service.TourGuideService       : Track Location for user internalUser249
2022-10-02 23:13:02.708  INFO 75568 --- [ool-10-thread-1] tourGuide.service.TourGuideService       : Track Location for user internalUser246
2022-10-02 23:13:02.709  INFO 75568 --- [ool-10-thread-1] tourGuide.service.TourGuideService       : Track Location for user internalUser488
2022-10-02 23:13:02.709  INFO 75568 --- [ool-10-thread-1] tourGuide.service.TourGuideService       : Track Location for user internalUser247
2022-10-02 23:13:02.709  INFO 75568 --- [ool-10-thread-1] tourGuide.service.TourGuideService       : Track Location for user internalUser489
2022-10-02 23:13:02.709  INFO 75568 --- [ool-10-thread-1] tourGuide.service.TourGuideService       : Track Location for user internalUser244
2022-10-02 23:13:02.709  INFO 75568 --- [ool-10-thread-1] tourGuide.service.TourGuideService       : Track Location for user internalUser486
2022-10-02 23:13:02.709  INFO 75568 --- [ool-10-thread-1] tourGuide.service.TourGuideService       : Track Location for user internalUser245
2022-10-02 23:13:02.709  INFO 75568 --- [ool-10-thread-1] tourGuide.service.TourGuideService       : Track Location for user internalUser487
2022-10-02 23:13:02.710  INFO 75568 --- [ool-10-thread-1] tourGuide.service.TourGuideService       : Track Location for user internalUser242
2022-10-02 23:13:02.710  INFO 75568 --- [ool-10-thread-1] tourGuide.service.TourGuideService       : Track Location for user internalUser484
2022-10-02 23:13:02.710  INFO 75568 --- [ool-10-thread-1] tourGuide.service.TourGuideService       : Track Location for user internalUser243
2022-10-02 23:13:02.710  INFO 75568 --- [ool-10-thread-1] tourGuide.service.TourGuideService       : Track Location for user internalUser485
2022-10-02 23:13:02.710  INFO 75568 --- [ool-10-thread-1] tourGuide.service.TourGuideService       : Track Location for user internalUser251
2022-10-02 23:13:02.710  INFO 75568 --- [ool-10-thread-1] tourGuide.service.TourGuideService       : Track Location for user internalUser493
2022-10-02 23:13:02.711  INFO 75568 --- [ool-10-thread-1] tourGuide.service.TourGuideService       : Track Location for user internalUser252
2022-10-02 23:13:02.711  INFO 75568 --- [ool-10-thread-1] tourGuide.service.TourGuideService       : Track Location for user internalUser494
2022-10-02 23:13:02.711  INFO 75568 --- [ool-10-thread-1] tourGuide.service.TourGuideService       : Track Location for user internalUser491
2022-10-02 23:13:02.711  INFO 75568 --- [ool-10-thread-1] tourGuide.service.TourGuideService       : Track Location for user internalUser250
2022-10-02 23:13:02.711  INFO 75568 --- [ool-10-thread-1] tourGuide.service.TourGuideService       : Track Location for user internalUser492
2022-10-02 23:13:02.712  INFO 75568 --- [ool-10-thread-1] tourGuide.service.TourGuideService       : Track Location for user internalUser490
2022-10-02 23:13:02.712  INFO 75568 --- [ool-10-thread-1] tourGuide.service.TourGuideService       : Track Location for user internalUser259
2022-10-02 23:13:02.712  INFO 75568 --- [ool-10-thread-1] tourGuide.service.TourGuideService       : Track Location for user internalUser257
2022-10-02 23:13:02.712  INFO 75568 --- [ool-10-thread-1] tourGuide.service.TourGuideService       : Track Location for user internalUser499
2022-10-02 23:13:02.712  INFO 75568 --- [ool-10-thread-1] tourGuide.service.TourGuideService       : Track Location for user internalUser258
2022-10-02 23:13:02.712  INFO 75568 --- [ool-10-thread-1] tourGuide.service.TourGuideService       : Track Location for user internalUser255
2022-10-02 23:13:02.713  INFO 75568 --- [ool-10-thread-1] tourGuide.service.TourGuideService       : Track Location for user internalUser497
2022-10-02 23:13:02.713  INFO 75568 --- [ool-10-thread-1] tourGuide.service.TourGuideService       : Track Location for user internalUser256
2022-10-02 23:13:02.713  INFO 75568 --- [ool-10-thread-1] tourGuide.service.TourGuideService       : Track Location for user internalUser498
2022-10-02 23:13:02.713  INFO 75568 --- [ool-10-thread-1] tourGuide.service.TourGuideService       : Track Location for user internalUser253
2022-10-02 23:13:02.713  INFO 75568 --- [ool-10-thread-1] tourGuide.service.TourGuideService       : Track Location for user internalUser495
2022-10-02 23:13:02.713  INFO 75568 --- [ool-10-thread-1] tourGuide.service.TourGuideService       : Track Location for user internalUser254
2022-10-02 23:13:02.713  INFO 75568 --- [ool-10-thread-1] tourGuide.service.TourGuideService       : Track Location for user internalUser496
2022-10-02 23:13:02.714  INFO 75568 --- [ool-10-thread-1] tourGuide.service.TourGuideService       : Track Location for user internalUser262
2022-10-02 23:13:02.714  INFO 75568 --- [ool-10-thread-1] tourGuide.service.TourGuideService       : Track Location for user internalUser263
2022-10-02 23:13:02.714  INFO 75568 --- [ool-10-thread-1] tourGuide.service.TourGuideService       : Track Location for user internalUser260
2022-10-02 23:13:02.714  INFO 75568 --- [ool-10-thread-1] tourGuide.service.TourGuideService       : Track Location for user internalUser261
2022-10-02 23:13:02.714  INFO 75568 --- [ool-10-thread-1] tourGuide.service.TourGuideService       : Track Location for user internalUser268
2022-10-02 23:13:02.714  INFO 75568 --- [ool-10-thread-1] tourGuide.service.TourGuideService       : Track Location for user internalUser269
2022-10-02 23:13:02.715  INFO 75568 --- [ool-10-thread-1] tourGuide.service.TourGuideService       : Track Location for user internalUser266
2022-10-02 23:13:02.715  INFO 75568 --- [ool-10-thread-1] tourGuide.service.TourGuideService       : Track Location for user internalUser267
2022-10-02 23:13:02.715  INFO 75568 --- [ool-10-thread-1] tourGuide.service.TourGuideService       : Track Location for user internalUser264
2022-10-02 23:13:02.716  INFO 75568 --- [ool-10-thread-1] tourGuide.service.TourGuideService       : Track Location for user internalUser265
2022-10-02 23:13:02.716  INFO 75568 --- [ool-10-thread-1] tourGuide.service.TourGuideService       : Track Location for user internalUser273
2022-10-02 23:13:02.716  INFO 75568 --- [ool-10-thread-1] tourGuide.service.TourGuideService       : Track Location for user internalUser274
2022-10-02 23:13:02.716  INFO 75568 --- [ool-10-thread-1] tourGuide.service.TourGuideService       : Track Location for user internalUser271
2022-10-02 23:13:02.716  INFO 75568 --- [ool-10-thread-1] tourGuide.service.TourGuideService       : Track Location for user internalUser272
2022-10-02 23:13:02.717  INFO 75568 --- [ool-10-thread-1] tourGuide.service.TourGuideService       : Track Location for user internalUser270
2022-10-02 23:13:02.717  INFO 75568 --- [ool-10-thread-1] tourGuide.service.TourGuideService       : Track Location for user internalUser279
2022-10-02 23:13:02.717  INFO 75568 --- [ool-10-thread-1] tourGuide.service.TourGuideService       : Track Location for user internalUser277
2022-10-02 23:13:02.717  INFO 75568 --- [ool-10-thread-1] tourGuide.service.TourGuideService       : Track Location for user internalUser278
2022-10-02 23:13:02.718  INFO 75568 --- [ool-10-thread-1] tourGuide.service.TourGuideService       : Track Location for user internalUser275
2022-10-02 23:13:02.718  INFO 75568 --- [ool-10-thread-1] tourGuide.service.TourGuideService       : Track Location for user internalUser276
2022-10-02 23:13:02.718  INFO 75568 --- [ool-10-thread-1] tourGuide.service.TourGuideService       : Track Location for user internalUser680
2022-10-02 23:13:02.719  INFO 75568 --- [ool-10-thread-1] tourGuide.service.TourGuideService       : Track Location for user internalUser681
2022-10-02 23:13:02.719  INFO 75568 --- [ool-10-thread-1] tourGuide.service.TourGuideService       : Track Location for user internalUser204
2022-10-02 23:13:02.719  INFO 75568 --- [ool-10-thread-1] tourGuide.service.TourGuideService       : Track Location for user internalUser446
2022-10-02 23:13:02.719  INFO 75568 --- [ool-10-thread-1] tourGuide.service.TourGuideService       : Track Location for user internalUser688
2022-10-02 23:13:02.720  INFO 75568 --- [ool-10-thread-1] tourGuide.service.TourGuideService       : Track Location for user internalUser205
2022-10-02 23:13:02.720  INFO 75568 --- [ool-10-thread-1] tourGuide.service.TourGuideService       : Track Location for user internalUser447
2022-10-02 23:13:02.721  INFO 75568 --- [ool-10-thread-1] tourGuide.service.TourGuideService       : Track Location for user internalUser689
2022-10-02 23:13:02.721  INFO 75568 --- [ool-10-thread-1] tourGuide.service.TourGuideService       : Track Location for user internalUser202
2022-10-02 23:13:02.721  INFO 75568 --- [ool-10-thread-1] tourGuide.service.TourGuideService       : Track Location for user internalUser444
2022-10-02 23:13:02.722  INFO 75568 --- [ool-10-thread-1] tourGuide.service.TourGuideService       : Track Location for user internalUser686
2022-10-02 23:13:02.722  INFO 75568 --- [ool-10-thread-1] tourGuide.service.TourGuideService       : Track Location for user internalUser203
2022-10-02 23:13:02.722  INFO 75568 --- [ool-10-thread-1] tourGuide.service.TourGuideService       : Track Location for user internalUser445
2022-10-02 23:13:02.722  INFO 75568 --- [ool-10-thread-1] tourGuide.service.TourGuideService       : Track Location for user internalUser687
2022-10-02 23:13:02.722  INFO 75568 --- [ool-10-thread-1] tourGuide.service.TourGuideService       : Track Location for user internalUser200
2022-10-02 23:13:02.723  INFO 75568 --- [ool-10-thread-1] tourGuide.service.TourGuideService       : Track Location for user internalUser442
2022-10-02 23:13:02.723  INFO 75568 --- [ool-10-thread-1] tourGuide.service.TourGuideService       : Track Location for user internalUser684
2022-10-02 23:13:02.723  INFO 75568 --- [ool-10-thread-1] tourGuide.service.TourGuideService       : Track Location for user internalUser201
2022-10-02 23:13:02.723  INFO 75568 --- [ool-10-thread-1] tourGuide.service.TourGuideService       : Track Location for user internalUser443
2022-10-02 23:13:02.724  INFO 75568 --- [ool-10-thread-1] tourGuide.service.TourGuideService       : Track Location for user internalUser685
2022-10-02 23:13:02.724  INFO 75568 --- [ool-10-thread-1] tourGuide.service.TourGuideService       : Track Location for user internalUser440
2022-10-02 23:13:02.724  INFO 75568 --- [ool-10-thread-1] tourGuide.service.TourGuideService       : Track Location for user internalUser682
2022-10-02 23:13:02.724  INFO 75568 --- [ool-10-thread-1] tourGuide.service.TourGuideService       : Track Location for user internalUser441
2022-10-02 23:13:02.725  INFO 75568 --- [ool-10-thread-1] tourGuide.service.TourGuideService       : Track Location for user internalUser683
2022-10-02 23:13:02.725  INFO 75568 --- [ool-10-thread-1] tourGuide.service.TourGuideService       : Track Location for user internalUser208
2022-10-02 23:13:02.725  INFO 75568 --- [ool-10-thread-1] tourGuide.service.TourGuideService       : Track Location for user internalUser209
2022-10-02 23:13:02.725  INFO 75568 --- [ool-10-thread-1] tourGuide.service.TourGuideService       : Track Location for user internalUser206
2022-10-02 23:13:02.726  INFO 75568 --- [ool-10-thread-1] tourGuide.service.TourGuideService       : Track Location for user internalUser448
2022-10-02 23:13:02.726  INFO 75568 --- [ool-10-thread-1] tourGuide.service.TourGuideService       : Track Location for user internalUser207
2022-10-02 23:13:02.726  INFO 75568 --- [ool-10-thread-1] tourGuide.service.TourGuideService       : Track Location for user internalUser449
2022-10-02 23:13:02.727  INFO 75568 --- [ool-10-thread-1] tourGuide.service.TourGuideService       : Track Location for user internalUser691
2022-10-02 23:13:02.727  INFO 75568 --- [ool-10-thread-1] tourGuide.service.TourGuideService       : Track Location for user internalUser450
2022-10-02 23:13:02.727  INFO 75568 --- [ool-10-thread-1] tourGuide.service.TourGuideService       : Track Location for user internalUser692
2022-10-02 23:13:02.727  INFO 75568 --- [ool-10-thread-1] tourGuide.service.TourGuideService       : Track Location for user internalUser690
2022-10-02 23:13:02.728  INFO 75568 --- [ool-10-thread-1] tourGuide.service.TourGuideService       : Track Location for user internalUser215
2022-10-02 23:13:02.728  INFO 75568 --- [ool-10-thread-1] tourGuide.service.TourGuideService       : Track Location for user internalUser457
2022-10-02 23:13:02.728  INFO 75568 --- [ool-10-thread-1] tourGuide.service.TourGuideService       : Track Location for user internalUser699
2022-10-02 23:13:02.729  INFO 75568 --- [ool-10-thread-1] tourGuide.service.TourGuideService       : Track Location for user internalUser216
2022-10-02 23:13:02.729  INFO 75568 --- [ool-10-thread-1] tourGuide.service.TourGuideService       : Track Location for user internalUser458
2022-10-02 23:13:02.729  INFO 75568 --- [ool-10-thread-1] tourGuide.service.TourGuideService       : Track Location for user internalUser213
2022-10-02 23:13:02.730  INFO 75568 --- [ool-10-thread-1] tourGuide.service.TourGuideService       : Track Location for user internalUser455
2022-10-02 23:13:02.730  INFO 75568 --- [ool-10-thread-1] tourGuide.service.TourGuideService       : Track Location for user internalUser697
2022-10-02 23:13:02.730  INFO 75568 --- [ool-10-thread-1] tourGuide.service.TourGuideService       : Track Location for user internalUser214
2022-10-02 23:13:02.730  INFO 75568 --- [ool-10-thread-1] tourGuide.service.TourGuideService       : Track Location for user internalUser456
2022-10-02 23:13:02.731  INFO 75568 --- [ool-10-thread-1] tourGuide.service.TourGuideService       : Track Location for user internalUser698
2022-10-02 23:13:02.731  INFO 75568 --- [ool-10-thread-1] tourGuide.service.TourGuideService       : Track Location for user internalUser211
2022-10-02 23:13:02.731  INFO 75568 --- [ool-10-thread-1] tourGuide.service.TourGuideService       : Track Location for user internalUser453
2022-10-02 23:13:02.731  INFO 75568 --- [ool-10-thread-1] tourGuide.service.TourGuideService       : Track Location for user internalUser695
2022-10-02 23:13:02.732  INFO 75568 --- [ool-10-thread-1] tourGuide.service.TourGuideService       : Track Location for user internalUser212
2022-10-02 23:13:02.732  INFO 75568 --- [ool-10-thread-1] tourGuide.service.TourGuideService       : Track Location for user internalUser454
2022-10-02 23:13:02.732  INFO 75568 --- [ool-10-thread-1] tourGuide.service.TourGuideService       : Track Location for user internalUser696
2022-10-02 23:13:02.732  INFO 75568 --- [ool-10-thread-1] tourGuide.service.TourGuideService       : Track Location for user internalUser451
2022-10-02 23:13:02.732  INFO 75568 --- [ool-10-thread-1] tourGuide.service.TourGuideService       : Track Location for user internalUser693
2022-10-02 23:13:02.733  INFO 75568 --- [ool-10-thread-1] tourGuide.service.TourGuideService       : Track Location for user internalUser210
2022-10-02 23:13:02.733  INFO 75568 --- [ool-10-thread-1] tourGuide.service.TourGuideService       : Track Location for user internalUser452
2022-10-02 23:13:02.733  INFO 75568 --- [ool-10-thread-1] tourGuide.service.TourGuideService       : Track Location for user internalUser694
2022-10-02 23:13:02.733  INFO 75568 --- [ool-10-thread-1] tourGuide.service.TourGuideService       : Track Location for user internalUser219
2022-10-02 23:13:02.734  INFO 75568 --- [ool-10-thread-1] tourGuide.service.TourGuideService       : Track Location for user internalUser217
2022-10-02 23:13:02.734  INFO 75568 --- [ool-10-thread-1] tourGuide.service.TourGuideService       : Track Location for user internalUser459
2022-10-02 23:13:02.734  INFO 75568 --- [ool-10-thread-1] tourGuide.service.TourGuideService       : Track Location for user internalUser218
2022-10-02 23:13:02.734  INFO 75568 --- [ool-10-thread-1] tourGuide.service.TourGuideService       : Track Location for user internalUser460
2022-10-02 23:13:02.734  INFO 75568 --- [ool-10-thread-1] tourGuide.service.TourGuideService       : Track Location for user internalUser461
2022-10-02 23:13:02.735  INFO 75568 --- [ool-10-thread-1] tourGuide.service.TourGuideService       : Track Location for user internalUser226
2022-10-02 23:13:02.735  INFO 75568 --- [ool-10-thread-1] tourGuide.service.TourGuideService       : Track Location for user internalUser468
2022-10-02 23:13:02.735  INFO 75568 --- [ool-10-thread-1] tourGuide.service.TourGuideService       : Track Location for user internalUser227
2022-10-02 23:13:02.735  INFO 75568 --- [ool-10-thread-1] tourGuide.service.TourGuideService       : Track Location for user internalUser469
2022-10-02 23:13:02.735  INFO 75568 --- [ool-10-thread-1] tourGuide.service.TourGuideService       : Track Location for user internalUser224
2022-10-02 23:13:02.735  INFO 75568 --- [ool-10-thread-1] tourGuide.service.TourGuideService       : Track Location for user internalUser466
2022-10-02 23:13:02.736  INFO 75568 --- [ool-10-thread-1] tourGuide.service.TourGuideService       : Track Location for user internalUser225
2022-10-02 23:13:02.736  INFO 75568 --- [ool-10-thread-1] tourGuide.service.TourGuideService       : Track Location for user internalUser467
2022-10-02 23:13:02.736  INFO 75568 --- [ool-10-thread-1] tourGuide.service.TourGuideService       : Track Location for user internalUser222
2022-10-02 23:13:02.736  INFO 75568 --- [ool-10-thread-1] tourGuide.service.TourGuideService       : Track Location for user internalUser464
2022-10-02 23:13:02.736  INFO 75568 --- [ool-10-thread-1] tourGuide.service.TourGuideService       : Track Location for user internalUser223
2022-10-02 23:13:02.736  INFO 75568 --- [ool-10-thread-1] tourGuide.service.TourGuideService       : Track Location for user internalUser465
2022-10-02 23:13:02.737  INFO 75568 --- [ool-10-thread-1] tourGuide.service.TourGuideService       : Track Location for user internalUser220
2022-10-02 23:13:02.737  INFO 75568 --- [ool-10-thread-1] tourGuide.service.TourGuideService       : Track Location for user internalUser462
2022-10-02 23:13:02.737  INFO 75568 --- [ool-10-thread-1] tourGuide.service.TourGuideService       : Track Location for user internalUser221
2022-10-02 23:13:02.737  INFO 75568 --- [ool-10-thread-1] tourGuide.service.TourGuideService       : Track Location for user internalUser463
2022-10-02 23:13:02.737  INFO 75568 --- [ool-10-thread-1] tourGuide.service.TourGuideService       : Track Location for user internalUser228
2022-10-02 23:13:02.737  INFO 75568 --- [ool-10-thread-1] tourGuide.service.TourGuideService       : Track Location for user internalUser229
2022-10-02 23:13:02.738  INFO 75568 --- [ool-10-thread-1] tourGuide.service.TourGuideService       : Track Location for user internalUser471
2022-10-02 23:13:02.738  INFO 75568 --- [ool-10-thread-1] tourGuide.service.TourGuideService       : Track Location for user internalUser230
2022-10-02 23:13:02.738  INFO 75568 --- [ool-10-thread-1] tourGuide.service.TourGuideService       : Track Location for user internalUser472
2022-10-02 23:13:02.738  INFO 75568 --- [ool-10-thread-1] tourGuide.service.TourGuideService       : Track Location for user internalUser470
2022-10-02 23:13:02.738  INFO 75568 --- [ool-10-thread-1] tourGuide.service.TourGuideService       : Track Location for user internalUser237
2022-10-02 23:13:02.738  INFO 75568 --- [ool-10-thread-1] tourGuide.service.TourGuideService       : Track Location for user internalUser479
2022-10-02 23:13:02.739  INFO 75568 --- [ool-10-thread-1] tourGuide.service.TourGuideService       : Track Location for user internalUser238
2022-10-02 23:13:02.739  INFO 75568 --- [ool-10-thread-1] tourGuide.service.TourGuideService       : Track Location for user internalUser235
2022-10-02 23:13:02.739  INFO 75568 --- [ool-10-thread-1] tourGuide.service.TourGuideService       : Track Location for user internalUser477
2022-10-02 23:13:02.739  INFO 75568 --- [ool-10-thread-1] tourGuide.service.TourGuideService       : Track Location for user internalUser236
2022-10-02 23:13:02.739  INFO 75568 --- [ool-10-thread-1] tourGuide.service.TourGuideService       : Track Location for user internalUser478
2022-10-02 23:13:02.739  INFO 75568 --- [ool-10-thread-1] tourGuide.service.TourGuideService       : Track Location for user internalUser233
2022-10-02 23:13:02.740  INFO 75568 --- [ool-10-thread-1] tourGuide.service.TourGuideService       : Track Location for user internalUser475
2022-10-02 23:13:02.740  INFO 75568 --- [ool-10-thread-1] tourGuide.service.TourGuideService       : Track Location for user internalUser234
2022-10-02 23:13:02.740  INFO 75568 --- [ool-10-thread-1] tourGuide.service.TourGuideService       : Track Location for user internalUser476
2022-10-02 23:13:02.740  INFO 75568 --- [ool-10-thread-1] tourGuide.service.TourGuideService       : Track Location for user internalUser231
2022-10-02 23:13:02.740  INFO 75568 --- [ool-10-thread-1] tourGuide.service.TourGuideService       : Track Location for user internalUser473
2022-10-02 23:13:02.740  INFO 75568 --- [ool-10-thread-1] tourGuide.service.TourGuideService       : Track Location for user internalUser232
2022-10-02 23:13:02.740  INFO 75568 --- [ool-10-thread-1] tourGuide.service.TourGuideService       : Track Location for user internalUser474
2022-10-02 23:13:02.741  INFO 75568 --- [ool-10-thread-1] tourGuide.service.TourGuideService       : Track Location for user internalUser239
2022-10-02 23:13:02.741  INFO 75568 --- [ool-10-thread-1] tourGuide.service.TourGuideService       : Track Location for user internalUser402
2022-10-02 23:13:02.741  INFO 75568 --- [ool-10-thread-1] tourGuide.service.TourGuideService       : Track Location for user internalUser644
2022-10-02 23:13:02.741  INFO 75568 --- [ool-10-thread-1] tourGuide.service.TourGuideService       : Track Location for user internalUser886
2022-10-02 23:13:02.741  INFO 75568 --- [ool-10-thread-1] tourGuide.service.TourGuideService       : Track Location for user internalUser403
2022-10-02 23:13:02.741  INFO 75568 --- [ool-10-thread-1] tourGuide.service.TourGuideService       : Track Location for user internalUser645
2022-10-02 23:13:02.741  INFO 75568 --- [ool-10-thread-1] tourGuide.service.TourGuideService       : Track Location for user internalUser887
2022-10-02 23:13:02.742  INFO 75568 --- [ool-10-thread-1] tourGuide.service.TourGuideService       : Track Location for user internalUser400
2022-10-02 23:13:02.742  INFO 75568 --- [ool-10-thread-1] tourGuide.service.TourGuideService       : Track Location for user internalUser642
2022-10-02 23:13:02.742  INFO 75568 --- [ool-10-thread-1] tourGuide.service.TourGuideService       : Track Location for user internalUser884
2022-10-02 23:13:02.742  INFO 75568 --- [ool-10-thread-1] tourGuide.service.TourGuideService       : Track Location for user internalUser401
2022-10-02 23:13:02.742  INFO 75568 --- [ool-10-thread-1] tourGuide.service.TourGuideService       : Track Location for user internalUser643
2022-10-02 23:13:02.742  INFO 75568 --- [ool-10-thread-1] tourGuide.service.TourGuideService       : Track Location for user internalUser885
2022-10-02 23:13:02.743  INFO 75568 --- [ool-10-thread-1] tourGuide.service.TourGuideService       : Track Location for user internalUser640
2022-10-02 23:13:02.743  INFO 75568 --- [ool-10-thread-1] tourGuide.service.TourGuideService       : Track Location for user internalUser882
2022-10-02 23:13:02.743  INFO 75568 --- [ool-10-thread-1] tourGuide.service.TourGuideService       : Track Location for user internalUser641
2022-10-02 23:13:02.743  INFO 75568 --- [ool-10-thread-1] tourGuide.service.TourGuideService       : Track Location for user internalUser883
2022-10-02 23:13:02.743  INFO 75568 --- [ool-10-thread-1] tourGuide.service.TourGuideService       : Track Location for user internalUser880
2022-10-02 23:13:02.743  INFO 75568 --- [ool-10-thread-1] tourGuide.service.TourGuideService       : Track Location for user internalUser881
2022-10-02 23:13:02.743  INFO 75568 --- [ool-10-thread-1] tourGuide.service.TourGuideService       : Track Location for user internalUser408
2022-10-02 23:13:02.744  INFO 75568 --- [ool-10-thread-1] tourGuide.service.TourGuideService       : Track Location for user internalUser409
2022-10-02 23:13:02.744  INFO 75568 --- [ool-10-thread-1] tourGuide.service.TourGuideService       : Track Location for user internalUser406
2022-10-02 23:13:02.744  INFO 75568 --- [ool-10-thread-1] tourGuide.service.TourGuideService       : Track Location for user internalUser648
2022-10-02 23:13:02.744  INFO 75568 --- [ool-10-thread-1] tourGuide.service.TourGuideService       : Track Location for user internalUser407
2022-10-02 23:13:02.744  INFO 75568 --- [ool-10-thread-1] tourGuide.service.TourGuideService       : Track Location for user internalUser649
2022-10-02 23:13:02.744  INFO 75568 --- [ool-10-thread-1] tourGuide.service.TourGuideService       : Track Location for user internalUser404
2022-10-02 23:13:02.745  INFO 75568 --- [ool-10-thread-1] tourGuide.service.TourGuideService       : Track Location for user internalUser646
2022-10-02 23:13:02.745  INFO 75568 --- [ool-10-thread-1] tourGuide.service.TourGuideService       : Track Location for user internalUser888
2022-10-02 23:13:02.745  INFO 75568 --- [ool-10-thread-1] tourGuide.service.TourGuideService       : Track Location for user internalUser405
2022-10-02 23:13:02.745  INFO 75568 --- [ool-10-thread-1] tourGuide.service.TourGuideService       : Track Location for user internalUser647
2022-10-02 23:13:02.745  INFO 75568 --- [ool-10-thread-1] tourGuide.service.TourGuideService       : Track Location for user internalUser889
2022-10-02 23:13:02.745  INFO 75568 --- [ool-10-thread-1] tourGuide.service.TourGuideService       : Track Location for user internalUser890
2022-10-02 23:13:02.745  INFO 75568 --- [ool-10-thread-1] tourGuide.service.TourGuideService       : Track Location for user internalUser413
2022-10-02 23:13:02.746  INFO 75568 --- [ool-10-thread-1] tourGuide.service.TourGuideService       : Track Location for user internalUser655
2022-10-02 23:13:02.746  INFO 75568 --- [ool-10-thread-1] tourGuide.service.TourGuideService       : Track Location for user internalUser897
2022-10-02 23:13:02.746  INFO 75568 --- [ool-10-thread-1] tourGuide.service.TourGuideService       : Track Location for user internalUser414
2022-10-02 23:13:02.746  INFO 75568 --- [ool-10-thread-1] tourGuide.service.TourGuideService       : Track Location for user internalUser656
2022-10-02 23:13:02.747  INFO 75568 --- [ool-10-thread-1] tourGuide.service.TourGuideService       : Track Location for user internalUser898
2022-10-02 23:13:02.747  INFO 75568 --- [ool-10-thread-1] tourGuide.service.TourGuideService       : Track Location for user internalUser411
2022-10-02 23:13:02.747  INFO 75568 --- [ool-10-thread-1] tourGuide.service.TourGuideService       : Track Location for user internalUser653
2022-10-02 23:13:02.747  INFO 75568 --- [ool-10-thread-1] tourGuide.service.TourGuideService       : Track Location for user internalUser895
2022-10-02 23:13:02.747  INFO 75568 --- [ool-10-thread-1] tourGuide.service.TourGuideService       : Track Location for user internalUser412
2022-10-02 23:13:02.747  INFO 75568 --- [ool-10-thread-1] tourGuide.service.TourGuideService       : Track Location for user internalUser654
2022-10-02 23:13:02.748  INFO 75568 --- [ool-10-thread-1] tourGuide.service.TourGuideService       : Track Location for user internalUser896
2022-10-02 23:13:02.748  INFO 75568 --- [ool-10-thread-1] tourGuide.service.TourGuideService       : Track Location for user internalUser651
2022-10-02 23:13:02.748  INFO 75568 --- [ool-10-thread-1] tourGuide.service.TourGuideService       : Track Location for user internalUser893
2022-10-02 23:13:02.748  INFO 75568 --- [ool-10-thread-1] tourGuide.service.TourGuideService       : Track Location for user internalUser410
2022-10-02 23:13:02.749  INFO 75568 --- [ool-10-thread-1] tourGuide.service.TourGuideService       : Track Location for user internalUser652
2022-10-02 23:13:02.749  INFO 75568 --- [ool-10-thread-1] tourGuide.service.TourGuideService       : Track Location for user internalUser894
2022-10-02 23:13:02.749  INFO 75568 --- [ool-10-thread-1] tourGuide.service.TourGuideService       : Track Location for user internalUser891
2022-10-02 23:13:02.749  INFO 75568 --- [ool-10-thread-1] tourGuide.service.TourGuideService       : Track Location for user internalUser650
2022-10-02 23:13:02.749  INFO 75568 --- [ool-10-thread-1] tourGuide.service.TourGuideService       : Track Location for user internalUser892
2022-10-02 23:13:02.749  INFO 75568 --- [ool-10-thread-1] tourGuide.service.TourGuideService       : Track Location for user internalUser419
2022-10-02 23:13:02.749  INFO 75568 --- [ool-10-thread-1] tourGuide.service.TourGuideService       : Track Location for user internalUser417
2022-10-02 23:13:02.750  INFO 75568 --- [ool-10-thread-1] tourGuide.service.TourGuideService       : Track Location for user internalUser659
2022-10-02 23:13:02.750  INFO 75568 --- [ool-10-thread-1] tourGuide.service.TourGuideService       : Track Location for user internalUser418
2022-10-02 23:13:02.750  INFO 75568 --- [ool-10-thread-1] tourGuide.service.TourGuideService       : Track Location for user internalUser415
2022-10-02 23:13:02.750  INFO 75568 --- [ool-10-thread-1] tourGuide.service.TourGuideService       : Track Location for user internalUser657
2022-10-02 23:13:02.750  INFO 75568 --- [ool-10-thread-1] tourGuide.service.TourGuideService       : Track Location for user internalUser899
2022-10-02 23:13:02.750  INFO 75568 --- [ool-10-thread-1] tourGuide.service.TourGuideService       : Track Location for user internalUser416
2022-10-02 23:13:02.751  INFO 75568 --- [ool-10-thread-1] tourGuide.service.TourGuideService       : Track Location for user internalUser658
2022-10-02 23:13:02.751  INFO 75568 --- [ool-10-thread-1] tourGuide.service.TourGuideService       : Track Location for user internalUser424
2022-10-02 23:13:02.751  INFO 75568 --- [ool-10-thread-1] tourGuide.service.TourGuideService       : Track Location for user internalUser666
2022-10-02 23:13:02.751  INFO 75568 --- [ool-10-thread-1] tourGuide.service.TourGuideService       : Track Location for user internalUser425
2022-10-02 23:13:02.751  INFO 75568 --- [ool-10-thread-1] tourGuide.service.TourGuideService       : Track Location for user internalUser667
2022-10-02 23:13:02.751  INFO 75568 --- [ool-10-thread-1] tourGuide.service.TourGuideService       : Track Location for user internalUser422
2022-10-02 23:13:02.751  INFO 75568 --- [ool-10-thread-1] tourGuide.service.TourGuideService       : Track Location for user internalUser664
2022-10-02 23:13:02.752  INFO 75568 --- [ool-10-thread-1] tourGuide.service.TourGuideService       : Track Location for user internalUser423
2022-10-02 23:13:02.752  INFO 75568 --- [ool-10-thread-1] tourGuide.service.TourGuideService       : Track Location for user internalUser665
2022-10-02 23:13:02.752  INFO 75568 --- [ool-10-thread-1] tourGuide.service.TourGuideService       : Track Location for user internalUser420
2022-10-02 23:13:02.752  INFO 75568 --- [ool-10-thread-1] tourGuide.service.TourGuideService       : Track Location for user internalUser662
2022-10-02 23:13:02.752  INFO 75568 --- [ool-10-thread-1] tourGuide.service.TourGuideService       : Track Location for user internalUser421
2022-10-02 23:13:02.752  INFO 75568 --- [ool-10-thread-1] tourGuide.service.TourGuideService       : Track Location for user internalUser663
2022-10-02 23:13:02.753  INFO 75568 --- [ool-10-thread-1] tourGuide.service.TourGuideService       : Track Location for user internalUser660
2022-10-02 23:13:02.753  INFO 75568 --- [ool-10-thread-1] tourGuide.service.TourGuideService       : Track Location for user internalUser661
2022-10-02 23:13:02.753  INFO 75568 --- [ool-10-thread-1] tourGuide.service.TourGuideService       : Track Location for user internalUser428
2022-10-02 23:13:02.753  INFO 75568 --- [ool-10-thread-1] tourGuide.service.TourGuideService       : Track Location for user internalUser429
2022-10-02 23:13:02.754  INFO 75568 --- [ool-10-thread-1] tourGuide.service.TourGuideService       : Track Location for user internalUser426
2022-10-02 23:13:02.754  INFO 75568 --- [ool-10-thread-1] tourGuide.service.TourGuideService       : Track Location for user internalUser668
2022-10-02 23:13:02.754  INFO 75568 --- [ool-10-thread-1] tourGuide.service.TourGuideService       : Track Location for user internalUser427
2022-10-02 23:13:02.754  INFO 75568 --- [ool-10-thread-1] tourGuide.service.TourGuideService       : Track Location for user internalUser669
2022-10-02 23:13:02.754  INFO 75568 --- [ool-10-thread-1] tourGuide.service.TourGuideService       : Track Location for user internalUser670
2022-10-02 23:13:02.755  INFO 75568 --- [ool-10-thread-1] tourGuide.service.TourGuideService       : Track Location for user internalUser435
2022-10-02 23:13:02.755  INFO 75568 --- [ool-10-thread-1] tourGuide.service.TourGuideService       : Track Location for user internalUser677
2022-10-02 23:13:02.755  INFO 75568 --- [ool-10-thread-1] tourGuide.service.TourGuideService       : Track Location for user internalUser436
2022-10-02 23:13:02.755  INFO 75568 --- [ool-10-thread-1] tourGuide.service.TourGuideService       : Track Location for user internalUser678
2022-10-02 23:13:02.755  INFO 75568 --- [ool-10-thread-1] tourGuide.service.TourGuideService       : Track Location for user internalUser433
2022-10-02 23:13:02.756  INFO 75568 --- [ool-10-thread-1] tourGuide.service.TourGuideService       : Track Location for user internalUser675
2022-10-02 23:13:02.756  INFO 75568 --- [ool-10-thread-1] tourGuide.service.TourGuideService       : Track Location for user internalUser434
2022-10-02 23:13:02.756  INFO 75568 --- [ool-10-thread-1] tourGuide.service.TourGuideService       : Track Location for user internalUser676
2022-10-02 23:13:02.756  INFO 75568 --- [ool-10-thread-1] tourGuide.service.TourGuideService       : Track Location for user internalUser431
2022-10-02 23:13:02.756  INFO 75568 --- [ool-10-thread-1] tourGuide.service.TourGuideService       : Track Location for user internalUser673
2022-10-02 23:13:02.756  INFO 75568 --- [ool-10-thread-1] tourGuide.service.TourGuideService       : Track Location for user internalUser432
2022-10-02 23:13:02.757  INFO 75568 --- [ool-10-thread-1] tourGuide.service.TourGuideService       : Track Location for user internalUser674
2022-10-02 23:13:02.757  INFO 75568 --- [ool-10-thread-1] tourGuide.service.TourGuideService       : Track Location for user internalUser671
2022-10-02 23:13:02.757  INFO 75568 --- [ool-10-thread-1] tourGuide.service.TourGuideService       : Track Location for user internalUser430
2022-10-02 23:13:02.757  INFO 75568 --- [ool-10-thread-1] tourGuide.service.TourGuideService       : Track Location for user internalUser672
2022-10-02 23:13:02.757  INFO 75568 --- [ool-10-thread-1] tourGuide.service.TourGuideService       : Track Location for user internalUser439
2022-10-02 23:13:02.758  INFO 75568 --- [ool-10-thread-1] tourGuide.service.TourGuideService       : Track Location for user internalUser437
2022-10-02 23:13:02.758  INFO 75568 --- [ool-10-thread-1] tourGuide.service.TourGuideService       : Track Location for user internalUser679
2022-10-02 23:13:02.758  INFO 75568 --- [ool-10-thread-1] tourGuide.service.TourGuideService       : Track Location for user internalUser438
2022-10-02 23:13:02.758  INFO 75568 --- [ool-10-thread-1] tourGuide.service.TourGuideService       : Track Location for user internalUser721
2022-10-02 23:13:02.758  INFO 75568 --- [ool-10-thread-1] tourGuide.service.TourGuideService       : Track Location for user internalUser963
2022-10-02 23:13:02.758  INFO 75568 --- [ool-10-thread-1] tourGuide.service.TourGuideService       : Track Location for user internalUser722
2022-10-02 23:13:02.759  INFO 75568 --- [ool-10-thread-1] tourGuide.service.TourGuideService       : Track Location for user internalUser964
2022-10-02 23:13:02.759  INFO 75568 --- [ool-10-thread-1] tourGuide.service.TourGuideService       : Track Location for user internalUser961
2022-10-02 23:13:02.759  INFO 75568 --- [ool-10-thread-1] tourGuide.service.TourGuideService       : Track Location for user internalUser720
2022-10-02 23:13:02.759  INFO 75568 --- [ool-10-thread-1] tourGuide.service.TourGuideService       : Track Location for user internalUser962
2022-10-02 23:13:02.759  INFO 75568 --- [ool-10-thread-1] tourGuide.service.TourGuideService       : Track Location for user internalUser960
2022-10-02 23:13:02.759  INFO 75568 --- [ool-10-thread-1] tourGuide.service.TourGuideService       : Track Location for user internalUser729
2022-10-02 23:13:02.760  INFO 75568 --- [ool-10-thread-1] tourGuide.service.TourGuideService       : Track Location for user internalUser727
2022-10-02 23:13:02.760  INFO 75568 --- [ool-10-thread-1] tourGuide.service.TourGuideService       : Track Location for user internalUser969
2022-10-02 23:13:02.760  INFO 75568 --- [ool-10-thread-1] tourGuide.service.TourGuideService       : Track Location for user internalUser728
2022-10-02 23:13:02.760  INFO 75568 --- [ool-10-thread-1] tourGuide.service.TourGuideService       : Track Location for user internalUser725
2022-10-02 23:13:02.760  INFO 75568 --- [ool-10-thread-1] tourGuide.service.TourGuideService       : Track Location for user internalUser967
2022-10-02 23:13:02.760  INFO 75568 --- [ool-10-thread-1] tourGuide.service.TourGuideService       : Track Location for user internalUser726
2022-10-02 23:13:02.760  INFO 75568 --- [ool-10-thread-1] tourGuide.service.TourGuideService       : Track Location for user internalUser968
2022-10-02 23:13:02.761  INFO 75568 --- [ool-10-thread-1] tourGuide.service.TourGuideService       : Track Location for user internalUser723
2022-10-02 23:13:02.761  INFO 75568 --- [ool-10-thread-1] tourGuide.service.TourGuideService       : Track Location for user internalUser965
2022-10-02 23:13:02.761  INFO 75568 --- [ool-10-thread-1] tourGuide.service.TourGuideService       : Track Location for user internalUser724
2022-10-02 23:13:02.762  INFO 75568 --- [ool-10-thread-1] tourGuide.service.TourGuideService       : Track Location for user internalUser966
2022-10-02 23:13:02.762  INFO 75568 --- [ool-10-thread-1] tourGuide.service.TourGuideService       : Track Location for user internalUser732
2022-10-02 23:13:02.763  INFO 75568 --- [ool-10-thread-1] tourGuide.service.TourGuideService       : Track Location for user internalUser974
2022-10-02 23:13:02.763  INFO 75568 --- [ool-10-thread-1] tourGuide.service.TourGuideService       : Track Location for user internalUser733
2022-10-02 23:13:02.764  INFO 75568 --- [ool-10-thread-1] tourGuide.service.TourGuideService       : Track Location for user internalUser975
2022-10-02 23:13:02.764  INFO 75568 --- [ool-10-thread-1] tourGuide.service.TourGuideService       : Track Location for user internalUser730
2022-10-02 23:13:02.764  INFO 75568 --- [ool-10-thread-1] tourGuide.service.TourGuideService       : Track Location for user internalUser972
2022-10-02 23:13:02.764  INFO 75568 --- [ool-10-thread-1] tourGuide.service.TourGuideService       : Track Location for user internalUser731
2022-10-02 23:13:02.764  INFO 75568 --- [ool-10-thread-1] tourGuide.service.TourGuideService       : Track Location for user internalUser973
2022-10-02 23:13:02.765  INFO 75568 --- [ool-10-thread-1] tourGuide.service.TourGuideService       : Track Location for user internalUser970
2022-10-02 23:13:02.765  INFO 75568 --- [ool-10-thread-1] tourGuide.service.TourGuideService       : Track Location for user internalUser971
2022-10-02 23:13:02.765  INFO 75568 --- [ool-10-thread-1] tourGuide.service.TourGuideService       : Track Location for user internalUser738
2022-10-02 23:13:02.765  INFO 75568 --- [ool-10-thread-1] tourGuide.service.TourGuideService       : Track Location for user internalUser739
2022-10-02 23:13:02.766  INFO 75568 --- [ool-10-thread-1] tourGuide.service.TourGuideService       : Track Location for user internalUser736
2022-10-02 23:13:02.766  INFO 75568 --- [ool-10-thread-1] tourGuide.service.TourGuideService       : Track Location for user internalUser978
2022-10-02 23:13:02.766  INFO 75568 --- [ool-10-thread-1] tourGuide.service.TourGuideService       : Track Location for user internalUser737
2022-10-02 23:13:02.766  INFO 75568 --- [ool-10-thread-1] tourGuide.service.TourGuideService       : Track Location for user internalUser979
2022-10-02 23:13:02.766  INFO 75568 --- [ool-10-thread-1] tourGuide.service.TourGuideService       : Track Location for user internalUser734
2022-10-02 23:13:02.767  INFO 75568 --- [ool-10-thread-1] tourGuide.service.TourGuideService       : Track Location for user internalUser976
2022-10-02 23:13:02.767  INFO 75568 --- [ool-10-thread-1] tourGuide.service.TourGuideService       : Track Location for user internalUser735
2022-10-02 23:13:02.767  INFO 75568 --- [ool-10-thread-1] tourGuide.service.TourGuideService       : Track Location for user internalUser977
2022-10-02 23:13:02.767  INFO 75568 --- [ool-10-thread-1] tourGuide.service.TourGuideService       : Track Location for user internalUser501
2022-10-02 23:13:02.768  INFO 75568 --- [ool-10-thread-1] tourGuide.service.TourGuideService       : Track Location for user internalUser743
2022-10-02 23:13:02.768  INFO 75568 --- [ool-10-thread-1] tourGuide.service.TourGuideService       : Track Location for user internalUser985
2022-10-02 23:13:02.768  INFO 75568 --- [ool-10-thread-1] tourGuide.service.TourGuideService       : Track Location for user internalUser502
2022-10-02 23:13:02.768  INFO 75568 --- [ool-10-thread-1] tourGuide.service.TourGuideService       : Track Location for user internalUser744
2022-10-02 23:13:02.768  INFO 75568 --- [ool-10-thread-1] tourGuide.service.TourGuideService       : Track Location for user internalUser986
2022-10-02 23:13:02.769  INFO 75568 --- [ool-10-thread-1] tourGuide.service.TourGuideService       : Track Location for user internalUser741
2022-10-02 23:13:02.769  INFO 75568 --- [ool-10-thread-1] tourGuide.service.TourGuideService       : Track Location for user internalUser983
2022-10-02 23:13:02.769  INFO 75568 --- [ool-10-thread-1] tourGuide.service.TourGuideService       : Track Location for user internalUser500
2022-10-02 23:13:02.769  INFO 75568 --- [ool-10-thread-1] tourGuide.service.TourGuideService       : Track Location for user internalUser742
2022-10-02 23:13:02.770  INFO 75568 --- [ool-10-thread-1] tourGuide.service.TourGuideService       : Track Location for user internalUser984
2022-10-02 23:13:02.770  INFO 75568 --- [ool-10-thread-1] tourGuide.service.TourGuideService       : Track Location for user internalUser981
2022-10-02 23:13:02.770  INFO 75568 --- [ool-10-thread-1] tourGuide.service.TourGuideService       : Track Location for user internalUser740
2022-10-02 23:13:02.770  INFO 75568 --- [ool-10-thread-1] tourGuide.service.TourGuideService       : Track Location for user internalUser982
2022-10-02 23:13:02.770  INFO 75568 --- [ool-10-thread-1] tourGuide.service.TourGuideService       : Track Location for user internalUser980
2022-10-02 23:13:02.770  INFO 75568 --- [ool-10-thread-1] tourGuide.service.TourGuideService       : Track Location for user internalUser509
2022-10-02 23:13:02.771  INFO 75568 --- [ool-10-thread-1] tourGuide.service.TourGuideService       : Track Location for user internalUser507
2022-10-02 23:13:02.771  INFO 75568 --- [ool-10-thread-1] tourGuide.service.TourGuideService       : Track Location for user internalUser749
2022-10-02 23:13:02.771  INFO 75568 --- [ool-10-thread-1] tourGuide.service.TourGuideService       : Track Location for user internalUser508
2022-10-02 23:13:02.771  INFO 75568 --- [ool-10-thread-1] tourGuide.service.TourGuideService       : Track Location for user internalUser505
2022-10-02 23:13:02.771  INFO 75568 --- [ool-10-thread-1] tourGuide.service.TourGuideService       : Track Location for user internalUser747
2022-10-02 23:13:02.772  INFO 75568 --- [ool-10-thread-1] tourGuide.service.TourGuideService       : Track Location for user internalUser989
2022-10-02 23:13:02.772  INFO 75568 --- [ool-10-thread-1] tourGuide.service.TourGuideService       : Track Location for user internalUser506
2022-10-02 23:13:02.772  INFO 75568 --- [ool-10-thread-1] tourGuide.service.TourGuideService       : Track Location for user internalUser748
2022-10-02 23:13:02.772  INFO 75568 --- [ool-10-thread-1] tourGuide.service.TourGuideService       : Track Location for user internalUser503
2022-10-02 23:13:02.772  INFO 75568 --- [ool-10-thread-1] tourGuide.service.TourGuideService       : Track Location for user internalUser745
2022-10-02 23:13:02.772  INFO 75568 --- [ool-10-thread-1] tourGuide.service.TourGuideService       : Track Location for user internalUser987
2022-10-02 23:13:02.773  INFO 75568 --- [ool-10-thread-1] tourGuide.service.TourGuideService       : Track Location for user internalUser504
2022-10-02 23:13:02.773  INFO 75568 --- [ool-10-thread-1] tourGuide.service.TourGuideService       : Track Location for user internalUser746
2022-10-02 23:13:02.773  INFO 75568 --- [ool-10-thread-1] tourGuide.service.TourGuideService       : Track Location for user internalUser988
2022-10-02 23:13:02.773  INFO 75568 --- [ool-10-thread-1] tourGuide.service.TourGuideService       : Track Location for user internalUser512
2022-10-02 23:13:02.773  INFO 75568 --- [ool-10-thread-1] tourGuide.service.TourGuideService       : Track Location for user internalUser754
2022-10-02 23:13:02.774  INFO 75568 --- [ool-10-thread-1] tourGuide.service.TourGuideService       : Track Location for user internalUser996
2022-10-02 23:13:02.774  INFO 75568 --- [ool-10-thread-1] tourGuide.service.TourGuideService       : Track Location for user internalUser513
2022-10-02 23:13:02.775  INFO 75568 --- [ool-10-thread-1] tourGuide.service.TourGuideService       : Track Location for user internalUser755
2022-10-02 23:13:02.775  INFO 75568 --- [ool-10-thread-1] tourGuide.service.TourGuideService       : Track Location for user internalUser997
2022-10-02 23:13:02.775  INFO 75568 --- [ool-10-thread-1] tourGuide.service.TourGuideService       : Track Location for user internalUser510
2022-10-02 23:13:02.775  INFO 75568 --- [ool-10-thread-1] tourGuide.service.TourGuideService       : Track Location for user internalUser752
2022-10-02 23:13:02.776  INFO 75568 --- [ool-10-thread-1] tourGuide.service.TourGuideService       : Track Location for user internalUser994
2022-10-02 23:13:02.776  INFO 75568 --- [ool-10-thread-1] tourGuide.service.TourGuideService       : Track Location for user internalUser511
2022-10-02 23:13:02.776  INFO 75568 --- [ool-10-thread-1] tourGuide.service.TourGuideService       : Track Location for user internalUser753
2022-10-02 23:13:02.776  INFO 75568 --- [ool-10-thread-1] tourGuide.service.TourGuideService       : Track Location for user internalUser995
2022-10-02 23:13:02.776  INFO 75568 --- [ool-10-thread-1] tourGuide.service.TourGuideService       : Track Location for user internalUser750
2022-10-02 23:13:02.776  INFO 75568 --- [ool-10-thread-1] tourGuide.service.TourGuideService       : Track Location for user internalUser992
2022-10-02 23:13:02.777  INFO 75568 --- [ool-10-thread-1] tourGuide.service.TourGuideService       : Track Location for user internalUser751
2022-10-02 23:13:02.777  INFO 75568 --- [ool-10-thread-1] tourGuide.service.TourGuideService       : Track Location for user internalUser993
2022-10-02 23:13:02.777  INFO 75568 --- [ool-10-thread-1] tourGuide.service.TourGuideService       : Track Location for user internalUser990
2022-10-02 23:13:02.777  INFO 75568 --- [ool-10-thread-1] tourGuide.service.TourGuideService       : Track Location for user internalUser991
2022-10-02 23:13:02.778  INFO 75568 --- [ool-10-thread-1] tourGuide.service.TourGuideService       : Track Location for user internalUser518
2022-10-02 23:13:02.778  INFO 75568 --- [ool-10-thread-1] tourGuide.service.TourGuideService       : Track Location for user internalUser519
2022-10-02 23:13:02.778  INFO 75568 --- [ool-10-thread-1] tourGuide.service.TourGuideService       : Track Location for user internalUser516
2022-10-02 23:13:02.778  INFO 75568 --- [ool-10-thread-1] tourGuide.service.TourGuideService       : Track Location for user internalUser758
2022-10-02 23:13:02.778  INFO 75568 --- [ool-10-thread-1] tourGuide.service.TourGuideService       : Track Location for user internalUser517
2022-10-02 23:13:02.778  INFO 75568 --- [ool-10-thread-1] tourGuide.service.TourGuideService       : Track Location for user internalUser759
2022-10-02 23:13:02.779  INFO 75568 --- [ool-10-thread-1] tourGuide.service.TourGuideService       : Track Location for user internalUser514
2022-10-02 23:13:02.779  INFO 75568 --- [ool-10-thread-1] tourGuide.service.TourGuideService       : Track Location for user internalUser756
2022-10-02 23:13:02.779  INFO 75568 --- [ool-10-thread-1] tourGuide.service.TourGuideService       : Track Location for user internalUser998
2022-10-02 23:13:02.779  INFO 75568 --- [ool-10-thread-1] tourGuide.service.TourGuideService       : Track Location for user internalUser515
2022-10-02 23:13:02.780  INFO 75568 --- [ool-10-thread-1] tourGuide.service.TourGuideService       : Track Location for user internalUser757
2022-10-02 23:13:02.780  INFO 75568 --- [ool-10-thread-1] tourGuide.service.TourGuideService       : Track Location for user internalUser999
2022-10-02 23:13:02.780  INFO 75568 --- [ool-10-thread-1] tourGuide.service.TourGuideService       : Track Location for user internalUser920
2022-10-02 23:13:02.780  INFO 75568 --- [ool-10-thread-1] tourGuide.service.TourGuideService       : Track Location for user internalUser927
2022-10-02 23:13:02.780  INFO 75568 --- [ool-10-thread-1] tourGuide.service.TourGuideService       : Track Location for user internalUser928
2022-10-02 23:13:02.781  INFO 75568 --- [ool-10-thread-1] tourGuide.service.TourGuideService       : Track Location for user internalUser925
2022-10-02 23:13:02.781  INFO 75568 --- [ool-10-thread-1] tourGuide.service.TourGuideService       : Track Location for user internalUser926
2022-10-02 23:13:02.781  INFO 75568 --- [ool-10-thread-1] tourGuide.service.TourGuideService       : Track Location for user internalUser923
2022-10-02 23:13:02.781  INFO 75568 --- [ool-10-thread-1] tourGuide.service.TourGuideService       : Track Location for user internalUser924
2022-10-02 23:13:02.782  INFO 75568 --- [ool-10-thread-1] tourGuide.service.TourGuideService       : Track Location for user internalUser921
2022-10-02 23:13:02.782  INFO 75568 --- [ool-10-thread-1] tourGuide.service.TourGuideService       : Track Location for user internalUser922
2022-10-02 23:13:02.782  INFO 75568 --- [ool-10-thread-1] tourGuide.service.TourGuideService       : Track Location for user internalUser929
2022-10-02 23:13:02.782  INFO 75568 --- [ool-10-thread-1] tourGuide.service.TourGuideService       : Track Location for user internalUser930
2022-10-02 23:13:02.783  INFO 75568 --- [ool-10-thread-1] tourGuide.service.TourGuideService       : Track Location for user internalUser931
2022-10-02 23:13:02.783  INFO 75568 --- [ool-10-thread-1] tourGuide.service.TourGuideService       : Track Location for user internalUser938
2022-10-02 23:13:02.783  INFO 75568 --- [ool-10-thread-1] tourGuide.service.TourGuideService       : Track Location for user internalUser939
2022-10-02 23:13:02.783  INFO 75568 --- [ool-10-thread-1] tourGuide.service.TourGuideService       : Track Location for user internalUser936
2022-10-02 23:13:02.783  INFO 75568 --- [ool-10-thread-1] tourGuide.service.TourGuideService       : Track Location for user internalUser937
2022-10-02 23:13:02.784  INFO 75568 --- [ool-10-thread-1] tourGuide.service.TourGuideService       : Track Location for user internalUser934
2022-10-02 23:13:02.784  INFO 75568 --- [ool-10-thread-1] tourGuide.service.TourGuideService       : Track Location for user internalUser935
2022-10-02 23:13:02.784  INFO 75568 --- [ool-10-thread-1] tourGuide.service.TourGuideService       : Track Location for user internalUser932
2022-10-02 23:13:02.784  INFO 75568 --- [ool-10-thread-1] tourGuide.service.TourGuideService       : Track Location for user internalUser933
2022-10-02 23:13:02.784  INFO 75568 --- [ool-10-thread-1] tourGuide.service.TourGuideService       : Track Location for user internalUser941
2022-10-02 23:13:02.785  INFO 75568 --- [ool-10-thread-1] tourGuide.service.TourGuideService       : Track Location for user internalUser700
2022-10-02 23:13:02.785  INFO 75568 --- [ool-10-thread-1] tourGuide.service.TourGuideService       : Track Location for user internalUser942
2022-10-02 23:13:02.785  INFO 75568 --- [ool-10-thread-1] tourGuide.service.TourGuideService       : Track Location for user internalUser940
2022-10-02 23:13:02.785  INFO 75568 --- [ool-10-thread-1] tourGuide.service.TourGuideService       : Track Location for user internalUser707
2022-10-02 23:13:02.785  INFO 75568 --- [ool-10-thread-1] tourGuide.service.TourGuideService       : Track Location for user internalUser949
2022-10-02 23:13:02.785  INFO 75568 --- [ool-10-thread-1] tourGuide.service.TourGuideService       : Track Location for user internalUser708
2022-10-02 23:13:02.786  INFO 75568 --- [ool-10-thread-1] tourGuide.service.TourGuideService       : Track Location for user internalUser705
2022-10-02 23:13:02.786  INFO 75568 --- [ool-10-thread-1] tourGuide.service.TourGuideService       : Track Location for user internalUser947
2022-10-02 23:13:02.786  INFO 75568 --- [ool-10-thread-1] tourGuide.service.TourGuideService       : Track Location for user internalUser706
2022-10-02 23:13:02.786  INFO 75568 --- [ool-10-thread-1] tourGuide.service.TourGuideService       : Track Location for user internalUser948
2022-10-02 23:13:02.786  INFO 75568 --- [ool-10-thread-1] tourGuide.service.TourGuideService       : Track Location for user internalUser703
2022-10-02 23:13:02.786  INFO 75568 --- [ool-10-thread-1] tourGuide.service.TourGuideService       : Track Location for user internalUser945
2022-10-02 23:13:02.786  INFO 75568 --- [ool-10-thread-1] tourGuide.service.TourGuideService       : Track Location for user internalUser704
2022-10-02 23:13:02.787  INFO 75568 --- [ool-10-thread-1] tourGuide.service.TourGuideService       : Track Location for user internalUser946
2022-10-02 23:13:02.787  INFO 75568 --- [ool-10-thread-1] tourGuide.service.TourGuideService       : Track Location for user internalUser701
2022-10-02 23:13:02.787  INFO 75568 --- [ool-10-thread-1] tourGuide.service.TourGuideService       : Track Location for user internalUser943
2022-10-02 23:13:02.787  INFO 75568 --- [ool-10-thread-1] tourGuide.service.TourGuideService       : Track Location for user internalUser702
2022-10-02 23:13:02.787  INFO 75568 --- [ool-10-thread-1] tourGuide.service.TourGuideService       : Track Location for user internalUser944
2022-10-02 23:13:02.787  INFO 75568 --- [ool-10-thread-1] tourGuide.service.TourGuideService       : Track Location for user internalUser709
2022-10-02 23:13:02.788  INFO 75568 --- [ool-10-thread-1] tourGuide.service.TourGuideService       : Track Location for user internalUser710
2022-10-02 23:13:02.788  INFO 75568 --- [ool-10-thread-1] tourGuide.service.TourGuideService       : Track Location for user internalUser952
2022-10-02 23:13:02.788  INFO 75568 --- [ool-10-thread-1] tourGuide.service.TourGuideService       : Track Location for user internalUser711
2022-10-02 23:13:02.788  INFO 75568 --- [ool-10-thread-1] tourGuide.service.TourGuideService       : Track Location for user internalUser953
2022-10-02 23:13:02.788  INFO 75568 --- [ool-10-thread-1] tourGuide.service.TourGuideService       : Track Location for user internalUser950
2022-10-02 23:13:02.789  INFO 75568 --- [ool-10-thread-1] tourGuide.service.TourGuideService       : Track Location for user internalUser951
2022-10-02 23:13:02.789  INFO 75568 --- [ool-10-thread-1] tourGuide.service.TourGuideService       : Track Location for user internalUser718
2022-10-02 23:13:02.789  INFO 75568 --- [ool-10-thread-1] tourGuide.service.TourGuideService       : Track Location for user internalUser719
2022-10-02 23:13:02.789  INFO 75568 --- [ool-10-thread-1] tourGuide.service.TourGuideService       : Track Location for user internalUser716
2022-10-02 23:13:02.789  INFO 75568 --- [ool-10-thread-1] tourGuide.service.TourGuideService       : Track Location for user internalUser958
2022-10-02 23:13:02.789  INFO 75568 --- [ool-10-thread-1] tourGuide.service.TourGuideService       : Track Location for user internalUser717
2022-10-02 23:13:02.790  INFO 75568 --- [ool-10-thread-1] tourGuide.service.TourGuideService       : Track Location for user internalUser959
2022-10-02 23:13:02.790  INFO 75568 --- [ool-10-thread-1] tourGuide.service.TourGuideService       : Track Location for user internalUser714
2022-10-02 23:13:02.790  INFO 75568 --- [ool-10-thread-1] tourGuide.service.TourGuideService       : Track Location for user internalUser956
2022-10-02 23:13:02.790  INFO 75568 --- [ool-10-thread-1] tourGuide.service.TourGuideService       : Track Location for user internalUser715
2022-10-02 23:13:02.790  INFO 75568 --- [ool-10-thread-1] tourGuide.service.TourGuideService       : Track Location for user internalUser957
2022-10-02 23:13:02.790  INFO 75568 --- [ool-10-thread-1] tourGuide.service.TourGuideService       : Track Location for user internalUser712
2022-10-02 23:13:02.791  INFO 75568 --- [ool-10-thread-1] tourGuide.service.TourGuideService       : Track Location for user internalUser954
2022-10-02 23:13:02.791  INFO 75568 --- [ool-10-thread-1] tourGuide.service.TourGuideService       : Track Location for user internalUser713
2022-10-02 23:13:02.791  INFO 75568 --- [ool-10-thread-1] tourGuide.service.TourGuideService       : Track Location for user internalUser955
2022-10-02 23:13:02.791  INFO 75568 --- [ool-10-thread-1] tourGuide.service.TourGuideService       : Track Location for user internalUser905
2022-10-02 23:13:02.791  INFO 75568 --- [ool-10-thread-1] tourGuide.service.TourGuideService       : Track Location for user internalUser906
2022-10-02 23:13:02.791  INFO 75568 --- [ool-10-thread-1] tourGuide.service.TourGuideService       : Track Location for user internalUser903
2022-10-02 23:13:02.791  INFO 75568 --- [ool-10-thread-1] tourGuide.service.TourGuideService       : Track Location for user internalUser904
2022-10-02 23:13:02.792  INFO 75568 --- [ool-10-thread-1] tourGuide.service.TourGuideService       : Track Location for user internalUser901
2022-10-02 23:13:02.792  INFO 75568 --- [ool-10-thread-1] tourGuide.service.TourGuideService       : Track Location for user internalUser902
2022-10-02 23:13:02.792  INFO 75568 --- [ool-10-thread-1] tourGuide.service.TourGuideService       : Track Location for user internalUser900
2022-10-02 23:13:02.792  INFO 75568 --- [ool-10-thread-1] tourGuide.service.TourGuideService       : Track Location for user internalUser909
2022-10-02 23:13:02.792  INFO 75568 --- [ool-10-thread-1] tourGuide.service.TourGuideService       : Track Location for user internalUser907
2022-10-02 23:13:02.792  INFO 75568 --- [ool-10-thread-1] tourGuide.service.TourGuideService       : Track Location for user internalUser908
2022-10-02 23:13:02.792  INFO 75568 --- [ool-10-thread-1] tourGuide.service.TourGuideService       : Track Location for user internalUser916
2022-10-02 23:13:02.793  INFO 75568 --- [ool-10-thread-1] tourGuide.service.TourGuideService       : Track Location for user internalUser917
2022-10-02 23:13:02.793  INFO 75568 --- [ool-10-thread-1] tourGuide.service.TourGuideService       : Track Location for user internalUser914
2022-10-02 23:13:02.793  INFO 75568 --- [ool-10-thread-1] tourGuide.service.TourGuideService       : Track Location for user internalUser915
2022-10-02 23:13:02.793  INFO 75568 --- [ool-10-thread-1] tourGuide.service.TourGuideService       : Track Location for user internalUser912
2022-10-02 23:13:02.794  INFO 75568 --- [ool-10-thread-1] tourGuide.service.TourGuideService       : Track Location for user internalUser913
2022-10-02 23:13:02.794  INFO 75568 --- [ool-10-thread-1] tourGuide.service.TourGuideService       : Track Location for user internalUser910
2022-10-02 23:13:02.794  INFO 75568 --- [ool-10-thread-1] tourGuide.service.TourGuideService       : Track Location for user internalUser911
2022-10-02 23:13:02.795  INFO 75568 --- [ool-10-thread-1] tourGuide.service.TourGuideService       : Track Location for user internalUser918
2022-10-02 23:13:02.795  INFO 75568 --- [ool-10-thread-1] tourGuide.service.TourGuideService       : Track Location for user internalUser919
2022-10-02 23:13:02.795 DEBUG 75568 --- [ool-10-thread-1] tourGuide.tracker.Tracker                : Tracker Time Elapsed: 0 seconds.
2022-10-02 23:13:02.795 DEBUG 75568 --- [ool-10-thread-1] tourGuide.tracker.Tracker                : Tracker sleeping
Calcul reward: 7958
highVolumeGetRewards: Time Elapsed: 11 seconds.
]]></system-out>
  <system-err><![CDATA[]]></system-err>
</testsuite>
