<?xml version="1.0" encoding="UTF-8"?>
<testsuite name="tourGuide.TestPerformance" tests="2" skipped="0" failures="0" errors="0" timestamp="2022-10-05T15:54:48" hostname="LAPTOP-07K44296" time="6.324">
  <properties/>
  <testcase name="highVolumeTrackLocation" classname="tourGuide.TestPerformance" time="2.102"/>
  <testcase name="highVolumeGetRewards" classname="tourGuide.TestPerformance" time="4.221"/>
  <system-out><![CDATA[17:54:45.175 [Test worker] DEBUG org.springframework.test.context.junit4.SpringJUnit4ClassRunner - SpringJUnit4ClassRunner constructor called with [class tourGuide.TestPerformance]
17:54:45.184 [Test worker] DEBUG org.springframework.test.context.BootstrapUtils - Instantiating CacheAwareContextLoaderDelegate from class [org.springframework.test.context.cache.DefaultCacheAwareContextLoaderDelegate]
17:54:45.198 [Test worker] DEBUG org.springframework.test.context.BootstrapUtils - Instantiating BootstrapContext using constructor [public org.springframework.test.context.support.DefaultBootstrapContext(java.lang.Class,org.springframework.test.context.CacheAwareContextLoaderDelegate)]
17:54:45.223 [Test worker] DEBUG org.springframework.test.context.BootstrapUtils - Instantiating TestContextBootstrapper for test class [tourGuide.TestPerformance] from class [org.springframework.boot.test.context.SpringBootTestContextBootstrapper]
17:54:45.238 [Test worker] INFO org.springframework.boot.test.context.SpringBootTestContextBootstrapper - Neither @ContextConfiguration nor @ContextHierarchy found for test class [tourGuide.TestPerformance], using SpringBootContextLoader
17:54:45.242 [Test worker] DEBUG org.springframework.test.context.support.AbstractContextLoader - Did not detect default resource location for test class [tourGuide.TestPerformance]: class path resource [tourGuide/TestPerformance-context.xml] does not exist
17:54:45.243 [Test worker] DEBUG org.springframework.test.context.support.AbstractContextLoader - Did not detect default resource location for test class [tourGuide.TestPerformance]: class path resource [tourGuide/TestPerformanceContext.groovy] does not exist
17:54:45.243 [Test worker] INFO org.springframework.test.context.support.AbstractContextLoader - Could not detect default resource locations for test class [tourGuide.TestPerformance]: no resource found for suffixes {-context.xml, Context.groovy}.
17:54:45.244 [Test worker] INFO org.springframework.test.context.support.AnnotationConfigContextLoaderUtils - Could not detect default configuration classes for test class [tourGuide.TestPerformance]: TestPerformance does not declare any static, non-private, non-final, nested classes annotated with @Configuration.
17:54:45.292 [Test worker] DEBUG org.springframework.test.context.support.ActiveProfilesUtils - Could not find an 'annotation declaring class' for annotation type [org.springframework.test.context.ActiveProfiles] and class [tourGuide.TestPerformance]
17:54:45.385 [Test worker] DEBUG org.springframework.context.annotation.ClassPathScanningCandidateComponentProvider - Identified candidate component class: file [C:\Users\ooBri\3D Objects\#Openclassroom\Projet\OC-JAVA-P8\TourGuide\build\classes\java\main\tourGuide\Application.class]
17:54:45.399 [Test worker] INFO org.springframework.boot.test.context.SpringBootTestContextBootstrapper - Found @SpringBootConfiguration tourGuide.Application for test class tourGuide.TestPerformance
17:54:45.530 [Test worker] DEBUG org.springframework.boot.test.context.SpringBootTestContextBootstrapper - @TestExecutionListeners is not present for class [tourGuide.TestPerformance]: using defaults.
17:54:45.531 [Test worker] INFO org.springframework.boot.test.context.SpringBootTestContextBootstrapper - Loaded default TestExecutionListener class names from location [META-INF/spring.factories]: [org.springframework.boot.test.autoconfigure.restdocs.RestDocsTestExecutionListener, org.springframework.boot.test.autoconfigure.web.client.MockRestServiceServerResetTestExecutionListener, org.springframework.boot.test.autoconfigure.web.servlet.MockMvcPrintOnlyOnFailureTestExecutionListener, org.springframework.boot.test.autoconfigure.web.servlet.WebDriverTestExecutionListener, org.springframework.boot.test.mock.mockito.MockitoTestExecutionListener, org.springframework.boot.test.mock.mockito.ResetMocksTestExecutionListener, org.springframework.test.context.web.ServletTestExecutionListener, org.springframework.test.context.support.DirtiesContextBeforeModesTestExecutionListener, org.springframework.test.context.support.DependencyInjectionTestExecutionListener, org.springframework.test.context.support.DirtiesContextTestExecutionListener, org.springframework.test.context.transaction.TransactionalTestExecutionListener, org.springframework.test.context.jdbc.SqlScriptsTestExecutionListener]
17:54:45.545 [Test worker] DEBUG org.springframework.boot.test.context.SpringBootTestContextBootstrapper - Skipping candidate TestExecutionListener [org.springframework.test.context.transaction.TransactionalTestExecutionListener] due to a missing dependency. Specify custom listener classes or make the default listener classes and their required dependencies available. Offending class: [org/springframework/transaction/interceptor/TransactionAttributeSource]
17:54:45.545 [Test worker] DEBUG org.springframework.boot.test.context.SpringBootTestContextBootstrapper - Skipping candidate TestExecutionListener [org.springframework.test.context.jdbc.SqlScriptsTestExecutionListener] due to a missing dependency. Specify custom listener classes or make the default listener classes and their required dependencies available. Offending class: [org/springframework/transaction/interceptor/TransactionAttribute]
17:54:45.546 [Test worker] INFO org.springframework.boot.test.context.SpringBootTestContextBootstrapper - Using TestExecutionListeners: [org.springframework.test.context.web.ServletTestExecutionListener@10ea50, org.springframework.test.context.support.DirtiesContextBeforeModesTestExecutionListener@2dec42b9, org.springframework.boot.test.mock.mockito.MockitoTestExecutionListener@5f406e08, org.springframework.boot.test.autoconfigure.SpringBootDependencyInjectionTestExecutionListener@1771d28, org.springframework.test.context.support.DirtiesContextTestExecutionListener@632253c, org.springframework.boot.test.autoconfigure.restdocs.RestDocsTestExecutionListener@490446c9, org.springframework.boot.test.autoconfigure.web.client.MockRestServiceServerResetTestExecutionListener@156851cf, org.springframework.boot.test.autoconfigure.web.servlet.MockMvcPrintOnlyOnFailureTestExecutionListener@2ccf9017, org.springframework.boot.test.autoconfigure.web.servlet.WebDriverTestExecutionListener@3bc34b77, org.springframework.boot.test.mock.mockito.ResetMocksTestExecutionListener@509a70c8]
17:54:45.550 [Test worker] DEBUG org.springframework.test.annotation.ProfileValueUtils - Retrieved @ProfileValueSourceConfiguration [null] for test class [tourGuide.TestPerformance]
17:54:45.550 [Test worker] DEBUG org.springframework.test.annotation.ProfileValueUtils - Retrieved ProfileValueSource type [class org.springframework.test.annotation.SystemProfileValueSource] for class [tourGuide.TestPerformance]
17:54:45.551 [Test worker] DEBUG org.springframework.test.annotation.ProfileValueUtils - Retrieved @ProfileValueSourceConfiguration [null] for test class [tourGuide.TestPerformance]
17:54:45.551 [Test worker] DEBUG org.springframework.test.annotation.ProfileValueUtils - Retrieved ProfileValueSource type [class org.springframework.test.annotation.SystemProfileValueSource] for class [tourGuide.TestPerformance]
17:54:45.557 [Test worker] DEBUG org.springframework.test.context.support.AbstractDirtiesContextTestExecutionListener - Before test class: context [DefaultTestContext@6cd01293 testClass = TestPerformance, testInstance = [null], testMethod = [null], testException = [null], mergedContextConfiguration = [WebMergedContextConfiguration@34dd931c testClass = TestPerformance, locations = '{}', classes = '{class tourGuide.Application}', contextInitializerClasses = '[]', activeProfiles = '{}', propertySourceLocations = '{}', propertySourceProperties = '{org.springframework.boot.test.context.SpringBootTestContextBootstrapper=true}', contextCustomizers = set[org.springframework.boot.test.autoconfigure.properties.PropertyMappingContextCustomizer@0, org.springframework.boot.test.autoconfigure.web.servlet.WebDriverContextCustomizerFactory$Customizer@64dd6952, org.springframework.boot.test.context.filter.ExcludeFilterContextCustomizer@53b950a, org.springframework.boot.test.json.DuplicateJsonObjectContextCustomizerFactory$DuplicateJsonObjectContextCustomizer@3830a947, org.springframework.boot.test.mock.mockito.MockitoContextCustomizer@0, org.springframework.boot.test.web.client.TestRestTemplateContextCustomizer@6922e8da], resourceBasePath = 'src/main/webapp', contextLoader = 'org.springframework.boot.test.context.SpringBootContextLoader', parent = [null]], attributes = map['org.springframework.test.context.web.ServletTestExecutionListener.activateListener' -> true]], class annotated with @DirtiesContext [false] with mode [null].
17:54:45.558 [Test worker] DEBUG org.springframework.test.annotation.ProfileValueUtils - Retrieved @ProfileValueSourceConfiguration [null] for test class [tourGuide.TestPerformance]
17:54:45.558 [Test worker] DEBUG org.springframework.test.annotation.ProfileValueUtils - Retrieved ProfileValueSource type [class org.springframework.test.annotation.SystemProfileValueSource] for class [tourGuide.TestPerformance]
17:54:45.588 [Test worker] DEBUG org.springframework.test.context.support.TestPropertySourceUtils - Adding inlined properties to environment: {spring.jmx.enabled=false, org.springframework.boot.test.context.SpringBootTestContextBootstrapper=true, server.port=-1}

  .   ____          _            __ _ _
 /\\ / ___'_ __ _ _(_)_ __  __ _ \ \ \ \
( ( )\___ | '_ | '_| | '_ \/ _` | \ \ \ \
 \\/  ___)| |_)| | | | | || (_| |  ) ) ) )
  '  |____| .__|_| |_|_| |_\__, | / / / /
 =========|_|==============|___/=/_/_/_/
 :: Spring Boot ::        (v2.1.6.RELEASE)

2022-10-05 17:54:45.884  INFO 110320 --- [    Test worker] tourGuide.TestPerformance                : Starting TestPerformance on LAPTOP-07K44296 with PID 110320 (started by ooBri in C:\Users\ooBri\3D Objects\#Openclassroom\Projet\OC-JAVA-P8\TourGuide)
2022-10-05 17:54:45.885 DEBUG 110320 --- [    Test worker] tourGuide.TestPerformance                : Running with Spring Boot v2.1.6.RELEASE, Spring v5.1.8.RELEASE
2022-10-05 17:54:45.885  INFO 110320 --- [    Test worker] tourGuide.TestPerformance                : No active profile set, falling back to default profiles: default
2022-10-05 17:54:46.863  INFO 110320 --- [    Test worker] tourGuide.service.TourGuideService       : TestMode enabled
2022-10-05 17:54:46.863 DEBUG 110320 --- [    Test worker] tourGuide.service.TourGuideService       : Initializing users
2022-10-05 17:54:46.884  INFO 110320 --- [    Test worker] o.j.m.DefaultMonetaryContextFactory      : Using custom MathContext: precision=256, roundingMode=HALF_EVEN
2022-10-05 17:54:46.903 DEBUG 110320 --- [    Test worker] tourGuide.service.TourGuideService       : Created 100 internal test users.
2022-10-05 17:54:46.903 DEBUG 110320 --- [    Test worker] tourGuide.service.TourGuideService       : Finished initializing users
2022-10-05 17:54:46.907 DEBUG 110320 --- [pool-3-thread-1] tourGuide.tracker.Tracker                : Begin Tracker. Tracking 100 users.
2022-10-05 17:54:46.907  INFO 110320 --- [pool-3-thread-1] tourGuide.service.TourGuideService       : Track Location for user internalUser78
2022-10-05 17:54:46.912  INFO 110320 --- [pool-3-thread-1] tourGuide.service.TourGuideService       : Track Location for user internalUser77
2022-10-05 17:54:46.912  INFO 110320 --- [pool-3-thread-1] tourGuide.service.TourGuideService       : Track Location for user internalUser79
2022-10-05 17:54:46.912  INFO 110320 --- [pool-3-thread-1] tourGuide.service.TourGuideService       : Track Location for user internalUser74
2022-10-05 17:54:46.912  INFO 110320 --- [pool-3-thread-1] tourGuide.service.TourGuideService       : Track Location for user internalUser73
2022-10-05 17:54:46.913  INFO 110320 --- [pool-3-thread-1] tourGuide.service.TourGuideService       : Track Location for user internalUser76
2022-10-05 17:54:46.913  INFO 110320 --- [pool-3-thread-1] tourGuide.service.TourGuideService       : Track Location for user internalUser75
2022-10-05 17:54:46.913  INFO 110320 --- [pool-3-thread-1] tourGuide.service.TourGuideService       : Track Location for user internalUser70
2022-10-05 17:54:46.913  INFO 110320 --- [pool-3-thread-1] tourGuide.service.TourGuideService       : Track Location for user internalUser72
2022-10-05 17:54:46.913  INFO 110320 --- [pool-3-thread-1] tourGuide.service.TourGuideService       : Track Location for user internalUser71
2022-10-05 17:54:46.913  INFO 110320 --- [pool-3-thread-1] tourGuide.service.TourGuideService       : Track Location for user internalUser90
2022-10-05 17:54:46.914  INFO 110320 --- [pool-3-thread-1] tourGuide.service.TourGuideService       : Track Location for user internalUser89
2022-10-05 17:54:46.914  INFO 110320 --- [pool-3-thread-1] tourGuide.service.TourGuideService       : Track Location for user internalUser88
2022-10-05 17:54:46.914  INFO 110320 --- [pool-3-thread-1] tourGuide.service.TourGuideService       : Track Location for user internalUser85
2022-10-05 17:54:46.914  INFO 110320 --- [pool-3-thread-1] tourGuide.service.TourGuideService       : Track Location for user internalUser84
2022-10-05 17:54:46.914  INFO 110320 --- [pool-3-thread-1] tourGuide.service.TourGuideService       : Track Location for user internalUser87
2022-10-05 17:54:46.915  INFO 110320 --- [pool-3-thread-1] tourGuide.service.TourGuideService       : Track Location for user internalUser86
2022-10-05 17:54:46.915  INFO 110320 --- [pool-3-thread-1] tourGuide.service.TourGuideService       : Track Location for user internalUser81
2022-10-05 17:54:46.915  INFO 110320 --- [pool-3-thread-1] tourGuide.service.TourGuideService       : Track Location for user internalUser80
2022-10-05 17:54:46.915  INFO 110320 --- [pool-3-thread-1] tourGuide.service.TourGuideService       : Track Location for user internalUser83
2022-10-05 17:54:46.915  INFO 110320 --- [pool-3-thread-1] tourGuide.service.TourGuideService       : Track Location for user internalUser82
2022-10-05 17:54:46.915  INFO 110320 --- [pool-3-thread-1] tourGuide.service.TourGuideService       : Track Location for user internalUser9
2022-10-05 17:54:46.916  INFO 110320 --- [pool-3-thread-1] tourGuide.service.TourGuideService       : Track Location for user internalUser8
2022-10-05 17:54:46.916  INFO 110320 --- [pool-3-thread-1] tourGuide.service.TourGuideService       : Track Location for user internalUser19
2022-10-05 17:54:46.916  INFO 110320 --- [pool-3-thread-1] tourGuide.service.TourGuideService       : Track Location for user internalUser16
2022-10-05 17:54:46.916  INFO 110320 --- [pool-3-thread-1] tourGuide.service.TourGuideService       : Track Location for user internalUser15
2022-10-05 17:54:46.916  INFO 110320 --- [pool-3-thread-1] tourGuide.service.TourGuideService       : Track Location for user internalUser18
2022-10-05 17:54:46.916  INFO 110320 --- [pool-3-thread-1] tourGuide.service.TourGuideService       : Track Location for user internalUser17
2022-10-05 17:54:46.917  INFO 110320 --- [pool-3-thread-1] tourGuide.service.TourGuideService       : Track Location for user internalUser12
2022-10-05 17:54:46.917  INFO 110320 --- [pool-3-thread-1] tourGuide.service.TourGuideService       : Track Location for user internalUser11
2022-10-05 17:54:46.917  INFO 110320 --- [pool-3-thread-1] tourGuide.service.TourGuideService       : Track Location for user internalUser99
2022-10-05 17:54:46.917  INFO 110320 --- [pool-3-thread-1] tourGuide.service.TourGuideService       : Track Location for user internalUser14
2022-10-05 17:54:46.917  INFO 110320 --- [pool-3-thread-1] tourGuide.service.TourGuideService       : Track Location for user internalUser13
2022-10-05 17:54:46.917  INFO 110320 --- [pool-3-thread-1] tourGuide.service.TourGuideService       : Track Location for user internalUser3
2022-10-05 17:54:46.918  INFO 110320 --- [pool-3-thread-1] tourGuide.service.TourGuideService       : Track Location for user internalUser96
2022-10-05 17:54:46.918  INFO 110320 --- [pool-3-thread-1] tourGuide.service.TourGuideService       : Track Location for user internalUser2
2022-10-05 17:54:46.918  INFO 110320 --- [pool-3-thread-1] tourGuide.service.TourGuideService       : Track Location for user internalUser95
2022-10-05 17:54:46.918  INFO 110320 --- [pool-3-thread-1] tourGuide.service.TourGuideService       : Track Location for user internalUser1
2022-10-05 17:54:46.918  INFO 110320 --- [pool-3-thread-1] tourGuide.service.TourGuideService       : Track Location for user internalUser10
2022-10-05 17:54:46.918  INFO 110320 --- [pool-3-thread-1] tourGuide.service.TourGuideService       : Track Location for user internalUser98
2022-10-05 17:54:46.918  INFO 110320 --- [pool-3-thread-1] tourGuide.service.TourGuideService       : Track Location for user internalUser0
2022-10-05 17:54:46.919  INFO 110320 --- [pool-3-thread-1] tourGuide.service.TourGuideService       : Track Location for user internalUser97
2022-10-05 17:54:46.919  INFO 110320 --- [pool-3-thread-1] tourGuide.service.TourGuideService       : Track Location for user internalUser7
2022-10-05 17:54:46.919  INFO 110320 --- [pool-3-thread-1] tourGuide.service.TourGuideService       : Track Location for user internalUser92
2022-10-05 17:54:46.919  INFO 110320 --- [pool-3-thread-1] tourGuide.service.TourGuideService       : Track Location for user internalUser6
2022-10-05 17:54:46.919  INFO 110320 --- [pool-3-thread-1] tourGuide.service.TourGuideService       : Track Location for user internalUser91
2022-10-05 17:54:46.920  INFO 110320 --- [pool-3-thread-1] tourGuide.service.TourGuideService       : Track Location for user internalUser5
2022-10-05 17:54:46.920  INFO 110320 --- [pool-3-thread-1] tourGuide.service.TourGuideService       : Track Location for user internalUser94
2022-10-05 17:54:46.920  INFO 110320 --- [pool-3-thread-1] tourGuide.service.TourGuideService       : Track Location for user internalUser4
2022-10-05 17:54:46.920  INFO 110320 --- [pool-3-thread-1] tourGuide.service.TourGuideService       : Track Location for user internalUser93
2022-10-05 17:54:46.920  INFO 110320 --- [pool-3-thread-1] tourGuide.service.TourGuideService       : Track Location for user internalUser27
2022-10-05 17:54:46.920  INFO 110320 --- [pool-3-thread-1] tourGuide.service.TourGuideService       : Track Location for user internalUser26
2022-10-05 17:54:46.921  INFO 110320 --- [pool-3-thread-1] tourGuide.service.TourGuideService       : Track Location for user internalUser29
2022-10-05 17:54:46.921  INFO 110320 --- [pool-3-thread-1] tourGuide.service.TourGuideService       : Track Location for user internalUser28
2022-10-05 17:54:46.921  INFO 110320 --- [pool-3-thread-1] tourGuide.service.TourGuideService       : Track Location for user internalUser23
2022-10-05 17:54:46.921  INFO 110320 --- [pool-3-thread-1] tourGuide.service.TourGuideService       : Track Location for user internalUser22
2022-10-05 17:54:46.921  INFO 110320 --- [pool-3-thread-1] tourGuide.service.TourGuideService       : Track Location for user internalUser25
2022-10-05 17:54:46.922  INFO 110320 --- [pool-3-thread-1] tourGuide.service.TourGuideService       : Track Location for user internalUser24
2022-10-05 17:54:46.922  INFO 110320 --- [pool-3-thread-1] tourGuide.service.TourGuideService       : Track Location for user internalUser21
2022-10-05 17:54:46.922  INFO 110320 --- [pool-3-thread-1] tourGuide.service.TourGuideService       : Track Location for user internalUser20
2022-10-05 17:54:46.923  INFO 110320 --- [pool-3-thread-1] tourGuide.service.TourGuideService       : Track Location for user internalUser38
2022-10-05 17:54:46.923  INFO 110320 --- [pool-3-thread-1] tourGuide.service.TourGuideService       : Track Location for user internalUser37
2022-10-05 17:54:46.923  INFO 110320 --- [pool-3-thread-1] tourGuide.service.TourGuideService       : Track Location for user internalUser39
2022-10-05 17:54:46.923  INFO 110320 --- [pool-3-thread-1] tourGuide.service.TourGuideService       : Track Location for user internalUser34
2022-10-05 17:54:46.923  INFO 110320 --- [pool-3-thread-1] tourGuide.service.TourGuideService       : Track Location for user internalUser33
2022-10-05 17:54:46.923  INFO 110320 --- [pool-3-thread-1] tourGuide.service.TourGuideService       : Track Location for user internalUser36
2022-10-05 17:54:46.924  INFO 110320 --- [pool-3-thread-1] tourGuide.service.TourGuideService       : Track Location for user internalUser35
2022-10-05 17:54:46.924  INFO 110320 --- [pool-3-thread-1] tourGuide.service.TourGuideService       : Track Location for user internalUser30
2022-10-05 17:54:46.924  INFO 110320 --- [pool-3-thread-1] tourGuide.service.TourGuideService       : Track Location for user internalUser32
2022-10-05 17:54:46.924  INFO 110320 --- [pool-3-thread-1] tourGuide.service.TourGuideService       : Track Location for user internalUser31
2022-10-05 17:54:46.924  INFO 110320 --- [pool-3-thread-1] tourGuide.service.TourGuideService       : Track Location for user internalUser49
2022-10-05 17:54:46.924  INFO 110320 --- [pool-3-thread-1] tourGuide.service.TourGuideService       : Track Location for user internalUser48
2022-10-05 17:54:46.924  INFO 110320 --- [pool-3-thread-1] tourGuide.service.TourGuideService       : Track Location for user internalUser45
2022-10-05 17:54:46.925  INFO 110320 --- [pool-3-thread-1] tourGuide.service.TourGuideService       : Track Location for user internalUser44
2022-10-05 17:54:46.925  INFO 110320 --- [pool-3-thread-1] tourGuide.service.TourGuideService       : Track Location for user internalUser47
2022-10-05 17:54:46.925  INFO 110320 --- [pool-3-thread-1] tourGuide.service.TourGuideService       : Track Location for user internalUser46
2022-10-05 17:54:46.925  INFO 110320 --- [pool-3-thread-1] tourGuide.service.TourGuideService       : Track Location for user internalUser41
2022-10-05 17:54:46.925  INFO 110320 --- [pool-3-thread-1] tourGuide.service.TourGuideService       : Track Location for user internalUser40
2022-10-05 17:54:46.926  INFO 110320 --- [pool-3-thread-1] tourGuide.service.TourGuideService       : Track Location for user internalUser43
2022-10-05 17:54:46.926  INFO 110320 --- [pool-3-thread-1] tourGuide.service.TourGuideService       : Track Location for user internalUser42
2022-10-05 17:54:46.926  INFO 110320 --- [pool-3-thread-1] tourGuide.service.TourGuideService       : Track Location for user internalUser59
2022-10-05 17:54:46.935  INFO 110320 --- [pool-3-thread-1] tourGuide.service.TourGuideService       : Track Location for user internalUser56
2022-10-05 17:54:46.936  INFO 110320 --- [pool-3-thread-1] tourGuide.service.TourGuideService       : Track Location for user internalUser55
2022-10-05 17:54:46.937  INFO 110320 --- [pool-3-thread-1] tourGuide.service.TourGuideService       : Track Location for user internalUser58
2022-10-05 17:54:46.937  INFO 110320 --- [pool-3-thread-1] tourGuide.service.TourGuideService       : Track Location for user internalUser57
2022-10-05 17:54:46.937  INFO 110320 --- [pool-3-thread-1] tourGuide.service.TourGuideService       : Track Location for user internalUser52
2022-10-05 17:54:46.937  INFO 110320 --- [pool-3-thread-1] tourGuide.service.TourGuideService       : Track Location for user internalUser51
2022-10-05 17:54:46.937  INFO 110320 --- [pool-3-thread-1] tourGuide.service.TourGuideService       : Track Location for user internalUser54
2022-10-05 17:54:46.937  INFO 110320 --- [pool-3-thread-1] tourGuide.service.TourGuideService       : Track Location for user internalUser53
2022-10-05 17:54:46.938  INFO 110320 --- [pool-3-thread-1] tourGuide.service.TourGuideService       : Track Location for user internalUser50
2022-10-05 17:54:46.938  INFO 110320 --- [pool-3-thread-1] tourGuide.service.TourGuideService       : Track Location for user internalUser67
2022-10-05 17:54:46.938  INFO 110320 --- [pool-3-thread-1] tourGuide.service.TourGuideService       : Track Location for user internalUser66
2022-10-05 17:54:46.938  INFO 110320 --- [pool-3-thread-1] tourGuide.service.TourGuideService       : Track Location for user internalUser69
2022-10-05 17:54:46.938  INFO 110320 --- [pool-3-thread-1] tourGuide.service.TourGuideService       : Track Location for user internalUser68
2022-10-05 17:54:46.938  INFO 110320 --- [pool-3-thread-1] tourGuide.service.TourGuideService       : Track Location for user internalUser63
2022-10-05 17:54:46.938  INFO 110320 --- [pool-3-thread-1] tourGuide.service.TourGuideService       : Track Location for user internalUser62
2022-10-05 17:54:46.939  INFO 110320 --- [pool-3-thread-1] tourGuide.service.TourGuideService       : Track Location for user internalUser65
2022-10-05 17:54:46.939  INFO 110320 --- [pool-3-thread-1] tourGuide.service.TourGuideService       : Track Location for user internalUser64
2022-10-05 17:54:46.939  INFO 110320 --- [pool-3-thread-1] tourGuide.service.TourGuideService       : Track Location for user internalUser61
2022-10-05 17:54:46.939  INFO 110320 --- [pool-3-thread-1] tourGuide.service.TourGuideService       : Track Location for user internalUser60
2022-10-05 17:54:46.939 DEBUG 110320 --- [pool-3-thread-1] tourGuide.tracker.Tracker                : Tracker Time Elapsed: 0 seconds.
2022-10-05 17:54:46.939 DEBUG 110320 --- [pool-3-thread-1] tourGuide.tracker.Tracker                : Tracker sleeping
2022-10-05 17:54:47.413  INFO 110320 --- [    Test worker] o.s.s.concurrent.ThreadPoolTaskExecutor  : Initializing ExecutorService 'applicationTaskExecutor'
2022-10-05 17:54:48.053  INFO 110320 --- [    Test worker] o.s.b.a.e.web.EndpointLinksResolver      : Exposing 2 endpoint(s) beneath base path '/actuator'
2022-10-05 17:54:48.102  INFO 110320 --- [    Test worker] tourGuide.TestPerformance                : Started TestPerformance in 2.498 seconds (JVM running for 3.693)
2022-10-05 17:54:48.406  INFO 110320 --- [    Test worker] tourGuide.service.TourGuideService       : TestMode enabled
2022-10-05 17:54:48.406 DEBUG 110320 --- [    Test worker] tourGuide.service.TourGuideService       : Initializing users
2022-10-05 17:54:48.427 DEBUG 110320 --- [    Test worker] tourGuide.service.TourGuideService       : Created 1000 internal test users.
2022-10-05 17:54:48.427 DEBUG 110320 --- [    Test worker] tourGuide.service.TourGuideService       : Finished initializing users
2022-10-05 17:54:48.427  INFO 110320 --- [    Test worker] tourGuide.service.TourGuideService       : Track Location for user internalUser163
2022-10-05 17:54:48.427 DEBUG 110320 --- [pool-7-thread-1] tourGuide.tracker.Tracker                : Begin Tracker. Tracking 1000 users.
2022-10-05 17:54:48.428  INFO 110320 --- [pool-7-thread-1] tourGuide.service.TourGuideService       : Track Location for user internalUser163
2022-10-05 17:54:48.428  INFO 110320 --- [    Test worker] tourGuide.service.TourGuideService       : Track Location for user internalUser164
2022-10-05 17:54:48.428  INFO 110320 --- [pool-7-thread-1] tourGuide.service.TourGuideService       : Track Location for user internalUser164
2022-10-05 17:54:48.428  INFO 110320 --- [    Test worker] tourGuide.service.TourGuideService       : Track Location for user internalUser161
2022-10-05 17:54:48.428  INFO 110320 --- [pool-7-thread-1] tourGuide.service.TourGuideService       : Track Location for user internalUser161
2022-10-05 17:54:48.428  INFO 110320 --- [    Test worker] tourGuide.service.TourGuideService       : Track Location for user internalUser162
2022-10-05 17:54:48.428  INFO 110320 --- [pool-7-thread-1] tourGuide.service.TourGuideService       : Track Location for user internalUser162
2022-10-05 17:54:48.428  INFO 110320 --- [    Test worker] tourGuide.service.TourGuideService       : Track Location for user internalUser160
2022-10-05 17:54:48.428  INFO 110320 --- [pool-7-thread-1] tourGuide.service.TourGuideService       : Track Location for user internalUser160
2022-10-05 17:54:48.428  INFO 110320 --- [    Test worker] tourGuide.service.TourGuideService       : Track Location for user internalUser169
2022-10-05 17:54:48.428  INFO 110320 --- [pool-7-thread-1] tourGuide.service.TourGuideService       : Track Location for user internalUser169
2022-10-05 17:54:48.429  INFO 110320 --- [    Test worker] tourGuide.service.TourGuideService       : Track Location for user internalUser167
2022-10-05 17:54:48.429  INFO 110320 --- [pool-7-thread-1] tourGuide.service.TourGuideService       : Track Location for user internalUser167
2022-10-05 17:54:48.429  INFO 110320 --- [    Test worker] tourGuide.service.TourGuideService       : Track Location for user internalUser168
2022-10-05 17:54:48.429  INFO 110320 --- [pool-7-thread-1] tourGuide.service.TourGuideService       : Track Location for user internalUser168
2022-10-05 17:54:48.429  INFO 110320 --- [    Test worker] tourGuide.service.TourGuideService       : Track Location for user internalUser165
2022-10-05 17:54:48.429  INFO 110320 --- [pool-7-thread-1] tourGuide.service.TourGuideService       : Track Location for user internalUser165
2022-10-05 17:54:48.429  INFO 110320 --- [    Test worker] tourGuide.service.TourGuideService       : Track Location for user internalUser166
2022-10-05 17:54:48.429  INFO 110320 --- [pool-7-thread-1] tourGuide.service.TourGuideService       : Track Location for user internalUser166
2022-10-05 17:54:48.429  INFO 110320 --- [    Test worker] tourGuide.service.TourGuideService       : Track Location for user internalUser174
2022-10-05 17:54:48.429  INFO 110320 --- [pool-7-thread-1] tourGuide.service.TourGuideService       : Track Location for user internalUser174
2022-10-05 17:54:48.429  INFO 110320 --- [    Test worker] tourGuide.service.TourGuideService       : Track Location for user internalUser175
2022-10-05 17:54:48.429  INFO 110320 --- [pool-7-thread-1] tourGuide.service.TourGuideService       : Track Location for user internalUser175
2022-10-05 17:54:48.429  INFO 110320 --- [    Test worker] tourGuide.service.TourGuideService       : Track Location for user internalUser172
2022-10-05 17:54:48.430  INFO 110320 --- [pool-7-thread-1] tourGuide.service.TourGuideService       : Track Location for user internalUser172
2022-10-05 17:54:48.430  INFO 110320 --- [    Test worker] tourGuide.service.TourGuideService       : Track Location for user internalUser173
2022-10-05 17:54:48.430  INFO 110320 --- [pool-7-thread-1] tourGuide.service.TourGuideService       : Track Location for user internalUser173
2022-10-05 17:54:48.430  INFO 110320 --- [    Test worker] tourGuide.service.TourGuideService       : Track Location for user internalUser170
2022-10-05 17:54:48.430  INFO 110320 --- [pool-7-thread-1] tourGuide.service.TourGuideService       : Track Location for user internalUser170
2022-10-05 17:54:48.430  INFO 110320 --- [    Test worker] tourGuide.service.TourGuideService       : Track Location for user internalUser171
2022-10-05 17:54:48.430  INFO 110320 --- [pool-7-thread-1] tourGuide.service.TourGuideService       : Track Location for user internalUser171
2022-10-05 17:54:48.430  INFO 110320 --- [    Test worker] tourGuide.service.TourGuideService       : Track Location for user internalUser178
2022-10-05 17:54:48.430  INFO 110320 --- [pool-7-thread-1] tourGuide.service.TourGuideService       : Track Location for user internalUser178
2022-10-05 17:54:48.430  INFO 110320 --- [    Test worker] tourGuide.service.TourGuideService       : Track Location for user internalUser179
2022-10-05 17:54:48.430  INFO 110320 --- [pool-7-thread-1] tourGuide.service.TourGuideService       : Track Location for user internalUser179
2022-10-05 17:54:48.430  INFO 110320 --- [    Test worker] tourGuide.service.TourGuideService       : Track Location for user internalUser176
2022-10-05 17:54:48.430  INFO 110320 --- [pool-7-thread-1] tourGuide.service.TourGuideService       : Track Location for user internalUser176
2022-10-05 17:54:48.431  INFO 110320 --- [    Test worker] tourGuide.service.TourGuideService       : Track Location for user internalUser177
2022-10-05 17:54:48.431  INFO 110320 --- [pool-7-thread-1] tourGuide.service.TourGuideService       : Track Location for user internalUser177
2022-10-05 17:54:48.431  INFO 110320 --- [    Test worker] tourGuide.service.TourGuideService       : Track Location for user internalUser185
2022-10-05 17:54:48.431  INFO 110320 --- [pool-7-thread-1] tourGuide.service.TourGuideService       : Track Location for user internalUser185
2022-10-05 17:54:48.431  INFO 110320 --- [    Test worker] tourGuide.service.TourGuideService       : Track Location for user internalUser186
2022-10-05 17:54:48.431  INFO 110320 --- [pool-7-thread-1] tourGuide.service.TourGuideService       : Track Location for user internalUser186
2022-10-05 17:54:48.431  INFO 110320 --- [    Test worker] tourGuide.service.TourGuideService       : Track Location for user internalUser183
2022-10-05 17:54:48.431  INFO 110320 --- [pool-7-thread-1] tourGuide.service.TourGuideService       : Track Location for user internalUser183
2022-10-05 17:54:48.432  INFO 110320 --- [    Test worker] tourGuide.service.TourGuideService       : Track Location for user internalUser184
2022-10-05 17:54:48.432  INFO 110320 --- [pool-7-thread-1] tourGuide.service.TourGuideService       : Track Location for user internalUser184
2022-10-05 17:54:48.432  INFO 110320 --- [    Test worker] tourGuide.service.TourGuideService       : Track Location for user internalUser181
2022-10-05 17:54:48.432  INFO 110320 --- [pool-7-thread-1] tourGuide.service.TourGuideService       : Track Location for user internalUser181
2022-10-05 17:54:48.432  INFO 110320 --- [    Test worker] tourGuide.service.TourGuideService       : Track Location for user internalUser182
2022-10-05 17:54:48.432  INFO 110320 --- [pool-7-thread-1] tourGuide.service.TourGuideService       : Track Location for user internalUser182
2022-10-05 17:54:48.432  INFO 110320 --- [    Test worker] tourGuide.service.TourGuideService       : Track Location for user internalUser180
2022-10-05 17:54:48.433  INFO 110320 --- [pool-7-thread-1] tourGuide.service.TourGuideService       : Track Location for user internalUser180
2022-10-05 17:54:48.433  INFO 110320 --- [    Test worker] tourGuide.service.TourGuideService       : Track Location for user internalUser189
2022-10-05 17:54:48.433  INFO 110320 --- [pool-7-thread-1] tourGuide.service.TourGuideService       : Track Location for user internalUser189
2022-10-05 17:54:48.433  INFO 110320 --- [    Test worker] tourGuide.service.TourGuideService       : Track Location for user internalUser187
2022-10-05 17:54:48.433  INFO 110320 --- [pool-7-thread-1] tourGuide.service.TourGuideService       : Track Location for user internalUser187
2022-10-05 17:54:48.433  INFO 110320 --- [    Test worker] tourGuide.service.TourGuideService       : Track Location for user internalUser188
2022-10-05 17:54:48.433  INFO 110320 --- [pool-7-thread-1] tourGuide.service.TourGuideService       : Track Location for user internalUser188
2022-10-05 17:54:48.433  INFO 110320 --- [    Test worker] tourGuide.service.TourGuideService       : Track Location for user internalUser196
2022-10-05 17:54:48.433  INFO 110320 --- [pool-7-thread-1] tourGuide.service.TourGuideService       : Track Location for user internalUser196
2022-10-05 17:54:48.433  INFO 110320 --- [    Test worker] tourGuide.service.TourGuideService       : Track Location for user internalUser197
2022-10-05 17:54:48.433  INFO 110320 --- [pool-7-thread-1] tourGuide.service.TourGuideService       : Track Location for user internalUser197
2022-10-05 17:54:48.433  INFO 110320 --- [    Test worker] tourGuide.service.TourGuideService       : Track Location for user internalUser194
2022-10-05 17:54:48.433  INFO 110320 --- [pool-7-thread-1] tourGuide.service.TourGuideService       : Track Location for user internalUser194
2022-10-05 17:54:48.433  INFO 110320 --- [    Test worker] tourGuide.service.TourGuideService       : Track Location for user internalUser195
2022-10-05 17:54:48.433  INFO 110320 --- [pool-7-thread-1] tourGuide.service.TourGuideService       : Track Location for user internalUser195
2022-10-05 17:54:48.433  INFO 110320 --- [    Test worker] tourGuide.service.TourGuideService       : Track Location for user internalUser192
2022-10-05 17:54:48.434  INFO 110320 --- [pool-7-thread-1] tourGuide.service.TourGuideService       : Track Location for user internalUser192
2022-10-05 17:54:48.434  INFO 110320 --- [    Test worker] tourGuide.service.TourGuideService       : Track Location for user internalUser193
2022-10-05 17:54:48.434  INFO 110320 --- [pool-7-thread-1] tourGuide.service.TourGuideService       : Track Location for user internalUser193
2022-10-05 17:54:48.434  INFO 110320 --- [    Test worker] tourGuide.service.TourGuideService       : Track Location for user internalUser190
2022-10-05 17:54:48.434  INFO 110320 --- [pool-7-thread-1] tourGuide.service.TourGuideService       : Track Location for user internalUser190
2022-10-05 17:54:48.434  INFO 110320 --- [    Test worker] tourGuide.service.TourGuideService       : Track Location for user internalUser191
2022-10-05 17:54:48.434  INFO 110320 --- [pool-7-thread-1] tourGuide.service.TourGuideService       : Track Location for user internalUser191
2022-10-05 17:54:48.434  INFO 110320 --- [    Test worker] tourGuide.service.TourGuideService       : Track Location for user internalUser198
2022-10-05 17:54:48.434  INFO 110320 --- [pool-7-thread-1] tourGuide.service.TourGuideService       : Track Location for user internalUser198
2022-10-05 17:54:48.434  INFO 110320 --- [    Test worker] tourGuide.service.TourGuideService       : Track Location for user internalUser199
2022-10-05 17:54:48.434  INFO 110320 --- [pool-7-thread-1] tourGuide.service.TourGuideService       : Track Location for user internalUser199
2022-10-05 17:54:48.434  INFO 110320 --- [    Test worker] tourGuide.service.TourGuideService       : Track Location for user internalUser361
2022-10-05 17:54:48.435  INFO 110320 --- [pool-7-thread-1] tourGuide.service.TourGuideService       : Track Location for user internalUser361
2022-10-05 17:54:48.435  INFO 110320 --- [    Test worker] tourGuide.service.TourGuideService       : Track Location for user internalUser120
2022-10-05 17:54:48.435  INFO 110320 --- [pool-7-thread-1] tourGuide.service.TourGuideService       : Track Location for user internalUser120
2022-10-05 17:54:48.435  INFO 110320 --- [    Test worker] tourGuide.service.TourGuideService       : Track Location for user internalUser362
2022-10-05 17:54:48.435  INFO 110320 --- [pool-7-thread-1] tourGuide.service.TourGuideService       : Track Location for user internalUser362
2022-10-05 17:54:48.435  INFO 110320 --- [    Test worker] tourGuide.service.TourGuideService       : Track Location for user internalUser360
2022-10-05 17:54:48.435  INFO 110320 --- [pool-7-thread-1] tourGuide.service.TourGuideService       : Track Location for user internalUser360
2022-10-05 17:54:48.435  INFO 110320 --- [    Test worker] tourGuide.service.TourGuideService       : Track Location for user internalUser127
2022-10-05 17:54:48.435  INFO 110320 --- [pool-7-thread-1] tourGuide.service.TourGuideService       : Track Location for user internalUser127
2022-10-05 17:54:48.435  INFO 110320 --- [    Test worker] tourGuide.service.TourGuideService       : Track Location for user internalUser369
2022-10-05 17:54:48.435  INFO 110320 --- [pool-7-thread-1] tourGuide.service.TourGuideService       : Track Location for user internalUser369
2022-10-05 17:54:48.435  INFO 110320 --- [    Test worker] tourGuide.service.TourGuideService       : Track Location for user internalUser128
2022-10-05 17:54:48.436  INFO 110320 --- [pool-7-thread-1] tourGuide.service.TourGuideService       : Track Location for user internalUser128
2022-10-05 17:54:48.436  INFO 110320 --- [    Test worker] tourGuide.service.TourGuideService       : Track Location for user internalUser125
2022-10-05 17:54:48.436  INFO 110320 --- [pool-7-thread-1] tourGuide.service.TourGuideService       : Track Location for user internalUser125
2022-10-05 17:54:48.436  INFO 110320 --- [    Test worker] tourGuide.service.TourGuideService       : Track Location for user internalUser367
2022-10-05 17:54:48.436  INFO 110320 --- [pool-7-thread-1] tourGuide.service.TourGuideService       : Track Location for user internalUser367
2022-10-05 17:54:48.436  INFO 110320 --- [    Test worker] tourGuide.service.TourGuideService       : Track Location for user internalUser126
2022-10-05 17:54:48.436  INFO 110320 --- [pool-7-thread-1] tourGuide.service.TourGuideService       : Track Location for user internalUser126
2022-10-05 17:54:48.436  INFO 110320 --- [    Test worker] tourGuide.service.TourGuideService       : Track Location for user internalUser368
2022-10-05 17:54:48.436  INFO 110320 --- [pool-7-thread-1] tourGuide.service.TourGuideService       : Track Location for user internalUser368
2022-10-05 17:54:48.436  INFO 110320 --- [    Test worker] tourGuide.service.TourGuideService       : Track Location for user internalUser123
2022-10-05 17:54:48.436  INFO 110320 --- [pool-7-thread-1] tourGuide.service.TourGuideService       : Track Location for user internalUser123
2022-10-05 17:54:48.436  INFO 110320 --- [    Test worker] tourGuide.service.TourGuideService       : Track Location for user internalUser365
2022-10-05 17:54:48.437  INFO 110320 --- [pool-7-thread-1] tourGuide.service.TourGuideService       : Track Location for user internalUser365
2022-10-05 17:54:48.437  INFO 110320 --- [    Test worker] tourGuide.service.TourGuideService       : Track Location for user internalUser124
2022-10-05 17:54:48.437  INFO 110320 --- [    Test worker] tourGuide.service.TourGuideService       : Track Location for user internalUser366
2022-10-05 17:54:48.437  INFO 110320 --- [    Test worker] tourGuide.service.TourGuideService       : Track Location for user internalUser121
2022-10-05 17:54:48.437  INFO 110320 --- [    Test worker] tourGuide.service.TourGuideService       : Track Location for user internalUser363
2022-10-05 17:54:48.438  INFO 110320 --- [    Test worker] tourGuide.service.TourGuideService       : Track Location for user internalUser122
2022-10-05 17:54:48.438  INFO 110320 --- [pool-7-thread-1] tourGuide.service.TourGuideService       : Track Location for user internalUser124
2022-10-05 17:54:48.438  INFO 110320 --- [    Test worker] tourGuide.service.TourGuideService       : Track Location for user internalUser364
2022-10-05 17:54:48.438  INFO 110320 --- [pool-7-thread-1] tourGuide.service.TourGuideService       : Track Location for user internalUser366
2022-10-05 17:54:48.438  INFO 110320 --- [    Test worker] tourGuide.service.TourGuideService       : Track Location for user internalUser129
2022-10-05 17:54:48.438  INFO 110320 --- [pool-7-thread-1] tourGuide.service.TourGuideService       : Track Location for user internalUser121
2022-10-05 17:54:48.439  INFO 110320 --- [pool-7-thread-1] tourGuide.service.TourGuideService       : Track Location for user internalUser363
2022-10-05 17:54:48.440  INFO 110320 --- [pool-7-thread-1] tourGuide.service.TourGuideService       : Track Location for user internalUser122
2022-10-05 17:54:48.439  INFO 110320 --- [    Test worker] tourGuide.service.TourGuideService       : Track Location for user internalUser130
2022-10-05 17:54:48.440  INFO 110320 --- [pool-7-thread-1] tourGuide.service.TourGuideService       : Track Location for user internalUser364
2022-10-05 17:54:48.440  INFO 110320 --- [    Test worker] tourGuide.service.TourGuideService       : Track Location for user internalUser372
2022-10-05 17:54:48.440  INFO 110320 --- [pool-7-thread-1] tourGuide.service.TourGuideService       : Track Location for user internalUser129
2022-10-05 17:54:48.440  INFO 110320 --- [    Test worker] tourGuide.service.TourGuideService       : Track Location for user internalUser131
2022-10-05 17:54:48.440  INFO 110320 --- [pool-7-thread-1] tourGuide.service.TourGuideService       : Track Location for user internalUser130
2022-10-05 17:54:48.440  INFO 110320 --- [    Test worker] tourGuide.service.TourGuideService       : Track Location for user internalUser373
2022-10-05 17:54:48.441  INFO 110320 --- [pool-7-thread-1] tourGuide.service.TourGuideService       : Track Location for user internalUser372
2022-10-05 17:54:48.441  INFO 110320 --- [    Test worker] tourGuide.service.TourGuideService       : Track Location for user internalUser370
2022-10-05 17:54:48.441  INFO 110320 --- [pool-7-thread-1] tourGuide.service.TourGuideService       : Track Location for user internalUser131
2022-10-05 17:54:48.441  INFO 110320 --- [    Test worker] tourGuide.service.TourGuideService       : Track Location for user internalUser371
2022-10-05 17:54:48.441  INFO 110320 --- [pool-7-thread-1] tourGuide.service.TourGuideService       : Track Location for user internalUser373
2022-10-05 17:54:48.441  INFO 110320 --- [    Test worker] tourGuide.service.TourGuideService       : Track Location for user internalUser138
2022-10-05 17:54:48.441  INFO 110320 --- [pool-7-thread-1] tourGuide.service.TourGuideService       : Track Location for user internalUser370
2022-10-05 17:54:48.441  INFO 110320 --- [    Test worker] tourGuide.service.TourGuideService       : Track Location for user internalUser139
2022-10-05 17:54:48.441  INFO 110320 --- [pool-7-thread-1] tourGuide.service.TourGuideService       : Track Location for user internalUser371
2022-10-05 17:54:48.441  INFO 110320 --- [    Test worker] tourGuide.service.TourGuideService       : Track Location for user internalUser136
2022-10-05 17:54:48.441  INFO 110320 --- [pool-7-thread-1] tourGuide.service.TourGuideService       : Track Location for user internalUser138
2022-10-05 17:54:48.442  INFO 110320 --- [    Test worker] tourGuide.service.TourGuideService       : Track Location for user internalUser378
2022-10-05 17:54:48.442  INFO 110320 --- [pool-7-thread-1] tourGuide.service.TourGuideService       : Track Location for user internalUser139
2022-10-05 17:54:48.442  INFO 110320 --- [pool-7-thread-1] tourGuide.service.TourGuideService       : Track Location for user internalUser136
2022-10-05 17:54:48.442  INFO 110320 --- [    Test worker] tourGuide.service.TourGuideService       : Track Location for user internalUser137
2022-10-05 17:54:48.442  INFO 110320 --- [pool-7-thread-1] tourGuide.service.TourGuideService       : Track Location for user internalUser378
2022-10-05 17:54:48.442  INFO 110320 --- [    Test worker] tourGuide.service.TourGuideService       : Track Location for user internalUser379
2022-10-05 17:54:48.442  INFO 110320 --- [pool-7-thread-1] tourGuide.service.TourGuideService       : Track Location for user internalUser137
2022-10-05 17:54:48.442  INFO 110320 --- [    Test worker] tourGuide.service.TourGuideService       : Track Location for user internalUser134
2022-10-05 17:54:48.442  INFO 110320 --- [pool-7-thread-1] tourGuide.service.TourGuideService       : Track Location for user internalUser379
2022-10-05 17:54:48.443  INFO 110320 --- [    Test worker] tourGuide.service.TourGuideService       : Track Location for user internalUser376
2022-10-05 17:54:48.443  INFO 110320 --- [pool-7-thread-1] tourGuide.service.TourGuideService       : Track Location for user internalUser134
2022-10-05 17:54:48.444  INFO 110320 --- [    Test worker] tourGuide.service.TourGuideService       : Track Location for user internalUser135
2022-10-05 17:54:48.444  INFO 110320 --- [pool-7-thread-1] tourGuide.service.TourGuideService       : Track Location for user internalUser376
2022-10-05 17:54:48.444  INFO 110320 --- [    Test worker] tourGuide.service.TourGuideService       : Track Location for user internalUser377
2022-10-05 17:54:48.444  INFO 110320 --- [pool-7-thread-1] tourGuide.service.TourGuideService       : Track Location for user internalUser135
2022-10-05 17:54:48.444  INFO 110320 --- [    Test worker] tourGuide.service.TourGuideService       : Track Location for user internalUser132
2022-10-05 17:54:48.444  INFO 110320 --- [pool-7-thread-1] tourGuide.service.TourGuideService       : Track Location for user internalUser377
2022-10-05 17:54:48.444  INFO 110320 --- [    Test worker] tourGuide.service.TourGuideService       : Track Location for user internalUser374
2022-10-05 17:54:48.444  INFO 110320 --- [pool-7-thread-1] tourGuide.service.TourGuideService       : Track Location for user internalUser132
2022-10-05 17:54:48.444  INFO 110320 --- [    Test worker] tourGuide.service.TourGuideService       : Track Location for user internalUser133
2022-10-05 17:54:48.444  INFO 110320 --- [pool-7-thread-1] tourGuide.service.TourGuideService       : Track Location for user internalUser374
2022-10-05 17:54:48.445  INFO 110320 --- [    Test worker] tourGuide.service.TourGuideService       : Track Location for user internalUser375
2022-10-05 17:54:48.445  INFO 110320 --- [pool-7-thread-1] tourGuide.service.TourGuideService       : Track Location for user internalUser133
2022-10-05 17:54:48.445  INFO 110320 --- [    Test worker] tourGuide.service.TourGuideService       : Track Location for user internalUser141
2022-10-05 17:54:48.445  INFO 110320 --- [pool-7-thread-1] tourGuide.service.TourGuideService       : Track Location for user internalUser375
2022-10-05 17:54:48.445  INFO 110320 --- [    Test worker] tourGuide.service.TourGuideService       : Track Location for user internalUser383
2022-10-05 17:54:48.445  INFO 110320 --- [pool-7-thread-1] tourGuide.service.TourGuideService       : Track Location for user internalUser141
2022-10-05 17:54:48.445  INFO 110320 --- [    Test worker] tourGuide.service.TourGuideService       : Track Location for user internalUser142
2022-10-05 17:54:48.445  INFO 110320 --- [pool-7-thread-1] tourGuide.service.TourGuideService       : Track Location for user internalUser383
2022-10-05 17:54:48.445  INFO 110320 --- [    Test worker] tourGuide.service.TourGuideService       : Track Location for user internalUser384
2022-10-05 17:54:48.445  INFO 110320 --- [pool-7-thread-1] tourGuide.service.TourGuideService       : Track Location for user internalUser142
2022-10-05 17:54:48.445  INFO 110320 --- [    Test worker] tourGuide.service.TourGuideService       : Track Location for user internalUser381
2022-10-05 17:54:48.445  INFO 110320 --- [pool-7-thread-1] tourGuide.service.TourGuideService       : Track Location for user internalUser384
2022-10-05 17:54:48.445  INFO 110320 --- [    Test worker] tourGuide.service.TourGuideService       : Track Location for user internalUser140
2022-10-05 17:54:48.445  INFO 110320 --- [pool-7-thread-1] tourGuide.service.TourGuideService       : Track Location for user internalUser381
2022-10-05 17:54:48.446  INFO 110320 --- [    Test worker] tourGuide.service.TourGuideService       : Track Location for user internalUser382
2022-10-05 17:54:48.446  INFO 110320 --- [pool-7-thread-1] tourGuide.service.TourGuideService       : Track Location for user internalUser140
2022-10-05 17:54:48.446  INFO 110320 --- [    Test worker] tourGuide.service.TourGuideService       : Track Location for user internalUser380
2022-10-05 17:54:48.446  INFO 110320 --- [pool-7-thread-1] tourGuide.service.TourGuideService       : Track Location for user internalUser382
2022-10-05 17:54:48.446  INFO 110320 --- [    Test worker] tourGuide.service.TourGuideService       : Track Location for user internalUser149
2022-10-05 17:54:48.446  INFO 110320 --- [pool-7-thread-1] tourGuide.service.TourGuideService       : Track Location for user internalUser380
2022-10-05 17:54:48.446  INFO 110320 --- [    Test worker] tourGuide.service.TourGuideService       : Track Location for user internalUser147
2022-10-05 17:54:48.446  INFO 110320 --- [pool-7-thread-1] tourGuide.service.TourGuideService       : Track Location for user internalUser149
2022-10-05 17:54:48.446  INFO 110320 --- [    Test worker] tourGuide.service.TourGuideService       : Track Location for user internalUser389
2022-10-05 17:54:48.446  INFO 110320 --- [pool-7-thread-1] tourGuide.service.TourGuideService       : Track Location for user internalUser147
2022-10-05 17:54:48.446  INFO 110320 --- [    Test worker] tourGuide.service.TourGuideService       : Track Location for user internalUser148
2022-10-05 17:54:48.446  INFO 110320 --- [pool-7-thread-1] tourGuide.service.TourGuideService       : Track Location for user internalUser389
2022-10-05 17:54:48.446  INFO 110320 --- [    Test worker] tourGuide.service.TourGuideService       : Track Location for user internalUser145
2022-10-05 17:54:48.446  INFO 110320 --- [pool-7-thread-1] tourGuide.service.TourGuideService       : Track Location for user internalUser148
2022-10-05 17:54:48.447  INFO 110320 --- [    Test worker] tourGuide.service.TourGuideService       : Track Location for user internalUser387
2022-10-05 17:54:48.447  INFO 110320 --- [pool-7-thread-1] tourGuide.service.TourGuideService       : Track Location for user internalUser145
2022-10-05 17:54:48.447  INFO 110320 --- [    Test worker] tourGuide.service.TourGuideService       : Track Location for user internalUser146
2022-10-05 17:54:48.447  INFO 110320 --- [pool-7-thread-1] tourGuide.service.TourGuideService       : Track Location for user internalUser387
2022-10-05 17:54:48.447  INFO 110320 --- [    Test worker] tourGuide.service.TourGuideService       : Track Location for user internalUser388
2022-10-05 17:54:48.447  INFO 110320 --- [pool-7-thread-1] tourGuide.service.TourGuideService       : Track Location for user internalUser146
2022-10-05 17:54:48.447  INFO 110320 --- [    Test worker] tourGuide.service.TourGuideService       : Track Location for user internalUser143
2022-10-05 17:54:48.447  INFO 110320 --- [pool-7-thread-1] tourGuide.service.TourGuideService       : Track Location for user internalUser388
2022-10-05 17:54:48.447  INFO 110320 --- [    Test worker] tourGuide.service.TourGuideService       : Track Location for user internalUser385
2022-10-05 17:54:48.447  INFO 110320 --- [pool-7-thread-1] tourGuide.service.TourGuideService       : Track Location for user internalUser143
2022-10-05 17:54:48.447  INFO 110320 --- [    Test worker] tourGuide.service.TourGuideService       : Track Location for user internalUser144
2022-10-05 17:54:48.447  INFO 110320 --- [pool-7-thread-1] tourGuide.service.TourGuideService       : Track Location for user internalUser385
2022-10-05 17:54:48.447  INFO 110320 --- [    Test worker] tourGuide.service.TourGuideService       : Track Location for user internalUser386
2022-10-05 17:54:48.448  INFO 110320 --- [pool-7-thread-1] tourGuide.service.TourGuideService       : Track Location for user internalUser144
2022-10-05 17:54:48.448  INFO 110320 --- [    Test worker] tourGuide.service.TourGuideService       : Track Location for user internalUser152
2022-10-05 17:54:48.448  INFO 110320 --- [pool-7-thread-1] tourGuide.service.TourGuideService       : Track Location for user internalUser386
2022-10-05 17:54:48.448  INFO 110320 --- [    Test worker] tourGuide.service.TourGuideService       : Track Location for user internalUser394
2022-10-05 17:54:48.448  INFO 110320 --- [pool-7-thread-1] tourGuide.service.TourGuideService       : Track Location for user internalUser152
2022-10-05 17:54:48.448  INFO 110320 --- [    Test worker] tourGuide.service.TourGuideService       : Track Location for user internalUser153
2022-10-05 17:54:48.448  INFO 110320 --- [pool-7-thread-1] tourGuide.service.TourGuideService       : Track Location for user internalUser394
2022-10-05 17:54:48.448  INFO 110320 --- [    Test worker] tourGuide.service.TourGuideService       : Track Location for user internalUser395
2022-10-05 17:54:48.448  INFO 110320 --- [pool-7-thread-1] tourGuide.service.TourGuideService       : Track Location for user internalUser153
2022-10-05 17:54:48.448  INFO 110320 --- [    Test worker] tourGuide.service.TourGuideService       : Track Location for user internalUser150
2022-10-05 17:54:48.448  INFO 110320 --- [pool-7-thread-1] tourGuide.service.TourGuideService       : Track Location for user internalUser395
2022-10-05 17:54:48.448  INFO 110320 --- [    Test worker] tourGuide.service.TourGuideService       : Track Location for user internalUser392
2022-10-05 17:54:48.448  INFO 110320 --- [pool-7-thread-1] tourGuide.service.TourGuideService       : Track Location for user internalUser150
2022-10-05 17:54:48.449  INFO 110320 --- [    Test worker] tourGuide.service.TourGuideService       : Track Location for user internalUser151
2022-10-05 17:54:48.449  INFO 110320 --- [pool-7-thread-1] tourGuide.service.TourGuideService       : Track Location for user internalUser392
2022-10-05 17:54:48.449  INFO 110320 --- [    Test worker] tourGuide.service.TourGuideService       : Track Location for user internalUser393
2022-10-05 17:54:48.449  INFO 110320 --- [pool-7-thread-1] tourGuide.service.TourGuideService       : Track Location for user internalUser151
2022-10-05 17:54:48.449  INFO 110320 --- [    Test worker] tourGuide.service.TourGuideService       : Track Location for user internalUser390
2022-10-05 17:54:48.449  INFO 110320 --- [pool-7-thread-1] tourGuide.service.TourGuideService       : Track Location for user internalUser393
2022-10-05 17:54:48.449  INFO 110320 --- [    Test worker] tourGuide.service.TourGuideService       : Track Location for user internalUser391
2022-10-05 17:54:48.449  INFO 110320 --- [pool-7-thread-1] tourGuide.service.TourGuideService       : Track Location for user internalUser390
2022-10-05 17:54:48.449  INFO 110320 --- [    Test worker] tourGuide.service.TourGuideService       : Track Location for user internalUser158
2022-10-05 17:54:48.449  INFO 110320 --- [pool-7-thread-1] tourGuide.service.TourGuideService       : Track Location for user internalUser391
2022-10-05 17:54:48.450  INFO 110320 --- [    Test worker] tourGuide.service.TourGuideService       : Track Location for user internalUser159
2022-10-05 17:54:48.450  INFO 110320 --- [pool-7-thread-1] tourGuide.service.TourGuideService       : Track Location for user internalUser158
2022-10-05 17:54:48.450  INFO 110320 --- [    Test worker] tourGuide.service.TourGuideService       : Track Location for user internalUser156
2022-10-05 17:54:48.450  INFO 110320 --- [pool-7-thread-1] tourGuide.service.TourGuideService       : Track Location for user internalUser159
2022-10-05 17:54:48.450  INFO 110320 --- [    Test worker] tourGuide.service.TourGuideService       : Track Location for user internalUser398
2022-10-05 17:54:48.450  INFO 110320 --- [pool-7-thread-1] tourGuide.service.TourGuideService       : Track Location for user internalUser156
2022-10-05 17:54:48.450  INFO 110320 --- [    Test worker] tourGuide.service.TourGuideService       : Track Location for user internalUser157
2022-10-05 17:54:48.450  INFO 110320 --- [pool-7-thread-1] tourGuide.service.TourGuideService       : Track Location for user internalUser398
2022-10-05 17:54:48.450  INFO 110320 --- [    Test worker] tourGuide.service.TourGuideService       : Track Location for user internalUser399
2022-10-05 17:54:48.450  INFO 110320 --- [pool-7-thread-1] tourGuide.service.TourGuideService       : Track Location for user internalUser157
2022-10-05 17:54:48.450  INFO 110320 --- [    Test worker] tourGuide.service.TourGuideService       : Track Location for user internalUser154
2022-10-05 17:54:48.450  INFO 110320 --- [pool-7-thread-1] tourGuide.service.TourGuideService       : Track Location for user internalUser399
2022-10-05 17:54:48.450  INFO 110320 --- [    Test worker] tourGuide.service.TourGuideService       : Track Location for user internalUser396
2022-10-05 17:54:48.450  INFO 110320 --- [pool-7-thread-1] tourGuide.service.TourGuideService       : Track Location for user internalUser154
2022-10-05 17:54:48.451  INFO 110320 --- [    Test worker] tourGuide.service.TourGuideService       : Track Location for user internalUser155
2022-10-05 17:54:48.451  INFO 110320 --- [pool-7-thread-1] tourGuide.service.TourGuideService       : Track Location for user internalUser396
2022-10-05 17:54:48.451  INFO 110320 --- [    Test worker] tourGuide.service.TourGuideService       : Track Location for user internalUser397
2022-10-05 17:54:48.451  INFO 110320 --- [pool-7-thread-1] tourGuide.service.TourGuideService       : Track Location for user internalUser155
2022-10-05 17:54:48.451  INFO 110320 --- [    Test worker] tourGuide.service.TourGuideService       : Track Location for user internalUser560
2022-10-05 17:54:48.451  INFO 110320 --- [    Test worker] tourGuide.service.TourGuideService       : Track Location for user internalUser325
2022-10-05 17:54:48.451  INFO 110320 --- [pool-7-thread-1] tourGuide.service.TourGuideService       : Track Location for user internalUser397
2022-10-05 17:54:48.451  INFO 110320 --- [    Test worker] tourGuide.service.TourGuideService       : Track Location for user internalUser567
2022-10-05 17:54:48.451  INFO 110320 --- [pool-7-thread-1] tourGuide.service.TourGuideService       : Track Location for user internalUser560
2022-10-05 17:54:48.451  INFO 110320 --- [    Test worker] tourGuide.service.TourGuideService       : Track Location for user internalUser326
2022-10-05 17:54:48.451  INFO 110320 --- [pool-7-thread-1] tourGuide.service.TourGuideService       : Track Location for user internalUser325
2022-10-05 17:54:48.451  INFO 110320 --- [    Test worker] tourGuide.service.TourGuideService       : Track Location for user internalUser568
2022-10-05 17:54:48.451  INFO 110320 --- [pool-7-thread-1] tourGuide.service.TourGuideService       : Track Location for user internalUser567
2022-10-05 17:54:48.452  INFO 110320 --- [    Test worker] tourGuide.service.TourGuideService       : Track Location for user internalUser323
2022-10-05 17:54:48.452  INFO 110320 --- [pool-7-thread-1] tourGuide.service.TourGuideService       : Track Location for user internalUser326
2022-10-05 17:54:48.452  INFO 110320 --- [    Test worker] tourGuide.service.TourGuideService       : Track Location for user internalUser565
2022-10-05 17:54:48.452  INFO 110320 --- [pool-7-thread-1] tourGuide.service.TourGuideService       : Track Location for user internalUser568
2022-10-05 17:54:48.452  INFO 110320 --- [    Test worker] tourGuide.service.TourGuideService       : Track Location for user internalUser324
2022-10-05 17:54:48.452  INFO 110320 --- [pool-7-thread-1] tourGuide.service.TourGuideService       : Track Location for user internalUser323
2022-10-05 17:54:48.452  INFO 110320 --- [    Test worker] tourGuide.service.TourGuideService       : Track Location for user internalUser566
2022-10-05 17:54:48.452  INFO 110320 --- [    Test worker] tourGuide.service.TourGuideService       : Track Location for user internalUser321
2022-10-05 17:54:48.452  INFO 110320 --- [    Test worker] tourGuide.service.TourGuideService       : Track Location for user internalUser563
2022-10-05 17:54:48.452  INFO 110320 --- [    Test worker] tourGuide.service.TourGuideService       : Track Location for user internalUser322
2022-10-05 17:54:48.452  INFO 110320 --- [    Test worker] tourGuide.service.TourGuideService       : Track Location for user internalUser564
2022-10-05 17:54:48.452  INFO 110320 --- [pool-7-thread-1] tourGuide.service.TourGuideService       : Track Location for user internalUser565
2022-10-05 17:54:48.453  INFO 110320 --- [    Test worker] tourGuide.service.TourGuideService       : Track Location for user internalUser561
2022-10-05 17:54:48.453  INFO 110320 --- [pool-7-thread-1] tourGuide.service.TourGuideService       : Track Location for user internalUser324
2022-10-05 17:54:48.453  INFO 110320 --- [    Test worker] tourGuide.service.TourGuideService       : Track Location for user internalUser320
2022-10-05 17:54:48.453  INFO 110320 --- [pool-7-thread-1] tourGuide.service.TourGuideService       : Track Location for user internalUser566
2022-10-05 17:54:48.453  INFO 110320 --- [pool-7-thread-1] tourGuide.service.TourGuideService       : Track Location for user internalUser321
2022-10-05 17:54:48.453  INFO 110320 --- [    Test worker] tourGuide.service.TourGuideService       : Track Location for user internalUser562
2022-10-05 17:54:48.453  INFO 110320 --- [pool-7-thread-1] tourGuide.service.TourGuideService       : Track Location for user internalUser563
2022-10-05 17:54:48.453  INFO 110320 --- [    Test worker] tourGuide.service.TourGuideService       : Track Location for user internalUser329
2022-10-05 17:54:48.454  INFO 110320 --- [pool-7-thread-1] tourGuide.service.TourGuideService       : Track Location for user internalUser322
2022-10-05 17:54:48.454  INFO 110320 --- [    Test worker] tourGuide.service.TourGuideService       : Track Location for user internalUser327
2022-10-05 17:54:48.454  INFO 110320 --- [pool-7-thread-1] tourGuide.service.TourGuideService       : Track Location for user internalUser564
2022-10-05 17:54:48.454  INFO 110320 --- [    Test worker] tourGuide.service.TourGuideService       : Track Location for user internalUser569
2022-10-05 17:54:48.454  INFO 110320 --- [pool-7-thread-1] tourGuide.service.TourGuideService       : Track Location for user internalUser561
2022-10-05 17:54:48.455  INFO 110320 --- [    Test worker] tourGuide.service.TourGuideService       : Track Location for user internalUser328
2022-10-05 17:54:48.455  INFO 110320 --- [pool-7-thread-1] tourGuide.service.TourGuideService       : Track Location for user internalUser320
2022-10-05 17:54:48.455  INFO 110320 --- [    Test worker] tourGuide.service.TourGuideService       : Track Location for user internalUser570
2022-10-05 17:54:48.455  INFO 110320 --- [pool-7-thread-1] tourGuide.service.TourGuideService       : Track Location for user internalUser562
2022-10-05 17:54:48.455  INFO 110320 --- [    Test worker] tourGuide.service.TourGuideService       : Track Location for user internalUser571
2022-10-05 17:54:48.455  INFO 110320 --- [pool-7-thread-1] tourGuide.service.TourGuideService       : Track Location for user internalUser329
2022-10-05 17:54:48.455  INFO 110320 --- [    Test worker] tourGuide.service.TourGuideService       : Track Location for user internalUser336
2022-10-05 17:54:48.455  INFO 110320 --- [pool-7-thread-1] tourGuide.service.TourGuideService       : Track Location for user internalUser327
2022-10-05 17:54:48.455  INFO 110320 --- [    Test worker] tourGuide.service.TourGuideService       : Track Location for user internalUser578
2022-10-05 17:54:48.455  INFO 110320 --- [pool-7-thread-1] tourGuide.service.TourGuideService       : Track Location for user internalUser569
2022-10-05 17:54:48.455  INFO 110320 --- [    Test worker] tourGuide.service.TourGuideService       : Track Location for user internalUser337
2022-10-05 17:54:48.455  INFO 110320 --- [pool-7-thread-1] tourGuide.service.TourGuideService       : Track Location for user internalUser328
2022-10-05 17:54:48.456  INFO 110320 --- [    Test worker] tourGuide.service.TourGuideService       : Track Location for user internalUser579
2022-10-05 17:54:48.456  INFO 110320 --- [pool-7-thread-1] tourGuide.service.TourGuideService       : Track Location for user internalUser570
2022-10-05 17:54:48.456  INFO 110320 --- [    Test worker] tourGuide.service.TourGuideService       : Track Location for user internalUser334
2022-10-05 17:54:48.456  INFO 110320 --- [pool-7-thread-1] tourGuide.service.TourGuideService       : Track Location for user internalUser571
2022-10-05 17:54:48.456  INFO 110320 --- [    Test worker] tourGuide.service.TourGuideService       : Track Location for user internalUser576
2022-10-05 17:54:48.456  INFO 110320 --- [pool-7-thread-1] tourGuide.service.TourGuideService       : Track Location for user internalUser336
2022-10-05 17:54:48.456  INFO 110320 --- [    Test worker] tourGuide.service.TourGuideService       : Track Location for user internalUser335
2022-10-05 17:54:48.456  INFO 110320 --- [pool-7-thread-1] tourGuide.service.TourGuideService       : Track Location for user internalUser578
2022-10-05 17:54:48.456  INFO 110320 --- [    Test worker] tourGuide.service.TourGuideService       : Track Location for user internalUser577
2022-10-05 17:54:48.456  INFO 110320 --- [pool-7-thread-1] tourGuide.service.TourGuideService       : Track Location for user internalUser337
2022-10-05 17:54:48.456  INFO 110320 --- [    Test worker] tourGuide.service.TourGuideService       : Track Location for user internalUser332
2022-10-05 17:54:48.456  INFO 110320 --- [pool-7-thread-1] tourGuide.service.TourGuideService       : Track Location for user internalUser579
2022-10-05 17:54:48.457  INFO 110320 --- [    Test worker] tourGuide.service.TourGuideService       : Track Location for user internalUser574
2022-10-05 17:54:48.457  INFO 110320 --- [pool-7-thread-1] tourGuide.service.TourGuideService       : Track Location for user internalUser334
2022-10-05 17:54:48.457  INFO 110320 --- [    Test worker] tourGuide.service.TourGuideService       : Track Location for user internalUser333
2022-10-05 17:54:48.457  INFO 110320 --- [pool-7-thread-1] tourGuide.service.TourGuideService       : Track Location for user internalUser576
2022-10-05 17:54:48.457  INFO 110320 --- [    Test worker] tourGuide.service.TourGuideService       : Track Location for user internalUser575
2022-10-05 17:54:48.457  INFO 110320 --- [pool-7-thread-1] tourGuide.service.TourGuideService       : Track Location for user internalUser335
2022-10-05 17:54:48.457  INFO 110320 --- [pool-7-thread-1] tourGuide.service.TourGuideService       : Track Location for user internalUser577
2022-10-05 17:54:48.457  INFO 110320 --- [    Test worker] tourGuide.service.TourGuideService       : Track Location for user internalUser330
2022-10-05 17:54:48.457  INFO 110320 --- [pool-7-thread-1] tourGuide.service.TourGuideService       : Track Location for user internalUser332
2022-10-05 17:54:48.457  INFO 110320 --- [    Test worker] tourGuide.service.TourGuideService       : Track Location for user internalUser572
2022-10-05 17:54:48.458  INFO 110320 --- [pool-7-thread-1] tourGuide.service.TourGuideService       : Track Location for user internalUser574
2022-10-05 17:54:48.458  INFO 110320 --- [    Test worker] tourGuide.service.TourGuideService       : Track Location for user internalUser331
2022-10-05 17:54:48.458  INFO 110320 --- [pool-7-thread-1] tourGuide.service.TourGuideService       : Track Location for user internalUser333
2022-10-05 17:54:48.458  INFO 110320 --- [    Test worker] tourGuide.service.TourGuideService       : Track Location for user internalUser573
2022-10-05 17:54:48.458  INFO 110320 --- [pool-7-thread-1] tourGuide.service.TourGuideService       : Track Location for user internalUser575
2022-10-05 17:54:48.458  INFO 110320 --- [    Test worker] tourGuide.service.TourGuideService       : Track Location for user internalUser338
2022-10-05 17:54:48.458  INFO 110320 --- [pool-7-thread-1] tourGuide.service.TourGuideService       : Track Location for user internalUser330
2022-10-05 17:54:48.458  INFO 110320 --- [    Test worker] tourGuide.service.TourGuideService       : Track Location for user internalUser339
2022-10-05 17:54:48.458  INFO 110320 --- [pool-7-thread-1] tourGuide.service.TourGuideService       : Track Location for user internalUser572
2022-10-05 17:54:48.458  INFO 110320 --- [    Test worker] tourGuide.service.TourGuideService       : Track Location for user internalUser581
2022-10-05 17:54:48.459  INFO 110320 --- [pool-7-thread-1] tourGuide.service.TourGuideService       : Track Location for user internalUser331
2022-10-05 17:54:48.459  INFO 110320 --- [    Test worker] tourGuide.service.TourGuideService       : Track Location for user internalUser340
2022-10-05 17:54:48.459  INFO 110320 --- [pool-7-thread-1] tourGuide.service.TourGuideService       : Track Location for user internalUser573
2022-10-05 17:54:48.459  INFO 110320 --- [    Test worker] tourGuide.service.TourGuideService       : Track Location for user internalUser582
2022-10-05 17:54:48.459  INFO 110320 --- [pool-7-thread-1] tourGuide.service.TourGuideService       : Track Location for user internalUser338
2022-10-05 17:54:48.459  INFO 110320 --- [    Test worker] tourGuide.service.TourGuideService       : Track Location for user internalUser9
2022-10-05 17:54:48.459  INFO 110320 --- [pool-7-thread-1] tourGuide.service.TourGuideService       : Track Location for user internalUser339
2022-10-05 17:54:48.459  INFO 110320 --- [    Test worker] tourGuide.service.TourGuideService       : Track Location for user internalUser8
2022-10-05 17:54:48.459  INFO 110320 --- [pool-7-thread-1] tourGuide.service.TourGuideService       : Track Location for user internalUser581
2022-10-05 17:54:48.459  INFO 110320 --- [    Test worker] tourGuide.service.TourGuideService       : Track Location for user internalUser580
2022-10-05 17:54:48.459  INFO 110320 --- [pool-7-thread-1] tourGuide.service.TourGuideService       : Track Location for user internalUser340
2022-10-05 17:54:48.460  INFO 110320 --- [    Test worker] tourGuide.service.TourGuideService       : Track Location for user internalUser105
2022-10-05 17:54:48.460  INFO 110320 --- [pool-7-thread-1] tourGuide.service.TourGuideService       : Track Location for user internalUser582
2022-10-05 17:54:48.460  INFO 110320 --- [    Test worker] tourGuide.service.TourGuideService       : Track Location for user internalUser347
2022-10-05 17:54:48.460  INFO 110320 --- [pool-7-thread-1] tourGuide.service.TourGuideService       : Track Location for user internalUser9
2022-10-05 17:54:48.460  INFO 110320 --- [    Test worker] tourGuide.service.TourGuideService       : Track Location for user internalUser589
2022-10-05 17:54:48.460  INFO 110320 --- [pool-7-thread-1] tourGuide.service.TourGuideService       : Track Location for user internalUser8
2022-10-05 17:54:48.460  INFO 110320 --- [    Test worker] tourGuide.service.TourGuideService       : Track Location for user internalUser106
2022-10-05 17:54:48.460  INFO 110320 --- [pool-7-thread-1] tourGuide.service.TourGuideService       : Track Location for user internalUser580
2022-10-05 17:54:48.460  INFO 110320 --- [    Test worker] tourGuide.service.TourGuideService       : Track Location for user internalUser348
2022-10-05 17:54:48.460  INFO 110320 --- [pool-7-thread-1] tourGuide.service.TourGuideService       : Track Location for user internalUser105
2022-10-05 17:54:48.460  INFO 110320 --- [    Test worker] tourGuide.service.TourGuideService       : Track Location for user internalUser103
2022-10-05 17:54:48.460  INFO 110320 --- [pool-7-thread-1] tourGuide.service.TourGuideService       : Track Location for user internalUser347
2022-10-05 17:54:48.461  INFO 110320 --- [    Test worker] tourGuide.service.TourGuideService       : Track Location for user internalUser345
2022-10-05 17:54:48.461  INFO 110320 --- [pool-7-thread-1] tourGuide.service.TourGuideService       : Track Location for user internalUser589
2022-10-05 17:54:48.461  INFO 110320 --- [    Test worker] tourGuide.service.TourGuideService       : Track Location for user internalUser587
2022-10-05 17:54:48.461  INFO 110320 --- [pool-7-thread-1] tourGuide.service.TourGuideService       : Track Location for user internalUser106
2022-10-05 17:54:48.461  INFO 110320 --- [    Test worker] tourGuide.service.TourGuideService       : Track Location for user internalUser104
2022-10-05 17:54:48.461  INFO 110320 --- [pool-7-thread-1] tourGuide.service.TourGuideService       : Track Location for user internalUser348
2022-10-05 17:54:48.461  INFO 110320 --- [    Test worker] tourGuide.service.TourGuideService       : Track Location for user internalUser346
2022-10-05 17:54:48.461  INFO 110320 --- [pool-7-thread-1] tourGuide.service.TourGuideService       : Track Location for user internalUser103
2022-10-05 17:54:48.461  INFO 110320 --- [    Test worker] tourGuide.service.TourGuideService       : Track Location for user internalUser588
2022-10-05 17:54:48.461  INFO 110320 --- [pool-7-thread-1] tourGuide.service.TourGuideService       : Track Location for user internalUser345
2022-10-05 17:54:48.461  INFO 110320 --- [    Test worker] tourGuide.service.TourGuideService       : Track Location for user internalUser101
2022-10-05 17:54:48.461  INFO 110320 --- [pool-7-thread-1] tourGuide.service.TourGuideService       : Track Location for user internalUser587
2022-10-05 17:54:48.461  INFO 110320 --- [    Test worker] tourGuide.service.TourGuideService       : Track Location for user internalUser343
2022-10-05 17:54:48.461  INFO 110320 --- [pool-7-thread-1] tourGuide.service.TourGuideService       : Track Location for user internalUser104
2022-10-05 17:54:48.461  INFO 110320 --- [    Test worker] tourGuide.service.TourGuideService       : Track Location for user internalUser585
2022-10-05 17:54:48.461  INFO 110320 --- [pool-7-thread-1] tourGuide.service.TourGuideService       : Track Location for user internalUser346
2022-10-05 17:54:48.462  INFO 110320 --- [    Test worker] tourGuide.service.TourGuideService       : Track Location for user internalUser102
2022-10-05 17:54:48.462  INFO 110320 --- [pool-7-thread-1] tourGuide.service.TourGuideService       : Track Location for user internalUser588
2022-10-05 17:54:48.462  INFO 110320 --- [    Test worker] tourGuide.service.TourGuideService       : Track Location for user internalUser344
2022-10-05 17:54:48.462  INFO 110320 --- [pool-7-thread-1] tourGuide.service.TourGuideService       : Track Location for user internalUser101
2022-10-05 17:54:48.462  INFO 110320 --- [pool-7-thread-1] tourGuide.service.TourGuideService       : Track Location for user internalUser343
2022-10-05 17:54:48.462  INFO 110320 --- [    Test worker] tourGuide.service.TourGuideService       : Track Location for user internalUser586
2022-10-05 17:54:48.462  INFO 110320 --- [pool-7-thread-1] tourGuide.service.TourGuideService       : Track Location for user internalUser585
2022-10-05 17:54:48.462  INFO 110320 --- [    Test worker] tourGuide.service.TourGuideService       : Track Location for user internalUser341
2022-10-05 17:54:48.462  INFO 110320 --- [pool-7-thread-1] tourGuide.service.TourGuideService       : Track Location for user internalUser102
2022-10-05 17:54:48.463  INFO 110320 --- [    Test worker] tourGuide.service.TourGuideService       : Track Location for user internalUser583
2022-10-05 17:54:48.463  INFO 110320 --- [pool-7-thread-1] tourGuide.service.TourGuideService       : Track Location for user internalUser344
2022-10-05 17:54:48.463  INFO 110320 --- [    Test worker] tourGuide.service.TourGuideService       : Track Location for user internalUser100
2022-10-05 17:54:48.463  INFO 110320 --- [pool-7-thread-1] tourGuide.service.TourGuideService       : Track Location for user internalUser586
2022-10-05 17:54:48.463  INFO 110320 --- [    Test worker] tourGuide.service.TourGuideService       : Track Location for user internalUser342
2022-10-05 17:54:48.463  INFO 110320 --- [pool-7-thread-1] tourGuide.service.TourGuideService       : Track Location for user internalUser341
2022-10-05 17:54:48.463  INFO 110320 --- [    Test worker] tourGuide.service.TourGuideService       : Track Location for user internalUser584
2022-10-05 17:54:48.464  INFO 110320 --- [pool-7-thread-1] tourGuide.service.TourGuideService       : Track Location for user internalUser583
2022-10-05 17:54:48.464  INFO 110320 --- [    Test worker] tourGuide.service.TourGuideService       : Track Location for user internalUser109
2022-10-05 17:54:48.464  INFO 110320 --- [pool-7-thread-1] tourGuide.service.TourGuideService       : Track Location for user internalUser100
2022-10-05 17:54:48.464  INFO 110320 --- [    Test worker] tourGuide.service.TourGuideService       : Track Location for user internalUser107
2022-10-05 17:54:48.464  INFO 110320 --- [pool-7-thread-1] tourGuide.service.TourGuideService       : Track Location for user internalUser342
2022-10-05 17:54:48.464  INFO 110320 --- [    Test worker] tourGuide.service.TourGuideService       : Track Location for user internalUser349
2022-10-05 17:54:48.464  INFO 110320 --- [pool-7-thread-1] tourGuide.service.TourGuideService       : Track Location for user internalUser584
2022-10-05 17:54:48.464  INFO 110320 --- [    Test worker] tourGuide.service.TourGuideService       : Track Location for user internalUser108
2022-10-05 17:54:48.464  INFO 110320 --- [pool-7-thread-1] tourGuide.service.TourGuideService       : Track Location for user internalUser109
2022-10-05 17:54:48.464  INFO 110320 --- [    Test worker] tourGuide.service.TourGuideService       : Track Location for user internalUser3
2022-10-05 17:54:48.464  INFO 110320 --- [pool-7-thread-1] tourGuide.service.TourGuideService       : Track Location for user internalUser107
2022-10-05 17:54:48.464  INFO 110320 --- [    Test worker] tourGuide.service.TourGuideService       : Track Location for user internalUser2
2022-10-05 17:54:48.464  INFO 110320 --- [    Test worker] tourGuide.service.TourGuideService       : Track Location for user internalUser1
2022-10-05 17:54:48.464  INFO 110320 --- [pool-7-thread-1] tourGuide.service.TourGuideService       : Track Location for user internalUser349
2022-10-05 17:54:48.464  INFO 110320 --- [    Test worker] tourGuide.service.TourGuideService       : Track Location for user internalUser0
2022-10-05 17:54:48.465  INFO 110320 --- [pool-7-thread-1] tourGuide.service.TourGuideService       : Track Location for user internalUser108
2022-10-05 17:54:48.465  INFO 110320 --- [    Test worker] tourGuide.service.TourGuideService       : Track Location for user internalUser7
2022-10-05 17:54:48.465  INFO 110320 --- [pool-7-thread-1] tourGuide.service.TourGuideService       : Track Location for user internalUser3
2022-10-05 17:54:48.465  INFO 110320 --- [    Test worker] tourGuide.service.TourGuideService       : Track Location for user internalUser6
2022-10-05 17:54:48.465  INFO 110320 --- [pool-7-thread-1] tourGuide.service.TourGuideService       : Track Location for user internalUser2
2022-10-05 17:54:48.465  INFO 110320 --- [    Test worker] tourGuide.service.TourGuideService       : Track Location for user internalUser5
2022-10-05 17:54:48.465  INFO 110320 --- [pool-7-thread-1] tourGuide.service.TourGuideService       : Track Location for user internalUser1
2022-10-05 17:54:48.465  INFO 110320 --- [    Test worker] tourGuide.service.TourGuideService       : Track Location for user internalUser4
2022-10-05 17:54:48.465  INFO 110320 --- [pool-7-thread-1] tourGuide.service.TourGuideService       : Track Location for user internalUser0
2022-10-05 17:54:48.465  INFO 110320 --- [    Test worker] tourGuide.service.TourGuideService       : Track Location for user internalUser350
2022-10-05 17:54:48.465  INFO 110320 --- [pool-7-thread-1] tourGuide.service.TourGuideService       : Track Location for user internalUser7
2022-10-05 17:54:48.465  INFO 110320 --- [    Test worker] tourGuide.service.TourGuideService       : Track Location for user internalUser592
2022-10-05 17:54:48.466  INFO 110320 --- [    Test worker] tourGuide.service.TourGuideService       : Track Location for user internalUser351
2022-10-05 17:54:48.466  INFO 110320 --- [pool-7-thread-1] tourGuide.service.TourGuideService       : Track Location for user internalUser6
2022-10-05 17:54:48.466  INFO 110320 --- [    Test worker] tourGuide.service.TourGuideService       : Track Location for user internalUser593
2022-10-05 17:54:48.466  INFO 110320 --- [pool-7-thread-1] tourGuide.service.TourGuideService       : Track Location for user internalUser5
2022-10-05 17:54:48.466  INFO 110320 --- [    Test worker] tourGuide.service.TourGuideService       : Track Location for user internalUser590
2022-10-05 17:54:48.466  INFO 110320 --- [pool-7-thread-1] tourGuide.service.TourGuideService       : Track Location for user internalUser4
2022-10-05 17:54:48.466  INFO 110320 --- [    Test worker] tourGuide.service.TourGuideService       : Track Location for user internalUser591
2022-10-05 17:54:48.467  INFO 110320 --- [pool-7-thread-1] tourGuide.service.TourGuideService       : Track Location for user internalUser350
2022-10-05 17:54:48.467  INFO 110320 --- [    Test worker] tourGuide.service.TourGuideService       : Track Location for user internalUser116
2022-10-05 17:54:48.467  INFO 110320 --- [pool-7-thread-1] tourGuide.service.TourGuideService       : Track Location for user internalUser592
2022-10-05 17:54:48.467  INFO 110320 --- [    Test worker] tourGuide.service.TourGuideService       : Track Location for user internalUser358
2022-10-05 17:54:48.467  INFO 110320 --- [pool-7-thread-1] tourGuide.service.TourGuideService       : Track Location for user internalUser351
2022-10-05 17:54:48.467  INFO 110320 --- [    Test worker] tourGuide.service.TourGuideService       : Track Location for user internalUser117
2022-10-05 17:54:48.467  INFO 110320 --- [pool-7-thread-1] tourGuide.service.TourGuideService       : Track Location for user internalUser593
2022-10-05 17:54:48.467  INFO 110320 --- [    Test worker] tourGuide.service.TourGuideService       : Track Location for user internalUser359
2022-10-05 17:54:48.467  INFO 110320 --- [pool-7-thread-1] tourGuide.service.TourGuideService       : Track Location for user internalUser590
2022-10-05 17:54:48.467  INFO 110320 --- [    Test worker] tourGuide.service.TourGuideService       : Track Location for user internalUser114
2022-10-05 17:54:48.467  INFO 110320 --- [    Test worker] tourGuide.service.TourGuideService       : Track Location for user internalUser356
2022-10-05 17:54:48.467  INFO 110320 --- [pool-7-thread-1] tourGuide.service.TourGuideService       : Track Location for user internalUser591
2022-10-05 17:54:48.468  INFO 110320 --- [    Test worker] tourGuide.service.TourGuideService       : Track Location for user internalUser598
2022-10-05 17:54:48.468  INFO 110320 --- [pool-7-thread-1] tourGuide.service.TourGuideService       : Track Location for user internalUser116
2022-10-05 17:54:48.468  INFO 110320 --- [    Test worker] tourGuide.service.TourGuideService       : Track Location for user internalUser115
2022-10-05 17:54:48.468  INFO 110320 --- [pool-7-thread-1] tourGuide.service.TourGuideService       : Track Location for user internalUser358
2022-10-05 17:54:48.468  INFO 110320 --- [    Test worker] tourGuide.service.TourGuideService       : Track Location for user internalUser357
2022-10-05 17:54:48.468  INFO 110320 --- [pool-7-thread-1] tourGuide.service.TourGuideService       : Track Location for user internalUser117
2022-10-05 17:54:48.468  INFO 110320 --- [    Test worker] tourGuide.service.TourGuideService       : Track Location for user internalUser599
2022-10-05 17:54:48.468  INFO 110320 --- [pool-7-thread-1] tourGuide.service.TourGuideService       : Track Location for user internalUser359
2022-10-05 17:54:48.468  INFO 110320 --- [    Test worker] tourGuide.service.TourGuideService       : Track Location for user internalUser112
2022-10-05 17:54:48.468  INFO 110320 --- [pool-7-thread-1] tourGuide.service.TourGuideService       : Track Location for user internalUser114
2022-10-05 17:54:48.468  INFO 110320 --- [    Test worker] tourGuide.service.TourGuideService       : Track Location for user internalUser354
2022-10-05 17:54:48.468  INFO 110320 --- [pool-7-thread-1] tourGuide.service.TourGuideService       : Track Location for user internalUser356
2022-10-05 17:54:48.468  INFO 110320 --- [    Test worker] tourGuide.service.TourGuideService       : Track Location for user internalUser596
2022-10-05 17:54:48.468  INFO 110320 --- [pool-7-thread-1] tourGuide.service.TourGuideService       : Track Location for user internalUser598
2022-10-05 17:54:48.468  INFO 110320 --- [    Test worker] tourGuide.service.TourGuideService       : Track Location for user internalUser113
2022-10-05 17:54:48.468  INFO 110320 --- [pool-7-thread-1] tourGuide.service.TourGuideService       : Track Location for user internalUser115
2022-10-05 17:54:48.469  INFO 110320 --- [    Test worker] tourGuide.service.TourGuideService       : Track Location for user internalUser355
2022-10-05 17:54:48.469  INFO 110320 --- [pool-7-thread-1] tourGuide.service.TourGuideService       : Track Location for user internalUser357
2022-10-05 17:54:48.469  INFO 110320 --- [    Test worker] tourGuide.service.TourGuideService       : Track Location for user internalUser597
2022-10-05 17:54:48.469  INFO 110320 --- [    Test worker] tourGuide.service.TourGuideService       : Track Location for user internalUser110
2022-10-05 17:54:48.469  INFO 110320 --- [pool-7-thread-1] tourGuide.service.TourGuideService       : Track Location for user internalUser599
2022-10-05 17:54:48.469  INFO 110320 --- [    Test worker] tourGuide.service.TourGuideService       : Track Location for user internalUser352
2022-10-05 17:54:48.469  INFO 110320 --- [pool-7-thread-1] tourGuide.service.TourGuideService       : Track Location for user internalUser112
2022-10-05 17:54:48.469  INFO 110320 --- [    Test worker] tourGuide.service.TourGuideService       : Track Location for user internalUser594
2022-10-05 17:54:48.469  INFO 110320 --- [pool-7-thread-1] tourGuide.service.TourGuideService       : Track Location for user internalUser354
2022-10-05 17:54:48.469  INFO 110320 --- [    Test worker] tourGuide.service.TourGuideService       : Track Location for user internalUser111
2022-10-05 17:54:48.469  INFO 110320 --- [pool-7-thread-1] tourGuide.service.TourGuideService       : Track Location for user internalUser596
2022-10-05 17:54:48.469  INFO 110320 --- [    Test worker] tourGuide.service.TourGuideService       : Track Location for user internalUser353
2022-10-05 17:54:48.469  INFO 110320 --- [pool-7-thread-1] tourGuide.service.TourGuideService       : Track Location for user internalUser113
2022-10-05 17:54:48.469  INFO 110320 --- [    Test worker] tourGuide.service.TourGuideService       : Track Location for user internalUser595
2022-10-05 17:54:48.469  INFO 110320 --- [pool-7-thread-1] tourGuide.service.TourGuideService       : Track Location for user internalUser355
2022-10-05 17:54:48.469  INFO 110320 --- [    Test worker] tourGuide.service.TourGuideService       : Track Location for user internalUser118
2022-10-05 17:54:48.469  INFO 110320 --- [pool-7-thread-1] tourGuide.service.TourGuideService       : Track Location for user internalUser597
2022-10-05 17:54:48.470  INFO 110320 --- [    Test worker] tourGuide.service.TourGuideService       : Track Location for user internalUser119
2022-10-05 17:54:48.470  INFO 110320 --- [pool-7-thread-1] tourGuide.service.TourGuideService       : Track Location for user internalUser110
2022-10-05 17:54:48.470  INFO 110320 --- [    Test worker] tourGuide.service.TourGuideService       : Track Location for user internalUser523
2022-10-05 17:54:48.470  INFO 110320 --- [pool-7-thread-1] tourGuide.service.TourGuideService       : Track Location for user internalUser352
2022-10-05 17:54:48.470  INFO 110320 --- [    Test worker] tourGuide.service.TourGuideService       : Track Location for user internalUser765
2022-10-05 17:54:48.470  INFO 110320 --- [pool-7-thread-1] tourGuide.service.TourGuideService       : Track Location for user internalUser594
2022-10-05 17:54:48.470  INFO 110320 --- [    Test worker] tourGuide.service.TourGuideService       : Track Location for user internalUser524
2022-10-05 17:54:48.470  INFO 110320 --- [pool-7-thread-1] tourGuide.service.TourGuideService       : Track Location for user internalUser111
2022-10-05 17:54:48.470  INFO 110320 --- [    Test worker] tourGuide.service.TourGuideService       : Track Location for user internalUser766
2022-10-05 17:54:48.470  INFO 110320 --- [pool-7-thread-1] tourGuide.service.TourGuideService       : Track Location for user internalUser353
2022-10-05 17:54:48.470  INFO 110320 --- [    Test worker] tourGuide.service.TourGuideService       : Track Location for user internalUser521
2022-10-05 17:54:48.470  INFO 110320 --- [pool-7-thread-1] tourGuide.service.TourGuideService       : Track Location for user internalUser595
2022-10-05 17:54:48.470  INFO 110320 --- [    Test worker] tourGuide.service.TourGuideService       : Track Location for user internalUser763
2022-10-05 17:54:48.470  INFO 110320 --- [pool-7-thread-1] tourGuide.service.TourGuideService       : Track Location for user internalUser118
2022-10-05 17:54:48.470  INFO 110320 --- [    Test worker] tourGuide.service.TourGuideService       : Track Location for user internalUser522
2022-10-05 17:54:48.470  INFO 110320 --- [pool-7-thread-1] tourGuide.service.TourGuideService       : Track Location for user internalUser119
2022-10-05 17:54:48.470  INFO 110320 --- [    Test worker] tourGuide.service.TourGuideService       : Track Location for user internalUser764
2022-10-05 17:54:48.470  INFO 110320 --- [pool-7-thread-1] tourGuide.service.TourGuideService       : Track Location for user internalUser523
2022-10-05 17:54:48.470  INFO 110320 --- [    Test worker] tourGuide.service.TourGuideService       : Track Location for user internalUser761
2022-10-05 17:54:48.470  INFO 110320 --- [pool-7-thread-1] tourGuide.service.TourGuideService       : Track Location for user internalUser765
2022-10-05 17:54:48.470  INFO 110320 --- [    Test worker] tourGuide.service.TourGuideService       : Track Location for user internalUser520
2022-10-05 17:54:48.471  INFO 110320 --- [pool-7-thread-1] tourGuide.service.TourGuideService       : Track Location for user internalUser524
2022-10-05 17:54:48.471  INFO 110320 --- [    Test worker] tourGuide.service.TourGuideService       : Track Location for user internalUser762
2022-10-05 17:54:48.471  INFO 110320 --- [pool-7-thread-1] tourGuide.service.TourGuideService       : Track Location for user internalUser766
2022-10-05 17:54:48.471  INFO 110320 --- [    Test worker] tourGuide.service.TourGuideService       : Track Location for user internalUser760
2022-10-05 17:54:48.471  INFO 110320 --- [pool-7-thread-1] tourGuide.service.TourGuideService       : Track Location for user internalUser521
2022-10-05 17:54:48.471  INFO 110320 --- [    Test worker] tourGuide.service.TourGuideService       : Track Location for user internalUser529
2022-10-05 17:54:48.471  INFO 110320 --- [pool-7-thread-1] tourGuide.service.TourGuideService       : Track Location for user internalUser763
2022-10-05 17:54:48.471  INFO 110320 --- [    Test worker] tourGuide.service.TourGuideService       : Track Location for user internalUser527
2022-10-05 17:54:48.472  INFO 110320 --- [pool-7-thread-1] tourGuide.service.TourGuideService       : Track Location for user internalUser522
2022-10-05 17:54:48.472  INFO 110320 --- [    Test worker] tourGuide.service.TourGuideService       : Track Location for user internalUser769
2022-10-05 17:54:48.472  INFO 110320 --- [pool-7-thread-1] tourGuide.service.TourGuideService       : Track Location for user internalUser764
2022-10-05 17:54:48.472  INFO 110320 --- [    Test worker] tourGuide.service.TourGuideService       : Track Location for user internalUser528
2022-10-05 17:54:48.472  INFO 110320 --- [pool-7-thread-1] tourGuide.service.TourGuideService       : Track Location for user internalUser761
2022-10-05 17:54:48.472  INFO 110320 --- [    Test worker] tourGuide.service.TourGuideService       : Track Location for user internalUser525
2022-10-05 17:54:48.472  INFO 110320 --- [pool-7-thread-1] tourGuide.service.TourGuideService       : Track Location for user internalUser520
2022-10-05 17:54:48.472  INFO 110320 --- [    Test worker] tourGuide.service.TourGuideService       : Track Location for user internalUser767
2022-10-05 17:54:48.472  INFO 110320 --- [pool-7-thread-1] tourGuide.service.TourGuideService       : Track Location for user internalUser762
2022-10-05 17:54:48.472  INFO 110320 --- [    Test worker] tourGuide.service.TourGuideService       : Track Location for user internalUser526
2022-10-05 17:54:48.473  INFO 110320 --- [    Test worker] tourGuide.service.TourGuideService       : Track Location for user internalUser768
2022-10-05 17:54:48.473  INFO 110320 --- [pool-7-thread-1] tourGuide.service.TourGuideService       : Track Location for user internalUser760
2022-10-05 17:54:48.473  INFO 110320 --- [pool-7-thread-1] tourGuide.service.TourGuideService       : Track Location for user internalUser529
2022-10-05 17:54:48.473  INFO 110320 --- [    Test worker] tourGuide.service.TourGuideService       : Track Location for user internalUser534
2022-10-05 17:54:48.474  INFO 110320 --- [pool-7-thread-1] tourGuide.service.TourGuideService       : Track Location for user internalUser527
2022-10-05 17:54:48.474  INFO 110320 --- [    Test worker] tourGuide.service.TourGuideService       : Track Location for user internalUser776
2022-10-05 17:54:48.474  INFO 110320 --- [    Test worker] tourGuide.service.TourGuideService       : Track Location for user internalUser535
2022-10-05 17:54:48.474  INFO 110320 --- [pool-7-thread-1] tourGuide.service.TourGuideService       : Track Location for user internalUser769
2022-10-05 17:54:48.475  INFO 110320 --- [    Test worker] tourGuide.service.TourGuideService       : Track Location for user internalUser777
2022-10-05 17:54:48.475  INFO 110320 --- [pool-7-thread-1] tourGuide.service.TourGuideService       : Track Location for user internalUser528
2022-10-05 17:54:48.475  INFO 110320 --- [pool-7-thread-1] tourGuide.service.TourGuideService       : Track Location for user internalUser525
2022-10-05 17:54:48.475  INFO 110320 --- [    Test worker] tourGuide.service.TourGuideService       : Track Location for user internalUser532
2022-10-05 17:54:48.475  INFO 110320 --- [pool-7-thread-1] tourGuide.service.TourGuideService       : Track Location for user internalUser767
2022-10-05 17:54:48.475  INFO 110320 --- [pool-7-thread-1] tourGuide.service.TourGuideService       : Track Location for user internalUser526
2022-10-05 17:54:48.475  INFO 110320 --- [    Test worker] tourGuide.service.TourGuideService       : Track Location for user internalUser774
2022-10-05 17:54:48.476  INFO 110320 --- [pool-7-thread-1] tourGuide.service.TourGuideService       : Track Location for user internalUser768
2022-10-05 17:54:48.476  INFO 110320 --- [pool-7-thread-1] tourGuide.service.TourGuideService       : Track Location for user internalUser534
2022-10-05 17:54:48.476  INFO 110320 --- [    Test worker] tourGuide.service.TourGuideService       : Track Location for user internalUser533
2022-10-05 17:54:48.476  INFO 110320 --- [pool-7-thread-1] tourGuide.service.TourGuideService       : Track Location for user internalUser776
2022-10-05 17:54:48.476  INFO 110320 --- [pool-7-thread-1] tourGuide.service.TourGuideService       : Track Location for user internalUser535
2022-10-05 17:54:48.477  INFO 110320 --- [    Test worker] tourGuide.service.TourGuideService       : Track Location for user internalUser775
2022-10-05 17:54:48.477  INFO 110320 --- [pool-7-thread-1] tourGuide.service.TourGuideService       : Track Location for user internalUser777
2022-10-05 17:54:48.477  INFO 110320 --- [pool-7-thread-1] tourGuide.service.TourGuideService       : Track Location for user internalUser532
2022-10-05 17:54:48.477  INFO 110320 --- [    Test worker] tourGuide.service.TourGuideService       : Track Location for user internalUser530
2022-10-05 17:54:48.477  INFO 110320 --- [    Test worker] tourGuide.service.TourGuideService       : Track Location for user internalUser772
2022-10-05 17:54:48.478  INFO 110320 --- [    Test worker] tourGuide.service.TourGuideService       : Track Location for user internalUser531
2022-10-05 17:54:48.478  INFO 110320 --- [pool-7-thread-1] tourGuide.service.TourGuideService       : Track Location for user internalUser774
2022-10-05 17:54:48.478  INFO 110320 --- [pool-7-thread-1] tourGuide.service.TourGuideService       : Track Location for user internalUser533
2022-10-05 17:54:48.478  INFO 110320 --- [    Test worker] tourGuide.service.TourGuideService       : Track Location for user internalUser773
2022-10-05 17:54:48.478  INFO 110320 --- [    Test worker] tourGuide.service.TourGuideService       : Track Location for user internalUser770
2022-10-05 17:54:48.478  INFO 110320 --- [pool-7-thread-1] tourGuide.service.TourGuideService       : Track Location for user internalUser775
2022-10-05 17:54:48.479  INFO 110320 --- [pool-7-thread-1] tourGuide.service.TourGuideService       : Track Location for user internalUser530
2022-10-05 17:54:48.479  INFO 110320 --- [    Test worker] tourGuide.service.TourGuideService       : Track Location for user internalUser771
2022-10-05 17:54:48.479  INFO 110320 --- [    Test worker] tourGuide.service.TourGuideService       : Track Location for user internalUser538
2022-10-05 17:54:48.479  INFO 110320 --- [pool-7-thread-1] tourGuide.service.TourGuideService       : Track Location for user internalUser772
2022-10-05 17:54:48.479  INFO 110320 --- [pool-7-thread-1] tourGuide.service.TourGuideService       : Track Location for user internalUser531
2022-10-05 17:54:48.479  INFO 110320 --- [    Test worker] tourGuide.service.TourGuideService       : Track Location for user internalUser539
2022-10-05 17:54:48.480  INFO 110320 --- [    Test worker] tourGuide.service.TourGuideService       : Track Location for user internalUser536
2022-10-05 17:54:48.480  INFO 110320 --- [pool-7-thread-1] tourGuide.service.TourGuideService       : Track Location for user internalUser773
2022-10-05 17:54:48.480  INFO 110320 --- [pool-7-thread-1] tourGuide.service.TourGuideService       : Track Location for user internalUser770
2022-10-05 17:54:48.480  INFO 110320 --- [    Test worker] tourGuide.service.TourGuideService       : Track Location for user internalUser778
2022-10-05 17:54:48.480  INFO 110320 --- [    Test worker] tourGuide.service.TourGuideService       : Track Location for user internalUser537
2022-10-05 17:54:48.481  INFO 110320 --- [pool-7-thread-1] tourGuide.service.TourGuideService       : Track Location for user internalUser771
2022-10-05 17:54:48.481  INFO 110320 --- [pool-7-thread-1] tourGuide.service.TourGuideService       : Track Location for user internalUser538
2022-10-05 17:54:48.481  INFO 110320 --- [    Test worker] tourGuide.service.TourGuideService       : Track Location for user internalUser779
2022-10-05 17:54:48.481  INFO 110320 --- [    Test worker] tourGuide.service.TourGuideService       : Track Location for user internalUser780
2022-10-05 17:54:48.482  INFO 110320 --- [    Test worker] tourGuide.service.TourGuideService       : Track Location for user internalUser303
2022-10-05 17:54:48.482  INFO 110320 --- [pool-7-thread-1] tourGuide.service.TourGuideService       : Track Location for user internalUser539
2022-10-05 17:54:48.483  INFO 110320 --- [pool-7-thread-1] tourGuide.service.TourGuideService       : Track Location for user internalUser536
2022-10-05 17:54:48.483  INFO 110320 --- [    Test worker] tourGuide.service.TourGuideService       : Track Location for user internalUser545
2022-10-05 17:54:48.483  INFO 110320 --- [    Test worker] tourGuide.service.TourGuideService       : Track Location for user internalUser787
2022-10-05 17:54:48.483  INFO 110320 --- [pool-7-thread-1] tourGuide.service.TourGuideService       : Track Location for user internalUser778
2022-10-05 17:54:48.484  INFO 110320 --- [pool-7-thread-1] tourGuide.service.TourGuideService       : Track Location for user internalUser537
2022-10-05 17:54:48.484  INFO 110320 --- [    Test worker] tourGuide.service.TourGuideService       : Track Location for user internalUser304
2022-10-05 17:54:48.484  INFO 110320 --- [    Test worker] tourGuide.service.TourGuideService       : Track Location for user internalUser546
2022-10-05 17:54:48.485  INFO 110320 --- [pool-7-thread-1] tourGuide.service.TourGuideService       : Track Location for user internalUser779
2022-10-05 17:54:48.485  INFO 110320 --- [pool-7-thread-1] tourGuide.service.TourGuideService       : Track Location for user internalUser780
2022-10-05 17:54:48.485  INFO 110320 --- [    Test worker] tourGuide.service.TourGuideService       : Track Location for user internalUser788
2022-10-05 17:54:48.486  INFO 110320 --- [    Test worker] tourGuide.service.TourGuideService       : Track Location for user internalUser301
2022-10-05 17:54:48.486  INFO 110320 --- [pool-7-thread-1] tourGuide.service.TourGuideService       : Track Location for user internalUser303
2022-10-05 17:54:48.487  INFO 110320 --- [    Test worker] tourGuide.service.TourGuideService       : Track Location for user internalUser543
2022-10-05 17:54:48.487  INFO 110320 --- [pool-7-thread-1] tourGuide.service.TourGuideService       : Track Location for user internalUser545
2022-10-05 17:54:48.488  INFO 110320 --- [pool-7-thread-1] tourGuide.service.TourGuideService       : Track Location for user internalUser787
2022-10-05 17:54:48.488  INFO 110320 --- [    Test worker] tourGuide.service.TourGuideService       : Track Location for user internalUser785
2022-10-05 17:54:48.489  INFO 110320 --- [    Test worker] tourGuide.service.TourGuideService       : Track Location for user internalUser302
2022-10-05 17:54:48.490  INFO 110320 --- [pool-7-thread-1] tourGuide.service.TourGuideService       : Track Location for user internalUser304
2022-10-05 17:54:48.491  INFO 110320 --- [pool-7-thread-1] tourGuide.service.TourGuideService       : Track Location for user internalUser546
2022-10-05 17:54:48.491  INFO 110320 --- [    Test worker] tourGuide.service.TourGuideService       : Track Location for user internalUser544
2022-10-05 17:54:48.494  INFO 110320 --- [    Test worker] tourGuide.service.TourGuideService       : Track Location for user internalUser786
2022-10-05 17:54:48.494  INFO 110320 --- [pool-7-thread-1] tourGuide.service.TourGuideService       : Track Location for user internalUser788
2022-10-05 17:54:48.496  INFO 110320 --- [pool-7-thread-1] tourGuide.service.TourGuideService       : Track Location for user internalUser301
2022-10-05 17:54:48.496  INFO 110320 --- [    Test worker] tourGuide.service.TourGuideService       : Track Location for user internalUser541
2022-10-05 17:54:48.501  INFO 110320 --- [    Test worker] tourGuide.service.TourGuideService       : Track Location for user internalUser783
2022-10-05 17:54:48.501  INFO 110320 --- [pool-7-thread-1] tourGuide.service.TourGuideService       : Track Location for user internalUser543
2022-10-05 17:54:48.504  INFO 110320 --- [pool-7-thread-1] tourGuide.service.TourGuideService       : Track Location for user internalUser785
2022-10-05 17:54:48.504  INFO 110320 --- [    Test worker] tourGuide.service.TourGuideService       : Track Location for user internalUser300
2022-10-05 17:54:48.504  INFO 110320 --- [pool-7-thread-1] tourGuide.service.TourGuideService       : Track Location for user internalUser302
2022-10-05 17:54:48.510  INFO 110320 --- [pool-7-thread-1] tourGuide.service.TourGuideService       : Track Location for user internalUser544
2022-10-05 17:54:48.510  INFO 110320 --- [    Test worker] tourGuide.service.TourGuideService       : Track Location for user internalUser542
2022-10-05 17:54:48.510  INFO 110320 --- [    Test worker] tourGuide.service.TourGuideService       : Track Location for user internalUser784
2022-10-05 17:54:48.516  INFO 110320 --- [    Test worker] tourGuide.service.TourGuideService       : Track Location for user internalUser781
2022-10-05 17:54:48.517  INFO 110320 --- [pool-7-thread-1] tourGuide.service.TourGuideService       : Track Location for user internalUser786
2022-10-05 17:54:48.534  INFO 110320 --- [pool-7-thread-1] tourGuide.service.TourGuideService       : Track Location for user internalUser541
2022-10-05 17:54:48.535  INFO 110320 --- [    Test worker] tourGuide.service.TourGuideService       : Track Location for user internalUser540
2022-10-05 17:54:48.544  INFO 110320 --- [    Test worker] tourGuide.service.TourGuideService       : Track Location for user internalUser782
2022-10-05 17:54:48.544  INFO 110320 --- [pool-7-thread-1] tourGuide.service.TourGuideService       : Track Location for user internalUser783
2022-10-05 17:54:48.550  INFO 110320 --- [    Test worker] tourGuide.service.TourGuideService       : Track Location for user internalUser309
2022-10-05 17:54:48.551  INFO 110320 --- [pool-7-thread-1] tourGuide.service.TourGuideService       : Track Location for user internalUser300
2022-10-05 17:54:48.551  INFO 110320 --- [pool-7-thread-1] tourGuide.service.TourGuideService       : Track Location for user internalUser542
2022-10-05 17:54:48.551  INFO 110320 --- [pool-7-thread-1] tourGuide.service.TourGuideService       : Track Location for user internalUser784
2022-10-05 17:54:48.551  INFO 110320 --- [    Test worker] tourGuide.service.TourGuideService       : Track Location for user internalUser307
2022-10-05 17:54:48.551  INFO 110320 --- [pool-7-thread-1] tourGuide.service.TourGuideService       : Track Location for user internalUser781
2022-10-05 17:54:48.551  INFO 110320 --- [pool-7-thread-1] tourGuide.service.TourGuideService       : Track Location for user internalUser540
2022-10-05 17:54:48.551  INFO 110320 --- [    Test worker] tourGuide.service.TourGuideService       : Track Location for user internalUser549
2022-10-05 17:54:48.551  INFO 110320 --- [pool-7-thread-1] tourGuide.service.TourGuideService       : Track Location for user internalUser782
2022-10-05 17:54:48.551  INFO 110320 --- [    Test worker] tourGuide.service.TourGuideService       : Track Location for user internalUser308
2022-10-05 17:54:48.552  INFO 110320 --- [pool-7-thread-1] tourGuide.service.TourGuideService       : Track Location for user internalUser309
2022-10-05 17:54:48.552  INFO 110320 --- [    Test worker] tourGuide.service.TourGuideService       : Track Location for user internalUser305
2022-10-05 17:54:48.552  INFO 110320 --- [pool-7-thread-1] tourGuide.service.TourGuideService       : Track Location for user internalUser307
2022-10-05 17:54:48.552  INFO 110320 --- [    Test worker] tourGuide.service.TourGuideService       : Track Location for user internalUser547
2022-10-05 17:54:48.561  INFO 110320 --- [    Test worker] tourGuide.service.TourGuideService       : Track Location for user internalUser789
2022-10-05 17:54:48.561  INFO 110320 --- [    Test worker] tourGuide.service.TourGuideService       : Track Location for user internalUser306
2022-10-05 17:54:48.561  INFO 110320 --- [    Test worker] tourGuide.service.TourGuideService       : Track Location for user internalUser548
2022-10-05 17:54:48.561  INFO 110320 --- [pool-7-thread-1] tourGuide.service.TourGuideService       : Track Location for user internalUser549
2022-10-05 17:54:48.561  INFO 110320 --- [    Test worker] tourGuide.service.TourGuideService       : Track Location for user internalUser790
2022-10-05 17:54:48.562  INFO 110320 --- [    Test worker] tourGuide.service.TourGuideService       : Track Location for user internalUser791
2022-10-05 17:54:48.562  INFO 110320 --- [    Test worker] tourGuide.service.TourGuideService       : Track Location for user internalUser314
2022-10-05 17:54:48.562  INFO 110320 --- [    Test worker] tourGuide.service.TourGuideService       : Track Location for user internalUser556
2022-10-05 17:54:48.562  INFO 110320 --- [    Test worker] tourGuide.service.TourGuideService       : Track Location for user internalUser798
2022-10-05 17:54:48.562  INFO 110320 --- [    Test worker] tourGuide.service.TourGuideService       : Track Location for user internalUser315
2022-10-05 17:54:48.562  INFO 110320 --- [    Test worker] tourGuide.service.TourGuideService       : Track Location for user internalUser557
2022-10-05 17:54:48.562  INFO 110320 --- [pool-7-thread-1] tourGuide.service.TourGuideService       : Track Location for user internalUser308
2022-10-05 17:54:48.562  INFO 110320 --- [    Test worker] tourGuide.service.TourGuideService       : Track Location for user internalUser799
2022-10-05 17:54:48.563  INFO 110320 --- [pool-7-thread-1] tourGuide.service.TourGuideService       : Track Location for user internalUser305
2022-10-05 17:54:48.563  INFO 110320 --- [    Test worker] tourGuide.service.TourGuideService       : Track Location for user internalUser312
2022-10-05 17:54:48.563  INFO 110320 --- [pool-7-thread-1] tourGuide.service.TourGuideService       : Track Location for user internalUser547
2022-10-05 17:54:48.563  INFO 110320 --- [    Test worker] tourGuide.service.TourGuideService       : Track Location for user internalUser554
2022-10-05 17:54:48.563  INFO 110320 --- [pool-7-thread-1] tourGuide.service.TourGuideService       : Track Location for user internalUser789
2022-10-05 17:54:48.563  INFO 110320 --- [    Test worker] tourGuide.service.TourGuideService       : Track Location for user internalUser796
2022-10-05 17:54:48.563  INFO 110320 --- [pool-7-thread-1] tourGuide.service.TourGuideService       : Track Location for user internalUser306
2022-10-05 17:54:48.563  INFO 110320 --- [    Test worker] tourGuide.service.TourGuideService       : Track Location for user internalUser313
2022-10-05 17:54:48.563  INFO 110320 --- [pool-7-thread-1] tourGuide.service.TourGuideService       : Track Location for user internalUser548
2022-10-05 17:54:48.563  INFO 110320 --- [    Test worker] tourGuide.service.TourGuideService       : Track Location for user internalUser555
2022-10-05 17:54:48.563  INFO 110320 --- [    Test worker] tourGuide.service.TourGuideService       : Track Location for user internalUser797
2022-10-05 17:54:48.564  INFO 110320 --- [pool-7-thread-1] tourGuide.service.TourGuideService       : Track Location for user internalUser790
2022-10-05 17:54:48.564  INFO 110320 --- [    Test worker] tourGuide.service.TourGuideService       : Track Location for user internalUser310
2022-10-05 17:54:48.564  INFO 110320 --- [pool-7-thread-1] tourGuide.service.TourGuideService       : Track Location for user internalUser791
2022-10-05 17:54:48.564  INFO 110320 --- [    Test worker] tourGuide.service.TourGuideService       : Track Location for user internalUser552
2022-10-05 17:54:48.564  INFO 110320 --- [pool-7-thread-1] tourGuide.service.TourGuideService       : Track Location for user internalUser314
2022-10-05 17:54:48.565  INFO 110320 --- [    Test worker] tourGuide.service.TourGuideService       : Track Location for user internalUser794
2022-10-05 17:54:48.565  INFO 110320 --- [pool-7-thread-1] tourGuide.service.TourGuideService       : Track Location for user internalUser556
2022-10-05 17:54:48.565  INFO 110320 --- [    Test worker] tourGuide.service.TourGuideService       : Track Location for user internalUser311
2022-10-05 17:54:48.565  INFO 110320 --- [    Test worker] tourGuide.service.TourGuideService       : Track Location for user internalUser553
2022-10-05 17:54:48.565  INFO 110320 --- [pool-7-thread-1] tourGuide.service.TourGuideService       : Track Location for user internalUser798
2022-10-05 17:54:48.565  INFO 110320 --- [pool-7-thread-1] tourGuide.service.TourGuideService       : Track Location for user internalUser315
2022-10-05 17:54:48.565  INFO 110320 --- [pool-7-thread-1] tourGuide.service.TourGuideService       : Track Location for user internalUser557
2022-10-05 17:54:48.565  INFO 110320 --- [pool-7-thread-1] tourGuide.service.TourGuideService       : Track Location for user internalUser799
2022-10-05 17:54:48.566  INFO 110320 --- [pool-7-thread-1] tourGuide.service.TourGuideService       : Track Location for user internalUser312
2022-10-05 17:54:48.566  INFO 110320 --- [    Test worker] tourGuide.service.TourGuideService       : Track Location for user internalUser795
2022-10-05 17:54:48.566  INFO 110320 --- [pool-7-thread-1] tourGuide.service.TourGuideService       : Track Location for user internalUser554
2022-10-05 17:54:48.566  INFO 110320 --- [    Test worker] tourGuide.service.TourGuideService       : Track Location for user internalUser550
2022-10-05 17:54:48.566  INFO 110320 --- [pool-7-thread-1] tourGuide.service.TourGuideService       : Track Location for user internalUser796
2022-10-05 17:54:48.566  INFO 110320 --- [    Test worker] tourGuide.service.TourGuideService       : Track Location for user internalUser792
2022-10-05 17:54:48.566  INFO 110320 --- [pool-7-thread-1] tourGuide.service.TourGuideService       : Track Location for user internalUser313
2022-10-05 17:54:48.566  INFO 110320 --- [    Test worker] tourGuide.service.TourGuideService       : Track Location for user internalUser551
2022-10-05 17:54:48.566  INFO 110320 --- [pool-7-thread-1] tourGuide.service.TourGuideService       : Track Location for user internalUser555
2022-10-05 17:54:48.566  INFO 110320 --- [    Test worker] tourGuide.service.TourGuideService       : Track Location for user internalUser793
2022-10-05 17:54:48.566  INFO 110320 --- [pool-7-thread-1] tourGuide.service.TourGuideService       : Track Location for user internalUser797
2022-10-05 17:54:48.567  INFO 110320 --- [    Test worker] tourGuide.service.TourGuideService       : Track Location for user internalUser318
2022-10-05 17:54:48.567  INFO 110320 --- [pool-7-thread-1] tourGuide.service.TourGuideService       : Track Location for user internalUser310
2022-10-05 17:54:48.567  INFO 110320 --- [    Test worker] tourGuide.service.TourGuideService       : Track Location for user internalUser319
2022-10-05 17:54:48.567  INFO 110320 --- [pool-7-thread-1] tourGuide.service.TourGuideService       : Track Location for user internalUser552
2022-10-05 17:54:48.567  INFO 110320 --- [    Test worker] tourGuide.service.TourGuideService       : Track Location for user internalUser316
2022-10-05 17:54:48.567  INFO 110320 --- [pool-7-thread-1] tourGuide.service.TourGuideService       : Track Location for user internalUser794
2022-10-05 17:54:48.567  INFO 110320 --- [    Test worker] tourGuide.service.TourGuideService       : Track Location for user internalUser558
2022-10-05 17:54:48.567  INFO 110320 --- [pool-7-thread-1] tourGuide.service.TourGuideService       : Track Location for user internalUser311
2022-10-05 17:54:48.567  INFO 110320 --- [    Test worker] tourGuide.service.TourGuideService       : Track Location for user internalUser317
2022-10-05 17:54:48.567  INFO 110320 --- [pool-7-thread-1] tourGuide.service.TourGuideService       : Track Location for user internalUser553
2022-10-05 17:54:48.568  INFO 110320 --- [    Test worker] tourGuide.service.TourGuideService       : Track Location for user internalUser559
2022-10-05 17:54:48.568  INFO 110320 --- [pool-7-thread-1] tourGuide.service.TourGuideService       : Track Location for user internalUser795
2022-10-05 17:54:48.568  INFO 110320 --- [    Test worker] tourGuide.service.TourGuideService       : Track Location for user internalUser600
2022-10-05 17:54:48.568  INFO 110320 --- [pool-7-thread-1] tourGuide.service.TourGuideService       : Track Location for user internalUser550
2022-10-05 17:54:48.568  INFO 110320 --- [pool-7-thread-1] tourGuide.service.TourGuideService       : Track Location for user internalUser792
2022-10-05 17:54:48.569  INFO 110320 --- [    Test worker] tourGuide.service.TourGuideService       : Track Location for user internalUser842
2022-10-05 17:54:48.569  INFO 110320 --- [pool-7-thread-1] tourGuide.service.TourGuideService       : Track Location for user internalUser551
2022-10-05 17:54:48.569  INFO 110320 --- [    Test worker] tourGuide.service.TourGuideService       : Track Location for user internalUser601
2022-10-05 17:54:48.569  INFO 110320 --- [pool-7-thread-1] tourGuide.service.TourGuideService       : Track Location for user internalUser793
2022-10-05 17:54:48.569  INFO 110320 --- [pool-7-thread-1] tourGuide.service.TourGuideService       : Track Location for user internalUser318
2022-10-05 17:54:48.569  INFO 110320 --- [    Test worker] tourGuide.service.TourGuideService       : Track Location for user internalUser843
2022-10-05 17:54:48.569  INFO 110320 --- [pool-7-thread-1] tourGuide.service.TourGuideService       : Track Location for user internalUser319
2022-10-05 17:54:48.569  INFO 110320 --- [pool-7-thread-1] tourGuide.service.TourGuideService       : Track Location for user internalUser316
2022-10-05 17:54:48.569  INFO 110320 --- [    Test worker] tourGuide.service.TourGuideService       : Track Location for user internalUser840
2022-10-05 17:54:48.569  INFO 110320 --- [pool-7-thread-1] tourGuide.service.TourGuideService       : Track Location for user internalUser558
2022-10-05 17:54:48.569  INFO 110320 --- [    Test worker] tourGuide.service.TourGuideService       : Track Location for user internalUser841
2022-10-05 17:54:48.570  INFO 110320 --- [pool-7-thread-1] tourGuide.service.TourGuideService       : Track Location for user internalUser317
2022-10-05 17:54:48.570  INFO 110320 --- [pool-7-thread-1] tourGuide.service.TourGuideService       : Track Location for user internalUser559
2022-10-05 17:54:48.570  INFO 110320 --- [    Test worker] tourGuide.service.TourGuideService       : Track Location for user internalUser608
2022-10-05 17:54:48.570  INFO 110320 --- [pool-7-thread-1] tourGuide.service.TourGuideService       : Track Location for user internalUser600
2022-10-05 17:54:48.570  INFO 110320 --- [    Test worker] tourGuide.service.TourGuideService       : Track Location for user internalUser609
2022-10-05 17:54:48.570  INFO 110320 --- [pool-7-thread-1] tourGuide.service.TourGuideService       : Track Location for user internalUser842
2022-10-05 17:54:48.570  INFO 110320 --- [    Test worker] tourGuide.service.TourGuideService       : Track Location for user internalUser606
2022-10-05 17:54:48.570  INFO 110320 --- [pool-7-thread-1] tourGuide.service.TourGuideService       : Track Location for user internalUser601
2022-10-05 17:54:48.571  INFO 110320 --- [pool-7-thread-1] tourGuide.service.TourGuideService       : Track Location for user internalUser843
2022-10-05 17:54:48.571  INFO 110320 --- [    Test worker] tourGuide.service.TourGuideService       : Track Location for user internalUser848
2022-10-05 17:54:48.571  INFO 110320 --- [pool-7-thread-1] tourGuide.service.TourGuideService       : Track Location for user internalUser840
2022-10-05 17:54:48.571  INFO 110320 --- [    Test worker] tourGuide.service.TourGuideService       : Track Location for user internalUser607
2022-10-05 17:54:48.571  INFO 110320 --- [pool-7-thread-1] tourGuide.service.TourGuideService       : Track Location for user internalUser841
2022-10-05 17:54:48.571  INFO 110320 --- [pool-7-thread-1] tourGuide.service.TourGuideService       : Track Location for user internalUser608
2022-10-05 17:54:48.571  INFO 110320 --- [    Test worker] tourGuide.service.TourGuideService       : Track Location for user internalUser849
2022-10-05 17:54:48.571  INFO 110320 --- [pool-7-thread-1] tourGuide.service.TourGuideService       : Track Location for user internalUser609
2022-10-05 17:54:48.571  INFO 110320 --- [pool-7-thread-1] tourGuide.service.TourGuideService       : Track Location for user internalUser606
2022-10-05 17:54:48.572  INFO 110320 --- [    Test worker] tourGuide.service.TourGuideService       : Track Location for user internalUser604
2022-10-05 17:54:48.572  INFO 110320 --- [    Test worker] tourGuide.service.TourGuideService       : Track Location for user internalUser846
2022-10-05 17:54:48.572  INFO 110320 --- [pool-7-thread-1] tourGuide.service.TourGuideService       : Track Location for user internalUser848
2022-10-05 17:54:48.572  INFO 110320 --- [pool-7-thread-1] tourGuide.service.TourGuideService       : Track Location for user internalUser607
2022-10-05 17:54:48.572  INFO 110320 --- [pool-7-thread-1] tourGuide.service.TourGuideService       : Track Location for user internalUser849
2022-10-05 17:54:48.572  INFO 110320 --- [pool-7-thread-1] tourGuide.service.TourGuideService       : Track Location for user internalUser604
2022-10-05 17:54:48.572  INFO 110320 --- [    Test worker] tourGuide.service.TourGuideService       : Track Location for user internalUser605
2022-10-05 17:54:48.572  INFO 110320 --- [pool-7-thread-1] tourGuide.service.TourGuideService       : Track Location for user internalUser846
2022-10-05 17:54:48.573  INFO 110320 --- [pool-7-thread-1] tourGuide.service.TourGuideService       : Track Location for user internalUser605
2022-10-05 17:54:48.573  INFO 110320 --- [    Test worker] tourGuide.service.TourGuideService       : Track Location for user internalUser847
2022-10-05 17:54:48.573  INFO 110320 --- [pool-7-thread-1] tourGuide.service.TourGuideService       : Track Location for user internalUser847
2022-10-05 17:54:48.573  INFO 110320 --- [    Test worker] tourGuide.service.TourGuideService       : Track Location for user internalUser602
2022-10-05 17:54:48.573  INFO 110320 --- [    Test worker] tourGuide.service.TourGuideService       : Track Location for user internalUser844
2022-10-05 17:54:48.573  INFO 110320 --- [    Test worker] tourGuide.service.TourGuideService       : Track Location for user internalUser603
2022-10-05 17:54:48.573  INFO 110320 --- [pool-7-thread-1] tourGuide.service.TourGuideService       : Track Location for user internalUser602
2022-10-05 17:54:48.573  INFO 110320 --- [pool-7-thread-1] tourGuide.service.TourGuideService       : Track Location for user internalUser844
2022-10-05 17:54:48.574  INFO 110320 --- [pool-7-thread-1] tourGuide.service.TourGuideService       : Track Location for user internalUser603
2022-10-05 17:54:48.574  INFO 110320 --- [pool-7-thread-1] tourGuide.service.TourGuideService       : Track Location for user internalUser845
2022-10-05 17:54:48.574  INFO 110320 --- [pool-7-thread-1] tourGuide.service.TourGuideService       : Track Location for user internalUser611
2022-10-05 17:54:48.574  INFO 110320 --- [pool-7-thread-1] tourGuide.service.TourGuideService       : Track Location for user internalUser853
2022-10-05 17:54:48.574  INFO 110320 --- [pool-7-thread-1] tourGuide.service.TourGuideService       : Track Location for user internalUser612
2022-10-05 17:54:48.574  INFO 110320 --- [pool-7-thread-1] tourGuide.service.TourGuideService       : Track Location for user internalUser854
2022-10-05 17:54:48.574  INFO 110320 --- [pool-7-thread-1] tourGuide.service.TourGuideService       : Track Location for user internalUser851
2022-10-05 17:54:48.574  INFO 110320 --- [    Test worker] tourGuide.service.TourGuideService       : Track Location for user internalUser845
2022-10-05 17:54:48.574  INFO 110320 --- [pool-7-thread-1] tourGuide.service.TourGuideService       : Track Location for user internalUser610
2022-10-05 17:54:48.574  INFO 110320 --- [    Test worker] tourGuide.service.TourGuideService       : Track Location for user internalUser611
2022-10-05 17:54:48.575  INFO 110320 --- [pool-7-thread-1] tourGuide.service.TourGuideService       : Track Location for user internalUser852
2022-10-05 17:54:48.575  INFO 110320 --- [    Test worker] tourGuide.service.TourGuideService       : Track Location for user internalUser853
2022-10-05 17:54:48.575  INFO 110320 --- [pool-7-thread-1] tourGuide.service.TourGuideService       : Track Location for user internalUser850
2022-10-05 17:54:48.575  INFO 110320 --- [    Test worker] tourGuide.service.TourGuideService       : Track Location for user internalUser612
2022-10-05 17:54:48.575  INFO 110320 --- [pool-7-thread-1] tourGuide.service.TourGuideService       : Track Location for user internalUser619
2022-10-05 17:54:48.575  INFO 110320 --- [    Test worker] tourGuide.service.TourGuideService       : Track Location for user internalUser854
2022-10-05 17:54:48.575  INFO 110320 --- [pool-7-thread-1] tourGuide.service.TourGuideService       : Track Location for user internalUser617
2022-10-05 17:54:48.575  INFO 110320 --- [    Test worker] tourGuide.service.TourGuideService       : Track Location for user internalUser851
2022-10-05 17:54:48.576  INFO 110320 --- [pool-7-thread-1] tourGuide.service.TourGuideService       : Track Location for user internalUser859
2022-10-05 17:54:48.576  INFO 110320 --- [pool-7-thread-1] tourGuide.service.TourGuideService       : Track Location for user internalUser618
2022-10-05 17:54:48.576  INFO 110320 --- [    Test worker] tourGuide.service.TourGuideService       : Track Location for user internalUser610
2022-10-05 17:54:48.576  INFO 110320 --- [    Test worker] tourGuide.service.TourGuideService       : Track Location for user internalUser852
2022-10-05 17:54:48.576  INFO 110320 --- [pool-7-thread-1] tourGuide.service.TourGuideService       : Track Location for user internalUser615
2022-10-05 17:54:48.576  INFO 110320 --- [pool-7-thread-1] tourGuide.service.TourGuideService       : Track Location for user internalUser857
2022-10-05 17:54:48.576  INFO 110320 --- [    Test worker] tourGuide.service.TourGuideService       : Track Location for user internalUser850
2022-10-05 17:54:48.576  INFO 110320 --- [pool-7-thread-1] tourGuide.service.TourGuideService       : Track Location for user internalUser616
2022-10-05 17:54:48.576  INFO 110320 --- [    Test worker] tourGuide.service.TourGuideService       : Track Location for user internalUser619
2022-10-05 17:54:48.576  INFO 110320 --- [pool-7-thread-1] tourGuide.service.TourGuideService       : Track Location for user internalUser858
2022-10-05 17:54:48.577  INFO 110320 --- [    Test worker] tourGuide.service.TourGuideService       : Track Location for user internalUser617
2022-10-05 17:54:48.577  INFO 110320 --- [pool-7-thread-1] tourGuide.service.TourGuideService       : Track Location for user internalUser613
2022-10-05 17:54:48.577  INFO 110320 --- [    Test worker] tourGuide.service.TourGuideService       : Track Location for user internalUser859
2022-10-05 17:54:48.577  INFO 110320 --- [pool-7-thread-1] tourGuide.service.TourGuideService       : Track Location for user internalUser855
2022-10-05 17:54:48.577  INFO 110320 --- [    Test worker] tourGuide.service.TourGuideService       : Track Location for user internalUser618
2022-10-05 17:54:48.577  INFO 110320 --- [pool-7-thread-1] tourGuide.service.TourGuideService       : Track Location for user internalUser614
2022-10-05 17:54:48.577  INFO 110320 --- [    Test worker] tourGuide.service.TourGuideService       : Track Location for user internalUser615
2022-10-05 17:54:48.577  INFO 110320 --- [pool-7-thread-1] tourGuide.service.TourGuideService       : Track Location for user internalUser856
2022-10-05 17:54:48.577  INFO 110320 --- [pool-7-thread-1] tourGuide.service.TourGuideService       : Track Location for user internalUser622
2022-10-05 17:54:48.577  INFO 110320 --- [pool-7-thread-1] tourGuide.service.TourGuideService       : Track Location for user internalUser864
2022-10-05 17:54:48.577  INFO 110320 --- [pool-7-thread-1] tourGuide.service.TourGuideService       : Track Location for user internalUser623
2022-10-05 17:54:48.578  INFO 110320 --- [    Test worker] tourGuide.service.TourGuideService       : Track Location for user internalUser857
2022-10-05 17:54:48.578  INFO 110320 --- [    Test worker] tourGuide.service.TourGuideService       : Track Location for user internalUser616
2022-10-05 17:54:48.578  INFO 110320 --- [pool-7-thread-1] tourGuide.service.TourGuideService       : Track Location for user internalUser865
2022-10-05 17:54:48.578  INFO 110320 --- [pool-7-thread-1] tourGuide.service.TourGuideService       : Track Location for user internalUser620
2022-10-05 17:54:48.578  INFO 110320 --- [    Test worker] tourGuide.service.TourGuideService       : Track Location for user internalUser858
2022-10-05 17:54:48.578  INFO 110320 --- [    Test worker] tourGuide.service.TourGuideService       : Track Location for user internalUser613
2022-10-05 17:54:48.579  INFO 110320 --- [pool-7-thread-1] tourGuide.service.TourGuideService       : Track Location for user internalUser862
2022-10-05 17:54:48.579  INFO 110320 --- [pool-7-thread-1] tourGuide.service.TourGuideService       : Track Location for user internalUser621
2022-10-05 17:54:48.579  INFO 110320 --- [pool-7-thread-1] tourGuide.service.TourGuideService       : Track Location for user internalUser863
2022-10-05 17:54:48.579  INFO 110320 --- [    Test worker] tourGuide.service.TourGuideService       : Track Location for user internalUser855
2022-10-05 17:54:48.579  INFO 110320 --- [pool-7-thread-1] tourGuide.service.TourGuideService       : Track Location for user internalUser860
2022-10-05 17:54:48.579  INFO 110320 --- [pool-7-thread-1] tourGuide.service.TourGuideService       : Track Location for user internalUser19
2022-10-05 17:54:48.579  INFO 110320 --- [pool-7-thread-1] tourGuide.service.TourGuideService       : Track Location for user internalUser861
2022-10-05 17:54:48.579  INFO 110320 --- [    Test worker] tourGuide.service.TourGuideService       : Track Location for user internalUser614
2022-10-05 17:54:48.580  INFO 110320 --- [    Test worker] tourGuide.service.TourGuideService       : Track Location for user internalUser856
2022-10-05 17:54:48.580  INFO 110320 --- [pool-7-thread-1] tourGuide.service.TourGuideService       : Track Location for user internalUser16
2022-10-05 17:54:48.580  INFO 110320 --- [pool-7-thread-1] tourGuide.service.TourGuideService       : Track Location for user internalUser15
2022-10-05 17:54:48.580  INFO 110320 --- [    Test worker] tourGuide.service.TourGuideService       : Track Location for user internalUser622
2022-10-05 17:54:48.580  INFO 110320 --- [    Test worker] tourGuide.service.TourGuideService       : Track Location for user internalUser864
2022-10-05 17:54:48.580  INFO 110320 --- [    Test worker] tourGuide.service.TourGuideService       : Track Location for user internalUser623
2022-10-05 17:54:48.580  INFO 110320 --- [pool-7-thread-1] tourGuide.service.TourGuideService       : Track Location for user internalUser18
2022-10-05 17:54:48.581  INFO 110320 --- [    Test worker] tourGuide.service.TourGuideService       : Track Location for user internalUser865
2022-10-05 17:54:48.581  INFO 110320 --- [pool-7-thread-1] tourGuide.service.TourGuideService       : Track Location for user internalUser628
2022-10-05 17:54:48.581  INFO 110320 --- [pool-7-thread-1] tourGuide.service.TourGuideService       : Track Location for user internalUser17
2022-10-05 17:54:48.581  INFO 110320 --- [pool-7-thread-1] tourGuide.service.TourGuideService       : Track Location for user internalUser629
2022-10-05 17:54:48.581  INFO 110320 --- [pool-7-thread-1] tourGuide.service.TourGuideService       : Track Location for user internalUser12
2022-10-05 17:54:48.581  INFO 110320 --- [pool-7-thread-1] tourGuide.service.TourGuideService       : Track Location for user internalUser626
2022-10-05 17:54:48.581  INFO 110320 --- [pool-7-thread-1] tourGuide.service.TourGuideService       : Track Location for user internalUser868
2022-10-05 17:54:48.581  INFO 110320 --- [    Test worker] tourGuide.service.TourGuideService       : Track Location for user internalUser620
2022-10-05 17:54:48.582  INFO 110320 --- [pool-7-thread-1] tourGuide.service.TourGuideService       : Track Location for user internalUser11
2022-10-05 17:54:48.582  INFO 110320 --- [pool-7-thread-1] tourGuide.service.TourGuideService       : Track Location for user internalUser627
2022-10-05 17:54:48.582  INFO 110320 --- [pool-7-thread-1] tourGuide.service.TourGuideService       : Track Location for user internalUser869
2022-10-05 17:54:48.582  INFO 110320 --- [    Test worker] tourGuide.service.TourGuideService       : Track Location for user internalUser862
2022-10-05 17:54:48.582  INFO 110320 --- [pool-7-thread-1] tourGuide.service.TourGuideService       : Track Location for user internalUser14
2022-10-05 17:54:48.582  INFO 110320 --- [    Test worker] tourGuide.service.TourGuideService       : Track Location for user internalUser621
2022-10-05 17:54:48.582  INFO 110320 --- [pool-7-thread-1] tourGuide.service.TourGuideService       : Track Location for user internalUser624
2022-10-05 17:54:48.582  INFO 110320 --- [    Test worker] tourGuide.service.TourGuideService       : Track Location for user internalUser863
2022-10-05 17:54:48.582  INFO 110320 --- [    Test worker] tourGuide.service.TourGuideService       : Track Location for user internalUser860
2022-10-05 17:54:48.582  INFO 110320 --- [pool-7-thread-1] tourGuide.service.TourGuideService       : Track Location for user internalUser866
2022-10-05 17:54:48.583  INFO 110320 --- [pool-7-thread-1] tourGuide.service.TourGuideService       : Track Location for user internalUser13
2022-10-05 17:54:48.583  INFO 110320 --- [pool-7-thread-1] tourGuide.service.TourGuideService       : Track Location for user internalUser625
2022-10-05 17:54:48.583  INFO 110320 --- [    Test worker] tourGuide.service.TourGuideService       : Track Location for user internalUser19
2022-10-05 17:54:48.583  INFO 110320 --- [pool-7-thread-1] tourGuide.service.TourGuideService       : Track Location for user internalUser867
2022-10-05 17:54:48.583  INFO 110320 --- [    Test worker] tourGuide.service.TourGuideService       : Track Location for user internalUser861
2022-10-05 17:54:48.583  INFO 110320 --- [pool-7-thread-1] tourGuide.service.TourGuideService       : Track Location for user internalUser10
2022-10-05 17:54:48.583  INFO 110320 --- [    Test worker] tourGuide.service.TourGuideService       : Track Location for user internalUser16
2022-10-05 17:54:48.583  INFO 110320 --- [pool-7-thread-1] tourGuide.service.TourGuideService       : Track Location for user internalUser633
2022-10-05 17:54:48.583  INFO 110320 --- [    Test worker] tourGuide.service.TourGuideService       : Track Location for user internalUser15
2022-10-05 17:54:48.583  INFO 110320 --- [pool-7-thread-1] tourGuide.service.TourGuideService       : Track Location for user internalUser875
2022-10-05 17:54:48.584  INFO 110320 --- [    Test worker] tourGuide.service.TourGuideService       : Track Location for user internalUser18
2022-10-05 17:54:48.584  INFO 110320 --- [    Test worker] tourGuide.service.TourGuideService       : Track Location for user internalUser628
2022-10-05 17:54:48.584  INFO 110320 --- [pool-7-thread-1] tourGuide.service.TourGuideService       : Track Location for user internalUser634
2022-10-05 17:54:48.584  INFO 110320 --- [    Test worker] tourGuide.service.TourGuideService       : Track Location for user internalUser17
2022-10-05 17:54:48.585  INFO 110320 --- [    Test worker] tourGuide.service.TourGuideService       : Track Location for user internalUser629
2022-10-05 17:54:48.585  INFO 110320 --- [pool-7-thread-1] tourGuide.service.TourGuideService       : Track Location for user internalUser876
2022-10-05 17:54:48.585  INFO 110320 --- [    Test worker] tourGuide.service.TourGuideService       : Track Location for user internalUser12
2022-10-05 17:54:48.585  INFO 110320 --- [    Test worker] tourGuide.service.TourGuideService       : Track Location for user internalUser626
2022-10-05 17:54:48.585  INFO 110320 --- [    Test worker] tourGuide.service.TourGuideService       : Track Location for user internalUser868
2022-10-05 17:54:48.585  INFO 110320 --- [pool-7-thread-1] tourGuide.service.TourGuideService       : Track Location for user internalUser631
2022-10-05 17:54:48.585  INFO 110320 --- [pool-7-thread-1] tourGuide.service.TourGuideService       : Track Location for user internalUser873
2022-10-05 17:54:48.585  INFO 110320 --- [    Test worker] tourGuide.service.TourGuideService       : Track Location for user internalUser11
2022-10-05 17:54:48.586  INFO 110320 --- [    Test worker] tourGuide.service.TourGuideService       : Track Location for user internalUser627
2022-10-05 17:54:48.586  INFO 110320 --- [pool-7-thread-1] tourGuide.service.TourGuideService       : Track Location for user internalUser632
2022-10-05 17:54:48.586  INFO 110320 --- [pool-7-thread-1] tourGuide.service.TourGuideService       : Track Location for user internalUser874
2022-10-05 17:54:48.586  INFO 110320 --- [pool-7-thread-1] tourGuide.service.TourGuideService       : Track Location for user internalUser871
2022-10-05 17:54:48.586  INFO 110320 --- [    Test worker] tourGuide.service.TourGuideService       : Track Location for user internalUser869
2022-10-05 17:54:48.586  INFO 110320 --- [pool-7-thread-1] tourGuide.service.TourGuideService       : Track Location for user internalUser630
2022-10-05 17:54:48.586  INFO 110320 --- [    Test worker] tourGuide.service.TourGuideService       : Track Location for user internalUser14
2022-10-05 17:54:48.586  INFO 110320 --- [pool-7-thread-1] tourGuide.service.TourGuideService       : Track Location for user internalUser872
2022-10-05 17:54:48.587  INFO 110320 --- [    Test worker] tourGuide.service.TourGuideService       : Track Location for user internalUser624
2022-10-05 17:54:48.587  INFO 110320 --- [pool-7-thread-1] tourGuide.service.TourGuideService       : Track Location for user internalUser870
2022-10-05 17:54:48.587  INFO 110320 --- [    Test worker] tourGuide.service.TourGuideService       : Track Location for user internalUser866
2022-10-05 17:54:48.587  INFO 110320 --- [pool-7-thread-1] tourGuide.service.TourGuideService       : Track Location for user internalUser27
2022-10-05 17:54:48.587  INFO 110320 --- [    Test worker] tourGuide.service.TourGuideService       : Track Location for user internalUser13
2022-10-05 17:54:48.588  INFO 110320 --- [pool-7-thread-1] tourGuide.service.TourGuideService       : Track Location for user internalUser26
2022-10-05 17:54:48.588  INFO 110320 --- [    Test worker] tourGuide.service.TourGuideService       : Track Location for user internalUser625
2022-10-05 17:54:48.588  INFO 110320 --- [pool-7-thread-1] tourGuide.service.TourGuideService       : Track Location for user internalUser29
2022-10-05 17:54:48.588  INFO 110320 --- [pool-7-thread-1] tourGuide.service.TourGuideService       : Track Location for user internalUser639
2022-10-05 17:54:48.588  INFO 110320 --- [    Test worker] tourGuide.service.TourGuideService       : Track Location for user internalUser867
2022-10-05 17:54:48.588  INFO 110320 --- [pool-7-thread-1] tourGuide.service.TourGuideService       : Track Location for user internalUser28
2022-10-05 17:54:48.588  INFO 110320 --- [pool-7-thread-1] tourGuide.service.TourGuideService       : Track Location for user internalUser23
2022-10-05 17:54:48.588  INFO 110320 --- [    Test worker] tourGuide.service.TourGuideService       : Track Location for user internalUser10
2022-10-05 17:54:48.588  INFO 110320 --- [pool-7-thread-1] tourGuide.service.TourGuideService       : Track Location for user internalUser637
2022-10-05 17:54:48.588  INFO 110320 --- [    Test worker] tourGuide.service.TourGuideService       : Track Location for user internalUser633
2022-10-05 17:54:48.588  INFO 110320 --- [pool-7-thread-1] tourGuide.service.TourGuideService       : Track Location for user internalUser879
2022-10-05 17:54:48.588  INFO 110320 --- [    Test worker] tourGuide.service.TourGuideService       : Track Location for user internalUser875
2022-10-05 17:54:48.589  INFO 110320 --- [pool-7-thread-1] tourGuide.service.TourGuideService       : Track Location for user internalUser22
2022-10-05 17:54:48.589  INFO 110320 --- [pool-7-thread-1] tourGuide.service.TourGuideService       : Track Location for user internalUser638
2022-10-05 17:54:48.589  INFO 110320 --- [    Test worker] tourGuide.service.TourGuideService       : Track Location for user internalUser634
2022-10-05 17:54:48.589  INFO 110320 --- [pool-7-thread-1] tourGuide.service.TourGuideService       : Track Location for user internalUser25
2022-10-05 17:54:48.589  INFO 110320 --- [pool-7-thread-1] tourGuide.service.TourGuideService       : Track Location for user internalUser635
2022-10-05 17:54:48.589  INFO 110320 --- [pool-7-thread-1] tourGuide.service.TourGuideService       : Track Location for user internalUser877
2022-10-05 17:54:48.589  INFO 110320 --- [    Test worker] tourGuide.service.TourGuideService       : Track Location for user internalUser876
2022-10-05 17:54:48.589  INFO 110320 --- [pool-7-thread-1] tourGuide.service.TourGuideService       : Track Location for user internalUser24
2022-10-05 17:54:48.589  INFO 110320 --- [    Test worker] tourGuide.service.TourGuideService       : Track Location for user internalUser631
2022-10-05 17:54:48.589  INFO 110320 --- [pool-7-thread-1] tourGuide.service.TourGuideService       : Track Location for user internalUser636
2022-10-05 17:54:48.590  INFO 110320 --- [pool-7-thread-1] tourGuide.service.TourGuideService       : Track Location for user internalUser878
2022-10-05 17:54:48.590  INFO 110320 --- [pool-7-thread-1] tourGuide.service.TourGuideService       : Track Location for user internalUser21
2022-10-05 17:54:48.590  INFO 110320 --- [pool-7-thread-1] tourGuide.service.TourGuideService       : Track Location for user internalUser20
2022-10-05 17:54:48.590  INFO 110320 --- [pool-7-thread-1] tourGuide.service.TourGuideService       : Track Location for user internalUser38
2022-10-05 17:54:48.591  INFO 110320 --- [    Test worker] tourGuide.service.TourGuideService       : Track Location for user internalUser873
2022-10-05 17:54:48.591  INFO 110320 --- [pool-7-thread-1] tourGuide.service.TourGuideService       : Track Location for user internalUser806
2022-10-05 17:54:48.591  INFO 110320 --- [    Test worker] tourGuide.service.TourGuideService       : Track Location for user internalUser632
2022-10-05 17:54:48.591  INFO 110320 --- [pool-7-thread-1] tourGuide.service.TourGuideService       : Track Location for user internalUser37
2022-10-05 17:54:48.591  INFO 110320 --- [pool-7-thread-1] tourGuide.service.TourGuideService       : Track Location for user internalUser807
2022-10-05 17:54:48.591  INFO 110320 --- [pool-7-thread-1] tourGuide.service.TourGuideService       : Track Location for user internalUser804
2022-10-05 17:54:48.591  INFO 110320 --- [pool-7-thread-1] tourGuide.service.TourGuideService       : Track Location for user internalUser39
2022-10-05 17:54:48.591  INFO 110320 --- [    Test worker] tourGuide.service.TourGuideService       : Track Location for user internalUser874
2022-10-05 17:54:48.591  INFO 110320 --- [pool-7-thread-1] tourGuide.service.TourGuideService       : Track Location for user internalUser805
2022-10-05 17:54:48.592  INFO 110320 --- [pool-7-thread-1] tourGuide.service.TourGuideService       : Track Location for user internalUser34
2022-10-05 17:54:48.592  INFO 110320 --- [    Test worker] tourGuide.service.TourGuideService       : Track Location for user internalUser871
2022-10-05 17:54:48.592  INFO 110320 --- [pool-7-thread-1] tourGuide.service.TourGuideService       : Track Location for user internalUser802
2022-10-05 17:54:48.592  INFO 110320 --- [    Test worker] tourGuide.service.TourGuideService       : Track Location for user internalUser630
2022-10-05 17:54:48.592  INFO 110320 --- [pool-7-thread-1] tourGuide.service.TourGuideService       : Track Location for user internalUser33
2022-10-05 17:54:48.592  INFO 110320 --- [pool-7-thread-1] tourGuide.service.TourGuideService       : Track Location for user internalUser803
2022-10-05 17:54:48.592  INFO 110320 --- [    Test worker] tourGuide.service.TourGuideService       : Track Location for user internalUser872
2022-10-05 17:54:48.592  INFO 110320 --- [    Test worker] tourGuide.service.TourGuideService       : Track Location for user internalUser870
2022-10-05 17:54:48.592  INFO 110320 --- [pool-7-thread-1] tourGuide.service.TourGuideService       : Track Location for user internalUser36
2022-10-05 17:54:48.592  INFO 110320 --- [pool-7-thread-1] tourGuide.service.TourGuideService       : Track Location for user internalUser800
2022-10-05 17:54:48.592  INFO 110320 --- [    Test worker] tourGuide.service.TourGuideService       : Track Location for user internalUser27
2022-10-05 17:54:48.593  INFO 110320 --- [    Test worker] tourGuide.service.TourGuideService       : Track Location for user internalUser26
2022-10-05 17:54:48.593  INFO 110320 --- [pool-7-thread-1] tourGuide.service.TourGuideService       : Track Location for user internalUser35
2022-10-05 17:54:48.593  INFO 110320 --- [    Test worker] tourGuide.service.TourGuideService       : Track Location for user internalUser29
2022-10-05 17:54:48.593  INFO 110320 --- [pool-7-thread-1] tourGuide.service.TourGuideService       : Track Location for user internalUser801
2022-10-05 17:54:48.593  INFO 110320 --- [pool-7-thread-1] tourGuide.service.TourGuideService       : Track Location for user internalUser30
2022-10-05 17:54:48.593  INFO 110320 --- [    Test worker] tourGuide.service.TourGuideService       : Track Location for user internalUser639
2022-10-05 17:54:48.593  INFO 110320 --- [pool-7-thread-1] tourGuide.service.TourGuideService       : Track Location for user internalUser32
2022-10-05 17:54:48.594  INFO 110320 --- [pool-7-thread-1] tourGuide.service.TourGuideService       : Track Location for user internalUser31
2022-10-05 17:54:48.594  INFO 110320 --- [pool-7-thread-1] tourGuide.service.TourGuideService       : Track Location for user internalUser808
2022-10-05 17:54:48.594  INFO 110320 --- [pool-7-thread-1] tourGuide.service.TourGuideService       : Track Location for user internalUser809
2022-10-05 17:54:48.594  INFO 110320 --- [pool-7-thread-1] tourGuide.service.TourGuideService       : Track Location for user internalUser810
2022-10-05 17:54:48.594  INFO 110320 --- [pool-7-thread-1] tourGuide.service.TourGuideService       : Track Location for user internalUser49
2022-10-05 17:54:48.594  INFO 110320 --- [    Test worker] tourGuide.service.TourGuideService       : Track Location for user internalUser28
2022-10-05 17:54:48.594  INFO 110320 --- [pool-7-thread-1] tourGuide.service.TourGuideService       : Track Location for user internalUser817
2022-10-05 17:54:48.594  INFO 110320 --- [    Test worker] tourGuide.service.TourGuideService       : Track Location for user internalUser23
2022-10-05 17:54:48.594  INFO 110320 --- [pool-7-thread-1] tourGuide.service.TourGuideService       : Track Location for user internalUser48
2022-10-05 17:54:48.595  INFO 110320 --- [    Test worker] tourGuide.service.TourGuideService       : Track Location for user internalUser637
2022-10-05 17:54:48.595  INFO 110320 --- [pool-7-thread-1] tourGuide.service.TourGuideService       : Track Location for user internalUser818
2022-10-05 17:54:48.595  INFO 110320 --- [    Test worker] tourGuide.service.TourGuideService       : Track Location for user internalUser879
2022-10-05 17:54:48.595  INFO 110320 --- [pool-7-thread-1] tourGuide.service.TourGuideService       : Track Location for user internalUser815
2022-10-05 17:54:48.595  INFO 110320 --- [    Test worker] tourGuide.service.TourGuideService       : Track Location for user internalUser22
2022-10-05 17:54:48.595  INFO 110320 --- [    Test worker] tourGuide.service.TourGuideService       : Track Location for user internalUser638
2022-10-05 17:54:48.595  INFO 110320 --- [pool-7-thread-1] tourGuide.service.TourGuideService       : Track Location for user internalUser816
2022-10-05 17:54:48.595  INFO 110320 --- [    Test worker] tourGuide.service.TourGuideService       : Track Location for user internalUser25
2022-10-05 17:54:48.595  INFO 110320 --- [pool-7-thread-1] tourGuide.service.TourGuideService       : Track Location for user internalUser45
2022-10-05 17:54:48.595  INFO 110320 --- [    Test worker] tourGuide.service.TourGuideService       : Track Location for user internalUser635
2022-10-05 17:54:48.596  INFO 110320 --- [pool-7-thread-1] tourGuide.service.TourGuideService       : Track Location for user internalUser813
2022-10-05 17:54:48.596  INFO 110320 --- [    Test worker] tourGuide.service.TourGuideService       : Track Location for user internalUser877
2022-10-05 17:54:48.596  INFO 110320 --- [pool-7-thread-1] tourGuide.service.TourGuideService       : Track Location for user internalUser44
2022-10-05 17:54:48.596  INFO 110320 --- [    Test worker] tourGuide.service.TourGuideService       : Track Location for user internalUser24
2022-10-05 17:54:48.596  INFO 110320 --- [pool-7-thread-1] tourGuide.service.TourGuideService       : Track Location for user internalUser814
2022-10-05 17:54:48.596  INFO 110320 --- [    Test worker] tourGuide.service.TourGuideService       : Track Location for user internalUser636
2022-10-05 17:54:48.596  INFO 110320 --- [    Test worker] tourGuide.service.TourGuideService       : Track Location for user internalUser878
2022-10-05 17:54:48.596  INFO 110320 --- [pool-7-thread-1] tourGuide.service.TourGuideService       : Track Location for user internalUser47
2022-10-05 17:54:48.596  INFO 110320 --- [    Test worker] tourGuide.service.TourGuideService       : Track Location for user internalUser21
2022-10-05 17:54:48.596  INFO 110320 --- [pool-7-thread-1] tourGuide.service.TourGuideService       : Track Location for user internalUser811
2022-10-05 17:54:48.597  INFO 110320 --- [    Test worker] tourGuide.service.TourGuideService       : Track Location for user internalUser20
2022-10-05 17:54:48.597  INFO 110320 --- [pool-7-thread-1] tourGuide.service.TourGuideService       : Track Location for user internalUser46
2022-10-05 17:54:48.597  INFO 110320 --- [    Test worker] tourGuide.service.TourGuideService       : Track Location for user internalUser38
2022-10-05 17:54:48.597  INFO 110320 --- [pool-7-thread-1] tourGuide.service.TourGuideService       : Track Location for user internalUser812
2022-10-05 17:54:48.597  INFO 110320 --- [    Test worker] tourGuide.service.TourGuideService       : Track Location for user internalUser806
2022-10-05 17:54:48.597  INFO 110320 --- [pool-7-thread-1] tourGuide.service.TourGuideService       : Track Location for user internalUser41
2022-10-05 17:54:48.597  INFO 110320 --- [pool-7-thread-1] tourGuide.service.TourGuideService       : Track Location for user internalUser40
2022-10-05 17:54:48.597  INFO 110320 --- [    Test worker] tourGuide.service.TourGuideService       : Track Location for user internalUser37
2022-10-05 17:54:48.598  INFO 110320 --- [pool-7-thread-1] tourGuide.service.TourGuideService       : Track Location for user internalUser43
2022-10-05 17:54:48.598  INFO 110320 --- [    Test worker] tourGuide.service.TourGuideService       : Track Location for user internalUser807
2022-10-05 17:54:48.598  INFO 110320 --- [pool-7-thread-1] tourGuide.service.TourGuideService       : Track Location for user internalUser42
2022-10-05 17:54:48.598  INFO 110320 --- [    Test worker] tourGuide.service.TourGuideService       : Track Location for user internalUser804
2022-10-05 17:54:48.598  INFO 110320 --- [pool-7-thread-1] tourGuide.service.TourGuideService       : Track Location for user internalUser819
2022-10-05 17:54:48.598  INFO 110320 --- [    Test worker] tourGuide.service.TourGuideService       : Track Location for user internalUser39
2022-10-05 17:54:48.598  INFO 110320 --- [pool-7-thread-1] tourGuide.service.TourGuideService       : Track Location for user internalUser820
2022-10-05 17:54:48.599  INFO 110320 --- [    Test worker] tourGuide.service.TourGuideService       : Track Location for user internalUser805
2022-10-05 17:54:48.599  INFO 110320 --- [pool-7-thread-1] tourGuide.service.TourGuideService       : Track Location for user internalUser821
2022-10-05 17:54:48.599  INFO 110320 --- [    Test worker] tourGuide.service.TourGuideService       : Track Location for user internalUser34
2022-10-05 17:54:48.599  INFO 110320 --- [    Test worker] tourGuide.service.TourGuideService       : Track Location for user internalUser802
2022-10-05 17:54:48.599  INFO 110320 --- [    Test worker] tourGuide.service.TourGuideService       : Track Location for user internalUser33
2022-10-05 17:54:48.599  INFO 110320 --- [    Test worker] tourGuide.service.TourGuideService       : Track Location for user internalUser803
2022-10-05 17:54:48.599  INFO 110320 --- [    Test worker] tourGuide.service.TourGuideService       : Track Location for user internalUser36
2022-10-05 17:54:48.599  INFO 110320 --- [    Test worker] tourGuide.service.TourGuideService       : Track Location for user internalUser800
2022-10-05 17:54:48.600  INFO 110320 --- [    Test worker] tourGuide.service.TourGuideService       : Track Location for user internalUser35
2022-10-05 17:54:48.600  INFO 110320 --- [    Test worker] tourGuide.service.TourGuideService       : Track Location for user internalUser801
2022-10-05 17:54:48.600  INFO 110320 --- [    Test worker] tourGuide.service.TourGuideService       : Track Location for user internalUser30
2022-10-05 17:54:48.600  INFO 110320 --- [pool-7-thread-1] tourGuide.service.TourGuideService       : Track Location for user internalUser828
2022-10-05 17:54:48.600  INFO 110320 --- [pool-7-thread-1] tourGuide.service.TourGuideService       : Track Location for user internalUser59
2022-10-05 17:54:48.600  INFO 110320 --- [    Test worker] tourGuide.service.TourGuideService       : Track Location for user internalUser32
2022-10-05 17:54:48.600  INFO 110320 --- [pool-7-thread-1] tourGuide.service.TourGuideService       : Track Location for user internalUser829
2022-10-05 17:54:48.601  INFO 110320 --- [pool-7-thread-1] tourGuide.service.TourGuideService       : Track Location for user internalUser826
2022-10-05 17:54:48.601  INFO 110320 --- [    Test worker] tourGuide.service.TourGuideService       : Track Location for user internalUser31
2022-10-05 17:54:48.601  INFO 110320 --- [pool-7-thread-1] tourGuide.service.TourGuideService       : Track Location for user internalUser827
2022-10-05 17:54:48.601  INFO 110320 --- [pool-7-thread-1] tourGuide.service.TourGuideService       : Track Location for user internalUser56
2022-10-05 17:54:48.601  INFO 110320 --- [    Test worker] tourGuide.service.TourGuideService       : Track Location for user internalUser808
2022-10-05 17:54:48.601  INFO 110320 --- [pool-7-thread-1] tourGuide.service.TourGuideService       : Track Location for user internalUser824
2022-10-05 17:54:48.601  INFO 110320 --- [    Test worker] tourGuide.service.TourGuideService       : Track Location for user internalUser809
2022-10-05 17:54:48.601  INFO 110320 --- [pool-7-thread-1] tourGuide.service.TourGuideService       : Track Location for user internalUser55
2022-10-05 17:54:48.601  INFO 110320 --- [    Test worker] tourGuide.service.TourGuideService       : Track Location for user internalUser810
2022-10-05 17:54:48.601  INFO 110320 --- [pool-7-thread-1] tourGuide.service.TourGuideService       : Track Location for user internalUser825
2022-10-05 17:54:48.601  INFO 110320 --- [    Test worker] tourGuide.service.TourGuideService       : Track Location for user internalUser49
2022-10-05 17:54:48.602  INFO 110320 --- [pool-7-thread-1] tourGuide.service.TourGuideService       : Track Location for user internalUser58
2022-10-05 17:54:48.602  INFO 110320 --- [    Test worker] tourGuide.service.TourGuideService       : Track Location for user internalUser817
2022-10-05 17:54:48.602  INFO 110320 --- [pool-7-thread-1] tourGuide.service.TourGuideService       : Track Location for user internalUser822
2022-10-05 17:54:48.602  INFO 110320 --- [    Test worker] tourGuide.service.TourGuideService       : Track Location for user internalUser48
2022-10-05 17:54:48.602  INFO 110320 --- [pool-7-thread-1] tourGuide.service.TourGuideService       : Track Location for user internalUser57
2022-10-05 17:54:48.602  INFO 110320 --- [pool-7-thread-1] tourGuide.service.TourGuideService       : Track Location for user internalUser823
2022-10-05 17:54:48.602  INFO 110320 --- [    Test worker] tourGuide.service.TourGuideService       : Track Location for user internalUser818
2022-10-05 17:54:48.602  INFO 110320 --- [pool-7-thread-1] tourGuide.service.TourGuideService       : Track Location for user internalUser52
2022-10-05 17:54:48.602  INFO 110320 --- [    Test worker] tourGuide.service.TourGuideService       : Track Location for user internalUser815
2022-10-05 17:54:48.603  INFO 110320 --- [pool-7-thread-1] tourGuide.service.TourGuideService       : Track Location for user internalUser51
2022-10-05 17:54:48.603  INFO 110320 --- [    Test worker] tourGuide.service.TourGuideService       : Track Location for user internalUser816
2022-10-05 17:54:48.603  INFO 110320 --- [pool-7-thread-1] tourGuide.service.TourGuideService       : Track Location for user internalUser54
2022-10-05 17:54:48.603  INFO 110320 --- [    Test worker] tourGuide.service.TourGuideService       : Track Location for user internalUser45
2022-10-05 17:54:48.603  INFO 110320 --- [pool-7-thread-1] tourGuide.service.TourGuideService       : Track Location for user internalUser53
2022-10-05 17:54:48.603  INFO 110320 --- [    Test worker] tourGuide.service.TourGuideService       : Track Location for user internalUser813
2022-10-05 17:54:48.603  INFO 110320 --- [    Test worker] tourGuide.service.TourGuideService       : Track Location for user internalUser44
2022-10-05 17:54:48.603  INFO 110320 --- [pool-7-thread-1] tourGuide.service.TourGuideService       : Track Location for user internalUser50
2022-10-05 17:54:48.603  INFO 110320 --- [    Test worker] tourGuide.service.TourGuideService       : Track Location for user internalUser814
2022-10-05 17:54:48.604  INFO 110320 --- [pool-7-thread-1] tourGuide.service.TourGuideService       : Track Location for user internalUser831
2022-10-05 17:54:48.604  INFO 110320 --- [    Test worker] tourGuide.service.TourGuideService       : Track Location for user internalUser47
2022-10-05 17:54:48.604  INFO 110320 --- [pool-7-thread-1] tourGuide.service.TourGuideService       : Track Location for user internalUser832
2022-10-05 17:54:48.604  INFO 110320 --- [    Test worker] tourGuide.service.TourGuideService       : Track Location for user internalUser811
2022-10-05 17:54:48.604  INFO 110320 --- [pool-7-thread-1] tourGuide.service.TourGuideService       : Track Location for user internalUser830
2022-10-05 17:54:48.604  INFO 110320 --- [    Test worker] tourGuide.service.TourGuideService       : Track Location for user internalUser46
2022-10-05 17:54:48.604  INFO 110320 --- [pool-7-thread-1] tourGuide.service.TourGuideService       : Track Location for user internalUser839
2022-10-05 17:54:48.604  INFO 110320 --- [pool-7-thread-1] tourGuide.service.TourGuideService       : Track Location for user internalUser837
2022-10-05 17:54:48.605  INFO 110320 --- [    Test worker] tourGuide.service.TourGuideService       : Track Location for user internalUser812
2022-10-05 17:54:48.605  INFO 110320 --- [pool-7-thread-1] tourGuide.service.TourGuideService       : Track Location for user internalUser838
2022-10-05 17:54:48.605  INFO 110320 --- [    Test worker] tourGuide.service.TourGuideService       : Track Location for user internalUser41
2022-10-05 17:54:48.605  INFO 110320 --- [pool-7-thread-1] tourGuide.service.TourGuideService       : Track Location for user internalUser67
2022-10-05 17:54:48.606  INFO 110320 --- [pool-7-thread-1] tourGuide.service.TourGuideService       : Track Location for user internalUser835
2022-10-05 17:54:48.606  INFO 110320 --- [    Test worker] tourGuide.service.TourGuideService       : Track Location for user internalUser40
2022-10-05 17:54:48.606  INFO 110320 --- [pool-7-thread-1] tourGuide.service.TourGuideService       : Track Location for user internalUser66
2022-10-05 17:54:48.606  INFO 110320 --- [pool-7-thread-1] tourGuide.service.TourGuideService       : Track Location for user internalUser836
2022-10-05 17:54:48.606  INFO 110320 --- [    Test worker] tourGuide.service.TourGuideService       : Track Location for user internalUser43
2022-10-05 17:54:48.606  INFO 110320 --- [pool-7-thread-1] tourGuide.service.TourGuideService       : Track Location for user internalUser69
2022-10-05 17:54:48.607  INFO 110320 --- [pool-7-thread-1] tourGuide.service.TourGuideService       : Track Location for user internalUser833
2022-10-05 17:54:48.607  INFO 110320 --- [pool-7-thread-1] tourGuide.service.TourGuideService       : Track Location for user internalUser68
2022-10-05 17:54:48.607  INFO 110320 --- [    Test worker] tourGuide.service.TourGuideService       : Track Location for user internalUser42
2022-10-05 17:54:48.607  INFO 110320 --- [    Test worker] tourGuide.service.TourGuideService       : Track Location for user internalUser819
2022-10-05 17:54:48.607  INFO 110320 --- [pool-7-thread-1] tourGuide.service.TourGuideService       : Track Location for user internalUser834
2022-10-05 17:54:48.607  INFO 110320 --- [pool-7-thread-1] tourGuide.service.TourGuideService       : Track Location for user internalUser63
2022-10-05 17:54:48.607  INFO 110320 --- [pool-7-thread-1] tourGuide.service.TourGuideService       : Track Location for user internalUser62
2022-10-05 17:54:48.607  INFO 110320 --- [pool-7-thread-1] tourGuide.service.TourGuideService       : Track Location for user internalUser65
2022-10-05 17:54:48.607  INFO 110320 --- [pool-7-thread-1] tourGuide.service.TourGuideService       : Track Location for user internalUser64
2022-10-05 17:54:48.607  INFO 110320 --- [    Test worker] tourGuide.service.TourGuideService       : Track Location for user internalUser820
2022-10-05 17:54:48.608  INFO 110320 --- [pool-7-thread-1] tourGuide.service.TourGuideService       : Track Location for user internalUser61
2022-10-05 17:54:48.608  INFO 110320 --- [    Test worker] tourGuide.service.TourGuideService       : Track Location for user internalUser821
2022-10-05 17:54:48.608  INFO 110320 --- [pool-7-thread-1] tourGuide.service.TourGuideService       : Track Location for user internalUser60
2022-10-05 17:54:48.609  INFO 110320 --- [pool-7-thread-1] tourGuide.service.TourGuideService       : Track Location for user internalUser78
2022-10-05 17:54:48.609  INFO 110320 --- [    Test worker] tourGuide.service.TourGuideService       : Track Location for user internalUser828
2022-10-05 17:54:48.609  INFO 110320 --- [pool-7-thread-1] tourGuide.service.TourGuideService       : Track Location for user internalUser77
2022-10-05 17:54:48.609  INFO 110320 --- [pool-7-thread-1] tourGuide.service.TourGuideService       : Track Location for user internalUser79
2022-10-05 17:54:48.609  INFO 110320 --- [pool-7-thread-1] tourGuide.service.TourGuideService       : Track Location for user internalUser74
2022-10-05 17:54:48.609  INFO 110320 --- [    Test worker] tourGuide.service.TourGuideService       : Track Location for user internalUser59
2022-10-05 17:54:48.609  INFO 110320 --- [    Test worker] tourGuide.service.TourGuideService       : Track Location for user internalUser829
2022-10-05 17:54:48.609  INFO 110320 --- [pool-7-thread-1] tourGuide.service.TourGuideService       : Track Location for user internalUser73
2022-10-05 17:54:48.609  INFO 110320 --- [    Test worker] tourGuide.service.TourGuideService       : Track Location for user internalUser826
2022-10-05 17:54:48.609  INFO 110320 --- [pool-7-thread-1] tourGuide.service.TourGuideService       : Track Location for user internalUser76
2022-10-05 17:54:48.609  INFO 110320 --- [    Test worker] tourGuide.service.TourGuideService       : Track Location for user internalUser827
2022-10-05 17:54:48.610  INFO 110320 --- [pool-7-thread-1] tourGuide.service.TourGuideService       : Track Location for user internalUser75
2022-10-05 17:54:48.610  INFO 110320 --- [    Test worker] tourGuide.service.TourGuideService       : Track Location for user internalUser56
2022-10-05 17:54:48.610  INFO 110320 --- [pool-7-thread-1] tourGuide.service.TourGuideService       : Track Location for user internalUser70
2022-10-05 17:54:48.610  INFO 110320 --- [    Test worker] tourGuide.service.TourGuideService       : Track Location for user internalUser824
2022-10-05 17:54:48.610  INFO 110320 --- [pool-7-thread-1] tourGuide.service.TourGuideService       : Track Location for user internalUser72
2022-10-05 17:54:48.610  INFO 110320 --- [    Test worker] tourGuide.service.TourGuideService       : Track Location for user internalUser55
2022-10-05 17:54:48.610  INFO 110320 --- [pool-7-thread-1] tourGuide.service.TourGuideService       : Track Location for user internalUser71
2022-10-05 17:54:48.610  INFO 110320 --- [    Test worker] tourGuide.service.TourGuideService       : Track Location for user internalUser825
2022-10-05 17:54:48.610  INFO 110320 --- [pool-7-thread-1] tourGuide.service.TourGuideService       : Track Location for user internalUser90
2022-10-05 17:54:48.610  INFO 110320 --- [pool-7-thread-1] tourGuide.service.TourGuideService       : Track Location for user internalUser89
2022-10-05 17:54:48.610  INFO 110320 --- [    Test worker] tourGuide.service.TourGuideService       : Track Location for user internalUser58
2022-10-05 17:54:48.610  INFO 110320 --- [pool-7-thread-1] tourGuide.service.TourGuideService       : Track Location for user internalUser88
2022-10-05 17:54:48.610  INFO 110320 --- [pool-7-thread-1] tourGuide.service.TourGuideService       : Track Location for user internalUser85
2022-10-05 17:54:48.611  INFO 110320 --- [    Test worker] tourGuide.service.TourGuideService       : Track Location for user internalUser822
2022-10-05 17:54:48.611  INFO 110320 --- [pool-7-thread-1] tourGuide.service.TourGuideService       : Track Location for user internalUser84
2022-10-05 17:54:48.612  INFO 110320 --- [    Test worker] tourGuide.service.TourGuideService       : Track Location for user internalUser57
2022-10-05 17:54:48.612  INFO 110320 --- [pool-7-thread-1] tourGuide.service.TourGuideService       : Track Location for user internalUser87
2022-10-05 17:54:48.612  INFO 110320 --- [    Test worker] tourGuide.service.TourGuideService       : Track Location for user internalUser823
2022-10-05 17:54:48.612  INFO 110320 --- [    Test worker] tourGuide.service.TourGuideService       : Track Location for user internalUser52
2022-10-05 17:54:48.612  INFO 110320 --- [pool-7-thread-1] tourGuide.service.TourGuideService       : Track Location for user internalUser86
2022-10-05 17:54:48.612  INFO 110320 --- [    Test worker] tourGuide.service.TourGuideService       : Track Location for user internalUser51
2022-10-05 17:54:48.612  INFO 110320 --- [pool-7-thread-1] tourGuide.service.TourGuideService       : Track Location for user internalUser81
2022-10-05 17:54:48.612  INFO 110320 --- [    Test worker] tourGuide.service.TourGuideService       : Track Location for user internalUser54
2022-10-05 17:54:48.612  INFO 110320 --- [pool-7-thread-1] tourGuide.service.TourGuideService       : Track Location for user internalUser80
2022-10-05 17:54:48.612  INFO 110320 --- [    Test worker] tourGuide.service.TourGuideService       : Track Location for user internalUser53
2022-10-05 17:54:48.612  INFO 110320 --- [pool-7-thread-1] tourGuide.service.TourGuideService       : Track Location for user internalUser83
2022-10-05 17:54:48.613  INFO 110320 --- [    Test worker] tourGuide.service.TourGuideService       : Track Location for user internalUser50
2022-10-05 17:54:48.613  INFO 110320 --- [pool-7-thread-1] tourGuide.service.TourGuideService       : Track Location for user internalUser82
2022-10-05 17:54:48.613  INFO 110320 --- [    Test worker] tourGuide.service.TourGuideService       : Track Location for user internalUser831
2022-10-05 17:54:48.613  INFO 110320 --- [pool-7-thread-1] tourGuide.service.TourGuideService       : Track Location for user internalUser99
2022-10-05 17:54:48.613  INFO 110320 --- [    Test worker] tourGuide.service.TourGuideService       : Track Location for user internalUser832
2022-10-05 17:54:48.613  INFO 110320 --- [pool-7-thread-1] tourGuide.service.TourGuideService       : Track Location for user internalUser96
2022-10-05 17:54:48.613  INFO 110320 --- [    Test worker] tourGuide.service.TourGuideService       : Track Location for user internalUser830
2022-10-05 17:54:48.613  INFO 110320 --- [pool-7-thread-1] tourGuide.service.TourGuideService       : Track Location for user internalUser95
2022-10-05 17:54:48.613  INFO 110320 --- [    Test worker] tourGuide.service.TourGuideService       : Track Location for user internalUser839
2022-10-05 17:54:48.614  INFO 110320 --- [pool-7-thread-1] tourGuide.service.TourGuideService       : Track Location for user internalUser98
2022-10-05 17:54:48.614  INFO 110320 --- [    Test worker] tourGuide.service.TourGuideService       : Track Location for user internalUser837
2022-10-05 17:54:48.614  INFO 110320 --- [pool-7-thread-1] tourGuide.service.TourGuideService       : Track Location for user internalUser97
2022-10-05 17:54:48.614  INFO 110320 --- [    Test worker] tourGuide.service.TourGuideService       : Track Location for user internalUser838
2022-10-05 17:54:48.615  INFO 110320 --- [    Test worker] tourGuide.service.TourGuideService       : Track Location for user internalUser67
2022-10-05 17:54:48.615  INFO 110320 --- [    Test worker] tourGuide.service.TourGuideService       : Track Location for user internalUser835
2022-10-05 17:54:48.615  INFO 110320 --- [    Test worker] tourGuide.service.TourGuideService       : Track Location for user internalUser66
2022-10-05 17:54:48.615  INFO 110320 --- [pool-7-thread-1] tourGuide.service.TourGuideService       : Track Location for user internalUser92
2022-10-05 17:54:48.615  INFO 110320 --- [    Test worker] tourGuide.service.TourGuideService       : Track Location for user internalUser836
2022-10-05 17:54:48.615  INFO 110320 --- [    Test worker] tourGuide.service.TourGuideService       : Track Location for user internalUser69
2022-10-05 17:54:48.615  INFO 110320 --- [pool-7-thread-1] tourGuide.service.TourGuideService       : Track Location for user internalUser91
2022-10-05 17:54:48.615  INFO 110320 --- [    Test worker] tourGuide.service.TourGuideService       : Track Location for user internalUser833
2022-10-05 17:54:48.615  INFO 110320 --- [    Test worker] tourGuide.service.TourGuideService       : Track Location for user internalUser68
2022-10-05 17:54:48.616  INFO 110320 --- [pool-7-thread-1] tourGuide.service.TourGuideService       : Track Location for user internalUser94
2022-10-05 17:54:48.616  INFO 110320 --- [    Test worker] tourGuide.service.TourGuideService       : Track Location for user internalUser834
2022-10-05 17:54:48.616  INFO 110320 --- [pool-7-thread-1] tourGuide.service.TourGuideService       : Track Location for user internalUser93
2022-10-05 17:54:48.616  INFO 110320 --- [    Test worker] tourGuide.service.TourGuideService       : Track Location for user internalUser63
2022-10-05 17:54:48.616  INFO 110320 --- [pool-7-thread-1] tourGuide.service.TourGuideService       : Track Location for user internalUser284
2022-10-05 17:54:48.616  INFO 110320 --- [    Test worker] tourGuide.service.TourGuideService       : Track Location for user internalUser62
2022-10-05 17:54:48.616  INFO 110320 --- [    Test worker] tourGuide.service.TourGuideService       : Track Location for user internalUser65
2022-10-05 17:54:48.616  INFO 110320 --- [pool-7-thread-1] tourGuide.service.TourGuideService       : Track Location for user internalUser285
2022-10-05 17:54:48.616  INFO 110320 --- [    Test worker] tourGuide.service.TourGuideService       : Track Location for user internalUser64
2022-10-05 17:54:48.617  INFO 110320 --- [pool-7-thread-1] tourGuide.service.TourGuideService       : Track Location for user internalUser282
2022-10-05 17:54:48.617  INFO 110320 --- [    Test worker] tourGuide.service.TourGuideService       : Track Location for user internalUser61
2022-10-05 17:54:48.617  INFO 110320 --- [pool-7-thread-1] tourGuide.service.TourGuideService       : Track Location for user internalUser283
2022-10-05 17:54:48.617  INFO 110320 --- [    Test worker] tourGuide.service.TourGuideService       : Track Location for user internalUser60
2022-10-05 17:54:48.617  INFO 110320 --- [pool-7-thread-1] tourGuide.service.TourGuideService       : Track Location for user internalUser280
2022-10-05 17:54:48.618  INFO 110320 --- [    Test worker] tourGuide.service.TourGuideService       : Track Location for user internalUser78
2022-10-05 17:54:48.618  INFO 110320 --- [pool-7-thread-1] tourGuide.service.TourGuideService       : Track Location for user internalUser281
2022-10-05 17:54:48.618  INFO 110320 --- [    Test worker] tourGuide.service.TourGuideService       : Track Location for user internalUser77
2022-10-05 17:54:48.618  INFO 110320 --- [pool-7-thread-1] tourGuide.service.TourGuideService       : Track Location for user internalUser288
2022-10-05 17:54:48.618  INFO 110320 --- [    Test worker] tourGuide.service.TourGuideService       : Track Location for user internalUser79
2022-10-05 17:54:48.618  INFO 110320 --- [pool-7-thread-1] tourGuide.service.TourGuideService       : Track Location for user internalUser289
2022-10-05 17:54:48.618  INFO 110320 --- [    Test worker] tourGuide.service.TourGuideService       : Track Location for user internalUser74
2022-10-05 17:54:48.618  INFO 110320 --- [pool-7-thread-1] tourGuide.service.TourGuideService       : Track Location for user internalUser286
2022-10-05 17:54:48.618  INFO 110320 --- [    Test worker] tourGuide.service.TourGuideService       : Track Location for user internalUser73
2022-10-05 17:54:48.618  INFO 110320 --- [pool-7-thread-1] tourGuide.service.TourGuideService       : Track Location for user internalUser287
2022-10-05 17:54:48.618  INFO 110320 --- [    Test worker] tourGuide.service.TourGuideService       : Track Location for user internalUser76
2022-10-05 17:54:48.618  INFO 110320 --- [pool-7-thread-1] tourGuide.service.TourGuideService       : Track Location for user internalUser295
2022-10-05 17:54:48.618  INFO 110320 --- [    Test worker] tourGuide.service.TourGuideService       : Track Location for user internalUser75
2022-10-05 17:54:48.619  INFO 110320 --- [pool-7-thread-1] tourGuide.service.TourGuideService       : Track Location for user internalUser296
2022-10-05 17:54:48.619  INFO 110320 --- [    Test worker] tourGuide.service.TourGuideService       : Track Location for user internalUser70
2022-10-05 17:54:48.619  INFO 110320 --- [pool-7-thread-1] tourGuide.service.TourGuideService       : Track Location for user internalUser293
2022-10-05 17:54:48.619  INFO 110320 --- [    Test worker] tourGuide.service.TourGuideService       : Track Location for user internalUser72
2022-10-05 17:54:48.619  INFO 110320 --- [pool-7-thread-1] tourGuide.service.TourGuideService       : Track Location for user internalUser294
2022-10-05 17:54:48.619  INFO 110320 --- [    Test worker] tourGuide.service.TourGuideService       : Track Location for user internalUser71
2022-10-05 17:54:48.619  INFO 110320 --- [pool-7-thread-1] tourGuide.service.TourGuideService       : Track Location for user internalUser291
2022-10-05 17:54:48.619  INFO 110320 --- [    Test worker] tourGuide.service.TourGuideService       : Track Location for user internalUser90
2022-10-05 17:54:48.619  INFO 110320 --- [pool-7-thread-1] tourGuide.service.TourGuideService       : Track Location for user internalUser292
2022-10-05 17:54:48.619  INFO 110320 --- [    Test worker] tourGuide.service.TourGuideService       : Track Location for user internalUser89
2022-10-05 17:54:48.619  INFO 110320 --- [pool-7-thread-1] tourGuide.service.TourGuideService       : Track Location for user internalUser290
2022-10-05 17:54:48.620  INFO 110320 --- [    Test worker] tourGuide.service.TourGuideService       : Track Location for user internalUser88
2022-10-05 17:54:48.620  INFO 110320 --- [pool-7-thread-1] tourGuide.service.TourGuideService       : Track Location for user internalUser299
2022-10-05 17:54:48.620  INFO 110320 --- [    Test worker] tourGuide.service.TourGuideService       : Track Location for user internalUser85
2022-10-05 17:54:48.620  INFO 110320 --- [pool-7-thread-1] tourGuide.service.TourGuideService       : Track Location for user internalUser297
2022-10-05 17:54:48.620  INFO 110320 --- [    Test worker] tourGuide.service.TourGuideService       : Track Location for user internalUser84
2022-10-05 17:54:48.620  INFO 110320 --- [pool-7-thread-1] tourGuide.service.TourGuideService       : Track Location for user internalUser298
2022-10-05 17:54:48.620  INFO 110320 --- [    Test worker] tourGuide.service.TourGuideService       : Track Location for user internalUser87
2022-10-05 17:54:48.620  INFO 110320 --- [pool-7-thread-1] tourGuide.service.TourGuideService       : Track Location for user internalUser240
2022-10-05 17:54:48.621  INFO 110320 --- [    Test worker] tourGuide.service.TourGuideService       : Track Location for user internalUser86
2022-10-05 17:54:48.621  INFO 110320 --- [pool-7-thread-1] tourGuide.service.TourGuideService       : Track Location for user internalUser482
2022-10-05 17:54:48.621  INFO 110320 --- [    Test worker] tourGuide.service.TourGuideService       : Track Location for user internalUser81
2022-10-05 17:54:48.621  INFO 110320 --- [pool-7-thread-1] tourGuide.service.TourGuideService       : Track Location for user internalUser241
2022-10-05 17:54:48.621  INFO 110320 --- [    Test worker] tourGuide.service.TourGuideService       : Track Location for user internalUser80
2022-10-05 17:54:48.621  INFO 110320 --- [pool-7-thread-1] tourGuide.service.TourGuideService       : Track Location for user internalUser483
2022-10-05 17:54:48.621  INFO 110320 --- [    Test worker] tourGuide.service.TourGuideService       : Track Location for user internalUser83
2022-10-05 17:54:48.621  INFO 110320 --- [pool-7-thread-1] tourGuide.service.TourGuideService       : Track Location for user internalUser480
2022-10-05 17:54:48.621  INFO 110320 --- [    Test worker] tourGuide.service.TourGuideService       : Track Location for user internalUser82
2022-10-05 17:54:48.621  INFO 110320 --- [pool-7-thread-1] tourGuide.service.TourGuideService       : Track Location for user internalUser481
2022-10-05 17:54:48.621  INFO 110320 --- [    Test worker] tourGuide.service.TourGuideService       : Track Location for user internalUser99
2022-10-05 17:54:48.621  INFO 110320 --- [pool-7-thread-1] tourGuide.service.TourGuideService       : Track Location for user internalUser248
2022-10-05 17:54:48.621  INFO 110320 --- [    Test worker] tourGuide.service.TourGuideService       : Track Location for user internalUser96
2022-10-05 17:54:48.622  INFO 110320 --- [pool-7-thread-1] tourGuide.service.TourGuideService       : Track Location for user internalUser249
2022-10-05 17:54:48.622  INFO 110320 --- [    Test worker] tourGuide.service.TourGuideService       : Track Location for user internalUser95
2022-10-05 17:54:48.622  INFO 110320 --- [pool-7-thread-1] tourGuide.service.TourGuideService       : Track Location for user internalUser246
2022-10-05 17:54:48.622  INFO 110320 --- [    Test worker] tourGuide.service.TourGuideService       : Track Location for user internalUser98
2022-10-05 17:54:48.622  INFO 110320 --- [pool-7-thread-1] tourGuide.service.TourGuideService       : Track Location for user internalUser488
2022-10-05 17:54:48.622  INFO 110320 --- [    Test worker] tourGuide.service.TourGuideService       : Track Location for user internalUser97
2022-10-05 17:54:48.622  INFO 110320 --- [pool-7-thread-1] tourGuide.service.TourGuideService       : Track Location for user internalUser247
2022-10-05 17:54:48.622  INFO 110320 --- [    Test worker] tourGuide.service.TourGuideService       : Track Location for user internalUser92
2022-10-05 17:54:48.622  INFO 110320 --- [pool-7-thread-1] tourGuide.service.TourGuideService       : Track Location for user internalUser489
2022-10-05 17:54:48.622  INFO 110320 --- [    Test worker] tourGuide.service.TourGuideService       : Track Location for user internalUser91
2022-10-05 17:54:48.622  INFO 110320 --- [pool-7-thread-1] tourGuide.service.TourGuideService       : Track Location for user internalUser244
2022-10-05 17:54:48.623  INFO 110320 --- [    Test worker] tourGuide.service.TourGuideService       : Track Location for user internalUser94
2022-10-05 17:54:48.623  INFO 110320 --- [pool-7-thread-1] tourGuide.service.TourGuideService       : Track Location for user internalUser486
2022-10-05 17:54:48.623  INFO 110320 --- [    Test worker] tourGuide.service.TourGuideService       : Track Location for user internalUser93
2022-10-05 17:54:48.623  INFO 110320 --- [pool-7-thread-1] tourGuide.service.TourGuideService       : Track Location for user internalUser245
2022-10-05 17:54:48.623  INFO 110320 --- [    Test worker] tourGuide.service.TourGuideService       : Track Location for user internalUser284
2022-10-05 17:54:48.623  INFO 110320 --- [pool-7-thread-1] tourGuide.service.TourGuideService       : Track Location for user internalUser487
2022-10-05 17:54:48.623  INFO 110320 --- [    Test worker] tourGuide.service.TourGuideService       : Track Location for user internalUser285
2022-10-05 17:54:48.623  INFO 110320 --- [pool-7-thread-1] tourGuide.service.TourGuideService       : Track Location for user internalUser242
2022-10-05 17:54:48.624  INFO 110320 --- [    Test worker] tourGuide.service.TourGuideService       : Track Location for user internalUser282
2022-10-05 17:54:48.624  INFO 110320 --- [pool-7-thread-1] tourGuide.service.TourGuideService       : Track Location for user internalUser484
2022-10-05 17:54:48.624  INFO 110320 --- [    Test worker] tourGuide.service.TourGuideService       : Track Location for user internalUser283
2022-10-05 17:54:48.624  INFO 110320 --- [pool-7-thread-1] tourGuide.service.TourGuideService       : Track Location for user internalUser243
2022-10-05 17:54:48.624  INFO 110320 --- [    Test worker] tourGuide.service.TourGuideService       : Track Location for user internalUser280
2022-10-05 17:54:48.624  INFO 110320 --- [pool-7-thread-1] tourGuide.service.TourGuideService       : Track Location for user internalUser485
2022-10-05 17:54:48.624  INFO 110320 --- [    Test worker] tourGuide.service.TourGuideService       : Track Location for user internalUser281
2022-10-05 17:54:48.624  INFO 110320 --- [pool-7-thread-1] tourGuide.service.TourGuideService       : Track Location for user internalUser251
2022-10-05 17:54:48.624  INFO 110320 --- [    Test worker] tourGuide.service.TourGuideService       : Track Location for user internalUser288
2022-10-05 17:54:48.625  INFO 110320 --- [pool-7-thread-1] tourGuide.service.TourGuideService       : Track Location for user internalUser493
2022-10-05 17:54:48.625  INFO 110320 --- [    Test worker] tourGuide.service.TourGuideService       : Track Location for user internalUser289
2022-10-05 17:54:48.625  INFO 110320 --- [pool-7-thread-1] tourGuide.service.TourGuideService       : Track Location for user internalUser252
2022-10-05 17:54:48.625  INFO 110320 --- [    Test worker] tourGuide.service.TourGuideService       : Track Location for user internalUser286
2022-10-05 17:54:48.625  INFO 110320 --- [pool-7-thread-1] tourGuide.service.TourGuideService       : Track Location for user internalUser494
2022-10-05 17:54:48.625  INFO 110320 --- [    Test worker] tourGuide.service.TourGuideService       : Track Location for user internalUser287
2022-10-05 17:54:48.625  INFO 110320 --- [pool-7-thread-1] tourGuide.service.TourGuideService       : Track Location for user internalUser491
2022-10-05 17:54:48.625  INFO 110320 --- [    Test worker] tourGuide.service.TourGuideService       : Track Location for user internalUser295
2022-10-05 17:54:48.625  INFO 110320 --- [pool-7-thread-1] tourGuide.service.TourGuideService       : Track Location for user internalUser250
2022-10-05 17:54:48.625  INFO 110320 --- [    Test worker] tourGuide.service.TourGuideService       : Track Location for user internalUser296
2022-10-05 17:54:48.625  INFO 110320 --- [pool-7-thread-1] tourGuide.service.TourGuideService       : Track Location for user internalUser492
2022-10-05 17:54:48.625  INFO 110320 --- [    Test worker] tourGuide.service.TourGuideService       : Track Location for user internalUser293
2022-10-05 17:54:48.625  INFO 110320 --- [pool-7-thread-1] tourGuide.service.TourGuideService       : Track Location for user internalUser490
2022-10-05 17:54:48.625  INFO 110320 --- [    Test worker] tourGuide.service.TourGuideService       : Track Location for user internalUser294
2022-10-05 17:54:48.626  INFO 110320 --- [pool-7-thread-1] tourGuide.service.TourGuideService       : Track Location for user internalUser259
2022-10-05 17:54:48.626  INFO 110320 --- [    Test worker] tourGuide.service.TourGuideService       : Track Location for user internalUser291
2022-10-05 17:54:48.626  INFO 110320 --- [pool-7-thread-1] tourGuide.service.TourGuideService       : Track Location for user internalUser257
2022-10-05 17:54:48.626  INFO 110320 --- [    Test worker] tourGuide.service.TourGuideService       : Track Location for user internalUser292
2022-10-05 17:54:48.626  INFO 110320 --- [pool-7-thread-1] tourGuide.service.TourGuideService       : Track Location for user internalUser499
2022-10-05 17:54:48.626  INFO 110320 --- [    Test worker] tourGuide.service.TourGuideService       : Track Location for user internalUser290
2022-10-05 17:54:48.627  INFO 110320 --- [pool-7-thread-1] tourGuide.service.TourGuideService       : Track Location for user internalUser258
2022-10-05 17:54:48.627  INFO 110320 --- [    Test worker] tourGuide.service.TourGuideService       : Track Location for user internalUser299
2022-10-05 17:54:48.627  INFO 110320 --- [pool-7-thread-1] tourGuide.service.TourGuideService       : Track Location for user internalUser255
2022-10-05 17:54:48.627  INFO 110320 --- [    Test worker] tourGuide.service.TourGuideService       : Track Location for user internalUser297
2022-10-05 17:54:48.627  INFO 110320 --- [pool-7-thread-1] tourGuide.service.TourGuideService       : Track Location for user internalUser497
2022-10-05 17:54:48.627  INFO 110320 --- [    Test worker] tourGuide.service.TourGuideService       : Track Location for user internalUser298
2022-10-05 17:54:48.627  INFO 110320 --- [pool-7-thread-1] tourGuide.service.TourGuideService       : Track Location for user internalUser256
2022-10-05 17:54:48.627  INFO 110320 --- [    Test worker] tourGuide.service.TourGuideService       : Track Location for user internalUser240
2022-10-05 17:54:48.627  INFO 110320 --- [pool-7-thread-1] tourGuide.service.TourGuideService       : Track Location for user internalUser498
2022-10-05 17:54:48.627  INFO 110320 --- [    Test worker] tourGuide.service.TourGuideService       : Track Location for user internalUser482
2022-10-05 17:54:48.627  INFO 110320 --- [pool-7-thread-1] tourGuide.service.TourGuideService       : Track Location for user internalUser253
2022-10-05 17:54:48.627  INFO 110320 --- [    Test worker] tourGuide.service.TourGuideService       : Track Location for user internalUser241
2022-10-05 17:54:48.628  INFO 110320 --- [pool-7-thread-1] tourGuide.service.TourGuideService       : Track Location for user internalUser495
2022-10-05 17:54:48.628  INFO 110320 --- [    Test worker] tourGuide.service.TourGuideService       : Track Location for user internalUser483
2022-10-05 17:54:48.628  INFO 110320 --- [pool-7-thread-1] tourGuide.service.TourGuideService       : Track Location for user internalUser254
2022-10-05 17:54:48.628  INFO 110320 --- [    Test worker] tourGuide.service.TourGuideService       : Track Location for user internalUser480
2022-10-05 17:54:48.628  INFO 110320 --- [pool-7-thread-1] tourGuide.service.TourGuideService       : Track Location for user internalUser496
2022-10-05 17:54:48.628  INFO 110320 --- [    Test worker] tourGuide.service.TourGuideService       : Track Location for user internalUser481
2022-10-05 17:54:48.628  INFO 110320 --- [pool-7-thread-1] tourGuide.service.TourGuideService       : Track Location for user internalUser262
2022-10-05 17:54:48.628  INFO 110320 --- [    Test worker] tourGuide.service.TourGuideService       : Track Location for user internalUser248
2022-10-05 17:54:48.628  INFO 110320 --- [pool-7-thread-1] tourGuide.service.TourGuideService       : Track Location for user internalUser263
2022-10-05 17:54:48.628  INFO 110320 --- [    Test worker] tourGuide.service.TourGuideService       : Track Location for user internalUser249
2022-10-05 17:54:48.628  INFO 110320 --- [pool-7-thread-1] tourGuide.service.TourGuideService       : Track Location for user internalUser260
2022-10-05 17:54:48.628  INFO 110320 --- [    Test worker] tourGuide.service.TourGuideService       : Track Location for user internalUser246
2022-10-05 17:54:48.629  INFO 110320 --- [pool-7-thread-1] tourGuide.service.TourGuideService       : Track Location for user internalUser261
2022-10-05 17:54:48.629  INFO 110320 --- [    Test worker] tourGuide.service.TourGuideService       : Track Location for user internalUser488
2022-10-05 17:54:48.629  INFO 110320 --- [pool-7-thread-1] tourGuide.service.TourGuideService       : Track Location for user internalUser268
2022-10-05 17:54:48.629  INFO 110320 --- [    Test worker] tourGuide.service.TourGuideService       : Track Location for user internalUser247
2022-10-05 17:54:48.629  INFO 110320 --- [pool-7-thread-1] tourGuide.service.TourGuideService       : Track Location for user internalUser269
2022-10-05 17:54:48.629  INFO 110320 --- [    Test worker] tourGuide.service.TourGuideService       : Track Location for user internalUser489
2022-10-05 17:54:48.629  INFO 110320 --- [pool-7-thread-1] tourGuide.service.TourGuideService       : Track Location for user internalUser266
2022-10-05 17:54:48.629  INFO 110320 --- [    Test worker] tourGuide.service.TourGuideService       : Track Location for user internalUser244
2022-10-05 17:54:48.630  INFO 110320 --- [pool-7-thread-1] tourGuide.service.TourGuideService       : Track Location for user internalUser267
2022-10-05 17:54:48.630  INFO 110320 --- [    Test worker] tourGuide.service.TourGuideService       : Track Location for user internalUser486
2022-10-05 17:54:48.630  INFO 110320 --- [pool-7-thread-1] tourGuide.service.TourGuideService       : Track Location for user internalUser264
2022-10-05 17:54:48.630  INFO 110320 --- [    Test worker] tourGuide.service.TourGuideService       : Track Location for user internalUser245
2022-10-05 17:54:48.630  INFO 110320 --- [pool-7-thread-1] tourGuide.service.TourGuideService       : Track Location for user internalUser265
2022-10-05 17:54:48.630  INFO 110320 --- [    Test worker] tourGuide.service.TourGuideService       : Track Location for user internalUser487
2022-10-05 17:54:48.630  INFO 110320 --- [pool-7-thread-1] tourGuide.service.TourGuideService       : Track Location for user internalUser273
2022-10-05 17:54:48.630  INFO 110320 --- [    Test worker] tourGuide.service.TourGuideService       : Track Location for user internalUser242
2022-10-05 17:54:48.630  INFO 110320 --- [pool-7-thread-1] tourGuide.service.TourGuideService       : Track Location for user internalUser274
2022-10-05 17:54:48.630  INFO 110320 --- [    Test worker] tourGuide.service.TourGuideService       : Track Location for user internalUser484
2022-10-05 17:54:48.631  INFO 110320 --- [pool-7-thread-1] tourGuide.service.TourGuideService       : Track Location for user internalUser271
2022-10-05 17:54:48.631  INFO 110320 --- [    Test worker] tourGuide.service.TourGuideService       : Track Location for user internalUser243
2022-10-05 17:54:48.631  INFO 110320 --- [pool-7-thread-1] tourGuide.service.TourGuideService       : Track Location for user internalUser272
2022-10-05 17:54:48.631  INFO 110320 --- [    Test worker] tourGuide.service.TourGuideService       : Track Location for user internalUser485
2022-10-05 17:54:48.631  INFO 110320 --- [pool-7-thread-1] tourGuide.service.TourGuideService       : Track Location for user internalUser270
2022-10-05 17:54:48.631  INFO 110320 --- [    Test worker] tourGuide.service.TourGuideService       : Track Location for user internalUser251
2022-10-05 17:54:48.631  INFO 110320 --- [pool-7-thread-1] tourGuide.service.TourGuideService       : Track Location for user internalUser279
2022-10-05 17:54:48.631  INFO 110320 --- [    Test worker] tourGuide.service.TourGuideService       : Track Location for user internalUser493
2022-10-05 17:54:48.631  INFO 110320 --- [pool-7-thread-1] tourGuide.service.TourGuideService       : Track Location for user internalUser277
2022-10-05 17:54:48.631  INFO 110320 --- [    Test worker] tourGuide.service.TourGuideService       : Track Location for user internalUser252
2022-10-05 17:54:48.631  INFO 110320 --- [pool-7-thread-1] tourGuide.service.TourGuideService       : Track Location for user internalUser278
2022-10-05 17:54:48.631  INFO 110320 --- [    Test worker] tourGuide.service.TourGuideService       : Track Location for user internalUser494
2022-10-05 17:54:48.631  INFO 110320 --- [pool-7-thread-1] tourGuide.service.TourGuideService       : Track Location for user internalUser275
2022-10-05 17:54:48.631  INFO 110320 --- [    Test worker] tourGuide.service.TourGuideService       : Track Location for user internalUser491
2022-10-05 17:54:48.632  INFO 110320 --- [pool-7-thread-1] tourGuide.service.TourGuideService       : Track Location for user internalUser276
2022-10-05 17:54:48.632  INFO 110320 --- [    Test worker] tourGuide.service.TourGuideService       : Track Location for user internalUser250
2022-10-05 17:54:48.632  INFO 110320 --- [pool-7-thread-1] tourGuide.service.TourGuideService       : Track Location for user internalUser680
2022-10-05 17:54:48.632  INFO 110320 --- [    Test worker] tourGuide.service.TourGuideService       : Track Location for user internalUser492
2022-10-05 17:54:48.632  INFO 110320 --- [pool-7-thread-1] tourGuide.service.TourGuideService       : Track Location for user internalUser681
2022-10-05 17:54:48.632  INFO 110320 --- [    Test worker] tourGuide.service.TourGuideService       : Track Location for user internalUser490
2022-10-05 17:54:48.632  INFO 110320 --- [pool-7-thread-1] tourGuide.service.TourGuideService       : Track Location for user internalUser204
2022-10-05 17:54:48.632  INFO 110320 --- [    Test worker] tourGuide.service.TourGuideService       : Track Location for user internalUser259
2022-10-05 17:54:48.632  INFO 110320 --- [pool-7-thread-1] tourGuide.service.TourGuideService       : Track Location for user internalUser446
2022-10-05 17:54:48.633  INFO 110320 --- [    Test worker] tourGuide.service.TourGuideService       : Track Location for user internalUser257
2022-10-05 17:54:48.633  INFO 110320 --- [pool-7-thread-1] tourGuide.service.TourGuideService       : Track Location for user internalUser688
2022-10-05 17:54:48.633  INFO 110320 --- [    Test worker] tourGuide.service.TourGuideService       : Track Location for user internalUser499
2022-10-05 17:54:48.633  INFO 110320 --- [pool-7-thread-1] tourGuide.service.TourGuideService       : Track Location for user internalUser205
2022-10-05 17:54:48.633  INFO 110320 --- [    Test worker] tourGuide.service.TourGuideService       : Track Location for user internalUser258
2022-10-05 17:54:48.633  INFO 110320 --- [pool-7-thread-1] tourGuide.service.TourGuideService       : Track Location for user internalUser447
2022-10-05 17:54:48.633  INFO 110320 --- [    Test worker] tourGuide.service.TourGuideService       : Track Location for user internalUser255
2022-10-05 17:54:48.633  INFO 110320 --- [pool-7-thread-1] tourGuide.service.TourGuideService       : Track Location for user internalUser689
2022-10-05 17:54:48.633  INFO 110320 --- [    Test worker] tourGuide.service.TourGuideService       : Track Location for user internalUser497
2022-10-05 17:54:48.633  INFO 110320 --- [pool-7-thread-1] tourGuide.service.TourGuideService       : Track Location for user internalUser202
2022-10-05 17:54:48.633  INFO 110320 --- [    Test worker] tourGuide.service.TourGuideService       : Track Location for user internalUser256
2022-10-05 17:54:48.633  INFO 110320 --- [pool-7-thread-1] tourGuide.service.TourGuideService       : Track Location for user internalUser444
2022-10-05 17:54:48.633  INFO 110320 --- [    Test worker] tourGuide.service.TourGuideService       : Track Location for user internalUser498
2022-10-05 17:54:48.634  INFO 110320 --- [pool-7-thread-1] tourGuide.service.TourGuideService       : Track Location for user internalUser686
2022-10-05 17:54:48.634  INFO 110320 --- [    Test worker] tourGuide.service.TourGuideService       : Track Location for user internalUser253
2022-10-05 17:54:48.634  INFO 110320 --- [pool-7-thread-1] tourGuide.service.TourGuideService       : Track Location for user internalUser203
2022-10-05 17:54:48.634  INFO 110320 --- [    Test worker] tourGuide.service.TourGuideService       : Track Location for user internalUser495
2022-10-05 17:54:48.634  INFO 110320 --- [pool-7-thread-1] tourGuide.service.TourGuideService       : Track Location for user internalUser445
2022-10-05 17:54:48.634  INFO 110320 --- [    Test worker] tourGuide.service.TourGuideService       : Track Location for user internalUser254
2022-10-05 17:54:48.634  INFO 110320 --- [pool-7-thread-1] tourGuide.service.TourGuideService       : Track Location for user internalUser687
2022-10-05 17:54:48.634  INFO 110320 --- [    Test worker] tourGuide.service.TourGuideService       : Track Location for user internalUser496
2022-10-05 17:54:48.634  INFO 110320 --- [pool-7-thread-1] tourGuide.service.TourGuideService       : Track Location for user internalUser200
2022-10-05 17:54:48.634  INFO 110320 --- [    Test worker] tourGuide.service.TourGuideService       : Track Location for user internalUser262
2022-10-05 17:54:48.634  INFO 110320 --- [pool-7-thread-1] tourGuide.service.TourGuideService       : Track Location for user internalUser442
2022-10-05 17:54:48.634  INFO 110320 --- [    Test worker] tourGuide.service.TourGuideService       : Track Location for user internalUser263
2022-10-05 17:54:48.634  INFO 110320 --- [pool-7-thread-1] tourGuide.service.TourGuideService       : Track Location for user internalUser684
2022-10-05 17:54:48.635  INFO 110320 --- [    Test worker] tourGuide.service.TourGuideService       : Track Location for user internalUser260
2022-10-05 17:54:48.635  INFO 110320 --- [pool-7-thread-1] tourGuide.service.TourGuideService       : Track Location for user internalUser201
2022-10-05 17:54:48.635  INFO 110320 --- [    Test worker] tourGuide.service.TourGuideService       : Track Location for user internalUser261
2022-10-05 17:54:48.636  INFO 110320 --- [pool-7-thread-1] tourGuide.service.TourGuideService       : Track Location for user internalUser443
2022-10-05 17:54:48.636  INFO 110320 --- [    Test worker] tourGuide.service.TourGuideService       : Track Location for user internalUser268
2022-10-05 17:54:48.636  INFO 110320 --- [pool-7-thread-1] tourGuide.service.TourGuideService       : Track Location for user internalUser685
2022-10-05 17:54:48.636  INFO 110320 --- [    Test worker] tourGuide.service.TourGuideService       : Track Location for user internalUser269
2022-10-05 17:54:48.636  INFO 110320 --- [pool-7-thread-1] tourGuide.service.TourGuideService       : Track Location for user internalUser440
2022-10-05 17:54:48.636  INFO 110320 --- [    Test worker] tourGuide.service.TourGuideService       : Track Location for user internalUser266
2022-10-05 17:54:48.636  INFO 110320 --- [pool-7-thread-1] tourGuide.service.TourGuideService       : Track Location for user internalUser682
2022-10-05 17:54:48.636  INFO 110320 --- [    Test worker] tourGuide.service.TourGuideService       : Track Location for user internalUser267
2022-10-05 17:54:48.636  INFO 110320 --- [pool-7-thread-1] tourGuide.service.TourGuideService       : Track Location for user internalUser441
2022-10-05 17:54:48.636  INFO 110320 --- [    Test worker] tourGuide.service.TourGuideService       : Track Location for user internalUser264
2022-10-05 17:54:48.636  INFO 110320 --- [pool-7-thread-1] tourGuide.service.TourGuideService       : Track Location for user internalUser683
2022-10-05 17:54:48.636  INFO 110320 --- [    Test worker] tourGuide.service.TourGuideService       : Track Location for user internalUser265
2022-10-05 17:54:48.636  INFO 110320 --- [pool-7-thread-1] tourGuide.service.TourGuideService       : Track Location for user internalUser208
2022-10-05 17:54:48.636  INFO 110320 --- [    Test worker] tourGuide.service.TourGuideService       : Track Location for user internalUser273
2022-10-05 17:54:48.637  INFO 110320 --- [pool-7-thread-1] tourGuide.service.TourGuideService       : Track Location for user internalUser209
2022-10-05 17:54:48.637  INFO 110320 --- [    Test worker] tourGuide.service.TourGuideService       : Track Location for user internalUser274
2022-10-05 17:54:48.637  INFO 110320 --- [pool-7-thread-1] tourGuide.service.TourGuideService       : Track Location for user internalUser206
2022-10-05 17:54:48.637  INFO 110320 --- [    Test worker] tourGuide.service.TourGuideService       : Track Location for user internalUser271
2022-10-05 17:54:48.637  INFO 110320 --- [pool-7-thread-1] tourGuide.service.TourGuideService       : Track Location for user internalUser448
2022-10-05 17:54:48.637  INFO 110320 --- [    Test worker] tourGuide.service.TourGuideService       : Track Location for user internalUser272
2022-10-05 17:54:48.637  INFO 110320 --- [pool-7-thread-1] tourGuide.service.TourGuideService       : Track Location for user internalUser207
2022-10-05 17:54:48.637  INFO 110320 --- [    Test worker] tourGuide.service.TourGuideService       : Track Location for user internalUser270
2022-10-05 17:54:48.637  INFO 110320 --- [pool-7-thread-1] tourGuide.service.TourGuideService       : Track Location for user internalUser449
2022-10-05 17:54:48.637  INFO 110320 --- [    Test worker] tourGuide.service.TourGuideService       : Track Location for user internalUser279
2022-10-05 17:54:48.637  INFO 110320 --- [pool-7-thread-1] tourGuide.service.TourGuideService       : Track Location for user internalUser691
2022-10-05 17:54:48.637  INFO 110320 --- [    Test worker] tourGuide.service.TourGuideService       : Track Location for user internalUser277
2022-10-05 17:54:48.638  INFO 110320 --- [pool-7-thread-1] tourGuide.service.TourGuideService       : Track Location for user internalUser450
2022-10-05 17:54:48.638  INFO 110320 --- [    Test worker] tourGuide.service.TourGuideService       : Track Location for user internalUser278
2022-10-05 17:54:48.638  INFO 110320 --- [pool-7-thread-1] tourGuide.service.TourGuideService       : Track Location for user internalUser692
2022-10-05 17:54:48.638  INFO 110320 --- [    Test worker] tourGuide.service.TourGuideService       : Track Location for user internalUser275
2022-10-05 17:54:48.638  INFO 110320 --- [pool-7-thread-1] tourGuide.service.TourGuideService       : Track Location for user internalUser690
2022-10-05 17:54:48.638  INFO 110320 --- [    Test worker] tourGuide.service.TourGuideService       : Track Location for user internalUser276
2022-10-05 17:54:48.639  INFO 110320 --- [pool-7-thread-1] tourGuide.service.TourGuideService       : Track Location for user internalUser215
2022-10-05 17:54:48.639  INFO 110320 --- [    Test worker] tourGuide.service.TourGuideService       : Track Location for user internalUser680
2022-10-05 17:54:48.639  INFO 110320 --- [pool-7-thread-1] tourGuide.service.TourGuideService       : Track Location for user internalUser457
2022-10-05 17:54:48.639  INFO 110320 --- [    Test worker] tourGuide.service.TourGuideService       : Track Location for user internalUser681
2022-10-05 17:54:48.639  INFO 110320 --- [pool-7-thread-1] tourGuide.service.TourGuideService       : Track Location for user internalUser699
2022-10-05 17:54:48.639  INFO 110320 --- [    Test worker] tourGuide.service.TourGuideService       : Track Location for user internalUser204
2022-10-05 17:54:48.639  INFO 110320 --- [pool-7-thread-1] tourGuide.service.TourGuideService       : Track Location for user internalUser216
2022-10-05 17:54:48.639  INFO 110320 --- [    Test worker] tourGuide.service.TourGuideService       : Track Location for user internalUser446
2022-10-05 17:54:48.639  INFO 110320 --- [pool-7-thread-1] tourGuide.service.TourGuideService       : Track Location for user internalUser458
2022-10-05 17:54:48.639  INFO 110320 --- [    Test worker] tourGuide.service.TourGuideService       : Track Location for user internalUser688
2022-10-05 17:54:48.639  INFO 110320 --- [pool-7-thread-1] tourGuide.service.TourGuideService       : Track Location for user internalUser213
2022-10-05 17:54:48.639  INFO 110320 --- [    Test worker] tourGuide.service.TourGuideService       : Track Location for user internalUser205
2022-10-05 17:54:48.639  INFO 110320 --- [pool-7-thread-1] tourGuide.service.TourGuideService       : Track Location for user internalUser455
2022-10-05 17:54:48.640  INFO 110320 --- [    Test worker] tourGuide.service.TourGuideService       : Track Location for user internalUser447
2022-10-05 17:54:48.640  INFO 110320 --- [pool-7-thread-1] tourGuide.service.TourGuideService       : Track Location for user internalUser697
2022-10-05 17:54:48.640  INFO 110320 --- [    Test worker] tourGuide.service.TourGuideService       : Track Location for user internalUser689
2022-10-05 17:54:48.640  INFO 110320 --- [pool-7-thread-1] tourGuide.service.TourGuideService       : Track Location for user internalUser214
2022-10-05 17:54:48.640  INFO 110320 --- [    Test worker] tourGuide.service.TourGuideService       : Track Location for user internalUser202
2022-10-05 17:54:48.640  INFO 110320 --- [pool-7-thread-1] tourGuide.service.TourGuideService       : Track Location for user internalUser456
2022-10-05 17:54:48.640  INFO 110320 --- [    Test worker] tourGuide.service.TourGuideService       : Track Location for user internalUser444
2022-10-05 17:54:48.640  INFO 110320 --- [pool-7-thread-1] tourGuide.service.TourGuideService       : Track Location for user internalUser698
2022-10-05 17:54:48.640  INFO 110320 --- [    Test worker] tourGuide.service.TourGuideService       : Track Location for user internalUser686
2022-10-05 17:54:48.640  INFO 110320 --- [pool-7-thread-1] tourGuide.service.TourGuideService       : Track Location for user internalUser211
2022-10-05 17:54:48.640  INFO 110320 --- [    Test worker] tourGuide.service.TourGuideService       : Track Location for user internalUser203
2022-10-05 17:54:48.640  INFO 110320 --- [pool-7-thread-1] tourGuide.service.TourGuideService       : Track Location for user internalUser453
2022-10-05 17:54:48.640  INFO 110320 --- [    Test worker] tourGuide.service.TourGuideService       : Track Location for user internalUser445
2022-10-05 17:54:48.641  INFO 110320 --- [pool-7-thread-1] tourGuide.service.TourGuideService       : Track Location for user internalUser695
2022-10-05 17:54:48.641  INFO 110320 --- [    Test worker] tourGuide.service.TourGuideService       : Track Location for user internalUser687
2022-10-05 17:54:48.641  INFO 110320 --- [pool-7-thread-1] tourGuide.service.TourGuideService       : Track Location for user internalUser212
2022-10-05 17:54:48.641  INFO 110320 --- [    Test worker] tourGuide.service.TourGuideService       : Track Location for user internalUser200
2022-10-05 17:54:48.641  INFO 110320 --- [pool-7-thread-1] tourGuide.service.TourGuideService       : Track Location for user internalUser454
2022-10-05 17:54:48.641  INFO 110320 --- [    Test worker] tourGuide.service.TourGuideService       : Track Location for user internalUser442
2022-10-05 17:54:48.641  INFO 110320 --- [pool-7-thread-1] tourGuide.service.TourGuideService       : Track Location for user internalUser696
2022-10-05 17:54:48.641  INFO 110320 --- [    Test worker] tourGuide.service.TourGuideService       : Track Location for user internalUser684
2022-10-05 17:54:48.641  INFO 110320 --- [pool-7-thread-1] tourGuide.service.TourGuideService       : Track Location for user internalUser451
2022-10-05 17:54:48.641  INFO 110320 --- [    Test worker] tourGuide.service.TourGuideService       : Track Location for user internalUser201
2022-10-05 17:54:48.641  INFO 110320 --- [pool-7-thread-1] tourGuide.service.TourGuideService       : Track Location for user internalUser693
2022-10-05 17:54:48.641  INFO 110320 --- [    Test worker] tourGuide.service.TourGuideService       : Track Location for user internalUser443
2022-10-05 17:54:48.642  INFO 110320 --- [pool-7-thread-1] tourGuide.service.TourGuideService       : Track Location for user internalUser210
2022-10-05 17:54:48.642  INFO 110320 --- [    Test worker] tourGuide.service.TourGuideService       : Track Location for user internalUser685
2022-10-05 17:54:48.642  INFO 110320 --- [pool-7-thread-1] tourGuide.service.TourGuideService       : Track Location for user internalUser452
2022-10-05 17:54:48.642  INFO 110320 --- [    Test worker] tourGuide.service.TourGuideService       : Track Location for user internalUser440
2022-10-05 17:54:48.642  INFO 110320 --- [pool-7-thread-1] tourGuide.service.TourGuideService       : Track Location for user internalUser694
2022-10-05 17:54:48.642  INFO 110320 --- [    Test worker] tourGuide.service.TourGuideService       : Track Location for user internalUser682
2022-10-05 17:54:48.642  INFO 110320 --- [pool-7-thread-1] tourGuide.service.TourGuideService       : Track Location for user internalUser219
2022-10-05 17:54:48.642  INFO 110320 --- [    Test worker] tourGuide.service.TourGuideService       : Track Location for user internalUser441
2022-10-05 17:54:48.642  INFO 110320 --- [pool-7-thread-1] tourGuide.service.TourGuideService       : Track Location for user internalUser217
2022-10-05 17:54:48.642  INFO 110320 --- [    Test worker] tourGuide.service.TourGuideService       : Track Location for user internalUser683
2022-10-05 17:54:48.642  INFO 110320 --- [pool-7-thread-1] tourGuide.service.TourGuideService       : Track Location for user internalUser459
2022-10-05 17:54:48.642  INFO 110320 --- [    Test worker] tourGuide.service.TourGuideService       : Track Location for user internalUser208
2022-10-05 17:54:48.643  INFO 110320 --- [pool-7-thread-1] tourGuide.service.TourGuideService       : Track Location for user internalUser218
2022-10-05 17:54:48.643  INFO 110320 --- [    Test worker] tourGuide.service.TourGuideService       : Track Location for user internalUser209
2022-10-05 17:54:48.643  INFO 110320 --- [pool-7-thread-1] tourGuide.service.TourGuideService       : Track Location for user internalUser460
2022-10-05 17:54:48.643  INFO 110320 --- [    Test worker] tourGuide.service.TourGuideService       : Track Location for user internalUser206
2022-10-05 17:54:48.643  INFO 110320 --- [pool-7-thread-1] tourGuide.service.TourGuideService       : Track Location for user internalUser461
2022-10-05 17:54:48.643  INFO 110320 --- [    Test worker] tourGuide.service.TourGuideService       : Track Location for user internalUser448
2022-10-05 17:54:48.643  INFO 110320 --- [pool-7-thread-1] tourGuide.service.TourGuideService       : Track Location for user internalUser226
2022-10-05 17:54:48.643  INFO 110320 --- [    Test worker] tourGuide.service.TourGuideService       : Track Location for user internalUser207
2022-10-05 17:54:48.643  INFO 110320 --- [pool-7-thread-1] tourGuide.service.TourGuideService       : Track Location for user internalUser468
2022-10-05 17:54:48.643  INFO 110320 --- [    Test worker] tourGuide.service.TourGuideService       : Track Location for user internalUser449
2022-10-05 17:54:48.643  INFO 110320 --- [pool-7-thread-1] tourGuide.service.TourGuideService       : Track Location for user internalUser227
2022-10-05 17:54:48.644  INFO 110320 --- [    Test worker] tourGuide.service.TourGuideService       : Track Location for user internalUser691
2022-10-05 17:54:48.644  INFO 110320 --- [pool-7-thread-1] tourGuide.service.TourGuideService       : Track Location for user internalUser469
2022-10-05 17:54:48.644  INFO 110320 --- [    Test worker] tourGuide.service.TourGuideService       : Track Location for user internalUser450
2022-10-05 17:54:48.644  INFO 110320 --- [pool-7-thread-1] tourGuide.service.TourGuideService       : Track Location for user internalUser224
2022-10-05 17:54:48.644  INFO 110320 --- [    Test worker] tourGuide.service.TourGuideService       : Track Location for user internalUser692
2022-10-05 17:54:48.644  INFO 110320 --- [pool-7-thread-1] tourGuide.service.TourGuideService       : Track Location for user internalUser466
2022-10-05 17:54:48.644  INFO 110320 --- [    Test worker] tourGuide.service.TourGuideService       : Track Location for user internalUser690
2022-10-05 17:54:48.645  INFO 110320 --- [pool-7-thread-1] tourGuide.service.TourGuideService       : Track Location for user internalUser225
2022-10-05 17:54:48.645  INFO 110320 --- [    Test worker] tourGuide.service.TourGuideService       : Track Location for user internalUser215
2022-10-05 17:54:48.645  INFO 110320 --- [    Test worker] tourGuide.service.TourGuideService       : Track Location for user internalUser457
2022-10-05 17:54:48.645  INFO 110320 --- [    Test worker] tourGuide.service.TourGuideService       : Track Location for user internalUser699
2022-10-05 17:54:48.645  INFO 110320 --- [    Test worker] tourGuide.service.TourGuideService       : Track Location for user internalUser216
2022-10-05 17:54:48.645  INFO 110320 --- [    Test worker] tourGuide.service.TourGuideService       : Track Location for user internalUser458
2022-10-05 17:54:48.645  INFO 110320 --- [    Test worker] tourGuide.service.TourGuideService       : Track Location for user internalUser213
2022-10-05 17:54:48.645  INFO 110320 --- [    Test worker] tourGuide.service.TourGuideService       : Track Location for user internalUser455
2022-10-05 17:54:48.646  INFO 110320 --- [    Test worker] tourGuide.service.TourGuideService       : Track Location for user internalUser697
2022-10-05 17:54:48.646  INFO 110320 --- [pool-7-thread-1] tourGuide.service.TourGuideService       : Track Location for user internalUser467
2022-10-05 17:54:48.646  INFO 110320 --- [    Test worker] tourGuide.service.TourGuideService       : Track Location for user internalUser214
2022-10-05 17:54:48.646  INFO 110320 --- [pool-7-thread-1] tourGuide.service.TourGuideService       : Track Location for user internalUser222
2022-10-05 17:54:48.646  INFO 110320 --- [    Test worker] tourGuide.service.TourGuideService       : Track Location for user internalUser456
2022-10-05 17:54:48.646  INFO 110320 --- [pool-7-thread-1] tourGuide.service.TourGuideService       : Track Location for user internalUser464
2022-10-05 17:54:48.646  INFO 110320 --- [    Test worker] tourGuide.service.TourGuideService       : Track Location for user internalUser698
2022-10-05 17:54:48.646  INFO 110320 --- [pool-7-thread-1] tourGuide.service.TourGuideService       : Track Location for user internalUser223
2022-10-05 17:54:48.646  INFO 110320 --- [    Test worker] tourGuide.service.TourGuideService       : Track Location for user internalUser211
2022-10-05 17:54:48.646  INFO 110320 --- [pool-7-thread-1] tourGuide.service.TourGuideService       : Track Location for user internalUser465
2022-10-05 17:54:48.646  INFO 110320 --- [    Test worker] tourGuide.service.TourGuideService       : Track Location for user internalUser453
2022-10-05 17:54:48.647  INFO 110320 --- [pool-7-thread-1] tourGuide.service.TourGuideService       : Track Location for user internalUser220
2022-10-05 17:54:48.647  INFO 110320 --- [    Test worker] tourGuide.service.TourGuideService       : Track Location for user internalUser695
2022-10-05 17:54:48.647  INFO 110320 --- [pool-7-thread-1] tourGuide.service.TourGuideService       : Track Location for user internalUser462
2022-10-05 17:54:48.647  INFO 110320 --- [pool-7-thread-1] tourGuide.service.TourGuideService       : Track Location for user internalUser221
2022-10-05 17:54:48.647  INFO 110320 --- [    Test worker] tourGuide.service.TourGuideService       : Track Location for user internalUser212
2022-10-05 17:54:48.647  INFO 110320 --- [pool-7-thread-1] tourGuide.service.TourGuideService       : Track Location for user internalUser463
2022-10-05 17:54:48.647  INFO 110320 --- [    Test worker] tourGuide.service.TourGuideService       : Track Location for user internalUser454
2022-10-05 17:54:48.647  INFO 110320 --- [pool-7-thread-1] tourGuide.service.TourGuideService       : Track Location for user internalUser228
2022-10-05 17:54:48.647  INFO 110320 --- [    Test worker] tourGuide.service.TourGuideService       : Track Location for user internalUser696
2022-10-05 17:54:48.647  INFO 110320 --- [pool-7-thread-1] tourGuide.service.TourGuideService       : Track Location for user internalUser229
2022-10-05 17:54:48.647  INFO 110320 --- [    Test worker] tourGuide.service.TourGuideService       : Track Location for user internalUser451
2022-10-05 17:54:48.647  INFO 110320 --- [pool-7-thread-1] tourGuide.service.TourGuideService       : Track Location for user internalUser471
2022-10-05 17:54:48.648  INFO 110320 --- [    Test worker] tourGuide.service.TourGuideService       : Track Location for user internalUser693
2022-10-05 17:54:48.648  INFO 110320 --- [pool-7-thread-1] tourGuide.service.TourGuideService       : Track Location for user internalUser230
2022-10-05 17:54:48.648  INFO 110320 --- [    Test worker] tourGuide.service.TourGuideService       : Track Location for user internalUser210
2022-10-05 17:54:48.648  INFO 110320 --- [pool-7-thread-1] tourGuide.service.TourGuideService       : Track Location for user internalUser472
2022-10-05 17:54:48.648  INFO 110320 --- [    Test worker] tourGuide.service.TourGuideService       : Track Location for user internalUser452
2022-10-05 17:54:48.648  INFO 110320 --- [pool-7-thread-1] tourGuide.service.TourGuideService       : Track Location for user internalUser470
2022-10-05 17:54:48.648  INFO 110320 --- [    Test worker] tourGuide.service.TourGuideService       : Track Location for user internalUser694
2022-10-05 17:54:48.648  INFO 110320 --- [pool-7-thread-1] tourGuide.service.TourGuideService       : Track Location for user internalUser237
2022-10-05 17:54:48.648  INFO 110320 --- [    Test worker] tourGuide.service.TourGuideService       : Track Location for user internalUser219
2022-10-05 17:54:48.648  INFO 110320 --- [pool-7-thread-1] tourGuide.service.TourGuideService       : Track Location for user internalUser479
2022-10-05 17:54:48.648  INFO 110320 --- [    Test worker] tourGuide.service.TourGuideService       : Track Location for user internalUser217
2022-10-05 17:54:48.648  INFO 110320 --- [    Test worker] tourGuide.service.TourGuideService       : Track Location for user internalUser459
2022-10-05 17:54:48.649  INFO 110320 --- [pool-7-thread-1] tourGuide.service.TourGuideService       : Track Location for user internalUser238
2022-10-05 17:54:48.649  INFO 110320 --- [    Test worker] tourGuide.service.TourGuideService       : Track Location for user internalUser218
2022-10-05 17:54:48.649  INFO 110320 --- [pool-7-thread-1] tourGuide.service.TourGuideService       : Track Location for user internalUser235
2022-10-05 17:54:48.649  INFO 110320 --- [    Test worker] tourGuide.service.TourGuideService       : Track Location for user internalUser460
2022-10-05 17:54:48.649  INFO 110320 --- [pool-7-thread-1] tourGuide.service.TourGuideService       : Track Location for user internalUser477
2022-10-05 17:54:48.649  INFO 110320 --- [    Test worker] tourGuide.service.TourGuideService       : Track Location for user internalUser461
2022-10-05 17:54:48.649  INFO 110320 --- [pool-7-thread-1] tourGuide.service.TourGuideService       : Track Location for user internalUser236
2022-10-05 17:54:48.649  INFO 110320 --- [    Test worker] tourGuide.service.TourGuideService       : Track Location for user internalUser226
2022-10-05 17:54:48.649  INFO 110320 --- [pool-7-thread-1] tourGuide.service.TourGuideService       : Track Location for user internalUser478
2022-10-05 17:54:48.649  INFO 110320 --- [    Test worker] tourGuide.service.TourGuideService       : Track Location for user internalUser468
2022-10-05 17:54:48.650  INFO 110320 --- [pool-7-thread-1] tourGuide.service.TourGuideService       : Track Location for user internalUser233
2022-10-05 17:54:48.650  INFO 110320 --- [    Test worker] tourGuide.service.TourGuideService       : Track Location for user internalUser227
2022-10-05 17:54:48.650  INFO 110320 --- [pool-7-thread-1] tourGuide.service.TourGuideService       : Track Location for user internalUser475
2022-10-05 17:54:48.650  INFO 110320 --- [    Test worker] tourGuide.service.TourGuideService       : Track Location for user internalUser469
2022-10-05 17:54:48.650  INFO 110320 --- [pool-7-thread-1] tourGuide.service.TourGuideService       : Track Location for user internalUser234
2022-10-05 17:54:48.650  INFO 110320 --- [    Test worker] tourGuide.service.TourGuideService       : Track Location for user internalUser224
2022-10-05 17:54:48.650  INFO 110320 --- [pool-7-thread-1] tourGuide.service.TourGuideService       : Track Location for user internalUser476
2022-10-05 17:54:48.650  INFO 110320 --- [    Test worker] tourGuide.service.TourGuideService       : Track Location for user internalUser466
2022-10-05 17:54:48.650  INFO 110320 --- [pool-7-thread-1] tourGuide.service.TourGuideService       : Track Location for user internalUser231
2022-10-05 17:54:48.650  INFO 110320 --- [    Test worker] tourGuide.service.TourGuideService       : Track Location for user internalUser225
2022-10-05 17:54:48.651  INFO 110320 --- [pool-7-thread-1] tourGuide.service.TourGuideService       : Track Location for user internalUser473
2022-10-05 17:54:48.651  INFO 110320 --- [    Test worker] tourGuide.service.TourGuideService       : Track Location for user internalUser467
2022-10-05 17:54:48.651  INFO 110320 --- [pool-7-thread-1] tourGuide.service.TourGuideService       : Track Location for user internalUser232
2022-10-05 17:54:48.651  INFO 110320 --- [    Test worker] tourGuide.service.TourGuideService       : Track Location for user internalUser222
2022-10-05 17:54:48.651  INFO 110320 --- [pool-7-thread-1] tourGuide.service.TourGuideService       : Track Location for user internalUser474
2022-10-05 17:54:48.651  INFO 110320 --- [    Test worker] tourGuide.service.TourGuideService       : Track Location for user internalUser464
2022-10-05 17:54:48.651  INFO 110320 --- [pool-7-thread-1] tourGuide.service.TourGuideService       : Track Location for user internalUser239
2022-10-05 17:54:48.651  INFO 110320 --- [    Test worker] tourGuide.service.TourGuideService       : Track Location for user internalUser223
2022-10-05 17:54:48.651  INFO 110320 --- [pool-7-thread-1] tourGuide.service.TourGuideService       : Track Location for user internalUser402
2022-10-05 17:54:48.651  INFO 110320 --- [    Test worker] tourGuide.service.TourGuideService       : Track Location for user internalUser465
2022-10-05 17:54:48.652  INFO 110320 --- [pool-7-thread-1] tourGuide.service.TourGuideService       : Track Location for user internalUser644
2022-10-05 17:54:48.652  INFO 110320 --- [    Test worker] tourGuide.service.TourGuideService       : Track Location for user internalUser220
2022-10-05 17:54:48.652  INFO 110320 --- [pool-7-thread-1] tourGuide.service.TourGuideService       : Track Location for user internalUser886
2022-10-05 17:54:48.652  INFO 110320 --- [    Test worker] tourGuide.service.TourGuideService       : Track Location for user internalUser462
2022-10-05 17:54:48.652  INFO 110320 --- [pool-7-thread-1] tourGuide.service.TourGuideService       : Track Location for user internalUser403
2022-10-05 17:54:48.652  INFO 110320 --- [    Test worker] tourGuide.service.TourGuideService       : Track Location for user internalUser221
2022-10-05 17:54:48.652  INFO 110320 --- [pool-7-thread-1] tourGuide.service.TourGuideService       : Track Location for user internalUser645
2022-10-05 17:54:48.652  INFO 110320 --- [    Test worker] tourGuide.service.TourGuideService       : Track Location for user internalUser463
2022-10-05 17:54:48.652  INFO 110320 --- [pool-7-thread-1] tourGuide.service.TourGuideService       : Track Location for user internalUser887
2022-10-05 17:54:48.652  INFO 110320 --- [    Test worker] tourGuide.service.TourGuideService       : Track Location for user internalUser228
2022-10-05 17:54:48.652  INFO 110320 --- [pool-7-thread-1] tourGuide.service.TourGuideService       : Track Location for user internalUser400
2022-10-05 17:54:48.653  INFO 110320 --- [    Test worker] tourGuide.service.TourGuideService       : Track Location for user internalUser229
2022-10-05 17:54:48.653  INFO 110320 --- [pool-7-thread-1] tourGuide.service.TourGuideService       : Track Location for user internalUser642
2022-10-05 17:54:48.653  INFO 110320 --- [    Test worker] tourGuide.service.TourGuideService       : Track Location for user internalUser471
2022-10-05 17:54:48.653  INFO 110320 --- [pool-7-thread-1] tourGuide.service.TourGuideService       : Track Location for user internalUser884
2022-10-05 17:54:48.653  INFO 110320 --- [    Test worker] tourGuide.service.TourGuideService       : Track Location for user internalUser230
2022-10-05 17:54:48.653  INFO 110320 --- [pool-7-thread-1] tourGuide.service.TourGuideService       : Track Location for user internalUser401
2022-10-05 17:54:48.653  INFO 110320 --- [    Test worker] tourGuide.service.TourGuideService       : Track Location for user internalUser472
2022-10-05 17:54:48.653  INFO 110320 --- [pool-7-thread-1] tourGuide.service.TourGuideService       : Track Location for user internalUser643
2022-10-05 17:54:48.653  INFO 110320 --- [    Test worker] tourGuide.service.TourGuideService       : Track Location for user internalUser470
2022-10-05 17:54:48.653  INFO 110320 --- [pool-7-thread-1] tourGuide.service.TourGuideService       : Track Location for user internalUser885
2022-10-05 17:54:48.654  INFO 110320 --- [    Test worker] tourGuide.service.TourGuideService       : Track Location for user internalUser237
2022-10-05 17:54:48.654  INFO 110320 --- [pool-7-thread-1] tourGuide.service.TourGuideService       : Track Location for user internalUser640
2022-10-05 17:54:48.654  INFO 110320 --- [    Test worker] tourGuide.service.TourGuideService       : Track Location for user internalUser479
2022-10-05 17:54:48.654  INFO 110320 --- [pool-7-thread-1] tourGuide.service.TourGuideService       : Track Location for user internalUser882
2022-10-05 17:54:48.654  INFO 110320 --- [    Test worker] tourGuide.service.TourGuideService       : Track Location for user internalUser238
2022-10-05 17:54:48.654  INFO 110320 --- [pool-7-thread-1] tourGuide.service.TourGuideService       : Track Location for user internalUser641
2022-10-05 17:54:48.654  INFO 110320 --- [    Test worker] tourGuide.service.TourGuideService       : Track Location for user internalUser235
2022-10-05 17:54:48.654  INFO 110320 --- [pool-7-thread-1] tourGuide.service.TourGuideService       : Track Location for user internalUser883
2022-10-05 17:54:48.654  INFO 110320 --- [    Test worker] tourGuide.service.TourGuideService       : Track Location for user internalUser477
2022-10-05 17:54:48.654  INFO 110320 --- [pool-7-thread-1] tourGuide.service.TourGuideService       : Track Location for user internalUser880
2022-10-05 17:54:48.654  INFO 110320 --- [    Test worker] tourGuide.service.TourGuideService       : Track Location for user internalUser236
2022-10-05 17:54:48.654  INFO 110320 --- [pool-7-thread-1] tourGuide.service.TourGuideService       : Track Location for user internalUser881
2022-10-05 17:54:48.655  INFO 110320 --- [    Test worker] tourGuide.service.TourGuideService       : Track Location for user internalUser478
2022-10-05 17:54:48.655  INFO 110320 --- [pool-7-thread-1] tourGuide.service.TourGuideService       : Track Location for user internalUser408
2022-10-05 17:54:48.655  INFO 110320 --- [    Test worker] tourGuide.service.TourGuideService       : Track Location for user internalUser233
2022-10-05 17:54:48.655  INFO 110320 --- [pool-7-thread-1] tourGuide.service.TourGuideService       : Track Location for user internalUser409
2022-10-05 17:54:48.655  INFO 110320 --- [    Test worker] tourGuide.service.TourGuideService       : Track Location for user internalUser475
2022-10-05 17:54:48.655  INFO 110320 --- [pool-7-thread-1] tourGuide.service.TourGuideService       : Track Location for user internalUser406
2022-10-05 17:54:48.655  INFO 110320 --- [    Test worker] tourGuide.service.TourGuideService       : Track Location for user internalUser234
2022-10-05 17:54:48.655  INFO 110320 --- [pool-7-thread-1] tourGuide.service.TourGuideService       : Track Location for user internalUser648
2022-10-05 17:54:48.655  INFO 110320 --- [    Test worker] tourGuide.service.TourGuideService       : Track Location for user internalUser476
2022-10-05 17:54:48.655  INFO 110320 --- [pool-7-thread-1] tourGuide.service.TourGuideService       : Track Location for user internalUser407
2022-10-05 17:54:48.655  INFO 110320 --- [    Test worker] tourGuide.service.TourGuideService       : Track Location for user internalUser231
2022-10-05 17:54:48.656  INFO 110320 --- [pool-7-thread-1] tourGuide.service.TourGuideService       : Track Location for user internalUser649
2022-10-05 17:54:48.656  INFO 110320 --- [    Test worker] tourGuide.service.TourGuideService       : Track Location for user internalUser473
2022-10-05 17:54:48.656  INFO 110320 --- [pool-7-thread-1] tourGuide.service.TourGuideService       : Track Location for user internalUser404
2022-10-05 17:54:48.656  INFO 110320 --- [    Test worker] tourGuide.service.TourGuideService       : Track Location for user internalUser232
2022-10-05 17:54:48.656  INFO 110320 --- [pool-7-thread-1] tourGuide.service.TourGuideService       : Track Location for user internalUser646
2022-10-05 17:54:48.657  INFO 110320 --- [pool-7-thread-1] tourGuide.service.TourGuideService       : Track Location for user internalUser888
2022-10-05 17:54:48.657  INFO 110320 --- [    Test worker] tourGuide.service.TourGuideService       : Track Location for user internalUser474
2022-10-05 17:54:48.657  INFO 110320 --- [pool-7-thread-1] tourGuide.service.TourGuideService       : Track Location for user internalUser405
2022-10-05 17:54:48.657  INFO 110320 --- [    Test worker] tourGuide.service.TourGuideService       : Track Location for user internalUser239
2022-10-05 17:54:48.657  INFO 110320 --- [pool-7-thread-1] tourGuide.service.TourGuideService       : Track Location for user internalUser647
2022-10-05 17:54:48.657  INFO 110320 --- [    Test worker] tourGuide.service.TourGuideService       : Track Location for user internalUser402
2022-10-05 17:54:48.657  INFO 110320 --- [pool-7-thread-1] tourGuide.service.TourGuideService       : Track Location for user internalUser889
2022-10-05 17:54:48.657  INFO 110320 --- [    Test worker] tourGuide.service.TourGuideService       : Track Location for user internalUser644
2022-10-05 17:54:48.657  INFO 110320 --- [pool-7-thread-1] tourGuide.service.TourGuideService       : Track Location for user internalUser890
2022-10-05 17:54:48.657  INFO 110320 --- [    Test worker] tourGuide.service.TourGuideService       : Track Location for user internalUser886
2022-10-05 17:54:48.657  INFO 110320 --- [pool-7-thread-1] tourGuide.service.TourGuideService       : Track Location for user internalUser413
2022-10-05 17:54:48.657  INFO 110320 --- [    Test worker] tourGuide.service.TourGuideService       : Track Location for user internalUser403
2022-10-05 17:54:48.658  INFO 110320 --- [pool-7-thread-1] tourGuide.service.TourGuideService       : Track Location for user internalUser655
2022-10-05 17:54:48.658  INFO 110320 --- [    Test worker] tourGuide.service.TourGuideService       : Track Location for user internalUser645
2022-10-05 17:54:48.658  INFO 110320 --- [pool-7-thread-1] tourGuide.service.TourGuideService       : Track Location for user internalUser897
2022-10-05 17:54:48.658  INFO 110320 --- [    Test worker] tourGuide.service.TourGuideService       : Track Location for user internalUser887
2022-10-05 17:54:48.658  INFO 110320 --- [pool-7-thread-1] tourGuide.service.TourGuideService       : Track Location for user internalUser414
2022-10-05 17:54:48.658  INFO 110320 --- [    Test worker] tourGuide.service.TourGuideService       : Track Location for user internalUser400
2022-10-05 17:54:48.658  INFO 110320 --- [pool-7-thread-1] tourGuide.service.TourGuideService       : Track Location for user internalUser656
2022-10-05 17:54:48.658  INFO 110320 --- [    Test worker] tourGuide.service.TourGuideService       : Track Location for user internalUser642
2022-10-05 17:54:48.658  INFO 110320 --- [pool-7-thread-1] tourGuide.service.TourGuideService       : Track Location for user internalUser898
2022-10-05 17:54:48.658  INFO 110320 --- [    Test worker] tourGuide.service.TourGuideService       : Track Location for user internalUser884
2022-10-05 17:54:48.658  INFO 110320 --- [pool-7-thread-1] tourGuide.service.TourGuideService       : Track Location for user internalUser411
2022-10-05 17:54:48.658  INFO 110320 --- [    Test worker] tourGuide.service.TourGuideService       : Track Location for user internalUser401
2022-10-05 17:54:48.658  INFO 110320 --- [pool-7-thread-1] tourGuide.service.TourGuideService       : Track Location for user internalUser653
2022-10-05 17:54:48.658  INFO 110320 --- [    Test worker] tourGuide.service.TourGuideService       : Track Location for user internalUser643
2022-10-05 17:54:48.658  INFO 110320 --- [pool-7-thread-1] tourGuide.service.TourGuideService       : Track Location for user internalUser895
2022-10-05 17:54:48.659  INFO 110320 --- [    Test worker] tourGuide.service.TourGuideService       : Track Location for user internalUser885
2022-10-05 17:54:48.659  INFO 110320 --- [pool-7-thread-1] tourGuide.service.TourGuideService       : Track Location for user internalUser412
2022-10-05 17:54:48.659  INFO 110320 --- [    Test worker] tourGuide.service.TourGuideService       : Track Location for user internalUser640
2022-10-05 17:54:48.659  INFO 110320 --- [pool-7-thread-1] tourGuide.service.TourGuideService       : Track Location for user internalUser654
2022-10-05 17:54:48.659  INFO 110320 --- [    Test worker] tourGuide.service.TourGuideService       : Track Location for user internalUser882
2022-10-05 17:54:48.659  INFO 110320 --- [pool-7-thread-1] tourGuide.service.TourGuideService       : Track Location for user internalUser896
2022-10-05 17:54:48.659  INFO 110320 --- [    Test worker] tourGuide.service.TourGuideService       : Track Location for user internalUser641
2022-10-05 17:54:48.659  INFO 110320 --- [pool-7-thread-1] tourGuide.service.TourGuideService       : Track Location for user internalUser651
2022-10-05 17:54:48.659  INFO 110320 --- [    Test worker] tourGuide.service.TourGuideService       : Track Location for user internalUser883
2022-10-05 17:54:48.659  INFO 110320 --- [pool-7-thread-1] tourGuide.service.TourGuideService       : Track Location for user internalUser893
2022-10-05 17:54:48.660  INFO 110320 --- [    Test worker] tourGuide.service.TourGuideService       : Track Location for user internalUser880
2022-10-05 17:54:48.660  INFO 110320 --- [pool-7-thread-1] tourGuide.service.TourGuideService       : Track Location for user internalUser410
2022-10-05 17:54:48.660  INFO 110320 --- [pool-7-thread-1] tourGuide.service.TourGuideService       : Track Location for user internalUser652
2022-10-05 17:54:48.660  INFO 110320 --- [pool-7-thread-1] tourGuide.service.TourGuideService       : Track Location for user internalUser894
2022-10-05 17:54:48.660  INFO 110320 --- [    Test worker] tourGuide.service.TourGuideService       : Track Location for user internalUser881
2022-10-05 17:54:48.660  INFO 110320 --- [pool-7-thread-1] tourGuide.service.TourGuideService       : Track Location for user internalUser891
2022-10-05 17:54:48.660  INFO 110320 --- [    Test worker] tourGuide.service.TourGuideService       : Track Location for user internalUser408
2022-10-05 17:54:48.660  INFO 110320 --- [pool-7-thread-1] tourGuide.service.TourGuideService       : Track Location for user internalUser650
2022-10-05 17:54:48.660  INFO 110320 --- [    Test worker] tourGuide.service.TourGuideService       : Track Location for user internalUser409
2022-10-05 17:54:48.660  INFO 110320 --- [pool-7-thread-1] tourGuide.service.TourGuideService       : Track Location for user internalUser892
2022-10-05 17:54:48.661  INFO 110320 --- [    Test worker] tourGuide.service.TourGuideService       : Track Location for user internalUser406
2022-10-05 17:54:48.661  INFO 110320 --- [pool-7-thread-1] tourGuide.service.TourGuideService       : Track Location for user internalUser419
2022-10-05 17:54:48.661  INFO 110320 --- [    Test worker] tourGuide.service.TourGuideService       : Track Location for user internalUser648
2022-10-05 17:54:48.661  INFO 110320 --- [pool-7-thread-1] tourGuide.service.TourGuideService       : Track Location for user internalUser417
2022-10-05 17:54:48.661  INFO 110320 --- [    Test worker] tourGuide.service.TourGuideService       : Track Location for user internalUser407
2022-10-05 17:54:48.661  INFO 110320 --- [pool-7-thread-1] tourGuide.service.TourGuideService       : Track Location for user internalUser659
2022-10-05 17:54:48.662  INFO 110320 --- [    Test worker] tourGuide.service.TourGuideService       : Track Location for user internalUser649
2022-10-05 17:54:48.662  INFO 110320 --- [pool-7-thread-1] tourGuide.service.TourGuideService       : Track Location for user internalUser418
2022-10-05 17:54:48.662  INFO 110320 --- [    Test worker] tourGuide.service.TourGuideService       : Track Location for user internalUser404
2022-10-05 17:54:48.662  INFO 110320 --- [pool-7-thread-1] tourGuide.service.TourGuideService       : Track Location for user internalUser415
2022-10-05 17:54:48.662  INFO 110320 --- [    Test worker] tourGuide.service.TourGuideService       : Track Location for user internalUser646
2022-10-05 17:54:48.662  INFO 110320 --- [pool-7-thread-1] tourGuide.service.TourGuideService       : Track Location for user internalUser657
2022-10-05 17:54:48.662  INFO 110320 --- [    Test worker] tourGuide.service.TourGuideService       : Track Location for user internalUser888
2022-10-05 17:54:48.662  INFO 110320 --- [    Test worker] tourGuide.service.TourGuideService       : Track Location for user internalUser405
2022-10-05 17:54:48.662  INFO 110320 --- [pool-7-thread-1] tourGuide.service.TourGuideService       : Track Location for user internalUser899
2022-10-05 17:54:48.662  INFO 110320 --- [    Test worker] tourGuide.service.TourGuideService       : Track Location for user internalUser647
2022-10-05 17:54:48.663  INFO 110320 --- [pool-7-thread-1] tourGuide.service.TourGuideService       : Track Location for user internalUser416
2022-10-05 17:54:48.663  INFO 110320 --- [    Test worker] tourGuide.service.TourGuideService       : Track Location for user internalUser889
2022-10-05 17:54:48.663  INFO 110320 --- [pool-7-thread-1] tourGuide.service.TourGuideService       : Track Location for user internalUser658
2022-10-05 17:54:48.663  INFO 110320 --- [    Test worker] tourGuide.service.TourGuideService       : Track Location for user internalUser890
2022-10-05 17:54:48.663  INFO 110320 --- [pool-7-thread-1] tourGuide.service.TourGuideService       : Track Location for user internalUser424
2022-10-05 17:54:48.663  INFO 110320 --- [    Test worker] tourGuide.service.TourGuideService       : Track Location for user internalUser413
2022-10-05 17:54:48.663  INFO 110320 --- [pool-7-thread-1] tourGuide.service.TourGuideService       : Track Location for user internalUser666
2022-10-05 17:54:48.663  INFO 110320 --- [pool-7-thread-1] tourGuide.service.TourGuideService       : Track Location for user internalUser425
2022-10-05 17:54:48.663  INFO 110320 --- [    Test worker] tourGuide.service.TourGuideService       : Track Location for user internalUser655
2022-10-05 17:54:48.663  INFO 110320 --- [pool-7-thread-1] tourGuide.service.TourGuideService       : Track Location for user internalUser667
2022-10-05 17:54:48.663  INFO 110320 --- [    Test worker] tourGuide.service.TourGuideService       : Track Location for user internalUser897
2022-10-05 17:54:48.664  INFO 110320 --- [pool-7-thread-1] tourGuide.service.TourGuideService       : Track Location for user internalUser422
2022-10-05 17:54:48.664  INFO 110320 --- [    Test worker] tourGuide.service.TourGuideService       : Track Location for user internalUser414
2022-10-05 17:54:48.664  INFO 110320 --- [pool-7-thread-1] tourGuide.service.TourGuideService       : Track Location for user internalUser664
2022-10-05 17:54:48.664  INFO 110320 --- [    Test worker] tourGuide.service.TourGuideService       : Track Location for user internalUser656
2022-10-05 17:54:48.664  INFO 110320 --- [pool-7-thread-1] tourGuide.service.TourGuideService       : Track Location for user internalUser423
2022-10-05 17:54:48.664  INFO 110320 --- [    Test worker] tourGuide.service.TourGuideService       : Track Location for user internalUser898
2022-10-05 17:54:48.664  INFO 110320 --- [pool-7-thread-1] tourGuide.service.TourGuideService       : Track Location for user internalUser665
2022-10-05 17:54:48.664  INFO 110320 --- [    Test worker] tourGuide.service.TourGuideService       : Track Location for user internalUser411
2022-10-05 17:54:48.664  INFO 110320 --- [pool-7-thread-1] tourGuide.service.TourGuideService       : Track Location for user internalUser420
2022-10-05 17:54:48.664  INFO 110320 --- [    Test worker] tourGuide.service.TourGuideService       : Track Location for user internalUser653
2022-10-05 17:54:48.665  INFO 110320 --- [pool-7-thread-1] tourGuide.service.TourGuideService       : Track Location for user internalUser662
2022-10-05 17:54:48.665  INFO 110320 --- [    Test worker] tourGuide.service.TourGuideService       : Track Location for user internalUser895
2022-10-05 17:54:48.665  INFO 110320 --- [pool-7-thread-1] tourGuide.service.TourGuideService       : Track Location for user internalUser421
2022-10-05 17:54:48.665  INFO 110320 --- [    Test worker] tourGuide.service.TourGuideService       : Track Location for user internalUser412
2022-10-05 17:54:48.665  INFO 110320 --- [pool-7-thread-1] tourGuide.service.TourGuideService       : Track Location for user internalUser663
2022-10-05 17:54:48.665  INFO 110320 --- [    Test worker] tourGuide.service.TourGuideService       : Track Location for user internalUser654
2022-10-05 17:54:48.665  INFO 110320 --- [pool-7-thread-1] tourGuide.service.TourGuideService       : Track Location for user internalUser660
2022-10-05 17:54:48.665  INFO 110320 --- [    Test worker] tourGuide.service.TourGuideService       : Track Location for user internalUser896
2022-10-05 17:54:48.665  INFO 110320 --- [pool-7-thread-1] tourGuide.service.TourGuideService       : Track Location for user internalUser661
2022-10-05 17:54:48.665  INFO 110320 --- [    Test worker] tourGuide.service.TourGuideService       : Track Location for user internalUser651
2022-10-05 17:54:48.666  INFO 110320 --- [pool-7-thread-1] tourGuide.service.TourGuideService       : Track Location for user internalUser428
2022-10-05 17:54:48.666  INFO 110320 --- [    Test worker] tourGuide.service.TourGuideService       : Track Location for user internalUser893
2022-10-05 17:54:48.666  INFO 110320 --- [pool-7-thread-1] tourGuide.service.TourGuideService       : Track Location for user internalUser429
2022-10-05 17:54:48.666  INFO 110320 --- [    Test worker] tourGuide.service.TourGuideService       : Track Location for user internalUser410
2022-10-05 17:54:48.666  INFO 110320 --- [pool-7-thread-1] tourGuide.service.TourGuideService       : Track Location for user internalUser426
2022-10-05 17:54:48.666  INFO 110320 --- [    Test worker] tourGuide.service.TourGuideService       : Track Location for user internalUser652
2022-10-05 17:54:48.666  INFO 110320 --- [pool-7-thread-1] tourGuide.service.TourGuideService       : Track Location for user internalUser668
2022-10-05 17:54:48.666  INFO 110320 --- [    Test worker] tourGuide.service.TourGuideService       : Track Location for user internalUser894
2022-10-05 17:54:48.666  INFO 110320 --- [pool-7-thread-1] tourGuide.service.TourGuideService       : Track Location for user internalUser427
2022-10-05 17:54:48.667  INFO 110320 --- [    Test worker] tourGuide.service.TourGuideService       : Track Location for user internalUser891
2022-10-05 17:54:48.667  INFO 110320 --- [pool-7-thread-1] tourGuide.service.TourGuideService       : Track Location for user internalUser669
2022-10-05 17:54:48.667  INFO 110320 --- [    Test worker] tourGuide.service.TourGuideService       : Track Location for user internalUser650
2022-10-05 17:54:48.667  INFO 110320 --- [pool-7-thread-1] tourGuide.service.TourGuideService       : Track Location for user internalUser670
2022-10-05 17:54:48.667  INFO 110320 --- [    Test worker] tourGuide.service.TourGuideService       : Track Location for user internalUser892
2022-10-05 17:54:48.667  INFO 110320 --- [pool-7-thread-1] tourGuide.service.TourGuideService       : Track Location for user internalUser435
2022-10-05 17:54:48.667  INFO 110320 --- [    Test worker] tourGuide.service.TourGuideService       : Track Location for user internalUser419
2022-10-05 17:54:48.667  INFO 110320 --- [pool-7-thread-1] tourGuide.service.TourGuideService       : Track Location for user internalUser677
2022-10-05 17:54:48.667  INFO 110320 --- [    Test worker] tourGuide.service.TourGuideService       : Track Location for user internalUser417
2022-10-05 17:54:48.667  INFO 110320 --- [pool-7-thread-1] tourGuide.service.TourGuideService       : Track Location for user internalUser436
2022-10-05 17:54:48.668  INFO 110320 --- [    Test worker] tourGuide.service.TourGuideService       : Track Location for user internalUser659
2022-10-05 17:54:48.668  INFO 110320 --- [    Test worker] tourGuide.service.TourGuideService       : Track Location for user internalUser418
2022-10-05 17:54:48.668  INFO 110320 --- [    Test worker] tourGuide.service.TourGuideService       : Track Location for user internalUser415
2022-10-05 17:54:48.668  INFO 110320 --- [pool-7-thread-1] tourGuide.service.TourGuideService       : Track Location for user internalUser678
2022-10-05 17:54:48.668  INFO 110320 --- [    Test worker] tourGuide.service.TourGuideService       : Track Location for user internalUser657
2022-10-05 17:54:48.668  INFO 110320 --- [pool-7-thread-1] tourGuide.service.TourGuideService       : Track Location for user internalUser433
2022-10-05 17:54:48.668  INFO 110320 --- [    Test worker] tourGuide.service.TourGuideService       : Track Location for user internalUser899
2022-10-05 17:54:48.668  INFO 110320 --- [    Test worker] tourGuide.service.TourGuideService       : Track Location for user internalUser416
2022-10-05 17:54:48.668  INFO 110320 --- [pool-7-thread-1] tourGuide.service.TourGuideService       : Track Location for user internalUser675
2022-10-05 17:54:48.668  INFO 110320 --- [    Test worker] tourGuide.service.TourGuideService       : Track Location for user internalUser658
2022-10-05 17:54:48.669  INFO 110320 --- [pool-7-thread-1] tourGuide.service.TourGuideService       : Track Location for user internalUser434
2022-10-05 17:54:48.669  INFO 110320 --- [    Test worker] tourGuide.service.TourGuideService       : Track Location for user internalUser424
2022-10-05 17:54:48.669  INFO 110320 --- [pool-7-thread-1] tourGuide.service.TourGuideService       : Track Location for user internalUser676
2022-10-05 17:54:48.669  INFO 110320 --- [    Test worker] tourGuide.service.TourGuideService       : Track Location for user internalUser666
2022-10-05 17:54:48.670  INFO 110320 --- [pool-7-thread-1] tourGuide.service.TourGuideService       : Track Location for user internalUser431
2022-10-05 17:54:48.670  INFO 110320 --- [    Test worker] tourGuide.service.TourGuideService       : Track Location for user internalUser425
2022-10-05 17:54:48.670  INFO 110320 --- [pool-7-thread-1] tourGuide.service.TourGuideService       : Track Location for user internalUser673
2022-10-05 17:54:48.670  INFO 110320 --- [    Test worker] tourGuide.service.TourGuideService       : Track Location for user internalUser667
2022-10-05 17:54:48.670  INFO 110320 --- [pool-7-thread-1] tourGuide.service.TourGuideService       : Track Location for user internalUser432
2022-10-05 17:54:48.670  INFO 110320 --- [    Test worker] tourGuide.service.TourGuideService       : Track Location for user internalUser422
2022-10-05 17:54:48.670  INFO 110320 --- [pool-7-thread-1] tourGuide.service.TourGuideService       : Track Location for user internalUser674
2022-10-05 17:54:48.670  INFO 110320 --- [    Test worker] tourGuide.service.TourGuideService       : Track Location for user internalUser664
2022-10-05 17:54:48.671  INFO 110320 --- [    Test worker] tourGuide.service.TourGuideService       : Track Location for user internalUser423
2022-10-05 17:54:48.671  INFO 110320 --- [pool-7-thread-1] tourGuide.service.TourGuideService       : Track Location for user internalUser671
2022-10-05 17:54:48.671  INFO 110320 --- [    Test worker] tourGuide.service.TourGuideService       : Track Location for user internalUser665
2022-10-05 17:54:48.671  INFO 110320 --- [pool-7-thread-1] tourGuide.service.TourGuideService       : Track Location for user internalUser430
2022-10-05 17:54:48.671  INFO 110320 --- [pool-7-thread-1] tourGuide.service.TourGuideService       : Track Location for user internalUser672
2022-10-05 17:54:48.671  INFO 110320 --- [    Test worker] tourGuide.service.TourGuideService       : Track Location for user internalUser420
2022-10-05 17:54:48.671  INFO 110320 --- [    Test worker] tourGuide.service.TourGuideService       : Track Location for user internalUser662
2022-10-05 17:54:48.671  INFO 110320 --- [pool-7-thread-1] tourGuide.service.TourGuideService       : Track Location for user internalUser439
2022-10-05 17:54:48.671  INFO 110320 --- [    Test worker] tourGuide.service.TourGuideService       : Track Location for user internalUser421
2022-10-05 17:54:48.671  INFO 110320 --- [pool-7-thread-1] tourGuide.service.TourGuideService       : Track Location for user internalUser437
2022-10-05 17:54:48.671  INFO 110320 --- [pool-7-thread-1] tourGuide.service.TourGuideService       : Track Location for user internalUser679
2022-10-05 17:54:48.671  INFO 110320 --- [    Test worker] tourGuide.service.TourGuideService       : Track Location for user internalUser663
2022-10-05 17:54:48.671  INFO 110320 --- [    Test worker] tourGuide.service.TourGuideService       : Track Location for user internalUser660
2022-10-05 17:54:48.671  INFO 110320 --- [pool-7-thread-1] tourGuide.service.TourGuideService       : Track Location for user internalUser438
2022-10-05 17:54:48.672  INFO 110320 --- [    Test worker] tourGuide.service.TourGuideService       : Track Location for user internalUser661
2022-10-05 17:54:48.672  INFO 110320 --- [    Test worker] tourGuide.service.TourGuideService       : Track Location for user internalUser428
2022-10-05 17:54:48.672  INFO 110320 --- [pool-7-thread-1] tourGuide.service.TourGuideService       : Track Location for user internalUser721
2022-10-05 17:54:48.672  INFO 110320 --- [    Test worker] tourGuide.service.TourGuideService       : Track Location for user internalUser429
2022-10-05 17:54:48.672  INFO 110320 --- [pool-7-thread-1] tourGuide.service.TourGuideService       : Track Location for user internalUser963
2022-10-05 17:54:48.672  INFO 110320 --- [    Test worker] tourGuide.service.TourGuideService       : Track Location for user internalUser426
2022-10-05 17:54:48.672  INFO 110320 --- [pool-7-thread-1] tourGuide.service.TourGuideService       : Track Location for user internalUser722
2022-10-05 17:54:48.672  INFO 110320 --- [    Test worker] tourGuide.service.TourGuideService       : Track Location for user internalUser668
2022-10-05 17:54:48.672  INFO 110320 --- [    Test worker] tourGuide.service.TourGuideService       : Track Location for user internalUser427
2022-10-05 17:54:48.672  INFO 110320 --- [pool-7-thread-1] tourGuide.service.TourGuideService       : Track Location for user internalUser964
2022-10-05 17:54:48.672  INFO 110320 --- [    Test worker] tourGuide.service.TourGuideService       : Track Location for user internalUser669
2022-10-05 17:54:48.672  INFO 110320 --- [pool-7-thread-1] tourGuide.service.TourGuideService       : Track Location for user internalUser961
2022-10-05 17:54:48.673  INFO 110320 --- [    Test worker] tourGuide.service.TourGuideService       : Track Location for user internalUser670
2022-10-05 17:54:48.673  INFO 110320 --- [pool-7-thread-1] tourGuide.service.TourGuideService       : Track Location for user internalUser720
2022-10-05 17:54:48.673  INFO 110320 --- [    Test worker] tourGuide.service.TourGuideService       : Track Location for user internalUser435
2022-10-05 17:54:48.673  INFO 110320 --- [pool-7-thread-1] tourGuide.service.TourGuideService       : Track Location for user internalUser962
2022-10-05 17:54:48.673  INFO 110320 --- [pool-7-thread-1] tourGuide.service.TourGuideService       : Track Location for user internalUser960
2022-10-05 17:54:48.673  INFO 110320 --- [    Test worker] tourGuide.service.TourGuideService       : Track Location for user internalUser677
2022-10-05 17:54:48.674  INFO 110320 --- [pool-7-thread-1] tourGuide.service.TourGuideService       : Track Location for user internalUser729
2022-10-05 17:54:48.674  INFO 110320 --- [    Test worker] tourGuide.service.TourGuideService       : Track Location for user internalUser436
2022-10-05 17:54:48.674  INFO 110320 --- [pool-7-thread-1] tourGuide.service.TourGuideService       : Track Location for user internalUser727
2022-10-05 17:54:48.674  INFO 110320 --- [    Test worker] tourGuide.service.TourGuideService       : Track Location for user internalUser678
2022-10-05 17:54:48.674  INFO 110320 --- [pool-7-thread-1] tourGuide.service.TourGuideService       : Track Location for user internalUser969
2022-10-05 17:54:48.674  INFO 110320 --- [    Test worker] tourGuide.service.TourGuideService       : Track Location for user internalUser433
2022-10-05 17:54:48.674  INFO 110320 --- [pool-7-thread-1] tourGuide.service.TourGuideService       : Track Location for user internalUser728
2022-10-05 17:54:48.674  INFO 110320 --- [    Test worker] tourGuide.service.TourGuideService       : Track Location for user internalUser675
2022-10-05 17:54:48.674  INFO 110320 --- [    Test worker] tourGuide.service.TourGuideService       : Track Location for user internalUser434
2022-10-05 17:54:48.674  INFO 110320 --- [pool-7-thread-1] tourGuide.service.TourGuideService       : Track Location for user internalUser725
2022-10-05 17:54:48.675  INFO 110320 --- [    Test worker] tourGuide.service.TourGuideService       : Track Location for user internalUser676
2022-10-05 17:54:48.675  INFO 110320 --- [pool-7-thread-1] tourGuide.service.TourGuideService       : Track Location for user internalUser967
2022-10-05 17:54:48.675  INFO 110320 --- [    Test worker] tourGuide.service.TourGuideService       : Track Location for user internalUser431
2022-10-05 17:54:48.675  INFO 110320 --- [pool-7-thread-1] tourGuide.service.TourGuideService       : Track Location for user internalUser726
2022-10-05 17:54:48.675  INFO 110320 --- [    Test worker] tourGuide.service.TourGuideService       : Track Location for user internalUser673
2022-10-05 17:54:48.675  INFO 110320 --- [pool-7-thread-1] tourGuide.service.TourGuideService       : Track Location for user internalUser968
2022-10-05 17:54:48.675  INFO 110320 --- [    Test worker] tourGuide.service.TourGuideService       : Track Location for user internalUser432
2022-10-05 17:54:48.675  INFO 110320 --- [pool-7-thread-1] tourGuide.service.TourGuideService       : Track Location for user internalUser723
2022-10-05 17:54:48.676  INFO 110320 --- [    Test worker] tourGuide.service.TourGuideService       : Track Location for user internalUser674
2022-10-05 17:54:48.676  INFO 110320 --- [pool-7-thread-1] tourGuide.service.TourGuideService       : Track Location for user internalUser965
2022-10-05 17:54:48.676  INFO 110320 --- [    Test worker] tourGuide.service.TourGuideService       : Track Location for user internalUser671
2022-10-05 17:54:48.676  INFO 110320 --- [pool-7-thread-1] tourGuide.service.TourGuideService       : Track Location for user internalUser724
2022-10-05 17:54:48.676  INFO 110320 --- [    Test worker] tourGuide.service.TourGuideService       : Track Location for user internalUser430
2022-10-05 17:54:48.677  INFO 110320 --- [pool-7-thread-1] tourGuide.service.TourGuideService       : Track Location for user internalUser966
2022-10-05 17:54:48.677  INFO 110320 --- [    Test worker] tourGuide.service.TourGuideService       : Track Location for user internalUser672
2022-10-05 17:54:48.677  INFO 110320 --- [pool-7-thread-1] tourGuide.service.TourGuideService       : Track Location for user internalUser732
2022-10-05 17:54:48.677  INFO 110320 --- [    Test worker] tourGuide.service.TourGuideService       : Track Location for user internalUser439
2022-10-05 17:54:48.677  INFO 110320 --- [pool-7-thread-1] tourGuide.service.TourGuideService       : Track Location for user internalUser974
2022-10-05 17:54:48.677  INFO 110320 --- [    Test worker] tourGuide.service.TourGuideService       : Track Location for user internalUser437
2022-10-05 17:54:48.677  INFO 110320 --- [pool-7-thread-1] tourGuide.service.TourGuideService       : Track Location for user internalUser733
2022-10-05 17:54:48.677  INFO 110320 --- [    Test worker] tourGuide.service.TourGuideService       : Track Location for user internalUser679
2022-10-05 17:54:48.677  INFO 110320 --- [pool-7-thread-1] tourGuide.service.TourGuideService       : Track Location for user internalUser975
2022-10-05 17:54:48.677  INFO 110320 --- [    Test worker] tourGuide.service.TourGuideService       : Track Location for user internalUser438
2022-10-05 17:54:48.677  INFO 110320 --- [pool-7-thread-1] tourGuide.service.TourGuideService       : Track Location for user internalUser730
2022-10-05 17:54:48.677  INFO 110320 --- [    Test worker] tourGuide.service.TourGuideService       : Track Location for user internalUser721
2022-10-05 17:54:48.678  INFO 110320 --- [pool-7-thread-1] tourGuide.service.TourGuideService       : Track Location for user internalUser972
2022-10-05 17:54:48.678  INFO 110320 --- [    Test worker] tourGuide.service.TourGuideService       : Track Location for user internalUser963
2022-10-05 17:54:48.678  INFO 110320 --- [pool-7-thread-1] tourGuide.service.TourGuideService       : Track Location for user internalUser731
2022-10-05 17:54:48.678  INFO 110320 --- [    Test worker] tourGuide.service.TourGuideService       : Track Location for user internalUser722
2022-10-05 17:54:48.678  INFO 110320 --- [pool-7-thread-1] tourGuide.service.TourGuideService       : Track Location for user internalUser973
2022-10-05 17:54:48.678  INFO 110320 --- [    Test worker] tourGuide.service.TourGuideService       : Track Location for user internalUser964
2022-10-05 17:54:48.678  INFO 110320 --- [pool-7-thread-1] tourGuide.service.TourGuideService       : Track Location for user internalUser970
2022-10-05 17:54:48.678  INFO 110320 --- [    Test worker] tourGuide.service.TourGuideService       : Track Location for user internalUser961
2022-10-05 17:54:48.678  INFO 110320 --- [pool-7-thread-1] tourGuide.service.TourGuideService       : Track Location for user internalUser971
2022-10-05 17:54:48.678  INFO 110320 --- [    Test worker] tourGuide.service.TourGuideService       : Track Location for user internalUser720
2022-10-05 17:54:48.678  INFO 110320 --- [pool-7-thread-1] tourGuide.service.TourGuideService       : Track Location for user internalUser738
2022-10-05 17:54:48.678  INFO 110320 --- [    Test worker] tourGuide.service.TourGuideService       : Track Location for user internalUser962
2022-10-05 17:54:48.679  INFO 110320 --- [pool-7-thread-1] tourGuide.service.TourGuideService       : Track Location for user internalUser739
2022-10-05 17:54:48.679  INFO 110320 --- [    Test worker] tourGuide.service.TourGuideService       : Track Location for user internalUser960
2022-10-05 17:54:48.679  INFO 110320 --- [pool-7-thread-1] tourGuide.service.TourGuideService       : Track Location for user internalUser736
2022-10-05 17:54:48.679  INFO 110320 --- [    Test worker] tourGuide.service.TourGuideService       : Track Location for user internalUser729
2022-10-05 17:54:48.679  INFO 110320 --- [pool-7-thread-1] tourGuide.service.TourGuideService       : Track Location for user internalUser978
2022-10-05 17:54:48.680  INFO 110320 --- [    Test worker] tourGuide.service.TourGuideService       : Track Location for user internalUser727
2022-10-05 17:54:48.680  INFO 110320 --- [pool-7-thread-1] tourGuide.service.TourGuideService       : Track Location for user internalUser737
2022-10-05 17:54:48.680  INFO 110320 --- [pool-7-thread-1] tourGuide.service.TourGuideService       : Track Location for user internalUser979
2022-10-05 17:54:48.680  INFO 110320 --- [    Test worker] tourGuide.service.TourGuideService       : Track Location for user internalUser969
2022-10-05 17:54:48.680  INFO 110320 --- [pool-7-thread-1] tourGuide.service.TourGuideService       : Track Location for user internalUser734
2022-10-05 17:54:48.680  INFO 110320 --- [    Test worker] tourGuide.service.TourGuideService       : Track Location for user internalUser728
2022-10-05 17:54:48.680  INFO 110320 --- [pool-7-thread-1] tourGuide.service.TourGuideService       : Track Location for user internalUser976
2022-10-05 17:54:48.680  INFO 110320 --- [    Test worker] tourGuide.service.TourGuideService       : Track Location for user internalUser725
2022-10-05 17:54:48.680  INFO 110320 --- [pool-7-thread-1] tourGuide.service.TourGuideService       : Track Location for user internalUser735
2022-10-05 17:54:48.680  INFO 110320 --- [    Test worker] tourGuide.service.TourGuideService       : Track Location for user internalUser967
2022-10-05 17:54:48.681  INFO 110320 --- [pool-7-thread-1] tourGuide.service.TourGuideService       : Track Location for user internalUser977
2022-10-05 17:54:48.681  INFO 110320 --- [    Test worker] tourGuide.service.TourGuideService       : Track Location for user internalUser726
2022-10-05 17:54:48.681  INFO 110320 --- [pool-7-thread-1] tourGuide.service.TourGuideService       : Track Location for user internalUser501
2022-10-05 17:54:48.681  INFO 110320 --- [    Test worker] tourGuide.service.TourGuideService       : Track Location for user internalUser968
2022-10-05 17:54:48.681  INFO 110320 --- [pool-7-thread-1] tourGuide.service.TourGuideService       : Track Location for user internalUser743
2022-10-05 17:54:48.681  INFO 110320 --- [    Test worker] tourGuide.service.TourGuideService       : Track Location for user internalUser723
2022-10-05 17:54:48.681  INFO 110320 --- [pool-7-thread-1] tourGuide.service.TourGuideService       : Track Location for user internalUser985
2022-10-05 17:54:48.681  INFO 110320 --- [    Test worker] tourGuide.service.TourGuideService       : Track Location for user internalUser965
2022-10-05 17:54:48.681  INFO 110320 --- [pool-7-thread-1] tourGuide.service.TourGuideService       : Track Location for user internalUser502
2022-10-05 17:54:48.681  INFO 110320 --- [    Test worker] tourGuide.service.TourGuideService       : Track Location for user internalUser724
2022-10-05 17:54:48.681  INFO 110320 --- [pool-7-thread-1] tourGuide.service.TourGuideService       : Track Location for user internalUser744
2022-10-05 17:54:48.681  INFO 110320 --- [    Test worker] tourGuide.service.TourGuideService       : Track Location for user internalUser966
2022-10-05 17:54:48.682  INFO 110320 --- [pool-7-thread-1] tourGuide.service.TourGuideService       : Track Location for user internalUser986
2022-10-05 17:54:48.682  INFO 110320 --- [    Test worker] tourGuide.service.TourGuideService       : Track Location for user internalUser732
2022-10-05 17:54:48.682  INFO 110320 --- [pool-7-thread-1] tourGuide.service.TourGuideService       : Track Location for user internalUser741
2022-10-05 17:54:48.682  INFO 110320 --- [    Test worker] tourGuide.service.TourGuideService       : Track Location for user internalUser974
2022-10-05 17:54:48.682  INFO 110320 --- [pool-7-thread-1] tourGuide.service.TourGuideService       : Track Location for user internalUser983
2022-10-05 17:54:48.682  INFO 110320 --- [    Test worker] tourGuide.service.TourGuideService       : Track Location for user internalUser733
2022-10-05 17:54:48.683  INFO 110320 --- [pool-7-thread-1] tourGuide.service.TourGuideService       : Track Location for user internalUser500
2022-10-05 17:54:48.683  INFO 110320 --- [    Test worker] tourGuide.service.TourGuideService       : Track Location for user internalUser975
2022-10-05 17:54:48.683  INFO 110320 --- [    Test worker] tourGuide.service.TourGuideService       : Track Location for user internalUser730
2022-10-05 17:54:48.683  INFO 110320 --- [pool-7-thread-1] tourGuide.service.TourGuideService       : Track Location for user internalUser742
2022-10-05 17:54:48.683  INFO 110320 --- [    Test worker] tourGuide.service.TourGuideService       : Track Location for user internalUser972
2022-10-05 17:54:48.683  INFO 110320 --- [pool-7-thread-1] tourGuide.service.TourGuideService       : Track Location for user internalUser984
2022-10-05 17:54:48.683  INFO 110320 --- [    Test worker] tourGuide.service.TourGuideService       : Track Location for user internalUser731
2022-10-05 17:54:48.684  INFO 110320 --- [pool-7-thread-1] tourGuide.service.TourGuideService       : Track Location for user internalUser981
2022-10-05 17:54:48.684  INFO 110320 --- [    Test worker] tourGuide.service.TourGuideService       : Track Location for user internalUser973
2022-10-05 17:54:48.684  INFO 110320 --- [    Test worker] tourGuide.service.TourGuideService       : Track Location for user internalUser970
2022-10-05 17:54:48.684  INFO 110320 --- [pool-7-thread-1] tourGuide.service.TourGuideService       : Track Location for user internalUser740
2022-10-05 17:54:48.684  INFO 110320 --- [    Test worker] tourGuide.service.TourGuideService       : Track Location for user internalUser971
2022-10-05 17:54:48.684  INFO 110320 --- [pool-7-thread-1] tourGuide.service.TourGuideService       : Track Location for user internalUser982
2022-10-05 17:54:48.684  INFO 110320 --- [    Test worker] tourGuide.service.TourGuideService       : Track Location for user internalUser738
2022-10-05 17:54:48.684  INFO 110320 --- [pool-7-thread-1] tourGuide.service.TourGuideService       : Track Location for user internalUser980
2022-10-05 17:54:48.684  INFO 110320 --- [    Test worker] tourGuide.service.TourGuideService       : Track Location for user internalUser739
2022-10-05 17:54:48.684  INFO 110320 --- [pool-7-thread-1] tourGuide.service.TourGuideService       : Track Location for user internalUser509
2022-10-05 17:54:48.685  INFO 110320 --- [    Test worker] tourGuide.service.TourGuideService       : Track Location for user internalUser736
2022-10-05 17:54:48.685  INFO 110320 --- [pool-7-thread-1] tourGuide.service.TourGuideService       : Track Location for user internalUser507
2022-10-05 17:54:48.685  INFO 110320 --- [    Test worker] tourGuide.service.TourGuideService       : Track Location for user internalUser978
2022-10-05 17:54:48.685  INFO 110320 --- [pool-7-thread-1] tourGuide.service.TourGuideService       : Track Location for user internalUser749
2022-10-05 17:54:48.685  INFO 110320 --- [    Test worker] tourGuide.service.TourGuideService       : Track Location for user internalUser737
2022-10-05 17:54:48.685  INFO 110320 --- [pool-7-thread-1] tourGuide.service.TourGuideService       : Track Location for user internalUser508
2022-10-05 17:54:48.685  INFO 110320 --- [    Test worker] tourGuide.service.TourGuideService       : Track Location for user internalUser979
2022-10-05 17:54:48.685  INFO 110320 --- [pool-7-thread-1] tourGuide.service.TourGuideService       : Track Location for user internalUser505
2022-10-05 17:54:48.686  INFO 110320 --- [    Test worker] tourGuide.service.TourGuideService       : Track Location for user internalUser734
2022-10-05 17:54:48.686  INFO 110320 --- [pool-7-thread-1] tourGuide.service.TourGuideService       : Track Location for user internalUser747
2022-10-05 17:54:48.686  INFO 110320 --- [    Test worker] tourGuide.service.TourGuideService       : Track Location for user internalUser976
2022-10-05 17:54:48.686  INFO 110320 --- [pool-7-thread-1] tourGuide.service.TourGuideService       : Track Location for user internalUser989
2022-10-05 17:54:48.686  INFO 110320 --- [    Test worker] tourGuide.service.TourGuideService       : Track Location for user internalUser735
2022-10-05 17:54:48.686  INFO 110320 --- [pool-7-thread-1] tourGuide.service.TourGuideService       : Track Location for user internalUser506
2022-10-05 17:54:48.686  INFO 110320 --- [    Test worker] tourGuide.service.TourGuideService       : Track Location for user internalUser977
2022-10-05 17:54:48.686  INFO 110320 --- [pool-7-thread-1] tourGuide.service.TourGuideService       : Track Location for user internalUser748
2022-10-05 17:54:48.687  INFO 110320 --- [    Test worker] tourGuide.service.TourGuideService       : Track Location for user internalUser501
2022-10-05 17:54:48.687  INFO 110320 --- [pool-7-thread-1] tourGuide.service.TourGuideService       : Track Location for user internalUser503
2022-10-05 17:54:48.687  INFO 110320 --- [    Test worker] tourGuide.service.TourGuideService       : Track Location for user internalUser743
2022-10-05 17:54:48.687  INFO 110320 --- [pool-7-thread-1] tourGuide.service.TourGuideService       : Track Location for user internalUser745
2022-10-05 17:54:48.687  INFO 110320 --- [    Test worker] tourGuide.service.TourGuideService       : Track Location for user internalUser985
2022-10-05 17:54:48.687  INFO 110320 --- [pool-7-thread-1] tourGuide.service.TourGuideService       : Track Location for user internalUser987
2022-10-05 17:54:48.687  INFO 110320 --- [    Test worker] tourGuide.service.TourGuideService       : Track Location for user internalUser502
2022-10-05 17:54:48.687  INFO 110320 --- [pool-7-thread-1] tourGuide.service.TourGuideService       : Track Location for user internalUser504
2022-10-05 17:54:48.687  INFO 110320 --- [    Test worker] tourGuide.service.TourGuideService       : Track Location for user internalUser744
2022-10-05 17:54:48.687  INFO 110320 --- [pool-7-thread-1] tourGuide.service.TourGuideService       : Track Location for user internalUser746
2022-10-05 17:54:48.687  INFO 110320 --- [    Test worker] tourGuide.service.TourGuideService       : Track Location for user internalUser986
2022-10-05 17:54:48.687  INFO 110320 --- [pool-7-thread-1] tourGuide.service.TourGuideService       : Track Location for user internalUser988
2022-10-05 17:54:48.687  INFO 110320 --- [    Test worker] tourGuide.service.TourGuideService       : Track Location for user internalUser741
2022-10-05 17:54:48.687  INFO 110320 --- [pool-7-thread-1] tourGuide.service.TourGuideService       : Track Location for user internalUser512
2022-10-05 17:54:48.688  INFO 110320 --- [    Test worker] tourGuide.service.TourGuideService       : Track Location for user internalUser983
2022-10-05 17:54:48.688  INFO 110320 --- [pool-7-thread-1] tourGuide.service.TourGuideService       : Track Location for user internalUser754
2022-10-05 17:54:48.688  INFO 110320 --- [    Test worker] tourGuide.service.TourGuideService       : Track Location for user internalUser500
2022-10-05 17:54:48.688  INFO 110320 --- [pool-7-thread-1] tourGuide.service.TourGuideService       : Track Location for user internalUser996
2022-10-05 17:54:48.688  INFO 110320 --- [    Test worker] tourGuide.service.TourGuideService       : Track Location for user internalUser742
2022-10-05 17:54:48.688  INFO 110320 --- [pool-7-thread-1] tourGuide.service.TourGuideService       : Track Location for user internalUser513
2022-10-05 17:54:48.688  INFO 110320 --- [    Test worker] tourGuide.service.TourGuideService       : Track Location for user internalUser984
2022-10-05 17:54:48.688  INFO 110320 --- [pool-7-thread-1] tourGuide.service.TourGuideService       : Track Location for user internalUser755
2022-10-05 17:54:48.688  INFO 110320 --- [    Test worker] tourGuide.service.TourGuideService       : Track Location for user internalUser981
2022-10-05 17:54:48.688  INFO 110320 --- [pool-7-thread-1] tourGuide.service.TourGuideService       : Track Location for user internalUser997
2022-10-05 17:54:48.688  INFO 110320 --- [    Test worker] tourGuide.service.TourGuideService       : Track Location for user internalUser740
2022-10-05 17:54:48.688  INFO 110320 --- [pool-7-thread-1] tourGuide.service.TourGuideService       : Track Location for user internalUser510
2022-10-05 17:54:48.689  INFO 110320 --- [    Test worker] tourGuide.service.TourGuideService       : Track Location for user internalUser982
2022-10-05 17:54:48.689  INFO 110320 --- [pool-7-thread-1] tourGuide.service.TourGuideService       : Track Location for user internalUser752
2022-10-05 17:54:48.689  INFO 110320 --- [    Test worker] tourGuide.service.TourGuideService       : Track Location for user internalUser980
2022-10-05 17:54:48.689  INFO 110320 --- [pool-7-thread-1] tourGuide.service.TourGuideService       : Track Location for user internalUser994
2022-10-05 17:54:48.689  INFO 110320 --- [    Test worker] tourGuide.service.TourGuideService       : Track Location for user internalUser509
2022-10-05 17:54:48.689  INFO 110320 --- [pool-7-thread-1] tourGuide.service.TourGuideService       : Track Location for user internalUser511
2022-10-05 17:54:48.689  INFO 110320 --- [    Test worker] tourGuide.service.TourGuideService       : Track Location for user internalUser507
2022-10-05 17:54:48.689  INFO 110320 --- [pool-7-thread-1] tourGuide.service.TourGuideService       : Track Location for user internalUser753
2022-10-05 17:54:48.689  INFO 110320 --- [    Test worker] tourGuide.service.TourGuideService       : Track Location for user internalUser749
2022-10-05 17:54:48.689  INFO 110320 --- [pool-7-thread-1] tourGuide.service.TourGuideService       : Track Location for user internalUser995
2022-10-05 17:54:48.690  INFO 110320 --- [pool-7-thread-1] tourGuide.service.TourGuideService       : Track Location for user internalUser750
2022-10-05 17:54:48.690  INFO 110320 --- [    Test worker] tourGuide.service.TourGuideService       : Track Location for user internalUser508
2022-10-05 17:54:48.690  INFO 110320 --- [pool-7-thread-1] tourGuide.service.TourGuideService       : Track Location for user internalUser992
2022-10-05 17:54:48.690  INFO 110320 --- [    Test worker] tourGuide.service.TourGuideService       : Track Location for user internalUser505
2022-10-05 17:54:48.690  INFO 110320 --- [pool-7-thread-1] tourGuide.service.TourGuideService       : Track Location for user internalUser751
2022-10-05 17:54:48.690  INFO 110320 --- [    Test worker] tourGuide.service.TourGuideService       : Track Location for user internalUser747
2022-10-05 17:54:48.690  INFO 110320 --- [pool-7-thread-1] tourGuide.service.TourGuideService       : Track Location for user internalUser993
2022-10-05 17:54:48.690  INFO 110320 --- [    Test worker] tourGuide.service.TourGuideService       : Track Location for user internalUser989
2022-10-05 17:54:48.690  INFO 110320 --- [pool-7-thread-1] tourGuide.service.TourGuideService       : Track Location for user internalUser990
2022-10-05 17:54:48.690  INFO 110320 --- [    Test worker] tourGuide.service.TourGuideService       : Track Location for user internalUser506
2022-10-05 17:54:48.690  INFO 110320 --- [pool-7-thread-1] tourGuide.service.TourGuideService       : Track Location for user internalUser991
2022-10-05 17:54:48.691  INFO 110320 --- [    Test worker] tourGuide.service.TourGuideService       : Track Location for user internalUser748
2022-10-05 17:54:48.691  INFO 110320 --- [pool-7-thread-1] tourGuide.service.TourGuideService       : Track Location for user internalUser518
2022-10-05 17:54:48.691  INFO 110320 --- [    Test worker] tourGuide.service.TourGuideService       : Track Location for user internalUser503
2022-10-05 17:54:48.691  INFO 110320 --- [pool-7-thread-1] tourGuide.service.TourGuideService       : Track Location for user internalUser519
2022-10-05 17:54:48.691  INFO 110320 --- [    Test worker] tourGuide.service.TourGuideService       : Track Location for user internalUser745
2022-10-05 17:54:48.691  INFO 110320 --- [    Test worker] tourGuide.service.TourGuideService       : Track Location for user internalUser987
2022-10-05 17:54:48.691  INFO 110320 --- [    Test worker] tourGuide.service.TourGuideService       : Track Location for user internalUser504
2022-10-05 17:54:48.691  INFO 110320 --- [pool-7-thread-1] tourGuide.service.TourGuideService       : Track Location for user internalUser516
2022-10-05 17:54:48.692  INFO 110320 --- [    Test worker] tourGuide.service.TourGuideService       : Track Location for user internalUser746
2022-10-05 17:54:48.692  INFO 110320 --- [pool-7-thread-1] tourGuide.service.TourGuideService       : Track Location for user internalUser758
2022-10-05 17:54:48.692  INFO 110320 --- [    Test worker] tourGuide.service.TourGuideService       : Track Location for user internalUser988
2022-10-05 17:54:48.692  INFO 110320 --- [pool-7-thread-1] tourGuide.service.TourGuideService       : Track Location for user internalUser517
2022-10-05 17:54:48.692  INFO 110320 --- [    Test worker] tourGuide.service.TourGuideService       : Track Location for user internalUser512
2022-10-05 17:54:48.692  INFO 110320 --- [    Test worker] tourGuide.service.TourGuideService       : Track Location for user internalUser754
2022-10-05 17:54:48.692  INFO 110320 --- [pool-7-thread-1] tourGuide.service.TourGuideService       : Track Location for user internalUser759
2022-10-05 17:54:48.692  INFO 110320 --- [    Test worker] tourGuide.service.TourGuideService       : Track Location for user internalUser996
2022-10-05 17:54:48.692  INFO 110320 --- [pool-7-thread-1] tourGuide.service.TourGuideService       : Track Location for user internalUser514
2022-10-05 17:54:48.692  INFO 110320 --- [    Test worker] tourGuide.service.TourGuideService       : Track Location for user internalUser513
2022-10-05 17:54:48.692  INFO 110320 --- [pool-7-thread-1] tourGuide.service.TourGuideService       : Track Location for user internalUser756
2022-10-05 17:54:48.693  INFO 110320 --- [    Test worker] tourGuide.service.TourGuideService       : Track Location for user internalUser755
2022-10-05 17:54:48.693  INFO 110320 --- [pool-7-thread-1] tourGuide.service.TourGuideService       : Track Location for user internalUser998
2022-10-05 17:54:48.693  INFO 110320 --- [    Test worker] tourGuide.service.TourGuideService       : Track Location for user internalUser997
2022-10-05 17:54:48.693  INFO 110320 --- [pool-7-thread-1] tourGuide.service.TourGuideService       : Track Location for user internalUser515
2022-10-05 17:54:48.693  INFO 110320 --- [    Test worker] tourGuide.service.TourGuideService       : Track Location for user internalUser510
2022-10-05 17:54:48.693  INFO 110320 --- [pool-7-thread-1] tourGuide.service.TourGuideService       : Track Location for user internalUser757
2022-10-05 17:54:48.693  INFO 110320 --- [    Test worker] tourGuide.service.TourGuideService       : Track Location for user internalUser752
2022-10-05 17:54:48.693  INFO 110320 --- [pool-7-thread-1] tourGuide.service.TourGuideService       : Track Location for user internalUser999
2022-10-05 17:54:48.693  INFO 110320 --- [    Test worker] tourGuide.service.TourGuideService       : Track Location for user internalUser994
2022-10-05 17:54:48.694  INFO 110320 --- [pool-7-thread-1] tourGuide.service.TourGuideService       : Track Location for user internalUser920
2022-10-05 17:54:48.694  INFO 110320 --- [    Test worker] tourGuide.service.TourGuideService       : Track Location for user internalUser511
2022-10-05 17:54:48.694  INFO 110320 --- [pool-7-thread-1] tourGuide.service.TourGuideService       : Track Location for user internalUser927
2022-10-05 17:54:48.694  INFO 110320 --- [    Test worker] tourGuide.service.TourGuideService       : Track Location for user internalUser753
2022-10-05 17:54:48.694  INFO 110320 --- [pool-7-thread-1] tourGuide.service.TourGuideService       : Track Location for user internalUser928
2022-10-05 17:54:48.694  INFO 110320 --- [    Test worker] tourGuide.service.TourGuideService       : Track Location for user internalUser995
2022-10-05 17:54:48.694  INFO 110320 --- [pool-7-thread-1] tourGuide.service.TourGuideService       : Track Location for user internalUser925
2022-10-05 17:54:48.694  INFO 110320 --- [    Test worker] tourGuide.service.TourGuideService       : Track Location for user internalUser750
2022-10-05 17:54:48.694  INFO 110320 --- [pool-7-thread-1] tourGuide.service.TourGuideService       : Track Location for user internalUser926
2022-10-05 17:54:48.694  INFO 110320 --- [    Test worker] tourGuide.service.TourGuideService       : Track Location for user internalUser992
2022-10-05 17:54:48.694  INFO 110320 --- [pool-7-thread-1] tourGuide.service.TourGuideService       : Track Location for user internalUser923
2022-10-05 17:54:48.695  INFO 110320 --- [    Test worker] tourGuide.service.TourGuideService       : Track Location for user internalUser751
2022-10-05 17:54:48.695  INFO 110320 --- [pool-7-thread-1] tourGuide.service.TourGuideService       : Track Location for user internalUser924
2022-10-05 17:54:48.695  INFO 110320 --- [    Test worker] tourGuide.service.TourGuideService       : Track Location for user internalUser993
2022-10-05 17:54:48.695  INFO 110320 --- [pool-7-thread-1] tourGuide.service.TourGuideService       : Track Location for user internalUser921
2022-10-05 17:54:48.695  INFO 110320 --- [    Test worker] tourGuide.service.TourGuideService       : Track Location for user internalUser990
2022-10-05 17:54:48.695  INFO 110320 --- [pool-7-thread-1] tourGuide.service.TourGuideService       : Track Location for user internalUser922
2022-10-05 17:54:48.695  INFO 110320 --- [    Test worker] tourGuide.service.TourGuideService       : Track Location for user internalUser991
2022-10-05 17:54:48.695  INFO 110320 --- [pool-7-thread-1] tourGuide.service.TourGuideService       : Track Location for user internalUser929
2022-10-05 17:54:48.695  INFO 110320 --- [    Test worker] tourGuide.service.TourGuideService       : Track Location for user internalUser518
2022-10-05 17:54:48.695  INFO 110320 --- [pool-7-thread-1] tourGuide.service.TourGuideService       : Track Location for user internalUser930
2022-10-05 17:54:48.695  INFO 110320 --- [    Test worker] tourGuide.service.TourGuideService       : Track Location for user internalUser519
2022-10-05 17:54:48.696  INFO 110320 --- [pool-7-thread-1] tourGuide.service.TourGuideService       : Track Location for user internalUser931
2022-10-05 17:54:48.696  INFO 110320 --- [    Test worker] tourGuide.service.TourGuideService       : Track Location for user internalUser516
2022-10-05 17:54:48.696  INFO 110320 --- [pool-7-thread-1] tourGuide.service.TourGuideService       : Track Location for user internalUser938
2022-10-05 17:54:48.696  INFO 110320 --- [    Test worker] tourGuide.service.TourGuideService       : Track Location for user internalUser758
2022-10-05 17:54:48.696  INFO 110320 --- [pool-7-thread-1] tourGuide.service.TourGuideService       : Track Location for user internalUser939
2022-10-05 17:54:48.696  INFO 110320 --- [    Test worker] tourGuide.service.TourGuideService       : Track Location for user internalUser517
2022-10-05 17:54:48.697  INFO 110320 --- [pool-7-thread-1] tourGuide.service.TourGuideService       : Track Location for user internalUser936
2022-10-05 17:54:48.697  INFO 110320 --- [    Test worker] tourGuide.service.TourGuideService       : Track Location for user internalUser759
2022-10-05 17:54:48.697  INFO 110320 --- [pool-7-thread-1] tourGuide.service.TourGuideService       : Track Location for user internalUser937
2022-10-05 17:54:48.697  INFO 110320 --- [    Test worker] tourGuide.service.TourGuideService       : Track Location for user internalUser514
2022-10-05 17:54:48.697  INFO 110320 --- [pool-7-thread-1] tourGuide.service.TourGuideService       : Track Location for user internalUser934
2022-10-05 17:54:48.698  INFO 110320 --- [    Test worker] tourGuide.service.TourGuideService       : Track Location for user internalUser756
2022-10-05 17:54:48.698  INFO 110320 --- [pool-7-thread-1] tourGuide.service.TourGuideService       : Track Location for user internalUser935
2022-10-05 17:54:48.698  INFO 110320 --- [    Test worker] tourGuide.service.TourGuideService       : Track Location for user internalUser998
2022-10-05 17:54:48.698  INFO 110320 --- [pool-7-thread-1] tourGuide.service.TourGuideService       : Track Location for user internalUser932
2022-10-05 17:54:48.698  INFO 110320 --- [pool-7-thread-1] tourGuide.service.TourGuideService       : Track Location for user internalUser933
2022-10-05 17:54:48.698  INFO 110320 --- [pool-7-thread-1] tourGuide.service.TourGuideService       : Track Location for user internalUser941
2022-10-05 17:54:48.698  INFO 110320 --- [pool-7-thread-1] tourGuide.service.TourGuideService       : Track Location for user internalUser700
2022-10-05 17:54:48.698  INFO 110320 --- [pool-7-thread-1] tourGuide.service.TourGuideService       : Track Location for user internalUser942
2022-10-05 17:54:48.698  INFO 110320 --- [pool-7-thread-1] tourGuide.service.TourGuideService       : Track Location for user internalUser940
2022-10-05 17:54:48.698  INFO 110320 --- [    Test worker] tourGuide.service.TourGuideService       : Track Location for user internalUser515
2022-10-05 17:54:48.699  INFO 110320 --- [pool-7-thread-1] tourGuide.service.TourGuideService       : Track Location for user internalUser707
2022-10-05 17:54:48.699  INFO 110320 --- [    Test worker] tourGuide.service.TourGuideService       : Track Location for user internalUser757
2022-10-05 17:54:48.699  INFO 110320 --- [pool-7-thread-1] tourGuide.service.TourGuideService       : Track Location for user internalUser949
2022-10-05 17:54:48.699  INFO 110320 --- [pool-7-thread-1] tourGuide.service.TourGuideService       : Track Location for user internalUser708
2022-10-05 17:54:48.699  INFO 110320 --- [    Test worker] tourGuide.service.TourGuideService       : Track Location for user internalUser999
2022-10-05 17:54:48.699  INFO 110320 --- [pool-7-thread-1] tourGuide.service.TourGuideService       : Track Location for user internalUser705
2022-10-05 17:54:48.699  INFO 110320 --- [pool-7-thread-1] tourGuide.service.TourGuideService       : Track Location for user internalUser947
2022-10-05 17:54:48.699  INFO 110320 --- [pool-7-thread-1] tourGuide.service.TourGuideService       : Track Location for user internalUser706
2022-10-05 17:54:48.700  INFO 110320 --- [    Test worker] tourGuide.service.TourGuideService       : Track Location for user internalUser920
2022-10-05 17:54:48.700  INFO 110320 --- [pool-7-thread-1] tourGuide.service.TourGuideService       : Track Location for user internalUser948
2022-10-05 17:54:48.700  INFO 110320 --- [    Test worker] tourGuide.service.TourGuideService       : Track Location for user internalUser927
2022-10-05 17:54:48.700  INFO 110320 --- [pool-7-thread-1] tourGuide.service.TourGuideService       : Track Location for user internalUser703
2022-10-05 17:54:48.700  INFO 110320 --- [    Test worker] tourGuide.service.TourGuideService       : Track Location for user internalUser928
2022-10-05 17:54:48.700  INFO 110320 --- [pool-7-thread-1] tourGuide.service.TourGuideService       : Track Location for user internalUser945
2022-10-05 17:54:48.700  INFO 110320 --- [    Test worker] tourGuide.service.TourGuideService       : Track Location for user internalUser925
2022-10-05 17:54:48.700  INFO 110320 --- [pool-7-thread-1] tourGuide.service.TourGuideService       : Track Location for user internalUser704
2022-10-05 17:54:48.700  INFO 110320 --- [pool-7-thread-1] tourGuide.service.TourGuideService       : Track Location for user internalUser946
2022-10-05 17:54:48.700  INFO 110320 --- [    Test worker] tourGuide.service.TourGuideService       : Track Location for user internalUser926
2022-10-05 17:54:48.701  INFO 110320 --- [pool-7-thread-1] tourGuide.service.TourGuideService       : Track Location for user internalUser701
2022-10-05 17:54:48.701  INFO 110320 --- [    Test worker] tourGuide.service.TourGuideService       : Track Location for user internalUser923
2022-10-05 17:54:48.701  INFO 110320 --- [    Test worker] tourGuide.service.TourGuideService       : Track Location for user internalUser924
2022-10-05 17:54:48.701  INFO 110320 --- [    Test worker] tourGuide.service.TourGuideService       : Track Location for user internalUser921
2022-10-05 17:54:48.701  INFO 110320 --- [    Test worker] tourGuide.service.TourGuideService       : Track Location for user internalUser922
2022-10-05 17:54:48.701  INFO 110320 --- [pool-7-thread-1] tourGuide.service.TourGuideService       : Track Location for user internalUser943
2022-10-05 17:54:48.701  INFO 110320 --- [    Test worker] tourGuide.service.TourGuideService       : Track Location for user internalUser929
2022-10-05 17:54:48.702  INFO 110320 --- [pool-7-thread-1] tourGuide.service.TourGuideService       : Track Location for user internalUser702
2022-10-05 17:54:48.702  INFO 110320 --- [    Test worker] tourGuide.service.TourGuideService       : Track Location for user internalUser930
2022-10-05 17:54:48.702  INFO 110320 --- [pool-7-thread-1] tourGuide.service.TourGuideService       : Track Location for user internalUser944
2022-10-05 17:54:48.702  INFO 110320 --- [    Test worker] tourGuide.service.TourGuideService       : Track Location for user internalUser931
2022-10-05 17:54:48.702  INFO 110320 --- [pool-7-thread-1] tourGuide.service.TourGuideService       : Track Location for user internalUser709
2022-10-05 17:54:48.702  INFO 110320 --- [    Test worker] tourGuide.service.TourGuideService       : Track Location for user internalUser938
2022-10-05 17:54:48.702  INFO 110320 --- [pool-7-thread-1] tourGuide.service.TourGuideService       : Track Location for user internalUser710
2022-10-05 17:54:48.702  INFO 110320 --- [    Test worker] tourGuide.service.TourGuideService       : Track Location for user internalUser939
2022-10-05 17:54:48.702  INFO 110320 --- [pool-7-thread-1] tourGuide.service.TourGuideService       : Track Location for user internalUser952
2022-10-05 17:54:48.702  INFO 110320 --- [    Test worker] tourGuide.service.TourGuideService       : Track Location for user internalUser936
2022-10-05 17:54:48.703  INFO 110320 --- [pool-7-thread-1] tourGuide.service.TourGuideService       : Track Location for user internalUser711
2022-10-05 17:54:48.703  INFO 110320 --- [    Test worker] tourGuide.service.TourGuideService       : Track Location for user internalUser937
2022-10-05 17:54:48.703  INFO 110320 --- [pool-7-thread-1] tourGuide.service.TourGuideService       : Track Location for user internalUser953
2022-10-05 17:54:48.703  INFO 110320 --- [    Test worker] tourGuide.service.TourGuideService       : Track Location for user internalUser934
2022-10-05 17:54:48.703  INFO 110320 --- [pool-7-thread-1] tourGuide.service.TourGuideService       : Track Location for user internalUser950
2022-10-05 17:54:48.703  INFO 110320 --- [    Test worker] tourGuide.service.TourGuideService       : Track Location for user internalUser935
2022-10-05 17:54:48.703  INFO 110320 --- [pool-7-thread-1] tourGuide.service.TourGuideService       : Track Location for user internalUser951
2022-10-05 17:54:48.703  INFO 110320 --- [    Test worker] tourGuide.service.TourGuideService       : Track Location for user internalUser932
2022-10-05 17:54:48.704  INFO 110320 --- [pool-7-thread-1] tourGuide.service.TourGuideService       : Track Location for user internalUser718
2022-10-05 17:54:48.704  INFO 110320 --- [    Test worker] tourGuide.service.TourGuideService       : Track Location for user internalUser933
2022-10-05 17:54:48.704  INFO 110320 --- [pool-7-thread-1] tourGuide.service.TourGuideService       : Track Location for user internalUser719
2022-10-05 17:54:48.704  INFO 110320 --- [    Test worker] tourGuide.service.TourGuideService       : Track Location for user internalUser941
2022-10-05 17:54:48.704  INFO 110320 --- [pool-7-thread-1] tourGuide.service.TourGuideService       : Track Location for user internalUser716
2022-10-05 17:54:48.704  INFO 110320 --- [    Test worker] tourGuide.service.TourGuideService       : Track Location for user internalUser700
2022-10-05 17:54:48.704  INFO 110320 --- [pool-7-thread-1] tourGuide.service.TourGuideService       : Track Location for user internalUser958
2022-10-05 17:54:48.704  INFO 110320 --- [    Test worker] tourGuide.service.TourGuideService       : Track Location for user internalUser942
2022-10-05 17:54:48.704  INFO 110320 --- [pool-7-thread-1] tourGuide.service.TourGuideService       : Track Location for user internalUser717
2022-10-05 17:54:48.705  INFO 110320 --- [    Test worker] tourGuide.service.TourGuideService       : Track Location for user internalUser940
2022-10-05 17:54:48.705  INFO 110320 --- [pool-7-thread-1] tourGuide.service.TourGuideService       : Track Location for user internalUser959
2022-10-05 17:54:48.705  INFO 110320 --- [    Test worker] tourGuide.service.TourGuideService       : Track Location for user internalUser707
2022-10-05 17:54:48.705  INFO 110320 --- [pool-7-thread-1] tourGuide.service.TourGuideService       : Track Location for user internalUser714
2022-10-05 17:54:48.705  INFO 110320 --- [    Test worker] tourGuide.service.TourGuideService       : Track Location for user internalUser949
2022-10-05 17:54:48.705  INFO 110320 --- [pool-7-thread-1] tourGuide.service.TourGuideService       : Track Location for user internalUser956
2022-10-05 17:54:48.705  INFO 110320 --- [    Test worker] tourGuide.service.TourGuideService       : Track Location for user internalUser708
2022-10-05 17:54:48.705  INFO 110320 --- [pool-7-thread-1] tourGuide.service.TourGuideService       : Track Location for user internalUser715
2022-10-05 17:54:48.705  INFO 110320 --- [    Test worker] tourGuide.service.TourGuideService       : Track Location for user internalUser705
2022-10-05 17:54:48.705  INFO 110320 --- [pool-7-thread-1] tourGuide.service.TourGuideService       : Track Location for user internalUser957
2022-10-05 17:54:48.705  INFO 110320 --- [    Test worker] tourGuide.service.TourGuideService       : Track Location for user internalUser947
2022-10-05 17:54:48.706  INFO 110320 --- [pool-7-thread-1] tourGuide.service.TourGuideService       : Track Location for user internalUser712
2022-10-05 17:54:48.706  INFO 110320 --- [    Test worker] tourGuide.service.TourGuideService       : Track Location for user internalUser706
2022-10-05 17:54:48.706  INFO 110320 --- [pool-7-thread-1] tourGuide.service.TourGuideService       : Track Location for user internalUser954
2022-10-05 17:54:48.706  INFO 110320 --- [    Test worker] tourGuide.service.TourGuideService       : Track Location for user internalUser948
2022-10-05 17:54:48.706  INFO 110320 --- [pool-7-thread-1] tourGuide.service.TourGuideService       : Track Location for user internalUser713
2022-10-05 17:54:48.706  INFO 110320 --- [    Test worker] tourGuide.service.TourGuideService       : Track Location for user internalUser703
2022-10-05 17:54:48.706  INFO 110320 --- [pool-7-thread-1] tourGuide.service.TourGuideService       : Track Location for user internalUser955
2022-10-05 17:54:48.706  INFO 110320 --- [    Test worker] tourGuide.service.TourGuideService       : Track Location for user internalUser945
2022-10-05 17:54:48.706  INFO 110320 --- [pool-7-thread-1] tourGuide.service.TourGuideService       : Track Location for user internalUser905
2022-10-05 17:54:48.707  INFO 110320 --- [    Test worker] tourGuide.service.TourGuideService       : Track Location for user internalUser704
2022-10-05 17:54:48.707  INFO 110320 --- [pool-7-thread-1] tourGuide.service.TourGuideService       : Track Location for user internalUser906
2022-10-05 17:54:48.707  INFO 110320 --- [    Test worker] tourGuide.service.TourGuideService       : Track Location for user internalUser946
2022-10-05 17:54:48.707  INFO 110320 --- [pool-7-thread-1] tourGuide.service.TourGuideService       : Track Location for user internalUser903
2022-10-05 17:54:48.707  INFO 110320 --- [    Test worker] tourGuide.service.TourGuideService       : Track Location for user internalUser701
2022-10-05 17:54:48.707  INFO 110320 --- [pool-7-thread-1] tourGuide.service.TourGuideService       : Track Location for user internalUser904
2022-10-05 17:54:48.707  INFO 110320 --- [    Test worker] tourGuide.service.TourGuideService       : Track Location for user internalUser943
2022-10-05 17:54:48.707  INFO 110320 --- [pool-7-thread-1] tourGuide.service.TourGuideService       : Track Location for user internalUser901
2022-10-05 17:54:48.708  INFO 110320 --- [    Test worker] tourGuide.service.TourGuideService       : Track Location for user internalUser702
2022-10-05 17:54:48.708  INFO 110320 --- [pool-7-thread-1] tourGuide.service.TourGuideService       : Track Location for user internalUser902
2022-10-05 17:54:48.708  INFO 110320 --- [    Test worker] tourGuide.service.TourGuideService       : Track Location for user internalUser944
2022-10-05 17:54:48.708  INFO 110320 --- [pool-7-thread-1] tourGuide.service.TourGuideService       : Track Location for user internalUser900
2022-10-05 17:54:48.708  INFO 110320 --- [    Test worker] tourGuide.service.TourGuideService       : Track Location for user internalUser709
2022-10-05 17:54:48.708  INFO 110320 --- [pool-7-thread-1] tourGuide.service.TourGuideService       : Track Location for user internalUser909
2022-10-05 17:54:48.708  INFO 110320 --- [    Test worker] tourGuide.service.TourGuideService       : Track Location for user internalUser710
2022-10-05 17:54:48.708  INFO 110320 --- [pool-7-thread-1] tourGuide.service.TourGuideService       : Track Location for user internalUser907
2022-10-05 17:54:48.708  INFO 110320 --- [    Test worker] tourGuide.service.TourGuideService       : Track Location for user internalUser952
2022-10-05 17:54:48.708  INFO 110320 --- [pool-7-thread-1] tourGuide.service.TourGuideService       : Track Location for user internalUser908
2022-10-05 17:54:48.708  INFO 110320 --- [    Test worker] tourGuide.service.TourGuideService       : Track Location for user internalUser711
2022-10-05 17:54:48.708  INFO 110320 --- [pool-7-thread-1] tourGuide.service.TourGuideService       : Track Location for user internalUser916
2022-10-05 17:54:48.708  INFO 110320 --- [    Test worker] tourGuide.service.TourGuideService       : Track Location for user internalUser953
2022-10-05 17:54:48.708  INFO 110320 --- [pool-7-thread-1] tourGuide.service.TourGuideService       : Track Location for user internalUser917
2022-10-05 17:54:48.709  INFO 110320 --- [    Test worker] tourGuide.service.TourGuideService       : Track Location for user internalUser950
2022-10-05 17:54:48.709  INFO 110320 --- [pool-7-thread-1] tourGuide.service.TourGuideService       : Track Location for user internalUser914
2022-10-05 17:54:48.709  INFO 110320 --- [    Test worker] tourGuide.service.TourGuideService       : Track Location for user internalUser951
2022-10-05 17:54:48.709  INFO 110320 --- [pool-7-thread-1] tourGuide.service.TourGuideService       : Track Location for user internalUser915
2022-10-05 17:54:48.709  INFO 110320 --- [    Test worker] tourGuide.service.TourGuideService       : Track Location for user internalUser718
2022-10-05 17:54:48.709  INFO 110320 --- [pool-7-thread-1] tourGuide.service.TourGuideService       : Track Location for user internalUser912
2022-10-05 17:54:48.709  INFO 110320 --- [    Test worker] tourGuide.service.TourGuideService       : Track Location for user internalUser719
2022-10-05 17:54:48.709  INFO 110320 --- [pool-7-thread-1] tourGuide.service.TourGuideService       : Track Location for user internalUser913
2022-10-05 17:54:48.710  INFO 110320 --- [    Test worker] tourGuide.service.TourGuideService       : Track Location for user internalUser716
2022-10-05 17:54:48.710  INFO 110320 --- [pool-7-thread-1] tourGuide.service.TourGuideService       : Track Location for user internalUser910
2022-10-05 17:54:48.710  INFO 110320 --- [    Test worker] tourGuide.service.TourGuideService       : Track Location for user internalUser958
2022-10-05 17:54:48.710  INFO 110320 --- [pool-7-thread-1] tourGuide.service.TourGuideService       : Track Location for user internalUser911
2022-10-05 17:54:48.710  INFO 110320 --- [    Test worker] tourGuide.service.TourGuideService       : Track Location for user internalUser717
2022-10-05 17:54:48.711  INFO 110320 --- [pool-7-thread-1] tourGuide.service.TourGuideService       : Track Location for user internalUser918
2022-10-05 17:54:48.711  INFO 110320 --- [    Test worker] tourGuide.service.TourGuideService       : Track Location for user internalUser959
2022-10-05 17:54:48.711  INFO 110320 --- [pool-7-thread-1] tourGuide.service.TourGuideService       : Track Location for user internalUser919
2022-10-05 17:54:48.711  INFO 110320 --- [    Test worker] tourGuide.service.TourGuideService       : Track Location for user internalUser714
2022-10-05 17:54:48.711 DEBUG 110320 --- [pool-7-thread-1] tourGuide.tracker.Tracker                : Tracker Time Elapsed: 0 seconds.
2022-10-05 17:54:48.711 DEBUG 110320 --- [pool-7-thread-1] tourGuide.tracker.Tracker                : Tracker sleeping
2022-10-05 17:54:48.711  INFO 110320 --- [    Test worker] tourGuide.service.TourGuideService       : Track Location for user internalUser956
2022-10-05 17:54:48.711  INFO 110320 --- [    Test worker] tourGuide.service.TourGuideService       : Track Location for user internalUser715
2022-10-05 17:54:48.711  INFO 110320 --- [    Test worker] tourGuide.service.TourGuideService       : Track Location for user internalUser957
2022-10-05 17:54:48.711  INFO 110320 --- [    Test worker] tourGuide.service.TourGuideService       : Track Location for user internalUser712
2022-10-05 17:54:48.711  INFO 110320 --- [    Test worker] tourGuide.service.TourGuideService       : Track Location for user internalUser954
2022-10-05 17:54:48.712  INFO 110320 --- [    Test worker] tourGuide.service.TourGuideService       : Track Location for user internalUser713
2022-10-05 17:54:48.712  INFO 110320 --- [    Test worker] tourGuide.service.TourGuideService       : Track Location for user internalUser955
2022-10-05 17:54:48.712  INFO 110320 --- [    Test worker] tourGuide.service.TourGuideService       : Track Location for user internalUser905
2022-10-05 17:54:48.712  INFO 110320 --- [    Test worker] tourGuide.service.TourGuideService       : Track Location for user internalUser906
2022-10-05 17:54:48.712  INFO 110320 --- [    Test worker] tourGuide.service.TourGuideService       : Track Location for user internalUser903
2022-10-05 17:54:48.712  INFO 110320 --- [    Test worker] tourGuide.service.TourGuideService       : Track Location for user internalUser904
2022-10-05 17:54:48.712  INFO 110320 --- [    Test worker] tourGuide.service.TourGuideService       : Track Location for user internalUser901
2022-10-05 17:54:48.712  INFO 110320 --- [    Test worker] tourGuide.service.TourGuideService       : Track Location for user internalUser902
2022-10-05 17:54:48.712  INFO 110320 --- [    Test worker] tourGuide.service.TourGuideService       : Track Location for user internalUser900
2022-10-05 17:54:48.712  INFO 110320 --- [    Test worker] tourGuide.service.TourGuideService       : Track Location for user internalUser909
2022-10-05 17:54:48.713  INFO 110320 --- [    Test worker] tourGuide.service.TourGuideService       : Track Location for user internalUser907
2022-10-05 17:54:48.713  INFO 110320 --- [    Test worker] tourGuide.service.TourGuideService       : Track Location for user internalUser908
2022-10-05 17:54:48.713  INFO 110320 --- [    Test worker] tourGuide.service.TourGuideService       : Track Location for user internalUser916
2022-10-05 17:54:48.713  INFO 110320 --- [    Test worker] tourGuide.service.TourGuideService       : Track Location for user internalUser917
2022-10-05 17:54:48.713  INFO 110320 --- [    Test worker] tourGuide.service.TourGuideService       : Track Location for user internalUser914
2022-10-05 17:54:48.713  INFO 110320 --- [    Test worker] tourGuide.service.TourGuideService       : Track Location for user internalUser915
2022-10-05 17:54:48.713  INFO 110320 --- [    Test worker] tourGuide.service.TourGuideService       : Track Location for user internalUser912
2022-10-05 17:54:48.713  INFO 110320 --- [    Test worker] tourGuide.service.TourGuideService       : Track Location for user internalUser913
2022-10-05 17:54:48.714  INFO 110320 --- [    Test worker] tourGuide.service.TourGuideService       : Track Location for user internalUser910
2022-10-05 17:54:48.714  INFO 110320 --- [    Test worker] tourGuide.service.TourGuideService       : Track Location for user internalUser911
2022-10-05 17:54:48.714  INFO 110320 --- [    Test worker] tourGuide.service.TourGuideService       : Track Location for user internalUser918
2022-10-05 17:54:48.714  INFO 110320 --- [    Test worker] tourGuide.service.TourGuideService       : Track Location for user internalUser919
highVolumeTrackLocation: Time Elapsed: 1 seconds.
2022-10-05 17:54:50.230  INFO 110320 --- [    Test worker] tourGuide.service.TourGuideService       : TestMode enabled
2022-10-05 17:54:50.230 DEBUG 110320 --- [    Test worker] tourGuide.service.TourGuideService       : Initializing users
2022-10-05 17:54:50.236 DEBUG 110320 --- [    Test worker] tourGuide.service.TourGuideService       : Created 1000 internal test users.
2022-10-05 17:54:50.236 DEBUG 110320 --- [    Test worker] tourGuide.service.TourGuideService       : Finished initializing users
2022-10-05 17:54:50.236 DEBUG 110320 --- [ool-10-thread-1] tourGuide.tracker.Tracker                : Begin Tracker. Tracking 1000 users.
2022-10-05 17:54:50.237  INFO 110320 --- [ool-10-thread-1] tourGuide.service.TourGuideService       : Track Location for user internalUser163
2022-10-05 17:54:50.237  INFO 110320 --- [ool-10-thread-1] tourGuide.service.TourGuideService       : Track Location for user internalUser164
2022-10-05 17:54:50.237  INFO 110320 --- [ool-10-thread-1] tourGuide.service.TourGuideService       : Track Location for user internalUser161
2022-10-05 17:54:50.237  INFO 110320 --- [ool-10-thread-1] tourGuide.service.TourGuideService       : Track Location for user internalUser162
2022-10-05 17:54:50.237  INFO 110320 --- [ool-10-thread-1] tourGuide.service.TourGuideService       : Track Location for user internalUser160
2022-10-05 17:54:50.237  INFO 110320 --- [ool-10-thread-1] tourGuide.service.TourGuideService       : Track Location for user internalUser169
2022-10-05 17:54:50.237  INFO 110320 --- [ool-10-thread-1] tourGuide.service.TourGuideService       : Track Location for user internalUser167
2022-10-05 17:54:50.237  INFO 110320 --- [ool-10-thread-1] tourGuide.service.TourGuideService       : Track Location for user internalUser168
2022-10-05 17:54:50.237  INFO 110320 --- [ool-10-thread-1] tourGuide.service.TourGuideService       : Track Location for user internalUser165
2022-10-05 17:54:50.237  INFO 110320 --- [ool-10-thread-1] tourGuide.service.TourGuideService       : Track Location for user internalUser166
2022-10-05 17:54:50.238  INFO 110320 --- [ool-10-thread-1] tourGuide.service.TourGuideService       : Track Location for user internalUser174
2022-10-05 17:54:50.238  INFO 110320 --- [ool-10-thread-1] tourGuide.service.TourGuideService       : Track Location for user internalUser175
2022-10-05 17:54:50.238  INFO 110320 --- [ool-10-thread-1] tourGuide.service.TourGuideService       : Track Location for user internalUser172
2022-10-05 17:54:50.238  INFO 110320 --- [ool-10-thread-1] tourGuide.service.TourGuideService       : Track Location for user internalUser173
2022-10-05 17:54:50.238  INFO 110320 --- [ool-10-thread-1] tourGuide.service.TourGuideService       : Track Location for user internalUser170
2022-10-05 17:54:50.238  INFO 110320 --- [ool-10-thread-1] tourGuide.service.TourGuideService       : Track Location for user internalUser171
2022-10-05 17:54:50.238  INFO 110320 --- [ool-10-thread-1] tourGuide.service.TourGuideService       : Track Location for user internalUser178
2022-10-05 17:54:50.238  INFO 110320 --- [ool-10-thread-1] tourGuide.service.TourGuideService       : Track Location for user internalUser179
2022-10-05 17:54:50.238  INFO 110320 --- [ool-10-thread-1] tourGuide.service.TourGuideService       : Track Location for user internalUser176
2022-10-05 17:54:50.238  INFO 110320 --- [ool-10-thread-1] tourGuide.service.TourGuideService       : Track Location for user internalUser177
2022-10-05 17:54:50.238  INFO 110320 --- [ool-10-thread-1] tourGuide.service.TourGuideService       : Track Location for user internalUser185
2022-10-05 17:54:50.238  INFO 110320 --- [ool-10-thread-1] tourGuide.service.TourGuideService       : Track Location for user internalUser186
2022-10-05 17:54:50.239  INFO 110320 --- [ool-10-thread-1] tourGuide.service.TourGuideService       : Track Location for user internalUser183
2022-10-05 17:54:50.239  INFO 110320 --- [ool-10-thread-1] tourGuide.service.TourGuideService       : Track Location for user internalUser184
2022-10-05 17:54:50.239  INFO 110320 --- [ool-10-thread-1] tourGuide.service.TourGuideService       : Track Location for user internalUser181
2022-10-05 17:54:50.239  INFO 110320 --- [ool-10-thread-1] tourGuide.service.TourGuideService       : Track Location for user internalUser182
2022-10-05 17:54:50.239  INFO 110320 --- [ool-10-thread-1] tourGuide.service.TourGuideService       : Track Location for user internalUser180
2022-10-05 17:54:50.239  INFO 110320 --- [ool-10-thread-1] tourGuide.service.TourGuideService       : Track Location for user internalUser189
2022-10-05 17:54:50.239  INFO 110320 --- [ool-10-thread-1] tourGuide.service.TourGuideService       : Track Location for user internalUser187
2022-10-05 17:54:50.239  INFO 110320 --- [ool-10-thread-1] tourGuide.service.TourGuideService       : Track Location for user internalUser188
2022-10-05 17:54:50.239  INFO 110320 --- [ool-10-thread-1] tourGuide.service.TourGuideService       : Track Location for user internalUser196
2022-10-05 17:54:50.239  INFO 110320 --- [ool-10-thread-1] tourGuide.service.TourGuideService       : Track Location for user internalUser197
2022-10-05 17:54:50.239  INFO 110320 --- [ool-10-thread-1] tourGuide.service.TourGuideService       : Track Location for user internalUser194
2022-10-05 17:54:50.239  INFO 110320 --- [ool-10-thread-1] tourGuide.service.TourGuideService       : Track Location for user internalUser195
2022-10-05 17:54:50.240  INFO 110320 --- [ool-10-thread-1] tourGuide.service.TourGuideService       : Track Location for user internalUser192
2022-10-05 17:54:50.240  INFO 110320 --- [ool-10-thread-1] tourGuide.service.TourGuideService       : Track Location for user internalUser193
2022-10-05 17:54:50.240  INFO 110320 --- [ool-10-thread-1] tourGuide.service.TourGuideService       : Track Location for user internalUser190
2022-10-05 17:54:50.240  INFO 110320 --- [ool-10-thread-1] tourGuide.service.TourGuideService       : Track Location for user internalUser191
2022-10-05 17:54:50.240  INFO 110320 --- [ool-10-thread-1] tourGuide.service.TourGuideService       : Track Location for user internalUser198
2022-10-05 17:54:50.240  INFO 110320 --- [ool-10-thread-1] tourGuide.service.TourGuideService       : Track Location for user internalUser199
2022-10-05 17:54:50.240  INFO 110320 --- [ool-10-thread-1] tourGuide.service.TourGuideService       : Track Location for user internalUser361
2022-10-05 17:54:50.240  INFO 110320 --- [ool-10-thread-1] tourGuide.service.TourGuideService       : Track Location for user internalUser120
2022-10-05 17:54:50.240  INFO 110320 --- [ool-10-thread-1] tourGuide.service.TourGuideService       : Track Location for user internalUser362
2022-10-05 17:54:50.240  INFO 110320 --- [ool-10-thread-1] tourGuide.service.TourGuideService       : Track Location for user internalUser360
2022-10-05 17:54:50.240  INFO 110320 --- [ool-10-thread-1] tourGuide.service.TourGuideService       : Track Location for user internalUser127
2022-10-05 17:54:50.240  INFO 110320 --- [ool-10-thread-1] tourGuide.service.TourGuideService       : Track Location for user internalUser369
2022-10-05 17:54:50.240  INFO 110320 --- [ool-10-thread-1] tourGuide.service.TourGuideService       : Track Location for user internalUser128
2022-10-05 17:54:50.240  INFO 110320 --- [ool-10-thread-1] tourGuide.service.TourGuideService       : Track Location for user internalUser125
2022-10-05 17:54:50.240  INFO 110320 --- [ool-10-thread-1] tourGuide.service.TourGuideService       : Track Location for user internalUser367
2022-10-05 17:54:50.241  INFO 110320 --- [ool-10-thread-1] tourGuide.service.TourGuideService       : Track Location for user internalUser126
2022-10-05 17:54:50.241  INFO 110320 --- [ool-10-thread-1] tourGuide.service.TourGuideService       : Track Location for user internalUser368
2022-10-05 17:54:50.241  INFO 110320 --- [ool-10-thread-1] tourGuide.service.TourGuideService       : Track Location for user internalUser123
2022-10-05 17:54:50.241  INFO 110320 --- [ool-10-thread-1] tourGuide.service.TourGuideService       : Track Location for user internalUser365
2022-10-05 17:54:50.241  INFO 110320 --- [ool-10-thread-1] tourGuide.service.TourGuideService       : Track Location for user internalUser124
2022-10-05 17:54:50.241  INFO 110320 --- [ool-10-thread-1] tourGuide.service.TourGuideService       : Track Location for user internalUser366
2022-10-05 17:54:50.241  INFO 110320 --- [ool-10-thread-1] tourGuide.service.TourGuideService       : Track Location for user internalUser121
2022-10-05 17:54:50.241  INFO 110320 --- [ool-10-thread-1] tourGuide.service.TourGuideService       : Track Location for user internalUser363
2022-10-05 17:54:50.241  INFO 110320 --- [ool-10-thread-1] tourGuide.service.TourGuideService       : Track Location for user internalUser122
2022-10-05 17:54:50.241  INFO 110320 --- [ool-10-thread-1] tourGuide.service.TourGuideService       : Track Location for user internalUser364
2022-10-05 17:54:50.241  INFO 110320 --- [ool-10-thread-1] tourGuide.service.TourGuideService       : Track Location for user internalUser129
2022-10-05 17:54:50.241  INFO 110320 --- [ool-10-thread-1] tourGuide.service.TourGuideService       : Track Location for user internalUser130
2022-10-05 17:54:50.241  INFO 110320 --- [ool-10-thread-1] tourGuide.service.TourGuideService       : Track Location for user internalUser372
2022-10-05 17:54:50.241  INFO 110320 --- [ool-10-thread-1] tourGuide.service.TourGuideService       : Track Location for user internalUser131
2022-10-05 17:54:50.242  INFO 110320 --- [ool-10-thread-1] tourGuide.service.TourGuideService       : Track Location for user internalUser373
2022-10-05 17:54:50.242  INFO 110320 --- [ool-10-thread-1] tourGuide.service.TourGuideService       : Track Location for user internalUser370
2022-10-05 17:54:50.242  INFO 110320 --- [ool-10-thread-1] tourGuide.service.TourGuideService       : Track Location for user internalUser371
2022-10-05 17:54:50.242  INFO 110320 --- [ool-10-thread-1] tourGuide.service.TourGuideService       : Track Location for user internalUser138
2022-10-05 17:54:50.242  INFO 110320 --- [ool-10-thread-1] tourGuide.service.TourGuideService       : Track Location for user internalUser139
2022-10-05 17:54:50.242  INFO 110320 --- [ool-10-thread-1] tourGuide.service.TourGuideService       : Track Location for user internalUser136
2022-10-05 17:54:50.242  INFO 110320 --- [ool-10-thread-1] tourGuide.service.TourGuideService       : Track Location for user internalUser378
2022-10-05 17:54:50.242  INFO 110320 --- [ool-10-thread-1] tourGuide.service.TourGuideService       : Track Location for user internalUser137
2022-10-05 17:54:50.242  INFO 110320 --- [ool-10-thread-1] tourGuide.service.TourGuideService       : Track Location for user internalUser379
2022-10-05 17:54:50.242  INFO 110320 --- [ool-10-thread-1] tourGuide.service.TourGuideService       : Track Location for user internalUser134
2022-10-05 17:54:50.242  INFO 110320 --- [ool-10-thread-1] tourGuide.service.TourGuideService       : Track Location for user internalUser376
2022-10-05 17:54:50.243  INFO 110320 --- [ool-10-thread-1] tourGuide.service.TourGuideService       : Track Location for user internalUser135
2022-10-05 17:54:50.243  INFO 110320 --- [ool-10-thread-1] tourGuide.service.TourGuideService       : Track Location for user internalUser377
2022-10-05 17:54:50.243  INFO 110320 --- [ool-10-thread-1] tourGuide.service.TourGuideService       : Track Location for user internalUser132
2022-10-05 17:54:50.243  INFO 110320 --- [ool-10-thread-1] tourGuide.service.TourGuideService       : Track Location for user internalUser374
2022-10-05 17:54:50.243  INFO 110320 --- [ool-10-thread-1] tourGuide.service.TourGuideService       : Track Location for user internalUser133
2022-10-05 17:54:50.243  INFO 110320 --- [ool-10-thread-1] tourGuide.service.TourGuideService       : Track Location for user internalUser375
2022-10-05 17:54:50.243  INFO 110320 --- [ool-10-thread-1] tourGuide.service.TourGuideService       : Track Location for user internalUser141
2022-10-05 17:54:50.243  INFO 110320 --- [ool-10-thread-1] tourGuide.service.TourGuideService       : Track Location for user internalUser383
2022-10-05 17:54:50.243  INFO 110320 --- [ool-10-thread-1] tourGuide.service.TourGuideService       : Track Location for user internalUser142
2022-10-05 17:54:50.243  INFO 110320 --- [ool-10-thread-1] tourGuide.service.TourGuideService       : Track Location for user internalUser384
2022-10-05 17:54:50.243  INFO 110320 --- [ool-10-thread-1] tourGuide.service.TourGuideService       : Track Location for user internalUser381
2022-10-05 17:54:50.243  INFO 110320 --- [ool-10-thread-1] tourGuide.service.TourGuideService       : Track Location for user internalUser140
2022-10-05 17:54:50.243  INFO 110320 --- [ool-10-thread-1] tourGuide.service.TourGuideService       : Track Location for user internalUser382
2022-10-05 17:54:50.243  INFO 110320 --- [ool-10-thread-1] tourGuide.service.TourGuideService       : Track Location for user internalUser380
2022-10-05 17:54:50.243  INFO 110320 --- [ool-10-thread-1] tourGuide.service.TourGuideService       : Track Location for user internalUser149
2022-10-05 17:54:50.243  INFO 110320 --- [ool-10-thread-1] tourGuide.service.TourGuideService       : Track Location for user internalUser147
2022-10-05 17:54:50.244  INFO 110320 --- [ool-10-thread-1] tourGuide.service.TourGuideService       : Track Location for user internalUser389
2022-10-05 17:54:50.244  INFO 110320 --- [ool-10-thread-1] tourGuide.service.TourGuideService       : Track Location for user internalUser148
2022-10-05 17:54:50.244  INFO 110320 --- [ool-10-thread-1] tourGuide.service.TourGuideService       : Track Location for user internalUser145
2022-10-05 17:54:50.244  INFO 110320 --- [ool-10-thread-1] tourGuide.service.TourGuideService       : Track Location for user internalUser387
2022-10-05 17:54:50.244  INFO 110320 --- [ool-10-thread-1] tourGuide.service.TourGuideService       : Track Location for user internalUser146
2022-10-05 17:54:50.244  INFO 110320 --- [ool-10-thread-1] tourGuide.service.TourGuideService       : Track Location for user internalUser388
2022-10-05 17:54:50.244  INFO 110320 --- [ool-10-thread-1] tourGuide.service.TourGuideService       : Track Location for user internalUser143
2022-10-05 17:54:50.244  INFO 110320 --- [ool-10-thread-1] tourGuide.service.TourGuideService       : Track Location for user internalUser385
2022-10-05 17:54:50.244  INFO 110320 --- [ool-10-thread-1] tourGuide.service.TourGuideService       : Track Location for user internalUser144
2022-10-05 17:54:50.244  INFO 110320 --- [ool-10-thread-1] tourGuide.service.TourGuideService       : Track Location for user internalUser386
2022-10-05 17:54:50.244  INFO 110320 --- [ool-10-thread-1] tourGuide.service.TourGuideService       : Track Location for user internalUser152
2022-10-05 17:54:50.244  INFO 110320 --- [ool-10-thread-1] tourGuide.service.TourGuideService       : Track Location for user internalUser394
2022-10-05 17:54:50.244  INFO 110320 --- [ool-10-thread-1] tourGuide.service.TourGuideService       : Track Location for user internalUser153
2022-10-05 17:54:50.244  INFO 110320 --- [ool-10-thread-1] tourGuide.service.TourGuideService       : Track Location for user internalUser395
2022-10-05 17:54:50.244  INFO 110320 --- [ool-10-thread-1] tourGuide.service.TourGuideService       : Track Location for user internalUser150
2022-10-05 17:54:50.244  INFO 110320 --- [ool-10-thread-1] tourGuide.service.TourGuideService       : Track Location for user internalUser392
2022-10-05 17:54:50.244  INFO 110320 --- [ool-10-thread-1] tourGuide.service.TourGuideService       : Track Location for user internalUser151
2022-10-05 17:54:50.245  INFO 110320 --- [ool-10-thread-1] tourGuide.service.TourGuideService       : Track Location for user internalUser393
2022-10-05 17:54:50.245  INFO 110320 --- [ool-10-thread-1] tourGuide.service.TourGuideService       : Track Location for user internalUser390
2022-10-05 17:54:50.245  INFO 110320 --- [ool-10-thread-1] tourGuide.service.TourGuideService       : Track Location for user internalUser391
2022-10-05 17:54:50.245  INFO 110320 --- [ool-10-thread-1] tourGuide.service.TourGuideService       : Track Location for user internalUser158
2022-10-05 17:54:50.245  INFO 110320 --- [ool-10-thread-1] tourGuide.service.TourGuideService       : Track Location for user internalUser159
2022-10-05 17:54:50.245  INFO 110320 --- [ool-10-thread-1] tourGuide.service.TourGuideService       : Track Location for user internalUser156
2022-10-05 17:54:50.245  INFO 110320 --- [ool-10-thread-1] tourGuide.service.TourGuideService       : Track Location for user internalUser398
2022-10-05 17:54:50.245  INFO 110320 --- [ool-10-thread-1] tourGuide.service.TourGuideService       : Track Location for user internalUser157
2022-10-05 17:54:50.245  INFO 110320 --- [ool-10-thread-1] tourGuide.service.TourGuideService       : Track Location for user internalUser399
2022-10-05 17:54:50.245  INFO 110320 --- [ool-10-thread-1] tourGuide.service.TourGuideService       : Track Location for user internalUser154
2022-10-05 17:54:50.245  INFO 110320 --- [ool-10-thread-1] tourGuide.service.TourGuideService       : Track Location for user internalUser396
2022-10-05 17:54:50.245  INFO 110320 --- [ool-10-thread-1] tourGuide.service.TourGuideService       : Track Location for user internalUser155
2022-10-05 17:54:50.245  INFO 110320 --- [ool-10-thread-1] tourGuide.service.TourGuideService       : Track Location for user internalUser397
2022-10-05 17:54:50.246  INFO 110320 --- [ool-10-thread-1] tourGuide.service.TourGuideService       : Track Location for user internalUser560
2022-10-05 17:54:50.246  INFO 110320 --- [ool-10-thread-1] tourGuide.service.TourGuideService       : Track Location for user internalUser325
2022-10-05 17:54:50.246  INFO 110320 --- [ool-10-thread-1] tourGuide.service.TourGuideService       : Track Location for user internalUser567
2022-10-05 17:54:50.246  INFO 110320 --- [ool-10-thread-1] tourGuide.service.TourGuideService       : Track Location for user internalUser326
2022-10-05 17:54:50.246  INFO 110320 --- [ool-10-thread-1] tourGuide.service.TourGuideService       : Track Location for user internalUser568
2022-10-05 17:54:50.246  INFO 110320 --- [ool-10-thread-1] tourGuide.service.TourGuideService       : Track Location for user internalUser323
2022-10-05 17:54:50.246  INFO 110320 --- [ool-10-thread-1] tourGuide.service.TourGuideService       : Track Location for user internalUser565
2022-10-05 17:54:50.246  INFO 110320 --- [ool-10-thread-1] tourGuide.service.TourGuideService       : Track Location for user internalUser324
2022-10-05 17:54:50.246  INFO 110320 --- [ool-10-thread-1] tourGuide.service.TourGuideService       : Track Location for user internalUser566
2022-10-05 17:54:50.246  INFO 110320 --- [ool-10-thread-1] tourGuide.service.TourGuideService       : Track Location for user internalUser321
2022-10-05 17:54:50.246  INFO 110320 --- [ool-10-thread-1] tourGuide.service.TourGuideService       : Track Location for user internalUser563
2022-10-05 17:54:50.246  INFO 110320 --- [ool-10-thread-1] tourGuide.service.TourGuideService       : Track Location for user internalUser322
2022-10-05 17:54:50.246  INFO 110320 --- [ool-10-thread-1] tourGuide.service.TourGuideService       : Track Location for user internalUser564
2022-10-05 17:54:50.246  INFO 110320 --- [ool-10-thread-1] tourGuide.service.TourGuideService       : Track Location for user internalUser561
2022-10-05 17:54:50.247  INFO 110320 --- [ool-10-thread-1] tourGuide.service.TourGuideService       : Track Location for user internalUser320
2022-10-05 17:54:50.247  INFO 110320 --- [ool-10-thread-1] tourGuide.service.TourGuideService       : Track Location for user internalUser562
2022-10-05 17:54:50.247  INFO 110320 --- [ool-10-thread-1] tourGuide.service.TourGuideService       : Track Location for user internalUser329
2022-10-05 17:54:50.247  INFO 110320 --- [ool-10-thread-1] tourGuide.service.TourGuideService       : Track Location for user internalUser327
2022-10-05 17:54:50.247  INFO 110320 --- [ool-10-thread-1] tourGuide.service.TourGuideService       : Track Location for user internalUser569
2022-10-05 17:54:50.247  INFO 110320 --- [ool-10-thread-1] tourGuide.service.TourGuideService       : Track Location for user internalUser328
2022-10-05 17:54:50.247  INFO 110320 --- [ool-10-thread-1] tourGuide.service.TourGuideService       : Track Location for user internalUser570
2022-10-05 17:54:50.247  INFO 110320 --- [ool-10-thread-1] tourGuide.service.TourGuideService       : Track Location for user internalUser571
2022-10-05 17:54:50.247  INFO 110320 --- [ool-10-thread-1] tourGuide.service.TourGuideService       : Track Location for user internalUser336
2022-10-05 17:54:50.247  INFO 110320 --- [ool-10-thread-1] tourGuide.service.TourGuideService       : Track Location for user internalUser578
2022-10-05 17:54:50.247  INFO 110320 --- [ool-10-thread-1] tourGuide.service.TourGuideService       : Track Location for user internalUser337
2022-10-05 17:54:50.247  INFO 110320 --- [ool-10-thread-1] tourGuide.service.TourGuideService       : Track Location for user internalUser579
2022-10-05 17:54:50.247  INFO 110320 --- [ool-10-thread-1] tourGuide.service.TourGuideService       : Track Location for user internalUser334
2022-10-05 17:54:50.248  INFO 110320 --- [ool-10-thread-1] tourGuide.service.TourGuideService       : Track Location for user internalUser576
2022-10-05 17:54:50.248  INFO 110320 --- [ool-10-thread-1] tourGuide.service.TourGuideService       : Track Location for user internalUser335
2022-10-05 17:54:50.248  INFO 110320 --- [ool-10-thread-1] tourGuide.service.TourGuideService       : Track Location for user internalUser577
2022-10-05 17:54:50.248  INFO 110320 --- [ool-10-thread-1] tourGuide.service.TourGuideService       : Track Location for user internalUser332
2022-10-05 17:54:50.248  INFO 110320 --- [ool-10-thread-1] tourGuide.service.TourGuideService       : Track Location for user internalUser574
2022-10-05 17:54:50.248  INFO 110320 --- [ool-10-thread-1] tourGuide.service.TourGuideService       : Track Location for user internalUser333
2022-10-05 17:54:50.248  INFO 110320 --- [ool-10-thread-1] tourGuide.service.TourGuideService       : Track Location for user internalUser575
2022-10-05 17:54:50.248  INFO 110320 --- [ool-10-thread-1] tourGuide.service.TourGuideService       : Track Location for user internalUser330
2022-10-05 17:54:50.248  INFO 110320 --- [ool-10-thread-1] tourGuide.service.TourGuideService       : Track Location for user internalUser572
2022-10-05 17:54:50.248  INFO 110320 --- [ool-10-thread-1] tourGuide.service.TourGuideService       : Track Location for user internalUser331
2022-10-05 17:54:50.248  INFO 110320 --- [ool-10-thread-1] tourGuide.service.TourGuideService       : Track Location for user internalUser573
2022-10-05 17:54:50.248  INFO 110320 --- [ool-10-thread-1] tourGuide.service.TourGuideService       : Track Location for user internalUser338
2022-10-05 17:54:50.248  INFO 110320 --- [ool-10-thread-1] tourGuide.service.TourGuideService       : Track Location for user internalUser339
2022-10-05 17:54:50.248  INFO 110320 --- [ool-10-thread-1] tourGuide.service.TourGuideService       : Track Location for user internalUser581
2022-10-05 17:54:50.248  INFO 110320 --- [ool-10-thread-1] tourGuide.service.TourGuideService       : Track Location for user internalUser340
2022-10-05 17:54:50.248  INFO 110320 --- [ool-10-thread-1] tourGuide.service.TourGuideService       : Track Location for user internalUser582
2022-10-05 17:54:50.249  INFO 110320 --- [ool-10-thread-1] tourGuide.service.TourGuideService       : Track Location for user internalUser9
2022-10-05 17:54:50.249  INFO 110320 --- [ool-10-thread-1] tourGuide.service.TourGuideService       : Track Location for user internalUser8
2022-10-05 17:54:50.249  INFO 110320 --- [ool-10-thread-1] tourGuide.service.TourGuideService       : Track Location for user internalUser580
2022-10-05 17:54:50.249  INFO 110320 --- [ool-10-thread-1] tourGuide.service.TourGuideService       : Track Location for user internalUser105
2022-10-05 17:54:50.249  INFO 110320 --- [ool-10-thread-1] tourGuide.service.TourGuideService       : Track Location for user internalUser347
2022-10-05 17:54:50.249  INFO 110320 --- [ool-10-thread-1] tourGuide.service.TourGuideService       : Track Location for user internalUser589
2022-10-05 17:54:50.249  INFO 110320 --- [ool-10-thread-1] tourGuide.service.TourGuideService       : Track Location for user internalUser106
2022-10-05 17:54:50.249  INFO 110320 --- [ool-10-thread-1] tourGuide.service.TourGuideService       : Track Location for user internalUser348
2022-10-05 17:54:50.249  INFO 110320 --- [ool-10-thread-1] tourGuide.service.TourGuideService       : Track Location for user internalUser103
2022-10-05 17:54:50.249  INFO 110320 --- [ool-10-thread-1] tourGuide.service.TourGuideService       : Track Location for user internalUser345
2022-10-05 17:54:50.249  INFO 110320 --- [ool-10-thread-1] tourGuide.service.TourGuideService       : Track Location for user internalUser587
2022-10-05 17:54:50.249  INFO 110320 --- [ool-10-thread-1] tourGuide.service.TourGuideService       : Track Location for user internalUser104
2022-10-05 17:54:50.249  INFO 110320 --- [ool-10-thread-1] tourGuide.service.TourGuideService       : Track Location for user internalUser346
2022-10-05 17:54:50.249  INFO 110320 --- [ool-10-thread-1] tourGuide.service.TourGuideService       : Track Location for user internalUser588
2022-10-05 17:54:50.250  INFO 110320 --- [ool-10-thread-1] tourGuide.service.TourGuideService       : Track Location for user internalUser101
2022-10-05 17:54:50.250  INFO 110320 --- [ool-10-thread-1] tourGuide.service.TourGuideService       : Track Location for user internalUser343
2022-10-05 17:54:50.250  INFO 110320 --- [ool-10-thread-1] tourGuide.service.TourGuideService       : Track Location for user internalUser585
2022-10-05 17:54:50.250  INFO 110320 --- [ool-10-thread-1] tourGuide.service.TourGuideService       : Track Location for user internalUser102
2022-10-05 17:54:50.250  INFO 110320 --- [ool-10-thread-1] tourGuide.service.TourGuideService       : Track Location for user internalUser344
2022-10-05 17:54:50.250  INFO 110320 --- [ool-10-thread-1] tourGuide.service.TourGuideService       : Track Location for user internalUser586
2022-10-05 17:54:50.250  INFO 110320 --- [ool-10-thread-1] tourGuide.service.TourGuideService       : Track Location for user internalUser341
2022-10-05 17:54:50.250  INFO 110320 --- [ool-10-thread-1] tourGuide.service.TourGuideService       : Track Location for user internalUser583
2022-10-05 17:54:50.250  INFO 110320 --- [ool-10-thread-1] tourGuide.service.TourGuideService       : Track Location for user internalUser100
2022-10-05 17:54:50.250  INFO 110320 --- [ool-10-thread-1] tourGuide.service.TourGuideService       : Track Location for user internalUser342
2022-10-05 17:54:50.250  INFO 110320 --- [ool-10-thread-1] tourGuide.service.TourGuideService       : Track Location for user internalUser584
2022-10-05 17:54:50.250  INFO 110320 --- [ool-10-thread-1] tourGuide.service.TourGuideService       : Track Location for user internalUser109
2022-10-05 17:54:50.250  INFO 110320 --- [ool-10-thread-1] tourGuide.service.TourGuideService       : Track Location for user internalUser107
2022-10-05 17:54:50.250  INFO 110320 --- [ool-10-thread-1] tourGuide.service.TourGuideService       : Track Location for user internalUser349
2022-10-05 17:54:50.250  INFO 110320 --- [ool-10-thread-1] tourGuide.service.TourGuideService       : Track Location for user internalUser108
2022-10-05 17:54:50.251  INFO 110320 --- [ool-10-thread-1] tourGuide.service.TourGuideService       : Track Location for user internalUser3
2022-10-05 17:54:50.251  INFO 110320 --- [ool-10-thread-1] tourGuide.service.TourGuideService       : Track Location for user internalUser2
2022-10-05 17:54:50.251  INFO 110320 --- [ool-10-thread-1] tourGuide.service.TourGuideService       : Track Location for user internalUser1
2022-10-05 17:54:50.251  INFO 110320 --- [ool-10-thread-1] tourGuide.service.TourGuideService       : Track Location for user internalUser0
2022-10-05 17:54:50.251  INFO 110320 --- [ool-10-thread-1] tourGuide.service.TourGuideService       : Track Location for user internalUser7
2022-10-05 17:54:50.251  INFO 110320 --- [ool-10-thread-1] tourGuide.service.TourGuideService       : Track Location for user internalUser6
2022-10-05 17:54:50.251  INFO 110320 --- [ool-10-thread-1] tourGuide.service.TourGuideService       : Track Location for user internalUser5
2022-10-05 17:54:50.251  INFO 110320 --- [ool-10-thread-1] tourGuide.service.TourGuideService       : Track Location for user internalUser4
2022-10-05 17:54:50.251  INFO 110320 --- [ool-10-thread-1] tourGuide.service.TourGuideService       : Track Location for user internalUser350
2022-10-05 17:54:50.251  INFO 110320 --- [ool-10-thread-1] tourGuide.service.TourGuideService       : Track Location for user internalUser592
2022-10-05 17:54:50.251  INFO 110320 --- [ool-10-thread-1] tourGuide.service.TourGuideService       : Track Location for user internalUser351
2022-10-05 17:54:50.251  INFO 110320 --- [ool-10-thread-1] tourGuide.service.TourGuideService       : Track Location for user internalUser593
2022-10-05 17:54:50.251  INFO 110320 --- [ool-10-thread-1] tourGuide.service.TourGuideService       : Track Location for user internalUser590
2022-10-05 17:54:50.252  INFO 110320 --- [ool-10-thread-1] tourGuide.service.TourGuideService       : Track Location for user internalUser591
2022-10-05 17:54:50.252  INFO 110320 --- [ool-10-thread-1] tourGuide.service.TourGuideService       : Track Location for user internalUser116
2022-10-05 17:54:50.252  INFO 110320 --- [ool-10-thread-1] tourGuide.service.TourGuideService       : Track Location for user internalUser358
2022-10-05 17:54:50.252  INFO 110320 --- [ool-10-thread-1] tourGuide.service.TourGuideService       : Track Location for user internalUser117
2022-10-05 17:54:50.252  INFO 110320 --- [ool-10-thread-1] tourGuide.service.TourGuideService       : Track Location for user internalUser359
2022-10-05 17:54:50.252  INFO 110320 --- [ool-10-thread-1] tourGuide.service.TourGuideService       : Track Location for user internalUser114
2022-10-05 17:54:50.252  INFO 110320 --- [ool-10-thread-1] tourGuide.service.TourGuideService       : Track Location for user internalUser356
2022-10-05 17:54:50.252  INFO 110320 --- [ool-10-thread-1] tourGuide.service.TourGuideService       : Track Location for user internalUser598
2022-10-05 17:54:50.252  INFO 110320 --- [ool-10-thread-1] tourGuide.service.TourGuideService       : Track Location for user internalUser115
2022-10-05 17:54:50.252  INFO 110320 --- [ool-10-thread-1] tourGuide.service.TourGuideService       : Track Location for user internalUser357
2022-10-05 17:54:50.252  INFO 110320 --- [ool-10-thread-1] tourGuide.service.TourGuideService       : Track Location for user internalUser599
2022-10-05 17:54:50.252  INFO 110320 --- [ool-10-thread-1] tourGuide.service.TourGuideService       : Track Location for user internalUser112
2022-10-05 17:54:50.252  INFO 110320 --- [ool-10-thread-1] tourGuide.service.TourGuideService       : Track Location for user internalUser354
2022-10-05 17:54:50.253  INFO 110320 --- [ool-10-thread-1] tourGuide.service.TourGuideService       : Track Location for user internalUser596
2022-10-05 17:54:50.253  INFO 110320 --- [ool-10-thread-1] tourGuide.service.TourGuideService       : Track Location for user internalUser113
2022-10-05 17:54:50.253  INFO 110320 --- [ool-10-thread-1] tourGuide.service.TourGuideService       : Track Location for user internalUser355
2022-10-05 17:54:50.253  INFO 110320 --- [ool-10-thread-1] tourGuide.service.TourGuideService       : Track Location for user internalUser597
2022-10-05 17:54:50.253  INFO 110320 --- [ool-10-thread-1] tourGuide.service.TourGuideService       : Track Location for user internalUser110
2022-10-05 17:54:50.253  INFO 110320 --- [ool-10-thread-1] tourGuide.service.TourGuideService       : Track Location for user internalUser352
2022-10-05 17:54:50.253  INFO 110320 --- [ool-10-thread-1] tourGuide.service.TourGuideService       : Track Location for user internalUser594
2022-10-05 17:54:50.253  INFO 110320 --- [ool-10-thread-1] tourGuide.service.TourGuideService       : Track Location for user internalUser111
2022-10-05 17:54:50.253  INFO 110320 --- [ool-10-thread-1] tourGuide.service.TourGuideService       : Track Location for user internalUser353
2022-10-05 17:54:50.253  INFO 110320 --- [ool-10-thread-1] tourGuide.service.TourGuideService       : Track Location for user internalUser595
2022-10-05 17:54:50.253  INFO 110320 --- [ool-10-thread-1] tourGuide.service.TourGuideService       : Track Location for user internalUser118
2022-10-05 17:54:50.253  INFO 110320 --- [ool-10-thread-1] tourGuide.service.TourGuideService       : Track Location for user internalUser119
2022-10-05 17:54:50.253  INFO 110320 --- [ool-10-thread-1] tourGuide.service.TourGuideService       : Track Location for user internalUser523
2022-10-05 17:54:50.253  INFO 110320 --- [ool-10-thread-1] tourGuide.service.TourGuideService       : Track Location for user internalUser765
2022-10-05 17:54:50.254  INFO 110320 --- [ool-10-thread-1] tourGuide.service.TourGuideService       : Track Location for user internalUser524
2022-10-05 17:54:50.254  INFO 110320 --- [ool-10-thread-1] tourGuide.service.TourGuideService       : Track Location for user internalUser766
2022-10-05 17:54:50.254  INFO 110320 --- [ool-10-thread-1] tourGuide.service.TourGuideService       : Track Location for user internalUser521
2022-10-05 17:54:50.254  INFO 110320 --- [ool-10-thread-1] tourGuide.service.TourGuideService       : Track Location for user internalUser763
2022-10-05 17:54:50.254  INFO 110320 --- [ool-10-thread-1] tourGuide.service.TourGuideService       : Track Location for user internalUser522
2022-10-05 17:54:50.254  INFO 110320 --- [ool-10-thread-1] tourGuide.service.TourGuideService       : Track Location for user internalUser764
2022-10-05 17:54:50.254  INFO 110320 --- [ool-10-thread-1] tourGuide.service.TourGuideService       : Track Location for user internalUser761
2022-10-05 17:54:50.254  INFO 110320 --- [ool-10-thread-1] tourGuide.service.TourGuideService       : Track Location for user internalUser520
2022-10-05 17:54:50.254  INFO 110320 --- [ool-10-thread-1] tourGuide.service.TourGuideService       : Track Location for user internalUser762
2022-10-05 17:54:50.254  INFO 110320 --- [ool-10-thread-1] tourGuide.service.TourGuideService       : Track Location for user internalUser760
2022-10-05 17:54:50.254  INFO 110320 --- [ool-10-thread-1] tourGuide.service.TourGuideService       : Track Location for user internalUser529
2022-10-05 17:54:50.254  INFO 110320 --- [ool-10-thread-1] tourGuide.service.TourGuideService       : Track Location for user internalUser527
2022-10-05 17:54:50.254  INFO 110320 --- [ool-10-thread-1] tourGuide.service.TourGuideService       : Track Location for user internalUser769
2022-10-05 17:54:50.254  INFO 110320 --- [ool-10-thread-1] tourGuide.service.TourGuideService       : Track Location for user internalUser528
2022-10-05 17:54:50.254  INFO 110320 --- [ool-10-thread-1] tourGuide.service.TourGuideService       : Track Location for user internalUser525
2022-10-05 17:54:50.254  INFO 110320 --- [ool-10-thread-1] tourGuide.service.TourGuideService       : Track Location for user internalUser767
2022-10-05 17:54:50.254  INFO 110320 --- [ool-10-thread-1] tourGuide.service.TourGuideService       : Track Location for user internalUser526
2022-10-05 17:54:50.255  INFO 110320 --- [ool-10-thread-1] tourGuide.service.TourGuideService       : Track Location for user internalUser768
2022-10-05 17:54:50.255  INFO 110320 --- [ool-10-thread-1] tourGuide.service.TourGuideService       : Track Location for user internalUser534
2022-10-05 17:54:50.255  INFO 110320 --- [ool-10-thread-1] tourGuide.service.TourGuideService       : Track Location for user internalUser776
2022-10-05 17:54:50.255  INFO 110320 --- [ool-10-thread-1] tourGuide.service.TourGuideService       : Track Location for user internalUser535
2022-10-05 17:54:50.255  INFO 110320 --- [ool-10-thread-1] tourGuide.service.TourGuideService       : Track Location for user internalUser777
2022-10-05 17:54:50.255  INFO 110320 --- [ool-10-thread-1] tourGuide.service.TourGuideService       : Track Location for user internalUser532
2022-10-05 17:54:50.255  INFO 110320 --- [ool-10-thread-1] tourGuide.service.TourGuideService       : Track Location for user internalUser774
2022-10-05 17:54:50.255  INFO 110320 --- [ool-10-thread-1] tourGuide.service.TourGuideService       : Track Location for user internalUser533
2022-10-05 17:54:50.255  INFO 110320 --- [ool-10-thread-1] tourGuide.service.TourGuideService       : Track Location for user internalUser775
2022-10-05 17:54:50.255  INFO 110320 --- [ool-10-thread-1] tourGuide.service.TourGuideService       : Track Location for user internalUser530
2022-10-05 17:54:50.255  INFO 110320 --- [ool-10-thread-1] tourGuide.service.TourGuideService       : Track Location for user internalUser772
2022-10-05 17:54:50.255  INFO 110320 --- [ool-10-thread-1] tourGuide.service.TourGuideService       : Track Location for user internalUser531
2022-10-05 17:54:50.255  INFO 110320 --- [ool-10-thread-1] tourGuide.service.TourGuideService       : Track Location for user internalUser773
2022-10-05 17:54:50.255  INFO 110320 --- [ool-10-thread-1] tourGuide.service.TourGuideService       : Track Location for user internalUser770
2022-10-05 17:54:50.255  INFO 110320 --- [ool-10-thread-1] tourGuide.service.TourGuideService       : Track Location for user internalUser771
2022-10-05 17:54:50.255  INFO 110320 --- [ool-10-thread-1] tourGuide.service.TourGuideService       : Track Location for user internalUser538
2022-10-05 17:54:50.255  INFO 110320 --- [ool-10-thread-1] tourGuide.service.TourGuideService       : Track Location for user internalUser539
2022-10-05 17:54:50.256  INFO 110320 --- [ool-10-thread-1] tourGuide.service.TourGuideService       : Track Location for user internalUser536
2022-10-05 17:54:50.256  INFO 110320 --- [ool-10-thread-1] tourGuide.service.TourGuideService       : Track Location for user internalUser778
2022-10-05 17:54:50.256  INFO 110320 --- [ool-10-thread-1] tourGuide.service.TourGuideService       : Track Location for user internalUser537
2022-10-05 17:54:50.256  INFO 110320 --- [ool-10-thread-1] tourGuide.service.TourGuideService       : Track Location for user internalUser779
2022-10-05 17:54:50.256  INFO 110320 --- [ool-10-thread-1] tourGuide.service.TourGuideService       : Track Location for user internalUser780
2022-10-05 17:54:50.256  INFO 110320 --- [ool-10-thread-1] tourGuide.service.TourGuideService       : Track Location for user internalUser303
2022-10-05 17:54:50.256  INFO 110320 --- [ool-10-thread-1] tourGuide.service.TourGuideService       : Track Location for user internalUser545
2022-10-05 17:54:50.256  INFO 110320 --- [ool-10-thread-1] tourGuide.service.TourGuideService       : Track Location for user internalUser787
2022-10-05 17:54:50.256  INFO 110320 --- [ool-10-thread-1] tourGuide.service.TourGuideService       : Track Location for user internalUser304
2022-10-05 17:54:50.256  INFO 110320 --- [ool-10-thread-1] tourGuide.service.TourGuideService       : Track Location for user internalUser546
2022-10-05 17:54:50.256  INFO 110320 --- [ool-10-thread-1] tourGuide.service.TourGuideService       : Track Location for user internalUser788
2022-10-05 17:54:50.256  INFO 110320 --- [ool-10-thread-1] tourGuide.service.TourGuideService       : Track Location for user internalUser301
2022-10-05 17:54:50.256  INFO 110320 --- [ool-10-thread-1] tourGuide.service.TourGuideService       : Track Location for user internalUser543
2022-10-05 17:54:50.256  INFO 110320 --- [ool-10-thread-1] tourGuide.service.TourGuideService       : Track Location for user internalUser785
2022-10-05 17:54:50.256  INFO 110320 --- [ool-10-thread-1] tourGuide.service.TourGuideService       : Track Location for user internalUser302
2022-10-05 17:54:50.256  INFO 110320 --- [ool-10-thread-1] tourGuide.service.TourGuideService       : Track Location for user internalUser544
2022-10-05 17:54:50.257  INFO 110320 --- [ool-10-thread-1] tourGuide.service.TourGuideService       : Track Location for user internalUser786
2022-10-05 17:54:50.257  INFO 110320 --- [ool-10-thread-1] tourGuide.service.TourGuideService       : Track Location for user internalUser541
2022-10-05 17:54:50.257  INFO 110320 --- [ool-10-thread-1] tourGuide.service.TourGuideService       : Track Location for user internalUser783
2022-10-05 17:54:50.257  INFO 110320 --- [ool-10-thread-1] tourGuide.service.TourGuideService       : Track Location for user internalUser300
2022-10-05 17:54:50.257  INFO 110320 --- [ool-10-thread-1] tourGuide.service.TourGuideService       : Track Location for user internalUser542
2022-10-05 17:54:50.257  INFO 110320 --- [ool-10-thread-1] tourGuide.service.TourGuideService       : Track Location for user internalUser784
2022-10-05 17:54:50.257  INFO 110320 --- [ool-10-thread-1] tourGuide.service.TourGuideService       : Track Location for user internalUser781
2022-10-05 17:54:50.257  INFO 110320 --- [ool-10-thread-1] tourGuide.service.TourGuideService       : Track Location for user internalUser540
2022-10-05 17:54:50.257  INFO 110320 --- [ool-10-thread-1] tourGuide.service.TourGuideService       : Track Location for user internalUser782
2022-10-05 17:54:50.257  INFO 110320 --- [ool-10-thread-1] tourGuide.service.TourGuideService       : Track Location for user internalUser309
2022-10-05 17:54:50.257  INFO 110320 --- [ool-10-thread-1] tourGuide.service.TourGuideService       : Track Location for user internalUser307
2022-10-05 17:54:50.257  INFO 110320 --- [ool-10-thread-1] tourGuide.service.TourGuideService       : Track Location for user internalUser549
2022-10-05 17:54:50.258  INFO 110320 --- [ool-10-thread-1] tourGuide.service.TourGuideService       : Track Location for user internalUser308
2022-10-05 17:54:50.258  INFO 110320 --- [ool-10-thread-1] tourGuide.service.TourGuideService       : Track Location for user internalUser305
2022-10-05 17:54:50.258  INFO 110320 --- [ool-10-thread-1] tourGuide.service.TourGuideService       : Track Location for user internalUser547
2022-10-05 17:54:50.258  INFO 110320 --- [ool-10-thread-1] tourGuide.service.TourGuideService       : Track Location for user internalUser789
2022-10-05 17:54:50.258  INFO 110320 --- [ool-10-thread-1] tourGuide.service.TourGuideService       : Track Location for user internalUser306
2022-10-05 17:54:50.258  INFO 110320 --- [ool-10-thread-1] tourGuide.service.TourGuideService       : Track Location for user internalUser548
2022-10-05 17:54:50.258  INFO 110320 --- [ool-10-thread-1] tourGuide.service.TourGuideService       : Track Location for user internalUser790
2022-10-05 17:54:50.258  INFO 110320 --- [ool-10-thread-1] tourGuide.service.TourGuideService       : Track Location for user internalUser791
2022-10-05 17:54:50.258  INFO 110320 --- [ool-10-thread-1] tourGuide.service.TourGuideService       : Track Location for user internalUser314
2022-10-05 17:54:50.258  INFO 110320 --- [ool-10-thread-1] tourGuide.service.TourGuideService       : Track Location for user internalUser556
2022-10-05 17:54:50.258  INFO 110320 --- [ool-10-thread-1] tourGuide.service.TourGuideService       : Track Location for user internalUser798
2022-10-05 17:54:50.259  INFO 110320 --- [ool-10-thread-1] tourGuide.service.TourGuideService       : Track Location for user internalUser315
2022-10-05 17:54:50.259  INFO 110320 --- [ool-10-thread-1] tourGuide.service.TourGuideService       : Track Location for user internalUser557
2022-10-05 17:54:50.259  INFO 110320 --- [ool-10-thread-1] tourGuide.service.TourGuideService       : Track Location for user internalUser799
2022-10-05 17:54:50.259  INFO 110320 --- [ool-10-thread-1] tourGuide.service.TourGuideService       : Track Location for user internalUser312
2022-10-05 17:54:50.259  INFO 110320 --- [ool-10-thread-1] tourGuide.service.TourGuideService       : Track Location for user internalUser554
2022-10-05 17:54:50.259  INFO 110320 --- [ool-10-thread-1] tourGuide.service.TourGuideService       : Track Location for user internalUser796
2022-10-05 17:54:50.259  INFO 110320 --- [ool-10-thread-1] tourGuide.service.TourGuideService       : Track Location for user internalUser313
2022-10-05 17:54:50.259  INFO 110320 --- [ool-10-thread-1] tourGuide.service.TourGuideService       : Track Location for user internalUser555
2022-10-05 17:54:50.259  INFO 110320 --- [ool-10-thread-1] tourGuide.service.TourGuideService       : Track Location for user internalUser797
2022-10-05 17:54:50.259  INFO 110320 --- [ool-10-thread-1] tourGuide.service.TourGuideService       : Track Location for user internalUser310
2022-10-05 17:54:50.259  INFO 110320 --- [ool-10-thread-1] tourGuide.service.TourGuideService       : Track Location for user internalUser552
2022-10-05 17:54:50.259  INFO 110320 --- [ool-10-thread-1] tourGuide.service.TourGuideService       : Track Location for user internalUser794
2022-10-05 17:54:50.260  INFO 110320 --- [ool-10-thread-1] tourGuide.service.TourGuideService       : Track Location for user internalUser311
2022-10-05 17:54:50.260  INFO 110320 --- [ool-10-thread-1] tourGuide.service.TourGuideService       : Track Location for user internalUser553
2022-10-05 17:54:50.260  INFO 110320 --- [ool-10-thread-1] tourGuide.service.TourGuideService       : Track Location for user internalUser795
2022-10-05 17:54:50.260  INFO 110320 --- [ool-10-thread-1] tourGuide.service.TourGuideService       : Track Location for user internalUser550
2022-10-05 17:54:50.260  INFO 110320 --- [ool-10-thread-1] tourGuide.service.TourGuideService       : Track Location for user internalUser792
2022-10-05 17:54:50.260  INFO 110320 --- [ool-10-thread-1] tourGuide.service.TourGuideService       : Track Location for user internalUser551
2022-10-05 17:54:50.260  INFO 110320 --- [ool-10-thread-1] tourGuide.service.TourGuideService       : Track Location for user internalUser793
2022-10-05 17:54:50.260  INFO 110320 --- [ool-10-thread-1] tourGuide.service.TourGuideService       : Track Location for user internalUser318
2022-10-05 17:54:50.260  INFO 110320 --- [ool-10-thread-1] tourGuide.service.TourGuideService       : Track Location for user internalUser319
2022-10-05 17:54:50.260  INFO 110320 --- [ool-10-thread-1] tourGuide.service.TourGuideService       : Track Location for user internalUser316
2022-10-05 17:54:50.260  INFO 110320 --- [ool-10-thread-1] tourGuide.service.TourGuideService       : Track Location for user internalUser558
2022-10-05 17:54:50.260  INFO 110320 --- [ool-10-thread-1] tourGuide.service.TourGuideService       : Track Location for user internalUser317
2022-10-05 17:54:50.261  INFO 110320 --- [ool-10-thread-1] tourGuide.service.TourGuideService       : Track Location for user internalUser559
2022-10-05 17:54:50.261  INFO 110320 --- [ool-10-thread-1] tourGuide.service.TourGuideService       : Track Location for user internalUser600
2022-10-05 17:54:50.261  INFO 110320 --- [ool-10-thread-1] tourGuide.service.TourGuideService       : Track Location for user internalUser842
2022-10-05 17:54:50.261  INFO 110320 --- [ool-10-thread-1] tourGuide.service.TourGuideService       : Track Location for user internalUser601
2022-10-05 17:54:50.261  INFO 110320 --- [ool-10-thread-1] tourGuide.service.TourGuideService       : Track Location for user internalUser843
2022-10-05 17:54:50.261  INFO 110320 --- [ool-10-thread-1] tourGuide.service.TourGuideService       : Track Location for user internalUser840
2022-10-05 17:54:50.261  INFO 110320 --- [ool-10-thread-1] tourGuide.service.TourGuideService       : Track Location for user internalUser841
2022-10-05 17:54:50.261  INFO 110320 --- [ool-10-thread-1] tourGuide.service.TourGuideService       : Track Location for user internalUser608
2022-10-05 17:54:50.261  INFO 110320 --- [ool-10-thread-1] tourGuide.service.TourGuideService       : Track Location for user internalUser609
2022-10-05 17:54:50.262  INFO 110320 --- [ool-10-thread-1] tourGuide.service.TourGuideService       : Track Location for user internalUser606
2022-10-05 17:54:50.262  INFO 110320 --- [ool-10-thread-1] tourGuide.service.TourGuideService       : Track Location for user internalUser848
2022-10-05 17:54:50.262  INFO 110320 --- [ool-10-thread-1] tourGuide.service.TourGuideService       : Track Location for user internalUser607
2022-10-05 17:54:50.262  INFO 110320 --- [ool-10-thread-1] tourGuide.service.TourGuideService       : Track Location for user internalUser849
2022-10-05 17:54:50.262  INFO 110320 --- [ool-10-thread-1] tourGuide.service.TourGuideService       : Track Location for user internalUser604
2022-10-05 17:54:50.262  INFO 110320 --- [ool-10-thread-1] tourGuide.service.TourGuideService       : Track Location for user internalUser846
2022-10-05 17:54:50.262  INFO 110320 --- [ool-10-thread-1] tourGuide.service.TourGuideService       : Track Location for user internalUser605
2022-10-05 17:54:50.262  INFO 110320 --- [ool-10-thread-1] tourGuide.service.TourGuideService       : Track Location for user internalUser847
2022-10-05 17:54:50.263  INFO 110320 --- [ool-10-thread-1] tourGuide.service.TourGuideService       : Track Location for user internalUser602
2022-10-05 17:54:50.263  INFO 110320 --- [ool-10-thread-1] tourGuide.service.TourGuideService       : Track Location for user internalUser844
2022-10-05 17:54:50.263  INFO 110320 --- [ool-10-thread-1] tourGuide.service.TourGuideService       : Track Location for user internalUser603
2022-10-05 17:54:50.263  INFO 110320 --- [ool-10-thread-1] tourGuide.service.TourGuideService       : Track Location for user internalUser845
2022-10-05 17:54:50.263  INFO 110320 --- [ool-10-thread-1] tourGuide.service.TourGuideService       : Track Location for user internalUser611
2022-10-05 17:54:50.263  INFO 110320 --- [ool-10-thread-1] tourGuide.service.TourGuideService       : Track Location for user internalUser853
2022-10-05 17:54:50.263  INFO 110320 --- [ool-10-thread-1] tourGuide.service.TourGuideService       : Track Location for user internalUser612
2022-10-05 17:54:50.263  INFO 110320 --- [ool-10-thread-1] tourGuide.service.TourGuideService       : Track Location for user internalUser854
2022-10-05 17:54:50.263  INFO 110320 --- [ool-10-thread-1] tourGuide.service.TourGuideService       : Track Location for user internalUser851
2022-10-05 17:54:50.263  INFO 110320 --- [ool-10-thread-1] tourGuide.service.TourGuideService       : Track Location for user internalUser610
2022-10-05 17:54:50.263  INFO 110320 --- [ool-10-thread-1] tourGuide.service.TourGuideService       : Track Location for user internalUser852
2022-10-05 17:54:50.264  INFO 110320 --- [ool-10-thread-1] tourGuide.service.TourGuideService       : Track Location for user internalUser850
2022-10-05 17:54:50.264  INFO 110320 --- [ool-10-thread-1] tourGuide.service.TourGuideService       : Track Location for user internalUser619
2022-10-05 17:54:50.264  INFO 110320 --- [ool-10-thread-1] tourGuide.service.TourGuideService       : Track Location for user internalUser617
2022-10-05 17:54:50.264  INFO 110320 --- [ool-10-thread-1] tourGuide.service.TourGuideService       : Track Location for user internalUser859
2022-10-05 17:54:50.264  INFO 110320 --- [ool-10-thread-1] tourGuide.service.TourGuideService       : Track Location for user internalUser618
2022-10-05 17:54:50.264  INFO 110320 --- [ool-10-thread-1] tourGuide.service.TourGuideService       : Track Location for user internalUser615
2022-10-05 17:54:50.264  INFO 110320 --- [ool-10-thread-1] tourGuide.service.TourGuideService       : Track Location for user internalUser857
2022-10-05 17:54:50.264  INFO 110320 --- [ool-10-thread-1] tourGuide.service.TourGuideService       : Track Location for user internalUser616
2022-10-05 17:54:50.264  INFO 110320 --- [ool-10-thread-1] tourGuide.service.TourGuideService       : Track Location for user internalUser858
2022-10-05 17:54:50.264  INFO 110320 --- [ool-10-thread-1] tourGuide.service.TourGuideService       : Track Location for user internalUser613
2022-10-05 17:54:50.264  INFO 110320 --- [ool-10-thread-1] tourGuide.service.TourGuideService       : Track Location for user internalUser855
2022-10-05 17:54:50.265  INFO 110320 --- [ool-10-thread-1] tourGuide.service.TourGuideService       : Track Location for user internalUser614
2022-10-05 17:54:50.265  INFO 110320 --- [ool-10-thread-1] tourGuide.service.TourGuideService       : Track Location for user internalUser856
2022-10-05 17:54:50.265  INFO 110320 --- [ool-10-thread-1] tourGuide.service.TourGuideService       : Track Location for user internalUser622
2022-10-05 17:54:50.265  INFO 110320 --- [ool-10-thread-1] tourGuide.service.TourGuideService       : Track Location for user internalUser864
2022-10-05 17:54:50.265  INFO 110320 --- [ool-10-thread-1] tourGuide.service.TourGuideService       : Track Location for user internalUser623
2022-10-05 17:54:50.265  INFO 110320 --- [ool-10-thread-1] tourGuide.service.TourGuideService       : Track Location for user internalUser865
2022-10-05 17:54:50.265  INFO 110320 --- [ool-10-thread-1] tourGuide.service.TourGuideService       : Track Location for user internalUser620
2022-10-05 17:54:50.265  INFO 110320 --- [ool-10-thread-1] tourGuide.service.TourGuideService       : Track Location for user internalUser862
2022-10-05 17:54:50.265  INFO 110320 --- [ool-10-thread-1] tourGuide.service.TourGuideService       : Track Location for user internalUser621
2022-10-05 17:54:50.265  INFO 110320 --- [ool-10-thread-1] tourGuide.service.TourGuideService       : Track Location for user internalUser863
2022-10-05 17:54:50.265  INFO 110320 --- [ool-10-thread-1] tourGuide.service.TourGuideService       : Track Location for user internalUser860
2022-10-05 17:54:50.265  INFO 110320 --- [ool-10-thread-1] tourGuide.service.TourGuideService       : Track Location for user internalUser19
2022-10-05 17:54:50.265  INFO 110320 --- [ool-10-thread-1] tourGuide.service.TourGuideService       : Track Location for user internalUser861
2022-10-05 17:54:50.265  INFO 110320 --- [ool-10-thread-1] tourGuide.service.TourGuideService       : Track Location for user internalUser16
2022-10-05 17:54:50.265  INFO 110320 --- [ool-10-thread-1] tourGuide.service.TourGuideService       : Track Location for user internalUser15
2022-10-05 17:54:50.266  INFO 110320 --- [ool-10-thread-1] tourGuide.service.TourGuideService       : Track Location for user internalUser18
2022-10-05 17:54:50.266  INFO 110320 --- [ool-10-thread-1] tourGuide.service.TourGuideService       : Track Location for user internalUser628
2022-10-05 17:54:50.266  INFO 110320 --- [ool-10-thread-1] tourGuide.service.TourGuideService       : Track Location for user internalUser17
2022-10-05 17:54:50.266  INFO 110320 --- [ool-10-thread-1] tourGuide.service.TourGuideService       : Track Location for user internalUser629
2022-10-05 17:54:50.266  INFO 110320 --- [ool-10-thread-1] tourGuide.service.TourGuideService       : Track Location for user internalUser12
2022-10-05 17:54:50.266  INFO 110320 --- [ool-10-thread-1] tourGuide.service.TourGuideService       : Track Location for user internalUser626
2022-10-05 17:54:50.266  INFO 110320 --- [ool-10-thread-1] tourGuide.service.TourGuideService       : Track Location for user internalUser868
2022-10-05 17:54:50.266  INFO 110320 --- [ool-10-thread-1] tourGuide.service.TourGuideService       : Track Location for user internalUser11
2022-10-05 17:54:50.266  INFO 110320 --- [ool-10-thread-1] tourGuide.service.TourGuideService       : Track Location for user internalUser627
2022-10-05 17:54:50.266  INFO 110320 --- [ool-10-thread-1] tourGuide.service.TourGuideService       : Track Location for user internalUser869
2022-10-05 17:54:50.266  INFO 110320 --- [ool-10-thread-1] tourGuide.service.TourGuideService       : Track Location for user internalUser14
2022-10-05 17:54:50.266  INFO 110320 --- [ool-10-thread-1] tourGuide.service.TourGuideService       : Track Location for user internalUser624
2022-10-05 17:54:50.266  INFO 110320 --- [ool-10-thread-1] tourGuide.service.TourGuideService       : Track Location for user internalUser866
2022-10-05 17:54:50.266  INFO 110320 --- [ool-10-thread-1] tourGuide.service.TourGuideService       : Track Location for user internalUser13
2022-10-05 17:54:50.266  INFO 110320 --- [ool-10-thread-1] tourGuide.service.TourGuideService       : Track Location for user internalUser625
2022-10-05 17:54:50.267  INFO 110320 --- [ool-10-thread-1] tourGuide.service.TourGuideService       : Track Location for user internalUser867
2022-10-05 17:54:50.267  INFO 110320 --- [ool-10-thread-1] tourGuide.service.TourGuideService       : Track Location for user internalUser10
2022-10-05 17:54:50.267  INFO 110320 --- [ool-10-thread-1] tourGuide.service.TourGuideService       : Track Location for user internalUser633
2022-10-05 17:54:50.267  INFO 110320 --- [ool-10-thread-1] tourGuide.service.TourGuideService       : Track Location for user internalUser875
2022-10-05 17:54:50.267  INFO 110320 --- [ool-10-thread-1] tourGuide.service.TourGuideService       : Track Location for user internalUser634
2022-10-05 17:54:50.267  INFO 110320 --- [ool-10-thread-1] tourGuide.service.TourGuideService       : Track Location for user internalUser876
2022-10-05 17:54:50.267  INFO 110320 --- [ool-10-thread-1] tourGuide.service.TourGuideService       : Track Location for user internalUser631
2022-10-05 17:54:50.267  INFO 110320 --- [ool-10-thread-1] tourGuide.service.TourGuideService       : Track Location for user internalUser873
2022-10-05 17:54:50.267  INFO 110320 --- [ool-10-thread-1] tourGuide.service.TourGuideService       : Track Location for user internalUser632
2022-10-05 17:54:50.267  INFO 110320 --- [ool-10-thread-1] tourGuide.service.TourGuideService       : Track Location for user internalUser874
2022-10-05 17:54:50.267  INFO 110320 --- [ool-10-thread-1] tourGuide.service.TourGuideService       : Track Location for user internalUser871
2022-10-05 17:54:50.267  INFO 110320 --- [ool-10-thread-1] tourGuide.service.TourGuideService       : Track Location for user internalUser630
2022-10-05 17:54:50.267  INFO 110320 --- [ool-10-thread-1] tourGuide.service.TourGuideService       : Track Location for user internalUser872
2022-10-05 17:54:50.267  INFO 110320 --- [ool-10-thread-1] tourGuide.service.TourGuideService       : Track Location for user internalUser870
2022-10-05 17:54:50.267  INFO 110320 --- [ool-10-thread-1] tourGuide.service.TourGuideService       : Track Location for user internalUser27
2022-10-05 17:54:50.267  INFO 110320 --- [ool-10-thread-1] tourGuide.service.TourGuideService       : Track Location for user internalUser26
2022-10-05 17:54:50.268  INFO 110320 --- [ool-10-thread-1] tourGuide.service.TourGuideService       : Track Location for user internalUser29
2022-10-05 17:54:50.268  INFO 110320 --- [ool-10-thread-1] tourGuide.service.TourGuideService       : Track Location for user internalUser639
2022-10-05 17:54:50.268  INFO 110320 --- [ool-10-thread-1] tourGuide.service.TourGuideService       : Track Location for user internalUser28
2022-10-05 17:54:50.268  INFO 110320 --- [ool-10-thread-1] tourGuide.service.TourGuideService       : Track Location for user internalUser23
2022-10-05 17:54:50.268  INFO 110320 --- [ool-10-thread-1] tourGuide.service.TourGuideService       : Track Location for user internalUser637
2022-10-05 17:54:50.268  INFO 110320 --- [ool-10-thread-1] tourGuide.service.TourGuideService       : Track Location for user internalUser879
2022-10-05 17:54:50.268  INFO 110320 --- [ool-10-thread-1] tourGuide.service.TourGuideService       : Track Location for user internalUser22
2022-10-05 17:54:50.268  INFO 110320 --- [ool-10-thread-1] tourGuide.service.TourGuideService       : Track Location for user internalUser638
2022-10-05 17:54:50.268  INFO 110320 --- [ool-10-thread-1] tourGuide.service.TourGuideService       : Track Location for user internalUser25
2022-10-05 17:54:50.268  INFO 110320 --- [ool-10-thread-1] tourGuide.service.TourGuideService       : Track Location for user internalUser635
2022-10-05 17:54:50.268  INFO 110320 --- [ool-10-thread-1] tourGuide.service.TourGuideService       : Track Location for user internalUser877
2022-10-05 17:54:50.268  INFO 110320 --- [ool-10-thread-1] tourGuide.service.TourGuideService       : Track Location for user internalUser24
2022-10-05 17:54:50.268  INFO 110320 --- [ool-10-thread-1] tourGuide.service.TourGuideService       : Track Location for user internalUser636
2022-10-05 17:54:50.268  INFO 110320 --- [ool-10-thread-1] tourGuide.service.TourGuideService       : Track Location for user internalUser878
2022-10-05 17:54:50.268  INFO 110320 --- [ool-10-thread-1] tourGuide.service.TourGuideService       : Track Location for user internalUser21
2022-10-05 17:54:50.269  INFO 110320 --- [ool-10-thread-1] tourGuide.service.TourGuideService       : Track Location for user internalUser20
2022-10-05 17:54:50.269  INFO 110320 --- [ool-10-thread-1] tourGuide.service.TourGuideService       : Track Location for user internalUser38
2022-10-05 17:54:50.269  INFO 110320 --- [ool-10-thread-1] tourGuide.service.TourGuideService       : Track Location for user internalUser806
2022-10-05 17:54:50.269  INFO 110320 --- [ool-10-thread-1] tourGuide.service.TourGuideService       : Track Location for user internalUser37
2022-10-05 17:54:50.269  INFO 110320 --- [ool-10-thread-1] tourGuide.service.TourGuideService       : Track Location for user internalUser807
2022-10-05 17:54:50.269  INFO 110320 --- [ool-10-thread-1] tourGuide.service.TourGuideService       : Track Location for user internalUser804
2022-10-05 17:54:50.269  INFO 110320 --- [ool-10-thread-1] tourGuide.service.TourGuideService       : Track Location for user internalUser39
2022-10-05 17:54:50.269  INFO 110320 --- [ool-10-thread-1] tourGuide.service.TourGuideService       : Track Location for user internalUser805
2022-10-05 17:54:50.269  INFO 110320 --- [ool-10-thread-1] tourGuide.service.TourGuideService       : Track Location for user internalUser34
2022-10-05 17:54:50.269  INFO 110320 --- [ool-10-thread-1] tourGuide.service.TourGuideService       : Track Location for user internalUser802
2022-10-05 17:54:50.269  INFO 110320 --- [ool-10-thread-1] tourGuide.service.TourGuideService       : Track Location for user internalUser33
2022-10-05 17:54:50.269  INFO 110320 --- [ool-10-thread-1] tourGuide.service.TourGuideService       : Track Location for user internalUser803
2022-10-05 17:54:50.269  INFO 110320 --- [ool-10-thread-1] tourGuide.service.TourGuideService       : Track Location for user internalUser36
2022-10-05 17:54:50.269  INFO 110320 --- [ool-10-thread-1] tourGuide.service.TourGuideService       : Track Location for user internalUser800
2022-10-05 17:54:50.270  INFO 110320 --- [ool-10-thread-1] tourGuide.service.TourGuideService       : Track Location for user internalUser35
2022-10-05 17:54:50.270  INFO 110320 --- [ool-10-thread-1] tourGuide.service.TourGuideService       : Track Location for user internalUser801
2022-10-05 17:54:50.270  INFO 110320 --- [ool-10-thread-1] tourGuide.service.TourGuideService       : Track Location for user internalUser30
2022-10-05 17:54:50.270  INFO 110320 --- [ool-10-thread-1] tourGuide.service.TourGuideService       : Track Location for user internalUser32
2022-10-05 17:54:50.270  INFO 110320 --- [ool-10-thread-1] tourGuide.service.TourGuideService       : Track Location for user internalUser31
2022-10-05 17:54:50.270  INFO 110320 --- [ool-10-thread-1] tourGuide.service.TourGuideService       : Track Location for user internalUser808
2022-10-05 17:54:50.270  INFO 110320 --- [ool-10-thread-1] tourGuide.service.TourGuideService       : Track Location for user internalUser809
2022-10-05 17:54:50.270  INFO 110320 --- [ool-10-thread-1] tourGuide.service.TourGuideService       : Track Location for user internalUser810
2022-10-05 17:54:50.270  INFO 110320 --- [ool-10-thread-1] tourGuide.service.TourGuideService       : Track Location for user internalUser49
2022-10-05 17:54:50.270  INFO 110320 --- [ool-10-thread-1] tourGuide.service.TourGuideService       : Track Location for user internalUser817
2022-10-05 17:54:50.270  INFO 110320 --- [ool-10-thread-1] tourGuide.service.TourGuideService       : Track Location for user internalUser48
2022-10-05 17:54:50.270  INFO 110320 --- [ool-10-thread-1] tourGuide.service.TourGuideService       : Track Location for user internalUser818
2022-10-05 17:54:50.270  INFO 110320 --- [ool-10-thread-1] tourGuide.service.TourGuideService       : Track Location for user internalUser815
2022-10-05 17:54:50.270  INFO 110320 --- [ool-10-thread-1] tourGuide.service.TourGuideService       : Track Location for user internalUser816
2022-10-05 17:54:50.271  INFO 110320 --- [ool-10-thread-1] tourGuide.service.TourGuideService       : Track Location for user internalUser45
2022-10-05 17:54:50.271  INFO 110320 --- [ool-10-thread-1] tourGuide.service.TourGuideService       : Track Location for user internalUser813
2022-10-05 17:54:50.271  INFO 110320 --- [ool-10-thread-1] tourGuide.service.TourGuideService       : Track Location for user internalUser44
2022-10-05 17:54:50.271  INFO 110320 --- [ool-10-thread-1] tourGuide.service.TourGuideService       : Track Location for user internalUser814
2022-10-05 17:54:50.271  INFO 110320 --- [ool-10-thread-1] tourGuide.service.TourGuideService       : Track Location for user internalUser47
2022-10-05 17:54:50.271  INFO 110320 --- [ool-10-thread-1] tourGuide.service.TourGuideService       : Track Location for user internalUser811
2022-10-05 17:54:50.271  INFO 110320 --- [ool-10-thread-1] tourGuide.service.TourGuideService       : Track Location for user internalUser46
2022-10-05 17:54:50.271  INFO 110320 --- [ool-10-thread-1] tourGuide.service.TourGuideService       : Track Location for user internalUser812
2022-10-05 17:54:50.271  INFO 110320 --- [ool-10-thread-1] tourGuide.service.TourGuideService       : Track Location for user internalUser41
2022-10-05 17:54:50.271  INFO 110320 --- [ool-10-thread-1] tourGuide.service.TourGuideService       : Track Location for user internalUser40
2022-10-05 17:54:50.271  INFO 110320 --- [ool-10-thread-1] tourGuide.service.TourGuideService       : Track Location for user internalUser43
2022-10-05 17:54:50.271  INFO 110320 --- [ool-10-thread-1] tourGuide.service.TourGuideService       : Track Location for user internalUser42
2022-10-05 17:54:50.271  INFO 110320 --- [ool-10-thread-1] tourGuide.service.TourGuideService       : Track Location for user internalUser819
2022-10-05 17:54:50.271  INFO 110320 --- [ool-10-thread-1] tourGuide.service.TourGuideService       : Track Location for user internalUser820
2022-10-05 17:54:50.271  INFO 110320 --- [ool-10-thread-1] tourGuide.service.TourGuideService       : Track Location for user internalUser821
2022-10-05 17:54:50.272  INFO 110320 --- [ool-10-thread-1] tourGuide.service.TourGuideService       : Track Location for user internalUser828
2022-10-05 17:54:50.272  INFO 110320 --- [ool-10-thread-1] tourGuide.service.TourGuideService       : Track Location for user internalUser59
2022-10-05 17:54:50.272  INFO 110320 --- [ool-10-thread-1] tourGuide.service.TourGuideService       : Track Location for user internalUser829
2022-10-05 17:54:50.272  INFO 110320 --- [ool-10-thread-1] tourGuide.service.TourGuideService       : Track Location for user internalUser826
2022-10-05 17:54:50.272  INFO 110320 --- [ool-10-thread-1] tourGuide.service.TourGuideService       : Track Location for user internalUser827
2022-10-05 17:54:50.272  INFO 110320 --- [ool-10-thread-1] tourGuide.service.TourGuideService       : Track Location for user internalUser56
2022-10-05 17:54:50.272  INFO 110320 --- [ool-10-thread-1] tourGuide.service.TourGuideService       : Track Location for user internalUser824
2022-10-05 17:54:50.272  INFO 110320 --- [ool-10-thread-1] tourGuide.service.TourGuideService       : Track Location for user internalUser55
2022-10-05 17:54:50.273  INFO 110320 --- [ool-10-thread-1] tourGuide.service.TourGuideService       : Track Location for user internalUser825
2022-10-05 17:54:50.273  INFO 110320 --- [ool-10-thread-1] tourGuide.service.TourGuideService       : Track Location for user internalUser58
2022-10-05 17:54:50.273  INFO 110320 --- [ool-10-thread-1] tourGuide.service.TourGuideService       : Track Location for user internalUser822
2022-10-05 17:54:50.273  INFO 110320 --- [ool-10-thread-1] tourGuide.service.TourGuideService       : Track Location for user internalUser57
2022-10-05 17:54:50.273  INFO 110320 --- [ool-10-thread-1] tourGuide.service.TourGuideService       : Track Location for user internalUser823
2022-10-05 17:54:50.274  INFO 110320 --- [ool-10-thread-1] tourGuide.service.TourGuideService       : Track Location for user internalUser52
2022-10-05 17:54:50.274  INFO 110320 --- [ool-10-thread-1] tourGuide.service.TourGuideService       : Track Location for user internalUser51
2022-10-05 17:54:50.274  INFO 110320 --- [ool-10-thread-1] tourGuide.service.TourGuideService       : Track Location for user internalUser54
2022-10-05 17:54:50.274  INFO 110320 --- [ool-10-thread-1] tourGuide.service.TourGuideService       : Track Location for user internalUser53
2022-10-05 17:54:50.274  INFO 110320 --- [ool-10-thread-1] tourGuide.service.TourGuideService       : Track Location for user internalUser50
2022-10-05 17:54:50.274  INFO 110320 --- [ool-10-thread-1] tourGuide.service.TourGuideService       : Track Location for user internalUser831
2022-10-05 17:54:50.274  INFO 110320 --- [ool-10-thread-1] tourGuide.service.TourGuideService       : Track Location for user internalUser832
2022-10-05 17:54:50.275  INFO 110320 --- [ool-10-thread-1] tourGuide.service.TourGuideService       : Track Location for user internalUser830
2022-10-05 17:54:50.275  INFO 110320 --- [ool-10-thread-1] tourGuide.service.TourGuideService       : Track Location for user internalUser839
2022-10-05 17:54:50.275  INFO 110320 --- [ool-10-thread-1] tourGuide.service.TourGuideService       : Track Location for user internalUser837
2022-10-05 17:54:50.275  INFO 110320 --- [ool-10-thread-1] tourGuide.service.TourGuideService       : Track Location for user internalUser838
2022-10-05 17:54:50.275  INFO 110320 --- [ool-10-thread-1] tourGuide.service.TourGuideService       : Track Location for user internalUser67
2022-10-05 17:54:50.275  INFO 110320 --- [ool-10-thread-1] tourGuide.service.TourGuideService       : Track Location for user internalUser835
2022-10-05 17:54:50.275  INFO 110320 --- [ool-10-thread-1] tourGuide.service.TourGuideService       : Track Location for user internalUser66
2022-10-05 17:54:50.275  INFO 110320 --- [ool-10-thread-1] tourGuide.service.TourGuideService       : Track Location for user internalUser836
2022-10-05 17:54:50.275  INFO 110320 --- [ool-10-thread-1] tourGuide.service.TourGuideService       : Track Location for user internalUser69
2022-10-05 17:54:50.275  INFO 110320 --- [ool-10-thread-1] tourGuide.service.TourGuideService       : Track Location for user internalUser833
2022-10-05 17:54:50.276  INFO 110320 --- [ool-10-thread-1] tourGuide.service.TourGuideService       : Track Location for user internalUser68
2022-10-05 17:54:50.276  INFO 110320 --- [ool-10-thread-1] tourGuide.service.TourGuideService       : Track Location for user internalUser834
2022-10-05 17:54:50.276  INFO 110320 --- [ool-10-thread-1] tourGuide.service.TourGuideService       : Track Location for user internalUser63
2022-10-05 17:54:50.276  INFO 110320 --- [ool-10-thread-1] tourGuide.service.TourGuideService       : Track Location for user internalUser62
2022-10-05 17:54:50.276  INFO 110320 --- [ool-10-thread-1] tourGuide.service.TourGuideService       : Track Location for user internalUser65
2022-10-05 17:54:50.276  INFO 110320 --- [ool-10-thread-1] tourGuide.service.TourGuideService       : Track Location for user internalUser64
2022-10-05 17:54:50.276  INFO 110320 --- [ool-10-thread-1] tourGuide.service.TourGuideService       : Track Location for user internalUser61
2022-10-05 17:54:50.276  INFO 110320 --- [ool-10-thread-1] tourGuide.service.TourGuideService       : Track Location for user internalUser60
2022-10-05 17:54:50.276  INFO 110320 --- [ool-10-thread-1] tourGuide.service.TourGuideService       : Track Location for user internalUser78
2022-10-05 17:54:50.276  INFO 110320 --- [ool-10-thread-1] tourGuide.service.TourGuideService       : Track Location for user internalUser77
2022-10-05 17:54:50.276  INFO 110320 --- [ool-10-thread-1] tourGuide.service.TourGuideService       : Track Location for user internalUser79
2022-10-05 17:54:50.276  INFO 110320 --- [ool-10-thread-1] tourGuide.service.TourGuideService       : Track Location for user internalUser74
2022-10-05 17:54:50.276  INFO 110320 --- [ool-10-thread-1] tourGuide.service.TourGuideService       : Track Location for user internalUser73
2022-10-05 17:54:50.277  INFO 110320 --- [ool-10-thread-1] tourGuide.service.TourGuideService       : Track Location for user internalUser76
2022-10-05 17:54:50.277  INFO 110320 --- [ool-10-thread-1] tourGuide.service.TourGuideService       : Track Location for user internalUser75
2022-10-05 17:54:50.277  INFO 110320 --- [ool-10-thread-1] tourGuide.service.TourGuideService       : Track Location for user internalUser70
2022-10-05 17:54:50.277  INFO 110320 --- [ool-10-thread-1] tourGuide.service.TourGuideService       : Track Location for user internalUser72
2022-10-05 17:54:50.277  INFO 110320 --- [ool-10-thread-1] tourGuide.service.TourGuideService       : Track Location for user internalUser71
2022-10-05 17:54:50.277  INFO 110320 --- [ool-10-thread-1] tourGuide.service.TourGuideService       : Track Location for user internalUser90
2022-10-05 17:54:50.277  INFO 110320 --- [ool-10-thread-1] tourGuide.service.TourGuideService       : Track Location for user internalUser89
2022-10-05 17:54:50.277  INFO 110320 --- [ool-10-thread-1] tourGuide.service.TourGuideService       : Track Location for user internalUser88
2022-10-05 17:54:50.277  INFO 110320 --- [ool-10-thread-1] tourGuide.service.TourGuideService       : Track Location for user internalUser85
2022-10-05 17:54:50.277  INFO 110320 --- [ool-10-thread-1] tourGuide.service.TourGuideService       : Track Location for user internalUser84
2022-10-05 17:54:50.277  INFO 110320 --- [ool-10-thread-1] tourGuide.service.TourGuideService       : Track Location for user internalUser87
2022-10-05 17:54:50.277  INFO 110320 --- [ool-10-thread-1] tourGuide.service.TourGuideService       : Track Location for user internalUser86
2022-10-05 17:54:50.278  INFO 110320 --- [ool-10-thread-1] tourGuide.service.TourGuideService       : Track Location for user internalUser81
2022-10-05 17:54:50.278  INFO 110320 --- [ool-10-thread-1] tourGuide.service.TourGuideService       : Track Location for user internalUser80
2022-10-05 17:54:50.278  INFO 110320 --- [ool-10-thread-1] tourGuide.service.TourGuideService       : Track Location for user internalUser83
2022-10-05 17:54:50.278  INFO 110320 --- [ool-10-thread-1] tourGuide.service.TourGuideService       : Track Location for user internalUser82
2022-10-05 17:54:50.278  INFO 110320 --- [ool-10-thread-1] tourGuide.service.TourGuideService       : Track Location for user internalUser99
2022-10-05 17:54:50.278  INFO 110320 --- [ool-10-thread-1] tourGuide.service.TourGuideService       : Track Location for user internalUser96
2022-10-05 17:54:50.278  INFO 110320 --- [ool-10-thread-1] tourGuide.service.TourGuideService       : Track Location for user internalUser95
2022-10-05 17:54:50.278  INFO 110320 --- [ool-10-thread-1] tourGuide.service.TourGuideService       : Track Location for user internalUser98
2022-10-05 17:54:50.278  INFO 110320 --- [ool-10-thread-1] tourGuide.service.TourGuideService       : Track Location for user internalUser97
2022-10-05 17:54:50.278  INFO 110320 --- [ool-10-thread-1] tourGuide.service.TourGuideService       : Track Location for user internalUser92
2022-10-05 17:54:50.278  INFO 110320 --- [ool-10-thread-1] tourGuide.service.TourGuideService       : Track Location for user internalUser91
2022-10-05 17:54:50.278  INFO 110320 --- [ool-10-thread-1] tourGuide.service.TourGuideService       : Track Location for user internalUser94
2022-10-05 17:54:50.279  INFO 110320 --- [ool-10-thread-1] tourGuide.service.TourGuideService       : Track Location for user internalUser93
2022-10-05 17:54:50.279  INFO 110320 --- [ool-10-thread-1] tourGuide.service.TourGuideService       : Track Location for user internalUser284
2022-10-05 17:54:50.279  INFO 110320 --- [ool-10-thread-1] tourGuide.service.TourGuideService       : Track Location for user internalUser285
2022-10-05 17:54:50.279  INFO 110320 --- [ool-10-thread-1] tourGuide.service.TourGuideService       : Track Location for user internalUser282
2022-10-05 17:54:50.279  INFO 110320 --- [ool-10-thread-1] tourGuide.service.TourGuideService       : Track Location for user internalUser283
2022-10-05 17:54:50.279  INFO 110320 --- [ool-10-thread-1] tourGuide.service.TourGuideService       : Track Location for user internalUser280
2022-10-05 17:54:50.279  INFO 110320 --- [ool-10-thread-1] tourGuide.service.TourGuideService       : Track Location for user internalUser281
2022-10-05 17:54:50.279  INFO 110320 --- [ool-10-thread-1] tourGuide.service.TourGuideService       : Track Location for user internalUser288
2022-10-05 17:54:50.279  INFO 110320 --- [ool-10-thread-1] tourGuide.service.TourGuideService       : Track Location for user internalUser289
2022-10-05 17:54:50.279  INFO 110320 --- [ool-10-thread-1] tourGuide.service.TourGuideService       : Track Location for user internalUser286
2022-10-05 17:54:50.279  INFO 110320 --- [ool-10-thread-1] tourGuide.service.TourGuideService       : Track Location for user internalUser287
2022-10-05 17:54:50.280  INFO 110320 --- [ool-10-thread-1] tourGuide.service.TourGuideService       : Track Location for user internalUser295
2022-10-05 17:54:50.280  INFO 110320 --- [ool-10-thread-1] tourGuide.service.TourGuideService       : Track Location for user internalUser296
2022-10-05 17:54:50.280  INFO 110320 --- [ool-10-thread-1] tourGuide.service.TourGuideService       : Track Location for user internalUser293
2022-10-05 17:54:50.280  INFO 110320 --- [ool-10-thread-1] tourGuide.service.TourGuideService       : Track Location for user internalUser294
2022-10-05 17:54:50.280  INFO 110320 --- [ool-10-thread-1] tourGuide.service.TourGuideService       : Track Location for user internalUser291
2022-10-05 17:54:50.280  INFO 110320 --- [ool-10-thread-1] tourGuide.service.TourGuideService       : Track Location for user internalUser292
2022-10-05 17:54:50.280  INFO 110320 --- [ool-10-thread-1] tourGuide.service.TourGuideService       : Track Location for user internalUser290
2022-10-05 17:54:50.280  INFO 110320 --- [ool-10-thread-1] tourGuide.service.TourGuideService       : Track Location for user internalUser299
2022-10-05 17:54:50.280  INFO 110320 --- [ool-10-thread-1] tourGuide.service.TourGuideService       : Track Location for user internalUser297
2022-10-05 17:54:50.280  INFO 110320 --- [ool-10-thread-1] tourGuide.service.TourGuideService       : Track Location for user internalUser298
2022-10-05 17:54:50.281  INFO 110320 --- [ool-10-thread-1] tourGuide.service.TourGuideService       : Track Location for user internalUser240
2022-10-05 17:54:50.281  INFO 110320 --- [ool-10-thread-1] tourGuide.service.TourGuideService       : Track Location for user internalUser482
2022-10-05 17:54:50.281  INFO 110320 --- [ool-10-thread-1] tourGuide.service.TourGuideService       : Track Location for user internalUser241
2022-10-05 17:54:50.281  INFO 110320 --- [ool-10-thread-1] tourGuide.service.TourGuideService       : Track Location for user internalUser483
2022-10-05 17:54:50.281  INFO 110320 --- [ool-10-thread-1] tourGuide.service.TourGuideService       : Track Location for user internalUser480
2022-10-05 17:54:50.281  INFO 110320 --- [ool-10-thread-1] tourGuide.service.TourGuideService       : Track Location for user internalUser481
2022-10-05 17:54:50.281  INFO 110320 --- [ool-10-thread-1] tourGuide.service.TourGuideService       : Track Location for user internalUser248
2022-10-05 17:54:50.281  INFO 110320 --- [ool-10-thread-1] tourGuide.service.TourGuideService       : Track Location for user internalUser249
2022-10-05 17:54:50.281  INFO 110320 --- [ool-10-thread-1] tourGuide.service.TourGuideService       : Track Location for user internalUser246
2022-10-05 17:54:50.282  INFO 110320 --- [ool-10-thread-1] tourGuide.service.TourGuideService       : Track Location for user internalUser488
2022-10-05 17:54:50.282  INFO 110320 --- [ool-10-thread-1] tourGuide.service.TourGuideService       : Track Location for user internalUser247
2022-10-05 17:54:50.282  INFO 110320 --- [ool-10-thread-1] tourGuide.service.TourGuideService       : Track Location for user internalUser489
2022-10-05 17:54:50.282  INFO 110320 --- [ool-10-thread-1] tourGuide.service.TourGuideService       : Track Location for user internalUser244
2022-10-05 17:54:50.282  INFO 110320 --- [ool-10-thread-1] tourGuide.service.TourGuideService       : Track Location for user internalUser486
2022-10-05 17:54:50.282  INFO 110320 --- [ool-10-thread-1] tourGuide.service.TourGuideService       : Track Location for user internalUser245
2022-10-05 17:54:50.283  INFO 110320 --- [ool-10-thread-1] tourGuide.service.TourGuideService       : Track Location for user internalUser487
2022-10-05 17:54:50.283  INFO 110320 --- [ool-10-thread-1] tourGuide.service.TourGuideService       : Track Location for user internalUser242
2022-10-05 17:54:50.283  INFO 110320 --- [ool-10-thread-1] tourGuide.service.TourGuideService       : Track Location for user internalUser484
2022-10-05 17:54:50.283  INFO 110320 --- [ool-10-thread-1] tourGuide.service.TourGuideService       : Track Location for user internalUser243
2022-10-05 17:54:50.283  INFO 110320 --- [ool-10-thread-1] tourGuide.service.TourGuideService       : Track Location for user internalUser485
2022-10-05 17:54:50.283  INFO 110320 --- [ool-10-thread-1] tourGuide.service.TourGuideService       : Track Location for user internalUser251
2022-10-05 17:54:50.283  INFO 110320 --- [ool-10-thread-1] tourGuide.service.TourGuideService       : Track Location for user internalUser493
2022-10-05 17:54:50.284  INFO 110320 --- [ool-10-thread-1] tourGuide.service.TourGuideService       : Track Location for user internalUser252
2022-10-05 17:54:50.284  INFO 110320 --- [ool-10-thread-1] tourGuide.service.TourGuideService       : Track Location for user internalUser494
2022-10-05 17:54:50.284  INFO 110320 --- [ool-10-thread-1] tourGuide.service.TourGuideService       : Track Location for user internalUser491
2022-10-05 17:54:50.284  INFO 110320 --- [ool-10-thread-1] tourGuide.service.TourGuideService       : Track Location for user internalUser250
2022-10-05 17:54:50.284  INFO 110320 --- [ool-10-thread-1] tourGuide.service.TourGuideService       : Track Location for user internalUser492
2022-10-05 17:54:50.284  INFO 110320 --- [ool-10-thread-1] tourGuide.service.TourGuideService       : Track Location for user internalUser490
2022-10-05 17:54:50.284  INFO 110320 --- [ool-10-thread-1] tourGuide.service.TourGuideService       : Track Location for user internalUser259
2022-10-05 17:54:50.284  INFO 110320 --- [ool-10-thread-1] tourGuide.service.TourGuideService       : Track Location for user internalUser257
2022-10-05 17:54:50.284  INFO 110320 --- [ool-10-thread-1] tourGuide.service.TourGuideService       : Track Location for user internalUser499
2022-10-05 17:54:50.284  INFO 110320 --- [ool-10-thread-1] tourGuide.service.TourGuideService       : Track Location for user internalUser258
2022-10-05 17:54:50.284  INFO 110320 --- [ool-10-thread-1] tourGuide.service.TourGuideService       : Track Location for user internalUser255
2022-10-05 17:54:50.285  INFO 110320 --- [ool-10-thread-1] tourGuide.service.TourGuideService       : Track Location for user internalUser497
2022-10-05 17:54:50.285  INFO 110320 --- [ool-10-thread-1] tourGuide.service.TourGuideService       : Track Location for user internalUser256
2022-10-05 17:54:50.285  INFO 110320 --- [ool-10-thread-1] tourGuide.service.TourGuideService       : Track Location for user internalUser498
2022-10-05 17:54:50.285  INFO 110320 --- [ool-10-thread-1] tourGuide.service.TourGuideService       : Track Location for user internalUser253
2022-10-05 17:54:50.285  INFO 110320 --- [ool-10-thread-1] tourGuide.service.TourGuideService       : Track Location for user internalUser495
2022-10-05 17:54:50.285  INFO 110320 --- [ool-10-thread-1] tourGuide.service.TourGuideService       : Track Location for user internalUser254
2022-10-05 17:54:50.285  INFO 110320 --- [ool-10-thread-1] tourGuide.service.TourGuideService       : Track Location for user internalUser496
2022-10-05 17:54:50.285  INFO 110320 --- [ool-10-thread-1] tourGuide.service.TourGuideService       : Track Location for user internalUser262
2022-10-05 17:54:50.285  INFO 110320 --- [ool-10-thread-1] tourGuide.service.TourGuideService       : Track Location for user internalUser263
2022-10-05 17:54:50.285  INFO 110320 --- [ool-10-thread-1] tourGuide.service.TourGuideService       : Track Location for user internalUser260
2022-10-05 17:54:50.285  INFO 110320 --- [ool-10-thread-1] tourGuide.service.TourGuideService       : Track Location for user internalUser261
2022-10-05 17:54:50.285  INFO 110320 --- [ool-10-thread-1] tourGuide.service.TourGuideService       : Track Location for user internalUser268
2022-10-05 17:54:50.286  INFO 110320 --- [ool-10-thread-1] tourGuide.service.TourGuideService       : Track Location for user internalUser269
2022-10-05 17:54:50.286  INFO 110320 --- [ool-10-thread-1] tourGuide.service.TourGuideService       : Track Location for user internalUser266
2022-10-05 17:54:50.286  INFO 110320 --- [ool-10-thread-1] tourGuide.service.TourGuideService       : Track Location for user internalUser267
2022-10-05 17:54:50.286  INFO 110320 --- [ool-10-thread-1] tourGuide.service.TourGuideService       : Track Location for user internalUser264
2022-10-05 17:54:50.286  INFO 110320 --- [ool-10-thread-1] tourGuide.service.TourGuideService       : Track Location for user internalUser265
2022-10-05 17:54:50.286  INFO 110320 --- [ool-10-thread-1] tourGuide.service.TourGuideService       : Track Location for user internalUser273
2022-10-05 17:54:50.286  INFO 110320 --- [ool-10-thread-1] tourGuide.service.TourGuideService       : Track Location for user internalUser274
2022-10-05 17:54:50.286  INFO 110320 --- [ool-10-thread-1] tourGuide.service.TourGuideService       : Track Location for user internalUser271
2022-10-05 17:54:50.286  INFO 110320 --- [ool-10-thread-1] tourGuide.service.TourGuideService       : Track Location for user internalUser272
2022-10-05 17:54:50.286  INFO 110320 --- [ool-10-thread-1] tourGuide.service.TourGuideService       : Track Location for user internalUser270
2022-10-05 17:54:50.286  INFO 110320 --- [ool-10-thread-1] tourGuide.service.TourGuideService       : Track Location for user internalUser279
2022-10-05 17:54:50.286  INFO 110320 --- [ool-10-thread-1] tourGuide.service.TourGuideService       : Track Location for user internalUser277
2022-10-05 17:54:50.286  INFO 110320 --- [ool-10-thread-1] tourGuide.service.TourGuideService       : Track Location for user internalUser278
2022-10-05 17:54:50.286  INFO 110320 --- [ool-10-thread-1] tourGuide.service.TourGuideService       : Track Location for user internalUser275
2022-10-05 17:54:50.287  INFO 110320 --- [ool-10-thread-1] tourGuide.service.TourGuideService       : Track Location for user internalUser276
2022-10-05 17:54:50.287  INFO 110320 --- [ool-10-thread-1] tourGuide.service.TourGuideService       : Track Location for user internalUser680
2022-10-05 17:54:50.287  INFO 110320 --- [ool-10-thread-1] tourGuide.service.TourGuideService       : Track Location for user internalUser681
2022-10-05 17:54:50.287  INFO 110320 --- [ool-10-thread-1] tourGuide.service.TourGuideService       : Track Location for user internalUser204
2022-10-05 17:54:50.287  INFO 110320 --- [ool-10-thread-1] tourGuide.service.TourGuideService       : Track Location for user internalUser446
2022-10-05 17:54:50.287  INFO 110320 --- [ool-10-thread-1] tourGuide.service.TourGuideService       : Track Location for user internalUser688
2022-10-05 17:54:50.287  INFO 110320 --- [ool-10-thread-1] tourGuide.service.TourGuideService       : Track Location for user internalUser205
2022-10-05 17:54:50.287  INFO 110320 --- [ool-10-thread-1] tourGuide.service.TourGuideService       : Track Location for user internalUser447
2022-10-05 17:54:50.287  INFO 110320 --- [ool-10-thread-1] tourGuide.service.TourGuideService       : Track Location for user internalUser689
2022-10-05 17:54:50.287  INFO 110320 --- [ool-10-thread-1] tourGuide.service.TourGuideService       : Track Location for user internalUser202
2022-10-05 17:54:50.287  INFO 110320 --- [ool-10-thread-1] tourGuide.service.TourGuideService       : Track Location for user internalUser444
2022-10-05 17:54:50.287  INFO 110320 --- [ool-10-thread-1] tourGuide.service.TourGuideService       : Track Location for user internalUser686
2022-10-05 17:54:50.287  INFO 110320 --- [ool-10-thread-1] tourGuide.service.TourGuideService       : Track Location for user internalUser203
2022-10-05 17:54:50.288  INFO 110320 --- [ool-10-thread-1] tourGuide.service.TourGuideService       : Track Location for user internalUser445
2022-10-05 17:54:50.288  INFO 110320 --- [ool-10-thread-1] tourGuide.service.TourGuideService       : Track Location for user internalUser687
2022-10-05 17:54:50.288  INFO 110320 --- [ool-10-thread-1] tourGuide.service.TourGuideService       : Track Location for user internalUser200
2022-10-05 17:54:50.288  INFO 110320 --- [ool-10-thread-1] tourGuide.service.TourGuideService       : Track Location for user internalUser442
2022-10-05 17:54:50.288  INFO 110320 --- [ool-10-thread-1] tourGuide.service.TourGuideService       : Track Location for user internalUser684
2022-10-05 17:54:50.288  INFO 110320 --- [ool-10-thread-1] tourGuide.service.TourGuideService       : Track Location for user internalUser201
2022-10-05 17:54:50.288  INFO 110320 --- [ool-10-thread-1] tourGuide.service.TourGuideService       : Track Location for user internalUser443
2022-10-05 17:54:50.288  INFO 110320 --- [ool-10-thread-1] tourGuide.service.TourGuideService       : Track Location for user internalUser685
2022-10-05 17:54:50.288  INFO 110320 --- [ool-10-thread-1] tourGuide.service.TourGuideService       : Track Location for user internalUser440
2022-10-05 17:54:50.289  INFO 110320 --- [ool-10-thread-1] tourGuide.service.TourGuideService       : Track Location for user internalUser682
2022-10-05 17:54:50.289  INFO 110320 --- [ool-10-thread-1] tourGuide.service.TourGuideService       : Track Location for user internalUser441
2022-10-05 17:54:50.289  INFO 110320 --- [ool-10-thread-1] tourGuide.service.TourGuideService       : Track Location for user internalUser683
2022-10-05 17:54:50.289  INFO 110320 --- [ool-10-thread-1] tourGuide.service.TourGuideService       : Track Location for user internalUser208
2022-10-05 17:54:50.289  INFO 110320 --- [ool-10-thread-1] tourGuide.service.TourGuideService       : Track Location for user internalUser209
2022-10-05 17:54:50.289  INFO 110320 --- [ool-10-thread-1] tourGuide.service.TourGuideService       : Track Location for user internalUser206
2022-10-05 17:54:50.289  INFO 110320 --- [ool-10-thread-1] tourGuide.service.TourGuideService       : Track Location for user internalUser448
2022-10-05 17:54:50.289  INFO 110320 --- [ool-10-thread-1] tourGuide.service.TourGuideService       : Track Location for user internalUser207
2022-10-05 17:54:50.289  INFO 110320 --- [ool-10-thread-1] tourGuide.service.TourGuideService       : Track Location for user internalUser449
2022-10-05 17:54:50.289  INFO 110320 --- [ool-10-thread-1] tourGuide.service.TourGuideService       : Track Location for user internalUser691
2022-10-05 17:54:50.289  INFO 110320 --- [ool-10-thread-1] tourGuide.service.TourGuideService       : Track Location for user internalUser450
2022-10-05 17:54:50.289  INFO 110320 --- [ool-10-thread-1] tourGuide.service.TourGuideService       : Track Location for user internalUser692
2022-10-05 17:54:50.290  INFO 110320 --- [ool-10-thread-1] tourGuide.service.TourGuideService       : Track Location for user internalUser690
2022-10-05 17:54:50.290  INFO 110320 --- [ool-10-thread-1] tourGuide.service.TourGuideService       : Track Location for user internalUser215
2022-10-05 17:54:50.290  INFO 110320 --- [ool-10-thread-1] tourGuide.service.TourGuideService       : Track Location for user internalUser457
2022-10-05 17:54:50.290  INFO 110320 --- [ool-10-thread-1] tourGuide.service.TourGuideService       : Track Location for user internalUser699
2022-10-05 17:54:50.290  INFO 110320 --- [ool-10-thread-1] tourGuide.service.TourGuideService       : Track Location for user internalUser216
2022-10-05 17:54:50.290  INFO 110320 --- [ool-10-thread-1] tourGuide.service.TourGuideService       : Track Location for user internalUser458
2022-10-05 17:54:50.290  INFO 110320 --- [ool-10-thread-1] tourGuide.service.TourGuideService       : Track Location for user internalUser213
2022-10-05 17:54:50.291  INFO 110320 --- [ool-10-thread-1] tourGuide.service.TourGuideService       : Track Location for user internalUser455
2022-10-05 17:54:50.291  INFO 110320 --- [ool-10-thread-1] tourGuide.service.TourGuideService       : Track Location for user internalUser697
2022-10-05 17:54:50.291  INFO 110320 --- [ool-10-thread-1] tourGuide.service.TourGuideService       : Track Location for user internalUser214
2022-10-05 17:54:50.291  INFO 110320 --- [ool-10-thread-1] tourGuide.service.TourGuideService       : Track Location for user internalUser456
2022-10-05 17:54:50.291  INFO 110320 --- [ool-10-thread-1] tourGuide.service.TourGuideService       : Track Location for user internalUser698
2022-10-05 17:54:50.291  INFO 110320 --- [ool-10-thread-1] tourGuide.service.TourGuideService       : Track Location for user internalUser211
2022-10-05 17:54:50.291  INFO 110320 --- [ool-10-thread-1] tourGuide.service.TourGuideService       : Track Location for user internalUser453
2022-10-05 17:54:50.292  INFO 110320 --- [ool-10-thread-1] tourGuide.service.TourGuideService       : Track Location for user internalUser695
2022-10-05 17:54:50.292  INFO 110320 --- [ool-10-thread-1] tourGuide.service.TourGuideService       : Track Location for user internalUser212
2022-10-05 17:54:50.292  INFO 110320 --- [ool-10-thread-1] tourGuide.service.TourGuideService       : Track Location for user internalUser454
2022-10-05 17:54:50.292  INFO 110320 --- [ool-10-thread-1] tourGuide.service.TourGuideService       : Track Location for user internalUser696
2022-10-05 17:54:50.292  INFO 110320 --- [ool-10-thread-1] tourGuide.service.TourGuideService       : Track Location for user internalUser451
2022-10-05 17:54:50.292  INFO 110320 --- [ool-10-thread-1] tourGuide.service.TourGuideService       : Track Location for user internalUser693
2022-10-05 17:54:50.292  INFO 110320 --- [ool-10-thread-1] tourGuide.service.TourGuideService       : Track Location for user internalUser210
2022-10-05 17:54:50.292  INFO 110320 --- [ool-10-thread-1] tourGuide.service.TourGuideService       : Track Location for user internalUser452
2022-10-05 17:54:50.292  INFO 110320 --- [ool-10-thread-1] tourGuide.service.TourGuideService       : Track Location for user internalUser694
2022-10-05 17:54:50.292  INFO 110320 --- [ool-10-thread-1] tourGuide.service.TourGuideService       : Track Location for user internalUser219
2022-10-05 17:54:50.293  INFO 110320 --- [ool-10-thread-1] tourGuide.service.TourGuideService       : Track Location for user internalUser217
2022-10-05 17:54:50.293  INFO 110320 --- [ool-10-thread-1] tourGuide.service.TourGuideService       : Track Location for user internalUser459
2022-10-05 17:54:50.293  INFO 110320 --- [ool-10-thread-1] tourGuide.service.TourGuideService       : Track Location for user internalUser218
2022-10-05 17:54:50.293  INFO 110320 --- [ool-10-thread-1] tourGuide.service.TourGuideService       : Track Location for user internalUser460
2022-10-05 17:54:50.293  INFO 110320 --- [ool-10-thread-1] tourGuide.service.TourGuideService       : Track Location for user internalUser461
2022-10-05 17:54:50.293  INFO 110320 --- [ool-10-thread-1] tourGuide.service.TourGuideService       : Track Location for user internalUser226
2022-10-05 17:54:50.293  INFO 110320 --- [ool-10-thread-1] tourGuide.service.TourGuideService       : Track Location for user internalUser468
2022-10-05 17:54:50.293  INFO 110320 --- [ool-10-thread-1] tourGuide.service.TourGuideService       : Track Location for user internalUser227
2022-10-05 17:54:50.293  INFO 110320 --- [ool-10-thread-1] tourGuide.service.TourGuideService       : Track Location for user internalUser469
2022-10-05 17:54:50.293  INFO 110320 --- [ool-10-thread-1] tourGuide.service.TourGuideService       : Track Location for user internalUser224
2022-10-05 17:54:50.293  INFO 110320 --- [ool-10-thread-1] tourGuide.service.TourGuideService       : Track Location for user internalUser466
2022-10-05 17:54:50.294  INFO 110320 --- [ool-10-thread-1] tourGuide.service.TourGuideService       : Track Location for user internalUser225
2022-10-05 17:54:50.294  INFO 110320 --- [ool-10-thread-1] tourGuide.service.TourGuideService       : Track Location for user internalUser467
2022-10-05 17:54:50.294  INFO 110320 --- [ool-10-thread-1] tourGuide.service.TourGuideService       : Track Location for user internalUser222
2022-10-05 17:54:50.294  INFO 110320 --- [ool-10-thread-1] tourGuide.service.TourGuideService       : Track Location for user internalUser464
2022-10-05 17:54:50.294  INFO 110320 --- [ool-10-thread-1] tourGuide.service.TourGuideService       : Track Location for user internalUser223
2022-10-05 17:54:50.294  INFO 110320 --- [ool-10-thread-1] tourGuide.service.TourGuideService       : Track Location for user internalUser465
2022-10-05 17:54:50.294  INFO 110320 --- [ool-10-thread-1] tourGuide.service.TourGuideService       : Track Location for user internalUser220
2022-10-05 17:54:50.294  INFO 110320 --- [ool-10-thread-1] tourGuide.service.TourGuideService       : Track Location for user internalUser462
2022-10-05 17:54:50.294  INFO 110320 --- [ool-10-thread-1] tourGuide.service.TourGuideService       : Track Location for user internalUser221
2022-10-05 17:54:50.294  INFO 110320 --- [ool-10-thread-1] tourGuide.service.TourGuideService       : Track Location for user internalUser463
2022-10-05 17:54:50.294  INFO 110320 --- [ool-10-thread-1] tourGuide.service.TourGuideService       : Track Location for user internalUser228
2022-10-05 17:54:50.294  INFO 110320 --- [ool-10-thread-1] tourGuide.service.TourGuideService       : Track Location for user internalUser229
2022-10-05 17:54:50.294  INFO 110320 --- [ool-10-thread-1] tourGuide.service.TourGuideService       : Track Location for user internalUser471
2022-10-05 17:54:50.294  INFO 110320 --- [ool-10-thread-1] tourGuide.service.TourGuideService       : Track Location for user internalUser230
2022-10-05 17:54:50.295  INFO 110320 --- [ool-10-thread-1] tourGuide.service.TourGuideService       : Track Location for user internalUser472
2022-10-05 17:54:50.295  INFO 110320 --- [ool-10-thread-1] tourGuide.service.TourGuideService       : Track Location for user internalUser470
2022-10-05 17:54:50.295  INFO 110320 --- [ool-10-thread-1] tourGuide.service.TourGuideService       : Track Location for user internalUser237
2022-10-05 17:54:50.295  INFO 110320 --- [ool-10-thread-1] tourGuide.service.TourGuideService       : Track Location for user internalUser479
2022-10-05 17:54:50.295  INFO 110320 --- [ool-10-thread-1] tourGuide.service.TourGuideService       : Track Location for user internalUser238
2022-10-05 17:54:50.295  INFO 110320 --- [ool-10-thread-1] tourGuide.service.TourGuideService       : Track Location for user internalUser235
2022-10-05 17:54:50.295  INFO 110320 --- [ool-10-thread-1] tourGuide.service.TourGuideService       : Track Location for user internalUser477
2022-10-05 17:54:50.295  INFO 110320 --- [ool-10-thread-1] tourGuide.service.TourGuideService       : Track Location for user internalUser236
2022-10-05 17:54:50.295  INFO 110320 --- [ool-10-thread-1] tourGuide.service.TourGuideService       : Track Location for user internalUser478
2022-10-05 17:54:50.295  INFO 110320 --- [ool-10-thread-1] tourGuide.service.TourGuideService       : Track Location for user internalUser233
2022-10-05 17:54:50.295  INFO 110320 --- [ool-10-thread-1] tourGuide.service.TourGuideService       : Track Location for user internalUser475
2022-10-05 17:54:50.295  INFO 110320 --- [ool-10-thread-1] tourGuide.service.TourGuideService       : Track Location for user internalUser234
2022-10-05 17:54:50.296  INFO 110320 --- [ool-10-thread-1] tourGuide.service.TourGuideService       : Track Location for user internalUser476
2022-10-05 17:54:50.296  INFO 110320 --- [ool-10-thread-1] tourGuide.service.TourGuideService       : Track Location for user internalUser231
2022-10-05 17:54:50.296  INFO 110320 --- [ool-10-thread-1] tourGuide.service.TourGuideService       : Track Location for user internalUser473
2022-10-05 17:54:50.296  INFO 110320 --- [ool-10-thread-1] tourGuide.service.TourGuideService       : Track Location for user internalUser232
2022-10-05 17:54:50.296  INFO 110320 --- [ool-10-thread-1] tourGuide.service.TourGuideService       : Track Location for user internalUser474
2022-10-05 17:54:50.296  INFO 110320 --- [ool-10-thread-1] tourGuide.service.TourGuideService       : Track Location for user internalUser239
2022-10-05 17:54:50.296  INFO 110320 --- [ool-10-thread-1] tourGuide.service.TourGuideService       : Track Location for user internalUser402
2022-10-05 17:54:50.296  INFO 110320 --- [ool-10-thread-1] tourGuide.service.TourGuideService       : Track Location for user internalUser644
2022-10-05 17:54:50.296  INFO 110320 --- [ool-10-thread-1] tourGuide.service.TourGuideService       : Track Location for user internalUser886
2022-10-05 17:54:50.296  INFO 110320 --- [ool-10-thread-1] tourGuide.service.TourGuideService       : Track Location for user internalUser403
2022-10-05 17:54:50.296  INFO 110320 --- [ool-10-thread-1] tourGuide.service.TourGuideService       : Track Location for user internalUser645
2022-10-05 17:54:50.297  INFO 110320 --- [ool-10-thread-1] tourGuide.service.TourGuideService       : Track Location for user internalUser887
2022-10-05 17:54:50.297  INFO 110320 --- [ool-10-thread-1] tourGuide.service.TourGuideService       : Track Location for user internalUser400
2022-10-05 17:54:50.297  INFO 110320 --- [ool-10-thread-1] tourGuide.service.TourGuideService       : Track Location for user internalUser642
2022-10-05 17:54:50.297  INFO 110320 --- [ool-10-thread-1] tourGuide.service.TourGuideService       : Track Location for user internalUser884
2022-10-05 17:54:50.297  INFO 110320 --- [ool-10-thread-1] tourGuide.service.TourGuideService       : Track Location for user internalUser401
2022-10-05 17:54:50.297  INFO 110320 --- [ool-10-thread-1] tourGuide.service.TourGuideService       : Track Location for user internalUser643
2022-10-05 17:54:50.297  INFO 110320 --- [ool-10-thread-1] tourGuide.service.TourGuideService       : Track Location for user internalUser885
2022-10-05 17:54:50.297  INFO 110320 --- [ool-10-thread-1] tourGuide.service.TourGuideService       : Track Location for user internalUser640
2022-10-05 17:54:50.297  INFO 110320 --- [ool-10-thread-1] tourGuide.service.TourGuideService       : Track Location for user internalUser882
2022-10-05 17:54:50.297  INFO 110320 --- [ool-10-thread-1] tourGuide.service.TourGuideService       : Track Location for user internalUser641
2022-10-05 17:54:50.297  INFO 110320 --- [ool-10-thread-1] tourGuide.service.TourGuideService       : Track Location for user internalUser883
2022-10-05 17:54:50.297  INFO 110320 --- [ool-10-thread-1] tourGuide.service.TourGuideService       : Track Location for user internalUser880
2022-10-05 17:54:50.297  INFO 110320 --- [ool-10-thread-1] tourGuide.service.TourGuideService       : Track Location for user internalUser881
2022-10-05 17:54:50.298  INFO 110320 --- [ool-10-thread-1] tourGuide.service.TourGuideService       : Track Location for user internalUser408
2022-10-05 17:54:50.298  INFO 110320 --- [ool-10-thread-1] tourGuide.service.TourGuideService       : Track Location for user internalUser409
2022-10-05 17:54:50.298  INFO 110320 --- [ool-10-thread-1] tourGuide.service.TourGuideService       : Track Location for user internalUser406
2022-10-05 17:54:50.298  INFO 110320 --- [ool-10-thread-1] tourGuide.service.TourGuideService       : Track Location for user internalUser648
2022-10-05 17:54:50.298  INFO 110320 --- [ool-10-thread-1] tourGuide.service.TourGuideService       : Track Location for user internalUser407
2022-10-05 17:54:50.298  INFO 110320 --- [ool-10-thread-1] tourGuide.service.TourGuideService       : Track Location for user internalUser649
2022-10-05 17:54:50.298  INFO 110320 --- [ool-10-thread-1] tourGuide.service.TourGuideService       : Track Location for user internalUser404
2022-10-05 17:54:50.298  INFO 110320 --- [ool-10-thread-1] tourGuide.service.TourGuideService       : Track Location for user internalUser646
2022-10-05 17:54:50.298  INFO 110320 --- [ool-10-thread-1] tourGuide.service.TourGuideService       : Track Location for user internalUser888
2022-10-05 17:54:50.298  INFO 110320 --- [ool-10-thread-1] tourGuide.service.TourGuideService       : Track Location for user internalUser405
2022-10-05 17:54:50.298  INFO 110320 --- [ool-10-thread-1] tourGuide.service.TourGuideService       : Track Location for user internalUser647
2022-10-05 17:54:50.298  INFO 110320 --- [ool-10-thread-1] tourGuide.service.TourGuideService       : Track Location for user internalUser889
2022-10-05 17:54:50.298  INFO 110320 --- [ool-10-thread-1] tourGuide.service.TourGuideService       : Track Location for user internalUser890
2022-10-05 17:54:50.299  INFO 110320 --- [ool-10-thread-1] tourGuide.service.TourGuideService       : Track Location for user internalUser413
2022-10-05 17:54:50.299  INFO 110320 --- [ool-10-thread-1] tourGuide.service.TourGuideService       : Track Location for user internalUser655
2022-10-05 17:54:50.299  INFO 110320 --- [ool-10-thread-1] tourGuide.service.TourGuideService       : Track Location for user internalUser897
2022-10-05 17:54:50.299  INFO 110320 --- [ool-10-thread-1] tourGuide.service.TourGuideService       : Track Location for user internalUser414
2022-10-05 17:54:50.299  INFO 110320 --- [ool-10-thread-1] tourGuide.service.TourGuideService       : Track Location for user internalUser656
2022-10-05 17:54:50.299  INFO 110320 --- [ool-10-thread-1] tourGuide.service.TourGuideService       : Track Location for user internalUser898
2022-10-05 17:54:50.299  INFO 110320 --- [ool-10-thread-1] tourGuide.service.TourGuideService       : Track Location for user internalUser411
2022-10-05 17:54:50.299  INFO 110320 --- [ool-10-thread-1] tourGuide.service.TourGuideService       : Track Location for user internalUser653
2022-10-05 17:54:50.299  INFO 110320 --- [ool-10-thread-1] tourGuide.service.TourGuideService       : Track Location for user internalUser895
2022-10-05 17:54:50.299  INFO 110320 --- [ool-10-thread-1] tourGuide.service.TourGuideService       : Track Location for user internalUser412
2022-10-05 17:54:50.299  INFO 110320 --- [ool-10-thread-1] tourGuide.service.TourGuideService       : Track Location for user internalUser654
2022-10-05 17:54:50.300  INFO 110320 --- [ool-10-thread-1] tourGuide.service.TourGuideService       : Track Location for user internalUser896
2022-10-05 17:54:50.300  INFO 110320 --- [ool-10-thread-1] tourGuide.service.TourGuideService       : Track Location for user internalUser651
2022-10-05 17:54:50.300  INFO 110320 --- [ool-10-thread-1] tourGuide.service.TourGuideService       : Track Location for user internalUser893
2022-10-05 17:54:50.300  INFO 110320 --- [ool-10-thread-1] tourGuide.service.TourGuideService       : Track Location for user internalUser410
2022-10-05 17:54:50.300  INFO 110320 --- [ool-10-thread-1] tourGuide.service.TourGuideService       : Track Location for user internalUser652
2022-10-05 17:54:50.300  INFO 110320 --- [ool-10-thread-1] tourGuide.service.TourGuideService       : Track Location for user internalUser894
2022-10-05 17:54:50.300  INFO 110320 --- [ool-10-thread-1] tourGuide.service.TourGuideService       : Track Location for user internalUser891
2022-10-05 17:54:50.301  INFO 110320 --- [ool-10-thread-1] tourGuide.service.TourGuideService       : Track Location for user internalUser650
2022-10-05 17:54:50.301  INFO 110320 --- [ool-10-thread-1] tourGuide.service.TourGuideService       : Track Location for user internalUser892
2022-10-05 17:54:50.301  INFO 110320 --- [ool-10-thread-1] tourGuide.service.TourGuideService       : Track Location for user internalUser419
2022-10-05 17:54:50.301  INFO 110320 --- [ool-10-thread-1] tourGuide.service.TourGuideService       : Track Location for user internalUser417
2022-10-05 17:54:50.301  INFO 110320 --- [ool-10-thread-1] tourGuide.service.TourGuideService       : Track Location for user internalUser659
2022-10-05 17:54:50.301  INFO 110320 --- [ool-10-thread-1] tourGuide.service.TourGuideService       : Track Location for user internalUser418
2022-10-05 17:54:50.301  INFO 110320 --- [ool-10-thread-1] tourGuide.service.TourGuideService       : Track Location for user internalUser415
2022-10-05 17:54:50.301  INFO 110320 --- [ool-10-thread-1] tourGuide.service.TourGuideService       : Track Location for user internalUser657
2022-10-05 17:54:50.301  INFO 110320 --- [ool-10-thread-1] tourGuide.service.TourGuideService       : Track Location for user internalUser899
2022-10-05 17:54:50.301  INFO 110320 --- [ool-10-thread-1] tourGuide.service.TourGuideService       : Track Location for user internalUser416
2022-10-05 17:54:50.302  INFO 110320 --- [ool-10-thread-1] tourGuide.service.TourGuideService       : Track Location for user internalUser658
2022-10-05 17:54:50.302  INFO 110320 --- [ool-10-thread-1] tourGuide.service.TourGuideService       : Track Location for user internalUser424
2022-10-05 17:54:50.302  INFO 110320 --- [ool-10-thread-1] tourGuide.service.TourGuideService       : Track Location for user internalUser666
2022-10-05 17:54:50.302  INFO 110320 --- [ool-10-thread-1] tourGuide.service.TourGuideService       : Track Location for user internalUser425
2022-10-05 17:54:50.302  INFO 110320 --- [ool-10-thread-1] tourGuide.service.TourGuideService       : Track Location for user internalUser667
2022-10-05 17:54:50.302  INFO 110320 --- [ool-10-thread-1] tourGuide.service.TourGuideService       : Track Location for user internalUser422
2022-10-05 17:54:50.302  INFO 110320 --- [ool-10-thread-1] tourGuide.service.TourGuideService       : Track Location for user internalUser664
2022-10-05 17:54:50.302  INFO 110320 --- [ool-10-thread-1] tourGuide.service.TourGuideService       : Track Location for user internalUser423
2022-10-05 17:54:50.302  INFO 110320 --- [ool-10-thread-1] tourGuide.service.TourGuideService       : Track Location for user internalUser665
2022-10-05 17:54:50.302  INFO 110320 --- [ool-10-thread-1] tourGuide.service.TourGuideService       : Track Location for user internalUser420
2022-10-05 17:54:50.303  INFO 110320 --- [ool-10-thread-1] tourGuide.service.TourGuideService       : Track Location for user internalUser662
2022-10-05 17:54:50.303  INFO 110320 --- [ool-10-thread-1] tourGuide.service.TourGuideService       : Track Location for user internalUser421
2022-10-05 17:54:50.303  INFO 110320 --- [ool-10-thread-1] tourGuide.service.TourGuideService       : Track Location for user internalUser663
2022-10-05 17:54:50.303  INFO 110320 --- [ool-10-thread-1] tourGuide.service.TourGuideService       : Track Location for user internalUser660
2022-10-05 17:54:50.303  INFO 110320 --- [ool-10-thread-1] tourGuide.service.TourGuideService       : Track Location for user internalUser661
2022-10-05 17:54:50.303  INFO 110320 --- [ool-10-thread-1] tourGuide.service.TourGuideService       : Track Location for user internalUser428
2022-10-05 17:54:50.303  INFO 110320 --- [ool-10-thread-1] tourGuide.service.TourGuideService       : Track Location for user internalUser429
2022-10-05 17:54:50.303  INFO 110320 --- [ool-10-thread-1] tourGuide.service.TourGuideService       : Track Location for user internalUser426
2022-10-05 17:54:50.304  INFO 110320 --- [ool-10-thread-1] tourGuide.service.TourGuideService       : Track Location for user internalUser668
2022-10-05 17:54:50.304  INFO 110320 --- [ool-10-thread-1] tourGuide.service.TourGuideService       : Track Location for user internalUser427
2022-10-05 17:54:50.304  INFO 110320 --- [ool-10-thread-1] tourGuide.service.TourGuideService       : Track Location for user internalUser669
2022-10-05 17:54:50.304  INFO 110320 --- [ool-10-thread-1] tourGuide.service.TourGuideService       : Track Location for user internalUser670
2022-10-05 17:54:50.304  INFO 110320 --- [ool-10-thread-1] tourGuide.service.TourGuideService       : Track Location for user internalUser435
2022-10-05 17:54:50.304  INFO 110320 --- [ool-10-thread-1] tourGuide.service.TourGuideService       : Track Location for user internalUser677
2022-10-05 17:54:50.304  INFO 110320 --- [ool-10-thread-1] tourGuide.service.TourGuideService       : Track Location for user internalUser436
2022-10-05 17:54:50.304  INFO 110320 --- [ool-10-thread-1] tourGuide.service.TourGuideService       : Track Location for user internalUser678
2022-10-05 17:54:50.304  INFO 110320 --- [ool-10-thread-1] tourGuide.service.TourGuideService       : Track Location for user internalUser433
2022-10-05 17:54:50.304  INFO 110320 --- [ool-10-thread-1] tourGuide.service.TourGuideService       : Track Location for user internalUser675
2022-10-05 17:54:50.305  INFO 110320 --- [ool-10-thread-1] tourGuide.service.TourGuideService       : Track Location for user internalUser434
2022-10-05 17:54:50.305  INFO 110320 --- [ool-10-thread-1] tourGuide.service.TourGuideService       : Track Location for user internalUser676
2022-10-05 17:54:50.305  INFO 110320 --- [ool-10-thread-1] tourGuide.service.TourGuideService       : Track Location for user internalUser431
2022-10-05 17:54:50.305  INFO 110320 --- [ool-10-thread-1] tourGuide.service.TourGuideService       : Track Location for user internalUser673
2022-10-05 17:54:50.305  INFO 110320 --- [ool-10-thread-1] tourGuide.service.TourGuideService       : Track Location for user internalUser432
2022-10-05 17:54:50.305  INFO 110320 --- [ool-10-thread-1] tourGuide.service.TourGuideService       : Track Location for user internalUser674
2022-10-05 17:54:50.305  INFO 110320 --- [ool-10-thread-1] tourGuide.service.TourGuideService       : Track Location for user internalUser671
2022-10-05 17:54:50.305  INFO 110320 --- [ool-10-thread-1] tourGuide.service.TourGuideService       : Track Location for user internalUser430
2022-10-05 17:54:50.305  INFO 110320 --- [ool-10-thread-1] tourGuide.service.TourGuideService       : Track Location for user internalUser672
2022-10-05 17:54:50.305  INFO 110320 --- [ool-10-thread-1] tourGuide.service.TourGuideService       : Track Location for user internalUser439
2022-10-05 17:54:50.305  INFO 110320 --- [ool-10-thread-1] tourGuide.service.TourGuideService       : Track Location for user internalUser437
2022-10-05 17:54:50.306  INFO 110320 --- [ool-10-thread-1] tourGuide.service.TourGuideService       : Track Location for user internalUser679
2022-10-05 17:54:50.306  INFO 110320 --- [ool-10-thread-1] tourGuide.service.TourGuideService       : Track Location for user internalUser438
2022-10-05 17:54:50.306  INFO 110320 --- [ool-10-thread-1] tourGuide.service.TourGuideService       : Track Location for user internalUser721
2022-10-05 17:54:50.306  INFO 110320 --- [ool-10-thread-1] tourGuide.service.TourGuideService       : Track Location for user internalUser963
2022-10-05 17:54:50.306  INFO 110320 --- [ool-10-thread-1] tourGuide.service.TourGuideService       : Track Location for user internalUser722
2022-10-05 17:54:50.306  INFO 110320 --- [ool-10-thread-1] tourGuide.service.TourGuideService       : Track Location for user internalUser964
2022-10-05 17:54:50.306  INFO 110320 --- [ool-10-thread-1] tourGuide.service.TourGuideService       : Track Location for user internalUser961
2022-10-05 17:54:50.306  INFO 110320 --- [ool-10-thread-1] tourGuide.service.TourGuideService       : Track Location for user internalUser720
2022-10-05 17:54:50.306  INFO 110320 --- [ool-10-thread-1] tourGuide.service.TourGuideService       : Track Location for user internalUser962
2022-10-05 17:54:50.306  INFO 110320 --- [ool-10-thread-1] tourGuide.service.TourGuideService       : Track Location for user internalUser960
2022-10-05 17:54:50.306  INFO 110320 --- [ool-10-thread-1] tourGuide.service.TourGuideService       : Track Location for user internalUser729
2022-10-05 17:54:50.306  INFO 110320 --- [ool-10-thread-1] tourGuide.service.TourGuideService       : Track Location for user internalUser727
2022-10-05 17:54:50.306  INFO 110320 --- [ool-10-thread-1] tourGuide.service.TourGuideService       : Track Location for user internalUser969
2022-10-05 17:54:50.306  INFO 110320 --- [ool-10-thread-1] tourGuide.service.TourGuideService       : Track Location for user internalUser728
2022-10-05 17:54:50.306  INFO 110320 --- [ool-10-thread-1] tourGuide.service.TourGuideService       : Track Location for user internalUser725
2022-10-05 17:54:50.307  INFO 110320 --- [ool-10-thread-1] tourGuide.service.TourGuideService       : Track Location for user internalUser967
2022-10-05 17:54:50.307  INFO 110320 --- [ool-10-thread-1] tourGuide.service.TourGuideService       : Track Location for user internalUser726
2022-10-05 17:54:50.307  INFO 110320 --- [ool-10-thread-1] tourGuide.service.TourGuideService       : Track Location for user internalUser968
2022-10-05 17:54:50.307  INFO 110320 --- [ool-10-thread-1] tourGuide.service.TourGuideService       : Track Location for user internalUser723
2022-10-05 17:54:50.307  INFO 110320 --- [ool-10-thread-1] tourGuide.service.TourGuideService       : Track Location for user internalUser965
2022-10-05 17:54:50.307  INFO 110320 --- [ool-10-thread-1] tourGuide.service.TourGuideService       : Track Location for user internalUser724
2022-10-05 17:54:50.307  INFO 110320 --- [ool-10-thread-1] tourGuide.service.TourGuideService       : Track Location for user internalUser966
2022-10-05 17:54:50.307  INFO 110320 --- [ool-10-thread-1] tourGuide.service.TourGuideService       : Track Location for user internalUser732
2022-10-05 17:54:50.307  INFO 110320 --- [ool-10-thread-1] tourGuide.service.TourGuideService       : Track Location for user internalUser974
2022-10-05 17:54:50.307  INFO 110320 --- [ool-10-thread-1] tourGuide.service.TourGuideService       : Track Location for user internalUser733
2022-10-05 17:54:50.307  INFO 110320 --- [ool-10-thread-1] tourGuide.service.TourGuideService       : Track Location for user internalUser975
2022-10-05 17:54:50.307  INFO 110320 --- [ool-10-thread-1] tourGuide.service.TourGuideService       : Track Location for user internalUser730
2022-10-05 17:54:50.307  INFO 110320 --- [ool-10-thread-1] tourGuide.service.TourGuideService       : Track Location for user internalUser972
2022-10-05 17:54:50.308  INFO 110320 --- [ool-10-thread-1] tourGuide.service.TourGuideService       : Track Location for user internalUser731
2022-10-05 17:54:50.308  INFO 110320 --- [ool-10-thread-1] tourGuide.service.TourGuideService       : Track Location for user internalUser973
2022-10-05 17:54:50.308  INFO 110320 --- [ool-10-thread-1] tourGuide.service.TourGuideService       : Track Location for user internalUser970
2022-10-05 17:54:50.308  INFO 110320 --- [ool-10-thread-1] tourGuide.service.TourGuideService       : Track Location for user internalUser971
2022-10-05 17:54:50.308  INFO 110320 --- [ool-10-thread-1] tourGuide.service.TourGuideService       : Track Location for user internalUser738
2022-10-05 17:54:50.308  INFO 110320 --- [ool-10-thread-1] tourGuide.service.TourGuideService       : Track Location for user internalUser739
2022-10-05 17:54:50.308  INFO 110320 --- [ool-10-thread-1] tourGuide.service.TourGuideService       : Track Location for user internalUser736
2022-10-05 17:54:50.308  INFO 110320 --- [ool-10-thread-1] tourGuide.service.TourGuideService       : Track Location for user internalUser978
2022-10-05 17:54:50.308  INFO 110320 --- [ool-10-thread-1] tourGuide.service.TourGuideService       : Track Location for user internalUser737
2022-10-05 17:54:50.308  INFO 110320 --- [ool-10-thread-1] tourGuide.service.TourGuideService       : Track Location for user internalUser979
2022-10-05 17:54:50.308  INFO 110320 --- [ool-10-thread-1] tourGuide.service.TourGuideService       : Track Location for user internalUser734
2022-10-05 17:54:50.308  INFO 110320 --- [ool-10-thread-1] tourGuide.service.TourGuideService       : Track Location for user internalUser976
2022-10-05 17:54:50.308  INFO 110320 --- [ool-10-thread-1] tourGuide.service.TourGuideService       : Track Location for user internalUser735
2022-10-05 17:54:50.309  INFO 110320 --- [ool-10-thread-1] tourGuide.service.TourGuideService       : Track Location for user internalUser977
2022-10-05 17:54:50.309  INFO 110320 --- [ool-10-thread-1] tourGuide.service.TourGuideService       : Track Location for user internalUser501
2022-10-05 17:54:50.309  INFO 110320 --- [ool-10-thread-1] tourGuide.service.TourGuideService       : Track Location for user internalUser743
2022-10-05 17:54:50.309  INFO 110320 --- [ool-10-thread-1] tourGuide.service.TourGuideService       : Track Location for user internalUser985
2022-10-05 17:54:50.309  INFO 110320 --- [ool-10-thread-1] tourGuide.service.TourGuideService       : Track Location for user internalUser502
2022-10-05 17:54:50.309  INFO 110320 --- [ool-10-thread-1] tourGuide.service.TourGuideService       : Track Location for user internalUser744
2022-10-05 17:54:50.309  INFO 110320 --- [ool-10-thread-1] tourGuide.service.TourGuideService       : Track Location for user internalUser986
2022-10-05 17:54:50.309  INFO 110320 --- [ool-10-thread-1] tourGuide.service.TourGuideService       : Track Location for user internalUser741
2022-10-05 17:54:50.309  INFO 110320 --- [ool-10-thread-1] tourGuide.service.TourGuideService       : Track Location for user internalUser983
2022-10-05 17:54:50.309  INFO 110320 --- [ool-10-thread-1] tourGuide.service.TourGuideService       : Track Location for user internalUser500
2022-10-05 17:54:50.309  INFO 110320 --- [ool-10-thread-1] tourGuide.service.TourGuideService       : Track Location for user internalUser742
2022-10-05 17:54:50.310  INFO 110320 --- [ool-10-thread-1] tourGuide.service.TourGuideService       : Track Location for user internalUser984
2022-10-05 17:54:50.310  INFO 110320 --- [ool-10-thread-1] tourGuide.service.TourGuideService       : Track Location for user internalUser981
2022-10-05 17:54:50.310  INFO 110320 --- [ool-10-thread-1] tourGuide.service.TourGuideService       : Track Location for user internalUser740
2022-10-05 17:54:50.310  INFO 110320 --- [ool-10-thread-1] tourGuide.service.TourGuideService       : Track Location for user internalUser982
2022-10-05 17:54:50.310  INFO 110320 --- [ool-10-thread-1] tourGuide.service.TourGuideService       : Track Location for user internalUser980
2022-10-05 17:54:50.310  INFO 110320 --- [ool-10-thread-1] tourGuide.service.TourGuideService       : Track Location for user internalUser509
2022-10-05 17:54:50.310  INFO 110320 --- [ool-10-thread-1] tourGuide.service.TourGuideService       : Track Location for user internalUser507
2022-10-05 17:54:50.310  INFO 110320 --- [ool-10-thread-1] tourGuide.service.TourGuideService       : Track Location for user internalUser749
2022-10-05 17:54:50.310  INFO 110320 --- [ool-10-thread-1] tourGuide.service.TourGuideService       : Track Location for user internalUser508
2022-10-05 17:54:50.310  INFO 110320 --- [ool-10-thread-1] tourGuide.service.TourGuideService       : Track Location for user internalUser505
2022-10-05 17:54:50.311  INFO 110320 --- [ool-10-thread-1] tourGuide.service.TourGuideService       : Track Location for user internalUser747
2022-10-05 17:54:50.311  INFO 110320 --- [ool-10-thread-1] tourGuide.service.TourGuideService       : Track Location for user internalUser989
2022-10-05 17:54:50.311  INFO 110320 --- [ool-10-thread-1] tourGuide.service.TourGuideService       : Track Location for user internalUser506
2022-10-05 17:54:50.311  INFO 110320 --- [ool-10-thread-1] tourGuide.service.TourGuideService       : Track Location for user internalUser748
2022-10-05 17:54:50.311  INFO 110320 --- [ool-10-thread-1] tourGuide.service.TourGuideService       : Track Location for user internalUser503
2022-10-05 17:54:50.311  INFO 110320 --- [ool-10-thread-1] tourGuide.service.TourGuideService       : Track Location for user internalUser745
2022-10-05 17:54:50.311  INFO 110320 --- [ool-10-thread-1] tourGuide.service.TourGuideService       : Track Location for user internalUser987
2022-10-05 17:54:50.311  INFO 110320 --- [ool-10-thread-1] tourGuide.service.TourGuideService       : Track Location for user internalUser504
2022-10-05 17:54:50.311  INFO 110320 --- [ool-10-thread-1] tourGuide.service.TourGuideService       : Track Location for user internalUser746
2022-10-05 17:54:50.311  INFO 110320 --- [ool-10-thread-1] tourGuide.service.TourGuideService       : Track Location for user internalUser988
2022-10-05 17:54:50.311  INFO 110320 --- [ool-10-thread-1] tourGuide.service.TourGuideService       : Track Location for user internalUser512
2022-10-05 17:54:50.312  INFO 110320 --- [ool-10-thread-1] tourGuide.service.TourGuideService       : Track Location for user internalUser754
2022-10-05 17:54:50.312  INFO 110320 --- [ool-10-thread-1] tourGuide.service.TourGuideService       : Track Location for user internalUser996
2022-10-05 17:54:50.312  INFO 110320 --- [ool-10-thread-1] tourGuide.service.TourGuideService       : Track Location for user internalUser513
2022-10-05 17:54:50.312  INFO 110320 --- [ool-10-thread-1] tourGuide.service.TourGuideService       : Track Location for user internalUser755
2022-10-05 17:54:50.312  INFO 110320 --- [ool-10-thread-1] tourGuide.service.TourGuideService       : Track Location for user internalUser997
2022-10-05 17:54:50.312  INFO 110320 --- [ool-10-thread-1] tourGuide.service.TourGuideService       : Track Location for user internalUser510
2022-10-05 17:54:50.312  INFO 110320 --- [ool-10-thread-1] tourGuide.service.TourGuideService       : Track Location for user internalUser752
2022-10-05 17:54:50.312  INFO 110320 --- [ool-10-thread-1] tourGuide.service.TourGuideService       : Track Location for user internalUser994
2022-10-05 17:54:50.312  INFO 110320 --- [ool-10-thread-1] tourGuide.service.TourGuideService       : Track Location for user internalUser511
2022-10-05 17:54:50.312  INFO 110320 --- [ool-10-thread-1] tourGuide.service.TourGuideService       : Track Location for user internalUser753
2022-10-05 17:54:50.312  INFO 110320 --- [ool-10-thread-1] tourGuide.service.TourGuideService       : Track Location for user internalUser995
2022-10-05 17:54:50.312  INFO 110320 --- [ool-10-thread-1] tourGuide.service.TourGuideService       : Track Location for user internalUser750
2022-10-05 17:54:50.313  INFO 110320 --- [ool-10-thread-1] tourGuide.service.TourGuideService       : Track Location for user internalUser992
2022-10-05 17:54:50.313  INFO 110320 --- [ool-10-thread-1] tourGuide.service.TourGuideService       : Track Location for user internalUser751
2022-10-05 17:54:50.313  INFO 110320 --- [ool-10-thread-1] tourGuide.service.TourGuideService       : Track Location for user internalUser993
2022-10-05 17:54:50.313  INFO 110320 --- [ool-10-thread-1] tourGuide.service.TourGuideService       : Track Location for user internalUser990
2022-10-05 17:54:50.313  INFO 110320 --- [ool-10-thread-1] tourGuide.service.TourGuideService       : Track Location for user internalUser991
2022-10-05 17:54:50.313  INFO 110320 --- [ool-10-thread-1] tourGuide.service.TourGuideService       : Track Location for user internalUser518
2022-10-05 17:54:50.313  INFO 110320 --- [ool-10-thread-1] tourGuide.service.TourGuideService       : Track Location for user internalUser519
2022-10-05 17:54:50.313  INFO 110320 --- [ool-10-thread-1] tourGuide.service.TourGuideService       : Track Location for user internalUser516
2022-10-05 17:54:50.314  INFO 110320 --- [ool-10-thread-1] tourGuide.service.TourGuideService       : Track Location for user internalUser758
2022-10-05 17:54:50.314  INFO 110320 --- [ool-10-thread-1] tourGuide.service.TourGuideService       : Track Location for user internalUser517
2022-10-05 17:54:50.314  INFO 110320 --- [ool-10-thread-1] tourGuide.service.TourGuideService       : Track Location for user internalUser759
2022-10-05 17:54:50.314  INFO 110320 --- [ool-10-thread-1] tourGuide.service.TourGuideService       : Track Location for user internalUser514
2022-10-05 17:54:50.314  INFO 110320 --- [ool-10-thread-1] tourGuide.service.TourGuideService       : Track Location for user internalUser756
2022-10-05 17:54:50.314  INFO 110320 --- [ool-10-thread-1] tourGuide.service.TourGuideService       : Track Location for user internalUser998
2022-10-05 17:54:50.314  INFO 110320 --- [ool-10-thread-1] tourGuide.service.TourGuideService       : Track Location for user internalUser515
2022-10-05 17:54:50.314  INFO 110320 --- [ool-10-thread-1] tourGuide.service.TourGuideService       : Track Location for user internalUser757
2022-10-05 17:54:50.315  INFO 110320 --- [ool-10-thread-1] tourGuide.service.TourGuideService       : Track Location for user internalUser999
2022-10-05 17:54:50.315  INFO 110320 --- [ool-10-thread-1] tourGuide.service.TourGuideService       : Track Location for user internalUser920
2022-10-05 17:54:50.315  INFO 110320 --- [ool-10-thread-1] tourGuide.service.TourGuideService       : Track Location for user internalUser927
2022-10-05 17:54:50.315  INFO 110320 --- [ool-10-thread-1] tourGuide.service.TourGuideService       : Track Location for user internalUser928
2022-10-05 17:54:50.315  INFO 110320 --- [ool-10-thread-1] tourGuide.service.TourGuideService       : Track Location for user internalUser925
2022-10-05 17:54:50.315  INFO 110320 --- [ool-10-thread-1] tourGuide.service.TourGuideService       : Track Location for user internalUser926
2022-10-05 17:54:50.315  INFO 110320 --- [ool-10-thread-1] tourGuide.service.TourGuideService       : Track Location for user internalUser923
2022-10-05 17:54:50.315  INFO 110320 --- [ool-10-thread-1] tourGuide.service.TourGuideService       : Track Location for user internalUser924
2022-10-05 17:54:50.315  INFO 110320 --- [ool-10-thread-1] tourGuide.service.TourGuideService       : Track Location for user internalUser921
2022-10-05 17:54:50.316  INFO 110320 --- [ool-10-thread-1] tourGuide.service.TourGuideService       : Track Location for user internalUser922
2022-10-05 17:54:50.316  INFO 110320 --- [ool-10-thread-1] tourGuide.service.TourGuideService       : Track Location for user internalUser929
2022-10-05 17:54:50.316  INFO 110320 --- [ool-10-thread-1] tourGuide.service.TourGuideService       : Track Location for user internalUser930
2022-10-05 17:54:50.316  INFO 110320 --- [ool-10-thread-1] tourGuide.service.TourGuideService       : Track Location for user internalUser931
2022-10-05 17:54:50.316  INFO 110320 --- [ool-10-thread-1] tourGuide.service.TourGuideService       : Track Location for user internalUser938
2022-10-05 17:54:50.316  INFO 110320 --- [ool-10-thread-1] tourGuide.service.TourGuideService       : Track Location for user internalUser939
2022-10-05 17:54:50.316  INFO 110320 --- [ool-10-thread-1] tourGuide.service.TourGuideService       : Track Location for user internalUser936
2022-10-05 17:54:50.316  INFO 110320 --- [ool-10-thread-1] tourGuide.service.TourGuideService       : Track Location for user internalUser937
2022-10-05 17:54:50.316  INFO 110320 --- [ool-10-thread-1] tourGuide.service.TourGuideService       : Track Location for user internalUser934
2022-10-05 17:54:50.316  INFO 110320 --- [ool-10-thread-1] tourGuide.service.TourGuideService       : Track Location for user internalUser935
2022-10-05 17:54:50.316  INFO 110320 --- [ool-10-thread-1] tourGuide.service.TourGuideService       : Track Location for user internalUser932
2022-10-05 17:54:50.317  INFO 110320 --- [ool-10-thread-1] tourGuide.service.TourGuideService       : Track Location for user internalUser933
2022-10-05 17:54:50.317  INFO 110320 --- [ool-10-thread-1] tourGuide.service.TourGuideService       : Track Location for user internalUser941
2022-10-05 17:54:50.317  INFO 110320 --- [ool-10-thread-1] tourGuide.service.TourGuideService       : Track Location for user internalUser700
2022-10-05 17:54:50.317  INFO 110320 --- [ool-10-thread-1] tourGuide.service.TourGuideService       : Track Location for user internalUser942
2022-10-05 17:54:50.317  INFO 110320 --- [ool-10-thread-1] tourGuide.service.TourGuideService       : Track Location for user internalUser940
2022-10-05 17:54:50.317  INFO 110320 --- [ool-10-thread-1] tourGuide.service.TourGuideService       : Track Location for user internalUser707
2022-10-05 17:54:50.317  INFO 110320 --- [ool-10-thread-1] tourGuide.service.TourGuideService       : Track Location for user internalUser949
2022-10-05 17:54:50.317  INFO 110320 --- [ool-10-thread-1] tourGuide.service.TourGuideService       : Track Location for user internalUser708
2022-10-05 17:54:50.317  INFO 110320 --- [ool-10-thread-1] tourGuide.service.TourGuideService       : Track Location for user internalUser705
2022-10-05 17:54:50.317  INFO 110320 --- [ool-10-thread-1] tourGuide.service.TourGuideService       : Track Location for user internalUser947
2022-10-05 17:54:50.318  INFO 110320 --- [ool-10-thread-1] tourGuide.service.TourGuideService       : Track Location for user internalUser706
2022-10-05 17:54:50.318  INFO 110320 --- [ool-10-thread-1] tourGuide.service.TourGuideService       : Track Location for user internalUser948
2022-10-05 17:54:50.318  INFO 110320 --- [ool-10-thread-1] tourGuide.service.TourGuideService       : Track Location for user internalUser703
2022-10-05 17:54:50.318  INFO 110320 --- [ool-10-thread-1] tourGuide.service.TourGuideService       : Track Location for user internalUser945
2022-10-05 17:54:50.318  INFO 110320 --- [ool-10-thread-1] tourGuide.service.TourGuideService       : Track Location for user internalUser704
2022-10-05 17:54:50.318  INFO 110320 --- [ool-10-thread-1] tourGuide.service.TourGuideService       : Track Location for user internalUser946
2022-10-05 17:54:50.318  INFO 110320 --- [ool-10-thread-1] tourGuide.service.TourGuideService       : Track Location for user internalUser701
2022-10-05 17:54:50.318  INFO 110320 --- [ool-10-thread-1] tourGuide.service.TourGuideService       : Track Location for user internalUser943
2022-10-05 17:54:50.318  INFO 110320 --- [ool-10-thread-1] tourGuide.service.TourGuideService       : Track Location for user internalUser702
2022-10-05 17:54:50.318  INFO 110320 --- [ool-10-thread-1] tourGuide.service.TourGuideService       : Track Location for user internalUser944
2022-10-05 17:54:50.318  INFO 110320 --- [ool-10-thread-1] tourGuide.service.TourGuideService       : Track Location for user internalUser709
2022-10-05 17:54:50.318  INFO 110320 --- [ool-10-thread-1] tourGuide.service.TourGuideService       : Track Location for user internalUser710
2022-10-05 17:54:50.318  INFO 110320 --- [ool-10-thread-1] tourGuide.service.TourGuideService       : Track Location for user internalUser952
2022-10-05 17:54:50.319  INFO 110320 --- [ool-10-thread-1] tourGuide.service.TourGuideService       : Track Location for user internalUser711
2022-10-05 17:54:50.319  INFO 110320 --- [ool-10-thread-1] tourGuide.service.TourGuideService       : Track Location for user internalUser953
2022-10-05 17:54:50.319  INFO 110320 --- [ool-10-thread-1] tourGuide.service.TourGuideService       : Track Location for user internalUser950
2022-10-05 17:54:50.319  INFO 110320 --- [ool-10-thread-1] tourGuide.service.TourGuideService       : Track Location for user internalUser951
2022-10-05 17:54:50.319  INFO 110320 --- [ool-10-thread-1] tourGuide.service.TourGuideService       : Track Location for user internalUser718
2022-10-05 17:54:50.319  INFO 110320 --- [ool-10-thread-1] tourGuide.service.TourGuideService       : Track Location for user internalUser719
2022-10-05 17:54:50.319  INFO 110320 --- [ool-10-thread-1] tourGuide.service.TourGuideService       : Track Location for user internalUser716
2022-10-05 17:54:50.319  INFO 110320 --- [ool-10-thread-1] tourGuide.service.TourGuideService       : Track Location for user internalUser958
2022-10-05 17:54:50.320  INFO 110320 --- [ool-10-thread-1] tourGuide.service.TourGuideService       : Track Location for user internalUser717
2022-10-05 17:54:50.320  INFO 110320 --- [ool-10-thread-1] tourGuide.service.TourGuideService       : Track Location for user internalUser959
2022-10-05 17:54:50.320  INFO 110320 --- [ool-10-thread-1] tourGuide.service.TourGuideService       : Track Location for user internalUser714
2022-10-05 17:54:50.320  INFO 110320 --- [ool-10-thread-1] tourGuide.service.TourGuideService       : Track Location for user internalUser956
2022-10-05 17:54:50.320  INFO 110320 --- [ool-10-thread-1] tourGuide.service.TourGuideService       : Track Location for user internalUser715
2022-10-05 17:54:50.320  INFO 110320 --- [ool-10-thread-1] tourGuide.service.TourGuideService       : Track Location for user internalUser957
2022-10-05 17:54:50.320  INFO 110320 --- [ool-10-thread-1] tourGuide.service.TourGuideService       : Track Location for user internalUser712
2022-10-05 17:54:50.320  INFO 110320 --- [ool-10-thread-1] tourGuide.service.TourGuideService       : Track Location for user internalUser954
2022-10-05 17:54:50.321  INFO 110320 --- [ool-10-thread-1] tourGuide.service.TourGuideService       : Track Location for user internalUser713
2022-10-05 17:54:50.321  INFO 110320 --- [ool-10-thread-1] tourGuide.service.TourGuideService       : Track Location for user internalUser955
2022-10-05 17:54:50.321  INFO 110320 --- [ool-10-thread-1] tourGuide.service.TourGuideService       : Track Location for user internalUser905
2022-10-05 17:54:50.321  INFO 110320 --- [ool-10-thread-1] tourGuide.service.TourGuideService       : Track Location for user internalUser906
2022-10-05 17:54:50.321  INFO 110320 --- [ool-10-thread-1] tourGuide.service.TourGuideService       : Track Location for user internalUser903
2022-10-05 17:54:50.321  INFO 110320 --- [ool-10-thread-1] tourGuide.service.TourGuideService       : Track Location for user internalUser904
2022-10-05 17:54:50.321  INFO 110320 --- [ool-10-thread-1] tourGuide.service.TourGuideService       : Track Location for user internalUser901
2022-10-05 17:54:50.321  INFO 110320 --- [ool-10-thread-1] tourGuide.service.TourGuideService       : Track Location for user internalUser902
2022-10-05 17:54:50.322  INFO 110320 --- [ool-10-thread-1] tourGuide.service.TourGuideService       : Track Location for user internalUser900
2022-10-05 17:54:50.322  INFO 110320 --- [ool-10-thread-1] tourGuide.service.TourGuideService       : Track Location for user internalUser909
2022-10-05 17:54:50.322  INFO 110320 --- [ool-10-thread-1] tourGuide.service.TourGuideService       : Track Location for user internalUser907
2022-10-05 17:54:50.322  INFO 110320 --- [ool-10-thread-1] tourGuide.service.TourGuideService       : Track Location for user internalUser908
2022-10-05 17:54:50.322  INFO 110320 --- [ool-10-thread-1] tourGuide.service.TourGuideService       : Track Location for user internalUser916
2022-10-05 17:54:50.322  INFO 110320 --- [ool-10-thread-1] tourGuide.service.TourGuideService       : Track Location for user internalUser917
2022-10-05 17:54:50.322  INFO 110320 --- [ool-10-thread-1] tourGuide.service.TourGuideService       : Track Location for user internalUser914
2022-10-05 17:54:50.322  INFO 110320 --- [ool-10-thread-1] tourGuide.service.TourGuideService       : Track Location for user internalUser915
2022-10-05 17:54:50.322  INFO 110320 --- [ool-10-thread-1] tourGuide.service.TourGuideService       : Track Location for user internalUser912
2022-10-05 17:54:50.322  INFO 110320 --- [ool-10-thread-1] tourGuide.service.TourGuideService       : Track Location for user internalUser913
2022-10-05 17:54:50.323  INFO 110320 --- [ool-10-thread-1] tourGuide.service.TourGuideService       : Track Location for user internalUser910
2022-10-05 17:54:50.323  INFO 110320 --- [ool-10-thread-1] tourGuide.service.TourGuideService       : Track Location for user internalUser911
2022-10-05 17:54:50.323  INFO 110320 --- [ool-10-thread-1] tourGuide.service.TourGuideService       : Track Location for user internalUser918
2022-10-05 17:54:50.323  INFO 110320 --- [ool-10-thread-1] tourGuide.service.TourGuideService       : Track Location for user internalUser919
2022-10-05 17:54:50.323 DEBUG 110320 --- [ool-10-thread-1] tourGuide.tracker.Tracker                : Tracker Time Elapsed: 0 seconds.
2022-10-05 17:54:50.323 DEBUG 110320 --- [ool-10-thread-1] tourGuide.tracker.Tracker                : Tracker sleeping
Calcul reward: 1209
highVolumeGetRewards: Time Elapsed: 4 seconds.
]]></system-out>
  <system-err><![CDATA[]]></system-err>
</testsuite>
