<?xml version="1.0" encoding="UTF-8"?>
<testsuite name="tourGuide.TestPerformance" tests="2" skipped="0" failures="0" errors="0" timestamp="2022-10-09T22:08:09" hostname="LAPTOP-07K44296" time="1.348">
  <properties/>
  <testcase name="highVolumeTrackLocation" classname="tourGuide.TestPerformance" time="0.125"/>
  <testcase name="highVolumeGetRewards" classname="tourGuide.TestPerformance" time="1.222"/>
  <system-out><![CDATA[2022-10-10 00:08:08.493  INFO 93500 --- [    Test worker] .b.t.c.SpringBootTestContextBootstrapper : Neither @ContextConfiguration nor @ContextHierarchy found for test class [tourGuide.TestPerformance], using SpringBootContextLoader
2022-10-10 00:08:08.494  INFO 93500 --- [    Test worker] o.s.t.c.support.AbstractContextLoader    : Could not detect default resource locations for test class [tourGuide.TestPerformance]: no resource found for suffixes {-context.xml, Context.groovy}.
2022-10-10 00:08:08.494  INFO 93500 --- [    Test worker] t.c.s.AnnotationConfigContextLoaderUtils : Could not detect default configuration classes for test class [tourGuide.TestPerformance]: TestPerformance does not declare any static, non-private, non-final, nested classes annotated with @Configuration.
2022-10-10 00:08:08.499  INFO 93500 --- [    Test worker] .b.t.c.SpringBootTestContextBootstrapper : Found @SpringBootConfiguration tourGuide.Application for test class tourGuide.TestPerformance
2022-10-10 00:08:08.500  INFO 93500 --- [    Test worker] .b.t.c.SpringBootTestContextBootstrapper : Loaded default TestExecutionListener class names from location [META-INF/spring.factories]: [org.springframework.boot.test.autoconfigure.restdocs.RestDocsTestExecutionListener, org.springframework.boot.test.autoconfigure.web.client.MockRestServiceServerResetTestExecutionListener, org.springframework.boot.test.autoconfigure.web.servlet.MockMvcPrintOnlyOnFailureTestExecutionListener, org.springframework.boot.test.autoconfigure.web.servlet.WebDriverTestExecutionListener, org.springframework.boot.test.mock.mockito.MockitoTestExecutionListener, org.springframework.boot.test.mock.mockito.ResetMocksTestExecutionListener, org.springframework.test.context.web.ServletTestExecutionListener, org.springframework.test.context.support.DirtiesContextBeforeModesTestExecutionListener, org.springframework.test.context.support.DependencyInjectionTestExecutionListener, org.springframework.test.context.support.DirtiesContextTestExecutionListener, org.springframework.test.context.transaction.TransactionalTestExecutionListener, org.springframework.test.context.jdbc.SqlScriptsTestExecutionListener]
2022-10-10 00:08:08.501  INFO 93500 --- [    Test worker] .b.t.c.SpringBootTestContextBootstrapper : Using TestExecutionListeners: [org.springframework.test.context.web.ServletTestExecutionListener@1652df0e, org.springframework.test.context.support.DirtiesContextBeforeModesTestExecutionListener@7c765299, org.springframework.boot.test.mock.mockito.MockitoTestExecutionListener@4703f745, org.springframework.boot.test.autoconfigure.SpringBootDependencyInjectionTestExecutionListener@75308a7a, org.springframework.test.context.support.DirtiesContextTestExecutionListener@759a817d, org.springframework.boot.test.autoconfigure.restdocs.RestDocsTestExecutionListener@3b36f7cd, org.springframework.boot.test.autoconfigure.web.client.MockRestServiceServerResetTestExecutionListener@63579631, org.springframework.boot.test.autoconfigure.web.servlet.MockMvcPrintOnlyOnFailureTestExecutionListener@12c5b37b, org.springframework.boot.test.autoconfigure.web.servlet.WebDriverTestExecutionListener@33f54937, org.springframework.boot.test.mock.mockito.ResetMocksTestExecutionListener@3ff1481b]

  .   ____          _            __ _ _
 /\\ / ___'_ __ _ _(_)_ __  __ _ \ \ \ \
( ( )\___ | '_ | '_| | '_ \/ _` | \ \ \ \
 \\/  ___)| |_)| | | | | || (_| |  ) ) ) )
  '  |____| .__|_| |_|_| |_\__, | / / / /
 =========|_|==============|___/=/_/_/_/
 :: Spring Boot ::        (v2.1.6.RELEASE)

2022-10-10 00:08:08.515  INFO 93500 --- [    Test worker] tourGuide.TestPerformance                : Starting TestPerformance on LAPTOP-07K44296 with PID 93500 (started by ooBri in C:\Users\ooBri\3D Objects\#Openclassroom\Projet\OC-JAVA-P8\TourGuide)
2022-10-10 00:08:08.515 DEBUG 93500 --- [    Test worker] tourGuide.TestPerformance                : Running with Spring Boot v2.1.6.RELEASE, Spring v5.1.8.RELEASE
2022-10-10 00:08:08.515  INFO 93500 --- [    Test worker] tourGuide.TestPerformance                : No active profile set, falling back to default profiles: default
2022-10-10 00:08:08.683  INFO 93500 --- [    Test worker] tourGuide.service.TourGuideService       : TestMode enabled
2022-10-10 00:08:08.683 DEBUG 93500 --- [    Test worker] tourGuide.service.TourGuideService       : Initializing users
2022-10-10 00:08:08.688 DEBUG 93500 --- [    Test worker] tourGuide.service.TourGuideService       : Created 100 internal test users.
2022-10-10 00:08:08.688 DEBUG 93500 --- [    Test worker] tourGuide.service.TourGuideService       : Finished initializing users
2022-10-10 00:08:08.689 DEBUG 93500 --- [pool-7-thread-1] tourGuide.tracker.Tracker                : Begin Tracker. Tracking 100 users.
2022-10-10 00:08:08.689  INFO 93500 --- [pool-7-thread-1] tourGuide.service.TourGuideService       : Track Location for user internalUser78
2022-10-10 00:08:08.689  INFO 93500 --- [pool-7-thread-1] tourGuide.service.TourGuideService       : Track Location for user internalUser77
2022-10-10 00:08:08.689  INFO 93500 --- [pool-7-thread-1] tourGuide.service.TourGuideService       : Track Location for user internalUser79
2022-10-10 00:08:08.689  INFO 93500 --- [pool-7-thread-1] tourGuide.service.TourGuideService       : Track Location for user internalUser74
2022-10-10 00:08:08.689  INFO 93500 --- [pool-7-thread-1] tourGuide.service.TourGuideService       : Track Location for user internalUser73
2022-10-10 00:08:08.689  INFO 93500 --- [pool-7-thread-1] tourGuide.service.TourGuideService       : Track Location for user internalUser76
2022-10-10 00:08:08.689  INFO 93500 --- [pool-7-thread-1] tourGuide.service.TourGuideService       : Track Location for user internalUser75
2022-10-10 00:08:08.690  INFO 93500 --- [pool-7-thread-1] tourGuide.service.TourGuideService       : Track Location for user internalUser70
2022-10-10 00:08:08.690  INFO 93500 --- [pool-7-thread-1] tourGuide.service.TourGuideService       : Track Location for user internalUser72
2022-10-10 00:08:08.690  INFO 93500 --- [pool-7-thread-1] tourGuide.service.TourGuideService       : Track Location for user internalUser71
2022-10-10 00:08:08.690  INFO 93500 --- [pool-7-thread-1] tourGuide.service.TourGuideService       : Track Location for user internalUser90
2022-10-10 00:08:08.690  INFO 93500 --- [pool-7-thread-1] tourGuide.service.TourGuideService       : Track Location for user internalUser89
2022-10-10 00:08:08.690  INFO 93500 --- [pool-7-thread-1] tourGuide.service.TourGuideService       : Track Location for user internalUser88
2022-10-10 00:08:08.690  INFO 93500 --- [pool-7-thread-1] tourGuide.service.TourGuideService       : Track Location for user internalUser85
2022-10-10 00:08:08.690  INFO 93500 --- [pool-7-thread-1] tourGuide.service.TourGuideService       : Track Location for user internalUser84
2022-10-10 00:08:08.691  INFO 93500 --- [pool-7-thread-1] tourGuide.service.TourGuideService       : Track Location for user internalUser87
2022-10-10 00:08:08.691  INFO 93500 --- [pool-7-thread-1] tourGuide.service.TourGuideService       : Track Location for user internalUser86
2022-10-10 00:08:08.691  INFO 93500 --- [pool-7-thread-1] tourGuide.service.TourGuideService       : Track Location for user internalUser81
2022-10-10 00:08:08.691  INFO 93500 --- [pool-7-thread-1] tourGuide.service.TourGuideService       : Track Location for user internalUser80
2022-10-10 00:08:08.691  INFO 93500 --- [pool-7-thread-1] tourGuide.service.TourGuideService       : Track Location for user internalUser83
2022-10-10 00:08:08.691  INFO 93500 --- [pool-7-thread-1] tourGuide.service.TourGuideService       : Track Location for user internalUser82
2022-10-10 00:08:08.691  INFO 93500 --- [pool-7-thread-1] tourGuide.service.TourGuideService       : Track Location for user internalUser9
2022-10-10 00:08:08.691  INFO 93500 --- [pool-7-thread-1] tourGuide.service.TourGuideService       : Track Location for user internalUser8
2022-10-10 00:08:08.691  INFO 93500 --- [pool-7-thread-1] tourGuide.service.TourGuideService       : Track Location for user internalUser19
2022-10-10 00:08:08.692  INFO 93500 --- [pool-7-thread-1] tourGuide.service.TourGuideService       : Track Location for user internalUser16
2022-10-10 00:08:08.692  INFO 93500 --- [pool-7-thread-1] tourGuide.service.TourGuideService       : Track Location for user internalUser15
2022-10-10 00:08:08.692  INFO 93500 --- [pool-7-thread-1] tourGuide.service.TourGuideService       : Track Location for user internalUser18
2022-10-10 00:08:08.692  INFO 93500 --- [pool-7-thread-1] tourGuide.service.TourGuideService       : Track Location for user internalUser17
2022-10-10 00:08:08.692  INFO 93500 --- [pool-7-thread-1] tourGuide.service.TourGuideService       : Track Location for user internalUser12
2022-10-10 00:08:08.692  INFO 93500 --- [pool-7-thread-1] tourGuide.service.TourGuideService       : Track Location for user internalUser11
2022-10-10 00:08:08.692  INFO 93500 --- [pool-7-thread-1] tourGuide.service.TourGuideService       : Track Location for user internalUser99
2022-10-10 00:08:08.692  INFO 93500 --- [pool-7-thread-1] tourGuide.service.TourGuideService       : Track Location for user internalUser14
2022-10-10 00:08:08.692  INFO 93500 --- [pool-7-thread-1] tourGuide.service.TourGuideService       : Track Location for user internalUser13
2022-10-10 00:08:08.693  INFO 93500 --- [pool-7-thread-1] tourGuide.service.TourGuideService       : Track Location for user internalUser3
2022-10-10 00:08:08.693  INFO 93500 --- [pool-7-thread-1] tourGuide.service.TourGuideService       : Track Location for user internalUser96
2022-10-10 00:08:08.693  INFO 93500 --- [pool-7-thread-1] tourGuide.service.TourGuideService       : Track Location for user internalUser2
2022-10-10 00:08:08.693  INFO 93500 --- [pool-7-thread-1] tourGuide.service.TourGuideService       : Track Location for user internalUser95
2022-10-10 00:08:08.693  INFO 93500 --- [pool-7-thread-1] tourGuide.service.TourGuideService       : Track Location for user internalUser1
2022-10-10 00:08:08.693  INFO 93500 --- [pool-7-thread-1] tourGuide.service.TourGuideService       : Track Location for user internalUser10
2022-10-10 00:08:08.694  INFO 93500 --- [pool-7-thread-1] tourGuide.service.TourGuideService       : Track Location for user internalUser98
2022-10-10 00:08:08.694  INFO 93500 --- [pool-7-thread-1] tourGuide.service.TourGuideService       : Track Location for user internalUser0
2022-10-10 00:08:08.694  INFO 93500 --- [pool-7-thread-1] tourGuide.service.TourGuideService       : Track Location for user internalUser97
2022-10-10 00:08:08.694  INFO 93500 --- [pool-7-thread-1] tourGuide.service.TourGuideService       : Track Location for user internalUser7
2022-10-10 00:08:08.694  INFO 93500 --- [pool-7-thread-1] tourGuide.service.TourGuideService       : Track Location for user internalUser92
2022-10-10 00:08:08.694  INFO 93500 --- [pool-7-thread-1] tourGuide.service.TourGuideService       : Track Location for user internalUser6
2022-10-10 00:08:08.694  INFO 93500 --- [pool-7-thread-1] tourGuide.service.TourGuideService       : Track Location for user internalUser91
2022-10-10 00:08:08.694  INFO 93500 --- [pool-7-thread-1] tourGuide.service.TourGuideService       : Track Location for user internalUser5
2022-10-10 00:08:08.694  INFO 93500 --- [pool-7-thread-1] tourGuide.service.TourGuideService       : Track Location for user internalUser94
2022-10-10 00:08:08.695  INFO 93500 --- [pool-7-thread-1] tourGuide.service.TourGuideService       : Track Location for user internalUser4
2022-10-10 00:08:08.695  INFO 93500 --- [pool-7-thread-1] tourGuide.service.TourGuideService       : Track Location for user internalUser93
2022-10-10 00:08:08.695  INFO 93500 --- [pool-7-thread-1] tourGuide.service.TourGuideService       : Track Location for user internalUser27
2022-10-10 00:08:08.695  INFO 93500 --- [pool-7-thread-1] tourGuide.service.TourGuideService       : Track Location for user internalUser26
2022-10-10 00:08:08.695  INFO 93500 --- [pool-7-thread-1] tourGuide.service.TourGuideService       : Track Location for user internalUser29
2022-10-10 00:08:08.695  INFO 93500 --- [pool-7-thread-1] tourGuide.service.TourGuideService       : Track Location for user internalUser28
2022-10-10 00:08:08.695  INFO 93500 --- [pool-7-thread-1] tourGuide.service.TourGuideService       : Track Location for user internalUser23
2022-10-10 00:08:08.696  INFO 93500 --- [pool-7-thread-1] tourGuide.service.TourGuideService       : Track Location for user internalUser22
2022-10-10 00:08:08.696  INFO 93500 --- [pool-7-thread-1] tourGuide.service.TourGuideService       : Track Location for user internalUser25
2022-10-10 00:08:08.696  INFO 93500 --- [pool-7-thread-1] tourGuide.service.TourGuideService       : Track Location for user internalUser24
2022-10-10 00:08:08.696  INFO 93500 --- [pool-7-thread-1] tourGuide.service.TourGuideService       : Track Location for user internalUser21
2022-10-10 00:08:08.696  INFO 93500 --- [pool-7-thread-1] tourGuide.service.TourGuideService       : Track Location for user internalUser20
2022-10-10 00:08:08.696  INFO 93500 --- [pool-7-thread-1] tourGuide.service.TourGuideService       : Track Location for user internalUser38
2022-10-10 00:08:08.697  INFO 93500 --- [pool-7-thread-1] tourGuide.service.TourGuideService       : Track Location for user internalUser37
2022-10-10 00:08:08.697  INFO 93500 --- [pool-7-thread-1] tourGuide.service.TourGuideService       : Track Location for user internalUser39
2022-10-10 00:08:08.697  INFO 93500 --- [pool-7-thread-1] tourGuide.service.TourGuideService       : Track Location for user internalUser34
2022-10-10 00:08:08.697  INFO 93500 --- [pool-7-thread-1] tourGuide.service.TourGuideService       : Track Location for user internalUser33
2022-10-10 00:08:08.697  INFO 93500 --- [pool-7-thread-1] tourGuide.service.TourGuideService       : Track Location for user internalUser36
2022-10-10 00:08:08.698  INFO 93500 --- [pool-7-thread-1] tourGuide.service.TourGuideService       : Track Location for user internalUser35
2022-10-10 00:08:08.698  INFO 93500 --- [pool-7-thread-1] tourGuide.service.TourGuideService       : Track Location for user internalUser30
2022-10-10 00:08:08.698  INFO 93500 --- [pool-7-thread-1] tourGuide.service.TourGuideService       : Track Location for user internalUser32
2022-10-10 00:08:08.698  INFO 93500 --- [pool-7-thread-1] tourGuide.service.TourGuideService       : Track Location for user internalUser31
2022-10-10 00:08:08.698  INFO 93500 --- [pool-7-thread-1] tourGuide.service.TourGuideService       : Track Location for user internalUser49
2022-10-10 00:08:08.698  INFO 93500 --- [pool-7-thread-1] tourGuide.service.TourGuideService       : Track Location for user internalUser48
2022-10-10 00:08:08.698  INFO 93500 --- [pool-7-thread-1] tourGuide.service.TourGuideService       : Track Location for user internalUser45
2022-10-10 00:08:08.698  INFO 93500 --- [pool-7-thread-1] tourGuide.service.TourGuideService       : Track Location for user internalUser44
2022-10-10 00:08:08.699  INFO 93500 --- [pool-7-thread-1] tourGuide.service.TourGuideService       : Track Location for user internalUser47
2022-10-10 00:08:08.699  INFO 93500 --- [pool-7-thread-1] tourGuide.service.TourGuideService       : Track Location for user internalUser46
2022-10-10 00:08:08.699  INFO 93500 --- [pool-7-thread-1] tourGuide.service.TourGuideService       : Track Location for user internalUser41
2022-10-10 00:08:08.699  INFO 93500 --- [pool-7-thread-1] tourGuide.service.TourGuideService       : Track Location for user internalUser40
2022-10-10 00:08:08.699  INFO 93500 --- [pool-7-thread-1] tourGuide.service.TourGuideService       : Track Location for user internalUser43
2022-10-10 00:08:08.699  INFO 93500 --- [pool-7-thread-1] tourGuide.service.TourGuideService       : Track Location for user internalUser42
2022-10-10 00:08:08.699  INFO 93500 --- [pool-7-thread-1] tourGuide.service.TourGuideService       : Track Location for user internalUser59
2022-10-10 00:08:08.699  INFO 93500 --- [pool-7-thread-1] tourGuide.service.TourGuideService       : Track Location for user internalUser56
2022-10-10 00:08:08.700  INFO 93500 --- [pool-7-thread-1] tourGuide.service.TourGuideService       : Track Location for user internalUser55
2022-10-10 00:08:08.700  INFO 93500 --- [pool-7-thread-1] tourGuide.service.TourGuideService       : Track Location for user internalUser58
2022-10-10 00:08:08.700  INFO 93500 --- [pool-7-thread-1] tourGuide.service.TourGuideService       : Track Location for user internalUser57
2022-10-10 00:08:08.700  INFO 93500 --- [pool-7-thread-1] tourGuide.service.TourGuideService       : Track Location for user internalUser52
2022-10-10 00:08:08.700  INFO 93500 --- [pool-7-thread-1] tourGuide.service.TourGuideService       : Track Location for user internalUser51
2022-10-10 00:08:08.700  INFO 93500 --- [pool-7-thread-1] tourGuide.service.TourGuideService       : Track Location for user internalUser54
2022-10-10 00:08:08.701  INFO 93500 --- [pool-7-thread-1] tourGuide.service.TourGuideService       : Track Location for user internalUser53
2022-10-10 00:08:08.701  INFO 93500 --- [pool-7-thread-1] tourGuide.service.TourGuideService       : Track Location for user internalUser50
2022-10-10 00:08:08.701  INFO 93500 --- [pool-7-thread-1] tourGuide.service.TourGuideService       : Track Location for user internalUser67
2022-10-10 00:08:08.702  INFO 93500 --- [pool-7-thread-1] tourGuide.service.TourGuideService       : Track Location for user internalUser66
2022-10-10 00:08:08.702  INFO 93500 --- [pool-7-thread-1] tourGuide.service.TourGuideService       : Track Location for user internalUser69
2022-10-10 00:08:08.702  INFO 93500 --- [pool-7-thread-1] tourGuide.service.TourGuideService       : Track Location for user internalUser68
2022-10-10 00:08:08.702  INFO 93500 --- [pool-7-thread-1] tourGuide.service.TourGuideService       : Track Location for user internalUser63
2022-10-10 00:08:08.702  INFO 93500 --- [pool-7-thread-1] tourGuide.service.TourGuideService       : Track Location for user internalUser62
2022-10-10 00:08:08.702  INFO 93500 --- [pool-7-thread-1] tourGuide.service.TourGuideService       : Track Location for user internalUser65
2022-10-10 00:08:08.703  INFO 93500 --- [pool-7-thread-1] tourGuide.service.TourGuideService       : Track Location for user internalUser64
2022-10-10 00:08:08.703  INFO 93500 --- [pool-7-thread-1] tourGuide.service.TourGuideService       : Track Location for user internalUser61
2022-10-10 00:08:08.703  INFO 93500 --- [pool-7-thread-1] tourGuide.service.TourGuideService       : Track Location for user internalUser60
2022-10-10 00:08:08.703 DEBUG 93500 --- [pool-7-thread-1] tourGuide.tracker.Tracker                : Tracker Time Elapsed: 0 seconds.
2022-10-10 00:08:08.703 DEBUG 93500 --- [pool-7-thread-1] tourGuide.tracker.Tracker                : Tracker sleeping
2022-10-10 00:08:08.869  INFO 93500 --- [    Test worker] o.s.s.concurrent.ThreadPoolTaskExecutor  : Initializing ExecutorService 'applicationTaskExecutor'
2022-10-10 00:08:09.116  INFO 93500 --- [    Test worker] o.s.b.a.e.web.EndpointLinksResolver      : Exposing 2 endpoint(s) beneath base path '/actuator'
2022-10-10 00:08:09.149  INFO 93500 --- [    Test worker] tourGuide.TestPerformance                : Started TestPerformance in 0.647 seconds (JVM running for 7.98)
2022-10-10 00:08:09.153  INFO 93500 --- [    Test worker] tourGuide.service.TourGuideService       : TestMode enabled
2022-10-10 00:08:09.153 DEBUG 93500 --- [    Test worker] tourGuide.service.TourGuideService       : Initializing users
2022-10-10 00:08:09.157 DEBUG 93500 --- [    Test worker] tourGuide.service.TourGuideService       : Created 100 internal test users.
2022-10-10 00:08:09.157 DEBUG 93500 --- [    Test worker] tourGuide.service.TourGuideService       : Finished initializing users
2022-10-10 00:08:09.157  INFO 93500 --- [    Test worker] tourGuide.service.TourGuideService       : Track Location for user internalUser78
2022-10-10 00:08:09.157 DEBUG 93500 --- [ool-11-thread-1] tourGuide.tracker.Tracker                : Begin Tracker. Tracking 100 users.
2022-10-10 00:08:09.157  INFO 93500 --- [    Test worker] tourGuide.service.TourGuideService       : Track Location for user internalUser77
2022-10-10 00:08:09.157  INFO 93500 --- [ool-11-thread-1] tourGuide.service.TourGuideService       : Track Location for user internalUser78
2022-10-10 00:08:09.158  INFO 93500 --- [    Test worker] tourGuide.service.TourGuideService       : Track Location for user internalUser79
2022-10-10 00:08:09.158  INFO 93500 --- [ool-11-thread-1] tourGuide.service.TourGuideService       : Track Location for user internalUser77
2022-10-10 00:08:09.158  INFO 93500 --- [    Test worker] tourGuide.service.TourGuideService       : Track Location for user internalUser74
2022-10-10 00:08:09.158  INFO 93500 --- [ool-11-thread-1] tourGuide.service.TourGuideService       : Track Location for user internalUser79
2022-10-10 00:08:09.158  INFO 93500 --- [    Test worker] tourGuide.service.TourGuideService       : Track Location for user internalUser73
2022-10-10 00:08:09.158  INFO 93500 --- [ool-11-thread-1] tourGuide.service.TourGuideService       : Track Location for user internalUser74
2022-10-10 00:08:09.158  INFO 93500 --- [    Test worker] tourGuide.service.TourGuideService       : Track Location for user internalUser76
2022-10-10 00:08:09.158  INFO 93500 --- [ool-11-thread-1] tourGuide.service.TourGuideService       : Track Location for user internalUser73
2022-10-10 00:08:09.158  INFO 93500 --- [    Test worker] tourGuide.service.TourGuideService       : Track Location for user internalUser75
2022-10-10 00:08:09.158  INFO 93500 --- [ool-11-thread-1] tourGuide.service.TourGuideService       : Track Location for user internalUser76
2022-10-10 00:08:09.158  INFO 93500 --- [    Test worker] tourGuide.service.TourGuideService       : Track Location for user internalUser70
2022-10-10 00:08:09.158  INFO 93500 --- [ool-11-thread-1] tourGuide.service.TourGuideService       : Track Location for user internalUser75
2022-10-10 00:08:09.159  INFO 93500 --- [    Test worker] tourGuide.service.TourGuideService       : Track Location for user internalUser72
2022-10-10 00:08:09.159  INFO 93500 --- [ool-11-thread-1] tourGuide.service.TourGuideService       : Track Location for user internalUser70
2022-10-10 00:08:09.159  INFO 93500 --- [    Test worker] tourGuide.service.TourGuideService       : Track Location for user internalUser71
2022-10-10 00:08:09.159  INFO 93500 --- [ool-11-thread-1] tourGuide.service.TourGuideService       : Track Location for user internalUser72
2022-10-10 00:08:09.159  INFO 93500 --- [    Test worker] tourGuide.service.TourGuideService       : Track Location for user internalUser90
2022-10-10 00:08:09.159  INFO 93500 --- [ool-11-thread-1] tourGuide.service.TourGuideService       : Track Location for user internalUser71
2022-10-10 00:08:09.159  INFO 93500 --- [    Test worker] tourGuide.service.TourGuideService       : Track Location for user internalUser89
2022-10-10 00:08:09.159  INFO 93500 --- [ool-11-thread-1] tourGuide.service.TourGuideService       : Track Location for user internalUser90
2022-10-10 00:08:09.159  INFO 93500 --- [    Test worker] tourGuide.service.TourGuideService       : Track Location for user internalUser88
2022-10-10 00:08:09.159  INFO 93500 --- [ool-11-thread-1] tourGuide.service.TourGuideService       : Track Location for user internalUser89
2022-10-10 00:08:09.159  INFO 93500 --- [    Test worker] tourGuide.service.TourGuideService       : Track Location for user internalUser85
2022-10-10 00:08:09.159  INFO 93500 --- [ool-11-thread-1] tourGuide.service.TourGuideService       : Track Location for user internalUser88
2022-10-10 00:08:09.159  INFO 93500 --- [    Test worker] tourGuide.service.TourGuideService       : Track Location for user internalUser84
2022-10-10 00:08:09.160  INFO 93500 --- [ool-11-thread-1] tourGuide.service.TourGuideService       : Track Location for user internalUser85
2022-10-10 00:08:09.160  INFO 93500 --- [    Test worker] tourGuide.service.TourGuideService       : Track Location for user internalUser87
2022-10-10 00:08:09.160  INFO 93500 --- [ool-11-thread-1] tourGuide.service.TourGuideService       : Track Location for user internalUser84
2022-10-10 00:08:09.160  INFO 93500 --- [    Test worker] tourGuide.service.TourGuideService       : Track Location for user internalUser86
2022-10-10 00:08:09.160  INFO 93500 --- [ool-11-thread-1] tourGuide.service.TourGuideService       : Track Location for user internalUser87
2022-10-10 00:08:09.160  INFO 93500 --- [    Test worker] tourGuide.service.TourGuideService       : Track Location for user internalUser81
2022-10-10 00:08:09.160  INFO 93500 --- [ool-11-thread-1] tourGuide.service.TourGuideService       : Track Location for user internalUser86
2022-10-10 00:08:09.160  INFO 93500 --- [    Test worker] tourGuide.service.TourGuideService       : Track Location for user internalUser80
2022-10-10 00:08:09.160  INFO 93500 --- [ool-11-thread-1] tourGuide.service.TourGuideService       : Track Location for user internalUser81
2022-10-10 00:08:09.160  INFO 93500 --- [    Test worker] tourGuide.service.TourGuideService       : Track Location for user internalUser83
2022-10-10 00:08:09.160  INFO 93500 --- [ool-11-thread-1] tourGuide.service.TourGuideService       : Track Location for user internalUser80
2022-10-10 00:08:09.160  INFO 93500 --- [    Test worker] tourGuide.service.TourGuideService       : Track Location for user internalUser82
2022-10-10 00:08:09.160  INFO 93500 --- [ool-11-thread-1] tourGuide.service.TourGuideService       : Track Location for user internalUser83
2022-10-10 00:08:09.160  INFO 93500 --- [    Test worker] tourGuide.service.TourGuideService       : Track Location for user internalUser9
2022-10-10 00:08:09.160  INFO 93500 --- [ool-11-thread-1] tourGuide.service.TourGuideService       : Track Location for user internalUser82
2022-10-10 00:08:09.161  INFO 93500 --- [    Test worker] tourGuide.service.TourGuideService       : Track Location for user internalUser8
2022-10-10 00:08:09.161  INFO 93500 --- [ool-11-thread-1] tourGuide.service.TourGuideService       : Track Location for user internalUser9
2022-10-10 00:08:09.161  INFO 93500 --- [    Test worker] tourGuide.service.TourGuideService       : Track Location for user internalUser19
2022-10-10 00:08:09.161  INFO 93500 --- [ool-11-thread-1] tourGuide.service.TourGuideService       : Track Location for user internalUser8
2022-10-10 00:08:09.161  INFO 93500 --- [    Test worker] tourGuide.service.TourGuideService       : Track Location for user internalUser16
2022-10-10 00:08:09.161  INFO 93500 --- [ool-11-thread-1] tourGuide.service.TourGuideService       : Track Location for user internalUser19
2022-10-10 00:08:09.161  INFO 93500 --- [    Test worker] tourGuide.service.TourGuideService       : Track Location for user internalUser15
2022-10-10 00:08:09.161  INFO 93500 --- [ool-11-thread-1] tourGuide.service.TourGuideService       : Track Location for user internalUser16
2022-10-10 00:08:09.161  INFO 93500 --- [    Test worker] tourGuide.service.TourGuideService       : Track Location for user internalUser18
2022-10-10 00:08:09.161  INFO 93500 --- [ool-11-thread-1] tourGuide.service.TourGuideService       : Track Location for user internalUser15
2022-10-10 00:08:09.161  INFO 93500 --- [    Test worker] tourGuide.service.TourGuideService       : Track Location for user internalUser17
2022-10-10 00:08:09.161  INFO 93500 --- [ool-11-thread-1] tourGuide.service.TourGuideService       : Track Location for user internalUser18
2022-10-10 00:08:09.162  INFO 93500 --- [    Test worker] tourGuide.service.TourGuideService       : Track Location for user internalUser12
2022-10-10 00:08:09.162  INFO 93500 --- [ool-11-thread-1] tourGuide.service.TourGuideService       : Track Location for user internalUser17
2022-10-10 00:08:09.162  INFO 93500 --- [    Test worker] tourGuide.service.TourGuideService       : Track Location for user internalUser11
2022-10-10 00:08:09.162  INFO 93500 --- [ool-11-thread-1] tourGuide.service.TourGuideService       : Track Location for user internalUser12
2022-10-10 00:08:09.162  INFO 93500 --- [    Test worker] tourGuide.service.TourGuideService       : Track Location for user internalUser99
2022-10-10 00:08:09.162  INFO 93500 --- [ool-11-thread-1] tourGuide.service.TourGuideService       : Track Location for user internalUser11
2022-10-10 00:08:09.162  INFO 93500 --- [    Test worker] tourGuide.service.TourGuideService       : Track Location for user internalUser14
2022-10-10 00:08:09.162  INFO 93500 --- [ool-11-thread-1] tourGuide.service.TourGuideService       : Track Location for user internalUser99
2022-10-10 00:08:09.162  INFO 93500 --- [    Test worker] tourGuide.service.TourGuideService       : Track Location for user internalUser13
2022-10-10 00:08:09.162  INFO 93500 --- [ool-11-thread-1] tourGuide.service.TourGuideService       : Track Location for user internalUser14
2022-10-10 00:08:09.162  INFO 93500 --- [    Test worker] tourGuide.service.TourGuideService       : Track Location for user internalUser3
2022-10-10 00:08:09.162  INFO 93500 --- [ool-11-thread-1] tourGuide.service.TourGuideService       : Track Location for user internalUser13
2022-10-10 00:08:09.162  INFO 93500 --- [    Test worker] tourGuide.service.TourGuideService       : Track Location for user internalUser96
2022-10-10 00:08:09.162  INFO 93500 --- [ool-11-thread-1] tourGuide.service.TourGuideService       : Track Location for user internalUser3
2022-10-10 00:08:09.163  INFO 93500 --- [    Test worker] tourGuide.service.TourGuideService       : Track Location for user internalUser2
2022-10-10 00:08:09.163  INFO 93500 --- [ool-11-thread-1] tourGuide.service.TourGuideService       : Track Location for user internalUser96
2022-10-10 00:08:09.163  INFO 93500 --- [    Test worker] tourGuide.service.TourGuideService       : Track Location for user internalUser95
2022-10-10 00:08:09.163  INFO 93500 --- [ool-11-thread-1] tourGuide.service.TourGuideService       : Track Location for user internalUser2
2022-10-10 00:08:09.163  INFO 93500 --- [    Test worker] tourGuide.service.TourGuideService       : Track Location for user internalUser1
2022-10-10 00:08:09.163  INFO 93500 --- [ool-11-thread-1] tourGuide.service.TourGuideService       : Track Location for user internalUser95
2022-10-10 00:08:09.163  INFO 93500 --- [    Test worker] tourGuide.service.TourGuideService       : Track Location for user internalUser10
2022-10-10 00:08:09.163  INFO 93500 --- [ool-11-thread-1] tourGuide.service.TourGuideService       : Track Location for user internalUser1
2022-10-10 00:08:09.163  INFO 93500 --- [    Test worker] tourGuide.service.TourGuideService       : Track Location for user internalUser98
2022-10-10 00:08:09.163  INFO 93500 --- [ool-11-thread-1] tourGuide.service.TourGuideService       : Track Location for user internalUser10
2022-10-10 00:08:09.164  INFO 93500 --- [    Test worker] tourGuide.service.TourGuideService       : Track Location for user internalUser0
2022-10-10 00:08:09.164  INFO 93500 --- [ool-11-thread-1] tourGuide.service.TourGuideService       : Track Location for user internalUser98
2022-10-10 00:08:09.164  INFO 93500 --- [    Test worker] tourGuide.service.TourGuideService       : Track Location for user internalUser97
2022-10-10 00:08:09.164  INFO 93500 --- [ool-11-thread-1] tourGuide.service.TourGuideService       : Track Location for user internalUser0
2022-10-10 00:08:09.164  INFO 93500 --- [    Test worker] tourGuide.service.TourGuideService       : Track Location for user internalUser7
2022-10-10 00:08:09.164  INFO 93500 --- [ool-11-thread-1] tourGuide.service.TourGuideService       : Track Location for user internalUser97
2022-10-10 00:08:09.164  INFO 93500 --- [    Test worker] tourGuide.service.TourGuideService       : Track Location for user internalUser92
2022-10-10 00:08:09.164  INFO 93500 --- [ool-11-thread-1] tourGuide.service.TourGuideService       : Track Location for user internalUser7
2022-10-10 00:08:09.164  INFO 93500 --- [    Test worker] tourGuide.service.TourGuideService       : Track Location for user internalUser6
2022-10-10 00:08:09.164  INFO 93500 --- [ool-11-thread-1] tourGuide.service.TourGuideService       : Track Location for user internalUser92
2022-10-10 00:08:09.164  INFO 93500 --- [    Test worker] tourGuide.service.TourGuideService       : Track Location for user internalUser91
2022-10-10 00:08:09.164  INFO 93500 --- [ool-11-thread-1] tourGuide.service.TourGuideService       : Track Location for user internalUser6
2022-10-10 00:08:09.165  INFO 93500 --- [    Test worker] tourGuide.service.TourGuideService       : Track Location for user internalUser5
2022-10-10 00:08:09.165  INFO 93500 --- [ool-11-thread-1] tourGuide.service.TourGuideService       : Track Location for user internalUser91
2022-10-10 00:08:09.165  INFO 93500 --- [    Test worker] tourGuide.service.TourGuideService       : Track Location for user internalUser94
2022-10-10 00:08:09.165  INFO 93500 --- [ool-11-thread-1] tourGuide.service.TourGuideService       : Track Location for user internalUser5
2022-10-10 00:08:09.165  INFO 93500 --- [    Test worker] tourGuide.service.TourGuideService       : Track Location for user internalUser4
2022-10-10 00:08:09.165  INFO 93500 --- [ool-11-thread-1] tourGuide.service.TourGuideService       : Track Location for user internalUser94
2022-10-10 00:08:09.165  INFO 93500 --- [    Test worker] tourGuide.service.TourGuideService       : Track Location for user internalUser93
2022-10-10 00:08:09.165  INFO 93500 --- [ool-11-thread-1] tourGuide.service.TourGuideService       : Track Location for user internalUser4
2022-10-10 00:08:09.165  INFO 93500 --- [    Test worker] tourGuide.service.TourGuideService       : Track Location for user internalUser27
2022-10-10 00:08:09.165  INFO 93500 --- [ool-11-thread-1] tourGuide.service.TourGuideService       : Track Location for user internalUser93
2022-10-10 00:08:09.165  INFO 93500 --- [    Test worker] tourGuide.service.TourGuideService       : Track Location for user internalUser26
2022-10-10 00:08:09.165  INFO 93500 --- [ool-11-thread-1] tourGuide.service.TourGuideService       : Track Location for user internalUser27
2022-10-10 00:08:09.166  INFO 93500 --- [    Test worker] tourGuide.service.TourGuideService       : Track Location for user internalUser29
2022-10-10 00:08:09.166  INFO 93500 --- [ool-11-thread-1] tourGuide.service.TourGuideService       : Track Location for user internalUser26
2022-10-10 00:08:09.166  INFO 93500 --- [    Test worker] tourGuide.service.TourGuideService       : Track Location for user internalUser28
2022-10-10 00:08:09.166  INFO 93500 --- [ool-11-thread-1] tourGuide.service.TourGuideService       : Track Location for user internalUser29
2022-10-10 00:08:09.166  INFO 93500 --- [    Test worker] tourGuide.service.TourGuideService       : Track Location for user internalUser23
2022-10-10 00:08:09.166  INFO 93500 --- [ool-11-thread-1] tourGuide.service.TourGuideService       : Track Location for user internalUser28
2022-10-10 00:08:09.166  INFO 93500 --- [    Test worker] tourGuide.service.TourGuideService       : Track Location for user internalUser22
2022-10-10 00:08:09.166  INFO 93500 --- [ool-11-thread-1] tourGuide.service.TourGuideService       : Track Location for user internalUser23
2022-10-10 00:08:09.166  INFO 93500 --- [    Test worker] tourGuide.service.TourGuideService       : Track Location for user internalUser25
2022-10-10 00:08:09.166  INFO 93500 --- [ool-11-thread-1] tourGuide.service.TourGuideService       : Track Location for user internalUser22
2022-10-10 00:08:09.166  INFO 93500 --- [    Test worker] tourGuide.service.TourGuideService       : Track Location for user internalUser24
2022-10-10 00:08:09.166  INFO 93500 --- [ool-11-thread-1] tourGuide.service.TourGuideService       : Track Location for user internalUser25
2022-10-10 00:08:09.166  INFO 93500 --- [    Test worker] tourGuide.service.TourGuideService       : Track Location for user internalUser21
2022-10-10 00:08:09.166  INFO 93500 --- [ool-11-thread-1] tourGuide.service.TourGuideService       : Track Location for user internalUser24
2022-10-10 00:08:09.166  INFO 93500 --- [    Test worker] tourGuide.service.TourGuideService       : Track Location for user internalUser20
2022-10-10 00:08:09.166  INFO 93500 --- [ool-11-thread-1] tourGuide.service.TourGuideService       : Track Location for user internalUser21
2022-10-10 00:08:09.167  INFO 93500 --- [    Test worker] tourGuide.service.TourGuideService       : Track Location for user internalUser38
2022-10-10 00:08:09.167  INFO 93500 --- [ool-11-thread-1] tourGuide.service.TourGuideService       : Track Location for user internalUser20
2022-10-10 00:08:09.167  INFO 93500 --- [    Test worker] tourGuide.service.TourGuideService       : Track Location for user internalUser37
2022-10-10 00:08:09.167  INFO 93500 --- [ool-11-thread-1] tourGuide.service.TourGuideService       : Track Location for user internalUser38
2022-10-10 00:08:09.167  INFO 93500 --- [    Test worker] tourGuide.service.TourGuideService       : Track Location for user internalUser39
2022-10-10 00:08:09.167  INFO 93500 --- [ool-11-thread-1] tourGuide.service.TourGuideService       : Track Location for user internalUser37
2022-10-10 00:08:09.167  INFO 93500 --- [    Test worker] tourGuide.service.TourGuideService       : Track Location for user internalUser34
2022-10-10 00:08:09.167  INFO 93500 --- [ool-11-thread-1] tourGuide.service.TourGuideService       : Track Location for user internalUser39
2022-10-10 00:08:09.167  INFO 93500 --- [    Test worker] tourGuide.service.TourGuideService       : Track Location for user internalUser33
2022-10-10 00:08:09.167  INFO 93500 --- [ool-11-thread-1] tourGuide.service.TourGuideService       : Track Location for user internalUser34
2022-10-10 00:08:09.167  INFO 93500 --- [    Test worker] tourGuide.service.TourGuideService       : Track Location for user internalUser36
2022-10-10 00:08:09.167  INFO 93500 --- [ool-11-thread-1] tourGuide.service.TourGuideService       : Track Location for user internalUser33
2022-10-10 00:08:09.167  INFO 93500 --- [    Test worker] tourGuide.service.TourGuideService       : Track Location for user internalUser35
2022-10-10 00:08:09.167  INFO 93500 --- [ool-11-thread-1] tourGuide.service.TourGuideService       : Track Location for user internalUser36
2022-10-10 00:08:09.168  INFO 93500 --- [    Test worker] tourGuide.service.TourGuideService       : Track Location for user internalUser30
2022-10-10 00:08:09.168  INFO 93500 --- [ool-11-thread-1] tourGuide.service.TourGuideService       : Track Location for user internalUser35
2022-10-10 00:08:09.168  INFO 93500 --- [    Test worker] tourGuide.service.TourGuideService       : Track Location for user internalUser32
2022-10-10 00:08:09.168  INFO 93500 --- [ool-11-thread-1] tourGuide.service.TourGuideService       : Track Location for user internalUser30
2022-10-10 00:08:09.168  INFO 93500 --- [    Test worker] tourGuide.service.TourGuideService       : Track Location for user internalUser31
2022-10-10 00:08:09.168  INFO 93500 --- [ool-11-thread-1] tourGuide.service.TourGuideService       : Track Location for user internalUser32
2022-10-10 00:08:09.168  INFO 93500 --- [    Test worker] tourGuide.service.TourGuideService       : Track Location for user internalUser49
2022-10-10 00:08:09.168  INFO 93500 --- [ool-11-thread-1] tourGuide.service.TourGuideService       : Track Location for user internalUser31
2022-10-10 00:08:09.168  INFO 93500 --- [    Test worker] tourGuide.service.TourGuideService       : Track Location for user internalUser48
2022-10-10 00:08:09.168  INFO 93500 --- [ool-11-thread-1] tourGuide.service.TourGuideService       : Track Location for user internalUser49
2022-10-10 00:08:09.168  INFO 93500 --- [ool-11-thread-1] tourGuide.service.TourGuideService       : Track Location for user internalUser48
2022-10-10 00:08:09.168  INFO 93500 --- [    Test worker] tourGuide.service.TourGuideService       : Track Location for user internalUser45
2022-10-10 00:08:09.169  INFO 93500 --- [ool-11-thread-1] tourGuide.service.TourGuideService       : Track Location for user internalUser45
2022-10-10 00:08:09.169  INFO 93500 --- [    Test worker] tourGuide.service.TourGuideService       : Track Location for user internalUser44
2022-10-10 00:08:09.169  INFO 93500 --- [ool-11-thread-1] tourGuide.service.TourGuideService       : Track Location for user internalUser44
2022-10-10 00:08:09.169  INFO 93500 --- [    Test worker] tourGuide.service.TourGuideService       : Track Location for user internalUser47
2022-10-10 00:08:09.169  INFO 93500 --- [ool-11-thread-1] tourGuide.service.TourGuideService       : Track Location for user internalUser47
2022-10-10 00:08:09.169  INFO 93500 --- [    Test worker] tourGuide.service.TourGuideService       : Track Location for user internalUser46
2022-10-10 00:08:09.169  INFO 93500 --- [ool-11-thread-1] tourGuide.service.TourGuideService       : Track Location for user internalUser46
2022-10-10 00:08:09.170  INFO 93500 --- [    Test worker] tourGuide.service.TourGuideService       : Track Location for user internalUser41
2022-10-10 00:08:09.170  INFO 93500 --- [ool-11-thread-1] tourGuide.service.TourGuideService       : Track Location for user internalUser41
2022-10-10 00:08:09.170  INFO 93500 --- [    Test worker] tourGuide.service.TourGuideService       : Track Location for user internalUser40
2022-10-10 00:08:09.170  INFO 93500 --- [ool-11-thread-1] tourGuide.service.TourGuideService       : Track Location for user internalUser40
2022-10-10 00:08:09.170  INFO 93500 --- [    Test worker] tourGuide.service.TourGuideService       : Track Location for user internalUser43
2022-10-10 00:08:09.170  INFO 93500 --- [ool-11-thread-1] tourGuide.service.TourGuideService       : Track Location for user internalUser43
2022-10-10 00:08:09.170  INFO 93500 --- [    Test worker] tourGuide.service.TourGuideService       : Track Location for user internalUser42
2022-10-10 00:08:09.171  INFO 93500 --- [ool-11-thread-1] tourGuide.service.TourGuideService       : Track Location for user internalUser42
2022-10-10 00:08:09.171  INFO 93500 --- [    Test worker] tourGuide.service.TourGuideService       : Track Location for user internalUser59
2022-10-10 00:08:09.171  INFO 93500 --- [ool-11-thread-1] tourGuide.service.TourGuideService       : Track Location for user internalUser59
2022-10-10 00:08:09.171  INFO 93500 --- [    Test worker] tourGuide.service.TourGuideService       : Track Location for user internalUser56
2022-10-10 00:08:09.171  INFO 93500 --- [ool-11-thread-1] tourGuide.service.TourGuideService       : Track Location for user internalUser56
2022-10-10 00:08:09.171  INFO 93500 --- [    Test worker] tourGuide.service.TourGuideService       : Track Location for user internalUser55
2022-10-10 00:08:09.171  INFO 93500 --- [ool-11-thread-1] tourGuide.service.TourGuideService       : Track Location for user internalUser55
2022-10-10 00:08:09.171  INFO 93500 --- [    Test worker] tourGuide.service.TourGuideService       : Track Location for user internalUser58
2022-10-10 00:08:09.171  INFO 93500 --- [ool-11-thread-1] tourGuide.service.TourGuideService       : Track Location for user internalUser58
2022-10-10 00:08:09.171  INFO 93500 --- [    Test worker] tourGuide.service.TourGuideService       : Track Location for user internalUser57
2022-10-10 00:08:09.171  INFO 93500 --- [ool-11-thread-1] tourGuide.service.TourGuideService       : Track Location for user internalUser57
2022-10-10 00:08:09.171  INFO 93500 --- [    Test worker] tourGuide.service.TourGuideService       : Track Location for user internalUser52
2022-10-10 00:08:09.171  INFO 93500 --- [ool-11-thread-1] tourGuide.service.TourGuideService       : Track Location for user internalUser52
2022-10-10 00:08:09.171  INFO 93500 --- [    Test worker] tourGuide.service.TourGuideService       : Track Location for user internalUser51
2022-10-10 00:08:09.172  INFO 93500 --- [ool-11-thread-1] tourGuide.service.TourGuideService       : Track Location for user internalUser51
2022-10-10 00:08:09.172  INFO 93500 --- [    Test worker] tourGuide.service.TourGuideService       : Track Location for user internalUser54
2022-10-10 00:08:09.172  INFO 93500 --- [ool-11-thread-1] tourGuide.service.TourGuideService       : Track Location for user internalUser54
2022-10-10 00:08:09.172  INFO 93500 --- [    Test worker] tourGuide.service.TourGuideService       : Track Location for user internalUser53
2022-10-10 00:08:09.172  INFO 93500 --- [ool-11-thread-1] tourGuide.service.TourGuideService       : Track Location for user internalUser53
2022-10-10 00:08:09.172  INFO 93500 --- [    Test worker] tourGuide.service.TourGuideService       : Track Location for user internalUser50
2022-10-10 00:08:09.172  INFO 93500 --- [ool-11-thread-1] tourGuide.service.TourGuideService       : Track Location for user internalUser50
2022-10-10 00:08:09.172  INFO 93500 --- [    Test worker] tourGuide.service.TourGuideService       : Track Location for user internalUser67
2022-10-10 00:08:09.172  INFO 93500 --- [ool-11-thread-1] tourGuide.service.TourGuideService       : Track Location for user internalUser67
2022-10-10 00:08:09.172  INFO 93500 --- [    Test worker] tourGuide.service.TourGuideService       : Track Location for user internalUser66
2022-10-10 00:08:09.172  INFO 93500 --- [ool-11-thread-1] tourGuide.service.TourGuideService       : Track Location for user internalUser66
2022-10-10 00:08:09.173  INFO 93500 --- [    Test worker] tourGuide.service.TourGuideService       : Track Location for user internalUser69
2022-10-10 00:08:09.173  INFO 93500 --- [ool-11-thread-1] tourGuide.service.TourGuideService       : Track Location for user internalUser69
2022-10-10 00:08:09.173  INFO 93500 --- [ool-11-thread-1] tourGuide.service.TourGuideService       : Track Location for user internalUser68
2022-10-10 00:08:09.173  INFO 93500 --- [    Test worker] tourGuide.service.TourGuideService       : Track Location for user internalUser68
2022-10-10 00:08:09.173  INFO 93500 --- [ool-11-thread-1] tourGuide.service.TourGuideService       : Track Location for user internalUser63
2022-10-10 00:08:09.173  INFO 93500 --- [    Test worker] tourGuide.service.TourGuideService       : Track Location for user internalUser63
2022-10-10 00:08:09.173  INFO 93500 --- [    Test worker] tourGuide.service.TourGuideService       : Track Location for user internalUser62
2022-10-10 00:08:09.173  INFO 93500 --- [ool-11-thread-1] tourGuide.service.TourGuideService       : Track Location for user internalUser62
2022-10-10 00:08:09.173  INFO 93500 --- [    Test worker] tourGuide.service.TourGuideService       : Track Location for user internalUser65
2022-10-10 00:08:09.173  INFO 93500 --- [ool-11-thread-1] tourGuide.service.TourGuideService       : Track Location for user internalUser65
2022-10-10 00:08:09.173  INFO 93500 --- [    Test worker] tourGuide.service.TourGuideService       : Track Location for user internalUser64
2022-10-10 00:08:09.174  INFO 93500 --- [ool-11-thread-1] tourGuide.service.TourGuideService       : Track Location for user internalUser64
2022-10-10 00:08:09.174  INFO 93500 --- [    Test worker] tourGuide.service.TourGuideService       : Track Location for user internalUser61
2022-10-10 00:08:09.174  INFO 93500 --- [ool-11-thread-1] tourGuide.service.TourGuideService       : Track Location for user internalUser61
2022-10-10 00:08:09.174  INFO 93500 --- [    Test worker] tourGuide.service.TourGuideService       : Track Location for user internalUser60
2022-10-10 00:08:09.174  INFO 93500 --- [ool-11-thread-1] tourGuide.service.TourGuideService       : Track Location for user internalUser60
2022-10-10 00:08:09.174 DEBUG 93500 --- [ool-11-thread-1] tourGuide.tracker.Tracker                : Tracker Time Elapsed: 0 seconds.
2022-10-10 00:08:09.174 DEBUG 93500 --- [ool-11-thread-1] tourGuide.tracker.Tracker                : Tracker sleeping
highVolumeTrackLocation: Time Elapsed: 0 seconds.
2022-10-10 00:08:09.279  INFO 93500 --- [    Test worker] tourGuide.service.TourGuideService       : TestMode enabled
2022-10-10 00:08:09.280 DEBUG 93500 --- [    Test worker] tourGuide.service.TourGuideService       : Initializing users
2022-10-10 00:08:09.283 DEBUG 93500 --- [    Test worker] tourGuide.service.TourGuideService       : Created 100 internal test users.
2022-10-10 00:08:09.283 DEBUG 93500 --- [    Test worker] tourGuide.service.TourGuideService       : Finished initializing users
2022-10-10 00:08:09.285 DEBUG 93500 --- [ool-14-thread-1] tourGuide.tracker.Tracker                : Begin Tracker. Tracking 100 users.
2022-10-10 00:08:09.285  INFO 93500 --- [ool-14-thread-1] tourGuide.service.TourGuideService       : Track Location for user internalUser78
2022-10-10 00:08:09.286  INFO 93500 --- [ool-14-thread-1] tourGuide.service.TourGuideService       : Track Location for user internalUser77
2022-10-10 00:08:09.286  INFO 93500 --- [ool-14-thread-1] tourGuide.service.TourGuideService       : Track Location for user internalUser79
2022-10-10 00:08:09.287  INFO 93500 --- [ool-14-thread-1] tourGuide.service.TourGuideService       : Track Location for user internalUser74
2022-10-10 00:08:09.287  INFO 93500 --- [ool-14-thread-1] tourGuide.service.TourGuideService       : Track Location for user internalUser73
2022-10-10 00:08:09.287  INFO 93500 --- [ool-14-thread-1] tourGuide.service.TourGuideService       : Track Location for user internalUser76
2022-10-10 00:08:09.287  INFO 93500 --- [ool-14-thread-1] tourGuide.service.TourGuideService       : Track Location for user internalUser75
2022-10-10 00:08:09.287  INFO 93500 --- [ool-14-thread-1] tourGuide.service.TourGuideService       : Track Location for user internalUser70
2022-10-10 00:08:09.287  INFO 93500 --- [ool-14-thread-1] tourGuide.service.TourGuideService       : Track Location for user internalUser72
2022-10-10 00:08:09.288  INFO 93500 --- [ool-14-thread-1] tourGuide.service.TourGuideService       : Track Location for user internalUser71
2022-10-10 00:08:09.288  INFO 93500 --- [ool-14-thread-1] tourGuide.service.TourGuideService       : Track Location for user internalUser90
2022-10-10 00:08:09.288  INFO 93500 --- [ool-14-thread-1] tourGuide.service.TourGuideService       : Track Location for user internalUser89
2022-10-10 00:08:09.288  INFO 93500 --- [ool-14-thread-1] tourGuide.service.TourGuideService       : Track Location for user internalUser88
2022-10-10 00:08:09.288  INFO 93500 --- [ool-14-thread-1] tourGuide.service.TourGuideService       : Track Location for user internalUser85
2022-10-10 00:08:09.288  INFO 93500 --- [ool-14-thread-1] tourGuide.service.TourGuideService       : Track Location for user internalUser84
2022-10-10 00:08:09.288  INFO 93500 --- [ool-14-thread-1] tourGuide.service.TourGuideService       : Track Location for user internalUser87
2022-10-10 00:08:09.288  INFO 93500 --- [ool-14-thread-1] tourGuide.service.TourGuideService       : Track Location for user internalUser86
2022-10-10 00:08:09.288  INFO 93500 --- [ool-14-thread-1] tourGuide.service.TourGuideService       : Track Location for user internalUser81
2022-10-10 00:08:09.288  INFO 93500 --- [ool-14-thread-1] tourGuide.service.TourGuideService       : Track Location for user internalUser80
2022-10-10 00:08:09.289  INFO 93500 --- [ool-14-thread-1] tourGuide.service.TourGuideService       : Track Location for user internalUser83
2022-10-10 00:08:09.289  INFO 93500 --- [ool-14-thread-1] tourGuide.service.TourGuideService       : Track Location for user internalUser82
2022-10-10 00:08:09.289  INFO 93500 --- [ool-14-thread-1] tourGuide.service.TourGuideService       : Track Location for user internalUser9
2022-10-10 00:08:09.289  INFO 93500 --- [ool-14-thread-1] tourGuide.service.TourGuideService       : Track Location for user internalUser8
2022-10-10 00:08:09.289  INFO 93500 --- [ool-14-thread-1] tourGuide.service.TourGuideService       : Track Location for user internalUser19
2022-10-10 00:08:09.289  INFO 93500 --- [ool-14-thread-1] tourGuide.service.TourGuideService       : Track Location for user internalUser16
2022-10-10 00:08:09.290  INFO 93500 --- [ool-14-thread-1] tourGuide.service.TourGuideService       : Track Location for user internalUser15
2022-10-10 00:08:09.290  INFO 93500 --- [ool-14-thread-1] tourGuide.service.TourGuideService       : Track Location for user internalUser18
2022-10-10 00:08:09.290  INFO 93500 --- [ool-14-thread-1] tourGuide.service.TourGuideService       : Track Location for user internalUser17
2022-10-10 00:08:09.290  INFO 93500 --- [ool-14-thread-1] tourGuide.service.TourGuideService       : Track Location for user internalUser12
2022-10-10 00:08:09.290  INFO 93500 --- [ool-14-thread-1] tourGuide.service.TourGuideService       : Track Location for user internalUser11
2022-10-10 00:08:09.290  INFO 93500 --- [ool-14-thread-1] tourGuide.service.TourGuideService       : Track Location for user internalUser99
2022-10-10 00:08:09.290  INFO 93500 --- [ool-14-thread-1] tourGuide.service.TourGuideService       : Track Location for user internalUser14
2022-10-10 00:08:09.290  INFO 93500 --- [ool-14-thread-1] tourGuide.service.TourGuideService       : Track Location for user internalUser13
2022-10-10 00:08:09.290  INFO 93500 --- [ool-14-thread-1] tourGuide.service.TourGuideService       : Track Location for user internalUser3
2022-10-10 00:08:09.291  INFO 93500 --- [ool-14-thread-1] tourGuide.service.TourGuideService       : Track Location for user internalUser96
2022-10-10 00:08:09.291  INFO 93500 --- [ool-14-thread-1] tourGuide.service.TourGuideService       : Track Location for user internalUser2
2022-10-10 00:08:09.291  INFO 93500 --- [ool-14-thread-1] tourGuide.service.TourGuideService       : Track Location for user internalUser95
2022-10-10 00:08:09.291  INFO 93500 --- [ool-14-thread-1] tourGuide.service.TourGuideService       : Track Location for user internalUser1
2022-10-10 00:08:09.291  INFO 93500 --- [ool-14-thread-1] tourGuide.service.TourGuideService       : Track Location for user internalUser10
2022-10-10 00:08:09.291  INFO 93500 --- [ool-14-thread-1] tourGuide.service.TourGuideService       : Track Location for user internalUser98
2022-10-10 00:08:09.292  INFO 93500 --- [ool-14-thread-1] tourGuide.service.TourGuideService       : Track Location for user internalUser0
2022-10-10 00:08:09.292  INFO 93500 --- [ool-14-thread-1] tourGuide.service.TourGuideService       : Track Location for user internalUser97
2022-10-10 00:08:09.292  INFO 93500 --- [ool-14-thread-1] tourGuide.service.TourGuideService       : Track Location for user internalUser7
2022-10-10 00:08:09.292  INFO 93500 --- [ool-14-thread-1] tourGuide.service.TourGuideService       : Track Location for user internalUser92
2022-10-10 00:08:09.292  INFO 93500 --- [ool-14-thread-1] tourGuide.service.TourGuideService       : Track Location for user internalUser6
2022-10-10 00:08:09.292  INFO 93500 --- [ool-14-thread-1] tourGuide.service.TourGuideService       : Track Location for user internalUser91
2022-10-10 00:08:09.292  INFO 93500 --- [ool-14-thread-1] tourGuide.service.TourGuideService       : Track Location for user internalUser5
2022-10-10 00:08:09.293  INFO 93500 --- [ool-14-thread-1] tourGuide.service.TourGuideService       : Track Location for user internalUser94
2022-10-10 00:08:09.293  INFO 93500 --- [ool-14-thread-1] tourGuide.service.TourGuideService       : Track Location for user internalUser4
2022-10-10 00:08:09.293  INFO 93500 --- [ool-14-thread-1] tourGuide.service.TourGuideService       : Track Location for user internalUser93
2022-10-10 00:08:09.293  INFO 93500 --- [ool-14-thread-1] tourGuide.service.TourGuideService       : Track Location for user internalUser27
2022-10-10 00:08:09.293  INFO 93500 --- [ool-14-thread-1] tourGuide.service.TourGuideService       : Track Location for user internalUser26
2022-10-10 00:08:09.293  INFO 93500 --- [ool-14-thread-1] tourGuide.service.TourGuideService       : Track Location for user internalUser29
2022-10-10 00:08:09.294  INFO 93500 --- [ool-14-thread-1] tourGuide.service.TourGuideService       : Track Location for user internalUser28
2022-10-10 00:08:09.294  INFO 93500 --- [ool-14-thread-1] tourGuide.service.TourGuideService       : Track Location for user internalUser23
2022-10-10 00:08:09.294  INFO 93500 --- [ool-14-thread-1] tourGuide.service.TourGuideService       : Track Location for user internalUser22
2022-10-10 00:08:09.294  INFO 93500 --- [ool-14-thread-1] tourGuide.service.TourGuideService       : Track Location for user internalUser25
2022-10-10 00:08:09.294  INFO 93500 --- [ool-14-thread-1] tourGuide.service.TourGuideService       : Track Location for user internalUser24
2022-10-10 00:08:09.294  INFO 93500 --- [ool-14-thread-1] tourGuide.service.TourGuideService       : Track Location for user internalUser21
2022-10-10 00:08:09.294  INFO 93500 --- [ool-14-thread-1] tourGuide.service.TourGuideService       : Track Location for user internalUser20
2022-10-10 00:08:09.294  INFO 93500 --- [ool-14-thread-1] tourGuide.service.TourGuideService       : Track Location for user internalUser38
2022-10-10 00:08:09.294  INFO 93500 --- [ool-14-thread-1] tourGuide.service.TourGuideService       : Track Location for user internalUser37
2022-10-10 00:08:09.294  INFO 93500 --- [ool-14-thread-1] tourGuide.service.TourGuideService       : Track Location for user internalUser39
2022-10-10 00:08:09.295  INFO 93500 --- [ool-14-thread-1] tourGuide.service.TourGuideService       : Track Location for user internalUser34
2022-10-10 00:08:09.295  INFO 93500 --- [ool-14-thread-1] tourGuide.service.TourGuideService       : Track Location for user internalUser33
2022-10-10 00:08:09.295  INFO 93500 --- [ool-14-thread-1] tourGuide.service.TourGuideService       : Track Location for user internalUser36
2022-10-10 00:08:09.295  INFO 93500 --- [ool-14-thread-1] tourGuide.service.TourGuideService       : Track Location for user internalUser35
2022-10-10 00:08:09.295  INFO 93500 --- [ool-14-thread-1] tourGuide.service.TourGuideService       : Track Location for user internalUser30
2022-10-10 00:08:09.295  INFO 93500 --- [ool-14-thread-1] tourGuide.service.TourGuideService       : Track Location for user internalUser32
2022-10-10 00:08:09.295  INFO 93500 --- [ool-14-thread-1] tourGuide.service.TourGuideService       : Track Location for user internalUser31
Calcul reward: 15
2022-10-10 00:08:09.295  INFO 93500 --- [ool-14-thread-1] tourGuide.service.TourGuideService       : Track Location for user internalUser49
2022-10-10 00:08:09.295  INFO 93500 --- [ool-14-thread-1] tourGuide.service.TourGuideService       : Track Location for user internalUser48
2022-10-10 00:08:09.295  INFO 93500 --- [ool-14-thread-1] tourGuide.service.TourGuideService       : Track Location for user internalUser45
2022-10-10 00:08:09.296  INFO 93500 --- [ool-14-thread-1] tourGuide.service.TourGuideService       : Track Location for user internalUser44
2022-10-10 00:08:09.296  INFO 93500 --- [ool-14-thread-1] tourGuide.service.TourGuideService       : Track Location for user internalUser47
2022-10-10 00:08:09.296  INFO 93500 --- [ool-14-thread-1] tourGuide.service.TourGuideService       : Track Location for user internalUser46
2022-10-10 00:08:09.296  INFO 93500 --- [ool-14-thread-1] tourGuide.service.TourGuideService       : Track Location for user internalUser41
2022-10-10 00:08:09.296  INFO 93500 --- [ool-14-thread-1] tourGuide.service.TourGuideService       : Track Location for user internalUser40
2022-10-10 00:08:09.296  INFO 93500 --- [ool-14-thread-1] tourGuide.service.TourGuideService       : Track Location for user internalUser43
2022-10-10 00:08:09.296  INFO 93500 --- [ool-14-thread-1] tourGuide.service.TourGuideService       : Track Location for user internalUser42
2022-10-10 00:08:09.296  INFO 93500 --- [ool-14-thread-1] tourGuide.service.TourGuideService       : Track Location for user internalUser59
2022-10-10 00:08:09.296  INFO 93500 --- [ool-14-thread-1] tourGuide.service.TourGuideService       : Track Location for user internalUser56
2022-10-10 00:08:09.297  INFO 93500 --- [ool-14-thread-1] tourGuide.service.TourGuideService       : Track Location for user internalUser55
2022-10-10 00:08:09.297  INFO 93500 --- [ool-14-thread-1] tourGuide.service.TourGuideService       : Track Location for user internalUser58
2022-10-10 00:08:09.297  INFO 93500 --- [ool-14-thread-1] tourGuide.service.TourGuideService       : Track Location for user internalUser57
2022-10-10 00:08:09.297  INFO 93500 --- [ool-14-thread-1] tourGuide.service.TourGuideService       : Track Location for user internalUser52
2022-10-10 00:08:09.298  INFO 93500 --- [ool-14-thread-1] tourGuide.service.TourGuideService       : Track Location for user internalUser51
2022-10-10 00:08:09.298  INFO 93500 --- [ool-14-thread-1] tourGuide.service.TourGuideService       : Track Location for user internalUser54
2022-10-10 00:08:09.298  INFO 93500 --- [ool-14-thread-1] tourGuide.service.TourGuideService       : Track Location for user internalUser53
2022-10-10 00:08:09.298  INFO 93500 --- [ool-14-thread-1] tourGuide.service.TourGuideService       : Track Location for user internalUser50
2022-10-10 00:08:09.298  INFO 93500 --- [ool-14-thread-1] tourGuide.service.TourGuideService       : Track Location for user internalUser67
2022-10-10 00:08:09.298  INFO 93500 --- [ool-14-thread-1] tourGuide.service.TourGuideService       : Track Location for user internalUser66
2022-10-10 00:08:09.298  INFO 93500 --- [ool-14-thread-1] tourGuide.service.TourGuideService       : Track Location for user internalUser69
2022-10-10 00:08:09.298  INFO 93500 --- [ool-14-thread-1] tourGuide.service.TourGuideService       : Track Location for user internalUser68
2022-10-10 00:08:09.298  INFO 93500 --- [ool-14-thread-1] tourGuide.service.TourGuideService       : Track Location for user internalUser63
2022-10-10 00:08:09.299  INFO 93500 --- [ool-14-thread-1] tourGuide.service.TourGuideService       : Track Location for user internalUser62
2022-10-10 00:08:09.299  INFO 93500 --- [ool-14-thread-1] tourGuide.service.TourGuideService       : Track Location for user internalUser65
2022-10-10 00:08:09.299  INFO 93500 --- [ool-14-thread-1] tourGuide.service.TourGuideService       : Track Location for user internalUser64
2022-10-10 00:08:09.299  INFO 93500 --- [ool-14-thread-1] tourGuide.service.TourGuideService       : Track Location for user internalUser61
2022-10-10 00:08:09.299  INFO 93500 --- [ool-14-thread-1] tourGuide.service.TourGuideService       : Track Location for user internalUser60
2022-10-10 00:08:09.299 DEBUG 93500 --- [ool-14-thread-1] tourGuide.tracker.Tracker                : Tracker Time Elapsed: 0 seconds.
2022-10-10 00:08:09.299 DEBUG 93500 --- [ool-14-thread-1] tourGuide.tracker.Tracker                : Tracker sleeping
highVolumeGetRewards: Time Elapsed: 1 seconds.
]]></system-out>
  <system-err><![CDATA[]]></system-err>
</testsuite>
