<?xml version="1.0" encoding="UTF-8"?>
<testsuite name="tourGuide.TestTourGuideService" tests="6" skipped="0" failures="0" errors="0" timestamp="2022-10-03T07:59:13" hostname="LAPTOP-BLPUO737" time="0.403">
  <properties/>
  <testcase name="getUserLocation" classname="tourGuide.TestTourGuideService" time="0.116"/>
  <testcase name="addUser" classname="tourGuide.TestTourGuideService" time="0.002"/>
  <testcase name="getTripDeals" classname="tourGuide.TestTourGuideService" time="0.034"/>
  <testcase name="getAllUsers" classname="tourGuide.TestTourGuideService" time="0.003"/>
  <testcase name="trackUser" classname="tourGuide.TestTourGuideService" time="0.126"/>
  <testcase name="getNearbyAttractions" classname="tourGuide.TestTourGuideService" time="0.122"/>
  <system-out><![CDATA[2022-10-03 09:59:13.838  INFO 38196 --- [    Test worker] tourGuide.service.TourGuideService       : TestMode enabled
2022-10-03 09:59:13.838 DEBUG 38196 --- [    Test worker] tourGuide.service.TourGuideService       : Initializing users
2022-10-03 09:59:13.838 DEBUG 38196 --- [    Test worker] tourGuide.service.TourGuideService       : Created 0 internal test users.
2022-10-03 09:59:13.838 DEBUG 38196 --- [    Test worker] tourGuide.service.TourGuideService       : Finished initializing users
2022-10-03 09:59:13.839  INFO 38196 --- [    Test worker] tourGuide.service.TourGuideService       : Track Location for user jon
2022-10-03 09:59:13.839 DEBUG 38196 --- [ool-20-thread-1] tourGuide.tracker.Tracker                : Begin Tracker. Tracking 0 users.
2022-10-03 09:59:13.839 DEBUG 38196 --- [ool-20-thread-1] tourGuide.tracker.Tracker                : Tracker Time Elapsed: 0 seconds.
2022-10-03 09:59:13.839 DEBUG 38196 --- [ool-20-thread-1] tourGuide.tracker.Tracker                : Tracker sleeping
2022-10-03 09:59:13.954  INFO 38196 --- [    Test worker] tourGuide.service.TourGuideService       : TestMode enabled
2022-10-03 09:59:13.954 DEBUG 38196 --- [    Test worker] tourGuide.service.TourGuideService       : Initializing users
2022-10-03 09:59:13.954 DEBUG 38196 --- [    Test worker] tourGuide.service.TourGuideService       : Created 0 internal test users.
2022-10-03 09:59:13.954 DEBUG 38196 --- [    Test worker] tourGuide.service.TourGuideService       : Finished initializing users
2022-10-03 09:59:13.956 DEBUG 38196 --- [ool-23-thread-1] tourGuide.tracker.Tracker                : Begin Tracker. Tracking 0 users.
2022-10-03 09:59:13.956 DEBUG 38196 --- [ool-23-thread-1] tourGuide.tracker.Tracker                : Tracker Time Elapsed: 0 seconds.
2022-10-03 09:59:13.956 DEBUG 38196 --- [ool-23-thread-1] tourGuide.tracker.Tracker                : Tracker sleeping
2022-10-03 09:59:13.956  INFO 38196 --- [    Test worker] tourGuide.service.TourGuideService       : TestMode enabled
2022-10-03 09:59:13.956 DEBUG 38196 --- [    Test worker] tourGuide.service.TourGuideService       : Initializing users
2022-10-03 09:59:13.956 DEBUG 38196 --- [    Test worker] tourGuide.service.TourGuideService       : Created 0 internal test users.
2022-10-03 09:59:13.956 DEBUG 38196 --- [    Test worker] tourGuide.service.TourGuideService       : Finished initializing users
2022-10-03 09:59:13.957 DEBUG 38196 --- [ool-26-thread-1] tourGuide.tracker.Tracker                : Begin Tracker. Tracking 0 users.
2022-10-03 09:59:13.958 DEBUG 38196 --- [ool-26-thread-1] tourGuide.tracker.Tracker                : Tracker Time Elapsed: 0 seconds.
2022-10-03 09:59:13.958 DEBUG 38196 --- [ool-26-thread-1] tourGuide.tracker.Tracker                : Tracker sleeping
2022-10-03 09:59:13.991  INFO 38196 --- [    Test worker] tourGuide.service.TourGuideService       : TestMode enabled
2022-10-03 09:59:13.991 DEBUG 38196 --- [    Test worker] tourGuide.service.TourGuideService       : Initializing users
2022-10-03 09:59:13.991 DEBUG 38196 --- [    Test worker] tourGuide.service.TourGuideService       : Created 0 internal test users.
2022-10-03 09:59:13.991 DEBUG 38196 --- [    Test worker] tourGuide.service.TourGuideService       : Finished initializing users
2022-10-03 09:59:13.993 DEBUG 38196 --- [ool-29-thread-1] tourGuide.tracker.Tracker                : Begin Tracker. Tracking 0 users.
2022-10-03 09:59:13.993 DEBUG 38196 --- [ool-29-thread-1] tourGuide.tracker.Tracker                : Tracker Time Elapsed: 0 seconds.
2022-10-03 09:59:13.993 DEBUG 38196 --- [ool-29-thread-1] tourGuide.tracker.Tracker                : Tracker sleeping
2022-10-03 09:59:13.993  INFO 38196 --- [    Test worker] tourGuide.service.TourGuideService       : TestMode enabled
2022-10-03 09:59:13.993 DEBUG 38196 --- [    Test worker] tourGuide.service.TourGuideService       : Initializing users
2022-10-03 09:59:13.993 DEBUG 38196 --- [    Test worker] tourGuide.service.TourGuideService       : Created 0 internal test users.
2022-10-03 09:59:13.993 DEBUG 38196 --- [    Test worker] tourGuide.service.TourGuideService       : Finished initializing users
2022-10-03 09:59:13.994  INFO 38196 --- [    Test worker] tourGuide.service.TourGuideService       : Track Location for user jon
2022-10-03 09:59:14.031 DEBUG 38196 --- [ool-32-thread-1] tourGuide.tracker.Tracker                : Begin Tracker. Tracking 0 users.
2022-10-03 09:59:14.031 DEBUG 38196 --- [ool-32-thread-1] tourGuide.tracker.Tracker                : Tracker Time Elapsed: 0 seconds.
2022-10-03 09:59:14.031 DEBUG 38196 --- [ool-32-thread-1] tourGuide.tracker.Tracker                : Tracker sleeping
2022-10-03 09:59:14.119  INFO 38196 --- [    Test worker] tourGuide.service.TourGuideService       : TestMode enabled
2022-10-03 09:59:14.119 DEBUG 38196 --- [    Test worker] tourGuide.service.TourGuideService       : Initializing users
2022-10-03 09:59:14.119 DEBUG 38196 --- [    Test worker] tourGuide.service.TourGuideService       : Created 0 internal test users.
2022-10-03 09:59:14.119 DEBUG 38196 --- [    Test worker] tourGuide.service.TourGuideService       : Finished initializing users
2022-10-03 09:59:14.120  INFO 38196 --- [    Test worker] tourGuide.service.TourGuideService       : Track Location for user jon
2022-10-03 09:59:14.120 DEBUG 38196 --- [ool-35-thread-1] tourGuide.tracker.Tracker                : Begin Tracker. Tracking 0 users.
2022-10-03 09:59:14.120 DEBUG 38196 --- [ool-35-thread-1] tourGuide.tracker.Tracker                : Tracker Time Elapsed: 0 seconds.
2022-10-03 09:59:14.120 DEBUG 38196 --- [ool-35-thread-1] tourGuide.tracker.Tracker                : Tracker sleeping
2022-10-03 09:59:14.241  INFO 38196 --- [    Test worker] tourGuide.service.TourGuideService       : [gpsUtil.location.Attraction@65ee00c3, gpsUtil.location.Attraction@1e1216ce, gpsUtil.location.Attraction@3640f8aa, gpsUtil.location.Attraction@1146574c, gpsUtil.location.Attraction@a8016157, gpsUtil.location.Attraction@63e13d77, gpsUtil.location.Attraction@17dc5ded, gpsUtil.location.Attraction@48274673, gpsUtil.location.Attraction@524acf00, gpsUtil.location.Attraction@8c2cd6ba, gpsUtil.location.Attraction@1d6844bd, gpsUtil.location.Attraction@404da2be, gpsUtil.location.Attraction@8396df9c, gpsUtil.location.Attraction@87013bac, gpsUtil.location.Attraction@4872c258, gpsUtil.location.Attraction@1811fb57, gpsUtil.location.Attraction@7bc1f5b, gpsUtil.location.Attraction@bfe9380a, gpsUtil.location.Attraction@c7fbf8ab, gpsUtil.location.Attraction@325984cc, gpsUtil.location.Attraction@33e5590, gpsUtil.location.Attraction@591d02c0, gpsUtil.location.Attraction@1a4c61e5, gpsUtil.location.Attraction@8b140f99, gpsUtil.location.Attraction@9a46237, gpsUtil.location.Attraction@f3747c6a]
]]></system-out>
  <system-err><![CDATA[]]></system-err>
</testsuite>
