<?xml version="1.0" encoding="UTF-8"?>
<testsuite name="tourGuide.controller.TourGuideControllerIT" tests="1" skipped="0" failures="0" errors="0" timestamp="2022-10-11T21:40:12" hostname="LAPTOP-07K44296" time="0.642">
  <properties/>
  <testcase name="getTripDealsTest" classname="tourGuide.controller.TourGuideControllerIT" time="0.642"/>
  <system-out><![CDATA[23:40:08.459 [Test worker] DEBUG org.springframework.test.context.junit4.SpringJUnit4ClassRunner - SpringJUnit4ClassRunner constructor called with [class tourGuide.controller.TourGuideControllerIT]
23:40:08.467 [Test worker] DEBUG org.springframework.test.context.BootstrapUtils - Instantiating CacheAwareContextLoaderDelegate from class [org.springframework.test.context.cache.DefaultCacheAwareContextLoaderDelegate]
23:40:08.485 [Test worker] DEBUG org.springframework.test.context.BootstrapUtils - Instantiating BootstrapContext using constructor [public org.springframework.test.context.support.DefaultBootstrapContext(java.lang.Class,org.springframework.test.context.CacheAwareContextLoaderDelegate)]
23:40:08.521 [Test worker] DEBUG org.springframework.test.context.BootstrapUtils - Instantiating TestContextBootstrapper for test class [tourGuide.controller.TourGuideControllerIT] from class [org.springframework.boot.test.context.SpringBootTestContextBootstrapper]
23:40:08.539 [Test worker] INFO org.springframework.boot.test.context.SpringBootTestContextBootstrapper - Neither @ContextConfiguration nor @ContextHierarchy found for test class [tourGuide.controller.TourGuideControllerIT], using SpringBootContextLoader
23:40:08.544 [Test worker] DEBUG org.springframework.test.context.support.AbstractContextLoader - Did not detect default resource location for test class [tourGuide.controller.TourGuideControllerIT]: class path resource [tourGuide/controller/TourGuideControllerIT-context.xml] does not exist
23:40:08.545 [Test worker] DEBUG org.springframework.test.context.support.AbstractContextLoader - Did not detect default resource location for test class [tourGuide.controller.TourGuideControllerIT]: class path resource [tourGuide/controller/TourGuideControllerITContext.groovy] does not exist
23:40:08.545 [Test worker] INFO org.springframework.test.context.support.AbstractContextLoader - Could not detect default resource locations for test class [tourGuide.controller.TourGuideControllerIT]: no resource found for suffixes {-context.xml, Context.groovy}.
23:40:08.547 [Test worker] INFO org.springframework.test.context.support.AnnotationConfigContextLoaderUtils - Could not detect default configuration classes for test class [tourGuide.controller.TourGuideControllerIT]: TourGuideControllerIT does not declare any static, non-private, non-final, nested classes annotated with @Configuration.
23:40:08.627 [Test worker] DEBUG org.springframework.test.context.support.ActiveProfilesUtils - Could not find an 'annotation declaring class' for annotation type [org.springframework.test.context.ActiveProfiles] and class [tourGuide.controller.TourGuideControllerIT]
23:40:08.770 [Test worker] DEBUG org.springframework.context.annotation.ClassPathScanningCandidateComponentProvider - Identified candidate component class: file [C:\Users\ooBri\3D Objects\#Openclassroom\Projet\OC-JAVA-P8\TourGuide\build\classes\java\main\tourGuide\Application.class]
23:40:08.788 [Test worker] INFO org.springframework.boot.test.context.SpringBootTestContextBootstrapper - Found @SpringBootConfiguration tourGuide.Application for test class tourGuide.controller.TourGuideControllerIT
23:40:08.930 [Test worker] DEBUG org.springframework.boot.test.context.SpringBootTestContextBootstrapper - @TestExecutionListeners is not present for class [tourGuide.controller.TourGuideControllerIT]: using defaults.
23:40:08.930 [Test worker] INFO org.springframework.boot.test.context.SpringBootTestContextBootstrapper - Loaded default TestExecutionListener class names from location [META-INF/spring.factories]: [org.springframework.boot.test.autoconfigure.restdocs.RestDocsTestExecutionListener, org.springframework.boot.test.autoconfigure.web.client.MockRestServiceServerResetTestExecutionListener, org.springframework.boot.test.autoconfigure.web.servlet.MockMvcPrintOnlyOnFailureTestExecutionListener, org.springframework.boot.test.autoconfigure.web.servlet.WebDriverTestExecutionListener, org.springframework.boot.test.mock.mockito.MockitoTestExecutionListener, org.springframework.boot.test.mock.mockito.ResetMocksTestExecutionListener, org.springframework.test.context.web.ServletTestExecutionListener, org.springframework.test.context.support.DirtiesContextBeforeModesTestExecutionListener, org.springframework.test.context.support.DependencyInjectionTestExecutionListener, org.springframework.test.context.support.DirtiesContextTestExecutionListener, org.springframework.test.context.transaction.TransactionalTestExecutionListener, org.springframework.test.context.jdbc.SqlScriptsTestExecutionListener]
23:40:08.945 [Test worker] DEBUG org.springframework.boot.test.context.SpringBootTestContextBootstrapper - Skipping candidate TestExecutionListener [org.springframework.test.context.transaction.TransactionalTestExecutionListener] due to a missing dependency. Specify custom listener classes or make the default listener classes and their required dependencies available. Offending class: [org/springframework/transaction/interceptor/TransactionAttributeSource]
23:40:08.946 [Test worker] DEBUG org.springframework.boot.test.context.SpringBootTestContextBootstrapper - Skipping candidate TestExecutionListener [org.springframework.test.context.jdbc.SqlScriptsTestExecutionListener] due to a missing dependency. Specify custom listener classes or make the default listener classes and their required dependencies available. Offending class: [org/springframework/transaction/interceptor/TransactionAttribute]
23:40:08.946 [Test worker] INFO org.springframework.boot.test.context.SpringBootTestContextBootstrapper - Using TestExecutionListeners: [org.springframework.test.context.web.ServletTestExecutionListener@1bbdb5b, org.springframework.test.context.support.DirtiesContextBeforeModesTestExecutionListener@6f29b3e1, org.springframework.boot.test.mock.mockito.MockitoTestExecutionListener@393aae1, org.springframework.boot.test.autoconfigure.SpringBootDependencyInjectionTestExecutionListener@4ea05188, org.springframework.test.context.support.DirtiesContextTestExecutionListener@119e3a04, org.springframework.boot.test.autoconfigure.restdocs.RestDocsTestExecutionListener@330a356d, org.springframework.boot.test.autoconfigure.web.client.MockRestServiceServerResetTestExecutionListener@2d50554f, org.springframework.boot.test.autoconfigure.web.servlet.MockMvcPrintOnlyOnFailureTestExecutionListener@61307d7c, org.springframework.boot.test.autoconfigure.web.servlet.WebDriverTestExecutionListener@19e3544, org.springframework.boot.test.mock.mockito.ResetMocksTestExecutionListener@635dc947]
23:40:08.950 [Test worker] DEBUG org.springframework.test.annotation.ProfileValueUtils - Retrieved @ProfileValueSourceConfiguration [null] for test class [tourGuide.controller.TourGuideControllerIT]
23:40:08.951 [Test worker] DEBUG org.springframework.test.annotation.ProfileValueUtils - Retrieved ProfileValueSource type [class org.springframework.test.annotation.SystemProfileValueSource] for class [tourGuide.controller.TourGuideControllerIT]
23:40:08.956 [Test worker] DEBUG org.springframework.test.annotation.ProfileValueUtils - Retrieved @ProfileValueSourceConfiguration [null] for test class [tourGuide.controller.TourGuideControllerIT]
23:40:08.956 [Test worker] DEBUG org.springframework.test.annotation.ProfileValueUtils - Retrieved ProfileValueSource type [class org.springframework.test.annotation.SystemProfileValueSource] for class [tourGuide.controller.TourGuideControllerIT]
23:40:08.957 [Test worker] DEBUG org.springframework.test.annotation.ProfileValueUtils - Retrieved @ProfileValueSourceConfiguration [null] for test class [tourGuide.controller.TourGuideControllerIT]
23:40:08.957 [Test worker] DEBUG org.springframework.test.annotation.ProfileValueUtils - Retrieved ProfileValueSource type [class org.springframework.test.annotation.SystemProfileValueSource] for class [tourGuide.controller.TourGuideControllerIT]
23:40:08.961 [Test worker] DEBUG org.springframework.test.context.support.AbstractDirtiesContextTestExecutionListener - Before test class: context [DefaultTestContext@15171d3f testClass = TourGuideControllerIT, testInstance = [null], testMethod = [null], testException = [null], mergedContextConfiguration = [WebMergedContextConfiguration@7794ee7 testClass = TourGuideControllerIT, locations = '{}', classes = '{class tourGuide.Application}', contextInitializerClasses = '[]', activeProfiles = '{}', propertySourceLocations = '{}', propertySourceProperties = '{org.springframework.boot.test.context.SpringBootTestContextBootstrapper=true}', contextCustomizers = set[org.springframework.boot.test.autoconfigure.properties.PropertyMappingContextCustomizer@e7e8512, org.springframework.boot.test.autoconfigure.web.servlet.WebDriverContextCustomizerFactory$Customizer@65d492a7, [ImportsContextCustomizer@75488740 key = [org.springframework.boot.test.autoconfigure.web.servlet.MockMvcAutoConfiguration, org.springframework.boot.test.autoconfigure.web.servlet.MockMvcSecurityAutoConfiguration, org.springframework.boot.test.autoconfigure.web.servlet.MockMvcWebClientAutoConfiguration, org.springframework.boot.test.autoconfigure.web.servlet.MockMvcWebDriverAutoConfiguration]], org.springframework.boot.test.context.filter.ExcludeFilterContextCustomizer@33be25cd, org.springframework.boot.test.json.DuplicateJsonObjectContextCustomizerFactory$DuplicateJsonObjectContextCustomizer@4c437a82, org.springframework.boot.test.mock.mockito.MockitoContextCustomizer@0, org.springframework.boot.test.web.client.TestRestTemplateContextCustomizer@41d1a304], resourceBasePath = 'src/main/webapp', contextLoader = 'org.springframework.boot.test.context.SpringBootContextLoader', parent = [null]], attributes = map['org.springframework.test.context.web.ServletTestExecutionListener.activateListener' -> true]], class annotated with @DirtiesContext [false] with mode [null].
23:40:08.962 [Test worker] DEBUG org.springframework.test.annotation.ProfileValueUtils - Retrieved @ProfileValueSourceConfiguration [null] for test class [tourGuide.controller.TourGuideControllerIT]
23:40:08.962 [Test worker] DEBUG org.springframework.test.annotation.ProfileValueUtils - Retrieved ProfileValueSource type [class org.springframework.test.annotation.SystemProfileValueSource] for class [tourGuide.controller.TourGuideControllerIT]
23:40:08.987 [Test worker] DEBUG org.springframework.test.context.support.TestPropertySourceUtils - Adding inlined properties to environment: {spring.jmx.enabled=false, org.springframework.boot.test.context.SpringBootTestContextBootstrapper=true, server.port=-1}

  .   ____          _            __ _ _
 /\\ / ___'_ __ _ _(_)_ __  __ _ \ \ \ \
( ( )\___ | '_ | '_| | '_ \/ _` | \ \ \ \
 \\/  ___)| |_)| | | | | || (_| |  ) ) ) )
  '  |____| .__|_| |_|_| |_\__, | / / / /
 =========|_|==============|___/=/_/_/_/
 :: Spring Boot ::        (v2.1.6.RELEASE)

2022-10-11 23:40:09.338  INFO 30268 --- [    Test worker] t.controller.TourGuideControllerIT       : Starting TourGuideControllerIT on LAPTOP-07K44296 with PID 30268 (started by ooBri in C:\Users\ooBri\3D Objects\#Openclassroom\Projet\OC-JAVA-P8\TourGuide)
2022-10-11 23:40:09.339 DEBUG 30268 --- [    Test worker] t.controller.TourGuideControllerIT       : Running with Spring Boot v2.1.6.RELEASE, Spring v5.1.8.RELEASE
2022-10-11 23:40:09.340  INFO 30268 --- [    Test worker] t.controller.TourGuideControllerIT       : No active profile set, falling back to default profiles: default
2022-10-11 23:40:10.567  INFO 30268 --- [    Test worker] tourGuide.service.TourGuideService       : TestMode enabled
2022-10-11 23:40:10.567 DEBUG 30268 --- [    Test worker] tourGuide.service.TourGuideService       : Initializing users
2022-10-11 23:40:10.599  INFO 30268 --- [    Test worker] o.j.m.DefaultMonetaryContextFactory      : Using custom MathContext: precision=256, roundingMode=HALF_EVEN
2022-10-11 23:40:10.635 DEBUG 30268 --- [    Test worker] tourGuide.service.TourGuideService       : Created 100 internal test users.
2022-10-11 23:40:10.635 DEBUG 30268 --- [    Test worker] tourGuide.service.TourGuideService       : Finished initializing users
2022-10-11 23:40:10.640 DEBUG 30268 --- [pool-3-thread-1] tourGuide.tracker.Tracker                : Begin Tracker. Tracking 100 users.
2022-10-11 23:40:10.641  INFO 30268 --- [pool-3-thread-1] tourGuide.service.TourGuideService       : Track Location for user internalUser78
2022-10-11 23:40:10.646  INFO 30268 --- [pool-3-thread-1] tourGuide.service.TourGuideService       : Track Location for user internalUser77
2022-10-11 23:40:10.647  INFO 30268 --- [pool-3-thread-1] tourGuide.service.TourGuideService       : Track Location for user internalUser79
2022-10-11 23:40:10.647  INFO 30268 --- [pool-3-thread-1] tourGuide.service.TourGuideService       : Track Location for user internalUser74
2022-10-11 23:40:10.647  INFO 30268 --- [pool-3-thread-1] tourGuide.service.TourGuideService       : Track Location for user internalUser73
2022-10-11 23:40:10.647  INFO 30268 --- [pool-3-thread-1] tourGuide.service.TourGuideService       : Track Location for user internalUser76
2022-10-11 23:40:10.648  INFO 30268 --- [pool-3-thread-1] tourGuide.service.TourGuideService       : Track Location for user internalUser75
2022-10-11 23:40:10.648  INFO 30268 --- [pool-3-thread-1] tourGuide.service.TourGuideService       : Track Location for user internalUser70
2022-10-11 23:40:10.648  INFO 30268 --- [pool-3-thread-1] tourGuide.service.TourGuideService       : Track Location for user internalUser72
2022-10-11 23:40:10.648  INFO 30268 --- [pool-3-thread-1] tourGuide.service.TourGuideService       : Track Location for user internalUser71
2022-10-11 23:40:10.649  INFO 30268 --- [pool-3-thread-1] tourGuide.service.TourGuideService       : Track Location for user internalUser90
2022-10-11 23:40:10.649  INFO 30268 --- [pool-3-thread-1] tourGuide.service.TourGuideService       : Track Location for user internalUser89
2022-10-11 23:40:10.649  INFO 30268 --- [pool-3-thread-1] tourGuide.service.TourGuideService       : Track Location for user internalUser88
2022-10-11 23:40:10.649  INFO 30268 --- [pool-3-thread-1] tourGuide.service.TourGuideService       : Track Location for user internalUser85
2022-10-11 23:40:10.650  INFO 30268 --- [pool-3-thread-1] tourGuide.service.TourGuideService       : Track Location for user internalUser84
2022-10-11 23:40:10.650  INFO 30268 --- [pool-3-thread-1] tourGuide.service.TourGuideService       : Track Location for user internalUser87
2022-10-11 23:40:10.650  INFO 30268 --- [pool-3-thread-1] tourGuide.service.TourGuideService       : Track Location for user internalUser86
2022-10-11 23:40:10.650  INFO 30268 --- [pool-3-thread-1] tourGuide.service.TourGuideService       : Track Location for user internalUser81
2022-10-11 23:40:10.651  INFO 30268 --- [pool-3-thread-1] tourGuide.service.TourGuideService       : Track Location for user internalUser80
2022-10-11 23:40:10.651  INFO 30268 --- [pool-3-thread-1] tourGuide.service.TourGuideService       : Track Location for user internalUser83
2022-10-11 23:40:10.651  INFO 30268 --- [pool-3-thread-1] tourGuide.service.TourGuideService       : Track Location for user internalUser82
2022-10-11 23:40:10.651  INFO 30268 --- [pool-3-thread-1] tourGuide.service.TourGuideService       : Track Location for user internalUser9
2022-10-11 23:40:10.651  INFO 30268 --- [pool-3-thread-1] tourGuide.service.TourGuideService       : Track Location for user internalUser8
2022-10-11 23:40:10.652  INFO 30268 --- [pool-3-thread-1] tourGuide.service.TourGuideService       : Track Location for user internalUser19
2022-10-11 23:40:10.652  INFO 30268 --- [pool-3-thread-1] tourGuide.service.TourGuideService       : Track Location for user internalUser16
2022-10-11 23:40:10.652  INFO 30268 --- [pool-3-thread-1] tourGuide.service.TourGuideService       : Track Location for user internalUser15
2022-10-11 23:40:10.652  INFO 30268 --- [pool-3-thread-1] tourGuide.service.TourGuideService       : Track Location for user internalUser18
2022-10-11 23:40:10.653  INFO 30268 --- [pool-3-thread-1] tourGuide.service.TourGuideService       : Track Location for user internalUser17
2022-10-11 23:40:10.653  INFO 30268 --- [pool-3-thread-1] tourGuide.service.TourGuideService       : Track Location for user internalUser12
2022-10-11 23:40:10.653  INFO 30268 --- [pool-3-thread-1] tourGuide.service.TourGuideService       : Track Location for user internalUser11
2022-10-11 23:40:10.653  INFO 30268 --- [pool-3-thread-1] tourGuide.service.TourGuideService       : Track Location for user internalUser99
2022-10-11 23:40:10.653  INFO 30268 --- [pool-3-thread-1] tourGuide.service.TourGuideService       : Track Location for user internalUser14
2022-10-11 23:40:10.654  INFO 30268 --- [pool-3-thread-1] tourGuide.service.TourGuideService       : Track Location for user internalUser13
2022-10-11 23:40:10.654  INFO 30268 --- [pool-3-thread-1] tourGuide.service.TourGuideService       : Track Location for user internalUser3
2022-10-11 23:40:10.654  INFO 30268 --- [pool-3-thread-1] tourGuide.service.TourGuideService       : Track Location for user internalUser96
2022-10-11 23:40:10.654  INFO 30268 --- [pool-3-thread-1] tourGuide.service.TourGuideService       : Track Location for user internalUser2
2022-10-11 23:40:10.654  INFO 30268 --- [pool-3-thread-1] tourGuide.service.TourGuideService       : Track Location for user internalUser95
2022-10-11 23:40:10.655  INFO 30268 --- [pool-3-thread-1] tourGuide.service.TourGuideService       : Track Location for user internalUser1
2022-10-11 23:40:10.655  INFO 30268 --- [pool-3-thread-1] tourGuide.service.TourGuideService       : Track Location for user internalUser10
2022-10-11 23:40:10.655  INFO 30268 --- [pool-3-thread-1] tourGuide.service.TourGuideService       : Track Location for user internalUser98
2022-10-11 23:40:10.655  INFO 30268 --- [pool-3-thread-1] tourGuide.service.TourGuideService       : Track Location for user internalUser0
2022-10-11 23:40:10.655  INFO 30268 --- [pool-3-thread-1] tourGuide.service.TourGuideService       : Track Location for user internalUser97
2022-10-11 23:40:10.655  INFO 30268 --- [pool-3-thread-1] tourGuide.service.TourGuideService       : Track Location for user internalUser7
2022-10-11 23:40:10.656  INFO 30268 --- [pool-3-thread-1] tourGuide.service.TourGuideService       : Track Location for user internalUser92
2022-10-11 23:40:10.656  INFO 30268 --- [pool-3-thread-1] tourGuide.service.TourGuideService       : Track Location for user internalUser6
2022-10-11 23:40:10.656  INFO 30268 --- [pool-3-thread-1] tourGuide.service.TourGuideService       : Track Location for user internalUser91
2022-10-11 23:40:10.656  INFO 30268 --- [pool-3-thread-1] tourGuide.service.TourGuideService       : Track Location for user internalUser5
2022-10-11 23:40:10.656  INFO 30268 --- [pool-3-thread-1] tourGuide.service.TourGuideService       : Track Location for user internalUser94
2022-10-11 23:40:10.657  INFO 30268 --- [pool-3-thread-1] tourGuide.service.TourGuideService       : Track Location for user internalUser4
2022-10-11 23:40:10.657  INFO 30268 --- [pool-3-thread-1] tourGuide.service.TourGuideService       : Track Location for user internalUser93
2022-10-11 23:40:10.657  INFO 30268 --- [pool-3-thread-1] tourGuide.service.TourGuideService       : Track Location for user internalUser27
2022-10-11 23:40:10.657  INFO 30268 --- [pool-3-thread-1] tourGuide.service.TourGuideService       : Track Location for user internalUser26
2022-10-11 23:40:10.657  INFO 30268 --- [pool-3-thread-1] tourGuide.service.TourGuideService       : Track Location for user internalUser29
2022-10-11 23:40:10.658  INFO 30268 --- [pool-3-thread-1] tourGuide.service.TourGuideService       : Track Location for user internalUser28
2022-10-11 23:40:10.658  INFO 30268 --- [pool-3-thread-1] tourGuide.service.TourGuideService       : Track Location for user internalUser23
2022-10-11 23:40:10.658  INFO 30268 --- [pool-3-thread-1] tourGuide.service.TourGuideService       : Track Location for user internalUser22
2022-10-11 23:40:10.659  INFO 30268 --- [pool-3-thread-1] tourGuide.service.TourGuideService       : Track Location for user internalUser25
2022-10-11 23:40:10.659  INFO 30268 --- [pool-3-thread-1] tourGuide.service.TourGuideService       : Track Location for user internalUser24
2022-10-11 23:40:10.659  INFO 30268 --- [pool-3-thread-1] tourGuide.service.TourGuideService       : Track Location for user internalUser21
2022-10-11 23:40:10.659  INFO 30268 --- [pool-3-thread-1] tourGuide.service.TourGuideService       : Track Location for user internalUser20
2022-10-11 23:40:10.659  INFO 30268 --- [pool-3-thread-1] tourGuide.service.TourGuideService       : Track Location for user internalUser38
2022-10-11 23:40:10.660  INFO 30268 --- [pool-3-thread-1] tourGuide.service.TourGuideService       : Track Location for user internalUser37
2022-10-11 23:40:10.660  INFO 30268 --- [pool-3-thread-1] tourGuide.service.TourGuideService       : Track Location for user internalUser39
2022-10-11 23:40:10.660  INFO 30268 --- [pool-3-thread-1] tourGuide.service.TourGuideService       : Track Location for user internalUser34
2022-10-11 23:40:10.660  INFO 30268 --- [pool-3-thread-1] tourGuide.service.TourGuideService       : Track Location for user internalUser33
2022-10-11 23:40:10.660  INFO 30268 --- [pool-3-thread-1] tourGuide.service.TourGuideService       : Track Location for user internalUser36
2022-10-11 23:40:10.661  INFO 30268 --- [pool-3-thread-1] tourGuide.service.TourGuideService       : Track Location for user internalUser35
2022-10-11 23:40:10.661  INFO 30268 --- [pool-3-thread-1] tourGuide.service.TourGuideService       : Track Location for user internalUser30
2022-10-11 23:40:10.661  INFO 30268 --- [pool-3-thread-1] tourGuide.service.TourGuideService       : Track Location for user internalUser32
2022-10-11 23:40:10.661  INFO 30268 --- [pool-3-thread-1] tourGuide.service.TourGuideService       : Track Location for user internalUser31
2022-10-11 23:40:10.661  INFO 30268 --- [pool-3-thread-1] tourGuide.service.TourGuideService       : Track Location for user internalUser49
2022-10-11 23:40:10.662  INFO 30268 --- [pool-3-thread-1] tourGuide.service.TourGuideService       : Track Location for user internalUser48
2022-10-11 23:40:10.662  INFO 30268 --- [pool-3-thread-1] tourGuide.service.TourGuideService       : Track Location for user internalUser45
2022-10-11 23:40:10.662  INFO 30268 --- [pool-3-thread-1] tourGuide.service.TourGuideService       : Track Location for user internalUser44
2022-10-11 23:40:10.662  INFO 30268 --- [pool-3-thread-1] tourGuide.service.TourGuideService       : Track Location for user internalUser47
2022-10-11 23:40:10.662  INFO 30268 --- [pool-3-thread-1] tourGuide.service.TourGuideService       : Track Location for user internalUser46
2022-10-11 23:40:10.663  INFO 30268 --- [pool-3-thread-1] tourGuide.service.TourGuideService       : Track Location for user internalUser41
2022-10-11 23:40:10.663  INFO 30268 --- [pool-3-thread-1] tourGuide.service.TourGuideService       : Track Location for user internalUser40
2022-10-11 23:40:10.663  INFO 30268 --- [pool-3-thread-1] tourGuide.service.TourGuideService       : Track Location for user internalUser43
2022-10-11 23:40:10.663  INFO 30268 --- [pool-3-thread-1] tourGuide.service.TourGuideService       : Track Location for user internalUser42
2022-10-11 23:40:10.664  INFO 30268 --- [pool-3-thread-1] tourGuide.service.TourGuideService       : Track Location for user internalUser59
2022-10-11 23:40:10.664  INFO 30268 --- [pool-3-thread-1] tourGuide.service.TourGuideService       : Track Location for user internalUser56
2022-10-11 23:40:10.664  INFO 30268 --- [pool-3-thread-1] tourGuide.service.TourGuideService       : Track Location for user internalUser55
2022-10-11 23:40:10.664  INFO 30268 --- [pool-3-thread-1] tourGuide.service.TourGuideService       : Track Location for user internalUser58
2022-10-11 23:40:10.664  INFO 30268 --- [pool-3-thread-1] tourGuide.service.TourGuideService       : Track Location for user internalUser57
2022-10-11 23:40:10.665  INFO 30268 --- [pool-3-thread-1] tourGuide.service.TourGuideService       : Track Location for user internalUser52
2022-10-11 23:40:10.665  INFO 30268 --- [pool-3-thread-1] tourGuide.service.TourGuideService       : Track Location for user internalUser51
2022-10-11 23:40:10.665  INFO 30268 --- [pool-3-thread-1] tourGuide.service.TourGuideService       : Track Location for user internalUser54
2022-10-11 23:40:10.666  INFO 30268 --- [pool-3-thread-1] tourGuide.service.TourGuideService       : Track Location for user internalUser53
2022-10-11 23:40:10.666  INFO 30268 --- [pool-3-thread-1] tourGuide.service.TourGuideService       : Track Location for user internalUser50
2022-10-11 23:40:10.666  INFO 30268 --- [pool-3-thread-1] tourGuide.service.TourGuideService       : Track Location for user internalUser67
2022-10-11 23:40:10.666  INFO 30268 --- [pool-3-thread-1] tourGuide.service.TourGuideService       : Track Location for user internalUser66
2022-10-11 23:40:10.667  INFO 30268 --- [pool-3-thread-1] tourGuide.service.TourGuideService       : Track Location for user internalUser69
2022-10-11 23:40:10.667  INFO 30268 --- [pool-3-thread-1] tourGuide.service.TourGuideService       : Track Location for user internalUser68
2022-10-11 23:40:10.667  INFO 30268 --- [pool-3-thread-1] tourGuide.service.TourGuideService       : Track Location for user internalUser63
2022-10-11 23:40:10.667  INFO 30268 --- [pool-3-thread-1] tourGuide.service.TourGuideService       : Track Location for user internalUser62
2022-10-11 23:40:10.667  INFO 30268 --- [pool-3-thread-1] tourGuide.service.TourGuideService       : Track Location for user internalUser65
2022-10-11 23:40:10.667  INFO 30268 --- [pool-3-thread-1] tourGuide.service.TourGuideService       : Track Location for user internalUser64
2022-10-11 23:40:10.668  INFO 30268 --- [pool-3-thread-1] tourGuide.service.TourGuideService       : Track Location for user internalUser61
2022-10-11 23:40:10.668  INFO 30268 --- [pool-3-thread-1] tourGuide.service.TourGuideService       : Track Location for user internalUser60
2022-10-11 23:40:10.668 DEBUG 30268 --- [pool-3-thread-1] tourGuide.tracker.Tracker                : Tracker Time Elapsed: 0 seconds.
2022-10-11 23:40:10.668 DEBUG 30268 --- [pool-3-thread-1] tourGuide.tracker.Tracker                : Tracker sleeping
2022-10-11 23:40:11.395  INFO 30268 --- [    Test worker] o.s.s.concurrent.ThreadPoolTaskExecutor  : Initializing ExecutorService 'applicationTaskExecutor'
2022-10-11 23:40:12.319  INFO 30268 --- [    Test worker] o.s.b.t.m.w.SpringBootMockServletContext : Initializing Spring TestDispatcherServlet ''
2022-10-11 23:40:12.319  INFO 30268 --- [    Test worker] o.s.t.web.servlet.TestDispatcherServlet  : Initializing Servlet ''
2022-10-11 23:40:12.345  INFO 30268 --- [    Test worker] o.s.b.a.e.web.EndpointLinksResolver      : Exposing 2 endpoint(s) beneath base path '/actuator'
2022-10-11 23:40:12.380  INFO 30268 --- [    Test worker] o.s.t.web.servlet.TestDispatcherServlet  : Completed initialization in 61 ms
2022-10-11 23:40:12.447  INFO 30268 --- [    Test worker] t.controller.TourGuideControllerIT       : Started TourGuideControllerIT in 3.447 seconds (JVM running for 4.855)
]]></system-out>
  <system-err><![CDATA[]]></system-err>
</testsuite>
