<?xml version="1.0" encoding="UTF-8"?>
<testsuite name="tourGuide.TestRewardsService" tests="3" skipped="0" failures="0" errors="0" timestamp="2022-10-03T07:59:11" hostname="LAPTOP-BLPUO737" time="1.932">
  <properties/>
  <testcase name="nearAllAttractions" classname="tourGuide.TestRewardsService" time="1.054"/>
  <testcase name="userGetRewards" classname="tourGuide.TestRewardsService" time="0.861"/>
  <testcase name="isWithinAttractionProximity" classname="tourGuide.TestRewardsService" time="0.015"/>
  <system-out><![CDATA[2022-10-03 09:59:11.904  INFO 38196 --- [    Test worker] tourGuide.service.TourGuideService       : TestMode enabled
2022-10-03 09:59:11.904 DEBUG 38196 --- [    Test worker] tourGuide.service.TourGuideService       : Initializing users
2022-10-03 09:59:11.904 DEBUG 38196 --- [    Test worker] tourGuide.service.TourGuideService       : Created 1 internal test users.
2022-10-03 09:59:11.904 DEBUG 38196 --- [    Test worker] tourGuide.service.TourGuideService       : Finished initializing users
2022-10-03 09:59:11.904 DEBUG 38196 --- [ool-13-thread-1] tourGuide.tracker.Tracker                : Begin Tracker. Tracking 1 users.
2022-10-03 09:59:11.906  INFO 38196 --- [ool-13-thread-1] tourGuide.service.TourGuideService       : Track Location for user internalUser0
2022-10-03 09:59:11.906 DEBUG 38196 --- [ool-13-thread-1] tourGuide.tracker.Tracker                : Tracker Time Elapsed: 0 seconds.
2022-10-03 09:59:11.906 DEBUG 38196 --- [ool-13-thread-1] tourGuide.tracker.Tracker                : Tracker sleeping
2022-10-03 09:59:12.958  INFO 38196 --- [    Test worker] tourGuide.service.TourGuideService       : TestMode enabled
2022-10-03 09:59:12.958 DEBUG 38196 --- [    Test worker] tourGuide.service.TourGuideService       : Initializing users
2022-10-03 09:59:12.959 DEBUG 38196 --- [    Test worker] tourGuide.service.TourGuideService       : Created 0 internal test users.
2022-10-03 09:59:12.959 DEBUG 38196 --- [    Test worker] tourGuide.service.TourGuideService       : Finished initializing users
2022-10-03 09:59:12.960 DEBUG 38196 --- [ool-16-thread-1] tourGuide.tracker.Tracker                : Begin Tracker. Tracking 0 users.
2022-10-03 09:59:12.960 DEBUG 38196 --- [ool-16-thread-1] tourGuide.tracker.Tracker                : Tracker Time Elapsed: 0 seconds.
2022-10-03 09:59:12.960 DEBUG 38196 --- [ool-16-thread-1] tourGuide.tracker.Tracker                : Tracker sleeping
]]></system-out>
  <system-err><![CDATA[]]></system-err>
</testsuite>
