<?xml version="1.0" encoding="UTF-8"?>
<testsuite name="tourGuide.TestPerformance" tests="2" skipped="0" failures="0" errors="0" timestamp="2022-10-03T07:59:05" hostname="LAPTOP-BLPUO737" time="6.335">
  <properties/>
  <testcase name="highVolumeTrackLocation" classname="tourGuide.TestPerformance" time="2.37"/>
  <testcase name="highVolumeGetRewards" classname="tourGuide.TestPerformance" time="3.964"/>
  <system-out><![CDATA[09:59:01.397 [Test worker] DEBUG org.springframework.test.context.junit4.SpringJUnit4ClassRunner - SpringJUnit4ClassRunner constructor called with [class tourGuide.TestPerformance]
09:59:01.409 [Test worker] DEBUG org.springframework.test.context.BootstrapUtils - Instantiating CacheAwareContextLoaderDelegate from class [org.springframework.test.context.cache.DefaultCacheAwareContextLoaderDelegate]
09:59:01.427 [Test worker] DEBUG org.springframework.test.context.BootstrapUtils - Instantiating BootstrapContext using constructor [public org.springframework.test.context.support.DefaultBootstrapContext(java.lang.Class,org.springframework.test.context.CacheAwareContextLoaderDelegate)]
09:59:01.461 [Test worker] DEBUG org.springframework.test.context.BootstrapUtils - Instantiating TestContextBootstrapper for test class [tourGuide.TestPerformance] from class [org.springframework.boot.test.context.SpringBootTestContextBootstrapper]
09:59:01.481 [Test worker] INFO org.springframework.boot.test.context.SpringBootTestContextBootstrapper - Neither @ContextConfiguration nor @ContextHierarchy found for test class [tourGuide.TestPerformance], using SpringBootContextLoader
09:59:01.486 [Test worker] DEBUG org.springframework.test.context.support.AbstractContextLoader - Did not detect default resource location for test class [tourGuide.TestPerformance]: class path resource [tourGuide/TestPerformance-context.xml] does not exist
09:59:01.487 [Test worker] DEBUG org.springframework.test.context.support.AbstractContextLoader - Did not detect default resource location for test class [tourGuide.TestPerformance]: class path resource [tourGuide/TestPerformanceContext.groovy] does not exist
09:59:01.488 [Test worker] INFO org.springframework.test.context.support.AbstractContextLoader - Could not detect default resource locations for test class [tourGuide.TestPerformance]: no resource found for suffixes {-context.xml, Context.groovy}.
09:59:01.489 [Test worker] INFO org.springframework.test.context.support.AnnotationConfigContextLoaderUtils - Could not detect default configuration classes for test class [tourGuide.TestPerformance]: TestPerformance does not declare any static, non-private, non-final, nested classes annotated with @Configuration.
09:59:01.542 [Test worker] DEBUG org.springframework.test.context.support.ActiveProfilesUtils - Could not find an 'annotation declaring class' for annotation type [org.springframework.test.context.ActiveProfiles] and class [tourGuide.TestPerformance]
09:59:01.646 [Test worker] DEBUG org.springframework.context.annotation.ClassPathScanningCandidateComponentProvider - Identified candidate component class: file [C:\Users\Franck\3D Objects\side\OC-JAVA-P8\TourGuide\build\classes\java\main\tourGuide\Application.class]
09:59:01.655 [Test worker] INFO org.springframework.boot.test.context.SpringBootTestContextBootstrapper - Found @SpringBootConfiguration tourGuide.Application for test class tourGuide.TestPerformance
09:59:01.807 [Test worker] DEBUG org.springframework.boot.test.context.SpringBootTestContextBootstrapper - @TestExecutionListeners is not present for class [tourGuide.TestPerformance]: using defaults.
09:59:01.808 [Test worker] INFO org.springframework.boot.test.context.SpringBootTestContextBootstrapper - Loaded default TestExecutionListener class names from location [META-INF/spring.factories]: [org.springframework.boot.test.autoconfigure.restdocs.RestDocsTestExecutionListener, org.springframework.boot.test.autoconfigure.web.client.MockRestServiceServerResetTestExecutionListener, org.springframework.boot.test.autoconfigure.web.servlet.MockMvcPrintOnlyOnFailureTestExecutionListener, org.springframework.boot.test.autoconfigure.web.servlet.WebDriverTestExecutionListener, org.springframework.boot.test.mock.mockito.MockitoTestExecutionListener, org.springframework.boot.test.mock.mockito.ResetMocksTestExecutionListener, org.springframework.test.context.web.ServletTestExecutionListener, org.springframework.test.context.support.DirtiesContextBeforeModesTestExecutionListener, org.springframework.test.context.support.DependencyInjectionTestExecutionListener, org.springframework.test.context.support.DirtiesContextTestExecutionListener, org.springframework.test.context.transaction.TransactionalTestExecutionListener, org.springframework.test.context.jdbc.SqlScriptsTestExecutionListener]
09:59:01.830 [Test worker] DEBUG org.springframework.boot.test.context.SpringBootTestContextBootstrapper - Skipping candidate TestExecutionListener [org.springframework.test.context.transaction.TransactionalTestExecutionListener] due to a missing dependency. Specify custom listener classes or make the default listener classes and their required dependencies available. Offending class: [org.springframework.transaction.interceptor.TransactionAttributeSource]
09:59:01.830 [Test worker] DEBUG org.springframework.boot.test.context.SpringBootTestContextBootstrapper - Skipping candidate TestExecutionListener [org.springframework.test.context.jdbc.SqlScriptsTestExecutionListener] due to a missing dependency. Specify custom listener classes or make the default listener classes and their required dependencies available. Offending class: [org.springframework.transaction.interceptor.TransactionAttribute]
09:59:01.831 [Test worker] INFO org.springframework.boot.test.context.SpringBootTestContextBootstrapper - Using TestExecutionListeners: [org.springframework.test.context.web.ServletTestExecutionListener@1006ca85, org.springframework.test.context.support.DirtiesContextBeforeModesTestExecutionListener@82fe9a7a, org.springframework.boot.test.mock.mockito.MockitoTestExecutionListener@7ddaec79, org.springframework.boot.test.autoconfigure.SpringBootDependencyInjectionTestExecutionListener@5d069e51, org.springframework.test.context.support.DirtiesContextTestExecutionListener@61e1571c, org.springframework.boot.test.autoconfigure.restdocs.RestDocsTestExecutionListener@c509ddd0, org.springframework.boot.test.autoconfigure.web.client.MockRestServiceServerResetTestExecutionListener@7a4c4033, org.springframework.boot.test.autoconfigure.web.servlet.MockMvcPrintOnlyOnFailureTestExecutionListener@88d23c74, org.springframework.boot.test.autoconfigure.web.servlet.WebDriverTestExecutionListener@d68a9e4f, org.springframework.boot.test.mock.mockito.ResetMocksTestExecutionListener@f44e6603]
09:59:01.834 [Test worker] DEBUG org.springframework.test.annotation.ProfileValueUtils - Retrieved @ProfileValueSourceConfiguration [null] for test class [tourGuide.TestPerformance]
09:59:01.834 [Test worker] DEBUG org.springframework.test.annotation.ProfileValueUtils - Retrieved ProfileValueSource type [class org.springframework.test.annotation.SystemProfileValueSource] for class [tourGuide.TestPerformance]
09:59:01.835 [Test worker] DEBUG org.springframework.test.annotation.ProfileValueUtils - Retrieved @ProfileValueSourceConfiguration [null] for test class [tourGuide.TestPerformance]
09:59:01.835 [Test worker] DEBUG org.springframework.test.annotation.ProfileValueUtils - Retrieved ProfileValueSource type [class org.springframework.test.annotation.SystemProfileValueSource] for class [tourGuide.TestPerformance]
09:59:01.841 [Test worker] DEBUG org.springframework.test.context.support.AbstractDirtiesContextTestExecutionListener - Before test class: context [DefaultTestContext@c840c96e testClass = TestPerformance, testInstance = [null], testMethod = [null], testException = [null], mergedContextConfiguration = [WebMergedContextConfiguration@e3b86949 testClass = TestPerformance, locations = '{}', classes = '{class tourGuide.Application}', contextInitializerClasses = '[]', activeProfiles = '{}', propertySourceLocations = '{}', propertySourceProperties = '{org.springframework.boot.test.context.SpringBootTestContextBootstrapper=true}', contextCustomizers = set[org.springframework.boot.test.autoconfigure.properties.PropertyMappingContextCustomizer@0, org.springframework.boot.test.autoconfigure.web.servlet.WebDriverContextCustomizerFactory$Customizer@2d05e85a, org.springframework.boot.test.context.filter.ExcludeFilterContextCustomizer@b8193759, org.springframework.boot.test.json.DuplicateJsonObjectContextCustomizerFactory$DuplicateJsonObjectContextCustomizer@c70529d, org.springframework.boot.test.mock.mockito.MockitoContextCustomizer@0, org.springframework.boot.test.web.client.TestRestTemplateContextCustomizer@6e5fbb72], resourceBasePath = 'src/main/webapp', contextLoader = 'org.springframework.boot.test.context.SpringBootContextLoader', parent = [null]], attributes = map['org.springframework.test.context.web.ServletTestExecutionListener.activateListener' -> true]], class annotated with @DirtiesContext [false] with mode [null].
09:59:01.842 [Test worker] DEBUG org.springframework.test.annotation.ProfileValueUtils - Retrieved @ProfileValueSourceConfiguration [null] for test class [tourGuide.TestPerformance]
09:59:01.842 [Test worker] DEBUG org.springframework.test.annotation.ProfileValueUtils - Retrieved ProfileValueSource type [class org.springframework.test.annotation.SystemProfileValueSource] for class [tourGuide.TestPerformance]
09:59:01.875 [Test worker] DEBUG org.springframework.test.context.support.TestPropertySourceUtils - Adding inlined properties to environment: {spring.jmx.enabled=false, org.springframework.boot.test.context.SpringBootTestContextBootstrapper=true, server.port=-1}

  .   ____          _            __ _ _
 /\\ / ___'_ __ _ _(_)_ __  __ _ \ \ \ \
( ( )\___ | '_ | '_| | '_ \/ _` | \ \ \ \
 \\/  ___)| |_)| | | | | || (_| |  ) ) ) )
  '  |____| .__|_| |_|_| |_\__, | / / / /
 =========|_|==============|___/=/_/_/_/
 :: Spring Boot ::        (v2.1.6.RELEASE)

2022-10-03 09:59:02.268  INFO 38196 --- [    Test worker] tourGuide.TestPerformance                : Starting TestPerformance on LAPTOP-BLPUO737 with PID 38196 (started by Franck in C:\Users\Franck\3D Objects\side\OC-JAVA-P8\TourGuide)
2022-10-03 09:59:02.269 DEBUG 38196 --- [    Test worker] tourGuide.TestPerformance                : Running with Spring Boot v2.1.6.RELEASE, Spring v5.1.8.RELEASE
2022-10-03 09:59:02.270  INFO 38196 --- [    Test worker] tourGuide.TestPerformance                : No active profile set, falling back to default profiles: default
2022-10-03 09:59:03.896  INFO 38196 --- [    Test worker] tourGuide.service.TourGuideService       : TestMode enabled
2022-10-03 09:59:03.896 DEBUG 38196 --- [    Test worker] tourGuide.service.TourGuideService       : Initializing users
2022-10-03 09:59:03.921  INFO 38196 --- [    Test worker] o.j.m.DefaultMonetaryContextFactory      : Using custom MathContext: precision=256, roundingMode=HALF_EVEN
2022-10-03 09:59:03.940 DEBUG 38196 --- [    Test worker] tourGuide.service.TourGuideService       : Created 100 internal test users.
2022-10-03 09:59:03.941 DEBUG 38196 --- [    Test worker] tourGuide.service.TourGuideService       : Finished initializing users
2022-10-03 09:59:03.947 DEBUG 38196 --- [pool-3-thread-1] tourGuide.tracker.Tracker                : Begin Tracker. Tracking 100 users.
2022-10-03 09:59:03.947  INFO 38196 --- [pool-3-thread-1] tourGuide.service.TourGuideService       : Track Location for user internalUser78
2022-10-03 09:59:03.954  INFO 38196 --- [pool-3-thread-1] tourGuide.service.TourGuideService       : Track Location for user internalUser77
2022-10-03 09:59:03.955  INFO 38196 --- [pool-3-thread-1] tourGuide.service.TourGuideService       : Track Location for user internalUser79
2022-10-03 09:59:03.955  INFO 38196 --- [pool-3-thread-1] tourGuide.service.TourGuideService       : Track Location for user internalUser74
2022-10-03 09:59:03.955  INFO 38196 --- [pool-3-thread-1] tourGuide.service.TourGuideService       : Track Location for user internalUser73
2022-10-03 09:59:03.956  INFO 38196 --- [pool-3-thread-1] tourGuide.service.TourGuideService       : Track Location for user internalUser76
2022-10-03 09:59:03.956  INFO 38196 --- [pool-3-thread-1] tourGuide.service.TourGuideService       : Track Location for user internalUser75
2022-10-03 09:59:03.957  INFO 38196 --- [pool-3-thread-1] tourGuide.service.TourGuideService       : Track Location for user internalUser70
2022-10-03 09:59:03.957  INFO 38196 --- [pool-3-thread-1] tourGuide.service.TourGuideService       : Track Location for user internalUser72
2022-10-03 09:59:03.957  INFO 38196 --- [pool-3-thread-1] tourGuide.service.TourGuideService       : Track Location for user internalUser71
2022-10-03 09:59:03.957  INFO 38196 --- [pool-3-thread-1] tourGuide.service.TourGuideService       : Track Location for user internalUser90
2022-10-03 09:59:03.958  INFO 38196 --- [pool-3-thread-1] tourGuide.service.TourGuideService       : Track Location for user internalUser89
2022-10-03 09:59:03.958  INFO 38196 --- [pool-3-thread-1] tourGuide.service.TourGuideService       : Track Location for user internalUser88
2022-10-03 09:59:03.958  INFO 38196 --- [pool-3-thread-1] tourGuide.service.TourGuideService       : Track Location for user internalUser85
2022-10-03 09:59:03.958  INFO 38196 --- [pool-3-thread-1] tourGuide.service.TourGuideService       : Track Location for user internalUser84
2022-10-03 09:59:03.958  INFO 38196 --- [pool-3-thread-1] tourGuide.service.TourGuideService       : Track Location for user internalUser87
2022-10-03 09:59:03.959  INFO 38196 --- [pool-3-thread-1] tourGuide.service.TourGuideService       : Track Location for user internalUser86
2022-10-03 09:59:03.959  INFO 38196 --- [pool-3-thread-1] tourGuide.service.TourGuideService       : Track Location for user internalUser81
2022-10-03 09:59:03.959  INFO 38196 --- [pool-3-thread-1] tourGuide.service.TourGuideService       : Track Location for user internalUser80
2022-10-03 09:59:03.960  INFO 38196 --- [pool-3-thread-1] tourGuide.service.TourGuideService       : Track Location for user internalUser83
2022-10-03 09:59:03.960  INFO 38196 --- [pool-3-thread-1] tourGuide.service.TourGuideService       : Track Location for user internalUser82
2022-10-03 09:59:03.960  INFO 38196 --- [pool-3-thread-1] tourGuide.service.TourGuideService       : Track Location for user internalUser9
2022-10-03 09:59:03.960  INFO 38196 --- [pool-3-thread-1] tourGuide.service.TourGuideService       : Track Location for user internalUser8
2022-10-03 09:59:03.961  INFO 38196 --- [pool-3-thread-1] tourGuide.service.TourGuideService       : Track Location for user internalUser19
2022-10-03 09:59:03.961  INFO 38196 --- [pool-3-thread-1] tourGuide.service.TourGuideService       : Track Location for user internalUser16
2022-10-03 09:59:03.961  INFO 38196 --- [pool-3-thread-1] tourGuide.service.TourGuideService       : Track Location for user internalUser15
2022-10-03 09:59:03.962  INFO 38196 --- [pool-3-thread-1] tourGuide.service.TourGuideService       : Track Location for user internalUser18
2022-10-03 09:59:03.962  INFO 38196 --- [pool-3-thread-1] tourGuide.service.TourGuideService       : Track Location for user internalUser17
2022-10-03 09:59:03.962  INFO 38196 --- [pool-3-thread-1] tourGuide.service.TourGuideService       : Track Location for user internalUser12
2022-10-03 09:59:03.962  INFO 38196 --- [pool-3-thread-1] tourGuide.service.TourGuideService       : Track Location for user internalUser11
2022-10-03 09:59:03.962  INFO 38196 --- [pool-3-thread-1] tourGuide.service.TourGuideService       : Track Location for user internalUser99
2022-10-03 09:59:03.963  INFO 38196 --- [pool-3-thread-1] tourGuide.service.TourGuideService       : Track Location for user internalUser14
2022-10-03 09:59:03.963  INFO 38196 --- [pool-3-thread-1] tourGuide.service.TourGuideService       : Track Location for user internalUser13
2022-10-03 09:59:03.963  INFO 38196 --- [pool-3-thread-1] tourGuide.service.TourGuideService       : Track Location for user internalUser3
2022-10-03 09:59:03.963  INFO 38196 --- [pool-3-thread-1] tourGuide.service.TourGuideService       : Track Location for user internalUser96
2022-10-03 09:59:03.963  INFO 38196 --- [pool-3-thread-1] tourGuide.service.TourGuideService       : Track Location for user internalUser2
2022-10-03 09:59:03.964  INFO 38196 --- [pool-3-thread-1] tourGuide.service.TourGuideService       : Track Location for user internalUser95
2022-10-03 09:59:03.964  INFO 38196 --- [pool-3-thread-1] tourGuide.service.TourGuideService       : Track Location for user internalUser1
2022-10-03 09:59:03.964  INFO 38196 --- [pool-3-thread-1] tourGuide.service.TourGuideService       : Track Location for user internalUser10
2022-10-03 09:59:03.964  INFO 38196 --- [pool-3-thread-1] tourGuide.service.TourGuideService       : Track Location for user internalUser98
2022-10-03 09:59:03.964  INFO 38196 --- [pool-3-thread-1] tourGuide.service.TourGuideService       : Track Location for user internalUser0
2022-10-03 09:59:03.965  INFO 38196 --- [pool-3-thread-1] tourGuide.service.TourGuideService       : Track Location for user internalUser97
2022-10-03 09:59:03.965  INFO 38196 --- [pool-3-thread-1] tourGuide.service.TourGuideService       : Track Location for user internalUser7
2022-10-03 09:59:03.965  INFO 38196 --- [pool-3-thread-1] tourGuide.service.TourGuideService       : Track Location for user internalUser92
2022-10-03 09:59:03.965  INFO 38196 --- [pool-3-thread-1] tourGuide.service.TourGuideService       : Track Location for user internalUser6
2022-10-03 09:59:03.966  INFO 38196 --- [pool-3-thread-1] tourGuide.service.TourGuideService       : Track Location for user internalUser91
2022-10-03 09:59:03.966  INFO 38196 --- [pool-3-thread-1] tourGuide.service.TourGuideService       : Track Location for user internalUser5
2022-10-03 09:59:03.966  INFO 38196 --- [pool-3-thread-1] tourGuide.service.TourGuideService       : Track Location for user internalUser94
2022-10-03 09:59:03.966  INFO 38196 --- [pool-3-thread-1] tourGuide.service.TourGuideService       : Track Location for user internalUser4
2022-10-03 09:59:03.966  INFO 38196 --- [pool-3-thread-1] tourGuide.service.TourGuideService       : Track Location for user internalUser93
2022-10-03 09:59:03.967  INFO 38196 --- [pool-3-thread-1] tourGuide.service.TourGuideService       : Track Location for user internalUser27
2022-10-03 09:59:03.967  INFO 38196 --- [pool-3-thread-1] tourGuide.service.TourGuideService       : Track Location for user internalUser26
2022-10-03 09:59:03.967  INFO 38196 --- [pool-3-thread-1] tourGuide.service.TourGuideService       : Track Location for user internalUser29
2022-10-03 09:59:03.967  INFO 38196 --- [pool-3-thread-1] tourGuide.service.TourGuideService       : Track Location for user internalUser28
2022-10-03 09:59:03.967  INFO 38196 --- [pool-3-thread-1] tourGuide.service.TourGuideService       : Track Location for user internalUser23
2022-10-03 09:59:03.968  INFO 38196 --- [pool-3-thread-1] tourGuide.service.TourGuideService       : Track Location for user internalUser22
2022-10-03 09:59:03.968  INFO 38196 --- [pool-3-thread-1] tourGuide.service.TourGuideService       : Track Location for user internalUser25
2022-10-03 09:59:03.968  INFO 38196 --- [pool-3-thread-1] tourGuide.service.TourGuideService       : Track Location for user internalUser24
2022-10-03 09:59:03.968  INFO 38196 --- [pool-3-thread-1] tourGuide.service.TourGuideService       : Track Location for user internalUser21
2022-10-03 09:59:03.969  INFO 38196 --- [pool-3-thread-1] tourGuide.service.TourGuideService       : Track Location for user internalUser20
2022-10-03 09:59:03.969  INFO 38196 --- [pool-3-thread-1] tourGuide.service.TourGuideService       : Track Location for user internalUser38
2022-10-03 09:59:03.969  INFO 38196 --- [pool-3-thread-1] tourGuide.service.TourGuideService       : Track Location for user internalUser37
2022-10-03 09:59:03.969  INFO 38196 --- [pool-3-thread-1] tourGuide.service.TourGuideService       : Track Location for user internalUser39
2022-10-03 09:59:03.970  INFO 38196 --- [pool-3-thread-1] tourGuide.service.TourGuideService       : Track Location for user internalUser34
2022-10-03 09:59:03.970  INFO 38196 --- [pool-3-thread-1] tourGuide.service.TourGuideService       : Track Location for user internalUser33
2022-10-03 09:59:03.970  INFO 38196 --- [pool-3-thread-1] tourGuide.service.TourGuideService       : Track Location for user internalUser36
2022-10-03 09:59:03.970  INFO 38196 --- [pool-3-thread-1] tourGuide.service.TourGuideService       : Track Location for user internalUser35
2022-10-03 09:59:03.970  INFO 38196 --- [pool-3-thread-1] tourGuide.service.TourGuideService       : Track Location for user internalUser30
2022-10-03 09:59:03.971  INFO 38196 --- [pool-3-thread-1] tourGuide.service.TourGuideService       : Track Location for user internalUser32
2022-10-03 09:59:03.971  INFO 38196 --- [pool-3-thread-1] tourGuide.service.TourGuideService       : Track Location for user internalUser31
2022-10-03 09:59:03.971  INFO 38196 --- [pool-3-thread-1] tourGuide.service.TourGuideService       : Track Location for user internalUser49
2022-10-03 09:59:03.971  INFO 38196 --- [pool-3-thread-1] tourGuide.service.TourGuideService       : Track Location for user internalUser48
2022-10-03 09:59:03.971  INFO 38196 --- [pool-3-thread-1] tourGuide.service.TourGuideService       : Track Location for user internalUser45
2022-10-03 09:59:03.972  INFO 38196 --- [pool-3-thread-1] tourGuide.service.TourGuideService       : Track Location for user internalUser44
2022-10-03 09:59:03.972  INFO 38196 --- [pool-3-thread-1] tourGuide.service.TourGuideService       : Track Location for user internalUser47
2022-10-03 09:59:03.972  INFO 38196 --- [pool-3-thread-1] tourGuide.service.TourGuideService       : Track Location for user internalUser46
2022-10-03 09:59:03.972  INFO 38196 --- [pool-3-thread-1] tourGuide.service.TourGuideService       : Track Location for user internalUser41
2022-10-03 09:59:03.973  INFO 38196 --- [pool-3-thread-1] tourGuide.service.TourGuideService       : Track Location for user internalUser40
2022-10-03 09:59:03.973  INFO 38196 --- [pool-3-thread-1] tourGuide.service.TourGuideService       : Track Location for user internalUser43
2022-10-03 09:59:03.973  INFO 38196 --- [pool-3-thread-1] tourGuide.service.TourGuideService       : Track Location for user internalUser42
2022-10-03 09:59:03.973  INFO 38196 --- [pool-3-thread-1] tourGuide.service.TourGuideService       : Track Location for user internalUser59
2022-10-03 09:59:03.973  INFO 38196 --- [pool-3-thread-1] tourGuide.service.TourGuideService       : Track Location for user internalUser56
2022-10-03 09:59:03.974  INFO 38196 --- [pool-3-thread-1] tourGuide.service.TourGuideService       : Track Location for user internalUser55
2022-10-03 09:59:03.974  INFO 38196 --- [pool-3-thread-1] tourGuide.service.TourGuideService       : Track Location for user internalUser58
2022-10-03 09:59:03.974  INFO 38196 --- [pool-3-thread-1] tourGuide.service.TourGuideService       : Track Location for user internalUser57
2022-10-03 09:59:03.974  INFO 38196 --- [pool-3-thread-1] tourGuide.service.TourGuideService       : Track Location for user internalUser52
2022-10-03 09:59:03.974  INFO 38196 --- [pool-3-thread-1] tourGuide.service.TourGuideService       : Track Location for user internalUser51
2022-10-03 09:59:03.975  INFO 38196 --- [pool-3-thread-1] tourGuide.service.TourGuideService       : Track Location for user internalUser54
2022-10-03 09:59:03.975  INFO 38196 --- [pool-3-thread-1] tourGuide.service.TourGuideService       : Track Location for user internalUser53
2022-10-03 09:59:03.975  INFO 38196 --- [pool-3-thread-1] tourGuide.service.TourGuideService       : Track Location for user internalUser50
2022-10-03 09:59:03.975  INFO 38196 --- [pool-3-thread-1] tourGuide.service.TourGuideService       : Track Location for user internalUser67
2022-10-03 09:59:03.976  INFO 38196 --- [pool-3-thread-1] tourGuide.service.TourGuideService       : Track Location for user internalUser66
2022-10-03 09:59:03.976  INFO 38196 --- [pool-3-thread-1] tourGuide.service.TourGuideService       : Track Location for user internalUser69
2022-10-03 09:59:03.976  INFO 38196 --- [pool-3-thread-1] tourGuide.service.TourGuideService       : Track Location for user internalUser68
2022-10-03 09:59:03.976  INFO 38196 --- [pool-3-thread-1] tourGuide.service.TourGuideService       : Track Location for user internalUser63
2022-10-03 09:59:03.976  INFO 38196 --- [pool-3-thread-1] tourGuide.service.TourGuideService       : Track Location for user internalUser62
2022-10-03 09:59:03.977  INFO 38196 --- [pool-3-thread-1] tourGuide.service.TourGuideService       : Track Location for user internalUser65
2022-10-03 09:59:03.977  INFO 38196 --- [pool-3-thread-1] tourGuide.service.TourGuideService       : Track Location for user internalUser64
2022-10-03 09:59:03.977  INFO 38196 --- [pool-3-thread-1] tourGuide.service.TourGuideService       : Track Location for user internalUser61
2022-10-03 09:59:03.977  INFO 38196 --- [pool-3-thread-1] tourGuide.service.TourGuideService       : Track Location for user internalUser60
2022-10-03 09:59:03.978 DEBUG 38196 --- [pool-3-thread-1] tourGuide.tracker.Tracker                : Tracker Time Elapsed: 0 seconds.
2022-10-03 09:59:03.978 DEBUG 38196 --- [pool-3-thread-1] tourGuide.tracker.Tracker                : Tracker sleeping
2022-10-03 09:59:04.712  INFO 38196 --- [    Test worker] o.s.s.concurrent.ThreadPoolTaskExecutor  : Initializing ExecutorService 'applicationTaskExecutor'
2022-10-03 09:59:05.478  INFO 38196 --- [    Test worker] o.s.b.a.e.web.EndpointLinksResolver      : Exposing 2 endpoint(s) beneath base path '/actuator'
2022-10-03 09:59:05.538  INFO 38196 --- [    Test worker] tourGuide.TestPerformance                : Started TestPerformance in 3.647 seconds (JVM running for 5.193)
2022-10-03 09:59:05.922  INFO 38196 --- [    Test worker] tourGuide.service.TourGuideService       : TestMode enabled
2022-10-03 09:59:05.923 DEBUG 38196 --- [    Test worker] tourGuide.service.TourGuideService       : Initializing users
2022-10-03 09:59:05.959 DEBUG 38196 --- [    Test worker] tourGuide.service.TourGuideService       : Created 1000 internal test users.
2022-10-03 09:59:05.959 DEBUG 38196 --- [    Test worker] tourGuide.service.TourGuideService       : Finished initializing users
2022-10-03 09:59:05.960  INFO 38196 --- [    Test worker] tourGuide.service.TourGuideService       : Track Location for user internalUser163
2022-10-03 09:59:05.960 DEBUG 38196 --- [pool-7-thread-1] tourGuide.tracker.Tracker                : Begin Tracker. Tracking 1000 users.
2022-10-03 09:59:05.960  INFO 38196 --- [pool-7-thread-1] tourGuide.service.TourGuideService       : Track Location for user internalUser163
2022-10-03 09:59:05.961  INFO 38196 --- [    Test worker] tourGuide.service.TourGuideService       : Track Location for user internalUser164
2022-10-03 09:59:05.961  INFO 38196 --- [pool-7-thread-1] tourGuide.service.TourGuideService       : Track Location for user internalUser164
2022-10-03 09:59:05.961  INFO 38196 --- [    Test worker] tourGuide.service.TourGuideService       : Track Location for user internalUser161
2022-10-03 09:59:05.961  INFO 38196 --- [pool-7-thread-1] tourGuide.service.TourGuideService       : Track Location for user internalUser161
2022-10-03 09:59:05.961  INFO 38196 --- [    Test worker] tourGuide.service.TourGuideService       : Track Location for user internalUser162
2022-10-03 09:59:05.961  INFO 38196 --- [pool-7-thread-1] tourGuide.service.TourGuideService       : Track Location for user internalUser162
2022-10-03 09:59:05.962  INFO 38196 --- [    Test worker] tourGuide.service.TourGuideService       : Track Location for user internalUser160
2022-10-03 09:59:05.962  INFO 38196 --- [pool-7-thread-1] tourGuide.service.TourGuideService       : Track Location for user internalUser160
2022-10-03 09:59:05.962  INFO 38196 --- [    Test worker] tourGuide.service.TourGuideService       : Track Location for user internalUser169
2022-10-03 09:59:05.962  INFO 38196 --- [pool-7-thread-1] tourGuide.service.TourGuideService       : Track Location for user internalUser169
2022-10-03 09:59:05.962  INFO 38196 --- [    Test worker] tourGuide.service.TourGuideService       : Track Location for user internalUser167
2022-10-03 09:59:05.962  INFO 38196 --- [pool-7-thread-1] tourGuide.service.TourGuideService       : Track Location for user internalUser167
2022-10-03 09:59:05.962  INFO 38196 --- [    Test worker] tourGuide.service.TourGuideService       : Track Location for user internalUser168
2022-10-03 09:59:05.962  INFO 38196 --- [pool-7-thread-1] tourGuide.service.TourGuideService       : Track Location for user internalUser168
2022-10-03 09:59:05.963  INFO 38196 --- [    Test worker] tourGuide.service.TourGuideService       : Track Location for user internalUser165
2022-10-03 09:59:05.963  INFO 38196 --- [pool-7-thread-1] tourGuide.service.TourGuideService       : Track Location for user internalUser165
2022-10-03 09:59:05.963  INFO 38196 --- [    Test worker] tourGuide.service.TourGuideService       : Track Location for user internalUser166
2022-10-03 09:59:05.963  INFO 38196 --- [pool-7-thread-1] tourGuide.service.TourGuideService       : Track Location for user internalUser166
2022-10-03 09:59:05.963  INFO 38196 --- [    Test worker] tourGuide.service.TourGuideService       : Track Location for user internalUser174
2022-10-03 09:59:05.963  INFO 38196 --- [pool-7-thread-1] tourGuide.service.TourGuideService       : Track Location for user internalUser174
2022-10-03 09:59:05.963  INFO 38196 --- [    Test worker] tourGuide.service.TourGuideService       : Track Location for user internalUser175
2022-10-03 09:59:05.964  INFO 38196 --- [pool-7-thread-1] tourGuide.service.TourGuideService       : Track Location for user internalUser175
2022-10-03 09:59:05.964  INFO 38196 --- [    Test worker] tourGuide.service.TourGuideService       : Track Location for user internalUser172
2022-10-03 09:59:05.964  INFO 38196 --- [pool-7-thread-1] tourGuide.service.TourGuideService       : Track Location for user internalUser172
2022-10-03 09:59:05.964  INFO 38196 --- [    Test worker] tourGuide.service.TourGuideService       : Track Location for user internalUser173
2022-10-03 09:59:05.964  INFO 38196 --- [pool-7-thread-1] tourGuide.service.TourGuideService       : Track Location for user internalUser173
2022-10-03 09:59:05.964  INFO 38196 --- [    Test worker] tourGuide.service.TourGuideService       : Track Location for user internalUser170
2022-10-03 09:59:05.964  INFO 38196 --- [pool-7-thread-1] tourGuide.service.TourGuideService       : Track Location for user internalUser170
2022-10-03 09:59:05.964  INFO 38196 --- [    Test worker] tourGuide.service.TourGuideService       : Track Location for user internalUser171
2022-10-03 09:59:05.965  INFO 38196 --- [    Test worker] tourGuide.service.TourGuideService       : Track Location for user internalUser178
2022-10-03 09:59:05.965  INFO 38196 --- [pool-7-thread-1] tourGuide.service.TourGuideService       : Track Location for user internalUser171
2022-10-03 09:59:05.965  INFO 38196 --- [    Test worker] tourGuide.service.TourGuideService       : Track Location for user internalUser179
2022-10-03 09:59:05.965  INFO 38196 --- [pool-7-thread-1] tourGuide.service.TourGuideService       : Track Location for user internalUser178
2022-10-03 09:59:05.965  INFO 38196 --- [    Test worker] tourGuide.service.TourGuideService       : Track Location for user internalUser176
2022-10-03 09:59:05.965  INFO 38196 --- [pool-7-thread-1] tourGuide.service.TourGuideService       : Track Location for user internalUser179
2022-10-03 09:59:05.965  INFO 38196 --- [    Test worker] tourGuide.service.TourGuideService       : Track Location for user internalUser177
2022-10-03 09:59:05.965  INFO 38196 --- [pool-7-thread-1] tourGuide.service.TourGuideService       : Track Location for user internalUser176
2022-10-03 09:59:05.966  INFO 38196 --- [    Test worker] tourGuide.service.TourGuideService       : Track Location for user internalUser185
2022-10-03 09:59:05.966  INFO 38196 --- [pool-7-thread-1] tourGuide.service.TourGuideService       : Track Location for user internalUser177
2022-10-03 09:59:05.966  INFO 38196 --- [    Test worker] tourGuide.service.TourGuideService       : Track Location for user internalUser186
2022-10-03 09:59:05.966  INFO 38196 --- [pool-7-thread-1] tourGuide.service.TourGuideService       : Track Location for user internalUser185
2022-10-03 09:59:05.966  INFO 38196 --- [    Test worker] tourGuide.service.TourGuideService       : Track Location for user internalUser183
2022-10-03 09:59:05.966  INFO 38196 --- [pool-7-thread-1] tourGuide.service.TourGuideService       : Track Location for user internalUser186
2022-10-03 09:59:05.966  INFO 38196 --- [    Test worker] tourGuide.service.TourGuideService       : Track Location for user internalUser184
2022-10-03 09:59:05.966  INFO 38196 --- [pool-7-thread-1] tourGuide.service.TourGuideService       : Track Location for user internalUser183
2022-10-03 09:59:05.966  INFO 38196 --- [    Test worker] tourGuide.service.TourGuideService       : Track Location for user internalUser181
2022-10-03 09:59:05.967  INFO 38196 --- [pool-7-thread-1] tourGuide.service.TourGuideService       : Track Location for user internalUser184
2022-10-03 09:59:05.967  INFO 38196 --- [    Test worker] tourGuide.service.TourGuideService       : Track Location for user internalUser182
2022-10-03 09:59:05.967  INFO 38196 --- [pool-7-thread-1] tourGuide.service.TourGuideService       : Track Location for user internalUser181
2022-10-03 09:59:05.967  INFO 38196 --- [    Test worker] tourGuide.service.TourGuideService       : Track Location for user internalUser180
2022-10-03 09:59:05.967  INFO 38196 --- [pool-7-thread-1] tourGuide.service.TourGuideService       : Track Location for user internalUser182
2022-10-03 09:59:05.967  INFO 38196 --- [    Test worker] tourGuide.service.TourGuideService       : Track Location for user internalUser189
2022-10-03 09:59:05.967  INFO 38196 --- [pool-7-thread-1] tourGuide.service.TourGuideService       : Track Location for user internalUser180
2022-10-03 09:59:05.968  INFO 38196 --- [    Test worker] tourGuide.service.TourGuideService       : Track Location for user internalUser187
2022-10-03 09:59:05.968  INFO 38196 --- [pool-7-thread-1] tourGuide.service.TourGuideService       : Track Location for user internalUser189
2022-10-03 09:59:05.968  INFO 38196 --- [    Test worker] tourGuide.service.TourGuideService       : Track Location for user internalUser188
2022-10-03 09:59:05.968  INFO 38196 --- [pool-7-thread-1] tourGuide.service.TourGuideService       : Track Location for user internalUser187
2022-10-03 09:59:05.968  INFO 38196 --- [    Test worker] tourGuide.service.TourGuideService       : Track Location for user internalUser196
2022-10-03 09:59:05.968  INFO 38196 --- [pool-7-thread-1] tourGuide.service.TourGuideService       : Track Location for user internalUser188
2022-10-03 09:59:05.968  INFO 38196 --- [    Test worker] tourGuide.service.TourGuideService       : Track Location for user internalUser197
2022-10-03 09:59:05.969  INFO 38196 --- [pool-7-thread-1] tourGuide.service.TourGuideService       : Track Location for user internalUser196
2022-10-03 09:59:05.969  INFO 38196 --- [    Test worker] tourGuide.service.TourGuideService       : Track Location for user internalUser194
2022-10-03 09:59:05.969  INFO 38196 --- [pool-7-thread-1] tourGuide.service.TourGuideService       : Track Location for user internalUser197
2022-10-03 09:59:05.969  INFO 38196 --- [    Test worker] tourGuide.service.TourGuideService       : Track Location for user internalUser195
2022-10-03 09:59:05.969  INFO 38196 --- [pool-7-thread-1] tourGuide.service.TourGuideService       : Track Location for user internalUser194
2022-10-03 09:59:05.969  INFO 38196 --- [    Test worker] tourGuide.service.TourGuideService       : Track Location for user internalUser192
2022-10-03 09:59:05.969  INFO 38196 --- [pool-7-thread-1] tourGuide.service.TourGuideService       : Track Location for user internalUser195
2022-10-03 09:59:05.969  INFO 38196 --- [    Test worker] tourGuide.service.TourGuideService       : Track Location for user internalUser193
2022-10-03 09:59:05.969  INFO 38196 --- [pool-7-thread-1] tourGuide.service.TourGuideService       : Track Location for user internalUser192
2022-10-03 09:59:05.969  INFO 38196 --- [    Test worker] tourGuide.service.TourGuideService       : Track Location for user internalUser190
2022-10-03 09:59:05.970  INFO 38196 --- [pool-7-thread-1] tourGuide.service.TourGuideService       : Track Location for user internalUser193
2022-10-03 09:59:05.970  INFO 38196 --- [    Test worker] tourGuide.service.TourGuideService       : Track Location for user internalUser191
2022-10-03 09:59:05.970  INFO 38196 --- [pool-7-thread-1] tourGuide.service.TourGuideService       : Track Location for user internalUser190
2022-10-03 09:59:05.970  INFO 38196 --- [    Test worker] tourGuide.service.TourGuideService       : Track Location for user internalUser198
2022-10-03 09:59:05.970  INFO 38196 --- [pool-7-thread-1] tourGuide.service.TourGuideService       : Track Location for user internalUser191
2022-10-03 09:59:05.970  INFO 38196 --- [    Test worker] tourGuide.service.TourGuideService       : Track Location for user internalUser199
2022-10-03 09:59:05.970  INFO 38196 --- [pool-7-thread-1] tourGuide.service.TourGuideService       : Track Location for user internalUser198
2022-10-03 09:59:05.970  INFO 38196 --- [    Test worker] tourGuide.service.TourGuideService       : Track Location for user internalUser361
2022-10-03 09:59:05.971  INFO 38196 --- [pool-7-thread-1] tourGuide.service.TourGuideService       : Track Location for user internalUser199
2022-10-03 09:59:05.971  INFO 38196 --- [    Test worker] tourGuide.service.TourGuideService       : Track Location for user internalUser120
2022-10-03 09:59:05.971  INFO 38196 --- [pool-7-thread-1] tourGuide.service.TourGuideService       : Track Location for user internalUser361
2022-10-03 09:59:05.971  INFO 38196 --- [    Test worker] tourGuide.service.TourGuideService       : Track Location for user internalUser362
2022-10-03 09:59:05.971  INFO 38196 --- [pool-7-thread-1] tourGuide.service.TourGuideService       : Track Location for user internalUser120
2022-10-03 09:59:05.971  INFO 38196 --- [    Test worker] tourGuide.service.TourGuideService       : Track Location for user internalUser360
2022-10-03 09:59:05.971  INFO 38196 --- [pool-7-thread-1] tourGuide.service.TourGuideService       : Track Location for user internalUser362
2022-10-03 09:59:05.972  INFO 38196 --- [    Test worker] tourGuide.service.TourGuideService       : Track Location for user internalUser127
2022-10-03 09:59:05.972  INFO 38196 --- [pool-7-thread-1] tourGuide.service.TourGuideService       : Track Location for user internalUser360
2022-10-03 09:59:05.972  INFO 38196 --- [    Test worker] tourGuide.service.TourGuideService       : Track Location for user internalUser369
2022-10-03 09:59:05.972  INFO 38196 --- [pool-7-thread-1] tourGuide.service.TourGuideService       : Track Location for user internalUser127
2022-10-03 09:59:05.972  INFO 38196 --- [    Test worker] tourGuide.service.TourGuideService       : Track Location for user internalUser128
2022-10-03 09:59:05.972  INFO 38196 --- [pool-7-thread-1] tourGuide.service.TourGuideService       : Track Location for user internalUser369
2022-10-03 09:59:05.972  INFO 38196 --- [    Test worker] tourGuide.service.TourGuideService       : Track Location for user internalUser125
2022-10-03 09:59:05.973  INFO 38196 --- [pool-7-thread-1] tourGuide.service.TourGuideService       : Track Location for user internalUser128
2022-10-03 09:59:05.973  INFO 38196 --- [    Test worker] tourGuide.service.TourGuideService       : Track Location for user internalUser367
2022-10-03 09:59:05.973  INFO 38196 --- [pool-7-thread-1] tourGuide.service.TourGuideService       : Track Location for user internalUser125
2022-10-03 09:59:05.973  INFO 38196 --- [    Test worker] tourGuide.service.TourGuideService       : Track Location for user internalUser126
2022-10-03 09:59:05.973  INFO 38196 --- [pool-7-thread-1] tourGuide.service.TourGuideService       : Track Location for user internalUser367
2022-10-03 09:59:05.973  INFO 38196 --- [    Test worker] tourGuide.service.TourGuideService       : Track Location for user internalUser368
2022-10-03 09:59:05.974  INFO 38196 --- [pool-7-thread-1] tourGuide.service.TourGuideService       : Track Location for user internalUser126
2022-10-03 09:59:05.974  INFO 38196 --- [    Test worker] tourGuide.service.TourGuideService       : Track Location for user internalUser123
2022-10-03 09:59:05.974  INFO 38196 --- [pool-7-thread-1] tourGuide.service.TourGuideService       : Track Location for user internalUser368
2022-10-03 09:59:05.974  INFO 38196 --- [    Test worker] tourGuide.service.TourGuideService       : Track Location for user internalUser365
2022-10-03 09:59:05.974  INFO 38196 --- [pool-7-thread-1] tourGuide.service.TourGuideService       : Track Location for user internalUser123
2022-10-03 09:59:05.974  INFO 38196 --- [    Test worker] tourGuide.service.TourGuideService       : Track Location for user internalUser124
2022-10-03 09:59:05.974  INFO 38196 --- [pool-7-thread-1] tourGuide.service.TourGuideService       : Track Location for user internalUser365
2022-10-03 09:59:05.975  INFO 38196 --- [    Test worker] tourGuide.service.TourGuideService       : Track Location for user internalUser366
2022-10-03 09:59:05.975  INFO 38196 --- [pool-7-thread-1] tourGuide.service.TourGuideService       : Track Location for user internalUser124
2022-10-03 09:59:05.975  INFO 38196 --- [    Test worker] tourGuide.service.TourGuideService       : Track Location for user internalUser121
2022-10-03 09:59:05.975  INFO 38196 --- [pool-7-thread-1] tourGuide.service.TourGuideService       : Track Location for user internalUser366
2022-10-03 09:59:05.975  INFO 38196 --- [    Test worker] tourGuide.service.TourGuideService       : Track Location for user internalUser363
2022-10-03 09:59:05.975  INFO 38196 --- [pool-7-thread-1] tourGuide.service.TourGuideService       : Track Location for user internalUser121
2022-10-03 09:59:05.975  INFO 38196 --- [    Test worker] tourGuide.service.TourGuideService       : Track Location for user internalUser122
2022-10-03 09:59:05.975  INFO 38196 --- [pool-7-thread-1] tourGuide.service.TourGuideService       : Track Location for user internalUser363
2022-10-03 09:59:05.976  INFO 38196 --- [    Test worker] tourGuide.service.TourGuideService       : Track Location for user internalUser364
2022-10-03 09:59:05.976  INFO 38196 --- [pool-7-thread-1] tourGuide.service.TourGuideService       : Track Location for user internalUser122
2022-10-03 09:59:05.976  INFO 38196 --- [    Test worker] tourGuide.service.TourGuideService       : Track Location for user internalUser129
2022-10-03 09:59:05.976  INFO 38196 --- [pool-7-thread-1] tourGuide.service.TourGuideService       : Track Location for user internalUser364
2022-10-03 09:59:05.976  INFO 38196 --- [    Test worker] tourGuide.service.TourGuideService       : Track Location for user internalUser130
2022-10-03 09:59:05.976  INFO 38196 --- [pool-7-thread-1] tourGuide.service.TourGuideService       : Track Location for user internalUser129
2022-10-03 09:59:05.977  INFO 38196 --- [    Test worker] tourGuide.service.TourGuideService       : Track Location for user internalUser372
2022-10-03 09:59:05.977  INFO 38196 --- [pool-7-thread-1] tourGuide.service.TourGuideService       : Track Location for user internalUser130
2022-10-03 09:59:05.977  INFO 38196 --- [    Test worker] tourGuide.service.TourGuideService       : Track Location for user internalUser131
2022-10-03 09:59:05.977  INFO 38196 --- [pool-7-thread-1] tourGuide.service.TourGuideService       : Track Location for user internalUser372
2022-10-03 09:59:05.977  INFO 38196 --- [    Test worker] tourGuide.service.TourGuideService       : Track Location for user internalUser373
2022-10-03 09:59:05.977  INFO 38196 --- [pool-7-thread-1] tourGuide.service.TourGuideService       : Track Location for user internalUser131
2022-10-03 09:59:05.977  INFO 38196 --- [    Test worker] tourGuide.service.TourGuideService       : Track Location for user internalUser370
2022-10-03 09:59:05.977  INFO 38196 --- [pool-7-thread-1] tourGuide.service.TourGuideService       : Track Location for user internalUser373
2022-10-03 09:59:05.977  INFO 38196 --- [    Test worker] tourGuide.service.TourGuideService       : Track Location for user internalUser371
2022-10-03 09:59:05.978  INFO 38196 --- [pool-7-thread-1] tourGuide.service.TourGuideService       : Track Location for user internalUser370
2022-10-03 09:59:05.978  INFO 38196 --- [    Test worker] tourGuide.service.TourGuideService       : Track Location for user internalUser138
2022-10-03 09:59:05.978  INFO 38196 --- [pool-7-thread-1] tourGuide.service.TourGuideService       : Track Location for user internalUser371
2022-10-03 09:59:05.978  INFO 38196 --- [    Test worker] tourGuide.service.TourGuideService       : Track Location for user internalUser139
2022-10-03 09:59:05.978  INFO 38196 --- [pool-7-thread-1] tourGuide.service.TourGuideService       : Track Location for user internalUser138
2022-10-03 09:59:05.978  INFO 38196 --- [    Test worker] tourGuide.service.TourGuideService       : Track Location for user internalUser136
2022-10-03 09:59:05.978  INFO 38196 --- [pool-7-thread-1] tourGuide.service.TourGuideService       : Track Location for user internalUser139
2022-10-03 09:59:05.978  INFO 38196 --- [    Test worker] tourGuide.service.TourGuideService       : Track Location for user internalUser378
2022-10-03 09:59:05.979  INFO 38196 --- [pool-7-thread-1] tourGuide.service.TourGuideService       : Track Location for user internalUser136
2022-10-03 09:59:05.979  INFO 38196 --- [    Test worker] tourGuide.service.TourGuideService       : Track Location for user internalUser137
2022-10-03 09:59:05.979  INFO 38196 --- [pool-7-thread-1] tourGuide.service.TourGuideService       : Track Location for user internalUser378
2022-10-03 09:59:05.979  INFO 38196 --- [    Test worker] tourGuide.service.TourGuideService       : Track Location for user internalUser379
2022-10-03 09:59:05.979  INFO 38196 --- [pool-7-thread-1] tourGuide.service.TourGuideService       : Track Location for user internalUser137
2022-10-03 09:59:05.979  INFO 38196 --- [    Test worker] tourGuide.service.TourGuideService       : Track Location for user internalUser134
2022-10-03 09:59:05.979  INFO 38196 --- [pool-7-thread-1] tourGuide.service.TourGuideService       : Track Location for user internalUser379
2022-10-03 09:59:05.979  INFO 38196 --- [    Test worker] tourGuide.service.TourGuideService       : Track Location for user internalUser376
2022-10-03 09:59:05.979  INFO 38196 --- [pool-7-thread-1] tourGuide.service.TourGuideService       : Track Location for user internalUser134
2022-10-03 09:59:05.980  INFO 38196 --- [    Test worker] tourGuide.service.TourGuideService       : Track Location for user internalUser135
2022-10-03 09:59:05.980  INFO 38196 --- [pool-7-thread-1] tourGuide.service.TourGuideService       : Track Location for user internalUser376
2022-10-03 09:59:05.980  INFO 38196 --- [    Test worker] tourGuide.service.TourGuideService       : Track Location for user internalUser377
2022-10-03 09:59:05.980  INFO 38196 --- [pool-7-thread-1] tourGuide.service.TourGuideService       : Track Location for user internalUser135
2022-10-03 09:59:05.980  INFO 38196 --- [    Test worker] tourGuide.service.TourGuideService       : Track Location for user internalUser132
2022-10-03 09:59:05.980  INFO 38196 --- [pool-7-thread-1] tourGuide.service.TourGuideService       : Track Location for user internalUser377
2022-10-03 09:59:05.980  INFO 38196 --- [    Test worker] tourGuide.service.TourGuideService       : Track Location for user internalUser374
2022-10-03 09:59:05.980  INFO 38196 --- [pool-7-thread-1] tourGuide.service.TourGuideService       : Track Location for user internalUser132
2022-10-03 09:59:05.980  INFO 38196 --- [    Test worker] tourGuide.service.TourGuideService       : Track Location for user internalUser133
2022-10-03 09:59:05.980  INFO 38196 --- [pool-7-thread-1] tourGuide.service.TourGuideService       : Track Location for user internalUser374
2022-10-03 09:59:05.981  INFO 38196 --- [    Test worker] tourGuide.service.TourGuideService       : Track Location for user internalUser375
2022-10-03 09:59:05.981  INFO 38196 --- [pool-7-thread-1] tourGuide.service.TourGuideService       : Track Location for user internalUser133
2022-10-03 09:59:05.981  INFO 38196 --- [    Test worker] tourGuide.service.TourGuideService       : Track Location for user internalUser141
2022-10-03 09:59:05.981  INFO 38196 --- [pool-7-thread-1] tourGuide.service.TourGuideService       : Track Location for user internalUser375
2022-10-03 09:59:05.981  INFO 38196 --- [    Test worker] tourGuide.service.TourGuideService       : Track Location for user internalUser383
2022-10-03 09:59:05.981  INFO 38196 --- [pool-7-thread-1] tourGuide.service.TourGuideService       : Track Location for user internalUser141
2022-10-03 09:59:05.981  INFO 38196 --- [    Test worker] tourGuide.service.TourGuideService       : Track Location for user internalUser142
2022-10-03 09:59:05.981  INFO 38196 --- [pool-7-thread-1] tourGuide.service.TourGuideService       : Track Location for user internalUser383
2022-10-03 09:59:05.981  INFO 38196 --- [    Test worker] tourGuide.service.TourGuideService       : Track Location for user internalUser384
2022-10-03 09:59:05.981  INFO 38196 --- [pool-7-thread-1] tourGuide.service.TourGuideService       : Track Location for user internalUser142
2022-10-03 09:59:05.982  INFO 38196 --- [pool-7-thread-1] tourGuide.service.TourGuideService       : Track Location for user internalUser384
2022-10-03 09:59:05.982  INFO 38196 --- [    Test worker] tourGuide.service.TourGuideService       : Track Location for user internalUser381
2022-10-03 09:59:05.982  INFO 38196 --- [pool-7-thread-1] tourGuide.service.TourGuideService       : Track Location for user internalUser381
2022-10-03 09:59:05.982  INFO 38196 --- [    Test worker] tourGuide.service.TourGuideService       : Track Location for user internalUser140
2022-10-03 09:59:05.982  INFO 38196 --- [pool-7-thread-1] tourGuide.service.TourGuideService       : Track Location for user internalUser140
2022-10-03 09:59:05.982  INFO 38196 --- [    Test worker] tourGuide.service.TourGuideService       : Track Location for user internalUser382
2022-10-03 09:59:05.982  INFO 38196 --- [pool-7-thread-1] tourGuide.service.TourGuideService       : Track Location for user internalUser382
2022-10-03 09:59:05.983  INFO 38196 --- [    Test worker] tourGuide.service.TourGuideService       : Track Location for user internalUser380
2022-10-03 09:59:05.983  INFO 38196 --- [pool-7-thread-1] tourGuide.service.TourGuideService       : Track Location for user internalUser380
2022-10-03 09:59:05.983  INFO 38196 --- [    Test worker] tourGuide.service.TourGuideService       : Track Location for user internalUser149
2022-10-03 09:59:05.983  INFO 38196 --- [pool-7-thread-1] tourGuide.service.TourGuideService       : Track Location for user internalUser149
2022-10-03 09:59:05.983  INFO 38196 --- [    Test worker] tourGuide.service.TourGuideService       : Track Location for user internalUser147
2022-10-03 09:59:05.983  INFO 38196 --- [pool-7-thread-1] tourGuide.service.TourGuideService       : Track Location for user internalUser147
2022-10-03 09:59:05.983  INFO 38196 --- [    Test worker] tourGuide.service.TourGuideService       : Track Location for user internalUser389
2022-10-03 09:59:05.983  INFO 38196 --- [pool-7-thread-1] tourGuide.service.TourGuideService       : Track Location for user internalUser389
2022-10-03 09:59:05.984  INFO 38196 --- [    Test worker] tourGuide.service.TourGuideService       : Track Location for user internalUser148
2022-10-03 09:59:05.984  INFO 38196 --- [pool-7-thread-1] tourGuide.service.TourGuideService       : Track Location for user internalUser148
2022-10-03 09:59:05.984  INFO 38196 --- [    Test worker] tourGuide.service.TourGuideService       : Track Location for user internalUser145
2022-10-03 09:59:05.984  INFO 38196 --- [pool-7-thread-1] tourGuide.service.TourGuideService       : Track Location for user internalUser145
2022-10-03 09:59:05.984  INFO 38196 --- [    Test worker] tourGuide.service.TourGuideService       : Track Location for user internalUser387
2022-10-03 09:59:05.984  INFO 38196 --- [pool-7-thread-1] tourGuide.service.TourGuideService       : Track Location for user internalUser387
2022-10-03 09:59:05.984  INFO 38196 --- [    Test worker] tourGuide.service.TourGuideService       : Track Location for user internalUser146
2022-10-03 09:59:05.984  INFO 38196 --- [pool-7-thread-1] tourGuide.service.TourGuideService       : Track Location for user internalUser146
2022-10-03 09:59:05.984  INFO 38196 --- [    Test worker] tourGuide.service.TourGuideService       : Track Location for user internalUser388
2022-10-03 09:59:05.985  INFO 38196 --- [pool-7-thread-1] tourGuide.service.TourGuideService       : Track Location for user internalUser388
2022-10-03 09:59:05.985  INFO 38196 --- [    Test worker] tourGuide.service.TourGuideService       : Track Location for user internalUser143
2022-10-03 09:59:05.985  INFO 38196 --- [pool-7-thread-1] tourGuide.service.TourGuideService       : Track Location for user internalUser143
2022-10-03 09:59:05.985  INFO 38196 --- [    Test worker] tourGuide.service.TourGuideService       : Track Location for user internalUser385
2022-10-03 09:59:05.985  INFO 38196 --- [pool-7-thread-1] tourGuide.service.TourGuideService       : Track Location for user internalUser385
2022-10-03 09:59:05.985  INFO 38196 --- [    Test worker] tourGuide.service.TourGuideService       : Track Location for user internalUser144
2022-10-03 09:59:05.985  INFO 38196 --- [pool-7-thread-1] tourGuide.service.TourGuideService       : Track Location for user internalUser144
2022-10-03 09:59:05.986  INFO 38196 --- [    Test worker] tourGuide.service.TourGuideService       : Track Location for user internalUser386
2022-10-03 09:59:05.986  INFO 38196 --- [pool-7-thread-1] tourGuide.service.TourGuideService       : Track Location for user internalUser386
2022-10-03 09:59:05.986  INFO 38196 --- [pool-7-thread-1] tourGuide.service.TourGuideService       : Track Location for user internalUser152
2022-10-03 09:59:05.986  INFO 38196 --- [    Test worker] tourGuide.service.TourGuideService       : Track Location for user internalUser152
2022-10-03 09:59:05.986  INFO 38196 --- [pool-7-thread-1] tourGuide.service.TourGuideService       : Track Location for user internalUser394
2022-10-03 09:59:05.986  INFO 38196 --- [    Test worker] tourGuide.service.TourGuideService       : Track Location for user internalUser394
2022-10-03 09:59:05.986  INFO 38196 --- [pool-7-thread-1] tourGuide.service.TourGuideService       : Track Location for user internalUser153
2022-10-03 09:59:05.986  INFO 38196 --- [    Test worker] tourGuide.service.TourGuideService       : Track Location for user internalUser153
2022-10-03 09:59:05.986  INFO 38196 --- [pool-7-thread-1] tourGuide.service.TourGuideService       : Track Location for user internalUser395
2022-10-03 09:59:05.987  INFO 38196 --- [    Test worker] tourGuide.service.TourGuideService       : Track Location for user internalUser395
2022-10-03 09:59:05.987  INFO 38196 --- [pool-7-thread-1] tourGuide.service.TourGuideService       : Track Location for user internalUser150
2022-10-03 09:59:05.987  INFO 38196 --- [    Test worker] tourGuide.service.TourGuideService       : Track Location for user internalUser150
2022-10-03 09:59:05.987  INFO 38196 --- [pool-7-thread-1] tourGuide.service.TourGuideService       : Track Location for user internalUser392
2022-10-03 09:59:05.987  INFO 38196 --- [    Test worker] tourGuide.service.TourGuideService       : Track Location for user internalUser392
2022-10-03 09:59:05.988  INFO 38196 --- [pool-7-thread-1] tourGuide.service.TourGuideService       : Track Location for user internalUser151
2022-10-03 09:59:05.988  INFO 38196 --- [    Test worker] tourGuide.service.TourGuideService       : Track Location for user internalUser151
2022-10-03 09:59:05.988  INFO 38196 --- [pool-7-thread-1] tourGuide.service.TourGuideService       : Track Location for user internalUser393
2022-10-03 09:59:05.988  INFO 38196 --- [    Test worker] tourGuide.service.TourGuideService       : Track Location for user internalUser393
2022-10-03 09:59:05.988  INFO 38196 --- [pool-7-thread-1] tourGuide.service.TourGuideService       : Track Location for user internalUser390
2022-10-03 09:59:05.988  INFO 38196 --- [    Test worker] tourGuide.service.TourGuideService       : Track Location for user internalUser390
2022-10-03 09:59:05.988  INFO 38196 --- [pool-7-thread-1] tourGuide.service.TourGuideService       : Track Location for user internalUser391
2022-10-03 09:59:05.988  INFO 38196 --- [    Test worker] tourGuide.service.TourGuideService       : Track Location for user internalUser391
2022-10-03 09:59:05.989  INFO 38196 --- [pool-7-thread-1] tourGuide.service.TourGuideService       : Track Location for user internalUser158
2022-10-03 09:59:05.989  INFO 38196 --- [    Test worker] tourGuide.service.TourGuideService       : Track Location for user internalUser158
2022-10-03 09:59:05.989  INFO 38196 --- [pool-7-thread-1] tourGuide.service.TourGuideService       : Track Location for user internalUser159
2022-10-03 09:59:05.989  INFO 38196 --- [    Test worker] tourGuide.service.TourGuideService       : Track Location for user internalUser159
2022-10-03 09:59:05.989  INFO 38196 --- [pool-7-thread-1] tourGuide.service.TourGuideService       : Track Location for user internalUser156
2022-10-03 09:59:05.989  INFO 38196 --- [    Test worker] tourGuide.service.TourGuideService       : Track Location for user internalUser156
2022-10-03 09:59:05.989  INFO 38196 --- [pool-7-thread-1] tourGuide.service.TourGuideService       : Track Location for user internalUser398
2022-10-03 09:59:05.990  INFO 38196 --- [    Test worker] tourGuide.service.TourGuideService       : Track Location for user internalUser398
2022-10-03 09:59:05.990  INFO 38196 --- [pool-7-thread-1] tourGuide.service.TourGuideService       : Track Location for user internalUser157
2022-10-03 09:59:05.990  INFO 38196 --- [    Test worker] tourGuide.service.TourGuideService       : Track Location for user internalUser157
2022-10-03 09:59:05.990  INFO 38196 --- [pool-7-thread-1] tourGuide.service.TourGuideService       : Track Location for user internalUser399
2022-10-03 09:59:05.990  INFO 38196 --- [pool-7-thread-1] tourGuide.service.TourGuideService       : Track Location for user internalUser154
2022-10-03 09:59:05.990  INFO 38196 --- [    Test worker] tourGuide.service.TourGuideService       : Track Location for user internalUser399
2022-10-03 09:59:05.990  INFO 38196 --- [pool-7-thread-1] tourGuide.service.TourGuideService       : Track Location for user internalUser396
2022-10-03 09:59:05.990  INFO 38196 --- [    Test worker] tourGuide.service.TourGuideService       : Track Location for user internalUser154
2022-10-03 09:59:05.991  INFO 38196 --- [pool-7-thread-1] tourGuide.service.TourGuideService       : Track Location for user internalUser155
2022-10-03 09:59:05.991  INFO 38196 --- [    Test worker] tourGuide.service.TourGuideService       : Track Location for user internalUser396
2022-10-03 09:59:05.991  INFO 38196 --- [pool-7-thread-1] tourGuide.service.TourGuideService       : Track Location for user internalUser397
2022-10-03 09:59:05.991  INFO 38196 --- [    Test worker] tourGuide.service.TourGuideService       : Track Location for user internalUser155
2022-10-03 09:59:05.991  INFO 38196 --- [pool-7-thread-1] tourGuide.service.TourGuideService       : Track Location for user internalUser560
2022-10-03 09:59:05.991  INFO 38196 --- [    Test worker] tourGuide.service.TourGuideService       : Track Location for user internalUser397
2022-10-03 09:59:05.991  INFO 38196 --- [pool-7-thread-1] tourGuide.service.TourGuideService       : Track Location for user internalUser325
2022-10-03 09:59:05.991  INFO 38196 --- [    Test worker] tourGuide.service.TourGuideService       : Track Location for user internalUser560
2022-10-03 09:59:05.992  INFO 38196 --- [pool-7-thread-1] tourGuide.service.TourGuideService       : Track Location for user internalUser567
2022-10-03 09:59:05.992  INFO 38196 --- [    Test worker] tourGuide.service.TourGuideService       : Track Location for user internalUser325
2022-10-03 09:59:05.992  INFO 38196 --- [pool-7-thread-1] tourGuide.service.TourGuideService       : Track Location for user internalUser326
2022-10-03 09:59:05.992  INFO 38196 --- [    Test worker] tourGuide.service.TourGuideService       : Track Location for user internalUser567
2022-10-03 09:59:05.992  INFO 38196 --- [pool-7-thread-1] tourGuide.service.TourGuideService       : Track Location for user internalUser568
2022-10-03 09:59:05.992  INFO 38196 --- [pool-7-thread-1] tourGuide.service.TourGuideService       : Track Location for user internalUser323
2022-10-03 09:59:05.992  INFO 38196 --- [    Test worker] tourGuide.service.TourGuideService       : Track Location for user internalUser326
2022-10-03 09:59:05.992  INFO 38196 --- [pool-7-thread-1] tourGuide.service.TourGuideService       : Track Location for user internalUser565
2022-10-03 09:59:05.993  INFO 38196 --- [    Test worker] tourGuide.service.TourGuideService       : Track Location for user internalUser568
2022-10-03 09:59:05.993  INFO 38196 --- [pool-7-thread-1] tourGuide.service.TourGuideService       : Track Location for user internalUser324
2022-10-03 09:59:05.993  INFO 38196 --- [    Test worker] tourGuide.service.TourGuideService       : Track Location for user internalUser323
2022-10-03 09:59:05.993  INFO 38196 --- [pool-7-thread-1] tourGuide.service.TourGuideService       : Track Location for user internalUser566
2022-10-03 09:59:05.993  INFO 38196 --- [    Test worker] tourGuide.service.TourGuideService       : Track Location for user internalUser565
2022-10-03 09:59:05.993  INFO 38196 --- [pool-7-thread-1] tourGuide.service.TourGuideService       : Track Location for user internalUser321
2022-10-03 09:59:05.993  INFO 38196 --- [    Test worker] tourGuide.service.TourGuideService       : Track Location for user internalUser324
2022-10-03 09:59:05.993  INFO 38196 --- [pool-7-thread-1] tourGuide.service.TourGuideService       : Track Location for user internalUser563
2022-10-03 09:59:05.994  INFO 38196 --- [pool-7-thread-1] tourGuide.service.TourGuideService       : Track Location for user internalUser322
2022-10-03 09:59:05.994  INFO 38196 --- [    Test worker] tourGuide.service.TourGuideService       : Track Location for user internalUser566
2022-10-03 09:59:05.994  INFO 38196 --- [pool-7-thread-1] tourGuide.service.TourGuideService       : Track Location for user internalUser564
2022-10-03 09:59:05.994  INFO 38196 --- [    Test worker] tourGuide.service.TourGuideService       : Track Location for user internalUser321
2022-10-03 09:59:05.994  INFO 38196 --- [pool-7-thread-1] tourGuide.service.TourGuideService       : Track Location for user internalUser561
2022-10-03 09:59:05.994  INFO 38196 --- [    Test worker] tourGuide.service.TourGuideService       : Track Location for user internalUser563
2022-10-03 09:59:05.994  INFO 38196 --- [pool-7-thread-1] tourGuide.service.TourGuideService       : Track Location for user internalUser320
2022-10-03 09:59:05.995  INFO 38196 --- [    Test worker] tourGuide.service.TourGuideService       : Track Location for user internalUser322
2022-10-03 09:59:05.995  INFO 38196 --- [pool-7-thread-1] tourGuide.service.TourGuideService       : Track Location for user internalUser562
2022-10-03 09:59:05.995  INFO 38196 --- [    Test worker] tourGuide.service.TourGuideService       : Track Location for user internalUser564
2022-10-03 09:59:05.995  INFO 38196 --- [pool-7-thread-1] tourGuide.service.TourGuideService       : Track Location for user internalUser329
2022-10-03 09:59:05.995  INFO 38196 --- [    Test worker] tourGuide.service.TourGuideService       : Track Location for user internalUser561
2022-10-03 09:59:05.995  INFO 38196 --- [pool-7-thread-1] tourGuide.service.TourGuideService       : Track Location for user internalUser327
2022-10-03 09:59:05.995  INFO 38196 --- [    Test worker] tourGuide.service.TourGuideService       : Track Location for user internalUser320
2022-10-03 09:59:05.995  INFO 38196 --- [pool-7-thread-1] tourGuide.service.TourGuideService       : Track Location for user internalUser569
2022-10-03 09:59:05.996  INFO 38196 --- [    Test worker] tourGuide.service.TourGuideService       : Track Location for user internalUser562
2022-10-03 09:59:05.996  INFO 38196 --- [pool-7-thread-1] tourGuide.service.TourGuideService       : Track Location for user internalUser328
2022-10-03 09:59:05.996  INFO 38196 --- [    Test worker] tourGuide.service.TourGuideService       : Track Location for user internalUser329
2022-10-03 09:59:05.996  INFO 38196 --- [pool-7-thread-1] tourGuide.service.TourGuideService       : Track Location for user internalUser570
2022-10-03 09:59:05.996  INFO 38196 --- [    Test worker] tourGuide.service.TourGuideService       : Track Location for user internalUser327
2022-10-03 09:59:05.996  INFO 38196 --- [pool-7-thread-1] tourGuide.service.TourGuideService       : Track Location for user internalUser571
2022-10-03 09:59:05.996  INFO 38196 --- [    Test worker] tourGuide.service.TourGuideService       : Track Location for user internalUser569
2022-10-03 09:59:05.997  INFO 38196 --- [pool-7-thread-1] tourGuide.service.TourGuideService       : Track Location for user internalUser336
2022-10-03 09:59:05.997  INFO 38196 --- [    Test worker] tourGuide.service.TourGuideService       : Track Location for user internalUser328
2022-10-03 09:59:05.997  INFO 38196 --- [pool-7-thread-1] tourGuide.service.TourGuideService       : Track Location for user internalUser578
2022-10-03 09:59:05.997  INFO 38196 --- [    Test worker] tourGuide.service.TourGuideService       : Track Location for user internalUser570
2022-10-03 09:59:05.997  INFO 38196 --- [pool-7-thread-1] tourGuide.service.TourGuideService       : Track Location for user internalUser337
2022-10-03 09:59:05.997  INFO 38196 --- [    Test worker] tourGuide.service.TourGuideService       : Track Location for user internalUser571
2022-10-03 09:59:05.997  INFO 38196 --- [    Test worker] tourGuide.service.TourGuideService       : Track Location for user internalUser336
2022-10-03 09:59:05.997  INFO 38196 --- [pool-7-thread-1] tourGuide.service.TourGuideService       : Track Location for user internalUser579
2022-10-03 09:59:05.998  INFO 38196 --- [    Test worker] tourGuide.service.TourGuideService       : Track Location for user internalUser578
2022-10-03 09:59:05.998  INFO 38196 --- [pool-7-thread-1] tourGuide.service.TourGuideService       : Track Location for user internalUser334
2022-10-03 09:59:05.998  INFO 38196 --- [    Test worker] tourGuide.service.TourGuideService       : Track Location for user internalUser337
2022-10-03 09:59:05.998  INFO 38196 --- [pool-7-thread-1] tourGuide.service.TourGuideService       : Track Location for user internalUser576
2022-10-03 09:59:05.998  INFO 38196 --- [    Test worker] tourGuide.service.TourGuideService       : Track Location for user internalUser579
2022-10-03 09:59:05.998  INFO 38196 --- [pool-7-thread-1] tourGuide.service.TourGuideService       : Track Location for user internalUser335
2022-10-03 09:59:05.998  INFO 38196 --- [    Test worker] tourGuide.service.TourGuideService       : Track Location for user internalUser334
2022-10-03 09:59:05.998  INFO 38196 --- [pool-7-thread-1] tourGuide.service.TourGuideService       : Track Location for user internalUser577
2022-10-03 09:59:05.999  INFO 38196 --- [    Test worker] tourGuide.service.TourGuideService       : Track Location for user internalUser576
2022-10-03 09:59:05.999  INFO 38196 --- [pool-7-thread-1] tourGuide.service.TourGuideService       : Track Location for user internalUser332
2022-10-03 09:59:05.999  INFO 38196 --- [    Test worker] tourGuide.service.TourGuideService       : Track Location for user internalUser335
2022-10-03 09:59:05.999  INFO 38196 --- [pool-7-thread-1] tourGuide.service.TourGuideService       : Track Location for user internalUser574
2022-10-03 09:59:05.999  INFO 38196 --- [    Test worker] tourGuide.service.TourGuideService       : Track Location for user internalUser577
2022-10-03 09:59:05.999  INFO 38196 --- [pool-7-thread-1] tourGuide.service.TourGuideService       : Track Location for user internalUser333
2022-10-03 09:59:05.999  INFO 38196 --- [    Test worker] tourGuide.service.TourGuideService       : Track Location for user internalUser332
2022-10-03 09:59:05.999  INFO 38196 --- [pool-7-thread-1] tourGuide.service.TourGuideService       : Track Location for user internalUser575
2022-10-03 09:59:06.000  INFO 38196 --- [    Test worker] tourGuide.service.TourGuideService       : Track Location for user internalUser574
2022-10-03 09:59:06.000  INFO 38196 --- [pool-7-thread-1] tourGuide.service.TourGuideService       : Track Location for user internalUser330
2022-10-03 09:59:06.000  INFO 38196 --- [    Test worker] tourGuide.service.TourGuideService       : Track Location for user internalUser333
2022-10-03 09:59:06.000  INFO 38196 --- [pool-7-thread-1] tourGuide.service.TourGuideService       : Track Location for user internalUser572
2022-10-03 09:59:06.000  INFO 38196 --- [    Test worker] tourGuide.service.TourGuideService       : Track Location for user internalUser575
2022-10-03 09:59:06.000  INFO 38196 --- [pool-7-thread-1] tourGuide.service.TourGuideService       : Track Location for user internalUser331
2022-10-03 09:59:06.000  INFO 38196 --- [    Test worker] tourGuide.service.TourGuideService       : Track Location for user internalUser330
2022-10-03 09:59:06.000  INFO 38196 --- [pool-7-thread-1] tourGuide.service.TourGuideService       : Track Location for user internalUser573
2022-10-03 09:59:06.000  INFO 38196 --- [    Test worker] tourGuide.service.TourGuideService       : Track Location for user internalUser572
2022-10-03 09:59:06.000  INFO 38196 --- [pool-7-thread-1] tourGuide.service.TourGuideService       : Track Location for user internalUser338
2022-10-03 09:59:06.001  INFO 38196 --- [    Test worker] tourGuide.service.TourGuideService       : Track Location for user internalUser331
2022-10-03 09:59:06.001  INFO 38196 --- [pool-7-thread-1] tourGuide.service.TourGuideService       : Track Location for user internalUser339
2022-10-03 09:59:06.001  INFO 38196 --- [    Test worker] tourGuide.service.TourGuideService       : Track Location for user internalUser573
2022-10-03 09:59:06.001  INFO 38196 --- [pool-7-thread-1] tourGuide.service.TourGuideService       : Track Location for user internalUser581
2022-10-03 09:59:06.001  INFO 38196 --- [    Test worker] tourGuide.service.TourGuideService       : Track Location for user internalUser338
2022-10-03 09:59:06.001  INFO 38196 --- [pool-7-thread-1] tourGuide.service.TourGuideService       : Track Location for user internalUser340
2022-10-03 09:59:06.001  INFO 38196 --- [    Test worker] tourGuide.service.TourGuideService       : Track Location for user internalUser339
2022-10-03 09:59:06.001  INFO 38196 --- [pool-7-thread-1] tourGuide.service.TourGuideService       : Track Location for user internalUser582
2022-10-03 09:59:06.002  INFO 38196 --- [    Test worker] tourGuide.service.TourGuideService       : Track Location for user internalUser581
2022-10-03 09:59:06.002  INFO 38196 --- [pool-7-thread-1] tourGuide.service.TourGuideService       : Track Location for user internalUser9
2022-10-03 09:59:06.002  INFO 38196 --- [    Test worker] tourGuide.service.TourGuideService       : Track Location for user internalUser340
2022-10-03 09:59:06.005  INFO 38196 --- [pool-7-thread-1] tourGuide.service.TourGuideService       : Track Location for user internalUser8
2022-10-03 09:59:06.005  INFO 38196 --- [    Test worker] tourGuide.service.TourGuideService       : Track Location for user internalUser582
2022-10-03 09:59:06.005  INFO 38196 --- [pool-7-thread-1] tourGuide.service.TourGuideService       : Track Location for user internalUser580
2022-10-03 09:59:06.005  INFO 38196 --- [    Test worker] tourGuide.service.TourGuideService       : Track Location for user internalUser9
2022-10-03 09:59:06.005  INFO 38196 --- [    Test worker] tourGuide.service.TourGuideService       : Track Location for user internalUser8
2022-10-03 09:59:06.005  INFO 38196 --- [pool-7-thread-1] tourGuide.service.TourGuideService       : Track Location for user internalUser105
2022-10-03 09:59:06.006  INFO 38196 --- [    Test worker] tourGuide.service.TourGuideService       : Track Location for user internalUser580
2022-10-03 09:59:06.006  INFO 38196 --- [pool-7-thread-1] tourGuide.service.TourGuideService       : Track Location for user internalUser347
2022-10-03 09:59:06.006  INFO 38196 --- [    Test worker] tourGuide.service.TourGuideService       : Track Location for user internalUser105
2022-10-03 09:59:06.006  INFO 38196 --- [pool-7-thread-1] tourGuide.service.TourGuideService       : Track Location for user internalUser589
2022-10-03 09:59:06.006  INFO 38196 --- [    Test worker] tourGuide.service.TourGuideService       : Track Location for user internalUser347
2022-10-03 09:59:06.006  INFO 38196 --- [pool-7-thread-1] tourGuide.service.TourGuideService       : Track Location for user internalUser106
2022-10-03 09:59:06.006  INFO 38196 --- [    Test worker] tourGuide.service.TourGuideService       : Track Location for user internalUser589
2022-10-03 09:59:06.007  INFO 38196 --- [pool-7-thread-1] tourGuide.service.TourGuideService       : Track Location for user internalUser348
2022-10-03 09:59:06.007  INFO 38196 --- [    Test worker] tourGuide.service.TourGuideService       : Track Location for user internalUser106
2022-10-03 09:59:06.007  INFO 38196 --- [pool-7-thread-1] tourGuide.service.TourGuideService       : Track Location for user internalUser103
2022-10-03 09:59:06.007  INFO 38196 --- [    Test worker] tourGuide.service.TourGuideService       : Track Location for user internalUser348
2022-10-03 09:59:06.007  INFO 38196 --- [pool-7-thread-1] tourGuide.service.TourGuideService       : Track Location for user internalUser345
2022-10-03 09:59:06.008  INFO 38196 --- [pool-7-thread-1] tourGuide.service.TourGuideService       : Track Location for user internalUser587
2022-10-03 09:59:06.008  INFO 38196 --- [    Test worker] tourGuide.service.TourGuideService       : Track Location for user internalUser103
2022-10-03 09:59:06.008  INFO 38196 --- [    Test worker] tourGuide.service.TourGuideService       : Track Location for user internalUser345
2022-10-03 09:59:06.009  INFO 38196 --- [    Test worker] tourGuide.service.TourGuideService       : Track Location for user internalUser587
2022-10-03 09:59:06.009  INFO 38196 --- [pool-7-thread-1] tourGuide.service.TourGuideService       : Track Location for user internalUser104
2022-10-03 09:59:06.010  INFO 38196 --- [pool-7-thread-1] tourGuide.service.TourGuideService       : Track Location for user internalUser346
2022-10-03 09:59:06.010  INFO 38196 --- [    Test worker] tourGuide.service.TourGuideService       : Track Location for user internalUser104
2022-10-03 09:59:06.010  INFO 38196 --- [pool-7-thread-1] tourGuide.service.TourGuideService       : Track Location for user internalUser588
2022-10-03 09:59:06.010  INFO 38196 --- [    Test worker] tourGuide.service.TourGuideService       : Track Location for user internalUser346
2022-10-03 09:59:06.010  INFO 38196 --- [pool-7-thread-1] tourGuide.service.TourGuideService       : Track Location for user internalUser101
2022-10-03 09:59:06.010  INFO 38196 --- [    Test worker] tourGuide.service.TourGuideService       : Track Location for user internalUser588
2022-10-03 09:59:06.010  INFO 38196 --- [pool-7-thread-1] tourGuide.service.TourGuideService       : Track Location for user internalUser343
2022-10-03 09:59:06.010  INFO 38196 --- [    Test worker] tourGuide.service.TourGuideService       : Track Location for user internalUser101
2022-10-03 09:59:06.010  INFO 38196 --- [pool-7-thread-1] tourGuide.service.TourGuideService       : Track Location for user internalUser585
2022-10-03 09:59:06.011  INFO 38196 --- [    Test worker] tourGuide.service.TourGuideService       : Track Location for user internalUser343
2022-10-03 09:59:06.011  INFO 38196 --- [pool-7-thread-1] tourGuide.service.TourGuideService       : Track Location for user internalUser102
2022-10-03 09:59:06.011  INFO 38196 --- [    Test worker] tourGuide.service.TourGuideService       : Track Location for user internalUser585
2022-10-03 09:59:06.011  INFO 38196 --- [pool-7-thread-1] tourGuide.service.TourGuideService       : Track Location for user internalUser344
2022-10-03 09:59:06.011  INFO 38196 --- [    Test worker] tourGuide.service.TourGuideService       : Track Location for user internalUser102
2022-10-03 09:59:06.011  INFO 38196 --- [pool-7-thread-1] tourGuide.service.TourGuideService       : Track Location for user internalUser586
2022-10-03 09:59:06.012  INFO 38196 --- [    Test worker] tourGuide.service.TourGuideService       : Track Location for user internalUser344
2022-10-03 09:59:06.012  INFO 38196 --- [pool-7-thread-1] tourGuide.service.TourGuideService       : Track Location for user internalUser341
2022-10-03 09:59:06.012  INFO 38196 --- [    Test worker] tourGuide.service.TourGuideService       : Track Location for user internalUser586
2022-10-03 09:59:06.012  INFO 38196 --- [pool-7-thread-1] tourGuide.service.TourGuideService       : Track Location for user internalUser583
2022-10-03 09:59:06.012  INFO 38196 --- [    Test worker] tourGuide.service.TourGuideService       : Track Location for user internalUser341
2022-10-03 09:59:06.012  INFO 38196 --- [pool-7-thread-1] tourGuide.service.TourGuideService       : Track Location for user internalUser100
2022-10-03 09:59:06.012  INFO 38196 --- [    Test worker] tourGuide.service.TourGuideService       : Track Location for user internalUser583
2022-10-03 09:59:06.012  INFO 38196 --- [    Test worker] tourGuide.service.TourGuideService       : Track Location for user internalUser100
2022-10-03 09:59:06.013  INFO 38196 --- [pool-7-thread-1] tourGuide.service.TourGuideService       : Track Location for user internalUser342
2022-10-03 09:59:06.013  INFO 38196 --- [    Test worker] tourGuide.service.TourGuideService       : Track Location for user internalUser342
2022-10-03 09:59:06.013  INFO 38196 --- [pool-7-thread-1] tourGuide.service.TourGuideService       : Track Location for user internalUser584
2022-10-03 09:59:06.013  INFO 38196 --- [pool-7-thread-1] tourGuide.service.TourGuideService       : Track Location for user internalUser109
2022-10-03 09:59:06.013  INFO 38196 --- [    Test worker] tourGuide.service.TourGuideService       : Track Location for user internalUser584
2022-10-03 09:59:06.013  INFO 38196 --- [pool-7-thread-1] tourGuide.service.TourGuideService       : Track Location for user internalUser107
2022-10-03 09:59:06.013  INFO 38196 --- [    Test worker] tourGuide.service.TourGuideService       : Track Location for user internalUser109
2022-10-03 09:59:06.014  INFO 38196 --- [pool-7-thread-1] tourGuide.service.TourGuideService       : Track Location for user internalUser349
2022-10-03 09:59:06.014  INFO 38196 --- [    Test worker] tourGuide.service.TourGuideService       : Track Location for user internalUser107
2022-10-03 09:59:06.014  INFO 38196 --- [pool-7-thread-1] tourGuide.service.TourGuideService       : Track Location for user internalUser108
2022-10-03 09:59:06.014  INFO 38196 --- [pool-7-thread-1] tourGuide.service.TourGuideService       : Track Location for user internalUser3
2022-10-03 09:59:06.014  INFO 38196 --- [    Test worker] tourGuide.service.TourGuideService       : Track Location for user internalUser349
2022-10-03 09:59:06.014  INFO 38196 --- [pool-7-thread-1] tourGuide.service.TourGuideService       : Track Location for user internalUser2
2022-10-03 09:59:06.014  INFO 38196 --- [    Test worker] tourGuide.service.TourGuideService       : Track Location for user internalUser108
2022-10-03 09:59:06.015  INFO 38196 --- [pool-7-thread-1] tourGuide.service.TourGuideService       : Track Location for user internalUser1
2022-10-03 09:59:06.015  INFO 38196 --- [    Test worker] tourGuide.service.TourGuideService       : Track Location for user internalUser3
2022-10-03 09:59:06.015  INFO 38196 --- [pool-7-thread-1] tourGuide.service.TourGuideService       : Track Location for user internalUser0
2022-10-03 09:59:06.015  INFO 38196 --- [    Test worker] tourGuide.service.TourGuideService       : Track Location for user internalUser2
2022-10-03 09:59:06.015  INFO 38196 --- [pool-7-thread-1] tourGuide.service.TourGuideService       : Track Location for user internalUser7
2022-10-03 09:59:06.015  INFO 38196 --- [    Test worker] tourGuide.service.TourGuideService       : Track Location for user internalUser1
2022-10-03 09:59:06.015  INFO 38196 --- [pool-7-thread-1] tourGuide.service.TourGuideService       : Track Location for user internalUser6
2022-10-03 09:59:06.015  INFO 38196 --- [    Test worker] tourGuide.service.TourGuideService       : Track Location for user internalUser0
2022-10-03 09:59:06.015  INFO 38196 --- [pool-7-thread-1] tourGuide.service.TourGuideService       : Track Location for user internalUser5
2022-10-03 09:59:06.015  INFO 38196 --- [    Test worker] tourGuide.service.TourGuideService       : Track Location for user internalUser7
2022-10-03 09:59:06.016  INFO 38196 --- [    Test worker] tourGuide.service.TourGuideService       : Track Location for user internalUser6
2022-10-03 09:59:06.016  INFO 38196 --- [pool-7-thread-1] tourGuide.service.TourGuideService       : Track Location for user internalUser4
2022-10-03 09:59:06.016  INFO 38196 --- [    Test worker] tourGuide.service.TourGuideService       : Track Location for user internalUser5
2022-10-03 09:59:06.016  INFO 38196 --- [pool-7-thread-1] tourGuide.service.TourGuideService       : Track Location for user internalUser350
2022-10-03 09:59:06.016  INFO 38196 --- [    Test worker] tourGuide.service.TourGuideService       : Track Location for user internalUser4
2022-10-03 09:59:06.016  INFO 38196 --- [pool-7-thread-1] tourGuide.service.TourGuideService       : Track Location for user internalUser592
2022-10-03 09:59:06.016  INFO 38196 --- [    Test worker] tourGuide.service.TourGuideService       : Track Location for user internalUser350
2022-10-03 09:59:06.016  INFO 38196 --- [pool-7-thread-1] tourGuide.service.TourGuideService       : Track Location for user internalUser351
2022-10-03 09:59:06.016  INFO 38196 --- [    Test worker] tourGuide.service.TourGuideService       : Track Location for user internalUser592
2022-10-03 09:59:06.016  INFO 38196 --- [pool-7-thread-1] tourGuide.service.TourGuideService       : Track Location for user internalUser593
2022-10-03 09:59:06.017  INFO 38196 --- [pool-7-thread-1] tourGuide.service.TourGuideService       : Track Location for user internalUser590
2022-10-03 09:59:06.017  INFO 38196 --- [pool-7-thread-1] tourGuide.service.TourGuideService       : Track Location for user internalUser591
2022-10-03 09:59:06.018  INFO 38196 --- [pool-7-thread-1] tourGuide.service.TourGuideService       : Track Location for user internalUser116
2022-10-03 09:59:06.019  INFO 38196 --- [pool-7-thread-1] tourGuide.service.TourGuideService       : Track Location for user internalUser358
2022-10-03 09:59:06.019  INFO 38196 --- [    Test worker] tourGuide.service.TourGuideService       : Track Location for user internalUser351
2022-10-03 09:59:06.021  INFO 38196 --- [pool-7-thread-1] tourGuide.service.TourGuideService       : Track Location for user internalUser117
2022-10-03 09:59:06.022  INFO 38196 --- [pool-7-thread-1] tourGuide.service.TourGuideService       : Track Location for user internalUser359
2022-10-03 09:59:06.023  INFO 38196 --- [pool-7-thread-1] tourGuide.service.TourGuideService       : Track Location for user internalUser114
2022-10-03 09:59:06.023  INFO 38196 --- [pool-7-thread-1] tourGuide.service.TourGuideService       : Track Location for user internalUser356
2022-10-03 09:59:06.023  INFO 38196 --- [pool-7-thread-1] tourGuide.service.TourGuideService       : Track Location for user internalUser598
2022-10-03 09:59:06.024  INFO 38196 --- [pool-7-thread-1] tourGuide.service.TourGuideService       : Track Location for user internalUser115
2022-10-03 09:59:06.024  INFO 38196 --- [pool-7-thread-1] tourGuide.service.TourGuideService       : Track Location for user internalUser357
2022-10-03 09:59:06.025  INFO 38196 --- [    Test worker] tourGuide.service.TourGuideService       : Track Location for user internalUser593
2022-10-03 09:59:06.026  INFO 38196 --- [    Test worker] tourGuide.service.TourGuideService       : Track Location for user internalUser590
2022-10-03 09:59:06.026  INFO 38196 --- [    Test worker] tourGuide.service.TourGuideService       : Track Location for user internalUser591
2022-10-03 09:59:06.026  INFO 38196 --- [    Test worker] tourGuide.service.TourGuideService       : Track Location for user internalUser116
2022-10-03 09:59:06.026  INFO 38196 --- [    Test worker] tourGuide.service.TourGuideService       : Track Location for user internalUser358
2022-10-03 09:59:06.030  INFO 38196 --- [pool-7-thread-1] tourGuide.service.TourGuideService       : Track Location for user internalUser599
2022-10-03 09:59:06.030  INFO 38196 --- [pool-7-thread-1] tourGuide.service.TourGuideService       : Track Location for user internalUser112
2022-10-03 09:59:06.030  INFO 38196 --- [pool-7-thread-1] tourGuide.service.TourGuideService       : Track Location for user internalUser354
2022-10-03 09:59:06.031  INFO 38196 --- [pool-7-thread-1] tourGuide.service.TourGuideService       : Track Location for user internalUser596
2022-10-03 09:59:06.031  INFO 38196 --- [pool-7-thread-1] tourGuide.service.TourGuideService       : Track Location for user internalUser113
2022-10-03 09:59:06.056  INFO 38196 --- [    Test worker] tourGuide.service.TourGuideService       : Track Location for user internalUser117
2022-10-03 09:59:06.057  INFO 38196 --- [    Test worker] tourGuide.service.TourGuideService       : Track Location for user internalUser359
2022-10-03 09:59:06.057  INFO 38196 --- [    Test worker] tourGuide.service.TourGuideService       : Track Location for user internalUser114
2022-10-03 09:59:06.057  INFO 38196 --- [    Test worker] tourGuide.service.TourGuideService       : Track Location for user internalUser356
2022-10-03 09:59:06.058  INFO 38196 --- [    Test worker] tourGuide.service.TourGuideService       : Track Location for user internalUser598
2022-10-03 09:59:06.058  INFO 38196 --- [pool-7-thread-1] tourGuide.service.TourGuideService       : Track Location for user internalUser355
2022-10-03 09:59:06.058  INFO 38196 --- [    Test worker] tourGuide.service.TourGuideService       : Track Location for user internalUser115
2022-10-03 09:59:06.058  INFO 38196 --- [    Test worker] tourGuide.service.TourGuideService       : Track Location for user internalUser357
2022-10-03 09:59:06.058  INFO 38196 --- [pool-7-thread-1] tourGuide.service.TourGuideService       : Track Location for user internalUser597
2022-10-03 09:59:06.070  INFO 38196 --- [    Test worker] tourGuide.service.TourGuideService       : Track Location for user internalUser599
2022-10-03 09:59:06.071  INFO 38196 --- [pool-7-thread-1] tourGuide.service.TourGuideService       : Track Location for user internalUser110
2022-10-03 09:59:06.084  INFO 38196 --- [pool-7-thread-1] tourGuide.service.TourGuideService       : Track Location for user internalUser352
2022-10-03 09:59:06.085  INFO 38196 --- [pool-7-thread-1] tourGuide.service.TourGuideService       : Track Location for user internalUser594
2022-10-03 09:59:06.086  INFO 38196 --- [pool-7-thread-1] tourGuide.service.TourGuideService       : Track Location for user internalUser111
2022-10-03 09:59:06.086  INFO 38196 --- [pool-7-thread-1] tourGuide.service.TourGuideService       : Track Location for user internalUser353
2022-10-03 09:59:06.087  INFO 38196 --- [pool-7-thread-1] tourGuide.service.TourGuideService       : Track Location for user internalUser595
2022-10-03 09:59:06.087  INFO 38196 --- [pool-7-thread-1] tourGuide.service.TourGuideService       : Track Location for user internalUser118
2022-10-03 09:59:06.087  INFO 38196 --- [pool-7-thread-1] tourGuide.service.TourGuideService       : Track Location for user internalUser119
2022-10-03 09:59:06.088  INFO 38196 --- [    Test worker] tourGuide.service.TourGuideService       : Track Location for user internalUser112
2022-10-03 09:59:06.088  INFO 38196 --- [pool-7-thread-1] tourGuide.service.TourGuideService       : Track Location for user internalUser523
2022-10-03 09:59:06.088  INFO 38196 --- [    Test worker] tourGuide.service.TourGuideService       : Track Location for user internalUser354
2022-10-03 09:59:06.089  INFO 38196 --- [    Test worker] tourGuide.service.TourGuideService       : Track Location for user internalUser596
2022-10-03 09:59:06.105  INFO 38196 --- [pool-7-thread-1] tourGuide.service.TourGuideService       : Track Location for user internalUser765
2022-10-03 09:59:06.105  INFO 38196 --- [pool-7-thread-1] tourGuide.service.TourGuideService       : Track Location for user internalUser524
2022-10-03 09:59:06.105  INFO 38196 --- [pool-7-thread-1] tourGuide.service.TourGuideService       : Track Location for user internalUser766
2022-10-03 09:59:06.106  INFO 38196 --- [pool-7-thread-1] tourGuide.service.TourGuideService       : Track Location for user internalUser521
2022-10-03 09:59:06.106  INFO 38196 --- [pool-7-thread-1] tourGuide.service.TourGuideService       : Track Location for user internalUser763
2022-10-03 09:59:06.106  INFO 38196 --- [    Test worker] tourGuide.service.TourGuideService       : Track Location for user internalUser113
2022-10-03 09:59:06.113  INFO 38196 --- [pool-7-thread-1] tourGuide.service.TourGuideService       : Track Location for user internalUser522
2022-10-03 09:59:06.122  INFO 38196 --- [    Test worker] tourGuide.service.TourGuideService       : Track Location for user internalUser355
2022-10-03 09:59:06.123  INFO 38196 --- [    Test worker] tourGuide.service.TourGuideService       : Track Location for user internalUser597
2022-10-03 09:59:06.123  INFO 38196 --- [    Test worker] tourGuide.service.TourGuideService       : Track Location for user internalUser110
2022-10-03 09:59:06.123  INFO 38196 --- [    Test worker] tourGuide.service.TourGuideService       : Track Location for user internalUser352
2022-10-03 09:59:06.123  INFO 38196 --- [pool-7-thread-1] tourGuide.service.TourGuideService       : Track Location for user internalUser764
2022-10-03 09:59:06.128  INFO 38196 --- [    Test worker] tourGuide.service.TourGuideService       : Track Location for user internalUser594
2022-10-03 09:59:06.130  INFO 38196 --- [pool-7-thread-1] tourGuide.service.TourGuideService       : Track Location for user internalUser761
2022-10-03 09:59:06.132  INFO 38196 --- [    Test worker] tourGuide.service.TourGuideService       : Track Location for user internalUser111
2022-10-03 09:59:06.131  INFO 38196 --- [pool-7-thread-1] tourGuide.service.TourGuideService       : Track Location for user internalUser520
2022-10-03 09:59:06.132  INFO 38196 --- [pool-7-thread-1] tourGuide.service.TourGuideService       : Track Location for user internalUser762
2022-10-03 09:59:06.133  INFO 38196 --- [pool-7-thread-1] tourGuide.service.TourGuideService       : Track Location for user internalUser760
2022-10-03 09:59:06.133  INFO 38196 --- [pool-7-thread-1] tourGuide.service.TourGuideService       : Track Location for user internalUser529
2022-10-03 09:59:06.133  INFO 38196 --- [    Test worker] tourGuide.service.TourGuideService       : Track Location for user internalUser353
2022-10-03 09:59:06.142  INFO 38196 --- [pool-7-thread-1] tourGuide.service.TourGuideService       : Track Location for user internalUser527
2022-10-03 09:59:06.142  INFO 38196 --- [    Test worker] tourGuide.service.TourGuideService       : Track Location for user internalUser595
2022-10-03 09:59:06.142  INFO 38196 --- [pool-7-thread-1] tourGuide.service.TourGuideService       : Track Location for user internalUser769
2022-10-03 09:59:06.143  INFO 38196 --- [pool-7-thread-1] tourGuide.service.TourGuideService       : Track Location for user internalUser528
2022-10-03 09:59:06.146  INFO 38196 --- [    Test worker] tourGuide.service.TourGuideService       : Track Location for user internalUser118
2022-10-03 09:59:06.146  INFO 38196 --- [pool-7-thread-1] tourGuide.service.TourGuideService       : Track Location for user internalUser525
2022-10-03 09:59:06.146  INFO 38196 --- [    Test worker] tourGuide.service.TourGuideService       : Track Location for user internalUser119
2022-10-03 09:59:06.146  INFO 38196 --- [pool-7-thread-1] tourGuide.service.TourGuideService       : Track Location for user internalUser767
2022-10-03 09:59:06.146  INFO 38196 --- [    Test worker] tourGuide.service.TourGuideService       : Track Location for user internalUser523
2022-10-03 09:59:06.147  INFO 38196 --- [    Test worker] tourGuide.service.TourGuideService       : Track Location for user internalUser765
2022-10-03 09:59:06.147  INFO 38196 --- [    Test worker] tourGuide.service.TourGuideService       : Track Location for user internalUser524
2022-10-03 09:59:06.147  INFO 38196 --- [pool-7-thread-1] tourGuide.service.TourGuideService       : Track Location for user internalUser526
2022-10-03 09:59:06.147  INFO 38196 --- [    Test worker] tourGuide.service.TourGuideService       : Track Location for user internalUser766
2022-10-03 09:59:06.147  INFO 38196 --- [pool-7-thread-1] tourGuide.service.TourGuideService       : Track Location for user internalUser768
2022-10-03 09:59:06.147  INFO 38196 --- [    Test worker] tourGuide.service.TourGuideService       : Track Location for user internalUser521
2022-10-03 09:59:06.147  INFO 38196 --- [pool-7-thread-1] tourGuide.service.TourGuideService       : Track Location for user internalUser534
2022-10-03 09:59:06.147  INFO 38196 --- [    Test worker] tourGuide.service.TourGuideService       : Track Location for user internalUser763
2022-10-03 09:59:06.148  INFO 38196 --- [    Test worker] tourGuide.service.TourGuideService       : Track Location for user internalUser522
2022-10-03 09:59:06.148  INFO 38196 --- [pool-7-thread-1] tourGuide.service.TourGuideService       : Track Location for user internalUser776
2022-10-03 09:59:06.148  INFO 38196 --- [    Test worker] tourGuide.service.TourGuideService       : Track Location for user internalUser764
2022-10-03 09:59:06.148  INFO 38196 --- [pool-7-thread-1] tourGuide.service.TourGuideService       : Track Location for user internalUser535
2022-10-03 09:59:06.148  INFO 38196 --- [pool-7-thread-1] tourGuide.service.TourGuideService       : Track Location for user internalUser777
2022-10-03 09:59:06.148  INFO 38196 --- [    Test worker] tourGuide.service.TourGuideService       : Track Location for user internalUser761
2022-10-03 09:59:06.148  INFO 38196 --- [pool-7-thread-1] tourGuide.service.TourGuideService       : Track Location for user internalUser532
2022-10-03 09:59:06.149  INFO 38196 --- [    Test worker] tourGuide.service.TourGuideService       : Track Location for user internalUser520
2022-10-03 09:59:06.149  INFO 38196 --- [pool-7-thread-1] tourGuide.service.TourGuideService       : Track Location for user internalUser774
2022-10-03 09:59:06.149  INFO 38196 --- [pool-7-thread-1] tourGuide.service.TourGuideService       : Track Location for user internalUser533
2022-10-03 09:59:06.149  INFO 38196 --- [    Test worker] tourGuide.service.TourGuideService       : Track Location for user internalUser762
2022-10-03 09:59:06.149  INFO 38196 --- [pool-7-thread-1] tourGuide.service.TourGuideService       : Track Location for user internalUser775
2022-10-03 09:59:06.149  INFO 38196 --- [    Test worker] tourGuide.service.TourGuideService       : Track Location for user internalUser760
2022-10-03 09:59:06.149  INFO 38196 --- [pool-7-thread-1] tourGuide.service.TourGuideService       : Track Location for user internalUser530
2022-10-03 09:59:06.149  INFO 38196 --- [    Test worker] tourGuide.service.TourGuideService       : Track Location for user internalUser529
2022-10-03 09:59:06.150  INFO 38196 --- [pool-7-thread-1] tourGuide.service.TourGuideService       : Track Location for user internalUser772
2022-10-03 09:59:06.150  INFO 38196 --- [pool-7-thread-1] tourGuide.service.TourGuideService       : Track Location for user internalUser531
2022-10-03 09:59:06.150  INFO 38196 --- [    Test worker] tourGuide.service.TourGuideService       : Track Location for user internalUser527
2022-10-03 09:59:06.150  INFO 38196 --- [pool-7-thread-1] tourGuide.service.TourGuideService       : Track Location for user internalUser773
2022-10-03 09:59:06.150  INFO 38196 --- [    Test worker] tourGuide.service.TourGuideService       : Track Location for user internalUser769
2022-10-03 09:59:06.150  INFO 38196 --- [pool-7-thread-1] tourGuide.service.TourGuideService       : Track Location for user internalUser770
2022-10-03 09:59:06.150  INFO 38196 --- [    Test worker] tourGuide.service.TourGuideService       : Track Location for user internalUser528
2022-10-03 09:59:06.150  INFO 38196 --- [pool-7-thread-1] tourGuide.service.TourGuideService       : Track Location for user internalUser771
2022-10-03 09:59:06.150  INFO 38196 --- [    Test worker] tourGuide.service.TourGuideService       : Track Location for user internalUser525
2022-10-03 09:59:06.150  INFO 38196 --- [pool-7-thread-1] tourGuide.service.TourGuideService       : Track Location for user internalUser538
2022-10-03 09:59:06.151  INFO 38196 --- [    Test worker] tourGuide.service.TourGuideService       : Track Location for user internalUser767
2022-10-03 09:59:06.151  INFO 38196 --- [pool-7-thread-1] tourGuide.service.TourGuideService       : Track Location for user internalUser539
2022-10-03 09:59:06.151  INFO 38196 --- [    Test worker] tourGuide.service.TourGuideService       : Track Location for user internalUser526
2022-10-03 09:59:06.151  INFO 38196 --- [pool-7-thread-1] tourGuide.service.TourGuideService       : Track Location for user internalUser536
2022-10-03 09:59:06.151  INFO 38196 --- [    Test worker] tourGuide.service.TourGuideService       : Track Location for user internalUser768
2022-10-03 09:59:06.151  INFO 38196 --- [pool-7-thread-1] tourGuide.service.TourGuideService       : Track Location for user internalUser778
2022-10-03 09:59:06.151  INFO 38196 --- [    Test worker] tourGuide.service.TourGuideService       : Track Location for user internalUser534
2022-10-03 09:59:06.152  INFO 38196 --- [pool-7-thread-1] tourGuide.service.TourGuideService       : Track Location for user internalUser537
2022-10-03 09:59:06.152  INFO 38196 --- [    Test worker] tourGuide.service.TourGuideService       : Track Location for user internalUser776
2022-10-03 09:59:06.152  INFO 38196 --- [pool-7-thread-1] tourGuide.service.TourGuideService       : Track Location for user internalUser779
2022-10-03 09:59:06.152  INFO 38196 --- [    Test worker] tourGuide.service.TourGuideService       : Track Location for user internalUser535
2022-10-03 09:59:06.152  INFO 38196 --- [pool-7-thread-1] tourGuide.service.TourGuideService       : Track Location for user internalUser780
2022-10-03 09:59:06.152  INFO 38196 --- [    Test worker] tourGuide.service.TourGuideService       : Track Location for user internalUser777
2022-10-03 09:59:06.152  INFO 38196 --- [pool-7-thread-1] tourGuide.service.TourGuideService       : Track Location for user internalUser303
2022-10-03 09:59:06.152  INFO 38196 --- [    Test worker] tourGuide.service.TourGuideService       : Track Location for user internalUser532
2022-10-03 09:59:06.152  INFO 38196 --- [pool-7-thread-1] tourGuide.service.TourGuideService       : Track Location for user internalUser545
2022-10-03 09:59:06.152  INFO 38196 --- [    Test worker] tourGuide.service.TourGuideService       : Track Location for user internalUser774
2022-10-03 09:59:06.152  INFO 38196 --- [pool-7-thread-1] tourGuide.service.TourGuideService       : Track Location for user internalUser787
2022-10-03 09:59:06.152  INFO 38196 --- [    Test worker] tourGuide.service.TourGuideService       : Track Location for user internalUser533
2022-10-03 09:59:06.154  INFO 38196 --- [pool-7-thread-1] tourGuide.service.TourGuideService       : Track Location for user internalUser304
2022-10-03 09:59:06.154  INFO 38196 --- [    Test worker] tourGuide.service.TourGuideService       : Track Location for user internalUser775
2022-10-03 09:59:06.154  INFO 38196 --- [pool-7-thread-1] tourGuide.service.TourGuideService       : Track Location for user internalUser546
2022-10-03 09:59:06.158  INFO 38196 --- [pool-7-thread-1] tourGuide.service.TourGuideService       : Track Location for user internalUser788
2022-10-03 09:59:06.158  INFO 38196 --- [pool-7-thread-1] tourGuide.service.TourGuideService       : Track Location for user internalUser301
2022-10-03 09:59:06.158  INFO 38196 --- [pool-7-thread-1] tourGuide.service.TourGuideService       : Track Location for user internalUser543
2022-10-03 09:59:06.158  INFO 38196 --- [    Test worker] tourGuide.service.TourGuideService       : Track Location for user internalUser530
2022-10-03 09:59:06.159  INFO 38196 --- [pool-7-thread-1] tourGuide.service.TourGuideService       : Track Location for user internalUser785
2022-10-03 09:59:06.159  INFO 38196 --- [    Test worker] tourGuide.service.TourGuideService       : Track Location for user internalUser772
2022-10-03 09:59:06.159  INFO 38196 --- [    Test worker] tourGuide.service.TourGuideService       : Track Location for user internalUser531
2022-10-03 09:59:06.159  INFO 38196 --- [pool-7-thread-1] tourGuide.service.TourGuideService       : Track Location for user internalUser302
2022-10-03 09:59:06.159  INFO 38196 --- [pool-7-thread-1] tourGuide.service.TourGuideService       : Track Location for user internalUser544
2022-10-03 09:59:06.160  INFO 38196 --- [pool-7-thread-1] tourGuide.service.TourGuideService       : Track Location for user internalUser786
2022-10-03 09:59:06.161  INFO 38196 --- [pool-7-thread-1] tourGuide.service.TourGuideService       : Track Location for user internalUser541
2022-10-03 09:59:06.161  INFO 38196 --- [pool-7-thread-1] tourGuide.service.TourGuideService       : Track Location for user internalUser783
2022-10-03 09:59:06.162  INFO 38196 --- [pool-7-thread-1] tourGuide.service.TourGuideService       : Track Location for user internalUser300
2022-10-03 09:59:06.162  INFO 38196 --- [pool-7-thread-1] tourGuide.service.TourGuideService       : Track Location for user internalUser542
2022-10-03 09:59:06.162  INFO 38196 --- [pool-7-thread-1] tourGuide.service.TourGuideService       : Track Location for user internalUser784
2022-10-03 09:59:06.162  INFO 38196 --- [pool-7-thread-1] tourGuide.service.TourGuideService       : Track Location for user internalUser781
2022-10-03 09:59:06.162  INFO 38196 --- [pool-7-thread-1] tourGuide.service.TourGuideService       : Track Location for user internalUser540
2022-10-03 09:59:06.163  INFO 38196 --- [pool-7-thread-1] tourGuide.service.TourGuideService       : Track Location for user internalUser782
2022-10-03 09:59:06.163  INFO 38196 --- [pool-7-thread-1] tourGuide.service.TourGuideService       : Track Location for user internalUser309
2022-10-03 09:59:06.163  INFO 38196 --- [pool-7-thread-1] tourGuide.service.TourGuideService       : Track Location for user internalUser307
2022-10-03 09:59:06.164  INFO 38196 --- [pool-7-thread-1] tourGuide.service.TourGuideService       : Track Location for user internalUser549
2022-10-03 09:59:06.164  INFO 38196 --- [pool-7-thread-1] tourGuide.service.TourGuideService       : Track Location for user internalUser308
2022-10-03 09:59:06.165  INFO 38196 --- [pool-7-thread-1] tourGuide.service.TourGuideService       : Track Location for user internalUser305
2022-10-03 09:59:06.165  INFO 38196 --- [pool-7-thread-1] tourGuide.service.TourGuideService       : Track Location for user internalUser547
2022-10-03 09:59:06.165  INFO 38196 --- [    Test worker] tourGuide.service.TourGuideService       : Track Location for user internalUser773
2022-10-03 09:59:06.166  INFO 38196 --- [pool-7-thread-1] tourGuide.service.TourGuideService       : Track Location for user internalUser789
2022-10-03 09:59:06.166  INFO 38196 --- [    Test worker] tourGuide.service.TourGuideService       : Track Location for user internalUser770
2022-10-03 09:59:06.166  INFO 38196 --- [pool-7-thread-1] tourGuide.service.TourGuideService       : Track Location for user internalUser306
2022-10-03 09:59:06.166  INFO 38196 --- [pool-7-thread-1] tourGuide.service.TourGuideService       : Track Location for user internalUser548
2022-10-03 09:59:06.166  INFO 38196 --- [    Test worker] tourGuide.service.TourGuideService       : Track Location for user internalUser771
2022-10-03 09:59:06.167  INFO 38196 --- [pool-7-thread-1] tourGuide.service.TourGuideService       : Track Location for user internalUser790
2022-10-03 09:59:06.167  INFO 38196 --- [    Test worker] tourGuide.service.TourGuideService       : Track Location for user internalUser538
2022-10-03 09:59:06.167  INFO 38196 --- [    Test worker] tourGuide.service.TourGuideService       : Track Location for user internalUser539
2022-10-03 09:59:06.168  INFO 38196 --- [    Test worker] tourGuide.service.TourGuideService       : Track Location for user internalUser536
2022-10-03 09:59:06.177  INFO 38196 --- [    Test worker] tourGuide.service.TourGuideService       : Track Location for user internalUser778
2022-10-03 09:59:06.178  INFO 38196 --- [pool-7-thread-1] tourGuide.service.TourGuideService       : Track Location for user internalUser791
2022-10-03 09:59:06.179  INFO 38196 --- [    Test worker] tourGuide.service.TourGuideService       : Track Location for user internalUser537
2022-10-03 09:59:06.180  INFO 38196 --- [    Test worker] tourGuide.service.TourGuideService       : Track Location for user internalUser779
2022-10-03 09:59:06.182  INFO 38196 --- [pool-7-thread-1] tourGuide.service.TourGuideService       : Track Location for user internalUser314
2022-10-03 09:59:06.184  INFO 38196 --- [    Test worker] tourGuide.service.TourGuideService       : Track Location for user internalUser780
2022-10-03 09:59:06.185  INFO 38196 --- [    Test worker] tourGuide.service.TourGuideService       : Track Location for user internalUser303
2022-10-03 09:59:06.190  INFO 38196 --- [pool-7-thread-1] tourGuide.service.TourGuideService       : Track Location for user internalUser556
2022-10-03 09:59:06.191  INFO 38196 --- [pool-7-thread-1] tourGuide.service.TourGuideService       : Track Location for user internalUser798
2022-10-03 09:59:06.192  INFO 38196 --- [pool-7-thread-1] tourGuide.service.TourGuideService       : Track Location for user internalUser315
2022-10-03 09:59:06.192  INFO 38196 --- [pool-7-thread-1] tourGuide.service.TourGuideService       : Track Location for user internalUser557
2022-10-03 09:59:06.192  INFO 38196 --- [pool-7-thread-1] tourGuide.service.TourGuideService       : Track Location for user internalUser799
2022-10-03 09:59:06.193  INFO 38196 --- [pool-7-thread-1] tourGuide.service.TourGuideService       : Track Location for user internalUser312
2022-10-03 09:59:06.193  INFO 38196 --- [pool-7-thread-1] tourGuide.service.TourGuideService       : Track Location for user internalUser554
2022-10-03 09:59:06.194  INFO 38196 --- [pool-7-thread-1] tourGuide.service.TourGuideService       : Track Location for user internalUser796
2022-10-03 09:59:06.195  INFO 38196 --- [pool-7-thread-1] tourGuide.service.TourGuideService       : Track Location for user internalUser313
2022-10-03 09:59:06.189  INFO 38196 --- [    Test worker] tourGuide.service.TourGuideService       : Track Location for user internalUser545
2022-10-03 09:59:06.198  INFO 38196 --- [    Test worker] tourGuide.service.TourGuideService       : Track Location for user internalUser787
2022-10-03 09:59:06.197  INFO 38196 --- [pool-7-thread-1] tourGuide.service.TourGuideService       : Track Location for user internalUser555
2022-10-03 09:59:06.204  INFO 38196 --- [pool-7-thread-1] tourGuide.service.TourGuideService       : Track Location for user internalUser797
2022-10-03 09:59:06.205  INFO 38196 --- [pool-7-thread-1] tourGuide.service.TourGuideService       : Track Location for user internalUser310
2022-10-03 09:59:06.205  INFO 38196 --- [pool-7-thread-1] tourGuide.service.TourGuideService       : Track Location for user internalUser552
2022-10-03 09:59:06.205  INFO 38196 --- [pool-7-thread-1] tourGuide.service.TourGuideService       : Track Location for user internalUser794
2022-10-03 09:59:06.205  INFO 38196 --- [pool-7-thread-1] tourGuide.service.TourGuideService       : Track Location for user internalUser311
2022-10-03 09:59:06.206  INFO 38196 --- [pool-7-thread-1] tourGuide.service.TourGuideService       : Track Location for user internalUser553
2022-10-03 09:59:06.202  INFO 38196 --- [    Test worker] tourGuide.service.TourGuideService       : Track Location for user internalUser304
2022-10-03 09:59:06.206  INFO 38196 --- [pool-7-thread-1] tourGuide.service.TourGuideService       : Track Location for user internalUser795
2022-10-03 09:59:06.206  INFO 38196 --- [    Test worker] tourGuide.service.TourGuideService       : Track Location for user internalUser546
2022-10-03 09:59:06.207  INFO 38196 --- [pool-7-thread-1] tourGuide.service.TourGuideService       : Track Location for user internalUser550
2022-10-03 09:59:06.207  INFO 38196 --- [    Test worker] tourGuide.service.TourGuideService       : Track Location for user internalUser788
2022-10-03 09:59:06.208  INFO 38196 --- [pool-7-thread-1] tourGuide.service.TourGuideService       : Track Location for user internalUser792
2022-10-03 09:59:06.208  INFO 38196 --- [    Test worker] tourGuide.service.TourGuideService       : Track Location for user internalUser301
2022-10-03 09:59:06.210  INFO 38196 --- [    Test worker] tourGuide.service.TourGuideService       : Track Location for user internalUser543
2022-10-03 09:59:06.210  INFO 38196 --- [    Test worker] tourGuide.service.TourGuideService       : Track Location for user internalUser785
2022-10-03 09:59:06.210  INFO 38196 --- [    Test worker] tourGuide.service.TourGuideService       : Track Location for user internalUser302
2022-10-03 09:59:06.211  INFO 38196 --- [    Test worker] tourGuide.service.TourGuideService       : Track Location for user internalUser544
2022-10-03 09:59:06.210  INFO 38196 --- [pool-7-thread-1] tourGuide.service.TourGuideService       : Track Location for user internalUser551
2022-10-03 09:59:06.211  INFO 38196 --- [    Test worker] tourGuide.service.TourGuideService       : Track Location for user internalUser786
2022-10-03 09:59:06.215  INFO 38196 --- [pool-7-thread-1] tourGuide.service.TourGuideService       : Track Location for user internalUser793
2022-10-03 09:59:06.218  INFO 38196 --- [    Test worker] tourGuide.service.TourGuideService       : Track Location for user internalUser541
2022-10-03 09:59:06.218  INFO 38196 --- [pool-7-thread-1] tourGuide.service.TourGuideService       : Track Location for user internalUser318
2022-10-03 09:59:06.230  INFO 38196 --- [pool-7-thread-1] tourGuide.service.TourGuideService       : Track Location for user internalUser319
2022-10-03 09:59:06.231  INFO 38196 --- [pool-7-thread-1] tourGuide.service.TourGuideService       : Track Location for user internalUser316
2022-10-03 09:59:06.232  INFO 38196 --- [pool-7-thread-1] tourGuide.service.TourGuideService       : Track Location for user internalUser558
2022-10-03 09:59:06.232  INFO 38196 --- [pool-7-thread-1] tourGuide.service.TourGuideService       : Track Location for user internalUser317
2022-10-03 09:59:06.232  INFO 38196 --- [pool-7-thread-1] tourGuide.service.TourGuideService       : Track Location for user internalUser559
2022-10-03 09:59:06.233  INFO 38196 --- [pool-7-thread-1] tourGuide.service.TourGuideService       : Track Location for user internalUser600
2022-10-03 09:59:06.233  INFO 38196 --- [pool-7-thread-1] tourGuide.service.TourGuideService       : Track Location for user internalUser842
2022-10-03 09:59:06.233  INFO 38196 --- [pool-7-thread-1] tourGuide.service.TourGuideService       : Track Location for user internalUser601
2022-10-03 09:59:06.233  INFO 38196 --- [pool-7-thread-1] tourGuide.service.TourGuideService       : Track Location for user internalUser843
2022-10-03 09:59:06.233  INFO 38196 --- [pool-7-thread-1] tourGuide.service.TourGuideService       : Track Location for user internalUser840
2022-10-03 09:59:06.233  INFO 38196 --- [pool-7-thread-1] tourGuide.service.TourGuideService       : Track Location for user internalUser841
2022-10-03 09:59:06.234  INFO 38196 --- [pool-7-thread-1] tourGuide.service.TourGuideService       : Track Location for user internalUser608
2022-10-03 09:59:06.234  INFO 38196 --- [pool-7-thread-1] tourGuide.service.TourGuideService       : Track Location for user internalUser609
2022-10-03 09:59:06.234  INFO 38196 --- [pool-7-thread-1] tourGuide.service.TourGuideService       : Track Location for user internalUser606
2022-10-03 09:59:06.235  INFO 38196 --- [    Test worker] tourGuide.service.TourGuideService       : Track Location for user internalUser783
2022-10-03 09:59:06.236  INFO 38196 --- [    Test worker] tourGuide.service.TourGuideService       : Track Location for user internalUser300
2022-10-03 09:59:06.236  INFO 38196 --- [pool-7-thread-1] tourGuide.service.TourGuideService       : Track Location for user internalUser848
2022-10-03 09:59:06.246  INFO 38196 --- [    Test worker] tourGuide.service.TourGuideService       : Track Location for user internalUser542
2022-10-03 09:59:06.246  INFO 38196 --- [pool-7-thread-1] tourGuide.service.TourGuideService       : Track Location for user internalUser607
2022-10-03 09:59:06.247  INFO 38196 --- [    Test worker] tourGuide.service.TourGuideService       : Track Location for user internalUser784
2022-10-03 09:59:06.248  INFO 38196 --- [pool-7-thread-1] tourGuide.service.TourGuideService       : Track Location for user internalUser849
2022-10-03 09:59:06.249  INFO 38196 --- [    Test worker] tourGuide.service.TourGuideService       : Track Location for user internalUser781
2022-10-03 09:59:06.249  INFO 38196 --- [pool-7-thread-1] tourGuide.service.TourGuideService       : Track Location for user internalUser604
2022-10-03 09:59:06.249  INFO 38196 --- [    Test worker] tourGuide.service.TourGuideService       : Track Location for user internalUser540
2022-10-03 09:59:06.251  INFO 38196 --- [    Test worker] tourGuide.service.TourGuideService       : Track Location for user internalUser782
2022-10-03 09:59:06.251  INFO 38196 --- [pool-7-thread-1] tourGuide.service.TourGuideService       : Track Location for user internalUser846
2022-10-03 09:59:06.252  INFO 38196 --- [    Test worker] tourGuide.service.TourGuideService       : Track Location for user internalUser309
2022-10-03 09:59:06.252  INFO 38196 --- [pool-7-thread-1] tourGuide.service.TourGuideService       : Track Location for user internalUser605
2022-10-03 09:59:06.252  INFO 38196 --- [    Test worker] tourGuide.service.TourGuideService       : Track Location for user internalUser307
2022-10-03 09:59:06.252  INFO 38196 --- [pool-7-thread-1] tourGuide.service.TourGuideService       : Track Location for user internalUser847
2022-10-03 09:59:06.253  INFO 38196 --- [    Test worker] tourGuide.service.TourGuideService       : Track Location for user internalUser549
2022-10-03 09:59:06.253  INFO 38196 --- [pool-7-thread-1] tourGuide.service.TourGuideService       : Track Location for user internalUser602
2022-10-03 09:59:06.253  INFO 38196 --- [    Test worker] tourGuide.service.TourGuideService       : Track Location for user internalUser308
2022-10-03 09:59:06.253  INFO 38196 --- [pool-7-thread-1] tourGuide.service.TourGuideService       : Track Location for user internalUser844
2022-10-03 09:59:06.253  INFO 38196 --- [    Test worker] tourGuide.service.TourGuideService       : Track Location for user internalUser305
2022-10-03 09:59:06.253  INFO 38196 --- [pool-7-thread-1] tourGuide.service.TourGuideService       : Track Location for user internalUser603
2022-10-03 09:59:06.253  INFO 38196 --- [    Test worker] tourGuide.service.TourGuideService       : Track Location for user internalUser547
2022-10-03 09:59:06.254  INFO 38196 --- [pool-7-thread-1] tourGuide.service.TourGuideService       : Track Location for user internalUser845
2022-10-03 09:59:06.254  INFO 38196 --- [    Test worker] tourGuide.service.TourGuideService       : Track Location for user internalUser789
2022-10-03 09:59:06.256  INFO 38196 --- [pool-7-thread-1] tourGuide.service.TourGuideService       : Track Location for user internalUser611
2022-10-03 09:59:06.256  INFO 38196 --- [pool-7-thread-1] tourGuide.service.TourGuideService       : Track Location for user internalUser853
2022-10-03 09:59:06.256  INFO 38196 --- [    Test worker] tourGuide.service.TourGuideService       : Track Location for user internalUser306
2022-10-03 09:59:06.257  INFO 38196 --- [pool-7-thread-1] tourGuide.service.TourGuideService       : Track Location for user internalUser612
2022-10-03 09:59:06.257  INFO 38196 --- [    Test worker] tourGuide.service.TourGuideService       : Track Location for user internalUser548
2022-10-03 09:59:06.257  INFO 38196 --- [pool-7-thread-1] tourGuide.service.TourGuideService       : Track Location for user internalUser854
2022-10-03 09:59:06.257  INFO 38196 --- [    Test worker] tourGuide.service.TourGuideService       : Track Location for user internalUser790
2022-10-03 09:59:06.258  INFO 38196 --- [pool-7-thread-1] tourGuide.service.TourGuideService       : Track Location for user internalUser851
2022-10-03 09:59:06.260  INFO 38196 --- [pool-7-thread-1] tourGuide.service.TourGuideService       : Track Location for user internalUser610
2022-10-03 09:59:06.261  INFO 38196 --- [pool-7-thread-1] tourGuide.service.TourGuideService       : Track Location for user internalUser852
2022-10-03 09:59:06.261  INFO 38196 --- [pool-7-thread-1] tourGuide.service.TourGuideService       : Track Location for user internalUser850
2022-10-03 09:59:06.261  INFO 38196 --- [pool-7-thread-1] tourGuide.service.TourGuideService       : Track Location for user internalUser619
2022-10-03 09:59:06.262  INFO 38196 --- [pool-7-thread-1] tourGuide.service.TourGuideService       : Track Location for user internalUser617
2022-10-03 09:59:06.262  INFO 38196 --- [    Test worker] tourGuide.service.TourGuideService       : Track Location for user internalUser791
2022-10-03 09:59:06.272  INFO 38196 --- [pool-7-thread-1] tourGuide.service.TourGuideService       : Track Location for user internalUser859
2022-10-03 09:59:06.272  INFO 38196 --- [pool-7-thread-1] tourGuide.service.TourGuideService       : Track Location for user internalUser618
2022-10-03 09:59:06.272  INFO 38196 --- [    Test worker] tourGuide.service.TourGuideService       : Track Location for user internalUser314
2022-10-03 09:59:06.272  INFO 38196 --- [pool-7-thread-1] tourGuide.service.TourGuideService       : Track Location for user internalUser615
2022-10-03 09:59:06.277  INFO 38196 --- [    Test worker] tourGuide.service.TourGuideService       : Track Location for user internalUser556
2022-10-03 09:59:06.279  INFO 38196 --- [pool-7-thread-1] tourGuide.service.TourGuideService       : Track Location for user internalUser857
2022-10-03 09:59:06.280  INFO 38196 --- [    Test worker] tourGuide.service.TourGuideService       : Track Location for user internalUser798
2022-10-03 09:59:06.281  INFO 38196 --- [pool-7-thread-1] tourGuide.service.TourGuideService       : Track Location for user internalUser616
2022-10-03 09:59:06.281  INFO 38196 --- [    Test worker] tourGuide.service.TourGuideService       : Track Location for user internalUser315
2022-10-03 09:59:06.282  INFO 38196 --- [pool-7-thread-1] tourGuide.service.TourGuideService       : Track Location for user internalUser858
2022-10-03 09:59:06.283  INFO 38196 --- [pool-7-thread-1] tourGuide.service.TourGuideService       : Track Location for user internalUser613
2022-10-03 09:59:06.283  INFO 38196 --- [    Test worker] tourGuide.service.TourGuideService       : Track Location for user internalUser557
2022-10-03 09:59:06.284  INFO 38196 --- [pool-7-thread-1] tourGuide.service.TourGuideService       : Track Location for user internalUser855
2022-10-03 09:59:06.284  INFO 38196 --- [    Test worker] tourGuide.service.TourGuideService       : Track Location for user internalUser799
2022-10-03 09:59:06.284  INFO 38196 --- [pool-7-thread-1] tourGuide.service.TourGuideService       : Track Location for user internalUser614
2022-10-03 09:59:06.284  INFO 38196 --- [    Test worker] tourGuide.service.TourGuideService       : Track Location for user internalUser312
2022-10-03 09:59:06.286  INFO 38196 --- [pool-7-thread-1] tourGuide.service.TourGuideService       : Track Location for user internalUser856
2022-10-03 09:59:06.287  INFO 38196 --- [    Test worker] tourGuide.service.TourGuideService       : Track Location for user internalUser554
2022-10-03 09:59:06.287  INFO 38196 --- [pool-7-thread-1] tourGuide.service.TourGuideService       : Track Location for user internalUser622
2022-10-03 09:59:06.287  INFO 38196 --- [    Test worker] tourGuide.service.TourGuideService       : Track Location for user internalUser796
2022-10-03 09:59:06.287  INFO 38196 --- [pool-7-thread-1] tourGuide.service.TourGuideService       : Track Location for user internalUser864
2022-10-03 09:59:06.287  INFO 38196 --- [    Test worker] tourGuide.service.TourGuideService       : Track Location for user internalUser313
2022-10-03 09:59:06.289  INFO 38196 --- [pool-7-thread-1] tourGuide.service.TourGuideService       : Track Location for user internalUser623
2022-10-03 09:59:06.294  INFO 38196 --- [pool-7-thread-1] tourGuide.service.TourGuideService       : Track Location for user internalUser865
2022-10-03 09:59:06.296  INFO 38196 --- [    Test worker] tourGuide.service.TourGuideService       : Track Location for user internalUser555
2022-10-03 09:59:06.297  INFO 38196 --- [pool-7-thread-1] tourGuide.service.TourGuideService       : Track Location for user internalUser620
2022-10-03 09:59:06.297  INFO 38196 --- [    Test worker] tourGuide.service.TourGuideService       : Track Location for user internalUser797
2022-10-03 09:59:06.297  INFO 38196 --- [pool-7-thread-1] tourGuide.service.TourGuideService       : Track Location for user internalUser862
2022-10-03 09:59:06.297  INFO 38196 --- [    Test worker] tourGuide.service.TourGuideService       : Track Location for user internalUser310
2022-10-03 09:59:06.309  INFO 38196 --- [pool-7-thread-1] tourGuide.service.TourGuideService       : Track Location for user internalUser621
2022-10-03 09:59:06.309  INFO 38196 --- [    Test worker] tourGuide.service.TourGuideService       : Track Location for user internalUser552
2022-10-03 09:59:06.310  INFO 38196 --- [    Test worker] tourGuide.service.TourGuideService       : Track Location for user internalUser794
2022-10-03 09:59:06.310  INFO 38196 --- [pool-7-thread-1] tourGuide.service.TourGuideService       : Track Location for user internalUser863
2022-10-03 09:59:06.311  INFO 38196 --- [    Test worker] tourGuide.service.TourGuideService       : Track Location for user internalUser311
2022-10-03 09:59:06.312  INFO 38196 --- [pool-7-thread-1] tourGuide.service.TourGuideService       : Track Location for user internalUser860
2022-10-03 09:59:06.312  INFO 38196 --- [pool-7-thread-1] tourGuide.service.TourGuideService       : Track Location for user internalUser19
2022-10-03 09:59:06.312  INFO 38196 --- [    Test worker] tourGuide.service.TourGuideService       : Track Location for user internalUser553
2022-10-03 09:59:06.313  INFO 38196 --- [pool-7-thread-1] tourGuide.service.TourGuideService       : Track Location for user internalUser861
2022-10-03 09:59:06.313  INFO 38196 --- [    Test worker] tourGuide.service.TourGuideService       : Track Location for user internalUser795
2022-10-03 09:59:06.313  INFO 38196 --- [    Test worker] tourGuide.service.TourGuideService       : Track Location for user internalUser550
2022-10-03 09:59:06.313  INFO 38196 --- [pool-7-thread-1] tourGuide.service.TourGuideService       : Track Location for user internalUser16
2022-10-03 09:59:06.314  INFO 38196 --- [    Test worker] tourGuide.service.TourGuideService       : Track Location for user internalUser792
2022-10-03 09:59:06.314  INFO 38196 --- [pool-7-thread-1] tourGuide.service.TourGuideService       : Track Location for user internalUser15
2022-10-03 09:59:06.314  INFO 38196 --- [    Test worker] tourGuide.service.TourGuideService       : Track Location for user internalUser551
2022-10-03 09:59:06.314  INFO 38196 --- [pool-7-thread-1] tourGuide.service.TourGuideService       : Track Location for user internalUser18
2022-10-03 09:59:06.314  INFO 38196 --- [pool-7-thread-1] tourGuide.service.TourGuideService       : Track Location for user internalUser628
2022-10-03 09:59:06.315  INFO 38196 --- [pool-7-thread-1] tourGuide.service.TourGuideService       : Track Location for user internalUser17
2022-10-03 09:59:06.316  INFO 38196 --- [pool-7-thread-1] tourGuide.service.TourGuideService       : Track Location for user internalUser629
2022-10-03 09:59:06.317  INFO 38196 --- [    Test worker] tourGuide.service.TourGuideService       : Track Location for user internalUser793
2022-10-03 09:59:06.319  INFO 38196 --- [pool-7-thread-1] tourGuide.service.TourGuideService       : Track Location for user internalUser12
2022-10-03 09:59:06.322  INFO 38196 --- [    Test worker] tourGuide.service.TourGuideService       : Track Location for user internalUser318
2022-10-03 09:59:06.322  INFO 38196 --- [    Test worker] tourGuide.service.TourGuideService       : Track Location for user internalUser319
2022-10-03 09:59:06.323  INFO 38196 --- [    Test worker] tourGuide.service.TourGuideService       : Track Location for user internalUser316
2022-10-03 09:59:06.322  INFO 38196 --- [pool-7-thread-1] tourGuide.service.TourGuideService       : Track Location for user internalUser626
2022-10-03 09:59:06.323  INFO 38196 --- [pool-7-thread-1] tourGuide.service.TourGuideService       : Track Location for user internalUser868
2022-10-03 09:59:06.324  INFO 38196 --- [pool-7-thread-1] tourGuide.service.TourGuideService       : Track Location for user internalUser11
2022-10-03 09:59:06.325  INFO 38196 --- [pool-7-thread-1] tourGuide.service.TourGuideService       : Track Location for user internalUser627
2022-10-03 09:59:06.325  INFO 38196 --- [pool-7-thread-1] tourGuide.service.TourGuideService       : Track Location for user internalUser869
2022-10-03 09:59:06.326  INFO 38196 --- [pool-7-thread-1] tourGuide.service.TourGuideService       : Track Location for user internalUser14
2022-10-03 09:59:06.326  INFO 38196 --- [    Test worker] tourGuide.service.TourGuideService       : Track Location for user internalUser558
2022-10-03 09:59:06.326  INFO 38196 --- [pool-7-thread-1] tourGuide.service.TourGuideService       : Track Location for user internalUser624
2022-10-03 09:59:06.327  INFO 38196 --- [    Test worker] tourGuide.service.TourGuideService       : Track Location for user internalUser317
2022-10-03 09:59:06.327  INFO 38196 --- [pool-7-thread-1] tourGuide.service.TourGuideService       : Track Location for user internalUser866
2022-10-03 09:59:06.327  INFO 38196 --- [    Test worker] tourGuide.service.TourGuideService       : Track Location for user internalUser559
2022-10-03 09:59:06.328  INFO 38196 --- [pool-7-thread-1] tourGuide.service.TourGuideService       : Track Location for user internalUser13
2022-10-03 09:59:06.328  INFO 38196 --- [    Test worker] tourGuide.service.TourGuideService       : Track Location for user internalUser600
2022-10-03 09:59:06.328  INFO 38196 --- [pool-7-thread-1] tourGuide.service.TourGuideService       : Track Location for user internalUser625
2022-10-03 09:59:06.328  INFO 38196 --- [    Test worker] tourGuide.service.TourGuideService       : Track Location for user internalUser842
2022-10-03 09:59:06.328  INFO 38196 --- [pool-7-thread-1] tourGuide.service.TourGuideService       : Track Location for user internalUser867
2022-10-03 09:59:06.329  INFO 38196 --- [    Test worker] tourGuide.service.TourGuideService       : Track Location for user internalUser601
2022-10-03 09:59:06.329  INFO 38196 --- [    Test worker] tourGuide.service.TourGuideService       : Track Location for user internalUser843
2022-10-03 09:59:06.330  INFO 38196 --- [pool-7-thread-1] tourGuide.service.TourGuideService       : Track Location for user internalUser10
2022-10-03 09:59:06.330  INFO 38196 --- [    Test worker] tourGuide.service.TourGuideService       : Track Location for user internalUser840
2022-10-03 09:59:06.330  INFO 38196 --- [pool-7-thread-1] tourGuide.service.TourGuideService       : Track Location for user internalUser633
2022-10-03 09:59:06.330  INFO 38196 --- [    Test worker] tourGuide.service.TourGuideService       : Track Location for user internalUser841
2022-10-03 09:59:06.331  INFO 38196 --- [pool-7-thread-1] tourGuide.service.TourGuideService       : Track Location for user internalUser875
2022-10-03 09:59:06.331  INFO 38196 --- [    Test worker] tourGuide.service.TourGuideService       : Track Location for user internalUser608
2022-10-03 09:59:06.332  INFO 38196 --- [    Test worker] tourGuide.service.TourGuideService       : Track Location for user internalUser609
2022-10-03 09:59:06.333  INFO 38196 --- [    Test worker] tourGuide.service.TourGuideService       : Track Location for user internalUser606
2022-10-03 09:59:06.332  INFO 38196 --- [pool-7-thread-1] tourGuide.service.TourGuideService       : Track Location for user internalUser634
2022-10-03 09:59:06.333  INFO 38196 --- [    Test worker] tourGuide.service.TourGuideService       : Track Location for user internalUser848
2022-10-03 09:59:06.333  INFO 38196 --- [    Test worker] tourGuide.service.TourGuideService       : Track Location for user internalUser607
2022-10-03 09:59:06.333  INFO 38196 --- [pool-7-thread-1] tourGuide.service.TourGuideService       : Track Location for user internalUser876
2022-10-03 09:59:06.334  INFO 38196 --- [    Test worker] tourGuide.service.TourGuideService       : Track Location for user internalUser849
2022-10-03 09:59:06.335  INFO 38196 --- [pool-7-thread-1] tourGuide.service.TourGuideService       : Track Location for user internalUser631
2022-10-03 09:59:06.336  INFO 38196 --- [    Test worker] tourGuide.service.TourGuideService       : Track Location for user internalUser604
2022-10-03 09:59:06.337  INFO 38196 --- [pool-7-thread-1] tourGuide.service.TourGuideService       : Track Location for user internalUser873
2022-10-03 09:59:06.338  INFO 38196 --- [pool-7-thread-1] tourGuide.service.TourGuideService       : Track Location for user internalUser632
2022-10-03 09:59:06.338  INFO 38196 --- [    Test worker] tourGuide.service.TourGuideService       : Track Location for user internalUser846
2022-10-03 09:59:06.338  INFO 38196 --- [pool-7-thread-1] tourGuide.service.TourGuideService       : Track Location for user internalUser874
2022-10-03 09:59:06.338  INFO 38196 --- [    Test worker] tourGuide.service.TourGuideService       : Track Location for user internalUser605
2022-10-03 09:59:06.339  INFO 38196 --- [    Test worker] tourGuide.service.TourGuideService       : Track Location for user internalUser847
2022-10-03 09:59:06.350  INFO 38196 --- [pool-7-thread-1] tourGuide.service.TourGuideService       : Track Location for user internalUser871
2022-10-03 09:59:06.350  INFO 38196 --- [    Test worker] tourGuide.service.TourGuideService       : Track Location for user internalUser602
2022-10-03 09:59:06.351  INFO 38196 --- [pool-7-thread-1] tourGuide.service.TourGuideService       : Track Location for user internalUser630
2022-10-03 09:59:06.352  INFO 38196 --- [pool-7-thread-1] tourGuide.service.TourGuideService       : Track Location for user internalUser872
2022-10-03 09:59:06.352  INFO 38196 --- [pool-7-thread-1] tourGuide.service.TourGuideService       : Track Location for user internalUser870
2022-10-03 09:59:06.353  INFO 38196 --- [    Test worker] tourGuide.service.TourGuideService       : Track Location for user internalUser844
2022-10-03 09:59:06.353  INFO 38196 --- [pool-7-thread-1] tourGuide.service.TourGuideService       : Track Location for user internalUser27
2022-10-03 09:59:06.353  INFO 38196 --- [    Test worker] tourGuide.service.TourGuideService       : Track Location for user internalUser603
2022-10-03 09:59:06.353  INFO 38196 --- [pool-7-thread-1] tourGuide.service.TourGuideService       : Track Location for user internalUser26
2022-10-03 09:59:06.353  INFO 38196 --- [    Test worker] tourGuide.service.TourGuideService       : Track Location for user internalUser845
2022-10-03 09:59:06.354  INFO 38196 --- [pool-7-thread-1] tourGuide.service.TourGuideService       : Track Location for user internalUser29
2022-10-03 09:59:06.354  INFO 38196 --- [    Test worker] tourGuide.service.TourGuideService       : Track Location for user internalUser611
2022-10-03 09:59:06.354  INFO 38196 --- [pool-7-thread-1] tourGuide.service.TourGuideService       : Track Location for user internalUser639
2022-10-03 09:59:06.354  INFO 38196 --- [    Test worker] tourGuide.service.TourGuideService       : Track Location for user internalUser853
2022-10-03 09:59:06.355  INFO 38196 --- [pool-7-thread-1] tourGuide.service.TourGuideService       : Track Location for user internalUser28
2022-10-03 09:59:06.355  INFO 38196 --- [    Test worker] tourGuide.service.TourGuideService       : Track Location for user internalUser612
2022-10-03 09:59:06.355  INFO 38196 --- [pool-7-thread-1] tourGuide.service.TourGuideService       : Track Location for user internalUser23
2022-10-03 09:59:06.355  INFO 38196 --- [    Test worker] tourGuide.service.TourGuideService       : Track Location for user internalUser854
2022-10-03 09:59:06.355  INFO 38196 --- [pool-7-thread-1] tourGuide.service.TourGuideService       : Track Location for user internalUser637
2022-10-03 09:59:06.355  INFO 38196 --- [    Test worker] tourGuide.service.TourGuideService       : Track Location for user internalUser851
2022-10-03 09:59:06.356  INFO 38196 --- [    Test worker] tourGuide.service.TourGuideService       : Track Location for user internalUser610
2022-10-03 09:59:06.356  INFO 38196 --- [pool-7-thread-1] tourGuide.service.TourGuideService       : Track Location for user internalUser879
2022-10-03 09:59:06.356  INFO 38196 --- [    Test worker] tourGuide.service.TourGuideService       : Track Location for user internalUser852
2022-10-03 09:59:06.356  INFO 38196 --- [pool-7-thread-1] tourGuide.service.TourGuideService       : Track Location for user internalUser22
2022-10-03 09:59:06.356  INFO 38196 --- [    Test worker] tourGuide.service.TourGuideService       : Track Location for user internalUser850
2022-10-03 09:59:06.356  INFO 38196 --- [pool-7-thread-1] tourGuide.service.TourGuideService       : Track Location for user internalUser638
2022-10-03 09:59:06.357  INFO 38196 --- [pool-7-thread-1] tourGuide.service.TourGuideService       : Track Location for user internalUser25
2022-10-03 09:59:06.357  INFO 38196 --- [    Test worker] tourGuide.service.TourGuideService       : Track Location for user internalUser619
2022-10-03 09:59:06.357  INFO 38196 --- [pool-7-thread-1] tourGuide.service.TourGuideService       : Track Location for user internalUser635
2022-10-03 09:59:06.357  INFO 38196 --- [    Test worker] tourGuide.service.TourGuideService       : Track Location for user internalUser617
2022-10-03 09:59:06.357  INFO 38196 --- [pool-7-thread-1] tourGuide.service.TourGuideService       : Track Location for user internalUser877
2022-10-03 09:59:06.357  INFO 38196 --- [    Test worker] tourGuide.service.TourGuideService       : Track Location for user internalUser859
2022-10-03 09:59:06.357  INFO 38196 --- [pool-7-thread-1] tourGuide.service.TourGuideService       : Track Location for user internalUser24
2022-10-03 09:59:06.358  INFO 38196 --- [    Test worker] tourGuide.service.TourGuideService       : Track Location for user internalUser618
2022-10-03 09:59:06.358  INFO 38196 --- [    Test worker] tourGuide.service.TourGuideService       : Track Location for user internalUser615
2022-10-03 09:59:06.358  INFO 38196 --- [pool-7-thread-1] tourGuide.service.TourGuideService       : Track Location for user internalUser636
2022-10-03 09:59:06.358  INFO 38196 --- [    Test worker] tourGuide.service.TourGuideService       : Track Location for user internalUser857
2022-10-03 09:59:06.359  INFO 38196 --- [pool-7-thread-1] tourGuide.service.TourGuideService       : Track Location for user internalUser878
2022-10-03 09:59:06.359  INFO 38196 --- [    Test worker] tourGuide.service.TourGuideService       : Track Location for user internalUser616
2022-10-03 09:59:06.359  INFO 38196 --- [pool-7-thread-1] tourGuide.service.TourGuideService       : Track Location for user internalUser21
2022-10-03 09:59:06.359  INFO 38196 --- [pool-7-thread-1] tourGuide.service.TourGuideService       : Track Location for user internalUser20
2022-10-03 09:59:06.360  INFO 38196 --- [pool-7-thread-1] tourGuide.service.TourGuideService       : Track Location for user internalUser38
2022-10-03 09:59:06.360  INFO 38196 --- [pool-7-thread-1] tourGuide.service.TourGuideService       : Track Location for user internalUser806
2022-10-03 09:59:06.360  INFO 38196 --- [pool-7-thread-1] tourGuide.service.TourGuideService       : Track Location for user internalUser37
2022-10-03 09:59:06.360  INFO 38196 --- [pool-7-thread-1] tourGuide.service.TourGuideService       : Track Location for user internalUser807
2022-10-03 09:59:06.361  INFO 38196 --- [    Test worker] tourGuide.service.TourGuideService       : Track Location for user internalUser858
2022-10-03 09:59:06.361  INFO 38196 --- [pool-7-thread-1] tourGuide.service.TourGuideService       : Track Location for user internalUser804
2022-10-03 09:59:06.361  INFO 38196 --- [pool-7-thread-1] tourGuide.service.TourGuideService       : Track Location for user internalUser39
2022-10-03 09:59:06.361  INFO 38196 --- [    Test worker] tourGuide.service.TourGuideService       : Track Location for user internalUser613
2022-10-03 09:59:06.361  INFO 38196 --- [pool-7-thread-1] tourGuide.service.TourGuideService       : Track Location for user internalUser805
2022-10-03 09:59:06.361  INFO 38196 --- [    Test worker] tourGuide.service.TourGuideService       : Track Location for user internalUser855
2022-10-03 09:59:06.361  INFO 38196 --- [pool-7-thread-1] tourGuide.service.TourGuideService       : Track Location for user internalUser34
2022-10-03 09:59:06.362  INFO 38196 --- [pool-7-thread-1] tourGuide.service.TourGuideService       : Track Location for user internalUser802
2022-10-03 09:59:06.362  INFO 38196 --- [pool-7-thread-1] tourGuide.service.TourGuideService       : Track Location for user internalUser33
2022-10-03 09:59:06.362  INFO 38196 --- [    Test worker] tourGuide.service.TourGuideService       : Track Location for user internalUser614
2022-10-03 09:59:06.362  INFO 38196 --- [    Test worker] tourGuide.service.TourGuideService       : Track Location for user internalUser856
2022-10-03 09:59:06.363  INFO 38196 --- [pool-7-thread-1] tourGuide.service.TourGuideService       : Track Location for user internalUser803
2022-10-03 09:59:06.363  INFO 38196 --- [    Test worker] tourGuide.service.TourGuideService       : Track Location for user internalUser622
2022-10-03 09:59:06.363  INFO 38196 --- [pool-7-thread-1] tourGuide.service.TourGuideService       : Track Location for user internalUser36
2022-10-03 09:59:06.363  INFO 38196 --- [    Test worker] tourGuide.service.TourGuideService       : Track Location for user internalUser864
2022-10-03 09:59:06.363  INFO 38196 --- [pool-7-thread-1] tourGuide.service.TourGuideService       : Track Location for user internalUser800
2022-10-03 09:59:06.363  INFO 38196 --- [    Test worker] tourGuide.service.TourGuideService       : Track Location for user internalUser623
2022-10-03 09:59:06.363  INFO 38196 --- [pool-7-thread-1] tourGuide.service.TourGuideService       : Track Location for user internalUser35
2022-10-03 09:59:06.363  INFO 38196 --- [    Test worker] tourGuide.service.TourGuideService       : Track Location for user internalUser865
2022-10-03 09:59:06.364  INFO 38196 --- [    Test worker] tourGuide.service.TourGuideService       : Track Location for user internalUser620
2022-10-03 09:59:06.364  INFO 38196 --- [pool-7-thread-1] tourGuide.service.TourGuideService       : Track Location for user internalUser801
2022-10-03 09:59:06.364  INFO 38196 --- [pool-7-thread-1] tourGuide.service.TourGuideService       : Track Location for user internalUser30
2022-10-03 09:59:06.365  INFO 38196 --- [pool-7-thread-1] tourGuide.service.TourGuideService       : Track Location for user internalUser32
2022-10-03 09:59:06.366  INFO 38196 --- [    Test worker] tourGuide.service.TourGuideService       : Track Location for user internalUser862
2022-10-03 09:59:06.366  INFO 38196 --- [pool-7-thread-1] tourGuide.service.TourGuideService       : Track Location for user internalUser31
2022-10-03 09:59:06.367  INFO 38196 --- [    Test worker] tourGuide.service.TourGuideService       : Track Location for user internalUser621
2022-10-03 09:59:06.368  INFO 38196 --- [pool-7-thread-1] tourGuide.service.TourGuideService       : Track Location for user internalUser808
2022-10-03 09:59:06.368  INFO 38196 --- [    Test worker] tourGuide.service.TourGuideService       : Track Location for user internalUser863
2022-10-03 09:59:06.368  INFO 38196 --- [pool-7-thread-1] tourGuide.service.TourGuideService       : Track Location for user internalUser809
2022-10-03 09:59:06.369  INFO 38196 --- [pool-7-thread-1] tourGuide.service.TourGuideService       : Track Location for user internalUser810
2022-10-03 09:59:06.369  INFO 38196 --- [    Test worker] tourGuide.service.TourGuideService       : Track Location for user internalUser860
2022-10-03 09:59:06.369  INFO 38196 --- [pool-7-thread-1] tourGuide.service.TourGuideService       : Track Location for user internalUser49
2022-10-03 09:59:06.369  INFO 38196 --- [    Test worker] tourGuide.service.TourGuideService       : Track Location for user internalUser19
2022-10-03 09:59:06.369  INFO 38196 --- [pool-7-thread-1] tourGuide.service.TourGuideService       : Track Location for user internalUser817
2022-10-03 09:59:06.369  INFO 38196 --- [    Test worker] tourGuide.service.TourGuideService       : Track Location for user internalUser861
2022-10-03 09:59:06.370  INFO 38196 --- [pool-7-thread-1] tourGuide.service.TourGuideService       : Track Location for user internalUser48
2022-10-03 09:59:06.370  INFO 38196 --- [    Test worker] tourGuide.service.TourGuideService       : Track Location for user internalUser16
2022-10-03 09:59:06.370  INFO 38196 --- [pool-7-thread-1] tourGuide.service.TourGuideService       : Track Location for user internalUser818
2022-10-03 09:59:06.370  INFO 38196 --- [    Test worker] tourGuide.service.TourGuideService       : Track Location for user internalUser15
2022-10-03 09:59:06.371  INFO 38196 --- [pool-7-thread-1] tourGuide.service.TourGuideService       : Track Location for user internalUser815
2022-10-03 09:59:06.371  INFO 38196 --- [    Test worker] tourGuide.service.TourGuideService       : Track Location for user internalUser18
2022-10-03 09:59:06.371  INFO 38196 --- [pool-7-thread-1] tourGuide.service.TourGuideService       : Track Location for user internalUser816
2022-10-03 09:59:06.371  INFO 38196 --- [    Test worker] tourGuide.service.TourGuideService       : Track Location for user internalUser628
2022-10-03 09:59:06.372  INFO 38196 --- [pool-7-thread-1] tourGuide.service.TourGuideService       : Track Location for user internalUser45
2022-10-03 09:59:06.372  INFO 38196 --- [    Test worker] tourGuide.service.TourGuideService       : Track Location for user internalUser17
2022-10-03 09:59:06.372  INFO 38196 --- [pool-7-thread-1] tourGuide.service.TourGuideService       : Track Location for user internalUser813
2022-10-03 09:59:06.372  INFO 38196 --- [    Test worker] tourGuide.service.TourGuideService       : Track Location for user internalUser629
2022-10-03 09:59:06.372  INFO 38196 --- [    Test worker] tourGuide.service.TourGuideService       : Track Location for user internalUser12
2022-10-03 09:59:06.372  INFO 38196 --- [pool-7-thread-1] tourGuide.service.TourGuideService       : Track Location for user internalUser44
2022-10-03 09:59:06.372  INFO 38196 --- [    Test worker] tourGuide.service.TourGuideService       : Track Location for user internalUser626
2022-10-03 09:59:06.372  INFO 38196 --- [pool-7-thread-1] tourGuide.service.TourGuideService       : Track Location for user internalUser814
2022-10-03 09:59:06.373  INFO 38196 --- [    Test worker] tourGuide.service.TourGuideService       : Track Location for user internalUser868
2022-10-03 09:59:06.373  INFO 38196 --- [pool-7-thread-1] tourGuide.service.TourGuideService       : Track Location for user internalUser47
2022-10-03 09:59:06.373  INFO 38196 --- [    Test worker] tourGuide.service.TourGuideService       : Track Location for user internalUser11
2022-10-03 09:59:06.373  INFO 38196 --- [pool-7-thread-1] tourGuide.service.TourGuideService       : Track Location for user internalUser811
2022-10-03 09:59:06.373  INFO 38196 --- [    Test worker] tourGuide.service.TourGuideService       : Track Location for user internalUser627
2022-10-03 09:59:06.373  INFO 38196 --- [pool-7-thread-1] tourGuide.service.TourGuideService       : Track Location for user internalUser46
2022-10-03 09:59:06.373  INFO 38196 --- [    Test worker] tourGuide.service.TourGuideService       : Track Location for user internalUser869
2022-10-03 09:59:06.373  INFO 38196 --- [pool-7-thread-1] tourGuide.service.TourGuideService       : Track Location for user internalUser812
2022-10-03 09:59:06.373  INFO 38196 --- [    Test worker] tourGuide.service.TourGuideService       : Track Location for user internalUser14
2022-10-03 09:59:06.373  INFO 38196 --- [pool-7-thread-1] tourGuide.service.TourGuideService       : Track Location for user internalUser41
2022-10-03 09:59:06.374  INFO 38196 --- [    Test worker] tourGuide.service.TourGuideService       : Track Location for user internalUser624
2022-10-03 09:59:06.374  INFO 38196 --- [pool-7-thread-1] tourGuide.service.TourGuideService       : Track Location for user internalUser40
2022-10-03 09:59:06.374  INFO 38196 --- [    Test worker] tourGuide.service.TourGuideService       : Track Location for user internalUser866
2022-10-03 09:59:06.374  INFO 38196 --- [pool-7-thread-1] tourGuide.service.TourGuideService       : Track Location for user internalUser43
2022-10-03 09:59:06.374  INFO 38196 --- [    Test worker] tourGuide.service.TourGuideService       : Track Location for user internalUser13
2022-10-03 09:59:06.374  INFO 38196 --- [pool-7-thread-1] tourGuide.service.TourGuideService       : Track Location for user internalUser42
2022-10-03 09:59:06.374  INFO 38196 --- [pool-7-thread-1] tourGuide.service.TourGuideService       : Track Location for user internalUser819
2022-10-03 09:59:06.374  INFO 38196 --- [    Test worker] tourGuide.service.TourGuideService       : Track Location for user internalUser625
2022-10-03 09:59:06.375  INFO 38196 --- [pool-7-thread-1] tourGuide.service.TourGuideService       : Track Location for user internalUser820
2022-10-03 09:59:06.375  INFO 38196 --- [    Test worker] tourGuide.service.TourGuideService       : Track Location for user internalUser867
2022-10-03 09:59:06.375  INFO 38196 --- [pool-7-thread-1] tourGuide.service.TourGuideService       : Track Location for user internalUser821
2022-10-03 09:59:06.375  INFO 38196 --- [    Test worker] tourGuide.service.TourGuideService       : Track Location for user internalUser10
2022-10-03 09:59:06.375  INFO 38196 --- [pool-7-thread-1] tourGuide.service.TourGuideService       : Track Location for user internalUser828
2022-10-03 09:59:06.375  INFO 38196 --- [    Test worker] tourGuide.service.TourGuideService       : Track Location for user internalUser633
2022-10-03 09:59:06.375  INFO 38196 --- [pool-7-thread-1] tourGuide.service.TourGuideService       : Track Location for user internalUser59
2022-10-03 09:59:06.375  INFO 38196 --- [    Test worker] tourGuide.service.TourGuideService       : Track Location for user internalUser875
2022-10-03 09:59:06.376  INFO 38196 --- [pool-7-thread-1] tourGuide.service.TourGuideService       : Track Location for user internalUser829
2022-10-03 09:59:06.376  INFO 38196 --- [    Test worker] tourGuide.service.TourGuideService       : Track Location for user internalUser634
2022-10-03 09:59:06.376  INFO 38196 --- [pool-7-thread-1] tourGuide.service.TourGuideService       : Track Location for user internalUser826
2022-10-03 09:59:06.376  INFO 38196 --- [    Test worker] tourGuide.service.TourGuideService       : Track Location for user internalUser876
2022-10-03 09:59:06.376  INFO 38196 --- [pool-7-thread-1] tourGuide.service.TourGuideService       : Track Location for user internalUser827
2022-10-03 09:59:06.376  INFO 38196 --- [    Test worker] tourGuide.service.TourGuideService       : Track Location for user internalUser631
2022-10-03 09:59:06.376  INFO 38196 --- [pool-7-thread-1] tourGuide.service.TourGuideService       : Track Location for user internalUser56
2022-10-03 09:59:06.376  INFO 38196 --- [    Test worker] tourGuide.service.TourGuideService       : Track Location for user internalUser873
2022-10-03 09:59:06.376  INFO 38196 --- [pool-7-thread-1] tourGuide.service.TourGuideService       : Track Location for user internalUser824
2022-10-03 09:59:06.377  INFO 38196 --- [    Test worker] tourGuide.service.TourGuideService       : Track Location for user internalUser632
2022-10-03 09:59:06.377  INFO 38196 --- [pool-7-thread-1] tourGuide.service.TourGuideService       : Track Location for user internalUser55
2022-10-03 09:59:06.377  INFO 38196 --- [    Test worker] tourGuide.service.TourGuideService       : Track Location for user internalUser874
2022-10-03 09:59:06.377  INFO 38196 --- [pool-7-thread-1] tourGuide.service.TourGuideService       : Track Location for user internalUser825
2022-10-03 09:59:06.377  INFO 38196 --- [    Test worker] tourGuide.service.TourGuideService       : Track Location for user internalUser871
2022-10-03 09:59:06.377  INFO 38196 --- [pool-7-thread-1] tourGuide.service.TourGuideService       : Track Location for user internalUser58
2022-10-03 09:59:06.377  INFO 38196 --- [    Test worker] tourGuide.service.TourGuideService       : Track Location for user internalUser630
2022-10-03 09:59:06.377  INFO 38196 --- [pool-7-thread-1] tourGuide.service.TourGuideService       : Track Location for user internalUser822
2022-10-03 09:59:06.378  INFO 38196 --- [    Test worker] tourGuide.service.TourGuideService       : Track Location for user internalUser872
2022-10-03 09:59:06.378  INFO 38196 --- [pool-7-thread-1] tourGuide.service.TourGuideService       : Track Location for user internalUser57
2022-10-03 09:59:06.378  INFO 38196 --- [    Test worker] tourGuide.service.TourGuideService       : Track Location for user internalUser870
2022-10-03 09:59:06.378  INFO 38196 --- [pool-7-thread-1] tourGuide.service.TourGuideService       : Track Location for user internalUser823
2022-10-03 09:59:06.378  INFO 38196 --- [    Test worker] tourGuide.service.TourGuideService       : Track Location for user internalUser27
2022-10-03 09:59:06.378  INFO 38196 --- [pool-7-thread-1] tourGuide.service.TourGuideService       : Track Location for user internalUser52
2022-10-03 09:59:06.378  INFO 38196 --- [    Test worker] tourGuide.service.TourGuideService       : Track Location for user internalUser26
2022-10-03 09:59:06.378  INFO 38196 --- [pool-7-thread-1] tourGuide.service.TourGuideService       : Track Location for user internalUser51
2022-10-03 09:59:06.379  INFO 38196 --- [    Test worker] tourGuide.service.TourGuideService       : Track Location for user internalUser29
2022-10-03 09:59:06.379  INFO 38196 --- [pool-7-thread-1] tourGuide.service.TourGuideService       : Track Location for user internalUser54
2022-10-03 09:59:06.380  INFO 38196 --- [    Test worker] tourGuide.service.TourGuideService       : Track Location for user internalUser639
2022-10-03 09:59:06.380  INFO 38196 --- [pool-7-thread-1] tourGuide.service.TourGuideService       : Track Location for user internalUser53
2022-10-03 09:59:06.381  INFO 38196 --- [pool-7-thread-1] tourGuide.service.TourGuideService       : Track Location for user internalUser50
2022-10-03 09:59:06.381  INFO 38196 --- [    Test worker] tourGuide.service.TourGuideService       : Track Location for user internalUser28
2022-10-03 09:59:06.381  INFO 38196 --- [pool-7-thread-1] tourGuide.service.TourGuideService       : Track Location for user internalUser831
2022-10-03 09:59:06.381  INFO 38196 --- [    Test worker] tourGuide.service.TourGuideService       : Track Location for user internalUser23
2022-10-03 09:59:06.381  INFO 38196 --- [pool-7-thread-1] tourGuide.service.TourGuideService       : Track Location for user internalUser832
2022-10-03 09:59:06.382  INFO 38196 --- [pool-7-thread-1] tourGuide.service.TourGuideService       : Track Location for user internalUser830
2022-10-03 09:59:06.383  INFO 38196 --- [    Test worker] tourGuide.service.TourGuideService       : Track Location for user internalUser637
2022-10-03 09:59:06.384  INFO 38196 --- [    Test worker] tourGuide.service.TourGuideService       : Track Location for user internalUser879
2022-10-03 09:59:06.384  INFO 38196 --- [pool-7-thread-1] tourGuide.service.TourGuideService       : Track Location for user internalUser839
2022-10-03 09:59:06.384  INFO 38196 --- [pool-7-thread-1] tourGuide.service.TourGuideService       : Track Location for user internalUser837
2022-10-03 09:59:06.385  INFO 38196 --- [    Test worker] tourGuide.service.TourGuideService       : Track Location for user internalUser22
2022-10-03 09:59:06.385  INFO 38196 --- [pool-7-thread-1] tourGuide.service.TourGuideService       : Track Location for user internalUser838
2022-10-03 09:59:06.385  INFO 38196 --- [    Test worker] tourGuide.service.TourGuideService       : Track Location for user internalUser638
2022-10-03 09:59:06.386  INFO 38196 --- [pool-7-thread-1] tourGuide.service.TourGuideService       : Track Location for user internalUser67
2022-10-03 09:59:06.386  INFO 38196 --- [    Test worker] tourGuide.service.TourGuideService       : Track Location for user internalUser25
2022-10-03 09:59:06.386  INFO 38196 --- [pool-7-thread-1] tourGuide.service.TourGuideService       : Track Location for user internalUser835
2022-10-03 09:59:06.387  INFO 38196 --- [    Test worker] tourGuide.service.TourGuideService       : Track Location for user internalUser635
2022-10-03 09:59:06.387  INFO 38196 --- [pool-7-thread-1] tourGuide.service.TourGuideService       : Track Location for user internalUser66
2022-10-03 09:59:06.387  INFO 38196 --- [    Test worker] tourGuide.service.TourGuideService       : Track Location for user internalUser877
2022-10-03 09:59:06.387  INFO 38196 --- [pool-7-thread-1] tourGuide.service.TourGuideService       : Track Location for user internalUser836
2022-10-03 09:59:06.387  INFO 38196 --- [    Test worker] tourGuide.service.TourGuideService       : Track Location for user internalUser24
2022-10-03 09:59:06.387  INFO 38196 --- [pool-7-thread-1] tourGuide.service.TourGuideService       : Track Location for user internalUser69
2022-10-03 09:59:06.387  INFO 38196 --- [    Test worker] tourGuide.service.TourGuideService       : Track Location for user internalUser636
2022-10-03 09:59:06.387  INFO 38196 --- [pool-7-thread-1] tourGuide.service.TourGuideService       : Track Location for user internalUser833
2022-10-03 09:59:06.387  INFO 38196 --- [    Test worker] tourGuide.service.TourGuideService       : Track Location for user internalUser878
2022-10-03 09:59:06.387  INFO 38196 --- [pool-7-thread-1] tourGuide.service.TourGuideService       : Track Location for user internalUser68
2022-10-03 09:59:06.388  INFO 38196 --- [    Test worker] tourGuide.service.TourGuideService       : Track Location for user internalUser21
2022-10-03 09:59:06.388  INFO 38196 --- [pool-7-thread-1] tourGuide.service.TourGuideService       : Track Location for user internalUser834
2022-10-03 09:59:06.388  INFO 38196 --- [    Test worker] tourGuide.service.TourGuideService       : Track Location for user internalUser20
2022-10-03 09:59:06.388  INFO 38196 --- [pool-7-thread-1] tourGuide.service.TourGuideService       : Track Location for user internalUser63
2022-10-03 09:59:06.388  INFO 38196 --- [    Test worker] tourGuide.service.TourGuideService       : Track Location for user internalUser38
2022-10-03 09:59:06.388  INFO 38196 --- [pool-7-thread-1] tourGuide.service.TourGuideService       : Track Location for user internalUser62
2022-10-03 09:59:06.388  INFO 38196 --- [    Test worker] tourGuide.service.TourGuideService       : Track Location for user internalUser806
2022-10-03 09:59:06.388  INFO 38196 --- [pool-7-thread-1] tourGuide.service.TourGuideService       : Track Location for user internalUser65
2022-10-03 09:59:06.389  INFO 38196 --- [    Test worker] tourGuide.service.TourGuideService       : Track Location for user internalUser37
2022-10-03 09:59:06.389  INFO 38196 --- [pool-7-thread-1] tourGuide.service.TourGuideService       : Track Location for user internalUser64
2022-10-03 09:59:06.389  INFO 38196 --- [    Test worker] tourGuide.service.TourGuideService       : Track Location for user internalUser807
2022-10-03 09:59:06.389  INFO 38196 --- [pool-7-thread-1] tourGuide.service.TourGuideService       : Track Location for user internalUser61
2022-10-03 09:59:06.389  INFO 38196 --- [    Test worker] tourGuide.service.TourGuideService       : Track Location for user internalUser804
2022-10-03 09:59:06.389  INFO 38196 --- [pool-7-thread-1] tourGuide.service.TourGuideService       : Track Location for user internalUser60
2022-10-03 09:59:06.389  INFO 38196 --- [    Test worker] tourGuide.service.TourGuideService       : Track Location for user internalUser39
2022-10-03 09:59:06.389  INFO 38196 --- [pool-7-thread-1] tourGuide.service.TourGuideService       : Track Location for user internalUser78
2022-10-03 09:59:06.390  INFO 38196 --- [    Test worker] tourGuide.service.TourGuideService       : Track Location for user internalUser805
2022-10-03 09:59:06.390  INFO 38196 --- [pool-7-thread-1] tourGuide.service.TourGuideService       : Track Location for user internalUser77
2022-10-03 09:59:06.390  INFO 38196 --- [    Test worker] tourGuide.service.TourGuideService       : Track Location for user internalUser34
2022-10-03 09:59:06.390  INFO 38196 --- [pool-7-thread-1] tourGuide.service.TourGuideService       : Track Location for user internalUser79
2022-10-03 09:59:06.390  INFO 38196 --- [    Test worker] tourGuide.service.TourGuideService       : Track Location for user internalUser802
2022-10-03 09:59:06.390  INFO 38196 --- [pool-7-thread-1] tourGuide.service.TourGuideService       : Track Location for user internalUser74
2022-10-03 09:59:06.390  INFO 38196 --- [    Test worker] tourGuide.service.TourGuideService       : Track Location for user internalUser33
2022-10-03 09:59:06.390  INFO 38196 --- [pool-7-thread-1] tourGuide.service.TourGuideService       : Track Location for user internalUser73
2022-10-03 09:59:06.390  INFO 38196 --- [    Test worker] tourGuide.service.TourGuideService       : Track Location for user internalUser803
2022-10-03 09:59:06.391  INFO 38196 --- [pool-7-thread-1] tourGuide.service.TourGuideService       : Track Location for user internalUser76
2022-10-03 09:59:06.391  INFO 38196 --- [    Test worker] tourGuide.service.TourGuideService       : Track Location for user internalUser36
2022-10-03 09:59:06.391  INFO 38196 --- [pool-7-thread-1] tourGuide.service.TourGuideService       : Track Location for user internalUser75
2022-10-03 09:59:06.391  INFO 38196 --- [    Test worker] tourGuide.service.TourGuideService       : Track Location for user internalUser800
2022-10-03 09:59:06.391  INFO 38196 --- [pool-7-thread-1] tourGuide.service.TourGuideService       : Track Location for user internalUser70
2022-10-03 09:59:06.391  INFO 38196 --- [    Test worker] tourGuide.service.TourGuideService       : Track Location for user internalUser35
2022-10-03 09:59:06.391  INFO 38196 --- [pool-7-thread-1] tourGuide.service.TourGuideService       : Track Location for user internalUser72
2022-10-03 09:59:06.391  INFO 38196 --- [    Test worker] tourGuide.service.TourGuideService       : Track Location for user internalUser801
2022-10-03 09:59:06.391  INFO 38196 --- [pool-7-thread-1] tourGuide.service.TourGuideService       : Track Location for user internalUser71
2022-10-03 09:59:06.392  INFO 38196 --- [    Test worker] tourGuide.service.TourGuideService       : Track Location for user internalUser30
2022-10-03 09:59:06.392  INFO 38196 --- [pool-7-thread-1] tourGuide.service.TourGuideService       : Track Location for user internalUser90
2022-10-03 09:59:06.392  INFO 38196 --- [    Test worker] tourGuide.service.TourGuideService       : Track Location for user internalUser32
2022-10-03 09:59:06.392  INFO 38196 --- [pool-7-thread-1] tourGuide.service.TourGuideService       : Track Location for user internalUser89
2022-10-03 09:59:06.392  INFO 38196 --- [    Test worker] tourGuide.service.TourGuideService       : Track Location for user internalUser31
2022-10-03 09:59:06.392  INFO 38196 --- [pool-7-thread-1] tourGuide.service.TourGuideService       : Track Location for user internalUser88
2022-10-03 09:59:06.392  INFO 38196 --- [    Test worker] tourGuide.service.TourGuideService       : Track Location for user internalUser808
2022-10-03 09:59:06.392  INFO 38196 --- [pool-7-thread-1] tourGuide.service.TourGuideService       : Track Location for user internalUser85
2022-10-03 09:59:06.392  INFO 38196 --- [    Test worker] tourGuide.service.TourGuideService       : Track Location for user internalUser809
2022-10-03 09:59:06.392  INFO 38196 --- [pool-7-thread-1] tourGuide.service.TourGuideService       : Track Location for user internalUser84
2022-10-03 09:59:06.393  INFO 38196 --- [    Test worker] tourGuide.service.TourGuideService       : Track Location for user internalUser810
2022-10-03 09:59:06.393  INFO 38196 --- [pool-7-thread-1] tourGuide.service.TourGuideService       : Track Location for user internalUser87
2022-10-03 09:59:06.393  INFO 38196 --- [    Test worker] tourGuide.service.TourGuideService       : Track Location for user internalUser49
2022-10-03 09:59:06.393  INFO 38196 --- [pool-7-thread-1] tourGuide.service.TourGuideService       : Track Location for user internalUser86
2022-10-03 09:59:06.393  INFO 38196 --- [    Test worker] tourGuide.service.TourGuideService       : Track Location for user internalUser817
2022-10-03 09:59:06.393  INFO 38196 --- [pool-7-thread-1] tourGuide.service.TourGuideService       : Track Location for user internalUser81
2022-10-03 09:59:06.393  INFO 38196 --- [    Test worker] tourGuide.service.TourGuideService       : Track Location for user internalUser48
2022-10-03 09:59:06.393  INFO 38196 --- [pool-7-thread-1] tourGuide.service.TourGuideService       : Track Location for user internalUser80
2022-10-03 09:59:06.393  INFO 38196 --- [    Test worker] tourGuide.service.TourGuideService       : Track Location for user internalUser818
2022-10-03 09:59:06.393  INFO 38196 --- [pool-7-thread-1] tourGuide.service.TourGuideService       : Track Location for user internalUser83
2022-10-03 09:59:06.398  INFO 38196 --- [    Test worker] tourGuide.service.TourGuideService       : Track Location for user internalUser815
2022-10-03 09:59:06.401  INFO 38196 --- [pool-7-thread-1] tourGuide.service.TourGuideService       : Track Location for user internalUser82
2022-10-03 09:59:06.401  INFO 38196 --- [    Test worker] tourGuide.service.TourGuideService       : Track Location for user internalUser816
2022-10-03 09:59:06.403  INFO 38196 --- [pool-7-thread-1] tourGuide.service.TourGuideService       : Track Location for user internalUser99
2022-10-03 09:59:06.403  INFO 38196 --- [    Test worker] tourGuide.service.TourGuideService       : Track Location for user internalUser45
2022-10-03 09:59:06.404  INFO 38196 --- [pool-7-thread-1] tourGuide.service.TourGuideService       : Track Location for user internalUser96
2022-10-03 09:59:06.404  INFO 38196 --- [    Test worker] tourGuide.service.TourGuideService       : Track Location for user internalUser813
2022-10-03 09:59:06.404  INFO 38196 --- [pool-7-thread-1] tourGuide.service.TourGuideService       : Track Location for user internalUser95
2022-10-03 09:59:06.405  INFO 38196 --- [pool-7-thread-1] tourGuide.service.TourGuideService       : Track Location for user internalUser98
2022-10-03 09:59:06.405  INFO 38196 --- [pool-7-thread-1] tourGuide.service.TourGuideService       : Track Location for user internalUser97
2022-10-03 09:59:06.405  INFO 38196 --- [    Test worker] tourGuide.service.TourGuideService       : Track Location for user internalUser44
2022-10-03 09:59:06.405  INFO 38196 --- [pool-7-thread-1] tourGuide.service.TourGuideService       : Track Location for user internalUser92
2022-10-03 09:59:06.406  INFO 38196 --- [pool-7-thread-1] tourGuide.service.TourGuideService       : Track Location for user internalUser91
2022-10-03 09:59:06.406  INFO 38196 --- [    Test worker] tourGuide.service.TourGuideService       : Track Location for user internalUser814
2022-10-03 09:59:06.406  INFO 38196 --- [pool-7-thread-1] tourGuide.service.TourGuideService       : Track Location for user internalUser94
2022-10-03 09:59:06.406  INFO 38196 --- [pool-7-thread-1] tourGuide.service.TourGuideService       : Track Location for user internalUser93
2022-10-03 09:59:06.406  INFO 38196 --- [    Test worker] tourGuide.service.TourGuideService       : Track Location for user internalUser47
2022-10-03 09:59:06.406  INFO 38196 --- [pool-7-thread-1] tourGuide.service.TourGuideService       : Track Location for user internalUser284
2022-10-03 09:59:06.407  INFO 38196 --- [pool-7-thread-1] tourGuide.service.TourGuideService       : Track Location for user internalUser285
2022-10-03 09:59:06.407  INFO 38196 --- [    Test worker] tourGuide.service.TourGuideService       : Track Location for user internalUser811
2022-10-03 09:59:06.407  INFO 38196 --- [pool-7-thread-1] tourGuide.service.TourGuideService       : Track Location for user internalUser282
2022-10-03 09:59:06.407  INFO 38196 --- [    Test worker] tourGuide.service.TourGuideService       : Track Location for user internalUser46
2022-10-03 09:59:06.407  INFO 38196 --- [pool-7-thread-1] tourGuide.service.TourGuideService       : Track Location for user internalUser283
2022-10-03 09:59:06.407  INFO 38196 --- [    Test worker] tourGuide.service.TourGuideService       : Track Location for user internalUser812
2022-10-03 09:59:06.407  INFO 38196 --- [pool-7-thread-1] tourGuide.service.TourGuideService       : Track Location for user internalUser280
2022-10-03 09:59:06.408  INFO 38196 --- [pool-7-thread-1] tourGuide.service.TourGuideService       : Track Location for user internalUser281
2022-10-03 09:59:06.408  INFO 38196 --- [    Test worker] tourGuide.service.TourGuideService       : Track Location for user internalUser41
2022-10-03 09:59:06.408  INFO 38196 --- [pool-7-thread-1] tourGuide.service.TourGuideService       : Track Location for user internalUser288
2022-10-03 09:59:06.408  INFO 38196 --- [    Test worker] tourGuide.service.TourGuideService       : Track Location for user internalUser40
2022-10-03 09:59:06.408  INFO 38196 --- [pool-7-thread-1] tourGuide.service.TourGuideService       : Track Location for user internalUser289
2022-10-03 09:59:06.408  INFO 38196 --- [    Test worker] tourGuide.service.TourGuideService       : Track Location for user internalUser43
2022-10-03 09:59:06.408  INFO 38196 --- [pool-7-thread-1] tourGuide.service.TourGuideService       : Track Location for user internalUser286
2022-10-03 09:59:06.410  INFO 38196 --- [    Test worker] tourGuide.service.TourGuideService       : Track Location for user internalUser42
2022-10-03 09:59:06.410  INFO 38196 --- [pool-7-thread-1] tourGuide.service.TourGuideService       : Track Location for user internalUser287
2022-10-03 09:59:06.411  INFO 38196 --- [    Test worker] tourGuide.service.TourGuideService       : Track Location for user internalUser819
2022-10-03 09:59:06.411  INFO 38196 --- [pool-7-thread-1] tourGuide.service.TourGuideService       : Track Location for user internalUser295
2022-10-03 09:59:06.411  INFO 38196 --- [    Test worker] tourGuide.service.TourGuideService       : Track Location for user internalUser820
2022-10-03 09:59:06.412  INFO 38196 --- [pool-7-thread-1] tourGuide.service.TourGuideService       : Track Location for user internalUser296
2022-10-03 09:59:06.412  INFO 38196 --- [    Test worker] tourGuide.service.TourGuideService       : Track Location for user internalUser821
2022-10-03 09:59:06.412  INFO 38196 --- [pool-7-thread-1] tourGuide.service.TourGuideService       : Track Location for user internalUser293
2022-10-03 09:59:06.412  INFO 38196 --- [    Test worker] tourGuide.service.TourGuideService       : Track Location for user internalUser828
2022-10-03 09:59:06.412  INFO 38196 --- [pool-7-thread-1] tourGuide.service.TourGuideService       : Track Location for user internalUser294
2022-10-03 09:59:06.413  INFO 38196 --- [    Test worker] tourGuide.service.TourGuideService       : Track Location for user internalUser59
2022-10-03 09:59:06.413  INFO 38196 --- [pool-7-thread-1] tourGuide.service.TourGuideService       : Track Location for user internalUser291
2022-10-03 09:59:06.413  INFO 38196 --- [    Test worker] tourGuide.service.TourGuideService       : Track Location for user internalUser829
2022-10-03 09:59:06.413  INFO 38196 --- [pool-7-thread-1] tourGuide.service.TourGuideService       : Track Location for user internalUser292
2022-10-03 09:59:06.413  INFO 38196 --- [    Test worker] tourGuide.service.TourGuideService       : Track Location for user internalUser826
2022-10-03 09:59:06.413  INFO 38196 --- [pool-7-thread-1] tourGuide.service.TourGuideService       : Track Location for user internalUser290
2022-10-03 09:59:06.414  INFO 38196 --- [    Test worker] tourGuide.service.TourGuideService       : Track Location for user internalUser827
2022-10-03 09:59:06.414  INFO 38196 --- [pool-7-thread-1] tourGuide.service.TourGuideService       : Track Location for user internalUser299
2022-10-03 09:59:06.414  INFO 38196 --- [    Test worker] tourGuide.service.TourGuideService       : Track Location for user internalUser56
2022-10-03 09:59:06.414  INFO 38196 --- [pool-7-thread-1] tourGuide.service.TourGuideService       : Track Location for user internalUser297
2022-10-03 09:59:06.414  INFO 38196 --- [pool-7-thread-1] tourGuide.service.TourGuideService       : Track Location for user internalUser298
2022-10-03 09:59:06.414  INFO 38196 --- [    Test worker] tourGuide.service.TourGuideService       : Track Location for user internalUser824
2022-10-03 09:59:06.414  INFO 38196 --- [pool-7-thread-1] tourGuide.service.TourGuideService       : Track Location for user internalUser240
2022-10-03 09:59:06.414  INFO 38196 --- [    Test worker] tourGuide.service.TourGuideService       : Track Location for user internalUser55
2022-10-03 09:59:06.415  INFO 38196 --- [pool-7-thread-1] tourGuide.service.TourGuideService       : Track Location for user internalUser482
2022-10-03 09:59:06.415  INFO 38196 --- [    Test worker] tourGuide.service.TourGuideService       : Track Location for user internalUser825
2022-10-03 09:59:06.415  INFO 38196 --- [pool-7-thread-1] tourGuide.service.TourGuideService       : Track Location for user internalUser241
2022-10-03 09:59:06.415  INFO 38196 --- [    Test worker] tourGuide.service.TourGuideService       : Track Location for user internalUser58
2022-10-03 09:59:06.415  INFO 38196 --- [pool-7-thread-1] tourGuide.service.TourGuideService       : Track Location for user internalUser483
2022-10-03 09:59:06.415  INFO 38196 --- [    Test worker] tourGuide.service.TourGuideService       : Track Location for user internalUser822
2022-10-03 09:59:06.415  INFO 38196 --- [pool-7-thread-1] tourGuide.service.TourGuideService       : Track Location for user internalUser480
2022-10-03 09:59:06.415  INFO 38196 --- [    Test worker] tourGuide.service.TourGuideService       : Track Location for user internalUser57
2022-10-03 09:59:06.416  INFO 38196 --- [pool-7-thread-1] tourGuide.service.TourGuideService       : Track Location for user internalUser481
2022-10-03 09:59:06.416  INFO 38196 --- [    Test worker] tourGuide.service.TourGuideService       : Track Location for user internalUser823
2022-10-03 09:59:06.416  INFO 38196 --- [pool-7-thread-1] tourGuide.service.TourGuideService       : Track Location for user internalUser248
2022-10-03 09:59:06.416  INFO 38196 --- [    Test worker] tourGuide.service.TourGuideService       : Track Location for user internalUser52
2022-10-03 09:59:06.416  INFO 38196 --- [pool-7-thread-1] tourGuide.service.TourGuideService       : Track Location for user internalUser249
2022-10-03 09:59:06.416  INFO 38196 --- [    Test worker] tourGuide.service.TourGuideService       : Track Location for user internalUser51
2022-10-03 09:59:06.416  INFO 38196 --- [pool-7-thread-1] tourGuide.service.TourGuideService       : Track Location for user internalUser246
2022-10-03 09:59:06.416  INFO 38196 --- [    Test worker] tourGuide.service.TourGuideService       : Track Location for user internalUser54
2022-10-03 09:59:06.416  INFO 38196 --- [pool-7-thread-1] tourGuide.service.TourGuideService       : Track Location for user internalUser488
2022-10-03 09:59:06.417  INFO 38196 --- [    Test worker] tourGuide.service.TourGuideService       : Track Location for user internalUser53
2022-10-03 09:59:06.417  INFO 38196 --- [pool-7-thread-1] tourGuide.service.TourGuideService       : Track Location for user internalUser247
2022-10-03 09:59:06.417  INFO 38196 --- [    Test worker] tourGuide.service.TourGuideService       : Track Location for user internalUser50
2022-10-03 09:59:06.417  INFO 38196 --- [pool-7-thread-1] tourGuide.service.TourGuideService       : Track Location for user internalUser489
2022-10-03 09:59:06.417  INFO 38196 --- [    Test worker] tourGuide.service.TourGuideService       : Track Location for user internalUser831
2022-10-03 09:59:06.417  INFO 38196 --- [pool-7-thread-1] tourGuide.service.TourGuideService       : Track Location for user internalUser244
2022-10-03 09:59:06.417  INFO 38196 --- [    Test worker] tourGuide.service.TourGuideService       : Track Location for user internalUser832
2022-10-03 09:59:06.417  INFO 38196 --- [pool-7-thread-1] tourGuide.service.TourGuideService       : Track Location for user internalUser486
2022-10-03 09:59:06.417  INFO 38196 --- [    Test worker] tourGuide.service.TourGuideService       : Track Location for user internalUser830
2022-10-03 09:59:06.418  INFO 38196 --- [pool-7-thread-1] tourGuide.service.TourGuideService       : Track Location for user internalUser245
2022-10-03 09:59:06.418  INFO 38196 --- [    Test worker] tourGuide.service.TourGuideService       : Track Location for user internalUser839
2022-10-03 09:59:06.418  INFO 38196 --- [pool-7-thread-1] tourGuide.service.TourGuideService       : Track Location for user internalUser487
2022-10-03 09:59:06.418  INFO 38196 --- [    Test worker] tourGuide.service.TourGuideService       : Track Location for user internalUser837
2022-10-03 09:59:06.418  INFO 38196 --- [pool-7-thread-1] tourGuide.service.TourGuideService       : Track Location for user internalUser242
2022-10-03 09:59:06.418  INFO 38196 --- [    Test worker] tourGuide.service.TourGuideService       : Track Location for user internalUser838
2022-10-03 09:59:06.418  INFO 38196 --- [pool-7-thread-1] tourGuide.service.TourGuideService       : Track Location for user internalUser484
2022-10-03 09:59:06.418  INFO 38196 --- [    Test worker] tourGuide.service.TourGuideService       : Track Location for user internalUser67
2022-10-03 09:59:06.418  INFO 38196 --- [pool-7-thread-1] tourGuide.service.TourGuideService       : Track Location for user internalUser243
2022-10-03 09:59:06.419  INFO 38196 --- [    Test worker] tourGuide.service.TourGuideService       : Track Location for user internalUser835
2022-10-03 09:59:06.419  INFO 38196 --- [pool-7-thread-1] tourGuide.service.TourGuideService       : Track Location for user internalUser485
2022-10-03 09:59:06.419  INFO 38196 --- [    Test worker] tourGuide.service.TourGuideService       : Track Location for user internalUser66
2022-10-03 09:59:06.419  INFO 38196 --- [pool-7-thread-1] tourGuide.service.TourGuideService       : Track Location for user internalUser251
2022-10-03 09:59:06.419  INFO 38196 --- [    Test worker] tourGuide.service.TourGuideService       : Track Location for user internalUser836
2022-10-03 09:59:06.419  INFO 38196 --- [pool-7-thread-1] tourGuide.service.TourGuideService       : Track Location for user internalUser493
2022-10-03 09:59:06.419  INFO 38196 --- [    Test worker] tourGuide.service.TourGuideService       : Track Location for user internalUser69
2022-10-03 09:59:06.419  INFO 38196 --- [pool-7-thread-1] tourGuide.service.TourGuideService       : Track Location for user internalUser252
2022-10-03 09:59:06.419  INFO 38196 --- [    Test worker] tourGuide.service.TourGuideService       : Track Location for user internalUser833
2022-10-03 09:59:06.420  INFO 38196 --- [pool-7-thread-1] tourGuide.service.TourGuideService       : Track Location for user internalUser494
2022-10-03 09:59:06.420  INFO 38196 --- [    Test worker] tourGuide.service.TourGuideService       : Track Location for user internalUser68
2022-10-03 09:59:06.420  INFO 38196 --- [pool-7-thread-1] tourGuide.service.TourGuideService       : Track Location for user internalUser491
2022-10-03 09:59:06.420  INFO 38196 --- [    Test worker] tourGuide.service.TourGuideService       : Track Location for user internalUser834
2022-10-03 09:59:06.420  INFO 38196 --- [pool-7-thread-1] tourGuide.service.TourGuideService       : Track Location for user internalUser250
2022-10-03 09:59:06.420  INFO 38196 --- [    Test worker] tourGuide.service.TourGuideService       : Track Location for user internalUser63
2022-10-03 09:59:06.420  INFO 38196 --- [pool-7-thread-1] tourGuide.service.TourGuideService       : Track Location for user internalUser492
2022-10-03 09:59:06.420  INFO 38196 --- [    Test worker] tourGuide.service.TourGuideService       : Track Location for user internalUser62
2022-10-03 09:59:06.421  INFO 38196 --- [pool-7-thread-1] tourGuide.service.TourGuideService       : Track Location for user internalUser490
2022-10-03 09:59:06.421  INFO 38196 --- [    Test worker] tourGuide.service.TourGuideService       : Track Location for user internalUser65
2022-10-03 09:59:06.421  INFO 38196 --- [pool-7-thread-1] tourGuide.service.TourGuideService       : Track Location for user internalUser259
2022-10-03 09:59:06.421  INFO 38196 --- [    Test worker] tourGuide.service.TourGuideService       : Track Location for user internalUser64
2022-10-03 09:59:06.421  INFO 38196 --- [pool-7-thread-1] tourGuide.service.TourGuideService       : Track Location for user internalUser257
2022-10-03 09:59:06.421  INFO 38196 --- [    Test worker] tourGuide.service.TourGuideService       : Track Location for user internalUser61
2022-10-03 09:59:06.421  INFO 38196 --- [pool-7-thread-1] tourGuide.service.TourGuideService       : Track Location for user internalUser499
2022-10-03 09:59:06.421  INFO 38196 --- [    Test worker] tourGuide.service.TourGuideService       : Track Location for user internalUser60
2022-10-03 09:59:06.421  INFO 38196 --- [pool-7-thread-1] tourGuide.service.TourGuideService       : Track Location for user internalUser258
2022-10-03 09:59:06.422  INFO 38196 --- [    Test worker] tourGuide.service.TourGuideService       : Track Location for user internalUser78
2022-10-03 09:59:06.422  INFO 38196 --- [pool-7-thread-1] tourGuide.service.TourGuideService       : Track Location for user internalUser255
2022-10-03 09:59:06.422  INFO 38196 --- [    Test worker] tourGuide.service.TourGuideService       : Track Location for user internalUser77
2022-10-03 09:59:06.422  INFO 38196 --- [pool-7-thread-1] tourGuide.service.TourGuideService       : Track Location for user internalUser497
2022-10-03 09:59:06.422  INFO 38196 --- [    Test worker] tourGuide.service.TourGuideService       : Track Location for user internalUser79
2022-10-03 09:59:06.422  INFO 38196 --- [pool-7-thread-1] tourGuide.service.TourGuideService       : Track Location for user internalUser256
2022-10-03 09:59:06.422  INFO 38196 --- [    Test worker] tourGuide.service.TourGuideService       : Track Location for user internalUser74
2022-10-03 09:59:06.422  INFO 38196 --- [pool-7-thread-1] tourGuide.service.TourGuideService       : Track Location for user internalUser498
2022-10-03 09:59:06.422  INFO 38196 --- [    Test worker] tourGuide.service.TourGuideService       : Track Location for user internalUser73
2022-10-03 09:59:06.422  INFO 38196 --- [pool-7-thread-1] tourGuide.service.TourGuideService       : Track Location for user internalUser253
2022-10-03 09:59:06.423  INFO 38196 --- [    Test worker] tourGuide.service.TourGuideService       : Track Location for user internalUser76
2022-10-03 09:59:06.423  INFO 38196 --- [pool-7-thread-1] tourGuide.service.TourGuideService       : Track Location for user internalUser495
2022-10-03 09:59:06.423  INFO 38196 --- [    Test worker] tourGuide.service.TourGuideService       : Track Location for user internalUser75
2022-10-03 09:59:06.423  INFO 38196 --- [pool-7-thread-1] tourGuide.service.TourGuideService       : Track Location for user internalUser254
2022-10-03 09:59:06.423  INFO 38196 --- [    Test worker] tourGuide.service.TourGuideService       : Track Location for user internalUser70
2022-10-03 09:59:06.423  INFO 38196 --- [pool-7-thread-1] tourGuide.service.TourGuideService       : Track Location for user internalUser496
2022-10-03 09:59:06.423  INFO 38196 --- [    Test worker] tourGuide.service.TourGuideService       : Track Location for user internalUser72
2022-10-03 09:59:06.423  INFO 38196 --- [pool-7-thread-1] tourGuide.service.TourGuideService       : Track Location for user internalUser262
2022-10-03 09:59:06.424  INFO 38196 --- [pool-7-thread-1] tourGuide.service.TourGuideService       : Track Location for user internalUser263
2022-10-03 09:59:06.424  INFO 38196 --- [    Test worker] tourGuide.service.TourGuideService       : Track Location for user internalUser71
2022-10-03 09:59:06.425  INFO 38196 --- [pool-7-thread-1] tourGuide.service.TourGuideService       : Track Location for user internalUser260
2022-10-03 09:59:06.425  INFO 38196 --- [    Test worker] tourGuide.service.TourGuideService       : Track Location for user internalUser90
2022-10-03 09:59:06.425  INFO 38196 --- [pool-7-thread-1] tourGuide.service.TourGuideService       : Track Location for user internalUser261
2022-10-03 09:59:06.426  INFO 38196 --- [    Test worker] tourGuide.service.TourGuideService       : Track Location for user internalUser89
2022-10-03 09:59:06.426  INFO 38196 --- [pool-7-thread-1] tourGuide.service.TourGuideService       : Track Location for user internalUser268
2022-10-03 09:59:06.426  INFO 38196 --- [    Test worker] tourGuide.service.TourGuideService       : Track Location for user internalUser88
2022-10-03 09:59:06.426  INFO 38196 --- [pool-7-thread-1] tourGuide.service.TourGuideService       : Track Location for user internalUser269
2022-10-03 09:59:06.427  INFO 38196 --- [    Test worker] tourGuide.service.TourGuideService       : Track Location for user internalUser85
2022-10-03 09:59:06.427  INFO 38196 --- [pool-7-thread-1] tourGuide.service.TourGuideService       : Track Location for user internalUser266
2022-10-03 09:59:06.427  INFO 38196 --- [    Test worker] tourGuide.service.TourGuideService       : Track Location for user internalUser84
2022-10-03 09:59:06.427  INFO 38196 --- [pool-7-thread-1] tourGuide.service.TourGuideService       : Track Location for user internalUser267
2022-10-03 09:59:06.427  INFO 38196 --- [pool-7-thread-1] tourGuide.service.TourGuideService       : Track Location for user internalUser264
2022-10-03 09:59:06.427  INFO 38196 --- [    Test worker] tourGuide.service.TourGuideService       : Track Location for user internalUser87
2022-10-03 09:59:06.427  INFO 38196 --- [pool-7-thread-1] tourGuide.service.TourGuideService       : Track Location for user internalUser265
2022-10-03 09:59:06.427  INFO 38196 --- [    Test worker] tourGuide.service.TourGuideService       : Track Location for user internalUser86
2022-10-03 09:59:06.427  INFO 38196 --- [pool-7-thread-1] tourGuide.service.TourGuideService       : Track Location for user internalUser273
2022-10-03 09:59:06.428  INFO 38196 --- [    Test worker] tourGuide.service.TourGuideService       : Track Location for user internalUser81
2022-10-03 09:59:06.428  INFO 38196 --- [pool-7-thread-1] tourGuide.service.TourGuideService       : Track Location for user internalUser274
2022-10-03 09:59:06.428  INFO 38196 --- [    Test worker] tourGuide.service.TourGuideService       : Track Location for user internalUser80
2022-10-03 09:59:06.428  INFO 38196 --- [pool-7-thread-1] tourGuide.service.TourGuideService       : Track Location for user internalUser271
2022-10-03 09:59:06.428  INFO 38196 --- [    Test worker] tourGuide.service.TourGuideService       : Track Location for user internalUser83
2022-10-03 09:59:06.428  INFO 38196 --- [pool-7-thread-1] tourGuide.service.TourGuideService       : Track Location for user internalUser272
2022-10-03 09:59:06.428  INFO 38196 --- [    Test worker] tourGuide.service.TourGuideService       : Track Location for user internalUser82
2022-10-03 09:59:06.428  INFO 38196 --- [pool-7-thread-1] tourGuide.service.TourGuideService       : Track Location for user internalUser270
2022-10-03 09:59:06.428  INFO 38196 --- [    Test worker] tourGuide.service.TourGuideService       : Track Location for user internalUser99
2022-10-03 09:59:06.428  INFO 38196 --- [pool-7-thread-1] tourGuide.service.TourGuideService       : Track Location for user internalUser279
2022-10-03 09:59:06.429  INFO 38196 --- [    Test worker] tourGuide.service.TourGuideService       : Track Location for user internalUser96
2022-10-03 09:59:06.429  INFO 38196 --- [pool-7-thread-1] tourGuide.service.TourGuideService       : Track Location for user internalUser277
2022-10-03 09:59:06.429  INFO 38196 --- [    Test worker] tourGuide.service.TourGuideService       : Track Location for user internalUser95
2022-10-03 09:59:06.429  INFO 38196 --- [pool-7-thread-1] tourGuide.service.TourGuideService       : Track Location for user internalUser278
2022-10-03 09:59:06.429  INFO 38196 --- [    Test worker] tourGuide.service.TourGuideService       : Track Location for user internalUser98
2022-10-03 09:59:06.429  INFO 38196 --- [pool-7-thread-1] tourGuide.service.TourGuideService       : Track Location for user internalUser275
2022-10-03 09:59:06.429  INFO 38196 --- [    Test worker] tourGuide.service.TourGuideService       : Track Location for user internalUser97
2022-10-03 09:59:06.429  INFO 38196 --- [pool-7-thread-1] tourGuide.service.TourGuideService       : Track Location for user internalUser276
2022-10-03 09:59:06.429  INFO 38196 --- [    Test worker] tourGuide.service.TourGuideService       : Track Location for user internalUser92
2022-10-03 09:59:06.429  INFO 38196 --- [pool-7-thread-1] tourGuide.service.TourGuideService       : Track Location for user internalUser680
2022-10-03 09:59:06.429  INFO 38196 --- [    Test worker] tourGuide.service.TourGuideService       : Track Location for user internalUser91
2022-10-03 09:59:06.430  INFO 38196 --- [pool-7-thread-1] tourGuide.service.TourGuideService       : Track Location for user internalUser681
2022-10-03 09:59:06.430  INFO 38196 --- [    Test worker] tourGuide.service.TourGuideService       : Track Location for user internalUser94
2022-10-03 09:59:06.430  INFO 38196 --- [pool-7-thread-1] tourGuide.service.TourGuideService       : Track Location for user internalUser204
2022-10-03 09:59:06.430  INFO 38196 --- [    Test worker] tourGuide.service.TourGuideService       : Track Location for user internalUser93
2022-10-03 09:59:06.430  INFO 38196 --- [pool-7-thread-1] tourGuide.service.TourGuideService       : Track Location for user internalUser446
2022-10-03 09:59:06.430  INFO 38196 --- [    Test worker] tourGuide.service.TourGuideService       : Track Location for user internalUser284
2022-10-03 09:59:06.430  INFO 38196 --- [pool-7-thread-1] tourGuide.service.TourGuideService       : Track Location for user internalUser688
2022-10-03 09:59:06.430  INFO 38196 --- [    Test worker] tourGuide.service.TourGuideService       : Track Location for user internalUser285
2022-10-03 09:59:06.430  INFO 38196 --- [pool-7-thread-1] tourGuide.service.TourGuideService       : Track Location for user internalUser205
2022-10-03 09:59:06.431  INFO 38196 --- [    Test worker] tourGuide.service.TourGuideService       : Track Location for user internalUser282
2022-10-03 09:59:06.431  INFO 38196 --- [pool-7-thread-1] tourGuide.service.TourGuideService       : Track Location for user internalUser447
2022-10-03 09:59:06.431  INFO 38196 --- [    Test worker] tourGuide.service.TourGuideService       : Track Location for user internalUser283
2022-10-03 09:59:06.431  INFO 38196 --- [pool-7-thread-1] tourGuide.service.TourGuideService       : Track Location for user internalUser689
2022-10-03 09:59:06.431  INFO 38196 --- [    Test worker] tourGuide.service.TourGuideService       : Track Location for user internalUser280
2022-10-03 09:59:06.431  INFO 38196 --- [pool-7-thread-1] tourGuide.service.TourGuideService       : Track Location for user internalUser202
2022-10-03 09:59:06.431  INFO 38196 --- [    Test worker] tourGuide.service.TourGuideService       : Track Location for user internalUser281
2022-10-03 09:59:06.431  INFO 38196 --- [pool-7-thread-1] tourGuide.service.TourGuideService       : Track Location for user internalUser444
2022-10-03 09:59:06.431  INFO 38196 --- [    Test worker] tourGuide.service.TourGuideService       : Track Location for user internalUser288
2022-10-03 09:59:06.431  INFO 38196 --- [pool-7-thread-1] tourGuide.service.TourGuideService       : Track Location for user internalUser686
2022-10-03 09:59:06.432  INFO 38196 --- [    Test worker] tourGuide.service.TourGuideService       : Track Location for user internalUser289
2022-10-03 09:59:06.432  INFO 38196 --- [pool-7-thread-1] tourGuide.service.TourGuideService       : Track Location for user internalUser203
2022-10-03 09:59:06.432  INFO 38196 --- [    Test worker] tourGuide.service.TourGuideService       : Track Location for user internalUser286
2022-10-03 09:59:06.432  INFO 38196 --- [pool-7-thread-1] tourGuide.service.TourGuideService       : Track Location for user internalUser445
2022-10-03 09:59:06.432  INFO 38196 --- [    Test worker] tourGuide.service.TourGuideService       : Track Location for user internalUser287
2022-10-03 09:59:06.432  INFO 38196 --- [pool-7-thread-1] tourGuide.service.TourGuideService       : Track Location for user internalUser687
2022-10-03 09:59:06.432  INFO 38196 --- [    Test worker] tourGuide.service.TourGuideService       : Track Location for user internalUser295
2022-10-03 09:59:06.432  INFO 38196 --- [pool-7-thread-1] tourGuide.service.TourGuideService       : Track Location for user internalUser200
2022-10-03 09:59:06.432  INFO 38196 --- [    Test worker] tourGuide.service.TourGuideService       : Track Location for user internalUser296
2022-10-03 09:59:06.432  INFO 38196 --- [pool-7-thread-1] tourGuide.service.TourGuideService       : Track Location for user internalUser442
2022-10-03 09:59:06.432  INFO 38196 --- [    Test worker] tourGuide.service.TourGuideService       : Track Location for user internalUser293
2022-10-03 09:59:06.433  INFO 38196 --- [pool-7-thread-1] tourGuide.service.TourGuideService       : Track Location for user internalUser684
2022-10-03 09:59:06.433  INFO 38196 --- [    Test worker] tourGuide.service.TourGuideService       : Track Location for user internalUser294
2022-10-03 09:59:06.433  INFO 38196 --- [pool-7-thread-1] tourGuide.service.TourGuideService       : Track Location for user internalUser201
2022-10-03 09:59:06.433  INFO 38196 --- [    Test worker] tourGuide.service.TourGuideService       : Track Location for user internalUser291
2022-10-03 09:59:06.433  INFO 38196 --- [pool-7-thread-1] tourGuide.service.TourGuideService       : Track Location for user internalUser443
2022-10-03 09:59:06.433  INFO 38196 --- [    Test worker] tourGuide.service.TourGuideService       : Track Location for user internalUser292
2022-10-03 09:59:06.433  INFO 38196 --- [pool-7-thread-1] tourGuide.service.TourGuideService       : Track Location for user internalUser685
2022-10-03 09:59:06.433  INFO 38196 --- [    Test worker] tourGuide.service.TourGuideService       : Track Location for user internalUser290
2022-10-03 09:59:06.434  INFO 38196 --- [pool-7-thread-1] tourGuide.service.TourGuideService       : Track Location for user internalUser440
2022-10-03 09:59:06.434  INFO 38196 --- [    Test worker] tourGuide.service.TourGuideService       : Track Location for user internalUser299
2022-10-03 09:59:06.434  INFO 38196 --- [pool-7-thread-1] tourGuide.service.TourGuideService       : Track Location for user internalUser682
2022-10-03 09:59:06.434  INFO 38196 --- [    Test worker] tourGuide.service.TourGuideService       : Track Location for user internalUser297
2022-10-03 09:59:06.434  INFO 38196 --- [pool-7-thread-1] tourGuide.service.TourGuideService       : Track Location for user internalUser441
2022-10-03 09:59:06.434  INFO 38196 --- [    Test worker] tourGuide.service.TourGuideService       : Track Location for user internalUser298
2022-10-03 09:59:06.434  INFO 38196 --- [pool-7-thread-1] tourGuide.service.TourGuideService       : Track Location for user internalUser683
2022-10-03 09:59:06.434  INFO 38196 --- [    Test worker] tourGuide.service.TourGuideService       : Track Location for user internalUser240
2022-10-03 09:59:06.434  INFO 38196 --- [pool-7-thread-1] tourGuide.service.TourGuideService       : Track Location for user internalUser208
2022-10-03 09:59:06.434  INFO 38196 --- [    Test worker] tourGuide.service.TourGuideService       : Track Location for user internalUser482
2022-10-03 09:59:06.435  INFO 38196 --- [pool-7-thread-1] tourGuide.service.TourGuideService       : Track Location for user internalUser209
2022-10-03 09:59:06.435  INFO 38196 --- [    Test worker] tourGuide.service.TourGuideService       : Track Location for user internalUser241
2022-10-03 09:59:06.435  INFO 38196 --- [pool-7-thread-1] tourGuide.service.TourGuideService       : Track Location for user internalUser206
2022-10-03 09:59:06.435  INFO 38196 --- [    Test worker] tourGuide.service.TourGuideService       : Track Location for user internalUser483
2022-10-03 09:59:06.435  INFO 38196 --- [pool-7-thread-1] tourGuide.service.TourGuideService       : Track Location for user internalUser448
2022-10-03 09:59:06.435  INFO 38196 --- [    Test worker] tourGuide.service.TourGuideService       : Track Location for user internalUser480
2022-10-03 09:59:06.435  INFO 38196 --- [pool-7-thread-1] tourGuide.service.TourGuideService       : Track Location for user internalUser207
2022-10-03 09:59:06.435  INFO 38196 --- [    Test worker] tourGuide.service.TourGuideService       : Track Location for user internalUser481
2022-10-03 09:59:06.435  INFO 38196 --- [pool-7-thread-1] tourGuide.service.TourGuideService       : Track Location for user internalUser449
2022-10-03 09:59:06.435  INFO 38196 --- [    Test worker] tourGuide.service.TourGuideService       : Track Location for user internalUser248
2022-10-03 09:59:06.436  INFO 38196 --- [pool-7-thread-1] tourGuide.service.TourGuideService       : Track Location for user internalUser691
2022-10-03 09:59:06.436  INFO 38196 --- [    Test worker] tourGuide.service.TourGuideService       : Track Location for user internalUser249
2022-10-03 09:59:06.436  INFO 38196 --- [pool-7-thread-1] tourGuide.service.TourGuideService       : Track Location for user internalUser450
2022-10-03 09:59:06.436  INFO 38196 --- [    Test worker] tourGuide.service.TourGuideService       : Track Location for user internalUser246
2022-10-03 09:59:06.436  INFO 38196 --- [pool-7-thread-1] tourGuide.service.TourGuideService       : Track Location for user internalUser692
2022-10-03 09:59:06.436  INFO 38196 --- [    Test worker] tourGuide.service.TourGuideService       : Track Location for user internalUser488
2022-10-03 09:59:06.436  INFO 38196 --- [pool-7-thread-1] tourGuide.service.TourGuideService       : Track Location for user internalUser690
2022-10-03 09:59:06.436  INFO 38196 --- [    Test worker] tourGuide.service.TourGuideService       : Track Location for user internalUser247
2022-10-03 09:59:06.436  INFO 38196 --- [pool-7-thread-1] tourGuide.service.TourGuideService       : Track Location for user internalUser215
2022-10-03 09:59:06.436  INFO 38196 --- [    Test worker] tourGuide.service.TourGuideService       : Track Location for user internalUser489
2022-10-03 09:59:06.437  INFO 38196 --- [pool-7-thread-1] tourGuide.service.TourGuideService       : Track Location for user internalUser457
2022-10-03 09:59:06.437  INFO 38196 --- [    Test worker] tourGuide.service.TourGuideService       : Track Location for user internalUser244
2022-10-03 09:59:06.437  INFO 38196 --- [pool-7-thread-1] tourGuide.service.TourGuideService       : Track Location for user internalUser699
2022-10-03 09:59:06.437  INFO 38196 --- [    Test worker] tourGuide.service.TourGuideService       : Track Location for user internalUser486
2022-10-03 09:59:06.437  INFO 38196 --- [pool-7-thread-1] tourGuide.service.TourGuideService       : Track Location for user internalUser216
2022-10-03 09:59:06.437  INFO 38196 --- [    Test worker] tourGuide.service.TourGuideService       : Track Location for user internalUser245
2022-10-03 09:59:06.437  INFO 38196 --- [pool-7-thread-1] tourGuide.service.TourGuideService       : Track Location for user internalUser458
2022-10-03 09:59:06.437  INFO 38196 --- [    Test worker] tourGuide.service.TourGuideService       : Track Location for user internalUser487
2022-10-03 09:59:06.437  INFO 38196 --- [pool-7-thread-1] tourGuide.service.TourGuideService       : Track Location for user internalUser213
2022-10-03 09:59:06.438  INFO 38196 --- [    Test worker] tourGuide.service.TourGuideService       : Track Location for user internalUser242
2022-10-03 09:59:06.438  INFO 38196 --- [pool-7-thread-1] tourGuide.service.TourGuideService       : Track Location for user internalUser455
2022-10-03 09:59:06.438  INFO 38196 --- [    Test worker] tourGuide.service.TourGuideService       : Track Location for user internalUser484
2022-10-03 09:59:06.438  INFO 38196 --- [pool-7-thread-1] tourGuide.service.TourGuideService       : Track Location for user internalUser697
2022-10-03 09:59:06.438  INFO 38196 --- [    Test worker] tourGuide.service.TourGuideService       : Track Location for user internalUser243
2022-10-03 09:59:06.438  INFO 38196 --- [pool-7-thread-1] tourGuide.service.TourGuideService       : Track Location for user internalUser214
2022-10-03 09:59:06.438  INFO 38196 --- [    Test worker] tourGuide.service.TourGuideService       : Track Location for user internalUser485
2022-10-03 09:59:06.438  INFO 38196 --- [pool-7-thread-1] tourGuide.service.TourGuideService       : Track Location for user internalUser456
2022-10-03 09:59:06.438  INFO 38196 --- [    Test worker] tourGuide.service.TourGuideService       : Track Location for user internalUser251
2022-10-03 09:59:06.438  INFO 38196 --- [pool-7-thread-1] tourGuide.service.TourGuideService       : Track Location for user internalUser698
2022-10-03 09:59:06.439  INFO 38196 --- [    Test worker] tourGuide.service.TourGuideService       : Track Location for user internalUser493
2022-10-03 09:59:06.439  INFO 38196 --- [pool-7-thread-1] tourGuide.service.TourGuideService       : Track Location for user internalUser211
2022-10-03 09:59:06.441  INFO 38196 --- [    Test worker] tourGuide.service.TourGuideService       : Track Location for user internalUser252
2022-10-03 09:59:06.442  INFO 38196 --- [    Test worker] tourGuide.service.TourGuideService       : Track Location for user internalUser494
2022-10-03 09:59:06.442  INFO 38196 --- [pool-7-thread-1] tourGuide.service.TourGuideService       : Track Location for user internalUser453
2022-10-03 09:59:06.442  INFO 38196 --- [    Test worker] tourGuide.service.TourGuideService       : Track Location for user internalUser491
2022-10-03 09:59:06.443  INFO 38196 --- [pool-7-thread-1] tourGuide.service.TourGuideService       : Track Location for user internalUser695
2022-10-03 09:59:06.443  INFO 38196 --- [    Test worker] tourGuide.service.TourGuideService       : Track Location for user internalUser250
2022-10-03 09:59:06.443  INFO 38196 --- [pool-7-thread-1] tourGuide.service.TourGuideService       : Track Location for user internalUser212
2022-10-03 09:59:06.443  INFO 38196 --- [    Test worker] tourGuide.service.TourGuideService       : Track Location for user internalUser492
2022-10-03 09:59:06.443  INFO 38196 --- [pool-7-thread-1] tourGuide.service.TourGuideService       : Track Location for user internalUser454
2022-10-03 09:59:06.443  INFO 38196 --- [    Test worker] tourGuide.service.TourGuideService       : Track Location for user internalUser490
2022-10-03 09:59:06.444  INFO 38196 --- [pool-7-thread-1] tourGuide.service.TourGuideService       : Track Location for user internalUser696
2022-10-03 09:59:06.444  INFO 38196 --- [    Test worker] tourGuide.service.TourGuideService       : Track Location for user internalUser259
2022-10-03 09:59:06.444  INFO 38196 --- [pool-7-thread-1] tourGuide.service.TourGuideService       : Track Location for user internalUser451
2022-10-03 09:59:06.444  INFO 38196 --- [    Test worker] tourGuide.service.TourGuideService       : Track Location for user internalUser257
2022-10-03 09:59:06.444  INFO 38196 --- [pool-7-thread-1] tourGuide.service.TourGuideService       : Track Location for user internalUser693
2022-10-03 09:59:06.444  INFO 38196 --- [    Test worker] tourGuide.service.TourGuideService       : Track Location for user internalUser499
2022-10-03 09:59:06.444  INFO 38196 --- [pool-7-thread-1] tourGuide.service.TourGuideService       : Track Location for user internalUser210
2022-10-03 09:59:06.444  INFO 38196 --- [    Test worker] tourGuide.service.TourGuideService       : Track Location for user internalUser258
2022-10-03 09:59:06.445  INFO 38196 --- [pool-7-thread-1] tourGuide.service.TourGuideService       : Track Location for user internalUser452
2022-10-03 09:59:06.445  INFO 38196 --- [    Test worker] tourGuide.service.TourGuideService       : Track Location for user internalUser255
2022-10-03 09:59:06.445  INFO 38196 --- [pool-7-thread-1] tourGuide.service.TourGuideService       : Track Location for user internalUser694
2022-10-03 09:59:06.445  INFO 38196 --- [    Test worker] tourGuide.service.TourGuideService       : Track Location for user internalUser497
2022-10-03 09:59:06.445  INFO 38196 --- [pool-7-thread-1] tourGuide.service.TourGuideService       : Track Location for user internalUser219
2022-10-03 09:59:06.445  INFO 38196 --- [    Test worker] tourGuide.service.TourGuideService       : Track Location for user internalUser256
2022-10-03 09:59:06.445  INFO 38196 --- [pool-7-thread-1] tourGuide.service.TourGuideService       : Track Location for user internalUser217
2022-10-03 09:59:06.445  INFO 38196 --- [    Test worker] tourGuide.service.TourGuideService       : Track Location for user internalUser498
2022-10-03 09:59:06.445  INFO 38196 --- [pool-7-thread-1] tourGuide.service.TourGuideService       : Track Location for user internalUser459
2022-10-03 09:59:06.445  INFO 38196 --- [    Test worker] tourGuide.service.TourGuideService       : Track Location for user internalUser253
2022-10-03 09:59:06.445  INFO 38196 --- [pool-7-thread-1] tourGuide.service.TourGuideService       : Track Location for user internalUser218
2022-10-03 09:59:06.446  INFO 38196 --- [    Test worker] tourGuide.service.TourGuideService       : Track Location for user internalUser495
2022-10-03 09:59:06.446  INFO 38196 --- [pool-7-thread-1] tourGuide.service.TourGuideService       : Track Location for user internalUser460
2022-10-03 09:59:06.446  INFO 38196 --- [    Test worker] tourGuide.service.TourGuideService       : Track Location for user internalUser254
2022-10-03 09:59:06.446  INFO 38196 --- [pool-7-thread-1] tourGuide.service.TourGuideService       : Track Location for user internalUser461
2022-10-03 09:59:06.446  INFO 38196 --- [    Test worker] tourGuide.service.TourGuideService       : Track Location for user internalUser496
2022-10-03 09:59:06.446  INFO 38196 --- [pool-7-thread-1] tourGuide.service.TourGuideService       : Track Location for user internalUser226
2022-10-03 09:59:06.446  INFO 38196 --- [    Test worker] tourGuide.service.TourGuideService       : Track Location for user internalUser262
2022-10-03 09:59:06.446  INFO 38196 --- [pool-7-thread-1] tourGuide.service.TourGuideService       : Track Location for user internalUser468
2022-10-03 09:59:06.446  INFO 38196 --- [    Test worker] tourGuide.service.TourGuideService       : Track Location for user internalUser263
2022-10-03 09:59:06.447  INFO 38196 --- [pool-7-thread-1] tourGuide.service.TourGuideService       : Track Location for user internalUser227
2022-10-03 09:59:06.447  INFO 38196 --- [    Test worker] tourGuide.service.TourGuideService       : Track Location for user internalUser260
2022-10-03 09:59:06.447  INFO 38196 --- [pool-7-thread-1] tourGuide.service.TourGuideService       : Track Location for user internalUser469
2022-10-03 09:59:06.447  INFO 38196 --- [    Test worker] tourGuide.service.TourGuideService       : Track Location for user internalUser261
2022-10-03 09:59:06.447  INFO 38196 --- [pool-7-thread-1] tourGuide.service.TourGuideService       : Track Location for user internalUser224
2022-10-03 09:59:06.447  INFO 38196 --- [    Test worker] tourGuide.service.TourGuideService       : Track Location for user internalUser268
2022-10-03 09:59:06.447  INFO 38196 --- [pool-7-thread-1] tourGuide.service.TourGuideService       : Track Location for user internalUser466
2022-10-03 09:59:06.447  INFO 38196 --- [    Test worker] tourGuide.service.TourGuideService       : Track Location for user internalUser269
2022-10-03 09:59:06.447  INFO 38196 --- [pool-7-thread-1] tourGuide.service.TourGuideService       : Track Location for user internalUser225
2022-10-03 09:59:06.448  INFO 38196 --- [pool-7-thread-1] tourGuide.service.TourGuideService       : Track Location for user internalUser467
2022-10-03 09:59:06.448  INFO 38196 --- [    Test worker] tourGuide.service.TourGuideService       : Track Location for user internalUser266
2022-10-03 09:59:06.448  INFO 38196 --- [pool-7-thread-1] tourGuide.service.TourGuideService       : Track Location for user internalUser222
2022-10-03 09:59:06.448  INFO 38196 --- [    Test worker] tourGuide.service.TourGuideService       : Track Location for user internalUser267
2022-10-03 09:59:06.448  INFO 38196 --- [pool-7-thread-1] tourGuide.service.TourGuideService       : Track Location for user internalUser464
2022-10-03 09:59:06.448  INFO 38196 --- [    Test worker] tourGuide.service.TourGuideService       : Track Location for user internalUser264
2022-10-03 09:59:06.448  INFO 38196 --- [pool-7-thread-1] tourGuide.service.TourGuideService       : Track Location for user internalUser223
2022-10-03 09:59:06.448  INFO 38196 --- [    Test worker] tourGuide.service.TourGuideService       : Track Location for user internalUser265
2022-10-03 09:59:06.448  INFO 38196 --- [pool-7-thread-1] tourGuide.service.TourGuideService       : Track Location for user internalUser465
2022-10-03 09:59:06.448  INFO 38196 --- [    Test worker] tourGuide.service.TourGuideService       : Track Location for user internalUser273
2022-10-03 09:59:06.449  INFO 38196 --- [pool-7-thread-1] tourGuide.service.TourGuideService       : Track Location for user internalUser220
2022-10-03 09:59:06.449  INFO 38196 --- [    Test worker] tourGuide.service.TourGuideService       : Track Location for user internalUser274
2022-10-03 09:59:06.449  INFO 38196 --- [pool-7-thread-1] tourGuide.service.TourGuideService       : Track Location for user internalUser462
2022-10-03 09:59:06.449  INFO 38196 --- [    Test worker] tourGuide.service.TourGuideService       : Track Location for user internalUser271
2022-10-03 09:59:06.449  INFO 38196 --- [pool-7-thread-1] tourGuide.service.TourGuideService       : Track Location for user internalUser221
2022-10-03 09:59:06.449  INFO 38196 --- [    Test worker] tourGuide.service.TourGuideService       : Track Location for user internalUser272
2022-10-03 09:59:06.449  INFO 38196 --- [pool-7-thread-1] tourGuide.service.TourGuideService       : Track Location for user internalUser463
2022-10-03 09:59:06.449  INFO 38196 --- [    Test worker] tourGuide.service.TourGuideService       : Track Location for user internalUser270
2022-10-03 09:59:06.450  INFO 38196 --- [pool-7-thread-1] tourGuide.service.TourGuideService       : Track Location for user internalUser228
2022-10-03 09:59:06.450  INFO 38196 --- [    Test worker] tourGuide.service.TourGuideService       : Track Location for user internalUser279
2022-10-03 09:59:06.450  INFO 38196 --- [pool-7-thread-1] tourGuide.service.TourGuideService       : Track Location for user internalUser229
2022-10-03 09:59:06.450  INFO 38196 --- [    Test worker] tourGuide.service.TourGuideService       : Track Location for user internalUser277
2022-10-03 09:59:06.450  INFO 38196 --- [pool-7-thread-1] tourGuide.service.TourGuideService       : Track Location for user internalUser471
2022-10-03 09:59:06.450  INFO 38196 --- [    Test worker] tourGuide.service.TourGuideService       : Track Location for user internalUser278
2022-10-03 09:59:06.450  INFO 38196 --- [pool-7-thread-1] tourGuide.service.TourGuideService       : Track Location for user internalUser230
2022-10-03 09:59:06.450  INFO 38196 --- [    Test worker] tourGuide.service.TourGuideService       : Track Location for user internalUser275
2022-10-03 09:59:06.450  INFO 38196 --- [pool-7-thread-1] tourGuide.service.TourGuideService       : Track Location for user internalUser472
2022-10-03 09:59:06.451  INFO 38196 --- [    Test worker] tourGuide.service.TourGuideService       : Track Location for user internalUser276
2022-10-03 09:59:06.451  INFO 38196 --- [pool-7-thread-1] tourGuide.service.TourGuideService       : Track Location for user internalUser470
2022-10-03 09:59:06.451  INFO 38196 --- [    Test worker] tourGuide.service.TourGuideService       : Track Location for user internalUser680
2022-10-03 09:59:06.451  INFO 38196 --- [pool-7-thread-1] tourGuide.service.TourGuideService       : Track Location for user internalUser237
2022-10-03 09:59:06.451  INFO 38196 --- [    Test worker] tourGuide.service.TourGuideService       : Track Location for user internalUser681
2022-10-03 09:59:06.451  INFO 38196 --- [pool-7-thread-1] tourGuide.service.TourGuideService       : Track Location for user internalUser479
2022-10-03 09:59:06.451  INFO 38196 --- [    Test worker] tourGuide.service.TourGuideService       : Track Location for user internalUser204
2022-10-03 09:59:06.451  INFO 38196 --- [pool-7-thread-1] tourGuide.service.TourGuideService       : Track Location for user internalUser238
2022-10-03 09:59:06.452  INFO 38196 --- [    Test worker] tourGuide.service.TourGuideService       : Track Location for user internalUser446
2022-10-03 09:59:06.452  INFO 38196 --- [pool-7-thread-1] tourGuide.service.TourGuideService       : Track Location for user internalUser235
2022-10-03 09:59:06.452  INFO 38196 --- [    Test worker] tourGuide.service.TourGuideService       : Track Location for user internalUser688
2022-10-03 09:59:06.452  INFO 38196 --- [pool-7-thread-1] tourGuide.service.TourGuideService       : Track Location for user internalUser477
2022-10-03 09:59:06.452  INFO 38196 --- [pool-7-thread-1] tourGuide.service.TourGuideService       : Track Location for user internalUser236
2022-10-03 09:59:06.452  INFO 38196 --- [    Test worker] tourGuide.service.TourGuideService       : Track Location for user internalUser205
2022-10-03 09:59:06.453  INFO 38196 --- [pool-7-thread-1] tourGuide.service.TourGuideService       : Track Location for user internalUser478
2022-10-03 09:59:06.453  INFO 38196 --- [    Test worker] tourGuide.service.TourGuideService       : Track Location for user internalUser447
2022-10-03 09:59:06.453  INFO 38196 --- [pool-7-thread-1] tourGuide.service.TourGuideService       : Track Location for user internalUser233
2022-10-03 09:59:06.453  INFO 38196 --- [    Test worker] tourGuide.service.TourGuideService       : Track Location for user internalUser689
2022-10-03 09:59:06.453  INFO 38196 --- [pool-7-thread-1] tourGuide.service.TourGuideService       : Track Location for user internalUser475
2022-10-03 09:59:06.453  INFO 38196 --- [    Test worker] tourGuide.service.TourGuideService       : Track Location for user internalUser202
2022-10-03 09:59:06.453  INFO 38196 --- [pool-7-thread-1] tourGuide.service.TourGuideService       : Track Location for user internalUser234
2022-10-03 09:59:06.453  INFO 38196 --- [    Test worker] tourGuide.service.TourGuideService       : Track Location for user internalUser444
2022-10-03 09:59:06.453  INFO 38196 --- [pool-7-thread-1] tourGuide.service.TourGuideService       : Track Location for user internalUser476
2022-10-03 09:59:06.454  INFO 38196 --- [    Test worker] tourGuide.service.TourGuideService       : Track Location for user internalUser686
2022-10-03 09:59:06.456  INFO 38196 --- [pool-7-thread-1] tourGuide.service.TourGuideService       : Track Location for user internalUser231
2022-10-03 09:59:06.458  INFO 38196 --- [    Test worker] tourGuide.service.TourGuideService       : Track Location for user internalUser203
2022-10-03 09:59:06.471  INFO 38196 --- [pool-7-thread-1] tourGuide.service.TourGuideService       : Track Location for user internalUser473
2022-10-03 09:59:06.472  INFO 38196 --- [pool-7-thread-1] tourGuide.service.TourGuideService       : Track Location for user internalUser232
2022-10-03 09:59:06.476  INFO 38196 --- [pool-7-thread-1] tourGuide.service.TourGuideService       : Track Location for user internalUser474
2022-10-03 09:59:06.477  INFO 38196 --- [    Test worker] tourGuide.service.TourGuideService       : Track Location for user internalUser445
2022-10-03 09:59:06.478  INFO 38196 --- [pool-7-thread-1] tourGuide.service.TourGuideService       : Track Location for user internalUser239
2022-10-03 09:59:06.479  INFO 38196 --- [pool-7-thread-1] tourGuide.service.TourGuideService       : Track Location for user internalUser402
2022-10-03 09:59:06.479  INFO 38196 --- [    Test worker] tourGuide.service.TourGuideService       : Track Location for user internalUser687
2022-10-03 09:59:06.479  INFO 38196 --- [pool-7-thread-1] tourGuide.service.TourGuideService       : Track Location for user internalUser644
2022-10-03 09:59:06.479  INFO 38196 --- [    Test worker] tourGuide.service.TourGuideService       : Track Location for user internalUser200
2022-10-03 09:59:06.479  INFO 38196 --- [pool-7-thread-1] tourGuide.service.TourGuideService       : Track Location for user internalUser886
2022-10-03 09:59:06.479  INFO 38196 --- [    Test worker] tourGuide.service.TourGuideService       : Track Location for user internalUser442
2022-10-03 09:59:06.480  INFO 38196 --- [pool-7-thread-1] tourGuide.service.TourGuideService       : Track Location for user internalUser403
2022-10-03 09:59:06.480  INFO 38196 --- [    Test worker] tourGuide.service.TourGuideService       : Track Location for user internalUser684
2022-10-03 09:59:06.481  INFO 38196 --- [pool-7-thread-1] tourGuide.service.TourGuideService       : Track Location for user internalUser645
2022-10-03 09:59:06.481  INFO 38196 --- [    Test worker] tourGuide.service.TourGuideService       : Track Location for user internalUser201
2022-10-03 09:59:06.481  INFO 38196 --- [pool-7-thread-1] tourGuide.service.TourGuideService       : Track Location for user internalUser887
2022-10-03 09:59:06.481  INFO 38196 --- [    Test worker] tourGuide.service.TourGuideService       : Track Location for user internalUser443
2022-10-03 09:59:06.481  INFO 38196 --- [pool-7-thread-1] tourGuide.service.TourGuideService       : Track Location for user internalUser400
2022-10-03 09:59:06.482  INFO 38196 --- [pool-7-thread-1] tourGuide.service.TourGuideService       : Track Location for user internalUser642
2022-10-03 09:59:06.482  INFO 38196 --- [    Test worker] tourGuide.service.TourGuideService       : Track Location for user internalUser685
2022-10-03 09:59:06.482  INFO 38196 --- [pool-7-thread-1] tourGuide.service.TourGuideService       : Track Location for user internalUser884
2022-10-03 09:59:06.482  INFO 38196 --- [    Test worker] tourGuide.service.TourGuideService       : Track Location for user internalUser440
2022-10-03 09:59:06.482  INFO 38196 --- [pool-7-thread-1] tourGuide.service.TourGuideService       : Track Location for user internalUser401
2022-10-03 09:59:06.482  INFO 38196 --- [    Test worker] tourGuide.service.TourGuideService       : Track Location for user internalUser682
2022-10-03 09:59:06.482  INFO 38196 --- [pool-7-thread-1] tourGuide.service.TourGuideService       : Track Location for user internalUser643
2022-10-03 09:59:06.482  INFO 38196 --- [    Test worker] tourGuide.service.TourGuideService       : Track Location for user internalUser441
2022-10-03 09:59:06.482  INFO 38196 --- [pool-7-thread-1] tourGuide.service.TourGuideService       : Track Location for user internalUser885
2022-10-03 09:59:06.483  INFO 38196 --- [    Test worker] tourGuide.service.TourGuideService       : Track Location for user internalUser683
2022-10-03 09:59:06.483  INFO 38196 --- [pool-7-thread-1] tourGuide.service.TourGuideService       : Track Location for user internalUser640
2022-10-03 09:59:06.483  INFO 38196 --- [    Test worker] tourGuide.service.TourGuideService       : Track Location for user internalUser208
2022-10-03 09:59:06.483  INFO 38196 --- [pool-7-thread-1] tourGuide.service.TourGuideService       : Track Location for user internalUser882
2022-10-03 09:59:06.483  INFO 38196 --- [    Test worker] tourGuide.service.TourGuideService       : Track Location for user internalUser209
2022-10-03 09:59:06.483  INFO 38196 --- [pool-7-thread-1] tourGuide.service.TourGuideService       : Track Location for user internalUser641
2022-10-03 09:59:06.483  INFO 38196 --- [    Test worker] tourGuide.service.TourGuideService       : Track Location for user internalUser206
2022-10-03 09:59:06.483  INFO 38196 --- [pool-7-thread-1] tourGuide.service.TourGuideService       : Track Location for user internalUser883
2022-10-03 09:59:06.483  INFO 38196 --- [    Test worker] tourGuide.service.TourGuideService       : Track Location for user internalUser448
2022-10-03 09:59:06.483  INFO 38196 --- [pool-7-thread-1] tourGuide.service.TourGuideService       : Track Location for user internalUser880
2022-10-03 09:59:06.484  INFO 38196 --- [    Test worker] tourGuide.service.TourGuideService       : Track Location for user internalUser207
2022-10-03 09:59:06.484  INFO 38196 --- [    Test worker] tourGuide.service.TourGuideService       : Track Location for user internalUser449
2022-10-03 09:59:06.484  INFO 38196 --- [    Test worker] tourGuide.service.TourGuideService       : Track Location for user internalUser691
2022-10-03 09:59:06.484  INFO 38196 --- [    Test worker] tourGuide.service.TourGuideService       : Track Location for user internalUser450
2022-10-03 09:59:06.485  INFO 38196 --- [    Test worker] tourGuide.service.TourGuideService       : Track Location for user internalUser692
2022-10-03 09:59:06.484  INFO 38196 --- [pool-7-thread-1] tourGuide.service.TourGuideService       : Track Location for user internalUser881
2022-10-03 09:59:06.486  INFO 38196 --- [    Test worker] tourGuide.service.TourGuideService       : Track Location for user internalUser690
2022-10-03 09:59:06.487  INFO 38196 --- [pool-7-thread-1] tourGuide.service.TourGuideService       : Track Location for user internalUser408
2022-10-03 09:59:06.487  INFO 38196 --- [pool-7-thread-1] tourGuide.service.TourGuideService       : Track Location for user internalUser409
2022-10-03 09:59:06.487  INFO 38196 --- [    Test worker] tourGuide.service.TourGuideService       : Track Location for user internalUser215
2022-10-03 09:59:06.487  INFO 38196 --- [pool-7-thread-1] tourGuide.service.TourGuideService       : Track Location for user internalUser406
2022-10-03 09:59:06.489  INFO 38196 --- [pool-7-thread-1] tourGuide.service.TourGuideService       : Track Location for user internalUser648
2022-10-03 09:59:06.488  INFO 38196 --- [    Test worker] tourGuide.service.TourGuideService       : Track Location for user internalUser457
2022-10-03 09:59:06.489  INFO 38196 --- [pool-7-thread-1] tourGuide.service.TourGuideService       : Track Location for user internalUser407
2022-10-03 09:59:06.489  INFO 38196 --- [    Test worker] tourGuide.service.TourGuideService       : Track Location for user internalUser699
2022-10-03 09:59:06.489  INFO 38196 --- [pool-7-thread-1] tourGuide.service.TourGuideService       : Track Location for user internalUser649
2022-10-03 09:59:06.489  INFO 38196 --- [    Test worker] tourGuide.service.TourGuideService       : Track Location for user internalUser216
2022-10-03 09:59:06.490  INFO 38196 --- [pool-7-thread-1] tourGuide.service.TourGuideService       : Track Location for user internalUser404
2022-10-03 09:59:06.492  INFO 38196 --- [    Test worker] tourGuide.service.TourGuideService       : Track Location for user internalUser458
2022-10-03 09:59:06.492  INFO 38196 --- [pool-7-thread-1] tourGuide.service.TourGuideService       : Track Location for user internalUser646
2022-10-03 09:59:06.492  INFO 38196 --- [    Test worker] tourGuide.service.TourGuideService       : Track Location for user internalUser213
2022-10-03 09:59:06.492  INFO 38196 --- [pool-7-thread-1] tourGuide.service.TourGuideService       : Track Location for user internalUser888
2022-10-03 09:59:06.493  INFO 38196 --- [    Test worker] tourGuide.service.TourGuideService       : Track Location for user internalUser455
2022-10-03 09:59:06.493  INFO 38196 --- [pool-7-thread-1] tourGuide.service.TourGuideService       : Track Location for user internalUser405
2022-10-03 09:59:06.493  INFO 38196 --- [    Test worker] tourGuide.service.TourGuideService       : Track Location for user internalUser697
2022-10-03 09:59:06.493  INFO 38196 --- [pool-7-thread-1] tourGuide.service.TourGuideService       : Track Location for user internalUser647
2022-10-03 09:59:06.494  INFO 38196 --- [    Test worker] tourGuide.service.TourGuideService       : Track Location for user internalUser214
2022-10-03 09:59:06.494  INFO 38196 --- [pool-7-thread-1] tourGuide.service.TourGuideService       : Track Location for user internalUser889
2022-10-03 09:59:06.494  INFO 38196 --- [    Test worker] tourGuide.service.TourGuideService       : Track Location for user internalUser456
2022-10-03 09:59:06.494  INFO 38196 --- [pool-7-thread-1] tourGuide.service.TourGuideService       : Track Location for user internalUser890
2022-10-03 09:59:06.494  INFO 38196 --- [    Test worker] tourGuide.service.TourGuideService       : Track Location for user internalUser698
2022-10-03 09:59:06.494  INFO 38196 --- [pool-7-thread-1] tourGuide.service.TourGuideService       : Track Location for user internalUser413
2022-10-03 09:59:06.494  INFO 38196 --- [    Test worker] tourGuide.service.TourGuideService       : Track Location for user internalUser211
2022-10-03 09:59:06.494  INFO 38196 --- [pool-7-thread-1] tourGuide.service.TourGuideService       : Track Location for user internalUser655
2022-10-03 09:59:06.495  INFO 38196 --- [    Test worker] tourGuide.service.TourGuideService       : Track Location for user internalUser453
2022-10-03 09:59:06.495  INFO 38196 --- [pool-7-thread-1] tourGuide.service.TourGuideService       : Track Location for user internalUser897
2022-10-03 09:59:06.495  INFO 38196 --- [    Test worker] tourGuide.service.TourGuideService       : Track Location for user internalUser695
2022-10-03 09:59:06.495  INFO 38196 --- [pool-7-thread-1] tourGuide.service.TourGuideService       : Track Location for user internalUser414
2022-10-03 09:59:06.495  INFO 38196 --- [    Test worker] tourGuide.service.TourGuideService       : Track Location for user internalUser212
2022-10-03 09:59:06.495  INFO 38196 --- [pool-7-thread-1] tourGuide.service.TourGuideService       : Track Location for user internalUser656
2022-10-03 09:59:06.495  INFO 38196 --- [    Test worker] tourGuide.service.TourGuideService       : Track Location for user internalUser454
2022-10-03 09:59:06.495  INFO 38196 --- [pool-7-thread-1] tourGuide.service.TourGuideService       : Track Location for user internalUser898
2022-10-03 09:59:06.496  INFO 38196 --- [    Test worker] tourGuide.service.TourGuideService       : Track Location for user internalUser696
2022-10-03 09:59:06.496  INFO 38196 --- [pool-7-thread-1] tourGuide.service.TourGuideService       : Track Location for user internalUser411
2022-10-03 09:59:06.496  INFO 38196 --- [    Test worker] tourGuide.service.TourGuideService       : Track Location for user internalUser451
2022-10-03 09:59:06.496  INFO 38196 --- [pool-7-thread-1] tourGuide.service.TourGuideService       : Track Location for user internalUser653
2022-10-03 09:59:06.496  INFO 38196 --- [    Test worker] tourGuide.service.TourGuideService       : Track Location for user internalUser693
2022-10-03 09:59:06.496  INFO 38196 --- [pool-7-thread-1] tourGuide.service.TourGuideService       : Track Location for user internalUser895
2022-10-03 09:59:06.496  INFO 38196 --- [    Test worker] tourGuide.service.TourGuideService       : Track Location for user internalUser210
2022-10-03 09:59:06.496  INFO 38196 --- [pool-7-thread-1] tourGuide.service.TourGuideService       : Track Location for user internalUser412
2022-10-03 09:59:06.496  INFO 38196 --- [pool-7-thread-1] tourGuide.service.TourGuideService       : Track Location for user internalUser654
2022-10-03 09:59:06.496  INFO 38196 --- [    Test worker] tourGuide.service.TourGuideService       : Track Location for user internalUser452
2022-10-03 09:59:06.496  INFO 38196 --- [pool-7-thread-1] tourGuide.service.TourGuideService       : Track Location for user internalUser896
2022-10-03 09:59:06.496  INFO 38196 --- [pool-7-thread-1] tourGuide.service.TourGuideService       : Track Location for user internalUser651
2022-10-03 09:59:06.496  INFO 38196 --- [    Test worker] tourGuide.service.TourGuideService       : Track Location for user internalUser694
2022-10-03 09:59:06.496  INFO 38196 --- [pool-7-thread-1] tourGuide.service.TourGuideService       : Track Location for user internalUser893
2022-10-03 09:59:06.496  INFO 38196 --- [    Test worker] tourGuide.service.TourGuideService       : Track Location for user internalUser219
2022-10-03 09:59:06.496  INFO 38196 --- [pool-7-thread-1] tourGuide.service.TourGuideService       : Track Location for user internalUser410
2022-10-03 09:59:06.496  INFO 38196 --- [    Test worker] tourGuide.service.TourGuideService       : Track Location for user internalUser217
2022-10-03 09:59:06.496  INFO 38196 --- [pool-7-thread-1] tourGuide.service.TourGuideService       : Track Location for user internalUser652
2022-10-03 09:59:06.497  INFO 38196 --- [    Test worker] tourGuide.service.TourGuideService       : Track Location for user internalUser459
2022-10-03 09:59:06.497  INFO 38196 --- [pool-7-thread-1] tourGuide.service.TourGuideService       : Track Location for user internalUser894
2022-10-03 09:59:06.497  INFO 38196 --- [    Test worker] tourGuide.service.TourGuideService       : Track Location for user internalUser218
2022-10-03 09:59:06.497  INFO 38196 --- [pool-7-thread-1] tourGuide.service.TourGuideService       : Track Location for user internalUser891
2022-10-03 09:59:06.497  INFO 38196 --- [    Test worker] tourGuide.service.TourGuideService       : Track Location for user internalUser460
2022-10-03 09:59:06.497  INFO 38196 --- [    Test worker] tourGuide.service.TourGuideService       : Track Location for user internalUser461
2022-10-03 09:59:06.499  INFO 38196 --- [    Test worker] tourGuide.service.TourGuideService       : Track Location for user internalUser226
2022-10-03 09:59:06.500  INFO 38196 --- [    Test worker] tourGuide.service.TourGuideService       : Track Location for user internalUser468
2022-10-03 09:59:06.501  INFO 38196 --- [    Test worker] tourGuide.service.TourGuideService       : Track Location for user internalUser227
2022-10-03 09:59:06.497  INFO 38196 --- [pool-7-thread-1] tourGuide.service.TourGuideService       : Track Location for user internalUser650
2022-10-03 09:59:06.502  INFO 38196 --- [    Test worker] tourGuide.service.TourGuideService       : Track Location for user internalUser469
2022-10-03 09:59:06.503  INFO 38196 --- [    Test worker] tourGuide.service.TourGuideService       : Track Location for user internalUser224
2022-10-03 09:59:06.505  INFO 38196 --- [pool-7-thread-1] tourGuide.service.TourGuideService       : Track Location for user internalUser892
2022-10-03 09:59:06.507  INFO 38196 --- [    Test worker] tourGuide.service.TourGuideService       : Track Location for user internalUser466
2022-10-03 09:59:06.507  INFO 38196 --- [pool-7-thread-1] tourGuide.service.TourGuideService       : Track Location for user internalUser419
2022-10-03 09:59:06.507  INFO 38196 --- [pool-7-thread-1] tourGuide.service.TourGuideService       : Track Location for user internalUser417
2022-10-03 09:59:06.508  INFO 38196 --- [    Test worker] tourGuide.service.TourGuideService       : Track Location for user internalUser225
2022-10-03 09:59:06.509  INFO 38196 --- [pool-7-thread-1] tourGuide.service.TourGuideService       : Track Location for user internalUser659
2022-10-03 09:59:06.509  INFO 38196 --- [    Test worker] tourGuide.service.TourGuideService       : Track Location for user internalUser467
2022-10-03 09:59:06.509  INFO 38196 --- [pool-7-thread-1] tourGuide.service.TourGuideService       : Track Location for user internalUser418
2022-10-03 09:59:06.510  INFO 38196 --- [pool-7-thread-1] tourGuide.service.TourGuideService       : Track Location for user internalUser415
2022-10-03 09:59:06.510  INFO 38196 --- [    Test worker] tourGuide.service.TourGuideService       : Track Location for user internalUser222
2022-10-03 09:59:06.510  INFO 38196 --- [pool-7-thread-1] tourGuide.service.TourGuideService       : Track Location for user internalUser657
2022-10-03 09:59:06.510  INFO 38196 --- [    Test worker] tourGuide.service.TourGuideService       : Track Location for user internalUser464
2022-10-03 09:59:06.510  INFO 38196 --- [pool-7-thread-1] tourGuide.service.TourGuideService       : Track Location for user internalUser899
2022-10-03 09:59:06.510  INFO 38196 --- [    Test worker] tourGuide.service.TourGuideService       : Track Location for user internalUser223
2022-10-03 09:59:06.510  INFO 38196 --- [pool-7-thread-1] tourGuide.service.TourGuideService       : Track Location for user internalUser416
2022-10-03 09:59:06.510  INFO 38196 --- [    Test worker] tourGuide.service.TourGuideService       : Track Location for user internalUser465
2022-10-03 09:59:06.510  INFO 38196 --- [pool-7-thread-1] tourGuide.service.TourGuideService       : Track Location for user internalUser658
2022-10-03 09:59:06.510  INFO 38196 --- [    Test worker] tourGuide.service.TourGuideService       : Track Location for user internalUser220
2022-10-03 09:59:06.510  INFO 38196 --- [pool-7-thread-1] tourGuide.service.TourGuideService       : Track Location for user internalUser424
2022-10-03 09:59:06.511  INFO 38196 --- [    Test worker] tourGuide.service.TourGuideService       : Track Location for user internalUser462
2022-10-03 09:59:06.511  INFO 38196 --- [pool-7-thread-1] tourGuide.service.TourGuideService       : Track Location for user internalUser666
2022-10-03 09:59:06.511  INFO 38196 --- [    Test worker] tourGuide.service.TourGuideService       : Track Location for user internalUser221
2022-10-03 09:59:06.511  INFO 38196 --- [pool-7-thread-1] tourGuide.service.TourGuideService       : Track Location for user internalUser425
2022-10-03 09:59:06.511  INFO 38196 --- [    Test worker] tourGuide.service.TourGuideService       : Track Location for user internalUser463
2022-10-03 09:59:06.511  INFO 38196 --- [pool-7-thread-1] tourGuide.service.TourGuideService       : Track Location for user internalUser667
2022-10-03 09:59:06.511  INFO 38196 --- [    Test worker] tourGuide.service.TourGuideService       : Track Location for user internalUser228
2022-10-03 09:59:06.511  INFO 38196 --- [pool-7-thread-1] tourGuide.service.TourGuideService       : Track Location for user internalUser422
2022-10-03 09:59:06.512  INFO 38196 --- [pool-7-thread-1] tourGuide.service.TourGuideService       : Track Location for user internalUser664
2022-10-03 09:59:06.512  INFO 38196 --- [    Test worker] tourGuide.service.TourGuideService       : Track Location for user internalUser229
2022-10-03 09:59:06.512  INFO 38196 --- [pool-7-thread-1] tourGuide.service.TourGuideService       : Track Location for user internalUser423
2022-10-03 09:59:06.512  INFO 38196 --- [    Test worker] tourGuide.service.TourGuideService       : Track Location for user internalUser471
2022-10-03 09:59:06.512  INFO 38196 --- [pool-7-thread-1] tourGuide.service.TourGuideService       : Track Location for user internalUser665
2022-10-03 09:59:06.512  INFO 38196 --- [    Test worker] tourGuide.service.TourGuideService       : Track Location for user internalUser230
2022-10-03 09:59:06.512  INFO 38196 --- [pool-7-thread-1] tourGuide.service.TourGuideService       : Track Location for user internalUser420
2022-10-03 09:59:06.512  INFO 38196 --- [    Test worker] tourGuide.service.TourGuideService       : Track Location for user internalUser472
2022-10-03 09:59:06.512  INFO 38196 --- [pool-7-thread-1] tourGuide.service.TourGuideService       : Track Location for user internalUser662
2022-10-03 09:59:06.513  INFO 38196 --- [    Test worker] tourGuide.service.TourGuideService       : Track Location for user internalUser470
2022-10-03 09:59:06.514  INFO 38196 --- [    Test worker] tourGuide.service.TourGuideService       : Track Location for user internalUser237
2022-10-03 09:59:06.514  INFO 38196 --- [pool-7-thread-1] tourGuide.service.TourGuideService       : Track Location for user internalUser421
2022-10-03 09:59:06.515  INFO 38196 --- [    Test worker] tourGuide.service.TourGuideService       : Track Location for user internalUser479
2022-10-03 09:59:06.515  INFO 38196 --- [pool-7-thread-1] tourGuide.service.TourGuideService       : Track Location for user internalUser663
2022-10-03 09:59:06.515  INFO 38196 --- [    Test worker] tourGuide.service.TourGuideService       : Track Location for user internalUser238
2022-10-03 09:59:06.515  INFO 38196 --- [pool-7-thread-1] tourGuide.service.TourGuideService       : Track Location for user internalUser660
2022-10-03 09:59:06.515  INFO 38196 --- [    Test worker] tourGuide.service.TourGuideService       : Track Location for user internalUser235
2022-10-03 09:59:06.516  INFO 38196 --- [pool-7-thread-1] tourGuide.service.TourGuideService       : Track Location for user internalUser661
2022-10-03 09:59:06.516  INFO 38196 --- [    Test worker] tourGuide.service.TourGuideService       : Track Location for user internalUser477
2022-10-03 09:59:06.516  INFO 38196 --- [pool-7-thread-1] tourGuide.service.TourGuideService       : Track Location for user internalUser428
2022-10-03 09:59:06.516  INFO 38196 --- [    Test worker] tourGuide.service.TourGuideService       : Track Location for user internalUser236
2022-10-03 09:59:06.516  INFO 38196 --- [pool-7-thread-1] tourGuide.service.TourGuideService       : Track Location for user internalUser429
2022-10-03 09:59:06.516  INFO 38196 --- [    Test worker] tourGuide.service.TourGuideService       : Track Location for user internalUser478
2022-10-03 09:59:06.516  INFO 38196 --- [pool-7-thread-1] tourGuide.service.TourGuideService       : Track Location for user internalUser426
2022-10-03 09:59:06.516  INFO 38196 --- [    Test worker] tourGuide.service.TourGuideService       : Track Location for user internalUser233
2022-10-03 09:59:06.517  INFO 38196 --- [    Test worker] tourGuide.service.TourGuideService       : Track Location for user internalUser475
2022-10-03 09:59:06.517  INFO 38196 --- [pool-7-thread-1] tourGuide.service.TourGuideService       : Track Location for user internalUser668
2022-10-03 09:59:06.517  INFO 38196 --- [    Test worker] tourGuide.service.TourGuideService       : Track Location for user internalUser234
2022-10-03 09:59:06.517  INFO 38196 --- [pool-7-thread-1] tourGuide.service.TourGuideService       : Track Location for user internalUser427
2022-10-03 09:59:06.517  INFO 38196 --- [pool-7-thread-1] tourGuide.service.TourGuideService       : Track Location for user internalUser669
2022-10-03 09:59:06.518  INFO 38196 --- [    Test worker] tourGuide.service.TourGuideService       : Track Location for user internalUser476
2022-10-03 09:59:06.518  INFO 38196 --- [pool-7-thread-1] tourGuide.service.TourGuideService       : Track Location for user internalUser670
2022-10-03 09:59:06.518  INFO 38196 --- [    Test worker] tourGuide.service.TourGuideService       : Track Location for user internalUser231
2022-10-03 09:59:06.518  INFO 38196 --- [pool-7-thread-1] tourGuide.service.TourGuideService       : Track Location for user internalUser435
2022-10-03 09:59:06.518  INFO 38196 --- [    Test worker] tourGuide.service.TourGuideService       : Track Location for user internalUser473
2022-10-03 09:59:06.518  INFO 38196 --- [pool-7-thread-1] tourGuide.service.TourGuideService       : Track Location for user internalUser677
2022-10-03 09:59:06.518  INFO 38196 --- [    Test worker] tourGuide.service.TourGuideService       : Track Location for user internalUser232
2022-10-03 09:59:06.518  INFO 38196 --- [pool-7-thread-1] tourGuide.service.TourGuideService       : Track Location for user internalUser436
2022-10-03 09:59:06.518  INFO 38196 --- [    Test worker] tourGuide.service.TourGuideService       : Track Location for user internalUser474
2022-10-03 09:59:06.518  INFO 38196 --- [pool-7-thread-1] tourGuide.service.TourGuideService       : Track Location for user internalUser678
2022-10-03 09:59:06.519  INFO 38196 --- [pool-7-thread-1] tourGuide.service.TourGuideService       : Track Location for user internalUser433
2022-10-03 09:59:06.519  INFO 38196 --- [    Test worker] tourGuide.service.TourGuideService       : Track Location for user internalUser239
2022-10-03 09:59:06.519  INFO 38196 --- [pool-7-thread-1] tourGuide.service.TourGuideService       : Track Location for user internalUser675
2022-10-03 09:59:06.519  INFO 38196 --- [    Test worker] tourGuide.service.TourGuideService       : Track Location for user internalUser402
2022-10-03 09:59:06.519  INFO 38196 --- [pool-7-thread-1] tourGuide.service.TourGuideService       : Track Location for user internalUser434
2022-10-03 09:59:06.519  INFO 38196 --- [    Test worker] tourGuide.service.TourGuideService       : Track Location for user internalUser644
2022-10-03 09:59:06.519  INFO 38196 --- [pool-7-thread-1] tourGuide.service.TourGuideService       : Track Location for user internalUser676
2022-10-03 09:59:06.520  INFO 38196 --- [    Test worker] tourGuide.service.TourGuideService       : Track Location for user internalUser886
2022-10-03 09:59:06.520  INFO 38196 --- [pool-7-thread-1] tourGuide.service.TourGuideService       : Track Location for user internalUser431
2022-10-03 09:59:06.520  INFO 38196 --- [    Test worker] tourGuide.service.TourGuideService       : Track Location for user internalUser403
2022-10-03 09:59:06.520  INFO 38196 --- [pool-7-thread-1] tourGuide.service.TourGuideService       : Track Location for user internalUser673
2022-10-03 09:59:06.520  INFO 38196 --- [    Test worker] tourGuide.service.TourGuideService       : Track Location for user internalUser645
2022-10-03 09:59:06.520  INFO 38196 --- [pool-7-thread-1] tourGuide.service.TourGuideService       : Track Location for user internalUser432
2022-10-03 09:59:06.520  INFO 38196 --- [    Test worker] tourGuide.service.TourGuideService       : Track Location for user internalUser887
2022-10-03 09:59:06.520  INFO 38196 --- [pool-7-thread-1] tourGuide.service.TourGuideService       : Track Location for user internalUser674
2022-10-03 09:59:06.520  INFO 38196 --- [    Test worker] tourGuide.service.TourGuideService       : Track Location for user internalUser400
2022-10-03 09:59:06.521  INFO 38196 --- [pool-7-thread-1] tourGuide.service.TourGuideService       : Track Location for user internalUser671
2022-10-03 09:59:06.521  INFO 38196 --- [    Test worker] tourGuide.service.TourGuideService       : Track Location for user internalUser642
2022-10-03 09:59:06.521  INFO 38196 --- [pool-7-thread-1] tourGuide.service.TourGuideService       : Track Location for user internalUser430
2022-10-03 09:59:06.521  INFO 38196 --- [pool-7-thread-1] tourGuide.service.TourGuideService       : Track Location for user internalUser672
2022-10-03 09:59:06.521  INFO 38196 --- [pool-7-thread-1] tourGuide.service.TourGuideService       : Track Location for user internalUser439
2022-10-03 09:59:06.521  INFO 38196 --- [pool-7-thread-1] tourGuide.service.TourGuideService       : Track Location for user internalUser437
2022-10-03 09:59:06.521  INFO 38196 --- [pool-7-thread-1] tourGuide.service.TourGuideService       : Track Location for user internalUser679
2022-10-03 09:59:06.522  INFO 38196 --- [pool-7-thread-1] tourGuide.service.TourGuideService       : Track Location for user internalUser438
2022-10-03 09:59:06.522  INFO 38196 --- [pool-7-thread-1] tourGuide.service.TourGuideService       : Track Location for user internalUser721
2022-10-03 09:59:06.522  INFO 38196 --- [pool-7-thread-1] tourGuide.service.TourGuideService       : Track Location for user internalUser963
2022-10-03 09:59:06.522  INFO 38196 --- [pool-7-thread-1] tourGuide.service.TourGuideService       : Track Location for user internalUser722
2022-10-03 09:59:06.522  INFO 38196 --- [pool-7-thread-1] tourGuide.service.TourGuideService       : Track Location for user internalUser964
2022-10-03 09:59:06.522  INFO 38196 --- [pool-7-thread-1] tourGuide.service.TourGuideService       : Track Location for user internalUser961
2022-10-03 09:59:06.523  INFO 38196 --- [pool-7-thread-1] tourGuide.service.TourGuideService       : Track Location for user internalUser720
2022-10-03 09:59:06.523  INFO 38196 --- [pool-7-thread-1] tourGuide.service.TourGuideService       : Track Location for user internalUser962
2022-10-03 09:59:06.523  INFO 38196 --- [pool-7-thread-1] tourGuide.service.TourGuideService       : Track Location for user internalUser960
2022-10-03 09:59:06.523  INFO 38196 --- [pool-7-thread-1] tourGuide.service.TourGuideService       : Track Location for user internalUser729
2022-10-03 09:59:06.523  INFO 38196 --- [pool-7-thread-1] tourGuide.service.TourGuideService       : Track Location for user internalUser727
2022-10-03 09:59:06.524  INFO 38196 --- [pool-7-thread-1] tourGuide.service.TourGuideService       : Track Location for user internalUser969
2022-10-03 09:59:06.524  INFO 38196 --- [pool-7-thread-1] tourGuide.service.TourGuideService       : Track Location for user internalUser728
2022-10-03 09:59:06.524  INFO 38196 --- [pool-7-thread-1] tourGuide.service.TourGuideService       : Track Location for user internalUser725
2022-10-03 09:59:06.524  INFO 38196 --- [pool-7-thread-1] tourGuide.service.TourGuideService       : Track Location for user internalUser967
2022-10-03 09:59:06.524  INFO 38196 --- [pool-7-thread-1] tourGuide.service.TourGuideService       : Track Location for user internalUser726
2022-10-03 09:59:06.524  INFO 38196 --- [    Test worker] tourGuide.service.TourGuideService       : Track Location for user internalUser884
2022-10-03 09:59:06.524  INFO 38196 --- [pool-7-thread-1] tourGuide.service.TourGuideService       : Track Location for user internalUser968
2022-10-03 09:59:06.525  INFO 38196 --- [pool-7-thread-1] tourGuide.service.TourGuideService       : Track Location for user internalUser723
2022-10-03 09:59:06.525  INFO 38196 --- [    Test worker] tourGuide.service.TourGuideService       : Track Location for user internalUser401
2022-10-03 09:59:06.525  INFO 38196 --- [pool-7-thread-1] tourGuide.service.TourGuideService       : Track Location for user internalUser965
2022-10-03 09:59:06.525  INFO 38196 --- [    Test worker] tourGuide.service.TourGuideService       : Track Location for user internalUser643
2022-10-03 09:59:06.525  INFO 38196 --- [pool-7-thread-1] tourGuide.service.TourGuideService       : Track Location for user internalUser724
2022-10-03 09:59:06.525  INFO 38196 --- [pool-7-thread-1] tourGuide.service.TourGuideService       : Track Location for user internalUser966
2022-10-03 09:59:06.525  INFO 38196 --- [    Test worker] tourGuide.service.TourGuideService       : Track Location for user internalUser885
2022-10-03 09:59:06.526  INFO 38196 --- [    Test worker] tourGuide.service.TourGuideService       : Track Location for user internalUser640
2022-10-03 09:59:06.525  INFO 38196 --- [pool-7-thread-1] tourGuide.service.TourGuideService       : Track Location for user internalUser732
2022-10-03 09:59:06.526  INFO 38196 --- [    Test worker] tourGuide.service.TourGuideService       : Track Location for user internalUser882
2022-10-03 09:59:06.526  INFO 38196 --- [pool-7-thread-1] tourGuide.service.TourGuideService       : Track Location for user internalUser974
2022-10-03 09:59:06.526  INFO 38196 --- [    Test worker] tourGuide.service.TourGuideService       : Track Location for user internalUser641
2022-10-03 09:59:06.526  INFO 38196 --- [pool-7-thread-1] tourGuide.service.TourGuideService       : Track Location for user internalUser733
2022-10-03 09:59:06.526  INFO 38196 --- [    Test worker] tourGuide.service.TourGuideService       : Track Location for user internalUser883
2022-10-03 09:59:06.526  INFO 38196 --- [pool-7-thread-1] tourGuide.service.TourGuideService       : Track Location for user internalUser975
2022-10-03 09:59:06.526  INFO 38196 --- [    Test worker] tourGuide.service.TourGuideService       : Track Location for user internalUser880
2022-10-03 09:59:06.526  INFO 38196 --- [pool-7-thread-1] tourGuide.service.TourGuideService       : Track Location for user internalUser730
2022-10-03 09:59:06.527  INFO 38196 --- [    Test worker] tourGuide.service.TourGuideService       : Track Location for user internalUser881
2022-10-03 09:59:06.527  INFO 38196 --- [pool-7-thread-1] tourGuide.service.TourGuideService       : Track Location for user internalUser972
2022-10-03 09:59:06.527  INFO 38196 --- [    Test worker] tourGuide.service.TourGuideService       : Track Location for user internalUser408
2022-10-03 09:59:06.527  INFO 38196 --- [pool-7-thread-1] tourGuide.service.TourGuideService       : Track Location for user internalUser731
2022-10-03 09:59:06.527  INFO 38196 --- [    Test worker] tourGuide.service.TourGuideService       : Track Location for user internalUser409
2022-10-03 09:59:06.527  INFO 38196 --- [pool-7-thread-1] tourGuide.service.TourGuideService       : Track Location for user internalUser973
2022-10-03 09:59:06.527  INFO 38196 --- [    Test worker] tourGuide.service.TourGuideService       : Track Location for user internalUser406
2022-10-03 09:59:06.527  INFO 38196 --- [pool-7-thread-1] tourGuide.service.TourGuideService       : Track Location for user internalUser970
2022-10-03 09:59:06.527  INFO 38196 --- [    Test worker] tourGuide.service.TourGuideService       : Track Location for user internalUser648
2022-10-03 09:59:06.528  INFO 38196 --- [pool-7-thread-1] tourGuide.service.TourGuideService       : Track Location for user internalUser971
2022-10-03 09:59:06.528  INFO 38196 --- [pool-7-thread-1] tourGuide.service.TourGuideService       : Track Location for user internalUser738
2022-10-03 09:59:06.528  INFO 38196 --- [pool-7-thread-1] tourGuide.service.TourGuideService       : Track Location for user internalUser739
2022-10-03 09:59:06.530  INFO 38196 --- [pool-7-thread-1] tourGuide.service.TourGuideService       : Track Location for user internalUser736
2022-10-03 09:59:06.530  INFO 38196 --- [    Test worker] tourGuide.service.TourGuideService       : Track Location for user internalUser407
2022-10-03 09:59:06.530  INFO 38196 --- [pool-7-thread-1] tourGuide.service.TourGuideService       : Track Location for user internalUser978
2022-10-03 09:59:06.531  INFO 38196 --- [    Test worker] tourGuide.service.TourGuideService       : Track Location for user internalUser649
2022-10-03 09:59:06.532  INFO 38196 --- [pool-7-thread-1] tourGuide.service.TourGuideService       : Track Location for user internalUser737
2022-10-03 09:59:06.532  INFO 38196 --- [    Test worker] tourGuide.service.TourGuideService       : Track Location for user internalUser404
2022-10-03 09:59:06.532  INFO 38196 --- [pool-7-thread-1] tourGuide.service.TourGuideService       : Track Location for user internalUser979
2022-10-03 09:59:06.532  INFO 38196 --- [    Test worker] tourGuide.service.TourGuideService       : Track Location for user internalUser646
2022-10-03 09:59:06.534  INFO 38196 --- [pool-7-thread-1] tourGuide.service.TourGuideService       : Track Location for user internalUser734
2022-10-03 09:59:06.535  INFO 38196 --- [    Test worker] tourGuide.service.TourGuideService       : Track Location for user internalUser888
2022-10-03 09:59:06.535  INFO 38196 --- [pool-7-thread-1] tourGuide.service.TourGuideService       : Track Location for user internalUser976
2022-10-03 09:59:06.536  INFO 38196 --- [pool-7-thread-1] tourGuide.service.TourGuideService       : Track Location for user internalUser735
2022-10-03 09:59:06.536  INFO 38196 --- [    Test worker] tourGuide.service.TourGuideService       : Track Location for user internalUser405
2022-10-03 09:59:06.536  INFO 38196 --- [pool-7-thread-1] tourGuide.service.TourGuideService       : Track Location for user internalUser977
2022-10-03 09:59:06.536  INFO 38196 --- [    Test worker] tourGuide.service.TourGuideService       : Track Location for user internalUser647
2022-10-03 09:59:06.537  INFO 38196 --- [pool-7-thread-1] tourGuide.service.TourGuideService       : Track Location for user internalUser501
2022-10-03 09:59:06.537  INFO 38196 --- [    Test worker] tourGuide.service.TourGuideService       : Track Location for user internalUser889
2022-10-03 09:59:06.537  INFO 38196 --- [pool-7-thread-1] tourGuide.service.TourGuideService       : Track Location for user internalUser743
2022-10-03 09:59:06.537  INFO 38196 --- [    Test worker] tourGuide.service.TourGuideService       : Track Location for user internalUser890
2022-10-03 09:59:06.537  INFO 38196 --- [pool-7-thread-1] tourGuide.service.TourGuideService       : Track Location for user internalUser985
2022-10-03 09:59:06.537  INFO 38196 --- [    Test worker] tourGuide.service.TourGuideService       : Track Location for user internalUser413
2022-10-03 09:59:06.537  INFO 38196 --- [pool-7-thread-1] tourGuide.service.TourGuideService       : Track Location for user internalUser502
2022-10-03 09:59:06.537  INFO 38196 --- [    Test worker] tourGuide.service.TourGuideService       : Track Location for user internalUser655
2022-10-03 09:59:06.537  INFO 38196 --- [pool-7-thread-1] tourGuide.service.TourGuideService       : Track Location for user internalUser744
2022-10-03 09:59:06.538  INFO 38196 --- [    Test worker] tourGuide.service.TourGuideService       : Track Location for user internalUser897
2022-10-03 09:59:06.538  INFO 38196 --- [pool-7-thread-1] tourGuide.service.TourGuideService       : Track Location for user internalUser986
2022-10-03 09:59:06.538  INFO 38196 --- [    Test worker] tourGuide.service.TourGuideService       : Track Location for user internalUser414
2022-10-03 09:59:06.538  INFO 38196 --- [pool-7-thread-1] tourGuide.service.TourGuideService       : Track Location for user internalUser741
2022-10-03 09:59:06.538  INFO 38196 --- [    Test worker] tourGuide.service.TourGuideService       : Track Location for user internalUser656
2022-10-03 09:59:06.538  INFO 38196 --- [pool-7-thread-1] tourGuide.service.TourGuideService       : Track Location for user internalUser983
2022-10-03 09:59:06.538  INFO 38196 --- [    Test worker] tourGuide.service.TourGuideService       : Track Location for user internalUser898
2022-10-03 09:59:06.538  INFO 38196 --- [pool-7-thread-1] tourGuide.service.TourGuideService       : Track Location for user internalUser500
2022-10-03 09:59:06.538  INFO 38196 --- [    Test worker] tourGuide.service.TourGuideService       : Track Location for user internalUser411
2022-10-03 09:59:06.538  INFO 38196 --- [pool-7-thread-1] tourGuide.service.TourGuideService       : Track Location for user internalUser742
2022-10-03 09:59:06.538  INFO 38196 --- [    Test worker] tourGuide.service.TourGuideService       : Track Location for user internalUser653
2022-10-03 09:59:06.538  INFO 38196 --- [pool-7-thread-1] tourGuide.service.TourGuideService       : Track Location for user internalUser984
2022-10-03 09:59:06.539  INFO 38196 --- [    Test worker] tourGuide.service.TourGuideService       : Track Location for user internalUser895
2022-10-03 09:59:06.539  INFO 38196 --- [pool-7-thread-1] tourGuide.service.TourGuideService       : Track Location for user internalUser981
2022-10-03 09:59:06.539  INFO 38196 --- [    Test worker] tourGuide.service.TourGuideService       : Track Location for user internalUser412
2022-10-03 09:59:06.539  INFO 38196 --- [pool-7-thread-1] tourGuide.service.TourGuideService       : Track Location for user internalUser740
2022-10-03 09:59:06.539  INFO 38196 --- [pool-7-thread-1] tourGuide.service.TourGuideService       : Track Location for user internalUser982
2022-10-03 09:59:06.539  INFO 38196 --- [    Test worker] tourGuide.service.TourGuideService       : Track Location for user internalUser654
2022-10-03 09:59:06.539  INFO 38196 --- [pool-7-thread-1] tourGuide.service.TourGuideService       : Track Location for user internalUser980
2022-10-03 09:59:06.539  INFO 38196 --- [    Test worker] tourGuide.service.TourGuideService       : Track Location for user internalUser896
2022-10-03 09:59:06.539  INFO 38196 --- [pool-7-thread-1] tourGuide.service.TourGuideService       : Track Location for user internalUser509
2022-10-03 09:59:06.539  INFO 38196 --- [pool-7-thread-1] tourGuide.service.TourGuideService       : Track Location for user internalUser507
2022-10-03 09:59:06.540  INFO 38196 --- [pool-7-thread-1] tourGuide.service.TourGuideService       : Track Location for user internalUser749
2022-10-03 09:59:06.540  INFO 38196 --- [    Test worker] tourGuide.service.TourGuideService       : Track Location for user internalUser651
2022-10-03 09:59:06.540  INFO 38196 --- [pool-7-thread-1] tourGuide.service.TourGuideService       : Track Location for user internalUser508
2022-10-03 09:59:06.540  INFO 38196 --- [    Test worker] tourGuide.service.TourGuideService       : Track Location for user internalUser893
2022-10-03 09:59:06.540  INFO 38196 --- [pool-7-thread-1] tourGuide.service.TourGuideService       : Track Location for user internalUser505
2022-10-03 09:59:06.540  INFO 38196 --- [    Test worker] tourGuide.service.TourGuideService       : Track Location for user internalUser410
2022-10-03 09:59:06.541  INFO 38196 --- [pool-7-thread-1] tourGuide.service.TourGuideService       : Track Location for user internalUser747
2022-10-03 09:59:06.541  INFO 38196 --- [    Test worker] tourGuide.service.TourGuideService       : Track Location for user internalUser652
2022-10-03 09:59:06.541  INFO 38196 --- [pool-7-thread-1] tourGuide.service.TourGuideService       : Track Location for user internalUser989
2022-10-03 09:59:06.541  INFO 38196 --- [    Test worker] tourGuide.service.TourGuideService       : Track Location for user internalUser894
2022-10-03 09:59:06.541  INFO 38196 --- [pool-7-thread-1] tourGuide.service.TourGuideService       : Track Location for user internalUser506
2022-10-03 09:59:06.541  INFO 38196 --- [    Test worker] tourGuide.service.TourGuideService       : Track Location for user internalUser891
2022-10-03 09:59:06.541  INFO 38196 --- [pool-7-thread-1] tourGuide.service.TourGuideService       : Track Location for user internalUser748
2022-10-03 09:59:06.541  INFO 38196 --- [    Test worker] tourGuide.service.TourGuideService       : Track Location for user internalUser650
2022-10-03 09:59:06.541  INFO 38196 --- [pool-7-thread-1] tourGuide.service.TourGuideService       : Track Location for user internalUser503
2022-10-03 09:59:06.541  INFO 38196 --- [    Test worker] tourGuide.service.TourGuideService       : Track Location for user internalUser892
2022-10-03 09:59:06.542  INFO 38196 --- [pool-7-thread-1] tourGuide.service.TourGuideService       : Track Location for user internalUser745
2022-10-03 09:59:06.542  INFO 38196 --- [    Test worker] tourGuide.service.TourGuideService       : Track Location for user internalUser419
2022-10-03 09:59:06.542  INFO 38196 --- [pool-7-thread-1] tourGuide.service.TourGuideService       : Track Location for user internalUser987
2022-10-03 09:59:06.542  INFO 38196 --- [    Test worker] tourGuide.service.TourGuideService       : Track Location for user internalUser417
2022-10-03 09:59:06.542  INFO 38196 --- [pool-7-thread-1] tourGuide.service.TourGuideService       : Track Location for user internalUser504
2022-10-03 09:59:06.542  INFO 38196 --- [    Test worker] tourGuide.service.TourGuideService       : Track Location for user internalUser659
2022-10-03 09:59:06.542  INFO 38196 --- [pool-7-thread-1] tourGuide.service.TourGuideService       : Track Location for user internalUser746
2022-10-03 09:59:06.542  INFO 38196 --- [    Test worker] tourGuide.service.TourGuideService       : Track Location for user internalUser418
2022-10-03 09:59:06.543  INFO 38196 --- [pool-7-thread-1] tourGuide.service.TourGuideService       : Track Location for user internalUser988
2022-10-03 09:59:06.549  INFO 38196 --- [pool-7-thread-1] tourGuide.service.TourGuideService       : Track Location for user internalUser512
2022-10-03 09:59:06.550  INFO 38196 --- [    Test worker] tourGuide.service.TourGuideService       : Track Location for user internalUser415
2022-10-03 09:59:06.550  INFO 38196 --- [pool-7-thread-1] tourGuide.service.TourGuideService       : Track Location for user internalUser754
2022-10-03 09:59:06.550  INFO 38196 --- [pool-7-thread-1] tourGuide.service.TourGuideService       : Track Location for user internalUser996
2022-10-03 09:59:06.551  INFO 38196 --- [    Test worker] tourGuide.service.TourGuideService       : Track Location for user internalUser657
2022-10-03 09:59:06.551  INFO 38196 --- [pool-7-thread-1] tourGuide.service.TourGuideService       : Track Location for user internalUser513
2022-10-03 09:59:06.551  INFO 38196 --- [pool-7-thread-1] tourGuide.service.TourGuideService       : Track Location for user internalUser755
2022-10-03 09:59:06.552  INFO 38196 --- [pool-7-thread-1] tourGuide.service.TourGuideService       : Track Location for user internalUser997
2022-10-03 09:59:06.552  INFO 38196 --- [    Test worker] tourGuide.service.TourGuideService       : Track Location for user internalUser899
2022-10-03 09:59:06.553  INFO 38196 --- [pool-7-thread-1] tourGuide.service.TourGuideService       : Track Location for user internalUser510
2022-10-03 09:59:06.553  INFO 38196 --- [    Test worker] tourGuide.service.TourGuideService       : Track Location for user internalUser416
2022-10-03 09:59:06.553  INFO 38196 --- [pool-7-thread-1] tourGuide.service.TourGuideService       : Track Location for user internalUser752
2022-10-03 09:59:06.553  INFO 38196 --- [    Test worker] tourGuide.service.TourGuideService       : Track Location for user internalUser658
2022-10-03 09:59:06.553  INFO 38196 --- [pool-7-thread-1] tourGuide.service.TourGuideService       : Track Location for user internalUser994
2022-10-03 09:59:06.553  INFO 38196 --- [    Test worker] tourGuide.service.TourGuideService       : Track Location for user internalUser424
2022-10-03 09:59:06.553  INFO 38196 --- [pool-7-thread-1] tourGuide.service.TourGuideService       : Track Location for user internalUser511
2022-10-03 09:59:06.553  INFO 38196 --- [    Test worker] tourGuide.service.TourGuideService       : Track Location for user internalUser666
2022-10-03 09:59:06.553  INFO 38196 --- [pool-7-thread-1] tourGuide.service.TourGuideService       : Track Location for user internalUser753
2022-10-03 09:59:06.554  INFO 38196 --- [    Test worker] tourGuide.service.TourGuideService       : Track Location for user internalUser425
2022-10-03 09:59:06.554  INFO 38196 --- [    Test worker] tourGuide.service.TourGuideService       : Track Location for user internalUser667
2022-10-03 09:59:06.554  INFO 38196 --- [pool-7-thread-1] tourGuide.service.TourGuideService       : Track Location for user internalUser995
2022-10-03 09:59:06.554  INFO 38196 --- [    Test worker] tourGuide.service.TourGuideService       : Track Location for user internalUser422
2022-10-03 09:59:06.554  INFO 38196 --- [pool-7-thread-1] tourGuide.service.TourGuideService       : Track Location for user internalUser750
2022-10-03 09:59:06.554  INFO 38196 --- [    Test worker] tourGuide.service.TourGuideService       : Track Location for user internalUser664
2022-10-03 09:59:06.554  INFO 38196 --- [pool-7-thread-1] tourGuide.service.TourGuideService       : Track Location for user internalUser992
2022-10-03 09:59:06.554  INFO 38196 --- [    Test worker] tourGuide.service.TourGuideService       : Track Location for user internalUser423
2022-10-03 09:59:06.554  INFO 38196 --- [pool-7-thread-1] tourGuide.service.TourGuideService       : Track Location for user internalUser751
2022-10-03 09:59:06.554  INFO 38196 --- [    Test worker] tourGuide.service.TourGuideService       : Track Location for user internalUser665
2022-10-03 09:59:06.555  INFO 38196 --- [pool-7-thread-1] tourGuide.service.TourGuideService       : Track Location for user internalUser993
2022-10-03 09:59:06.555  INFO 38196 --- [    Test worker] tourGuide.service.TourGuideService       : Track Location for user internalUser420
2022-10-03 09:59:06.555  INFO 38196 --- [pool-7-thread-1] tourGuide.service.TourGuideService       : Track Location for user internalUser990
2022-10-03 09:59:06.555  INFO 38196 --- [    Test worker] tourGuide.service.TourGuideService       : Track Location for user internalUser662
2022-10-03 09:59:06.555  INFO 38196 --- [pool-7-thread-1] tourGuide.service.TourGuideService       : Track Location for user internalUser991
2022-10-03 09:59:06.555  INFO 38196 --- [    Test worker] tourGuide.service.TourGuideService       : Track Location for user internalUser421
2022-10-03 09:59:06.555  INFO 38196 --- [pool-7-thread-1] tourGuide.service.TourGuideService       : Track Location for user internalUser518
2022-10-03 09:59:06.555  INFO 38196 --- [    Test worker] tourGuide.service.TourGuideService       : Track Location for user internalUser663
2022-10-03 09:59:06.555  INFO 38196 --- [pool-7-thread-1] tourGuide.service.TourGuideService       : Track Location for user internalUser519
2022-10-03 09:59:06.555  INFO 38196 --- [    Test worker] tourGuide.service.TourGuideService       : Track Location for user internalUser660
2022-10-03 09:59:06.556  INFO 38196 --- [pool-7-thread-1] tourGuide.service.TourGuideService       : Track Location for user internalUser516
2022-10-03 09:59:06.556  INFO 38196 --- [    Test worker] tourGuide.service.TourGuideService       : Track Location for user internalUser661
2022-10-03 09:59:06.556  INFO 38196 --- [    Test worker] tourGuide.service.TourGuideService       : Track Location for user internalUser428
2022-10-03 09:59:06.556  INFO 38196 --- [pool-7-thread-1] tourGuide.service.TourGuideService       : Track Location for user internalUser758
2022-10-03 09:59:06.556  INFO 38196 --- [    Test worker] tourGuide.service.TourGuideService       : Track Location for user internalUser429
2022-10-03 09:59:06.556  INFO 38196 --- [pool-7-thread-1] tourGuide.service.TourGuideService       : Track Location for user internalUser517
2022-10-03 09:59:06.557  INFO 38196 --- [pool-7-thread-1] tourGuide.service.TourGuideService       : Track Location for user internalUser759
2022-10-03 09:59:06.557  INFO 38196 --- [    Test worker] tourGuide.service.TourGuideService       : Track Location for user internalUser426
2022-10-03 09:59:06.557  INFO 38196 --- [pool-7-thread-1] tourGuide.service.TourGuideService       : Track Location for user internalUser514
2022-10-03 09:59:06.557  INFO 38196 --- [    Test worker] tourGuide.service.TourGuideService       : Track Location for user internalUser668
2022-10-03 09:59:06.557  INFO 38196 --- [pool-7-thread-1] tourGuide.service.TourGuideService       : Track Location for user internalUser756
2022-10-03 09:59:06.557  INFO 38196 --- [    Test worker] tourGuide.service.TourGuideService       : Track Location for user internalUser427
2022-10-03 09:59:06.557  INFO 38196 --- [pool-7-thread-1] tourGuide.service.TourGuideService       : Track Location for user internalUser998
2022-10-03 09:59:06.558  INFO 38196 --- [pool-7-thread-1] tourGuide.service.TourGuideService       : Track Location for user internalUser515
2022-10-03 09:59:06.558  INFO 38196 --- [    Test worker] tourGuide.service.TourGuideService       : Track Location for user internalUser669
2022-10-03 09:59:06.558  INFO 38196 --- [pool-7-thread-1] tourGuide.service.TourGuideService       : Track Location for user internalUser757
2022-10-03 09:59:06.558  INFO 38196 --- [    Test worker] tourGuide.service.TourGuideService       : Track Location for user internalUser670
2022-10-03 09:59:06.558  INFO 38196 --- [pool-7-thread-1] tourGuide.service.TourGuideService       : Track Location for user internalUser999
2022-10-03 09:59:06.558  INFO 38196 --- [    Test worker] tourGuide.service.TourGuideService       : Track Location for user internalUser435
2022-10-03 09:59:06.558  INFO 38196 --- [pool-7-thread-1] tourGuide.service.TourGuideService       : Track Location for user internalUser920
2022-10-03 09:59:06.558  INFO 38196 --- [pool-7-thread-1] tourGuide.service.TourGuideService       : Track Location for user internalUser927
2022-10-03 09:59:06.558  INFO 38196 --- [    Test worker] tourGuide.service.TourGuideService       : Track Location for user internalUser677
2022-10-03 09:59:06.558  INFO 38196 --- [pool-7-thread-1] tourGuide.service.TourGuideService       : Track Location for user internalUser928
2022-10-03 09:59:06.561  INFO 38196 --- [    Test worker] tourGuide.service.TourGuideService       : Track Location for user internalUser436
2022-10-03 09:59:06.564  INFO 38196 --- [    Test worker] tourGuide.service.TourGuideService       : Track Location for user internalUser678
2022-10-03 09:59:06.567  INFO 38196 --- [    Test worker] tourGuide.service.TourGuideService       : Track Location for user internalUser433
2022-10-03 09:59:06.568  INFO 38196 --- [pool-7-thread-1] tourGuide.service.TourGuideService       : Track Location for user internalUser925
2022-10-03 09:59:06.570  INFO 38196 --- [    Test worker] tourGuide.service.TourGuideService       : Track Location for user internalUser675
2022-10-03 09:59:06.571  INFO 38196 --- [pool-7-thread-1] tourGuide.service.TourGuideService       : Track Location for user internalUser926
2022-10-03 09:59:06.571  INFO 38196 --- [    Test worker] tourGuide.service.TourGuideService       : Track Location for user internalUser434
2022-10-03 09:59:06.572  INFO 38196 --- [pool-7-thread-1] tourGuide.service.TourGuideService       : Track Location for user internalUser923
2022-10-03 09:59:06.572  INFO 38196 --- [    Test worker] tourGuide.service.TourGuideService       : Track Location for user internalUser676
2022-10-03 09:59:06.573  INFO 38196 --- [    Test worker] tourGuide.service.TourGuideService       : Track Location for user internalUser431
2022-10-03 09:59:06.573  INFO 38196 --- [pool-7-thread-1] tourGuide.service.TourGuideService       : Track Location for user internalUser924
2022-10-03 09:59:06.580  INFO 38196 --- [    Test worker] tourGuide.service.TourGuideService       : Track Location for user internalUser673
2022-10-03 09:59:06.582  INFO 38196 --- [pool-7-thread-1] tourGuide.service.TourGuideService       : Track Location for user internalUser921
2022-10-03 09:59:06.584  INFO 38196 --- [    Test worker] tourGuide.service.TourGuideService       : Track Location for user internalUser432
2022-10-03 09:59:06.584  INFO 38196 --- [pool-7-thread-1] tourGuide.service.TourGuideService       : Track Location for user internalUser922
2022-10-03 09:59:06.585  INFO 38196 --- [    Test worker] tourGuide.service.TourGuideService       : Track Location for user internalUser674
2022-10-03 09:59:06.586  INFO 38196 --- [pool-7-thread-1] tourGuide.service.TourGuideService       : Track Location for user internalUser929
2022-10-03 09:59:06.586  INFO 38196 --- [    Test worker] tourGuide.service.TourGuideService       : Track Location for user internalUser671
2022-10-03 09:59:06.586  INFO 38196 --- [pool-7-thread-1] tourGuide.service.TourGuideService       : Track Location for user internalUser930
2022-10-03 09:59:06.587  INFO 38196 --- [    Test worker] tourGuide.service.TourGuideService       : Track Location for user internalUser430
2022-10-03 09:59:06.587  INFO 38196 --- [pool-7-thread-1] tourGuide.service.TourGuideService       : Track Location for user internalUser931
2022-10-03 09:59:06.587  INFO 38196 --- [pool-7-thread-1] tourGuide.service.TourGuideService       : Track Location for user internalUser938
2022-10-03 09:59:06.587  INFO 38196 --- [    Test worker] tourGuide.service.TourGuideService       : Track Location for user internalUser672
2022-10-03 09:59:06.587  INFO 38196 --- [pool-7-thread-1] tourGuide.service.TourGuideService       : Track Location for user internalUser939
2022-10-03 09:59:06.587  INFO 38196 --- [    Test worker] tourGuide.service.TourGuideService       : Track Location for user internalUser439
2022-10-03 09:59:06.588  INFO 38196 --- [pool-7-thread-1] tourGuide.service.TourGuideService       : Track Location for user internalUser936
2022-10-03 09:59:06.588  INFO 38196 --- [    Test worker] tourGuide.service.TourGuideService       : Track Location for user internalUser437
2022-10-03 09:59:06.588  INFO 38196 --- [pool-7-thread-1] tourGuide.service.TourGuideService       : Track Location for user internalUser937
2022-10-03 09:59:06.588  INFO 38196 --- [    Test worker] tourGuide.service.TourGuideService       : Track Location for user internalUser679
2022-10-03 09:59:06.588  INFO 38196 --- [pool-7-thread-1] tourGuide.service.TourGuideService       : Track Location for user internalUser934
2022-10-03 09:59:06.588  INFO 38196 --- [    Test worker] tourGuide.service.TourGuideService       : Track Location for user internalUser438
2022-10-03 09:59:06.588  INFO 38196 --- [pool-7-thread-1] tourGuide.service.TourGuideService       : Track Location for user internalUser935
2022-10-03 09:59:06.589  INFO 38196 --- [    Test worker] tourGuide.service.TourGuideService       : Track Location for user internalUser721
2022-10-03 09:59:06.589  INFO 38196 --- [pool-7-thread-1] tourGuide.service.TourGuideService       : Track Location for user internalUser932
2022-10-03 09:59:06.589  INFO 38196 --- [    Test worker] tourGuide.service.TourGuideService       : Track Location for user internalUser963
2022-10-03 09:59:06.589  INFO 38196 --- [pool-7-thread-1] tourGuide.service.TourGuideService       : Track Location for user internalUser933
2022-10-03 09:59:06.589  INFO 38196 --- [    Test worker] tourGuide.service.TourGuideService       : Track Location for user internalUser722
2022-10-03 09:59:06.589  INFO 38196 --- [pool-7-thread-1] tourGuide.service.TourGuideService       : Track Location for user internalUser941
2022-10-03 09:59:06.589  INFO 38196 --- [    Test worker] tourGuide.service.TourGuideService       : Track Location for user internalUser964
2022-10-03 09:59:06.589  INFO 38196 --- [pool-7-thread-1] tourGuide.service.TourGuideService       : Track Location for user internalUser700
2022-10-03 09:59:06.589  INFO 38196 --- [    Test worker] tourGuide.service.TourGuideService       : Track Location for user internalUser961
2022-10-03 09:59:06.590  INFO 38196 --- [pool-7-thread-1] tourGuide.service.TourGuideService       : Track Location for user internalUser942
2022-10-03 09:59:06.597  INFO 38196 --- [    Test worker] tourGuide.service.TourGuideService       : Track Location for user internalUser720
2022-10-03 09:59:06.600  INFO 38196 --- [pool-7-thread-1] tourGuide.service.TourGuideService       : Track Location for user internalUser940
2022-10-03 09:59:06.601  INFO 38196 --- [    Test worker] tourGuide.service.TourGuideService       : Track Location for user internalUser962
2022-10-03 09:59:06.601  INFO 38196 --- [pool-7-thread-1] tourGuide.service.TourGuideService       : Track Location for user internalUser707
2022-10-03 09:59:06.601  INFO 38196 --- [pool-7-thread-1] tourGuide.service.TourGuideService       : Track Location for user internalUser949
2022-10-03 09:59:06.601  INFO 38196 --- [    Test worker] tourGuide.service.TourGuideService       : Track Location for user internalUser960
2022-10-03 09:59:06.602  INFO 38196 --- [pool-7-thread-1] tourGuide.service.TourGuideService       : Track Location for user internalUser708
2022-10-03 09:59:06.602  INFO 38196 --- [    Test worker] tourGuide.service.TourGuideService       : Track Location for user internalUser729
2022-10-03 09:59:06.602  INFO 38196 --- [pool-7-thread-1] tourGuide.service.TourGuideService       : Track Location for user internalUser705
2022-10-03 09:59:06.602  INFO 38196 --- [    Test worker] tourGuide.service.TourGuideService       : Track Location for user internalUser727
2022-10-03 09:59:06.602  INFO 38196 --- [pool-7-thread-1] tourGuide.service.TourGuideService       : Track Location for user internalUser947
2022-10-03 09:59:06.602  INFO 38196 --- [    Test worker] tourGuide.service.TourGuideService       : Track Location for user internalUser969
2022-10-03 09:59:06.602  INFO 38196 --- [pool-7-thread-1] tourGuide.service.TourGuideService       : Track Location for user internalUser706
2022-10-03 09:59:06.602  INFO 38196 --- [pool-7-thread-1] tourGuide.service.TourGuideService       : Track Location for user internalUser948
2022-10-03 09:59:06.603  INFO 38196 --- [    Test worker] tourGuide.service.TourGuideService       : Track Location for user internalUser728
2022-10-03 09:59:06.603  INFO 38196 --- [pool-7-thread-1] tourGuide.service.TourGuideService       : Track Location for user internalUser703
2022-10-03 09:59:06.603  INFO 38196 --- [    Test worker] tourGuide.service.TourGuideService       : Track Location for user internalUser725
2022-10-03 09:59:06.603  INFO 38196 --- [pool-7-thread-1] tourGuide.service.TourGuideService       : Track Location for user internalUser945
2022-10-03 09:59:06.603  INFO 38196 --- [pool-7-thread-1] tourGuide.service.TourGuideService       : Track Location for user internalUser704
2022-10-03 09:59:06.603  INFO 38196 --- [    Test worker] tourGuide.service.TourGuideService       : Track Location for user internalUser967
2022-10-03 09:59:06.603  INFO 38196 --- [pool-7-thread-1] tourGuide.service.TourGuideService       : Track Location for user internalUser946
2022-10-03 09:59:06.603  INFO 38196 --- [    Test worker] tourGuide.service.TourGuideService       : Track Location for user internalUser726
2022-10-03 09:59:06.603  INFO 38196 --- [pool-7-thread-1] tourGuide.service.TourGuideService       : Track Location for user internalUser701
2022-10-03 09:59:06.604  INFO 38196 --- [    Test worker] tourGuide.service.TourGuideService       : Track Location for user internalUser968
2022-10-03 09:59:06.604  INFO 38196 --- [pool-7-thread-1] tourGuide.service.TourGuideService       : Track Location for user internalUser943
2022-10-03 09:59:06.604  INFO 38196 --- [    Test worker] tourGuide.service.TourGuideService       : Track Location for user internalUser723
2022-10-03 09:59:06.604  INFO 38196 --- [pool-7-thread-1] tourGuide.service.TourGuideService       : Track Location for user internalUser702
2022-10-03 09:59:06.604  INFO 38196 --- [    Test worker] tourGuide.service.TourGuideService       : Track Location for user internalUser965
2022-10-03 09:59:06.604  INFO 38196 --- [pool-7-thread-1] tourGuide.service.TourGuideService       : Track Location for user internalUser944
2022-10-03 09:59:06.604  INFO 38196 --- [    Test worker] tourGuide.service.TourGuideService       : Track Location for user internalUser724
2022-10-03 09:59:06.604  INFO 38196 --- [pool-7-thread-1] tourGuide.service.TourGuideService       : Track Location for user internalUser709
2022-10-03 09:59:06.610  INFO 38196 --- [    Test worker] tourGuide.service.TourGuideService       : Track Location for user internalUser966
2022-10-03 09:59:06.612  INFO 38196 --- [pool-7-thread-1] tourGuide.service.TourGuideService       : Track Location for user internalUser710
2022-10-03 09:59:06.613  INFO 38196 --- [    Test worker] tourGuide.service.TourGuideService       : Track Location for user internalUser732
2022-10-03 09:59:06.613  INFO 38196 --- [pool-7-thread-1] tourGuide.service.TourGuideService       : Track Location for user internalUser952
2022-10-03 09:59:06.614  INFO 38196 --- [    Test worker] tourGuide.service.TourGuideService       : Track Location for user internalUser974
2022-10-03 09:59:06.614  INFO 38196 --- [pool-7-thread-1] tourGuide.service.TourGuideService       : Track Location for user internalUser711
2022-10-03 09:59:06.614  INFO 38196 --- [    Test worker] tourGuide.service.TourGuideService       : Track Location for user internalUser733
2022-10-03 09:59:06.614  INFO 38196 --- [pool-7-thread-1] tourGuide.service.TourGuideService       : Track Location for user internalUser953
2022-10-03 09:59:06.614  INFO 38196 --- [    Test worker] tourGuide.service.TourGuideService       : Track Location for user internalUser975
2022-10-03 09:59:06.614  INFO 38196 --- [pool-7-thread-1] tourGuide.service.TourGuideService       : Track Location for user internalUser950
2022-10-03 09:59:06.615  INFO 38196 --- [    Test worker] tourGuide.service.TourGuideService       : Track Location for user internalUser730
2022-10-03 09:59:06.615  INFO 38196 --- [pool-7-thread-1] tourGuide.service.TourGuideService       : Track Location for user internalUser951
2022-10-03 09:59:06.616  INFO 38196 --- [    Test worker] tourGuide.service.TourGuideService       : Track Location for user internalUser972
2022-10-03 09:59:06.616  INFO 38196 --- [pool-7-thread-1] tourGuide.service.TourGuideService       : Track Location for user internalUser718
2022-10-03 09:59:06.616  INFO 38196 --- [    Test worker] tourGuide.service.TourGuideService       : Track Location for user internalUser731
2022-10-03 09:59:06.616  INFO 38196 --- [pool-7-thread-1] tourGuide.service.TourGuideService       : Track Location for user internalUser719
2022-10-03 09:59:06.616  INFO 38196 --- [    Test worker] tourGuide.service.TourGuideService       : Track Location for user internalUser973
2022-10-03 09:59:06.616  INFO 38196 --- [pool-7-thread-1] tourGuide.service.TourGuideService       : Track Location for user internalUser716
2022-10-03 09:59:06.616  INFO 38196 --- [    Test worker] tourGuide.service.TourGuideService       : Track Location for user internalUser970
2022-10-03 09:59:06.616  INFO 38196 --- [pool-7-thread-1] tourGuide.service.TourGuideService       : Track Location for user internalUser958
2022-10-03 09:59:06.616  INFO 38196 --- [    Test worker] tourGuide.service.TourGuideService       : Track Location for user internalUser971
2022-10-03 09:59:06.616  INFO 38196 --- [pool-7-thread-1] tourGuide.service.TourGuideService       : Track Location for user internalUser717
2022-10-03 09:59:06.616  INFO 38196 --- [    Test worker] tourGuide.service.TourGuideService       : Track Location for user internalUser738
2022-10-03 09:59:06.617  INFO 38196 --- [pool-7-thread-1] tourGuide.service.TourGuideService       : Track Location for user internalUser959
2022-10-03 09:59:06.617  INFO 38196 --- [    Test worker] tourGuide.service.TourGuideService       : Track Location for user internalUser739
2022-10-03 09:59:06.617  INFO 38196 --- [pool-7-thread-1] tourGuide.service.TourGuideService       : Track Location for user internalUser714
2022-10-03 09:59:06.617  INFO 38196 --- [    Test worker] tourGuide.service.TourGuideService       : Track Location for user internalUser736
2022-10-03 09:59:06.617  INFO 38196 --- [pool-7-thread-1] tourGuide.service.TourGuideService       : Track Location for user internalUser956
2022-10-03 09:59:06.617  INFO 38196 --- [    Test worker] tourGuide.service.TourGuideService       : Track Location for user internalUser978
2022-10-03 09:59:06.617  INFO 38196 --- [pool-7-thread-1] tourGuide.service.TourGuideService       : Track Location for user internalUser715
2022-10-03 09:59:06.617  INFO 38196 --- [    Test worker] tourGuide.service.TourGuideService       : Track Location for user internalUser737
2022-10-03 09:59:06.617  INFO 38196 --- [pool-7-thread-1] tourGuide.service.TourGuideService       : Track Location for user internalUser957
2022-10-03 09:59:06.617  INFO 38196 --- [    Test worker] tourGuide.service.TourGuideService       : Track Location for user internalUser979
2022-10-03 09:59:06.617  INFO 38196 --- [pool-7-thread-1] tourGuide.service.TourGuideService       : Track Location for user internalUser712
2022-10-03 09:59:06.618  INFO 38196 --- [    Test worker] tourGuide.service.TourGuideService       : Track Location for user internalUser734
2022-10-03 09:59:06.618  INFO 38196 --- [pool-7-thread-1] tourGuide.service.TourGuideService       : Track Location for user internalUser954
2022-10-03 09:59:06.618  INFO 38196 --- [    Test worker] tourGuide.service.TourGuideService       : Track Location for user internalUser976
2022-10-03 09:59:06.618  INFO 38196 --- [pool-7-thread-1] tourGuide.service.TourGuideService       : Track Location for user internalUser713
2022-10-03 09:59:06.618  INFO 38196 --- [    Test worker] tourGuide.service.TourGuideService       : Track Location for user internalUser735
2022-10-03 09:59:06.618  INFO 38196 --- [pool-7-thread-1] tourGuide.service.TourGuideService       : Track Location for user internalUser955
2022-10-03 09:59:06.618  INFO 38196 --- [    Test worker] tourGuide.service.TourGuideService       : Track Location for user internalUser977
2022-10-03 09:59:06.618  INFO 38196 --- [pool-7-thread-1] tourGuide.service.TourGuideService       : Track Location for user internalUser905
2022-10-03 09:59:06.618  INFO 38196 --- [    Test worker] tourGuide.service.TourGuideService       : Track Location for user internalUser501
2022-10-03 09:59:06.619  INFO 38196 --- [pool-7-thread-1] tourGuide.service.TourGuideService       : Track Location for user internalUser906
2022-10-03 09:59:06.619  INFO 38196 --- [    Test worker] tourGuide.service.TourGuideService       : Track Location for user internalUser743
2022-10-03 09:59:06.619  INFO 38196 --- [pool-7-thread-1] tourGuide.service.TourGuideService       : Track Location for user internalUser903
2022-10-03 09:59:06.619  INFO 38196 --- [    Test worker] tourGuide.service.TourGuideService       : Track Location for user internalUser985
2022-10-03 09:59:06.619  INFO 38196 --- [pool-7-thread-1] tourGuide.service.TourGuideService       : Track Location for user internalUser904
2022-10-03 09:59:06.619  INFO 38196 --- [    Test worker] tourGuide.service.TourGuideService       : Track Location for user internalUser502
2022-10-03 09:59:06.619  INFO 38196 --- [pool-7-thread-1] tourGuide.service.TourGuideService       : Track Location for user internalUser901
2022-10-03 09:59:06.619  INFO 38196 --- [    Test worker] tourGuide.service.TourGuideService       : Track Location for user internalUser744
2022-10-03 09:59:06.619  INFO 38196 --- [pool-7-thread-1] tourGuide.service.TourGuideService       : Track Location for user internalUser902
2022-10-03 09:59:06.619  INFO 38196 --- [    Test worker] tourGuide.service.TourGuideService       : Track Location for user internalUser986
2022-10-03 09:59:06.619  INFO 38196 --- [pool-7-thread-1] tourGuide.service.TourGuideService       : Track Location for user internalUser900
2022-10-03 09:59:06.619  INFO 38196 --- [    Test worker] tourGuide.service.TourGuideService       : Track Location for user internalUser741
2022-10-03 09:59:06.620  INFO 38196 --- [pool-7-thread-1] tourGuide.service.TourGuideService       : Track Location for user internalUser909
2022-10-03 09:59:06.620  INFO 38196 --- [    Test worker] tourGuide.service.TourGuideService       : Track Location for user internalUser983
2022-10-03 09:59:06.620  INFO 38196 --- [pool-7-thread-1] tourGuide.service.TourGuideService       : Track Location for user internalUser907
2022-10-03 09:59:06.620  INFO 38196 --- [    Test worker] tourGuide.service.TourGuideService       : Track Location for user internalUser500
2022-10-03 09:59:06.620  INFO 38196 --- [pool-7-thread-1] tourGuide.service.TourGuideService       : Track Location for user internalUser908
2022-10-03 09:59:06.620  INFO 38196 --- [    Test worker] tourGuide.service.TourGuideService       : Track Location for user internalUser742
2022-10-03 09:59:06.620  INFO 38196 --- [pool-7-thread-1] tourGuide.service.TourGuideService       : Track Location for user internalUser916
2022-10-03 09:59:06.620  INFO 38196 --- [    Test worker] tourGuide.service.TourGuideService       : Track Location for user internalUser984
2022-10-03 09:59:06.620  INFO 38196 --- [pool-7-thread-1] tourGuide.service.TourGuideService       : Track Location for user internalUser917
2022-10-03 09:59:06.620  INFO 38196 --- [    Test worker] tourGuide.service.TourGuideService       : Track Location for user internalUser981
2022-10-03 09:59:06.620  INFO 38196 --- [pool-7-thread-1] tourGuide.service.TourGuideService       : Track Location for user internalUser914
2022-10-03 09:59:06.624  INFO 38196 --- [pool-7-thread-1] tourGuide.service.TourGuideService       : Track Location for user internalUser915
2022-10-03 09:59:06.627  INFO 38196 --- [pool-7-thread-1] tourGuide.service.TourGuideService       : Track Location for user internalUser912
2022-10-03 09:59:06.627  INFO 38196 --- [    Test worker] tourGuide.service.TourGuideService       : Track Location for user internalUser740
2022-10-03 09:59:06.628  INFO 38196 --- [pool-7-thread-1] tourGuide.service.TourGuideService       : Track Location for user internalUser913
2022-10-03 09:59:06.628  INFO 38196 --- [    Test worker] tourGuide.service.TourGuideService       : Track Location for user internalUser982
2022-10-03 09:59:06.628  INFO 38196 --- [pool-7-thread-1] tourGuide.service.TourGuideService       : Track Location for user internalUser910
2022-10-03 09:59:06.628  INFO 38196 --- [    Test worker] tourGuide.service.TourGuideService       : Track Location for user internalUser980
2022-10-03 09:59:06.628  INFO 38196 --- [pool-7-thread-1] tourGuide.service.TourGuideService       : Track Location for user internalUser911
2022-10-03 09:59:06.628  INFO 38196 --- [    Test worker] tourGuide.service.TourGuideService       : Track Location for user internalUser509
2022-10-03 09:59:06.628  INFO 38196 --- [pool-7-thread-1] tourGuide.service.TourGuideService       : Track Location for user internalUser918
2022-10-03 09:59:06.629  INFO 38196 --- [    Test worker] tourGuide.service.TourGuideService       : Track Location for user internalUser507
2022-10-03 09:59:06.629  INFO 38196 --- [pool-7-thread-1] tourGuide.service.TourGuideService       : Track Location for user internalUser919
2022-10-03 09:59:06.629  INFO 38196 --- [    Test worker] tourGuide.service.TourGuideService       : Track Location for user internalUser749
2022-10-03 09:59:06.629 DEBUG 38196 --- [pool-7-thread-1] tourGuide.tracker.Tracker                : Tracker Time Elapsed: 0 seconds.
2022-10-03 09:59:06.629 DEBUG 38196 --- [pool-7-thread-1] tourGuide.tracker.Tracker                : Tracker sleeping
2022-10-03 09:59:06.629  INFO 38196 --- [    Test worker] tourGuide.service.TourGuideService       : Track Location for user internalUser508
2022-10-03 09:59:06.629  INFO 38196 --- [    Test worker] tourGuide.service.TourGuideService       : Track Location for user internalUser505
2022-10-03 09:59:06.629  INFO 38196 --- [    Test worker] tourGuide.service.TourGuideService       : Track Location for user internalUser747
2022-10-03 09:59:06.629  INFO 38196 --- [    Test worker] tourGuide.service.TourGuideService       : Track Location for user internalUser989
2022-10-03 09:59:06.630  INFO 38196 --- [    Test worker] tourGuide.service.TourGuideService       : Track Location for user internalUser506
2022-10-03 09:59:06.630  INFO 38196 --- [    Test worker] tourGuide.service.TourGuideService       : Track Location for user internalUser748
2022-10-03 09:59:06.630  INFO 38196 --- [    Test worker] tourGuide.service.TourGuideService       : Track Location for user internalUser503
2022-10-03 09:59:06.630  INFO 38196 --- [    Test worker] tourGuide.service.TourGuideService       : Track Location for user internalUser745
2022-10-03 09:59:06.630  INFO 38196 --- [    Test worker] tourGuide.service.TourGuideService       : Track Location for user internalUser987
2022-10-03 09:59:06.630  INFO 38196 --- [    Test worker] tourGuide.service.TourGuideService       : Track Location for user internalUser504
2022-10-03 09:59:06.631  INFO 38196 --- [    Test worker] tourGuide.service.TourGuideService       : Track Location for user internalUser746
2022-10-03 09:59:06.631  INFO 38196 --- [    Test worker] tourGuide.service.TourGuideService       : Track Location for user internalUser988
2022-10-03 09:59:06.631  INFO 38196 --- [    Test worker] tourGuide.service.TourGuideService       : Track Location for user internalUser512
2022-10-03 09:59:06.631  INFO 38196 --- [    Test worker] tourGuide.service.TourGuideService       : Track Location for user internalUser754
2022-10-03 09:59:06.631  INFO 38196 --- [    Test worker] tourGuide.service.TourGuideService       : Track Location for user internalUser996
2022-10-03 09:59:06.632  INFO 38196 --- [    Test worker] tourGuide.service.TourGuideService       : Track Location for user internalUser513
2022-10-03 09:59:06.632  INFO 38196 --- [    Test worker] tourGuide.service.TourGuideService       : Track Location for user internalUser755
2022-10-03 09:59:06.632  INFO 38196 --- [    Test worker] tourGuide.service.TourGuideService       : Track Location for user internalUser997
2022-10-03 09:59:06.632  INFO 38196 --- [    Test worker] tourGuide.service.TourGuideService       : Track Location for user internalUser510
2022-10-03 09:59:06.632  INFO 38196 --- [    Test worker] tourGuide.service.TourGuideService       : Track Location for user internalUser752
2022-10-03 09:59:06.632  INFO 38196 --- [    Test worker] tourGuide.service.TourGuideService       : Track Location for user internalUser994
2022-10-03 09:59:06.632  INFO 38196 --- [    Test worker] tourGuide.service.TourGuideService       : Track Location for user internalUser511
2022-10-03 09:59:06.633  INFO 38196 --- [    Test worker] tourGuide.service.TourGuideService       : Track Location for user internalUser753
2022-10-03 09:59:06.633  INFO 38196 --- [    Test worker] tourGuide.service.TourGuideService       : Track Location for user internalUser995
2022-10-03 09:59:06.633  INFO 38196 --- [    Test worker] tourGuide.service.TourGuideService       : Track Location for user internalUser750
2022-10-03 09:59:06.633  INFO 38196 --- [    Test worker] tourGuide.service.TourGuideService       : Track Location for user internalUser992
2022-10-03 09:59:06.633  INFO 38196 --- [    Test worker] tourGuide.service.TourGuideService       : Track Location for user internalUser751
2022-10-03 09:59:06.633  INFO 38196 --- [    Test worker] tourGuide.service.TourGuideService       : Track Location for user internalUser993
2022-10-03 09:59:06.634  INFO 38196 --- [    Test worker] tourGuide.service.TourGuideService       : Track Location for user internalUser990
2022-10-03 09:59:06.634  INFO 38196 --- [    Test worker] tourGuide.service.TourGuideService       : Track Location for user internalUser991
2022-10-03 09:59:06.634  INFO 38196 --- [    Test worker] tourGuide.service.TourGuideService       : Track Location for user internalUser518
2022-10-03 09:59:06.634  INFO 38196 --- [    Test worker] tourGuide.service.TourGuideService       : Track Location for user internalUser519
2022-10-03 09:59:06.634  INFO 38196 --- [    Test worker] tourGuide.service.TourGuideService       : Track Location for user internalUser516
2022-10-03 09:59:06.634  INFO 38196 --- [    Test worker] tourGuide.service.TourGuideService       : Track Location for user internalUser758
2022-10-03 09:59:06.635  INFO 38196 --- [    Test worker] tourGuide.service.TourGuideService       : Track Location for user internalUser517
2022-10-03 09:59:06.635  INFO 38196 --- [    Test worker] tourGuide.service.TourGuideService       : Track Location for user internalUser759
2022-10-03 09:59:06.635  INFO 38196 --- [    Test worker] tourGuide.service.TourGuideService       : Track Location for user internalUser514
2022-10-03 09:59:06.635  INFO 38196 --- [    Test worker] tourGuide.service.TourGuideService       : Track Location for user internalUser756
2022-10-03 09:59:06.635  INFO 38196 --- [    Test worker] tourGuide.service.TourGuideService       : Track Location for user internalUser998
2022-10-03 09:59:06.635  INFO 38196 --- [    Test worker] tourGuide.service.TourGuideService       : Track Location for user internalUser515
2022-10-03 09:59:06.635  INFO 38196 --- [    Test worker] tourGuide.service.TourGuideService       : Track Location for user internalUser757
2022-10-03 09:59:06.637  INFO 38196 --- [    Test worker] tourGuide.service.TourGuideService       : Track Location for user internalUser999
2022-10-03 09:59:06.638  INFO 38196 --- [    Test worker] tourGuide.service.TourGuideService       : Track Location for user internalUser920
2022-10-03 09:59:06.638  INFO 38196 --- [    Test worker] tourGuide.service.TourGuideService       : Track Location for user internalUser927
2022-10-03 09:59:06.638  INFO 38196 --- [    Test worker] tourGuide.service.TourGuideService       : Track Location for user internalUser928
2022-10-03 09:59:06.638  INFO 38196 --- [    Test worker] tourGuide.service.TourGuideService       : Track Location for user internalUser925
2022-10-03 09:59:06.638  INFO 38196 --- [    Test worker] tourGuide.service.TourGuideService       : Track Location for user internalUser926
2022-10-03 09:59:06.639  INFO 38196 --- [    Test worker] tourGuide.service.TourGuideService       : Track Location for user internalUser923
2022-10-03 09:59:06.639  INFO 38196 --- [    Test worker] tourGuide.service.TourGuideService       : Track Location for user internalUser924
2022-10-03 09:59:06.639  INFO 38196 --- [    Test worker] tourGuide.service.TourGuideService       : Track Location for user internalUser921
2022-10-03 09:59:06.639  INFO 38196 --- [    Test worker] tourGuide.service.TourGuideService       : Track Location for user internalUser922
2022-10-03 09:59:06.640  INFO 38196 --- [    Test worker] tourGuide.service.TourGuideService       : Track Location for user internalUser929
2022-10-03 09:59:06.640  INFO 38196 --- [    Test worker] tourGuide.service.TourGuideService       : Track Location for user internalUser930
2022-10-03 09:59:06.640  INFO 38196 --- [    Test worker] tourGuide.service.TourGuideService       : Track Location for user internalUser931
2022-10-03 09:59:06.640  INFO 38196 --- [    Test worker] tourGuide.service.TourGuideService       : Track Location for user internalUser938
2022-10-03 09:59:06.641  INFO 38196 --- [    Test worker] tourGuide.service.TourGuideService       : Track Location for user internalUser939
2022-10-03 09:59:06.641  INFO 38196 --- [    Test worker] tourGuide.service.TourGuideService       : Track Location for user internalUser936
2022-10-03 09:59:06.641  INFO 38196 --- [    Test worker] tourGuide.service.TourGuideService       : Track Location for user internalUser937
2022-10-03 09:59:06.641  INFO 38196 --- [    Test worker] tourGuide.service.TourGuideService       : Track Location for user internalUser934
2022-10-03 09:59:06.642  INFO 38196 --- [    Test worker] tourGuide.service.TourGuideService       : Track Location for user internalUser935
2022-10-03 09:59:06.642  INFO 38196 --- [    Test worker] tourGuide.service.TourGuideService       : Track Location for user internalUser932
2022-10-03 09:59:06.642  INFO 38196 --- [    Test worker] tourGuide.service.TourGuideService       : Track Location for user internalUser933
2022-10-03 09:59:06.642  INFO 38196 --- [    Test worker] tourGuide.service.TourGuideService       : Track Location for user internalUser941
2022-10-03 09:59:06.642  INFO 38196 --- [    Test worker] tourGuide.service.TourGuideService       : Track Location for user internalUser700
2022-10-03 09:59:06.642  INFO 38196 --- [    Test worker] tourGuide.service.TourGuideService       : Track Location for user internalUser942
2022-10-03 09:59:06.643  INFO 38196 --- [    Test worker] tourGuide.service.TourGuideService       : Track Location for user internalUser940
2022-10-03 09:59:06.643  INFO 38196 --- [    Test worker] tourGuide.service.TourGuideService       : Track Location for user internalUser707
2022-10-03 09:59:06.643  INFO 38196 --- [    Test worker] tourGuide.service.TourGuideService       : Track Location for user internalUser949
2022-10-03 09:59:06.643  INFO 38196 --- [    Test worker] tourGuide.service.TourGuideService       : Track Location for user internalUser708
2022-10-03 09:59:06.643  INFO 38196 --- [    Test worker] tourGuide.service.TourGuideService       : Track Location for user internalUser705
2022-10-03 09:59:06.643  INFO 38196 --- [    Test worker] tourGuide.service.TourGuideService       : Track Location for user internalUser947
2022-10-03 09:59:06.643  INFO 38196 --- [    Test worker] tourGuide.service.TourGuideService       : Track Location for user internalUser706
2022-10-03 09:59:06.643  INFO 38196 --- [    Test worker] tourGuide.service.TourGuideService       : Track Location for user internalUser948
2022-10-03 09:59:06.644  INFO 38196 --- [    Test worker] tourGuide.service.TourGuideService       : Track Location for user internalUser703
2022-10-03 09:59:06.644  INFO 38196 --- [    Test worker] tourGuide.service.TourGuideService       : Track Location for user internalUser945
2022-10-03 09:59:06.644  INFO 38196 --- [    Test worker] tourGuide.service.TourGuideService       : Track Location for user internalUser704
2022-10-03 09:59:06.644  INFO 38196 --- [    Test worker] tourGuide.service.TourGuideService       : Track Location for user internalUser946
2022-10-03 09:59:06.644  INFO 38196 --- [    Test worker] tourGuide.service.TourGuideService       : Track Location for user internalUser701
2022-10-03 09:59:06.644  INFO 38196 --- [    Test worker] tourGuide.service.TourGuideService       : Track Location for user internalUser943
2022-10-03 09:59:06.645  INFO 38196 --- [    Test worker] tourGuide.service.TourGuideService       : Track Location for user internalUser702
2022-10-03 09:59:06.645  INFO 38196 --- [    Test worker] tourGuide.service.TourGuideService       : Track Location for user internalUser944
2022-10-03 09:59:06.645  INFO 38196 --- [    Test worker] tourGuide.service.TourGuideService       : Track Location for user internalUser709
2022-10-03 09:59:06.645  INFO 38196 --- [    Test worker] tourGuide.service.TourGuideService       : Track Location for user internalUser710
2022-10-03 09:59:06.645  INFO 38196 --- [    Test worker] tourGuide.service.TourGuideService       : Track Location for user internalUser952
2022-10-03 09:59:06.645  INFO 38196 --- [    Test worker] tourGuide.service.TourGuideService       : Track Location for user internalUser711
2022-10-03 09:59:06.645  INFO 38196 --- [    Test worker] tourGuide.service.TourGuideService       : Track Location for user internalUser953
2022-10-03 09:59:06.646  INFO 38196 --- [    Test worker] tourGuide.service.TourGuideService       : Track Location for user internalUser950
2022-10-03 09:59:06.646  INFO 38196 --- [    Test worker] tourGuide.service.TourGuideService       : Track Location for user internalUser951
2022-10-03 09:59:06.646  INFO 38196 --- [    Test worker] tourGuide.service.TourGuideService       : Track Location for user internalUser718
2022-10-03 09:59:06.646  INFO 38196 --- [    Test worker] tourGuide.service.TourGuideService       : Track Location for user internalUser719
2022-10-03 09:59:06.646  INFO 38196 --- [    Test worker] tourGuide.service.TourGuideService       : Track Location for user internalUser716
2022-10-03 09:59:06.646  INFO 38196 --- [    Test worker] tourGuide.service.TourGuideService       : Track Location for user internalUser958
2022-10-03 09:59:06.647  INFO 38196 --- [    Test worker] tourGuide.service.TourGuideService       : Track Location for user internalUser717
2022-10-03 09:59:06.647  INFO 38196 --- [    Test worker] tourGuide.service.TourGuideService       : Track Location for user internalUser959
2022-10-03 09:59:06.647  INFO 38196 --- [    Test worker] tourGuide.service.TourGuideService       : Track Location for user internalUser714
2022-10-03 09:59:06.647  INFO 38196 --- [    Test worker] tourGuide.service.TourGuideService       : Track Location for user internalUser956
2022-10-03 09:59:06.647  INFO 38196 --- [    Test worker] tourGuide.service.TourGuideService       : Track Location for user internalUser715
2022-10-03 09:59:06.647  INFO 38196 --- [    Test worker] tourGuide.service.TourGuideService       : Track Location for user internalUser957
2022-10-03 09:59:06.648  INFO 38196 --- [    Test worker] tourGuide.service.TourGuideService       : Track Location for user internalUser712
2022-10-03 09:59:06.648  INFO 38196 --- [    Test worker] tourGuide.service.TourGuideService       : Track Location for user internalUser954
2022-10-03 09:59:06.648  INFO 38196 --- [    Test worker] tourGuide.service.TourGuideService       : Track Location for user internalUser713
2022-10-03 09:59:06.648  INFO 38196 --- [    Test worker] tourGuide.service.TourGuideService       : Track Location for user internalUser955
2022-10-03 09:59:06.648  INFO 38196 --- [    Test worker] tourGuide.service.TourGuideService       : Track Location for user internalUser905
2022-10-03 09:59:06.648  INFO 38196 --- [    Test worker] tourGuide.service.TourGuideService       : Track Location for user internalUser906
2022-10-03 09:59:06.649  INFO 38196 --- [    Test worker] tourGuide.service.TourGuideService       : Track Location for user internalUser903
2022-10-03 09:59:06.649  INFO 38196 --- [    Test worker] tourGuide.service.TourGuideService       : Track Location for user internalUser904
2022-10-03 09:59:06.649  INFO 38196 --- [    Test worker] tourGuide.service.TourGuideService       : Track Location for user internalUser901
2022-10-03 09:59:06.649  INFO 38196 --- [    Test worker] tourGuide.service.TourGuideService       : Track Location for user internalUser902
2022-10-03 09:59:06.649  INFO 38196 --- [    Test worker] tourGuide.service.TourGuideService       : Track Location for user internalUser900
2022-10-03 09:59:06.649  INFO 38196 --- [    Test worker] tourGuide.service.TourGuideService       : Track Location for user internalUser909
2022-10-03 09:59:06.650  INFO 38196 --- [    Test worker] tourGuide.service.TourGuideService       : Track Location for user internalUser907
2022-10-03 09:59:06.650  INFO 38196 --- [    Test worker] tourGuide.service.TourGuideService       : Track Location for user internalUser908
2022-10-03 09:59:06.650  INFO 38196 --- [    Test worker] tourGuide.service.TourGuideService       : Track Location for user internalUser916
2022-10-03 09:59:06.650  INFO 38196 --- [    Test worker] tourGuide.service.TourGuideService       : Track Location for user internalUser917
2022-10-03 09:59:06.650  INFO 38196 --- [    Test worker] tourGuide.service.TourGuideService       : Track Location for user internalUser914
2022-10-03 09:59:06.650  INFO 38196 --- [    Test worker] tourGuide.service.TourGuideService       : Track Location for user internalUser915
2022-10-03 09:59:06.652  INFO 38196 --- [    Test worker] tourGuide.service.TourGuideService       : Track Location for user internalUser912
2022-10-03 09:59:06.652  INFO 38196 --- [    Test worker] tourGuide.service.TourGuideService       : Track Location for user internalUser913
2022-10-03 09:59:06.652  INFO 38196 --- [    Test worker] tourGuide.service.TourGuideService       : Track Location for user internalUser910
2022-10-03 09:59:06.653  INFO 38196 --- [    Test worker] tourGuide.service.TourGuideService       : Track Location for user internalUser911
2022-10-03 09:59:06.653  INFO 38196 --- [    Test worker] tourGuide.service.TourGuideService       : Track Location for user internalUser918
2022-10-03 09:59:06.653  INFO 38196 --- [    Test worker] tourGuide.service.TourGuideService       : Track Location for user internalUser919
highVolumeTrackLocation: Time Elapsed: 1 seconds.
2022-10-03 09:59:07.938  INFO 38196 --- [    Test worker] tourGuide.service.TourGuideService       : TestMode enabled
2022-10-03 09:59:07.938 DEBUG 38196 --- [    Test worker] tourGuide.service.TourGuideService       : Initializing users
2022-10-03 09:59:08.003 DEBUG 38196 --- [    Test worker] tourGuide.service.TourGuideService       : Created 1000 internal test users.
2022-10-03 09:59:08.003 DEBUG 38196 --- [    Test worker] tourGuide.service.TourGuideService       : Finished initializing users
2022-10-03 09:59:08.003 DEBUG 38196 --- [ool-10-thread-1] tourGuide.tracker.Tracker                : Begin Tracker. Tracking 1000 users.
2022-10-03 09:59:08.004  INFO 38196 --- [ool-10-thread-1] tourGuide.service.TourGuideService       : Track Location for user internalUser163
2022-10-03 09:59:08.004  INFO 38196 --- [ool-10-thread-1] tourGuide.service.TourGuideService       : Track Location for user internalUser164
2022-10-03 09:59:08.004  INFO 38196 --- [ool-10-thread-1] tourGuide.service.TourGuideService       : Track Location for user internalUser161
2022-10-03 09:59:08.004  INFO 38196 --- [ool-10-thread-1] tourGuide.service.TourGuideService       : Track Location for user internalUser162
2022-10-03 09:59:08.005  INFO 38196 --- [ool-10-thread-1] tourGuide.service.TourGuideService       : Track Location for user internalUser160
2022-10-03 09:59:08.005  INFO 38196 --- [ool-10-thread-1] tourGuide.service.TourGuideService       : Track Location for user internalUser169
2022-10-03 09:59:08.006  INFO 38196 --- [ool-10-thread-1] tourGuide.service.TourGuideService       : Track Location for user internalUser167
2022-10-03 09:59:08.006  INFO 38196 --- [ool-10-thread-1] tourGuide.service.TourGuideService       : Track Location for user internalUser168
2022-10-03 09:59:08.007  INFO 38196 --- [ool-10-thread-1] tourGuide.service.TourGuideService       : Track Location for user internalUser165
2022-10-03 09:59:08.008  INFO 38196 --- [ool-10-thread-1] tourGuide.service.TourGuideService       : Track Location for user internalUser166
2022-10-03 09:59:08.008  INFO 38196 --- [ool-10-thread-1] tourGuide.service.TourGuideService       : Track Location for user internalUser174
2022-10-03 09:59:08.008  INFO 38196 --- [ool-10-thread-1] tourGuide.service.TourGuideService       : Track Location for user internalUser175
2022-10-03 09:59:08.008  INFO 38196 --- [ool-10-thread-1] tourGuide.service.TourGuideService       : Track Location for user internalUser172
2022-10-03 09:59:08.009  INFO 38196 --- [ool-10-thread-1] tourGuide.service.TourGuideService       : Track Location for user internalUser173
2022-10-03 09:59:08.009  INFO 38196 --- [ool-10-thread-1] tourGuide.service.TourGuideService       : Track Location for user internalUser170
2022-10-03 09:59:08.009  INFO 38196 --- [ool-10-thread-1] tourGuide.service.TourGuideService       : Track Location for user internalUser171
2022-10-03 09:59:08.010  INFO 38196 --- [ool-10-thread-1] tourGuide.service.TourGuideService       : Track Location for user internalUser178
2022-10-03 09:59:08.010  INFO 38196 --- [ool-10-thread-1] tourGuide.service.TourGuideService       : Track Location for user internalUser179
2022-10-03 09:59:08.010  INFO 38196 --- [ool-10-thread-1] tourGuide.service.TourGuideService       : Track Location for user internalUser176
2022-10-03 09:59:08.010  INFO 38196 --- [ool-10-thread-1] tourGuide.service.TourGuideService       : Track Location for user internalUser177
2022-10-03 09:59:08.011  INFO 38196 --- [ool-10-thread-1] tourGuide.service.TourGuideService       : Track Location for user internalUser185
2022-10-03 09:59:08.011  INFO 38196 --- [ool-10-thread-1] tourGuide.service.TourGuideService       : Track Location for user internalUser186
2022-10-03 09:59:08.011  INFO 38196 --- [ool-10-thread-1] tourGuide.service.TourGuideService       : Track Location for user internalUser183
2022-10-03 09:59:08.011  INFO 38196 --- [ool-10-thread-1] tourGuide.service.TourGuideService       : Track Location for user internalUser184
2022-10-03 09:59:08.011  INFO 38196 --- [ool-10-thread-1] tourGuide.service.TourGuideService       : Track Location for user internalUser181
2022-10-03 09:59:08.012  INFO 38196 --- [ool-10-thread-1] tourGuide.service.TourGuideService       : Track Location for user internalUser182
2022-10-03 09:59:08.012  INFO 38196 --- [ool-10-thread-1] tourGuide.service.TourGuideService       : Track Location for user internalUser180
2022-10-03 09:59:08.012  INFO 38196 --- [ool-10-thread-1] tourGuide.service.TourGuideService       : Track Location for user internalUser189
2022-10-03 09:59:08.012  INFO 38196 --- [ool-10-thread-1] tourGuide.service.TourGuideService       : Track Location for user internalUser187
2022-10-03 09:59:08.012  INFO 38196 --- [ool-10-thread-1] tourGuide.service.TourGuideService       : Track Location for user internalUser188
2022-10-03 09:59:08.012  INFO 38196 --- [ool-10-thread-1] tourGuide.service.TourGuideService       : Track Location for user internalUser196
2022-10-03 09:59:08.013  INFO 38196 --- [ool-10-thread-1] tourGuide.service.TourGuideService       : Track Location for user internalUser197
2022-10-03 09:59:08.013  INFO 38196 --- [ool-10-thread-1] tourGuide.service.TourGuideService       : Track Location for user internalUser194
2022-10-03 09:59:08.013  INFO 38196 --- [ool-10-thread-1] tourGuide.service.TourGuideService       : Track Location for user internalUser195
2022-10-03 09:59:08.013  INFO 38196 --- [ool-10-thread-1] tourGuide.service.TourGuideService       : Track Location for user internalUser192
2022-10-03 09:59:08.013  INFO 38196 --- [ool-10-thread-1] tourGuide.service.TourGuideService       : Track Location for user internalUser193
2022-10-03 09:59:08.014  INFO 38196 --- [ool-10-thread-1] tourGuide.service.TourGuideService       : Track Location for user internalUser190
2022-10-03 09:59:08.014  INFO 38196 --- [ool-10-thread-1] tourGuide.service.TourGuideService       : Track Location for user internalUser191
2022-10-03 09:59:08.014  INFO 38196 --- [ool-10-thread-1] tourGuide.service.TourGuideService       : Track Location for user internalUser198
2022-10-03 09:59:08.014  INFO 38196 --- [ool-10-thread-1] tourGuide.service.TourGuideService       : Track Location for user internalUser199
2022-10-03 09:59:08.014  INFO 38196 --- [ool-10-thread-1] tourGuide.service.TourGuideService       : Track Location for user internalUser361
2022-10-03 09:59:08.014  INFO 38196 --- [ool-10-thread-1] tourGuide.service.TourGuideService       : Track Location for user internalUser120
2022-10-03 09:59:08.015  INFO 38196 --- [ool-10-thread-1] tourGuide.service.TourGuideService       : Track Location for user internalUser362
2022-10-03 09:59:08.015  INFO 38196 --- [ool-10-thread-1] tourGuide.service.TourGuideService       : Track Location for user internalUser360
2022-10-03 09:59:08.015  INFO 38196 --- [ool-10-thread-1] tourGuide.service.TourGuideService       : Track Location for user internalUser127
2022-10-03 09:59:08.016  INFO 38196 --- [ool-10-thread-1] tourGuide.service.TourGuideService       : Track Location for user internalUser369
2022-10-03 09:59:08.016  INFO 38196 --- [ool-10-thread-1] tourGuide.service.TourGuideService       : Track Location for user internalUser128
2022-10-03 09:59:08.016  INFO 38196 --- [ool-10-thread-1] tourGuide.service.TourGuideService       : Track Location for user internalUser125
2022-10-03 09:59:08.016  INFO 38196 --- [ool-10-thread-1] tourGuide.service.TourGuideService       : Track Location for user internalUser367
2022-10-03 09:59:08.016  INFO 38196 --- [ool-10-thread-1] tourGuide.service.TourGuideService       : Track Location for user internalUser126
2022-10-03 09:59:08.017  INFO 38196 --- [ool-10-thread-1] tourGuide.service.TourGuideService       : Track Location for user internalUser368
2022-10-03 09:59:08.017  INFO 38196 --- [ool-10-thread-1] tourGuide.service.TourGuideService       : Track Location for user internalUser123
2022-10-03 09:59:08.017  INFO 38196 --- [ool-10-thread-1] tourGuide.service.TourGuideService       : Track Location for user internalUser365
2022-10-03 09:59:08.017  INFO 38196 --- [ool-10-thread-1] tourGuide.service.TourGuideService       : Track Location for user internalUser124
2022-10-03 09:59:08.017  INFO 38196 --- [ool-10-thread-1] tourGuide.service.TourGuideService       : Track Location for user internalUser366
2022-10-03 09:59:08.018  INFO 38196 --- [ool-10-thread-1] tourGuide.service.TourGuideService       : Track Location for user internalUser121
2022-10-03 09:59:08.018  INFO 38196 --- [ool-10-thread-1] tourGuide.service.TourGuideService       : Track Location for user internalUser363
2022-10-03 09:59:08.018  INFO 38196 --- [ool-10-thread-1] tourGuide.service.TourGuideService       : Track Location for user internalUser122
2022-10-03 09:59:08.018  INFO 38196 --- [ool-10-thread-1] tourGuide.service.TourGuideService       : Track Location for user internalUser364
2022-10-03 09:59:08.018  INFO 38196 --- [ool-10-thread-1] tourGuide.service.TourGuideService       : Track Location for user internalUser129
2022-10-03 09:59:08.018  INFO 38196 --- [ool-10-thread-1] tourGuide.service.TourGuideService       : Track Location for user internalUser130
2022-10-03 09:59:08.019  INFO 38196 --- [ool-10-thread-1] tourGuide.service.TourGuideService       : Track Location for user internalUser372
2022-10-03 09:59:08.019  INFO 38196 --- [ool-10-thread-1] tourGuide.service.TourGuideService       : Track Location for user internalUser131
2022-10-03 09:59:08.019  INFO 38196 --- [ool-10-thread-1] tourGuide.service.TourGuideService       : Track Location for user internalUser373
2022-10-03 09:59:08.019  INFO 38196 --- [ool-10-thread-1] tourGuide.service.TourGuideService       : Track Location for user internalUser370
2022-10-03 09:59:08.019  INFO 38196 --- [ool-10-thread-1] tourGuide.service.TourGuideService       : Track Location for user internalUser371
2022-10-03 09:59:08.019  INFO 38196 --- [ool-10-thread-1] tourGuide.service.TourGuideService       : Track Location for user internalUser138
2022-10-03 09:59:08.019  INFO 38196 --- [ool-10-thread-1] tourGuide.service.TourGuideService       : Track Location for user internalUser139
2022-10-03 09:59:08.020  INFO 38196 --- [ool-10-thread-1] tourGuide.service.TourGuideService       : Track Location for user internalUser136
2022-10-03 09:59:08.020  INFO 38196 --- [ool-10-thread-1] tourGuide.service.TourGuideService       : Track Location for user internalUser378
2022-10-03 09:59:08.020  INFO 38196 --- [ool-10-thread-1] tourGuide.service.TourGuideService       : Track Location for user internalUser137
2022-10-03 09:59:08.020  INFO 38196 --- [ool-10-thread-1] tourGuide.service.TourGuideService       : Track Location for user internalUser379
2022-10-03 09:59:08.020  INFO 38196 --- [ool-10-thread-1] tourGuide.service.TourGuideService       : Track Location for user internalUser134
2022-10-03 09:59:08.020  INFO 38196 --- [ool-10-thread-1] tourGuide.service.TourGuideService       : Track Location for user internalUser376
2022-10-03 09:59:08.021  INFO 38196 --- [ool-10-thread-1] tourGuide.service.TourGuideService       : Track Location for user internalUser135
2022-10-03 09:59:08.021  INFO 38196 --- [ool-10-thread-1] tourGuide.service.TourGuideService       : Track Location for user internalUser377
2022-10-03 09:59:08.022  INFO 38196 --- [ool-10-thread-1] tourGuide.service.TourGuideService       : Track Location for user internalUser132
2022-10-03 09:59:08.022  INFO 38196 --- [ool-10-thread-1] tourGuide.service.TourGuideService       : Track Location for user internalUser374
2022-10-03 09:59:08.022  INFO 38196 --- [ool-10-thread-1] tourGuide.service.TourGuideService       : Track Location for user internalUser133
2022-10-03 09:59:08.022  INFO 38196 --- [ool-10-thread-1] tourGuide.service.TourGuideService       : Track Location for user internalUser375
2022-10-03 09:59:08.023  INFO 38196 --- [ool-10-thread-1] tourGuide.service.TourGuideService       : Track Location for user internalUser141
2022-10-03 09:59:08.023  INFO 38196 --- [ool-10-thread-1] tourGuide.service.TourGuideService       : Track Location for user internalUser383
2022-10-03 09:59:08.024  INFO 38196 --- [ool-10-thread-1] tourGuide.service.TourGuideService       : Track Location for user internalUser142
2022-10-03 09:59:08.024  INFO 38196 --- [ool-10-thread-1] tourGuide.service.TourGuideService       : Track Location for user internalUser384
2022-10-03 09:59:08.025  INFO 38196 --- [ool-10-thread-1] tourGuide.service.TourGuideService       : Track Location for user internalUser381
2022-10-03 09:59:08.025  INFO 38196 --- [ool-10-thread-1] tourGuide.service.TourGuideService       : Track Location for user internalUser140
2022-10-03 09:59:08.025  INFO 38196 --- [ool-10-thread-1] tourGuide.service.TourGuideService       : Track Location for user internalUser382
2022-10-03 09:59:08.026  INFO 38196 --- [ool-10-thread-1] tourGuide.service.TourGuideService       : Track Location for user internalUser380
2022-10-03 09:59:08.026  INFO 38196 --- [ool-10-thread-1] tourGuide.service.TourGuideService       : Track Location for user internalUser149
2022-10-03 09:59:08.026  INFO 38196 --- [ool-10-thread-1] tourGuide.service.TourGuideService       : Track Location for user internalUser147
2022-10-03 09:59:08.027  INFO 38196 --- [ool-10-thread-1] tourGuide.service.TourGuideService       : Track Location for user internalUser389
2022-10-03 09:59:08.027  INFO 38196 --- [ool-10-thread-1] tourGuide.service.TourGuideService       : Track Location for user internalUser148
2022-10-03 09:59:08.027  INFO 38196 --- [ool-10-thread-1] tourGuide.service.TourGuideService       : Track Location for user internalUser145
2022-10-03 09:59:08.027  INFO 38196 --- [ool-10-thread-1] tourGuide.service.TourGuideService       : Track Location for user internalUser387
2022-10-03 09:59:08.027  INFO 38196 --- [ool-10-thread-1] tourGuide.service.TourGuideService       : Track Location for user internalUser146
2022-10-03 09:59:08.028  INFO 38196 --- [ool-10-thread-1] tourGuide.service.TourGuideService       : Track Location for user internalUser388
2022-10-03 09:59:08.028  INFO 38196 --- [ool-10-thread-1] tourGuide.service.TourGuideService       : Track Location for user internalUser143
2022-10-03 09:59:08.028  INFO 38196 --- [ool-10-thread-1] tourGuide.service.TourGuideService       : Track Location for user internalUser385
2022-10-03 09:59:08.029  INFO 38196 --- [ool-10-thread-1] tourGuide.service.TourGuideService       : Track Location for user internalUser144
2022-10-03 09:59:08.029  INFO 38196 --- [ool-10-thread-1] tourGuide.service.TourGuideService       : Track Location for user internalUser386
2022-10-03 09:59:08.029  INFO 38196 --- [ool-10-thread-1] tourGuide.service.TourGuideService       : Track Location for user internalUser152
2022-10-03 09:59:08.029  INFO 38196 --- [ool-10-thread-1] tourGuide.service.TourGuideService       : Track Location for user internalUser394
2022-10-03 09:59:08.029  INFO 38196 --- [ool-10-thread-1] tourGuide.service.TourGuideService       : Track Location for user internalUser153
2022-10-03 09:59:08.030  INFO 38196 --- [ool-10-thread-1] tourGuide.service.TourGuideService       : Track Location for user internalUser395
2022-10-03 09:59:08.030  INFO 38196 --- [ool-10-thread-1] tourGuide.service.TourGuideService       : Track Location for user internalUser150
2022-10-03 09:59:08.030  INFO 38196 --- [ool-10-thread-1] tourGuide.service.TourGuideService       : Track Location for user internalUser392
2022-10-03 09:59:08.030  INFO 38196 --- [ool-10-thread-1] tourGuide.service.TourGuideService       : Track Location for user internalUser151
2022-10-03 09:59:08.030  INFO 38196 --- [ool-10-thread-1] tourGuide.service.TourGuideService       : Track Location for user internalUser393
2022-10-03 09:59:08.031  INFO 38196 --- [ool-10-thread-1] tourGuide.service.TourGuideService       : Track Location for user internalUser390
2022-10-03 09:59:08.056  INFO 38196 --- [ool-10-thread-1] tourGuide.service.TourGuideService       : Track Location for user internalUser391
2022-10-03 09:59:08.056  INFO 38196 --- [ool-10-thread-1] tourGuide.service.TourGuideService       : Track Location for user internalUser158
2022-10-03 09:59:08.056  INFO 38196 --- [ool-10-thread-1] tourGuide.service.TourGuideService       : Track Location for user internalUser159
2022-10-03 09:59:08.056  INFO 38196 --- [ool-10-thread-1] tourGuide.service.TourGuideService       : Track Location for user internalUser156
2022-10-03 09:59:08.057  INFO 38196 --- [ool-10-thread-1] tourGuide.service.TourGuideService       : Track Location for user internalUser398
2022-10-03 09:59:08.057  INFO 38196 --- [ool-10-thread-1] tourGuide.service.TourGuideService       : Track Location for user internalUser157
2022-10-03 09:59:08.057  INFO 38196 --- [ool-10-thread-1] tourGuide.service.TourGuideService       : Track Location for user internalUser399
2022-10-03 09:59:08.057  INFO 38196 --- [ool-10-thread-1] tourGuide.service.TourGuideService       : Track Location for user internalUser154
2022-10-03 09:59:08.058  INFO 38196 --- [ool-10-thread-1] tourGuide.service.TourGuideService       : Track Location for user internalUser396
2022-10-03 09:59:08.058  INFO 38196 --- [ool-10-thread-1] tourGuide.service.TourGuideService       : Track Location for user internalUser155
2022-10-03 09:59:08.058  INFO 38196 --- [ool-10-thread-1] tourGuide.service.TourGuideService       : Track Location for user internalUser397
2022-10-03 09:59:08.058  INFO 38196 --- [ool-10-thread-1] tourGuide.service.TourGuideService       : Track Location for user internalUser560
2022-10-03 09:59:08.059  INFO 38196 --- [ool-10-thread-1] tourGuide.service.TourGuideService       : Track Location for user internalUser325
2022-10-03 09:59:08.059  INFO 38196 --- [ool-10-thread-1] tourGuide.service.TourGuideService       : Track Location for user internalUser567
2022-10-03 09:59:08.059  INFO 38196 --- [ool-10-thread-1] tourGuide.service.TourGuideService       : Track Location for user internalUser326
2022-10-03 09:59:08.059  INFO 38196 --- [ool-10-thread-1] tourGuide.service.TourGuideService       : Track Location for user internalUser568
2022-10-03 09:59:08.060  INFO 38196 --- [ool-10-thread-1] tourGuide.service.TourGuideService       : Track Location for user internalUser323
2022-10-03 09:59:08.060  INFO 38196 --- [ool-10-thread-1] tourGuide.service.TourGuideService       : Track Location for user internalUser565
2022-10-03 09:59:08.060  INFO 38196 --- [ool-10-thread-1] tourGuide.service.TourGuideService       : Track Location for user internalUser324
2022-10-03 09:59:08.060  INFO 38196 --- [ool-10-thread-1] tourGuide.service.TourGuideService       : Track Location for user internalUser566
2022-10-03 09:59:08.060  INFO 38196 --- [ool-10-thread-1] tourGuide.service.TourGuideService       : Track Location for user internalUser321
2022-10-03 09:59:08.060  INFO 38196 --- [ool-10-thread-1] tourGuide.service.TourGuideService       : Track Location for user internalUser563
2022-10-03 09:59:08.062  INFO 38196 --- [ool-10-thread-1] tourGuide.service.TourGuideService       : Track Location for user internalUser322
2022-10-03 09:59:08.062  INFO 38196 --- [ool-10-thread-1] tourGuide.service.TourGuideService       : Track Location for user internalUser564
2022-10-03 09:59:08.062  INFO 38196 --- [ool-10-thread-1] tourGuide.service.TourGuideService       : Track Location for user internalUser561
2022-10-03 09:59:08.062  INFO 38196 --- [ool-10-thread-1] tourGuide.service.TourGuideService       : Track Location for user internalUser320
2022-10-03 09:59:08.063  INFO 38196 --- [ool-10-thread-1] tourGuide.service.TourGuideService       : Track Location for user internalUser562
2022-10-03 09:59:08.063  INFO 38196 --- [ool-10-thread-1] tourGuide.service.TourGuideService       : Track Location for user internalUser329
2022-10-03 09:59:08.063  INFO 38196 --- [ool-10-thread-1] tourGuide.service.TourGuideService       : Track Location for user internalUser327
2022-10-03 09:59:08.064  INFO 38196 --- [ool-10-thread-1] tourGuide.service.TourGuideService       : Track Location for user internalUser569
2022-10-03 09:59:08.064  INFO 38196 --- [ool-10-thread-1] tourGuide.service.TourGuideService       : Track Location for user internalUser328
2022-10-03 09:59:08.064  INFO 38196 --- [ool-10-thread-1] tourGuide.service.TourGuideService       : Track Location for user internalUser570
2022-10-03 09:59:08.065  INFO 38196 --- [ool-10-thread-1] tourGuide.service.TourGuideService       : Track Location for user internalUser571
2022-10-03 09:59:08.065  INFO 38196 --- [ool-10-thread-1] tourGuide.service.TourGuideService       : Track Location for user internalUser336
2022-10-03 09:59:08.065  INFO 38196 --- [ool-10-thread-1] tourGuide.service.TourGuideService       : Track Location for user internalUser578
2022-10-03 09:59:08.065  INFO 38196 --- [ool-10-thread-1] tourGuide.service.TourGuideService       : Track Location for user internalUser337
2022-10-03 09:59:08.065  INFO 38196 --- [ool-10-thread-1] tourGuide.service.TourGuideService       : Track Location for user internalUser579
2022-10-03 09:59:08.065  INFO 38196 --- [ool-10-thread-1] tourGuide.service.TourGuideService       : Track Location for user internalUser334
2022-10-03 09:59:08.065  INFO 38196 --- [ool-10-thread-1] tourGuide.service.TourGuideService       : Track Location for user internalUser576
2022-10-03 09:59:08.066  INFO 38196 --- [ool-10-thread-1] tourGuide.service.TourGuideService       : Track Location for user internalUser335
2022-10-03 09:59:08.066  INFO 38196 --- [ool-10-thread-1] tourGuide.service.TourGuideService       : Track Location for user internalUser577
2022-10-03 09:59:08.066  INFO 38196 --- [ool-10-thread-1] tourGuide.service.TourGuideService       : Track Location for user internalUser332
2022-10-03 09:59:08.066  INFO 38196 --- [ool-10-thread-1] tourGuide.service.TourGuideService       : Track Location for user internalUser574
2022-10-03 09:59:08.066  INFO 38196 --- [ool-10-thread-1] tourGuide.service.TourGuideService       : Track Location for user internalUser333
2022-10-03 09:59:08.067  INFO 38196 --- [ool-10-thread-1] tourGuide.service.TourGuideService       : Track Location for user internalUser575
2022-10-03 09:59:08.067  INFO 38196 --- [ool-10-thread-1] tourGuide.service.TourGuideService       : Track Location for user internalUser330
2022-10-03 09:59:08.067  INFO 38196 --- [ool-10-thread-1] tourGuide.service.TourGuideService       : Track Location for user internalUser572
2022-10-03 09:59:08.067  INFO 38196 --- [ool-10-thread-1] tourGuide.service.TourGuideService       : Track Location for user internalUser331
2022-10-03 09:59:08.067  INFO 38196 --- [ool-10-thread-1] tourGuide.service.TourGuideService       : Track Location for user internalUser573
2022-10-03 09:59:08.067  INFO 38196 --- [ool-10-thread-1] tourGuide.service.TourGuideService       : Track Location for user internalUser338
2022-10-03 09:59:08.067  INFO 38196 --- [ool-10-thread-1] tourGuide.service.TourGuideService       : Track Location for user internalUser339
2022-10-03 09:59:08.069  INFO 38196 --- [ool-10-thread-1] tourGuide.service.TourGuideService       : Track Location for user internalUser581
2022-10-03 09:59:08.069  INFO 38196 --- [ool-10-thread-1] tourGuide.service.TourGuideService       : Track Location for user internalUser340
2022-10-03 09:59:08.069  INFO 38196 --- [ool-10-thread-1] tourGuide.service.TourGuideService       : Track Location for user internalUser582
2022-10-03 09:59:08.070  INFO 38196 --- [ool-10-thread-1] tourGuide.service.TourGuideService       : Track Location for user internalUser9
2022-10-03 09:59:08.070  INFO 38196 --- [ool-10-thread-1] tourGuide.service.TourGuideService       : Track Location for user internalUser8
2022-10-03 09:59:08.070  INFO 38196 --- [ool-10-thread-1] tourGuide.service.TourGuideService       : Track Location for user internalUser580
2022-10-03 09:59:08.070  INFO 38196 --- [ool-10-thread-1] tourGuide.service.TourGuideService       : Track Location for user internalUser105
2022-10-03 09:59:08.070  INFO 38196 --- [ool-10-thread-1] tourGuide.service.TourGuideService       : Track Location for user internalUser347
2022-10-03 09:59:08.071  INFO 38196 --- [ool-10-thread-1] tourGuide.service.TourGuideService       : Track Location for user internalUser589
2022-10-03 09:59:08.071  INFO 38196 --- [ool-10-thread-1] tourGuide.service.TourGuideService       : Track Location for user internalUser106
2022-10-03 09:59:08.071  INFO 38196 --- [ool-10-thread-1] tourGuide.service.TourGuideService       : Track Location for user internalUser348
2022-10-03 09:59:08.072  INFO 38196 --- [ool-10-thread-1] tourGuide.service.TourGuideService       : Track Location for user internalUser103
2022-10-03 09:59:08.072  INFO 38196 --- [ool-10-thread-1] tourGuide.service.TourGuideService       : Track Location for user internalUser345
2022-10-03 09:59:08.072  INFO 38196 --- [ool-10-thread-1] tourGuide.service.TourGuideService       : Track Location for user internalUser587
2022-10-03 09:59:08.072  INFO 38196 --- [ool-10-thread-1] tourGuide.service.TourGuideService       : Track Location for user internalUser104
2022-10-03 09:59:08.073  INFO 38196 --- [ool-10-thread-1] tourGuide.service.TourGuideService       : Track Location for user internalUser346
2022-10-03 09:59:08.074  INFO 38196 --- [ool-10-thread-1] tourGuide.service.TourGuideService       : Track Location for user internalUser588
2022-10-03 09:59:08.074  INFO 38196 --- [ool-10-thread-1] tourGuide.service.TourGuideService       : Track Location for user internalUser101
2022-10-03 09:59:08.074  INFO 38196 --- [ool-10-thread-1] tourGuide.service.TourGuideService       : Track Location for user internalUser343
2022-10-03 09:59:08.075  INFO 38196 --- [ool-10-thread-1] tourGuide.service.TourGuideService       : Track Location for user internalUser585
2022-10-03 09:59:08.075  INFO 38196 --- [ool-10-thread-1] tourGuide.service.TourGuideService       : Track Location for user internalUser102
2022-10-03 09:59:08.075  INFO 38196 --- [ool-10-thread-1] tourGuide.service.TourGuideService       : Track Location for user internalUser344
2022-10-03 09:59:08.076  INFO 38196 --- [ool-10-thread-1] tourGuide.service.TourGuideService       : Track Location for user internalUser586
2022-10-03 09:59:08.076  INFO 38196 --- [ool-10-thread-1] tourGuide.service.TourGuideService       : Track Location for user internalUser341
2022-10-03 09:59:08.077  INFO 38196 --- [ool-10-thread-1] tourGuide.service.TourGuideService       : Track Location for user internalUser583
2022-10-03 09:59:08.077  INFO 38196 --- [ool-10-thread-1] tourGuide.service.TourGuideService       : Track Location for user internalUser100
2022-10-03 09:59:08.077  INFO 38196 --- [ool-10-thread-1] tourGuide.service.TourGuideService       : Track Location for user internalUser342
2022-10-03 09:59:08.078  INFO 38196 --- [ool-10-thread-1] tourGuide.service.TourGuideService       : Track Location for user internalUser584
2022-10-03 09:59:08.078  INFO 38196 --- [ool-10-thread-1] tourGuide.service.TourGuideService       : Track Location for user internalUser109
2022-10-03 09:59:08.078  INFO 38196 --- [ool-10-thread-1] tourGuide.service.TourGuideService       : Track Location for user internalUser107
2022-10-03 09:59:08.078  INFO 38196 --- [ool-10-thread-1] tourGuide.service.TourGuideService       : Track Location for user internalUser349
2022-10-03 09:59:08.078  INFO 38196 --- [ool-10-thread-1] tourGuide.service.TourGuideService       : Track Location for user internalUser108
2022-10-03 09:59:08.078  INFO 38196 --- [ool-10-thread-1] tourGuide.service.TourGuideService       : Track Location for user internalUser3
2022-10-03 09:59:08.078  INFO 38196 --- [ool-10-thread-1] tourGuide.service.TourGuideService       : Track Location for user internalUser2
2022-10-03 09:59:08.079  INFO 38196 --- [ool-10-thread-1] tourGuide.service.TourGuideService       : Track Location for user internalUser1
2022-10-03 09:59:08.079  INFO 38196 --- [ool-10-thread-1] tourGuide.service.TourGuideService       : Track Location for user internalUser0
2022-10-03 09:59:08.079  INFO 38196 --- [ool-10-thread-1] tourGuide.service.TourGuideService       : Track Location for user internalUser7
2022-10-03 09:59:08.079  INFO 38196 --- [ool-10-thread-1] tourGuide.service.TourGuideService       : Track Location for user internalUser6
2022-10-03 09:59:08.079  INFO 38196 --- [ool-10-thread-1] tourGuide.service.TourGuideService       : Track Location for user internalUser5
2022-10-03 09:59:08.080  INFO 38196 --- [ool-10-thread-1] tourGuide.service.TourGuideService       : Track Location for user internalUser4
2022-10-03 09:59:08.080  INFO 38196 --- [ool-10-thread-1] tourGuide.service.TourGuideService       : Track Location for user internalUser350
2022-10-03 09:59:08.080  INFO 38196 --- [ool-10-thread-1] tourGuide.service.TourGuideService       : Track Location for user internalUser592
2022-10-03 09:59:08.080  INFO 38196 --- [ool-10-thread-1] tourGuide.service.TourGuideService       : Track Location for user internalUser351
2022-10-03 09:59:08.080  INFO 38196 --- [ool-10-thread-1] tourGuide.service.TourGuideService       : Track Location for user internalUser593
2022-10-03 09:59:08.081  INFO 38196 --- [ool-10-thread-1] tourGuide.service.TourGuideService       : Track Location for user internalUser590
2022-10-03 09:59:08.081  INFO 38196 --- [ool-10-thread-1] tourGuide.service.TourGuideService       : Track Location for user internalUser591
2022-10-03 09:59:08.081  INFO 38196 --- [ool-10-thread-1] tourGuide.service.TourGuideService       : Track Location for user internalUser116
2022-10-03 09:59:08.081  INFO 38196 --- [ool-10-thread-1] tourGuide.service.TourGuideService       : Track Location for user internalUser358
2022-10-03 09:59:08.081  INFO 38196 --- [ool-10-thread-1] tourGuide.service.TourGuideService       : Track Location for user internalUser117
2022-10-03 09:59:08.082  INFO 38196 --- [ool-10-thread-1] tourGuide.service.TourGuideService       : Track Location for user internalUser359
2022-10-03 09:59:08.082  INFO 38196 --- [ool-10-thread-1] tourGuide.service.TourGuideService       : Track Location for user internalUser114
2022-10-03 09:59:08.082  INFO 38196 --- [ool-10-thread-1] tourGuide.service.TourGuideService       : Track Location for user internalUser356
2022-10-03 09:59:08.082  INFO 38196 --- [ool-10-thread-1] tourGuide.service.TourGuideService       : Track Location for user internalUser598
2022-10-03 09:59:08.082  INFO 38196 --- [ool-10-thread-1] tourGuide.service.TourGuideService       : Track Location for user internalUser115
2022-10-03 09:59:08.082  INFO 38196 --- [ool-10-thread-1] tourGuide.service.TourGuideService       : Track Location for user internalUser357
2022-10-03 09:59:08.084  INFO 38196 --- [ool-10-thread-1] tourGuide.service.TourGuideService       : Track Location for user internalUser599
2022-10-03 09:59:08.085  INFO 38196 --- [ool-10-thread-1] tourGuide.service.TourGuideService       : Track Location for user internalUser112
2022-10-03 09:59:08.086  INFO 38196 --- [ool-10-thread-1] tourGuide.service.TourGuideService       : Track Location for user internalUser354
2022-10-03 09:59:08.086  INFO 38196 --- [ool-10-thread-1] tourGuide.service.TourGuideService       : Track Location for user internalUser596
2022-10-03 09:59:08.087  INFO 38196 --- [ool-10-thread-1] tourGuide.service.TourGuideService       : Track Location for user internalUser113
2022-10-03 09:59:08.087  INFO 38196 --- [ool-10-thread-1] tourGuide.service.TourGuideService       : Track Location for user internalUser355
2022-10-03 09:59:08.087  INFO 38196 --- [ool-10-thread-1] tourGuide.service.TourGuideService       : Track Location for user internalUser597
2022-10-03 09:59:08.087  INFO 38196 --- [ool-10-thread-1] tourGuide.service.TourGuideService       : Track Location for user internalUser110
2022-10-03 09:59:08.087  INFO 38196 --- [ool-10-thread-1] tourGuide.service.TourGuideService       : Track Location for user internalUser352
2022-10-03 09:59:08.092  INFO 38196 --- [ool-10-thread-1] tourGuide.service.TourGuideService       : Track Location for user internalUser594
2022-10-03 09:59:08.093  INFO 38196 --- [ool-10-thread-1] tourGuide.service.TourGuideService       : Track Location for user internalUser111
2022-10-03 09:59:08.093  INFO 38196 --- [ool-10-thread-1] tourGuide.service.TourGuideService       : Track Location for user internalUser353
2022-10-03 09:59:08.093  INFO 38196 --- [ool-10-thread-1] tourGuide.service.TourGuideService       : Track Location for user internalUser595
2022-10-03 09:59:08.094  INFO 38196 --- [ool-10-thread-1] tourGuide.service.TourGuideService       : Track Location for user internalUser118
2022-10-03 09:59:08.094  INFO 38196 --- [ool-10-thread-1] tourGuide.service.TourGuideService       : Track Location for user internalUser119
2022-10-03 09:59:08.094  INFO 38196 --- [ool-10-thread-1] tourGuide.service.TourGuideService       : Track Location for user internalUser523
2022-10-03 09:59:08.094  INFO 38196 --- [ool-10-thread-1] tourGuide.service.TourGuideService       : Track Location for user internalUser765
2022-10-03 09:59:08.094  INFO 38196 --- [ool-10-thread-1] tourGuide.service.TourGuideService       : Track Location for user internalUser524
2022-10-03 09:59:08.095  INFO 38196 --- [ool-10-thread-1] tourGuide.service.TourGuideService       : Track Location for user internalUser766
2022-10-03 09:59:08.095  INFO 38196 --- [ool-10-thread-1] tourGuide.service.TourGuideService       : Track Location for user internalUser521
2022-10-03 09:59:08.095  INFO 38196 --- [ool-10-thread-1] tourGuide.service.TourGuideService       : Track Location for user internalUser763
2022-10-03 09:59:08.095  INFO 38196 --- [ool-10-thread-1] tourGuide.service.TourGuideService       : Track Location for user internalUser522
2022-10-03 09:59:08.095  INFO 38196 --- [ool-10-thread-1] tourGuide.service.TourGuideService       : Track Location for user internalUser764
2022-10-03 09:59:08.096  INFO 38196 --- [ool-10-thread-1] tourGuide.service.TourGuideService       : Track Location for user internalUser761
2022-10-03 09:59:08.096  INFO 38196 --- [ool-10-thread-1] tourGuide.service.TourGuideService       : Track Location for user internalUser520
2022-10-03 09:59:08.096  INFO 38196 --- [ool-10-thread-1] tourGuide.service.TourGuideService       : Track Location for user internalUser762
2022-10-03 09:59:08.096  INFO 38196 --- [ool-10-thread-1] tourGuide.service.TourGuideService       : Track Location for user internalUser760
2022-10-03 09:59:08.096  INFO 38196 --- [ool-10-thread-1] tourGuide.service.TourGuideService       : Track Location for user internalUser529
2022-10-03 09:59:08.097  INFO 38196 --- [ool-10-thread-1] tourGuide.service.TourGuideService       : Track Location for user internalUser527
2022-10-03 09:59:08.097  INFO 38196 --- [ool-10-thread-1] tourGuide.service.TourGuideService       : Track Location for user internalUser769
2022-10-03 09:59:08.097  INFO 38196 --- [ool-10-thread-1] tourGuide.service.TourGuideService       : Track Location for user internalUser528
2022-10-03 09:59:08.097  INFO 38196 --- [ool-10-thread-1] tourGuide.service.TourGuideService       : Track Location for user internalUser525
2022-10-03 09:59:08.097  INFO 38196 --- [ool-10-thread-1] tourGuide.service.TourGuideService       : Track Location for user internalUser767
2022-10-03 09:59:08.097  INFO 38196 --- [ool-10-thread-1] tourGuide.service.TourGuideService       : Track Location for user internalUser526
2022-10-03 09:59:08.098  INFO 38196 --- [ool-10-thread-1] tourGuide.service.TourGuideService       : Track Location for user internalUser768
2022-10-03 09:59:08.099  INFO 38196 --- [ool-10-thread-1] tourGuide.service.TourGuideService       : Track Location for user internalUser534
2022-10-03 09:59:08.100  INFO 38196 --- [ool-10-thread-1] tourGuide.service.TourGuideService       : Track Location for user internalUser776
2022-10-03 09:59:08.100  INFO 38196 --- [ool-10-thread-1] tourGuide.service.TourGuideService       : Track Location for user internalUser535
2022-10-03 09:59:08.100  INFO 38196 --- [ool-10-thread-1] tourGuide.service.TourGuideService       : Track Location for user internalUser777
2022-10-03 09:59:08.101  INFO 38196 --- [ool-10-thread-1] tourGuide.service.TourGuideService       : Track Location for user internalUser532
2022-10-03 09:59:08.101  INFO 38196 --- [ool-10-thread-1] tourGuide.service.TourGuideService       : Track Location for user internalUser774
2022-10-03 09:59:08.101  INFO 38196 --- [ool-10-thread-1] tourGuide.service.TourGuideService       : Track Location for user internalUser533
2022-10-03 09:59:08.102  INFO 38196 --- [ool-10-thread-1] tourGuide.service.TourGuideService       : Track Location for user internalUser775
2022-10-03 09:59:08.102  INFO 38196 --- [ool-10-thread-1] tourGuide.service.TourGuideService       : Track Location for user internalUser530
2022-10-03 09:59:08.102  INFO 38196 --- [ool-10-thread-1] tourGuide.service.TourGuideService       : Track Location for user internalUser772
2022-10-03 09:59:08.103  INFO 38196 --- [ool-10-thread-1] tourGuide.service.TourGuideService       : Track Location for user internalUser531
2022-10-03 09:59:08.103  INFO 38196 --- [ool-10-thread-1] tourGuide.service.TourGuideService       : Track Location for user internalUser773
2022-10-03 09:59:08.103  INFO 38196 --- [ool-10-thread-1] tourGuide.service.TourGuideService       : Track Location for user internalUser770
2022-10-03 09:59:08.103  INFO 38196 --- [ool-10-thread-1] tourGuide.service.TourGuideService       : Track Location for user internalUser771
2022-10-03 09:59:08.103  INFO 38196 --- [ool-10-thread-1] tourGuide.service.TourGuideService       : Track Location for user internalUser538
2022-10-03 09:59:08.103  INFO 38196 --- [ool-10-thread-1] tourGuide.service.TourGuideService       : Track Location for user internalUser539
2022-10-03 09:59:08.104  INFO 38196 --- [ool-10-thread-1] tourGuide.service.TourGuideService       : Track Location for user internalUser536
2022-10-03 09:59:08.104  INFO 38196 --- [ool-10-thread-1] tourGuide.service.TourGuideService       : Track Location for user internalUser778
2022-10-03 09:59:08.104  INFO 38196 --- [ool-10-thread-1] tourGuide.service.TourGuideService       : Track Location for user internalUser537
2022-10-03 09:59:08.104  INFO 38196 --- [ool-10-thread-1] tourGuide.service.TourGuideService       : Track Location for user internalUser779
2022-10-03 09:59:08.104  INFO 38196 --- [ool-10-thread-1] tourGuide.service.TourGuideService       : Track Location for user internalUser780
2022-10-03 09:59:08.105  INFO 38196 --- [ool-10-thread-1] tourGuide.service.TourGuideService       : Track Location for user internalUser303
2022-10-03 09:59:08.105  INFO 38196 --- [ool-10-thread-1] tourGuide.service.TourGuideService       : Track Location for user internalUser545
2022-10-03 09:59:08.105  INFO 38196 --- [ool-10-thread-1] tourGuide.service.TourGuideService       : Track Location for user internalUser787
2022-10-03 09:59:08.105  INFO 38196 --- [ool-10-thread-1] tourGuide.service.TourGuideService       : Track Location for user internalUser304
2022-10-03 09:59:08.105  INFO 38196 --- [ool-10-thread-1] tourGuide.service.TourGuideService       : Track Location for user internalUser546
2022-10-03 09:59:08.105  INFO 38196 --- [ool-10-thread-1] tourGuide.service.TourGuideService       : Track Location for user internalUser788
2022-10-03 09:59:08.106  INFO 38196 --- [ool-10-thread-1] tourGuide.service.TourGuideService       : Track Location for user internalUser301
2022-10-03 09:59:08.106  INFO 38196 --- [ool-10-thread-1] tourGuide.service.TourGuideService       : Track Location for user internalUser543
2022-10-03 09:59:08.106  INFO 38196 --- [ool-10-thread-1] tourGuide.service.TourGuideService       : Track Location for user internalUser785
2022-10-03 09:59:08.106  INFO 38196 --- [ool-10-thread-1] tourGuide.service.TourGuideService       : Track Location for user internalUser302
2022-10-03 09:59:08.106  INFO 38196 --- [ool-10-thread-1] tourGuide.service.TourGuideService       : Track Location for user internalUser544
2022-10-03 09:59:08.106  INFO 38196 --- [ool-10-thread-1] tourGuide.service.TourGuideService       : Track Location for user internalUser786
2022-10-03 09:59:08.107  INFO 38196 --- [ool-10-thread-1] tourGuide.service.TourGuideService       : Track Location for user internalUser541
2022-10-03 09:59:08.107  INFO 38196 --- [ool-10-thread-1] tourGuide.service.TourGuideService       : Track Location for user internalUser783
2022-10-03 09:59:08.107  INFO 38196 --- [ool-10-thread-1] tourGuide.service.TourGuideService       : Track Location for user internalUser300
2022-10-03 09:59:08.107  INFO 38196 --- [ool-10-thread-1] tourGuide.service.TourGuideService       : Track Location for user internalUser542
2022-10-03 09:59:08.107  INFO 38196 --- [ool-10-thread-1] tourGuide.service.TourGuideService       : Track Location for user internalUser784
2022-10-03 09:59:08.108  INFO 38196 --- [ool-10-thread-1] tourGuide.service.TourGuideService       : Track Location for user internalUser781
2022-10-03 09:59:08.108  INFO 38196 --- [ool-10-thread-1] tourGuide.service.TourGuideService       : Track Location for user internalUser540
2022-10-03 09:59:08.108  INFO 38196 --- [ool-10-thread-1] tourGuide.service.TourGuideService       : Track Location for user internalUser782
2022-10-03 09:59:08.108  INFO 38196 --- [ool-10-thread-1] tourGuide.service.TourGuideService       : Track Location for user internalUser309
2022-10-03 09:59:08.108  INFO 38196 --- [ool-10-thread-1] tourGuide.service.TourGuideService       : Track Location for user internalUser307
2022-10-03 09:59:08.108  INFO 38196 --- [ool-10-thread-1] tourGuide.service.TourGuideService       : Track Location for user internalUser549
2022-10-03 09:59:08.109  INFO 38196 --- [ool-10-thread-1] tourGuide.service.TourGuideService       : Track Location for user internalUser308
2022-10-03 09:59:08.109  INFO 38196 --- [ool-10-thread-1] tourGuide.service.TourGuideService       : Track Location for user internalUser305
2022-10-03 09:59:08.109  INFO 38196 --- [ool-10-thread-1] tourGuide.service.TourGuideService       : Track Location for user internalUser547
2022-10-03 09:59:08.109  INFO 38196 --- [ool-10-thread-1] tourGuide.service.TourGuideService       : Track Location for user internalUser789
2022-10-03 09:59:08.109  INFO 38196 --- [ool-10-thread-1] tourGuide.service.TourGuideService       : Track Location for user internalUser306
2022-10-03 09:59:08.109  INFO 38196 --- [ool-10-thread-1] tourGuide.service.TourGuideService       : Track Location for user internalUser548
2022-10-03 09:59:08.110  INFO 38196 --- [ool-10-thread-1] tourGuide.service.TourGuideService       : Track Location for user internalUser790
2022-10-03 09:59:08.110  INFO 38196 --- [ool-10-thread-1] tourGuide.service.TourGuideService       : Track Location for user internalUser791
2022-10-03 09:59:08.110  INFO 38196 --- [ool-10-thread-1] tourGuide.service.TourGuideService       : Track Location for user internalUser314
2022-10-03 09:59:08.110  INFO 38196 --- [ool-10-thread-1] tourGuide.service.TourGuideService       : Track Location for user internalUser556
2022-10-03 09:59:08.110  INFO 38196 --- [ool-10-thread-1] tourGuide.service.TourGuideService       : Track Location for user internalUser798
2022-10-03 09:59:08.111  INFO 38196 --- [ool-10-thread-1] tourGuide.service.TourGuideService       : Track Location for user internalUser315
2022-10-03 09:59:08.111  INFO 38196 --- [ool-10-thread-1] tourGuide.service.TourGuideService       : Track Location for user internalUser557
2022-10-03 09:59:08.111  INFO 38196 --- [ool-10-thread-1] tourGuide.service.TourGuideService       : Track Location for user internalUser799
2022-10-03 09:59:08.111  INFO 38196 --- [ool-10-thread-1] tourGuide.service.TourGuideService       : Track Location for user internalUser312
2022-10-03 09:59:08.111  INFO 38196 --- [ool-10-thread-1] tourGuide.service.TourGuideService       : Track Location for user internalUser554
2022-10-03 09:59:08.111  INFO 38196 --- [ool-10-thread-1] tourGuide.service.TourGuideService       : Track Location for user internalUser796
2022-10-03 09:59:08.112  INFO 38196 --- [ool-10-thread-1] tourGuide.service.TourGuideService       : Track Location for user internalUser313
2022-10-03 09:59:08.112  INFO 38196 --- [ool-10-thread-1] tourGuide.service.TourGuideService       : Track Location for user internalUser555
2022-10-03 09:59:08.112  INFO 38196 --- [ool-10-thread-1] tourGuide.service.TourGuideService       : Track Location for user internalUser797
2022-10-03 09:59:08.112  INFO 38196 --- [ool-10-thread-1] tourGuide.service.TourGuideService       : Track Location for user internalUser310
2022-10-03 09:59:08.112  INFO 38196 --- [ool-10-thread-1] tourGuide.service.TourGuideService       : Track Location for user internalUser552
2022-10-03 09:59:08.112  INFO 38196 --- [ool-10-thread-1] tourGuide.service.TourGuideService       : Track Location for user internalUser794
2022-10-03 09:59:08.113  INFO 38196 --- [ool-10-thread-1] tourGuide.service.TourGuideService       : Track Location for user internalUser311
2022-10-03 09:59:08.113  INFO 38196 --- [ool-10-thread-1] tourGuide.service.TourGuideService       : Track Location for user internalUser553
2022-10-03 09:59:08.113  INFO 38196 --- [ool-10-thread-1] tourGuide.service.TourGuideService       : Track Location for user internalUser795
2022-10-03 09:59:08.113  INFO 38196 --- [ool-10-thread-1] tourGuide.service.TourGuideService       : Track Location for user internalUser550
2022-10-03 09:59:08.113  INFO 38196 --- [ool-10-thread-1] tourGuide.service.TourGuideService       : Track Location for user internalUser792
2022-10-03 09:59:08.113  INFO 38196 --- [ool-10-thread-1] tourGuide.service.TourGuideService       : Track Location for user internalUser551
2022-10-03 09:59:08.114  INFO 38196 --- [ool-10-thread-1] tourGuide.service.TourGuideService       : Track Location for user internalUser793
2022-10-03 09:59:08.115  INFO 38196 --- [ool-10-thread-1] tourGuide.service.TourGuideService       : Track Location for user internalUser318
2022-10-03 09:59:08.115  INFO 38196 --- [ool-10-thread-1] tourGuide.service.TourGuideService       : Track Location for user internalUser319
2022-10-03 09:59:08.116  INFO 38196 --- [ool-10-thread-1] tourGuide.service.TourGuideService       : Track Location for user internalUser316
2022-10-03 09:59:08.116  INFO 38196 --- [ool-10-thread-1] tourGuide.service.TourGuideService       : Track Location for user internalUser558
2022-10-03 09:59:08.117  INFO 38196 --- [ool-10-thread-1] tourGuide.service.TourGuideService       : Track Location for user internalUser317
2022-10-03 09:59:08.117  INFO 38196 --- [ool-10-thread-1] tourGuide.service.TourGuideService       : Track Location for user internalUser559
2022-10-03 09:59:08.117  INFO 38196 --- [ool-10-thread-1] tourGuide.service.TourGuideService       : Track Location for user internalUser600
2022-10-03 09:59:08.118  INFO 38196 --- [ool-10-thread-1] tourGuide.service.TourGuideService       : Track Location for user internalUser842
2022-10-03 09:59:08.118  INFO 38196 --- [ool-10-thread-1] tourGuide.service.TourGuideService       : Track Location for user internalUser601
2022-10-03 09:59:08.118  INFO 38196 --- [ool-10-thread-1] tourGuide.service.TourGuideService       : Track Location for user internalUser843
2022-10-03 09:59:08.118  INFO 38196 --- [ool-10-thread-1] tourGuide.service.TourGuideService       : Track Location for user internalUser840
2022-10-03 09:59:08.118  INFO 38196 --- [ool-10-thread-1] tourGuide.service.TourGuideService       : Track Location for user internalUser841
2022-10-03 09:59:08.119  INFO 38196 --- [ool-10-thread-1] tourGuide.service.TourGuideService       : Track Location for user internalUser608
2022-10-03 09:59:08.119  INFO 38196 --- [ool-10-thread-1] tourGuide.service.TourGuideService       : Track Location for user internalUser609
2022-10-03 09:59:08.119  INFO 38196 --- [ool-10-thread-1] tourGuide.service.TourGuideService       : Track Location for user internalUser606
2022-10-03 09:59:08.119  INFO 38196 --- [ool-10-thread-1] tourGuide.service.TourGuideService       : Track Location for user internalUser848
2022-10-03 09:59:08.119  INFO 38196 --- [ool-10-thread-1] tourGuide.service.TourGuideService       : Track Location for user internalUser607
2022-10-03 09:59:08.119  INFO 38196 --- [ool-10-thread-1] tourGuide.service.TourGuideService       : Track Location for user internalUser849
2022-10-03 09:59:08.119  INFO 38196 --- [ool-10-thread-1] tourGuide.service.TourGuideService       : Track Location for user internalUser604
2022-10-03 09:59:08.119  INFO 38196 --- [ool-10-thread-1] tourGuide.service.TourGuideService       : Track Location for user internalUser846
2022-10-03 09:59:08.119  INFO 38196 --- [ool-10-thread-1] tourGuide.service.TourGuideService       : Track Location for user internalUser605
2022-10-03 09:59:08.119  INFO 38196 --- [ool-10-thread-1] tourGuide.service.TourGuideService       : Track Location for user internalUser847
2022-10-03 09:59:08.119  INFO 38196 --- [ool-10-thread-1] tourGuide.service.TourGuideService       : Track Location for user internalUser602
2022-10-03 09:59:08.120  INFO 38196 --- [ool-10-thread-1] tourGuide.service.TourGuideService       : Track Location for user internalUser844
2022-10-03 09:59:08.120  INFO 38196 --- [ool-10-thread-1] tourGuide.service.TourGuideService       : Track Location for user internalUser603
2022-10-03 09:59:08.120  INFO 38196 --- [ool-10-thread-1] tourGuide.service.TourGuideService       : Track Location for user internalUser845
2022-10-03 09:59:08.120  INFO 38196 --- [ool-10-thread-1] tourGuide.service.TourGuideService       : Track Location for user internalUser611
2022-10-03 09:59:08.120  INFO 38196 --- [ool-10-thread-1] tourGuide.service.TourGuideService       : Track Location for user internalUser853
2022-10-03 09:59:08.120  INFO 38196 --- [ool-10-thread-1] tourGuide.service.TourGuideService       : Track Location for user internalUser612
2022-10-03 09:59:08.121  INFO 38196 --- [ool-10-thread-1] tourGuide.service.TourGuideService       : Track Location for user internalUser854
2022-10-03 09:59:08.121  INFO 38196 --- [ool-10-thread-1] tourGuide.service.TourGuideService       : Track Location for user internalUser851
2022-10-03 09:59:08.121  INFO 38196 --- [ool-10-thread-1] tourGuide.service.TourGuideService       : Track Location for user internalUser610
2022-10-03 09:59:08.121  INFO 38196 --- [ool-10-thread-1] tourGuide.service.TourGuideService       : Track Location for user internalUser852
2022-10-03 09:59:08.121  INFO 38196 --- [ool-10-thread-1] tourGuide.service.TourGuideService       : Track Location for user internalUser850
2022-10-03 09:59:08.121  INFO 38196 --- [ool-10-thread-1] tourGuide.service.TourGuideService       : Track Location for user internalUser619
2022-10-03 09:59:08.122  INFO 38196 --- [ool-10-thread-1] tourGuide.service.TourGuideService       : Track Location for user internalUser617
2022-10-03 09:59:08.122  INFO 38196 --- [ool-10-thread-1] tourGuide.service.TourGuideService       : Track Location for user internalUser859
2022-10-03 09:59:08.122  INFO 38196 --- [ool-10-thread-1] tourGuide.service.TourGuideService       : Track Location for user internalUser618
2022-10-03 09:59:08.122  INFO 38196 --- [ool-10-thread-1] tourGuide.service.TourGuideService       : Track Location for user internalUser615
2022-10-03 09:59:08.122  INFO 38196 --- [ool-10-thread-1] tourGuide.service.TourGuideService       : Track Location for user internalUser857
2022-10-03 09:59:08.123  INFO 38196 --- [ool-10-thread-1] tourGuide.service.TourGuideService       : Track Location for user internalUser616
2022-10-03 09:59:08.123  INFO 38196 --- [ool-10-thread-1] tourGuide.service.TourGuideService       : Track Location for user internalUser858
2022-10-03 09:59:08.123  INFO 38196 --- [ool-10-thread-1] tourGuide.service.TourGuideService       : Track Location for user internalUser613
2022-10-03 09:59:08.123  INFO 38196 --- [ool-10-thread-1] tourGuide.service.TourGuideService       : Track Location for user internalUser855
2022-10-03 09:59:08.124  INFO 38196 --- [ool-10-thread-1] tourGuide.service.TourGuideService       : Track Location for user internalUser614
2022-10-03 09:59:08.124  INFO 38196 --- [ool-10-thread-1] tourGuide.service.TourGuideService       : Track Location for user internalUser856
2022-10-03 09:59:08.124  INFO 38196 --- [ool-10-thread-1] tourGuide.service.TourGuideService       : Track Location for user internalUser622
2022-10-03 09:59:08.125  INFO 38196 --- [ool-10-thread-1] tourGuide.service.TourGuideService       : Track Location for user internalUser864
2022-10-03 09:59:08.125  INFO 38196 --- [ool-10-thread-1] tourGuide.service.TourGuideService       : Track Location for user internalUser623
2022-10-03 09:59:08.125  INFO 38196 --- [ool-10-thread-1] tourGuide.service.TourGuideService       : Track Location for user internalUser865
2022-10-03 09:59:08.125  INFO 38196 --- [ool-10-thread-1] tourGuide.service.TourGuideService       : Track Location for user internalUser620
2022-10-03 09:59:08.125  INFO 38196 --- [ool-10-thread-1] tourGuide.service.TourGuideService       : Track Location for user internalUser862
2022-10-03 09:59:08.125  INFO 38196 --- [ool-10-thread-1] tourGuide.service.TourGuideService       : Track Location for user internalUser621
2022-10-03 09:59:08.126  INFO 38196 --- [ool-10-thread-1] tourGuide.service.TourGuideService       : Track Location for user internalUser863
2022-10-03 09:59:08.126  INFO 38196 --- [ool-10-thread-1] tourGuide.service.TourGuideService       : Track Location for user internalUser860
2022-10-03 09:59:08.126  INFO 38196 --- [ool-10-thread-1] tourGuide.service.TourGuideService       : Track Location for user internalUser19
2022-10-03 09:59:08.126  INFO 38196 --- [ool-10-thread-1] tourGuide.service.TourGuideService       : Track Location for user internalUser861
2022-10-03 09:59:08.126  INFO 38196 --- [ool-10-thread-1] tourGuide.service.TourGuideService       : Track Location for user internalUser16
2022-10-03 09:59:08.126  INFO 38196 --- [ool-10-thread-1] tourGuide.service.TourGuideService       : Track Location for user internalUser15
2022-10-03 09:59:08.127  INFO 38196 --- [ool-10-thread-1] tourGuide.service.TourGuideService       : Track Location for user internalUser18
2022-10-03 09:59:08.127  INFO 38196 --- [ool-10-thread-1] tourGuide.service.TourGuideService       : Track Location for user internalUser628
2022-10-03 09:59:08.127  INFO 38196 --- [ool-10-thread-1] tourGuide.service.TourGuideService       : Track Location for user internalUser17
2022-10-03 09:59:08.127  INFO 38196 --- [ool-10-thread-1] tourGuide.service.TourGuideService       : Track Location for user internalUser629
2022-10-03 09:59:08.127  INFO 38196 --- [ool-10-thread-1] tourGuide.service.TourGuideService       : Track Location for user internalUser12
2022-10-03 09:59:08.127  INFO 38196 --- [ool-10-thread-1] tourGuide.service.TourGuideService       : Track Location for user internalUser626
2022-10-03 09:59:08.128  INFO 38196 --- [ool-10-thread-1] tourGuide.service.TourGuideService       : Track Location for user internalUser868
2022-10-03 09:59:08.128  INFO 38196 --- [ool-10-thread-1] tourGuide.service.TourGuideService       : Track Location for user internalUser11
2022-10-03 09:59:08.128  INFO 38196 --- [ool-10-thread-1] tourGuide.service.TourGuideService       : Track Location for user internalUser627
2022-10-03 09:59:08.128  INFO 38196 --- [ool-10-thread-1] tourGuide.service.TourGuideService       : Track Location for user internalUser869
2022-10-03 09:59:08.128  INFO 38196 --- [ool-10-thread-1] tourGuide.service.TourGuideService       : Track Location for user internalUser14
2022-10-03 09:59:08.128  INFO 38196 --- [ool-10-thread-1] tourGuide.service.TourGuideService       : Track Location for user internalUser624
2022-10-03 09:59:08.129  INFO 38196 --- [ool-10-thread-1] tourGuide.service.TourGuideService       : Track Location for user internalUser866
2022-10-03 09:59:08.149  INFO 38196 --- [ool-10-thread-1] tourGuide.service.TourGuideService       : Track Location for user internalUser13
2022-10-03 09:59:08.149  INFO 38196 --- [ool-10-thread-1] tourGuide.service.TourGuideService       : Track Location for user internalUser625
2022-10-03 09:59:08.150  INFO 38196 --- [ool-10-thread-1] tourGuide.service.TourGuideService       : Track Location for user internalUser867
2022-10-03 09:59:08.150  INFO 38196 --- [ool-10-thread-1] tourGuide.service.TourGuideService       : Track Location for user internalUser10
2022-10-03 09:59:08.150  INFO 38196 --- [ool-10-thread-1] tourGuide.service.TourGuideService       : Track Location for user internalUser633
2022-10-03 09:59:08.150  INFO 38196 --- [ool-10-thread-1] tourGuide.service.TourGuideService       : Track Location for user internalUser875
2022-10-03 09:59:08.150  INFO 38196 --- [ool-10-thread-1] tourGuide.service.TourGuideService       : Track Location for user internalUser634
2022-10-03 09:59:08.151  INFO 38196 --- [ool-10-thread-1] tourGuide.service.TourGuideService       : Track Location for user internalUser876
2022-10-03 09:59:08.151  INFO 38196 --- [ool-10-thread-1] tourGuide.service.TourGuideService       : Track Location for user internalUser631
2022-10-03 09:59:08.151  INFO 38196 --- [ool-10-thread-1] tourGuide.service.TourGuideService       : Track Location for user internalUser873
2022-10-03 09:59:08.151  INFO 38196 --- [ool-10-thread-1] tourGuide.service.TourGuideService       : Track Location for user internalUser632
2022-10-03 09:59:08.151  INFO 38196 --- [ool-10-thread-1] tourGuide.service.TourGuideService       : Track Location for user internalUser874
2022-10-03 09:59:08.151  INFO 38196 --- [ool-10-thread-1] tourGuide.service.TourGuideService       : Track Location for user internalUser871
2022-10-03 09:59:08.152  INFO 38196 --- [ool-10-thread-1] tourGuide.service.TourGuideService       : Track Location for user internalUser630
2022-10-03 09:59:08.152  INFO 38196 --- [ool-10-thread-1] tourGuide.service.TourGuideService       : Track Location for user internalUser872
2022-10-03 09:59:08.152  INFO 38196 --- [ool-10-thread-1] tourGuide.service.TourGuideService       : Track Location for user internalUser870
2022-10-03 09:59:08.152  INFO 38196 --- [ool-10-thread-1] tourGuide.service.TourGuideService       : Track Location for user internalUser27
2022-10-03 09:59:08.153  INFO 38196 --- [ool-10-thread-1] tourGuide.service.TourGuideService       : Track Location for user internalUser26
2022-10-03 09:59:08.153  INFO 38196 --- [ool-10-thread-1] tourGuide.service.TourGuideService       : Track Location for user internalUser29
2022-10-03 09:59:08.153  INFO 38196 --- [ool-10-thread-1] tourGuide.service.TourGuideService       : Track Location for user internalUser639
2022-10-03 09:59:08.153  INFO 38196 --- [ool-10-thread-1] tourGuide.service.TourGuideService       : Track Location for user internalUser28
2022-10-03 09:59:08.153  INFO 38196 --- [ool-10-thread-1] tourGuide.service.TourGuideService       : Track Location for user internalUser23
2022-10-03 09:59:08.153  INFO 38196 --- [ool-10-thread-1] tourGuide.service.TourGuideService       : Track Location for user internalUser637
2022-10-03 09:59:08.154  INFO 38196 --- [ool-10-thread-1] tourGuide.service.TourGuideService       : Track Location for user internalUser879
2022-10-03 09:59:08.154  INFO 38196 --- [ool-10-thread-1] tourGuide.service.TourGuideService       : Track Location for user internalUser22
2022-10-03 09:59:08.154  INFO 38196 --- [ool-10-thread-1] tourGuide.service.TourGuideService       : Track Location for user internalUser638
2022-10-03 09:59:08.154  INFO 38196 --- [ool-10-thread-1] tourGuide.service.TourGuideService       : Track Location for user internalUser25
2022-10-03 09:59:08.154  INFO 38196 --- [ool-10-thread-1] tourGuide.service.TourGuideService       : Track Location for user internalUser635
2022-10-03 09:59:08.155  INFO 38196 --- [ool-10-thread-1] tourGuide.service.TourGuideService       : Track Location for user internalUser877
2022-10-03 09:59:08.155  INFO 38196 --- [ool-10-thread-1] tourGuide.service.TourGuideService       : Track Location for user internalUser24
2022-10-03 09:59:08.155  INFO 38196 --- [ool-10-thread-1] tourGuide.service.TourGuideService       : Track Location for user internalUser636
2022-10-03 09:59:08.155  INFO 38196 --- [ool-10-thread-1] tourGuide.service.TourGuideService       : Track Location for user internalUser878
2022-10-03 09:59:08.155  INFO 38196 --- [ool-10-thread-1] tourGuide.service.TourGuideService       : Track Location for user internalUser21
2022-10-03 09:59:08.156  INFO 38196 --- [ool-10-thread-1] tourGuide.service.TourGuideService       : Track Location for user internalUser20
2022-10-03 09:59:08.156  INFO 38196 --- [ool-10-thread-1] tourGuide.service.TourGuideService       : Track Location for user internalUser38
2022-10-03 09:59:08.156  INFO 38196 --- [ool-10-thread-1] tourGuide.service.TourGuideService       : Track Location for user internalUser806
2022-10-03 09:59:08.156  INFO 38196 --- [ool-10-thread-1] tourGuide.service.TourGuideService       : Track Location for user internalUser37
2022-10-03 09:59:08.156  INFO 38196 --- [ool-10-thread-1] tourGuide.service.TourGuideService       : Track Location for user internalUser807
2022-10-03 09:59:08.157  INFO 38196 --- [ool-10-thread-1] tourGuide.service.TourGuideService       : Track Location for user internalUser804
2022-10-03 09:59:08.157  INFO 38196 --- [ool-10-thread-1] tourGuide.service.TourGuideService       : Track Location for user internalUser39
2022-10-03 09:59:08.157  INFO 38196 --- [ool-10-thread-1] tourGuide.service.TourGuideService       : Track Location for user internalUser805
2022-10-03 09:59:08.157  INFO 38196 --- [ool-10-thread-1] tourGuide.service.TourGuideService       : Track Location for user internalUser34
2022-10-03 09:59:08.157  INFO 38196 --- [ool-10-thread-1] tourGuide.service.TourGuideService       : Track Location for user internalUser802
2022-10-03 09:59:08.157  INFO 38196 --- [ool-10-thread-1] tourGuide.service.TourGuideService       : Track Location for user internalUser33
2022-10-03 09:59:08.158  INFO 38196 --- [ool-10-thread-1] tourGuide.service.TourGuideService       : Track Location for user internalUser803
2022-10-03 09:59:08.158  INFO 38196 --- [ool-10-thread-1] tourGuide.service.TourGuideService       : Track Location for user internalUser36
2022-10-03 09:59:08.158  INFO 38196 --- [ool-10-thread-1] tourGuide.service.TourGuideService       : Track Location for user internalUser800
2022-10-03 09:59:08.158  INFO 38196 --- [ool-10-thread-1] tourGuide.service.TourGuideService       : Track Location for user internalUser35
2022-10-03 09:59:08.158  INFO 38196 --- [ool-10-thread-1] tourGuide.service.TourGuideService       : Track Location for user internalUser801
2022-10-03 09:59:08.158  INFO 38196 --- [ool-10-thread-1] tourGuide.service.TourGuideService       : Track Location for user internalUser30
2022-10-03 09:59:08.159  INFO 38196 --- [ool-10-thread-1] tourGuide.service.TourGuideService       : Track Location for user internalUser32
2022-10-03 09:59:08.160  INFO 38196 --- [ool-10-thread-1] tourGuide.service.TourGuideService       : Track Location for user internalUser31
2022-10-03 09:59:08.160  INFO 38196 --- [ool-10-thread-1] tourGuide.service.TourGuideService       : Track Location for user internalUser808
2022-10-03 09:59:08.161  INFO 38196 --- [ool-10-thread-1] tourGuide.service.TourGuideService       : Track Location for user internalUser809
2022-10-03 09:59:08.161  INFO 38196 --- [ool-10-thread-1] tourGuide.service.TourGuideService       : Track Location for user internalUser810
2022-10-03 09:59:08.161  INFO 38196 --- [ool-10-thread-1] tourGuide.service.TourGuideService       : Track Location for user internalUser49
2022-10-03 09:59:08.162  INFO 38196 --- [ool-10-thread-1] tourGuide.service.TourGuideService       : Track Location for user internalUser817
2022-10-03 09:59:08.163  INFO 38196 --- [ool-10-thread-1] tourGuide.service.TourGuideService       : Track Location for user internalUser48
2022-10-03 09:59:08.163  INFO 38196 --- [ool-10-thread-1] tourGuide.service.TourGuideService       : Track Location for user internalUser818
2022-10-03 09:59:08.164  INFO 38196 --- [ool-10-thread-1] tourGuide.service.TourGuideService       : Track Location for user internalUser815
2022-10-03 09:59:08.164  INFO 38196 --- [ool-10-thread-1] tourGuide.service.TourGuideService       : Track Location for user internalUser816
2022-10-03 09:59:08.164  INFO 38196 --- [ool-10-thread-1] tourGuide.service.TourGuideService       : Track Location for user internalUser45
2022-10-03 09:59:08.164  INFO 38196 --- [ool-10-thread-1] tourGuide.service.TourGuideService       : Track Location for user internalUser813
2022-10-03 09:59:08.165  INFO 38196 --- [ool-10-thread-1] tourGuide.service.TourGuideService       : Track Location for user internalUser44
2022-10-03 09:59:08.165  INFO 38196 --- [ool-10-thread-1] tourGuide.service.TourGuideService       : Track Location for user internalUser814
2022-10-03 09:59:08.165  INFO 38196 --- [ool-10-thread-1] tourGuide.service.TourGuideService       : Track Location for user internalUser47
2022-10-03 09:59:08.165  INFO 38196 --- [ool-10-thread-1] tourGuide.service.TourGuideService       : Track Location for user internalUser811
2022-10-03 09:59:08.165  INFO 38196 --- [ool-10-thread-1] tourGuide.service.TourGuideService       : Track Location for user internalUser46
2022-10-03 09:59:08.165  INFO 38196 --- [ool-10-thread-1] tourGuide.service.TourGuideService       : Track Location for user internalUser812
2022-10-03 09:59:08.166  INFO 38196 --- [ool-10-thread-1] tourGuide.service.TourGuideService       : Track Location for user internalUser41
2022-10-03 09:59:08.166  INFO 38196 --- [ool-10-thread-1] tourGuide.service.TourGuideService       : Track Location for user internalUser40
2022-10-03 09:59:08.167  INFO 38196 --- [ool-10-thread-1] tourGuide.service.TourGuideService       : Track Location for user internalUser43
2022-10-03 09:59:08.167  INFO 38196 --- [ool-10-thread-1] tourGuide.service.TourGuideService       : Track Location for user internalUser42
2022-10-03 09:59:08.167  INFO 38196 --- [ool-10-thread-1] tourGuide.service.TourGuideService       : Track Location for user internalUser819
2022-10-03 09:59:08.167  INFO 38196 --- [ool-10-thread-1] tourGuide.service.TourGuideService       : Track Location for user internalUser820
2022-10-03 09:59:08.167  INFO 38196 --- [ool-10-thread-1] tourGuide.service.TourGuideService       : Track Location for user internalUser821
2022-10-03 09:59:08.167  INFO 38196 --- [ool-10-thread-1] tourGuide.service.TourGuideService       : Track Location for user internalUser828
2022-10-03 09:59:08.168  INFO 38196 --- [ool-10-thread-1] tourGuide.service.TourGuideService       : Track Location for user internalUser59
2022-10-03 09:59:08.168  INFO 38196 --- [ool-10-thread-1] tourGuide.service.TourGuideService       : Track Location for user internalUser829
2022-10-03 09:59:08.168  INFO 38196 --- [ool-10-thread-1] tourGuide.service.TourGuideService       : Track Location for user internalUser826
2022-10-03 09:59:08.168  INFO 38196 --- [ool-10-thread-1] tourGuide.service.TourGuideService       : Track Location for user internalUser827
2022-10-03 09:59:08.168  INFO 38196 --- [ool-10-thread-1] tourGuide.service.TourGuideService       : Track Location for user internalUser56
2022-10-03 09:59:08.168  INFO 38196 --- [ool-10-thread-1] tourGuide.service.TourGuideService       : Track Location for user internalUser824
2022-10-03 09:59:08.169  INFO 38196 --- [ool-10-thread-1] tourGuide.service.TourGuideService       : Track Location for user internalUser55
2022-10-03 09:59:08.169  INFO 38196 --- [ool-10-thread-1] tourGuide.service.TourGuideService       : Track Location for user internalUser825
2022-10-03 09:59:08.169  INFO 38196 --- [ool-10-thread-1] tourGuide.service.TourGuideService       : Track Location for user internalUser58
2022-10-03 09:59:08.169  INFO 38196 --- [ool-10-thread-1] tourGuide.service.TourGuideService       : Track Location for user internalUser822
2022-10-03 09:59:08.169  INFO 38196 --- [ool-10-thread-1] tourGuide.service.TourGuideService       : Track Location for user internalUser57
2022-10-03 09:59:08.169  INFO 38196 --- [ool-10-thread-1] tourGuide.service.TourGuideService       : Track Location for user internalUser823
2022-10-03 09:59:08.170  INFO 38196 --- [ool-10-thread-1] tourGuide.service.TourGuideService       : Track Location for user internalUser52
2022-10-03 09:59:08.170  INFO 38196 --- [ool-10-thread-1] tourGuide.service.TourGuideService       : Track Location for user internalUser51
2022-10-03 09:59:08.170  INFO 38196 --- [ool-10-thread-1] tourGuide.service.TourGuideService       : Track Location for user internalUser54
2022-10-03 09:59:08.170  INFO 38196 --- [ool-10-thread-1] tourGuide.service.TourGuideService       : Track Location for user internalUser53
2022-10-03 09:59:08.170  INFO 38196 --- [ool-10-thread-1] tourGuide.service.TourGuideService       : Track Location for user internalUser50
2022-10-03 09:59:08.171  INFO 38196 --- [ool-10-thread-1] tourGuide.service.TourGuideService       : Track Location for user internalUser831
2022-10-03 09:59:08.171  INFO 38196 --- [ool-10-thread-1] tourGuide.service.TourGuideService       : Track Location for user internalUser832
2022-10-03 09:59:08.171  INFO 38196 --- [ool-10-thread-1] tourGuide.service.TourGuideService       : Track Location for user internalUser830
2022-10-03 09:59:08.171  INFO 38196 --- [ool-10-thread-1] tourGuide.service.TourGuideService       : Track Location for user internalUser839
2022-10-03 09:59:08.171  INFO 38196 --- [ool-10-thread-1] tourGuide.service.TourGuideService       : Track Location for user internalUser837
2022-10-03 09:59:08.171  INFO 38196 --- [ool-10-thread-1] tourGuide.service.TourGuideService       : Track Location for user internalUser838
2022-10-03 09:59:08.172  INFO 38196 --- [ool-10-thread-1] tourGuide.service.TourGuideService       : Track Location for user internalUser67
2022-10-03 09:59:08.172  INFO 38196 --- [ool-10-thread-1] tourGuide.service.TourGuideService       : Track Location for user internalUser835
2022-10-03 09:59:08.172  INFO 38196 --- [ool-10-thread-1] tourGuide.service.TourGuideService       : Track Location for user internalUser66
2022-10-03 09:59:08.172  INFO 38196 --- [ool-10-thread-1] tourGuide.service.TourGuideService       : Track Location for user internalUser836
2022-10-03 09:59:08.172  INFO 38196 --- [ool-10-thread-1] tourGuide.service.TourGuideService       : Track Location for user internalUser69
2022-10-03 09:59:08.173  INFO 38196 --- [ool-10-thread-1] tourGuide.service.TourGuideService       : Track Location for user internalUser833
2022-10-03 09:59:08.173  INFO 38196 --- [ool-10-thread-1] tourGuide.service.TourGuideService       : Track Location for user internalUser68
2022-10-03 09:59:08.173  INFO 38196 --- [ool-10-thread-1] tourGuide.service.TourGuideService       : Track Location for user internalUser834
2022-10-03 09:59:08.173  INFO 38196 --- [ool-10-thread-1] tourGuide.service.TourGuideService       : Track Location for user internalUser63
2022-10-03 09:59:08.173  INFO 38196 --- [ool-10-thread-1] tourGuide.service.TourGuideService       : Track Location for user internalUser62
2022-10-03 09:59:08.174  INFO 38196 --- [ool-10-thread-1] tourGuide.service.TourGuideService       : Track Location for user internalUser65
2022-10-03 09:59:08.174  INFO 38196 --- [ool-10-thread-1] tourGuide.service.TourGuideService       : Track Location for user internalUser64
2022-10-03 09:59:08.174  INFO 38196 --- [ool-10-thread-1] tourGuide.service.TourGuideService       : Track Location for user internalUser61
2022-10-03 09:59:08.174  INFO 38196 --- [ool-10-thread-1] tourGuide.service.TourGuideService       : Track Location for user internalUser60
2022-10-03 09:59:08.174  INFO 38196 --- [ool-10-thread-1] tourGuide.service.TourGuideService       : Track Location for user internalUser78
2022-10-03 09:59:08.174  INFO 38196 --- [ool-10-thread-1] tourGuide.service.TourGuideService       : Track Location for user internalUser77
2022-10-03 09:59:08.175  INFO 38196 --- [ool-10-thread-1] tourGuide.service.TourGuideService       : Track Location for user internalUser79
2022-10-03 09:59:08.175  INFO 38196 --- [ool-10-thread-1] tourGuide.service.TourGuideService       : Track Location for user internalUser74
2022-10-03 09:59:08.175  INFO 38196 --- [ool-10-thread-1] tourGuide.service.TourGuideService       : Track Location for user internalUser73
2022-10-03 09:59:08.176  INFO 38196 --- [ool-10-thread-1] tourGuide.service.TourGuideService       : Track Location for user internalUser76
2022-10-03 09:59:08.176  INFO 38196 --- [ool-10-thread-1] tourGuide.service.TourGuideService       : Track Location for user internalUser75
2022-10-03 09:59:08.176  INFO 38196 --- [ool-10-thread-1] tourGuide.service.TourGuideService       : Track Location for user internalUser70
2022-10-03 09:59:08.177  INFO 38196 --- [ool-10-thread-1] tourGuide.service.TourGuideService       : Track Location for user internalUser72
2022-10-03 09:59:08.178  INFO 38196 --- [ool-10-thread-1] tourGuide.service.TourGuideService       : Track Location for user internalUser71
2022-10-03 09:59:08.178  INFO 38196 --- [ool-10-thread-1] tourGuide.service.TourGuideService       : Track Location for user internalUser90
2022-10-03 09:59:08.179  INFO 38196 --- [ool-10-thread-1] tourGuide.service.TourGuideService       : Track Location for user internalUser89
2022-10-03 09:59:08.179  INFO 38196 --- [ool-10-thread-1] tourGuide.service.TourGuideService       : Track Location for user internalUser88
2022-10-03 09:59:08.179  INFO 38196 --- [ool-10-thread-1] tourGuide.service.TourGuideService       : Track Location for user internalUser85
2022-10-03 09:59:08.179  INFO 38196 --- [ool-10-thread-1] tourGuide.service.TourGuideService       : Track Location for user internalUser84
2022-10-03 09:59:08.180  INFO 38196 --- [ool-10-thread-1] tourGuide.service.TourGuideService       : Track Location for user internalUser87
2022-10-03 09:59:08.180  INFO 38196 --- [ool-10-thread-1] tourGuide.service.TourGuideService       : Track Location for user internalUser86
2022-10-03 09:59:08.180  INFO 38196 --- [ool-10-thread-1] tourGuide.service.TourGuideService       : Track Location for user internalUser81
2022-10-03 09:59:08.180  INFO 38196 --- [ool-10-thread-1] tourGuide.service.TourGuideService       : Track Location for user internalUser80
2022-10-03 09:59:08.181  INFO 38196 --- [ool-10-thread-1] tourGuide.service.TourGuideService       : Track Location for user internalUser83
2022-10-03 09:59:08.181  INFO 38196 --- [ool-10-thread-1] tourGuide.service.TourGuideService       : Track Location for user internalUser82
2022-10-03 09:59:08.181  INFO 38196 --- [ool-10-thread-1] tourGuide.service.TourGuideService       : Track Location for user internalUser99
2022-10-03 09:59:08.181  INFO 38196 --- [ool-10-thread-1] tourGuide.service.TourGuideService       : Track Location for user internalUser96
2022-10-03 09:59:08.181  INFO 38196 --- [ool-10-thread-1] tourGuide.service.TourGuideService       : Track Location for user internalUser95
2022-10-03 09:59:08.181  INFO 38196 --- [ool-10-thread-1] tourGuide.service.TourGuideService       : Track Location for user internalUser98
2022-10-03 09:59:08.182  INFO 38196 --- [ool-10-thread-1] tourGuide.service.TourGuideService       : Track Location for user internalUser97
2022-10-03 09:59:08.182  INFO 38196 --- [ool-10-thread-1] tourGuide.service.TourGuideService       : Track Location for user internalUser92
2022-10-03 09:59:08.182  INFO 38196 --- [ool-10-thread-1] tourGuide.service.TourGuideService       : Track Location for user internalUser91
2022-10-03 09:59:08.182  INFO 38196 --- [ool-10-thread-1] tourGuide.service.TourGuideService       : Track Location for user internalUser94
2022-10-03 09:59:08.182  INFO 38196 --- [ool-10-thread-1] tourGuide.service.TourGuideService       : Track Location for user internalUser93
2022-10-03 09:59:08.183  INFO 38196 --- [ool-10-thread-1] tourGuide.service.TourGuideService       : Track Location for user internalUser284
2022-10-03 09:59:08.183  INFO 38196 --- [ool-10-thread-1] tourGuide.service.TourGuideService       : Track Location for user internalUser285
2022-10-03 09:59:08.183  INFO 38196 --- [ool-10-thread-1] tourGuide.service.TourGuideService       : Track Location for user internalUser282
2022-10-03 09:59:08.183  INFO 38196 --- [ool-10-thread-1] tourGuide.service.TourGuideService       : Track Location for user internalUser283
2022-10-03 09:59:08.183  INFO 38196 --- [ool-10-thread-1] tourGuide.service.TourGuideService       : Track Location for user internalUser280
2022-10-03 09:59:08.183  INFO 38196 --- [ool-10-thread-1] tourGuide.service.TourGuideService       : Track Location for user internalUser281
2022-10-03 09:59:08.184  INFO 38196 --- [ool-10-thread-1] tourGuide.service.TourGuideService       : Track Location for user internalUser288
2022-10-03 09:59:08.184  INFO 38196 --- [ool-10-thread-1] tourGuide.service.TourGuideService       : Track Location for user internalUser289
2022-10-03 09:59:08.184  INFO 38196 --- [ool-10-thread-1] tourGuide.service.TourGuideService       : Track Location for user internalUser286
2022-10-03 09:59:08.184  INFO 38196 --- [ool-10-thread-1] tourGuide.service.TourGuideService       : Track Location for user internalUser287
2022-10-03 09:59:08.184  INFO 38196 --- [ool-10-thread-1] tourGuide.service.TourGuideService       : Track Location for user internalUser295
2022-10-03 09:59:08.184  INFO 38196 --- [ool-10-thread-1] tourGuide.service.TourGuideService       : Track Location for user internalUser296
2022-10-03 09:59:08.185  INFO 38196 --- [ool-10-thread-1] tourGuide.service.TourGuideService       : Track Location for user internalUser293
2022-10-03 09:59:08.185  INFO 38196 --- [ool-10-thread-1] tourGuide.service.TourGuideService       : Track Location for user internalUser294
2022-10-03 09:59:08.185  INFO 38196 --- [ool-10-thread-1] tourGuide.service.TourGuideService       : Track Location for user internalUser291
2022-10-03 09:59:08.185  INFO 38196 --- [ool-10-thread-1] tourGuide.service.TourGuideService       : Track Location for user internalUser292
2022-10-03 09:59:08.185  INFO 38196 --- [ool-10-thread-1] tourGuide.service.TourGuideService       : Track Location for user internalUser290
2022-10-03 09:59:08.185  INFO 38196 --- [ool-10-thread-1] tourGuide.service.TourGuideService       : Track Location for user internalUser299
2022-10-03 09:59:08.186  INFO 38196 --- [ool-10-thread-1] tourGuide.service.TourGuideService       : Track Location for user internalUser297
2022-10-03 09:59:08.186  INFO 38196 --- [ool-10-thread-1] tourGuide.service.TourGuideService       : Track Location for user internalUser298
2022-10-03 09:59:08.186  INFO 38196 --- [ool-10-thread-1] tourGuide.service.TourGuideService       : Track Location for user internalUser240
2022-10-03 09:59:08.186  INFO 38196 --- [ool-10-thread-1] tourGuide.service.TourGuideService       : Track Location for user internalUser482
2022-10-03 09:59:08.186  INFO 38196 --- [ool-10-thread-1] tourGuide.service.TourGuideService       : Track Location for user internalUser241
2022-10-03 09:59:08.186  INFO 38196 --- [ool-10-thread-1] tourGuide.service.TourGuideService       : Track Location for user internalUser483
2022-10-03 09:59:08.187  INFO 38196 --- [ool-10-thread-1] tourGuide.service.TourGuideService       : Track Location for user internalUser480
2022-10-03 09:59:08.187  INFO 38196 --- [ool-10-thread-1] tourGuide.service.TourGuideService       : Track Location for user internalUser481
2022-10-03 09:59:08.187  INFO 38196 --- [ool-10-thread-1] tourGuide.service.TourGuideService       : Track Location for user internalUser248
2022-10-03 09:59:08.187  INFO 38196 --- [ool-10-thread-1] tourGuide.service.TourGuideService       : Track Location for user internalUser249
2022-10-03 09:59:08.187  INFO 38196 --- [ool-10-thread-1] tourGuide.service.TourGuideService       : Track Location for user internalUser246
2022-10-03 09:59:08.187  INFO 38196 --- [ool-10-thread-1] tourGuide.service.TourGuideService       : Track Location for user internalUser488
2022-10-03 09:59:08.188  INFO 38196 --- [ool-10-thread-1] tourGuide.service.TourGuideService       : Track Location for user internalUser247
2022-10-03 09:59:08.188  INFO 38196 --- [ool-10-thread-1] tourGuide.service.TourGuideService       : Track Location for user internalUser489
2022-10-03 09:59:08.188  INFO 38196 --- [ool-10-thread-1] tourGuide.service.TourGuideService       : Track Location for user internalUser244
2022-10-03 09:59:08.188  INFO 38196 --- [ool-10-thread-1] tourGuide.service.TourGuideService       : Track Location for user internalUser486
2022-10-03 09:59:08.188  INFO 38196 --- [ool-10-thread-1] tourGuide.service.TourGuideService       : Track Location for user internalUser245
2022-10-03 09:59:08.188  INFO 38196 --- [ool-10-thread-1] tourGuide.service.TourGuideService       : Track Location for user internalUser487
2022-10-03 09:59:08.189  INFO 38196 --- [ool-10-thread-1] tourGuide.service.TourGuideService       : Track Location for user internalUser242
2022-10-03 09:59:08.189  INFO 38196 --- [ool-10-thread-1] tourGuide.service.TourGuideService       : Track Location for user internalUser484
2022-10-03 09:59:08.189  INFO 38196 --- [ool-10-thread-1] tourGuide.service.TourGuideService       : Track Location for user internalUser243
2022-10-03 09:59:08.189  INFO 38196 --- [ool-10-thread-1] tourGuide.service.TourGuideService       : Track Location for user internalUser485
2022-10-03 09:59:08.189  INFO 38196 --- [ool-10-thread-1] tourGuide.service.TourGuideService       : Track Location for user internalUser251
2022-10-03 09:59:08.189  INFO 38196 --- [ool-10-thread-1] tourGuide.service.TourGuideService       : Track Location for user internalUser493
2022-10-03 09:59:08.190  INFO 38196 --- [ool-10-thread-1] tourGuide.service.TourGuideService       : Track Location for user internalUser252
2022-10-03 09:59:08.190  INFO 38196 --- [ool-10-thread-1] tourGuide.service.TourGuideService       : Track Location for user internalUser494
2022-10-03 09:59:08.191  INFO 38196 --- [ool-10-thread-1] tourGuide.service.TourGuideService       : Track Location for user internalUser491
2022-10-03 09:59:08.191  INFO 38196 --- [ool-10-thread-1] tourGuide.service.TourGuideService       : Track Location for user internalUser250
2022-10-03 09:59:08.192  INFO 38196 --- [ool-10-thread-1] tourGuide.service.TourGuideService       : Track Location for user internalUser492
2022-10-03 09:59:08.192  INFO 38196 --- [ool-10-thread-1] tourGuide.service.TourGuideService       : Track Location for user internalUser490
2022-10-03 09:59:08.193  INFO 38196 --- [ool-10-thread-1] tourGuide.service.TourGuideService       : Track Location for user internalUser259
2022-10-03 09:59:08.193  INFO 38196 --- [ool-10-thread-1] tourGuide.service.TourGuideService       : Track Location for user internalUser257
2022-10-03 09:59:08.193  INFO 38196 --- [ool-10-thread-1] tourGuide.service.TourGuideService       : Track Location for user internalUser499
2022-10-03 09:59:08.194  INFO 38196 --- [ool-10-thread-1] tourGuide.service.TourGuideService       : Track Location for user internalUser258
2022-10-03 09:59:08.194  INFO 38196 --- [ool-10-thread-1] tourGuide.service.TourGuideService       : Track Location for user internalUser255
2022-10-03 09:59:08.194  INFO 38196 --- [ool-10-thread-1] tourGuide.service.TourGuideService       : Track Location for user internalUser497
2022-10-03 09:59:08.195  INFO 38196 --- [ool-10-thread-1] tourGuide.service.TourGuideService       : Track Location for user internalUser256
2022-10-03 09:59:08.195  INFO 38196 --- [ool-10-thread-1] tourGuide.service.TourGuideService       : Track Location for user internalUser498
2022-10-03 09:59:08.195  INFO 38196 --- [ool-10-thread-1] tourGuide.service.TourGuideService       : Track Location for user internalUser253
2022-10-03 09:59:08.195  INFO 38196 --- [ool-10-thread-1] tourGuide.service.TourGuideService       : Track Location for user internalUser495
2022-10-03 09:59:08.195  INFO 38196 --- [ool-10-thread-1] tourGuide.service.TourGuideService       : Track Location for user internalUser254
2022-10-03 09:59:08.195  INFO 38196 --- [ool-10-thread-1] tourGuide.service.TourGuideService       : Track Location for user internalUser496
2022-10-03 09:59:08.196  INFO 38196 --- [ool-10-thread-1] tourGuide.service.TourGuideService       : Track Location for user internalUser262
2022-10-03 09:59:08.196  INFO 38196 --- [ool-10-thread-1] tourGuide.service.TourGuideService       : Track Location for user internalUser263
2022-10-03 09:59:08.196  INFO 38196 --- [ool-10-thread-1] tourGuide.service.TourGuideService       : Track Location for user internalUser260
2022-10-03 09:59:08.196  INFO 38196 --- [ool-10-thread-1] tourGuide.service.TourGuideService       : Track Location for user internalUser261
2022-10-03 09:59:08.196  INFO 38196 --- [ool-10-thread-1] tourGuide.service.TourGuideService       : Track Location for user internalUser268
2022-10-03 09:59:08.197  INFO 38196 --- [ool-10-thread-1] tourGuide.service.TourGuideService       : Track Location for user internalUser269
2022-10-03 09:59:08.197  INFO 38196 --- [ool-10-thread-1] tourGuide.service.TourGuideService       : Track Location for user internalUser266
2022-10-03 09:59:08.197  INFO 38196 --- [ool-10-thread-1] tourGuide.service.TourGuideService       : Track Location for user internalUser267
2022-10-03 09:59:08.197  INFO 38196 --- [ool-10-thread-1] tourGuide.service.TourGuideService       : Track Location for user internalUser264
2022-10-03 09:59:08.197  INFO 38196 --- [ool-10-thread-1] tourGuide.service.TourGuideService       : Track Location for user internalUser265
2022-10-03 09:59:08.197  INFO 38196 --- [ool-10-thread-1] tourGuide.service.TourGuideService       : Track Location for user internalUser273
2022-10-03 09:59:08.198  INFO 38196 --- [ool-10-thread-1] tourGuide.service.TourGuideService       : Track Location for user internalUser274
2022-10-03 09:59:08.198  INFO 38196 --- [ool-10-thread-1] tourGuide.service.TourGuideService       : Track Location for user internalUser271
2022-10-03 09:59:08.198  INFO 38196 --- [ool-10-thread-1] tourGuide.service.TourGuideService       : Track Location for user internalUser272
2022-10-03 09:59:08.198  INFO 38196 --- [ool-10-thread-1] tourGuide.service.TourGuideService       : Track Location for user internalUser270
2022-10-03 09:59:08.198  INFO 38196 --- [ool-10-thread-1] tourGuide.service.TourGuideService       : Track Location for user internalUser279
2022-10-03 09:59:08.198  INFO 38196 --- [ool-10-thread-1] tourGuide.service.TourGuideService       : Track Location for user internalUser277
2022-10-03 09:59:08.198  INFO 38196 --- [ool-10-thread-1] tourGuide.service.TourGuideService       : Track Location for user internalUser278
2022-10-03 09:59:08.199  INFO 38196 --- [ool-10-thread-1] tourGuide.service.TourGuideService       : Track Location for user internalUser275
2022-10-03 09:59:08.199  INFO 38196 --- [ool-10-thread-1] tourGuide.service.TourGuideService       : Track Location for user internalUser276
2022-10-03 09:59:08.199  INFO 38196 --- [ool-10-thread-1] tourGuide.service.TourGuideService       : Track Location for user internalUser680
2022-10-03 09:59:08.199  INFO 38196 --- [ool-10-thread-1] tourGuide.service.TourGuideService       : Track Location for user internalUser681
2022-10-03 09:59:08.199  INFO 38196 --- [ool-10-thread-1] tourGuide.service.TourGuideService       : Track Location for user internalUser204
2022-10-03 09:59:08.200  INFO 38196 --- [ool-10-thread-1] tourGuide.service.TourGuideService       : Track Location for user internalUser446
2022-10-03 09:59:08.200  INFO 38196 --- [ool-10-thread-1] tourGuide.service.TourGuideService       : Track Location for user internalUser688
2022-10-03 09:59:08.200  INFO 38196 --- [ool-10-thread-1] tourGuide.service.TourGuideService       : Track Location for user internalUser205
2022-10-03 09:59:08.200  INFO 38196 --- [ool-10-thread-1] tourGuide.service.TourGuideService       : Track Location for user internalUser447
2022-10-03 09:59:08.200  INFO 38196 --- [ool-10-thread-1] tourGuide.service.TourGuideService       : Track Location for user internalUser689
2022-10-03 09:59:08.201  INFO 38196 --- [ool-10-thread-1] tourGuide.service.TourGuideService       : Track Location for user internalUser202
2022-10-03 09:59:08.201  INFO 38196 --- [ool-10-thread-1] tourGuide.service.TourGuideService       : Track Location for user internalUser444
2022-10-03 09:59:08.201  INFO 38196 --- [ool-10-thread-1] tourGuide.service.TourGuideService       : Track Location for user internalUser686
2022-10-03 09:59:08.201  INFO 38196 --- [ool-10-thread-1] tourGuide.service.TourGuideService       : Track Location for user internalUser203
2022-10-03 09:59:08.201  INFO 38196 --- [ool-10-thread-1] tourGuide.service.TourGuideService       : Track Location for user internalUser445
2022-10-03 09:59:08.202  INFO 38196 --- [ool-10-thread-1] tourGuide.service.TourGuideService       : Track Location for user internalUser687
2022-10-03 09:59:08.202  INFO 38196 --- [ool-10-thread-1] tourGuide.service.TourGuideService       : Track Location for user internalUser200
2022-10-03 09:59:08.202  INFO 38196 --- [ool-10-thread-1] tourGuide.service.TourGuideService       : Track Location for user internalUser442
2022-10-03 09:59:08.202  INFO 38196 --- [ool-10-thread-1] tourGuide.service.TourGuideService       : Track Location for user internalUser684
2022-10-03 09:59:08.203  INFO 38196 --- [ool-10-thread-1] tourGuide.service.TourGuideService       : Track Location for user internalUser201
2022-10-03 09:59:08.203  INFO 38196 --- [ool-10-thread-1] tourGuide.service.TourGuideService       : Track Location for user internalUser443
2022-10-03 09:59:08.203  INFO 38196 --- [ool-10-thread-1] tourGuide.service.TourGuideService       : Track Location for user internalUser685
2022-10-03 09:59:08.203  INFO 38196 --- [ool-10-thread-1] tourGuide.service.TourGuideService       : Track Location for user internalUser440
2022-10-03 09:59:08.203  INFO 38196 --- [ool-10-thread-1] tourGuide.service.TourGuideService       : Track Location for user internalUser682
2022-10-03 09:59:08.203  INFO 38196 --- [ool-10-thread-1] tourGuide.service.TourGuideService       : Track Location for user internalUser441
2022-10-03 09:59:08.204  INFO 38196 --- [ool-10-thread-1] tourGuide.service.TourGuideService       : Track Location for user internalUser683
2022-10-03 09:59:08.204  INFO 38196 --- [ool-10-thread-1] tourGuide.service.TourGuideService       : Track Location for user internalUser208
2022-10-03 09:59:08.204  INFO 38196 --- [ool-10-thread-1] tourGuide.service.TourGuideService       : Track Location for user internalUser209
2022-10-03 09:59:08.204  INFO 38196 --- [ool-10-thread-1] tourGuide.service.TourGuideService       : Track Location for user internalUser206
2022-10-03 09:59:08.204  INFO 38196 --- [ool-10-thread-1] tourGuide.service.TourGuideService       : Track Location for user internalUser448
2022-10-03 09:59:08.206  INFO 38196 --- [ool-10-thread-1] tourGuide.service.TourGuideService       : Track Location for user internalUser207
2022-10-03 09:59:08.207  INFO 38196 --- [ool-10-thread-1] tourGuide.service.TourGuideService       : Track Location for user internalUser449
2022-10-03 09:59:08.208  INFO 38196 --- [ool-10-thread-1] tourGuide.service.TourGuideService       : Track Location for user internalUser691
2022-10-03 09:59:08.209  INFO 38196 --- [ool-10-thread-1] tourGuide.service.TourGuideService       : Track Location for user internalUser450
2022-10-03 09:59:08.209  INFO 38196 --- [ool-10-thread-1] tourGuide.service.TourGuideService       : Track Location for user internalUser692
2022-10-03 09:59:08.210  INFO 38196 --- [ool-10-thread-1] tourGuide.service.TourGuideService       : Track Location for user internalUser690
2022-10-03 09:59:08.210  INFO 38196 --- [ool-10-thread-1] tourGuide.service.TourGuideService       : Track Location for user internalUser215
2022-10-03 09:59:08.211  INFO 38196 --- [ool-10-thread-1] tourGuide.service.TourGuideService       : Track Location for user internalUser457
2022-10-03 09:59:08.211  INFO 38196 --- [ool-10-thread-1] tourGuide.service.TourGuideService       : Track Location for user internalUser699
2022-10-03 09:59:08.211  INFO 38196 --- [ool-10-thread-1] tourGuide.service.TourGuideService       : Track Location for user internalUser216
2022-10-03 09:59:08.211  INFO 38196 --- [ool-10-thread-1] tourGuide.service.TourGuideService       : Track Location for user internalUser458
2022-10-03 09:59:08.211  INFO 38196 --- [ool-10-thread-1] tourGuide.service.TourGuideService       : Track Location for user internalUser213
2022-10-03 09:59:08.212  INFO 38196 --- [ool-10-thread-1] tourGuide.service.TourGuideService       : Track Location for user internalUser455
2022-10-03 09:59:08.212  INFO 38196 --- [ool-10-thread-1] tourGuide.service.TourGuideService       : Track Location for user internalUser697
2022-10-03 09:59:08.212  INFO 38196 --- [ool-10-thread-1] tourGuide.service.TourGuideService       : Track Location for user internalUser214
2022-10-03 09:59:08.212  INFO 38196 --- [ool-10-thread-1] tourGuide.service.TourGuideService       : Track Location for user internalUser456
2022-10-03 09:59:08.212  INFO 38196 --- [ool-10-thread-1] tourGuide.service.TourGuideService       : Track Location for user internalUser698
2022-10-03 09:59:08.212  INFO 38196 --- [ool-10-thread-1] tourGuide.service.TourGuideService       : Track Location for user internalUser211
2022-10-03 09:59:08.212  INFO 38196 --- [ool-10-thread-1] tourGuide.service.TourGuideService       : Track Location for user internalUser453
2022-10-03 09:59:08.213  INFO 38196 --- [ool-10-thread-1] tourGuide.service.TourGuideService       : Track Location for user internalUser695
2022-10-03 09:59:08.213  INFO 38196 --- [ool-10-thread-1] tourGuide.service.TourGuideService       : Track Location for user internalUser212
2022-10-03 09:59:08.213  INFO 38196 --- [ool-10-thread-1] tourGuide.service.TourGuideService       : Track Location for user internalUser454
2022-10-03 09:59:08.213  INFO 38196 --- [ool-10-thread-1] tourGuide.service.TourGuideService       : Track Location for user internalUser696
2022-10-03 09:59:08.213  INFO 38196 --- [ool-10-thread-1] tourGuide.service.TourGuideService       : Track Location for user internalUser451
2022-10-03 09:59:08.213  INFO 38196 --- [ool-10-thread-1] tourGuide.service.TourGuideService       : Track Location for user internalUser693
2022-10-03 09:59:08.214  INFO 38196 --- [ool-10-thread-1] tourGuide.service.TourGuideService       : Track Location for user internalUser210
2022-10-03 09:59:08.214  INFO 38196 --- [ool-10-thread-1] tourGuide.service.TourGuideService       : Track Location for user internalUser452
2022-10-03 09:59:08.214  INFO 38196 --- [ool-10-thread-1] tourGuide.service.TourGuideService       : Track Location for user internalUser694
2022-10-03 09:59:08.214  INFO 38196 --- [ool-10-thread-1] tourGuide.service.TourGuideService       : Track Location for user internalUser219
2022-10-03 09:59:08.214  INFO 38196 --- [ool-10-thread-1] tourGuide.service.TourGuideService       : Track Location for user internalUser217
2022-10-03 09:59:08.215  INFO 38196 --- [ool-10-thread-1] tourGuide.service.TourGuideService       : Track Location for user internalUser459
2022-10-03 09:59:08.215  INFO 38196 --- [ool-10-thread-1] tourGuide.service.TourGuideService       : Track Location for user internalUser218
2022-10-03 09:59:08.215  INFO 38196 --- [ool-10-thread-1] tourGuide.service.TourGuideService       : Track Location for user internalUser460
2022-10-03 09:59:08.215  INFO 38196 --- [ool-10-thread-1] tourGuide.service.TourGuideService       : Track Location for user internalUser461
2022-10-03 09:59:08.215  INFO 38196 --- [ool-10-thread-1] tourGuide.service.TourGuideService       : Track Location for user internalUser226
2022-10-03 09:59:08.215  INFO 38196 --- [ool-10-thread-1] tourGuide.service.TourGuideService       : Track Location for user internalUser468
2022-10-03 09:59:08.216  INFO 38196 --- [ool-10-thread-1] tourGuide.service.TourGuideService       : Track Location for user internalUser227
2022-10-03 09:59:08.216  INFO 38196 --- [ool-10-thread-1] tourGuide.service.TourGuideService       : Track Location for user internalUser469
2022-10-03 09:59:08.216  INFO 38196 --- [ool-10-thread-1] tourGuide.service.TourGuideService       : Track Location for user internalUser224
2022-10-03 09:59:08.216  INFO 38196 --- [ool-10-thread-1] tourGuide.service.TourGuideService       : Track Location for user internalUser466
2022-10-03 09:59:08.216  INFO 38196 --- [ool-10-thread-1] tourGuide.service.TourGuideService       : Track Location for user internalUser225
2022-10-03 09:59:08.216  INFO 38196 --- [ool-10-thread-1] tourGuide.service.TourGuideService       : Track Location for user internalUser467
2022-10-03 09:59:08.217  INFO 38196 --- [ool-10-thread-1] tourGuide.service.TourGuideService       : Track Location for user internalUser222
2022-10-03 09:59:08.217  INFO 38196 --- [ool-10-thread-1] tourGuide.service.TourGuideService       : Track Location for user internalUser464
2022-10-03 09:59:08.217  INFO 38196 --- [ool-10-thread-1] tourGuide.service.TourGuideService       : Track Location for user internalUser223
2022-10-03 09:59:08.217  INFO 38196 --- [ool-10-thread-1] tourGuide.service.TourGuideService       : Track Location for user internalUser465
2022-10-03 09:59:08.217  INFO 38196 --- [ool-10-thread-1] tourGuide.service.TourGuideService       : Track Location for user internalUser220
2022-10-03 09:59:08.218  INFO 38196 --- [ool-10-thread-1] tourGuide.service.TourGuideService       : Track Location for user internalUser462
2022-10-03 09:59:08.218  INFO 38196 --- [ool-10-thread-1] tourGuide.service.TourGuideService       : Track Location for user internalUser221
2022-10-03 09:59:08.218  INFO 38196 --- [ool-10-thread-1] tourGuide.service.TourGuideService       : Track Location for user internalUser463
2022-10-03 09:59:08.218  INFO 38196 --- [ool-10-thread-1] tourGuide.service.TourGuideService       : Track Location for user internalUser228
2022-10-03 09:59:08.218  INFO 38196 --- [ool-10-thread-1] tourGuide.service.TourGuideService       : Track Location for user internalUser229
2022-10-03 09:59:08.218  INFO 38196 --- [ool-10-thread-1] tourGuide.service.TourGuideService       : Track Location for user internalUser471
2022-10-03 09:59:08.218  INFO 38196 --- [ool-10-thread-1] tourGuide.service.TourGuideService       : Track Location for user internalUser230
2022-10-03 09:59:08.219  INFO 38196 --- [ool-10-thread-1] tourGuide.service.TourGuideService       : Track Location for user internalUser472
2022-10-03 09:59:08.219  INFO 38196 --- [ool-10-thread-1] tourGuide.service.TourGuideService       : Track Location for user internalUser470
2022-10-03 09:59:08.219  INFO 38196 --- [ool-10-thread-1] tourGuide.service.TourGuideService       : Track Location for user internalUser237
2022-10-03 09:59:08.219  INFO 38196 --- [ool-10-thread-1] tourGuide.service.TourGuideService       : Track Location for user internalUser479
2022-10-03 09:59:08.219  INFO 38196 --- [ool-10-thread-1] tourGuide.service.TourGuideService       : Track Location for user internalUser238
2022-10-03 09:59:08.219  INFO 38196 --- [ool-10-thread-1] tourGuide.service.TourGuideService       : Track Location for user internalUser235
2022-10-03 09:59:08.220  INFO 38196 --- [ool-10-thread-1] tourGuide.service.TourGuideService       : Track Location for user internalUser477
2022-10-03 09:59:08.220  INFO 38196 --- [ool-10-thread-1] tourGuide.service.TourGuideService       : Track Location for user internalUser236
2022-10-03 09:59:08.220  INFO 38196 --- [ool-10-thread-1] tourGuide.service.TourGuideService       : Track Location for user internalUser478
2022-10-03 09:59:08.220  INFO 38196 --- [ool-10-thread-1] tourGuide.service.TourGuideService       : Track Location for user internalUser233
2022-10-03 09:59:08.220  INFO 38196 --- [ool-10-thread-1] tourGuide.service.TourGuideService       : Track Location for user internalUser475
2022-10-03 09:59:08.220  INFO 38196 --- [ool-10-thread-1] tourGuide.service.TourGuideService       : Track Location for user internalUser234
2022-10-03 09:59:08.221  INFO 38196 --- [ool-10-thread-1] tourGuide.service.TourGuideService       : Track Location for user internalUser476
2022-10-03 09:59:08.241  INFO 38196 --- [ool-10-thread-1] tourGuide.service.TourGuideService       : Track Location for user internalUser231
2022-10-03 09:59:08.242  INFO 38196 --- [ool-10-thread-1] tourGuide.service.TourGuideService       : Track Location for user internalUser473
2022-10-03 09:59:08.242  INFO 38196 --- [ool-10-thread-1] tourGuide.service.TourGuideService       : Track Location for user internalUser232
2022-10-03 09:59:08.242  INFO 38196 --- [ool-10-thread-1] tourGuide.service.TourGuideService       : Track Location for user internalUser474
2022-10-03 09:59:08.242  INFO 38196 --- [ool-10-thread-1] tourGuide.service.TourGuideService       : Track Location for user internalUser239
2022-10-03 09:59:08.242  INFO 38196 --- [ool-10-thread-1] tourGuide.service.TourGuideService       : Track Location for user internalUser402
2022-10-03 09:59:08.243  INFO 38196 --- [ool-10-thread-1] tourGuide.service.TourGuideService       : Track Location for user internalUser644
2022-10-03 09:59:08.243  INFO 38196 --- [ool-10-thread-1] tourGuide.service.TourGuideService       : Track Location for user internalUser886
2022-10-03 09:59:08.243  INFO 38196 --- [ool-10-thread-1] tourGuide.service.TourGuideService       : Track Location for user internalUser403
2022-10-03 09:59:08.243  INFO 38196 --- [ool-10-thread-1] tourGuide.service.TourGuideService       : Track Location for user internalUser645
2022-10-03 09:59:08.243  INFO 38196 --- [ool-10-thread-1] tourGuide.service.TourGuideService       : Track Location for user internalUser887
2022-10-03 09:59:08.243  INFO 38196 --- [ool-10-thread-1] tourGuide.service.TourGuideService       : Track Location for user internalUser400
2022-10-03 09:59:08.244  INFO 38196 --- [ool-10-thread-1] tourGuide.service.TourGuideService       : Track Location for user internalUser642
2022-10-03 09:59:08.244  INFO 38196 --- [ool-10-thread-1] tourGuide.service.TourGuideService       : Track Location for user internalUser884
2022-10-03 09:59:08.244  INFO 38196 --- [ool-10-thread-1] tourGuide.service.TourGuideService       : Track Location for user internalUser401
2022-10-03 09:59:08.244  INFO 38196 --- [ool-10-thread-1] tourGuide.service.TourGuideService       : Track Location for user internalUser643
2022-10-03 09:59:08.244  INFO 38196 --- [ool-10-thread-1] tourGuide.service.TourGuideService       : Track Location for user internalUser885
2022-10-03 09:59:08.244  INFO 38196 --- [ool-10-thread-1] tourGuide.service.TourGuideService       : Track Location for user internalUser640
2022-10-03 09:59:08.245  INFO 38196 --- [ool-10-thread-1] tourGuide.service.TourGuideService       : Track Location for user internalUser882
2022-10-03 09:59:08.245  INFO 38196 --- [ool-10-thread-1] tourGuide.service.TourGuideService       : Track Location for user internalUser641
2022-10-03 09:59:08.245  INFO 38196 --- [ool-10-thread-1] tourGuide.service.TourGuideService       : Track Location for user internalUser883
2022-10-03 09:59:08.245  INFO 38196 --- [ool-10-thread-1] tourGuide.service.TourGuideService       : Track Location for user internalUser880
2022-10-03 09:59:08.245  INFO 38196 --- [ool-10-thread-1] tourGuide.service.TourGuideService       : Track Location for user internalUser881
2022-10-03 09:59:08.245  INFO 38196 --- [ool-10-thread-1] tourGuide.service.TourGuideService       : Track Location for user internalUser408
2022-10-03 09:59:08.246  INFO 38196 --- [ool-10-thread-1] tourGuide.service.TourGuideService       : Track Location for user internalUser409
2022-10-03 09:59:08.246  INFO 38196 --- [ool-10-thread-1] tourGuide.service.TourGuideService       : Track Location for user internalUser406
2022-10-03 09:59:08.246  INFO 38196 --- [ool-10-thread-1] tourGuide.service.TourGuideService       : Track Location for user internalUser648
2022-10-03 09:59:08.246  INFO 38196 --- [ool-10-thread-1] tourGuide.service.TourGuideService       : Track Location for user internalUser407
2022-10-03 09:59:08.246  INFO 38196 --- [ool-10-thread-1] tourGuide.service.TourGuideService       : Track Location for user internalUser649
2022-10-03 09:59:08.246  INFO 38196 --- [ool-10-thread-1] tourGuide.service.TourGuideService       : Track Location for user internalUser404
2022-10-03 09:59:08.246  INFO 38196 --- [ool-10-thread-1] tourGuide.service.TourGuideService       : Track Location for user internalUser646
2022-10-03 09:59:08.247  INFO 38196 --- [ool-10-thread-1] tourGuide.service.TourGuideService       : Track Location for user internalUser888
2022-10-03 09:59:08.247  INFO 38196 --- [ool-10-thread-1] tourGuide.service.TourGuideService       : Track Location for user internalUser405
2022-10-03 09:59:08.247  INFO 38196 --- [ool-10-thread-1] tourGuide.service.TourGuideService       : Track Location for user internalUser647
2022-10-03 09:59:08.247  INFO 38196 --- [ool-10-thread-1] tourGuide.service.TourGuideService       : Track Location for user internalUser889
2022-10-03 09:59:08.247  INFO 38196 --- [ool-10-thread-1] tourGuide.service.TourGuideService       : Track Location for user internalUser890
2022-10-03 09:59:08.247  INFO 38196 --- [ool-10-thread-1] tourGuide.service.TourGuideService       : Track Location for user internalUser413
2022-10-03 09:59:08.248  INFO 38196 --- [ool-10-thread-1] tourGuide.service.TourGuideService       : Track Location for user internalUser655
2022-10-03 09:59:08.248  INFO 38196 --- [ool-10-thread-1] tourGuide.service.TourGuideService       : Track Location for user internalUser897
2022-10-03 09:59:08.248  INFO 38196 --- [ool-10-thread-1] tourGuide.service.TourGuideService       : Track Location for user internalUser414
2022-10-03 09:59:08.248  INFO 38196 --- [ool-10-thread-1] tourGuide.service.TourGuideService       : Track Location for user internalUser656
2022-10-03 09:59:08.248  INFO 38196 --- [ool-10-thread-1] tourGuide.service.TourGuideService       : Track Location for user internalUser898
2022-10-03 09:59:08.249  INFO 38196 --- [ool-10-thread-1] tourGuide.service.TourGuideService       : Track Location for user internalUser411
2022-10-03 09:59:08.249  INFO 38196 --- [ool-10-thread-1] tourGuide.service.TourGuideService       : Track Location for user internalUser653
2022-10-03 09:59:08.249  INFO 38196 --- [ool-10-thread-1] tourGuide.service.TourGuideService       : Track Location for user internalUser895
2022-10-03 09:59:08.249  INFO 38196 --- [ool-10-thread-1] tourGuide.service.TourGuideService       : Track Location for user internalUser412
2022-10-03 09:59:08.249  INFO 38196 --- [ool-10-thread-1] tourGuide.service.TourGuideService       : Track Location for user internalUser654
2022-10-03 09:59:08.249  INFO 38196 --- [ool-10-thread-1] tourGuide.service.TourGuideService       : Track Location for user internalUser896
2022-10-03 09:59:08.250  INFO 38196 --- [ool-10-thread-1] tourGuide.service.TourGuideService       : Track Location for user internalUser651
2022-10-03 09:59:08.250  INFO 38196 --- [ool-10-thread-1] tourGuide.service.TourGuideService       : Track Location for user internalUser893
2022-10-03 09:59:08.250  INFO 38196 --- [ool-10-thread-1] tourGuide.service.TourGuideService       : Track Location for user internalUser410
2022-10-03 09:59:08.250  INFO 38196 --- [ool-10-thread-1] tourGuide.service.TourGuideService       : Track Location for user internalUser652
2022-10-03 09:59:08.250  INFO 38196 --- [ool-10-thread-1] tourGuide.service.TourGuideService       : Track Location for user internalUser894
2022-10-03 09:59:08.250  INFO 38196 --- [ool-10-thread-1] tourGuide.service.TourGuideService       : Track Location for user internalUser891
2022-10-03 09:59:08.250  INFO 38196 --- [ool-10-thread-1] tourGuide.service.TourGuideService       : Track Location for user internalUser650
2022-10-03 09:59:08.251  INFO 38196 --- [ool-10-thread-1] tourGuide.service.TourGuideService       : Track Location for user internalUser892
2022-10-03 09:59:08.251  INFO 38196 --- [ool-10-thread-1] tourGuide.service.TourGuideService       : Track Location for user internalUser419
2022-10-03 09:59:08.251  INFO 38196 --- [ool-10-thread-1] tourGuide.service.TourGuideService       : Track Location for user internalUser417
2022-10-03 09:59:08.251  INFO 38196 --- [ool-10-thread-1] tourGuide.service.TourGuideService       : Track Location for user internalUser659
2022-10-03 09:59:08.251  INFO 38196 --- [ool-10-thread-1] tourGuide.service.TourGuideService       : Track Location for user internalUser418
2022-10-03 09:59:08.251  INFO 38196 --- [ool-10-thread-1] tourGuide.service.TourGuideService       : Track Location for user internalUser415
2022-10-03 09:59:08.251  INFO 38196 --- [ool-10-thread-1] tourGuide.service.TourGuideService       : Track Location for user internalUser657
2022-10-03 09:59:08.252  INFO 38196 --- [ool-10-thread-1] tourGuide.service.TourGuideService       : Track Location for user internalUser899
2022-10-03 09:59:08.252  INFO 38196 --- [ool-10-thread-1] tourGuide.service.TourGuideService       : Track Location for user internalUser416
2022-10-03 09:59:08.252  INFO 38196 --- [ool-10-thread-1] tourGuide.service.TourGuideService       : Track Location for user internalUser658
2022-10-03 09:59:08.252  INFO 38196 --- [ool-10-thread-1] tourGuide.service.TourGuideService       : Track Location for user internalUser424
2022-10-03 09:59:08.252  INFO 38196 --- [ool-10-thread-1] tourGuide.service.TourGuideService       : Track Location for user internalUser666
2022-10-03 09:59:08.252  INFO 38196 --- [ool-10-thread-1] tourGuide.service.TourGuideService       : Track Location for user internalUser425
2022-10-03 09:59:08.252  INFO 38196 --- [ool-10-thread-1] tourGuide.service.TourGuideService       : Track Location for user internalUser667
2022-10-03 09:59:08.253  INFO 38196 --- [ool-10-thread-1] tourGuide.service.TourGuideService       : Track Location for user internalUser422
2022-10-03 09:59:08.253  INFO 38196 --- [ool-10-thread-1] tourGuide.service.TourGuideService       : Track Location for user internalUser664
2022-10-03 09:59:08.253  INFO 38196 --- [ool-10-thread-1] tourGuide.service.TourGuideService       : Track Location for user internalUser423
2022-10-03 09:59:08.254  INFO 38196 --- [ool-10-thread-1] tourGuide.service.TourGuideService       : Track Location for user internalUser665
2022-10-03 09:59:08.254  INFO 38196 --- [ool-10-thread-1] tourGuide.service.TourGuideService       : Track Location for user internalUser420
2022-10-03 09:59:08.254  INFO 38196 --- [ool-10-thread-1] tourGuide.service.TourGuideService       : Track Location for user internalUser662
2022-10-03 09:59:08.255  INFO 38196 --- [ool-10-thread-1] tourGuide.service.TourGuideService       : Track Location for user internalUser421
2022-10-03 09:59:08.255  INFO 38196 --- [ool-10-thread-1] tourGuide.service.TourGuideService       : Track Location for user internalUser663
2022-10-03 09:59:08.255  INFO 38196 --- [ool-10-thread-1] tourGuide.service.TourGuideService       : Track Location for user internalUser660
2022-10-03 09:59:08.256  INFO 38196 --- [ool-10-thread-1] tourGuide.service.TourGuideService       : Track Location for user internalUser661
2022-10-03 09:59:08.256  INFO 38196 --- [ool-10-thread-1] tourGuide.service.TourGuideService       : Track Location for user internalUser428
2022-10-03 09:59:08.256  INFO 38196 --- [ool-10-thread-1] tourGuide.service.TourGuideService       : Track Location for user internalUser429
2022-10-03 09:59:08.256  INFO 38196 --- [ool-10-thread-1] tourGuide.service.TourGuideService       : Track Location for user internalUser426
2022-10-03 09:59:08.257  INFO 38196 --- [ool-10-thread-1] tourGuide.service.TourGuideService       : Track Location for user internalUser668
2022-10-03 09:59:08.257  INFO 38196 --- [ool-10-thread-1] tourGuide.service.TourGuideService       : Track Location for user internalUser427
2022-10-03 09:59:08.257  INFO 38196 --- [ool-10-thread-1] tourGuide.service.TourGuideService       : Track Location for user internalUser669
2022-10-03 09:59:08.258  INFO 38196 --- [ool-10-thread-1] tourGuide.service.TourGuideService       : Track Location for user internalUser670
2022-10-03 09:59:08.258  INFO 38196 --- [ool-10-thread-1] tourGuide.service.TourGuideService       : Track Location for user internalUser435
2022-10-03 09:59:08.258  INFO 38196 --- [ool-10-thread-1] tourGuide.service.TourGuideService       : Track Location for user internalUser677
2022-10-03 09:59:08.259  INFO 38196 --- [ool-10-thread-1] tourGuide.service.TourGuideService       : Track Location for user internalUser436
2022-10-03 09:59:08.259  INFO 38196 --- [ool-10-thread-1] tourGuide.service.TourGuideService       : Track Location for user internalUser678
2022-10-03 09:59:08.259  INFO 38196 --- [ool-10-thread-1] tourGuide.service.TourGuideService       : Track Location for user internalUser433
2022-10-03 09:59:08.259  INFO 38196 --- [ool-10-thread-1] tourGuide.service.TourGuideService       : Track Location for user internalUser675
2022-10-03 09:59:08.259  INFO 38196 --- [ool-10-thread-1] tourGuide.service.TourGuideService       : Track Location for user internalUser434
2022-10-03 09:59:08.259  INFO 38196 --- [ool-10-thread-1] tourGuide.service.TourGuideService       : Track Location for user internalUser676
2022-10-03 09:59:08.260  INFO 38196 --- [ool-10-thread-1] tourGuide.service.TourGuideService       : Track Location for user internalUser431
2022-10-03 09:59:08.260  INFO 38196 --- [ool-10-thread-1] tourGuide.service.TourGuideService       : Track Location for user internalUser673
2022-10-03 09:59:08.260  INFO 38196 --- [ool-10-thread-1] tourGuide.service.TourGuideService       : Track Location for user internalUser432
2022-10-03 09:59:08.260  INFO 38196 --- [ool-10-thread-1] tourGuide.service.TourGuideService       : Track Location for user internalUser674
2022-10-03 09:59:08.261  INFO 38196 --- [ool-10-thread-1] tourGuide.service.TourGuideService       : Track Location for user internalUser671
2022-10-03 09:59:08.261  INFO 38196 --- [ool-10-thread-1] tourGuide.service.TourGuideService       : Track Location for user internalUser430
2022-10-03 09:59:08.261  INFO 38196 --- [ool-10-thread-1] tourGuide.service.TourGuideService       : Track Location for user internalUser672
2022-10-03 09:59:08.261  INFO 38196 --- [ool-10-thread-1] tourGuide.service.TourGuideService       : Track Location for user internalUser439
2022-10-03 09:59:08.261  INFO 38196 --- [ool-10-thread-1] tourGuide.service.TourGuideService       : Track Location for user internalUser437
2022-10-03 09:59:08.261  INFO 38196 --- [ool-10-thread-1] tourGuide.service.TourGuideService       : Track Location for user internalUser679
2022-10-03 09:59:08.262  INFO 38196 --- [ool-10-thread-1] tourGuide.service.TourGuideService       : Track Location for user internalUser438
2022-10-03 09:59:08.262  INFO 38196 --- [ool-10-thread-1] tourGuide.service.TourGuideService       : Track Location for user internalUser721
2022-10-03 09:59:08.262  INFO 38196 --- [ool-10-thread-1] tourGuide.service.TourGuideService       : Track Location for user internalUser963
2022-10-03 09:59:08.262  INFO 38196 --- [ool-10-thread-1] tourGuide.service.TourGuideService       : Track Location for user internalUser722
2022-10-03 09:59:08.263  INFO 38196 --- [ool-10-thread-1] tourGuide.service.TourGuideService       : Track Location for user internalUser964
2022-10-03 09:59:08.263  INFO 38196 --- [ool-10-thread-1] tourGuide.service.TourGuideService       : Track Location for user internalUser961
2022-10-03 09:59:08.263  INFO 38196 --- [ool-10-thread-1] tourGuide.service.TourGuideService       : Track Location for user internalUser720
2022-10-03 09:59:08.263  INFO 38196 --- [ool-10-thread-1] tourGuide.service.TourGuideService       : Track Location for user internalUser962
2022-10-03 09:59:08.263  INFO 38196 --- [ool-10-thread-1] tourGuide.service.TourGuideService       : Track Location for user internalUser960
2022-10-03 09:59:08.264  INFO 38196 --- [ool-10-thread-1] tourGuide.service.TourGuideService       : Track Location for user internalUser729
2022-10-03 09:59:08.264  INFO 38196 --- [ool-10-thread-1] tourGuide.service.TourGuideService       : Track Location for user internalUser727
2022-10-03 09:59:08.264  INFO 38196 --- [ool-10-thread-1] tourGuide.service.TourGuideService       : Track Location for user internalUser969
2022-10-03 09:59:08.264  INFO 38196 --- [ool-10-thread-1] tourGuide.service.TourGuideService       : Track Location for user internalUser728
2022-10-03 09:59:08.264  INFO 38196 --- [ool-10-thread-1] tourGuide.service.TourGuideService       : Track Location for user internalUser725
2022-10-03 09:59:08.265  INFO 38196 --- [ool-10-thread-1] tourGuide.service.TourGuideService       : Track Location for user internalUser967
2022-10-03 09:59:08.265  INFO 38196 --- [ool-10-thread-1] tourGuide.service.TourGuideService       : Track Location for user internalUser726
2022-10-03 09:59:08.265  INFO 38196 --- [ool-10-thread-1] tourGuide.service.TourGuideService       : Track Location for user internalUser968
2022-10-03 09:59:08.265  INFO 38196 --- [ool-10-thread-1] tourGuide.service.TourGuideService       : Track Location for user internalUser723
2022-10-03 09:59:08.265  INFO 38196 --- [ool-10-thread-1] tourGuide.service.TourGuideService       : Track Location for user internalUser965
2022-10-03 09:59:08.266  INFO 38196 --- [ool-10-thread-1] tourGuide.service.TourGuideService       : Track Location for user internalUser724
2022-10-03 09:59:08.266  INFO 38196 --- [ool-10-thread-1] tourGuide.service.TourGuideService       : Track Location for user internalUser966
2022-10-03 09:59:08.266  INFO 38196 --- [ool-10-thread-1] tourGuide.service.TourGuideService       : Track Location for user internalUser732
2022-10-03 09:59:08.266  INFO 38196 --- [ool-10-thread-1] tourGuide.service.TourGuideService       : Track Location for user internalUser974
2022-10-03 09:59:08.266  INFO 38196 --- [ool-10-thread-1] tourGuide.service.TourGuideService       : Track Location for user internalUser733
2022-10-03 09:59:08.267  INFO 38196 --- [ool-10-thread-1] tourGuide.service.TourGuideService       : Track Location for user internalUser975
2022-10-03 09:59:08.267  INFO 38196 --- [ool-10-thread-1] tourGuide.service.TourGuideService       : Track Location for user internalUser730
2022-10-03 09:59:08.267  INFO 38196 --- [ool-10-thread-1] tourGuide.service.TourGuideService       : Track Location for user internalUser972
2022-10-03 09:59:08.267  INFO 38196 --- [ool-10-thread-1] tourGuide.service.TourGuideService       : Track Location for user internalUser731
2022-10-03 09:59:08.270  INFO 38196 --- [ool-10-thread-1] tourGuide.service.TourGuideService       : Track Location for user internalUser973
2022-10-03 09:59:08.272  INFO 38196 --- [ool-10-thread-1] tourGuide.service.TourGuideService       : Track Location for user internalUser970
2022-10-03 09:59:08.272  INFO 38196 --- [ool-10-thread-1] tourGuide.service.TourGuideService       : Track Location for user internalUser971
2022-10-03 09:59:08.272  INFO 38196 --- [ool-10-thread-1] tourGuide.service.TourGuideService       : Track Location for user internalUser738
2022-10-03 09:59:08.273  INFO 38196 --- [ool-10-thread-1] tourGuide.service.TourGuideService       : Track Location for user internalUser739
2022-10-03 09:59:08.273  INFO 38196 --- [ool-10-thread-1] tourGuide.service.TourGuideService       : Track Location for user internalUser736
2022-10-03 09:59:08.277  INFO 38196 --- [ool-10-thread-1] tourGuide.service.TourGuideService       : Track Location for user internalUser978
2022-10-03 09:59:08.278  INFO 38196 --- [ool-10-thread-1] tourGuide.service.TourGuideService       : Track Location for user internalUser737
2022-10-03 09:59:08.278  INFO 38196 --- [ool-10-thread-1] tourGuide.service.TourGuideService       : Track Location for user internalUser979
2022-10-03 09:59:08.278  INFO 38196 --- [ool-10-thread-1] tourGuide.service.TourGuideService       : Track Location for user internalUser734
2022-10-03 09:59:08.278  INFO 38196 --- [ool-10-thread-1] tourGuide.service.TourGuideService       : Track Location for user internalUser976
2022-10-03 09:59:08.278  INFO 38196 --- [ool-10-thread-1] tourGuide.service.TourGuideService       : Track Location for user internalUser735
2022-10-03 09:59:08.279  INFO 38196 --- [ool-10-thread-1] tourGuide.service.TourGuideService       : Track Location for user internalUser977
2022-10-03 09:59:08.279  INFO 38196 --- [ool-10-thread-1] tourGuide.service.TourGuideService       : Track Location for user internalUser501
2022-10-03 09:59:08.279  INFO 38196 --- [ool-10-thread-1] tourGuide.service.TourGuideService       : Track Location for user internalUser743
2022-10-03 09:59:08.279  INFO 38196 --- [ool-10-thread-1] tourGuide.service.TourGuideService       : Track Location for user internalUser985
2022-10-03 09:59:08.280  INFO 38196 --- [ool-10-thread-1] tourGuide.service.TourGuideService       : Track Location for user internalUser502
2022-10-03 09:59:08.281  INFO 38196 --- [ool-10-thread-1] tourGuide.service.TourGuideService       : Track Location for user internalUser744
2022-10-03 09:59:08.281  INFO 38196 --- [ool-10-thread-1] tourGuide.service.TourGuideService       : Track Location for user internalUser986
2022-10-03 09:59:08.281  INFO 38196 --- [ool-10-thread-1] tourGuide.service.TourGuideService       : Track Location for user internalUser741
2022-10-03 09:59:08.281  INFO 38196 --- [ool-10-thread-1] tourGuide.service.TourGuideService       : Track Location for user internalUser983
2022-10-03 09:59:08.281  INFO 38196 --- [ool-10-thread-1] tourGuide.service.TourGuideService       : Track Location for user internalUser500
2022-10-03 09:59:08.282  INFO 38196 --- [ool-10-thread-1] tourGuide.service.TourGuideService       : Track Location for user internalUser742
2022-10-03 09:59:08.282  INFO 38196 --- [ool-10-thread-1] tourGuide.service.TourGuideService       : Track Location for user internalUser984
2022-10-03 09:59:08.282  INFO 38196 --- [ool-10-thread-1] tourGuide.service.TourGuideService       : Track Location for user internalUser981
2022-10-03 09:59:08.282  INFO 38196 --- [ool-10-thread-1] tourGuide.service.TourGuideService       : Track Location for user internalUser740
2022-10-03 09:59:08.282  INFO 38196 --- [ool-10-thread-1] tourGuide.service.TourGuideService       : Track Location for user internalUser982
2022-10-03 09:59:08.282  INFO 38196 --- [ool-10-thread-1] tourGuide.service.TourGuideService       : Track Location for user internalUser980
2022-10-03 09:59:08.282  INFO 38196 --- [ool-10-thread-1] tourGuide.service.TourGuideService       : Track Location for user internalUser509
2022-10-03 09:59:08.282  INFO 38196 --- [ool-10-thread-1] tourGuide.service.TourGuideService       : Track Location for user internalUser507
2022-10-03 09:59:08.286  INFO 38196 --- [ool-10-thread-1] tourGuide.service.TourGuideService       : Track Location for user internalUser749
2022-10-03 09:59:08.287  INFO 38196 --- [ool-10-thread-1] tourGuide.service.TourGuideService       : Track Location for user internalUser508
2022-10-03 09:59:08.287  INFO 38196 --- [ool-10-thread-1] tourGuide.service.TourGuideService       : Track Location for user internalUser505
2022-10-03 09:59:08.287  INFO 38196 --- [ool-10-thread-1] tourGuide.service.TourGuideService       : Track Location for user internalUser747
2022-10-03 09:59:08.287  INFO 38196 --- [ool-10-thread-1] tourGuide.service.TourGuideService       : Track Location for user internalUser989
2022-10-03 09:59:08.287  INFO 38196 --- [ool-10-thread-1] tourGuide.service.TourGuideService       : Track Location for user internalUser506
2022-10-03 09:59:08.288  INFO 38196 --- [ool-10-thread-1] tourGuide.service.TourGuideService       : Track Location for user internalUser748
2022-10-03 09:59:08.288  INFO 38196 --- [ool-10-thread-1] tourGuide.service.TourGuideService       : Track Location for user internalUser503
2022-10-03 09:59:08.288  INFO 38196 --- [ool-10-thread-1] tourGuide.service.TourGuideService       : Track Location for user internalUser745
2022-10-03 09:59:08.288  INFO 38196 --- [ool-10-thread-1] tourGuide.service.TourGuideService       : Track Location for user internalUser987
2022-10-03 09:59:08.288  INFO 38196 --- [ool-10-thread-1] tourGuide.service.TourGuideService       : Track Location for user internalUser504
2022-10-03 09:59:08.288  INFO 38196 --- [ool-10-thread-1] tourGuide.service.TourGuideService       : Track Location for user internalUser746
2022-10-03 09:59:08.288  INFO 38196 --- [ool-10-thread-1] tourGuide.service.TourGuideService       : Track Location for user internalUser988
2022-10-03 09:59:08.289  INFO 38196 --- [ool-10-thread-1] tourGuide.service.TourGuideService       : Track Location for user internalUser512
2022-10-03 09:59:08.289  INFO 38196 --- [ool-10-thread-1] tourGuide.service.TourGuideService       : Track Location for user internalUser754
2022-10-03 09:59:08.289  INFO 38196 --- [ool-10-thread-1] tourGuide.service.TourGuideService       : Track Location for user internalUser996
2022-10-03 09:59:08.289  INFO 38196 --- [ool-10-thread-1] tourGuide.service.TourGuideService       : Track Location for user internalUser513
2022-10-03 09:59:08.289  INFO 38196 --- [ool-10-thread-1] tourGuide.service.TourGuideService       : Track Location for user internalUser755
2022-10-03 09:59:08.289  INFO 38196 --- [ool-10-thread-1] tourGuide.service.TourGuideService       : Track Location for user internalUser997
2022-10-03 09:59:08.289  INFO 38196 --- [ool-10-thread-1] tourGuide.service.TourGuideService       : Track Location for user internalUser510
2022-10-03 09:59:08.290  INFO 38196 --- [ool-10-thread-1] tourGuide.service.TourGuideService       : Track Location for user internalUser752
2022-10-03 09:59:08.290  INFO 38196 --- [ool-10-thread-1] tourGuide.service.TourGuideService       : Track Location for user internalUser994
2022-10-03 09:59:08.291  INFO 38196 --- [ool-10-thread-1] tourGuide.service.TourGuideService       : Track Location for user internalUser511
2022-10-03 09:59:08.291  INFO 38196 --- [ool-10-thread-1] tourGuide.service.TourGuideService       : Track Location for user internalUser753
2022-10-03 09:59:08.291  INFO 38196 --- [ool-10-thread-1] tourGuide.service.TourGuideService       : Track Location for user internalUser995
2022-10-03 09:59:08.291  INFO 38196 --- [ool-10-thread-1] tourGuide.service.TourGuideService       : Track Location for user internalUser750
2022-10-03 09:59:08.291  INFO 38196 --- [ool-10-thread-1] tourGuide.service.TourGuideService       : Track Location for user internalUser992
2022-10-03 09:59:08.291  INFO 38196 --- [ool-10-thread-1] tourGuide.service.TourGuideService       : Track Location for user internalUser751
2022-10-03 09:59:08.291  INFO 38196 --- [ool-10-thread-1] tourGuide.service.TourGuideService       : Track Location for user internalUser993
2022-10-03 09:59:08.292  INFO 38196 --- [ool-10-thread-1] tourGuide.service.TourGuideService       : Track Location for user internalUser990
2022-10-03 09:59:08.292  INFO 38196 --- [ool-10-thread-1] tourGuide.service.TourGuideService       : Track Location for user internalUser991
2022-10-03 09:59:08.292  INFO 38196 --- [ool-10-thread-1] tourGuide.service.TourGuideService       : Track Location for user internalUser518
2022-10-03 09:59:08.292  INFO 38196 --- [ool-10-thread-1] tourGuide.service.TourGuideService       : Track Location for user internalUser519
2022-10-03 09:59:08.292  INFO 38196 --- [ool-10-thread-1] tourGuide.service.TourGuideService       : Track Location for user internalUser516
2022-10-03 09:59:08.292  INFO 38196 --- [ool-10-thread-1] tourGuide.service.TourGuideService       : Track Location for user internalUser758
2022-10-03 09:59:08.292  INFO 38196 --- [ool-10-thread-1] tourGuide.service.TourGuideService       : Track Location for user internalUser517
2022-10-03 09:59:08.292  INFO 38196 --- [ool-10-thread-1] tourGuide.service.TourGuideService       : Track Location for user internalUser759
2022-10-03 09:59:08.293  INFO 38196 --- [ool-10-thread-1] tourGuide.service.TourGuideService       : Track Location for user internalUser514
2022-10-03 09:59:08.293  INFO 38196 --- [ool-10-thread-1] tourGuide.service.TourGuideService       : Track Location for user internalUser756
2022-10-03 09:59:08.293  INFO 38196 --- [ool-10-thread-1] tourGuide.service.TourGuideService       : Track Location for user internalUser998
2022-10-03 09:59:08.293  INFO 38196 --- [ool-10-thread-1] tourGuide.service.TourGuideService       : Track Location for user internalUser515
2022-10-03 09:59:08.293  INFO 38196 --- [ool-10-thread-1] tourGuide.service.TourGuideService       : Track Location for user internalUser757
2022-10-03 09:59:08.293  INFO 38196 --- [ool-10-thread-1] tourGuide.service.TourGuideService       : Track Location for user internalUser999
2022-10-03 09:59:08.293  INFO 38196 --- [ool-10-thread-1] tourGuide.service.TourGuideService       : Track Location for user internalUser920
2022-10-03 09:59:08.293  INFO 38196 --- [ool-10-thread-1] tourGuide.service.TourGuideService       : Track Location for user internalUser927
2022-10-03 09:59:08.294  INFO 38196 --- [ool-10-thread-1] tourGuide.service.TourGuideService       : Track Location for user internalUser928
2022-10-03 09:59:08.294  INFO 38196 --- [ool-10-thread-1] tourGuide.service.TourGuideService       : Track Location for user internalUser925
2022-10-03 09:59:08.294  INFO 38196 --- [ool-10-thread-1] tourGuide.service.TourGuideService       : Track Location for user internalUser926
2022-10-03 09:59:08.294  INFO 38196 --- [ool-10-thread-1] tourGuide.service.TourGuideService       : Track Location for user internalUser923
2022-10-03 09:59:08.294  INFO 38196 --- [ool-10-thread-1] tourGuide.service.TourGuideService       : Track Location for user internalUser924
2022-10-03 09:59:08.294  INFO 38196 --- [ool-10-thread-1] tourGuide.service.TourGuideService       : Track Location for user internalUser921
2022-10-03 09:59:08.294  INFO 38196 --- [ool-10-thread-1] tourGuide.service.TourGuideService       : Track Location for user internalUser922
2022-10-03 09:59:08.294  INFO 38196 --- [ool-10-thread-1] tourGuide.service.TourGuideService       : Track Location for user internalUser929
2022-10-03 09:59:08.295  INFO 38196 --- [ool-10-thread-1] tourGuide.service.TourGuideService       : Track Location for user internalUser930
2022-10-03 09:59:08.295  INFO 38196 --- [ool-10-thread-1] tourGuide.service.TourGuideService       : Track Location for user internalUser931
2022-10-03 09:59:08.295  INFO 38196 --- [ool-10-thread-1] tourGuide.service.TourGuideService       : Track Location for user internalUser938
2022-10-03 09:59:08.295  INFO 38196 --- [ool-10-thread-1] tourGuide.service.TourGuideService       : Track Location for user internalUser939
2022-10-03 09:59:08.295  INFO 38196 --- [ool-10-thread-1] tourGuide.service.TourGuideService       : Track Location for user internalUser936
2022-10-03 09:59:08.295  INFO 38196 --- [ool-10-thread-1] tourGuide.service.TourGuideService       : Track Location for user internalUser937
2022-10-03 09:59:08.295  INFO 38196 --- [ool-10-thread-1] tourGuide.service.TourGuideService       : Track Location for user internalUser934
2022-10-03 09:59:08.295  INFO 38196 --- [ool-10-thread-1] tourGuide.service.TourGuideService       : Track Location for user internalUser935
2022-10-03 09:59:08.296  INFO 38196 --- [ool-10-thread-1] tourGuide.service.TourGuideService       : Track Location for user internalUser932
2022-10-03 09:59:08.296  INFO 38196 --- [ool-10-thread-1] tourGuide.service.TourGuideService       : Track Location for user internalUser933
2022-10-03 09:59:08.296  INFO 38196 --- [ool-10-thread-1] tourGuide.service.TourGuideService       : Track Location for user internalUser941
2022-10-03 09:59:08.296  INFO 38196 --- [ool-10-thread-1] tourGuide.service.TourGuideService       : Track Location for user internalUser700
2022-10-03 09:59:08.296  INFO 38196 --- [ool-10-thread-1] tourGuide.service.TourGuideService       : Track Location for user internalUser942
2022-10-03 09:59:08.297  INFO 38196 --- [ool-10-thread-1] tourGuide.service.TourGuideService       : Track Location for user internalUser940
2022-10-03 09:59:08.297  INFO 38196 --- [ool-10-thread-1] tourGuide.service.TourGuideService       : Track Location for user internalUser707
2022-10-03 09:59:08.297  INFO 38196 --- [ool-10-thread-1] tourGuide.service.TourGuideService       : Track Location for user internalUser949
2022-10-03 09:59:08.297  INFO 38196 --- [ool-10-thread-1] tourGuide.service.TourGuideService       : Track Location for user internalUser708
2022-10-03 09:59:08.297  INFO 38196 --- [ool-10-thread-1] tourGuide.service.TourGuideService       : Track Location for user internalUser705
2022-10-03 09:59:08.302  INFO 38196 --- [ool-10-thread-1] tourGuide.service.TourGuideService       : Track Location for user internalUser947
2022-10-03 09:59:08.303  INFO 38196 --- [ool-10-thread-1] tourGuide.service.TourGuideService       : Track Location for user internalUser706
2022-10-03 09:59:08.303  INFO 38196 --- [ool-10-thread-1] tourGuide.service.TourGuideService       : Track Location for user internalUser948
2022-10-03 09:59:08.303  INFO 38196 --- [ool-10-thread-1] tourGuide.service.TourGuideService       : Track Location for user internalUser703
2022-10-03 09:59:08.303  INFO 38196 --- [ool-10-thread-1] tourGuide.service.TourGuideService       : Track Location for user internalUser945
2022-10-03 09:59:08.303  INFO 38196 --- [ool-10-thread-1] tourGuide.service.TourGuideService       : Track Location for user internalUser704
2022-10-03 09:59:08.303  INFO 38196 --- [ool-10-thread-1] tourGuide.service.TourGuideService       : Track Location for user internalUser946
2022-10-03 09:59:08.303  INFO 38196 --- [ool-10-thread-1] tourGuide.service.TourGuideService       : Track Location for user internalUser701
2022-10-03 09:59:08.304  INFO 38196 --- [ool-10-thread-1] tourGuide.service.TourGuideService       : Track Location for user internalUser943
2022-10-03 09:59:08.304  INFO 38196 --- [ool-10-thread-1] tourGuide.service.TourGuideService       : Track Location for user internalUser702
2022-10-03 09:59:08.304  INFO 38196 --- [ool-10-thread-1] tourGuide.service.TourGuideService       : Track Location for user internalUser944
2022-10-03 09:59:08.304  INFO 38196 --- [ool-10-thread-1] tourGuide.service.TourGuideService       : Track Location for user internalUser709
2022-10-03 09:59:08.304  INFO 38196 --- [ool-10-thread-1] tourGuide.service.TourGuideService       : Track Location for user internalUser710
2022-10-03 09:59:08.304  INFO 38196 --- [ool-10-thread-1] tourGuide.service.TourGuideService       : Track Location for user internalUser952
2022-10-03 09:59:08.305  INFO 38196 --- [ool-10-thread-1] tourGuide.service.TourGuideService       : Track Location for user internalUser711
2022-10-03 09:59:08.305  INFO 38196 --- [ool-10-thread-1] tourGuide.service.TourGuideService       : Track Location for user internalUser953
2022-10-03 09:59:08.305  INFO 38196 --- [ool-10-thread-1] tourGuide.service.TourGuideService       : Track Location for user internalUser950
2022-10-03 09:59:08.305  INFO 38196 --- [ool-10-thread-1] tourGuide.service.TourGuideService       : Track Location for user internalUser951
2022-10-03 09:59:08.306  INFO 38196 --- [ool-10-thread-1] tourGuide.service.TourGuideService       : Track Location for user internalUser718
2022-10-03 09:59:08.306  INFO 38196 --- [ool-10-thread-1] tourGuide.service.TourGuideService       : Track Location for user internalUser719
2022-10-03 09:59:08.306  INFO 38196 --- [ool-10-thread-1] tourGuide.service.TourGuideService       : Track Location for user internalUser716
2022-10-03 09:59:08.307  INFO 38196 --- [ool-10-thread-1] tourGuide.service.TourGuideService       : Track Location for user internalUser958
2022-10-03 09:59:08.307  INFO 38196 --- [ool-10-thread-1] tourGuide.service.TourGuideService       : Track Location for user internalUser717
2022-10-03 09:59:08.307  INFO 38196 --- [ool-10-thread-1] tourGuide.service.TourGuideService       : Track Location for user internalUser959
2022-10-03 09:59:08.307  INFO 38196 --- [ool-10-thread-1] tourGuide.service.TourGuideService       : Track Location for user internalUser714
2022-10-03 09:59:08.308  INFO 38196 --- [ool-10-thread-1] tourGuide.service.TourGuideService       : Track Location for user internalUser956
2022-10-03 09:59:08.308  INFO 38196 --- [ool-10-thread-1] tourGuide.service.TourGuideService       : Track Location for user internalUser715
2022-10-03 09:59:08.309  INFO 38196 --- [ool-10-thread-1] tourGuide.service.TourGuideService       : Track Location for user internalUser957
2022-10-03 09:59:08.309  INFO 38196 --- [ool-10-thread-1] tourGuide.service.TourGuideService       : Track Location for user internalUser712
2022-10-03 09:59:08.309  INFO 38196 --- [ool-10-thread-1] tourGuide.service.TourGuideService       : Track Location for user internalUser954
2022-10-03 09:59:08.309  INFO 38196 --- [ool-10-thread-1] tourGuide.service.TourGuideService       : Track Location for user internalUser713
2022-10-03 09:59:08.309  INFO 38196 --- [ool-10-thread-1] tourGuide.service.TourGuideService       : Track Location for user internalUser955
2022-10-03 09:59:08.310  INFO 38196 --- [ool-10-thread-1] tourGuide.service.TourGuideService       : Track Location for user internalUser905
2022-10-03 09:59:08.310  INFO 38196 --- [ool-10-thread-1] tourGuide.service.TourGuideService       : Track Location for user internalUser906
2022-10-03 09:59:08.310  INFO 38196 --- [ool-10-thread-1] tourGuide.service.TourGuideService       : Track Location for user internalUser903
2022-10-03 09:59:08.310  INFO 38196 --- [ool-10-thread-1] tourGuide.service.TourGuideService       : Track Location for user internalUser904
2022-10-03 09:59:08.311  INFO 38196 --- [ool-10-thread-1] tourGuide.service.TourGuideService       : Track Location for user internalUser901
2022-10-03 09:59:08.311  INFO 38196 --- [ool-10-thread-1] tourGuide.service.TourGuideService       : Track Location for user internalUser902
2022-10-03 09:59:08.311  INFO 38196 --- [ool-10-thread-1] tourGuide.service.TourGuideService       : Track Location for user internalUser900
2022-10-03 09:59:08.311  INFO 38196 --- [ool-10-thread-1] tourGuide.service.TourGuideService       : Track Location for user internalUser909
2022-10-03 09:59:08.311  INFO 38196 --- [ool-10-thread-1] tourGuide.service.TourGuideService       : Track Location for user internalUser907
2022-10-03 09:59:08.311  INFO 38196 --- [ool-10-thread-1] tourGuide.service.TourGuideService       : Track Location for user internalUser908
2022-10-03 09:59:08.312  INFO 38196 --- [ool-10-thread-1] tourGuide.service.TourGuideService       : Track Location for user internalUser916
2022-10-03 09:59:08.312  INFO 38196 --- [ool-10-thread-1] tourGuide.service.TourGuideService       : Track Location for user internalUser917
2022-10-03 09:59:08.312  INFO 38196 --- [ool-10-thread-1] tourGuide.service.TourGuideService       : Track Location for user internalUser914
2022-10-03 09:59:08.312  INFO 38196 --- [ool-10-thread-1] tourGuide.service.TourGuideService       : Track Location for user internalUser915
2022-10-03 09:59:08.312  INFO 38196 --- [ool-10-thread-1] tourGuide.service.TourGuideService       : Track Location for user internalUser912
2022-10-03 09:59:08.312  INFO 38196 --- [ool-10-thread-1] tourGuide.service.TourGuideService       : Track Location for user internalUser913
2022-10-03 09:59:08.313  INFO 38196 --- [ool-10-thread-1] tourGuide.service.TourGuideService       : Track Location for user internalUser910
2022-10-03 09:59:08.313  INFO 38196 --- [ool-10-thread-1] tourGuide.service.TourGuideService       : Track Location for user internalUser911
2022-10-03 09:59:08.313  INFO 38196 --- [ool-10-thread-1] tourGuide.service.TourGuideService       : Track Location for user internalUser918
2022-10-03 09:59:08.313  INFO 38196 --- [ool-10-thread-1] tourGuide.service.TourGuideService       : Track Location for user internalUser919
2022-10-03 09:59:08.313 DEBUG 38196 --- [ool-10-thread-1] tourGuide.tracker.Tracker                : Tracker Time Elapsed: 0 seconds.
2022-10-03 09:59:08.313 DEBUG 38196 --- [ool-10-thread-1] tourGuide.tracker.Tracker                : Tracker sleeping
Calcul reward: 1047
highVolumeGetRewards: Time Elapsed: 3 seconds.
]]></system-out>
  <system-err><![CDATA[]]></system-err>
</testsuite>
